INFO:root:Using: cuda:0
INFO:root:Using seed 1234.
INFO:root:MDModel(
  (encoder): HGCN(
    (layers): Sequential(
      (0): HyperbolicGraphConvolution(
        (linear): HypLinear(
          in_features=4159, out_features=10, c=Parameter containing:
          tensor([-1.], requires_grad=True)
        )
        (agg): HypAgg(
          c=Parameter containing:
          tensor([-1.], requires_grad=True)
        )
        (hyp_act): HypAct(
          c_in=Parameter containing:
          tensor([-1.], requires_grad=True), c_out=Parameter containing:
          tensor([-1.], requires_grad=True)
        )
      )
    )
  )
  (decoder): MDDecoder()
)
INFO:root:Total number of parameters: 41602
/workspace/anaconda3/envs/geo/lib/python3.7/site-packages/torch/optim/lr_scheduler.py:370: UserWarning: To get the last learning rate computed by the scheduler, please use `get_last_lr()`.
  "please use `get_last_lr()`.", UserWarning)
INFO:root:Epoch: 0005 lr: 0.01 train_loss: 211131.1250 train_distortion: 0.7786 train_mapscore: 0.0614 train_c: -1.0001 train_max_dist: 2.4849 train_imax: -0.0000 train_imin: -1.2075 time: 3.2160s
INFO:root:Epoch: 0010 lr: 0.01 train_loss: 204596.9531 train_distortion: 0.7150 train_mapscore: 0.1385 train_c: -1.0006 train_max_dist: 3.4559 train_imax: -0.0000 train_imin: -1.1147 time: 2.9448s
INFO:root:Epoch: 0015 lr: 0.01 train_loss: 201891.9375 train_distortion: 0.6917 train_mapscore: 0.1815 train_c: -1.0011 train_max_dist: 3.7470 train_imax: -0.0000 train_imin: -1.1114 time: 2.8851s
INFO:root:Epoch: 0020 lr: 0.01 train_loss: 199825.2031 train_distortion: 0.6753 train_mapscore: 0.2040 train_c: -1.0017 train_max_dist: 3.9673 train_imax: -0.0000 train_imin: -1.0922 time: 2.8145s
INFO:root:Epoch: 0025 lr: 0.01 train_loss: 197932.2656 train_distortion: 0.6601 train_mapscore: 0.2164 train_c: -1.0022 train_max_dist: 4.8975 train_imax: 0.0054 train_imin: -1.0902 time: 2.7279s
INFO:root:Epoch: 0030 lr: 0.01 train_loss: 196025.0000 train_distortion: 0.6435 train_mapscore: 0.2319 train_c: -1.0028 train_max_dist: 6.3065 train_imax: 0.0937 train_imin: -1.0902 time: 2.7121s
INFO:root:Epoch: 0035 lr: 0.01 train_loss: 193944.8906 train_distortion: 0.6237 train_mapscore: 0.2388 train_c: -1.0034 train_max_dist: 8.3751 train_imax: 0.1952 train_imin: -1.1122 time: 2.7265s
INFO:root:Epoch: 0040 lr: 0.01 train_loss: 191573.0625 train_distortion: 0.5994 train_mapscore: 0.2517 train_c: -1.0039 train_max_dist: 9.7695 train_imax: 0.3119 train_imin: -1.1713 time: 2.7032s
INFO:root:Epoch: 0045 lr: 0.01 train_loss: 188781.3438 train_distortion: 0.5700 train_mapscore: 0.2537 train_c: -1.0045 train_max_dist: 9.8359 train_imax: 0.4509 train_imin: -1.2323 time: 2.7226s
INFO:root:Epoch: 0050 lr: 0.01 train_loss: 185407.0938 train_distortion: 0.5338 train_mapscore: 0.2558 train_c: -1.0050 train_max_dist: 10.0000 train_imax: 0.5639 train_imin: -1.3109 time: 2.7101s
INFO:root:Epoch: 0055 lr: 0.01 train_loss: 181198.1250 train_distortion: 0.4878 train_mapscore: 0.2568 train_c: -1.0055 train_max_dist: 10.0000 train_imax: 0.6414 train_imin: -1.3429 time: 2.6540s
INFO:root:Epoch: 0060 lr: 0.01 train_loss: 175909.5469 train_distortion: 0.4299 train_mapscore: 0.2549 train_c: -1.0059 train_max_dist: 10.1250 train_imax: 0.6510 train_imin: -1.3860 time: 2.6339s
INFO:root:Epoch: 0065 lr: 0.01 train_loss: 169644.9688 train_distortion: 0.3633 train_mapscore: 0.2543 train_c: -1.0062 train_max_dist: 10.5000 train_imax: 0.8299 train_imin: -1.2794 time: 2.6402s
INFO:root:Epoch: 0070 lr: 0.01 train_loss: 162883.5000 train_distortion: 0.3006 train_mapscore: 0.2585 train_c: -1.0064 train_max_dist: 10.5000 train_imax: 0.9178 train_imin: -1.3456 time: 2.6311s
INFO:root:Epoch: 0075 lr: 0.01 train_loss: 155081.5938 train_distortion: 0.2590 train_mapscore: 0.2557 train_c: -1.0063 train_max_dist: 12.0000 train_imax: 0.9611 train_imin: -1.5853 time: 2.7272s
INFO:root:Epoch: 0080 lr: 0.01 train_loss: 143888.1094 train_distortion: 0.2121 train_mapscore: 0.2715 train_c: -1.0059 train_max_dist: 13.4687 train_imax: 1.2774 train_imin: -1.8874 time: 2.7511s
INFO:root:Epoch: 0085 lr: 0.01 train_loss: 130308.8750 train_distortion: 0.1847 train_mapscore: 0.3085 train_c: -1.0053 train_max_dist: 16.0000 train_imax: 2.6101 train_imin: -1.9169 time: 2.7566s
INFO:root:Epoch: 0090 lr: 0.01 train_loss: 117069.9688 train_distortion: 0.2215 train_mapscore: 0.3371 train_c: -1.0046 train_max_dist: 16.7058 train_imax: 3.5695 train_imin: -4.1612 time: 2.7659s
INFO:root:Epoch: 0095 lr: 0.01 train_loss: 109670.4062 train_distortion: 0.3441 train_mapscore: 0.2877 train_c: -1.0038 train_max_dist: 20.0000 train_imax: 5.6735 train_imin: -3.6262 time: 2.7978s
INFO:root:Epoch: 0100 lr: 0.01 train_loss: 98822.3906 train_distortion: 0.5781 train_mapscore: 0.3121 train_c: -1.0031 train_max_dist: 20.7563 train_imax: 8.5088 train_imin: -4.4971 time: 2.8017s
INFO:root:Epoch: 0105 lr: 0.01 train_loss: 109921.3438 train_distortion: 0.8891 train_mapscore: 0.2169 train_c: -1.0023 train_max_dist: 21.8044 train_imax: 16.0538 train_imin: -6.8768 time: 2.9102s
INFO:root:Epoch: 0110 lr: 0.01 train_loss: 118065.4688 train_distortion: 1.0508 train_mapscore: 0.1725 train_c: -1.0018 train_max_dist: 23.3567 train_imax: 20.6859 train_imin: -9.6319 time: 2.9470s
INFO:root:Epoch: 0115 lr: 0.01 train_loss: 111843.5703 train_distortion: 1.1151 train_mapscore: 0.1857 train_c: -1.0014 train_max_dist: 32.0000 train_imax: 20.3782 train_imin: -9.8452 time: 2.9156s
INFO:root:Epoch: 0120 lr: 0.01 train_loss: 104318.6953 train_distortion: 1.1539 train_mapscore: 0.2173 train_c: -1.0011 train_max_dist: 32.0000 train_imax: 18.9303 train_imin: -9.3059 time: 2.8570s
INFO:root:Epoch: 0125 lr: 0.01 train_loss: 98328.0312 train_distortion: 1.2387 train_mapscore: 0.2465 train_c: -1.0009 train_max_dist: 40.0000 train_imax: 19.4238 train_imin: -9.1008 time: 2.8355s
INFO:root:Epoch: 0130 lr: 0.01 train_loss: 93293.5312 train_distortion: 1.3916 train_mapscore: 0.2837 train_c: -1.0006 train_max_dist: 25.2432 train_imax: 20.5238 train_imin: -9.2373 time: 2.8234s
INFO:root:Epoch: 0135 lr: 0.01 train_loss: 95003.1641 train_distortion: 1.5628 train_mapscore: 0.2660 train_c: -1.0004 train_max_dist: 25.8935 train_imax: 22.1554 train_imin: -9.5531 time: 2.8480s
INFO:root:Epoch: 0140 lr: 0.01 train_loss: 94824.7891 train_distortion: 1.6626 train_mapscore: 0.2736 train_c: -1.0002 train_max_dist: 26.1870 train_imax: 22.8417 train_imin: -10.6321 time: 2.8687s
INFO:root:Epoch: 0145 lr: 0.01 train_loss: 93985.9375 train_distortion: 1.6777 train_mapscore: 0.2818 train_c: -1.0001 train_max_dist: 26.3832 train_imax: 22.5965 train_imin: -11.6482 time: 2.8618s
INFO:root:Epoch: 0150 lr: 0.01 train_loss: 91335.5000 train_distortion: 1.6957 train_mapscore: 0.3007 train_c: -1.0000 train_max_dist: 26.6303 train_imax: 22.6041 train_imin: -11.0594 time: 2.8150s
INFO:root:Epoch: 0155 lr: 0.01 train_loss: 89758.8047 train_distortion: 1.7606 train_mapscore: 0.3098 train_c: -0.9998 train_max_dist: 26.8969 train_imax: 23.2563 train_imin: -10.7208 time: 2.8148s
INFO:root:Epoch: 0160 lr: 0.01 train_loss: 87081.7969 train_distortion: 1.8899 train_mapscore: 0.3312 train_c: -0.9997 train_max_dist: 27.2656 train_imax: 24.5598 train_imin: -10.8458 time: 2.8059s
INFO:root:Epoch: 0165 lr: 0.01 train_loss: 83424.8906 train_distortion: 2.0686 train_mapscore: 0.3692 train_c: -0.9995 train_max_dist: 32.0000 train_imax: 26.2437 train_imin: -11.4410 time: 2.8027s
INFO:root:Epoch: 0170 lr: 0.01 train_loss: 81732.9609 train_distortion: 2.2459 train_mapscore: 0.3895 train_c: -0.9993 train_max_dist: 28.2582 train_imax: 27.5242 train_imin: -15.7759 time: 2.8351s
INFO:root:Epoch: 0175 lr: 0.01 train_loss: 81848.2578 train_distortion: 2.4607 train_mapscore: 0.3747 train_c: -0.9992 train_max_dist: 28.6631 train_imax: 29.4110 train_imin: -12.6692 time: 2.8411s
INFO:root:Epoch: 0180 lr: 0.01 train_loss: 78557.5000 train_distortion: 2.6670 train_mapscore: 0.4205 train_c: -0.9991 train_max_dist: 29.1833 train_imax: 30.9552 train_imin: -13.1011 time: 2.8256s
INFO:root:Epoch: 0185 lr: 0.01 train_loss: 74843.9922 train_distortion: 2.9070 train_mapscore: 0.4680 train_c: -0.9989 train_max_dist: 29.7170 train_imax: 32.6251 train_imin: -14.2082 time: 2.8249s
INFO:root:Epoch: 0190 lr: 0.01 train_loss: 72705.5234 train_distortion: 3.1885 train_mapscore: 0.4911 train_c: -0.9987 train_max_dist: 32.0000 train_imax: 34.5597 train_imin: -14.5858 time: 2.7960s
INFO:root:Epoch: 0195 lr: 0.01 train_loss: 70241.0156 train_distortion: 3.4971 train_mapscore: 0.5236 train_c: -0.9985 train_max_dist: 30.9789 train_imax: 36.7367 train_imin: -15.2620 time: 2.8165s
INFO:root:Epoch: 0200 lr: 0.01 train_loss: 72465.0625 train_distortion: 3.7226 train_mapscore: 0.4736 train_c: -0.9984 train_max_dist: 31.4125 train_imax: 38.2223 train_imin: -16.5701 time: 2.8527s
INFO:root:Epoch: 0205 lr: 0.01 train_loss: 71879.0703 train_distortion: 3.8753 train_mapscore: 0.4867 train_c: -0.9983 train_max_dist: 32.0000 train_imax: 39.4002 train_imin: -16.0800 time: 2.8503s
INFO:root:Epoch: 0210 lr: 0.01 train_loss: 71614.1250 train_distortion: 3.9870 train_mapscore: 0.4854 train_c: -0.9981 train_max_dist: 32.0615 train_imax: 39.9581 train_imin: -18.5815 time: 2.8183s
INFO:root:Epoch: 0215 lr: 0.01 train_loss: 69543.8594 train_distortion: 4.1144 train_mapscore: 0.5122 train_c: -0.9980 train_max_dist: 32.3416 train_imax: 40.9036 train_imin: -17.0409 time: 2.8161s
INFO:root:Epoch: 0220 lr: 0.01 train_loss: 66524.1016 train_distortion: 4.3064 train_mapscore: 0.5596 train_c: -0.9978 train_max_dist: 32.5596 train_imax: 42.2626 train_imin: -15.4385 time: 2.8091s
INFO:root:Epoch: 0225 lr: 0.01 train_loss: 63569.5664 train_distortion: 4.5901 train_mapscore: 0.6042 train_c: -0.9977 train_max_dist: 33.1184 train_imax: 44.3376 train_imin: -16.7935 time: 2.8065s
INFO:root:Epoch: 0230 lr: 0.01 train_loss: 62514.7891 train_distortion: 4.9597 train_mapscore: 0.6205 train_c: -0.9975 train_max_dist: 33.8803 train_imax: 46.8826 train_imin: -17.5821 time: 2.8134s
INFO:root:Epoch: 0235 lr: 0.01 train_loss: 61355.9062 train_distortion: 5.3517 train_mapscore: 0.6352 train_c: -0.9973 train_max_dist: 34.7345 train_imax: 49.7945 train_imin: -18.3012 time: 2.8387s
INFO:root:Epoch: 0240 lr: 0.01 train_loss: 61899.6172 train_distortion: 5.7041 train_mapscore: 0.6180 train_c: -0.9971 train_max_dist: 35.0267 train_imax: 52.5252 train_imin: -18.9137 time: 2.8194s
INFO:root:Epoch: 0245 lr: 0.01 train_loss: 69223.8125 train_distortion: 5.9067 train_mapscore: 0.5178 train_c: -0.9969 train_max_dist: 35.5645 train_imax: 53.8386 train_imin: -29.5714 time: 2.8046s
INFO:root:Epoch: 0250 lr: 0.01 train_loss: 67440.5938 train_distortion: 5.8370 train_mapscore: 0.5443 train_c: -0.9968 train_max_dist: 35.7186 train_imax: 53.1129 train_imin: -29.1191 time: 2.7876s
INFO:root:Epoch: 0255 lr: 0.01 train_loss: 70682.5547 train_distortion: 5.6824 train_mapscore: 0.4951 train_c: -0.9967 train_max_dist: 35.8005 train_imax: 51.3001 train_imin: -31.4576 time: 2.7897s
INFO:root:Epoch: 0260 lr: 0.01 train_loss: 83314.3125 train_distortion: 5.1393 train_mapscore: 0.3821 train_c: -0.9967 train_max_dist: 35.1442 train_imax: 46.7484 train_imin: -53.2034 time: 2.8421s
INFO:root:Epoch: 0265 lr: 0.01 train_loss: 83967.0781 train_distortion: 4.3039 train_mapscore: 0.3714 train_c: -0.9967 train_max_dist: 33.6715 train_imax: 40.9372 train_imin: -37.5519 time: 2.8454s
INFO:root:Epoch: 0270 lr: 0.01 train_loss: 79580.6875 train_distortion: 3.6869 train_mapscore: 0.4010 train_c: -0.9966 train_max_dist: 32.6477 train_imax: 36.7482 train_imin: -28.4912 time: 2.8436s
INFO:root:Epoch: 0275 lr: 0.01 train_loss: 76960.5000 train_distortion: 3.4488 train_mapscore: 0.4344 train_c: -0.9964 train_max_dist: 32.2038 train_imax: 35.5231 train_imin: -25.8047 time: 2.8045s
INFO:root:Epoch: 0280 lr: 0.01 train_loss: 74789.6562 train_distortion: 3.4969 train_mapscore: 0.4677 train_c: -0.9962 train_max_dist: 32.2431 train_imax: 36.4074 train_imin: -25.0350 time: 2.8280s
INFO:root:Epoch: 0285 lr: 0.01 train_loss: 71376.6797 train_distortion: 3.7182 train_mapscore: 0.5095 train_c: -0.9960 train_max_dist: 32.4151 train_imax: 38.2491 train_imin: -25.3998 time: 2.7945s
INFO:root:Epoch: 0290 lr: 0.01 train_loss: 68007.0078 train_distortion: 4.0871 train_mapscore: 0.5640 train_c: -0.9957 train_max_dist: 32.9340 train_imax: 41.2586 train_imin: -26.7861 time: 2.7957s
INFO:root:Epoch: 0295 lr: 0.01 train_loss: 64626.3164 train_distortion: 4.5657 train_mapscore: 0.6104 train_c: -0.9955 train_max_dist: 33.7097 train_imax: 44.9044 train_imin: -29.2728 time: 2.8519s
INFO:root:Epoch: 0300 lr: 0.01 train_loss: 61827.5352 train_distortion: 5.1460 train_mapscore: 0.6577 train_c: -0.9952 train_max_dist: 34.9582 train_imax: 49.3863 train_imin: -31.9735 time: 2.8487s
INFO:root:Epoch: 0305 lr: 0.01 train_loss: 60724.5312 train_distortion: 5.7549 train_mapscore: 0.6724 train_c: -0.9949 train_max_dist: 35.9539 train_imax: 54.0281 train_imin: -34.7962 time: 2.8079s
INFO:root:Epoch: 0310 lr: 0.01 train_loss: 58641.2188 train_distortion: 6.3530 train_mapscore: 0.7081 train_c: -0.9947 train_max_dist: 37.0482 train_imax: 58.4795 train_imin: -37.6827 time: 2.8126s
INFO:root:Epoch: 0315 lr: 0.01 train_loss: 74390.4062 train_distortion: 6.8136 train_mapscore: 0.4982 train_c: -0.9944 train_max_dist: 38.1016 train_imax: 61.9571 train_imin: -40.2448 time: 2.8059s
INFO:root:Epoch: 0320 lr: 0.01 train_loss: 96388.2578 train_distortion: 6.1234 train_mapscore: 0.3374 train_c: -0.9944 train_max_dist: 37.3593 train_imax: 57.0470 train_imin: -44.3192 time: 2.8428s
INFO:root:Epoch: 0325 lr: 0.01 train_loss: 93897.0391 train_distortion: 4.7302 train_mapscore: 0.3235 train_c: -0.9943 train_max_dist: 35.5106 train_imax: 46.9102 train_imin: -47.7335 time: 2.8917s
INFO:root:Epoch: 0330 lr: 0.01 train_loss: 89141.4375 train_distortion: 3.6070 train_mapscore: 0.3347 train_c: -0.9943 train_max_dist: 33.6033 train_imax: 38.2651 train_imin: -26.5135 time: 2.8663s
INFO:root:Epoch: 0335 lr: 0.01 train_loss: 87460.2656 train_distortion: 2.9539 train_mapscore: 0.3456 train_c: -0.9942 train_max_dist: 32.1554 train_imax: 33.7290 train_imin: -22.3751 time: 2.8466s
INFO:root:Epoch: 0340 lr: 0.01 train_loss: 84493.5938 train_distortion: 2.7677 train_mapscore: 0.3803 train_c: -0.9940 train_max_dist: 31.6444 train_imax: 32.6635 train_imin: -18.1572 time: 2.8234s
INFO:root:Epoch: 0345 lr: 0.01 train_loss: 80566.3984 train_distortion: 2.8938 train_mapscore: 0.4186 train_c: -0.9937 train_max_dist: 31.7899 train_imax: 33.9519 train_imin: -16.6308 time: 2.8246s
INFO:root:Epoch: 0350 lr: 0.01 train_loss: 81033.2500 train_distortion: 3.1643 train_mapscore: 0.4000 train_c: -0.9935 train_max_dist: 32.3282 train_imax: 36.0832 train_imin: -18.3365 time: 2.8169s
INFO:root:Epoch: 0355 lr: 0.01 train_loss: 114967.0547 train_distortion: 2.2513 train_mapscore: 0.2141 train_c: -0.9940 train_max_dist: 30.1599 train_imax: 28.4866 train_imin: -17.6219 time: 2.9119s
INFO:root:Epoch: 0360 lr: 0.01 train_loss: 137925.1250 train_distortion: 1.2367 train_mapscore: 0.1365 train_c: -0.9944 train_max_dist: 26.9797 train_imax: 20.1113 train_imin: -14.1468 time: 3.0480s
INFO:root:Epoch: 0365 lr: 0.01 train_loss: 144970.1250 train_distortion: 0.7319 train_mapscore: 0.1166 train_c: -0.9946 train_max_dist: 25.1605 train_imax: 15.4438 train_imin: -12.4064 time: 3.0755s
INFO:root:Epoch: 0370 lr: 0.01 train_loss: 148646.0156 train_distortion: 0.5316 train_mapscore: 0.1047 train_c: -0.9946 train_max_dist: 23.8820 train_imax: 13.6426 train_imin: -11.9355 time: 3.1427s
INFO:root:Epoch: 0375 lr: 0.01 train_loss: 149413.1562 train_distortion: 0.4667 train_mapscore: 0.1016 train_c: -0.9945 train_max_dist: 23.2887 train_imax: 12.8505 train_imin: -11.8116 time: 3.1407s
INFO:root:Epoch: 0380 lr: 0.01 train_loss: 148459.0625 train_distortion: 0.5041 train_mapscore: 0.1031 train_c: -0.9943 train_max_dist: 23.5143 train_imax: 13.3165 train_imin: -12.7345 time: 3.1634s
INFO:root:Epoch: 0385 lr: 0.01 train_loss: 146486.0312 train_distortion: 0.5427 train_mapscore: 0.1071 train_c: -0.9941 train_max_dist: 23.8099 train_imax: 15.2907 train_imin: -13.4362 time: 3.2037s
INFO:root:Epoch: 0390 lr: 0.01 train_loss: 143935.2500 train_distortion: 0.5813 train_mapscore: 0.1149 train_c: -0.9939 train_max_dist: 24.0738 train_imax: 16.5330 train_imin: -13.9704 time: 3.1801s
INFO:root:Epoch: 0395 lr: 0.01 train_loss: 141181.2812 train_distortion: 0.6184 train_mapscore: 0.1206 train_c: -0.9937 train_max_dist: 24.2896 train_imax: 17.2592 train_imin: -14.3593 time: 3.1650s
INFO:root:Epoch: 0400 lr: 0.01 train_loss: 138377.5781 train_distortion: 0.6582 train_mapscore: 0.1301 train_c: -0.9935 train_max_dist: 24.5085 train_imax: 17.8081 train_imin: -14.6440 time: 3.1179s
INFO:root:Epoch: 0405 lr: 0.01 train_loss: 135714.4688 train_distortion: 0.6995 train_mapscore: 0.1358 train_c: -0.9934 train_max_dist: 24.7581 train_imax: 18.2622 train_imin: -14.8359 time: 3.0950s
INFO:root:Epoch: 0410 lr: 0.01 train_loss: 133229.8594 train_distortion: 0.7430 train_mapscore: 0.1445 train_c: -0.9932 train_max_dist: 25.0298 train_imax: 18.6707 train_imin: -15.0586 time: 3.0848s
INFO:root:Epoch: 0415 lr: 0.01 train_loss: 130848.8125 train_distortion: 0.7820 train_mapscore: 0.1566 train_c: -0.9930 train_max_dist: 25.2463 train_imax: 19.0130 train_imin: -15.2435 time: 3.0651s
INFO:root:Epoch: 0420 lr: 0.01 train_loss: 128656.9062 train_distortion: 0.8204 train_mapscore: 0.1642 train_c: -0.9928 train_max_dist: 25.4592 train_imax: 19.3369 train_imin: -15.3659 time: 3.0829s
INFO:root:Epoch: 0425 lr: 0.01 train_loss: 126555.3047 train_distortion: 0.8599 train_mapscore: 0.1751 train_c: -0.9927 train_max_dist: 25.6844 train_imax: 19.6730 train_imin: -15.4267 time: 3.0673s
INFO:root:Epoch: 0430 lr: 0.01 train_loss: 124667.2188 train_distortion: 0.8834 train_mapscore: 0.1852 train_c: -0.9926 train_max_dist: 25.8082 train_imax: 19.8447 train_imin: -15.3905 time: 3.0371s
INFO:root:Epoch: 0435 lr: 0.01 train_loss: 122909.1328 train_distortion: 0.9276 train_mapscore: 0.1944 train_c: -0.9924 train_max_dist: 26.0501 train_imax: 20.2183 train_imin: -15.5911 time: 3.0027s
INFO:root:Epoch: 0440 lr: 0.01 train_loss: 121251.8984 train_distortion: 0.9727 train_mapscore: 0.2040 train_c: -0.9923 train_max_dist: 26.2745 train_imax: 20.5874 train_imin: -15.6960 time: 2.9894s
INFO:root:Epoch: 0445 lr: 0.01 train_loss: 119667.6875 train_distortion: 1.0189 train_mapscore: 0.2145 train_c: -0.9922 train_max_dist: 26.4906 train_imax: 20.9762 train_imin: -15.7243 time: 3.0128s
INFO:root:Epoch: 0450 lr: 0.01 train_loss: 118066.1406 train_distortion: 1.0689 train_mapscore: 0.2331 train_c: -0.9920 train_max_dist: 26.7440 train_imax: 21.3870 train_imin: -15.8018 time: 3.0390s
INFO:root:Epoch: 0455 lr: 0.01 train_loss: 116617.4375 train_distortion: 1.1089 train_mapscore: 0.2352 train_c: -0.9919 train_max_dist: 26.9716 train_imax: 21.6826 train_imin: -15.7591 time: 3.0050s
INFO:root:Epoch: 0460 lr: 0.01 train_loss: 115822.6406 train_distortion: 1.1387 train_mapscore: 0.2175 train_c: -0.9918 train_max_dist: 27.0657 train_imax: 21.8633 train_imin: -15.4076 time: 2.9672s
INFO:root:Epoch: 0465 lr: 0.01 train_loss: 114934.9922 train_distortion: 1.1722 train_mapscore: 0.2242 train_c: -0.9917 train_max_dist: 27.2064 train_imax: 22.0746 train_imin: -15.1095 time: 2.9648s
INFO:root:Epoch: 0470 lr: 0.01 train_loss: 113508.0000 train_distortion: 1.2112 train_mapscore: 0.2393 train_c: -0.9916 train_max_dist: 27.3754 train_imax: 22.3298 train_imin: -14.9827 time: 2.9638s
INFO:root:Epoch: 0475 lr: 0.01 train_loss: 112224.5312 train_distortion: 1.2560 train_mapscore: 0.2483 train_c: -0.9915 train_max_dist: 27.6067 train_imax: 22.6351 train_imin: -14.8010 time: 2.9536s
INFO:root:Epoch: 0480 lr: 0.01 train_loss: 111099.6484 train_distortion: 1.2947 train_mapscore: 0.2528 train_c: -0.9914 train_max_dist: 27.8185 train_imax: 22.9023 train_imin: -14.5483 time: 2.9852s
INFO:root:Epoch: 0485 lr: 0.01 train_loss: 109892.7969 train_distortion: 1.3345 train_mapscore: 0.2661 train_c: -0.9913 train_max_dist: 28.0430 train_imax: 23.1617 train_imin: -14.4186 time: 2.9845s
INFO:root:Epoch: 0490 lr: 0.01 train_loss: 108658.6719 train_distortion: 1.3872 train_mapscore: 0.2814 train_c: -0.9912 train_max_dist: 28.2813 train_imax: 23.5081 train_imin: -14.5191 time: 2.9424s
INFO:root:Epoch: 0495 lr: 0.01 train_loss: 107495.7500 train_distortion: 1.4458 train_mapscore: 0.2964 train_c: -0.9911 train_max_dist: 28.5348 train_imax: 23.8705 train_imin: -14.4954 time: 2.9377s
INFO:root:Epoch: 0500 lr: 0.01 train_loss: 106332.5156 train_distortion: 1.5001 train_mapscore: 0.3095 train_c: -0.9910 train_max_dist: 28.7583 train_imax: 24.2010 train_imin: -14.3736 time: 2.9378s
INFO:root:Epoch: 0505 lr: 0.01 train_loss: 105194.1484 train_distortion: 1.5491 train_mapscore: 0.3265 train_c: -0.9909 train_max_dist: 28.9635 train_imax: 24.4430 train_imin: -14.2783 time: 2.9134s
INFO:root:Epoch: 0510 lr: 0.01 train_loss: 104187.9062 train_distortion: 1.6057 train_mapscore: 0.3410 train_c: -0.9908 train_max_dist: 29.1696 train_imax: 24.7695 train_imin: -14.2585 time: 2.9479s
INFO:root:Epoch: 0515 lr: 0.01 train_loss: 103177.6172 train_distortion: 1.6622 train_mapscore: 0.3536 train_c: -0.9908 train_max_dist: 29.3734 train_imax: 25.1123 train_imin: -14.4222 time: 2.9655s
INFO:root:Epoch: 0520 lr: 0.01 train_loss: 102214.1953 train_distortion: 1.7269 train_mapscore: 0.3711 train_c: -0.9907 train_max_dist: 29.6042 train_imax: 25.5181 train_imin: -14.5664 time: 2.9574s
INFO:root:Epoch: 0525 lr: 0.01 train_loss: 101945.5938 train_distortion: 1.7955 train_mapscore: 0.3499 train_c: -0.9906 train_max_dist: 29.7779 train_imax: 26.0305 train_imin: -14.6072 time: 2.9174s
INFO:root:Epoch: 0530 lr: 0.01 train_loss: 101052.0312 train_distortion: 1.8570 train_mapscore: 0.3627 train_c: -0.9905 train_max_dist: 29.9992 train_imax: 26.3695 train_imin: -14.8623 time: 2.8995s
INFO:root:Epoch: 0535 lr: 0.01 train_loss: 99981.8281 train_distortion: 1.9066 train_mapscore: 0.3717 train_c: -0.9904 train_max_dist: 30.1978 train_imax: 26.5595 train_imin: -15.1267 time: 2.8952s
INFO:root:Epoch: 0540 lr: 0.01 train_loss: 99150.8750 train_distortion: 1.9674 train_mapscore: 0.3827 train_c: -0.9904 train_max_dist: 30.4213 train_imax: 26.7926 train_imin: -15.3000 time: 2.8900s
INFO:root:Epoch: 0545 lr: 0.01 train_loss: 98249.8125 train_distortion: 2.0343 train_mapscore: 0.4026 train_c: -0.9903 train_max_dist: 30.6370 train_imax: 27.1368 train_imin: -15.7319 time: 2.9281s
INFO:root:Epoch: 0550 lr: 0.01 train_loss: 97293.8438 train_distortion: 2.1042 train_mapscore: 0.4214 train_c: -0.9902 train_max_dist: 30.8674 train_imax: 27.5504 train_imin: -16.1853 time: 2.9186s
INFO:root:Epoch: 0555 lr: 0.01 train_loss: 96362.0312 train_distortion: 2.1706 train_mapscore: 0.4399 train_c: -0.9901 train_max_dist: 48.0000 train_imax: 27.9464 train_imin: -16.4952 time: 2.8893s
INFO:root:Epoch: 0560 lr: 0.01 train_loss: 95436.9531 train_distortion: 2.2414 train_mapscore: 0.4554 train_c: -0.9900 train_max_dist: 31.3490 train_imax: 28.4082 train_imin: -16.8416 time: 2.9034s
INFO:root:Epoch: 0565 lr: 0.01 train_loss: 94565.1250 train_distortion: 2.3212 train_mapscore: 0.4790 train_c: -0.9900 train_max_dist: 31.5975 train_imax: 28.9423 train_imin: -17.2389 time: 2.8846s
INFO:root:Epoch: 0570 lr: 0.01 train_loss: 93743.6172 train_distortion: 2.4033 train_mapscore: 0.4963 train_c: -0.9899 train_max_dist: 31.8688 train_imax: 29.4760 train_imin: -17.6114 time: 2.8962s
INFO:root:Epoch: 0575 lr: 0.01 train_loss: 93042.4844 train_distortion: 2.4769 train_mapscore: 0.5025 train_c: -0.9898 train_max_dist: 32.0787 train_imax: 29.9120 train_imin: -17.9254 time: 2.9056s
INFO:root:Epoch: 0580 lr: 0.01 train_loss: 93059.1719 train_distortion: 2.5360 train_mapscore: 0.4477 train_c: -0.9898 train_max_dist: 32.2807 train_imax: 30.4628 train_imin: -20.8233 time: 2.9284s
INFO:root:Epoch: 0585 lr: 0.01 train_loss: 92933.4297 train_distortion: 2.5766 train_mapscore: 0.4349 train_c: -0.9897 train_max_dist: 32.4228 train_imax: 30.9042 train_imin: -26.1833 time: 2.8922s
INFO:root:Epoch: 0590 lr: 0.01 train_loss: 92255.8750 train_distortion: 2.6255 train_mapscore: 0.4483 train_c: -0.9897 train_max_dist: 32.5716 train_imax: 31.3472 train_imin: -26.5687 time: 2.8693s
INFO:root:Epoch: 0595 lr: 0.01 train_loss: 91425.9844 train_distortion: 2.6914 train_mapscore: 0.4668 train_c: -0.9896 train_max_dist: 32.7463 train_imax: 31.9617 train_imin: -26.0884 time: 2.8714s
INFO:root:Epoch: 0600 lr: 0.01 train_loss: 90545.5469 train_distortion: 2.7755 train_mapscore: 0.4896 train_c: -0.9896 train_max_dist: 32.9723 train_imax: 32.7294 train_imin: -25.6650 time: 2.8994s
INFO:root:Epoch: 0605 lr: 0.01 train_loss: 90102.2109 train_distortion: 2.8747 train_mapscore: 0.4824 train_c: -0.9895 train_max_dist: 33.2432 train_imax: 33.6821 train_imin: -24.9710 time: 2.8983s
INFO:root:Epoch: 0610 lr: 0.01 train_loss: 89479.2422 train_distortion: 2.9683 train_mapscore: 0.4959 train_c: -0.9894 train_max_dist: 33.4784 train_imax: 34.6048 train_imin: -24.4330 time: 2.8936s
INFO:root:Epoch: 0615 lr: 0.01 train_loss: 89197.0703 train_distortion: 3.0236 train_mapscore: 0.4834 train_c: -0.9893 train_max_dist: 33.6316 train_imax: 35.0947 train_imin: -23.7532 time: 2.8639s
INFO:root:Epoch: 0620 lr: 0.01 train_loss: 89459.3906 train_distortion: 3.0706 train_mapscore: 0.4636 train_c: -0.9893 train_max_dist: 33.7532 train_imax: 35.4595 train_imin: -23.1573 time: 2.8654s
INFO:root:Epoch: 0625 lr: 0.01 train_loss: 88798.2344 train_distortion: 3.1409 train_mapscore: 0.4753 train_c: -0.9892 train_max_dist: 33.9279 train_imax: 36.0178 train_imin: -22.7096 time: 2.8600s
INFO:root:Epoch: 0630 lr: 0.01 train_loss: 87891.6406 train_distortion: 3.2205 train_mapscore: 0.4967 train_c: -0.9892 train_max_dist: 34.1255 train_imax: 36.6671 train_imin: -22.3977 time: 2.8607s
INFO:root:Epoch: 0635 lr: 0.01 train_loss: 87484.9375 train_distortion: 3.2888 train_mapscore: 0.4979 train_c: -0.9891 train_max_dist: 34.2909 train_imax: 37.2121 train_imin: -22.1165 time: 2.9139s
INFO:root:Epoch: 0640 lr: 0.01 train_loss: 86631.5078 train_distortion: 3.3709 train_mapscore: 0.5215 train_c: -0.9890 train_max_dist: 34.4344 train_imax: 37.9040 train_imin: -21.8348 time: 2.9090s
INFO:root:Epoch: 0645 lr: 0.01 train_loss: 85708.1641 train_distortion: 3.4601 train_mapscore: 0.5469 train_c: -0.9890 train_max_dist: 34.6433 train_imax: 38.6679 train_imin: -21.9799 time: 2.8880s
INFO:root:Epoch: 0650 lr: 0.01 train_loss: 86782.6719 train_distortion: 3.5203 train_mapscore: 0.5043 train_c: -0.9889 train_max_dist: 34.8068 train_imax: 39.3402 train_imin: -22.4757 time: 2.8528s
INFO:root:Epoch: 0655 lr: 0.01 train_loss: 85822.8516 train_distortion: 3.5961 train_mapscore: 0.5329 train_c: -0.9889 train_max_dist: 34.9649 train_imax: 39.9754 train_imin: -22.7564 time: 2.8534s
INFO:root:Epoch: 0660 lr: 0.01 train_loss: 84678.6484 train_distortion: 3.6857 train_mapscore: 0.5607 train_c: -0.9888 train_max_dist: 35.1298 train_imax: 40.7908 train_imin: -23.2509 time: 2.8500s
INFO:root:Epoch: 0665 lr: 0.01 train_loss: 84095.0000 train_distortion: 3.7954 train_mapscore: 0.5586 train_c: -0.9887 train_max_dist: 35.3875 train_imax: 41.7872 train_imin: -23.8438 time: 2.8448s
INFO:root:Epoch: 0670 lr: 0.01 train_loss: 106676.9297 train_distortion: 3.4715 train_mapscore: 0.2639 train_c: -0.9890 train_max_dist: 35.0628 train_imax: 38.6503 train_imin: -22.3322 time: 2.9364s
INFO:root:Epoch: 0675 lr: 0.01 train_loss: 106869.2500 train_distortion: 2.9394 train_mapscore: 0.2515 train_c: -0.9892 train_max_dist: 33.9624 train_imax: 34.2509 train_imin: -19.7341 time: 2.9242s
INFO:root:Epoch: 0680 lr: 0.01 train_loss: 103891.6484 train_distortion: 2.4483 train_mapscore: 0.2580 train_c: -0.9892 train_max_dist: 32.6607 train_imax: 30.2955 train_imin: -17.2422 time: 2.8940s
INFO:root:Epoch: 0685 lr: 0.01 train_loss: 101151.4375 train_distortion: 2.1730 train_mapscore: 0.2713 train_c: -0.9892 train_max_dist: 31.7139 train_imax: 28.0038 train_imin: -15.8077 time: 2.8936s
INFO:root:Epoch: 0690 lr: 0.01 train_loss: 98870.0625 train_distortion: 2.0895 train_mapscore: 0.2881 train_c: -0.9892 train_max_dist: 32.0000 train_imax: 27.1888 train_imin: -15.4184 time: 2.8644s
INFO:root:Epoch: 0695 lr: 0.01 train_loss: 96787.7031 train_distortion: 2.1656 train_mapscore: 0.3045 train_c: -0.9891 train_max_dist: 31.4320 train_imax: 27.6335 train_imin: -18.1256 time: 2.8558s
INFO:root:Epoch: 0700 lr: 0.01 train_loss: 94434.3359 train_distortion: 2.3222 train_mapscore: 0.3324 train_c: -0.9889 train_max_dist: 31.9058 train_imax: 28.8675 train_imin: -19.5172 time: 2.9147s
INFO:root:Epoch: 0705 lr: 0.01 train_loss: 92446.6641 train_distortion: 2.4886 train_mapscore: 0.3515 train_c: -0.9887 train_max_dist: 32.3846 train_imax: 30.2709 train_imin: -19.6197 time: 2.8971s
INFO:root:Epoch: 0710 lr: 0.01 train_loss: 90773.4609 train_distortion: 2.6642 train_mapscore: 0.3750 train_c: -0.9886 train_max_dist: 32.9166 train_imax: 31.7241 train_imin: -19.9956 time: 2.8569s
INFO:root:Epoch: 0715 lr: 0.01 train_loss: 89181.2578 train_distortion: 2.8505 train_mapscore: 0.4070 train_c: -0.9884 train_max_dist: 33.3612 train_imax: 33.3148 train_imin: -20.5907 time: 2.8360s
INFO:root:Epoch: 0720 lr: 0.01 train_loss: 89142.1328 train_distortion: 3.0201 train_mapscore: 0.3825 train_c: -0.9883 train_max_dist: 40.0000 train_imax: 34.6981 train_imin: -21.0030 time: 2.8288s
INFO:root:Epoch: 0725 lr: 0.01 train_loss: 89632.6328 train_distortion: 3.1347 train_mapscore: 0.3700 train_c: -0.9882 train_max_dist: 33.9258 train_imax: 35.5785 train_imin: -21.7223 time: 2.8304s
INFO:root:Epoch: 0730 lr: 0.01 train_loss: 88234.5156 train_distortion: 3.2043 train_mapscore: 0.3943 train_c: -0.9881 train_max_dist: 48.0000 train_imax: 36.2047 train_imin: -21.5546 time: 2.8641s
INFO:root:Epoch: 0735 lr: 0.01 train_loss: 86468.5391 train_distortion: 3.3001 train_mapscore: 0.4235 train_c: -0.9880 train_max_dist: 34.2058 train_imax: 37.0209 train_imin: -21.2688 time: 2.8530s
INFO:root:Epoch: 0740 lr: 0.01 train_loss: 84718.6094 train_distortion: 3.4422 train_mapscore: 0.4626 train_c: -0.9879 train_max_dist: 34.5054 train_imax: 38.1580 train_imin: -21.5659 time: 2.8167s
INFO:root:Epoch: 0745 lr: 0.01 train_loss: 83652.8438 train_distortion: 3.6109 train_mapscore: 0.4806 train_c: -0.9878 train_max_dist: 34.8900 train_imax: 39.4932 train_imin: -22.6318 time: 2.8221s
INFO:root:Epoch: 0750 lr: 0.01 train_loss: 83268.0859 train_distortion: 3.7945 train_mapscore: 0.4905 train_c: -0.9877 train_max_dist: 35.3049 train_imax: 40.9991 train_imin: -24.1369 time: 2.8160s
INFO:root:Epoch: 0755 lr: 0.01 train_loss: 81886.5000 train_distortion: 3.9483 train_mapscore: 0.5280 train_c: -0.9876 train_max_dist: 35.6582 train_imax: 42.4612 train_imin: -24.9415 time: 2.8170s
INFO:root:Epoch: 0760 lr: 0.01 train_loss: 80489.5781 train_distortion: 4.1165 train_mapscore: 0.5642 train_c: -0.9875 train_max_dist: 36.0272 train_imax: 44.0807 train_imin: -25.8463 time: 2.8479s
INFO:root:Epoch: 0765 lr: 0.01 train_loss: 81464.0234 train_distortion: 4.2565 train_mapscore: 0.5208 train_c: -0.9875 train_max_dist: 36.2966 train_imax: 45.4595 train_imin: -46.7471 time: 2.8541s
INFO:root:Epoch: 0770 lr: 0.01 train_loss: 80832.8828 train_distortion: 4.3757 train_mapscore: 0.5423 train_c: -0.9874 train_max_dist: 36.5612 train_imax: 46.5248 train_imin: -38.6189 time: 2.8525s
INFO:root:Epoch: 0775 lr: 0.01 train_loss: 79680.3594 train_distortion: 4.5075 train_mapscore: 0.5649 train_c: -0.9873 train_max_dist: 36.8452 train_imax: 47.6766 train_imin: -32.0610 time: 2.8450s
INFO:root:Epoch: 0780 lr: 0.01 train_loss: 97604.4219 train_distortion: 4.6244 train_mapscore: 0.3240 train_c: -0.9871 train_max_dist: 36.9884 train_imax: 48.7734 train_imin: -32.7179 time: 2.8348s
INFO:root:Epoch: 0785 lr: 0.01 train_loss: 104166.4766 train_distortion: 4.2314 train_mapscore: 0.2777 train_c: -0.9869 train_max_dist: 36.1786 train_imax: 45.6729 train_imin: -34.7966 time: 2.8566s
INFO:root:Epoch: 0790 lr: 0.01 train_loss: 100867.9453 train_distortion: 3.5646 train_mapscore: 0.2779 train_c: -0.9869 train_max_dist: 34.7366 train_imax: 40.3239 train_imin: -41.6322 time: 2.9089s
INFO:root:Epoch: 0795 lr: 0.01 train_loss: 97366.5938 train_distortion: 3.0468 train_mapscore: 0.2943 train_c: -0.9868 train_max_dist: 33.4499 train_imax: 35.9468 train_imin: -36.6561 time: 2.8808s
INFO:root:Epoch: 0800 lr: 0.01 train_loss: 101402.8672 train_distortion: 2.8539 train_mapscore: 0.2671 train_c: -0.9866 train_max_dist: 32.7187 train_imax: 34.5756 train_imin: -33.7006 time: 2.8859s
INFO:root:Epoch: 0805 lr: 0.01 train_loss: 116485.9219 train_distortion: 2.3134 train_mapscore: 0.1982 train_c: -0.9867 train_max_dist: 31.1084 train_imax: 30.1295 train_imin: -28.2928 time: 2.9042s
INFO:root:Epoch: 0810 lr: 0.01 train_loss: 141478.4219 train_distortion: 1.2763 train_mapscore: 0.1269 train_c: -0.9872 train_max_dist: 27.3739 train_imax: 20.3144 train_imin: -28.0202 time: 3.0443s
INFO:root:Epoch: 0815 lr: 0.01 train_loss: 149682.4062 train_distortion: 0.7306 train_mapscore: 0.1076 train_c: -0.9876 train_max_dist: 24.3012 train_imax: 14.5588 train_imin: -19.2407 time: 3.1246s
INFO:root:Epoch: 0820 lr: 0.01 train_loss: 152227.9688 train_distortion: 0.5085 train_mapscore: 0.1038 train_c: -0.9877 train_max_dist: 24.0000 train_imax: 11.6693 train_imin: -13.4606 time: 3.1570s
INFO:root:Epoch: 0825 lr: 0.01 train_loss: 152047.5938 train_distortion: 0.4501 train_mapscore: 0.1034 train_c: -0.9876 train_max_dist: 21.8191 train_imax: 10.6122 train_imin: -11.2726 time: 3.1986s
INFO:root:Epoch: 0830 lr: 0.01 train_loss: 150299.6562 train_distortion: 0.4750 train_mapscore: 0.1055 train_c: -0.9875 train_max_dist: 22.0110 train_imax: 10.6555 train_imin: -10.8837 time: 3.2004s
INFO:root:Epoch: 0835 lr: 0.01 train_loss: 147950.4062 train_distortion: 0.5450 train_mapscore: 0.1083 train_c: -0.9873 train_max_dist: 22.5677 train_imax: 11.2224 train_imin: -11.2746 time: 3.1571s
INFO:root:Epoch: 0840 lr: 0.01 train_loss: 145435.3594 train_distortion: 0.6240 train_mapscore: 0.1126 train_c: -0.9871 train_max_dist: 23.1429 train_imax: 11.8466 train_imin: -11.7729 time: 3.1617s
INFO:root:Epoch: 0845 lr: 0.01 train_loss: 142790.1562 train_distortion: 0.6814 train_mapscore: 0.1190 train_c: -0.9868 train_max_dist: 23.5327 train_imax: 12.2544 train_imin: -12.0254 time: 3.1674s
INFO:root:Epoch: 0850 lr: 0.01 train_loss: 140038.1406 train_distortion: 0.7150 train_mapscore: 0.1265 train_c: -0.9866 train_max_dist: 23.7669 train_imax: 12.4540 train_imin: -12.0507 time: 3.1158s
INFO:root:Epoch: 0855 lr: 0.01 train_loss: 137399.1875 train_distortion: 0.7411 train_mapscore: 0.1343 train_c: -0.9864 train_max_dist: 23.9560 train_imax: 12.5925 train_imin: -12.0288 time: 3.1348s
INFO:root:Epoch: 0860 lr: 0.01 train_loss: 135057.6875 train_distortion: 0.7780 train_mapscore: 0.1403 train_c: -0.9861 train_max_dist: 24.2067 train_imax: 12.8570 train_imin: -12.1125 time: 3.1228s
INFO:root:Epoch: 0865 lr: 0.01 train_loss: 133131.2031 train_distortion: 0.8260 train_mapscore: 0.1406 train_c: -0.9858 train_max_dist: 24.5101 train_imax: 13.5022 train_imin: -12.3249 time: 3.0569s
INFO:root:Epoch: 0870 lr: 0.01 train_loss: 131309.7031 train_distortion: 0.8677 train_mapscore: 0.1469 train_c: -0.9855 train_max_dist: 24.7611 train_imax: 15.8249 train_imin: -12.4816 time: 3.0896s
INFO:root:Epoch: 0875 lr: 0.01 train_loss: 129366.0000 train_distortion: 0.8998 train_mapscore: 0.1535 train_c: -0.9853 train_max_dist: 24.9436 train_imax: 17.2001 train_imin: -12.5673 time: 3.0521s
INFO:root:Epoch: 0880 lr: 0.01 train_loss: 127459.0391 train_distortion: 0.9403 train_mapscore: 0.1619 train_c: -0.9851 train_max_dist: 25.1540 train_imax: 17.9907 train_imin: -12.7228 time: 3.0295s
INFO:root:Epoch: 0885 lr: 0.01 train_loss: 125601.3281 train_distortion: 0.9516 train_mapscore: 0.1714 train_c: -0.9849 train_max_dist: 25.2218 train_imax: 18.2069 train_imin: -12.7002 time: 3.0399s
INFO:root:Epoch: 0890 lr: 0.01 train_loss: 124077.9688 train_distortion: 0.9843 train_mapscore: 0.1779 train_c: -0.9847 train_max_dist: 25.3909 train_imax: 18.4891 train_imin: -12.8404 time: 3.0321s
INFO:root:Epoch: 0895 lr: 0.01 train_loss: 122501.4688 train_distortion: 1.0353 train_mapscore: 0.1858 train_c: -0.9845 train_max_dist: 25.6516 train_imax: 18.9024 train_imin: -13.0593 time: 3.0117s
INFO:root:Epoch: 0900 lr: 0.01 train_loss: 123277.3438 train_distortion: 0.8502 train_mapscore: 0.1640 train_c: -0.9845 train_max_dist: 24.8422 train_imax: 17.1779 train_imin: -11.5185 time: 3.0059s
INFO:root:Epoch: 0905 lr: 0.01 train_loss: 142365.8438 train_distortion: 0.3494 train_mapscore: 0.1275 train_c: -0.9853 train_max_dist: 20.9667 train_imax: 11.1386 train_imin: -7.4771 time: 3.0767s
INFO:root:Epoch: 0910 lr: 0.01 train_loss: 153715.6094 train_distortion: 0.2565 train_mapscore: 0.1097 train_c: -0.9857 train_max_dist: 19.3512 train_imax: 8.8319 train_imin: -5.9798 time: 3.1639s
INFO:root:Epoch: 0915 lr: 0.01 train_loss: 158179.4531 train_distortion: 0.2443 train_mapscore: 0.1026 train_c: -0.9859 train_max_dist: 18.8529 train_imax: 8.1931 train_imin: -5.5309 time: 3.2199s
INFO:root:Epoch: 0920 lr: 0.01 train_loss: 158748.9688 train_distortion: 0.2491 train_mapscore: 0.0977 train_c: -0.9860 train_max_dist: 18.9698 train_imax: 8.3766 train_imin: -5.6602 time: 3.2540s
INFO:root:Epoch: 0925 lr: 0.01 train_loss: 157407.2188 train_distortion: 0.2650 train_mapscore: 0.0978 train_c: -0.9860 train_max_dist: 20.0000 train_imax: 8.9764 train_imin: -6.1059 time: 3.2701s
INFO:root:Epoch: 0930 lr: 0.01 train_loss: 155129.0156 train_distortion: 0.3019 train_mapscore: 0.0973 train_c: -0.9860 train_max_dist: 20.0447 train_imax: 10.0018 train_imin: -6.9004 time: 3.2489s
INFO:root:Epoch: 0935 lr: 0.01 train_loss: 152994.7500 train_distortion: 0.3470 train_mapscore: 0.1004 train_c: -0.9859 train_max_dist: 20.5825 train_imax: 10.9448 train_imin: -7.7338 time: 3.2326s
INFO:root:Epoch: 0940 lr: 0.01 train_loss: 151128.0000 train_distortion: 0.3914 train_mapscore: 0.1018 train_c: -0.9859 train_max_dist: 24.0000 train_imax: 11.6692 train_imin: -8.4657 time: 3.2535s
INFO:root:Epoch: 0945 lr: 0.01 train_loss: 149250.3125 train_distortion: 0.4305 train_mapscore: 0.1053 train_c: -0.9858 train_max_dist: 21.3048 train_imax: 12.2307 train_imin: -9.1066 time: 3.2217s
INFO:root:Epoch: 0950 lr: 0.01 train_loss: 147368.8438 train_distortion: 0.4425 train_mapscore: 0.1064 train_c: -0.9858 train_max_dist: 21.4687 train_imax: 12.3570 train_imin: -9.4016 time: 3.2431s
INFO:root:Epoch: 0955 lr: 0.01 train_loss: 145789.4219 train_distortion: 0.4470 train_mapscore: 0.1088 train_c: -0.9858 train_max_dist: 21.5706 train_imax: 12.3654 train_imin: -9.6242 time: 3.2234s
INFO:root:Epoch: 0960 lr: 0.01 train_loss: 144228.8438 train_distortion: 0.4610 train_mapscore: 0.1126 train_c: -0.9858 train_max_dist: 21.7335 train_imax: 12.5239 train_imin: -9.9582 time: 3.1791s
INFO:root:Epoch: 0965 lr: 0.01 train_loss: 142773.5938 train_distortion: 0.4818 train_mapscore: 0.1148 train_c: -0.9858 train_max_dist: 21.9363 train_imax: 12.7736 train_imin: -10.3476 time: 3.1448s
INFO:root:Epoch: 0970 lr: 0.01 train_loss: 141365.9375 train_distortion: 0.5069 train_mapscore: 0.1204 train_c: -0.9857 train_max_dist: 22.1627 train_imax: 13.0801 train_imin: -10.7391 time: 3.1519s
INFO:root:Epoch: 0975 lr: 0.01 train_loss: 139982.8906 train_distortion: 0.5317 train_mapscore: 0.1244 train_c: -0.9856 train_max_dist: 22.3632 train_imax: 13.3688 train_imin: -11.0853 time: 3.1449s
INFO:root:Epoch: 0980 lr: 0.01 train_loss: 138675.0156 train_distortion: 0.5672 train_mapscore: 0.1275 train_c: -0.9855 train_max_dist: 22.6489 train_imax: 13.7831 train_imin: -11.5436 time: 3.2008s
INFO:root:Epoch: 0985 lr: 0.01 train_loss: 137569.4375 train_distortion: 0.6333 train_mapscore: 0.1278 train_c: -0.9855 train_max_dist: 23.1690 train_imax: 14.4995 train_imin: -12.3336 time: 3.1721s
INFO:root:Epoch: 0990 lr: 0.01 train_loss: 136454.2031 train_distortion: 0.6675 train_mapscore: 0.1314 train_c: -0.9854 train_max_dist: 23.3925 train_imax: 14.8416 train_imin: -12.7725 time: 3.1411s
INFO:root:Epoch: 0995 lr: 0.01 train_loss: 135084.5625 train_distortion: 0.6806 train_mapscore: 0.1362 train_c: -0.9853 train_max_dist: 23.4545 train_imax: 14.9530 train_imin: -12.9509 time: 3.1230s
INFO:root:Epoch: 1000 lr: 0.01 train_loss: 133637.3125 train_distortion: 0.6845 train_mapscore: 0.1410 train_c: -0.9853 train_max_dist: 23.4535 train_imax: 14.9635 train_imin: -13.0190 time: 3.1043s
INFO:root:Epoch: 1005 lr: 0.01 train_loss: 132304.7812 train_distortion: 0.6893 train_mapscore: 0.1463 train_c: -0.9852 train_max_dist: 24.0000 train_imax: 14.9794 train_imin: -13.1059 time: 3.0951s
INFO:root:Epoch: 1010 lr: 0.01 train_loss: 131067.2734 train_distortion: 0.6997 train_mapscore: 0.1547 train_c: -0.9851 train_max_dist: 23.5012 train_imax: 15.0553 train_imin: -13.2749 time: 3.0894s
INFO:root:Epoch: 1015 lr: 0.01 train_loss: 129976.9688 train_distortion: 0.7133 train_mapscore: 0.1604 train_c: -0.9851 train_max_dist: 23.5704 train_imax: 15.1626 train_imin: -13.5625 time: 3.0753s
INFO:root:Epoch: 1020 lr: 0.01 train_loss: 128950.5859 train_distortion: 0.7338 train_mapscore: 0.1699 train_c: -0.9850 train_max_dist: 24.0000 train_imax: 15.3449 train_imin: -13.8904 time: 3.0540s
INFO:root:Epoch: 1025 lr: 0.01 train_loss: 127950.0156 train_distortion: 0.7579 train_mapscore: 0.1747 train_c: -0.9849 train_max_dist: 23.8304 train_imax: 15.5736 train_imin: -14.2112 time: 3.0508s
INFO:root:Epoch: 1030 lr: 0.01 train_loss: 126967.5781 train_distortion: 0.7832 train_mapscore: 0.1843 train_c: -0.9848 train_max_dist: 23.9865 train_imax: 15.8196 train_imin: -14.5234 time: 3.0261s
INFO:root:Epoch: 1035 lr: 0.01 train_loss: 126006.0938 train_distortion: 0.8071 train_mapscore: 0.1889 train_c: -0.9847 train_max_dist: 24.1298 train_imax: 16.0462 train_imin: -14.8207 time: 3.0427s
INFO:root:Epoch: 1040 lr: 0.01 train_loss: 125165.6562 train_distortion: 0.8284 train_mapscore: 0.1875 train_c: -0.9846 train_max_dist: 24.2584 train_imax: 16.2340 train_imin: -15.0863 time: 3.0462s
INFO:root:Epoch: 1045 lr: 0.01 train_loss: 124274.6250 train_distortion: 0.8469 train_mapscore: 0.1962 train_c: -0.9846 train_max_dist: 24.3685 train_imax: 16.3968 train_imin: -15.3127 time: 3.0427s
INFO:root:Epoch: 1050 lr: 0.01 train_loss: 123393.2031 train_distortion: 0.8613 train_mapscore: 0.1988 train_c: -0.9845 train_max_dist: 24.4343 train_imax: 16.5297 train_imin: -15.5421 time: 3.0542s
INFO:root:Epoch: 1055 lr: 0.01 train_loss: 122576.6250 train_distortion: 0.8715 train_mapscore: 0.2035 train_c: -0.9845 train_max_dist: 24.4630 train_imax: 16.6187 train_imin: -15.7384 time: 3.0209s
INFO:root:Epoch: 1060 lr: 0.01 train_loss: 121864.2656 train_distortion: 0.8824 train_mapscore: 0.2091 train_c: -0.9844 train_max_dist: 24.4834 train_imax: 16.7141 train_imin: -15.9484 time: 3.0263s
INFO:root:Epoch: 1065 lr: 0.01 train_loss: 121117.7188 train_distortion: 0.9027 train_mapscore: 0.2174 train_c: -0.9843 train_max_dist: 24.5600 train_imax: 16.8933 train_imin: -16.1809 time: 3.0146s
INFO:root:Epoch: 1070 lr: 0.01 train_loss: 120404.7031 train_distortion: 0.9217 train_mapscore: 0.2180 train_c: -0.9843 train_max_dist: 24.6649 train_imax: 17.0530 train_imin: -16.3760 time: 2.9868s
INFO:root:Epoch: 1075 lr: 0.01 train_loss: 119731.4844 train_distortion: 0.9413 train_mapscore: 0.2249 train_c: -0.9842 train_max_dist: 24.7501 train_imax: 17.2243 train_imin: -16.5479 time: 3.0324s
INFO:root:Epoch: 1080 lr: 0.01 train_loss: 119074.0391 train_distortion: 0.9611 train_mapscore: 0.2269 train_c: -0.9842 train_max_dist: 24.8445 train_imax: 17.4063 train_imin: -16.6461 time: 3.0070s
INFO:root:Epoch: 1085 lr: 0.01 train_loss: 118357.1094 train_distortion: 0.9813 train_mapscore: 0.2406 train_c: -0.9841 train_max_dist: 24.9415 train_imax: 17.5850 train_imin: -16.7569 time: 2.9719s
INFO:root:Epoch: 1090 lr: 0.01 train_loss: 117600.4766 train_distortion: 1.0043 train_mapscore: 0.2521 train_c: -0.9840 train_max_dist: 25.0422 train_imax: 17.7793 train_imin: -16.9627 time: 2.9662s
INFO:root:Epoch: 1095 lr: 0.01 train_loss: 116818.9062 train_distortion: 1.0292 train_mapscore: 0.2632 train_c: -0.9840 train_max_dist: 25.1527 train_imax: 17.9955 train_imin: -17.1631 time: 2.9665s
INFO:root:Epoch: 1100 lr: 0.01 train_loss: 116058.5938 train_distortion: 1.0524 train_mapscore: 0.2733 train_c: -0.9839 train_max_dist: 25.2602 train_imax: 18.1932 train_imin: -17.3633 time: 2.9539s
INFO:root:Epoch: 1105 lr: 0.01 train_loss: 115324.1406 train_distortion: 1.0758 train_mapscore: 0.2842 train_c: -0.9838 train_max_dist: 25.3617 train_imax: 18.3871 train_imin: -17.5507 time: 2.9940s
INFO:root:Epoch: 1110 lr: 0.01 train_loss: 114609.1719 train_distortion: 1.1015 train_mapscore: 0.2966 train_c: -0.9838 train_max_dist: 25.4705 train_imax: 18.6002 train_imin: -17.7530 time: 2.9863s
INFO:root:Epoch: 1115 lr: 0.01 train_loss: 113948.4297 train_distortion: 1.1239 train_mapscore: 0.3004 train_c: -0.9837 train_max_dist: 25.5626 train_imax: 18.7990 train_imin: -17.8702 time: 2.9743s
INFO:root:Epoch: 1120 lr: 0.01 train_loss: 113272.3438 train_distortion: 1.1455 train_mapscore: 0.3110 train_c: -0.9836 train_max_dist: 25.6443 train_imax: 18.9838 train_imin: -17.9835 time: 2.9459s
INFO:root:Epoch: 1125 lr: 0.01 train_loss: 113915.8125 train_distortion: 1.1217 train_mapscore: 0.2250 train_c: -0.9836 train_max_dist: 25.4522 train_imax: 18.8514 train_imin: -17.9654 time: 2.9680s
INFO:root:Epoch: 1130 lr: 0.01 train_loss: 114165.9766 train_distortion: 1.1121 train_mapscore: 0.2192 train_c: -0.9836 train_max_dist: 25.3436 train_imax: 18.8146 train_imin: -17.9664 time: 2.9370s
INFO:root:Epoch: 1135 lr: 0.01 train_loss: 114142.7656 train_distortion: 1.1475 train_mapscore: 0.2134 train_c: -0.9835 train_max_dist: 25.4662 train_imax: 19.1880 train_imin: -18.4105 time: 2.9706s
INFO:root:Epoch: 1140 lr: 0.01 train_loss: 113633.1641 train_distortion: 1.1744 train_mapscore: 0.2224 train_c: -0.9834 train_max_dist: 25.5748 train_imax: 19.4682 train_imin: -18.7273 time: 2.9978s
INFO:root:Epoch: 1145 lr: 0.01 train_loss: 112825.3125 train_distortion: 1.1965 train_mapscore: 0.2345 train_c: -0.9834 train_max_dist: 25.6771 train_imax: 19.6893 train_imin: -18.9642 time: 2.9325s
INFO:root:Epoch: 1150 lr: 0.01 train_loss: 111982.6875 train_distortion: 1.2182 train_mapscore: 0.2463 train_c: -0.9833 train_max_dist: 25.7814 train_imax: 19.8710 train_imin: -19.1158 time: 2.9328s
INFO:root:Epoch: 1155 lr: 0.01 train_loss: 111104.5000 train_distortion: 1.2402 train_mapscore: 0.2599 train_c: -0.9832 train_max_dist: 25.8866 train_imax: 20.0395 train_imin: -19.1799 time: 2.9321s
INFO:root:Epoch: 1160 lr: 0.01 train_loss: 110305.4844 train_distortion: 1.2648 train_mapscore: 0.2725 train_c: -0.9832 train_max_dist: 26.0031 train_imax: 20.2251 train_imin: -19.2156 time: 2.9257s
INFO:root:Epoch: 1165 lr: 0.01 train_loss: 109544.3828 train_distortion: 1.2934 train_mapscore: 0.2884 train_c: -0.9831 train_max_dist: 26.1264 train_imax: 20.4518 train_imin: -19.2801 time: 2.9563s
INFO:root:Epoch: 1170 lr: 0.01 train_loss: 108819.1250 train_distortion: 1.3235 train_mapscore: 0.3029 train_c: -0.9830 train_max_dist: 26.2542 train_imax: 20.6929 train_imin: -19.4372 time: 2.9642s
INFO:root:Epoch: 1175 lr: 0.01 train_loss: 108175.3203 train_distortion: 1.3526 train_mapscore: 0.3193 train_c: -0.9830 train_max_dist: 26.3847 train_imax: 20.9292 train_imin: -19.6093 time: 2.9570s
INFO:root:Epoch: 1180 lr: 0.01 train_loss: 107554.0234 train_distortion: 1.3772 train_mapscore: 0.3269 train_c: -0.9829 train_max_dist: 26.4987 train_imax: 21.1150 train_imin: -19.6965 time: 2.9174s
INFO:root:Epoch: 1185 lr: 0.01 train_loss: 106933.5625 train_distortion: 1.4063 train_mapscore: 0.3435 train_c: -0.9828 train_max_dist: 26.6189 train_imax: 21.3375 train_imin: -19.7871 time: 2.9063s
INFO:root:Epoch: 1190 lr: 0.01 train_loss: 106309.6641 train_distortion: 1.4364 train_mapscore: 0.3595 train_c: -0.9828 train_max_dist: 26.7411 train_imax: 21.5663 train_imin: -19.9077 time: 2.9082s
INFO:root:Epoch: 1195 lr: 0.01 train_loss: 105766.5547 train_distortion: 1.4640 train_mapscore: 0.3605 train_c: -0.9827 train_max_dist: 26.8537 train_imax: 21.7946 train_imin: -20.0599 time: 2.9123s
INFO:root:Epoch: 1200 lr: 0.01 train_loss: 105270.7812 train_distortion: 1.4923 train_mapscore: 0.3689 train_c: -0.9827 train_max_dist: 26.9651 train_imax: 22.0364 train_imin: -20.2201 time: 2.9397s
INFO:root:Epoch: 1205 lr: 0.01 train_loss: 104716.7500 train_distortion: 1.5204 train_mapscore: 0.3784 train_c: -0.9826 train_max_dist: 27.0822 train_imax: 22.2942 train_imin: -20.3437 time: 2.9508s
INFO:root:Epoch: 1210 lr: 0.01 train_loss: 104218.3359 train_distortion: 1.5510 train_mapscore: 0.3799 train_c: -0.9826 train_max_dist: 27.2054 train_imax: 22.5655 train_imin: -20.4888 time: 2.9138s
INFO:root:Epoch: 1215 lr: 0.01 train_loss: 103723.0469 train_distortion: 1.5837 train_mapscore: 0.3920 train_c: -0.9825 train_max_dist: 27.3313 train_imax: 22.8648 train_imin: -20.6888 time: 2.9003s
INFO:root:Epoch: 1220 lr: 0.01 train_loss: 103202.1562 train_distortion: 1.6175 train_mapscore: 0.4006 train_c: -0.9824 train_max_dist: 27.4667 train_imax: 23.1633 train_imin: -20.9363 time: 2.9029s
INFO:root:Epoch: 1225 lr: 0.01 train_loss: 102689.0625 train_distortion: 1.6507 train_mapscore: 0.4113 train_c: -0.9824 train_max_dist: 27.5982 train_imax: 23.4371 train_imin: -21.1011 time: 2.9022s
INFO:root:Epoch: 1230 lr: 0.01 train_loss: 102169.9062 train_distortion: 1.6801 train_mapscore: 0.4145 train_c: -0.9823 train_max_dist: 27.7248 train_imax: 23.6983 train_imin: -21.2168 time: 2.9258s
INFO:root:Epoch: 1235 lr: 0.01 train_loss: 101679.5859 train_distortion: 1.7049 train_mapscore: 0.4163 train_c: -0.9823 train_max_dist: 27.8417 train_imax: 23.9184 train_imin: -21.4035 time: 2.9316s
INFO:root:Epoch: 1240 lr: 0.01 train_loss: 101449.3438 train_distortion: 1.7172 train_mapscore: 0.3851 train_c: -0.9822 train_max_dist: 27.9273 train_imax: 24.0551 train_imin: -21.3176 time: 2.9078s
INFO:root:Epoch: 1245 lr: 0.01 train_loss: 101103.5000 train_distortion: 1.7268 train_mapscore: 0.3920 train_c: -0.9822 train_max_dist: 27.9905 train_imax: 24.1595 train_imin: -21.2091 time: 2.8939s
INFO:root:Epoch: 1250 lr: 0.01 train_loss: 100602.8203 train_distortion: 1.7551 train_mapscore: 0.4077 train_c: -0.9822 train_max_dist: 28.0893 train_imax: 24.4110 train_imin: -21.3217 time: 2.9071s
INFO:root:Epoch: 1255 lr: 0.01 train_loss: 100047.9922 train_distortion: 1.7931 train_mapscore: 0.4301 train_c: -0.9821 train_max_dist: 28.2039 train_imax: 24.7249 train_imin: -21.4651 time: 2.9042s
INFO:root:Epoch: 1260 lr: 0.01 train_loss: 99752.9922 train_distortion: 1.8385 train_mapscore: 0.4117 train_c: -0.9821 train_max_dist: 28.3284 train_imax: 25.0997 train_imin: -21.5567 time: 2.9254s
INFO:root:Epoch: 1265 lr: 0.01 train_loss: 99266.4062 train_distortion: 1.8793 train_mapscore: 0.4252 train_c: -0.9820 train_max_dist: 28.4503 train_imax: 25.4343 train_imin: -21.6779 time: 2.9212s
INFO:root:Epoch: 1270 lr: 0.01 train_loss: 98725.8594 train_distortion: 1.9119 train_mapscore: 0.4418 train_c: -0.9819 train_max_dist: 28.5669 train_imax: 25.6763 train_imin: -21.8547 time: 2.8780s
INFO:root:Epoch: 1275 lr: 0.01 train_loss: 98305.4609 train_distortion: 1.9465 train_mapscore: 0.4417 train_c: -0.9819 train_max_dist: 28.6882 train_imax: 25.9571 train_imin: -21.8823 time: 2.8919s
INFO:root:Epoch: 1280 lr: 0.01 train_loss: 97935.7031 train_distortion: 1.9837 train_mapscore: 0.4411 train_c: -0.9818 train_max_dist: 28.8080 train_imax: 26.2472 train_imin: -21.7806 time: 2.8744s
INFO:root:Epoch: 1285 lr: 0.01 train_loss: 97425.9531 train_distortion: 2.0243 train_mapscore: 0.4603 train_c: -0.9818 train_max_dist: 28.9387 train_imax: 26.5730 train_imin: -21.8336 time: 2.8728s
INFO:root:Epoch: 1290 lr: 0.01 train_loss: 96956.5469 train_distortion: 2.0634 train_mapscore: 0.4714 train_c: -0.9817 train_max_dist: 29.0634 train_imax: 26.9052 train_imin: -21.9588 time: 2.9116s
INFO:root:Epoch: 1295 lr: 0.01 train_loss: 96502.1719 train_distortion: 2.0962 train_mapscore: 0.4785 train_c: -0.9816 train_max_dist: 29.1673 train_imax: 27.1643 train_imin: -22.0607 time: 2.8985s
INFO:root:Epoch: 1300 lr: 0.01 train_loss: 96067.9609 train_distortion: 2.1242 train_mapscore: 0.4864 train_c: -0.9816 train_max_dist: 32.0000 train_imax: 27.4205 train_imin: -22.2698 time: 2.8980s
INFO:root:Epoch: 1305 lr: 0.01 train_loss: 95664.6406 train_distortion: 2.1578 train_mapscore: 0.4893 train_c: -0.9815 train_max_dist: 29.3700 train_imax: 27.7362 train_imin: -22.4514 time: 2.8683s
INFO:root:Epoch: 1310 lr: 0.01 train_loss: 95384.8281 train_distortion: 2.1867 train_mapscore: 0.4893 train_c: -0.9815 train_max_dist: 32.0000 train_imax: 27.9815 train_imin: -22.6719 time: 2.8859s
INFO:root:Epoch: 1315 lr: 0.01 train_loss: 94966.5156 train_distortion: 2.2198 train_mapscore: 0.4916 train_c: -0.9815 train_max_dist: 29.5703 train_imax: 28.2749 train_imin: -23.0207 time: 2.8652s
INFO:root:Epoch: 1320 lr: 0.01 train_loss: 94519.6250 train_distortion: 2.2581 train_mapscore: 0.5049 train_c: -0.9814 train_max_dist: 29.6762 train_imax: 28.6092 train_imin: -23.2494 time: 2.8948s
INFO:root:Epoch: 1325 lr: 0.01 train_loss: 94155.9844 train_distortion: 2.3000 train_mapscore: 0.5151 train_c: -0.9814 train_max_dist: 32.0000 train_imax: 28.9608 train_imin: -23.4107 time: 2.9084s
INFO:root:Epoch: 1330 lr: 0.01 train_loss: 93715.2578 train_distortion: 2.3450 train_mapscore: 0.5300 train_c: -0.9813 train_max_dist: 29.9439 train_imax: 29.3468 train_imin: -23.6035 time: 2.8976s
INFO:root:Epoch: 1335 lr: 0.01 train_loss: 93243.2188 train_distortion: 2.3879 train_mapscore: 0.5371 train_c: -0.9813 train_max_dist: 30.0671 train_imax: 29.7119 train_imin: -23.8576 time: 2.8599s
INFO:root:Epoch: 1340 lr: 0.01 train_loss: 92872.7812 train_distortion: 2.4248 train_mapscore: 0.5321 train_c: -0.9812 train_max_dist: 30.1500 train_imax: 30.0359 train_imin: -24.2111 time: 2.8790s
INFO:root:Epoch: 1345 lr: 0.01 train_loss: 92499.4375 train_distortion: 2.4613 train_mapscore: 0.5377 train_c: -0.9812 train_max_dist: 30.2427 train_imax: 30.3271 train_imin: -24.4519 time: 2.8596s
INFO:root:Epoch: 1350 lr: 0.01 train_loss: 92164.5938 train_distortion: 2.5017 train_mapscore: 0.5405 train_c: -0.9811 train_max_dist: 30.3442 train_imax: 30.6659 train_imin: -24.6577 time: 2.8533s
INFO:root:Epoch: 1355 lr: 0.01 train_loss: 99012.9531 train_distortion: 2.7387 train_mapscore: 0.3112 train_c: -0.9811 train_max_dist: 30.8690 train_imax: 32.1164 train_imin: -26.1412 time: 2.9009s
INFO:root:Epoch: 1360 lr: 0.01 train_loss: 100450.2188 train_distortion: 2.7861 train_mapscore: 0.3010 train_c: -0.9810 train_max_dist: 30.8855 train_imax: 32.3692 train_imin: -25.8097 time: 2.9124s
INFO:root:Epoch: 1365 lr: 0.01 train_loss: 98936.4219 train_distortion: 2.7181 train_mapscore: 0.3144 train_c: -0.9809 train_max_dist: 30.7443 train_imax: 31.8823 train_imin: -24.9815 time: 2.8693s
INFO:root:Epoch: 1370 lr: 0.01 train_loss: 97190.0312 train_distortion: 2.6187 train_mapscore: 0.3283 train_c: -0.9809 train_max_dist: 30.4263 train_imax: 31.1051 train_imin: -24.4377 time: 2.8549s
INFO:root:Epoch: 1375 lr: 0.01 train_loss: 95668.8125 train_distortion: 2.5488 train_mapscore: 0.3486 train_c: -0.9808 train_max_dist: 30.2344 train_imax: 30.5240 train_imin: -23.9821 time: 2.8724s
INFO:root:Epoch: 1380 lr: 0.01 train_loss: 94329.0391 train_distortion: 2.5200 train_mapscore: 0.3736 train_c: -0.9808 train_max_dist: 30.1723 train_imax: 30.2269 train_imin: -23.4959 time: 2.8704s
INFO:root:Epoch: 1385 lr: 0.01 train_loss: 93240.7969 train_distortion: 2.5310 train_mapscore: 0.4017 train_c: -0.9807 train_max_dist: 30.1839 train_imax: 30.1966 train_imin: -23.3981 time: 2.8783s
INFO:root:Epoch: 1390 lr: 0.01 train_loss: 92335.6875 train_distortion: 2.5859 train_mapscore: 0.4253 train_c: -0.9806 train_max_dist: 30.3679 train_imax: 30.5712 train_imin: -23.9039 time: 2.8761s
INFO:root:Epoch: 1395 lr: 0.01 train_loss: 91589.6875 train_distortion: 2.6577 train_mapscore: 0.4489 train_c: -0.9806 train_max_dist: 30.6133 train_imax: 31.1482 train_imin: -24.7746 time: 2.8444s
INFO:root:Epoch: 1400 lr: 0.01 train_loss: 90863.1562 train_distortion: 2.7267 train_mapscore: 0.4756 train_c: -0.9805 train_max_dist: 32.0000 train_imax: 31.6868 train_imin: -25.3014 time: 2.8422s
INFO:root:Epoch: 1405 lr: 0.01 train_loss: 90198.5781 train_distortion: 2.7999 train_mapscore: 0.5018 train_c: -0.9804 train_max_dist: 32.0000 train_imax: 32.2442 train_imin: -25.7485 time: 2.8439s
INFO:root:Epoch: 1410 lr: 0.01 train_loss: 89564.2734 train_distortion: 2.8728 train_mapscore: 0.5285 train_c: -0.9803 train_max_dist: 31.2253 train_imax: 32.8238 train_imin: -26.1924 time: 2.8351s
INFO:root:Epoch: 1415 lr: 0.01 train_loss: 89028.7188 train_distortion: 2.9443 train_mapscore: 0.5393 train_c: -0.9803 train_max_dist: 32.0000 train_imax: 33.4077 train_imin: -26.6535 time: 2.8881s
INFO:root:Epoch: 1420 lr: 0.01 train_loss: 88457.8672 train_distortion: 3.0126 train_mapscore: 0.5593 train_c: -0.9802 train_max_dist: 31.6347 train_imax: 33.9313 train_imin: -26.8753 time: 2.8742s
INFO:root:Epoch: 1425 lr: 0.01 train_loss: 88119.8594 train_distortion: 3.0785 train_mapscore: 0.5583 train_c: -0.9801 train_max_dist: 31.8070 train_imax: 34.3777 train_imin: -27.0256 time: 2.8534s
INFO:root:Epoch: 1430 lr: 0.01 train_loss: 88652.9844 train_distortion: 3.1237 train_mapscore: 0.4911 train_c: -0.9801 train_max_dist: 31.8978 train_imax: 34.6768 train_imin: -27.0958 time: 2.8407s
INFO:root:Epoch: 1435 lr: 0.01 train_loss: 88410.3906 train_distortion: 3.1624 train_mapscore: 0.4982 train_c: -0.9800 train_max_dist: 32.0276 train_imax: 35.0827 train_imin: -27.2281 time: 2.8424s
INFO:root:Epoch: 1440 lr: 0.01 train_loss: 87915.4844 train_distortion: 3.1953 train_mapscore: 0.5106 train_c: -0.9800 train_max_dist: 32.1471 train_imax: 35.4616 train_imin: -27.2377 time: 2.8587s
INFO:root:Epoch: 1445 lr: 0.01 train_loss: 87323.3047 train_distortion: 3.2352 train_mapscore: 0.5380 train_c: -0.9799 train_max_dist: 32.2496 train_imax: 35.8574 train_imin: -27.4532 time: 2.8746s
INFO:root:Epoch: 1450 lr: 0.01 train_loss: 86865.3594 train_distortion: 3.2781 train_mapscore: 0.5425 train_c: -0.9799 train_max_dist: 32.3491 train_imax: 36.2020 train_imin: -27.5419 time: 2.8704s
INFO:root:Epoch: 1455 lr: 0.01 train_loss: 86731.8125 train_distortion: 3.3119 train_mapscore: 0.5317 train_c: -0.9798 train_max_dist: 32.4789 train_imax: 36.4136 train_imin: -27.5175 time: 2.8913s
INFO:root:Epoch: 1460 lr: 0.01 train_loss: 86406.6328 train_distortion: 3.3558 train_mapscore: 0.5419 train_c: -0.9798 train_max_dist: 32.5970 train_imax: 36.6034 train_imin: -27.6518 time: 2.8560s
INFO:root:Epoch: 1465 lr: 0.01 train_loss: 85895.7812 train_distortion: 3.4110 train_mapscore: 0.5666 train_c: -0.9797 train_max_dist: 32.7361 train_imax: 36.8834 train_imin: -27.9134 time: 2.8388s
INFO:root:Epoch: 1470 lr: 0.01 train_loss: 88830.6641 train_distortion: 3.3848 train_mapscore: 0.4359 train_c: -0.9797 train_max_dist: 32.6842 train_imax: 36.7910 train_imin: -26.9893 time: 2.8562s
INFO:root:Epoch: 1475 lr: 0.01 train_loss: 89265.2812 train_distortion: 3.3655 train_mapscore: 0.4283 train_c: -0.9797 train_max_dist: 32.7066 train_imax: 36.5629 train_imin: -25.9865 time: 2.8396s
INFO:root:Epoch: 1480 lr: 0.01 train_loss: 88500.2578 train_distortion: 3.3586 train_mapscore: 0.4439 train_c: -0.9796 train_max_dist: 32.7549 train_imax: 36.5001 train_imin: -25.5839 time: 2.8632s
INFO:root:Epoch: 1485 lr: 0.01 train_loss: 87638.6172 train_distortion: 3.3739 train_mapscore: 0.4666 train_c: -0.9796 train_max_dist: 32.8134 train_imax: 36.5389 train_imin: -25.5740 time: 2.8831s
INFO:root:Epoch: 1490 lr: 0.01 train_loss: 86759.3984 train_distortion: 3.4059 train_mapscore: 0.4968 train_c: -0.9795 train_max_dist: 32.8714 train_imax: 36.7568 train_imin: -25.5640 time: 2.8326s
INFO:root:Epoch: 1495 lr: 0.01 train_loss: 85872.8828 train_distortion: 3.4585 train_mapscore: 0.5286 train_c: -0.9794 train_max_dist: 32.9509 train_imax: 37.1601 train_imin: -25.5012 time: 2.8311s
INFO:root:Epoch: 1500 lr: 0.01 train_loss: 85263.3047 train_distortion: 3.5220 train_mapscore: 0.5417 train_c: -0.9794 train_max_dist: 33.0670 train_imax: 37.6261 train_imin: -25.9661 time: 2.8270s
INFO:root:Epoch: 1505 lr: 0.01 train_loss: 84941.8594 train_distortion: 3.5861 train_mapscore: 0.5574 train_c: -0.9793 train_max_dist: 33.2335 train_imax: 38.0230 train_imin: -26.3548 time: 2.8306s
INFO:root:Epoch: 1510 lr: 0.01 train_loss: 84339.3828 train_distortion: 3.6660 train_mapscore: 0.5806 train_c: -0.9793 train_max_dist: 33.4350 train_imax: 38.5256 train_imin: -26.7974 time: 2.8573s
INFO:root:Epoch: 1515 lr: 0.01 train_loss: 87787.6953 train_distortion: 3.7754 train_mapscore: 0.4263 train_c: -0.9791 train_max_dist: 33.6721 train_imax: 39.3879 train_imin: -28.3022 time: 2.8668s
INFO:root:Epoch: 1520 lr: 0.01 train_loss: 103049.3906 train_distortion: 3.8479 train_mapscore: 0.2821 train_c: -0.9788 train_max_dist: 34.0505 train_imax: 40.3196 train_imin: -29.9578 time: 2.8588s
INFO:root:Epoch: 1525 lr: 0.01 train_loss: 105958.4297 train_distortion: 3.6653 train_mapscore: 0.2687 train_c: -0.9787 train_max_dist: 33.7212 train_imax: 39.1455 train_imin: -28.6796 time: 2.8879s
INFO:root:Epoch: 1530 lr: 0.01 train_loss: 104333.0625 train_distortion: 3.3596 train_mapscore: 0.2730 train_c: -0.9786 train_max_dist: 33.1546 train_imax: 37.1737 train_imin: -26.6995 time: 2.8685s
INFO:root:Epoch: 1535 lr: 0.01 train_loss: 102297.2188 train_distortion: 3.1134 train_mapscore: 0.2771 train_c: -0.9785 train_max_dist: 32.6433 train_imax: 36.1544 train_imin: -24.3380 time: 2.8904s
INFO:root:Epoch: 1540 lr: 0.01 train_loss: 100166.4531 train_distortion: 2.9252 train_mapscore: 0.2944 train_c: -0.9784 train_max_dist: 32.2599 train_imax: 34.9016 train_imin: -23.1093 time: 2.9117s
INFO:root:Epoch: 1545 lr: 0.01 train_loss: 98329.7812 train_distortion: 2.8347 train_mapscore: 0.3145 train_c: -0.9783 train_max_dist: 32.0127 train_imax: 34.0456 train_imin: -22.3965 time: 2.8844s
INFO:root:Epoch: 1550 lr: 0.01 train_loss: 97154.5000 train_distortion: 2.7901 train_mapscore: 0.3200 train_c: -0.9783 train_max_dist: 31.9315 train_imax: 33.4053 train_imin: -21.9696 time: 2.8782s
INFO:root:Epoch: 1555 lr: 0.01 train_loss: 95813.4531 train_distortion: 2.7723 train_mapscore: 0.3365 train_c: -0.9782 train_max_dist: 31.8963 train_imax: 32.9771 train_imin: -21.8373 time: 2.8674s
INFO:root:Epoch: 1560 lr: 0.01 train_loss: 94257.1016 train_distortion: 2.7899 train_mapscore: 0.3625 train_c: -0.9782 train_max_dist: 31.9049 train_imax: 32.8275 train_imin: -21.9833 time: 2.8659s
INFO:root:Epoch: 1565 lr: 0.01 train_loss: 92728.3281 train_distortion: 2.8387 train_mapscore: 0.3934 train_c: -0.9781 train_max_dist: 31.9908 train_imax: 32.9168 train_imin: -22.3129 time: 2.8627s
INFO:root:Epoch: 1570 lr: 0.01 train_loss: 91527.8281 train_distortion: 2.9119 train_mapscore: 0.4155 train_c: -0.9780 train_max_dist: 40.0000 train_imax: 33.1948 train_imin: -22.7963 time: 2.8722s
INFO:root:Epoch: 1575 lr: 0.01 train_loss: 90438.4844 train_distortion: 2.9863 train_mapscore: 0.4427 train_c: -0.9779 train_max_dist: 32.2332 train_imax: 33.4621 train_imin: -23.2024 time: 2.8704s
INFO:root:Epoch: 1580 lr: 0.01 train_loss: 89450.5938 train_distortion: 3.0767 train_mapscore: 0.4667 train_c: -0.9778 train_max_dist: 32.4005 train_imax: 33.8610 train_imin: -23.4703 time: 2.8753s
INFO:root:Epoch: 1585 lr: 0.01 train_loss: 88415.5156 train_distortion: 3.1759 train_mapscore: 0.4939 train_c: -0.9777 train_max_dist: 40.0000 train_imax: 34.3410 train_imin: -23.9374 time: 2.8560s
INFO:root:Epoch: 1590 lr: 0.01 train_loss: 87702.3203 train_distortion: 3.2702 train_mapscore: 0.4975 train_c: -0.9776 train_max_dist: 32.7693 train_imax: 34.8065 train_imin: -24.4258 time: 2.8381s
INFO:root:Epoch: 1595 lr: 0.01 train_loss: 86932.2031 train_distortion: 3.3576 train_mapscore: 0.5184 train_c: -0.9775 train_max_dist: 32.9845 train_imax: 35.2614 train_imin: -24.7541 time: 2.8358s
INFO:root:Epoch: 1600 lr: 0.01 train_loss: 86256.2188 train_distortion: 3.4497 train_mapscore: 0.5361 train_c: -0.9775 train_max_dist: 33.1763 train_imax: 35.7617 train_imin: -25.1323 time: 2.8673s
INFO:root:Epoch: 1605 lr: 0.01 train_loss: 85504.4297 train_distortion: 3.5457 train_mapscore: 0.5575 train_c: -0.9774 train_max_dist: 33.3754 train_imax: 36.3158 train_imin: -25.4600 time: 2.8742s
INFO:root:Epoch: 1610 lr: 0.01 train_loss: 84698.4922 train_distortion: 3.6451 train_mapscore: 0.5754 train_c: -0.9773 train_max_dist: 33.5823 train_imax: 36.8882 train_imin: -25.7897 time: 2.8779s
INFO:root:Epoch: 1615 lr: 0.01 train_loss: 84098.2500 train_distortion: 3.7375 train_mapscore: 0.5822 train_c: -0.9772 train_max_dist: 33.7550 train_imax: 37.4091 train_imin: -25.9949 time: 2.8399s
INFO:root:Epoch: 1620 lr: 0.01 train_loss: 83395.0703 train_distortion: 3.8298 train_mapscore: 0.5997 train_c: -0.9772 train_max_dist: 33.9590 train_imax: 37.9349 train_imin: -26.3699 time: 2.8586s
INFO:root:Epoch: 1625 lr: 0.01 train_loss: 87463.5781 train_distortion: 3.8855 train_mapscore: 0.4264 train_c: -0.9771 train_max_dist: 34.1269 train_imax: 38.2272 train_imin: -26.4312 time: 2.8676s
INFO:root:Epoch: 1630 lr: 0.01 train_loss: 102661.0312 train_distortion: 3.7013 train_mapscore: 0.2818 train_c: -0.9771 train_max_dist: 33.8970 train_imax: 36.9536 train_imin: -31.4243 time: 2.9403s
INFO:root:Epoch: 1635 lr: 0.01 train_loss: 104668.2031 train_distortion: 3.3765 train_mapscore: 0.2645 train_c: -0.9771 train_max_dist: 33.3091 train_imax: 34.6654 train_imin: -24.6934 time: 2.9326s
INFO:root:Epoch: 1640 lr: 0.01 train_loss: 103027.7500 train_distortion: 3.0253 train_mapscore: 0.2640 train_c: -0.9771 train_max_dist: 32.5020 train_imax: 32.1902 train_imin: -20.5894 time: 2.9028s
INFO:root:Epoch: 1645 lr: 0.01 train_loss: 100859.3125 train_distortion: 2.7708 train_mapscore: 0.2812 train_c: -0.9771 train_max_dist: 31.8335 train_imax: 30.3297 train_imin: -19.7688 time: 2.8731s
INFO:root:Epoch: 1650 lr: 0.01 train_loss: 98631.1719 train_distortion: 2.6201 train_mapscore: 0.3027 train_c: -0.9771 train_max_dist: 31.5165 train_imax: 29.1542 train_imin: -19.1214 time: 2.8936s
INFO:root:Epoch: 1655 lr: 0.01 train_loss: 96555.7422 train_distortion: 2.5716 train_mapscore: 0.3218 train_c: -0.9770 train_max_dist: 31.3763 train_imax: 28.6757 train_imin: -18.7962 time: 2.8591s
INFO:root:Epoch: 1660 lr: 0.01 train_loss: 94844.4531 train_distortion: 2.5900 train_mapscore: 0.3418 train_c: -0.9769 train_max_dist: 31.3625 train_imax: 28.6554 train_imin: -18.8756 time: 2.8538s
INFO:root:Epoch: 1665 lr: 0.01 train_loss: 93161.5156 train_distortion: 2.6532 train_mapscore: 0.3662 train_c: -0.9769 train_max_dist: 31.5274 train_imax: 28.9398 train_imin: -19.1240 time: 2.8946s
INFO:root:Epoch: 1670 lr: 0.01 train_loss: 91651.3906 train_distortion: 2.7534 train_mapscore: 0.3909 train_c: -0.9767 train_max_dist: 32.0000 train_imax: 29.4781 train_imin: -19.3737 time: 2.9078s
INFO:root:Epoch: 1675 lr: 0.01 train_loss: 90274.9375 train_distortion: 2.8731 train_mapscore: 0.4142 train_c: -0.9766 train_max_dist: 32.0173 train_imax: 30.1560 train_imin: -19.6558 time: 2.8646s
INFO:root:Epoch: 1680 lr: 0.01 train_loss: 89227.8516 train_distortion: 2.9970 train_mapscore: 0.4324 train_c: -0.9765 train_max_dist: 32.2813 train_imax: 30.8717 train_imin: -19.8753 time: 2.8412s
INFO:root:Epoch: 1685 lr: 0.01 train_loss: 88353.8125 train_distortion: 3.1146 train_mapscore: 0.4507 train_c: -0.9764 train_max_dist: 32.5350 train_imax: 31.5542 train_imin: -20.1945 time: 2.8390s
INFO:root:Epoch: 1690 lr: 0.01 train_loss: 87290.0469 train_distortion: 3.2282 train_mapscore: 0.4749 train_c: -0.9763 train_max_dist: 32.7726 train_imax: 32.2804 train_imin: -20.5953 time: 2.8408s
INFO:root:Epoch: 1695 lr: 0.01 train_loss: 86702.2578 train_distortion: 3.3498 train_mapscore: 0.4778 train_c: -0.9762 train_max_dist: 32.9991 train_imax: 33.0875 train_imin: -20.9838 time: 2.8950s
INFO:root:Epoch: 1700 lr: 0.01 train_loss: 85916.6719 train_distortion: 3.4578 train_mapscore: 0.4944 train_c: -0.9761 train_max_dist: 33.2196 train_imax: 33.7532 train_imin: -21.2641 time: 2.8695s
INFO:root:Epoch: 1705 lr: 0.01 train_loss: 85257.1094 train_distortion: 3.5582 train_mapscore: 0.5075 train_c: -0.9761 train_max_dist: 33.4543 train_imax: 34.3745 train_imin: -21.7081 time: 2.8647s
INFO:root:Epoch: 1710 lr: 0.01 train_loss: 84515.0703 train_distortion: 3.6550 train_mapscore: 0.5285 train_c: -0.9760 train_max_dist: 33.6646 train_imax: 35.0264 train_imin: -25.1075 time: 2.8465s
INFO:root:Epoch: 1715 lr: 0.01 train_loss: 84208.5000 train_distortion: 3.7319 train_mapscore: 0.5117 train_c: -0.9759 train_max_dist: 33.8384 train_imax: 35.4320 train_imin: -26.7763 time: 2.8300s
INFO:root:Epoch: 1720 lr: 0.01 train_loss: 83958.4688 train_distortion: 3.8056 train_mapscore: 0.5207 train_c: -0.9758 train_max_dist: 33.9676 train_imax: 35.7768 train_imin: -26.2950 time: 2.8538s
INFO:root:Epoch: 1725 lr: 0.01 train_loss: 83142.2891 train_distortion: 3.8980 train_mapscore: 0.5522 train_c: -0.9757 train_max_dist: 34.0983 train_imax: 36.3721 train_imin: -25.4925 time: 2.8299s
INFO:root:Epoch: 1730 lr: 0.01 train_loss: 82174.6875 train_distortion: 4.0042 train_mapscore: 0.5817 train_c: -0.9756 train_max_dist: 34.2925 train_imax: 37.0357 train_imin: -25.4635 time: 2.8626s
INFO:root:Epoch: 1735 lr: 0.01 train_loss: 81807.5078 train_distortion: 4.1029 train_mapscore: 0.5768 train_c: -0.9755 train_max_dist: 34.5292 train_imax: 37.7530 train_imin: -25.2585 time: 2.8674s
INFO:root:Epoch: 1740 lr: 0.01 train_loss: 81399.2031 train_distortion: 4.1892 train_mapscore: 0.5847 train_c: -0.9755 train_max_dist: 34.7400 train_imax: 38.4306 train_imin: -25.0660 time: 2.8512s
INFO:root:Epoch: 1745 lr: 0.01 train_loss: 80696.9453 train_distortion: 4.2915 train_mapscore: 0.6087 train_c: -0.9754 train_max_dist: 34.9650 train_imax: 39.2499 train_imin: -24.8653 time: 2.8266s
INFO:root:Epoch: 1750 lr: 0.01 train_loss: 80450.5000 train_distortion: 4.3952 train_mapscore: 0.5939 train_c: -0.9753 train_max_dist: 48.0000 train_imax: 40.1263 train_imin: -25.1095 time: 2.8451s
INFO:root:Epoch: 1755 lr: 0.01 train_loss: 81027.7656 train_distortion: 4.4943 train_mapscore: 0.5584 train_c: -0.9752 train_max_dist: 35.4379 train_imax: 41.0105 train_imin: -25.2734 time: 2.8258s
INFO:root:Epoch: 1760 lr: 0.01 train_loss: 81333.5547 train_distortion: 4.5905 train_mapscore: 0.5444 train_c: -0.9752 train_max_dist: 35.6199 train_imax: 41.8338 train_imin: -25.4936 time: 2.8607s
INFO:root:Epoch: 1765 lr: 0.01 train_loss: 81123.0000 train_distortion: 4.6510 train_mapscore: 0.5555 train_c: -0.9751 train_max_dist: 35.7741 train_imax: 42.2834 train_imin: -25.4283 time: 2.8638s
INFO:root:Epoch: 1770 lr: 0.01 train_loss: 80688.5000 train_distortion: 4.7033 train_mapscore: 0.5546 train_c: -0.9750 train_max_dist: 35.8814 train_imax: 42.6584 train_imin: -25.5982 time: 2.8486s
INFO:root:Epoch: 1775 lr: 0.01 train_loss: 80708.3594 train_distortion: 4.7499 train_mapscore: 0.5538 train_c: -0.9750 train_max_dist: 35.9316 train_imax: 43.1442 train_imin: -25.8293 time: 2.8251s
INFO:root:Epoch: 1780 lr: 0.01 train_loss: 79828.3438 train_distortion: 4.8065 train_mapscore: 0.5802 train_c: -0.9749 train_max_dist: 36.0687 train_imax: 43.6545 train_imin: -25.9599 time: 2.8318s
INFO:root:Epoch: 1785 lr: 0.01 train_loss: 78882.2266 train_distortion: 4.8802 train_mapscore: 0.6135 train_c: -0.9748 train_max_dist: 36.2756 train_imax: 44.2307 train_imin: -26.2063 time: 2.8261s
INFO:root:Epoch: 1790 lr: 0.01 train_loss: 78772.8906 train_distortion: 4.9335 train_mapscore: 0.6018 train_c: -0.9748 train_max_dist: 36.3810 train_imax: 44.7382 train_imin: -26.3150 time: 2.8595s
INFO:root:Epoch: 1795 lr: 0.01 train_loss: 78065.9297 train_distortion: 5.0147 train_mapscore: 0.6271 train_c: -0.9747 train_max_dist: 36.4952 train_imax: 45.4122 train_imin: -26.8134 time: 2.8550s
INFO:root:Epoch: 1800 lr: 0.01 train_loss: 77675.3125 train_distortion: 5.1061 train_mapscore: 0.6300 train_c: -0.9746 train_max_dist: 36.6103 train_imax: 46.1693 train_imin: -27.1876 time: 2.8187s
INFO:root:Epoch: 1805 lr: 0.01 train_loss: 77138.8516 train_distortion: 5.2106 train_mapscore: 0.6439 train_c: -0.9746 train_max_dist: 36.8172 train_imax: 46.8885 train_imin: -27.7998 time: 2.8458s
INFO:root:Epoch: 1810 lr: 0.01 train_loss: 77066.2969 train_distortion: 5.3091 train_mapscore: 0.6373 train_c: -0.9745 train_max_dist: 37.0437 train_imax: 47.5315 train_imin: -28.1713 time: 2.8291s
INFO:root:Epoch: 1815 lr: 0.01 train_loss: 77676.9375 train_distortion: 5.3832 train_mapscore: 0.6117 train_c: -0.9744 train_max_dist: 37.2037 train_imax: 48.1770 train_imin: -28.4758 time: 2.8582s
INFO:root:Epoch: 1820 lr: 0.01 train_loss: 76945.0781 train_distortion: 5.4681 train_mapscore: 0.6382 train_c: -0.9744 train_max_dist: 37.3179 train_imax: 48.7769 train_imin: -28.7633 time: 2.8691s
INFO:root:Epoch: 1825 lr: 0.01 train_loss: 76157.7812 train_distortion: 5.5647 train_mapscore: 0.6556 train_c: -0.9743 train_max_dist: 37.4691 train_imax: 49.4318 train_imin: -29.0318 time: 2.8663s
INFO:root:Epoch: 1830 lr: 0.01 train_loss: 76572.3047 train_distortion: 5.6488 train_mapscore: 0.6306 train_c: -0.9742 train_max_dist: 37.6575 train_imax: 50.0218 train_imin: -29.5993 time: 2.8687s
INFO:root:Epoch: 1835 lr: 0.01 train_loss: 79493.3906 train_distortion: 5.7036 train_mapscore: 0.5442 train_c: -0.9742 train_max_dist: 37.7843 train_imax: 50.4518 train_imin: -30.0871 time: 2.8539s
INFO:root:Epoch: 1840 lr: 0.01 train_loss: 79727.7656 train_distortion: 5.7125 train_mapscore: 0.5412 train_c: -0.9741 train_max_dist: 37.8184 train_imax: 50.6958 train_imin: -33.4903 time: 2.8362s
INFO:root:Epoch: 1845 lr: 0.01 train_loss: 78565.1797 train_distortion: 5.7103 train_mapscore: 0.5667 train_c: -0.9741 train_max_dist: 37.8428 train_imax: 50.8241 train_imin: -31.3339 time: 2.8347s
INFO:root:Epoch: 1850 lr: 0.01 train_loss: 77652.6719 train_distortion: 5.7275 train_mapscore: 0.5948 train_c: -0.9740 train_max_dist: 37.8690 train_imax: 50.8315 train_imin: -30.5527 time: 2.8701s
INFO:root:Epoch: 1855 lr: 0.01 train_loss: 76753.7500 train_distortion: 5.7754 train_mapscore: 0.6203 train_c: -0.9739 train_max_dist: 37.9773 train_imax: 51.3479 train_imin: -29.8711 time: 2.8624s
INFO:root:Epoch: 1860 lr: 0.01 train_loss: 76332.5703 train_distortion: 5.8518 train_mapscore: 0.6316 train_c: -0.9738 train_max_dist: 38.1276 train_imax: 52.0511 train_imin: -29.9282 time: 2.8645s
INFO:root:Epoch: 1865 lr: 0.01 train_loss: 76425.9922 train_distortion: 5.9383 train_mapscore: 0.6317 train_c: -0.9738 train_max_dist: 38.2319 train_imax: 52.5762 train_imin: -30.2794 time: 2.8304s
INFO:root:Epoch: 1870 lr: 0.01 train_loss: 77967.9375 train_distortion: 6.0577 train_mapscore: 0.5813 train_c: -0.9737 train_max_dist: 38.4369 train_imax: 53.3297 train_imin: -34.9988 time: 2.8478s
INFO:root:Epoch: 1875 lr: 0.01 train_loss: 77962.7969 train_distortion: 6.1237 train_mapscore: 0.5915 train_c: -0.9736 train_max_dist: 50.0000 train_imax: 53.9301 train_imin: -40.5209 time: 2.8529s
INFO:root:Epoch: 1880 lr: 0.01 train_loss: 76676.9453 train_distortion: 6.1607 train_mapscore: 0.6203 train_c: -0.9736 train_max_dist: 38.6584 train_imax: 54.2531 train_imin: -37.5029 time: 2.8318s
INFO:root:Epoch: 1885 lr: 0.01 train_loss: 75737.6016 train_distortion: 6.2289 train_mapscore: 0.6503 train_c: -0.9735 train_max_dist: 38.7657 train_imax: 54.5727 train_imin: -34.3089 time: 2.8636s
INFO:root:Epoch: 1890 lr: 0.01 train_loss: 74560.6719 train_distortion: 6.3147 train_mapscore: 0.6832 train_c: -0.9734 train_max_dist: 38.9071 train_imax: 54.8854 train_imin: -33.1716 time: 2.8646s
INFO:root:Epoch: 1895 lr: 0.01 train_loss: 76221.6875 train_distortion: 6.3887 train_mapscore: 0.6127 train_c: -0.9733 train_max_dist: 38.9988 train_imax: 55.4217 train_imin: -32.9253 time: 2.8298s
INFO:root:Epoch: 1900 lr: 0.01 train_loss: 76304.0000 train_distortion: 6.4254 train_mapscore: 0.6167 train_c: -0.9733 train_max_dist: 38.9880 train_imax: 55.6814 train_imin: -31.8629 time: 2.8340s
INFO:root:Epoch: 1905 lr: 0.01 train_loss: 75281.0156 train_distortion: 6.4694 train_mapscore: 0.6463 train_c: -0.9732 train_max_dist: 39.0084 train_imax: 55.8857 train_imin: -32.4228 time: 2.8452s
INFO:root:Epoch: 1910 lr: 0.01 train_loss: 74811.6875 train_distortion: 6.5228 train_mapscore: 0.6594 train_c: -0.9731 train_max_dist: 39.0601 train_imax: 56.1008 train_imin: -33.3409 time: 2.8491s
INFO:root:Epoch: 1915 lr: 0.01 train_loss: 75757.7188 train_distortion: 6.5837 train_mapscore: 0.6227 train_c: -0.9731 train_max_dist: 39.1693 train_imax: 56.0756 train_imin: -34.0486 time: 2.8626s
INFO:root:Epoch: 1920 lr: 0.01 train_loss: 75875.8125 train_distortion: 6.6252 train_mapscore: 0.6203 train_c: -0.9730 train_max_dist: 39.2415 train_imax: 56.1410 train_imin: -35.1602 time: 2.8641s
INFO:root:Epoch: 1925 lr: 0.01 train_loss: 75131.5000 train_distortion: 6.6513 train_mapscore: 0.6434 train_c: -0.9730 train_max_dist: 39.2922 train_imax: 56.1512 train_imin: -36.0303 time: 2.8292s
INFO:root:Epoch: 1930 lr: 0.01 train_loss: 74367.2656 train_distortion: 6.7004 train_mapscore: 0.6596 train_c: -0.9729 train_max_dist: 39.3820 train_imax: 56.4121 train_imin: -36.2263 time: 2.8457s
INFO:root:Epoch: 1935 lr: 0.01 train_loss: 73497.4375 train_distortion: 6.7827 train_mapscore: 0.6855 train_c: -0.9728 train_max_dist: 39.4854 train_imax: 56.8671 train_imin: -36.7775 time: 2.8255s
INFO:root:Epoch: 1940 lr: 0.01 train_loss: 72575.9297 train_distortion: 6.9028 train_mapscore: 0.7114 train_c: -0.9728 train_max_dist: 39.6766 train_imax: 57.8012 train_imin: -37.2933 time: 2.8477s
INFO:root:Epoch: 1945 lr: 0.01 train_loss: 77557.6875 train_distortion: 6.9416 train_mapscore: 0.5694 train_c: -0.9727 train_max_dist: 39.8191 train_imax: 58.0457 train_imin: -37.1942 time: 2.8601s
INFO:root:Epoch: 1950 lr: 0.01 train_loss: 76732.4531 train_distortion: 6.9412 train_mapscore: 0.5875 train_c: -0.9727 train_max_dist: 39.9284 train_imax: 58.0667 train_imin: -37.5474 time: 2.8634s
INFO:root:Epoch: 1955 lr: 0.01 train_loss: 75344.2500 train_distortion: 6.9400 train_mapscore: 0.6172 train_c: -0.9726 train_max_dist: 48.0000 train_imax: 58.1531 train_imin: -37.6439 time: 2.8297s
INFO:root:Epoch: 1960 lr: 0.01 train_loss: 74886.7656 train_distortion: 6.9737 train_mapscore: 0.6180 train_c: -0.9725 train_max_dist: 39.9379 train_imax: 58.2204 train_imin: -37.6961 time: 2.8515s
INFO:root:Epoch: 1965 lr: 0.01 train_loss: 78962.0000 train_distortion: 7.0239 train_mapscore: 0.5332 train_c: -0.9724 train_max_dist: 40.0443 train_imax: 58.7815 train_imin: -37.4481 time: 2.8374s
INFO:root:Epoch: 1970 lr: 0.01 train_loss: 84994.0938 train_distortion: 6.9084 train_mapscore: 0.4456 train_c: -0.9724 train_max_dist: 39.9769 train_imax: 57.6830 train_imin: -36.4688 time: 2.8359s
INFO:root:Epoch: 1975 lr: 0.01 train_loss: 83366.5156 train_distortion: 6.6551 train_mapscore: 0.4681 train_c: -0.9724 train_max_dist: 39.7073 train_imax: 55.7478 train_imin: -34.6173 time: 2.8920s
INFO:root:Epoch: 1980 lr: 0.01 train_loss: 80589.3516 train_distortion: 6.4317 train_mapscore: 0.5041 train_c: -0.9723 train_max_dist: 39.4338 train_imax: 54.3096 train_imin: -31.1319 time: 2.8761s
INFO:root:Epoch: 1985 lr: 0.01 train_loss: 78316.6641 train_distortion: 6.3117 train_mapscore: 0.5497 train_c: -0.9723 train_max_dist: 39.2725 train_imax: 53.8502 train_imin: -29.3769 time: 2.8573s
INFO:root:Epoch: 1990 lr: 0.01 train_loss: 76345.3828 train_distortion: 6.3087 train_mapscore: 0.5890 train_c: -0.9722 train_max_dist: 39.2851 train_imax: 54.0948 train_imin: -28.5333 time: 2.8266s
INFO:root:Epoch: 1995 lr: 0.01 train_loss: 74769.7109 train_distortion: 6.3844 train_mapscore: 0.6250 train_c: -0.9721 train_max_dist: 39.4110 train_imax: 54.7097 train_imin: -31.2059 time: 2.8494s
INFO:root:Epoch: 2000 lr: 0.0025 train_loss: 73438.8125 train_distortion: 6.5258 train_mapscore: 0.6617 train_c: -0.9720 train_max_dist: 39.6091 train_imax: 55.7991 train_imin: -34.4822 time: 2.8326s
INFO:root:Optimization Finished!
INFO:root:Total time elapsed: 5826.2421s
INFO:root:Val set results: val_distortion: 1.0000 val_mapscore: -1.0000 val_c: -1.0000 val_max_dist: 0.0000
INFO:root:Test set results: test_loss: 73422.1719 test_distortion: 6.5467 test_mapscore: 0.6538 test_c: -0.9720 test_max_dist: 39.6393 test_imax: 55.8956 test_imin: -34.7720
INFO:root:Saved model in /workspace/xiongbo/hgcn/logs/md/2021_5_28/3
