INFO:root:Using: cuda:0
INFO:root:Using seed 1234.
INFO:root:MDModel(
  (encoder): HGCN(
    (layers): Sequential(
      (0): HyperbolicGraphConvolution(
        (linear): HypLinear(
          in_features=4159, out_features=10, c=Parameter containing:
          tensor([-1.], requires_grad=True)
        )
        (agg): HypAgg(
          c=Parameter containing:
          tensor([-1.], requires_grad=True)
        )
        (hyp_act): HypAct(
          c_in=Parameter containing:
          tensor([-1.], requires_grad=True), c_out=Parameter containing:
          tensor([-1.], requires_grad=True)
        )
      )
    )
  )
  (decoder): MDDecoder()
)
INFO:root:Total number of parameters: 41602
/workspace/anaconda3/envs/geo/lib/python3.7/site-packages/torch/optim/lr_scheduler.py:370: UserWarning: To get the last learning rate computed by the scheduler, please use `get_last_lr()`.
  "please use `get_last_lr()`.", UserWarning)
INFO:root:Epoch: 0005 lr: 0.01 train_loss: 217452.6562 train_distortion: 0.8757 train_mapscore: 0.0152 train_c: -1.0004 train_max_dist: 2.4048 train_imax: -0.0000 train_imin: -1.4595 time: 3.5290s
INFO:root:Epoch: 0010 lr: 0.01 train_loss: 213260.7656 train_distortion: 0.8294 train_mapscore: 0.0354 train_c: -1.0008 train_max_dist: 3.0359 train_imax: -0.0000 train_imin: -1.5407 time: 3.1536s
INFO:root:Epoch: 0015 lr: 0.01 train_loss: 211605.8125 train_distortion: 0.8070 train_mapscore: 0.0362 train_c: -1.0014 train_max_dist: 3.1650 train_imax: -0.0000 train_imin: -1.7159 time: 3.2171s
INFO:root:Epoch: 0020 lr: 0.01 train_loss: 208543.3125 train_distortion: 0.7681 train_mapscore: 0.0478 train_c: -1.0019 train_max_dist: 4.4219 train_imax: -0.0000 train_imin: -2.0701 time: 3.2215s
INFO:root:Epoch: 0025 lr: 0.01 train_loss: 204486.4219 train_distortion: 0.7132 train_mapscore: 0.0673 train_c: -1.0025 train_max_dist: 8.3668 train_imax: -0.0000 train_imin: -2.3295 time: 3.0691s
INFO:root:Epoch: 0030 lr: 0.01 train_loss: 199354.3438 train_distortion: 0.6415 train_mapscore: 0.0877 train_c: -1.0031 train_max_dist: 9.7656 train_imax: -0.0000 train_imin: -2.5994 time: 2.9957s
INFO:root:Epoch: 0035 lr: 0.01 train_loss: 192959.7500 train_distortion: 0.5519 train_mapscore: 0.1115 train_c: -1.0037 train_max_dist: 10.0000 train_imax: 0.2370 train_imin: -3.0027 time: 2.9361s
INFO:root:Epoch: 0040 lr: 0.01 train_loss: 185304.3125 train_distortion: 0.4498 train_mapscore: 0.1383 train_c: -1.0043 train_max_dist: 10.2500 train_imax: 0.5375 train_imin: -3.7335 time: 2.8880s
INFO:root:Epoch: 0045 lr: 0.01 train_loss: 176492.1562 train_distortion: 0.3490 train_mapscore: 0.1637 train_c: -1.0050 train_max_dist: 11.0000 train_imax: 0.6812 train_imin: -4.5918 time: 2.8861s
INFO:root:Epoch: 0050 lr: 0.01 train_loss: 166499.9219 train_distortion: 0.2678 train_mapscore: 0.1961 train_c: -1.0057 train_max_dist: 10.5217 train_imax: 0.6876 train_imin: -5.6735 time: 2.8466s
INFO:root:Epoch: 0055 lr: 0.01 train_loss: 155411.3750 train_distortion: 0.2246 train_mapscore: 0.2206 train_c: -1.0064 train_max_dist: 12.7422 train_imax: 0.7359 train_imin: -7.7719 time: 2.7693s
INFO:root:Epoch: 0060 lr: 0.01 train_loss: 143340.2031 train_distortion: 0.2521 train_mapscore: 0.2429 train_c: -1.0071 train_max_dist: 15.1761 train_imax: 3.4735 train_imin: -10.7012 time: 2.7494s
INFO:root:Epoch: 0065 lr: 0.01 train_loss: 131094.0625 train_distortion: 0.3962 train_mapscore: 0.2542 train_c: -1.0078 train_max_dist: 17.4356 train_imax: 5.9512 train_imin: -14.6839 time: 2.7170s
INFO:root:Epoch: 0070 lr: 0.01 train_loss: 119138.6250 train_distortion: 0.7029 train_mapscore: 0.2727 train_c: -1.0085 train_max_dist: 20.0129 train_imax: 8.3270 train_imin: -20.8358 time: 2.6913s
INFO:root:Epoch: 0075 lr: 0.01 train_loss: 109701.0625 train_distortion: 1.2006 train_mapscore: 0.2798 train_c: -1.0092 train_max_dist: 23.2039 train_imax: 11.4023 train_imin: -28.5256 time: 2.7197s
INFO:root:Epoch: 0080 lr: 0.01 train_loss: 103271.7344 train_distortion: 1.8768 train_mapscore: 0.2917 train_c: -1.0097 train_max_dist: 25.9983 train_imax: 13.1567 train_imin: -36.0505 time: 2.7125s
INFO:root:Epoch: 0085 lr: 0.01 train_loss: 99815.4531 train_distortion: 2.6259 train_mapscore: 0.3047 train_c: -1.0102 train_max_dist: 28.5869 train_imax: 17.6598 train_imin: -44.9220 time: 2.6988s
INFO:root:Epoch: 0090 lr: 0.01 train_loss: 106949.9141 train_distortion: 3.1289 train_mapscore: 0.2421 train_c: -1.0105 train_max_dist: 29.6685 train_imax: 24.2099 train_imin: -53.9889 time: 2.6770s
INFO:root:Epoch: 0095 lr: 0.01 train_loss: 105533.4844 train_distortion: 3.3344 train_mapscore: 0.2417 train_c: -1.0106 train_max_dist: 30.3950 train_imax: 25.5675 train_imin: -58.1176 time: 2.6753s
INFO:root:Epoch: 0100 lr: 0.01 train_loss: 105472.0938 train_distortion: 3.3276 train_mapscore: 0.2362 train_c: -1.0106 train_max_dist: 30.5845 train_imax: 25.0720 train_imin: -57.1761 time: 2.6798s
INFO:root:Epoch: 0105 lr: 0.01 train_loss: 100040.7344 train_distortion: 3.2651 train_mapscore: 0.2677 train_c: -1.0106 train_max_dist: 30.6538 train_imax: 24.9824 train_imin: -53.8705 time: 2.6971s
INFO:root:Epoch: 0110 lr: 0.01 train_loss: 96157.2266 train_distortion: 3.2933 train_mapscore: 0.2920 train_c: -1.0105 train_max_dist: 30.8740 train_imax: 25.8681 train_imin: -50.9758 time: 2.6768s
INFO:root:Epoch: 0115 lr: 0.01 train_loss: 94305.0156 train_distortion: 3.4618 train_mapscore: 0.3089 train_c: -1.0106 train_max_dist: 31.3110 train_imax: 26.8704 train_imin: -52.5889 time: 2.6662s
INFO:root:Epoch: 0120 lr: 0.01 train_loss: 90291.5938 train_distortion: 3.7332 train_mapscore: 0.3398 train_c: -1.0106 train_max_dist: 31.9814 train_imax: 28.7041 train_imin: -54.3456 time: 2.6112s
INFO:root:Epoch: 0125 lr: 0.01 train_loss: 86960.6406 train_distortion: 4.1254 train_mapscore: 0.3689 train_c: -1.0106 train_max_dist: 32.9634 train_imax: 30.8472 train_imin: -58.5577 time: 2.6122s
INFO:root:Epoch: 0130 lr: 0.01 train_loss: 85752.6406 train_distortion: 4.6156 train_mapscore: 0.3791 train_c: -1.0106 train_max_dist: 33.9336 train_imax: 32.6500 train_imin: -62.4559 time: 2.6058s
INFO:root:Epoch: 0135 lr: 0.01 train_loss: 97631.1562 train_distortion: 4.7837 train_mapscore: 0.2807 train_c: -1.0106 train_max_dist: 34.5942 train_imax: 32.5585 train_imin: -63.8811 time: 2.6231s
INFO:root:Epoch: 0140 lr: 0.01 train_loss: 98689.0312 train_distortion: 4.6518 train_mapscore: 0.2740 train_c: -1.0105 train_max_dist: 34.3975 train_imax: 32.5149 train_imin: -62.0327 time: 2.6761s
INFO:root:Epoch: 0145 lr: 0.01 train_loss: 94392.2969 train_distortion: 4.4559 train_mapscore: 0.2982 train_c: -1.0104 train_max_dist: 34.0664 train_imax: 31.9971 train_imin: -61.8162 time: 2.6863s
INFO:root:Epoch: 0150 lr: 0.01 train_loss: 90931.7422 train_distortion: 4.4086 train_mapscore: 0.3255 train_c: -1.0102 train_max_dist: 33.9873 train_imax: 34.0969 train_imin: -59.2721 time: 2.6321s
INFO:root:Epoch: 0155 lr: 0.01 train_loss: 92402.9844 train_distortion: 4.5528 train_mapscore: 0.3097 train_c: -1.0101 train_max_dist: 34.2461 train_imax: 34.9896 train_imin: -62.8826 time: 2.6458s
INFO:root:Epoch: 0160 lr: 0.01 train_loss: 89396.4375 train_distortion: 4.7338 train_mapscore: 0.3374 train_c: -1.0099 train_max_dist: 34.6045 train_imax: 36.3765 train_imin: -65.9948 time: 2.6455s
INFO:root:Epoch: 0165 lr: 0.01 train_loss: 85599.3516 train_distortion: 5.0312 train_mapscore: 0.3775 train_c: -1.0098 train_max_dist: 35.2490 train_imax: 39.0097 train_imin: -70.4105 time: 2.6226s
INFO:root:Epoch: 0170 lr: 0.01 train_loss: 82330.6484 train_distortion: 5.4883 train_mapscore: 0.4139 train_c: -1.0097 train_max_dist: 36.0996 train_imax: 42.6165 train_imin: -75.3174 time: 2.6534s
INFO:root:Epoch: 0175 lr: 0.01 train_loss: 82115.1094 train_distortion: 6.0293 train_mapscore: 0.4181 train_c: -1.0097 train_max_dist: 37.0078 train_imax: 46.2751 train_imin: -83.4158 time: 2.6536s
INFO:root:Epoch: 0180 lr: 0.01 train_loss: 82333.5078 train_distortion: 6.5368 train_mapscore: 0.4194 train_c: -1.0095 train_max_dist: 38.0176 train_imax: 51.0961 train_imin: -88.7291 time: 2.6220s
INFO:root:Epoch: 0185 lr: 0.01 train_loss: 88656.7500 train_distortion: 6.8413 train_mapscore: 0.3643 train_c: -1.0093 train_max_dist: 38.5371 train_imax: 52.2693 train_imin: -93.4592 time: 2.6193s
INFO:root:Epoch: 0190 lr: 0.01 train_loss: 89083.7656 train_distortion: 6.7084 train_mapscore: 0.3649 train_c: -1.0090 train_max_dist: 38.4287 train_imax: 51.3306 train_imin: -89.3961 time: 2.6316s
INFO:root:Epoch: 0195 lr: 0.01 train_loss: 86979.9141 train_distortion: 6.4328 train_mapscore: 0.3749 train_c: -1.0087 train_max_dist: 37.9199 train_imax: 48.6221 train_imin: -84.0369 time: 2.6242s
INFO:root:Epoch: 0200 lr: 0.01 train_loss: 92880.6250 train_distortion: 6.2515 train_mapscore: 0.3174 train_c: -1.0083 train_max_dist: 48.0000 train_imax: 57.8923 train_imin: -80.9178 time: 2.6790s
INFO:root:Epoch: 0205 lr: 0.01 train_loss: 109135.3516 train_distortion: 5.6007 train_mapscore: 0.2290 train_c: -1.0080 train_max_dist: 36.4336 train_imax: 43.3643 train_imin: -73.8668 time: 2.7080s
INFO:root:Epoch: 0210 lr: 0.01 train_loss: 131678.4062 train_distortion: 4.5733 train_mapscore: 0.1554 train_c: -1.0077 train_max_dist: 34.5684 train_imax: 38.3752 train_imin: -60.8030 time: 2.7659s
INFO:root:Epoch: 0215 lr: 0.01 train_loss: 138160.7344 train_distortion: 3.0553 train_mapscore: 0.1317 train_c: -1.0074 train_max_dist: 30.9331 train_imax: 29.1561 train_imin: -46.4366 time: 2.8160s
INFO:root:Epoch: 0220 lr: 0.01 train_loss: 134625.8438 train_distortion: 1.9677 train_mapscore: 0.1325 train_c: -1.0070 train_max_dist: 27.4990 train_imax: 20.5050 train_imin: -33.6442 time: 2.8050s
INFO:root:Epoch: 0225 lr: 0.01 train_loss: 132152.5000 train_distortion: 1.4358 train_mapscore: 0.1408 train_c: -1.0068 train_max_dist: 25.3550 train_imax: 15.6780 train_imin: -28.1395 time: 2.8077s
INFO:root:Epoch: 0230 lr: 0.01 train_loss: 131372.5312 train_distortion: 1.3002 train_mapscore: 0.1403 train_c: -1.0068 train_max_dist: 24.7363 train_imax: 16.6968 train_imin: -27.2871 time: 2.8386s
INFO:root:Epoch: 0235 lr: 0.01 train_loss: 129802.3203 train_distortion: 1.3532 train_mapscore: 0.1434 train_c: -1.0070 train_max_dist: 25.0104 train_imax: 19.6077 train_imin: -29.1656 time: 2.8542s
INFO:root:Epoch: 0240 lr: 0.01 train_loss: 125506.5312 train_distortion: 1.5020 train_mapscore: 0.1616 train_c: -1.0072 train_max_dist: 25.6873 train_imax: 23.0399 train_imin: -31.6944 time: 2.8313s
INFO:root:Epoch: 0245 lr: 0.01 train_loss: 121216.5781 train_distortion: 1.7419 train_mapscore: 0.1787 train_c: -1.0074 train_max_dist: 26.6572 train_imax: 25.5547 train_imin: -34.8835 time: 2.7693s
INFO:root:Epoch: 0250 lr: 0.01 train_loss: 116383.6406 train_distortion: 2.0712 train_mapscore: 0.2081 train_c: -1.0077 train_max_dist: 27.8057 train_imax: 28.3787 train_imin: -38.6590 time: 2.7558s
INFO:root:Epoch: 0255 lr: 0.01 train_loss: 111925.7031 train_distortion: 2.4813 train_mapscore: 0.2414 train_c: -1.0079 train_max_dist: 29.0591 train_imax: 31.6389 train_imin: -43.5311 time: 2.7352s
INFO:root:Epoch: 0260 lr: 0.01 train_loss: 125137.9141 train_distortion: 2.7228 train_mapscore: 0.1554 train_c: -1.0083 train_max_dist: 29.8652 train_imax: 32.5143 train_imin: -44.7179 time: 2.7806s
INFO:root:Epoch: 0265 lr: 0.01 train_loss: 123859.2812 train_distortion: 2.6491 train_mapscore: 0.1610 train_c: -1.0085 train_max_dist: 29.5908 train_imax: 29.9712 train_imin: -42.3779 time: 2.8067s
INFO:root:Epoch: 0270 lr: 0.01 train_loss: 119648.2969 train_distortion: 2.4987 train_mapscore: 0.1827 train_c: -1.0085 train_max_dist: 29.2837 train_imax: 27.3796 train_imin: -39.6371 time: 2.7860s
INFO:root:Epoch: 0275 lr: 0.01 train_loss: 115389.0938 train_distortion: 2.4494 train_mapscore: 0.2034 train_c: -1.0086 train_max_dist: 29.2524 train_imax: 26.1660 train_imin: -39.0549 time: 2.7496s
INFO:root:Epoch: 0280 lr: 0.01 train_loss: 111623.9609 train_distortion: 2.5525 train_mapscore: 0.2310 train_c: -1.0086 train_max_dist: 29.6074 train_imax: 26.3753 train_imin: -40.4766 time: 2.7353s
INFO:root:Epoch: 0285 lr: 0.01 train_loss: 108787.9688 train_distortion: 2.7788 train_mapscore: 0.2452 train_c: -1.0087 train_max_dist: 30.2656 train_imax: 27.5802 train_imin: -42.9820 time: 2.7148s
INFO:root:Epoch: 0290 lr: 0.01 train_loss: 105702.1797 train_distortion: 3.1452 train_mapscore: 0.2733 train_c: -1.0088 train_max_dist: 31.3594 train_imax: 30.0932 train_imin: -46.8449 time: 2.7113s
INFO:root:Epoch: 0295 lr: 0.01 train_loss: 102435.8750 train_distortion: 3.5967 train_mapscore: 0.3111 train_c: -1.0088 train_max_dist: 32.5840 train_imax: 34.4546 train_imin: -51.2534 time: 2.7269s
INFO:root:Epoch: 0300 lr: 0.01 train_loss: 101587.5781 train_distortion: 4.0919 train_mapscore: 0.3011 train_c: -1.0088 train_max_dist: 50.0000 train_imax: 37.2153 train_imin: -56.2156 time: 2.7407s
INFO:root:Epoch: 0305 lr: 0.01 train_loss: 100062.0625 train_distortion: 4.5484 train_mapscore: 0.3169 train_c: -1.0087 train_max_dist: 34.8467 train_imax: 41.3598 train_imin: -61.2465 time: 2.6997s
INFO:root:Epoch: 0310 lr: 0.01 train_loss: 97142.5469 train_distortion: 4.9700 train_mapscore: 0.3541 train_c: -1.0086 train_max_dist: 35.7734 train_imax: 43.5968 train_imin: -65.8155 time: 2.7108s
INFO:root:Epoch: 0315 lr: 0.01 train_loss: 95859.8906 train_distortion: 5.4183 train_mapscore: 0.3673 train_c: -1.0084 train_max_dist: 36.6582 train_imax: 47.2892 train_imin: -70.2129 time: 2.6824s
INFO:root:Epoch: 0320 lr: 0.01 train_loss: 93986.9062 train_distortion: 5.8819 train_mapscore: 0.3890 train_c: -1.0082 train_max_dist: 37.5234 train_imax: 52.3083 train_imin: -74.7311 time: 2.6759s
INFO:root:Epoch: 0325 lr: 0.01 train_loss: 134468.1875 train_distortion: 5.7689 train_mapscore: 0.1653 train_c: -1.0079 train_max_dist: 37.7168 train_imax: 47.3689 train_imin: -72.8753 time: 2.7698s
INFO:root:Epoch: 0330 lr: 0.01 train_loss: 143013.6562 train_distortion: 4.0609 train_mapscore: 0.1270 train_c: -1.0072 train_max_dist: 34.6943 train_imax: 33.4726 train_imin: -55.1631 time: 2.8267s
INFO:root:Epoch: 0335 lr: 0.01 train_loss: 142001.2188 train_distortion: 2.5502 train_mapscore: 0.1178 train_c: -1.0065 train_max_dist: 30.9844 train_imax: 24.6367 train_imin: -39.1939 time: 2.8279s
INFO:root:Epoch: 0340 lr: 0.01 train_loss: 138646.7812 train_distortion: 1.5958 train_mapscore: 0.1214 train_c: -1.0060 train_max_dist: 27.6611 train_imax: 18.4617 train_imin: -28.5488 time: 2.8345s
INFO:root:Epoch: 0345 lr: 0.01 train_loss: 136037.3438 train_distortion: 1.1507 train_mapscore: 0.1315 train_c: -1.0057 train_max_dist: 25.5520 train_imax: 14.2872 train_imin: -23.5524 time: 2.8118s
INFO:root:Epoch: 0350 lr: 0.01 train_loss: 133480.3438 train_distortion: 1.0166 train_mapscore: 0.1441 train_c: -1.0057 train_max_dist: 24.7725 train_imax: 13.0413 train_imin: -21.9352 time: 2.7996s
INFO:root:Epoch: 0355 lr: 0.01 train_loss: 130253.0938 train_distortion: 1.0727 train_mapscore: 0.1597 train_c: -1.0059 train_max_dist: 25.0630 train_imax: 13.5206 train_imin: -22.5775 time: 2.8072s
INFO:root:Epoch: 0360 lr: 0.01 train_loss: 125994.0781 train_distortion: 1.2814 train_mapscore: 0.1795 train_c: -1.0062 train_max_dist: 26.1211 train_imax: 14.7573 train_imin: -24.9315 time: 2.7907s
INFO:root:Epoch: 0365 lr: 0.01 train_loss: 121609.6094 train_distortion: 1.6217 train_mapscore: 0.1966 train_c: -1.0065 train_max_dist: 27.6235 train_imax: 16.5267 train_imin: -28.5904 time: 2.7958s
INFO:root:Epoch: 0370 lr: 0.01 train_loss: 117287.2734 train_distortion: 2.0655 train_mapscore: 0.2242 train_c: -1.0068 train_max_dist: 29.2891 train_imax: 19.8657 train_imin: -33.2298 time: 2.7601s
INFO:root:Epoch: 0375 lr: 0.01 train_loss: 113473.0625 train_distortion: 2.5642 train_mapscore: 0.2593 train_c: -1.0070 train_max_dist: 30.9092 train_imax: 22.7683 train_imin: -38.4031 time: 2.7615s
INFO:root:Epoch: 0380 lr: 0.01 train_loss: 110600.8359 train_distortion: 3.0736 train_mapscore: 0.2831 train_c: -1.0071 train_max_dist: 32.3506 train_imax: 26.0205 train_imin: -43.5006 time: 2.7443s
INFO:root:Epoch: 0385 lr: 0.01 train_loss: 108023.2500 train_distortion: 3.5444 train_mapscore: 0.3000 train_c: -1.0071 train_max_dist: 33.5635 train_imax: 29.5254 train_imin: -48.2378 time: 2.7460s
INFO:root:Epoch: 0390 lr: 0.01 train_loss: 106522.7109 train_distortion: 3.9231 train_mapscore: 0.3033 train_c: -1.0071 train_max_dist: 34.4531 train_imax: 32.1852 train_imin: -52.1071 time: 2.8405s
INFO:root:Epoch: 0395 lr: 0.01 train_loss: 106033.7031 train_distortion: 4.2633 train_mapscore: 0.2933 train_c: -1.0070 train_max_dist: 35.1963 train_imax: 35.8591 train_imin: -55.1599 time: 2.7610s
INFO:root:Epoch: 0400 lr: 0.01 train_loss: 103782.4062 train_distortion: 4.5425 train_mapscore: 0.3133 train_c: -1.0068 train_max_dist: 35.7939 train_imax: 42.0932 train_imin: -57.2975 time: 2.7216s
INFO:root:Epoch: 0405 lr: 0.01 train_loss: 104985.4844 train_distortion: 4.7710 train_mapscore: 0.2897 train_c: -1.0067 train_max_dist: 36.2549 train_imax: 44.2414 train_imin: -59.4903 time: 2.7176s
INFO:root:Epoch: 0410 lr: 0.01 train_loss: 102277.8594 train_distortion: 4.9314 train_mapscore: 0.3159 train_c: -1.0064 train_max_dist: 48.0000 train_imax: 45.6836 train_imin: -61.5352 time: 2.7121s
INFO:root:Epoch: 0415 lr: 0.01 train_loss: 100378.0859 train_distortion: 5.1179 train_mapscore: 0.3313 train_c: -1.0061 train_max_dist: 37.0039 train_imax: 47.6902 train_imin: -62.9557 time: 2.6971s
INFO:root:Epoch: 0420 lr: 0.01 train_loss: 100797.4219 train_distortion: 5.2957 train_mapscore: 0.3198 train_c: -1.0059 train_max_dist: 37.4199 train_imax: 49.5342 train_imin: -65.2112 time: 2.7241s
INFO:root:Epoch: 0425 lr: 0.01 train_loss: 98150.1562 train_distortion: 5.4767 train_mapscore: 0.3521 train_c: -1.0056 train_max_dist: 37.7559 train_imax: 51.1291 train_imin: -66.5803 time: 2.7174s
INFO:root:Epoch: 0430 lr: 0.01 train_loss: 96461.5234 train_distortion: 5.7373 train_mapscore: 0.3726 train_c: -1.0053 train_max_dist: 38.2383 train_imax: 52.9902 train_imin: -69.1013 time: 2.7001s
INFO:root:Epoch: 0435 lr: 0.01 train_loss: 99220.1406 train_distortion: 5.9691 train_mapscore: 0.3201 train_c: -1.0050 train_max_dist: 38.6719 train_imax: 54.4722 train_imin: -72.6999 time: 2.6831s
INFO:root:Epoch: 0440 lr: 0.01 train_loss: 97706.3281 train_distortion: 6.1612 train_mapscore: 0.3359 train_c: -1.0047 train_max_dist: 39.0371 train_imax: 56.4013 train_imin: -73.2708 time: 2.6868s
INFO:root:Epoch: 0445 lr: 0.01 train_loss: 95676.6562 train_distortion: 6.3451 train_mapscore: 0.3681 train_c: -1.0044 train_max_dist: 50.0000 train_imax: 59.0866 train_imin: -75.2670 time: 2.6709s
INFO:root:Epoch: 0450 lr: 0.01 train_loss: 94865.1953 train_distortion: 6.5950 train_mapscore: 0.3721 train_c: -1.0041 train_max_dist: 39.7656 train_imax: 61.4227 train_imin: -78.5685 time: 2.7111s
INFO:root:Epoch: 0455 lr: 0.01 train_loss: 101279.4531 train_distortion: 6.7005 train_mapscore: 0.2969 train_c: -1.0037 train_max_dist: 50.0000 train_imax: 59.6348 train_imin: -82.3413 time: 2.7144s
INFO:root:Epoch: 0460 lr: 0.01 train_loss: 98388.6406 train_distortion: 6.5723 train_mapscore: 0.3233 train_c: -1.0033 train_max_dist: 48.0000 train_imax: 56.6982 train_imin: -81.1305 time: 2.6776s
INFO:root:Epoch: 0465 lr: 0.01 train_loss: 95554.0781 train_distortion: 6.4916 train_mapscore: 0.3525 train_c: -1.0029 train_max_dist: 48.0000 train_imax: 55.1191 train_imin: -81.0582 time: 2.6816s
INFO:root:Epoch: 0470 lr: 0.01 train_loss: 95659.6875 train_distortion: 6.5613 train_mapscore: 0.3446 train_c: -1.0025 train_max_dist: 39.6602 train_imax: 56.3156 train_imin: -82.3689 time: 2.6667s
INFO:root:Epoch: 0475 lr: 0.01 train_loss: 94782.8828 train_distortion: 6.7177 train_mapscore: 0.3513 train_c: -1.0021 train_max_dist: 50.0000 train_imax: 57.7574 train_imin: -84.1652 time: 2.6805s
INFO:root:Epoch: 0480 lr: 0.01 train_loss: 92160.6562 train_distortion: 6.9791 train_mapscore: 0.3823 train_c: -1.0018 train_max_dist: 40.3750 train_imax: 60.7257 train_imin: -85.7660 time: 2.7005s
INFO:root:Epoch: 0485 lr: 0.01 train_loss: 96045.4453 train_distortion: 7.3311 train_mapscore: 0.3290 train_c: -1.0014 train_max_dist: 40.9141 train_imax: 63.3557 train_imin: -88.7627 time: 2.8087s
INFO:root:Epoch: 0490 lr: 0.01 train_loss: 94873.2578 train_distortion: 7.4759 train_mapscore: 0.3468 train_c: -1.0010 train_max_dist: 50.0000 train_imax: 65.6651 train_imin: -90.2610 time: 2.7137s
INFO:root:Epoch: 0495 lr: 0.01 train_loss: 92977.0547 train_distortion: 7.5204 train_mapscore: 0.3719 train_c: -1.0006 train_max_dist: 41.1992 train_imax: 67.0371 train_imin: -90.3200 time: 2.6611s
INFO:root:Epoch: 0500 lr: 0.01 train_loss: 90931.4609 train_distortion: 7.5836 train_mapscore: 0.3961 train_c: -1.0003 train_max_dist: 41.2812 train_imax: 68.2776 train_imin: -91.2486 time: 2.6535s
INFO:root:Epoch: 0505 lr: 0.01 train_loss: 89166.0156 train_distortion: 7.8114 train_mapscore: 0.4215 train_c: -0.9999 train_max_dist: 41.5996 train_imax: 69.8344 train_imin: -93.1270 time: 2.6690s
INFO:root:Epoch: 0510 lr: 0.01 train_loss: 87650.8516 train_distortion: 8.2092 train_mapscore: 0.4318 train_c: -0.9995 train_max_dist: 48.0000 train_imax: 72.7944 train_imin: -96.6556 time: 2.6614s
INFO:root:Epoch: 0515 lr: 0.01 train_loss: 86108.3750 train_distortion: 8.7913 train_mapscore: 0.4581 train_c: -0.9991 train_max_dist: 43.0742 train_imax: 77.2642 train_imin: -105.4607 time: 2.6961s
INFO:root:Epoch: 0520 lr: 0.01 train_loss: 98245.2969 train_distortion: 9.3662 train_mapscore: 0.3282 train_c: -0.9986 train_max_dist: 48.0000 train_imax: 81.1687 train_imin: -111.7968 time: 2.6937s
INFO:root:Epoch: 0525 lr: 0.01 train_loss: 100913.5000 train_distortion: 8.9662 train_mapscore: 0.2995 train_c: -0.9980 train_max_dist: 43.3320 train_imax: 77.9638 train_imin: -104.6163 time: 2.6759s
INFO:root:Epoch: 0530 lr: 0.01 train_loss: 99807.5000 train_distortion: 7.9871 train_mapscore: 0.3011 train_c: -0.9973 train_max_dist: 41.9727 train_imax: 71.0762 train_imin: -93.7289 time: 2.6714s
INFO:root:Epoch: 0535 lr: 0.01 train_loss: 96666.3594 train_distortion: 7.0724 train_mapscore: 0.3235 train_c: -0.9967 train_max_dist: 40.5176 train_imax: 62.0033 train_imin: -83.5085 time: 2.6615s
INFO:root:Epoch: 0540 lr: 0.01 train_loss: 95271.8438 train_distortion: 6.5415 train_mapscore: 0.3387 train_c: -0.9963 train_max_dist: 39.6270 train_imax: 56.7832 train_imin: -78.1270 time: 2.6639s
INFO:root:Epoch: 0545 lr: 0.01 train_loss: 92990.9375 train_distortion: 6.4412 train_mapscore: 0.3569 train_c: -0.9959 train_max_dist: 39.4805 train_imax: 55.2663 train_imin: -78.4123 time: 2.7017s
INFO:root:Epoch: 0550 lr: 0.01 train_loss: 90466.4844 train_distortion: 6.7025 train_mapscore: 0.3957 train_c: -0.9956 train_max_dist: 50.0000 train_imax: 55.7256 train_imin: -80.5076 time: 2.6911s
INFO:root:Epoch: 0555 lr: 0.01 train_loss: 88558.1250 train_distortion: 7.2677 train_mapscore: 0.4087 train_c: -0.9954 train_max_dist: 40.8223 train_imax: 60.1006 train_imin: -86.9453 time: 2.6574s
INFO:root:Epoch: 0560 lr: 0.01 train_loss: 94810.5078 train_distortion: 8.0040 train_mapscore: 0.3305 train_c: -0.9951 train_max_dist: 50.0000 train_imax: 67.0623 train_imin: -95.3779 time: 2.6661s
INFO:root:Epoch: 0565 lr: 0.01 train_loss: 110289.0312 train_distortion: 7.8845 train_mapscore: 0.2382 train_c: -0.9948 train_max_dist: 41.7090 train_imax: 63.4062 train_imin: -97.8772 time: 2.6747s
INFO:root:Epoch: 0570 lr: 0.01 train_loss: 108195.7422 train_distortion: 6.7056 train_mapscore: 0.2435 train_c: -0.9943 train_max_dist: 48.0000 train_imax: 53.6297 train_imin: -86.2126 time: 2.6839s
INFO:root:Epoch: 0575 lr: 0.01 train_loss: 103624.1328 train_distortion: 5.5857 train_mapscore: 0.2657 train_c: -0.9938 train_max_dist: 37.6758 train_imax: 48.8482 train_imin: -71.3441 time: 2.7190s
INFO:root:Epoch: 0580 lr: 0.01 train_loss: 100075.1250 train_distortion: 4.9789 train_mapscore: 0.2962 train_c: -0.9934 train_max_dist: 36.4512 train_imax: 43.2475 train_imin: -66.2157 time: 2.7146s
INFO:root:Epoch: 0585 lr: 0.01 train_loss: 96796.6562 train_distortion: 4.9440 train_mapscore: 0.3268 train_c: -0.9932 train_max_dist: 36.3389 train_imax: 42.0057 train_imin: -65.1055 time: 2.6653s
INFO:root:Epoch: 0590 lr: 0.01 train_loss: 93787.1016 train_distortion: 5.3820 train_mapscore: 0.3693 train_c: -0.9930 train_max_dist: 37.1602 train_imax: 46.6462 train_imin: -69.7525 time: 2.6577s
INFO:root:Epoch: 0595 lr: 0.01 train_loss: 90807.4375 train_distortion: 6.1719 train_mapscore: 0.3948 train_c: -0.9929 train_max_dist: 38.6367 train_imax: 52.7760 train_imin: -78.1174 time: 2.6449s
INFO:root:Epoch: 0600 lr: 0.01 train_loss: 91387.7422 train_distortion: 7.1020 train_mapscore: 0.3784 train_c: -0.9927 train_max_dist: 40.2598 train_imax: 59.9470 train_imin: -87.5836 time: 2.6657s
INFO:root:Epoch: 0605 lr: 0.01 train_loss: 94067.9922 train_distortion: 8.0025 train_mapscore: 0.3541 train_c: -0.9925 train_max_dist: 41.7168 train_imax: 68.2862 train_imin: -96.9892 time: 2.6990s
INFO:root:Epoch: 0610 lr: 0.01 train_loss: 93597.7500 train_distortion: 8.5500 train_mapscore: 0.3590 train_c: -0.9922 train_max_dist: 42.5156 train_imax: 71.1255 train_imin: -102.0885 time: 2.7048s
INFO:root:Epoch: 0615 lr: 0.01 train_loss: 91407.8125 train_distortion: 8.8010 train_mapscore: 0.3863 train_c: -0.9918 train_max_dist: 50.0000 train_imax: 77.6846 train_imin: -105.5750 time: 2.6972s
INFO:root:Epoch: 0620 lr: 0.01 train_loss: 98179.2188 train_distortion: 8.8429 train_mapscore: 0.3181 train_c: -0.9914 train_max_dist: 50.0000 train_imax: 79.6101 train_imin: -101.6961 time: 2.6634s
INFO:root:Epoch: 0625 lr: 0.01 train_loss: 100337.2188 train_distortion: 8.3192 train_mapscore: 0.3017 train_c: -0.9908 train_max_dist: 42.2109 train_imax: 74.4640 train_imin: -97.3415 time: 2.6748s
INFO:root:Epoch: 0630 lr: 0.01 train_loss: 97603.4062 train_distortion: 7.5027 train_mapscore: 0.3199 train_c: -0.9902 train_max_dist: 41.0156 train_imax: 67.5741 train_imin: -88.9724 time: 2.6717s
INFO:root:Epoch: 0635 lr: 0.01 train_loss: 94763.4688 train_distortion: 6.9509 train_mapscore: 0.3469 train_c: -0.9897 train_max_dist: 40.1172 train_imax: 60.3147 train_imin: -82.2047 time: 2.7038s
INFO:root:Epoch: 0640 lr: 0.01 train_loss: 93440.1953 train_distortion: 6.8401 train_mapscore: 0.3574 train_c: -0.9894 train_max_dist: 39.9551 train_imax: 57.9087 train_imin: -80.8286 time: 2.6955s
INFO:root:Epoch: 0645 lr: 0.01 train_loss: 91265.3281 train_distortion: 7.0814 train_mapscore: 0.3793 train_c: -0.9890 train_max_dist: 40.3574 train_imax: 58.8621 train_imin: -83.0139 time: 2.6936s
INFO:root:Epoch: 0650 lr: 0.01 train_loss: 89452.1250 train_distortion: 7.6115 train_mapscore: 0.3993 train_c: -0.9887 train_max_dist: 41.1855 train_imax: 62.5120 train_imin: -88.8194 time: 2.6566s
INFO:root:Epoch: 0655 lr: 0.01 train_loss: 87564.1641 train_distortion: 8.3477 train_mapscore: 0.4309 train_c: -0.9883 train_max_dist: 42.2305 train_imax: 69.6042 train_imin: -96.8021 time: 2.6682s
INFO:root:Epoch: 0660 lr: 0.01 train_loss: 87127.9531 train_distortion: 9.1310 train_mapscore: 0.4304 train_c: -0.9880 train_max_dist: 43.3027 train_imax: 75.0493 train_imin: -103.8157 time: 2.6632s
INFO:root:Epoch: 0665 lr: 0.01 train_loss: 85275.0781 train_distortion: 9.8309 train_mapscore: 0.4645 train_c: -0.9876 train_max_dist: 48.0000 train_imax: 79.7218 train_imin: -111.4785 time: 2.6569s
INFO:root:Epoch: 0670 lr: 0.01 train_loss: 89759.3594 train_distortion: 10.4181 train_mapscore: 0.4036 train_c: -0.9872 train_max_dist: 45.0078 train_imax: 86.0912 train_imin: -118.9780 time: 2.6859s
INFO:root:Epoch: 0675 lr: 0.01 train_loss: 95339.4062 train_distortion: 10.3041 train_mapscore: 0.3503 train_c: -0.9868 train_max_dist: 44.8945 train_imax: 85.3172 train_imin: -118.2644 time: 2.6955s
INFO:root:Epoch: 0680 lr: 0.01 train_loss: 95299.8438 train_distortion: 9.4285 train_mapscore: 0.3454 train_c: -0.9863 train_max_dist: 48.0000 train_imax: 77.0155 train_imin: -122.6599 time: 2.6752s
INFO:root:Epoch: 0685 lr: 0.01 train_loss: 92002.9062 train_distortion: 8.4657 train_mapscore: 0.3705 train_c: -0.9858 train_max_dist: 42.2305 train_imax: 69.5896 train_imin: -110.8047 time: 2.6587s
INFO:root:Epoch: 0690 lr: 0.01 train_loss: 88418.7734 train_distortion: 8.0196 train_mapscore: 0.4125 train_c: -0.9854 train_max_dist: 50.0000 train_imax: 66.9627 train_imin: -103.7469 time: 2.6550s
INFO:root:Epoch: 0695 lr: 0.01 train_loss: 85043.2578 train_distortion: 8.1770 train_mapscore: 0.4607 train_c: -0.9850 train_max_dist: 48.0000 train_imax: 67.4853 train_imin: -106.5142 time: 2.6469s
INFO:root:Epoch: 0700 lr: 0.01 train_loss: 82319.6875 train_distortion: 8.8861 train_mapscore: 0.5044 train_c: -0.9847 train_max_dist: 42.7070 train_imax: 72.7538 train_imin: -115.1070 time: 2.6756s
INFO:root:Epoch: 0705 lr: 0.01 train_loss: 80322.1562 train_distortion: 10.0076 train_mapscore: 0.5310 train_c: -0.9844 train_max_dist: 50.0000 train_imax: 81.6782 train_imin: -128.6248 time: 2.6755s
INFO:root:Epoch: 0710 lr: 0.01 train_loss: 80368.7969 train_distortion: 11.3017 train_mapscore: 0.5348 train_c: -0.9840 train_max_dist: 45.8398 train_imax: 92.6076 train_imin: -144.3094 time: 2.6486s
INFO:root:Epoch: 0715 lr: 0.01 train_loss: 111654.8203 train_distortion: 11.0084 train_mapscore: 0.2714 train_c: -0.9836 train_max_dist: 45.6758 train_imax: 93.6256 train_imin: -145.4124 time: 2.7088s
INFO:root:Epoch: 0720 lr: 0.01 train_loss: 113568.9531 train_distortion: 8.7641 train_mapscore: 0.2478 train_c: -0.9828 train_max_dist: 42.7129 train_imax: 71.1312 train_imin: -119.3737 time: 2.6943s
INFO:root:Epoch: 0725 lr: 0.01 train_loss: 108483.5000 train_distortion: 6.5411 train_mapscore: 0.2625 train_c: -0.9821 train_max_dist: 39.2383 train_imax: 54.2005 train_imin: -102.2951 time: 2.7048s
INFO:root:Epoch: 0730 lr: 0.01 train_loss: 104777.4297 train_distortion: 5.2055 train_mapscore: 0.2759 train_c: -0.9815 train_max_dist: 36.8301 train_imax: 45.2478 train_imin: -87.8467 time: 2.7359s
INFO:root:Epoch: 0735 lr: 0.01 train_loss: 101752.0156 train_distortion: 4.6854 train_mapscore: 0.3010 train_c: -0.9811 train_max_dist: 48.0000 train_imax: 42.1055 train_imin: -81.1048 time: 2.7205s
INFO:root:Epoch: 0740 lr: 0.01 train_loss: 103196.6562 train_distortion: 4.6648 train_mapscore: 0.2893 train_c: -0.9809 train_max_dist: 35.9258 train_imax: 41.7183 train_imin: -81.0279 time: 2.7105s
INFO:root:Epoch: 0745 lr: 0.01 train_loss: 101316.9844 train_distortion: 4.9443 train_mapscore: 0.3167 train_c: -0.9808 train_max_dist: 36.5430 train_imax: 44.5238 train_imin: -85.4994 time: 2.6905s
INFO:root:Epoch: 0750 lr: 0.01 train_loss: 97131.6328 train_distortion: 5.5196 train_mapscore: 0.3603 train_c: -0.9807 train_max_dist: 37.7070 train_imax: 49.5016 train_imin: -93.1166 time: 2.6688s
INFO:root:Epoch: 0755 lr: 0.01 train_loss: 93653.7891 train_distortion: 6.3328 train_mapscore: 0.4016 train_c: -0.9806 train_max_dist: 39.1582 train_imax: 55.6819 train_imin: -104.7242 time: 2.6700s
INFO:root:Epoch: 0760 lr: 0.01 train_loss: 93941.3359 train_distortion: 7.2802 train_mapscore: 0.3926 train_c: -0.9804 train_max_dist: 40.7051 train_imax: 64.0346 train_imin: -118.5012 time: 2.7917s
INFO:root:Epoch: 0765 lr: 0.01 train_loss: 95913.6953 train_distortion: 8.1405 train_mapscore: 0.3661 train_c: -0.9801 train_max_dist: 42.0293 train_imax: 71.7705 train_imin: -130.9603 time: 2.7192s
INFO:root:Epoch: 0770 lr: 0.01 train_loss: 98885.9453 train_distortion: 8.4734 train_mapscore: 0.3344 train_c: -0.9798 train_max_dist: 42.5020 train_imax: 75.7122 train_imin: -134.5227 time: 2.7089s
INFO:root:Epoch: 0775 lr: 0.01 train_loss: 96914.9375 train_distortion: 8.3735 train_mapscore: 0.3514 train_c: -0.9793 train_max_dist: 48.0000 train_imax: 74.2476 train_imin: -134.6293 time: 2.6780s
INFO:root:Epoch: 0780 lr: 0.01 train_loss: 93713.8750 train_distortion: 8.2275 train_mapscore: 0.3899 train_c: -0.9789 train_max_dist: 42.2129 train_imax: 71.7893 train_imin: -134.4400 time: 2.6749s
INFO:root:Epoch: 0785 lr: 0.01 train_loss: 92742.5391 train_distortion: 8.2689 train_mapscore: 0.3991 train_c: -0.9784 train_max_dist: 42.2266 train_imax: 72.2803 train_imin: -135.8314 time: 2.6609s
INFO:root:Epoch: 0790 lr: 0.01 train_loss: 93735.9453 train_distortion: 8.4113 train_mapscore: 0.3832 train_c: -0.9780 train_max_dist: 50.0000 train_imax: 72.7089 train_imin: -139.2338 time: 2.6717s
INFO:root:Epoch: 0795 lr: 0.01 train_loss: 97005.7734 train_distortion: 8.5369 train_mapscore: 0.3426 train_c: -0.9776 train_max_dist: 42.5742 train_imax: 74.0222 train_imin: -141.4899 time: 2.7179s
INFO:root:Epoch: 0800 lr: 0.01 train_loss: 98682.9844 train_distortion: 8.4497 train_mapscore: 0.3258 train_c: -0.9771 train_max_dist: 42.4727 train_imax: 73.6726 train_imin: -141.4269 time: 2.7188s
INFO:root:Epoch: 0805 lr: 0.01 train_loss: 128147.7422 train_distortion: 7.7803 train_mapscore: 0.1949 train_c: -0.9768 train_max_dist: 41.6523 train_imax: 67.6923 train_imin: -133.7907 time: 2.7262s
INFO:root:Epoch: 0810 lr: 0.01 train_loss: 127311.8906 train_distortion: 5.8083 train_mapscore: 0.1849 train_c: -0.9762 train_max_dist: 38.5000 train_imax: 52.1385 train_imin: -104.5069 time: 2.7444s
INFO:root:Epoch: 0815 lr: 0.01 train_loss: 121786.2969 train_distortion: 4.0990 train_mapscore: 0.1993 train_c: -0.9755 train_max_dist: 35.0557 train_imax: 38.1492 train_imin: -78.8960 time: 2.7472s
INFO:root:Epoch: 0820 lr: 0.01 train_loss: 118431.4453 train_distortion: 3.1462 train_mapscore: 0.2112 train_c: -0.9750 train_max_dist: 32.7041 train_imax: 30.8969 train_imin: -64.9235 time: 2.7327s
INFO:root:Epoch: 0825 lr: 0.01 train_loss: 115599.2500 train_distortion: 2.7995 train_mapscore: 0.2331 train_c: -0.9747 train_max_dist: 48.0000 train_imax: 27.9734 train_imin: -59.6695 time: 2.7584s
INFO:root:Epoch: 0830 lr: 0.01 train_loss: 120149.9844 train_distortion: 2.6288 train_mapscore: 0.1903 train_c: -0.9747 train_max_dist: 31.2393 train_imax: 26.4975 train_imin: -56.7421 time: 2.7722s
INFO:root:Epoch: 0835 lr: 0.01 train_loss: 120904.4844 train_distortion: 2.6155 train_mapscore: 0.1941 train_c: -0.9748 train_max_dist: 31.2100 train_imax: 26.5005 train_imin: -57.8513 time: 2.7350s
INFO:root:Epoch: 0840 lr: 0.01 train_loss: 119218.1094 train_distortion: 2.6962 train_mapscore: 0.1931 train_c: -0.9747 train_max_dist: 48.0000 train_imax: 26.8239 train_imin: -60.5261 time: 2.7295s
INFO:root:Epoch: 0845 lr: 0.01 train_loss: 116548.3906 train_distortion: 2.8974 train_mapscore: 0.2120 train_c: -0.9747 train_max_dist: 32.1309 train_imax: 27.7033 train_imin: -64.8284 time: 2.7201s
INFO:root:Epoch: 0850 lr: 0.01 train_loss: 112871.3203 train_distortion: 3.2300 train_mapscore: 0.2392 train_c: -0.9747 train_max_dist: 33.0166 train_imax: 29.5814 train_imin: -70.9571 time: 2.7143s
INFO:root:Epoch: 0855 lr: 0.01 train_loss: 108950.1562 train_distortion: 3.6981 train_mapscore: 0.2737 train_c: -0.9747 train_max_dist: 50.0000 train_imax: 32.8867 train_imin: -78.7077 time: 2.7480s
INFO:root:Epoch: 0860 lr: 0.01 train_loss: 105187.2812 train_distortion: 4.2793 train_mapscore: 0.3060 train_c: -0.9747 train_max_dist: 35.5527 train_imax: 36.8049 train_imin: -88.0030 time: 2.7330s
INFO:root:Epoch: 0865 lr: 0.01 train_loss: 101775.9219 train_distortion: 4.9680 train_mapscore: 0.3492 train_c: -0.9747 train_max_dist: 50.0000 train_imax: 42.1049 train_imin: -99.2693 time: 2.7122s
INFO:root:Epoch: 0870 lr: 0.01 train_loss: 99033.6250 train_distortion: 5.7743 train_mapscore: 0.3881 train_c: -0.9746 train_max_dist: 38.6035 train_imax: 48.3593 train_imin: -112.8154 time: 2.7095s
INFO:root:Epoch: 0875 lr: 0.01 train_loss: 100382.9062 train_distortion: 6.5600 train_mapscore: 0.3414 train_c: -0.9744 train_max_dist: 39.9590 train_imax: 54.5006 train_imin: -125.9865 time: 2.6888s
INFO:root:Epoch: 0880 lr: 0.01 train_loss: 99955.8438 train_distortion: 7.1126 train_mapscore: 0.3443 train_c: -0.9742 train_max_dist: 40.8848 train_imax: 59.2891 train_imin: -136.5879 time: 2.7121s
INFO:root:Epoch: 0885 lr: 0.01 train_loss: 98372.7891 train_distortion: 7.3433 train_mapscore: 0.3611 train_c: -0.9739 train_max_dist: 41.2832 train_imax: 59.2553 train_imin: -141.8554 time: 2.7232s
INFO:root:Epoch: 0890 lr: 0.01 train_loss: 95617.8516 train_distortion: 7.5062 train_mapscore: 0.3963 train_c: -0.9736 train_max_dist: 41.5391 train_imax: 60.6578 train_imin: -144.6078 time: 2.7259s
INFO:root:Epoch: 0895 lr: 0.01 train_loss: 93070.0000 train_distortion: 7.8133 train_mapscore: 0.4352 train_c: -0.9733 train_max_dist: 42.0547 train_imax: 63.2850 train_imin: -150.2071 time: 2.7213s
INFO:root:Epoch: 0900 lr: 0.01 train_loss: 92349.2422 train_distortion: 8.2746 train_mapscore: 0.4344 train_c: -0.9729 train_max_dist: 42.7598 train_imax: 66.6679 train_imin: -158.6311 time: 2.6813s
INFO:root:Epoch: 0905 lr: 0.01 train_loss: 90728.5938 train_distortion: 8.8073 train_mapscore: 0.4600 train_c: -0.9725 train_max_dist: 50.0000 train_imax: 71.1900 train_imin: -168.1927 time: 2.6922s
INFO:root:Epoch: 0910 lr: 0.01 train_loss: 92456.3672 train_distortion: 9.3695 train_mapscore: 0.4326 train_c: -0.9721 train_max_dist: 44.2539 train_imax: 75.6315 train_imin: -178.8299 time: 2.6862s
INFO:root:Epoch: 0915 lr: 0.01 train_loss: 111546.1562 train_distortion: 9.1394 train_mapscore: 0.2675 train_c: -0.9714 train_max_dist: 43.9414 train_imax: 72.5761 train_imin: -173.7625 time: 2.7019s
INFO:root:Epoch: 0920 lr: 0.01 train_loss: 108391.1562 train_distortion: 7.8216 train_mapscore: 0.2766 train_c: -0.9707 train_max_dist: 42.0137 train_imax: 64.1073 train_imin: -149.7174 time: 2.7284s
INFO:root:Epoch: 0925 lr: 0.01 train_loss: 104120.2500 train_distortion: 6.5580 train_mapscore: 0.2990 train_c: -0.9701 train_max_dist: 39.9785 train_imax: 54.9863 train_imin: -127.3946 time: 2.7282s
INFO:root:Epoch: 0930 lr: 0.01 train_loss: 100857.1250 train_distortion: 5.8426 train_mapscore: 0.3339 train_c: -0.9696 train_max_dist: 50.0000 train_imax: 49.2331 train_imin: -115.2574 time: 2.6816s
INFO:root:Epoch: 0935 lr: 0.01 train_loss: 98401.4531 train_distortion: 5.7074 train_mapscore: 0.3649 train_c: -0.9693 train_max_dist: 38.4473 train_imax: 49.8455 train_imin: -112.8475 time: 2.7078s
INFO:root:Epoch: 0940 lr: 0.01 train_loss: 95210.1016 train_distortion: 6.0629 train_mapscore: 0.4030 train_c: -0.9690 train_max_dist: 39.0547 train_imax: 52.1652 train_imin: -118.8356 time: 2.6861s
INFO:root:Epoch: 0945 lr: 0.01 train_loss: 92226.9375 train_distortion: 6.7980 train_mapscore: 0.4446 train_c: -0.9688 train_max_dist: 40.2637 train_imax: 57.3201 train_imin: -131.1829 time: 2.6733s
INFO:root:Epoch: 0950 lr: 0.01 train_loss: 89798.7266 train_distortion: 7.8106 train_mapscore: 0.4726 train_c: -0.9685 train_max_dist: 41.9082 train_imax: 64.3811 train_imin: -148.8501 time: 2.7120s
INFO:root:Epoch: 0955 lr: 0.01 train_loss: 87861.1406 train_distortion: 8.9833 train_mapscore: 0.5054 train_c: -0.9683 train_max_dist: 43.6289 train_imax: 73.7288 train_imin: -170.4327 time: 2.6921s
INFO:root:Epoch: 0960 lr: 0.01 train_loss: 86252.9531 train_distortion: 10.1785 train_mapscore: 0.5269 train_c: -0.9680 train_max_dist: 45.2539 train_imax: 84.4587 train_imin: -193.8353 time: 2.6573s
INFO:root:Epoch: 0965 lr: 0.01 train_loss: 86709.8906 train_distortion: 11.2636 train_mapscore: 0.5239 train_c: -0.9676 train_max_dist: 46.6328 train_imax: 94.1191 train_imin: -215.2802 time: 2.6708s
INFO:root:Epoch: 0970 lr: 0.01 train_loss: 105620.3750 train_distortion: 11.8655 train_mapscore: 0.3174 train_c: -0.9670 train_max_dist: 50.0000 train_imax: 101.8777 train_imin: -227.3957 time: 2.6738s
INFO:root:Epoch: 0975 lr: 0.01 train_loss: 113948.5859 train_distortion: 10.5861 train_mapscore: 0.2620 train_c: -0.9661 train_max_dist: 45.6172 train_imax: 93.3044 train_imin: -204.4193 time: 2.6838s
INFO:root:Epoch: 0980 lr: 0.01 train_loss: 109217.3984 train_distortion: 8.2801 train_mapscore: 0.2691 train_c: -0.9652 train_max_dist: 42.4062 train_imax: 77.7541 train_imin: -161.3964 time: 2.7313s
INFO:root:Epoch: 0985 lr: 0.01 train_loss: 104206.2344 train_distortion: 6.5118 train_mapscore: 0.2938 train_c: -0.9645 train_max_dist: 39.6484 train_imax: 61.6640 train_imin: -129.0996 time: 2.7143s
INFO:root:Epoch: 0990 lr: 0.01 train_loss: 100437.1875 train_distortion: 5.6275 train_mapscore: 0.3228 train_c: -0.9640 train_max_dist: 38.0996 train_imax: 55.0278 train_imin: -113.7486 time: 2.6792s
INFO:root:Epoch: 0995 lr: 0.01 train_loss: 123473.5547 train_distortion: 5.0127 train_mapscore: 0.1821 train_c: -0.9639 train_max_dist: 36.9375 train_imax: 50.3408 train_imin: -104.2858 time: 2.7171s
INFO:root:Epoch: 1000 lr: 0.01 train_loss: 132138.2031 train_distortion: 3.8797 train_mapscore: 0.1533 train_c: -0.9638 train_max_dist: 34.4785 train_imax: 37.3485 train_imin: -85.2239 time: 2.7721s
INFO:root:Epoch: 1005 lr: 0.01 train_loss: 130396.8281 train_distortion: 2.8488 train_mapscore: 0.1538 train_c: -0.9636 train_max_dist: 31.8135 train_imax: 29.8466 train_imin: -67.3644 time: 2.7561s
INFO:root:Epoch: 1010 lr: 0.01 train_loss: 128689.5469 train_distortion: 2.2009 train_mapscore: 0.1559 train_c: -0.9635 train_max_dist: 29.7866 train_imax: 24.8446 train_imin: -55.7837 time: 2.7954s
INFO:root:Epoch: 1015 lr: 0.01 train_loss: 126577.8438 train_distortion: 1.9429 train_mapscore: 0.1694 train_c: -0.9635 train_max_dist: 28.8633 train_imax: 22.6400 train_imin: -50.8909 time: 2.7884s
INFO:root:Epoch: 1020 lr: 0.01 train_loss: 123719.4219 train_distortion: 1.9723 train_mapscore: 0.1847 train_c: -0.9635 train_max_dist: 29.0049 train_imax: 22.4517 train_imin: -50.9089 time: 2.7830s
INFO:root:Epoch: 1025 lr: 0.01 train_loss: 120096.4766 train_distortion: 2.2254 train_mapscore: 0.2108 train_c: -0.9637 train_max_dist: 29.9517 train_imax: 24.2813 train_imin: -54.8805 time: 2.7446s
INFO:root:Epoch: 1030 lr: 0.01 train_loss: 116248.9062 train_distortion: 2.6599 train_mapscore: 0.2390 train_c: -0.9638 train_max_dist: 31.3354 train_imax: 28.4291 train_imin: -62.1252 time: 2.7264s
INFO:root:Epoch: 1035 lr: 0.01 train_loss: 116075.2969 train_distortion: 3.1741 train_mapscore: 0.2136 train_c: -0.9640 train_max_dist: 32.8301 train_imax: 33.3959 train_imin: -70.4281 time: 2.7243s
INFO:root:Epoch: 1040 lr: 0.01 train_loss: 120962.8984 train_distortion: 3.5065 train_mapscore: 0.1774 train_c: -0.9642 train_max_dist: 33.7012 train_imax: 35.3973 train_imin: -74.6475 time: 2.7502s
INFO:root:Epoch: 1045 lr: 0.01 train_loss: 122322.9219 train_distortion: 3.5159 train_mapscore: 0.1790 train_c: -0.9643 train_max_dist: 33.7021 train_imax: 36.1117 train_imin: -74.1032 time: 2.7845s
INFO:root:Epoch: 1050 lr: 0.01 train_loss: 119080.1562 train_distortion: 3.3925 train_mapscore: 0.1948 train_c: -0.9642 train_max_dist: 33.4292 train_imax: 35.3941 train_imin: -72.1950 time: 2.7695s
INFO:root:Epoch: 1055 lr: 0.01 train_loss: 115672.6562 train_distortion: 3.3422 train_mapscore: 0.2215 train_c: -0.9641 train_max_dist: 33.3340 train_imax: 34.4321 train_imin: -71.6675 time: 2.7296s
INFO:root:Epoch: 1060 lr: 0.01 train_loss: 113544.3984 train_distortion: 3.4526 train_mapscore: 0.2324 train_c: -0.9641 train_max_dist: 33.5996 train_imax: 35.2814 train_imin: -73.4135 time: 2.7168s
INFO:root:Epoch: 1065 lr: 0.01 train_loss: 116005.0781 train_distortion: 3.6041 train_mapscore: 0.2163 train_c: -0.9641 train_max_dist: 33.9346 train_imax: 36.3496 train_imin: -75.2270 time: 2.7243s
INFO:root:Epoch: 1070 lr: 0.01 train_loss: 113496.7031 train_distortion: 3.8006 train_mapscore: 0.2320 train_c: -0.9641 train_max_dist: 34.4258 train_imax: 37.7049 train_imin: -78.4355 time: 2.8093s
INFO:root:Epoch: 1075 lr: 0.01 train_loss: 110306.2578 train_distortion: 4.0693 train_mapscore: 0.2598 train_c: -0.9640 train_max_dist: 35.0547 train_imax: 39.4083 train_imin: -83.1389 time: 2.7434s
INFO:root:Epoch: 1080 lr: 0.01 train_loss: 106942.4531 train_distortion: 4.4599 train_mapscore: 0.2973 train_c: -0.9639 train_max_dist: 50.0000 train_imax: 42.3161 train_imin: -89.6729 time: 2.7473s
INFO:root:Epoch: 1085 lr: 0.01 train_loss: 104043.8906 train_distortion: 4.9650 train_mapscore: 0.3347 train_c: -0.9638 train_max_dist: 37.0020 train_imax: 45.6574 train_imin: -98.0185 time: 2.7087s
INFO:root:Epoch: 1090 lr: 0.01 train_loss: 101287.0156 train_distortion: 5.5630 train_mapscore: 0.3752 train_c: -0.9636 train_max_dist: 38.1670 train_imax: 50.9162 train_imin: -107.7047 time: 2.7071s
INFO:root:Epoch: 1095 lr: 0.01 train_loss: 99671.8750 train_distortion: 6.2095 train_mapscore: 0.3865 train_c: -0.9635 train_max_dist: 39.3535 train_imax: 56.6407 train_imin: -118.4491 time: 2.6983s
INFO:root:Epoch: 1100 lr: 0.01 train_loss: 97753.8906 train_distortion: 6.8664 train_mapscore: 0.4196 train_c: -0.9633 train_max_dist: 40.4648 train_imax: 62.6988 train_imin: -129.8187 time: 2.6950s
INFO:root:Epoch: 1105 lr: 0.01 train_loss: 125252.4375 train_distortion: 6.7146 train_mapscore: 0.1931 train_c: -0.9633 train_max_dist: 40.3789 train_imax: 59.2820 train_imin: -126.2168 time: 2.7722s
INFO:root:Epoch: 1110 lr: 0.01 train_loss: 126908.4453 train_distortion: 5.3608 train_mapscore: 0.1782 train_c: -0.9630 train_max_dist: 37.9922 train_imax: 48.6864 train_imin: -102.4714 time: 2.7856s
INFO:root:Epoch: 1115 lr: 0.01 train_loss: 122935.3906 train_distortion: 4.0270 train_mapscore: 0.1893 train_c: -0.9627 train_max_dist: 35.1807 train_imax: 39.1092 train_imin: -80.8236 time: 2.7471s
INFO:root:Epoch: 1120 lr: 0.01 train_loss: 119751.9609 train_distortion: 3.2109 train_mapscore: 0.2035 train_c: -0.9625 train_max_dist: 33.1094 train_imax: 33.0158 train_imin: -67.8726 time: 2.7379s
INFO:root:Epoch: 1125 lr: 0.01 train_loss: 117253.9531 train_distortion: 2.8796 train_mapscore: 0.2272 train_c: -0.9623 train_max_dist: 32.1738 train_imax: 30.7120 train_imin: -62.5842 time: 2.7460s
INFO:root:Epoch: 1130 lr: 0.01 train_loss: 114289.9531 train_distortion: 2.9423 train_mapscore: 0.2606 train_c: -0.9623 train_max_dist: 32.3789 train_imax: 32.3091 train_imin: -63.6203 time: 2.7161s
INFO:root:Epoch: 1135 lr: 0.01 train_loss: 111095.6406 train_distortion: 3.3061 train_mapscore: 0.2928 train_c: -0.9623 train_max_dist: 40.0000 train_imax: 36.9462 train_imin: -69.5912 time: 2.7487s
INFO:root:Epoch: 1140 lr: 0.01 train_loss: 107799.3906 train_distortion: 3.9199 train_mapscore: 0.3319 train_c: -0.9624 train_max_dist: 34.9482 train_imax: 43.2641 train_imin: -79.4262 time: 2.7497s
INFO:root:Epoch: 1145 lr: 0.01 train_loss: 104603.8359 train_distortion: 4.7042 train_mapscore: 0.3687 train_c: -0.9624 train_max_dist: 50.0000 train_imax: 50.2359 train_imin: -92.4070 time: 2.7387s
INFO:root:Epoch: 1150 lr: 0.01 train_loss: 102770.3281 train_distortion: 5.5268 train_mapscore: 0.3830 train_c: -0.9624 train_max_dist: 38.3545 train_imax: 56.4957 train_imin: -106.0628 time: 2.7257s
INFO:root:Epoch: 1155 lr: 0.01 train_loss: 100397.6562 train_distortion: 6.3324 train_mapscore: 0.4070 train_c: -0.9623 train_max_dist: 39.8164 train_imax: 63.6721 train_imin: -119.6252 time: 2.7027s
INFO:root:Epoch: 1160 lr: 0.01 train_loss: 98223.0000 train_distortion: 7.0899 train_mapscore: 0.4395 train_c: -0.9621 train_max_dist: 41.1172 train_imax: 70.5311 train_imin: -132.8927 time: 2.6965s
INFO:root:Epoch: 1165 lr: 0.01 train_loss: 99703.6406 train_distortion: 7.7328 train_mapscore: 0.3897 train_c: -0.9619 train_max_dist: 42.1582 train_imax: 75.5587 train_imin: -144.1250 time: 2.7246s
INFO:root:Epoch: 1170 lr: 0.01 train_loss: 99331.7031 train_distortion: 8.1531 train_mapscore: 0.3836 train_c: -0.9616 train_max_dist: 42.8105 train_imax: 79.9776 train_imin: -152.0984 time: 2.7158s
INFO:root:Epoch: 1175 lr: 0.01 train_loss: 97772.4531 train_distortion: 8.3659 train_mapscore: 0.4026 train_c: -0.9612 train_max_dist: 43.1562 train_imax: 81.8760 train_imin: -156.7246 time: 2.7105s
INFO:root:Epoch: 1180 lr: 0.01 train_loss: 97071.0156 train_distortion: 8.5005 train_mapscore: 0.4105 train_c: -0.9609 train_max_dist: 43.3203 train_imax: 82.8349 train_imin: -159.2441 time: 2.6808s
INFO:root:Epoch: 1185 lr: 0.01 train_loss: 96418.5469 train_distortion: 8.6255 train_mapscore: 0.4190 train_c: -0.9605 train_max_dist: 43.4609 train_imax: 83.5724 train_imin: -161.8153 time: 2.6858s
INFO:root:Epoch: 1190 lr: 0.01 train_loss: 98694.3750 train_distortion: 8.7822 train_mapscore: 0.3854 train_c: -0.9600 train_max_dist: 50.0000 train_imax: 86.7217 train_imin: -165.4840 time: 2.6829s
INFO:root:Epoch: 1195 lr: 0.01 train_loss: 98028.8672 train_distortion: 8.7945 train_mapscore: 0.3909 train_c: -0.9596 train_max_dist: 43.7598 train_imax: 87.6958 train_imin: -166.1967 time: 2.6808s
INFO:root:Epoch: 1200 lr: 0.01 train_loss: 99902.6250 train_distortion: 8.6843 train_mapscore: 0.3586 train_c: -0.9591 train_max_dist: 43.5664 train_imax: 85.7636 train_imin: -163.3483 time: 2.7196s
INFO:root:Epoch: 1205 lr: 0.01 train_loss: 97275.6875 train_distortion: 8.4734 train_mapscore: 0.3867 train_c: -0.9587 train_max_dist: 43.2480 train_imax: 82.3729 train_imin: -159.4154 time: 2.7218s
INFO:root:Epoch: 1210 lr: 0.01 train_loss: 102892.8594 train_distortion: 8.2216 train_mapscore: 0.3211 train_c: -0.9582 train_max_dist: 50.0000 train_imax: 77.6734 train_imin: -154.9056 time: 2.7007s
INFO:root:Epoch: 1215 lr: 0.01 train_loss: 125104.1406 train_distortion: 7.3276 train_mapscore: 0.1972 train_c: -0.9580 train_max_dist: 41.4766 train_imax: 63.7069 train_imin: -140.9416 time: 2.7234s
INFO:root:Epoch: 1220 lr: 0.01 train_loss: 125703.5156 train_distortion: 5.6151 train_mapscore: 0.1868 train_c: -0.9576 train_max_dist: 38.4307 train_imax: 49.0496 train_imin: -111.8881 time: 2.7596s
INFO:root:Epoch: 1225 lr: 0.01 train_loss: 122200.0000 train_distortion: 4.1746 train_mapscore: 0.1910 train_c: -0.9573 train_max_dist: 35.4131 train_imax: 37.3193 train_imin: -87.1026 time: 2.7514s
INFO:root:Epoch: 1230 lr: 0.01 train_loss: 119513.7344 train_distortion: 3.3261 train_mapscore: 0.2056 train_c: -0.9570 train_max_dist: 33.3691 train_imax: 30.7790 train_imin: -72.2975 time: 2.7812s
INFO:root:Epoch: 1235 lr: 0.01 train_loss: 117010.3516 train_distortion: 2.9863 train_mapscore: 0.2267 train_c: -0.9568 train_max_dist: 32.4697 train_imax: 28.4211 train_imin: -65.7987 time: 2.7675s
INFO:root:Epoch: 1240 lr: 0.01 train_loss: 114099.9766 train_distortion: 3.0611 train_mapscore: 0.2528 train_c: -0.9568 train_max_dist: 32.6836 train_imax: 29.4509 train_imin: -66.6275 time: 2.7674s
INFO:root:Epoch: 1245 lr: 0.01 train_loss: 110875.7188 train_distortion: 3.4536 train_mapscore: 0.2857 train_c: -0.9568 train_max_dist: 33.7158 train_imax: 33.4437 train_imin: -72.8084 time: 2.7538s
INFO:root:Epoch: 1250 lr: 0.01 train_loss: 107540.9297 train_distortion: 4.0884 train_mapscore: 0.3265 train_c: -0.9568 train_max_dist: 35.2568 train_imax: 39.5621 train_imin: -83.0598 time: 2.7058s
INFO:root:Epoch: 1255 lr: 0.01 train_loss: 104499.5312 train_distortion: 4.8874 train_mapscore: 0.3657 train_c: -0.9568 train_max_dist: 36.9971 train_imax: 46.5771 train_imin: -96.1243 time: 2.6945s
INFO:root:Epoch: 1260 lr: 0.01 train_loss: 102349.3281 train_distortion: 5.7302 train_mapscore: 0.3761 train_c: -0.9568 train_max_dist: 48.0000 train_imax: 54.3665 train_imin: -110.0280 time: 2.7267s
INFO:root:Epoch: 1265 lr: 0.01 train_loss: 104169.8359 train_distortion: 6.5801 train_mapscore: 0.3267 train_c: -0.9567 train_max_dist: 50.0000 train_imax: 61.8887 train_imin: -124.1610 time: 2.7337s
INFO:root:Epoch: 1270 lr: 0.01 train_loss: 104225.6094 train_distortion: 7.1398 train_mapscore: 0.3278 train_c: -0.9564 train_max_dist: 41.1602 train_imax: 67.2990 train_imin: -133.9277 time: 2.7010s
INFO:root:Epoch: 1275 lr: 0.01 train_loss: 125898.9688 train_distortion: 6.8994 train_mapscore: 0.1991 train_c: -0.9564 train_max_dist: 40.7109 train_imax: 63.6836 train_imin: -132.8888 time: 2.7233s
INFO:root:Epoch: 1280 lr: 0.01 train_loss: 164696.6562 train_distortion: 4.3599 train_mapscore: 0.1004 train_c: -0.9570 train_max_dist: 36.0566 train_imax: 41.7811 train_imin: -95.8080 time: 2.8772s
INFO:root:Epoch: 1285 lr: 0.01 train_loss: 163075.1562 train_distortion: 2.1567 train_mapscore: 0.0870 train_c: -0.9571 train_max_dist: 48.0000 train_imax: 23.2340 train_imin: -57.3364 time: 2.9406s
INFO:root:Epoch: 1290 lr: 0.01 train_loss: 161534.3750 train_distortion: 0.8291 train_mapscore: 0.0777 train_c: -0.9572 train_max_dist: 23.8936 train_imax: 11.0096 train_imin: -31.0087 time: 3.0182s
INFO:root:Epoch: 1295 lr: 0.01 train_loss: 163524.1094 train_distortion: 0.4257 train_mapscore: 0.0739 train_c: -0.9572 train_max_dist: 24.0000 train_imax: 6.4993 train_imin: -20.3479 time: 3.0323s
INFO:root:Epoch: 1300 lr: 0.01 train_loss: 165277.3438 train_distortion: 0.3210 train_mapscore: 0.0737 train_c: -0.9572 train_max_dist: 18.0282 train_imax: 4.8980 train_imin: -16.1084 time: 3.0386s
INFO:root:Epoch: 1305 lr: 0.01 train_loss: 165827.1562 train_distortion: 0.2976 train_mapscore: 0.0756 train_c: -0.9573 train_max_dist: 20.0000 train_imax: 4.5170 train_imin: -14.6915 time: 3.0053s
INFO:root:Epoch: 1310 lr: 0.01 train_loss: 164902.2969 train_distortion: 0.2988 train_mapscore: 0.0790 train_c: -0.9574 train_max_dist: 17.3624 train_imax: 4.8165 train_imin: -14.7404 time: 2.9828s
INFO:root:Epoch: 1315 lr: 0.01 train_loss: 163231.9688 train_distortion: 0.3170 train_mapscore: 0.0852 train_c: -0.9575 train_max_dist: 17.9509 train_imax: 5.6212 train_imin: -15.7349 time: 2.9730s
INFO:root:Epoch: 1320 lr: 0.01 train_loss: 161209.0000 train_distortion: 0.3533 train_mapscore: 0.0912 train_c: -0.9576 train_max_dist: 18.8035 train_imax: 6.8079 train_imin: -17.2957 time: 2.9800s
INFO:root:Epoch: 1325 lr: 0.01 train_loss: 159154.2188 train_distortion: 0.4056 train_mapscore: 0.0956 train_c: -0.9578 train_max_dist: 19.7231 train_imax: 8.2134 train_imin: -19.1163 time: 3.0315s
INFO:root:Epoch: 1330 lr: 0.01 train_loss: 157140.5312 train_distortion: 0.4691 train_mapscore: 0.1066 train_c: -0.9579 train_max_dist: 20.6040 train_imax: 9.6390 train_imin: -21.0009 time: 3.0641s
INFO:root:Epoch: 1335 lr: 0.01 train_loss: 155229.7812 train_distortion: 0.5378 train_mapscore: 0.1129 train_c: -0.9580 train_max_dist: 21.3934 train_imax: 11.1713 train_imin: -22.8068 time: 2.9620s
INFO:root:Epoch: 1340 lr: 0.01 train_loss: 153373.1875 train_distortion: 0.6001 train_mapscore: 0.1228 train_c: -0.9582 train_max_dist: 22.0190 train_imax: 12.5803 train_imin: -24.3166 time: 2.9302s
INFO:root:Epoch: 1345 lr: 0.01 train_loss: 151639.0938 train_distortion: 0.6570 train_mapscore: 0.1320 train_c: -0.9583 train_max_dist: 22.5386 train_imax: 13.8390 train_imin: -25.6283 time: 2.9098s
INFO:root:Epoch: 1350 lr: 0.01 train_loss: 149825.3594 train_distortion: 0.7267 train_mapscore: 0.1414 train_c: -0.9584 train_max_dist: 23.1243 train_imax: 15.1128 train_imin: -27.1615 time: 2.9197s
INFO:root:Epoch: 1355 lr: 0.01 train_loss: 148037.4375 train_distortion: 0.8096 train_mapscore: 0.1554 train_c: -0.9585 train_max_dist: 23.7605 train_imax: 16.4191 train_imin: -28.9066 time: 2.9334s
INFO:root:Epoch: 1360 lr: 0.01 train_loss: 146246.8750 train_distortion: 0.9010 train_mapscore: 0.1683 train_c: -0.9586 train_max_dist: 24.4031 train_imax: 17.6664 train_imin: -30.7553 time: 2.9164s
INFO:root:Epoch: 1365 lr: 0.01 train_loss: 144480.7500 train_distortion: 0.9986 train_mapscore: 0.1849 train_c: -0.9587 train_max_dist: 25.0286 train_imax: 18.8401 train_imin: -32.6531 time: 2.8741s
INFO:root:Epoch: 1370 lr: 0.01 train_loss: 142755.1406 train_distortion: 1.1053 train_mapscore: 0.1999 train_c: -0.9587 train_max_dist: 25.6616 train_imax: 19.9600 train_imin: -34.6460 time: 2.8720s
INFO:root:Epoch: 1375 lr: 0.01 train_loss: 141074.4375 train_distortion: 1.2227 train_mapscore: 0.2152 train_c: -0.9588 train_max_dist: 26.3037 train_imax: 21.3272 train_imin: -36.7958 time: 2.8519s
INFO:root:Epoch: 1380 lr: 0.01 train_loss: 140018.3438 train_distortion: 1.3741 train_mapscore: 0.1832 train_c: -0.9588 train_max_dist: 27.0415 train_imax: 23.3410 train_imin: -39.4576 time: 2.8470s
INFO:root:Epoch: 1385 lr: 0.01 train_loss: 138666.1875 train_distortion: 1.5100 train_mapscore: 0.1856 train_c: -0.9589 train_max_dist: 27.6553 train_imax: 24.8818 train_imin: -41.8284 time: 2.8696s
INFO:root:Epoch: 1390 lr: 0.01 train_loss: 137069.0469 train_distortion: 1.6162 train_mapscore: 0.1999 train_c: -0.9589 train_max_dist: 28.1035 train_imax: 25.8292 train_imin: -43.7018 time: 2.8681s
INFO:root:Epoch: 1395 lr: 0.01 train_loss: 136481.2500 train_distortion: 1.6620 train_mapscore: 0.1786 train_c: -0.9589 train_max_dist: 28.2979 train_imax: 26.5049 train_imin: -44.5880 time: 2.8242s
INFO:root:Epoch: 1400 lr: 0.01 train_loss: 137486.6562 train_distortion: 1.8058 train_mapscore: 0.1654 train_c: -0.9590 train_max_dist: 28.9111 train_imax: 28.1113 train_imin: -47.6224 time: 2.8159s
INFO:root:Epoch: 1405 lr: 0.01 train_loss: 137406.4062 train_distortion: 1.9514 train_mapscore: 0.1694 train_c: -0.9590 train_max_dist: 29.5166 train_imax: 32.4309 train_imin: -50.6732 time: 2.8285s
INFO:root:Epoch: 1410 lr: 0.01 train_loss: 135711.8438 train_distortion: 2.0347 train_mapscore: 0.1815 train_c: -0.9590 train_max_dist: 29.8521 train_imax: 34.9507 train_imin: -52.3973 time: 2.8148s
INFO:root:Epoch: 1415 lr: 0.01 train_loss: 133709.9062 train_distortion: 2.1104 train_mapscore: 0.2070 train_c: -0.9589 train_max_dist: 30.1035 train_imax: 35.0962 train_imin: -53.7987 time: 2.8419s
INFO:root:Epoch: 1420 lr: 0.01 train_loss: 131684.9531 train_distortion: 2.2156 train_mapscore: 0.2292 train_c: -0.9589 train_max_dist: 30.4370 train_imax: 34.6767 train_imin: -55.6112 time: 2.8410s
INFO:root:Epoch: 1425 lr: 0.01 train_loss: 129889.7578 train_distortion: 2.3713 train_mapscore: 0.2530 train_c: -0.9588 train_max_dist: 30.9180 train_imax: 34.6640 train_imin: -58.3906 time: 2.8303s
INFO:root:Epoch: 1430 lr: 0.01 train_loss: 128082.2500 train_distortion: 2.5761 train_mapscore: 0.2771 train_c: -0.9588 train_max_dist: 31.5430 train_imax: 35.9769 train_imin: -61.9767 time: 2.7962s
INFO:root:Epoch: 1435 lr: 0.01 train_loss: 131970.1250 train_distortion: 2.6951 train_mapscore: 0.1828 train_c: -0.9588 train_max_dist: 31.9062 train_imax: 35.2782 train_imin: -64.3565 time: 2.7935s
INFO:root:Epoch: 1440 lr: 0.01 train_loss: 136961.8594 train_distortion: 2.6287 train_mapscore: 0.1519 train_c: -0.9589 train_max_dist: 31.6626 train_imax: 33.8905 train_imin: -63.6737 time: 2.8105s
INFO:root:Epoch: 1445 lr: 0.01 train_loss: 136518.8438 train_distortion: 2.4730 train_mapscore: 0.1543 train_c: -0.9588 train_max_dist: 31.1128 train_imax: 31.7277 train_imin: -61.0832 time: 2.8120s
INFO:root:Epoch: 1450 lr: 0.01 train_loss: 134852.0312 train_distortion: 2.3174 train_mapscore: 0.1637 train_c: -0.9588 train_max_dist: 30.5542 train_imax: 29.7485 train_imin: -58.3807 time: 2.8368s
INFO:root:Epoch: 1455 lr: 0.01 train_loss: 132747.5938 train_distortion: 2.2474 train_mapscore: 0.1804 train_c: -0.9587 train_max_dist: 30.2837 train_imax: 28.7812 train_imin: -57.0432 time: 2.8360s
INFO:root:Epoch: 1460 lr: 0.01 train_loss: 130564.4219 train_distortion: 2.2825 train_mapscore: 0.2032 train_c: -0.9586 train_max_dist: 30.3794 train_imax: 29.6601 train_imin: -57.5995 time: 2.7930s
INFO:root:Epoch: 1465 lr: 0.01 train_loss: 128563.0312 train_distortion: 2.4225 train_mapscore: 0.2277 train_c: -0.9585 train_max_dist: 30.8262 train_imax: 31.6179 train_imin: -60.1030 time: 2.7931s
INFO:root:Epoch: 1470 lr: 0.01 train_loss: 126468.8984 train_distortion: 2.6491 train_mapscore: 0.2555 train_c: -0.9585 train_max_dist: 32.0000 train_imax: 33.7237 train_imin: -64.0872 time: 2.7769s
INFO:root:Epoch: 1475 lr: 0.01 train_loss: 124356.5703 train_distortion: 2.9598 train_mapscore: 0.2859 train_c: -0.9584 train_max_dist: 32.4434 train_imax: 36.8142 train_imin: -69.5182 time: 2.7736s
INFO:root:Epoch: 1480 lr: 0.01 train_loss: 123001.8438 train_distortion: 3.3089 train_mapscore: 0.2998 train_c: -0.9584 train_max_dist: 33.4297 train_imax: 40.8164 train_imin: -75.4060 time: 2.8208s
INFO:root:Epoch: 1485 lr: 0.01 train_loss: 121738.5938 train_distortion: 3.6910 train_mapscore: 0.3205 train_c: -0.9583 train_max_dist: 34.3945 train_imax: 44.7540 train_imin: -81.9087 time: 2.8135s
INFO:root:Epoch: 1490 lr: 0.01 train_loss: 126456.4297 train_distortion: 3.9180 train_mapscore: 0.2216 train_c: -0.9583 train_max_dist: 50.0000 train_imax: 46.4113 train_imin: -86.2156 time: 2.7621s
INFO:root:Epoch: 1495 lr: 0.01 train_loss: 125790.2031 train_distortion: 3.9738 train_mapscore: 0.2313 train_c: -0.9583 train_max_dist: 48.0000 train_imax: 46.7076 train_imin: -87.4136 time: 2.7595s
INFO:root:Epoch: 1500 lr: 0.01 train_loss: 124612.2188 train_distortion: 3.9147 train_mapscore: 0.2329 train_c: -0.9582 train_max_dist: 35.0459 train_imax: 46.1768 train_imin: -86.3711 time: 2.7661s
INFO:root:Epoch: 1505 lr: 0.01 train_loss: 124257.7500 train_distortion: 3.8502 train_mapscore: 0.2300 train_c: -0.9581 train_max_dist: 34.8721 train_imax: 44.7741 train_imin: -85.0758 time: 2.7608s
INFO:root:Epoch: 1510 lr: 0.01 train_loss: 122279.4375 train_distortion: 3.8447 train_mapscore: 0.2504 train_c: -0.9579 train_max_dist: 34.8613 train_imax: 44.1309 train_imin: -84.6706 time: 2.7914s
INFO:root:Epoch: 1515 lr: 0.01 train_loss: 120138.5156 train_distortion: 3.9453 train_mapscore: 0.2800 train_c: -0.9578 train_max_dist: 35.1025 train_imax: 44.7486 train_imin: -86.3721 time: 2.7812s
INFO:root:Epoch: 1520 lr: 0.01 train_loss: 126569.8828 train_distortion: 4.0889 train_mapscore: 0.2064 train_c: -0.9576 train_max_dist: 35.5430 train_imax: 46.8830 train_imin: -88.8872 time: 2.7743s
INFO:root:Epoch: 1525 lr: 0.01 train_loss: 126880.3750 train_distortion: 4.0288 train_mapscore: 0.2056 train_c: -0.9574 train_max_dist: 35.4961 train_imax: 46.5559 train_imin: -87.6886 time: 2.7761s
INFO:root:Epoch: 1530 lr: 0.01 train_loss: 124393.7344 train_distortion: 3.8584 train_mapscore: 0.2258 train_c: -0.9573 train_max_dist: 35.1328 train_imax: 45.0582 train_imin: -84.9346 time: 2.7526s
INFO:root:Epoch: 1535 lr: 0.01 train_loss: 121813.2656 train_distortion: 3.7680 train_mapscore: 0.2529 train_c: -0.9571 train_max_dist: 34.9004 train_imax: 44.6129 train_imin: -83.4836 time: 2.7568s
INFO:root:Epoch: 1540 lr: 0.01 train_loss: 149255.2656 train_distortion: 3.1401 train_mapscore: 0.1167 train_c: -0.9572 train_max_dist: 33.1343 train_imax: 37.1720 train_imin: -70.4153 time: 2.8612s
INFO:root:Epoch: 1545 lr: 0.01 train_loss: 154265.9688 train_distortion: 2.3586 train_mapscore: 0.1014 train_c: -0.9572 train_max_dist: 32.0000 train_imax: 29.0149 train_imin: -56.2760 time: 2.9110s
INFO:root:Epoch: 1550 lr: 0.01 train_loss: 152953.8750 train_distortion: 1.7055 train_mapscore: 0.1034 train_c: -0.9570 train_max_dist: 32.0000 train_imax: 22.3536 train_imin: -44.7894 time: 2.9076s
INFO:root:Epoch: 1555 lr: 0.01 train_loss: 155680.5312 train_distortion: 1.4713 train_mapscore: 0.0913 train_c: -0.9569 train_max_dist: 40.0000 train_imax: 25.0903 train_imin: -40.7104 time: 2.9178s
INFO:root:Epoch: 1560 lr: 0.01 train_loss: 156770.3438 train_distortion: 1.2688 train_mapscore: 0.0865 train_c: -0.9567 train_max_dist: 26.0239 train_imax: 20.6238 train_imin: -37.1836 time: 2.9256s
INFO:root:Epoch: 1565 lr: 0.01 train_loss: 155391.3750 train_distortion: 1.0851 train_mapscore: 0.0901 train_c: -0.9566 train_max_dist: 25.0620 train_imax: 17.6729 train_imin: -33.7885 time: 2.9229s
INFO:root:Epoch: 1570 lr: 0.01 train_loss: 153357.2500 train_distortion: 0.9568 train_mapscore: 0.0977 train_c: -0.9564 train_max_dist: 24.3118 train_imax: 15.6798 train_imin: -31.2842 time: 2.9008s
INFO:root:Epoch: 1575 lr: 0.01 train_loss: 151552.0781 train_distortion: 0.8872 train_mapscore: 0.1034 train_c: -0.9564 train_max_dist: 23.8679 train_imax: 15.2182 train_imin: -29.8132 time: 2.9458s
INFO:root:Epoch: 1580 lr: 0.01 train_loss: 149953.2656 train_distortion: 0.8610 train_mapscore: 0.1111 train_c: -0.9563 train_max_dist: 23.6873 train_imax: 15.1894 train_imin: -29.1647 time: 2.9145s
INFO:root:Epoch: 1585 lr: 0.01 train_loss: 148675.1250 train_distortion: 0.8558 train_mapscore: 0.1104 train_c: -0.9564 train_max_dist: 23.6616 train_imax: 15.1123 train_imin: -28.9285 time: 2.8708s
INFO:root:Epoch: 1590 lr: 0.01 train_loss: 147036.1875 train_distortion: 0.8919 train_mapscore: 0.1198 train_c: -0.9564 train_max_dist: 23.8984 train_imax: 15.1467 train_imin: -29.5491 time: 2.8627s
INFO:root:Epoch: 1595 lr: 0.01 train_loss: 145310.3438 train_distortion: 0.9632 train_mapscore: 0.1275 train_c: -0.9565 train_max_dist: 24.3430 train_imax: 14.6576 train_imin: -30.9181 time: 2.8648s
INFO:root:Epoch: 1600 lr: 0.01 train_loss: 143481.0312 train_distortion: 1.0641 train_mapscore: 0.1448 train_c: -0.9565 train_max_dist: 24.9355 train_imax: 14.9798 train_imin: -32.8156 time: 2.8534s
INFO:root:Epoch: 1605 lr: 0.01 train_loss: 141679.4844 train_distortion: 1.1910 train_mapscore: 0.1558 train_c: -0.9566 train_max_dist: 25.6162 train_imax: 15.8487 train_imin: -35.1702 time: 2.8899s
INFO:root:Epoch: 1610 lr: 0.01 train_loss: 140195.0625 train_distortion: 1.3273 train_mapscore: 0.1663 train_c: -0.9567 train_max_dist: 26.2930 train_imax: 16.8073 train_imin: -37.6517 time: 2.8738s
INFO:root:Epoch: 1615 lr: 0.01 train_loss: 138430.8438 train_distortion: 1.4715 train_mapscore: 0.1813 train_c: -0.9567 train_max_dist: 26.9668 train_imax: 17.8008 train_imin: -40.1296 time: 2.8368s
INFO:root:Epoch: 1620 lr: 0.01 train_loss: 136798.9062 train_distortion: 1.6177 train_mapscore: 0.2014 train_c: -0.9567 train_max_dist: 27.6050 train_imax: 18.8120 train_imin: -42.6033 time: 2.8367s
INFO:root:Epoch: 1625 lr: 0.01 train_loss: 135229.2344 train_distortion: 1.7728 train_mapscore: 0.2231 train_c: -0.9568 train_max_dist: 28.2422 train_imax: 20.2750 train_imin: -45.1908 time: 2.8242s
INFO:root:Epoch: 1630 lr: 0.01 train_loss: 133620.9375 train_distortion: 1.9381 train_mapscore: 0.2395 train_c: -0.9568 train_max_dist: 28.8809 train_imax: 21.7299 train_imin: -47.9575 time: 2.8221s
INFO:root:Epoch: 1635 lr: 0.01 train_loss: 132107.4062 train_distortion: 2.1098 train_mapscore: 0.2645 train_c: -0.9568 train_max_dist: 29.5088 train_imax: 23.1362 train_imin: -50.8601 time: 2.8455s
INFO:root:Epoch: 1640 lr: 0.01 train_loss: 131008.0312 train_distortion: 2.2767 train_mapscore: 0.2633 train_c: -0.9568 train_max_dist: 30.0854 train_imax: 24.4297 train_imin: -53.6506 time: 2.8415s
INFO:root:Epoch: 1645 lr: 0.01 train_loss: 129724.3828 train_distortion: 2.4499 train_mapscore: 0.2837 train_c: -0.9568 train_max_dist: 30.6523 train_imax: 25.7425 train_imin: -56.5515 time: 2.8066s
INFO:root:Epoch: 1650 lr: 0.01 train_loss: 128492.2969 train_distortion: 2.6202 train_mapscore: 0.2851 train_c: -0.9568 train_max_dist: 31.1748 train_imax: 27.1320 train_imin: -59.3213 time: 2.8032s
INFO:root:Epoch: 1655 lr: 0.01 train_loss: 127071.6797 train_distortion: 2.8072 train_mapscore: 0.3093 train_c: -0.9568 train_max_dist: 31.7227 train_imax: 28.6522 train_imin: -62.3798 time: 2.7955s
INFO:root:Epoch: 1660 lr: 0.01 train_loss: 125620.5000 train_distortion: 3.0133 train_mapscore: 0.3326 train_c: -0.9567 train_max_dist: 32.3105 train_imax: 30.2320 train_imin: -65.8088 time: 2.7953s
INFO:root:Epoch: 1665 lr: 0.01 train_loss: 124194.7734 train_distortion: 3.2444 train_mapscore: 0.3548 train_c: -0.9567 train_max_dist: 32.9424 train_imax: 32.1099 train_imin: -69.6436 time: 2.8165s
INFO:root:Epoch: 1670 lr: 0.01 train_loss: 122827.5312 train_distortion: 3.4982 train_mapscore: 0.3758 train_c: -0.9566 train_max_dist: 33.6201 train_imax: 34.2349 train_imin: -73.7999 time: 2.8265s
INFO:root:Epoch: 1675 lr: 0.01 train_loss: 121489.9062 train_distortion: 3.7652 train_mapscore: 0.4050 train_c: -0.9565 train_max_dist: 48.0000 train_imax: 36.3981 train_imin: -78.2098 time: 2.8165s
INFO:root:Epoch: 1680 lr: 0.01 train_loss: 120176.7734 train_distortion: 4.0397 train_mapscore: 0.4240 train_c: -0.9564 train_max_dist: 34.9600 train_imax: 38.4960 train_imin: -82.7795 time: 2.7682s
INFO:root:Epoch: 1685 lr: 0.01 train_loss: 119123.2344 train_distortion: 4.3231 train_mapscore: 0.4340 train_c: -0.9562 train_max_dist: 35.6250 train_imax: 40.5815 train_imin: -87.5235 time: 2.7676s
INFO:root:Epoch: 1690 lr: 0.01 train_loss: 118001.2031 train_distortion: 4.6106 train_mapscore: 0.4526 train_c: -0.9561 train_max_dist: 36.2725 train_imax: 42.8420 train_imin: -92.4944 time: 2.7708s
INFO:root:Epoch: 1695 lr: 0.01 train_loss: 117264.8438 train_distortion: 4.8901 train_mapscore: 0.4486 train_c: -0.9559 train_max_dist: 48.0000 train_imax: 45.3097 train_imin: -97.1732 time: 2.8024s
INFO:root:Epoch: 1700 lr: 0.01 train_loss: 116367.9531 train_distortion: 5.1657 train_mapscore: 0.4601 train_c: -0.9558 train_max_dist: 37.4199 train_imax: 47.6563 train_imin: -101.7028 time: 2.8112s
INFO:root:Epoch: 1705 lr: 0.01 train_loss: 116398.7500 train_distortion: 5.4017 train_mapscore: 0.4147 train_c: -0.9556 train_max_dist: 37.8965 train_imax: 49.7816 train_imin: -105.6577 time: 2.8057s
INFO:root:Epoch: 1710 lr: 0.01 train_loss: 116956.2344 train_distortion: 5.5883 train_mapscore: 0.3690 train_c: -0.9555 train_max_dist: 38.2715 train_imax: 50.2878 train_imin: -108.6083 time: 2.7511s
INFO:root:Epoch: 1715 lr: 0.01 train_loss: 116617.7891 train_distortion: 5.7125 train_mapscore: 0.3755 train_c: -0.9553 train_max_dist: 50.0000 train_imax: 49.5660 train_imin: -110.4007 time: 2.7604s
INFO:root:Epoch: 1720 lr: 0.01 train_loss: 115939.5625 train_distortion: 5.8295 train_mapscore: 0.3751 train_c: -0.9551 train_max_dist: 38.7559 train_imax: 49.9488 train_imin: -112.4554 time: 2.7835s
INFO:root:Epoch: 1725 lr: 0.01 train_loss: 124160.4062 train_distortion: 5.8473 train_mapscore: 0.2522 train_c: -0.9549 train_max_dist: 38.8379 train_imax: 51.2159 train_imin: -112.7747 time: 2.7699s
INFO:root:Epoch: 1730 lr: 0.01 train_loss: 122334.7266 train_distortion: 5.5965 train_mapscore: 0.2662 train_c: -0.9546 train_max_dist: 38.4043 train_imax: 49.7229 train_imin: -108.7981 time: 2.8045s
INFO:root:Epoch: 1735 lr: 0.01 train_loss: 119849.8594 train_distortion: 5.2936 train_mapscore: 0.2897 train_c: -0.9543 train_max_dist: 37.8652 train_imax: 48.7070 train_imin: -104.1347 time: 2.7942s
INFO:root:Epoch: 1740 lr: 0.01 train_loss: 117619.5156 train_distortion: 5.0957 train_mapscore: 0.3166 train_c: -0.9541 train_max_dist: 37.5176 train_imax: 47.0640 train_imin: -101.0455 time: 2.7936s
INFO:root:Epoch: 1745 lr: 0.01 train_loss: 115568.3125 train_distortion: 5.0610 train_mapscore: 0.3563 train_c: -0.9539 train_max_dist: 50.0000 train_imax: 46.7148 train_imin: -100.7130 time: 2.7534s
INFO:root:Epoch: 1750 lr: 0.01 train_loss: 113882.0312 train_distortion: 5.2036 train_mapscore: 0.3946 train_c: -0.9537 train_max_dist: 37.7363 train_imax: 48.1672 train_imin: -103.2025 time: 2.7554s
INFO:root:Epoch: 1755 lr: 0.01 train_loss: 112509.7812 train_distortion: 5.4817 train_mapscore: 0.4215 train_c: -0.9536 train_max_dist: 38.2734 train_imax: 50.6950 train_imin: -107.8486 time: 2.7652s
INFO:root:Epoch: 1760 lr: 0.01 train_loss: 110864.3125 train_distortion: 5.8629 train_mapscore: 0.4561 train_c: -0.9534 train_max_dist: 38.9766 train_imax: 53.7456 train_imin: -114.7447 time: 2.7753s
INFO:root:Epoch: 1765 lr: 0.01 train_loss: 110712.4844 train_distortion: 6.2842 train_mapscore: 0.4380 train_c: -0.9532 train_max_dist: 39.7129 train_imax: 57.2835 train_imin: -122.2274 time: 2.7737s
INFO:root:Epoch: 1770 lr: 0.01 train_loss: 111033.1562 train_distortion: 6.7066 train_mapscore: 0.4217 train_c: -0.9530 train_max_dist: 40.4512 train_imax: 61.3409 train_imin: -129.8045 time: 2.7470s
INFO:root:Epoch: 1775 lr: 0.01 train_loss: 113101.2734 train_distortion: 7.0343 train_mapscore: 0.3725 train_c: -0.9528 train_max_dist: 40.9902 train_imax: 64.9571 train_imin: -134.8926 time: 2.7540s
INFO:root:Epoch: 1780 lr: 0.01 train_loss: 113262.2812 train_distortion: 7.1875 train_mapscore: 0.3745 train_c: -0.9525 train_max_dist: 41.2441 train_imax: 66.9576 train_imin: -137.6426 time: 2.7487s
INFO:root:Epoch: 1785 lr: 0.01 train_loss: 111506.3281 train_distortion: 7.2424 train_mapscore: 0.4142 train_c: -0.9523 train_max_dist: 41.3477 train_imax: 67.1927 train_imin: -139.3248 time: 2.7414s
INFO:root:Epoch: 1790 lr: 0.01 train_loss: 109876.8906 train_distortion: 7.3187 train_mapscore: 0.4498 train_c: -0.9520 train_max_dist: 41.4805 train_imax: 67.4551 train_imin: -141.0682 time: 2.7943s
INFO:root:Epoch: 1795 lr: 0.01 train_loss: 108820.5000 train_distortion: 7.4519 train_mapscore: 0.4644 train_c: -0.9517 train_max_dist: 41.7129 train_imax: 68.1753 train_imin: -143.6943 time: 2.7943s
INFO:root:Epoch: 1800 lr: 0.01 train_loss: 107720.1562 train_distortion: 7.6734 train_mapscore: 0.4954 train_c: -0.9514 train_max_dist: 42.0723 train_imax: 69.8783 train_imin: -148.0475 time: 2.7331s
INFO:root:Epoch: 1805 lr: 0.01 train_loss: 106885.0859 train_distortion: 7.9694 train_mapscore: 0.5128 train_c: -0.9512 train_max_dist: 42.5176 train_imax: 72.1337 train_imin: -153.9114 time: 2.7307s
INFO:root:Epoch: 1810 lr: 0.01 train_loss: 106333.7578 train_distortion: 8.2915 train_mapscore: 0.5157 train_c: -0.9509 train_max_dist: 43.0156 train_imax: 74.2293 train_imin: -159.7709 time: 2.7432s
INFO:root:Epoch: 1815 lr: 0.01 train_loss: 105852.9688 train_distortion: 8.6116 train_mapscore: 0.5256 train_c: -0.9506 train_max_dist: 43.4609 train_imax: 77.0363 train_imin: -165.8746 time: 2.7401s
INFO:root:Epoch: 1820 lr: 0.01 train_loss: 107908.2812 train_distortion: 8.8181 train_mapscore: 0.4653 train_c: -0.9503 train_max_dist: 43.7227 train_imax: 79.2393 train_imin: -169.6511 time: 2.7738s
INFO:root:Epoch: 1825 lr: 0.01 train_loss: 108942.0234 train_distortion: 8.8552 train_mapscore: 0.4508 train_c: -0.9500 train_max_dist: 43.7812 train_imax: 79.9148 train_imin: -171.0325 time: 2.7699s
INFO:root:Epoch: 1830 lr: 0.01 train_loss: 107784.8203 train_distortion: 8.8292 train_mapscore: 0.4751 train_c: -0.9496 train_max_dist: 43.7461 train_imax: 80.0975 train_imin: -170.7248 time: 2.7666s
INFO:root:Epoch: 1835 lr: 0.01 train_loss: 107547.9297 train_distortion: 8.8176 train_mapscore: 0.4682 train_c: -0.9493 train_max_dist: 50.0000 train_imax: 79.9781 train_imin: -170.2269 time: 2.7458s
INFO:root:Epoch: 1840 lr: 0.01 train_loss: 108248.3281 train_distortion: 8.7802 train_mapscore: 0.4538 train_c: -0.9490 train_max_dist: 48.0000 train_imax: 79.8702 train_imin: -168.8576 time: 2.7270s
INFO:root:Epoch: 1845 lr: 0.01 train_loss: 107166.8125 train_distortion: 8.7813 train_mapscore: 0.4888 train_c: -0.9486 train_max_dist: 43.6641 train_imax: 80.2942 train_imin: -168.7017 time: 2.7427s
INFO:root:Epoch: 1850 lr: 0.01 train_loss: 126403.6250 train_distortion: 8.8033 train_mapscore: 0.2559 train_c: -0.9483 train_max_dist: 43.7148 train_imax: 81.3905 train_imin: -169.5940 time: 2.7541s
INFO:root:Epoch: 1855 lr: 0.01 train_loss: 130447.5547 train_distortion: 7.8712 train_mapscore: 0.2272 train_c: -0.9478 train_max_dist: 42.3145 train_imax: 73.8673 train_imin: -152.8914 time: 2.7989s
INFO:root:Epoch: 1860 lr: 0.01 train_loss: 126444.8125 train_distortion: 6.5273 train_mapscore: 0.2357 train_c: -0.9473 train_max_dist: 40.0957 train_imax: 62.0126 train_imin: -128.7897 time: 2.7985s
INFO:root:Epoch: 1865 lr: 0.01 train_loss: 122157.9609 train_distortion: 5.4514 train_mapscore: 0.2608 train_c: -0.9469 train_max_dist: 38.1113 train_imax: 52.3069 train_imin: -109.9277 time: 2.7560s
INFO:root:Epoch: 1870 lr: 0.01 train_loss: 118985.1719 train_distortion: 4.8150 train_mapscore: 0.2955 train_c: -0.9466 train_max_dist: 36.8457 train_imax: 47.6205 train_imin: -99.2861 time: 2.7621s
INFO:root:Epoch: 1875 lr: 0.01 train_loss: 116990.9297 train_distortion: 4.5422 train_mapscore: 0.3211 train_c: -0.9463 train_max_dist: 36.2754 train_imax: 45.1646 train_imin: -95.0862 time: 2.7618s
INFO:root:Epoch: 1880 lr: 0.01 train_loss: 115356.2500 train_distortion: 4.5412 train_mapscore: 0.3457 train_c: -0.9462 train_max_dist: 36.2773 train_imax: 44.6274 train_imin: -95.3214 time: 2.7456s
INFO:root:Epoch: 1885 lr: 0.01 train_loss: 113464.5938 train_distortion: 4.7924 train_mapscore: 0.3817 train_c: -0.9460 train_max_dist: 36.7910 train_imax: 46.5325 train_imin: -100.0658 time: 2.7871s
INFO:root:Epoch: 1890 lr: 0.01 train_loss: 111480.6562 train_distortion: 5.2160 train_mapscore: 0.4204 train_c: -0.9458 train_max_dist: 37.6348 train_imax: 50.5506 train_imin: -107.5680 time: 2.7742s
INFO:root:Epoch: 1895 lr: 0.01 train_loss: 109593.3359 train_distortion: 5.7641 train_mapscore: 0.4517 train_c: -0.9457 train_max_dist: 38.6836 train_imax: 55.5293 train_imin: -117.1295 time: 2.7480s
INFO:root:Epoch: 1900 lr: 0.01 train_loss: 108397.7188 train_distortion: 6.3678 train_mapscore: 0.4611 train_c: -0.9455 train_max_dist: 50.0000 train_imax: 61.2768 train_imin: -127.7812 time: 2.7455s
INFO:root:Epoch: 1905 lr: 0.01 train_loss: 107790.0625 train_distortion: 6.9323 train_mapscore: 0.4656 train_c: -0.9454 train_max_dist: 40.7559 train_imax: 65.8882 train_imin: -137.9629 time: 2.7331s
INFO:root:Epoch: 1910 lr: 0.01 train_loss: 106960.5938 train_distortion: 7.4883 train_mapscore: 0.4712 train_c: -0.9452 train_max_dist: 48.0000 train_imax: 71.6889 train_imin: -148.6416 time: 2.7310s
INFO:root:Epoch: 1915 lr: 0.01 train_loss: 110001.7422 train_distortion: 7.9511 train_mapscore: 0.3865 train_c: -0.9450 train_max_dist: 42.4180 train_imax: 72.9335 train_imin: -157.2419 time: 2.7574s
INFO:root:Epoch: 1920 lr: 0.01 train_loss: 109846.7969 train_distortion: 8.2272 train_mapscore: 0.3935 train_c: -0.9447 train_max_dist: 42.8438 train_imax: 74.2637 train_imin: -162.3587 time: 2.7653s
INFO:root:Epoch: 1925 lr: 0.01 train_loss: 114427.0469 train_distortion: 8.2562 train_mapscore: 0.3274 train_c: -0.9444 train_max_dist: 42.8730 train_imax: 74.9014 train_imin: -163.7740 time: 2.7660s
INFO:root:Epoch: 1930 lr: 0.01 train_loss: 120525.0781 train_distortion: 7.6967 train_mapscore: 0.2658 train_c: -0.9441 train_max_dist: 41.9453 train_imax: 72.3987 train_imin: -153.8979 time: 2.7468s
INFO:root:Epoch: 1935 lr: 0.01 train_loss: 117502.0000 train_distortion: 6.9410 train_mapscore: 0.2876 train_c: -0.9437 train_max_dist: 40.7285 train_imax: 65.5505 train_imin: -138.5629 time: 2.7342s
INFO:root:Epoch: 1940 lr: 0.01 train_loss: 133011.8438 train_distortion: 5.8665 train_mapscore: 0.1842 train_c: -0.9434 train_max_dist: 48.0000 train_imax: 55.0161 train_imin: -115.8788 time: 2.7728s
INFO:root:Epoch: 1945 lr: 0.01 train_loss: 130801.1797 train_distortion: 4.6995 train_mapscore: 0.1894 train_c: -0.9430 train_max_dist: 36.4922 train_imax: 44.2177 train_imin: -94.5059 time: 2.8043s
INFO:root:Epoch: 1950 lr: 0.01 train_loss: 127458.6172 train_distortion: 3.8266 train_mapscore: 0.2048 train_c: -0.9427 train_max_dist: 34.5176 train_imax: 37.4237 train_imin: -79.6947 time: 2.7976s
INFO:root:Epoch: 1955 lr: 0.01 train_loss: 125200.6484 train_distortion: 3.3015 train_mapscore: 0.2194 train_c: -0.9424 train_max_dist: 33.1875 train_imax: 33.3203 train_imin: -70.9774 time: 2.7959s
INFO:root:Epoch: 1960 lr: 0.01 train_loss: 122939.7500 train_distortion: 3.1041 train_mapscore: 0.2446 train_c: -0.9422 train_max_dist: 32.6514 train_imax: 31.9637 train_imin: -68.0055 time: 2.7514s
INFO:root:Epoch: 1965 lr: 0.01 train_loss: 120971.4531 train_distortion: 3.1491 train_mapscore: 0.2659 train_c: -0.9421 train_max_dist: 50.0000 train_imax: 32.5630 train_imin: -69.1644 time: 2.7461s
INFO:root:Epoch: 1970 lr: 0.01 train_loss: 119819.1250 train_distortion: 3.3586 train_mapscore: 0.2789 train_c: -0.9420 train_max_dist: 33.3330 train_imax: 34.3532 train_imin: -72.8774 time: 2.7511s
INFO:root:Epoch: 1975 lr: 0.01 train_loss: 117464.1562 train_distortion: 3.6961 train_mapscore: 0.3162 train_c: -0.9419 train_max_dist: 34.1924 train_imax: 37.3705 train_imin: -78.6308 time: 2.7267s
INFO:root:Epoch: 1980 lr: 0.01 train_loss: 115614.4219 train_distortion: 4.1210 train_mapscore: 0.3231 train_c: -0.9419 train_max_dist: 35.1934 train_imax: 40.8178 train_imin: -86.2395 time: 2.7686s
INFO:root:Epoch: 1985 lr: 0.01 train_loss: 131744.4375 train_distortion: 4.6079 train_mapscore: 0.1772 train_c: -0.9417 train_max_dist: 36.2881 train_imax: 45.5848 train_imin: -95.2623 time: 2.8017s
INFO:root:Epoch: 1990 lr: 0.01 train_loss: 177309.6250 train_distortion: 4.1086 train_mapscore: 0.0861 train_c: -0.9414 train_max_dist: 35.6699 train_imax: 41.9242 train_imin: -89.1363 time: 2.9360s
INFO:root:Epoch: 1995 lr: 0.01 train_loss: 177777.6094 train_distortion: 2.4632 train_mapscore: 0.0726 train_c: -0.9407 train_max_dist: 31.2510 train_imax: 30.3551 train_imin: -62.0285 time: 3.0508s
INFO:root:Epoch: 2000 lr: 0.0025 train_loss: 172512.3750 train_distortion: 1.2301 train_mapscore: 0.0684 train_c: -0.9402 train_max_dist: 26.4019 train_imax: 21.1934 train_imin: -39.6169 time: 3.0828s
INFO:root:Optimization Finished!
INFO:root:Total time elapsed: 5527.8648s
INFO:root:Val set results: val_distortion: 1.0000 val_mapscore: -1.0000 val_c: -1.0000 val_max_dist: 0.0000
INFO:root:Test set results: test_loss: 171918.7500 test_distortion: 1.0673 test_mapscore: 0.0679 test_c: -0.9401 test_max_dist: 25.5283 test_imax: 19.5142 test_imin: -36.3294
INFO:root:Saved model in /workspace/xiongbo/hgcn/logs/md/2021_5_28/1
