INFO:root:Using: cuda:0
INFO:root:Using seed 1234.
INFO:root:MDModel(
  (encoder): HGCN(
    (layers): Sequential(
      (0): HyperbolicGraphConvolution(
        (linear): HypLinear(
          in_features=4159, out_features=10, c=Parameter containing:
          tensor([-1.], requires_grad=True)
        )
        (agg): HypAgg(
          c=Parameter containing:
          tensor([-1.], requires_grad=True)
        )
        (hyp_act): HypAct(
          c_in=Parameter containing:
          tensor([-1.], requires_grad=True), c_out=Parameter containing:
          tensor([-1.], requires_grad=True)
        )
      )
    )
  )
  (decoder): MDDecoder()
)
INFO:root:Total number of parameters: 41602
/workspace/anaconda3/envs/geo/lib/python3.7/site-packages/torch/optim/lr_scheduler.py:370: UserWarning: To get the last learning rate computed by the scheduler, please use `get_last_lr()`.
  "please use `get_last_lr()`.", UserWarning)
INFO:root:Epoch: 0005 lr: 0.01 train_loss: 214828.5000 train_distortion: 0.8387 train_mapscore: 0.0274 train_c: -1.0004 train_max_dist: 2.4499 train_imax: -0.0000 train_imin: -1.2585 time: 3.4949s
INFO:root:Epoch: 0010 lr: 0.01 train_loss: 207611.8750 train_distortion: 0.7547 train_mapscore: 0.0762 train_c: -1.0008 train_max_dist: 3.6165 train_imax: -0.0000 train_imin: -1.1803 time: 3.1119s
INFO:root:Epoch: 0015 lr: 0.01 train_loss: 203599.5625 train_distortion: 0.7077 train_mapscore: 0.1069 train_c: -1.0014 train_max_dist: 4.5488 train_imax: 0.0862 train_imin: -1.1757 time: 3.0162s
INFO:root:Epoch: 0020 lr: 0.01 train_loss: 200291.3594 train_distortion: 0.6722 train_mapscore: 0.1284 train_c: -1.0019 train_max_dist: 7.7165 train_imax: 0.1069 train_imin: -1.1497 time: 2.9676s
INFO:root:Epoch: 0025 lr: 0.01 train_loss: 196300.8438 train_distortion: 0.6287 train_mapscore: 0.1382 train_c: -1.0025 train_max_dist: 9.7891 train_imax: 0.2875 train_imin: -1.2033 time: 2.9080s
INFO:root:Epoch: 0030 lr: 0.01 train_loss: 191117.2812 train_distortion: 0.5692 train_mapscore: 0.1441 train_c: -1.0030 train_max_dist: 9.9375 train_imax: 0.6499 train_imin: -1.2655 time: 2.8882s
INFO:root:Epoch: 0035 lr: 0.01 train_loss: 184678.3750 train_distortion: 0.4933 train_mapscore: 0.1470 train_c: -1.0035 train_max_dist: 10.5000 train_imax: 0.9063 train_imin: -1.3356 time: 2.8671s
INFO:root:Epoch: 0040 lr: 0.01 train_loss: 177291.9062 train_distortion: 0.4122 train_mapscore: 0.1594 train_c: -1.0040 train_max_dist: 10.2500 train_imax: 0.9305 train_imin: -1.3152 time: 2.8399s
INFO:root:Epoch: 0045 lr: 0.01 train_loss: 169825.4688 train_distortion: 0.3444 train_mapscore: 0.1764 train_c: -1.0043 train_max_dist: 11.2500 train_imax: 1.5523 train_imin: -1.2846 time: 2.8549s
INFO:root:Epoch: 0050 lr: 0.01 train_loss: 161029.7812 train_distortion: 0.2904 train_mapscore: 0.2023 train_c: -1.0045 train_max_dist: 13.0000 train_imax: 3.6498 train_imin: -1.4521 time: 2.9018s
INFO:root:Epoch: 0055 lr: 0.01 train_loss: 150206.3750 train_distortion: 0.2427 train_mapscore: 0.2233 train_c: -1.0045 train_max_dist: 13.1612 train_imax: 5.2757 train_imin: -1.3784 time: 2.8417s
INFO:root:Epoch: 0060 lr: 0.01 train_loss: 140761.4219 train_distortion: 0.2173 train_mapscore: 0.2202 train_c: -1.0044 train_max_dist: 14.6044 train_imax: 6.8716 train_imin: -1.8717 time: 2.8817s
INFO:root:Epoch: 0065 lr: 0.01 train_loss: 133747.6562 train_distortion: 0.2264 train_mapscore: 0.2067 train_c: -1.0041 train_max_dist: 16.0660 train_imax: 7.9642 train_imin: -2.5008 time: 2.9491s
INFO:root:Epoch: 0070 lr: 0.01 train_loss: 124459.9766 train_distortion: 0.2874 train_mapscore: 0.2145 train_c: -1.0038 train_max_dist: 20.0000 train_imax: 9.9707 train_imin: -3.2621 time: 2.9192s
INFO:root:Epoch: 0075 lr: 0.01 train_loss: 113932.3594 train_distortion: 0.4178 train_mapscore: 0.2412 train_c: -1.0035 train_max_dist: 20.0868 train_imax: 12.1090 train_imin: -4.4143 time: 2.8806s
INFO:root:Epoch: 0080 lr: 0.01 train_loss: 107011.4688 train_distortion: 0.6171 train_mapscore: 0.2475 train_c: -1.0032 train_max_dist: 22.0000 train_imax: 14.9879 train_imin: -6.5298 time: 2.8724s
INFO:root:Epoch: 0085 lr: 0.01 train_loss: 101572.6719 train_distortion: 0.8448 train_mapscore: 0.2585 train_c: -1.0030 train_max_dist: 23.2720 train_imax: 17.8564 train_imin: -8.8517 time: 2.8546s
INFO:root:Epoch: 0090 lr: 0.01 train_loss: 93126.4062 train_distortion: 1.1311 train_mapscore: 0.2963 train_c: -1.0027 train_max_dist: 24.4164 train_imax: 21.3122 train_imin: -9.9374 time: 2.7927s
INFO:root:Epoch: 0095 lr: 0.01 train_loss: 87551.7188 train_distortion: 1.4856 train_mapscore: 0.3224 train_c: -1.0024 train_max_dist: 26.3871 train_imax: 25.8109 train_imin: -11.1259 time: 2.7841s
INFO:root:Epoch: 0100 lr: 0.01 train_loss: 82497.4688 train_distortion: 1.8866 train_mapscore: 0.3568 train_c: -1.0021 train_max_dist: 28.0792 train_imax: 29.9108 train_imin: -12.1091 time: 2.7743s
INFO:root:Epoch: 0105 lr: 0.01 train_loss: 83862.8438 train_distortion: 2.2859 train_mapscore: 0.3464 train_c: -1.0018 train_max_dist: 32.0000 train_imax: 31.8205 train_imin: -13.0272 time: 2.7913s
INFO:root:Epoch: 0110 lr: 0.01 train_loss: 81907.6094 train_distortion: 2.6235 train_mapscore: 0.3612 train_c: -1.0014 train_max_dist: 30.4481 train_imax: 36.1169 train_imin: -14.2485 time: 2.8566s
INFO:root:Epoch: 0115 lr: 0.01 train_loss: 77113.9375 train_distortion: 2.9866 train_mapscore: 0.4119 train_c: -1.0010 train_max_dist: 32.0000 train_imax: 42.3302 train_imin: -16.3824 time: 2.8482s
INFO:root:Epoch: 0120 lr: 0.01 train_loss: 77403.7812 train_distortion: 3.3271 train_mapscore: 0.4048 train_c: -1.0005 train_max_dist: 31.6922 train_imax: 46.9047 train_imin: -16.7497 time: 2.8367s
INFO:root:Epoch: 0125 lr: 0.01 train_loss: 76168.4688 train_distortion: 3.6113 train_mapscore: 0.4217 train_c: -1.0001 train_max_dist: 32.8194 train_imax: 48.0867 train_imin: -17.1626 time: 2.8030s
INFO:root:Epoch: 0130 lr: 0.01 train_loss: 81054.5000 train_distortion: 3.7951 train_mapscore: 0.3717 train_c: -0.9996 train_max_dist: 33.2143 train_imax: 50.7560 train_imin: -19.2224 time: 2.8095s
INFO:root:Epoch: 0135 lr: 0.01 train_loss: 83062.1328 train_distortion: 3.8190 train_mapscore: 0.3539 train_c: -0.9991 train_max_dist: 33.7232 train_imax: 48.3815 train_imin: -19.4402 time: 2.8296s
INFO:root:Epoch: 0140 lr: 0.01 train_loss: 100225.7812 train_distortion: 3.5798 train_mapscore: 0.2583 train_c: -0.9989 train_max_dist: 33.4836 train_imax: 46.0257 train_imin: -17.6043 time: 2.8806s
INFO:root:Epoch: 0145 lr: 0.01 train_loss: 106270.7812 train_distortion: 2.9384 train_mapscore: 0.2196 train_c: -0.9986 train_max_dist: 32.0906 train_imax: 41.2881 train_imin: -16.7513 time: 2.9111s
INFO:root:Epoch: 0150 lr: 0.01 train_loss: 122804.5234 train_distortion: 2.3163 train_mapscore: 0.1690 train_c: -0.9987 train_max_dist: 32.0000 train_imax: 35.1427 train_imin: -13.6820 time: 2.9513s
INFO:root:Epoch: 0155 lr: 0.01 train_loss: 124497.0859 train_distortion: 1.7702 train_mapscore: 0.1538 train_c: -0.9984 train_max_dist: 29.0932 train_imax: 29.5776 train_imin: -11.3839 time: 3.0072s
INFO:root:Epoch: 0160 lr: 0.01 train_loss: 122793.5859 train_distortion: 1.3858 train_mapscore: 0.1520 train_c: -0.9981 train_max_dist: 27.8481 train_imax: 25.1985 train_imin: -9.8397 time: 2.9803s
INFO:root:Epoch: 0165 lr: 0.01 train_loss: 120104.1016 train_distortion: 1.2040 train_mapscore: 0.1568 train_c: -0.9977 train_max_dist: 27.0281 train_imax: 22.9187 train_imin: -8.8469 time: 2.9650s
INFO:root:Epoch: 0170 lr: 0.01 train_loss: 115840.8594 train_distortion: 1.1709 train_mapscore: 0.1686 train_c: -0.9973 train_max_dist: 26.8295 train_imax: 23.3196 train_imin: -8.4167 time: 2.9710s
INFO:root:Epoch: 0175 lr: 0.01 train_loss: 111493.7812 train_distortion: 1.2381 train_mapscore: 0.1851 train_c: -0.9969 train_max_dist: 40.0000 train_imax: 24.9858 train_imin: -8.7405 time: 2.9540s
INFO:root:Epoch: 0180 lr: 0.01 train_loss: 107198.8594 train_distortion: 1.3853 train_mapscore: 0.2057 train_c: -0.9965 train_max_dist: 27.4774 train_imax: 27.4069 train_imin: -9.3088 time: 2.9122s
INFO:root:Epoch: 0185 lr: 0.01 train_loss: 104161.2031 train_distortion: 1.6083 train_mapscore: 0.2235 train_c: -0.9962 train_max_dist: 28.2728 train_imax: 30.8454 train_imin: -9.9805 time: 2.8949s
INFO:root:Epoch: 0190 lr: 0.01 train_loss: 100645.8984 train_distortion: 1.8481 train_mapscore: 0.2450 train_c: -0.9958 train_max_dist: 29.1035 train_imax: 34.0382 train_imin: -10.6229 time: 2.8908s
INFO:root:Epoch: 0195 lr: 0.01 train_loss: 97270.4766 train_distortion: 2.0879 train_mapscore: 0.2728 train_c: -0.9955 train_max_dist: 32.0000 train_imax: 37.0252 train_imin: -11.1999 time: 2.8722s
INFO:root:Epoch: 0200 lr: 0.01 train_loss: 94505.2031 train_distortion: 2.3453 train_mapscore: 0.2964 train_c: -0.9952 train_max_dist: 30.5598 train_imax: 39.9570 train_imin: -11.9027 time: 2.8933s
INFO:root:Epoch: 0205 lr: 0.01 train_loss: 99513.2266 train_distortion: 2.6163 train_mapscore: 0.2347 train_c: -0.9948 train_max_dist: 31.3678 train_imax: 43.3470 train_imin: -12.8146 time: 2.9289s
INFO:root:Epoch: 0210 lr: 0.01 train_loss: 98371.1250 train_distortion: 2.7249 train_mapscore: 0.2447 train_c: -0.9944 train_max_dist: 32.0000 train_imax: 43.9081 train_imin: -13.7546 time: 2.9105s
INFO:root:Epoch: 0215 lr: 0.01 train_loss: 95468.3047 train_distortion: 2.7733 train_mapscore: 0.2705 train_c: -0.9941 train_max_dist: 32.0000 train_imax: 44.2121 train_imin: -15.1340 time: 2.8714s
INFO:root:Epoch: 0220 lr: 0.01 train_loss: 91856.1094 train_distortion: 2.8705 train_mapscore: 0.3047 train_c: -0.9937 train_max_dist: 32.0555 train_imax: 45.7682 train_imin: -15.3393 time: 2.8643s
INFO:root:Epoch: 0225 lr: 0.01 train_loss: 88426.8125 train_distortion: 3.0566 train_mapscore: 0.3388 train_c: -0.9934 train_max_dist: 32.3919 train_imax: 48.5623 train_imin: -15.7410 time: 2.8658s
INFO:root:Epoch: 0230 lr: 0.01 train_loss: 85622.7656 train_distortion: 3.3165 train_mapscore: 0.3611 train_c: -0.9931 train_max_dist: 50.0000 train_imax: 52.4406 train_imin: -16.1860 time: 2.8930s
INFO:root:Epoch: 0235 lr: 0.01 train_loss: 84929.0469 train_distortion: 3.5905 train_mapscore: 0.3670 train_c: -0.9928 train_max_dist: 33.5072 train_imax: 55.0653 train_imin: -17.3649 time: 2.8768s
INFO:root:Epoch: 0240 lr: 0.01 train_loss: 82302.8047 train_distortion: 3.9122 train_mapscore: 0.4020 train_c: -0.9925 train_max_dist: 34.0870 train_imax: 59.1994 train_imin: -18.4505 time: 2.8685s
INFO:root:Epoch: 0245 lr: 0.01 train_loss: 90770.1719 train_distortion: 4.3856 train_mapscore: 0.3092 train_c: -0.9922 train_max_dist: 35.2550 train_imax: 63.8282 train_imin: -20.6064 time: 2.8641s
INFO:root:Epoch: 0250 lr: 0.01 train_loss: 143061.6562 train_distortion: 3.2436 train_mapscore: 0.1316 train_c: -0.9926 train_max_dist: 33.7750 train_imax: 48.1656 train_imin: -19.0681 time: 3.0184s
INFO:root:Epoch: 0255 lr: 0.01 train_loss: 165019.6250 train_distortion: 1.9322 train_mapscore: 0.0849 train_c: -0.9928 train_max_dist: 30.6347 train_imax: 34.6704 train_imin: -19.3514 time: 3.2176s
INFO:root:Epoch: 0260 lr: 0.01 train_loss: 167887.2500 train_distortion: 1.1599 train_mapscore: 0.0714 train_c: -0.9928 train_max_dist: 27.4198 train_imax: 24.8655 train_imin: -14.5608 time: 3.3254s
INFO:root:Epoch: 0265 lr: 0.01 train_loss: 165287.6406 train_distortion: 0.7429 train_mapscore: 0.0698 train_c: -0.9927 train_max_dist: 24.6369 train_imax: 18.7041 train_imin: -10.7942 time: 3.3916s
INFO:root:Epoch: 0270 lr: 0.01 train_loss: 162652.9688 train_distortion: 0.5293 train_mapscore: 0.0711 train_c: -0.9926 train_max_dist: 22.5765 train_imax: 14.9926 train_imin: -8.4972 time: 3.4049s
INFO:root:Epoch: 0275 lr: 0.01 train_loss: 160372.2500 train_distortion: 0.4241 train_mapscore: 0.0756 train_c: -0.9925 train_max_dist: 21.2570 train_imax: 12.6864 train_imin: -7.6882 time: 3.3562s
INFO:root:Epoch: 0280 lr: 0.01 train_loss: 158764.9219 train_distortion: 0.3756 train_mapscore: 0.0784 train_c: -0.9924 train_max_dist: 20.4894 train_imax: 11.3522 train_imin: -7.5368 time: 3.3483s
INFO:root:Epoch: 0285 lr: 0.01 train_loss: 157041.6719 train_distortion: 0.3575 train_mapscore: 0.0813 train_c: -0.9923 train_max_dist: 20.1437 train_imax: 10.7327 train_imin: -7.4415 time: 3.3032s
INFO:root:Epoch: 0290 lr: 0.01 train_loss: 155188.5625 train_distortion: 0.3588 train_mapscore: 0.0862 train_c: -0.9922 train_max_dist: 20.1543 train_imax: 10.6976 train_imin: -7.5371 time: 3.2829s
INFO:root:Epoch: 0295 lr: 0.01 train_loss: 153194.8750 train_distortion: 0.3742 train_mapscore: 0.0901 train_c: -0.9921 train_max_dist: 20.4096 train_imax: 11.1787 train_imin: -7.7958 time: 3.3219s
INFO:root:Epoch: 0300 lr: 0.01 train_loss: 151237.3906 train_distortion: 0.3994 train_mapscore: 0.0949 train_c: -0.9920 train_max_dist: 20.7997 train_imax: 12.0933 train_imin: -8.1326 time: 3.2890s
INFO:root:Epoch: 0305 lr: 0.01 train_loss: 149317.5469 train_distortion: 0.4344 train_mapscore: 0.0988 train_c: -0.9919 train_max_dist: 21.2738 train_imax: 13.1173 train_imin: -8.4801 time: 3.2600s
INFO:root:Epoch: 0310 lr: 0.01 train_loss: 147367.5625 train_distortion: 0.4749 train_mapscore: 0.1027 train_c: -0.9918 train_max_dist: 24.0000 train_imax: 14.1293 train_imin: -8.7840 time: 3.2499s
INFO:root:Epoch: 0315 lr: 0.01 train_loss: 145445.7656 train_distortion: 0.5148 train_mapscore: 0.1096 train_c: -0.9916 train_max_dist: 24.0000 train_imax: 15.0245 train_imin: -8.9976 time: 3.2566s
INFO:root:Epoch: 0320 lr: 0.01 train_loss: 143533.5469 train_distortion: 0.5501 train_mapscore: 0.1137 train_c: -0.9915 train_max_dist: 22.5599 train_imax: 15.7479 train_imin: -9.1082 time: 3.2300s
INFO:root:Epoch: 0325 lr: 0.01 train_loss: 141695.1406 train_distortion: 0.5867 train_mapscore: 0.1226 train_c: -0.9914 train_max_dist: 22.9010 train_imax: 16.4103 train_imin: -9.2140 time: 3.2463s
INFO:root:Epoch: 0330 lr: 0.01 train_loss: 139933.9688 train_distortion: 0.6210 train_mapscore: 0.1304 train_c: -0.9913 train_max_dist: 23.1973 train_imax: 16.9793 train_imin: -9.3350 time: 3.2398s
INFO:root:Epoch: 0335 lr: 0.01 train_loss: 138249.6719 train_distortion: 0.6537 train_mapscore: 0.1396 train_c: -0.9912 train_max_dist: 23.4603 train_imax: 17.4843 train_imin: -9.3991 time: 3.1875s
INFO:root:Epoch: 0340 lr: 0.01 train_loss: 136691.9219 train_distortion: 0.6863 train_mapscore: 0.1429 train_c: -0.9911 train_max_dist: 23.7123 train_imax: 17.9556 train_imin: -9.3664 time: 3.1602s
INFO:root:Epoch: 0345 lr: 0.01 train_loss: 135157.4688 train_distortion: 0.7200 train_mapscore: 0.1514 train_c: -0.9910 train_max_dist: 24.0000 train_imax: 18.4002 train_imin: -9.3615 time: 3.1598s
INFO:root:Epoch: 0350 lr: 0.01 train_loss: 133602.1562 train_distortion: 0.7549 train_mapscore: 0.1621 train_c: -0.9909 train_max_dist: 24.2119 train_imax: 18.9263 train_imin: -9.3434 time: 3.1622s
INFO:root:Epoch: 0355 lr: 0.01 train_loss: 132077.0156 train_distortion: 0.7875 train_mapscore: 0.1676 train_c: -0.9908 train_max_dist: 32.0000 train_imax: 19.5999 train_imin: -9.3611 time: 3.1740s
INFO:root:Epoch: 0360 lr: 0.01 train_loss: 130694.3984 train_distortion: 0.8140 train_mapscore: 0.1734 train_c: -0.9906 train_max_dist: 24.6366 train_imax: 20.1919 train_imin: -9.3873 time: 3.1789s
INFO:root:Epoch: 0365 lr: 0.01 train_loss: 129334.1719 train_distortion: 0.8519 train_mapscore: 0.1788 train_c: -0.9905 train_max_dist: 24.8918 train_imax: 20.9645 train_imin: -9.5837 time: 3.1375s
INFO:root:Epoch: 0370 lr: 0.01 train_loss: 128007.5391 train_distortion: 0.8910 train_mapscore: 0.1834 train_c: -0.9904 train_max_dist: 25.1407 train_imax: 21.5943 train_imin: -9.7979 time: 3.0856s
INFO:root:Epoch: 0375 lr: 0.01 train_loss: 126609.1406 train_distortion: 0.9315 train_mapscore: 0.1955 train_c: -0.9903 train_max_dist: 25.3904 train_imax: 22.3620 train_imin: -9.9960 time: 3.0814s
INFO:root:Epoch: 0380 lr: 0.01 train_loss: 125269.7031 train_distortion: 0.9763 train_mapscore: 0.2066 train_c: -0.9902 train_max_dist: 25.6374 train_imax: 23.0475 train_imin: -10.2070 time: 3.1090s
INFO:root:Epoch: 0385 lr: 0.01 train_loss: 124171.5547 train_distortion: 1.0214 train_mapscore: 0.1865 train_c: -0.9901 train_max_dist: 25.8975 train_imax: 23.6611 train_imin: -10.3708 time: 3.0995s
INFO:root:Epoch: 0390 lr: 0.01 train_loss: 123991.2969 train_distortion: 1.0456 train_mapscore: 0.1735 train_c: -0.9900 train_max_dist: 26.0751 train_imax: 23.8694 train_imin: -10.3472 time: 3.1120s
INFO:root:Epoch: 0395 lr: 0.01 train_loss: 123056.8281 train_distortion: 1.0810 train_mapscore: 0.1822 train_c: -0.9899 train_max_dist: 26.2683 train_imax: 24.5130 train_imin: -10.4384 time: 3.0963s
INFO:root:Epoch: 0400 lr: 0.01 train_loss: 121825.6797 train_distortion: 1.1186 train_mapscore: 0.1900 train_c: -0.9898 train_max_dist: 26.4518 train_imax: 25.0714 train_imin: -10.6009 time: 3.0455s
INFO:root:Epoch: 0405 lr: 0.01 train_loss: 121243.5156 train_distortion: 1.1638 train_mapscore: 0.1758 train_c: -0.9897 train_max_dist: 26.5669 train_imax: 25.6738 train_imin: -10.8409 time: 3.0398s
INFO:root:Epoch: 0410 lr: 0.01 train_loss: 120910.3906 train_distortion: 1.2147 train_mapscore: 0.1774 train_c: -0.9896 train_max_dist: 26.7108 train_imax: 26.4407 train_imin: -11.1511 time: 3.0336s
INFO:root:Epoch: 0415 lr: 0.01 train_loss: 119758.5312 train_distortion: 1.2635 train_mapscore: 0.1886 train_c: -0.9895 train_max_dist: 32.0000 train_imax: 27.2163 train_imin: -11.4024 time: 3.0459s
INFO:root:Epoch: 0420 lr: 0.01 train_loss: 118406.6328 train_distortion: 1.3126 train_mapscore: 0.2000 train_c: -0.9894 train_max_dist: 32.0000 train_imax: 27.9138 train_imin: -11.6179 time: 3.0519s
INFO:root:Epoch: 0425 lr: 0.01 train_loss: 116936.3750 train_distortion: 1.3672 train_mapscore: 0.2152 train_c: -0.9893 train_max_dist: 27.3274 train_imax: 28.5884 train_imin: -11.8542 time: 3.0392s
INFO:root:Epoch: 0430 lr: 0.01 train_loss: 115520.2109 train_distortion: 1.4254 train_mapscore: 0.2284 train_c: -0.9892 train_max_dist: 27.5762 train_imax: 29.2703 train_imin: -12.1136 time: 3.0102s
INFO:root:Epoch: 0435 lr: 0.01 train_loss: 114712.3438 train_distortion: 1.4712 train_mapscore: 0.2253 train_c: -0.9891 train_max_dist: 27.7756 train_imax: 30.6000 train_imin: -12.3268 time: 3.0282s
INFO:root:Epoch: 0440 lr: 0.01 train_loss: 113851.3047 train_distortion: 1.5171 train_mapscore: 0.2340 train_c: -0.9890 train_max_dist: 27.9724 train_imax: 30.5331 train_imin: -12.5514 time: 3.0160s
INFO:root:Epoch: 0445 lr: 0.01 train_loss: 112728.3125 train_distortion: 1.5747 train_mapscore: 0.2460 train_c: -0.9889 train_max_dist: 28.1963 train_imax: 31.5396 train_imin: -12.8168 time: 3.0146s
INFO:root:Epoch: 0450 lr: 0.01 train_loss: 111534.4062 train_distortion: 1.6497 train_mapscore: 0.2601 train_c: -0.9888 train_max_dist: 28.4759 train_imax: 32.3736 train_imin: -13.1015 time: 3.1175s
INFO:root:Epoch: 0455 lr: 0.01 train_loss: 110455.6094 train_distortion: 1.7299 train_mapscore: 0.2709 train_c: -0.9886 train_max_dist: 28.7668 train_imax: 33.3620 train_imin: -13.3067 time: 3.0206s
INFO:root:Epoch: 0460 lr: 0.01 train_loss: 109475.2109 train_distortion: 1.8070 train_mapscore: 0.2868 train_c: -0.9885 train_max_dist: 29.0435 train_imax: 34.4730 train_imin: -13.5216 time: 2.9898s
INFO:root:Epoch: 0465 lr: 0.01 train_loss: 108452.5938 train_distortion: 1.8840 train_mapscore: 0.2962 train_c: -0.9885 train_max_dist: 29.3164 train_imax: 35.5867 train_imin: -13.7976 time: 3.0021s
INFO:root:Epoch: 0470 lr: 0.01 train_loss: 107370.2656 train_distortion: 1.9646 train_mapscore: 0.3177 train_c: -0.9883 train_max_dist: 29.5871 train_imax: 36.6466 train_imin: -14.1583 time: 2.9865s
INFO:root:Epoch: 0475 lr: 0.01 train_loss: 106426.0156 train_distortion: 2.0472 train_mapscore: 0.3175 train_c: -0.9883 train_max_dist: 29.8470 train_imax: 37.7632 train_imin: -14.4928 time: 2.9772s
INFO:root:Epoch: 0480 lr: 0.01 train_loss: 105444.1406 train_distortion: 2.1315 train_mapscore: 0.3354 train_c: -0.9882 train_max_dist: 32.0000 train_imax: 38.9643 train_imin: -14.7526 time: 3.0159s
INFO:root:Epoch: 0485 lr: 0.01 train_loss: 104370.0391 train_distortion: 2.2252 train_mapscore: 0.3465 train_c: -0.9880 train_max_dist: 30.3796 train_imax: 40.1318 train_imin: -15.1118 time: 2.9855s
INFO:root:Epoch: 0490 lr: 0.01 train_loss: 103333.7109 train_distortion: 2.3307 train_mapscore: 0.3710 train_c: -0.9879 train_max_dist: 32.0000 train_imax: 41.4662 train_imin: -15.5590 time: 2.9941s
INFO:root:Epoch: 0495 lr: 0.01 train_loss: 102510.6094 train_distortion: 2.4476 train_mapscore: 0.3726 train_c: -0.9878 train_max_dist: 31.0018 train_imax: 42.8802 train_imin: -16.0724 time: 2.9798s
INFO:root:Epoch: 0500 lr: 0.01 train_loss: 101563.6172 train_distortion: 2.5671 train_mapscore: 0.3911 train_c: -0.9877 train_max_dist: 32.0000 train_imax: 44.4748 train_imin: -16.6400 time: 2.9446s
INFO:root:Epoch: 0505 lr: 0.01 train_loss: 100736.5312 train_distortion: 2.6883 train_mapscore: 0.4016 train_c: -0.9876 train_max_dist: 31.6333 train_imax: 45.6666 train_imin: -17.1388 time: 2.9532s
INFO:root:Epoch: 0510 lr: 0.01 train_loss: 99765.2500 train_distortion: 2.8133 train_mapscore: 0.4183 train_c: -0.9875 train_max_dist: 48.0000 train_imax: 47.2320 train_imin: -17.6282 time: 2.9412s
INFO:root:Epoch: 0515 lr: 0.01 train_loss: 98797.3516 train_distortion: 2.9569 train_mapscore: 0.4319 train_c: -0.9874 train_max_dist: 48.0000 train_imax: 48.9684 train_imin: -18.2186 time: 2.9776s
INFO:root:Epoch: 0520 lr: 0.01 train_loss: 98096.9062 train_distortion: 3.0990 train_mapscore: 0.4199 train_c: -0.9873 train_max_dist: 32.6245 train_imax: 50.7514 train_imin: -18.7605 time: 2.9838s
INFO:root:Epoch: 0525 lr: 0.01 train_loss: 97584.9219 train_distortion: 3.2402 train_mapscore: 0.4006 train_c: -0.9872 train_max_dist: 32.9854 train_imax: 52.6310 train_imin: -19.3107 time: 2.9298s
INFO:root:Epoch: 0530 lr: 0.01 train_loss: 100892.0625 train_distortion: 3.3564 train_mapscore: 0.2865 train_c: -0.9871 train_max_dist: 48.0000 train_imax: 54.4708 train_imin: -19.8945 time: 2.9477s
INFO:root:Epoch: 0535 lr: 0.01 train_loss: 113455.1719 train_distortion: 3.3248 train_mapscore: 0.2009 train_c: -0.9869 train_max_dist: 33.2323 train_imax: 54.0158 train_imin: -20.1979 time: 2.9747s
INFO:root:Epoch: 0540 lr: 0.01 train_loss: 114071.0000 train_distortion: 3.0559 train_mapscore: 0.2005 train_c: -0.9868 train_max_dist: 36.0000 train_imax: 50.5728 train_imin: -19.2854 time: 3.0036s
INFO:root:Epoch: 0545 lr: 0.01 train_loss: 111495.6406 train_distortion: 2.7372 train_mapscore: 0.2116 train_c: -0.9866 train_max_dist: 31.4551 train_imax: 46.5237 train_imin: -18.0587 time: 3.0218s
INFO:root:Epoch: 0550 lr: 0.01 train_loss: 108909.1562 train_distortion: 2.5059 train_mapscore: 0.2284 train_c: -0.9864 train_max_dist: 30.7627 train_imax: 43.4790 train_imin: -16.9769 time: 3.0055s
INFO:root:Epoch: 0555 lr: 0.01 train_loss: 106549.5625 train_distortion: 2.3833 train_mapscore: 0.2475 train_c: -0.9862 train_max_dist: 30.3537 train_imax: 41.8320 train_imin: -16.3179 time: 2.9441s
INFO:root:Epoch: 0560 lr: 0.01 train_loss: 104533.8750 train_distortion: 2.3552 train_mapscore: 0.2682 train_c: -0.9860 train_max_dist: 48.0000 train_imax: 41.2889 train_imin: -16.1002 time: 2.9661s
INFO:root:Epoch: 0565 lr: 0.01 train_loss: 102925.2344 train_distortion: 2.4124 train_mapscore: 0.2823 train_c: -0.9859 train_max_dist: 30.4714 train_imax: 42.0513 train_imin: -16.2595 time: 2.9386s
INFO:root:Epoch: 0570 lr: 0.01 train_loss: 101605.7891 train_distortion: 2.5161 train_mapscore: 0.2977 train_c: -0.9857 train_max_dist: 30.8464 train_imax: 43.4699 train_imin: -16.5439 time: 2.9199s
INFO:root:Epoch: 0575 lr: 0.01 train_loss: 100386.3281 train_distortion: 2.6333 train_mapscore: 0.3120 train_c: -0.9856 train_max_dist: 32.0000 train_imax: 44.6687 train_imin: -16.8795 time: 2.9562s
INFO:root:Epoch: 0580 lr: 0.01 train_loss: 99328.0625 train_distortion: 2.7795 train_mapscore: 0.3196 train_c: -0.9854 train_max_dist: 32.0000 train_imax: 46.3699 train_imin: -17.2786 time: 2.9508s
INFO:root:Epoch: 0585 lr: 0.01 train_loss: 98275.1250 train_distortion: 2.9419 train_mapscore: 0.3338 train_c: -0.9853 train_max_dist: 48.0000 train_imax: 48.6616 train_imin: -17.6434 time: 2.9088s
INFO:root:Epoch: 0590 lr: 0.01 train_loss: 96957.8828 train_distortion: 3.1211 train_mapscore: 0.3596 train_c: -0.9852 train_max_dist: 32.5699 train_imax: 51.3178 train_imin: -18.0602 time: 2.9080s
INFO:root:Epoch: 0595 lr: 0.01 train_loss: 95516.2812 train_distortion: 3.3108 train_mapscore: 0.3867 train_c: -0.9850 train_max_dist: 33.0555 train_imax: 53.7671 train_imin: -18.5506 time: 2.9056s
INFO:root:Epoch: 0600 lr: 0.01 train_loss: 94146.0469 train_distortion: 3.5198 train_mapscore: 0.4262 train_c: -0.9849 train_max_dist: 33.5728 train_imax: 56.4446 train_imin: -19.2888 time: 2.9167s
INFO:root:Epoch: 0605 lr: 0.01 train_loss: 92763.5625 train_distortion: 3.7466 train_mapscore: 0.4549 train_c: -0.9847 train_max_dist: 34.1077 train_imax: 59.5264 train_imin: -20.1656 time: 2.9321s
INFO:root:Epoch: 0610 lr: 0.01 train_loss: 91673.2109 train_distortion: 3.9788 train_mapscore: 0.4708 train_c: -0.9846 train_max_dist: 34.6349 train_imax: 62.6151 train_imin: -21.1057 time: 2.9319s
INFO:root:Epoch: 0615 lr: 0.01 train_loss: 90587.8438 train_distortion: 4.2269 train_mapscore: 0.4879 train_c: -0.9844 train_max_dist: 35.1815 train_imax: 65.3206 train_imin: -21.7076 time: 2.9405s
INFO:root:Epoch: 0620 lr: 0.01 train_loss: 89790.7188 train_distortion: 4.4775 train_mapscore: 0.4995 train_c: -0.9843 train_max_dist: 35.7077 train_imax: 68.7725 train_imin: -22.3527 time: 2.8970s
INFO:root:Epoch: 0625 lr: 0.01 train_loss: 88651.2188 train_distortion: 4.7390 train_mapscore: 0.5164 train_c: -0.9842 train_max_dist: 36.2543 train_imax: 72.0289 train_imin: -23.6153 time: 2.8935s
INFO:root:Epoch: 0630 lr: 0.01 train_loss: 87795.5469 train_distortion: 5.0099 train_mapscore: 0.5209 train_c: -0.9840 train_max_dist: 36.8161 train_imax: 76.1723 train_imin: -24.6985 time: 2.8864s
INFO:root:Epoch: 0635 lr: 0.01 train_loss: 87130.8438 train_distortion: 5.2856 train_mapscore: 0.5219 train_c: -0.9838 train_max_dist: 37.3954 train_imax: 79.5387 train_imin: -25.9000 time: 2.8860s
INFO:root:Epoch: 0640 lr: 0.01 train_loss: 87033.6719 train_distortion: 5.5639 train_mapscore: 0.5039 train_c: -0.9837 train_max_dist: 37.9068 train_imax: 83.3777 train_imin: -27.5233 time: 2.9302s
INFO:root:Epoch: 0645 lr: 0.01 train_loss: 88958.3984 train_distortion: 5.7656 train_mapscore: 0.4272 train_c: -0.9835 train_max_dist: 38.3089 train_imax: 86.1394 train_imin: -28.4485 time: 2.9429s
INFO:root:Epoch: 0650 lr: 0.01 train_loss: 88577.9766 train_distortion: 5.9089 train_mapscore: 0.4315 train_c: -0.9834 train_max_dist: 38.5665 train_imax: 88.4933 train_imin: -28.7027 time: 2.8918s
INFO:root:Epoch: 0655 lr: 0.01 train_loss: 87869.5156 train_distortion: 6.0145 train_mapscore: 0.4522 train_c: -0.9832 train_max_dist: 48.0000 train_imax: 89.3452 train_imin: -28.8362 time: 2.9004s
INFO:root:Epoch: 0660 lr: 0.01 train_loss: 86678.7422 train_distortion: 6.1320 train_mapscore: 0.4687 train_c: -0.9830 train_max_dist: 38.9585 train_imax: 90.8896 train_imin: -30.0736 time: 2.8892s
INFO:root:Epoch: 0665 lr: 0.01 train_loss: 85981.2031 train_distortion: 6.2582 train_mapscore: 0.4771 train_c: -0.9828 train_max_dist: 50.0000 train_imax: 92.6490 train_imin: -30.5528 time: 2.8878s
INFO:root:Epoch: 0670 lr: 0.01 train_loss: 84927.4531 train_distortion: 6.4173 train_mapscore: 0.4997 train_c: -0.9827 train_max_dist: 39.4346 train_imax: 94.3156 train_imin: -31.2136 time: 2.9250s
INFO:root:Epoch: 0675 lr: 0.01 train_loss: 83507.5234 train_distortion: 6.6284 train_mapscore: 0.5318 train_c: -0.9825 train_max_dist: 39.7859 train_imax: 97.4261 train_imin: -32.7531 time: 2.9437s
INFO:root:Epoch: 0680 lr: 0.01 train_loss: 82510.1250 train_distortion: 6.8917 train_mapscore: 0.5549 train_c: -0.9823 train_max_dist: 40.2387 train_imax: 101.3341 train_imin: -34.0551 time: 2.9018s
INFO:root:Epoch: 0685 lr: 0.01 train_loss: 81702.0000 train_distortion: 7.1829 train_mapscore: 0.5726 train_c: -0.9822 train_max_dist: 48.0000 train_imax: 105.7444 train_imin: -35.1689 time: 2.8797s
INFO:root:Epoch: 0690 lr: 0.01 train_loss: 80966.7109 train_distortion: 7.4879 train_mapscore: 0.5812 train_c: -0.9820 train_max_dist: 41.2235 train_imax: 110.8654 train_imin: -37.7598 time: 2.8861s
INFO:root:Epoch: 0695 lr: 0.01 train_loss: 80609.6094 train_distortion: 7.8221 train_mapscore: 0.5847 train_c: -0.9818 train_max_dist: 41.7164 train_imax: 115.3650 train_imin: -39.5630 time: 2.8780s
INFO:root:Epoch: 0700 lr: 0.01 train_loss: 85210.6406 train_distortion: 8.1292 train_mapscore: 0.4574 train_c: -0.9816 train_max_dist: 42.1145 train_imax: 119.0037 train_imin: -41.0527 time: 2.9315s
INFO:root:Epoch: 0705 lr: 0.01 train_loss: 86849.6328 train_distortion: 8.2626 train_mapscore: 0.4378 train_c: -0.9814 train_max_dist: 42.2226 train_imax: 120.0840 train_imin: -41.0879 time: 2.9149s
INFO:root:Epoch: 0710 lr: 0.01 train_loss: 88854.1562 train_distortion: 8.2056 train_mapscore: 0.3927 train_c: -0.9812 train_max_dist: 42.0826 train_imax: 117.4837 train_imin: -41.1470 time: 2.8967s
INFO:root:Epoch: 0715 lr: 0.01 train_loss: 156753.4219 train_distortion: 6.2883 train_mapscore: 0.1401 train_c: -0.9810 train_max_dist: 39.9260 train_imax: 89.5200 train_imin: -31.1990 time: 3.0449s
INFO:root:Epoch: 0720 lr: 0.01 train_loss: 168567.5938 train_distortion: 3.8795 train_mapscore: 0.1063 train_c: -0.9804 train_max_dist: 35.9173 train_imax: 63.3565 train_imin: -21.2306 time: 3.2259s
INFO:root:Epoch: 0725 lr: 0.01 train_loss: 164304.7188 train_distortion: 2.1716 train_mapscore: 0.0964 train_c: -0.9798 train_max_dist: 31.2864 train_imax: 40.4683 train_imin: -16.2585 time: 3.3277s
INFO:root:Epoch: 0730 lr: 0.01 train_loss: 168928.3438 train_distortion: 1.7367 train_mapscore: 0.0821 train_c: -0.9789 train_max_dist: 29.8026 train_imax: 43.1539 train_imin: -18.4179 time: 3.4213s
INFO:root:Epoch: 0735 lr: 0.01 train_loss: 175283.8438 train_distortion: 1.5918 train_mapscore: 0.0738 train_c: -0.9781 train_max_dist: 29.1944 train_imax: 52.7858 train_imin: -20.0924 time: 3.4915s
INFO:root:Epoch: 0740 lr: 0.01 train_loss: 173466.0156 train_distortion: 1.2737 train_mapscore: 0.0737 train_c: -0.9774 train_max_dist: 27.6770 train_imax: 47.6905 train_imin: -18.3358 time: 3.5311s
INFO:root:Epoch: 0745 lr: 0.01 train_loss: 168726.4531 train_distortion: 0.9605 train_mapscore: 0.0752 train_c: -0.9769 train_max_dist: 25.8639 train_imax: 40.4069 train_imin: -15.6273 time: 3.4775s
INFO:root:Epoch: 0750 lr: 0.01 train_loss: 164648.5625 train_distortion: 0.7312 train_mapscore: 0.0795 train_c: -0.9765 train_max_dist: 24.2011 train_imax: 34.1425 train_imin: -13.2901 time: 3.4648s
INFO:root:Epoch: 0755 lr: 0.01 train_loss: 162069.3906 train_distortion: 0.5879 train_mapscore: 0.0823 train_c: -0.9761 train_max_dist: 22.8389 train_imax: 29.6265 train_imin: -11.6577 time: 3.4588s
INFO:root:Epoch: 0760 lr: 0.01 train_loss: 160159.7344 train_distortion: 0.5072 train_mapscore: 0.0866 train_c: -0.9759 train_max_dist: 21.9228 train_imax: 26.6942 train_imin: -10.7259 time: 3.4522s
INFO:root:Epoch: 0765 lr: 0.01 train_loss: 158381.9062 train_distortion: 0.4667 train_mapscore: 0.0886 train_c: -0.9757 train_max_dist: 21.4418 train_imax: 24.9782 train_imin: -10.3517 time: 3.4413s
INFO:root:Epoch: 0770 lr: 0.01 train_loss: 156908.6719 train_distortion: 0.4416 train_mapscore: 0.0937 train_c: -0.9755 train_max_dist: 21.1514 train_imax: 23.7576 train_imin: -9.8963 time: 3.3978s
INFO:root:Epoch: 0775 lr: 0.01 train_loss: 156071.8750 train_distortion: 0.4274 train_mapscore: 0.0913 train_c: -0.9754 train_max_dist: 21.0066 train_imax: 22.9347 train_imin: -9.4054 time: 3.3625s
INFO:root:Epoch: 0780 lr: 0.01 train_loss: 154862.3281 train_distortion: 0.4322 train_mapscore: 0.0938 train_c: -0.9753 train_max_dist: 21.1488 train_imax: 22.8597 train_imin: -9.3381 time: 3.3302s
INFO:root:Epoch: 0785 lr: 0.01 train_loss: 153543.2969 train_distortion: 0.4476 train_mapscore: 0.0933 train_c: -0.9752 train_max_dist: 21.4380 train_imax: 23.1646 train_imin: -9.4579 time: 3.2997s
INFO:root:Epoch: 0790 lr: 0.01 train_loss: 152199.4531 train_distortion: 0.4652 train_mapscore: 0.0983 train_c: -0.9751 train_max_dist: 24.0000 train_imax: 23.5200 train_imin: -9.6200 time: 3.3052s
INFO:root:Epoch: 0795 lr: 0.01 train_loss: 150763.6875 train_distortion: 0.4888 train_mapscore: 0.1021 train_c: -0.9750 train_max_dist: 21.9997 train_imax: 24.0720 train_imin: -9.8492 time: 3.3205s
INFO:root:Epoch: 0800 lr: 0.01 train_loss: 149308.5938 train_distortion: 0.5140 train_mapscore: 0.1051 train_c: -0.9748 train_max_dist: 22.2667 train_imax: 24.6591 train_imin: -10.1008 time: 3.3261s
INFO:root:Epoch: 0805 lr: 0.01 train_loss: 147849.0625 train_distortion: 0.5376 train_mapscore: 0.1084 train_c: -0.9747 train_max_dist: 22.4911 train_imax: 25.1790 train_imin: -10.3225 time: 3.2681s
INFO:root:Epoch: 0810 lr: 0.01 train_loss: 146471.1719 train_distortion: 0.5610 train_mapscore: 0.1114 train_c: -0.9745 train_max_dist: 28.0000 train_imax: 25.6899 train_imin: -10.6183 time: 3.2539s
INFO:root:Epoch: 0815 lr: 0.01 train_loss: 145150.6562 train_distortion: 0.5843 train_mapscore: 0.1151 train_c: -0.9744 train_max_dist: 22.9324 train_imax: 26.1795 train_imin: -10.8214 time: 3.2480s
INFO:root:Epoch: 0820 lr: 0.01 train_loss: 143938.1875 train_distortion: 0.6074 train_mapscore: 0.1202 train_c: -0.9742 train_max_dist: 23.1614 train_imax: 26.6402 train_imin: -10.9776 time: 3.2230s
INFO:root:Epoch: 0825 lr: 0.01 train_loss: 142722.6250 train_distortion: 0.6285 train_mapscore: 0.1262 train_c: -0.9741 train_max_dist: 24.0000 train_imax: 27.0305 train_imin: -11.2205 time: 3.2467s
INFO:root:Epoch: 0830 lr: 0.01 train_loss: 141523.3750 train_distortion: 0.6542 train_mapscore: 0.1325 train_c: -0.9739 train_max_dist: 24.0000 train_imax: 27.5218 train_imin: -11.6291 time: 3.2440s
INFO:root:Epoch: 0835 lr: 0.01 train_loss: 140285.7188 train_distortion: 0.6808 train_mapscore: 0.1407 train_c: -0.9737 train_max_dist: 24.0000 train_imax: 28.0109 train_imin: -12.0972 time: 3.2025s
INFO:root:Epoch: 0840 lr: 0.01 train_loss: 139124.3594 train_distortion: 0.7062 train_mapscore: 0.1480 train_c: -0.9736 train_max_dist: 23.9148 train_imax: 28.4775 train_imin: -12.5760 time: 3.1995s
INFO:root:Epoch: 0845 lr: 0.01 train_loss: 137989.8281 train_distortion: 0.7321 train_mapscore: 0.1555 train_c: -0.9734 train_max_dist: 24.1047 train_imax: 28.9410 train_imin: -13.0557 time: 3.1798s
INFO:root:Epoch: 0850 lr: 0.01 train_loss: 136846.5312 train_distortion: 0.7592 train_mapscore: 0.1663 train_c: -0.9733 train_max_dist: 24.2920 train_imax: 29.4223 train_imin: -13.4666 time: 3.1661s
INFO:root:Epoch: 0855 lr: 0.01 train_loss: 135752.9375 train_distortion: 0.7873 train_mapscore: 0.1786 train_c: -0.9731 train_max_dist: 24.4687 train_imax: 29.9241 train_imin: -13.8881 time: 3.2067s
INFO:root:Epoch: 0860 lr: 0.01 train_loss: 134764.5312 train_distortion: 0.8190 train_mapscore: 0.1788 train_c: -0.9730 train_max_dist: 32.0000 train_imax: 30.4924 train_imin: -14.4233 time: 3.1975s
INFO:root:Epoch: 0865 lr: 0.01 train_loss: 133794.5000 train_distortion: 0.8509 train_mapscore: 0.1867 train_c: -0.9728 train_max_dist: 24.8547 train_imax: 31.0491 train_imin: -14.9244 time: 3.1588s
INFO:root:Epoch: 0870 lr: 0.01 train_loss: 132874.0312 train_distortion: 0.8777 train_mapscore: 0.1940 train_c: -0.9727 train_max_dist: 25.0236 train_imax: 31.4836 train_imin: -15.3955 time: 3.1565s
INFO:root:Epoch: 0875 lr: 0.01 train_loss: 131870.0156 train_distortion: 0.9066 train_mapscore: 0.2053 train_c: -0.9725 train_max_dist: 25.1745 train_imax: 31.9313 train_imin: -15.8403 time: 3.1527s
INFO:root:Epoch: 0880 lr: 0.01 train_loss: 130926.6484 train_distortion: 0.9329 train_mapscore: 0.1988 train_c: -0.9724 train_max_dist: 25.3032 train_imax: 32.3070 train_imin: -16.2505 time: 3.1473s
INFO:root:Epoch: 0885 lr: 0.01 train_loss: 130011.8516 train_distortion: 0.9595 train_mapscore: 0.2098 train_c: -0.9722 train_max_dist: 25.4399 train_imax: 32.6860 train_imin: -16.6455 time: 3.1609s
INFO:root:Epoch: 0890 lr: 0.01 train_loss: 129080.8438 train_distortion: 0.9895 train_mapscore: 0.2240 train_c: -0.9720 train_max_dist: 25.5893 train_imax: 33.1346 train_imin: -17.2189 time: 3.1702s
INFO:root:Epoch: 0895 lr: 0.01 train_loss: 128136.7578 train_distortion: 1.0227 train_mapscore: 0.2368 train_c: -0.9719 train_max_dist: 25.7382 train_imax: 33.6439 train_imin: -17.8345 time: 3.1474s
INFO:root:Epoch: 0900 lr: 0.01 train_loss: 127341.5547 train_distortion: 1.0522 train_mapscore: 0.2370 train_c: -0.9718 train_max_dist: 25.8667 train_imax: 34.0826 train_imin: -18.4401 time: 3.1174s
INFO:root:Epoch: 0905 lr: 0.01 train_loss: 126512.5781 train_distortion: 1.0847 train_mapscore: 0.2487 train_c: -0.9716 train_max_dist: 26.0103 train_imax: 34.5903 train_imin: -19.0056 time: 3.1172s
INFO:root:Epoch: 0910 lr: 0.01 train_loss: 125743.0078 train_distortion: 1.1285 train_mapscore: 0.2463 train_c: -0.9715 train_max_dist: 26.2134 train_imax: 35.3104 train_imin: -19.8144 time: 3.0882s
INFO:root:Epoch: 0915 lr: 0.01 train_loss: 124904.9297 train_distortion: 1.1709 train_mapscore: 0.2532 train_c: -0.9713 train_max_dist: 26.3902 train_imax: 35.9876 train_imin: -20.5700 time: 3.0868s
INFO:root:Epoch: 0920 lr: 0.01 train_loss: 124086.4062 train_distortion: 1.2113 train_mapscore: 0.2681 train_c: -0.9712 train_max_dist: 26.5391 train_imax: 36.6051 train_imin: -21.2408 time: 3.1171s
INFO:root:Epoch: 0925 lr: 0.01 train_loss: 123249.4531 train_distortion: 1.2476 train_mapscore: 0.2732 train_c: -0.9710 train_max_dist: 26.6068 train_imax: 37.1380 train_imin: -21.7859 time: 3.1153s
INFO:root:Epoch: 0930 lr: 0.01 train_loss: 122422.8516 train_distortion: 1.2817 train_mapscore: 0.2878 train_c: -0.9709 train_max_dist: 32.0000 train_imax: 37.6241 train_imin: -22.3390 time: 3.0790s
INFO:root:Epoch: 0935 lr: 0.01 train_loss: 121644.2422 train_distortion: 1.3181 train_mapscore: 0.2983 train_c: -0.9708 train_max_dist: 26.8790 train_imax: 38.1591 train_imin: -22.9028 time: 3.0886s
INFO:root:Epoch: 0940 lr: 0.01 train_loss: 120832.9062 train_distortion: 1.3582 train_mapscore: 0.3109 train_c: -0.9706 train_max_dist: 27.0306 train_imax: 38.7651 train_imin: -23.4559 time: 3.0681s
INFO:root:Epoch: 0945 lr: 0.01 train_loss: 120178.3828 train_distortion: 1.3973 train_mapscore: 0.3022 train_c: -0.9705 train_max_dist: 32.0000 train_imax: 39.3568 train_imin: -24.0298 time: 3.0561s
INFO:root:Epoch: 0950 lr: 0.01 train_loss: 119474.3125 train_distortion: 1.4422 train_mapscore: 0.3038 train_c: -0.9703 train_max_dist: 27.3046 train_imax: 40.0264 train_imin: -24.5495 time: 3.0915s
INFO:root:Epoch: 0955 lr: 0.01 train_loss: 118837.4844 train_distortion: 1.4903 train_mapscore: 0.3007 train_c: -0.9702 train_max_dist: 32.0000 train_imax: 40.7290 train_imin: -24.9714 time: 3.0689s
INFO:root:Epoch: 0960 lr: 0.01 train_loss: 118107.7969 train_distortion: 1.5393 train_mapscore: 0.3218 train_c: -0.9700 train_max_dist: 27.6415 train_imax: 41.4402 train_imin: -25.5134 time: 3.0315s
INFO:root:Epoch: 0965 lr: 0.01 train_loss: 117422.2812 train_distortion: 1.5875 train_mapscore: 0.3127 train_c: -0.9699 train_max_dist: 32.0000 train_imax: 42.1045 train_imin: -26.1129 time: 3.0285s
INFO:root:Epoch: 0970 lr: 0.01 train_loss: 116692.6094 train_distortion: 1.6372 train_mapscore: 0.3324 train_c: -0.9697 train_max_dist: 28.0121 train_imax: 42.7952 train_imin: -26.6603 time: 3.0256s
INFO:root:Epoch: 0975 lr: 0.01 train_loss: 115929.3672 train_distortion: 1.6861 train_mapscore: 0.3494 train_c: -0.9696 train_max_dist: 32.0000 train_imax: 43.4700 train_imin: -27.2035 time: 3.0406s
INFO:root:Epoch: 0980 lr: 0.01 train_loss: 115287.7891 train_distortion: 1.7368 train_mapscore: 0.3519 train_c: -0.9694 train_max_dist: 28.3374 train_imax: 44.1803 train_imin: -27.7415 time: 3.0454s
INFO:root:Epoch: 0985 lr: 0.01 train_loss: 114695.2969 train_distortion: 1.7789 train_mapscore: 0.3448 train_c: -0.9693 train_max_dist: 28.4665 train_imax: 44.7444 train_imin: -28.2010 time: 3.0416s
INFO:root:Epoch: 0990 lr: 0.01 train_loss: 115883.0156 train_distortion: 1.8577 train_mapscore: 0.2472 train_c: -0.9691 train_max_dist: 28.7387 train_imax: 45.6818 train_imin: -28.9048 time: 3.0126s
INFO:root:Epoch: 0995 lr: 0.01 train_loss: 116237.5859 train_distortion: 1.8923 train_mapscore: 0.2441 train_c: -0.9690 train_max_dist: 28.8451 train_imax: 45.9927 train_imin: -29.0408 time: 3.0248s
INFO:root:Epoch: 1000 lr: 0.01 train_loss: 115746.7031 train_distortion: 1.9113 train_mapscore: 0.2503 train_c: -0.9688 train_max_dist: 28.7992 train_imax: 46.3478 train_imin: -29.3397 time: 3.0144s
INFO:root:Epoch: 1005 lr: 0.01 train_loss: 114902.7031 train_distortion: 1.9381 train_mapscore: 0.2618 train_c: -0.9686 train_max_dist: 28.8912 train_imax: 49.7284 train_imin: -29.6955 time: 3.0265s
INFO:root:Epoch: 1010 lr: 0.01 train_loss: 113829.7188 train_distortion: 1.9727 train_mapscore: 0.2826 train_c: -0.9684 train_max_dist: 29.0506 train_imax: 51.3086 train_imin: -30.2623 time: 3.0503s
INFO:root:Epoch: 1015 lr: 0.01 train_loss: 112738.2734 train_distortion: 2.0156 train_mapscore: 0.3018 train_c: -0.9683 train_max_dist: 40.0000 train_imax: 52.2699 train_imin: -30.7411 time: 3.0835s
INFO:root:Epoch: 1020 lr: 0.01 train_loss: 111760.7344 train_distortion: 2.0712 train_mapscore: 0.3270 train_c: -0.9681 train_max_dist: 29.3999 train_imax: 53.1306 train_imin: -31.4621 time: 3.0456s
INFO:root:Epoch: 1025 lr: 0.01 train_loss: 110908.6719 train_distortion: 2.1347 train_mapscore: 0.3498 train_c: -0.9680 train_max_dist: 29.6143 train_imax: 53.9889 train_imin: -32.1521 time: 3.0042s
INFO:root:Epoch: 1030 lr: 0.01 train_loss: 110083.7500 train_distortion: 2.2074 train_mapscore: 0.3672 train_c: -0.9678 train_max_dist: 29.8494 train_imax: 54.9563 train_imin: -32.9616 time: 3.0188s
INFO:root:Epoch: 1035 lr: 0.01 train_loss: 109275.5625 train_distortion: 2.2885 train_mapscore: 0.3976 train_c: -0.9676 train_max_dist: 32.0000 train_imax: 55.9696 train_imin: -33.9925 time: 3.0176s
INFO:root:Epoch: 1040 lr: 0.01 train_loss: 108525.8047 train_distortion: 2.3718 train_mapscore: 0.4164 train_c: -0.9675 train_max_dist: 32.0000 train_imax: 57.0107 train_imin: -35.0765 time: 3.0074s
INFO:root:Epoch: 1045 lr: 0.01 train_loss: 108521.9531 train_distortion: 2.4412 train_mapscore: 0.3460 train_c: -0.9674 train_max_dist: 32.0000 train_imax: 57.7059 train_imin: -35.7914 time: 3.0478s
INFO:root:Epoch: 1050 lr: 0.01 train_loss: 108211.0391 train_distortion: 2.5045 train_mapscore: 0.3554 train_c: -0.9672 train_max_dist: 30.7723 train_imax: 58.3653 train_imin: -36.3503 time: 3.0409s
INFO:root:Epoch: 1055 lr: 0.01 train_loss: 107990.5312 train_distortion: 2.5431 train_mapscore: 0.3448 train_c: -0.9671 train_max_dist: 48.0000 train_imax: 58.6236 train_imin: -36.5454 time: 2.9977s
INFO:root:Epoch: 1060 lr: 0.01 train_loss: 107906.4375 train_distortion: 2.5840 train_mapscore: 0.3432 train_c: -0.9669 train_max_dist: 30.9974 train_imax: 58.9495 train_imin: -34.8401 time: 2.9969s
INFO:root:Epoch: 1065 lr: 0.01 train_loss: 107307.7500 train_distortion: 2.6449 train_mapscore: 0.3605 train_c: -0.9668 train_max_dist: 32.0000 train_imax: 59.6631 train_imin: -33.5594 time: 3.0069s
INFO:root:Epoch: 1070 lr: 0.01 train_loss: 106644.1562 train_distortion: 2.7131 train_mapscore: 0.3753 train_c: -0.9666 train_max_dist: 31.3514 train_imax: 60.6110 train_imin: -32.5668 time: 3.0240s
INFO:root:Epoch: 1075 lr: 0.01 train_loss: 106002.8516 train_distortion: 2.8006 train_mapscore: 0.3840 train_c: -0.9665 train_max_dist: 31.5643 train_imax: 61.8955 train_imin: -32.7838 time: 3.0204s
INFO:root:Epoch: 1080 lr: 0.01 train_loss: 105271.0312 train_distortion: 2.8921 train_mapscore: 0.4015 train_c: -0.9663 train_max_dist: 32.0000 train_imax: 63.2577 train_imin: -33.4329 time: 3.0341s
INFO:root:Epoch: 1085 lr: 0.01 train_loss: 104491.5078 train_distortion: 2.9964 train_mapscore: 0.4251 train_c: -0.9661 train_max_dist: 32.0821 train_imax: 64.7778 train_imin: -34.3363 time: 3.0083s
INFO:root:Epoch: 1090 lr: 0.01 train_loss: 103728.3750 train_distortion: 3.0972 train_mapscore: 0.4411 train_c: -0.9660 train_max_dist: 32.3589 train_imax: 66.0779 train_imin: -35.3759 time: 2.9751s
INFO:root:Epoch: 1095 lr: 0.01 train_loss: 103087.9219 train_distortion: 3.1962 train_mapscore: 0.4507 train_c: -0.9658 train_max_dist: 32.6108 train_imax: 67.4397 train_imin: -36.1274 time: 2.9720s
INFO:root:Epoch: 1100 lr: 0.01 train_loss: 102656.3203 train_distortion: 3.2944 train_mapscore: 0.4443 train_c: -0.9656 train_max_dist: 32.8432 train_imax: 68.9298 train_imin: -37.7265 time: 2.9947s
INFO:root:Epoch: 1105 lr: 0.01 train_loss: 103717.0781 train_distortion: 3.3878 train_mapscore: 0.3737 train_c: -0.9654 train_max_dist: 50.0000 train_imax: 70.1023 train_imin: -39.0867 time: 3.0237s
INFO:root:Epoch: 1110 lr: 0.01 train_loss: 104104.5469 train_distortion: 3.4831 train_mapscore: 0.3585 train_c: -0.9652 train_max_dist: 33.2428 train_imax: 71.4491 train_imin: -40.0386 time: 3.0072s
INFO:root:Epoch: 1115 lr: 0.01 train_loss: 104294.6797 train_distortion: 3.5521 train_mapscore: 0.3313 train_c: -0.9651 train_max_dist: 33.3890 train_imax: 72.5040 train_imin: -40.6318 time: 2.9780s
INFO:root:Epoch: 1120 lr: 0.01 train_loss: 106382.6406 train_distortion: 3.5612 train_mapscore: 0.2931 train_c: -0.9649 train_max_dist: 33.4502 train_imax: 72.5921 train_imin: -40.3659 time: 2.9777s
INFO:root:Epoch: 1125 lr: 0.01 train_loss: 105583.5312 train_distortion: 3.5565 train_mapscore: 0.3110 train_c: -0.9647 train_max_dist: 33.5036 train_imax: 72.5296 train_imin: -39.4211 time: 2.9941s
INFO:root:Epoch: 1130 lr: 0.01 train_loss: 104385.2031 train_distortion: 3.5476 train_mapscore: 0.3270 train_c: -0.9645 train_max_dist: 33.4750 train_imax: 72.4446 train_imin: -38.1330 time: 2.9726s
INFO:root:Epoch: 1135 lr: 0.01 train_loss: 103040.5391 train_distortion: 3.5658 train_mapscore: 0.3531 train_c: -0.9643 train_max_dist: 48.0000 train_imax: 72.7018 train_imin: -38.1370 time: 2.9940s
INFO:root:Epoch: 1140 lr: 0.01 train_loss: 101847.8594 train_distortion: 3.6130 train_mapscore: 0.3804 train_c: -0.9641 train_max_dist: 33.6159 train_imax: 73.4015 train_imin: -38.5073 time: 3.0004s
INFO:root:Epoch: 1145 lr: 0.01 train_loss: 100740.9688 train_distortion: 3.6861 train_mapscore: 0.4148 train_c: -0.9639 train_max_dist: 33.7428 train_imax: 74.4449 train_imin: -39.1964 time: 2.9892s
INFO:root:Epoch: 1150 lr: 0.01 train_loss: 102420.7969 train_distortion: 3.8427 train_mapscore: 0.3367 train_c: -0.9637 train_max_dist: 34.1143 train_imax: 76.4030 train_imin: -41.4435 time: 2.9572s
INFO:root:Epoch: 1155 lr: 0.01 train_loss: 102232.7188 train_distortion: 3.9748 train_mapscore: 0.3468 train_c: -0.9635 train_max_dist: 34.3825 train_imax: 78.1934 train_imin: -43.6178 time: 2.9557s
INFO:root:Epoch: 1160 lr: 0.01 train_loss: 100926.6172 train_distortion: 4.0716 train_mapscore: 0.3850 train_c: -0.9633 train_max_dist: 34.5706 train_imax: 79.4292 train_imin: -44.4709 time: 2.9552s
INFO:root:Epoch: 1165 lr: 0.01 train_loss: 99942.0234 train_distortion: 4.1628 train_mapscore: 0.3988 train_c: -0.9630 train_max_dist: 34.8052 train_imax: 80.5873 train_imin: -45.2801 time: 2.9617s
INFO:root:Epoch: 1170 lr: 0.01 train_loss: 98981.4688 train_distortion: 4.2542 train_mapscore: 0.4195 train_c: -0.9628 train_max_dist: 35.0050 train_imax: 81.7571 train_imin: -45.4890 time: 2.9989s
INFO:root:Epoch: 1175 lr: 0.01 train_loss: 98611.8438 train_distortion: 4.3393 train_mapscore: 0.4291 train_c: -0.9626 train_max_dist: 35.1810 train_imax: 82.8632 train_imin: -45.4627 time: 3.0260s
INFO:root:Epoch: 1180 lr: 0.01 train_loss: 118921.0156 train_distortion: 4.3433 train_mapscore: 0.2106 train_c: -0.9624 train_max_dist: 35.2617 train_imax: 83.7602 train_imin: -45.5405 time: 3.0186s
INFO:root:Epoch: 1185 lr: 0.01 train_loss: 125516.5312 train_distortion: 3.9609 train_mapscore: 0.1858 train_c: -0.9622 train_max_dist: 34.5416 train_imax: 78.5386 train_imin: -42.9052 time: 3.0227s
INFO:root:Epoch: 1190 lr: 0.01 train_loss: 123522.8750 train_distortion: 3.3794 train_mapscore: 0.1897 train_c: -0.9619 train_max_dist: 33.2808 train_imax: 69.8590 train_imin: -39.3690 time: 3.0266s
INFO:root:Epoch: 1195 lr: 0.01 train_loss: 120064.4688 train_distortion: 2.8567 train_mapscore: 0.2004 train_c: -0.9615 train_max_dist: 32.0000 train_imax: 61.7214 train_imin: -35.1451 time: 3.0235s
INFO:root:Epoch: 1200 lr: 0.01 train_loss: 117348.8594 train_distortion: 2.4922 train_mapscore: 0.2101 train_c: -0.9613 train_max_dist: 30.9029 train_imax: 55.7301 train_imin: -31.2896 time: 3.0464s
INFO:root:Epoch: 1205 lr: 0.01 train_loss: 115379.2656 train_distortion: 2.2658 train_mapscore: 0.2197 train_c: -0.9611 train_max_dist: 30.1990 train_imax: 51.7808 train_imin: -28.4117 time: 3.0511s
INFO:root:Epoch: 1210 lr: 0.01 train_loss: 113599.4844 train_distortion: 2.1586 train_mapscore: 0.2364 train_c: -0.9609 train_max_dist: 29.8315 train_imax: 49.7323 train_imin: -26.7137 time: 3.0081s
INFO:root:Epoch: 1215 lr: 0.01 train_loss: 111920.1719 train_distortion: 2.1345 train_mapscore: 0.2541 train_c: -0.9607 train_max_dist: 32.0000 train_imax: 49.0189 train_imin: -26.0806 time: 2.9841s
INFO:root:Epoch: 1220 lr: 0.01 train_loss: 110356.4375 train_distortion: 2.1783 train_mapscore: 0.2743 train_c: -0.9605 train_max_dist: 29.8641 train_imax: 49.3763 train_imin: -26.0422 time: 2.9732s
INFO:root:Epoch: 1225 lr: 0.01 train_loss: 108983.1094 train_distortion: 2.2754 train_mapscore: 0.2916 train_c: -0.9603 train_max_dist: 32.0000 train_imax: 50.4959 train_imin: -26.7692 time: 2.9681s
INFO:root:Epoch: 1230 lr: 0.01 train_loss: 107623.6250 train_distortion: 2.4079 train_mapscore: 0.3120 train_c: -0.9601 train_max_dist: 30.6428 train_imax: 52.2036 train_imin: -27.8536 time: 2.9930s
INFO:root:Epoch: 1235 lr: 0.01 train_loss: 130732.9062 train_distortion: 2.4893 train_mapscore: 0.1492 train_c: -0.9599 train_max_dist: 30.9992 train_imax: 53.7479 train_imin: -28.1989 time: 3.1032s
INFO:root:Epoch: 1240 lr: 0.01 train_loss: 151240.3438 train_distortion: 2.1888 train_mapscore: 0.1092 train_c: -0.9597 train_max_dist: 32.0000 train_imax: 50.6090 train_imin: -24.7704 time: 3.2389s
INFO:root:Epoch: 1245 lr: 0.01 train_loss: 155455.0312 train_distortion: 1.7066 train_mapscore: 0.0971 train_c: -0.9592 train_max_dist: 28.9871 train_imax: 44.1584 train_imin: -19.5618 time: 3.2997s
INFO:root:Epoch: 1250 lr: 0.01 train_loss: 153588.0938 train_distortion: 1.2482 train_mapscore: 0.0966 train_c: -0.9588 train_max_dist: 27.2061 train_imax: 36.7677 train_imin: -14.9353 time: 3.3062s
INFO:root:Epoch: 1255 lr: 0.01 train_loss: 151515.7500 train_distortion: 0.9311 train_mapscore: 0.0965 train_c: -0.9584 train_max_dist: 25.6117 train_imax: 30.9061 train_imin: -11.7573 time: 3.2943s
INFO:root:Epoch: 1260 lr: 0.01 train_loss: 149917.4219 train_distortion: 0.7611 train_mapscore: 0.0995 train_c: -0.9581 train_max_dist: 24.5616 train_imax: 27.3337 train_imin: -10.1346 time: 3.3060s
INFO:root:Epoch: 1265 lr: 0.01 train_loss: 148194.2500 train_distortion: 0.6908 train_mapscore: 0.1031 train_c: -0.9578 train_max_dist: 24.0805 train_imax: 25.6350 train_imin: -9.4989 time: 3.3079s
INFO:root:Epoch: 1270 lr: 0.01 train_loss: 146368.4375 train_distortion: 0.6877 train_mapscore: 0.1069 train_c: -0.9576 train_max_dist: 24.0781 train_imax: 25.3516 train_imin: -9.4860 time: 3.2960s
INFO:root:Epoch: 1275 lr: 0.01 train_loss: 144591.2344 train_distortion: 0.7215 train_mapscore: 0.1101 train_c: -0.9574 train_max_dist: 24.3530 train_imax: 25.7928 train_imin: -9.8219 time: 3.2479s
INFO:root:Epoch: 1280 lr: 0.01 train_loss: 142933.7969 train_distortion: 0.7687 train_mapscore: 0.1153 train_c: -0.9572 train_max_dist: 24.6781 train_imax: 26.4622 train_imin: -10.2450 time: 3.2322s
INFO:root:Epoch: 1285 lr: 0.01 train_loss: 141245.5625 train_distortion: 0.8101 train_mapscore: 0.1208 train_c: -0.9570 train_max_dist: 24.9317 train_imax: 27.0018 train_imin: -10.5048 time: 3.2449s
INFO:root:Epoch: 1290 lr: 0.01 train_loss: 139690.7969 train_distortion: 0.8485 train_mapscore: 0.1265 train_c: -0.9568 train_max_dist: 32.0000 train_imax: 27.4806 train_imin: -10.6673 time: 3.2565s
INFO:root:Epoch: 1295 lr: 0.01 train_loss: 138187.1719 train_distortion: 0.8860 train_mapscore: 0.1348 train_c: -0.9566 train_max_dist: 25.3867 train_imax: 27.9678 train_imin: -10.8986 time: 3.2401s
INFO:root:Epoch: 1300 lr: 0.01 train_loss: 136782.8906 train_distortion: 0.9242 train_mapscore: 0.1424 train_c: -0.9564 train_max_dist: 25.6179 train_imax: 28.4698 train_imin: -11.1927 time: 3.2444s
INFO:root:Epoch: 1305 lr: 0.01 train_loss: 135463.5938 train_distortion: 0.9615 train_mapscore: 0.1543 train_c: -0.9562 train_max_dist: 25.8390 train_imax: 28.9244 train_imin: -11.4395 time: 3.1929s
INFO:root:Epoch: 1310 lr: 0.01 train_loss: 134175.4375 train_distortion: 1.0006 train_mapscore: 0.1618 train_c: -0.9559 train_max_dist: 26.0548 train_imax: 29.3793 train_imin: -11.6765 time: 3.1957s
INFO:root:Epoch: 1315 lr: 0.01 train_loss: 133039.3125 train_distortion: 1.0358 train_mapscore: 0.1746 train_c: -0.9557 train_max_dist: 26.2461 train_imax: 29.7930 train_imin: -11.8835 time: 3.1621s
INFO:root:Epoch: 1320 lr: 0.01 train_loss: 131980.6875 train_distortion: 1.0733 train_mapscore: 0.1686 train_c: -0.9555 train_max_dist: 32.0000 train_imax: 30.2341 train_imin: -12.3841 time: 3.1578s
INFO:root:Epoch: 1325 lr: 0.01 train_loss: 131075.0938 train_distortion: 1.0860 train_mapscore: 0.1687 train_c: -0.9554 train_max_dist: 26.4960 train_imax: 30.2985 train_imin: -12.6552 time: 3.1915s
INFO:root:Epoch: 1330 lr: 0.01 train_loss: 133333.9062 train_distortion: 1.0682 train_mapscore: 0.1284 train_c: -0.9554 train_max_dist: 26.5319 train_imax: 30.3077 train_imin: -13.9856 time: 3.1995s
INFO:root:Epoch: 1335 lr: 0.01 train_loss: 140623.5312 train_distortion: 0.9854 train_mapscore: 0.1102 train_c: -0.9556 train_max_dist: 26.2031 train_imax: 32.7522 train_imin: -11.0868 time: 3.2102s
INFO:root:Epoch: 1340 lr: 0.01 train_loss: 143716.0000 train_distortion: 0.8916 train_mapscore: 0.1046 train_c: -0.9556 train_max_dist: 25.6831 train_imax: 32.0619 train_imin: -10.1932 time: 3.2316s
INFO:root:Epoch: 1345 lr: 0.01 train_loss: 143919.6719 train_distortion: 0.7942 train_mapscore: 0.1033 train_c: -0.9555 train_max_dist: 25.0702 train_imax: 29.8923 train_imin: -9.2156 time: 3.2196s
INFO:root:Epoch: 1350 lr: 0.01 train_loss: 143144.1094 train_distortion: 0.7417 train_mapscore: 0.1060 train_c: -0.9554 train_max_dist: 24.7048 train_imax: 28.5067 train_imin: -8.5975 time: 3.2458s
INFO:root:Epoch: 1355 lr: 0.01 train_loss: 141819.6562 train_distortion: 0.7315 train_mapscore: 0.1108 train_c: -0.9553 train_max_dist: 24.6359 train_imax: 28.2040 train_imin: -8.3308 time: 3.2632s
INFO:root:Epoch: 1360 lr: 0.01 train_loss: 140399.6875 train_distortion: 0.7548 train_mapscore: 0.1159 train_c: -0.9552 train_max_dist: 24.8139 train_imax: 28.7953 train_imin: -8.4887 time: 3.2443s
INFO:root:Epoch: 1365 lr: 0.01 train_loss: 138888.0625 train_distortion: 0.8005 train_mapscore: 0.1191 train_c: -0.9550 train_max_dist: 25.1416 train_imax: 29.9396 train_imin: -8.8145 time: 3.1982s
INFO:root:Epoch: 1370 lr: 0.01 train_loss: 138352.3125 train_distortion: 0.7292 train_mapscore: 0.1168 train_c: -0.9548 train_max_dist: 24.6366 train_imax: 27.2999 train_imin: -8.0426 time: 3.2077s
INFO:root:Epoch: 1375 lr: 0.01 train_loss: 139643.5938 train_distortion: 0.6132 train_mapscore: 0.1138 train_c: -0.9546 train_max_dist: 23.6920 train_imax: 23.2925 train_imin: -7.1162 time: 3.1979s
INFO:root:Epoch: 1380 lr: 0.01 train_loss: 139098.1094 train_distortion: 0.6045 train_mapscore: 0.1171 train_c: -0.9545 train_max_dist: 23.5924 train_imax: 22.8744 train_imin: -7.1205 time: 3.1833s
INFO:root:Epoch: 1385 lr: 0.01 train_loss: 137534.4375 train_distortion: 0.6758 train_mapscore: 0.1196 train_c: -0.9544 train_max_dist: 28.0000 train_imax: 25.0061 train_imin: -7.6189 time: 3.1954s
INFO:root:Epoch: 1390 lr: 0.01 train_loss: 135974.7031 train_distortion: 0.7766 train_mapscore: 0.1234 train_c: -0.9543 train_max_dist: 24.9056 train_imax: 27.8698 train_imin: -8.5797 time: 3.1999s
INFO:root:Epoch: 1395 lr: 0.01 train_loss: 134812.5625 train_distortion: 0.8673 train_mapscore: 0.1265 train_c: -0.9541 train_max_dist: 25.5313 train_imax: 30.1984 train_imin: -9.3286 time: 3.1623s
INFO:root:Epoch: 1400 lr: 0.01 train_loss: 133509.6562 train_distortion: 0.9268 train_mapscore: 0.1338 train_c: -0.9540 train_max_dist: 25.9266 train_imax: 31.4811 train_imin: -9.7304 time: 3.1690s
INFO:root:Epoch: 1405 lr: 0.01 train_loss: 132176.8750 train_distortion: 0.9565 train_mapscore: 0.1406 train_c: -0.9538 train_max_dist: 26.1281 train_imax: 31.8755 train_imin: -9.8176 time: 3.1535s
INFO:root:Epoch: 1410 lr: 0.01 train_loss: 130901.6719 train_distortion: 0.9841 train_mapscore: 0.1476 train_c: -0.9536 train_max_dist: 32.0000 train_imax: 32.2407 train_imin: -9.8789 time: 3.1344s
INFO:root:Epoch: 1415 lr: 0.01 train_loss: 129697.8906 train_distortion: 1.0148 train_mapscore: 0.1565 train_c: -0.9534 train_max_dist: 26.5102 train_imax: 32.7226 train_imin: -9.9857 time: 3.1570s
INFO:root:Epoch: 1420 lr: 0.01 train_loss: 128605.3203 train_distortion: 1.0472 train_mapscore: 0.1655 train_c: -0.9533 train_max_dist: 32.0000 train_imax: 33.2575 train_imin: -10.0848 time: 3.1393s
INFO:root:Epoch: 1425 lr: 0.01 train_loss: 127597.3750 train_distortion: 1.0794 train_mapscore: 0.1759 train_c: -0.9531 train_max_dist: 26.8998 train_imax: 33.7847 train_imin: -10.1743 time: 3.1454s
INFO:root:Epoch: 1430 lr: 0.01 train_loss: 126641.9062 train_distortion: 1.1157 train_mapscore: 0.1885 train_c: -0.9529 train_max_dist: 27.1164 train_imax: 34.3991 train_imin: -10.2911 time: 3.1073s
INFO:root:Epoch: 1435 lr: 0.01 train_loss: 125753.3828 train_distortion: 1.1584 train_mapscore: 0.1952 train_c: -0.9527 train_max_dist: 27.3625 train_imax: 35.1607 train_imin: -10.4542 time: 3.0937s
INFO:root:Epoch: 1440 lr: 0.01 train_loss: 124945.9219 train_distortion: 1.1946 train_mapscore: 0.2000 train_c: -0.9526 train_max_dist: 27.5813 train_imax: 35.7806 train_imin: -10.5697 time: 3.0898s
INFO:root:Epoch: 1445 lr: 0.01 train_loss: 124124.0938 train_distortion: 1.2392 train_mapscore: 0.2125 train_c: -0.9524 train_max_dist: 32.0000 train_imax: 36.5793 train_imin: -10.7704 time: 3.0796s
INFO:root:Epoch: 1450 lr: 0.01 train_loss: 123272.1562 train_distortion: 1.2859 train_mapscore: 0.2243 train_c: -0.9522 train_max_dist: 28.0940 train_imax: 37.3886 train_imin: -10.9671 time: 3.1096s
INFO:root:Epoch: 1455 lr: 0.01 train_loss: 122415.2344 train_distortion: 1.3336 train_mapscore: 0.2380 train_c: -0.9521 train_max_dist: 28.3403 train_imax: 38.2021 train_imin: -11.1496 time: 3.1087s
INFO:root:Epoch: 1460 lr: 0.01 train_loss: 121584.9375 train_distortion: 1.3781 train_mapscore: 0.2560 train_c: -0.9519 train_max_dist: 28.5724 train_imax: 38.9433 train_imin: -11.3098 time: 3.0701s
INFO:root:Epoch: 1465 lr: 0.01 train_loss: 120862.1250 train_distortion: 1.4204 train_mapscore: 0.2625 train_c: -0.9517 train_max_dist: 28.7876 train_imax: 39.6706 train_imin: -11.5125 time: 3.0662s
INFO:root:Epoch: 1470 lr: 0.01 train_loss: 120125.9141 train_distortion: 1.4571 train_mapscore: 0.2697 train_c: -0.9516 train_max_dist: 28.9776 train_imax: 40.2503 train_imin: -11.6573 time: 3.0630s
INFO:root:Epoch: 1475 lr: 0.01 train_loss: 119405.4688 train_distortion: 1.4991 train_mapscore: 0.2778 train_c: -0.9514 train_max_dist: 29.1913 train_imax: 40.9584 train_imin: -11.8243 time: 3.0550s
INFO:root:Epoch: 1480 lr: 0.01 train_loss: 118832.9531 train_distortion: 1.5401 train_mapscore: 0.2807 train_c: -0.9513 train_max_dist: 32.0000 train_imax: 41.6446 train_imin: -11.9583 time: 3.0884s
INFO:root:Epoch: 1485 lr: 0.01 train_loss: 120250.2969 train_distortion: 1.6364 train_mapscore: 0.1986 train_c: -0.9511 train_max_dist: 32.0000 train_imax: 43.1377 train_imin: -12.3353 time: 3.1048s
INFO:root:Epoch: 1490 lr: 0.01 train_loss: 120332.6094 train_distortion: 1.6773 train_mapscore: 0.2007 train_c: -0.9509 train_max_dist: 29.9402 train_imax: 43.6289 train_imin: -12.5051 time: 3.0761s
INFO:root:Epoch: 1495 lr: 0.01 train_loss: 119516.5312 train_distortion: 1.6828 train_mapscore: 0.2085 train_c: -0.9507 train_max_dist: 29.9814 train_imax: 43.4865 train_imin: -12.5755 time: 3.0517s
INFO:root:Epoch: 1500 lr: 0.01 train_loss: 118422.5156 train_distortion: 1.6833 train_mapscore: 0.2230 train_c: -0.9505 train_max_dist: 29.9910 train_imax: 44.7928 train_imin: -12.6134 time: 3.0388s
INFO:root:Epoch: 1505 lr: 0.01 train_loss: 117344.8203 train_distortion: 1.6971 train_mapscore: 0.2427 train_c: -0.9503 train_max_dist: 30.0449 train_imax: 45.4345 train_imin: -12.7023 time: 3.0360s
INFO:root:Epoch: 1510 lr: 0.01 train_loss: 116384.2812 train_distortion: 1.7286 train_mapscore: 0.2553 train_c: -0.9501 train_max_dist: 32.0000 train_imax: 45.9072 train_imin: -12.8797 time: 3.0549s
INFO:root:Epoch: 1515 lr: 0.01 train_loss: 115641.4375 train_distortion: 1.7652 train_mapscore: 0.2642 train_c: -0.9500 train_max_dist: 30.3750 train_imax: 46.2846 train_imin: -13.0421 time: 3.0753s
INFO:root:Epoch: 1520 lr: 0.01 train_loss: 118448.5312 train_distortion: 1.5908 train_mapscore: 0.1852 train_c: -0.9499 train_max_dist: 32.0000 train_imax: 42.0842 train_imin: -15.7547 time: 3.0286s
INFO:root:Epoch: 1525 lr: 0.01 train_loss: 120213.9375 train_distortion: 1.5103 train_mapscore: 0.1777 train_c: -0.9499 train_max_dist: 48.0000 train_imax: 39.8478 train_imin: -14.9323 time: 3.0269s
INFO:root:Epoch: 1530 lr: 0.01 train_loss: 120267.3125 train_distortion: 1.5398 train_mapscore: 0.1785 train_c: -0.9497 train_max_dist: 29.3433 train_imax: 39.9776 train_imin: -14.7051 time: 3.0274s
INFO:root:Epoch: 1535 lr: 0.01 train_loss: 119479.3047 train_distortion: 1.5898 train_mapscore: 0.1874 train_c: -0.9495 train_max_dist: 29.5388 train_imax: 40.9352 train_imin: -14.6895 time: 3.0260s
INFO:root:Epoch: 1540 lr: 0.01 train_loss: 118300.5000 train_distortion: 1.6247 train_mapscore: 0.2002 train_c: -0.9493 train_max_dist: 29.6831 train_imax: 41.4483 train_imin: -14.6098 time: 3.0624s
INFO:root:Epoch: 1545 lr: 0.01 train_loss: 117081.8438 train_distortion: 1.6651 train_mapscore: 0.2144 train_c: -0.9492 train_max_dist: 29.8622 train_imax: 42.1038 train_imin: -14.6579 time: 3.0639s
INFO:root:Epoch: 1550 lr: 0.01 train_loss: 116491.4141 train_distortion: 1.7614 train_mapscore: 0.2028 train_c: -0.9490 train_max_dist: 32.0000 train_imax: 43.8330 train_imin: -15.0590 time: 3.0394s
INFO:root:Epoch: 1555 lr: 0.01 train_loss: 115989.3750 train_distortion: 1.8506 train_mapscore: 0.2098 train_c: -0.9488 train_max_dist: 30.6441 train_imax: 45.2908 train_imin: -15.3719 time: 3.0094s
INFO:root:Epoch: 1560 lr: 0.01 train_loss: 114986.8281 train_distortion: 1.9126 train_mapscore: 0.2249 train_c: -0.9486 train_max_dist: 30.8942 train_imax: 46.2022 train_imin: -15.5352 time: 3.0060s
INFO:root:Epoch: 1565 lr: 0.01 train_loss: 113833.2656 train_distortion: 1.9728 train_mapscore: 0.2436 train_c: -0.9484 train_max_dist: 31.1278 train_imax: 47.1460 train_imin: -15.7387 time: 3.0029s
INFO:root:Epoch: 1570 lr: 0.01 train_loss: 112745.4219 train_distortion: 2.0302 train_mapscore: 0.2668 train_c: -0.9481 train_max_dist: 40.0000 train_imax: 47.9929 train_imin: -15.9739 time: 3.0112s
INFO:root:Epoch: 1575 lr: 0.01 train_loss: 111766.6562 train_distortion: 2.0946 train_mapscore: 0.2915 train_c: -0.9479 train_max_dist: 31.5841 train_imax: 48.9831 train_imin: -16.2635 time: 3.0502s
INFO:root:Epoch: 1580 lr: 0.01 train_loss: 110816.6719 train_distortion: 2.1597 train_mapscore: 0.3067 train_c: -0.9477 train_max_dist: 31.8201 train_imax: 49.9803 train_imin: -16.5407 time: 3.0462s
INFO:root:Epoch: 1585 lr: 0.01 train_loss: 110073.2188 train_distortion: 2.2381 train_mapscore: 0.3151 train_c: -0.9475 train_max_dist: 32.0825 train_imax: 51.2441 train_imin: -16.8868 time: 2.9814s
INFO:root:Epoch: 1590 lr: 0.01 train_loss: 109277.2422 train_distortion: 2.3240 train_mapscore: 0.3349 train_c: -0.9473 train_max_dist: 32.3751 train_imax: 52.6289 train_imin: -17.3137 time: 2.9951s
INFO:root:Epoch: 1595 lr: 0.01 train_loss: 108479.1562 train_distortion: 2.4089 train_mapscore: 0.3585 train_c: -0.9471 train_max_dist: 32.6473 train_imax: 53.9850 train_imin: -17.7475 time: 2.9896s
INFO:root:Epoch: 1600 lr: 0.01 train_loss: 107735.0469 train_distortion: 2.4860 train_mapscore: 0.3745 train_c: -0.9469 train_max_dist: 32.9079 train_imax: 55.2062 train_imin: -18.1009 time: 2.9729s
INFO:root:Epoch: 1605 lr: 0.01 train_loss: 107097.0234 train_distortion: 2.5679 train_mapscore: 0.3873 train_c: -0.9467 train_max_dist: 33.1549 train_imax: 56.5285 train_imin: -18.5057 time: 3.0000s
INFO:root:Epoch: 1610 lr: 0.01 train_loss: 106579.0938 train_distortion: 2.6481 train_mapscore: 0.3930 train_c: -0.9465 train_max_dist: 40.0000 train_imax: 57.7767 train_imin: -18.9171 time: 3.0119s
INFO:root:Epoch: 1615 lr: 0.01 train_loss: 105984.6484 train_distortion: 2.7345 train_mapscore: 0.4024 train_c: -0.9463 train_max_dist: 33.6399 train_imax: 59.0916 train_imin: -19.3665 time: 2.9675s
INFO:root:Epoch: 1620 lr: 0.01 train_loss: 105347.2344 train_distortion: 2.8168 train_mapscore: 0.4172 train_c: -0.9462 train_max_dist: 33.8664 train_imax: 60.3836 train_imin: -19.7919 time: 2.9657s
INFO:root:Epoch: 1625 lr: 0.01 train_loss: 104702.3281 train_distortion: 2.8998 train_mapscore: 0.4293 train_c: -0.9460 train_max_dist: 48.0000 train_imax: 61.6665 train_imin: -20.2036 time: 2.9629s
INFO:root:Epoch: 1630 lr: 0.01 train_loss: 104011.2500 train_distortion: 2.9932 train_mapscore: 0.4498 train_c: -0.9458 train_max_dist: 34.3443 train_imax: 63.1205 train_imin: -20.6427 time: 2.9778s
INFO:root:Epoch: 1635 lr: 0.01 train_loss: 103369.8906 train_distortion: 3.0926 train_mapscore: 0.4638 train_c: -0.9456 train_max_dist: 34.6077 train_imax: 64.6634 train_imin: -21.1229 time: 2.9962s
INFO:root:Epoch: 1640 lr: 0.01 train_loss: 105336.4062 train_distortion: 3.1638 train_mapscore: 0.3189 train_c: -0.9454 train_max_dist: 34.8236 train_imax: 65.5358 train_imin: -21.2611 time: 2.9941s
INFO:root:Epoch: 1645 lr: 0.01 train_loss: 106265.7734 train_distortion: 3.1719 train_mapscore: 0.3067 train_c: -0.9452 train_max_dist: 34.6949 train_imax: 65.4440 train_imin: -21.1590 time: 2.9610s
INFO:root:Epoch: 1650 lr: 0.01 train_loss: 105567.8594 train_distortion: 3.1622 train_mapscore: 0.3249 train_c: -0.9450 train_max_dist: 34.4616 train_imax: 65.0571 train_imin: -21.0814 time: 2.9641s
INFO:root:Epoch: 1655 lr: 0.01 train_loss: 104511.5859 train_distortion: 3.1719 train_mapscore: 0.3387 train_c: -0.9448 train_max_dist: 34.4257 train_imax: 65.0911 train_imin: -21.1954 time: 2.9617s
INFO:root:Epoch: 1660 lr: 0.01 train_loss: 103589.6094 train_distortion: 3.2103 train_mapscore: 0.3594 train_c: -0.9446 train_max_dist: 34.5464 train_imax: 65.6045 train_imin: -21.3644 time: 2.9568s
INFO:root:Epoch: 1665 lr: 0.01 train_loss: 102572.5469 train_distortion: 3.2806 train_mapscore: 0.3872 train_c: -0.9443 train_max_dist: 34.7424 train_imax: 66.6679 train_imin: -21.7189 time: 2.9904s
INFO:root:Epoch: 1670 lr: 0.01 train_loss: 101770.9531 train_distortion: 3.3793 train_mapscore: 0.4000 train_c: -0.9441 train_max_dist: 35.0052 train_imax: 68.2480 train_imin: -22.2453 time: 3.0094s
INFO:root:Epoch: 1675 lr: 0.01 train_loss: 100985.9688 train_distortion: 3.4915 train_mapscore: 0.4297 train_c: -0.9439 train_max_dist: 35.2856 train_imax: 70.0709 train_imin: -22.8112 time: 3.0144s
INFO:root:Epoch: 1680 lr: 0.01 train_loss: 100197.4062 train_distortion: 3.6196 train_mapscore: 0.4537 train_c: -0.9437 train_max_dist: 35.6329 train_imax: 72.1124 train_imin: -23.5120 time: 2.9796s
INFO:root:Epoch: 1685 lr: 0.01 train_loss: 99470.2969 train_distortion: 3.7577 train_mapscore: 0.4841 train_c: -0.9435 train_max_dist: 35.9675 train_imax: 74.2870 train_imin: -24.2382 time: 2.9560s
INFO:root:Epoch: 1690 lr: 0.01 train_loss: 98741.2188 train_distortion: 3.9079 train_mapscore: 0.5110 train_c: -0.9433 train_max_dist: 36.3344 train_imax: 76.6691 train_imin: -25.0510 time: 2.9659s
INFO:root:Epoch: 1695 lr: 0.01 train_loss: 98098.2266 train_distortion: 4.0599 train_mapscore: 0.5295 train_c: -0.9430 train_max_dist: 36.6665 train_imax: 79.0948 train_imin: -25.7867 time: 2.9439s
INFO:root:Epoch: 1700 lr: 0.01 train_loss: 97703.9375 train_distortion: 4.2066 train_mapscore: 0.5204 train_c: -0.9428 train_max_dist: 48.0000 train_imax: 81.4108 train_imin: -26.5150 time: 2.9775s
INFO:root:Epoch: 1705 lr: 0.01 train_loss: 97399.1719 train_distortion: 4.3673 train_mapscore: 0.5077 train_c: -0.9426 train_max_dist: 37.3592 train_imax: 83.9680 train_imin: -27.3077 time: 2.9760s
INFO:root:Epoch: 1710 lr: 0.01 train_loss: 97189.7656 train_distortion: 4.5224 train_mapscore: 0.4997 train_c: -0.9424 train_max_dist: 50.0000 train_imax: 86.4279 train_imin: -28.0202 time: 2.9565s
INFO:root:Epoch: 1715 lr: 0.01 train_loss: 96842.1562 train_distortion: 4.6578 train_mapscore: 0.4957 train_c: -0.9421 train_max_dist: 50.0000 train_imax: 88.5856 train_imin: -28.6789 time: 2.9590s
INFO:root:Epoch: 1720 lr: 0.01 train_loss: 96378.3672 train_distortion: 4.7772 train_mapscore: 0.5093 train_c: -0.9419 train_max_dist: 38.1896 train_imax: 90.4954 train_imin: -29.2900 time: 2.9384s
INFO:root:Epoch: 1725 lr: 0.01 train_loss: 95873.1016 train_distortion: 4.8916 train_mapscore: 0.5190 train_c: -0.9417 train_max_dist: 38.3884 train_imax: 92.2903 train_imin: -29.9004 time: 2.9349s
INFO:root:Epoch: 1730 lr: 0.01 train_loss: 95309.7422 train_distortion: 5.0094 train_mapscore: 0.5301 train_c: -0.9414 train_max_dist: 38.6307 train_imax: 94.1522 train_imin: -30.6069 time: 2.9688s
INFO:root:Epoch: 1735 lr: 0.01 train_loss: 95044.5312 train_distortion: 5.1239 train_mapscore: 0.5174 train_c: -0.9412 train_max_dist: 38.8720 train_imax: 95.9830 train_imin: -31.2805 time: 2.9712s
INFO:root:Epoch: 1740 lr: 0.01 train_loss: 94585.5469 train_distortion: 5.2420 train_mapscore: 0.5291 train_c: -0.9410 train_max_dist: 39.0919 train_imax: 97.8917 train_imin: -31.8943 time: 2.9304s
INFO:root:Epoch: 1745 lr: 0.01 train_loss: 94102.5859 train_distortion: 5.3801 train_mapscore: 0.5494 train_c: -0.9407 train_max_dist: 39.3498 train_imax: 100.2617 train_imin: -32.6100 time: 2.9362s
INFO:root:Epoch: 1750 lr: 0.01 train_loss: 96263.7734 train_distortion: 5.5550 train_mapscore: 0.4291 train_c: -0.9405 train_max_dist: 39.6834 train_imax: 103.3320 train_imin: -33.5806 time: 2.9431s
INFO:root:Epoch: 1755 lr: 0.01 train_loss: 95589.6797 train_distortion: 5.6324 train_mapscore: 0.4460 train_c: -0.9402 train_max_dist: 39.8470 train_imax: 104.6463 train_imin: -33.9108 time: 2.9402s
INFO:root:Epoch: 1760 lr: 0.01 train_loss: 94983.3438 train_distortion: 5.6729 train_mapscore: 0.4596 train_c: -0.9400 train_max_dist: 39.9179 train_imax: 105.1568 train_imin: -33.9747 time: 2.9772s
INFO:root:Epoch: 1765 lr: 0.01 train_loss: 94440.5938 train_distortion: 5.7369 train_mapscore: 0.4686 train_c: -0.9397 train_max_dist: 40.0655 train_imax: 106.1047 train_imin: -34.3432 time: 3.0220s
INFO:root:Epoch: 1770 lr: 0.01 train_loss: 94522.3984 train_distortion: 5.7754 train_mapscore: 0.4594 train_c: -0.9395 train_max_dist: 40.1720 train_imax: 106.5764 train_imin: -34.5758 time: 2.9381s
INFO:root:Epoch: 1775 lr: 0.01 train_loss: 93571.0234 train_distortion: 5.8493 train_mapscore: 0.4925 train_c: -0.9392 train_max_dist: 40.3190 train_imax: 107.7266 train_imin: -34.8069 time: 2.9445s
INFO:root:Epoch: 1780 lr: 0.01 train_loss: 93459.0000 train_distortion: 5.9567 train_mapscore: 0.4831 train_c: -0.9389 train_max_dist: 40.5676 train_imax: 109.6268 train_imin: -35.5378 time: 2.9396s
INFO:root:Epoch: 1785 lr: 0.01 train_loss: 93272.5156 train_distortion: 6.0496 train_mapscore: 0.4806 train_c: -0.9387 train_max_dist: 50.0000 train_imax: 111.2891 train_imin: -36.3105 time: 2.9323s
INFO:root:Epoch: 1790 lr: 0.01 train_loss: 92456.5469 train_distortion: 6.1605 train_mapscore: 0.5062 train_c: -0.9384 train_max_dist: 50.0000 train_imax: 113.1727 train_imin: -36.7828 time: 2.9651s
INFO:root:Epoch: 1795 lr: 0.01 train_loss: 91430.3281 train_distortion: 6.2993 train_mapscore: 0.5372 train_c: -0.9382 train_max_dist: 41.2470 train_imax: 115.5269 train_imin: -37.5737 time: 2.9483s
INFO:root:Epoch: 1800 lr: 0.01 train_loss: 95486.5781 train_distortion: 6.4791 train_mapscore: 0.3959 train_c: -0.9378 train_max_dist: 50.0000 train_imax: 118.9536 train_imin: -38.4914 time: 2.9720s
INFO:root:Epoch: 1805 lr: 0.01 train_loss: 96034.1250 train_distortion: 6.5610 train_mapscore: 0.3965 train_c: -0.9375 train_max_dist: 48.0000 train_imax: 119.5317 train_imin: -38.9557 time: 2.9286s
INFO:root:Epoch: 1810 lr: 0.01 train_loss: 95016.2031 train_distortion: 6.5473 train_mapscore: 0.4188 train_c: -0.9372 train_max_dist: 41.8089 train_imax: 119.3974 train_imin: -38.7420 time: 2.9174s
INFO:root:Epoch: 1815 lr: 0.01 train_loss: 95595.6641 train_distortion: 6.5261 train_mapscore: 0.3953 train_c: -0.9369 train_max_dist: 48.0000 train_imax: 119.2610 train_imin: -38.6232 time: 2.9194s
INFO:root:Epoch: 1820 lr: 0.01 train_loss: 94839.8906 train_distortion: 6.4717 train_mapscore: 0.4079 train_c: -0.9366 train_max_dist: 41.6869 train_imax: 118.1087 train_imin: -38.2734 time: 3.0440s
INFO:root:Epoch: 1825 lr: 0.01 train_loss: 94812.7891 train_distortion: 6.4137 train_mapscore: 0.4008 train_c: -0.9364 train_max_dist: 50.0000 train_imax: 116.4566 train_imin: -37.8968 time: 2.9738s
INFO:root:Epoch: 1830 lr: 0.01 train_loss: 93797.5781 train_distortion: 6.3997 train_mapscore: 0.4248 train_c: -0.9361 train_max_dist: 50.0000 train_imax: 116.4415 train_imin: -37.8665 time: 2.9825s
INFO:root:Epoch: 1835 lr: 0.01 train_loss: 92639.2656 train_distortion: 6.4283 train_mapscore: 0.4553 train_c: -0.9358 train_max_dist: 41.5586 train_imax: 117.5827 train_imin: -38.0987 time: 2.9407s
INFO:root:Epoch: 1840 lr: 0.01 train_loss: 91901.3828 train_distortion: 6.4969 train_mapscore: 0.4713 train_c: -0.9355 train_max_dist: 41.6597 train_imax: 119.8122 train_imin: -38.3881 time: 2.9218s
INFO:root:Epoch: 1845 lr: 0.01 train_loss: 103113.2422 train_distortion: 6.7535 train_mapscore: 0.3147 train_c: -0.9351 train_max_dist: 41.9638 train_imax: 125.1140 train_imin: -39.9482 time: 2.9608s
INFO:root:Epoch: 1850 lr: 0.01 train_loss: 104128.2344 train_distortion: 6.5955 train_mapscore: 0.3160 train_c: -0.9347 train_max_dist: 41.7756 train_imax: 120.6263 train_imin: -39.2909 time: 2.9548s
INFO:root:Epoch: 1855 lr: 0.01 train_loss: 102158.4062 train_distortion: 6.2667 train_mapscore: 0.3243 train_c: -0.9343 train_max_dist: 48.0000 train_imax: 115.1650 train_imin: -37.7865 time: 3.0670s
INFO:root:Epoch: 1860 lr: 0.01 train_loss: 99393.9141 train_distortion: 5.9421 train_mapscore: 0.3597 train_c: -0.9340 train_max_dist: 40.6953 train_imax: 109.3329 train_imin: -35.9734 time: 3.0298s
INFO:root:Epoch: 1865 lr: 0.01 train_loss: 131600.2812 train_distortion: 5.5892 train_mapscore: 0.1771 train_c: -0.9342 train_max_dist: 39.8900 train_imax: 100.5378 train_imin: -35.8257 time: 3.0299s
INFO:root:Epoch: 1870 lr: 0.01 train_loss: 160547.5156 train_distortion: 4.3486 train_mapscore: 0.1203 train_c: -0.9347 train_max_dist: 37.6486 train_imax: 79.7218 train_imin: -30.8580 time: 3.0887s
INFO:root:Epoch: 1875 lr: 0.01 train_loss: 160235.8594 train_distortion: 2.4998 train_mapscore: 0.1014 train_c: -0.9350 train_max_dist: 48.0000 train_imax: 48.8989 train_imin: -19.8196 time: 3.1818s
INFO:root:Epoch: 1880 lr: 0.01 train_loss: 159907.6875 train_distortion: 1.1722 train_mapscore: 0.0905 train_c: -0.9352 train_max_dist: 32.0000 train_imax: 27.0551 train_imin: -12.5858 time: 3.2648s
INFO:root:Epoch: 1885 lr: 0.01 train_loss: 160919.8125 train_distortion: 0.6173 train_mapscore: 0.0867 train_c: -0.9353 train_max_dist: 25.0712 train_imax: 17.4766 train_imin: -9.5779 time: 3.3392s
INFO:root:Epoch: 1890 lr: 0.01 train_loss: 162442.9062 train_distortion: 0.4907 train_mapscore: 0.0833 train_c: -0.9352 train_max_dist: 23.5963 train_imax: 16.9509 train_imin: -8.6150 time: 3.3771s
INFO:root:Epoch: 1895 lr: 0.01 train_loss: 165091.6875 train_distortion: 0.4452 train_mapscore: 0.0785 train_c: -0.9347 train_max_dist: 22.9073 train_imax: 33.1393 train_imin: -7.8302 time: 3.4041s
INFO:root:Epoch: 1900 lr: 0.01 train_loss: 167013.2188 train_distortion: 0.5033 train_mapscore: 0.0766 train_c: -0.9347 train_max_dist: 24.0000 train_imax: 37.2006 train_imin: -7.9186 time: 3.4213s
INFO:root:Epoch: 1905 lr: 0.01 train_loss: 169552.4219 train_distortion: 0.5750 train_mapscore: 0.0733 train_c: -0.9348 train_max_dist: 23.5558 train_imax: 39.2443 train_imin: -7.9316 time: 3.4398s
INFO:root:Epoch: 1910 lr: 0.01 train_loss: 170076.5312 train_distortion: 0.5639 train_mapscore: 0.0720 train_c: -0.9348 train_max_dist: 23.5274 train_imax: 38.0752 train_imin: -7.6085 time: 3.4556s
INFO:root:Epoch: 1915 lr: 0.01 train_loss: 168759.2500 train_distortion: 0.5084 train_mapscore: 0.0729 train_c: -0.9347 train_max_dist: 22.9945 train_imax: 35.2738 train_imin: -7.2084 time: 3.4742s
INFO:root:Epoch: 1920 lr: 0.01 train_loss: 167256.1562 train_distortion: 0.4605 train_mapscore: 0.0733 train_c: -0.9346 train_max_dist: 24.0000 train_imax: 32.7419 train_imin: -6.8530 time: 3.4716s
INFO:root:Epoch: 1925 lr: 0.01 train_loss: 165740.8125 train_distortion: 0.4430 train_mapscore: 0.0753 train_c: -0.9345 train_max_dist: 22.1570 train_imax: 31.5050 train_imin: -6.8011 time: 3.4357s
INFO:root:Epoch: 1930 lr: 0.01 train_loss: 164338.2031 train_distortion: 0.4389 train_mapscore: 0.0766 train_c: -0.9344 train_max_dist: 22.0234 train_imax: 30.9114 train_imin: -6.8720 time: 3.4271s
INFO:root:Epoch: 1935 lr: 0.01 train_loss: 163251.0625 train_distortion: 0.4058 train_mapscore: 0.0789 train_c: -0.9343 train_max_dist: 21.5121 train_imax: 28.9510 train_imin: -6.5459 time: 3.4442s
INFO:root:Epoch: 1940 lr: 0.01 train_loss: 162359.3438 train_distortion: 0.3784 train_mapscore: 0.0793 train_c: -0.9342 train_max_dist: 21.0371 train_imax: 27.2306 train_imin: -6.2359 time: 3.4040s
INFO:root:Epoch: 1945 lr: 0.01 train_loss: 161319.4375 train_distortion: 0.3720 train_mapscore: 0.0816 train_c: -0.9341 train_max_dist: 20.8612 train_imax: 26.5965 train_imin: -6.1765 time: 3.4540s
INFO:root:Epoch: 1950 lr: 0.01 train_loss: 160230.5938 train_distortion: 0.3813 train_mapscore: 0.0831 train_c: -0.9340 train_max_dist: 21.0032 train_imax: 26.7848 train_imin: -6.3142 time: 3.4520s
INFO:root:Epoch: 1955 lr: 0.01 train_loss: 159101.8750 train_distortion: 0.4000 train_mapscore: 0.0843 train_c: -0.9339 train_max_dist: 21.3116 train_imax: 27.4230 train_imin: -6.5631 time: 3.4481s
INFO:root:Epoch: 1960 lr: 0.01 train_loss: 158029.1406 train_distortion: 0.4231 train_mapscore: 0.0873 train_c: -0.9338 train_max_dist: 21.6670 train_imax: 28.2164 train_imin: -6.8394 time: 3.3817s
INFO:root:Epoch: 1965 lr: 0.01 train_loss: 156949.1719 train_distortion: 0.4404 train_mapscore: 0.0901 train_c: -0.9337 train_max_dist: 24.0000 train_imax: 28.7337 train_imin: -7.0250 time: 3.3318s
INFO:root:Epoch: 1970 lr: 0.01 train_loss: 155881.0312 train_distortion: 0.4597 train_mapscore: 0.0930 train_c: -0.9336 train_max_dist: 22.2000 train_imax: 29.3236 train_imin: -7.2145 time: 3.3106s
INFO:root:Epoch: 1975 lr: 0.01 train_loss: 154810.9844 train_distortion: 0.4769 train_mapscore: 0.0958 train_c: -0.9334 train_max_dist: 22.4295 train_imax: 29.8040 train_imin: -7.3746 time: 3.2905s
INFO:root:Epoch: 1980 lr: 0.01 train_loss: 153703.9531 train_distortion: 0.4889 train_mapscore: 0.0994 train_c: -0.9333 train_max_dist: 22.5902 train_imax: 30.0931 train_imin: -7.4791 time: 3.3143s
INFO:root:Epoch: 1985 lr: 0.01 train_loss: 152615.4688 train_distortion: 0.5000 train_mapscore: 0.1038 train_c: -0.9332 train_max_dist: 22.7411 train_imax: 30.3552 train_imin: -7.5693 time: 3.3259s
INFO:root:Epoch: 1990 lr: 0.01 train_loss: 151606.8906 train_distortion: 0.5129 train_mapscore: 0.1067 train_c: -0.9331 train_max_dist: 24.0000 train_imax: 30.6737 train_imin: -7.6731 time: 3.2922s
INFO:root:Epoch: 1995 lr: 0.01 train_loss: 150701.3594 train_distortion: 0.5271 train_mapscore: 0.1085 train_c: -0.9329 train_max_dist: 23.0825 train_imax: 31.0202 train_imin: -7.7322 time: 3.2703s
INFO:root:Epoch: 2000 lr: 0.0025 train_loss: 149746.4844 train_distortion: 0.5399 train_mapscore: 0.1103 train_c: -0.9328 train_max_dist: 23.2412 train_imax: 31.3190 train_imin: -7.8037 time: 3.2619s
INFO:root:Optimization Finished!
INFO:root:Total time elapsed: 6148.9889s
INFO:root:Val set results: val_distortion: 1.0000 val_mapscore: -1.0000 val_c: -1.0000 val_max_dist: 0.0000
INFO:root:Test set results: test_loss: 149565.7031 test_distortion: 0.5425 test_mapscore: 0.1101 test_c: -0.9328 test_max_dist: 23.2717 test_imax: 31.3783 test_imin: -7.8206
INFO:root:Saved model in /workspace/xiongbo/hgcn/logs/md/2021_5_28/2
