INFO:root:Using: cuda:0
INFO:root:Using seed 1234.
INFO:root:MDModel(
  (encoder): HGCN(
    (layers): Sequential(
      (0): HyperbolicGraphConvolution(
        (linear): HypLinear(
          in_features=4159, out_features=10, c=Parameter containing:
          tensor([-1.], requires_grad=True)
        )
        (agg): HypAgg(
          c=Parameter containing:
          tensor([-1.], requires_grad=True)
        )
        (hyp_act): HypAct(
          c_in=Parameter containing:
          tensor([-1.], requires_grad=True), c_out=Parameter containing:
          tensor([-1.], requires_grad=True)
        )
      )
    )
  )
  (decoder): MDDecoder()
)
INFO:root:Total number of parameters: 41602
/workspace/anaconda3/envs/geo/lib/python3.7/site-packages/torch/optim/lr_scheduler.py:370: UserWarning: To get the last learning rate computed by the scheduler, please use `get_last_lr()`.
  "please use `get_last_lr()`.", UserWarning)
INFO:root:Epoch: 0005 lr: 0.01 train_loss: 206097.3438 train_distortion: 0.7004 train_mapscore: 0.1926 train_c: -1.0004 train_max_dist: 2.5333 train_imax: -0.0000 train_imin: -2.0332 time: 2.8820s
INFO:root:Epoch: 0010 lr: 0.01 train_loss: 197848.2344 train_distortion: 0.6274 train_mapscore: 0.3172 train_c: -1.0009 train_max_dist: 3.6563 train_imax: -0.0000 train_imin: -2.4787 time: 2.7029s
INFO:root:Epoch: 0015 lr: 0.01 train_loss: 190822.5625 train_distortion: 0.5561 train_mapscore: 0.3884 train_c: -1.0014 train_max_dist: 4.5582 train_imax: -0.0000 train_imin: -3.1813 time: 2.5703s
INFO:root:Epoch: 0020 lr: 0.01 train_loss: 183011.7500 train_distortion: 0.4753 train_mapscore: 0.4422 train_c: -1.0020 train_max_dist: 5.3851 train_imax: -0.0000 train_imin: -3.8819 time: 2.5245s
INFO:root:Epoch: 0025 lr: 0.01 train_loss: 173441.5000 train_distortion: 0.3827 train_mapscore: 0.4850 train_c: -1.0025 train_max_dist: 6.7970 train_imax: -0.0000 train_imin: -4.7880 time: 2.5116s
INFO:root:Epoch: 0030 lr: 0.01 train_loss: 161207.5000 train_distortion: 0.2820 train_mapscore: 0.5264 train_c: -1.0031 train_max_dist: 8.4662 train_imax: -0.0000 train_imin: -5.9939 time: 2.4389s
INFO:root:Epoch: 0035 lr: 0.01 train_loss: 145688.8594 train_distortion: 0.1898 train_mapscore: 0.5614 train_c: -1.0038 train_max_dist: 10.4084 train_imax: -0.0000 train_imin: -7.7930 time: 2.4068s
INFO:root:Epoch: 0040 lr: 0.01 train_loss: 126662.2031 train_distortion: 0.1443 train_mapscore: 0.5935 train_c: -1.0044 train_max_dist: 12.9848 train_imax: -0.0000 train_imin: -10.6511 time: 2.4220s
INFO:root:Epoch: 0045 lr: 0.01 train_loss: 104956.2500 train_distortion: 0.2149 train_mapscore: 0.6259 train_c: -1.0051 train_max_dist: 16.1928 train_imax: -0.0000 train_imin: -15.3496 time: 2.4121s
INFO:root:Epoch: 0050 lr: 0.01 train_loss: 84273.7500 train_distortion: 0.4957 train_mapscore: 0.6658 train_c: -1.0058 train_max_dist: 19.4414 train_imax: -0.0000 train_imin: -21.3686 time: 2.3755s
INFO:root:Epoch: 0055 lr: 0.01 train_loss: 70892.7656 train_distortion: 1.0342 train_mapscore: 0.7101 train_c: -1.0064 train_max_dist: 22.4540 train_imax: -0.0000 train_imin: -30.7108 time: 2.3630s
INFO:root:Epoch: 0060 lr: 0.01 train_loss: 65613.8672 train_distortion: 1.6566 train_mapscore: 0.7469 train_c: -1.0069 train_max_dist: 24.2607 train_imax: -0.0000 train_imin: -36.7960 time: 2.3830s
INFO:root:Epoch: 0065 lr: 0.01 train_loss: 62871.9141 train_distortion: 1.9921 train_mapscore: 0.7735 train_c: -1.0073 train_max_dist: 25.3315 train_imax: -0.0000 train_imin: -40.1711 time: 2.3263s
INFO:root:Epoch: 0070 lr: 0.01 train_loss: 60281.3750 train_distortion: 1.9911 train_mapscore: 0.7962 train_c: -1.0074 train_max_dist: 25.0496 train_imax: -0.0000 train_imin: -40.3597 time: 2.3085s
INFO:root:Epoch: 0075 lr: 0.01 train_loss: 58275.6953 train_distortion: 1.9054 train_mapscore: 0.8138 train_c: -1.0075 train_max_dist: 24.9355 train_imax: -0.0000 train_imin: -40.1121 time: 2.3214s
INFO:root:Epoch: 0080 lr: 0.01 train_loss: 56742.0938 train_distortion: 1.8752 train_mapscore: 0.8262 train_c: -1.0076 train_max_dist: 24.9058 train_imax: -0.0000 train_imin: -37.0450 time: 2.2806s
INFO:root:Epoch: 0085 lr: 0.01 train_loss: 55564.0156 train_distortion: 1.9067 train_mapscore: 0.8357 train_c: -1.0077 train_max_dist: 24.8330 train_imax: -0.0000 train_imin: -32.0130 time: 2.2648s
INFO:root:Epoch: 0090 lr: 0.01 train_loss: 54589.1250 train_distortion: 1.9560 train_mapscore: 0.8450 train_c: -1.0078 train_max_dist: 24.7241 train_imax: -0.0000 train_imin: -27.3359 time: 2.2520s
INFO:root:Epoch: 0095 lr: 0.01 train_loss: 53813.0156 train_distortion: 2.0068 train_mapscore: 0.8507 train_c: -1.0079 train_max_dist: 24.4736 train_imax: -0.0000 train_imin: -24.6940 time: 2.2900s
INFO:root:Epoch: 0100 lr: 0.01 train_loss: 53159.5938 train_distortion: 2.0539 train_mapscore: 0.8569 train_c: -1.0080 train_max_dist: 24.6863 train_imax: -0.0000 train_imin: -24.6730 time: 2.2348s
INFO:root:Epoch: 0105 lr: 0.01 train_loss: 52597.7188 train_distortion: 2.0992 train_mapscore: 0.8620 train_c: -1.0081 train_max_dist: 24.7523 train_imax: -0.0000 train_imin: -25.2697 time: 2.2338s
INFO:root:Epoch: 0110 lr: 0.01 train_loss: 52196.2500 train_distortion: 2.1422 train_mapscore: 0.8672 train_c: -1.0082 train_max_dist: 24.7307 train_imax: -0.0000 train_imin: -25.7583 time: 2.2644s
INFO:root:Epoch: 0115 lr: 0.01 train_loss: 51768.4141 train_distortion: 2.1814 train_mapscore: 0.8692 train_c: -1.0082 train_max_dist: 24.8591 train_imax: -0.0000 train_imin: -26.0222 time: 2.2244s
INFO:root:Epoch: 0120 lr: 0.01 train_loss: 51399.6016 train_distortion: 2.2191 train_mapscore: 0.8725 train_c: -1.0083 train_max_dist: 25.0747 train_imax: -0.0000 train_imin: -25.9019 time: 2.2271s
INFO:root:Epoch: 0125 lr: 0.01 train_loss: 51085.4453 train_distortion: 2.2544 train_mapscore: 0.8751 train_c: -1.0084 train_max_dist: 25.3516 train_imax: -0.0000 train_imin: -25.1060 time: 2.2485s
INFO:root:Epoch: 0130 lr: 0.01 train_loss: 50828.7422 train_distortion: 2.2875 train_mapscore: 0.8782 train_c: -1.0085 train_max_dist: 25.6327 train_imax: -0.0000 train_imin: -23.8260 time: 2.2632s
INFO:root:Epoch: 0135 lr: 0.01 train_loss: 50581.0156 train_distortion: 2.3176 train_mapscore: 0.8796 train_c: -1.0086 train_max_dist: 25.9160 train_imax: -0.0000 train_imin: -23.1173 time: 2.2257s
INFO:root:Epoch: 0140 lr: 0.01 train_loss: 50363.3516 train_distortion: 2.3468 train_mapscore: 0.8820 train_c: -1.0086 train_max_dist: 26.2776 train_imax: -0.0000 train_imin: -22.8925 time: 2.2313s
INFO:root:Epoch: 0145 lr: 0.01 train_loss: 50164.1562 train_distortion: 2.3751 train_mapscore: 0.8830 train_c: -1.0087 train_max_dist: 26.5898 train_imax: -0.0000 train_imin: -22.8243 time: 2.2550s
INFO:root:Epoch: 0150 lr: 0.01 train_loss: 49996.1875 train_distortion: 2.4021 train_mapscore: 0.8848 train_c: -1.0088 train_max_dist: 26.9043 train_imax: -0.0000 train_imin: -22.7338 time: 2.2390s
INFO:root:Epoch: 0155 lr: 0.01 train_loss: 49836.1172 train_distortion: 2.4273 train_mapscore: 0.8864 train_c: -1.0089 train_max_dist: 27.1772 train_imax: -0.0000 train_imin: -22.4676 time: 2.2280s
INFO:root:Epoch: 0160 lr: 0.01 train_loss: 49699.6719 train_distortion: 2.4513 train_mapscore: 0.8885 train_c: -1.0089 train_max_dist: 27.4375 train_imax: -0.0000 train_imin: -22.2845 time: 2.2646s
INFO:root:Epoch: 0165 lr: 0.01 train_loss: 49553.2344 train_distortion: 2.4754 train_mapscore: 0.8894 train_c: -1.0090 train_max_dist: 27.6562 train_imax: -0.0000 train_imin: -22.1173 time: 2.2389s
INFO:root:Epoch: 0170 lr: 0.01 train_loss: 49436.7578 train_distortion: 2.4976 train_mapscore: 0.8909 train_c: -1.0091 train_max_dist: 27.8359 train_imax: -0.0000 train_imin: -22.2312 time: 2.2348s
INFO:root:Epoch: 0175 lr: 0.01 train_loss: 49327.8906 train_distortion: 2.5179 train_mapscore: 0.8920 train_c: -1.0092 train_max_dist: 28.0078 train_imax: -0.0000 train_imin: -22.3769 time: 2.2322s
INFO:root:Epoch: 0180 lr: 0.01 train_loss: 49228.4453 train_distortion: 2.5382 train_mapscore: 0.8923 train_c: -1.0092 train_max_dist: 28.1211 train_imax: -0.0000 train_imin: -22.3887 time: 2.2723s
INFO:root:Epoch: 0185 lr: 0.01 train_loss: 49145.1875 train_distortion: 2.5550 train_mapscore: 0.8930 train_c: -1.0093 train_max_dist: 28.2300 train_imax: -0.0000 train_imin: -22.5799 time: 2.2302s
INFO:root:Epoch: 0190 lr: 0.01 train_loss: 49035.4062 train_distortion: 2.5741 train_mapscore: 0.8943 train_c: -1.0094 train_max_dist: 28.3286 train_imax: -0.0000 train_imin: -22.5868 time: 2.2339s
INFO:root:Epoch: 0195 lr: 0.01 train_loss: 48946.8633 train_distortion: 2.5924 train_mapscore: 0.8952 train_c: -1.0095 train_max_dist: 28.4148 train_imax: -0.0000 train_imin: -22.7220 time: 2.2593s
INFO:root:Epoch: 0200 lr: 0.01 train_loss: 48861.1094 train_distortion: 2.6091 train_mapscore: 0.8952 train_c: -1.0095 train_max_dist: 28.5154 train_imax: -0.0000 train_imin: -22.8854 time: 2.2312s
INFO:root:Epoch: 0205 lr: 0.01 train_loss: 48799.4805 train_distortion: 2.6249 train_mapscore: 0.8958 train_c: -1.0096 train_max_dist: 28.6309 train_imax: -0.0000 train_imin: -22.8479 time: 2.2229s
INFO:root:Epoch: 0210 lr: 0.01 train_loss: 48748.4180 train_distortion: 2.6390 train_mapscore: 0.8963 train_c: -1.0097 train_max_dist: 28.7639 train_imax: -0.0000 train_imin: -22.9372 time: 2.2659s
INFO:root:Epoch: 0215 lr: 0.01 train_loss: 48726.4375 train_distortion: 2.6537 train_mapscore: 0.8969 train_c: -1.0097 train_max_dist: 28.9297 train_imax: -0.0000 train_imin: -22.9914 time: 2.2922s
INFO:root:Epoch: 0220 lr: 0.01 train_loss: 48608.5898 train_distortion: 2.6663 train_mapscore: 0.8972 train_c: -1.0098 train_max_dist: 29.0522 train_imax: -0.0000 train_imin: -23.0469 time: 2.2350s
INFO:root:Epoch: 0225 lr: 0.01 train_loss: 48538.4844 train_distortion: 2.6799 train_mapscore: 0.8974 train_c: -1.0099 train_max_dist: 29.1958 train_imax: -0.0000 train_imin: -23.3138 time: 2.2372s
INFO:root:Epoch: 0230 lr: 0.01 train_loss: 48474.5391 train_distortion: 2.6940 train_mapscore: 0.8982 train_c: -1.0099 train_max_dist: 29.3347 train_imax: -0.0000 train_imin: -23.2916 time: 2.2611s
INFO:root:Epoch: 0235 lr: 0.01 train_loss: 48443.6094 train_distortion: 2.7065 train_mapscore: 0.8989 train_c: -1.0100 train_max_dist: 29.4736 train_imax: -0.0000 train_imin: -23.5861 time: 2.2401s
INFO:root:Epoch: 0240 lr: 0.01 train_loss: 48400.0547 train_distortion: 2.7182 train_mapscore: 0.8988 train_c: -1.0101 train_max_dist: 29.5918 train_imax: -0.0000 train_imin: -23.2418 time: 2.2332s
INFO:root:Epoch: 0245 lr: 0.01 train_loss: 48349.6250 train_distortion: 2.7292 train_mapscore: 0.8999 train_c: -1.0102 train_max_dist: 29.7400 train_imax: -0.0000 train_imin: -23.4281 time: 2.3041s
INFO:root:Epoch: 0250 lr: 0.01 train_loss: 48316.4180 train_distortion: 2.7406 train_mapscore: 0.9003 train_c: -1.0102 train_max_dist: 29.8662 train_imax: -0.0000 train_imin: -23.5486 time: 2.2884s
INFO:root:Epoch: 0255 lr: 0.01 train_loss: 48239.9141 train_distortion: 2.7522 train_mapscore: 0.9003 train_c: -1.0103 train_max_dist: 30.0127 train_imax: -0.0000 train_imin: -23.5838 time: 2.2257s
INFO:root:Epoch: 0260 lr: 0.01 train_loss: 48187.0859 train_distortion: 2.7621 train_mapscore: 0.9006 train_c: -1.0104 train_max_dist: 30.1357 train_imax: -0.0000 train_imin: -23.7922 time: 2.2299s
INFO:root:Epoch: 0265 lr: 0.01 train_loss: 48143.3828 train_distortion: 2.7734 train_mapscore: 0.9009 train_c: -1.0104 train_max_dist: 30.2466 train_imax: -0.0000 train_imin: -23.9558 time: 2.2609s
INFO:root:Epoch: 0270 lr: 0.01 train_loss: 48133.1562 train_distortion: 2.7841 train_mapscore: 0.9011 train_c: -1.0105 train_max_dist: 30.3462 train_imax: -0.0000 train_imin: -23.6618 time: 2.2277s
INFO:root:Epoch: 0275 lr: 0.01 train_loss: 48102.0156 train_distortion: 2.7925 train_mapscore: 0.9017 train_c: -1.0106 train_max_dist: 30.4165 train_imax: -0.0000 train_imin: -24.0301 time: 2.2220s
INFO:root:Epoch: 0280 lr: 0.01 train_loss: 48048.8555 train_distortion: 2.8009 train_mapscore: 0.9021 train_c: -1.0107 train_max_dist: 30.4858 train_imax: -0.0000 train_imin: -23.9819 time: 2.3042s
INFO:root:Epoch: 0285 lr: 0.01 train_loss: 48031.3828 train_distortion: 2.8105 train_mapscore: 0.9024 train_c: -1.0107 train_max_dist: 30.5474 train_imax: -0.0000 train_imin: -23.9397 time: 2.2531s
INFO:root:Epoch: 0290 lr: 0.01 train_loss: 47958.5156 train_distortion: 2.8196 train_mapscore: 0.9021 train_c: -1.0108 train_max_dist: 30.6172 train_imax: -0.0000 train_imin: -23.9176 time: 2.2461s
INFO:root:Epoch: 0295 lr: 0.01 train_loss: 47920.3125 train_distortion: 2.8291 train_mapscore: 0.9020 train_c: -1.0109 train_max_dist: 30.6660 train_imax: -0.0000 train_imin: -23.8404 time: 2.2299s
INFO:root:Epoch: 0300 lr: 0.01 train_loss: 47890.4609 train_distortion: 2.8382 train_mapscore: 0.9028 train_c: -1.0110 train_max_dist: 30.7202 train_imax: -0.0000 train_imin: -24.0093 time: 2.2653s
INFO:root:Epoch: 0305 lr: 0.01 train_loss: 47885.2422 train_distortion: 2.8477 train_mapscore: 0.9028 train_c: -1.0110 train_max_dist: 30.7695 train_imax: -0.0000 train_imin: -23.8120 time: 2.2218s
INFO:root:Epoch: 0310 lr: 0.01 train_loss: 47850.3906 train_distortion: 2.8550 train_mapscore: 0.9031 train_c: -1.0111 train_max_dist: 30.8242 train_imax: -0.0000 train_imin: -23.4803 time: 2.2336s
INFO:root:Epoch: 0315 lr: 0.01 train_loss: 47817.6875 train_distortion: 2.8625 train_mapscore: 0.9038 train_c: -1.0112 train_max_dist: 30.8945 train_imax: -0.0000 train_imin: -23.5396 time: 2.2567s
INFO:root:Epoch: 0320 lr: 0.01 train_loss: 47785.7812 train_distortion: 2.8709 train_mapscore: 0.9035 train_c: -1.0113 train_max_dist: 30.9697 train_imax: -0.0000 train_imin: -23.2042 time: 2.2173s
INFO:root:Epoch: 0325 lr: 0.01 train_loss: 47773.0156 train_distortion: 2.8788 train_mapscore: 0.9042 train_c: -1.0113 train_max_dist: 31.0190 train_imax: -0.0000 train_imin: -23.5237 time: 2.2299s
INFO:root:Epoch: 0330 lr: 0.01 train_loss: 47716.9258 train_distortion: 2.8870 train_mapscore: 0.9041 train_c: -1.0114 train_max_dist: 31.0654 train_imax: -0.0000 train_imin: -23.4078 time: 2.2518s
INFO:root:Epoch: 0335 lr: 0.01 train_loss: 47696.0195 train_distortion: 2.8946 train_mapscore: 0.9039 train_c: -1.0115 train_max_dist: 31.1230 train_imax: -0.0000 train_imin: -23.3235 time: 2.2777s
INFO:root:Epoch: 0340 lr: 0.01 train_loss: 47672.1992 train_distortion: 2.9034 train_mapscore: 0.9044 train_c: -1.0116 train_max_dist: 31.1777 train_imax: -0.0000 train_imin: -23.3075 time: 2.2353s
INFO:root:Epoch: 0345 lr: 0.01 train_loss: 47658.1562 train_distortion: 2.9097 train_mapscore: 0.9048 train_c: -1.0116 train_max_dist: 31.2227 train_imax: -0.0000 train_imin: -23.5060 time: 2.2230s
INFO:root:Epoch: 0350 lr: 0.01 train_loss: 47632.4141 train_distortion: 2.9165 train_mapscore: 0.9046 train_c: -1.0117 train_max_dist: 31.2676 train_imax: -0.0000 train_imin: -23.4036 time: 2.2526s
INFO:root:Epoch: 0355 lr: 0.01 train_loss: 47613.4062 train_distortion: 2.9242 train_mapscore: 0.9050 train_c: -1.0118 train_max_dist: 31.3281 train_imax: -0.0000 train_imin: -23.2554 time: 2.2244s
INFO:root:Epoch: 0360 lr: 0.01 train_loss: 47581.5742 train_distortion: 2.9306 train_mapscore: 0.9047 train_c: -1.0119 train_max_dist: 31.3721 train_imax: -0.0000 train_imin: -23.2265 time: 2.2125s
INFO:root:Epoch: 0365 lr: 0.01 train_loss: 47560.7695 train_distortion: 2.9385 train_mapscore: 0.9051 train_c: -1.0119 train_max_dist: 31.3984 train_imax: -0.0000 train_imin: -23.1010 time: 2.2593s
INFO:root:Epoch: 0370 lr: 0.01 train_loss: 47560.9805 train_distortion: 2.9440 train_mapscore: 0.9048 train_c: -1.0120 train_max_dist: 31.4463 train_imax: -0.0000 train_imin: -23.1616 time: 2.2283s
INFO:root:Epoch: 0375 lr: 0.01 train_loss: 47536.7812 train_distortion: 2.9496 train_mapscore: 0.9053 train_c: -1.0121 train_max_dist: 31.4873 train_imax: -0.0000 train_imin: -22.9325 time: 2.2173s
INFO:root:Epoch: 0380 lr: 0.01 train_loss: 47498.1992 train_distortion: 2.9553 train_mapscore: 0.9053 train_c: -1.0122 train_max_dist: 31.5244 train_imax: -0.0000 train_imin: -23.0232 time: 2.2163s
INFO:root:Epoch: 0385 lr: 0.01 train_loss: 47474.1172 train_distortion: 2.9628 train_mapscore: 0.9059 train_c: -1.0123 train_max_dist: 31.5654 train_imax: -0.0000 train_imin: -22.8197 time: 2.2581s
INFO:root:Epoch: 0390 lr: 0.01 train_loss: 47476.9141 train_distortion: 2.9687 train_mapscore: 0.9057 train_c: -1.0123 train_max_dist: 31.5957 train_imax: -0.0000 train_imin: -22.9403 time: 2.2190s
INFO:root:Epoch: 0395 lr: 0.01 train_loss: 47454.4531 train_distortion: 2.9743 train_mapscore: 0.9057 train_c: -1.0124 train_max_dist: 31.6533 train_imax: -0.0000 train_imin: -22.5295 time: 2.2191s
INFO:root:Epoch: 0400 lr: 0.01 train_loss: 47441.6016 train_distortion: 2.9796 train_mapscore: 0.9051 train_c: -1.0125 train_max_dist: 31.6963 train_imax: -0.0000 train_imin: -22.5838 time: 2.2442s
INFO:root:Epoch: 0405 lr: 0.01 train_loss: 47431.0234 train_distortion: 2.9852 train_mapscore: 0.9051 train_c: -1.0126 train_max_dist: 31.7354 train_imax: -0.0000 train_imin: -22.6310 time: 2.2123s
INFO:root:Epoch: 0410 lr: 0.01 train_loss: 47394.0312 train_distortion: 2.9895 train_mapscore: 0.9061 train_c: -1.0126 train_max_dist: 31.7676 train_imax: -0.0000 train_imin: -22.7303 time: 2.2114s
INFO:root:Epoch: 0415 lr: 0.01 train_loss: 47371.9648 train_distortion: 2.9961 train_mapscore: 0.9059 train_c: -1.0127 train_max_dist: 31.8008 train_imax: -0.0000 train_imin: -22.6077 time: 2.2315s
INFO:root:Epoch: 0420 lr: 0.01 train_loss: 47360.1094 train_distortion: 3.0021 train_mapscore: 0.9053 train_c: -1.0128 train_max_dist: 31.8340 train_imax: -0.0000 train_imin: -22.7101 time: 2.2454s
INFO:root:Epoch: 0425 lr: 0.01 train_loss: 47362.3125 train_distortion: 3.0071 train_mapscore: 0.9061 train_c: -1.0129 train_max_dist: 31.8750 train_imax: -0.0000 train_imin: -22.4840 time: 2.2166s
INFO:root:Epoch: 0430 lr: 0.01 train_loss: 47355.6719 train_distortion: 3.0118 train_mapscore: 0.9064 train_c: -1.0130 train_max_dist: 31.9141 train_imax: -0.0000 train_imin: -22.7285 time: 2.2220s
INFO:root:Epoch: 0435 lr: 0.01 train_loss: 47351.2344 train_distortion: 3.0170 train_mapscore: 0.9060 train_c: -1.0131 train_max_dist: 31.9565 train_imax: -0.0000 train_imin: -22.6241 time: 2.2583s
INFO:root:Epoch: 0440 lr: 0.01 train_loss: 47318.7266 train_distortion: 3.0197 train_mapscore: 0.9067 train_c: -1.0131 train_max_dist: 31.9971 train_imax: -0.0000 train_imin: -22.3666 time: 2.2196s
INFO:root:Epoch: 0445 lr: 0.01 train_loss: 47319.2305 train_distortion: 3.0251 train_mapscore: 0.9061 train_c: -1.0132 train_max_dist: 32.0508 train_imax: -0.0000 train_imin: -22.1803 time: 2.2135s
INFO:root:Epoch: 0450 lr: 0.01 train_loss: 47295.9688 train_distortion: 3.0286 train_mapscore: 0.9060 train_c: -1.0133 train_max_dist: 32.0771 train_imax: -0.0000 train_imin: -22.4207 time: 2.2486s
INFO:root:Epoch: 0455 lr: 0.01 train_loss: 47300.9922 train_distortion: 3.0356 train_mapscore: 0.9062 train_c: -1.0134 train_max_dist: 32.1323 train_imax: -0.0000 train_imin: -22.2091 time: 2.2463s
INFO:root:Epoch: 0460 lr: 0.01 train_loss: 47250.3320 train_distortion: 3.0392 train_mapscore: 0.9065 train_c: -1.0135 train_max_dist: 32.2012 train_imax: -0.0000 train_imin: -22.1980 time: 2.2394s
INFO:root:Epoch: 0465 lr: 0.01 train_loss: 47241.3789 train_distortion: 3.0440 train_mapscore: 0.9062 train_c: -1.0135 train_max_dist: 32.2305 train_imax: -0.0000 train_imin: -22.3790 time: 2.2160s
INFO:root:Epoch: 0470 lr: 0.01 train_loss: 47232.2305 train_distortion: 3.0503 train_mapscore: 0.9068 train_c: -1.0136 train_max_dist: 32.3022 train_imax: -0.0000 train_imin: -22.2492 time: 2.2521s
INFO:root:Epoch: 0475 lr: 0.01 train_loss: 47232.9961 train_distortion: 3.0537 train_mapscore: 0.9067 train_c: -1.0137 train_max_dist: 32.3735 train_imax: -0.0000 train_imin: -22.3570 time: 2.2130s
INFO:root:Epoch: 0480 lr: 0.01 train_loss: 47218.5781 train_distortion: 3.0573 train_mapscore: 0.9067 train_c: -1.0138 train_max_dist: 32.4370 train_imax: -0.0000 train_imin: -22.1430 time: 2.2108s
INFO:root:Epoch: 0485 lr: 0.01 train_loss: 47220.8672 train_distortion: 3.0626 train_mapscore: 0.9073 train_c: -1.0139 train_max_dist: 32.5156 train_imax: -0.0000 train_imin: -22.0409 time: 2.2411s
INFO:root:Epoch: 0490 lr: 0.01 train_loss: 47222.7383 train_distortion: 3.0648 train_mapscore: 0.9073 train_c: -1.0140 train_max_dist: 32.5791 train_imax: -0.0000 train_imin: -22.2025 time: 2.2109s
INFO:root:Epoch: 0495 lr: 0.01 train_loss: 47186.1875 train_distortion: 3.0691 train_mapscore: 0.9074 train_c: -1.0141 train_max_dist: 32.6567 train_imax: -0.0000 train_imin: -22.1587 time: 2.2231s
INFO:root:Epoch: 0500 lr: 0.01 train_loss: 47168.2734 train_distortion: 3.0736 train_mapscore: 0.9071 train_c: -1.0141 train_max_dist: 32.7549 train_imax: -0.0000 train_imin: -22.0249 time: 2.2204s
INFO:root:Epoch: 0505 lr: 0.01 train_loss: 47177.1758 train_distortion: 3.0775 train_mapscore: 0.9065 train_c: -1.0142 train_max_dist: 32.8525 train_imax: -0.0000 train_imin: -22.1219 time: 2.2483s
INFO:root:Epoch: 0510 lr: 0.01 train_loss: 47179.5898 train_distortion: 3.0819 train_mapscore: 0.9073 train_c: -1.0143 train_max_dist: 32.9326 train_imax: -0.0000 train_imin: -21.8470 time: 2.2151s
INFO:root:Epoch: 0515 lr: 0.01 train_loss: 47148.3828 train_distortion: 3.0842 train_mapscore: 0.9071 train_c: -1.0144 train_max_dist: 33.0117 train_imax: -0.0000 train_imin: -22.0666 time: 2.2268s
INFO:root:Epoch: 0520 lr: 0.01 train_loss: 47139.2266 train_distortion: 3.0897 train_mapscore: 0.9069 train_c: -1.0145 train_max_dist: 33.0879 train_imax: -0.0000 train_imin: -22.0447 time: 2.2523s
INFO:root:Epoch: 0525 lr: 0.01 train_loss: 47128.8125 train_distortion: 3.0928 train_mapscore: 0.9076 train_c: -1.0146 train_max_dist: 33.1660 train_imax: -0.0000 train_imin: -21.9983 time: 2.2149s
INFO:root:Epoch: 0530 lr: 0.01 train_loss: 47120.3750 train_distortion: 3.0967 train_mapscore: 0.9071 train_c: -1.0147 train_max_dist: 33.2500 train_imax: -0.0000 train_imin: -22.0512 time: 2.2227s
INFO:root:Epoch: 0535 lr: 0.01 train_loss: 47110.5938 train_distortion: 3.1013 train_mapscore: 0.9069 train_c: -1.0147 train_max_dist: 33.3252 train_imax: -0.0000 train_imin: -21.8250 time: 2.2527s
INFO:root:Epoch: 0540 lr: 0.01 train_loss: 47108.9297 train_distortion: 3.1051 train_mapscore: 0.9070 train_c: -1.0148 train_max_dist: 33.4111 train_imax: -0.0000 train_imin: -21.6609 time: 2.2482s
INFO:root:Epoch: 0545 lr: 0.01 train_loss: 47110.3828 train_distortion: 3.1079 train_mapscore: 0.9070 train_c: -1.0149 train_max_dist: 33.4805 train_imax: -0.0000 train_imin: -21.8339 time: 2.2180s
INFO:root:Epoch: 0550 lr: 0.01 train_loss: 47111.0859 train_distortion: 3.1111 train_mapscore: 0.9068 train_c: -1.0150 train_max_dist: 33.5625 train_imax: -0.0000 train_imin: -21.6859 time: 2.2110s
INFO:root:Epoch: 0555 lr: 0.01 train_loss: 47101.8906 train_distortion: 3.1130 train_mapscore: 0.9071 train_c: -1.0151 train_max_dist: 33.6348 train_imax: -0.0000 train_imin: -21.8942 time: 2.2563s
INFO:root:Epoch: 0560 lr: 0.01 train_loss: 47085.1133 train_distortion: 3.1170 train_mapscore: 0.9069 train_c: -1.0152 train_max_dist: 33.7002 train_imax: -0.0000 train_imin: -21.8155 time: 2.2228s
INFO:root:Epoch: 0565 lr: 0.01 train_loss: 47070.1836 train_distortion: 3.1204 train_mapscore: 0.9069 train_c: -1.0153 train_max_dist: 33.7520 train_imax: -0.0000 train_imin: -21.6596 time: 2.2338s
INFO:root:Epoch: 0570 lr: 0.01 train_loss: 47057.2539 train_distortion: 3.1240 train_mapscore: 0.9074 train_c: -1.0154 train_max_dist: 33.8262 train_imax: -0.0000 train_imin: -21.7306 time: 2.2533s
INFO:root:Epoch: 0575 lr: 0.01 train_loss: 47038.0625 train_distortion: 3.1285 train_mapscore: 0.9071 train_c: -1.0155 train_max_dist: 33.8945 train_imax: -0.0000 train_imin: -21.6794 time: 2.2188s
INFO:root:Epoch: 0580 lr: 0.01 train_loss: 47031.8516 train_distortion: 3.1322 train_mapscore: 0.9075 train_c: -1.0156 train_max_dist: 33.9678 train_imax: -0.0000 train_imin: -21.6452 time: 2.2251s
INFO:root:Epoch: 0585 lr: 0.01 train_loss: 47041.6953 train_distortion: 3.1355 train_mapscore: 0.9068 train_c: -1.0156 train_max_dist: 34.0312 train_imax: -0.0000 train_imin: -21.7591 time: 2.2211s
INFO:root:Epoch: 0590 lr: 0.01 train_loss: 47055.7266 train_distortion: 3.1383 train_mapscore: 0.9074 train_c: -1.0157 train_max_dist: 34.1064 train_imax: -0.0000 train_imin: -21.4440 time: 2.2400s
INFO:root:Epoch: 0595 lr: 0.01 train_loss: 47064.7852 train_distortion: 3.1394 train_mapscore: 0.9067 train_c: -1.0158 train_max_dist: 34.1445 train_imax: -0.0000 train_imin: -21.8475 time: 2.2240s
INFO:root:Epoch: 0600 lr: 0.01 train_loss: 47019.0508 train_distortion: 3.1421 train_mapscore: 0.9073 train_c: -1.0159 train_max_dist: 34.2109 train_imax: -0.0000 train_imin: -21.5886 time: 2.2180s
INFO:root:Epoch: 0605 lr: 0.01 train_loss: 47011.3555 train_distortion: 3.1455 train_mapscore: 0.9072 train_c: -1.0160 train_max_dist: 34.2617 train_imax: -0.0000 train_imin: -21.5607 time: 2.2477s
INFO:root:Epoch: 0610 lr: 0.01 train_loss: 46991.0391 train_distortion: 3.1495 train_mapscore: 0.9078 train_c: -1.0161 train_max_dist: 34.3301 train_imax: -0.0000 train_imin: -21.6231 time: 2.2181s
INFO:root:Epoch: 0615 lr: 0.01 train_loss: 46984.8633 train_distortion: 3.1550 train_mapscore: 0.9074 train_c: -1.0162 train_max_dist: 34.3779 train_imax: -0.0000 train_imin: -21.6776 time: 2.2131s
INFO:root:Epoch: 0620 lr: 0.01 train_loss: 46997.4023 train_distortion: 3.1569 train_mapscore: 0.9076 train_c: -1.0163 train_max_dist: 34.4346 train_imax: -0.0000 train_imin: -21.5762 time: 2.2175s
INFO:root:Epoch: 0625 lr: 0.01 train_loss: 47028.7031 train_distortion: 3.1596 train_mapscore: 0.9073 train_c: -1.0164 train_max_dist: 34.4814 train_imax: -0.0000 train_imin: -21.4125 time: 2.2542s
INFO:root:Epoch: 0630 lr: 0.01 train_loss: 47000.4844 train_distortion: 3.1601 train_mapscore: 0.9078 train_c: -1.0165 train_max_dist: 34.5195 train_imax: -0.0000 train_imin: -21.4414 time: 2.2195s
INFO:root:Epoch: 0635 lr: 0.01 train_loss: 46982.2148 train_distortion: 3.1632 train_mapscore: 0.9070 train_c: -1.0166 train_max_dist: 34.5732 train_imax: -0.0000 train_imin: -21.4112 time: 2.2313s
INFO:root:Epoch: 0640 lr: 0.01 train_loss: 46969.2812 train_distortion: 3.1679 train_mapscore: 0.9075 train_c: -1.0167 train_max_dist: 34.6309 train_imax: -0.0000 train_imin: -21.3295 time: 2.2482s
INFO:root:Epoch: 0645 lr: 0.01 train_loss: 46961.5352 train_distortion: 3.1696 train_mapscore: 0.9076 train_c: -1.0168 train_max_dist: 34.6885 train_imax: -0.0000 train_imin: -21.4822 time: 2.2245s
INFO:root:Epoch: 0650 lr: 0.01 train_loss: 46946.7227 train_distortion: 3.1742 train_mapscore: 0.9080 train_c: -1.0169 train_max_dist: 34.7305 train_imax: -0.0000 train_imin: -21.3482 time: 2.2122s
INFO:root:Epoch: 0655 lr: 0.01 train_loss: 46948.0547 train_distortion: 3.1773 train_mapscore: 0.9079 train_c: -1.0169 train_max_dist: 34.7812 train_imax: -0.0000 train_imin: -21.2933 time: 2.2503s
INFO:root:Epoch: 0660 lr: 0.01 train_loss: 46955.7500 train_distortion: 3.1796 train_mapscore: 0.9073 train_c: -1.0170 train_max_dist: 34.8184 train_imax: -0.0000 train_imin: -21.3673 time: 2.2506s
INFO:root:Epoch: 0665 lr: 0.01 train_loss: 46948.9805 train_distortion: 3.1813 train_mapscore: 0.9079 train_c: -1.0171 train_max_dist: 34.8574 train_imax: -0.0000 train_imin: -21.1380 time: 2.2215s
INFO:root:Epoch: 0670 lr: 0.01 train_loss: 46963.0156 train_distortion: 3.1845 train_mapscore: 0.9078 train_c: -1.0172 train_max_dist: 34.8750 train_imax: -0.0000 train_imin: -21.1608 time: 2.2146s
INFO:root:Epoch: 0675 lr: 0.01 train_loss: 46954.9609 train_distortion: 3.1854 train_mapscore: 0.9076 train_c: -1.0173 train_max_dist: 34.8994 train_imax: -0.0000 train_imin: -21.1978 time: 2.2429s
INFO:root:Epoch: 0680 lr: 0.01 train_loss: 46927.4922 train_distortion: 3.1887 train_mapscore: 0.9081 train_c: -1.0174 train_max_dist: 34.9600 train_imax: -0.0000 train_imin: -20.9247 time: 2.2118s
INFO:root:Epoch: 0685 lr: 0.01 train_loss: 46912.5000 train_distortion: 3.1918 train_mapscore: 0.9076 train_c: -1.0175 train_max_dist: 35.0010 train_imax: -0.0000 train_imin: -20.8960 time: 2.2281s
INFO:root:Epoch: 0690 lr: 0.01 train_loss: 46915.7109 train_distortion: 3.1957 train_mapscore: 0.9084 train_c: -1.0176 train_max_dist: 35.0586 train_imax: -0.0000 train_imin: -20.9173 time: 2.2548s
INFO:root:Epoch: 0695 lr: 0.01 train_loss: 46899.4766 train_distortion: 3.1989 train_mapscore: 0.9077 train_c: -1.0177 train_max_dist: 35.1025 train_imax: -0.0000 train_imin: -21.1568 time: 2.2164s
INFO:root:Epoch: 0700 lr: 0.01 train_loss: 46911.5078 train_distortion: 3.2016 train_mapscore: 0.9077 train_c: -1.0178 train_max_dist: 35.1523 train_imax: -0.0000 train_imin: -20.8842 time: 2.2115s
INFO:root:Epoch: 0705 lr: 0.01 train_loss: 46920.5078 train_distortion: 3.2026 train_mapscore: 0.9082 train_c: -1.0179 train_max_dist: 35.1836 train_imax: -0.0000 train_imin: -20.9499 time: 2.2230s
INFO:root:Epoch: 0710 lr: 0.01 train_loss: 46911.7891 train_distortion: 3.2052 train_mapscore: 0.9076 train_c: -1.0180 train_max_dist: 35.2373 train_imax: -0.0000 train_imin: -20.7966 time: 2.3765s
INFO:root:Epoch: 0715 lr: 0.01 train_loss: 46900.2188 train_distortion: 3.2069 train_mapscore: 0.9073 train_c: -1.0181 train_max_dist: 35.2656 train_imax: -0.0000 train_imin: -20.6826 time: 2.2226s
INFO:root:Epoch: 0720 lr: 0.01 train_loss: 46889.5469 train_distortion: 3.2095 train_mapscore: 0.9076 train_c: -1.0182 train_max_dist: 35.3096 train_imax: -0.0000 train_imin: -20.5067 time: 2.2160s
INFO:root:Epoch: 0725 lr: 0.01 train_loss: 46903.3672 train_distortion: 3.2125 train_mapscore: 0.9082 train_c: -1.0183 train_max_dist: 35.3408 train_imax: -0.0000 train_imin: -20.8089 time: 2.2542s
INFO:root:Epoch: 0730 lr: 0.01 train_loss: 46884.6562 train_distortion: 3.2151 train_mapscore: 0.9079 train_c: -1.0184 train_max_dist: 35.3779 train_imax: -0.0000 train_imin: -20.7582 time: 2.2236s
INFO:root:Epoch: 0735 lr: 0.01 train_loss: 46875.0586 train_distortion: 3.2166 train_mapscore: 0.9079 train_c: -1.0185 train_max_dist: 35.3965 train_imax: -0.0000 train_imin: -20.5218 time: 2.2227s
INFO:root:Epoch: 0740 lr: 0.01 train_loss: 46865.3555 train_distortion: 3.2195 train_mapscore: 0.9080 train_c: -1.0186 train_max_dist: 35.4268 train_imax: -0.0000 train_imin: -20.4953 time: 2.3019s
INFO:root:Epoch: 0745 lr: 0.01 train_loss: 46861.1719 train_distortion: 3.2221 train_mapscore: 0.9079 train_c: -1.0187 train_max_dist: 35.4600 train_imax: -0.0000 train_imin: -20.6818 time: 2.2497s
INFO:root:Epoch: 0750 lr: 0.01 train_loss: 46855.5195 train_distortion: 3.2241 train_mapscore: 0.9081 train_c: -1.0188 train_max_dist: 35.5059 train_imax: -0.0000 train_imin: -20.2572 time: 2.2182s
INFO:root:Epoch: 0755 lr: 0.01 train_loss: 46852.3672 train_distortion: 3.2277 train_mapscore: 0.9083 train_c: -1.0189 train_max_dist: 35.5244 train_imax: -0.0000 train_imin: -20.2722 time: 2.2208s
INFO:root:Epoch: 0760 lr: 0.01 train_loss: 46891.6562 train_distortion: 3.2287 train_mapscore: 0.9074 train_c: -1.0190 train_max_dist: 35.5664 train_imax: -0.0000 train_imin: -20.5083 time: 2.2433s
INFO:root:Epoch: 0765 lr: 0.01 train_loss: 46864.9922 train_distortion: 3.2305 train_mapscore: 0.9086 train_c: -1.0191 train_max_dist: 35.5850 train_imax: -0.0000 train_imin: -20.3614 time: 2.2205s
INFO:root:Epoch: 0770 lr: 0.01 train_loss: 46868.6055 train_distortion: 3.2312 train_mapscore: 0.9086 train_c: -1.0192 train_max_dist: 35.6162 train_imax: -0.0000 train_imin: -20.0736 time: 2.2200s
INFO:root:Epoch: 0775 lr: 0.01 train_loss: 46860.7969 train_distortion: 3.2348 train_mapscore: 0.9082 train_c: -1.0193 train_max_dist: 35.6787 train_imax: -0.0000 train_imin: -20.0047 time: 2.2641s
INFO:root:Epoch: 0780 lr: 0.01 train_loss: 46826.0273 train_distortion: 3.2357 train_mapscore: 0.9087 train_c: -1.0194 train_max_dist: 35.7295 train_imax: -0.0000 train_imin: -20.0203 time: 2.2222s
INFO:root:Epoch: 0785 lr: 0.01 train_loss: 46816.3320 train_distortion: 3.2394 train_mapscore: 0.9084 train_c: -1.0195 train_max_dist: 35.7783 train_imax: -0.0000 train_imin: -20.2133 time: 2.2166s
INFO:root:Epoch: 0790 lr: 0.01 train_loss: 46812.8438 train_distortion: 3.2432 train_mapscore: 0.9085 train_c: -1.0196 train_max_dist: 35.8555 train_imax: -0.0000 train_imin: -20.1023 time: 2.2124s
INFO:root:Epoch: 0795 lr: 0.01 train_loss: 46829.3516 train_distortion: 3.2444 train_mapscore: 0.9081 train_c: -1.0197 train_max_dist: 35.9053 train_imax: -0.0000 train_imin: -20.0069 time: 2.2484s
INFO:root:Epoch: 0800 lr: 0.01 train_loss: 46848.9453 train_distortion: 3.2469 train_mapscore: 0.9084 train_c: -1.0198 train_max_dist: 35.9863 train_imax: -0.0000 train_imin: -19.9978 time: 2.2192s
INFO:root:Epoch: 0805 lr: 0.01 train_loss: 46825.4844 train_distortion: 3.2470 train_mapscore: 0.9087 train_c: -1.0199 train_max_dist: 36.0195 train_imax: -0.0000 train_imin: -19.7940 time: 2.2207s
INFO:root:Epoch: 0810 lr: 0.01 train_loss: 46837.7266 train_distortion: 3.2488 train_mapscore: 0.9085 train_c: -1.0200 train_max_dist: 36.0781 train_imax: -0.0000 train_imin: -19.9319 time: 2.2566s
INFO:root:Epoch: 0815 lr: 0.01 train_loss: 46812.4922 train_distortion: 3.2515 train_mapscore: 0.9089 train_c: -1.0201 train_max_dist: 36.1230 train_imax: -0.0000 train_imin: -19.6679 time: 2.2235s
INFO:root:Epoch: 0820 lr: 0.01 train_loss: 46794.1680 train_distortion: 3.2536 train_mapscore: 0.9085 train_c: -1.0203 train_max_dist: 36.1768 train_imax: -0.0000 train_imin: -19.9390 time: 2.2162s
INFO:root:Epoch: 0825 lr: 0.01 train_loss: 46791.1172 train_distortion: 3.2571 train_mapscore: 0.9082 train_c: -1.0204 train_max_dist: 36.2451 train_imax: -0.0000 train_imin: -19.9724 time: 2.2123s
INFO:root:Epoch: 0830 lr: 0.01 train_loss: 46807.1719 train_distortion: 3.2576 train_mapscore: 0.9085 train_c: -1.0205 train_max_dist: 36.2930 train_imax: -0.0000 train_imin: -20.0319 time: 2.2471s
INFO:root:Epoch: 0835 lr: 0.01 train_loss: 46830.7109 train_distortion: 3.2608 train_mapscore: 0.9086 train_c: -1.0206 train_max_dist: 36.3564 train_imax: -0.0000 train_imin: -19.3517 time: 2.2325s
INFO:root:Epoch: 0840 lr: 0.01 train_loss: 46780.8867 train_distortion: 3.2597 train_mapscore: 0.9085 train_c: -1.0207 train_max_dist: 36.3975 train_imax: -0.0000 train_imin: -19.7643 time: 2.2205s
INFO:root:Epoch: 0845 lr: 0.01 train_loss: 46783.2891 train_distortion: 3.2640 train_mapscore: 0.9090 train_c: -1.0208 train_max_dist: 36.4443 train_imax: -0.0000 train_imin: -19.8301 time: 2.2486s
INFO:root:Epoch: 0850 lr: 0.01 train_loss: 46772.2188 train_distortion: 3.2672 train_mapscore: 0.9086 train_c: -1.0209 train_max_dist: 36.5156 train_imax: -0.0000 train_imin: -19.8497 time: 2.2145s
INFO:root:Epoch: 0855 lr: 0.01 train_loss: 46784.0859 train_distortion: 3.2685 train_mapscore: 0.9083 train_c: -1.0210 train_max_dist: 36.5723 train_imax: -0.0000 train_imin: -19.7238 time: 2.2134s
INFO:root:Epoch: 0860 lr: 0.01 train_loss: 46776.9141 train_distortion: 3.2693 train_mapscore: 0.9089 train_c: -1.0211 train_max_dist: 36.6230 train_imax: -0.0000 train_imin: -19.5982 time: 2.2550s
INFO:root:Epoch: 0865 lr: 0.01 train_loss: 46808.0352 train_distortion: 3.2728 train_mapscore: 0.9089 train_c: -1.0212 train_max_dist: 36.6787 train_imax: -0.0000 train_imin: -19.6288 time: 2.2504s
INFO:root:Epoch: 0870 lr: 0.01 train_loss: 46791.8828 train_distortion: 3.2716 train_mapscore: 0.9088 train_c: -1.0213 train_max_dist: 36.7500 train_imax: -0.0000 train_imin: -19.6654 time: 2.2117s
INFO:root:Epoch: 0875 lr: 0.01 train_loss: 46759.5664 train_distortion: 3.2734 train_mapscore: 0.9088 train_c: -1.0214 train_max_dist: 36.8125 train_imax: -0.0000 train_imin: -19.6889 time: 2.2101s
INFO:root:Epoch: 0880 lr: 0.01 train_loss: 46751.6094 train_distortion: 3.2765 train_mapscore: 0.9089 train_c: -1.0215 train_max_dist: 36.8506 train_imax: -0.0000 train_imin: -19.3440 time: 2.2712s
INFO:root:Epoch: 0885 lr: 0.01 train_loss: 46746.1133 train_distortion: 3.2801 train_mapscore: 0.9089 train_c: -1.0216 train_max_dist: 36.9082 train_imax: -0.0000 train_imin: -19.5181 time: 2.2217s
INFO:root:Epoch: 0890 lr: 0.01 train_loss: 46743.7812 train_distortion: 3.2814 train_mapscore: 0.9087 train_c: -1.0218 train_max_dist: 36.9668 train_imax: -0.0000 train_imin: -19.4955 time: 2.2153s
INFO:root:Epoch: 0895 lr: 0.01 train_loss: 46762.0000 train_distortion: 3.2838 train_mapscore: 0.9090 train_c: -1.0219 train_max_dist: 37.0488 train_imax: -0.0000 train_imin: -19.6360 time: 2.2431s
INFO:root:Epoch: 0900 lr: 0.01 train_loss: 46775.2305 train_distortion: 3.2833 train_mapscore: 0.9087 train_c: -1.0220 train_max_dist: 37.0957 train_imax: -0.0000 train_imin: -19.2041 time: 2.2090s
INFO:root:Epoch: 0905 lr: 0.01 train_loss: 46744.3242 train_distortion: 3.2847 train_mapscore: 0.9088 train_c: -1.0221 train_max_dist: 37.1299 train_imax: -0.0000 train_imin: -19.2288 time: 2.2073s
INFO:root:Epoch: 0910 lr: 0.01 train_loss: 46746.7539 train_distortion: 3.2877 train_mapscore: 0.9087 train_c: -1.0222 train_max_dist: 37.1963 train_imax: -0.0000 train_imin: -19.4517 time: 2.2203s
INFO:root:Epoch: 0915 lr: 0.01 train_loss: 46740.2266 train_distortion: 3.2887 train_mapscore: 0.9085 train_c: -1.0223 train_max_dist: 37.2324 train_imax: -0.0000 train_imin: -19.3816 time: 2.2656s
INFO:root:Epoch: 0920 lr: 0.01 train_loss: 46732.6328 train_distortion: 3.2915 train_mapscore: 0.9087 train_c: -1.0224 train_max_dist: 37.2988 train_imax: -0.0000 train_imin: -19.0504 time: 2.2135s
INFO:root:Epoch: 0925 lr: 0.01 train_loss: 46750.3281 train_distortion: 3.2929 train_mapscore: 0.9086 train_c: -1.0225 train_max_dist: 37.3389 train_imax: -0.0000 train_imin: -19.6207 time: 2.2153s
INFO:root:Epoch: 0930 lr: 0.01 train_loss: 46734.6836 train_distortion: 3.2941 train_mapscore: 0.9087 train_c: -1.0226 train_max_dist: 37.4121 train_imax: -0.0000 train_imin: -18.9967 time: 2.2491s
INFO:root:Epoch: 0935 lr: 0.01 train_loss: 46725.9297 train_distortion: 3.2953 train_mapscore: 0.9087 train_c: -1.0228 train_max_dist: 37.4541 train_imax: -0.0000 train_imin: -18.8535 time: 2.2132s
INFO:root:Epoch: 0940 lr: 0.01 train_loss: 46719.6719 train_distortion: 3.2976 train_mapscore: 0.9092 train_c: -1.0229 train_max_dist: 37.4863 train_imax: -0.0000 train_imin: -19.4139 time: 2.2117s
INFO:root:Epoch: 0945 lr: 0.01 train_loss: 46711.7812 train_distortion: 3.2996 train_mapscore: 0.9085 train_c: -1.0230 train_max_dist: 37.5518 train_imax: -0.0000 train_imin: -19.2781 time: 2.2559s
INFO:root:Epoch: 0950 lr: 0.01 train_loss: 46717.2500 train_distortion: 3.3017 train_mapscore: 0.9085 train_c: -1.0231 train_max_dist: 37.5977 train_imax: -0.0000 train_imin: -18.8602 time: 2.3054s
INFO:root:Epoch: 0955 lr: 0.01 train_loss: 46735.7344 train_distortion: 3.3042 train_mapscore: 0.9081 train_c: -1.0232 train_max_dist: 37.6641 train_imax: -0.0000 train_imin: -19.0620 time: 2.2287s
INFO:root:Epoch: 0960 lr: 0.01 train_loss: 46726.1953 train_distortion: 3.3019 train_mapscore: 0.9089 train_c: -1.0233 train_max_dist: 37.7012 train_imax: -0.0000 train_imin: -19.1662 time: 2.2278s
INFO:root:Epoch: 0965 lr: 0.01 train_loss: 46709.3438 train_distortion: 3.3051 train_mapscore: 0.9087 train_c: -1.0234 train_max_dist: 37.7500 train_imax: -0.0000 train_imin: -19.1049 time: 2.2513s
INFO:root:Epoch: 0970 lr: 0.01 train_loss: 46706.5469 train_distortion: 3.3076 train_mapscore: 0.9086 train_c: -1.0235 train_max_dist: 37.7949 train_imax: -0.0000 train_imin: -18.8915 time: 2.2196s
INFO:root:Epoch: 0975 lr: 0.01 train_loss: 46696.3516 train_distortion: 3.3097 train_mapscore: 0.9088 train_c: -1.0237 train_max_dist: 37.8477 train_imax: -0.0000 train_imin: -19.0961 time: 2.3069s
INFO:root:Epoch: 0980 lr: 0.01 train_loss: 46695.8438 train_distortion: 3.3110 train_mapscore: 0.9085 train_c: -1.0238 train_max_dist: 37.8887 train_imax: -0.0000 train_imin: -19.1267 time: 2.2513s
INFO:root:Epoch: 0985 lr: 0.01 train_loss: 46704.2812 train_distortion: 3.3126 train_mapscore: 0.9087 train_c: -1.0239 train_max_dist: 37.9297 train_imax: -0.0000 train_imin: -18.7112 time: 2.2166s
INFO:root:Epoch: 0990 lr: 0.01 train_loss: 46708.9688 train_distortion: 3.3145 train_mapscore: 0.9087 train_c: -1.0240 train_max_dist: 37.9824 train_imax: -0.0000 train_imin: -19.2327 time: 2.2132s
INFO:root:Epoch: 0995 lr: 0.01 train_loss: 46684.6250 train_distortion: 3.3149 train_mapscore: 0.9086 train_c: -1.0241 train_max_dist: 38.0020 train_imax: -0.0000 train_imin: -18.5784 time: 2.2089s
INFO:root:Epoch: 1000 lr: 0.01 train_loss: 46689.2148 train_distortion: 3.3169 train_mapscore: 0.9086 train_c: -1.0242 train_max_dist: 38.0527 train_imax: -0.0000 train_imin: -18.8225 time: 2.4255s
INFO:root:Epoch: 1005 lr: 0.01 train_loss: 46679.9688 train_distortion: 3.3192 train_mapscore: 0.9089 train_c: -1.0243 train_max_dist: 38.1152 train_imax: -0.0000 train_imin: -18.7172 time: 2.2114s
INFO:root:Epoch: 1010 lr: 0.01 train_loss: 46692.5938 train_distortion: 3.3211 train_mapscore: 0.9087 train_c: -1.0245 train_max_dist: 38.1504 train_imax: -0.0000 train_imin: -19.0914 time: 2.2138s
INFO:root:Epoch: 1015 lr: 0.01 train_loss: 46686.1641 train_distortion: 3.3222 train_mapscore: 0.9086 train_c: -1.0246 train_max_dist: 38.2031 train_imax: -0.0000 train_imin: -18.5830 time: 2.2598s
INFO:root:Epoch: 1020 lr: 0.01 train_loss: 46676.6875 train_distortion: 3.3241 train_mapscore: 0.9089 train_c: -1.0247 train_max_dist: 38.2461 train_imax: -0.0000 train_imin: -18.5945 time: 2.2152s
INFO:root:Epoch: 1025 lr: 0.01 train_loss: 46687.1172 train_distortion: 3.3249 train_mapscore: 0.9087 train_c: -1.0248 train_max_dist: 38.2637 train_imax: -0.0000 train_imin: -18.7747 time: 2.2125s
INFO:root:Epoch: 1030 lr: 0.01 train_loss: 46691.2422 train_distortion: 3.3275 train_mapscore: 0.9085 train_c: -1.0249 train_max_dist: 38.3418 train_imax: -0.0000 train_imin: -18.6495 time: 2.2117s
INFO:root:Epoch: 1035 lr: 0.01 train_loss: 46674.3750 train_distortion: 3.3269 train_mapscore: 0.9090 train_c: -1.0251 train_max_dist: 38.3730 train_imax: -0.0000 train_imin: -18.4730 time: 2.2469s
INFO:root:Epoch: 1040 lr: 0.01 train_loss: 46659.9609 train_distortion: 3.3300 train_mapscore: 0.9090 train_c: -1.0252 train_max_dist: 38.3965 train_imax: -0.0000 train_imin: -18.5824 time: 2.2102s
INFO:root:Epoch: 1045 lr: 0.01 train_loss: 46656.1328 train_distortion: 3.3318 train_mapscore: 0.9090 train_c: -1.0253 train_max_dist: 38.4512 train_imax: -0.0000 train_imin: -18.5782 time: 2.2095s
INFO:root:Epoch: 1050 lr: 0.01 train_loss: 46666.3281 train_distortion: 3.3348 train_mapscore: 0.9088 train_c: -1.0254 train_max_dist: 38.4844 train_imax: -0.0000 train_imin: -18.8009 time: 2.2510s
INFO:root:Epoch: 1055 lr: 0.01 train_loss: 46691.1328 train_distortion: 3.3349 train_mapscore: 0.9091 train_c: -1.0255 train_max_dist: 38.5469 train_imax: -0.0000 train_imin: -18.4047 time: 2.2182s
INFO:root:Epoch: 1060 lr: 0.01 train_loss: 46675.2500 train_distortion: 3.3344 train_mapscore: 0.9085 train_c: -1.0256 train_max_dist: 38.5684 train_imax: -0.0000 train_imin: -18.8114 time: 2.2135s
INFO:root:Epoch: 1065 lr: 0.01 train_loss: 46660.6953 train_distortion: 3.3368 train_mapscore: 0.9087 train_c: -1.0258 train_max_dist: 38.6113 train_imax: -0.0000 train_imin: -18.3261 time: 2.2573s
INFO:root:Epoch: 1070 lr: 0.01 train_loss: 46664.7188 train_distortion: 3.3379 train_mapscore: 0.9093 train_c: -1.0259 train_max_dist: 38.6426 train_imax: -0.0000 train_imin: -18.4417 time: 2.2416s
INFO:root:Epoch: 1075 lr: 0.01 train_loss: 46660.5508 train_distortion: 3.3396 train_mapscore: 0.9090 train_c: -1.0260 train_max_dist: 38.6914 train_imax: -0.0000 train_imin: -18.4011 time: 2.2203s
INFO:root:Epoch: 1080 lr: 0.01 train_loss: 46637.7305 train_distortion: 3.3397 train_mapscore: 0.9088 train_c: -1.0261 train_max_dist: 38.7168 train_imax: -0.0000 train_imin: -18.4518 time: 2.2203s
INFO:root:Epoch: 1085 lr: 0.01 train_loss: 46637.4766 train_distortion: 3.3438 train_mapscore: 0.9092 train_c: -1.0262 train_max_dist: 38.7754 train_imax: -0.0000 train_imin: -18.6330 time: 2.2549s
INFO:root:Epoch: 1090 lr: 0.01 train_loss: 46648.3516 train_distortion: 3.3456 train_mapscore: 0.9090 train_c: -1.0264 train_max_dist: 38.8125 train_imax: -0.0000 train_imin: -18.3622 time: 2.2153s
INFO:root:Epoch: 1095 lr: 0.01 train_loss: 46661.4688 train_distortion: 3.3461 train_mapscore: 0.9091 train_c: -1.0265 train_max_dist: 38.8633 train_imax: -0.0000 train_imin: -18.3273 time: 2.2243s
INFO:root:Epoch: 1100 lr: 0.01 train_loss: 46641.5469 train_distortion: 3.3457 train_mapscore: 0.9092 train_c: -1.0266 train_max_dist: 38.8535 train_imax: -0.0000 train_imin: -18.5795 time: 2.2463s
INFO:root:Epoch: 1105 lr: 0.01 train_loss: 46627.7266 train_distortion: 3.3495 train_mapscore: 0.9095 train_c: -1.0267 train_max_dist: 38.9180 train_imax: -0.0000 train_imin: -18.3939 time: 2.2185s
INFO:root:Epoch: 1110 lr: 0.01 train_loss: 46625.6328 train_distortion: 3.3513 train_mapscore: 0.9097 train_c: -1.0269 train_max_dist: 38.9590 train_imax: -0.0000 train_imin: -18.4202 time: 2.2213s
INFO:root:Epoch: 1115 lr: 0.01 train_loss: 46636.7695 train_distortion: 3.3533 train_mapscore: 0.9091 train_c: -1.0270 train_max_dist: 39.0039 train_imax: -0.0000 train_imin: -18.4162 time: 2.2215s
INFO:root:Epoch: 1120 lr: 0.01 train_loss: 46682.2422 train_distortion: 3.3517 train_mapscore: 0.9087 train_c: -1.0271 train_max_dist: 39.0391 train_imax: -0.0000 train_imin: -18.6334 time: 2.2514s
INFO:root:Epoch: 1125 lr: 0.01 train_loss: 46647.1406 train_distortion: 3.3530 train_mapscore: 0.9094 train_c: -1.0272 train_max_dist: 39.0879 train_imax: -0.0000 train_imin: -18.2863 time: 2.2170s
INFO:root:Epoch: 1130 lr: 0.01 train_loss: 46631.0117 train_distortion: 3.3538 train_mapscore: 0.9095 train_c: -1.0273 train_max_dist: 39.0957 train_imax: -0.0000 train_imin: -18.1949 time: 2.2272s
INFO:root:Epoch: 1135 lr: 0.01 train_loss: 46620.3555 train_distortion: 3.3566 train_mapscore: 0.9091 train_c: -1.0275 train_max_dist: 39.1230 train_imax: -0.0000 train_imin: -18.2273 time: 2.2471s
INFO:root:Epoch: 1140 lr: 0.01 train_loss: 46618.1055 train_distortion: 3.3568 train_mapscore: 0.9089 train_c: -1.0276 train_max_dist: 39.1816 train_imax: -0.0000 train_imin: -18.1359 time: 2.2165s
INFO:root:Epoch: 1145 lr: 0.01 train_loss: 46612.0078 train_distortion: 3.3605 train_mapscore: 0.9092 train_c: -1.0277 train_max_dist: 39.2070 train_imax: -0.0000 train_imin: -18.3937 time: 2.2182s
INFO:root:Epoch: 1150 lr: 0.01 train_loss: 46629.5703 train_distortion: 3.3621 train_mapscore: 0.9092 train_c: -1.0278 train_max_dist: 39.2383 train_imax: -0.0000 train_imin: -18.2581 time: 2.2501s
INFO:root:Epoch: 1155 lr: 0.01 train_loss: 46618.9766 train_distortion: 3.3615 train_mapscore: 0.9096 train_c: -1.0280 train_max_dist: 39.2656 train_imax: -0.0000 train_imin: -18.0413 time: 2.2461s
INFO:root:Epoch: 1160 lr: 0.01 train_loss: 46602.1172 train_distortion: 3.3632 train_mapscore: 0.9097 train_c: -1.0281 train_max_dist: 39.3047 train_imax: -0.0000 train_imin: -18.3572 time: 2.2182s
INFO:root:Epoch: 1165 lr: 0.01 train_loss: 46605.5234 train_distortion: 3.3661 train_mapscore: 0.9089 train_c: -1.0282 train_max_dist: 39.3340 train_imax: -0.0000 train_imin: -18.0815 time: 2.2225s
INFO:root:Epoch: 1170 lr: 0.01 train_loss: 46607.9531 train_distortion: 3.3671 train_mapscore: 0.9098 train_c: -1.0283 train_max_dist: 39.3672 train_imax: -0.0000 train_imin: -18.1288 time: 2.2587s
INFO:root:Epoch: 1175 lr: 0.01 train_loss: 46621.8203 train_distortion: 3.3689 train_mapscore: 0.9095 train_c: -1.0285 train_max_dist: 39.4199 train_imax: -0.0000 train_imin: -18.0673 time: 2.2224s
INFO:root:Epoch: 1180 lr: 0.01 train_loss: 46645.8008 train_distortion: 3.3679 train_mapscore: 0.9092 train_c: -1.0286 train_max_dist: 39.4375 train_imax: -0.0000 train_imin: -18.2002 time: 2.2236s
INFO:root:Epoch: 1185 lr: 0.01 train_loss: 46629.7578 train_distortion: 3.3684 train_mapscore: 0.9094 train_c: -1.0287 train_max_dist: 39.4707 train_imax: -0.0000 train_imin: -18.2334 time: 2.2496s
INFO:root:Epoch: 1190 lr: 0.01 train_loss: 46607.1797 train_distortion: 3.3700 train_mapscore: 0.9098 train_c: -1.0289 train_max_dist: 39.4707 train_imax: -0.0000 train_imin: -17.9246 time: 2.2172s
INFO:root:Epoch: 1195 lr: 0.01 train_loss: 46585.4062 train_distortion: 3.3707 train_mapscore: 0.9095 train_c: -1.0290 train_max_dist: 39.5039 train_imax: -0.0000 train_imin: -17.9505 time: 2.2223s
INFO:root:Epoch: 1200 lr: 0.01 train_loss: 46584.0234 train_distortion: 3.3732 train_mapscore: 0.9095 train_c: -1.0291 train_max_dist: 39.5586 train_imax: -0.0000 train_imin: -18.0518 time: 2.2227s
INFO:root:Epoch: 1205 lr: 0.01 train_loss: 46587.5156 train_distortion: 3.3757 train_mapscore: 0.9095 train_c: -1.0292 train_max_dist: 39.5938 train_imax: -0.0000 train_imin: -18.0553 time: 2.2477s
INFO:root:Epoch: 1210 lr: 0.01 train_loss: 46607.0938 train_distortion: 3.3781 train_mapscore: 0.9100 train_c: -1.0294 train_max_dist: 39.6113 train_imax: -0.0000 train_imin: -18.0560 time: 2.2204s
INFO:root:Epoch: 1215 lr: 0.01 train_loss: 46607.9102 train_distortion: 3.3757 train_mapscore: 0.9098 train_c: -1.0295 train_max_dist: 39.6289 train_imax: -0.0000 train_imin: -18.0959 time: 2.2266s
INFO:root:Epoch: 1220 lr: 0.01 train_loss: 46589.9688 train_distortion: 3.3782 train_mapscore: 0.9096 train_c: -1.0296 train_max_dist: 39.6855 train_imax: -0.0000 train_imin: -18.0348 time: 2.2505s
INFO:root:Epoch: 1225 lr: 0.01 train_loss: 46580.9609 train_distortion: 3.3778 train_mapscore: 0.9098 train_c: -1.0298 train_max_dist: 39.7012 train_imax: -0.0000 train_imin: -18.0721 time: 2.2206s
INFO:root:Epoch: 1230 lr: 0.01 train_loss: 46584.7188 train_distortion: 3.3823 train_mapscore: 0.9094 train_c: -1.0299 train_max_dist: 39.7480 train_imax: -0.0000 train_imin: -17.9142 time: 2.2130s
INFO:root:Epoch: 1235 lr: 0.01 train_loss: 46579.8438 train_distortion: 3.3815 train_mapscore: 0.9099 train_c: -1.0300 train_max_dist: 39.7559 train_imax: -0.0000 train_imin: -18.0246 time: 2.2206s
INFO:root:Epoch: 1240 lr: 0.01 train_loss: 46579.9336 train_distortion: 3.3826 train_mapscore: 0.9095 train_c: -1.0301 train_max_dist: 39.7754 train_imax: -0.0000 train_imin: -17.8993 time: 2.2431s
INFO:root:Epoch: 1245 lr: 0.01 train_loss: 46578.2344 train_distortion: 3.3832 train_mapscore: 0.9099 train_c: -1.0303 train_max_dist: 39.8047 train_imax: -0.0000 train_imin: -18.0181 time: 2.2153s
INFO:root:Epoch: 1250 lr: 0.01 train_loss: 46574.2812 train_distortion: 3.3853 train_mapscore: 0.9097 train_c: -1.0304 train_max_dist: 39.8438 train_imax: -0.0000 train_imin: -18.0461 time: 2.2057s
INFO:root:Epoch: 1255 lr: 0.01 train_loss: 46597.9766 train_distortion: 3.3870 train_mapscore: 0.9094 train_c: -1.0305 train_max_dist: 39.8750 train_imax: -0.0000 train_imin: -17.8870 time: 2.2390s
INFO:root:Epoch: 1260 lr: 0.01 train_loss: 46592.9141 train_distortion: 3.3848 train_mapscore: 0.9102 train_c: -1.0307 train_max_dist: 39.9121 train_imax: -0.0000 train_imin: -18.0356 time: 2.2205s
INFO:root:Epoch: 1265 lr: 0.01 train_loss: 46577.8711 train_distortion: 3.3863 train_mapscore: 0.9096 train_c: -1.0308 train_max_dist: 39.9316 train_imax: -0.0000 train_imin: -17.9995 time: 2.2076s
INFO:root:Epoch: 1270 lr: 0.01 train_loss: 46565.3672 train_distortion: 3.3886 train_mapscore: 0.9099 train_c: -1.0309 train_max_dist: 39.9355 train_imax: -0.0000 train_imin: -18.2741 time: 2.2373s
INFO:root:Epoch: 1275 lr: 0.01 train_loss: 46555.0781 train_distortion: 3.3900 train_mapscore: 0.9099 train_c: -1.0311 train_max_dist: 39.9883 train_imax: -0.0000 train_imin: -17.8773 time: 2.2392s
INFO:root:Epoch: 1280 lr: 0.01 train_loss: 46551.8438 train_distortion: 3.3917 train_mapscore: 0.9099 train_c: -1.0312 train_max_dist: 39.9883 train_imax: -0.0000 train_imin: -17.9288 time: 2.2072s
INFO:root:Epoch: 1285 lr: 0.01 train_loss: 46567.2969 train_distortion: 3.3933 train_mapscore: 0.9102 train_c: -1.0313 train_max_dist: 40.0391 train_imax: -0.0000 train_imin: -17.8190 time: 2.2124s
INFO:root:Epoch: 1290 lr: 0.01 train_loss: 46589.4688 train_distortion: 3.3930 train_mapscore: 0.9101 train_c: -1.0315 train_max_dist: 40.0352 train_imax: -0.0000 train_imin: -18.0680 time: 2.2392s
INFO:root:Epoch: 1295 lr: 0.01 train_loss: 46571.2656 train_distortion: 3.3933 train_mapscore: 0.9105 train_c: -1.0316 train_max_dist: 40.0840 train_imax: -0.0000 train_imin: -17.7344 time: 2.2103s
INFO:root:Epoch: 1300 lr: 0.01 train_loss: 46573.4805 train_distortion: 3.3933 train_mapscore: 0.9103 train_c: -1.0317 train_max_dist: 40.0820 train_imax: -0.0000 train_imin: -18.0667 time: 2.2117s
INFO:root:Epoch: 1305 lr: 0.01 train_loss: 46563.2656 train_distortion: 3.3946 train_mapscore: 0.9102 train_c: -1.0319 train_max_dist: 40.1133 train_imax: -0.0000 train_imin: -17.8011 time: 2.2807s
INFO:root:Epoch: 1310 lr: 0.01 train_loss: 46556.1406 train_distortion: 3.3957 train_mapscore: 0.9103 train_c: -1.0320 train_max_dist: 40.1309 train_imax: -0.0000 train_imin: -17.7861 time: 2.2324s
INFO:root:Epoch: 1315 lr: 0.01 train_loss: 46540.0469 train_distortion: 3.3959 train_mapscore: 0.9104 train_c: -1.0321 train_max_dist: 40.1406 train_imax: -0.0000 train_imin: -17.8371 time: 2.2244s
INFO:root:Epoch: 1320 lr: 0.01 train_loss: 46530.7656 train_distortion: 3.3986 train_mapscore: 0.9104 train_c: -1.0323 train_max_dist: 40.1895 train_imax: -0.0000 train_imin: -17.7975 time: 2.2561s
INFO:root:Epoch: 1325 lr: 0.01 train_loss: 46533.8125 train_distortion: 3.4001 train_mapscore: 0.9103 train_c: -1.0324 train_max_dist: 40.1992 train_imax: -0.0000 train_imin: -17.8636 time: 2.3127s
INFO:root:Epoch: 1330 lr: 0.01 train_loss: 46541.8281 train_distortion: 3.4026 train_mapscore: 0.9100 train_c: -1.0325 train_max_dist: 40.2285 train_imax: -0.0000 train_imin: -17.8972 time: 2.2516s
INFO:root:Epoch: 1335 lr: 0.01 train_loss: 46553.1562 train_distortion: 3.4016 train_mapscore: 0.9102 train_c: -1.0327 train_max_dist: 40.2598 train_imax: -0.0000 train_imin: -18.1568 time: 2.2305s
INFO:root:Epoch: 1340 lr: 0.01 train_loss: 46555.5117 train_distortion: 3.4034 train_mapscore: 0.9108 train_c: -1.0328 train_max_dist: 40.2988 train_imax: -0.0000 train_imin: -17.8309 time: 2.2598s
INFO:root:Epoch: 1345 lr: 0.01 train_loss: 46584.0781 train_distortion: 3.4021 train_mapscore: 0.9100 train_c: -1.0329 train_max_dist: 40.3086 train_imax: -0.0000 train_imin: -18.0024 time: 2.2211s
INFO:root:Epoch: 1350 lr: 0.01 train_loss: 46542.8672 train_distortion: 3.4018 train_mapscore: 0.9108 train_c: -1.0331 train_max_dist: 40.3320 train_imax: -0.0000 train_imin: -17.8523 time: 2.2245s
INFO:root:Epoch: 1355 lr: 0.01 train_loss: 46538.6641 train_distortion: 3.4035 train_mapscore: 0.9109 train_c: -1.0332 train_max_dist: 40.3574 train_imax: -0.0000 train_imin: -17.8730 time: 2.2483s
INFO:root:Epoch: 1360 lr: 0.01 train_loss: 46521.2344 train_distortion: 3.4063 train_mapscore: 0.9105 train_c: -1.0334 train_max_dist: 40.3887 train_imax: -0.0000 train_imin: -18.1480 time: 2.2563s
INFO:root:Epoch: 1365 lr: 0.01 train_loss: 46514.3633 train_distortion: 3.4066 train_mapscore: 0.9104 train_c: -1.0335 train_max_dist: 40.4082 train_imax: -0.0000 train_imin: -17.9603 time: 2.2228s
INFO:root:Epoch: 1370 lr: 0.01 train_loss: 46533.8398 train_distortion: 3.4099 train_mapscore: 0.9104 train_c: -1.0336 train_max_dist: 40.4355 train_imax: -0.0000 train_imin: -17.9825 time: 2.2289s
INFO:root:Epoch: 1375 lr: 0.01 train_loss: 46552.7969 train_distortion: 3.4082 train_mapscore: 0.9106 train_c: -1.0338 train_max_dist: 40.4570 train_imax: -0.0000 train_imin: -17.8518 time: 2.2651s
INFO:root:Epoch: 1380 lr: 0.01 train_loss: 46513.5625 train_distortion: 3.4082 train_mapscore: 0.9111 train_c: -1.0339 train_max_dist: 40.4648 train_imax: -0.0000 train_imin: -18.0951 time: 2.2212s
INFO:root:Epoch: 1385 lr: 0.01 train_loss: 46507.4336 train_distortion: 3.4118 train_mapscore: 0.9112 train_c: -1.0341 train_max_dist: 40.5059 train_imax: -0.0000 train_imin: -17.9760 time: 2.2148s
INFO:root:Epoch: 1390 lr: 0.01 train_loss: 46502.6016 train_distortion: 3.4127 train_mapscore: 0.9111 train_c: -1.0342 train_max_dist: 40.5410 train_imax: -0.0000 train_imin: -18.0934 time: 2.2423s
INFO:root:Epoch: 1395 lr: 0.01 train_loss: 46517.9062 train_distortion: 3.4144 train_mapscore: 0.9110 train_c: -1.0343 train_max_dist: 40.5605 train_imax: -0.0000 train_imin: -18.1419 time: 2.2283s
INFO:root:Epoch: 1400 lr: 0.01 train_loss: 46549.0898 train_distortion: 3.4136 train_mapscore: 0.9108 train_c: -1.0345 train_max_dist: 40.5703 train_imax: -0.0000 train_imin: -18.0430 time: 2.2194s
INFO:root:Epoch: 1405 lr: 0.01 train_loss: 46537.8047 train_distortion: 3.4118 train_mapscore: 0.9102 train_c: -1.0346 train_max_dist: 40.6055 train_imax: -0.0000 train_imin: -18.1878 time: 2.2140s
INFO:root:Epoch: 1410 lr: 0.01 train_loss: 46508.9141 train_distortion: 3.4152 train_mapscore: 0.9102 train_c: -1.0348 train_max_dist: 40.5996 train_imax: -0.0000 train_imin: -18.2391 time: 2.2569s
INFO:root:Epoch: 1415 lr: 0.01 train_loss: 46503.7695 train_distortion: 3.4165 train_mapscore: 0.9109 train_c: -1.0349 train_max_dist: 40.6250 train_imax: -0.0000 train_imin: -17.9337 time: 2.2223s
INFO:root:Epoch: 1420 lr: 0.01 train_loss: 46496.7656 train_distortion: 3.4174 train_mapscore: 0.9113 train_c: -1.0350 train_max_dist: 40.6562 train_imax: -0.0000 train_imin: -18.2380 time: 2.2173s
INFO:root:Epoch: 1425 lr: 0.01 train_loss: 46506.9453 train_distortion: 3.4196 train_mapscore: 0.9107 train_c: -1.0352 train_max_dist: 40.6934 train_imax: -0.0000 train_imin: -18.2450 time: 2.2624s
INFO:root:Epoch: 1430 lr: 0.01 train_loss: 46517.4766 train_distortion: 3.4181 train_mapscore: 0.9108 train_c: -1.0353 train_max_dist: 40.7012 train_imax: -0.0000 train_imin: -18.0021 time: 2.2230s
INFO:root:Epoch: 1435 lr: 0.01 train_loss: 46513.5469 train_distortion: 3.4195 train_mapscore: 0.9106 train_c: -1.0355 train_max_dist: 40.7578 train_imax: -0.0000 train_imin: -18.1097 time: 2.2203s
INFO:root:Epoch: 1440 lr: 0.01 train_loss: 46506.8984 train_distortion: 3.4201 train_mapscore: 0.9114 train_c: -1.0356 train_max_dist: 40.7500 train_imax: -0.0000 train_imin: -18.6472 time: 2.2089s
INFO:root:Epoch: 1445 lr: 0.01 train_loss: 46500.5703 train_distortion: 3.4211 train_mapscore: 0.9110 train_c: -1.0358 train_max_dist: 40.7852 train_imax: -0.0000 train_imin: -18.1100 time: 2.2603s
INFO:root:Epoch: 1450 lr: 0.01 train_loss: 46492.8828 train_distortion: 3.4223 train_mapscore: 0.9107 train_c: -1.0359 train_max_dist: 40.8047 train_imax: -0.0000 train_imin: -18.1927 time: 2.2216s
INFO:root:Epoch: 1455 lr: 0.01 train_loss: 46499.0469 train_distortion: 3.4230 train_mapscore: 0.9110 train_c: -1.0360 train_max_dist: 40.8359 train_imax: -0.0000 train_imin: -18.3393 time: 2.2435s
INFO:root:Epoch: 1460 lr: 0.01 train_loss: 46496.4688 train_distortion: 3.4238 train_mapscore: 0.9111 train_c: -1.0362 train_max_dist: 40.8398 train_imax: -0.0000 train_imin: -18.1128 time: 2.2633s
INFO:root:Epoch: 1465 lr: 0.01 train_loss: 46506.1172 train_distortion: 3.4251 train_mapscore: 0.9106 train_c: -1.0363 train_max_dist: 40.8613 train_imax: -0.0000 train_imin: -18.3611 time: 2.2198s
INFO:root:Epoch: 1470 lr: 0.01 train_loss: 46489.0859 train_distortion: 3.4261 train_mapscore: 0.9115 train_c: -1.0365 train_max_dist: 40.9102 train_imax: -0.0000 train_imin: -18.1722 time: 2.2146s
INFO:root:Epoch: 1475 lr: 0.01 train_loss: 46500.8359 train_distortion: 3.4253 train_mapscore: 0.9111 train_c: -1.0366 train_max_dist: 40.9043 train_imax: -0.0000 train_imin: -18.5242 time: 2.2528s
INFO:root:Epoch: 1480 lr: 0.01 train_loss: 46467.8516 train_distortion: 3.4278 train_mapscore: 0.9114 train_c: -1.0368 train_max_dist: 40.9609 train_imax: -0.0000 train_imin: -18.5560 time: 2.2500s
INFO:root:Epoch: 1485 lr: 0.01 train_loss: 46474.1406 train_distortion: 3.4303 train_mapscore: 0.9106 train_c: -1.0369 train_max_dist: 40.9902 train_imax: -0.0000 train_imin: -18.1247 time: 2.2190s
INFO:root:Epoch: 1490 lr: 0.01 train_loss: 46469.6836 train_distortion: 3.4311 train_mapscore: 0.9111 train_c: -1.0371 train_max_dist: 41.0059 train_imax: -0.0000 train_imin: -18.4250 time: 2.2131s
INFO:root:Epoch: 1495 lr: 0.01 train_loss: 46481.8984 train_distortion: 3.4326 train_mapscore: 0.9110 train_c: -1.0372 train_max_dist: 41.0449 train_imax: -0.0000 train_imin: -18.3425 time: 2.2422s
INFO:root:Epoch: 1500 lr: 0.01 train_loss: 46483.4023 train_distortion: 3.4319 train_mapscore: 0.9107 train_c: -1.0374 train_max_dist: 41.0527 train_imax: -0.0000 train_imin: -18.5075 time: 2.2206s
INFO:root:Epoch: 1505 lr: 0.01 train_loss: 46476.1016 train_distortion: 3.4328 train_mapscore: 0.9113 train_c: -1.0375 train_max_dist: 41.1016 train_imax: -0.0000 train_imin: -18.4843 time: 2.2218s
INFO:root:Epoch: 1510 lr: 0.01 train_loss: 46492.6406 train_distortion: 3.4340 train_mapscore: 0.9108 train_c: -1.0377 train_max_dist: 41.1094 train_imax: -0.0000 train_imin: -18.1996 time: 2.2558s
INFO:root:Epoch: 1515 lr: 0.01 train_loss: 46486.1016 train_distortion: 3.4316 train_mapscore: 0.9111 train_c: -1.0378 train_max_dist: 41.1113 train_imax: -0.0000 train_imin: -19.0771 time: 2.2262s
INFO:root:Epoch: 1520 lr: 0.01 train_loss: 46483.9141 train_distortion: 3.4344 train_mapscore: 0.9109 train_c: -1.0380 train_max_dist: 41.1738 train_imax: -0.0000 train_imin: -18.3135 time: 2.2113s
INFO:root:Epoch: 1525 lr: 0.01 train_loss: 46476.2344 train_distortion: 3.4348 train_mapscore: 0.9109 train_c: -1.0381 train_max_dist: 41.1465 train_imax: -0.0000 train_imin: -18.4325 time: 2.2309s
INFO:root:Epoch: 1530 lr: 0.01 train_loss: 46458.3047 train_distortion: 3.4361 train_mapscore: 0.9114 train_c: -1.0382 train_max_dist: 41.1777 train_imax: -0.0000 train_imin: -18.3123 time: 2.2513s
INFO:root:Epoch: 1535 lr: 0.01 train_loss: 46451.4258 train_distortion: 3.4378 train_mapscore: 0.9110 train_c: -1.0384 train_max_dist: 41.2188 train_imax: -0.0000 train_imin: -18.5106 time: 2.2159s
INFO:root:Epoch: 1540 lr: 0.01 train_loss: 46468.4922 train_distortion: 3.4401 train_mapscore: 0.9113 train_c: -1.0385 train_max_dist: 41.2402 train_imax: -0.0000 train_imin: -18.6082 time: 2.2182s
INFO:root:Epoch: 1545 lr: 0.01 train_loss: 46455.7578 train_distortion: 3.4397 train_mapscore: 0.9107 train_c: -1.0387 train_max_dist: 41.2461 train_imax: -0.0000 train_imin: -18.6086 time: 2.2414s
INFO:root:Epoch: 1550 lr: 0.01 train_loss: 46469.7734 train_distortion: 3.4413 train_mapscore: 0.9108 train_c: -1.0388 train_max_dist: 41.2891 train_imax: -0.0000 train_imin: -18.2456 time: 2.2329s
INFO:root:Epoch: 1555 lr: 0.01 train_loss: 46464.9844 train_distortion: 3.4418 train_mapscore: 0.9111 train_c: -1.0390 train_max_dist: 41.2949 train_imax: -0.0000 train_imin: -18.5911 time: 2.2220s
INFO:root:Epoch: 1560 lr: 0.01 train_loss: 46463.0430 train_distortion: 3.4413 train_mapscore: 0.9112 train_c: -1.0392 train_max_dist: 41.3613 train_imax: -0.0000 train_imin: -18.9857 time: 2.2471s
INFO:root:Epoch: 1565 lr: 0.01 train_loss: 46466.1406 train_distortion: 3.4425 train_mapscore: 0.9111 train_c: -1.0393 train_max_dist: 41.3379 train_imax: -0.0000 train_imin: -18.5029 time: 2.2564s
INFO:root:Epoch: 1570 lr: 0.01 train_loss: 46443.4023 train_distortion: 3.4418 train_mapscore: 0.9105 train_c: -1.0395 train_max_dist: 41.3438 train_imax: -0.0000 train_imin: -18.4765 time: 2.2231s
INFO:root:Epoch: 1575 lr: 0.01 train_loss: 46449.2188 train_distortion: 3.4452 train_mapscore: 0.9113 train_c: -1.0396 train_max_dist: 41.3789 train_imax: -0.0000 train_imin: -18.3925 time: 2.2158s
INFO:root:Epoch: 1580 lr: 0.01 train_loss: 46472.4531 train_distortion: 3.4454 train_mapscore: 0.9104 train_c: -1.0398 train_max_dist: 41.4102 train_imax: -0.0000 train_imin: -18.8020 time: 2.2411s
INFO:root:Epoch: 1585 lr: 0.01 train_loss: 46460.4219 train_distortion: 3.4451 train_mapscore: 0.9107 train_c: -1.0399 train_max_dist: 41.3984 train_imax: -0.0000 train_imin: -18.3734 time: 2.2356s
INFO:root:Epoch: 1590 lr: 0.01 train_loss: 46457.8906 train_distortion: 3.4476 train_mapscore: 0.9114 train_c: -1.0401 train_max_dist: 41.4375 train_imax: -0.0000 train_imin: -18.5520 time: 2.2182s
INFO:root:Epoch: 1595 lr: 0.01 train_loss: 46441.8477 train_distortion: 3.4458 train_mapscore: 0.9111 train_c: -1.0402 train_max_dist: 41.4258 train_imax: -0.0000 train_imin: -18.7296 time: 2.2484s
INFO:root:Epoch: 1600 lr: 0.01 train_loss: 46437.1641 train_distortion: 3.4483 train_mapscore: 0.9106 train_c: -1.0404 train_max_dist: 41.4766 train_imax: -0.0000 train_imin: -18.3710 time: 2.2163s
INFO:root:Epoch: 1605 lr: 0.01 train_loss: 46446.0391 train_distortion: 3.4500 train_mapscore: 0.9113 train_c: -1.0405 train_max_dist: 41.4980 train_imax: -0.0000 train_imin: -18.3164 time: 2.2175s
INFO:root:Epoch: 1610 lr: 0.01 train_loss: 46462.3086 train_distortion: 3.4519 train_mapscore: 0.9116 train_c: -1.0407 train_max_dist: 41.5176 train_imax: -0.0000 train_imin: -18.5392 time: 2.2196s
INFO:root:Epoch: 1615 lr: 0.01 train_loss: 46440.0156 train_distortion: 3.4489 train_mapscore: 0.9110 train_c: -1.0408 train_max_dist: 41.4961 train_imax: -0.0000 train_imin: -18.9658 time: 2.2521s
INFO:root:Epoch: 1620 lr: 0.01 train_loss: 46431.9531 train_distortion: 3.4521 train_mapscore: 0.9116 train_c: -1.0410 train_max_dist: 41.5605 train_imax: -0.0000 train_imin: -18.3759 time: 2.2161s
INFO:root:Epoch: 1625 lr: 0.01 train_loss: 46420.9766 train_distortion: 3.4536 train_mapscore: 0.9115 train_c: -1.0411 train_max_dist: 41.5527 train_imax: -0.0000 train_imin: -18.4538 time: 2.2180s
INFO:root:Epoch: 1630 lr: 0.01 train_loss: 46423.0469 train_distortion: 3.4555 train_mapscore: 0.9112 train_c: -1.0413 train_max_dist: 41.5820 train_imax: -0.0000 train_imin: -18.6388 time: 2.2516s
INFO:root:Epoch: 1635 lr: 0.01 train_loss: 46437.1641 train_distortion: 3.4547 train_mapscore: 0.9110 train_c: -1.0415 train_max_dist: 41.5938 train_imax: -0.0000 train_imin: -18.6136 time: 2.2215s
INFO:root:Epoch: 1640 lr: 0.01 train_loss: 46466.3945 train_distortion: 3.4566 train_mapscore: 0.9110 train_c: -1.0416 train_max_dist: 41.6309 train_imax: -0.0000 train_imin: -18.4152 time: 2.2144s
INFO:root:Epoch: 1645 lr: 0.01 train_loss: 46435.4844 train_distortion: 3.4541 train_mapscore: 0.9116 train_c: -1.0418 train_max_dist: 41.6035 train_imax: -0.0000 train_imin: -18.7296 time: 2.2452s
INFO:root:Epoch: 1650 lr: 0.01 train_loss: 46432.3281 train_distortion: 3.4559 train_mapscore: 0.9111 train_c: -1.0419 train_max_dist: 41.6445 train_imax: -0.0000 train_imin: -18.9492 time: 2.2494s
INFO:root:Epoch: 1655 lr: 0.01 train_loss: 46406.8203 train_distortion: 3.4574 train_mapscore: 0.9115 train_c: -1.0421 train_max_dist: 41.6660 train_imax: -0.0000 train_imin: -18.3928 time: 2.2199s
INFO:root:Epoch: 1660 lr: 0.01 train_loss: 46405.4688 train_distortion: 3.4602 train_mapscore: 0.9116 train_c: -1.0422 train_max_dist: 41.6855 train_imax: -0.0000 train_imin: -18.5505 time: 2.2109s
INFO:root:Epoch: 1665 lr: 0.01 train_loss: 46406.0547 train_distortion: 3.4611 train_mapscore: 0.9121 train_c: -1.0424 train_max_dist: 41.6973 train_imax: -0.0000 train_imin: -18.5759 time: 2.2562s
INFO:root:Epoch: 1670 lr: 0.01 train_loss: 46431.5586 train_distortion: 3.4637 train_mapscore: 0.9108 train_c: -1.0426 train_max_dist: 41.7344 train_imax: -0.0000 train_imin: -18.4933 time: 2.2206s
INFO:root:Epoch: 1675 lr: 0.01 train_loss: 46447.7109 train_distortion: 3.4611 train_mapscore: 0.9123 train_c: -1.0427 train_max_dist: 41.7246 train_imax: -0.0000 train_imin: -18.7801 time: 2.2143s
INFO:root:Epoch: 1680 lr: 0.01 train_loss: 46445.0352 train_distortion: 3.4606 train_mapscore: 0.9111 train_c: -1.0429 train_max_dist: 41.7715 train_imax: -0.0000 train_imin: -18.3637 time: 2.2661s
INFO:root:Epoch: 1685 lr: 0.01 train_loss: 46418.6406 train_distortion: 3.4617 train_mapscore: 0.9111 train_c: -1.0430 train_max_dist: 41.7734 train_imax: -0.0000 train_imin: -18.7276 time: 2.2531s
INFO:root:Epoch: 1690 lr: 0.01 train_loss: 46408.4922 train_distortion: 3.4638 train_mapscore: 0.9119 train_c: -1.0432 train_max_dist: 41.7930 train_imax: -0.0000 train_imin: -18.6335 time: 2.2188s
INFO:root:Epoch: 1695 lr: 0.01 train_loss: 46397.7578 train_distortion: 3.4652 train_mapscore: 0.9120 train_c: -1.0433 train_max_dist: 41.7930 train_imax: -0.0000 train_imin: -18.8995 time: 2.2143s
INFO:root:Epoch: 1700 lr: 0.01 train_loss: 46407.0078 train_distortion: 3.4671 train_mapscore: 0.9119 train_c: -1.0435 train_max_dist: 41.8359 train_imax: -0.0000 train_imin: -18.5807 time: 2.2442s
INFO:root:Epoch: 1705 lr: 0.01 train_loss: 46421.3047 train_distortion: 3.4675 train_mapscore: 0.9120 train_c: -1.0437 train_max_dist: 41.8594 train_imax: -0.0000 train_imin: -18.4594 time: 2.2108s
INFO:root:Epoch: 1710 lr: 0.01 train_loss: 46415.3594 train_distortion: 3.4661 train_mapscore: 0.9112 train_c: -1.0438 train_max_dist: 41.8438 train_imax: -0.0000 train_imin: -18.8176 time: 2.2320s
INFO:root:Epoch: 1715 lr: 0.01 train_loss: 46396.6328 train_distortion: 3.4690 train_mapscore: 0.9118 train_c: -1.0440 train_max_dist: 41.8750 train_imax: -0.0000 train_imin: -18.5584 time: 2.2587s
INFO:root:Epoch: 1720 lr: 0.01 train_loss: 46397.2656 train_distortion: 3.4702 train_mapscore: 0.9115 train_c: -1.0442 train_max_dist: 41.8906 train_imax: -0.0000 train_imin: -18.6220 time: 2.2181s
INFO:root:Epoch: 1725 lr: 0.01 train_loss: 46404.2188 train_distortion: 3.4717 train_mapscore: 0.9115 train_c: -1.0443 train_max_dist: 41.9102 train_imax: -0.0000 train_imin: -18.6574 time: 2.2150s
INFO:root:Epoch: 1730 lr: 0.01 train_loss: 46440.5078 train_distortion: 3.4701 train_mapscore: 0.9118 train_c: -1.0445 train_max_dist: 41.9199 train_imax: -0.0000 train_imin: -18.8389 time: 2.2222s
INFO:root:Epoch: 1735 lr: 0.01 train_loss: 46412.8047 train_distortion: 3.4694 train_mapscore: 0.9117 train_c: -1.0446 train_max_dist: 41.9297 train_imax: -0.0000 train_imin: -18.4004 time: 2.2597s
INFO:root:Epoch: 1740 lr: 0.01 train_loss: 46399.4766 train_distortion: 3.4727 train_mapscore: 0.9119 train_c: -1.0448 train_max_dist: 41.9531 train_imax: -0.0000 train_imin: -18.6404 time: 2.2162s
INFO:root:Epoch: 1745 lr: 0.01 train_loss: 46407.5703 train_distortion: 3.4721 train_mapscore: 0.9118 train_c: -1.0450 train_max_dist: 41.9609 train_imax: -0.0000 train_imin: -18.5346 time: 2.2128s
INFO:root:Epoch: 1750 lr: 0.01 train_loss: 46395.6523 train_distortion: 3.4736 train_mapscore: 0.9120 train_c: -1.0451 train_max_dist: 42.0039 train_imax: -0.0000 train_imin: -19.3052 time: 2.2581s
INFO:root:Epoch: 1755 lr: 0.01 train_loss: 46384.5000 train_distortion: 3.4747 train_mapscore: 0.9115 train_c: -1.0453 train_max_dist: 41.9902 train_imax: -0.0000 train_imin: -18.8952 time: 2.2261s
INFO:root:Epoch: 1760 lr: 0.01 train_loss: 46370.1641 train_distortion: 3.4773 train_mapscore: 0.9122 train_c: -1.0455 train_max_dist: 42.0391 train_imax: -0.0000 train_imin: -18.5043 time: 2.2149s
INFO:root:Epoch: 1765 lr: 0.01 train_loss: 46374.8203 train_distortion: 3.4782 train_mapscore: 0.9117 train_c: -1.0456 train_max_dist: 42.0352 train_imax: -0.0000 train_imin: -18.5439 time: 2.2553s
INFO:root:Epoch: 1770 lr: 0.01 train_loss: 46377.1094 train_distortion: 3.4784 train_mapscore: 0.9123 train_c: -1.0458 train_max_dist: 42.0664 train_imax: -0.0000 train_imin: -18.6200 time: 2.2516s
INFO:root:Epoch: 1775 lr: 0.01 train_loss: 46402.6328 train_distortion: 3.4813 train_mapscore: 0.9116 train_c: -1.0459 train_max_dist: 42.0762 train_imax: -0.0000 train_imin: -18.8199 time: 2.2204s
INFO:root:Epoch: 1780 lr: 0.01 train_loss: 46418.5781 train_distortion: 3.4778 train_mapscore: 0.9120 train_c: -1.0461 train_max_dist: 42.0938 train_imax: -0.0000 train_imin: -18.7413 time: 2.2163s
INFO:root:Epoch: 1785 lr: 0.01 train_loss: 46397.2656 train_distortion: 3.4784 train_mapscore: 0.9118 train_c: -1.0463 train_max_dist: 42.1562 train_imax: -0.0000 train_imin: -18.4482 time: 2.2457s
INFO:root:Epoch: 1790 lr: 0.01 train_loss: 46377.6641 train_distortion: 3.4804 train_mapscore: 0.9117 train_c: -1.0464 train_max_dist: 42.1133 train_imax: -0.0000 train_imin: -18.8416 time: 2.2229s
INFO:root:Epoch: 1795 lr: 0.01 train_loss: 46365.2070 train_distortion: 3.4823 train_mapscore: 0.9122 train_c: -1.0466 train_max_dist: 42.1523 train_imax: -0.0000 train_imin: -18.7571 time: 2.2284s
INFO:root:Epoch: 1800 lr: 0.01 train_loss: 46364.0859 train_distortion: 3.4837 train_mapscore: 0.9122 train_c: -1.0468 train_max_dist: 42.1660 train_imax: -0.0000 train_imin: -18.6082 time: 2.2517s
INFO:root:Epoch: 1805 lr: 0.01 train_loss: 46371.0430 train_distortion: 3.4847 train_mapscore: 0.9122 train_c: -1.0469 train_max_dist: 42.2227 train_imax: -0.0000 train_imin: -18.6044 time: 2.2281s
INFO:root:Epoch: 1810 lr: 0.01 train_loss: 46390.7109 train_distortion: 3.4855 train_mapscore: 0.9118 train_c: -1.0471 train_max_dist: 42.1875 train_imax: -0.0000 train_imin: -19.0491 time: 2.2231s
INFO:root:Epoch: 1815 lr: 0.01 train_loss: 46390.4570 train_distortion: 3.4852 train_mapscore: 0.9122 train_c: -1.0473 train_max_dist: 42.2266 train_imax: -0.0000 train_imin: -18.5315 time: 2.2171s
INFO:root:Epoch: 1820 lr: 0.01 train_loss: 46385.2383 train_distortion: 3.4835 train_mapscore: 0.9114 train_c: -1.0474 train_max_dist: 42.2188 train_imax: -0.0000 train_imin: -18.5971 time: 2.2550s
INFO:root:Epoch: 1825 lr: 0.01 train_loss: 46376.9531 train_distortion: 3.4854 train_mapscore: 0.9120 train_c: -1.0476 train_max_dist: 42.2031 train_imax: -0.0000 train_imin: -19.0929 time: 2.2198s
INFO:root:Epoch: 1830 lr: 0.01 train_loss: 46376.2891 train_distortion: 3.4879 train_mapscore: 0.9123 train_c: -1.0478 train_max_dist: 42.2559 train_imax: -0.0000 train_imin: -18.7156 time: 2.2174s
INFO:root:Epoch: 1835 lr: 0.01 train_loss: 46366.8359 train_distortion: 3.4881 train_mapscore: 0.9120 train_c: -1.0479 train_max_dist: 42.2539 train_imax: -0.0000 train_imin: -18.6079 time: 2.2439s
INFO:root:Epoch: 1840 lr: 0.01 train_loss: 46361.9727 train_distortion: 3.4889 train_mapscore: 0.9124 train_c: -1.0481 train_max_dist: 42.2773 train_imax: -0.0000 train_imin: -18.5832 time: 2.2296s
INFO:root:Epoch: 1845 lr: 0.01 train_loss: 46366.8438 train_distortion: 3.4901 train_mapscore: 0.9125 train_c: -1.0483 train_max_dist: 42.2754 train_imax: -0.0000 train_imin: -18.7615 time: 2.2232s
INFO:root:Epoch: 1850 lr: 0.01 train_loss: 46372.0859 train_distortion: 3.4899 train_mapscore: 0.9122 train_c: -1.0485 train_max_dist: 42.3223 train_imax: -0.0000 train_imin: -18.6672 time: 2.2167s
INFO:root:Epoch: 1855 lr: 0.01 train_loss: 46352.9648 train_distortion: 3.4920 train_mapscore: 0.9125 train_c: -1.0486 train_max_dist: 42.3125 train_imax: -0.0000 train_imin: -18.6656 time: 2.2545s
INFO:root:Epoch: 1860 lr: 0.01 train_loss: 46347.6484 train_distortion: 3.4940 train_mapscore: 0.9121 train_c: -1.0488 train_max_dist: 42.3203 train_imax: -0.0000 train_imin: -18.7879 time: 2.2221s
INFO:root:Epoch: 1865 lr: 0.01 train_loss: 46373.0742 train_distortion: 3.4942 train_mapscore: 0.9117 train_c: -1.0490 train_max_dist: 42.3691 train_imax: -0.0000 train_imin: -18.6794 time: 2.2177s
INFO:root:Epoch: 1870 lr: 0.01 train_loss: 46361.7422 train_distortion: 3.4931 train_mapscore: 0.9121 train_c: -1.0491 train_max_dist: 42.3945 train_imax: -0.0000 train_imin: -18.7293 time: 2.2429s
INFO:root:Epoch: 1875 lr: 0.01 train_loss: 46346.5000 train_distortion: 3.4958 train_mapscore: 0.9128 train_c: -1.0493 train_max_dist: 42.3945 train_imax: -0.0000 train_imin: -18.8822 time: 2.2164s
INFO:root:Epoch: 1880 lr: 0.01 train_loss: 46341.1328 train_distortion: 3.4971 train_mapscore: 0.9122 train_c: -1.0495 train_max_dist: 42.3828 train_imax: -0.0000 train_imin: -18.8814 time: 2.2233s
INFO:root:Epoch: 1885 lr: 0.01 train_loss: 46347.3555 train_distortion: 3.4975 train_mapscore: 0.9122 train_c: -1.0497 train_max_dist: 42.4062 train_imax: -0.0000 train_imin: -18.7530 time: 2.2487s
INFO:root:Epoch: 1890 lr: 0.01 train_loss: 46357.0859 train_distortion: 3.4996 train_mapscore: 0.9119 train_c: -1.0498 train_max_dist: 42.4609 train_imax: -0.0000 train_imin: -18.8084 time: 2.2404s
INFO:root:Epoch: 1895 lr: 0.01 train_loss: 46361.7969 train_distortion: 3.4976 train_mapscore: 0.9120 train_c: -1.0500 train_max_dist: 42.4414 train_imax: -0.0000 train_imin: -18.9427 time: 2.2277s
INFO:root:Epoch: 1900 lr: 0.01 train_loss: 46351.1289 train_distortion: 3.4998 train_mapscore: 0.9126 train_c: -1.0502 train_max_dist: 42.4805 train_imax: -0.0000 train_imin: -18.9024 time: 2.2185s
INFO:root:Epoch: 1905 lr: 0.01 train_loss: 46346.7266 train_distortion: 3.5000 train_mapscore: 0.9118 train_c: -1.0503 train_max_dist: 42.4922 train_imax: -0.0000 train_imin: -18.9108 time: 2.2460s
INFO:root:Epoch: 1910 lr: 0.01 train_loss: 46341.9844 train_distortion: 3.5003 train_mapscore: 0.9123 train_c: -1.0505 train_max_dist: 42.4785 train_imax: -0.0000 train_imin: -18.9854 time: 2.2125s
INFO:root:Epoch: 1915 lr: 0.01 train_loss: 46334.5586 train_distortion: 3.5025 train_mapscore: 0.9130 train_c: -1.0507 train_max_dist: 42.5156 train_imax: -0.0000 train_imin: -19.0085 time: 2.2192s
INFO:root:Epoch: 1920 lr: 0.01 train_loss: 46343.6328 train_distortion: 3.5036 train_mapscore: 0.9125 train_c: -1.0509 train_max_dist: 42.5469 train_imax: -0.0000 train_imin: -18.9473 time: 2.2455s
INFO:root:Epoch: 1925 lr: 0.01 train_loss: 46364.7969 train_distortion: 3.5035 train_mapscore: 0.9119 train_c: -1.0510 train_max_dist: 42.5156 train_imax: -0.0000 train_imin: -19.1814 time: 2.2166s
INFO:root:Epoch: 1930 lr: 0.01 train_loss: 46341.9453 train_distortion: 3.5032 train_mapscore: 0.9124 train_c: -1.0512 train_max_dist: 42.5859 train_imax: -0.0000 train_imin: -19.1152 time: 2.2476s
INFO:root:Epoch: 1935 lr: 0.01 train_loss: 46332.4609 train_distortion: 3.5047 train_mapscore: 0.9122 train_c: -1.0514 train_max_dist: 42.5742 train_imax: -0.0000 train_imin: -19.1540 time: 2.2196s
INFO:root:Epoch: 1940 lr: 0.01 train_loss: 46339.2305 train_distortion: 3.5072 train_mapscore: 0.9123 train_c: -1.0516 train_max_dist: 42.5605 train_imax: -0.0000 train_imin: -19.1324 time: 2.2666s
INFO:root:Epoch: 1945 lr: 0.01 train_loss: 46344.7656 train_distortion: 3.5056 train_mapscore: 0.9124 train_c: -1.0517 train_max_dist: 42.5898 train_imax: -0.0000 train_imin: -19.0806 time: 2.2161s
INFO:root:Epoch: 1950 lr: 0.01 train_loss: 46344.4258 train_distortion: 3.5079 train_mapscore: 0.9121 train_c: -1.0519 train_max_dist: 42.6211 train_imax: -0.0000 train_imin: -19.2002 time: 2.2136s
INFO:root:Epoch: 1955 lr: 0.01 train_loss: 46327.7383 train_distortion: 3.5084 train_mapscore: 0.9123 train_c: -1.0521 train_max_dist: 42.6172 train_imax: -0.0000 train_imin: -19.2456 time: 2.2509s
INFO:root:Epoch: 1960 lr: 0.01 train_loss: 46326.0703 train_distortion: 3.5085 train_mapscore: 0.9128 train_c: -1.0523 train_max_dist: 42.6211 train_imax: -0.0000 train_imin: -19.2320 time: 2.2333s
INFO:root:Epoch: 1965 lr: 0.01 train_loss: 46324.6602 train_distortion: 3.5113 train_mapscore: 0.9129 train_c: -1.0524 train_max_dist: 42.6602 train_imax: -0.0000 train_imin: -19.3253 time: 2.2232s
INFO:root:Epoch: 1970 lr: 0.01 train_loss: 46312.6562 train_distortion: 3.5118 train_mapscore: 0.9121 train_c: -1.0526 train_max_dist: 42.6523 train_imax: -0.0000 train_imin: -19.2588 time: 2.2793s
INFO:root:Epoch: 1975 lr: 0.01 train_loss: 46317.0625 train_distortion: 3.5123 train_mapscore: 0.9127 train_c: -1.0528 train_max_dist: 42.6797 train_imax: -0.0000 train_imin: -19.3088 time: 2.2602s
INFO:root:Epoch: 1980 lr: 0.01 train_loss: 46342.3281 train_distortion: 3.5141 train_mapscore: 0.9118 train_c: -1.0530 train_max_dist: 42.6953 train_imax: -0.0000 train_imin: -19.3347 time: 2.4152s
INFO:root:Epoch: 1985 lr: 0.01 train_loss: 46336.8320 train_distortion: 3.5131 train_mapscore: 0.9126 train_c: -1.0532 train_max_dist: 42.6992 train_imax: -0.0000 train_imin: -19.3197 time: 2.2156s
INFO:root:Epoch: 1990 lr: 0.01 train_loss: 46319.6055 train_distortion: 3.5125 train_mapscore: 0.9125 train_c: -1.0533 train_max_dist: 42.7051 train_imax: -0.0000 train_imin: -19.3403 time: 2.2544s
INFO:root:Epoch: 1995 lr: 0.01 train_loss: 46339.3672 train_distortion: 3.5168 train_mapscore: 0.9122 train_c: -1.0535 train_max_dist: 42.7695 train_imax: -0.0000 train_imin: -19.3801 time: 2.2096s
INFO:root:Epoch: 2000 lr: 0.0025 train_loss: 46318.9844 train_distortion: 3.5155 train_mapscore: 0.9129 train_c: -1.0537 train_max_dist: 42.7500 train_imax: -0.0000 train_imin: -19.3090 time: 2.2099s
INFO:root:Optimization Finished!
INFO:root:Total time elapsed: 4488.1838s
INFO:root:Val set results: val_distortion: 1.0000 val_mapscore: -1.0000 val_c: -1.0000 val_max_dist: 0.0000
INFO:root:Test set results: test_loss: 46317.7461 test_distortion: 3.5148 test_mapscore: 0.9124 test_c: -1.0537 test_max_dist: 42.7695 test_imax: -0.0000 test_imin: -19.3994
INFO:root:Saved model in /workspace/xiongbo/hgcn/logs/md/2021_5_27/20
