INFO:root:Using: cuda:0
INFO:root:Using seed 1234.
INFO:root:MDModel(
  (encoder): HGCN(
    (layers): Sequential(
      (0): HyperbolicGraphConvolution(
        (linear): HypLinear(
          in_features=4159, out_features=10, c=Parameter containing:
          tensor([-1.], requires_grad=True)
        )
        (agg): HypAgg(
          c=Parameter containing:
          tensor([-1.], requires_grad=True)
        )
        (hyp_act): HypAct(
          c_in=Parameter containing:
          tensor([-1.], requires_grad=True), c_out=Parameter containing:
          tensor([-1.], requires_grad=True)
        )
      )
    )
  )
  (decoder): MDDecoder()
)
INFO:root:Total number of parameters: 41602
/workspace/anaconda3/envs/geo/lib/python3.7/site-packages/torch/optim/lr_scheduler.py:370: UserWarning: To get the last learning rate computed by the scheduler, please use `get_last_lr()`.
  "please use `get_last_lr()`.", UserWarning)
INFO:root:Epoch: 0005 lr: 0.01 train_loss: 213450.8125 train_distortion: 0.8071 train_mapscore: 0.0278 train_c: -1.0003 train_max_dist: 2.0346 train_imax: -0.0000 train_imin: -1.7434 time: 3.3164s
INFO:root:Epoch: 0010 lr: 0.01 train_loss: 204444.7188 train_distortion: 0.7033 train_mapscore: 0.1055 train_c: -1.0008 train_max_dist: 2.8715 train_imax: -0.0000 train_imin: -2.1731 time: 2.9879s
INFO:root:Epoch: 0015 lr: 0.01 train_loss: 198331.3281 train_distortion: 0.6341 train_mapscore: 0.1660 train_c: -1.0013 train_max_dist: 3.5814 train_imax: -0.0000 train_imin: -2.4009 time: 2.9071s
INFO:root:Epoch: 0020 lr: 0.01 train_loss: 192529.3438 train_distortion: 0.5698 train_mapscore: 0.2216 train_c: -1.0018 train_max_dist: 4.5110 train_imax: -0.0000 train_imin: -2.9053 time: 2.9201s
INFO:root:Epoch: 0025 lr: 0.01 train_loss: 186172.0000 train_distortion: 0.5003 train_mapscore: 0.2644 train_c: -1.0024 train_max_dist: 5.3877 train_imax: -0.0000 train_imin: -3.4274 time: 2.7303s
INFO:root:Epoch: 0030 lr: 0.01 train_loss: 178772.6094 train_distortion: 0.4234 train_mapscore: 0.3187 train_c: -1.0030 train_max_dist: 6.4381 train_imax: -0.0000 train_imin: -3.9474 time: 2.6685s
INFO:root:Epoch: 0035 lr: 0.01 train_loss: 170017.4531 train_distortion: 0.3406 train_mapscore: 0.3696 train_c: -1.0036 train_max_dist: 8.0470 train_imax: -0.0000 train_imin: -4.7430 time: 2.6577s
INFO:root:Epoch: 0040 lr: 0.01 train_loss: 159713.1562 train_distortion: 0.2598 train_mapscore: 0.4215 train_c: -1.0043 train_max_dist: 9.2891 train_imax: -0.0000 train_imin: -5.8803 time: 2.6068s
INFO:root:Epoch: 0045 lr: 0.01 train_loss: 147312.4062 train_distortion: 0.1953 train_mapscore: 0.4699 train_c: -1.0050 train_max_dist: 11.0690 train_imax: -0.0000 train_imin: -7.1974 time: 2.6219s
INFO:root:Epoch: 0050 lr: 0.01 train_loss: 132222.2188 train_distortion: 0.1739 train_mapscore: 0.5047 train_c: -1.0056 train_max_dist: 12.9608 train_imax: -0.0000 train_imin: -9.5254 time: 2.6002s
INFO:root:Epoch: 0055 lr: 0.01 train_loss: 115329.6953 train_distortion: 0.2407 train_mapscore: 0.5364 train_c: -1.0063 train_max_dist: 15.3364 train_imax: 0.3719 train_imin: -11.7620 time: 2.5566s
INFO:root:Epoch: 0060 lr: 0.01 train_loss: 98244.2500 train_distortion: 0.4539 train_mapscore: 0.5717 train_c: -1.0070 train_max_dist: 17.9235 train_imax: 0.1040 train_imin: -17.9733 time: 2.5292s
INFO:root:Epoch: 0065 lr: 0.01 train_loss: 83627.3125 train_distortion: 0.8715 train_mapscore: 0.6215 train_c: -1.0077 train_max_dist: 20.9774 train_imax: 0.7965 train_imin: -25.7474 time: 2.5230s
INFO:root:Epoch: 0070 lr: 0.01 train_loss: 73307.4375 train_distortion: 1.5251 train_mapscore: 0.6670 train_c: -1.0084 train_max_dist: 23.7122 train_imax: 0.9282 train_imin: -36.3100 time: 2.5166s
INFO:root:Epoch: 0075 lr: 0.01 train_loss: 67017.4062 train_distortion: 2.3479 train_mapscore: 0.7048 train_c: -1.0089 train_max_dist: 26.3628 train_imax: 1.8693 train_imin: -52.4049 time: 2.5509s
INFO:root:Epoch: 0080 lr: 0.01 train_loss: 63097.1523 train_distortion: 3.2036 train_mapscore: 0.7310 train_c: -1.0094 train_max_dist: 28.5703 train_imax: 3.2167 train_imin: -62.6232 time: 2.5605s
INFO:root:Epoch: 0085 lr: 0.01 train_loss: 60577.4609 train_distortion: 3.9510 train_mapscore: 0.7478 train_c: -1.0097 train_max_dist: 30.3188 train_imax: 4.7655 train_imin: -70.5324 time: 2.5041s
INFO:root:Epoch: 0090 lr: 0.01 train_loss: 77518.3359 train_distortion: 4.2071 train_mapscore: 0.5534 train_c: -1.0099 train_max_dist: 30.9712 train_imax: 4.8823 train_imin: -72.9145 time: 2.5245s
INFO:root:Epoch: 0095 lr: 0.01 train_loss: 85568.4688 train_distortion: 3.8001 train_mapscore: 0.4412 train_c: -1.0101 train_max_dist: 30.2852 train_imax: 9.3212 train_imin: -67.7759 time: 2.5815s
INFO:root:Epoch: 0100 lr: 0.01 train_loss: 82217.7656 train_distortion: 3.3375 train_mapscore: 0.4549 train_c: -1.0101 train_max_dist: 29.3374 train_imax: 8.6303 train_imin: -62.6661 time: 2.5686s
INFO:root:Epoch: 0105 lr: 0.01 train_loss: 76831.8281 train_distortion: 3.0785 train_mapscore: 0.5071 train_c: -1.0102 train_max_dist: 28.6133 train_imax: 7.4022 train_imin: -60.0209 time: 2.5760s
INFO:root:Epoch: 0110 lr: 0.01 train_loss: 71876.2109 train_distortion: 3.0714 train_mapscore: 0.5680 train_c: -1.0104 train_max_dist: 28.7769 train_imax: 6.6953 train_imin: -59.1181 time: 2.5708s
INFO:root:Epoch: 0115 lr: 0.01 train_loss: 67269.0234 train_distortion: 3.3003 train_mapscore: 0.6197 train_c: -1.0105 train_max_dist: 29.4688 train_imax: 6.3644 train_imin: -61.5323 time: 2.5798s
INFO:root:Epoch: 0120 lr: 0.01 train_loss: 63109.0625 train_distortion: 3.7073 train_mapscore: 0.6776 train_c: -1.0107 train_max_dist: 30.5684 train_imax: 6.2410 train_imin: -65.0851 time: 2.5439s
INFO:root:Epoch: 0125 lr: 0.01 train_loss: 59765.2422 train_distortion: 4.2299 train_mapscore: 0.7166 train_c: -1.0109 train_max_dist: 31.6172 train_imax: 6.9718 train_imin: -69.3742 time: 2.5373s
INFO:root:Epoch: 0130 lr: 0.01 train_loss: 57002.3203 train_distortion: 4.8221 train_mapscore: 0.7532 train_c: -1.0111 train_max_dist: 32.7871 train_imax: 7.9252 train_imin: -78.8060 time: 2.5342s
INFO:root:Epoch: 0135 lr: 0.01 train_loss: 55590.5586 train_distortion: 5.4179 train_mapscore: 0.7707 train_c: -1.0112 train_max_dist: 33.9863 train_imax: 9.1000 train_imin: -83.4244 time: 2.5449s
INFO:root:Epoch: 0140 lr: 0.01 train_loss: 54556.5703 train_distortion: 5.9450 train_mapscore: 0.7840 train_c: -1.0113 train_max_dist: 35.2051 train_imax: 9.8960 train_imin: -89.5156 time: 2.5694s
INFO:root:Epoch: 0145 lr: 0.01 train_loss: 53929.1719 train_distortion: 6.3689 train_mapscore: 0.7965 train_c: -1.0113 train_max_dist: 35.8340 train_imax: 11.2133 train_imin: -96.8186 time: 2.5638s
INFO:root:Epoch: 0150 lr: 0.01 train_loss: 52740.1172 train_distortion: 6.6724 train_mapscore: 0.8115 train_c: -1.0113 train_max_dist: 36.3291 train_imax: 11.8482 train_imin: -99.5809 time: 2.5598s
INFO:root:Epoch: 0155 lr: 0.01 train_loss: 52275.5312 train_distortion: 6.8974 train_mapscore: 0.8181 train_c: -1.0113 train_max_dist: 36.5605 train_imax: 12.6029 train_imin: -101.4259 time: 2.5312s
INFO:root:Epoch: 0160 lr: 0.01 train_loss: 51211.9609 train_distortion: 7.0557 train_mapscore: 0.8291 train_c: -1.0112 train_max_dist: 36.7305 train_imax: 12.2226 train_imin: -104.6932 time: 2.5296s
INFO:root:Epoch: 0165 lr: 0.01 train_loss: 50314.2031 train_distortion: 7.1697 train_mapscore: 0.8394 train_c: -1.0112 train_max_dist: 36.9600 train_imax: 11.3434 train_imin: -106.3109 time: 2.5223s
INFO:root:Epoch: 0170 lr: 0.01 train_loss: 49799.3008 train_distortion: 7.2781 train_mapscore: 0.8418 train_c: -1.0111 train_max_dist: 37.2305 train_imax: 11.9183 train_imin: -107.5394 time: 2.5475s
INFO:root:Epoch: 0175 lr: 0.01 train_loss: 51423.5234 train_distortion: 7.3935 train_mapscore: 0.8284 train_c: -1.0110 train_max_dist: 37.3545 train_imax: 11.4976 train_imin: -108.1301 time: 2.5550s
INFO:root:Epoch: 0180 lr: 0.01 train_loss: 52585.4258 train_distortion: 7.3577 train_mapscore: 0.8053 train_c: -1.0109 train_max_dist: 37.4404 train_imax: 12.1100 train_imin: -107.0959 time: 2.5267s
INFO:root:Epoch: 0185 lr: 0.01 train_loss: 88740.3594 train_distortion: 6.3562 train_mapscore: 0.4444 train_c: -1.0107 train_max_dist: 35.9033 train_imax: 15.5133 train_imin: -99.9267 time: 2.5462s
INFO:root:Epoch: 0190 lr: 0.01 train_loss: 88108.2344 train_distortion: 4.7731 train_mapscore: 0.4116 train_c: -1.0105 train_max_dist: 33.3457 train_imax: 11.8386 train_imin: -80.1236 time: 2.5471s
INFO:root:Epoch: 0195 lr: 0.01 train_loss: 83525.9844 train_distortion: 3.6666 train_mapscore: 0.4370 train_c: -1.0104 train_max_dist: 31.2720 train_imax: 9.2828 train_imin: -64.3115 time: 2.5562s
INFO:root:Epoch: 0200 lr: 0.01 train_loss: 79291.3672 train_distortion: 3.1670 train_mapscore: 0.4781 train_c: -1.0104 train_max_dist: 30.1792 train_imax: 8.4454 train_imin: -57.4906 time: 2.5709s
INFO:root:Epoch: 0205 lr: 0.01 train_loss: 74760.0469 train_distortion: 3.1444 train_mapscore: 0.5340 train_c: -1.0106 train_max_dist: 30.1802 train_imax: 8.1703 train_imin: -56.9872 time: 2.5832s
INFO:root:Epoch: 0210 lr: 0.01 train_loss: 70316.5781 train_distortion: 3.4691 train_mapscore: 0.5866 train_c: -1.0108 train_max_dist: 30.9194 train_imax: 8.7863 train_imin: -61.6110 time: 2.5421s
INFO:root:Epoch: 0215 lr: 0.01 train_loss: 66407.8125 train_distortion: 4.0193 train_mapscore: 0.6342 train_c: -1.0111 train_max_dist: 32.0825 train_imax: 9.8518 train_imin: -68.7981 time: 2.5323s
INFO:root:Epoch: 0220 lr: 0.01 train_loss: 62780.7422 train_distortion: 4.6930 train_mapscore: 0.6796 train_c: -1.0113 train_max_dist: 33.3955 train_imax: 11.1933 train_imin: -76.3288 time: 2.5467s
INFO:root:Epoch: 0225 lr: 0.01 train_loss: 59467.3906 train_distortion: 5.4328 train_mapscore: 0.7287 train_c: -1.0115 train_max_dist: 34.7510 train_imax: 11.9264 train_imin: -86.0462 time: 2.5515s
INFO:root:Epoch: 0230 lr: 0.01 train_loss: 56981.3047 train_distortion: 6.1872 train_mapscore: 0.7677 train_c: -1.0116 train_max_dist: 35.9844 train_imax: 13.1123 train_imin: -96.0990 time: 2.5697s
INFO:root:Epoch: 0235 lr: 0.01 train_loss: 55394.2695 train_distortion: 6.9190 train_mapscore: 0.7895 train_c: -1.0116 train_max_dist: 37.1328 train_imax: 13.9073 train_imin: -105.4680 time: 2.5688s
INFO:root:Epoch: 0240 lr: 0.01 train_loss: 58509.4883 train_distortion: 7.4749 train_mapscore: 0.7342 train_c: -1.0116 train_max_dist: 37.9189 train_imax: 15.2617 train_imin: -112.1588 time: 2.5553s
INFO:root:Epoch: 0245 lr: 0.01 train_loss: 64310.6797 train_distortion: 7.6849 train_mapscore: 0.6643 train_c: -1.0115 train_max_dist: 38.3281 train_imax: 14.6969 train_imin: -112.1778 time: 2.5237s
INFO:root:Epoch: 0250 lr: 0.01 train_loss: 70865.7266 train_distortion: 7.1939 train_mapscore: 0.5754 train_c: -1.0113 train_max_dist: 37.6279 train_imax: 13.2711 train_imin: -98.5725 time: 2.5260s
INFO:root:Epoch: 0255 lr: 0.01 train_loss: 66939.7031 train_distortion: 6.3689 train_mapscore: 0.6119 train_c: -1.0111 train_max_dist: 36.3584 train_imax: 11.3035 train_imin: -88.2537 time: 2.5275s
INFO:root:Epoch: 0260 lr: 0.01 train_loss: 63242.2617 train_distortion: 5.8158 train_mapscore: 0.6601 train_c: -1.0110 train_max_dist: 35.5049 train_imax: 9.7854 train_imin: -84.0873 time: 2.5203s
INFO:root:Epoch: 0265 lr: 0.01 train_loss: 59859.0664 train_distortion: 5.6883 train_mapscore: 0.7096 train_c: -1.0109 train_max_dist: 35.2627 train_imax: 9.0224 train_imin: -81.3581 time: 2.5593s
INFO:root:Epoch: 0270 lr: 0.01 train_loss: 56948.0664 train_distortion: 5.9703 train_mapscore: 0.7481 train_c: -1.0109 train_max_dist: 35.7373 train_imax: 9.5452 train_imin: -84.4207 time: 2.5538s
INFO:root:Epoch: 0275 lr: 0.01 train_loss: 54758.0078 train_distortion: 6.5542 train_mapscore: 0.7766 train_c: -1.0109 train_max_dist: 36.6602 train_imax: 11.5722 train_imin: -90.4658 time: 2.5277s
INFO:root:Epoch: 0280 lr: 0.01 train_loss: 52849.7344 train_distortion: 7.2798 train_mapscore: 0.8070 train_c: -1.0109 train_max_dist: 37.8730 train_imax: 10.9828 train_imin: -98.9395 time: 2.5073s
INFO:root:Epoch: 0285 lr: 0.01 train_loss: 54786.5547 train_distortion: 7.9592 train_mapscore: 0.7769 train_c: -1.0109 train_max_dist: 38.6855 train_imax: 11.3725 train_imin: -109.0181 time: 2.5271s
INFO:root:Epoch: 0290 lr: 0.01 train_loss: 53498.2070 train_distortion: 8.3950 train_mapscore: 0.8005 train_c: -1.0108 train_max_dist: 39.3457 train_imax: 12.3846 train_imin: -114.3845 time: 2.5291s
INFO:root:Epoch: 0295 lr: 0.01 train_loss: 52214.3828 train_distortion: 8.6841 train_mapscore: 0.8222 train_c: -1.0106 train_max_dist: 39.7852 train_imax: 12.2565 train_imin: -116.0847 time: 2.5550s
INFO:root:Epoch: 0300 lr: 0.01 train_loss: 50868.2578 train_distortion: 8.8917 train_mapscore: 0.8376 train_c: -1.0105 train_max_dist: 40.0332 train_imax: 12.6962 train_imin: -115.3727 time: 2.5499s
INFO:root:Epoch: 0305 lr: 0.01 train_loss: 70041.3750 train_distortion: 8.8062 train_mapscore: 0.6266 train_c: -1.0103 train_max_dist: 40.0059 train_imax: 11.2485 train_imin: -114.2772 time: 2.5249s
INFO:root:Epoch: 0310 lr: 0.01 train_loss: 99156.3438 train_distortion: 7.4234 train_mapscore: 0.3766 train_c: -1.0100 train_max_dist: 38.3750 train_imax: 12.3677 train_imin: -100.6973 time: 2.5648s
INFO:root:Epoch: 0315 lr: 0.01 train_loss: 116181.1562 train_distortion: 4.5024 train_mapscore: 0.2503 train_c: -1.0096 train_max_dist: 33.4639 train_imax: 11.6388 train_imin: -68.0948 time: 2.5889s
INFO:root:Epoch: 0320 lr: 0.01 train_loss: 116194.5000 train_distortion: 2.4218 train_mapscore: 0.2248 train_c: -1.0093 train_max_dist: 28.5210 train_imax: 10.2530 train_imin: -42.9698 time: 2.6277s
INFO:root:Epoch: 0325 lr: 0.01 train_loss: 115705.5391 train_distortion: 1.4719 train_mapscore: 0.2251 train_c: -1.0092 train_max_dist: 25.2705 train_imax: 7.4463 train_imin: -30.8091 time: 2.6598s
INFO:root:Epoch: 0330 lr: 0.01 train_loss: 113666.6719 train_distortion: 1.1976 train_mapscore: 0.2387 train_c: -1.0094 train_max_dist: 24.0765 train_imax: 5.8267 train_imin: -27.0836 time: 2.6602s
INFO:root:Epoch: 0335 lr: 0.01 train_loss: 109161.5781 train_distortion: 1.2904 train_mapscore: 0.2571 train_c: -1.0098 train_max_dist: 24.4581 train_imax: 5.9417 train_imin: -28.1759 time: 2.6195s
INFO:root:Epoch: 0340 lr: 0.01 train_loss: 103778.2031 train_distortion: 1.6041 train_mapscore: 0.2845 train_c: -1.0104 train_max_dist: 25.7224 train_imax: 6.3391 train_imin: -31.7377 time: 2.6139s
INFO:root:Epoch: 0345 lr: 0.01 train_loss: 98755.6953 train_distortion: 2.0158 train_mapscore: 0.3161 train_c: -1.0109 train_max_dist: 27.1638 train_imax: 7.3100 train_imin: -36.1304 time: 2.6108s
INFO:root:Epoch: 0350 lr: 0.01 train_loss: 94402.8203 train_distortion: 2.4235 train_mapscore: 0.3589 train_c: -1.0114 train_max_dist: 28.4167 train_imax: 8.3946 train_imin: -40.5225 time: 2.6045s
INFO:root:Epoch: 0355 lr: 0.01 train_loss: 90599.9844 train_distortion: 2.7687 train_mapscore: 0.4025 train_c: -1.0118 train_max_dist: 29.3975 train_imax: 9.3834 train_imin: -44.4197 time: 2.6219s
INFO:root:Epoch: 0360 lr: 0.01 train_loss: 87204.1406 train_distortion: 3.0479 train_mapscore: 0.4433 train_c: -1.0121 train_max_dist: 30.1484 train_imax: 9.9838 train_imin: -48.4822 time: 2.6177s
INFO:root:Epoch: 0365 lr: 0.01 train_loss: 84204.8125 train_distortion: 3.2889 train_mapscore: 0.4857 train_c: -1.0124 train_max_dist: 30.7529 train_imax: 10.4701 train_imin: -52.1366 time: 2.6128s
INFO:root:Epoch: 0370 lr: 0.01 train_loss: 81502.5625 train_distortion: 3.5263 train_mapscore: 0.5292 train_c: -1.0125 train_max_dist: 31.2910 train_imax: 11.1140 train_imin: -54.8035 time: 2.5751s
INFO:root:Epoch: 0375 lr: 0.01 train_loss: 78967.7188 train_distortion: 3.7903 train_mapscore: 0.5675 train_c: -1.0126 train_max_dist: 31.9155 train_imax: 12.0173 train_imin: -57.3150 time: 2.5662s
INFO:root:Epoch: 0380 lr: 0.01 train_loss: 76750.1562 train_distortion: 4.0925 train_mapscore: 0.5963 train_c: -1.0127 train_max_dist: 32.5884 train_imax: 13.0027 train_imin: -60.3698 time: 2.5591s
INFO:root:Epoch: 0385 lr: 0.01 train_loss: 74729.1484 train_distortion: 4.4309 train_mapscore: 0.6250 train_c: -1.0128 train_max_dist: 33.2803 train_imax: 13.8010 train_imin: -63.9920 time: 2.6299s
INFO:root:Epoch: 0390 lr: 0.01 train_loss: 72956.4844 train_distortion: 4.8053 train_mapscore: 0.6521 train_c: -1.0128 train_max_dist: 34.0068 train_imax: 14.8224 train_imin: -68.9407 time: 2.6096s
INFO:root:Epoch: 0395 lr: 0.01 train_loss: 71293.5156 train_distortion: 5.2030 train_mapscore: 0.6722 train_c: -1.0127 train_max_dist: 34.7812 train_imax: 15.8482 train_imin: -73.5694 time: 2.5770s
INFO:root:Epoch: 0400 lr: 0.01 train_loss: 69852.6875 train_distortion: 5.6050 train_mapscore: 0.6917 train_c: -1.0126 train_max_dist: 35.5288 train_imax: 16.9057 train_imin: -78.6003 time: 2.5580s
INFO:root:Epoch: 0405 lr: 0.01 train_loss: 68526.6797 train_distortion: 6.0076 train_mapscore: 0.7060 train_c: -1.0125 train_max_dist: 36.2373 train_imax: 17.9848 train_imin: -82.9952 time: 2.5615s
INFO:root:Epoch: 0410 lr: 0.01 train_loss: 68652.6328 train_distortion: 6.3935 train_mapscore: 0.6960 train_c: -1.0124 train_max_dist: 36.8857 train_imax: 19.0009 train_imin: -87.3120 time: 2.5450s
INFO:root:Epoch: 0415 lr: 0.01 train_loss: 67831.5156 train_distortion: 6.6868 train_mapscore: 0.7015 train_c: -1.0121 train_max_dist: 37.3750 train_imax: 20.0491 train_imin: -90.0480 time: 2.5488s
INFO:root:Epoch: 0420 lr: 0.01 train_loss: 66762.6875 train_distortion: 6.9185 train_mapscore: 0.7244 train_c: -1.0119 train_max_dist: 37.7949 train_imax: 20.6344 train_imin: -93.0856 time: 2.5768s
INFO:root:Epoch: 0425 lr: 0.01 train_loss: 66391.1094 train_distortion: 7.1449 train_mapscore: 0.7261 train_c: -1.0116 train_max_dist: 38.1309 train_imax: 21.0096 train_imin: -96.3953 time: 2.5724s
INFO:root:Epoch: 0430 lr: 0.01 train_loss: 86925.3516 train_distortion: 7.1219 train_mapscore: 0.4594 train_c: -1.0113 train_max_dist: 38.0322 train_imax: 21.6675 train_imin: -95.8000 time: 2.5539s
INFO:root:Epoch: 0435 lr: 0.01 train_loss: 122320.7812 train_distortion: 5.0561 train_mapscore: 0.2487 train_c: -1.0108 train_max_dist: 34.6953 train_imax: 19.3206 train_imin: -71.1923 time: 2.6090s
INFO:root:Epoch: 0440 lr: 0.01 train_loss: 122344.3516 train_distortion: 2.7841 train_mapscore: 0.2218 train_c: -1.0103 train_max_dist: 29.7480 train_imax: 13.7682 train_imin: -43.8461 time: 2.6368s
INFO:root:Epoch: 0445 lr: 0.01 train_loss: 121791.6016 train_distortion: 1.5251 train_mapscore: 0.2148 train_c: -1.0099 train_max_dist: 25.6936 train_imax: 9.7661 train_imin: -29.0796 time: 2.6577s
INFO:root:Epoch: 0450 lr: 0.01 train_loss: 121502.9688 train_distortion: 1.0467 train_mapscore: 0.2226 train_c: -1.0100 train_max_dist: 23.5012 train_imax: 8.1734 train_imin: -23.7719 time: 2.7040s
INFO:root:Epoch: 0455 lr: 0.01 train_loss: 119397.3906 train_distortion: 0.9887 train_mapscore: 0.2348 train_c: -1.0103 train_max_dist: 23.1143 train_imax: 7.8310 train_imin: -22.8763 time: 2.6946s
INFO:root:Epoch: 0460 lr: 0.01 train_loss: 115440.0234 train_distortion: 1.1757 train_mapscore: 0.2493 train_c: -1.0108 train_max_dist: 23.9717 train_imax: 8.4378 train_imin: -24.5829 time: 2.6517s
INFO:root:Epoch: 0465 lr: 0.01 train_loss: 111025.5625 train_distortion: 1.5236 train_mapscore: 0.2680 train_c: -1.0114 train_max_dist: 25.4089 train_imax: 9.7212 train_imin: -27.6806 time: 2.6511s
INFO:root:Epoch: 0470 lr: 0.01 train_loss: 107079.8906 train_distortion: 1.9344 train_mapscore: 0.2999 train_c: -1.0120 train_max_dist: 26.8652 train_imax: 11.0335 train_imin: -31.4737 time: 2.6464s
INFO:root:Epoch: 0475 lr: 0.01 train_loss: 103742.9531 train_distortion: 2.3034 train_mapscore: 0.3322 train_c: -1.0125 train_max_dist: 28.0220 train_imax: 12.3221 train_imin: -34.7717 time: 2.6421s
INFO:root:Epoch: 0480 lr: 0.01 train_loss: 100701.3672 train_distortion: 2.5796 train_mapscore: 0.3624 train_c: -1.0129 train_max_dist: 32.0000 train_imax: 13.2246 train_imin: -37.3025 time: 2.6579s
INFO:root:Epoch: 0485 lr: 0.01 train_loss: 97955.7812 train_distortion: 2.7744 train_mapscore: 0.3977 train_c: -1.0132 train_max_dist: 29.3457 train_imax: 13.6931 train_imin: -39.1121 time: 2.6519s
INFO:root:Epoch: 0490 lr: 0.01 train_loss: 95451.5625 train_distortion: 2.9285 train_mapscore: 0.4329 train_c: -1.0134 train_max_dist: 29.7461 train_imax: 14.2578 train_imin: -40.5300 time: 2.6099s
INFO:root:Epoch: 0495 lr: 0.01 train_loss: 93207.9531 train_distortion: 3.0785 train_mapscore: 0.4659 train_c: -1.0136 train_max_dist: 30.1113 train_imax: 14.5178 train_imin: -41.9345 time: 2.6059s
INFO:root:Epoch: 0500 lr: 0.01 train_loss: 91264.9688 train_distortion: 3.2435 train_mapscore: 0.4921 train_c: -1.0137 train_max_dist: 30.4878 train_imax: 14.9794 train_imin: -43.4571 time: 2.5998s
INFO:root:Epoch: 0505 lr: 0.01 train_loss: 89443.3750 train_distortion: 3.4371 train_mapscore: 0.5145 train_c: -1.0138 train_max_dist: 30.9043 train_imax: 15.4450 train_imin: -45.3908 time: 2.6093s
INFO:root:Epoch: 0510 lr: 0.01 train_loss: 87934.0469 train_distortion: 3.6610 train_mapscore: 0.5333 train_c: -1.0139 train_max_dist: 31.3804 train_imax: 16.0825 train_imin: -47.6354 time: 2.6402s
INFO:root:Epoch: 0515 lr: 0.01 train_loss: 86412.6875 train_distortion: 3.8957 train_mapscore: 0.5535 train_c: -1.0139 train_max_dist: 31.8750 train_imax: 16.7290 train_imin: -49.7482 time: 2.6348s
INFO:root:Epoch: 0520 lr: 0.01 train_loss: 85053.6406 train_distortion: 4.1196 train_mapscore: 0.5720 train_c: -1.0139 train_max_dist: 32.3516 train_imax: 17.5232 train_imin: -51.8528 time: 2.6450s
INFO:root:Epoch: 0525 lr: 0.01 train_loss: 83679.0234 train_distortion: 4.3417 train_mapscore: 0.5924 train_c: -1.0138 train_max_dist: 32.8193 train_imax: 18.2118 train_imin: -53.9523 time: 2.5984s
INFO:root:Epoch: 0530 lr: 0.01 train_loss: 82321.7578 train_distortion: 4.5770 train_mapscore: 0.6112 train_c: -1.0138 train_max_dist: 33.2920 train_imax: 19.0136 train_imin: -56.1879 time: 2.5905s
INFO:root:Epoch: 0535 lr: 0.01 train_loss: 81113.6484 train_distortion: 4.8246 train_mapscore: 0.6309 train_c: -1.0136 train_max_dist: 33.7617 train_imax: 19.9622 train_imin: -58.5440 time: 2.5954s
INFO:root:Epoch: 0540 lr: 0.01 train_loss: 80052.5625 train_distortion: 5.0789 train_mapscore: 0.6440 train_c: -1.0135 train_max_dist: 34.2256 train_imax: 21.1000 train_imin: -60.7796 time: 2.5857s
INFO:root:Epoch: 0545 lr: 0.01 train_loss: 79123.1250 train_distortion: 5.3218 train_mapscore: 0.6511 train_c: -1.0133 train_max_dist: 34.6924 train_imax: 21.9511 train_imin: -63.1066 time: 2.6186s
INFO:root:Epoch: 0550 lr: 0.01 train_loss: 78204.8984 train_distortion: 5.5644 train_mapscore: 0.6629 train_c: -1.0131 train_max_dist: 35.1357 train_imax: 22.8809 train_imin: -65.5563 time: 2.6266s
INFO:root:Epoch: 0555 lr: 0.01 train_loss: 77321.0391 train_distortion: 5.8022 train_mapscore: 0.6747 train_c: -1.0129 train_max_dist: 35.5781 train_imax: 23.7106 train_imin: -68.1175 time: 2.5828s
INFO:root:Epoch: 0560 lr: 0.01 train_loss: 78407.2109 train_distortion: 6.0016 train_mapscore: 0.6355 train_c: -1.0126 train_max_dist: 35.8984 train_imax: 25.0094 train_imin: -70.1142 time: 2.5933s
INFO:root:Epoch: 0565 lr: 0.01 train_loss: 78471.1016 train_distortion: 6.0847 train_mapscore: 0.6385 train_c: -1.0123 train_max_dist: 36.0225 train_imax: 30.3077 train_imin: -71.3251 time: 2.5875s
INFO:root:Epoch: 0570 lr: 0.01 train_loss: 77142.3281 train_distortion: 6.1204 train_mapscore: 0.6596 train_c: -1.0119 train_max_dist: 36.0742 train_imax: 25.7494 train_imin: -71.9550 time: 2.5819s
INFO:root:Epoch: 0575 lr: 0.01 train_loss: 75986.4531 train_distortion: 6.1799 train_mapscore: 0.6802 train_c: -1.0116 train_max_dist: 36.1660 train_imax: 25.4574 train_imin: -72.7874 time: 2.6162s
INFO:root:Epoch: 0580 lr: 0.01 train_loss: 78441.0547 train_distortion: 6.1734 train_mapscore: 0.6031 train_c: -1.0112 train_max_dist: 36.2109 train_imax: 25.4969 train_imin: -72.9854 time: 2.6178s
INFO:root:Epoch: 0585 lr: 0.01 train_loss: 78019.7500 train_distortion: 6.0828 train_mapscore: 0.6057 train_c: -1.0109 train_max_dist: 36.1367 train_imax: 24.9039 train_imin: -72.7768 time: 2.5826s
INFO:root:Epoch: 0590 lr: 0.01 train_loss: 78191.8750 train_distortion: 5.9952 train_mapscore: 0.5924 train_c: -1.0105 train_max_dist: 36.0537 train_imax: 24.8078 train_imin: -72.9177 time: 2.5829s
INFO:root:Epoch: 0595 lr: 0.01 train_loss: 88427.8906 train_distortion: 5.7783 train_mapscore: 0.4375 train_c: -1.0101 train_max_dist: 35.7480 train_imax: 25.1106 train_imin: -70.7079 time: 2.5764s
INFO:root:Epoch: 0600 lr: 0.01 train_loss: 88208.3047 train_distortion: 5.1500 train_mapscore: 0.4344 train_c: -1.0097 train_max_dist: 34.6992 train_imax: 23.4302 train_imin: -64.3264 time: 2.5651s
INFO:root:Epoch: 0605 lr: 0.01 train_loss: 85914.8984 train_distortion: 4.5329 train_mapscore: 0.4592 train_c: -1.0094 train_max_dist: 33.5156 train_imax: 20.3997 train_imin: -58.5651 time: 2.6121s
INFO:root:Epoch: 0610 lr: 0.01 train_loss: 83513.6250 train_distortion: 4.2127 train_mapscore: 0.4987 train_c: -1.0092 train_max_dist: 32.8804 train_imax: 18.9617 train_imin: -55.9457 time: 2.6073s
INFO:root:Epoch: 0615 lr: 0.01 train_loss: 84619.8906 train_distortion: 4.2195 train_mapscore: 0.4660 train_c: -1.0091 train_max_dist: 32.9355 train_imax: 19.0232 train_imin: -70.9489 time: 2.5821s
INFO:root:Epoch: 0620 lr: 0.01 train_loss: 84202.1172 train_distortion: 4.3257 train_mapscore: 0.4770 train_c: -1.0091 train_max_dist: 33.1924 train_imax: 19.5357 train_imin: -79.3277 time: 2.5906s
INFO:root:Epoch: 0625 lr: 0.01 train_loss: 81743.6875 train_distortion: 4.4679 train_mapscore: 0.5190 train_c: -1.0091 train_max_dist: 33.5278 train_imax: 20.3320 train_imin: -82.2979 time: 2.5814s
INFO:root:Epoch: 0630 lr: 0.01 train_loss: 79368.4531 train_distortion: 4.6977 train_mapscore: 0.5625 train_c: -1.0091 train_max_dist: 34.0498 train_imax: 21.2215 train_imin: -85.7336 time: 2.5752s
INFO:root:Epoch: 0635 lr: 0.01 train_loss: 76997.5938 train_distortion: 5.0399 train_mapscore: 0.6085 train_c: -1.0091 train_max_dist: 34.7432 train_imax: 22.3659 train_imin: -90.7219 time: 2.5986s
INFO:root:Epoch: 0640 lr: 0.01 train_loss: 74957.1094 train_distortion: 5.4775 train_mapscore: 0.6470 train_c: -1.0090 train_max_dist: 35.5439 train_imax: 24.5269 train_imin: -97.1206 time: 2.6022s
INFO:root:Epoch: 0645 lr: 0.01 train_loss: 79101.0625 train_distortion: 5.8594 train_mapscore: 0.5467 train_c: -1.0089 train_max_dist: 36.2139 train_imax: 25.9564 train_imin: -103.6848 time: 2.6164s
INFO:root:Epoch: 0650 lr: 0.01 train_loss: 81602.0703 train_distortion: 5.8703 train_mapscore: 0.5123 train_c: -1.0087 train_max_dist: 36.1748 train_imax: 25.7893 train_imin: -105.7271 time: 2.5804s
INFO:root:Epoch: 0655 lr: 0.01 train_loss: 79283.1953 train_distortion: 5.6302 train_mapscore: 0.5439 train_c: -1.0085 train_max_dist: 35.7158 train_imax: 25.0318 train_imin: -103.5145 time: 2.5704s
INFO:root:Epoch: 0660 lr: 0.01 train_loss: 76464.7344 train_distortion: 5.4724 train_mapscore: 0.5873 train_c: -1.0083 train_max_dist: 35.4473 train_imax: 24.8710 train_imin: -101.9263 time: 2.5731s
INFO:root:Epoch: 0665 lr: 0.01 train_loss: 74066.4062 train_distortion: 5.5520 train_mapscore: 0.6321 train_c: -1.0081 train_max_dist: 35.5908 train_imax: 25.0093 train_imin: -103.3615 time: 2.5731s
INFO:root:Epoch: 0670 lr: 0.01 train_loss: 71902.6641 train_distortion: 5.8722 train_mapscore: 0.6774 train_c: -1.0079 train_max_dist: 50.0000 train_imax: 25.9872 train_imin: -108.2005 time: 2.6240s
INFO:root:Epoch: 0675 lr: 0.01 train_loss: 70472.5234 train_distortion: 6.3578 train_mapscore: 0.6912 train_c: -1.0078 train_max_dist: 36.9932 train_imax: 27.8182 train_imin: -115.4372 time: 2.6119s
INFO:root:Epoch: 0680 lr: 0.01 train_loss: 69215.5781 train_distortion: 6.9072 train_mapscore: 0.7148 train_c: -1.0076 train_max_dist: 37.8652 train_imax: 30.4472 train_imin: -123.8470 time: 2.5555s
INFO:root:Epoch: 0685 lr: 0.01 train_loss: 83381.6797 train_distortion: 7.4527 train_mapscore: 0.5089 train_c: -1.0073 train_max_dist: 48.0000 train_imax: 34.7992 train_imin: -133.5069 time: 2.5661s
INFO:root:Epoch: 0690 lr: 0.01 train_loss: 111503.4844 train_distortion: 6.5075 train_mapscore: 0.3143 train_c: -1.0067 train_max_dist: 48.0000 train_imax: 31.8678 train_imin: -166.1599 time: 2.6051s
INFO:root:Epoch: 0695 lr: 0.01 train_loss: 109995.3438 train_distortion: 4.3152 train_mapscore: 0.2976 train_c: -1.0060 train_max_dist: 32.9482 train_imax: 21.4674 train_imin: -135.9384 time: 2.6197s
INFO:root:Epoch: 0700 lr: 0.01 train_loss: 107554.4844 train_distortion: 2.7811 train_mapscore: 0.2866 train_c: -1.0056 train_max_dist: 29.3867 train_imax: 15.1640 train_imin: -104.1156 time: 2.6548s
INFO:root:Epoch: 0705 lr: 0.01 train_loss: 107639.7812 train_distortion: 2.0668 train_mapscore: 0.2873 train_c: -1.0054 train_max_dist: 27.2415 train_imax: 11.2401 train_imin: -87.2253 time: 2.6552s
INFO:root:Epoch: 0710 lr: 0.01 train_loss: 106139.6250 train_distortion: 1.8498 train_mapscore: 0.3031 train_c: -1.0055 train_max_dist: 26.4175 train_imax: 9.3767 train_imin: -81.6080 time: 2.6259s
INFO:root:Epoch: 0715 lr: 0.01 train_loss: 103558.8125 train_distortion: 1.9461 train_mapscore: 0.3188 train_c: -1.0058 train_max_dist: 26.7473 train_imax: 9.1061 train_imin: -83.9268 time: 2.6233s
INFO:root:Epoch: 0720 lr: 0.01 train_loss: 100790.3047 train_distortion: 2.2128 train_mapscore: 0.3357 train_c: -1.0063 train_max_dist: 27.6057 train_imax: 9.8840 train_imin: -90.4966 time: 2.6111s
INFO:root:Epoch: 0725 lr: 0.01 train_loss: 97643.0703 train_distortion: 2.5838 train_mapscore: 0.3673 train_c: -1.0067 train_max_dist: 28.6843 train_imax: 10.8671 train_imin: -99.4315 time: 2.6087s
INFO:root:Epoch: 0730 lr: 0.01 train_loss: 94633.9844 train_distortion: 2.9957 train_mapscore: 0.4034 train_c: -1.0071 train_max_dist: 29.7900 train_imax: 11.8790 train_imin: -109.1782 time: 2.6356s
INFO:root:Epoch: 0735 lr: 0.01 train_loss: 91817.5000 train_distortion: 3.3872 train_mapscore: 0.4440 train_c: -1.0075 train_max_dist: 32.0000 train_imax: 12.9109 train_imin: -118.1363 time: 2.6481s
INFO:root:Epoch: 0740 lr: 0.01 train_loss: 89257.5312 train_distortion: 3.7266 train_mapscore: 0.4869 train_c: -1.0077 train_max_dist: 31.5352 train_imax: 13.5916 train_imin: -125.6269 time: 2.6059s
INFO:root:Epoch: 0745 lr: 0.01 train_loss: 86988.6094 train_distortion: 4.0284 train_mapscore: 0.5247 train_c: -1.0078 train_max_dist: 32.2109 train_imax: 14.2434 train_imin: -132.2202 time: 2.5861s
INFO:root:Epoch: 0750 lr: 0.01 train_loss: 85016.5469 train_distortion: 4.3116 train_mapscore: 0.5619 train_c: -1.0079 train_max_dist: 32.7822 train_imax: 15.1465 train_imin: -138.3060 time: 2.5923s
INFO:root:Epoch: 0755 lr: 0.01 train_loss: 83217.2031 train_distortion: 4.5968 train_mapscore: 0.5905 train_c: -1.0078 train_max_dist: 48.0000 train_imax: 16.0657 train_imin: -144.4980 time: 2.5940s
INFO:root:Epoch: 0760 lr: 0.01 train_loss: 81592.0000 train_distortion: 4.8932 train_mapscore: 0.6209 train_c: -1.0078 train_max_dist: 33.9443 train_imax: 16.9280 train_imin: -150.9107 time: 2.6249s
INFO:root:Epoch: 0765 lr: 0.01 train_loss: 101317.1484 train_distortion: 4.6071 train_mapscore: 0.3352 train_c: -1.0080 train_max_dist: 33.5430 train_imax: 16.5300 train_imin: -143.0216 time: 2.6383s
INFO:root:Epoch: 0770 lr: 0.01 train_loss: 104040.5156 train_distortion: 3.6832 train_mapscore: 0.3054 train_c: -1.0080 train_max_dist: 32.0000 train_imax: 14.1619 train_imin: -120.0895 time: 2.6401s
INFO:root:Epoch: 0775 lr: 0.01 train_loss: 102254.2188 train_distortion: 2.8021 train_mapscore: 0.3113 train_c: -1.0080 train_max_dist: 29.5352 train_imax: 11.8106 train_imin: -98.4845 time: 2.6198s
INFO:root:Epoch: 0780 lr: 0.01 train_loss: 100517.8125 train_distortion: 2.3225 train_mapscore: 0.3297 train_c: -1.0081 train_max_dist: 28.1719 train_imax: 10.4222 train_imin: -86.4793 time: 2.6119s
INFO:root:Epoch: 0785 lr: 0.01 train_loss: 98321.3281 train_distortion: 2.2455 train_mapscore: 0.3542 train_c: -1.0084 train_max_dist: 27.9055 train_imax: 10.1787 train_imin: -84.1885 time: 2.6091s
INFO:root:Epoch: 0790 lr: 0.01 train_loss: 95433.4531 train_distortion: 2.4575 train_mapscore: 0.3849 train_c: -1.0087 train_max_dist: 28.5059 train_imax: 10.9357 train_imin: -88.8150 time: 2.6182s
INFO:root:Epoch: 0795 lr: 0.01 train_loss: 92547.7188 train_distortion: 2.8342 train_mapscore: 0.4194 train_c: -1.0091 train_max_dist: 29.5200 train_imax: 12.1160 train_imin: -97.2696 time: 2.6435s
INFO:root:Epoch: 0800 lr: 0.01 train_loss: 89815.3125 train_distortion: 3.2752 train_mapscore: 0.4595 train_c: -1.0094 train_max_dist: 30.6143 train_imax: 13.3621 train_imin: -107.1157 time: 2.6389s
INFO:root:Epoch: 0805 lr: 0.01 train_loss: 87363.3047 train_distortion: 3.7085 train_mapscore: 0.4977 train_c: -1.0097 train_max_dist: 50.0000 train_imax: 14.5238 train_imin: -116.7614 time: 2.5841s
INFO:root:Epoch: 0810 lr: 0.01 train_loss: 85169.3359 train_distortion: 4.0978 train_mapscore: 0.5350 train_c: -1.0099 train_max_dist: 32.4380 train_imax: 15.5504 train_imin: -125.4243 time: 2.5923s
INFO:root:Epoch: 0815 lr: 0.01 train_loss: 83308.5391 train_distortion: 4.4244 train_mapscore: 0.5604 train_c: -1.0099 train_max_dist: 33.1113 train_imax: 16.4046 train_imin: -132.5665 time: 2.5821s
INFO:root:Epoch: 0820 lr: 0.01 train_loss: 81631.3203 train_distortion: 4.7132 train_mapscore: 0.5904 train_c: -1.0100 train_max_dist: 33.6855 train_imax: 17.2314 train_imin: -138.8611 time: 2.5701s
INFO:root:Epoch: 0825 lr: 0.01 train_loss: 80322.2969 train_distortion: 4.9624 train_mapscore: 0.6071 train_c: -1.0099 train_max_dist: 34.1846 train_imax: 17.8074 train_imin: -144.2426 time: 2.6169s
INFO:root:Epoch: 0830 lr: 0.01 train_loss: 79015.8359 train_distortion: 5.2109 train_mapscore: 0.6255 train_c: -1.0098 train_max_dist: 34.6650 train_imax: 18.4332 train_imin: -149.6862 time: 2.6121s
INFO:root:Epoch: 0835 lr: 0.01 train_loss: 80760.3906 train_distortion: 5.3258 train_mapscore: 0.5586 train_c: -1.0097 train_max_dist: 35.0635 train_imax: 18.2432 train_imin: -152.0936 time: 2.5790s
INFO:root:Epoch: 0840 lr: 0.01 train_loss: 79631.0156 train_distortion: 5.3687 train_mapscore: 0.5850 train_c: -1.0095 train_max_dist: 35.1152 train_imax: 17.9387 train_imin: -152.9137 time: 2.5722s
INFO:root:Epoch: 0845 lr: 0.01 train_loss: 78032.2188 train_distortion: 5.4453 train_mapscore: 0.6169 train_c: -1.0094 train_max_dist: 35.2373 train_imax: 17.9427 train_imin: -154.4512 time: 2.5648s
INFO:root:Epoch: 0850 lr: 0.01 train_loss: 76805.3203 train_distortion: 5.5999 train_mapscore: 0.6349 train_c: -1.0092 train_max_dist: 35.4980 train_imax: 18.1223 train_imin: -157.5896 time: 2.5687s
INFO:root:Epoch: 0855 lr: 0.01 train_loss: 75558.8516 train_distortion: 5.8490 train_mapscore: 0.6622 train_c: -1.0090 train_max_dist: 35.8848 train_imax: 18.8713 train_imin: -163.0944 time: 2.6069s
INFO:root:Epoch: 0860 lr: 0.01 train_loss: 75018.8125 train_distortion: 6.1482 train_mapscore: 0.6599 train_c: -1.0088 train_max_dist: 36.3730 train_imax: 19.6846 train_imin: -169.8080 time: 2.6035s
INFO:root:Epoch: 0865 lr: 0.01 train_loss: 73813.1719 train_distortion: 6.4581 train_mapscore: 0.6860 train_c: -1.0085 train_max_dist: 36.8418 train_imax: 20.4150 train_imin: -176.7366 time: 2.5592s
INFO:root:Epoch: 0870 lr: 0.01 train_loss: 72627.2500 train_distortion: 6.7885 train_mapscore: 0.7094 train_c: -1.0083 train_max_dist: 37.3379 train_imax: 21.2989 train_imin: -184.0691 time: 2.5629s
INFO:root:Epoch: 0875 lr: 0.01 train_loss: 71849.4844 train_distortion: 7.1302 train_mapscore: 0.7195 train_c: -1.0080 train_max_dist: 37.8477 train_imax: 22.3313 train_imin: -191.8557 time: 2.5585s
INFO:root:Epoch: 0880 lr: 0.01 train_loss: 71003.4531 train_distortion: 7.4605 train_mapscore: 0.7327 train_c: -1.0076 train_max_dist: 38.3164 train_imax: 23.4030 train_imin: -199.3292 time: 2.5658s
INFO:root:Epoch: 0885 lr: 0.01 train_loss: 70628.2656 train_distortion: 7.7502 train_mapscore: 0.7440 train_c: -1.0073 train_max_dist: 38.7344 train_imax: 24.2022 train_imin: -205.9962 time: 2.5979s
INFO:root:Epoch: 0890 lr: 0.01 train_loss: 69919.1562 train_distortion: 8.0186 train_mapscore: 0.7536 train_c: -1.0069 train_max_dist: 39.1074 train_imax: 25.1592 train_imin: -212.2316 time: 2.6025s
INFO:root:Epoch: 0895 lr: 0.01 train_loss: 101528.4688 train_distortion: 7.1744 train_mapscore: 0.3744 train_c: -1.0064 train_max_dist: 37.8271 train_imax: 22.0863 train_imin: -191.2526 time: 2.6150s
INFO:root:Epoch: 0900 lr: 0.01 train_loss: 99906.7031 train_distortion: 5.0468 train_mapscore: 0.3506 train_c: -1.0057 train_max_dist: 34.1284 train_imax: 16.8900 train_imin: -142.0300 time: 2.5911s
INFO:root:Epoch: 0905 lr: 0.01 train_loss: 96965.2969 train_distortion: 3.4655 train_mapscore: 0.3588 train_c: -1.0052 train_max_dist: 30.7537 train_imax: 12.5212 train_imin: -106.4933 time: 2.5892s
INFO:root:Epoch: 0910 lr: 0.01 train_loss: 96085.8750 train_distortion: 2.7376 train_mapscore: 0.3668 train_c: -1.0050 train_max_dist: 28.8882 train_imax: 13.5149 train_imin: -90.0159 time: 2.5901s
INFO:root:Epoch: 0915 lr: 0.01 train_loss: 94113.9688 train_distortion: 2.5673 train_mapscore: 0.3877 train_c: -1.0050 train_max_dist: 28.3831 train_imax: 12.5339 train_imin: -85.8397 time: 2.6169s
INFO:root:Epoch: 0920 lr: 0.01 train_loss: 91289.0078 train_distortion: 2.7861 train_mapscore: 0.4183 train_c: -1.0052 train_max_dist: 28.9236 train_imax: 12.4488 train_imin: -90.3150 time: 2.6229s
INFO:root:Epoch: 0925 lr: 0.01 train_loss: 104617.6797 train_distortion: 2.6630 train_mapscore: 0.2831 train_c: -1.0053 train_max_dist: 28.4312 train_imax: 11.3369 train_imin: -87.4607 time: 2.6285s
INFO:root:Epoch: 0930 lr: 0.01 train_loss: 107679.7656 train_distortion: 2.3926 train_mapscore: 0.2705 train_c: -1.0054 train_max_dist: 27.6230 train_imax: 9.9920 train_imin: -81.1630 time: 2.6094s
INFO:root:Epoch: 0935 lr: 0.01 train_loss: 106259.7422 train_distortion: 2.0906 train_mapscore: 0.2782 train_c: -1.0056 train_max_dist: 26.7124 train_imax: 8.7450 train_imin: -74.0238 time: 2.6113s
INFO:root:Epoch: 0940 lr: 0.01 train_loss: 105530.1016 train_distortion: 1.7396 train_mapscore: 0.2776 train_c: -1.0059 train_max_dist: 25.7063 train_imax: 7.5326 train_imin: -65.6827 time: 2.6067s
INFO:root:Epoch: 0945 lr: 0.01 train_loss: 103545.5938 train_distortion: 1.7822 train_mapscore: 0.2933 train_c: -1.0063 train_max_dist: 25.9395 train_imax: 7.4218 train_imin: -66.3272 time: 2.6020s
INFO:root:Epoch: 0950 lr: 0.01 train_loss: 100438.9688 train_distortion: 2.0681 train_mapscore: 0.3173 train_c: -1.0068 train_max_dist: 48.0000 train_imax: 7.9516 train_imin: -72.4203 time: 2.6260s
INFO:root:Epoch: 0955 lr: 0.01 train_loss: 97284.0625 train_distortion: 2.4620 train_mapscore: 0.3436 train_c: -1.0073 train_max_dist: 28.1333 train_imax: 8.7841 train_imin: -80.6724 time: 2.6265s
INFO:root:Epoch: 0960 lr: 0.01 train_loss: 94318.6719 train_distortion: 2.8449 train_mapscore: 0.3781 train_c: -1.0077 train_max_dist: 29.1890 train_imax: 9.4766 train_imin: -88.5031 time: 2.5999s
INFO:root:Epoch: 0965 lr: 0.01 train_loss: 91601.9609 train_distortion: 3.1906 train_mapscore: 0.4158 train_c: -1.0081 train_max_dist: 30.0601 train_imax: 10.0349 train_imin: -95.5452 time: 2.5880s
INFO:root:Epoch: 0970 lr: 0.01 train_loss: 89084.6094 train_distortion: 3.4875 train_mapscore: 0.4532 train_c: -1.0083 train_max_dist: 30.7866 train_imax: 10.5460 train_imin: -101.5173 time: 2.5805s
INFO:root:Epoch: 0975 lr: 0.01 train_loss: 86871.5234 train_distortion: 3.7385 train_mapscore: 0.4880 train_c: -1.0085 train_max_dist: 31.4023 train_imax: 10.9975 train_imin: -106.4769 time: 2.5824s
INFO:root:Epoch: 0980 lr: 0.01 train_loss: 84891.5000 train_distortion: 3.9724 train_mapscore: 0.5159 train_c: -1.0087 train_max_dist: 31.9482 train_imax: 11.5331 train_imin: -111.0927 time: 2.6306s
INFO:root:Epoch: 0985 lr: 0.01 train_loss: 83043.6719 train_distortion: 4.2391 train_mapscore: 0.5529 train_c: -1.0087 train_max_dist: 32.5322 train_imax: 12.2980 train_imin: -116.5334 time: 2.6012s
INFO:root:Epoch: 0990 lr: 0.01 train_loss: 81768.9766 train_distortion: 4.5150 train_mapscore: 0.5648 train_c: -1.0088 train_max_dist: 33.1123 train_imax: 12.1089 train_imin: -122.1938 time: 2.5733s
INFO:root:Epoch: 0995 lr: 0.01 train_loss: 80320.2109 train_distortion: 4.7858 train_mapscore: 0.5850 train_c: -1.0087 train_max_dist: 33.6719 train_imax: 12.6144 train_imin: -127.8234 time: 2.5711s
INFO:root:Epoch: 1000 lr: 0.01 train_loss: 78784.1406 train_distortion: 5.0683 train_mapscore: 0.6127 train_c: -1.0087 train_max_dist: 34.2412 train_imax: 13.2928 train_imin: -133.7122 time: 2.5721s
INFO:root:Epoch: 1005 lr: 0.01 train_loss: 77335.2500 train_distortion: 5.3645 train_mapscore: 0.6409 train_c: -1.0086 train_max_dist: 34.8193 train_imax: 13.8834 train_imin: -139.8637 time: 2.5631s
INFO:root:Epoch: 1010 lr: 0.01 train_loss: 76098.8594 train_distortion: 5.6806 train_mapscore: 0.6565 train_c: -1.0085 train_max_dist: 35.3984 train_imax: 14.6184 train_imin: -146.4622 time: 2.5984s
INFO:root:Epoch: 1015 lr: 0.01 train_loss: 75052.6484 train_distortion: 6.0124 train_mapscore: 0.6728 train_c: -1.0083 train_max_dist: 35.9932 train_imax: 15.3698 train_imin: -153.4990 time: 2.6020s
INFO:root:Epoch: 1020 lr: 0.01 train_loss: 73959.8438 train_distortion: 6.3473 train_mapscore: 0.6843 train_c: -1.0081 train_max_dist: 36.5703 train_imax: 16.1732 train_imin: -160.5612 time: 2.5538s
INFO:root:Epoch: 1025 lr: 0.01 train_loss: 74079.4375 train_distortion: 6.5859 train_mapscore: 0.6691 train_c: -1.0078 train_max_dist: 37.0010 train_imax: 16.4214 train_imin: -165.6677 time: 2.6940s
INFO:root:Epoch: 1030 lr: 0.01 train_loss: 73407.4062 train_distortion: 6.7645 train_mapscore: 0.6824 train_c: -1.0075 train_max_dist: 37.3174 train_imax: 16.8780 train_imin: -169.5110 time: 2.5700s
INFO:root:Epoch: 1035 lr: 0.01 train_loss: 72604.1172 train_distortion: 6.9451 train_mapscore: 0.6943 train_c: -1.0072 train_max_dist: 37.6338 train_imax: 17.4025 train_imin: -173.5313 time: 2.5506s
INFO:root:Epoch: 1040 lr: 0.01 train_loss: 73081.7031 train_distortion: 7.1147 train_mapscore: 0.6759 train_c: -1.0069 train_max_dist: 37.8574 train_imax: 17.9576 train_imin: -177.2679 time: 2.5897s
INFO:root:Epoch: 1045 lr: 0.01 train_loss: 73266.3984 train_distortion: 7.1787 train_mapscore: 0.6694 train_c: -1.0065 train_max_dist: 50.0000 train_imax: 19.4327 train_imin: -178.8357 time: 2.5870s
INFO:root:Epoch: 1050 lr: 0.01 train_loss: 72218.8203 train_distortion: 7.2142 train_mapscore: 0.6929 train_c: -1.0062 train_max_dist: 48.0000 train_imax: 19.9759 train_imin: -179.6894 time: 2.7540s
INFO:root:Epoch: 1055 lr: 0.01 train_loss: 71127.2656 train_distortion: 7.3080 train_mapscore: 0.7149 train_c: -1.0058 train_max_dist: 48.0000 train_imax: 20.0428 train_imin: -181.6608 time: 2.5459s
INFO:root:Epoch: 1060 lr: 0.01 train_loss: 70056.0781 train_distortion: 7.5007 train_mapscore: 0.7331 train_c: -1.0054 train_max_dist: 38.4043 train_imax: 19.3532 train_imin: -186.1419 time: 2.5520s
INFO:root:Epoch: 1065 lr: 0.01 train_loss: 70991.7812 train_distortion: 7.7293 train_mapscore: 0.7031 train_c: -1.0050 train_max_dist: 38.6865 train_imax: 19.9887 train_imin: -191.1373 time: 2.5369s
INFO:root:Epoch: 1070 lr: 0.01 train_loss: 71527.5156 train_distortion: 7.8682 train_mapscore: 0.6875 train_c: -1.0046 train_max_dist: 38.8047 train_imax: 20.7112 train_imin: -193.9962 time: 2.5498s
INFO:root:Epoch: 1075 lr: 0.01 train_loss: 94562.7344 train_distortion: 6.8095 train_mapscore: 0.3968 train_c: -1.0041 train_max_dist: 37.1113 train_imax: 16.6753 train_imin: -170.7834 time: 2.5871s
INFO:root:Epoch: 1080 lr: 0.01 train_loss: 93342.9062 train_distortion: 4.9918 train_mapscore: 0.3806 train_c: -1.0036 train_max_dist: 33.9688 train_imax: 15.1058 train_imin: -131.7939 time: 2.5956s
INFO:root:Epoch: 1085 lr: 0.01 train_loss: 91103.7969 train_distortion: 3.6446 train_mapscore: 0.3927 train_c: -1.0032 train_max_dist: 31.2607 train_imax: 12.1980 train_imin: -103.4333 time: 2.5682s
INFO:root:Epoch: 1090 lr: 0.01 train_loss: 89607.3906 train_distortion: 3.0372 train_mapscore: 0.4198 train_c: -1.0030 train_max_dist: 29.8306 train_imax: 10.2809 train_imin: -90.5331 time: 2.5720s
INFO:root:Epoch: 1095 lr: 0.01 train_loss: 87367.0781 train_distortion: 3.0375 train_mapscore: 0.4505 train_c: -1.0031 train_max_dist: 29.8203 train_imax: 9.6819 train_imin: -90.3067 time: 2.5556s
INFO:root:Epoch: 1100 lr: 0.01 train_loss: 84486.0938 train_distortion: 3.4294 train_mapscore: 0.4881 train_c: -1.0033 train_max_dist: 30.7573 train_imax: 10.0545 train_imin: -98.2046 time: 2.5549s
INFO:root:Epoch: 1105 lr: 0.01 train_loss: 81614.1641 train_distortion: 4.0413 train_mapscore: 0.5305 train_c: -1.0036 train_max_dist: 32.1069 train_imax: 10.9316 train_imin: -110.5487 time: 2.5919s
INFO:root:Epoch: 1110 lr: 0.01 train_loss: 79121.2031 train_distortion: 4.7095 train_mapscore: 0.5668 train_c: -1.0038 train_max_dist: 33.4609 train_imax: 12.0549 train_imin: -124.0021 time: 2.5768s
INFO:root:Epoch: 1115 lr: 0.01 train_loss: 76858.1406 train_distortion: 5.3391 train_mapscore: 0.6038 train_c: -1.0039 train_max_dist: 34.6201 train_imax: 13.0602 train_imin: -136.7881 time: 2.5596s
INFO:root:Epoch: 1120 lr: 0.01 train_loss: 74911.1328 train_distortion: 5.8726 train_mapscore: 0.6401 train_c: -1.0040 train_max_dist: 35.5410 train_imax: 14.2086 train_imin: -147.7524 time: 2.5429s
INFO:root:Epoch: 1125 lr: 0.01 train_loss: 73232.9375 train_distortion: 6.3380 train_mapscore: 0.6639 train_c: -1.0039 train_max_dist: 36.3076 train_imax: 14.7785 train_imin: -157.4088 time: 2.5596s
INFO:root:Epoch: 1130 lr: 0.01 train_loss: 72129.1094 train_distortion: 6.7384 train_mapscore: 0.6808 train_c: -1.0037 train_max_dist: 50.0000 train_imax: 15.4777 train_imin: -165.7650 time: 2.5475s
INFO:root:Epoch: 1135 lr: 0.01 train_loss: 71018.1172 train_distortion: 7.0704 train_mapscore: 0.6978 train_c: -1.0035 train_max_dist: 37.4824 train_imax: 15.9548 train_imin: -172.6772 time: 2.5790s
INFO:root:Epoch: 1140 lr: 0.01 train_loss: 69890.8672 train_distortion: 7.3864 train_mapscore: 0.7240 train_c: -1.0033 train_max_dist: 37.9756 train_imax: 16.8346 train_imin: -179.4510 time: 2.5773s
INFO:root:Epoch: 1145 lr: 0.01 train_loss: 74591.4922 train_distortion: 7.5385 train_mapscore: 0.6177 train_c: -1.0029 train_max_dist: 38.2725 train_imax: 17.2258 train_imin: -182.1944 time: 2.5396s
INFO:root:Epoch: 1150 lr: 0.01 train_loss: 76790.2266 train_distortion: 7.1727 train_mapscore: 0.5738 train_c: -1.0024 train_max_dist: 37.7939 train_imax: 17.9773 train_imin: -173.9247 time: 2.5525s
INFO:root:Epoch: 1155 lr: 0.01 train_loss: 75644.3594 train_distortion: 6.6815 train_mapscore: 0.5830 train_c: -1.0019 train_max_dist: 37.0674 train_imax: 17.7517 train_imin: -163.2682 time: 2.5393s
INFO:root:Epoch: 1160 lr: 0.01 train_loss: 73741.9766 train_distortion: 6.3178 train_mapscore: 0.6164 train_c: -1.0015 train_max_dist: 36.5107 train_imax: 16.1571 train_imin: -155.5549 time: 2.5497s
INFO:root:Epoch: 1165 lr: 0.01 train_loss: 72609.1719 train_distortion: 6.2004 train_mapscore: 0.6379 train_c: -1.0012 train_max_dist: 36.2832 train_imax: 14.9342 train_imin: -153.0155 time: 2.5778s
INFO:root:Epoch: 1170 lr: 0.01 train_loss: 70697.6484 train_distortion: 6.4096 train_mapscore: 0.6783 train_c: -1.0010 train_max_dist: 36.5791 train_imax: 15.0105 train_imin: -157.2818 time: 2.5966s
INFO:root:Epoch: 1175 lr: 0.01 train_loss: 68797.1953 train_distortion: 6.8720 train_mapscore: 0.7187 train_c: -1.0008 train_max_dist: 37.2500 train_imax: 15.8778 train_imin: -166.7947 time: 2.5810s
INFO:root:Epoch: 1180 lr: 0.01 train_loss: 67345.7031 train_distortion: 7.5070 train_mapscore: 0.7447 train_c: -1.0006 train_max_dist: 48.0000 train_imax: 17.1549 train_imin: -180.1890 time: 2.5354s
INFO:root:Epoch: 1185 lr: 0.01 train_loss: 66028.7188 train_distortion: 8.1842 train_mapscore: 0.7669 train_c: -1.0004 train_max_dist: 39.0879 train_imax: 18.5441 train_imin: -194.7630 time: 2.5523s
INFO:root:Epoch: 1190 lr: 0.01 train_loss: 64981.7500 train_distortion: 8.8295 train_mapscore: 0.7825 train_c: -1.0001 train_max_dist: 39.9414 train_imax: 19.7628 train_imin: -208.6958 time: 2.5417s
INFO:root:Epoch: 1195 lr: 0.01 train_loss: 79665.5938 train_distortion: 8.9596 train_mapscore: 0.5660 train_c: -0.9998 train_max_dist: 40.2773 train_imax: 20.1993 train_imin: -211.3378 time: 2.5462s
INFO:root:Epoch: 1200 lr: 0.01 train_loss: 103161.1641 train_distortion: 6.5203 train_mapscore: 0.3462 train_c: -0.9994 train_max_dist: 36.9766 train_imax: 16.4140 train_imin: -158.9432 time: 2.6018s
INFO:root:Epoch: 1205 lr: 0.01 train_loss: 101349.2812 train_distortion: 3.8895 train_mapscore: 0.3275 train_c: -0.9989 train_max_dist: 32.0767 train_imax: 11.3685 train_imin: -105.0192 time: 2.6105s
INFO:root:Epoch: 1210 lr: 0.01 train_loss: 100835.5938 train_distortion: 2.5150 train_mapscore: 0.3275 train_c: -0.9986 train_max_dist: 28.5786 train_imax: 10.1857 train_imin: -77.1557 time: 2.5825s
INFO:root:Epoch: 1215 lr: 0.01 train_loss: 100133.6484 train_distortion: 2.1207 train_mapscore: 0.3327 train_c: -0.9987 train_max_dist: 27.2783 train_imax: 15.1698 train_imin: -69.0237 time: 2.5790s
INFO:root:Epoch: 1220 lr: 0.01 train_loss: 97976.6406 train_distortion: 2.2321 train_mapscore: 0.3482 train_c: -0.9990 train_max_dist: 27.5337 train_imax: 15.7651 train_imin: -71.3097 time: 2.5781s
INFO:root:Epoch: 1225 lr: 0.01 train_loss: 94772.7422 train_distortion: 2.6476 train_mapscore: 0.3752 train_c: -0.9995 train_max_dist: 28.6929 train_imax: 17.1405 train_imin: -79.7866 time: 2.5739s
INFO:root:Epoch: 1230 lr: 0.01 train_loss: 91770.3906 train_distortion: 3.1510 train_mapscore: 0.4060 train_c: -1.0000 train_max_dist: 30.0010 train_imax: 18.7673 train_imin: -89.8339 time: 2.6018s
INFO:root:Epoch: 1235 lr: 0.01 train_loss: 89156.1094 train_distortion: 3.5879 train_mapscore: 0.4373 train_c: -1.0004 train_max_dist: 31.0103 train_imax: 20.0920 train_imin: -98.3275 time: 2.5987s
INFO:root:Epoch: 1240 lr: 0.01 train_loss: 86524.7500 train_distortion: 3.9859 train_mapscore: 0.4790 train_c: -1.0007 train_max_dist: 32.0000 train_imax: 21.1753 train_imin: -106.0584 time: 2.5667s
INFO:root:Epoch: 1245 lr: 0.01 train_loss: 84062.2500 train_distortion: 4.3380 train_mapscore: 0.5200 train_c: -1.0010 train_max_dist: 32.6484 train_imax: 22.0842 train_imin: -113.0061 time: 2.5712s
INFO:root:Epoch: 1250 lr: 0.01 train_loss: 81888.6094 train_distortion: 4.6592 train_mapscore: 0.5569 train_c: -1.0011 train_max_dist: 33.3125 train_imax: 23.0121 train_imin: -119.3832 time: 2.5469s
INFO:root:Epoch: 1255 lr: 0.01 train_loss: 79928.4844 train_distortion: 4.9747 train_mapscore: 0.5927 train_c: -1.0011 train_max_dist: 33.9297 train_imax: 24.0117 train_imin: -125.6297 time: 2.5557s
INFO:root:Epoch: 1260 lr: 0.01 train_loss: 78243.2812 train_distortion: 5.3091 train_mapscore: 0.6164 train_c: -1.0011 train_max_dist: 34.5723 train_imax: 25.1648 train_imin: -132.3247 time: 2.5884s
INFO:root:Epoch: 1265 lr: 0.01 train_loss: 76793.0781 train_distortion: 5.6535 train_mapscore: 0.6397 train_c: -1.0011 train_max_dist: 35.2217 train_imax: 26.4250 train_imin: -139.3096 time: 2.5791s
INFO:root:Epoch: 1270 lr: 0.01 train_loss: 75413.2812 train_distortion: 6.0018 train_mapscore: 0.6636 train_c: -1.0009 train_max_dist: 35.8525 train_imax: 27.6768 train_imin: -146.4211 time: 2.5551s
INFO:root:Epoch: 1275 lr: 0.01 train_loss: 74230.9375 train_distortion: 6.3494 train_mapscore: 0.6815 train_c: -1.0008 train_max_dist: 36.4502 train_imax: 29.0024 train_imin: -153.4514 time: 2.5429s
INFO:root:Epoch: 1280 lr: 0.01 train_loss: 73153.9688 train_distortion: 6.7095 train_mapscore: 0.7000 train_c: -1.0005 train_max_dist: 37.0664 train_imax: 30.4086 train_imin: -160.8833 time: 2.5530s
INFO:root:Epoch: 1285 lr: 0.01 train_loss: 72220.3359 train_distortion: 7.0504 train_mapscore: 0.7146 train_c: -1.0003 train_max_dist: 37.6172 train_imax: 31.7307 train_imin: -167.9750 time: 2.5396s
INFO:root:Epoch: 1290 lr: 0.01 train_loss: 71684.4688 train_distortion: 7.3470 train_mapscore: 0.7201 train_c: -1.0000 train_max_dist: 38.0869 train_imax: 32.9766 train_imin: -174.2001 time: 2.5854s
INFO:root:Epoch: 1295 lr: 0.01 train_loss: 70963.9531 train_distortion: 7.5982 train_mapscore: 0.7291 train_c: -0.9996 train_max_dist: 38.4688 train_imax: 33.9339 train_imin: -179.5804 time: 2.5757s
INFO:root:Epoch: 1300 lr: 0.01 train_loss: 70395.0078 train_distortion: 7.8250 train_mapscore: 0.7350 train_c: -0.9993 train_max_dist: 38.8301 train_imax: 34.8743 train_imin: -184.5259 time: 2.5687s
INFO:root:Epoch: 1305 lr: 0.01 train_loss: 69742.0625 train_distortion: 8.0253 train_mapscore: 0.7438 train_c: -0.9989 train_max_dist: 39.1348 train_imax: 35.7209 train_imin: -189.0026 time: 2.5457s
INFO:root:Epoch: 1310 lr: 0.01 train_loss: 69228.9766 train_distortion: 8.2300 train_mapscore: 0.7500 train_c: -0.9984 train_max_dist: 39.4219 train_imax: 36.6802 train_imin: -193.4720 time: 2.5467s
INFO:root:Epoch: 1315 lr: 0.01 train_loss: 68879.4062 train_distortion: 8.4259 train_mapscore: 0.7540 train_c: -0.9980 train_max_dist: 39.7129 train_imax: 37.5753 train_imin: -197.8185 time: 2.5434s
INFO:root:Epoch: 1320 lr: 0.01 train_loss: 68625.9375 train_distortion: 8.6097 train_mapscore: 0.7611 train_c: -0.9975 train_max_dist: 39.9941 train_imax: 38.2970 train_imin: -201.9372 time: 2.5458s
INFO:root:Epoch: 1325 lr: 0.01 train_loss: 67940.6484 train_distortion: 8.7699 train_mapscore: 0.7681 train_c: -0.9970 train_max_dist: 40.2383 train_imax: 38.8693 train_imin: -205.5087 time: 2.5751s
INFO:root:Epoch: 1330 lr: 0.01 train_loss: 67273.8906 train_distortion: 8.9296 train_mapscore: 0.7723 train_c: -0.9965 train_max_dist: 40.4492 train_imax: 39.7185 train_imin: -209.1326 time: 2.5731s
INFO:root:Epoch: 1335 lr: 0.01 train_loss: 67189.7578 train_distortion: 9.0937 train_mapscore: 0.7776 train_c: -0.9959 train_max_dist: 40.7051 train_imax: 40.3961 train_imin: -212.9714 time: 2.5424s
INFO:root:Epoch: 1340 lr: 0.01 train_loss: 66887.0000 train_distortion: 9.2267 train_mapscore: 0.7782 train_c: -0.9954 train_max_dist: 40.8887 train_imax: 40.9225 train_imin: -216.1630 time: 2.5274s
INFO:root:Epoch: 1345 lr: 0.01 train_loss: 67978.3125 train_distortion: 9.3565 train_mapscore: 0.7594 train_c: -0.9949 train_max_dist: 41.1152 train_imax: 41.4597 train_imin: -219.0833 time: 2.5459s
INFO:root:Epoch: 1350 lr: 0.01 train_loss: 68119.2969 train_distortion: 9.3529 train_mapscore: 0.7533 train_c: -0.9943 train_max_dist: 41.1250 train_imax: 41.5014 train_imin: -219.4320 time: 2.5413s
INFO:root:Epoch: 1355 lr: 0.01 train_loss: 67658.0547 train_distortion: 9.2541 train_mapscore: 0.7588 train_c: -0.9937 train_max_dist: 41.0527 train_imax: 41.2001 train_imin: -217.5152 time: 2.5730s
INFO:root:Epoch: 1360 lr: 0.01 train_loss: 67226.0703 train_distortion: 9.1583 train_mapscore: 0.7656 train_c: -0.9931 train_max_dist: 40.9707 train_imax: 40.6495 train_imin: -215.5235 time: 2.5603s
INFO:root:Epoch: 1365 lr: 0.01 train_loss: 70459.5781 train_distortion: 9.1870 train_mapscore: 0.6978 train_c: -0.9926 train_max_dist: 41.0156 train_imax: 40.6765 train_imin: -216.1562 time: 2.6759s
INFO:root:Epoch: 1370 lr: 0.01 train_loss: 73777.9531 train_distortion: 8.8522 train_mapscore: 0.6290 train_c: -0.9920 train_max_dist: 40.5781 train_imax: 39.1567 train_imin: -208.7561 time: 2.5338s
INFO:root:Epoch: 1375 lr: 0.01 train_loss: 79209.9688 train_distortion: 7.7892 train_mapscore: 0.5398 train_c: -0.9914 train_max_dist: 39.1133 train_imax: 34.2741 train_imin: -185.4539 time: 2.5463s
INFO:root:Epoch: 1380 lr: 0.01 train_loss: 77047.9297 train_distortion: 6.6132 train_mapscore: 0.5631 train_c: -0.9909 train_max_dist: 40.0000 train_imax: 29.1738 train_imin: -160.7545 time: 2.5403s
INFO:root:Epoch: 1385 lr: 0.01 train_loss: 74730.7422 train_distortion: 5.9451 train_mapscore: 0.6046 train_c: -0.9904 train_max_dist: 36.2217 train_imax: 26.3273 train_imin: -146.8679 time: 2.5627s
INFO:root:Epoch: 1390 lr: 0.01 train_loss: 72524.4844 train_distortion: 5.8696 train_mapscore: 0.6479 train_c: -0.9902 train_max_dist: 36.0654 train_imax: 25.8324 train_imin: -145.3608 time: 2.5704s
INFO:root:Epoch: 1395 lr: 0.01 train_loss: 76862.1172 train_distortion: 6.1824 train_mapscore: 0.5534 train_c: -0.9900 train_max_dist: 36.5479 train_imax: 26.7803 train_imin: -153.3179 time: 2.5465s
INFO:root:Epoch: 1400 lr: 0.01 train_loss: 75899.1406 train_distortion: 6.3703 train_mapscore: 0.5609 train_c: -0.9898 train_max_dist: 36.8506 train_imax: 27.3595 train_imin: -157.4471 time: 2.5434s
INFO:root:Epoch: 1405 lr: 0.01 train_loss: 73238.8125 train_distortion: 6.4744 train_mapscore: 0.6043 train_c: -0.9896 train_max_dist: 40.0000 train_imax: 27.9937 train_imin: -159.5712 time: 2.5361s
INFO:root:Epoch: 1410 lr: 0.01 train_loss: 70738.4062 train_distortion: 6.6868 train_mapscore: 0.6539 train_c: -0.9894 train_max_dist: 37.3525 train_imax: 28.9541 train_imin: -163.9896 time: 2.5469s
INFO:root:Epoch: 1415 lr: 0.01 train_loss: 78976.6406 train_distortion: 6.9313 train_mapscore: 0.5179 train_c: -0.9892 train_max_dist: 37.6270 train_imax: 29.6476 train_imin: -168.7851 time: 2.5814s
INFO:root:Epoch: 1420 lr: 0.01 train_loss: 82021.7578 train_distortion: 6.4749 train_mapscore: 0.4874 train_c: -0.9889 train_max_dist: 36.7988 train_imax: 27.3115 train_imin: -158.8875 time: 2.5720s
INFO:root:Epoch: 1425 lr: 0.01 train_loss: 80072.3906 train_distortion: 5.7113 train_mapscore: 0.5075 train_c: -0.9887 train_max_dist: 35.4678 train_imax: 23.9771 train_imin: -142.9888 time: 2.5662s
INFO:root:Epoch: 1430 lr: 0.01 train_loss: 78478.3594 train_distortion: 5.1436 train_mapscore: 0.5316 train_c: -0.9885 train_max_dist: 34.3623 train_imax: 21.5894 train_imin: -131.0042 time: 2.5374s
INFO:root:Epoch: 1435 lr: 0.01 train_loss: 76148.7344 train_distortion: 5.0650 train_mapscore: 0.5715 train_c: -0.9884 train_max_dist: 34.1826 train_imax: 21.0989 train_imin: -129.1960 time: 2.5418s
INFO:root:Epoch: 1440 lr: 0.01 train_loss: 74021.8438 train_distortion: 5.3050 train_mapscore: 0.6044 train_c: -0.9884 train_max_dist: 34.6221 train_imax: 21.9293 train_imin: -133.9943 time: 2.5409s
INFO:root:Epoch: 1445 lr: 0.01 train_loss: 71386.2734 train_distortion: 5.8979 train_mapscore: 0.6516 train_c: -0.9884 train_max_dist: 35.6670 train_imax: 24.0403 train_imin: -146.2172 time: 2.5682s
INFO:root:Epoch: 1450 lr: 0.01 train_loss: 69054.3438 train_distortion: 6.6872 train_mapscore: 0.6916 train_c: -0.9884 train_max_dist: 36.9727 train_imax: 26.6870 train_imin: -162.6859 time: 2.5676s
INFO:root:Epoch: 1455 lr: 0.01 train_loss: 67171.1797 train_distortion: 7.5347 train_mapscore: 0.7248 train_c: -0.9883 train_max_dist: 50.0000 train_imax: 29.6949 train_imin: -180.6557 time: 2.5817s
INFO:root:Epoch: 1460 lr: 0.01 train_loss: 66429.5781 train_distortion: 8.2374 train_mapscore: 0.7358 train_c: -0.9882 train_max_dist: 39.2441 train_imax: 32.2686 train_imin: -195.6850 time: 2.5296s
INFO:root:Epoch: 1465 lr: 0.01 train_loss: 65406.4648 train_distortion: 8.7804 train_mapscore: 0.7543 train_c: -0.9879 train_max_dist: 39.9902 train_imax: 34.5072 train_imin: -207.2308 time: 2.5288s
INFO:root:Epoch: 1470 lr: 0.01 train_loss: 64545.6641 train_distortion: 9.1606 train_mapscore: 0.7658 train_c: -0.9876 train_max_dist: 40.5234 train_imax: 36.0339 train_imin: -215.6515 time: 2.5243s
INFO:root:Epoch: 1475 lr: 0.01 train_loss: 64708.6523 train_distortion: 9.4119 train_mapscore: 0.7653 train_c: -0.9872 train_max_dist: 40.8320 train_imax: 36.9001 train_imin: -221.1615 time: 2.5281s
INFO:root:Epoch: 1480 lr: 0.01 train_loss: 64014.5156 train_distortion: 9.5226 train_mapscore: 0.7735 train_c: -0.9867 train_max_dist: 40.9844 train_imax: 37.3443 train_imin: -224.0740 time: 2.5702s
INFO:root:Epoch: 1485 lr: 0.01 train_loss: 63930.9570 train_distortion: 9.6034 train_mapscore: 0.7696 train_c: -0.9862 train_max_dist: 41.1074 train_imax: 37.7282 train_imin: -225.4824 time: 2.5757s
INFO:root:Epoch: 1490 lr: 0.01 train_loss: 64917.9844 train_distortion: 9.6402 train_mapscore: 0.7530 train_c: -0.9857 train_max_dist: 41.1602 train_imax: 38.0884 train_imin: -227.2216 time: 2.5303s
INFO:root:Epoch: 1495 lr: 0.01 train_loss: 64348.3359 train_distortion: 9.5582 train_mapscore: 0.7621 train_c: -0.9852 train_max_dist: 50.0000 train_imax: 37.7622 train_imin: -226.8604 time: 2.5415s
INFO:root:Epoch: 1500 lr: 0.01 train_loss: 63025.7695 train_distortion: 9.5562 train_mapscore: 0.7872 train_c: -0.9847 train_max_dist: 41.0996 train_imax: 37.7930 train_imin: -227.5812 time: 2.5322s
INFO:root:Epoch: 1505 lr: 0.01 train_loss: 61973.9609 train_distortion: 9.7032 train_mapscore: 0.8027 train_c: -0.9842 train_max_dist: 41.2910 train_imax: 38.3390 train_imin: -231.2877 time: 2.5262s
INFO:root:Epoch: 1510 lr: 0.01 train_loss: 61133.3672 train_distortion: 10.0026 train_mapscore: 0.8134 train_c: -0.9837 train_max_dist: 41.6934 train_imax: 39.4350 train_imin: -237.9925 time: 2.5800s
INFO:root:Epoch: 1515 lr: 0.01 train_loss: 60796.4727 train_distortion: 10.3971 train_mapscore: 0.8252 train_c: -0.9832 train_max_dist: 42.1934 train_imax: 40.7474 train_imin: -246.9210 time: 2.5738s
INFO:root:Epoch: 1520 lr: 0.01 train_loss: 62981.5156 train_distortion: 10.7930 train_mapscore: 0.7936 train_c: -0.9826 train_max_dist: 42.6855 train_imax: 42.4183 train_imin: -256.2916 time: 2.5399s
INFO:root:Epoch: 1525 lr: 0.01 train_loss: 63625.3516 train_distortion: 10.6736 train_mapscore: 0.7787 train_c: -0.9820 train_max_dist: 42.5879 train_imax: 42.0723 train_imin: -253.9296 time: 2.5362s
INFO:root:Epoch: 1530 lr: 0.01 train_loss: 63026.1172 train_distortion: 10.3400 train_mapscore: 0.7849 train_c: -0.9814 train_max_dist: 42.2266 train_imax: 40.6268 train_imin: -246.2797 time: 2.5299s
INFO:root:Epoch: 1535 lr: 0.01 train_loss: 61720.1055 train_distortion: 10.1190 train_mapscore: 0.8061 train_c: -0.9807 train_max_dist: 41.9531 train_imax: 39.6146 train_imin: -241.2317 time: 2.5263s
INFO:root:Epoch: 1540 lr: 0.01 train_loss: 61017.9141 train_distortion: 10.1222 train_mapscore: 0.8156 train_c: -0.9802 train_max_dist: 41.9766 train_imax: 39.8120 train_imin: -241.4267 time: 2.5560s
INFO:root:Epoch: 1545 lr: 0.01 train_loss: 61848.3828 train_distortion: 10.3056 train_mapscore: 0.8065 train_c: -0.9796 train_max_dist: 48.0000 train_imax: 40.5333 train_imin: -246.1095 time: 2.5640s
INFO:root:Epoch: 1550 lr: 0.01 train_loss: 61752.2500 train_distortion: 10.4849 train_mapscore: 0.8089 train_c: -0.9791 train_max_dist: 42.4785 train_imax: 41.2340 train_imin: -250.6168 time: 2.5314s
INFO:root:Epoch: 1555 lr: 0.01 train_loss: 63392.0703 train_distortion: 10.5245 train_mapscore: 0.7869 train_c: -0.9785 train_max_dist: 50.0000 train_imax: 41.4318 train_imin: -251.5960 time: 2.5292s
INFO:root:Epoch: 1560 lr: 0.01 train_loss: 62914.5703 train_distortion: 10.4093 train_mapscore: 0.7920 train_c: -0.9779 train_max_dist: 42.3789 train_imax: 41.1926 train_imin: -248.7974 time: 2.5652s
INFO:root:Epoch: 1565 lr: 0.01 train_loss: 61913.7539 train_distortion: 10.2893 train_mapscore: 0.8021 train_c: -0.9773 train_max_dist: 42.1992 train_imax: 40.5226 train_imin: -246.2296 time: 2.5554s
INFO:root:Epoch: 1570 lr: 0.01 train_loss: 62950.1719 train_distortion: 10.2041 train_mapscore: 0.7847 train_c: -0.9768 train_max_dist: 42.1016 train_imax: 39.7810 train_imin: -244.6438 time: 2.5899s
INFO:root:Epoch: 1575 lr: 0.01 train_loss: 62136.5664 train_distortion: 10.1667 train_mapscore: 0.7945 train_c: -0.9762 train_max_dist: 42.0898 train_imax: 39.3451 train_imin: -243.6550 time: 2.5806s
INFO:root:Epoch: 1580 lr: 0.01 train_loss: 61296.5234 train_distortion: 10.2555 train_mapscore: 0.8051 train_c: -0.9756 train_max_dist: 42.2090 train_imax: 39.7241 train_imin: -245.5679 time: 2.5691s
INFO:root:Epoch: 1585 lr: 0.01 train_loss: 60420.6797 train_distortion: 10.4495 train_mapscore: 0.8185 train_c: -0.9751 train_max_dist: 42.4648 train_imax: 40.2858 train_imin: -250.0451 time: 2.5433s
INFO:root:Epoch: 1590 lr: 0.01 train_loss: 59556.6133 train_distortion: 10.7471 train_mapscore: 0.8313 train_c: -0.9745 train_max_dist: 42.8594 train_imax: 41.4240 train_imin: -257.0938 time: 2.5402s
INFO:root:Epoch: 1595 lr: 0.01 train_loss: 59318.9961 train_distortion: 11.0344 train_mapscore: 0.8345 train_c: -0.9740 train_max_dist: 43.2227 train_imax: 42.1730 train_imin: -264.2896 time: 2.5299s
INFO:root:Epoch: 1600 lr: 0.01 train_loss: 58930.8516 train_distortion: 11.2890 train_mapscore: 0.8386 train_c: -0.9734 train_max_dist: 43.5430 train_imax: 43.1217 train_imin: -270.6742 time: 2.7777s
INFO:root:Epoch: 1605 lr: 0.01 train_loss: 94649.4766 train_distortion: 10.1364 train_mapscore: 0.4516 train_c: -0.9726 train_max_dist: 41.8828 train_imax: 38.7081 train_imin: -244.5386 time: 2.5857s
INFO:root:Epoch: 1610 lr: 0.01 train_loss: 91389.6016 train_distortion: 6.7064 train_mapscore: 0.4230 train_c: -0.9717 train_max_dist: 37.1602 train_imax: 25.9001 train_imin: -166.8162 time: 2.5950s
INFO:root:Epoch: 1615 lr: 0.01 train_loss: 88053.6328 train_distortion: 4.3096 train_mapscore: 0.4333 train_c: -0.9710 train_max_dist: 32.9434 train_imax: 17.5798 train_imin: -115.6724 time: 2.5510s
INFO:root:Epoch: 1620 lr: 0.01 train_loss: 86695.3047 train_distortion: 3.3704 train_mapscore: 0.4562 train_c: -0.9707 train_max_dist: 30.8906 train_imax: 14.3906 train_imin: -96.1640 time: 2.5604s
INFO:root:Epoch: 1625 lr: 0.01 train_loss: 84355.7344 train_distortion: 3.3813 train_mapscore: 0.4836 train_c: -0.9708 train_max_dist: 30.9229 train_imax: 14.2539 train_imin: -96.2895 time: 2.5485s
INFO:root:Epoch: 1630 lr: 0.01 train_loss: 81171.7422 train_distortion: 3.9652 train_mapscore: 0.5200 train_c: -0.9710 train_max_dist: 32.2490 train_imax: 15.9702 train_imin: -108.2117 time: 2.5546s
INFO:root:Epoch: 1635 lr: 0.01 train_loss: 77858.1562 train_distortion: 4.7829 train_mapscore: 0.5645 train_c: -0.9713 train_max_dist: 40.0000 train_imax: 18.3783 train_imin: -125.0710 time: 2.5782s
INFO:root:Epoch: 1640 lr: 0.01 train_loss: 74901.5938 train_distortion: 5.6554 train_mapscore: 0.6112 train_c: -0.9715 train_max_dist: 35.4824 train_imax: 20.9890 train_imin: -143.3147 time: 2.5785s
INFO:root:Epoch: 1645 lr: 0.01 train_loss: 72223.1719 train_distortion: 6.4548 train_mapscore: 0.6598 train_c: -0.9716 train_max_dist: 36.7881 train_imax: 23.3820 train_imin: -160.1043 time: 2.5350s
INFO:root:Epoch: 1650 lr: 0.01 train_loss: 69983.2031 train_distortion: 7.1367 train_mapscore: 0.6893 train_c: -0.9716 train_max_dist: 37.8252 train_imax: 25.4400 train_imin: -174.5262 time: 2.5463s
INFO:root:Epoch: 1655 lr: 0.01 train_loss: 68291.0625 train_distortion: 7.6919 train_mapscore: 0.7174 train_c: -0.9715 train_max_dist: 38.6543 train_imax: 27.1962 train_imin: -186.5392 time: 2.5409s
INFO:root:Epoch: 1660 lr: 0.01 train_loss: 66830.0938 train_distortion: 8.1829 train_mapscore: 0.7401 train_c: -0.9712 train_max_dist: 39.3594 train_imax: 28.8514 train_imin: -197.3544 time: 2.5346s
INFO:root:Epoch: 1665 lr: 0.01 train_loss: 65399.5625 train_distortion: 8.6347 train_mapscore: 0.7634 train_c: -0.9710 train_max_dist: 40.0039 train_imax: 30.4609 train_imin: -207.5076 time: 2.5547s
INFO:root:Epoch: 1670 lr: 0.01 train_loss: 64147.0703 train_distortion: 9.0961 train_mapscore: 0.7790 train_c: -0.9706 train_max_dist: 50.0000 train_imax: 32.0535 train_imin: -218.0242 time: 2.5615s
INFO:root:Epoch: 1675 lr: 0.01 train_loss: 63209.6016 train_distortion: 9.5510 train_mapscore: 0.7924 train_c: -0.9702 train_max_dist: 41.2051 train_imax: 33.9204 train_imin: -228.4811 time: 2.5325s
INFO:root:Epoch: 1680 lr: 0.01 train_loss: 62966.6250 train_distortion: 9.9485 train_mapscore: 0.7939 train_c: -0.9698 train_max_dist: 41.7227 train_imax: 35.2449 train_imin: -237.4400 time: 2.5433s
INFO:root:Epoch: 1685 lr: 0.01 train_loss: 64464.5508 train_distortion: 9.9330 train_mapscore: 0.7613 train_c: -0.9693 train_max_dist: 41.7656 train_imax: 35.1826 train_imin: -237.7438 time: 2.5421s
INFO:root:Epoch: 1690 lr: 0.01 train_loss: 63784.1250 train_distortion: 9.8279 train_mapscore: 0.7732 train_c: -0.9688 train_max_dist: 41.6699 train_imax: 34.8154 train_imin: -235.9530 time: 2.5442s
INFO:root:Epoch: 1695 lr: 0.01 train_loss: 62526.3047 train_distortion: 9.8181 train_mapscore: 0.7935 train_c: -0.9683 train_max_dist: 41.6836 train_imax: 34.8269 train_imin: -235.8932 time: 2.5705s
INFO:root:Epoch: 1700 lr: 0.01 train_loss: 61815.3828 train_distortion: 9.9958 train_mapscore: 0.8044 train_c: -0.9678 train_max_dist: 41.9180 train_imax: 35.3139 train_imin: -240.2384 time: 2.5644s
INFO:root:Epoch: 1705 lr: 0.01 train_loss: 61524.9766 train_distortion: 10.2779 train_mapscore: 0.8058 train_c: -0.9673 train_max_dist: 42.2891 train_imax: 36.4361 train_imin: -247.0363 time: 2.5649s
INFO:root:Epoch: 1710 lr: 0.01 train_loss: 60941.0078 train_distortion: 10.6017 train_mapscore: 0.8115 train_c: -0.9667 train_max_dist: 42.7109 train_imax: 37.6302 train_imin: -255.1276 time: 2.5370s
INFO:root:Epoch: 1715 lr: 0.01 train_loss: 60358.8047 train_distortion: 10.9052 train_mapscore: 0.8240 train_c: -0.9662 train_max_dist: 48.0000 train_imax: 38.7993 train_imin: -262.2377 time: 2.5355s
INFO:root:Epoch: 1720 lr: 0.01 train_loss: 71489.0000 train_distortion: 11.0634 train_mapscore: 0.6813 train_c: -0.9656 train_max_dist: 48.0000 train_imax: 39.4482 train_imin: -266.3654 time: 2.5374s
INFO:root:Epoch: 1725 lr: 0.01 train_loss: 87623.9531 train_distortion: 9.1751 train_mapscore: 0.4854 train_c: -0.9649 train_max_dist: 41.1641 train_imax: 32.7710 train_imin: -223.3186 time: 2.5405s
INFO:root:Epoch: 1730 lr: 0.01 train_loss: 83967.0469 train_distortion: 6.3597 train_mapscore: 0.4880 train_c: -0.9641 train_max_dist: 37.1777 train_imax: 23.0479 train_imin: -160.6053 time: 2.5771s
INFO:root:Epoch: 1735 lr: 0.01 train_loss: 86908.8516 train_distortion: 4.4526 train_mapscore: 0.4231 train_c: -0.9637 train_max_dist: 33.7168 train_imax: 16.6611 train_imin: -119.8043 time: 2.5864s
INFO:root:Epoch: 1740 lr: 0.01 train_loss: 87493.0312 train_distortion: 3.5947 train_mapscore: 0.4207 train_c: -0.9636 train_max_dist: 31.7817 train_imax: 19.6997 train_imin: -101.6618 time: 2.5473s
INFO:root:Epoch: 1745 lr: 0.01 train_loss: 85659.5078 train_distortion: 3.4645 train_mapscore: 0.4456 train_c: -0.9637 train_max_dist: 31.4092 train_imax: 18.6912 train_imin: -98.8615 time: 2.5400s
INFO:root:Epoch: 1750 lr: 0.01 train_loss: 82492.0391 train_distortion: 3.8281 train_mapscore: 0.4856 train_c: -0.9639 train_max_dist: 32.1826 train_imax: 19.4482 train_imin: -106.2157 time: 2.5493s
INFO:root:Epoch: 1755 lr: 0.01 train_loss: 78836.0312 train_distortion: 4.5288 train_mapscore: 0.5362 train_c: -0.9642 train_max_dist: 33.6191 train_imax: 21.4757 train_imin: -120.6673 time: 2.5692s
INFO:root:Epoch: 1760 lr: 0.01 train_loss: 75978.2500 train_distortion: 5.3183 train_mapscore: 0.5736 train_c: -0.9645 train_max_dist: 35.0703 train_imax: 24.1641 train_imin: -137.1111 time: 2.6293s
INFO:root:Epoch: 1765 lr: 0.01 train_loss: 73823.0156 train_distortion: 5.9960 train_mapscore: 0.6092 train_c: -0.9647 train_max_dist: 36.2129 train_imax: 26.5077 train_imin: -151.4342 time: 2.5759s
INFO:root:Epoch: 1770 lr: 0.01 train_loss: 71321.5000 train_distortion: 6.5751 train_mapscore: 0.6503 train_c: -0.9648 train_max_dist: 50.0000 train_imax: 28.6756 train_imin: -163.7431 time: 2.5426s
INFO:root:Epoch: 1775 lr: 0.01 train_loss: 68981.2344 train_distortion: 7.1234 train_mapscore: 0.6910 train_c: -0.9648 train_max_dist: 37.9385 train_imax: 30.7330 train_imin: -175.6579 time: 2.5401s
INFO:root:Epoch: 1780 lr: 0.01 train_loss: 66816.9062 train_distortion: 7.6936 train_mapscore: 0.7263 train_c: -0.9647 train_max_dist: 38.7598 train_imax: 33.0844 train_imin: -188.2641 time: 2.5293s
INFO:root:Epoch: 1785 lr: 0.01 train_loss: 65150.0625 train_distortion: 8.2869 train_mapscore: 0.7504 train_c: -0.9646 train_max_dist: 39.5703 train_imax: 35.4762 train_imin: -201.2968 time: 2.5304s
INFO:root:Epoch: 1790 lr: 0.01 train_loss: 64174.5664 train_distortion: 8.8259 train_mapscore: 0.7634 train_c: -0.9643 train_max_dist: 40.3066 train_imax: 37.9737 train_imin: -213.4333 time: 2.5618s
INFO:root:Epoch: 1795 lr: 0.01 train_loss: 63508.5820 train_distortion: 9.2885 train_mapscore: 0.7695 train_c: -0.9640 train_max_dist: 40.8887 train_imax: 39.9484 train_imin: -224.2137 time: 2.5691s
INFO:root:Epoch: 1800 lr: 0.01 train_loss: 66383.4531 train_distortion: 9.6088 train_mapscore: 0.7147 train_c: -0.9636 train_max_dist: 41.3418 train_imax: 41.3940 train_imin: -232.3258 time: 2.5418s
INFO:root:Epoch: 1805 lr: 0.01 train_loss: 66065.0000 train_distortion: 9.5299 train_mapscore: 0.7187 train_c: -0.9631 train_max_dist: 41.2520 train_imax: 41.1495 train_imin: -230.6294 time: 2.5309s
INFO:root:Epoch: 1810 lr: 0.01 train_loss: 68303.4844 train_distortion: 8.9994 train_mapscore: 0.6739 train_c: -0.9626 train_max_dist: 40.6230 train_imax: 38.3725 train_imin: -218.6566 time: 2.5330s
INFO:root:Epoch: 1815 lr: 0.01 train_loss: 70510.6328 train_distortion: 8.5595 train_mapscore: 0.6367 train_c: -0.9621 train_max_dist: 40.0176 train_imax: 36.5965 train_imin: -208.2666 time: 2.5354s
INFO:root:Epoch: 1820 lr: 0.01 train_loss: 70988.4688 train_distortion: 7.9960 train_mapscore: 0.6274 train_c: -0.9616 train_max_dist: 39.2207 train_imax: 34.2560 train_imin: -194.7380 time: 2.5645s
INFO:root:Epoch: 1825 lr: 0.01 train_loss: 69402.6172 train_distortion: 7.5321 train_mapscore: 0.6532 train_c: -0.9612 train_max_dist: 38.5625 train_imax: 32.3284 train_imin: -184.3165 time: 2.5559s
INFO:root:Epoch: 1830 lr: 0.01 train_loss: 67054.4844 train_distortion: 7.4416 train_mapscore: 0.6992 train_c: -0.9609 train_max_dist: 50.0000 train_imax: 31.6325 train_imin: -182.5399 time: 2.5561s
INFO:root:Epoch: 1835 lr: 0.01 train_loss: 65877.8906 train_distortion: 7.7534 train_mapscore: 0.7162 train_c: -0.9607 train_max_dist: 38.9219 train_imax: 32.4624 train_imin: -189.5316 time: 2.5240s
INFO:root:Epoch: 1840 lr: 0.01 train_loss: 64733.3516 train_distortion: 8.2707 train_mapscore: 0.7323 train_c: -0.9604 train_max_dist: 39.6836 train_imax: 34.4467 train_imin: -201.2222 time: 2.5240s
INFO:root:Epoch: 1845 lr: 0.01 train_loss: 64040.7812 train_distortion: 8.8823 train_mapscore: 0.7474 train_c: -0.9602 train_max_dist: 40.5059 train_imax: 37.0491 train_imin: -215.2324 time: 2.5254s
INFO:root:Epoch: 1850 lr: 0.01 train_loss: 62823.8594 train_distortion: 9.4823 train_mapscore: 0.7753 train_c: -0.9599 train_max_dist: 41.2715 train_imax: 39.7993 train_imin: -229.2734 time: 2.5242s
INFO:root:Epoch: 1855 lr: 0.01 train_loss: 61626.6875 train_distortion: 10.0173 train_mapscore: 0.7945 train_c: -0.9595 train_max_dist: 41.9375 train_imax: 42.1564 train_imin: -242.0399 time: 2.5567s
INFO:root:Epoch: 1860 lr: 0.01 train_loss: 60618.7344 train_distortion: 10.4505 train_mapscore: 0.8095 train_c: -0.9591 train_max_dist: 42.4414 train_imax: 44.0563 train_imin: -252.5128 time: 2.5612s
INFO:root:Epoch: 1865 lr: 0.01 train_loss: 60642.6250 train_distortion: 10.7717 train_mapscore: 0.8089 train_c: -0.9586 train_max_dist: 42.7930 train_imax: 45.7237 train_imin: -260.1513 time: 2.5322s
INFO:root:Epoch: 1870 lr: 0.01 train_loss: 62228.4062 train_distortion: 10.9441 train_mapscore: 0.7871 train_c: -0.9581 train_max_dist: 42.9805 train_imax: 46.5153 train_imin: -264.0974 time: 2.5323s
INFO:root:Epoch: 1875 lr: 0.01 train_loss: 61008.0234 train_distortion: 10.8618 train_mapscore: 0.8087 train_c: -0.9575 train_max_dist: 42.8672 train_imax: 46.2673 train_imin: -262.0219 time: 2.5454s
INFO:root:Epoch: 1880 lr: 0.01 train_loss: 172686.0312 train_distortion: 7.0298 train_mapscore: 0.1674 train_c: -0.9561 train_max_dist: 37.2832 train_imax: 34.2051 train_imin: -166.8070 time: 2.6592s
INFO:root:Epoch: 1885 lr: 0.01 train_loss: 164296.0312 train_distortion: 1.8513 train_mapscore: 0.1157 train_c: -0.9551 train_max_dist: 26.3818 train_imax: 13.3622 train_imin: -58.5619 time: 2.8405s
INFO:root:Epoch: 1890 lr: 0.01 train_loss: 165302.3750 train_distortion: 0.3474 train_mapscore: 0.0902 train_c: -0.9552 train_max_dist: 17.6885 train_imax: 5.8756 train_imin: -22.0104 time: 2.9578s
INFO:root:Epoch: 1895 lr: 0.01 train_loss: 173939.5312 train_distortion: 0.2052 train_mapscore: 0.0763 train_c: -0.9553 train_max_dist: 13.3080 train_imax: 3.3075 train_imin: -11.5836 time: 3.0251s
INFO:root:Epoch: 1900 lr: 0.01 train_loss: 180430.8125 train_distortion: 0.2638 train_mapscore: 0.0699 train_c: -0.9554 train_max_dist: 11.0921 train_imax: 2.3150 train_imin: -8.3519 time: 3.0424s
INFO:root:Epoch: 1905 lr: 0.01 train_loss: 183364.8750 train_distortion: 0.3046 train_mapscore: 0.0663 train_c: -0.9555 train_max_dist: 10.2020 train_imax: 1.9509 train_imin: -7.2985 time: 3.0301s
INFO:root:Epoch: 1910 lr: 0.01 train_loss: 183774.5625 train_distortion: 0.3103 train_mapscore: 0.0665 train_c: -0.9556 train_max_dist: 10.0683 train_imax: 1.8739 train_imin: -7.1877 time: 3.0417s
INFO:root:Epoch: 1915 lr: 0.01 train_loss: 182839.2969 train_distortion: 0.2956 train_mapscore: 0.0657 train_c: -0.9557 train_max_dist: 10.3330 train_imax: 1.9373 train_imin: -7.5407 time: 3.0645s
INFO:root:Epoch: 1920 lr: 0.01 train_loss: 181422.0938 train_distortion: 0.2739 train_mapscore: 0.0671 train_c: -0.9558 train_max_dist: 10.7812 train_imax: 2.0691 train_imin: -8.1314 time: 3.0709s
INFO:root:Epoch: 1925 lr: 0.01 train_loss: 179956.8750 train_distortion: 0.2526 train_mapscore: 0.0674 train_c: -0.9559 train_max_dist: 11.2755 train_imax: 2.2267 train_imin: -8.8318 time: 3.0483s
INFO:root:Epoch: 1930 lr: 0.01 train_loss: 178601.9062 train_distortion: 0.2354 train_mapscore: 0.0674 train_c: -0.9561 train_max_dist: 11.7856 train_imax: 2.3874 train_imin: -9.5567 time: 3.0535s
INFO:root:Epoch: 1935 lr: 0.01 train_loss: 177483.6719 train_distortion: 0.2231 train_mapscore: 0.0699 train_c: -0.9562 train_max_dist: 12.2631 train_imax: 2.5350 train_imin: -10.3422 time: 3.0439s
INFO:root:Epoch: 1940 lr: 0.01 train_loss: 176465.5625 train_distortion: 0.2149 train_mapscore: 0.0685 train_c: -0.9563 train_max_dist: 12.6798 train_imax: 2.6638 train_imin: -11.0685 time: 3.0537s
INFO:root:Epoch: 1945 lr: 0.01 train_loss: 175556.5156 train_distortion: 0.2100 train_mapscore: 0.0703 train_c: -0.9564 train_max_dist: 13.0297 train_imax: 2.7675 train_imin: -11.6943 time: 3.0598s
INFO:root:Epoch: 1950 lr: 0.01 train_loss: 174785.6250 train_distortion: 0.2074 train_mapscore: 0.0709 train_c: -0.9566 train_max_dist: 13.3220 train_imax: 2.8509 train_imin: -12.2292 time: 3.0768s
INFO:root:Epoch: 1955 lr: 0.01 train_loss: 174083.0781 train_distortion: 0.2062 train_mapscore: 0.0715 train_c: -0.9567 train_max_dist: 13.5646 train_imax: 2.9171 train_imin: -12.6842 time: 3.0817s
INFO:root:Epoch: 1960 lr: 0.01 train_loss: 173495.2344 train_distortion: 0.2060 train_mapscore: 0.0721 train_c: -0.9568 train_max_dist: 13.7736 train_imax: 2.9700 train_imin: -13.0770 time: 3.0336s
INFO:root:Epoch: 1965 lr: 0.01 train_loss: 172894.3750 train_distortion: 0.2063 train_mapscore: 0.0737 train_c: -0.9569 train_max_dist: 13.9493 train_imax: 3.0191 train_imin: -13.4098 time: 3.0120s
INFO:root:Epoch: 1970 lr: 0.01 train_loss: 172379.1250 train_distortion: 0.2071 train_mapscore: 0.0745 train_c: -0.9571 train_max_dist: 14.1121 train_imax: 3.0695 train_imin: -13.7077 time: 3.0150s
INFO:root:Epoch: 1975 lr: 0.01 train_loss: 171902.1250 train_distortion: 0.2082 train_mapscore: 0.0743 train_c: -0.9572 train_max_dist: 14.2683 train_imax: 3.1097 train_imin: -13.9802 time: 3.0410s
INFO:root:Epoch: 1980 lr: 0.01 train_loss: 171421.6875 train_distortion: 0.2094 train_mapscore: 0.0746 train_c: -0.9573 train_max_dist: 14.4044 train_imax: 3.1377 train_imin: -14.2125 time: 3.0525s
INFO:root:Epoch: 1985 lr: 0.01 train_loss: 170983.4688 train_distortion: 0.2110 train_mapscore: 0.0757 train_c: -0.9574 train_max_dist: 14.5406 train_imax: 3.1684 train_imin: -14.4556 time: 3.0399s
INFO:root:Epoch: 1990 lr: 0.01 train_loss: 170573.0312 train_distortion: 0.2129 train_mapscore: 0.0769 train_c: -0.9576 train_max_dist: 14.6735 train_imax: 3.1999 train_imin: -14.6998 time: 2.9956s
INFO:root:Epoch: 1995 lr: 0.01 train_loss: 170178.7500 train_distortion: 0.2149 train_mapscore: 0.0787 train_c: -0.9577 train_max_dist: 14.7985 train_imax: 3.2264 train_imin: -14.9348 time: 2.9945s
INFO:root:Epoch: 2000 lr: 0.0025 train_loss: 169788.1250 train_distortion: 0.2171 train_mapscore: 0.0798 train_c: -0.9578 train_max_dist: 14.9173 train_imax: 3.2522 train_imin: -15.1621 time: 2.9821s
INFO:root:Optimization Finished!
INFO:root:Total time elapsed: 5216.9262s
INFO:root:Val set results: val_distortion: 1.0000 val_mapscore: -1.0000 val_c: -1.0000 val_max_dist: 0.0000
INFO:root:Test set results: test_loss: 169711.1562 test_distortion: 0.2176 test_mapscore: 0.0797 test_c: -0.9578 test_max_dist: 14.9402 test_imax: 3.2577 test_imin: -15.2068
INFO:root:Saved model in /workspace/xiongbo/hgcn/logs/md/2021_5_28/0
