INFO:root:Using: cuda:0
INFO:root:Using seed 1234.
INFO:root:MDModel(
  (encoder): HGCN(
    (layers): Sequential(
      (0): HyperbolicGraphConvolution(
        (linear): HypLinear(
          in_features=4159, out_features=10, c=Parameter containing:
          tensor([-1.], requires_grad=True)
        )
        (agg): HypAgg(
          c=Parameter containing:
          tensor([-1.], requires_grad=True)
        )
        (hyp_act): HypAct(
          c_in=Parameter containing:
          tensor([-1.], requires_grad=True), c_out=Parameter containing:
          tensor([-1.], requires_grad=True)
        )
      )
    )
  )
  (decoder): MDDecoder()
)
INFO:root:Total number of parameters: 41602
/workspace/anaconda3/envs/geo/lib/python3.7/site-packages/torch/optim/lr_scheduler.py:370: UserWarning: To get the last learning rate computed by the scheduler, please use `get_last_lr()`.
  "please use `get_last_lr()`.", UserWarning)
INFO:root:Epoch: 0005 lr: 0.01 train_loss: 206668.3594 train_distortion: 0.7143 train_mapscore: 0.1909 train_c: -1.0004 train_max_dist: 2.6539 train_imax: -0.0000 train_imin: -1.0004 time: 2.8435s
INFO:root:Epoch: 0010 lr: 0.01 train_loss: 202020.0938 train_distortion: 0.6837 train_mapscore: 0.2929 train_c: -1.0008 train_max_dist: 3.1524 train_imax: -0.0000 train_imin: -1.0008 time: 2.6760s
INFO:root:Epoch: 0015 lr: 0.01 train_loss: 199854.9375 train_distortion: 0.6700 train_mapscore: 0.3313 train_c: -1.0014 train_max_dist: 3.3244 train_imax: -0.0000 train_imin: -1.0014 time: 2.5709s
INFO:root:Epoch: 0020 lr: 0.01 train_loss: 198403.1562 train_distortion: 0.6613 train_mapscore: 0.3449 train_c: -1.0019 train_max_dist: 3.5489 train_imax: -0.0000 train_imin: -1.0019 time: 2.5194s
INFO:root:Epoch: 0025 lr: 0.01 train_loss: 197385.1875 train_distortion: 0.6548 train_mapscore: 0.3531 train_c: -1.0024 train_max_dist: 3.6274 train_imax: -0.0000 train_imin: -1.0024 time: 2.5436s
INFO:root:Epoch: 0030 lr: 0.01 train_loss: 196596.8125 train_distortion: 0.6489 train_mapscore: 0.3528 train_c: -1.0030 train_max_dist: 3.6398 train_imax: -0.0000 train_imin: -1.0030 time: 2.4929s
INFO:root:Epoch: 0035 lr: 0.01 train_loss: 195956.2812 train_distortion: 0.6437 train_mapscore: 0.3486 train_c: -1.0035 train_max_dist: 3.7260 train_imax: -0.0000 train_imin: -1.0035 time: 2.4642s
INFO:root:Epoch: 0040 lr: 0.01 train_loss: 195427.8281 train_distortion: 0.6395 train_mapscore: 0.3395 train_c: -1.0041 train_max_dist: 3.7537 train_imax: -0.0000 train_imin: -1.0041 time: 2.4687s
INFO:root:Epoch: 0045 lr: 0.01 train_loss: 194989.3750 train_distortion: 0.6361 train_mapscore: 0.3338 train_c: -1.0046 train_max_dist: 3.7478 train_imax: -0.0000 train_imin: -1.0046 time: 2.4965s
INFO:root:Epoch: 0050 lr: 0.01 train_loss: 194621.5000 train_distortion: 0.6332 train_mapscore: 0.3279 train_c: -1.0052 train_max_dist: 3.6993 train_imax: -0.0000 train_imin: -1.0052 time: 2.4519s
INFO:root:Epoch: 0055 lr: 0.01 train_loss: 194305.0625 train_distortion: 0.6304 train_mapscore: 0.3217 train_c: -1.0058 train_max_dist: 3.6535 train_imax: -0.0000 train_imin: -1.0058 time: 2.4628s
INFO:root:Epoch: 0060 lr: 0.01 train_loss: 194030.7344 train_distortion: 0.6279 train_mapscore: 0.3173 train_c: -1.0063 train_max_dist: 3.6428 train_imax: -0.0000 train_imin: -1.0063 time: 2.4854s
INFO:root:Epoch: 0065 lr: 0.01 train_loss: 193787.6094 train_distortion: 0.6256 train_mapscore: 0.3096 train_c: -1.0069 train_max_dist: 3.6124 train_imax: -0.0000 train_imin: -1.0069 time: 2.4470s
INFO:root:Epoch: 0070 lr: 0.01 train_loss: 193573.4688 train_distortion: 0.6235 train_mapscore: 0.3058 train_c: -1.0074 train_max_dist: 3.6464 train_imax: -0.0000 train_imin: -1.0074 time: 2.4506s
INFO:root:Epoch: 0075 lr: 0.01 train_loss: 193380.8438 train_distortion: 0.6215 train_mapscore: 0.3013 train_c: -1.0080 train_max_dist: 3.6317 train_imax: -0.0000 train_imin: -1.0080 time: 2.4437s
INFO:root:Epoch: 0080 lr: 0.01 train_loss: 193202.4219 train_distortion: 0.6198 train_mapscore: 0.2943 train_c: -1.0085 train_max_dist: 3.6196 train_imax: -0.0000 train_imin: -1.0085 time: 2.4780s
INFO:root:Epoch: 0085 lr: 0.01 train_loss: 193039.0938 train_distortion: 0.6181 train_mapscore: 0.2917 train_c: -1.0091 train_max_dist: 3.6731 train_imax: -0.0000 train_imin: -1.0091 time: 2.4451s
INFO:root:Epoch: 0090 lr: 0.01 train_loss: 192894.1875 train_distortion: 0.6167 train_mapscore: 0.2872 train_c: -1.0096 train_max_dist: 3.7059 train_imax: -0.0000 train_imin: -1.0096 time: 2.4497s
INFO:root:Epoch: 0095 lr: 0.01 train_loss: 192761.1875 train_distortion: 0.6153 train_mapscore: 0.2814 train_c: -1.0101 train_max_dist: 3.6819 train_imax: -0.0000 train_imin: -1.0101 time: 2.4724s
INFO:root:Epoch: 0100 lr: 0.01 train_loss: 192640.4062 train_distortion: 0.6140 train_mapscore: 0.2767 train_c: -1.0107 train_max_dist: 3.6938 train_imax: -0.0000 train_imin: -1.0107 time: 2.4401s
INFO:root:Epoch: 0105 lr: 0.01 train_loss: 192529.7812 train_distortion: 0.6129 train_mapscore: 0.2707 train_c: -1.0112 train_max_dist: 3.6829 train_imax: -0.0000 train_imin: -1.0112 time: 2.4434s
INFO:root:Epoch: 0110 lr: 0.01 train_loss: 192428.6406 train_distortion: 0.6118 train_mapscore: 0.2673 train_c: -1.0118 train_max_dist: 3.6768 train_imax: -0.0000 train_imin: -1.0118 time: 2.4783s
INFO:root:Epoch: 0115 lr: 0.01 train_loss: 192336.4062 train_distortion: 0.6108 train_mapscore: 0.2632 train_c: -1.0123 train_max_dist: 3.6679 train_imax: -0.0000 train_imin: -1.0123 time: 2.4768s
INFO:root:Epoch: 0120 lr: 0.01 train_loss: 192252.7812 train_distortion: 0.6100 train_mapscore: 0.2613 train_c: -1.0128 train_max_dist: 3.6378 train_imax: -0.0000 train_imin: -1.0128 time: 2.4497s
INFO:root:Epoch: 0125 lr: 0.01 train_loss: 192175.9062 train_distortion: 0.6091 train_mapscore: 0.2586 train_c: -1.0134 train_max_dist: 3.6305 train_imax: -0.0000 train_imin: -1.0134 time: 2.4444s
INFO:root:Epoch: 0130 lr: 0.01 train_loss: 192103.0156 train_distortion: 0.6083 train_mapscore: 0.2541 train_c: -1.0139 train_max_dist: 3.6088 train_imax: -0.0000 train_imin: -1.0139 time: 2.4754s
INFO:root:Epoch: 0135 lr: 0.01 train_loss: 192035.2656 train_distortion: 0.6076 train_mapscore: 0.2544 train_c: -1.0144 train_max_dist: 3.5787 train_imax: -0.0000 train_imin: -1.0144 time: 2.4522s
INFO:root:Epoch: 0140 lr: 0.01 train_loss: 191972.9062 train_distortion: 0.6069 train_mapscore: 0.2534 train_c: -1.0150 train_max_dist: 3.5591 train_imax: -0.0000 train_imin: -1.0150 time: 2.4596s
INFO:root:Epoch: 0145 lr: 0.01 train_loss: 191910.2969 train_distortion: 0.6062 train_mapscore: 0.2518 train_c: -1.0155 train_max_dist: 3.5393 train_imax: -0.0000 train_imin: -1.0155 time: 2.5043s
INFO:root:Epoch: 0150 lr: 0.01 train_loss: 191851.5000 train_distortion: 0.6055 train_mapscore: 0.2492 train_c: -1.0160 train_max_dist: 3.5270 train_imax: -0.0000 train_imin: -1.0160 time: 2.4539s
INFO:root:Epoch: 0155 lr: 0.01 train_loss: 191797.1094 train_distortion: 0.6049 train_mapscore: 0.2474 train_c: -1.0165 train_max_dist: 3.5106 train_imax: -0.0000 train_imin: -1.0165 time: 2.4639s
INFO:root:Epoch: 0160 lr: 0.01 train_loss: 191744.4688 train_distortion: 0.6043 train_mapscore: 0.2484 train_c: -1.0171 train_max_dist: 3.4850 train_imax: -0.0000 train_imin: -1.0171 time: 2.4752s
INFO:root:Epoch: 0165 lr: 0.01 train_loss: 191694.7500 train_distortion: 0.6037 train_mapscore: 0.2484 train_c: -1.0176 train_max_dist: 3.4507 train_imax: -0.0000 train_imin: -1.0176 time: 2.5228s
INFO:root:Epoch: 0170 lr: 0.01 train_loss: 191647.1719 train_distortion: 0.6031 train_mapscore: 0.2451 train_c: -1.0181 train_max_dist: 3.4349 train_imax: -0.0000 train_imin: -1.0181 time: 2.4824s
INFO:root:Epoch: 0175 lr: 0.01 train_loss: 191603.5000 train_distortion: 0.6027 train_mapscore: 0.2447 train_c: -1.0187 train_max_dist: 3.4136 train_imax: -0.0000 train_imin: -1.0187 time: 2.4651s
INFO:root:Epoch: 0180 lr: 0.01 train_loss: 191557.8438 train_distortion: 0.6021 train_mapscore: 0.2408 train_c: -1.0192 train_max_dist: 3.4077 train_imax: -0.0000 train_imin: -1.0192 time: 2.5171s
INFO:root:Epoch: 0185 lr: 0.01 train_loss: 191513.9375 train_distortion: 0.6016 train_mapscore: 0.2412 train_c: -1.0197 train_max_dist: 3.4151 train_imax: -0.0000 train_imin: -1.0197 time: 2.4860s
INFO:root:Epoch: 0190 lr: 0.01 train_loss: 191471.8125 train_distortion: 0.6012 train_mapscore: 0.2391 train_c: -1.0202 train_max_dist: 3.4063 train_imax: -0.0000 train_imin: -1.0202 time: 2.4896s
INFO:root:Epoch: 0195 lr: 0.01 train_loss: 191432.6562 train_distortion: 0.6008 train_mapscore: 0.2383 train_c: -1.0207 train_max_dist: 3.3831 train_imax: -0.0000 train_imin: -1.0207 time: 2.5195s
INFO:root:Epoch: 0200 lr: 0.01 train_loss: 191394.9062 train_distortion: 0.6003 train_mapscore: 0.2389 train_c: -1.0213 train_max_dist: 3.3790 train_imax: -0.0000 train_imin: -1.0213 time: 2.5252s
INFO:root:Epoch: 0205 lr: 0.01 train_loss: 191358.2344 train_distortion: 0.5999 train_mapscore: 0.2400 train_c: -1.0218 train_max_dist: 3.3633 train_imax: -0.0000 train_imin: -1.0218 time: 2.4909s
INFO:root:Epoch: 0210 lr: 0.01 train_loss: 191323.3750 train_distortion: 0.5996 train_mapscore: 0.2375 train_c: -1.0223 train_max_dist: 3.3543 train_imax: -0.0000 train_imin: -1.0223 time: 2.5081s
INFO:root:Epoch: 0215 lr: 0.01 train_loss: 191290.5938 train_distortion: 0.5992 train_mapscore: 0.2378 train_c: -1.0228 train_max_dist: 3.3509 train_imax: -0.0000 train_imin: -1.0228 time: 2.5427s
INFO:root:Epoch: 0220 lr: 0.01 train_loss: 191259.0625 train_distortion: 0.5989 train_mapscore: 0.2376 train_c: -1.0234 train_max_dist: 3.3536 train_imax: -0.0000 train_imin: -1.0234 time: 2.4944s
INFO:root:Epoch: 0225 lr: 0.01 train_loss: 191229.6250 train_distortion: 0.5986 train_mapscore: 0.2380 train_c: -1.0239 train_max_dist: 3.3502 train_imax: -0.0000 train_imin: -1.0239 time: 2.5127s
INFO:root:Epoch: 0230 lr: 0.01 train_loss: 191199.7812 train_distortion: 0.5983 train_mapscore: 0.2374 train_c: -1.0244 train_max_dist: 3.3457 train_imax: -0.0000 train_imin: -1.0244 time: 2.5345s
INFO:root:Epoch: 0235 lr: 0.01 train_loss: 191171.5625 train_distortion: 0.5980 train_mapscore: 0.2370 train_c: -1.0249 train_max_dist: 3.3548 train_imax: -0.0000 train_imin: -1.0249 time: 2.5256s
INFO:root:Epoch: 0240 lr: 0.01 train_loss: 191144.1875 train_distortion: 0.5977 train_mapscore: 0.2399 train_c: -1.0254 train_max_dist: 3.3522 train_imax: -0.0000 train_imin: -1.0254 time: 2.5119s
INFO:root:Epoch: 0245 lr: 0.01 train_loss: 191117.9062 train_distortion: 0.5975 train_mapscore: 0.2374 train_c: -1.0260 train_max_dist: 3.3598 train_imax: -0.0000 train_imin: -1.0260 time: 2.5199s
INFO:root:Epoch: 0250 lr: 0.01 train_loss: 191092.3906 train_distortion: 0.5972 train_mapscore: 0.2364 train_c: -1.0265 train_max_dist: 3.3651 train_imax: -0.0000 train_imin: -1.0265 time: 2.5508s
INFO:root:Epoch: 0255 lr: 0.01 train_loss: 191065.7500 train_distortion: 0.5969 train_mapscore: 0.2352 train_c: -1.0270 train_max_dist: 3.3559 train_imax: -0.0000 train_imin: -1.0270 time: 2.5104s
INFO:root:Epoch: 0260 lr: 0.01 train_loss: 191040.6250 train_distortion: 0.5967 train_mapscore: 0.2353 train_c: -1.0275 train_max_dist: 3.3509 train_imax: -0.0000 train_imin: -1.0275 time: 2.5211s
INFO:root:Epoch: 0265 lr: 0.01 train_loss: 191015.1562 train_distortion: 0.5964 train_mapscore: 0.2346 train_c: -1.0280 train_max_dist: 3.3639 train_imax: -0.0000 train_imin: -1.0280 time: 2.5639s
INFO:root:Epoch: 0270 lr: 0.01 train_loss: 190991.0781 train_distortion: 0.5962 train_mapscore: 0.2376 train_c: -1.0285 train_max_dist: 3.3702 train_imax: -0.0000 train_imin: -1.0285 time: 2.5240s
INFO:root:Epoch: 0275 lr: 0.01 train_loss: 190965.4688 train_distortion: 0.5959 train_mapscore: 0.2377 train_c: -1.0291 train_max_dist: 3.3699 train_imax: -0.0000 train_imin: -1.0291 time: 2.5453s
INFO:root:Epoch: 0280 lr: 0.01 train_loss: 190940.8906 train_distortion: 0.5957 train_mapscore: 0.2365 train_c: -1.0296 train_max_dist: 3.3651 train_imax: -0.0000 train_imin: -1.0296 time: 2.5235s
INFO:root:Epoch: 0285 lr: 0.01 train_loss: 190916.3438 train_distortion: 0.5955 train_mapscore: 0.2379 train_c: -1.0301 train_max_dist: 3.3664 train_imax: -0.0000 train_imin: -1.0301 time: 2.5787s
INFO:root:Epoch: 0290 lr: 0.01 train_loss: 190891.6250 train_distortion: 0.5952 train_mapscore: 0.2368 train_c: -1.0306 train_max_dist: 3.3775 train_imax: -0.0000 train_imin: -1.0306 time: 2.5463s
INFO:root:Epoch: 0295 lr: 0.01 train_loss: 190868.4375 train_distortion: 0.5949 train_mapscore: 0.2373 train_c: -1.0311 train_max_dist: 3.3776 train_imax: -0.0000 train_imin: -1.0311 time: 2.5381s
INFO:root:Epoch: 0300 lr: 0.01 train_loss: 190845.3438 train_distortion: 0.5947 train_mapscore: 0.2360 train_c: -1.0316 train_max_dist: 3.3696 train_imax: -0.0000 train_imin: -1.0316 time: 2.5797s
INFO:root:Epoch: 0305 lr: 0.01 train_loss: 190824.2031 train_distortion: 0.5945 train_mapscore: 0.2365 train_c: -1.0322 train_max_dist: 3.3649 train_imax: -0.0000 train_imin: -1.0322 time: 2.5489s
INFO:root:Epoch: 0310 lr: 0.01 train_loss: 190801.3750 train_distortion: 0.5943 train_mapscore: 0.2384 train_c: -1.0327 train_max_dist: 3.3687 train_imax: -0.0000 train_imin: -1.0327 time: 2.5511s
INFO:root:Epoch: 0315 lr: 0.01 train_loss: 190779.9375 train_distortion: 0.5940 train_mapscore: 0.2390 train_c: -1.0332 train_max_dist: 3.3699 train_imax: -0.0000 train_imin: -1.0332 time: 2.5758s
INFO:root:Epoch: 0320 lr: 0.01 train_loss: 190759.0469 train_distortion: 0.5938 train_mapscore: 0.2358 train_c: -1.0337 train_max_dist: 3.3642 train_imax: -0.0000 train_imin: -1.0337 time: 2.5794s
INFO:root:Epoch: 0325 lr: 0.01 train_loss: 190736.7344 train_distortion: 0.5936 train_mapscore: 0.2365 train_c: -1.0342 train_max_dist: 3.3647 train_imax: -0.0000 train_imin: -1.0342 time: 2.5714s
INFO:root:Epoch: 0330 lr: 0.01 train_loss: 190714.7188 train_distortion: 0.5933 train_mapscore: 0.2350 train_c: -1.0347 train_max_dist: 3.3624 train_imax: -0.0000 train_imin: -1.0347 time: 2.5558s
INFO:root:Epoch: 0335 lr: 0.01 train_loss: 190694.0000 train_distortion: 0.5931 train_mapscore: 0.2355 train_c: -1.0352 train_max_dist: 3.3667 train_imax: -0.0000 train_imin: -1.0352 time: 2.6047s
INFO:root:Epoch: 0340 lr: 0.01 train_loss: 190672.5625 train_distortion: 0.5928 train_mapscore: 0.2360 train_c: -1.0358 train_max_dist: 3.3581 train_imax: -0.0000 train_imin: -1.0358 time: 2.5670s
INFO:root:Epoch: 0345 lr: 0.01 train_loss: 190652.5312 train_distortion: 0.5926 train_mapscore: 0.2337 train_c: -1.0363 train_max_dist: 3.3746 train_imax: -0.0000 train_imin: -1.0363 time: 2.5891s
INFO:root:Epoch: 0350 lr: 0.01 train_loss: 190630.4375 train_distortion: 0.5924 train_mapscore: 0.2342 train_c: -1.0368 train_max_dist: 3.3623 train_imax: -0.0000 train_imin: -1.0368 time: 2.5796s
INFO:root:Epoch: 0355 lr: 0.01 train_loss: 190610.4062 train_distortion: 0.5922 train_mapscore: 0.2336 train_c: -1.0373 train_max_dist: 3.3586 train_imax: -0.0000 train_imin: -1.0373 time: 2.5597s
INFO:root:Epoch: 0360 lr: 0.01 train_loss: 190589.9062 train_distortion: 0.5920 train_mapscore: 0.2351 train_c: -1.0378 train_max_dist: 3.3518 train_imax: -0.0000 train_imin: -1.0378 time: 2.5684s
INFO:root:Epoch: 0365 lr: 0.01 train_loss: 190569.7188 train_distortion: 0.5917 train_mapscore: 0.2358 train_c: -1.0383 train_max_dist: 3.3621 train_imax: -0.0000 train_imin: -1.0383 time: 2.5674s
INFO:root:Epoch: 0370 lr: 0.01 train_loss: 190549.6250 train_distortion: 0.5915 train_mapscore: 0.2364 train_c: -1.0388 train_max_dist: 3.3461 train_imax: -0.0000 train_imin: -1.0388 time: 2.5961s
INFO:root:Epoch: 0375 lr: 0.01 train_loss: 190530.2656 train_distortion: 0.5912 train_mapscore: 0.2336 train_c: -1.0393 train_max_dist: 3.3445 train_imax: -0.0000 train_imin: -1.0393 time: 2.5707s
INFO:root:Epoch: 0380 lr: 0.01 train_loss: 190510.8750 train_distortion: 0.5910 train_mapscore: 0.2349 train_c: -1.0399 train_max_dist: 3.3483 train_imax: -0.0000 train_imin: -1.0399 time: 2.5682s
INFO:root:Epoch: 0385 lr: 0.01 train_loss: 190490.8125 train_distortion: 0.5907 train_mapscore: 0.2348 train_c: -1.0404 train_max_dist: 3.3477 train_imax: -0.0000 train_imin: -1.0404 time: 2.6280s
INFO:root:Epoch: 0390 lr: 0.01 train_loss: 190471.1719 train_distortion: 0.5905 train_mapscore: 0.2321 train_c: -1.0409 train_max_dist: 3.3482 train_imax: -0.0000 train_imin: -1.0409 time: 2.5828s
INFO:root:Epoch: 0395 lr: 0.01 train_loss: 190452.5312 train_distortion: 0.5903 train_mapscore: 0.2345 train_c: -1.0414 train_max_dist: 3.3459 train_imax: -0.0000 train_imin: -1.0414 time: 2.5799s
INFO:root:Epoch: 0400 lr: 0.01 train_loss: 190433.0625 train_distortion: 0.5900 train_mapscore: 0.2342 train_c: -1.0419 train_max_dist: 3.3509 train_imax: -0.0000 train_imin: -1.0419 time: 2.6184s
INFO:root:Epoch: 0405 lr: 0.01 train_loss: 190414.1875 train_distortion: 0.5898 train_mapscore: 0.2357 train_c: -1.0424 train_max_dist: 3.3598 train_imax: -0.0000 train_imin: -1.0424 time: 2.6118s
INFO:root:Epoch: 0410 lr: 0.01 train_loss: 190395.1094 train_distortion: 0.5895 train_mapscore: 0.2346 train_c: -1.0429 train_max_dist: 3.3605 train_imax: -0.0000 train_imin: -1.0429 time: 2.5932s
INFO:root:Epoch: 0415 lr: 0.01 train_loss: 190377.2188 train_distortion: 0.5893 train_mapscore: 0.2337 train_c: -1.0434 train_max_dist: 3.3566 train_imax: -0.0000 train_imin: -1.0434 time: 2.5930s
INFO:root:Epoch: 0420 lr: 0.01 train_loss: 190358.3125 train_distortion: 0.5891 train_mapscore: 0.2334 train_c: -1.0439 train_max_dist: 3.3513 train_imax: -0.0000 train_imin: -1.0439 time: 2.6319s
INFO:root:Epoch: 0425 lr: 0.01 train_loss: 190339.9062 train_distortion: 0.5888 train_mapscore: 0.2331 train_c: -1.0445 train_max_dist: 3.3535 train_imax: -0.0000 train_imin: -1.0445 time: 2.5869s
INFO:root:Epoch: 0430 lr: 0.01 train_loss: 190320.6875 train_distortion: 0.5886 train_mapscore: 0.2325 train_c: -1.0450 train_max_dist: 3.3558 train_imax: -0.0000 train_imin: -1.0450 time: 2.5815s
INFO:root:Epoch: 0435 lr: 0.01 train_loss: 190302.4375 train_distortion: 0.5884 train_mapscore: 0.2302 train_c: -1.0455 train_max_dist: 3.3623 train_imax: -0.0000 train_imin: -1.0455 time: 2.6285s
INFO:root:Epoch: 0440 lr: 0.01 train_loss: 190284.2812 train_distortion: 0.5881 train_mapscore: 0.2319 train_c: -1.0460 train_max_dist: 3.3611 train_imax: -0.0000 train_imin: -1.0460 time: 2.6078s
INFO:root:Epoch: 0445 lr: 0.01 train_loss: 190266.0312 train_distortion: 0.5879 train_mapscore: 0.2335 train_c: -1.0465 train_max_dist: 3.3581 train_imax: -0.0000 train_imin: -1.0465 time: 2.5882s
INFO:root:Epoch: 0450 lr: 0.01 train_loss: 190248.1562 train_distortion: 0.5877 train_mapscore: 0.2331 train_c: -1.0470 train_max_dist: 3.3582 train_imax: -0.0000 train_imin: -1.0470 time: 2.6003s
INFO:root:Epoch: 0455 lr: 0.01 train_loss: 190231.3594 train_distortion: 0.5875 train_mapscore: 0.2330 train_c: -1.0475 train_max_dist: 3.3499 train_imax: -0.0000 train_imin: -1.0475 time: 2.6241s
INFO:root:Epoch: 0460 lr: 0.01 train_loss: 190213.8750 train_distortion: 0.5873 train_mapscore: 0.2335 train_c: -1.0480 train_max_dist: 3.3444 train_imax: -0.0000 train_imin: -1.0480 time: 2.5919s
INFO:root:Epoch: 0465 lr: 0.01 train_loss: 190195.5469 train_distortion: 0.5871 train_mapscore: 0.2324 train_c: -1.0485 train_max_dist: 3.3545 train_imax: -0.0000 train_imin: -1.0485 time: 2.6009s
INFO:root:Epoch: 0470 lr: 0.01 train_loss: 190178.1875 train_distortion: 0.5869 train_mapscore: 0.2335 train_c: -1.0490 train_max_dist: 3.3498 train_imax: -0.0000 train_imin: -1.0490 time: 2.6301s
INFO:root:Epoch: 0475 lr: 0.01 train_loss: 190159.5938 train_distortion: 0.5866 train_mapscore: 0.2331 train_c: -1.0496 train_max_dist: 3.3497 train_imax: -0.0000 train_imin: -1.0496 time: 2.6233s
INFO:root:Epoch: 0480 lr: 0.01 train_loss: 190142.1094 train_distortion: 0.5864 train_mapscore: 0.2313 train_c: -1.0501 train_max_dist: 3.3452 train_imax: -0.0000 train_imin: -1.0501 time: 2.6112s
INFO:root:Epoch: 0485 lr: 0.01 train_loss: 190124.0781 train_distortion: 0.5862 train_mapscore: 0.2306 train_c: -1.0506 train_max_dist: 3.3450 train_imax: -0.0000 train_imin: -1.0506 time: 2.6080s
INFO:root:Epoch: 0490 lr: 0.01 train_loss: 190106.0625 train_distortion: 0.5859 train_mapscore: 0.2325 train_c: -1.0511 train_max_dist: 3.3391 train_imax: -0.0000 train_imin: -1.0511 time: 2.6289s
INFO:root:Epoch: 0495 lr: 0.01 train_loss: 190088.0625 train_distortion: 0.5857 train_mapscore: 0.2312 train_c: -1.0516 train_max_dist: 3.3293 train_imax: -0.0000 train_imin: -1.0516 time: 2.5901s
INFO:root:Epoch: 0500 lr: 0.01 train_loss: 190069.6562 train_distortion: 0.5855 train_mapscore: 0.2318 train_c: -1.0521 train_max_dist: 3.3292 train_imax: -0.0000 train_imin: -1.0521 time: 2.5986s
INFO:root:Epoch: 0505 lr: 0.01 train_loss: 190050.6562 train_distortion: 0.5852 train_mapscore: 0.2299 train_c: -1.0526 train_max_dist: 3.3283 train_imax: -0.0000 train_imin: -1.0526 time: 2.6024s
INFO:root:Epoch: 0510 lr: 0.01 train_loss: 190031.7969 train_distortion: 0.5850 train_mapscore: 0.2287 train_c: -1.0531 train_max_dist: 3.3260 train_imax: -0.0000 train_imin: -1.0531 time: 2.6051s
INFO:root:Epoch: 0515 lr: 0.01 train_loss: 190013.1562 train_distortion: 0.5847 train_mapscore: 0.2298 train_c: -1.0536 train_max_dist: 3.3289 train_imax: -0.0000 train_imin: -1.0536 time: 2.5854s
INFO:root:Epoch: 0520 lr: 0.01 train_loss: 189994.7812 train_distortion: 0.5845 train_mapscore: 0.2292 train_c: -1.0541 train_max_dist: 3.3405 train_imax: -0.0000 train_imin: -1.0541 time: 2.6305s
INFO:root:Epoch: 0525 lr: 0.01 train_loss: 189977.0781 train_distortion: 0.5843 train_mapscore: 0.2308 train_c: -1.0546 train_max_dist: 3.3489 train_imax: -0.0000 train_imin: -1.0546 time: 2.6409s
INFO:root:Epoch: 0530 lr: 0.01 train_loss: 189959.5312 train_distortion: 0.5841 train_mapscore: 0.2317 train_c: -1.0551 train_max_dist: 3.3439 train_imax: -0.0000 train_imin: -1.0551 time: 2.5977s
INFO:root:Epoch: 0535 lr: 0.01 train_loss: 189942.2031 train_distortion: 0.5838 train_mapscore: 0.2311 train_c: -1.0557 train_max_dist: 3.3328 train_imax: -0.0000 train_imin: -1.0557 time: 2.6238s
INFO:root:Epoch: 0540 lr: 0.01 train_loss: 189924.7812 train_distortion: 0.5836 train_mapscore: 0.2310 train_c: -1.0562 train_max_dist: 3.3276 train_imax: -0.0000 train_imin: -1.0562 time: 2.6263s
INFO:root:Epoch: 0545 lr: 0.01 train_loss: 189907.1406 train_distortion: 0.5834 train_mapscore: 0.2303 train_c: -1.0567 train_max_dist: 3.3288 train_imax: -0.0000 train_imin: -1.0567 time: 2.6095s
INFO:root:Epoch: 0550 lr: 0.01 train_loss: 189889.2500 train_distortion: 0.5832 train_mapscore: 0.2314 train_c: -1.0572 train_max_dist: 3.3374 train_imax: -0.0000 train_imin: -1.0572 time: 2.6107s
INFO:root:Epoch: 0555 lr: 0.01 train_loss: 189871.8438 train_distortion: 0.5830 train_mapscore: 0.2305 train_c: -1.0577 train_max_dist: 3.3350 train_imax: -0.0000 train_imin: -1.0577 time: 2.6335s
INFO:root:Epoch: 0560 lr: 0.01 train_loss: 189854.2500 train_distortion: 0.5828 train_mapscore: 0.2325 train_c: -1.0582 train_max_dist: 3.3442 train_imax: -0.0000 train_imin: -1.0582 time: 2.6079s
INFO:root:Epoch: 0565 lr: 0.01 train_loss: 189836.1250 train_distortion: 0.5826 train_mapscore: 0.2305 train_c: -1.0587 train_max_dist: 3.3409 train_imax: -0.0000 train_imin: -1.0587 time: 2.5982s
INFO:root:Epoch: 0570 lr: 0.01 train_loss: 189818.2812 train_distortion: 0.5823 train_mapscore: 0.2317 train_c: -1.0592 train_max_dist: 3.3371 train_imax: -0.0000 train_imin: -1.0592 time: 2.5739s
INFO:root:Epoch: 0575 lr: 0.01 train_loss: 189800.4844 train_distortion: 0.5821 train_mapscore: 0.2323 train_c: -1.0597 train_max_dist: 3.3435 train_imax: -0.0000 train_imin: -1.0597 time: 2.6301s
INFO:root:Epoch: 0580 lr: 0.01 train_loss: 189783.0625 train_distortion: 0.5819 train_mapscore: 0.2316 train_c: -1.0602 train_max_dist: 3.3454 train_imax: -0.0000 train_imin: -1.0602 time: 2.6087s
INFO:root:Epoch: 0585 lr: 0.01 train_loss: 189765.2188 train_distortion: 0.5817 train_mapscore: 0.2308 train_c: -1.0607 train_max_dist: 3.3485 train_imax: -0.0000 train_imin: -1.0607 time: 2.6362s
INFO:root:Epoch: 0590 lr: 0.01 train_loss: 189747.5469 train_distortion: 0.5815 train_mapscore: 0.2301 train_c: -1.0612 train_max_dist: 3.3481 train_imax: -0.0000 train_imin: -1.0612 time: 2.6367s
INFO:root:Epoch: 0595 lr: 0.01 train_loss: 189729.4688 train_distortion: 0.5813 train_mapscore: 0.2291 train_c: -1.0617 train_max_dist: 3.3368 train_imax: -0.0000 train_imin: -1.0617 time: 2.5951s
INFO:root:Epoch: 0600 lr: 0.01 train_loss: 189711.1562 train_distortion: 0.5811 train_mapscore: 0.2321 train_c: -1.0622 train_max_dist: 3.3442 train_imax: -0.0000 train_imin: -1.0622 time: 2.6006s
INFO:root:Epoch: 0605 lr: 0.01 train_loss: 189692.6406 train_distortion: 0.5809 train_mapscore: 0.2321 train_c: -1.0628 train_max_dist: 3.3396 train_imax: -0.0000 train_imin: -1.0628 time: 2.6307s
INFO:root:Epoch: 0610 lr: 0.01 train_loss: 189674.8906 train_distortion: 0.5807 train_mapscore: 0.2308 train_c: -1.0633 train_max_dist: 3.3353 train_imax: -0.0000 train_imin: -1.0633 time: 2.6413s
INFO:root:Epoch: 0615 lr: 0.01 train_loss: 189657.6875 train_distortion: 0.5805 train_mapscore: 0.2311 train_c: -1.0638 train_max_dist: 3.3339 train_imax: -0.0000 train_imin: -1.0638 time: 2.5995s
INFO:root:Epoch: 0620 lr: 0.01 train_loss: 189640.5938 train_distortion: 0.5803 train_mapscore: 0.2324 train_c: -1.0643 train_max_dist: 3.3419 train_imax: -0.0000 train_imin: -1.0643 time: 2.6011s
INFO:root:Epoch: 0625 lr: 0.01 train_loss: 189623.5625 train_distortion: 0.5801 train_mapscore: 0.2323 train_c: -1.0648 train_max_dist: 3.3340 train_imax: -0.0000 train_imin: -1.0648 time: 2.6520s
INFO:root:Epoch: 0630 lr: 0.01 train_loss: 189606.7656 train_distortion: 0.5799 train_mapscore: 0.2328 train_c: -1.0653 train_max_dist: 3.3302 train_imax: -0.0000 train_imin: -1.0653 time: 2.6181s
INFO:root:Epoch: 0635 lr: 0.01 train_loss: 189589.3125 train_distortion: 0.5798 train_mapscore: 0.2321 train_c: -1.0658 train_max_dist: 3.3379 train_imax: -0.0000 train_imin: -1.0658 time: 2.6138s
INFO:root:Epoch: 0640 lr: 0.01 train_loss: 189572.0000 train_distortion: 0.5796 train_mapscore: 0.2320 train_c: -1.0663 train_max_dist: 3.3379 train_imax: -0.0000 train_imin: -1.0663 time: 2.6731s
INFO:root:Epoch: 0645 lr: 0.01 train_loss: 189554.3750 train_distortion: 0.5794 train_mapscore: 0.2318 train_c: -1.0668 train_max_dist: 3.3345 train_imax: -0.0000 train_imin: -1.0668 time: 2.6528s
INFO:root:Epoch: 0650 lr: 0.01 train_loss: 189537.7812 train_distortion: 0.5792 train_mapscore: 0.2306 train_c: -1.0673 train_max_dist: 3.3410 train_imax: -0.0000 train_imin: -1.0673 time: 2.6502s
INFO:root:Epoch: 0655 lr: 0.01 train_loss: 189520.8281 train_distortion: 0.5791 train_mapscore: 0.2317 train_c: -1.0678 train_max_dist: 3.3433 train_imax: -0.0000 train_imin: -1.0678 time: 2.6436s
INFO:root:Epoch: 0660 lr: 0.01 train_loss: 189504.2969 train_distortion: 0.5789 train_mapscore: 0.2311 train_c: -1.0683 train_max_dist: 3.3375 train_imax: -0.0000 train_imin: -1.0683 time: 2.6724s
INFO:root:Epoch: 0665 lr: 0.01 train_loss: 189487.9375 train_distortion: 0.5787 train_mapscore: 0.2318 train_c: -1.0688 train_max_dist: 3.3361 train_imax: -0.0000 train_imin: -1.0688 time: 2.6551s
INFO:root:Epoch: 0670 lr: 0.01 train_loss: 189470.6250 train_distortion: 0.5785 train_mapscore: 0.2294 train_c: -1.0693 train_max_dist: 3.3549 train_imax: -0.0000 train_imin: -1.0693 time: 2.6499s
INFO:root:Epoch: 0675 lr: 0.01 train_loss: 189454.3750 train_distortion: 0.5783 train_mapscore: 0.2317 train_c: -1.0698 train_max_dist: 3.3523 train_imax: -0.0000 train_imin: -1.0698 time: 2.6655s
INFO:root:Epoch: 0680 lr: 0.01 train_loss: 189436.3125 train_distortion: 0.5781 train_mapscore: 0.2342 train_c: -1.0704 train_max_dist: 3.3524 train_imax: -0.0000 train_imin: -1.0704 time: 2.5987s
INFO:root:Epoch: 0685 lr: 0.01 train_loss: 189418.8594 train_distortion: 0.5780 train_mapscore: 0.2313 train_c: -1.0709 train_max_dist: 3.3572 train_imax: -0.0000 train_imin: -1.0709 time: 2.6268s
INFO:root:Epoch: 0690 lr: 0.01 train_loss: 189402.4062 train_distortion: 0.5778 train_mapscore: 0.2335 train_c: -1.0714 train_max_dist: 3.3562 train_imax: -0.0000 train_imin: -1.0714 time: 2.6121s
INFO:root:Epoch: 0695 lr: 0.01 train_loss: 189385.3125 train_distortion: 0.5776 train_mapscore: 0.2299 train_c: -1.0719 train_max_dist: 3.3488 train_imax: -0.0000 train_imin: -1.0719 time: 2.6707s
INFO:root:Epoch: 0700 lr: 0.01 train_loss: 189368.4844 train_distortion: 0.5774 train_mapscore: 0.2327 train_c: -1.0724 train_max_dist: 3.3558 train_imax: -0.0000 train_imin: -1.0724 time: 2.6476s
INFO:root:Epoch: 0705 lr: 0.01 train_loss: 189351.4688 train_distortion: 0.5772 train_mapscore: 0.2303 train_c: -1.0729 train_max_dist: 3.3600 train_imax: -0.0000 train_imin: -1.0729 time: 2.6598s
INFO:root:Epoch: 0710 lr: 0.01 train_loss: 189334.7812 train_distortion: 0.5770 train_mapscore: 0.2304 train_c: -1.0734 train_max_dist: 3.3490 train_imax: -0.0000 train_imin: -1.0734 time: 2.6759s
INFO:root:Epoch: 0715 lr: 0.01 train_loss: 189318.0938 train_distortion: 0.5768 train_mapscore: 0.2271 train_c: -1.0739 train_max_dist: 3.3602 train_imax: -0.0000 train_imin: -1.0739 time: 2.6939s
INFO:root:Epoch: 0720 lr: 0.01 train_loss: 189301.5469 train_distortion: 0.5767 train_mapscore: 0.2284 train_c: -1.0744 train_max_dist: 3.3451 train_imax: -0.0000 train_imin: -1.0744 time: 2.6641s
INFO:root:Epoch: 0725 lr: 0.01 train_loss: 189284.9375 train_distortion: 0.5765 train_mapscore: 0.2310 train_c: -1.0749 train_max_dist: 3.3594 train_imax: -0.0000 train_imin: -1.0749 time: 2.7004s
INFO:root:Epoch: 0730 lr: 0.01 train_loss: 189267.8438 train_distortion: 0.5763 train_mapscore: 0.2309 train_c: -1.0754 train_max_dist: 3.3731 train_imax: -0.0000 train_imin: -1.0754 time: 2.6899s
INFO:root:Epoch: 0735 lr: 0.01 train_loss: 189250.3438 train_distortion: 0.5762 train_mapscore: 0.2322 train_c: -1.0759 train_max_dist: 3.3566 train_imax: -0.0000 train_imin: -1.0759 time: 2.6696s
INFO:root:Epoch: 0740 lr: 0.01 train_loss: 189231.7812 train_distortion: 0.5760 train_mapscore: 0.2331 train_c: -1.0764 train_max_dist: 3.3581 train_imax: -0.0000 train_imin: -1.0764 time: 2.6216s
INFO:root:Epoch: 0745 lr: 0.01 train_loss: 189213.7500 train_distortion: 0.5759 train_mapscore: 0.2335 train_c: -1.0769 train_max_dist: 3.3744 train_imax: -0.0000 train_imin: -1.0769 time: 2.6665s
INFO:root:Epoch: 0750 lr: 0.01 train_loss: 189195.0312 train_distortion: 0.5757 train_mapscore: 0.2346 train_c: -1.0774 train_max_dist: 3.3618 train_imax: -0.0000 train_imin: -1.0774 time: 2.6162s
INFO:root:Epoch: 0755 lr: 0.01 train_loss: 189176.8438 train_distortion: 0.5756 train_mapscore: 0.2342 train_c: -1.0780 train_max_dist: 3.3542 train_imax: -0.0000 train_imin: -1.0780 time: 2.5980s
INFO:root:Epoch: 0760 lr: 0.01 train_loss: 189158.5156 train_distortion: 0.5754 train_mapscore: 0.2371 train_c: -1.0785 train_max_dist: 3.3681 train_imax: -0.0000 train_imin: -1.0785 time: 2.6322s
INFO:root:Epoch: 0765 lr: 0.01 train_loss: 189139.5000 train_distortion: 0.5752 train_mapscore: 0.2368 train_c: -1.0790 train_max_dist: 3.3582 train_imax: -0.0000 train_imin: -1.0790 time: 2.6106s
INFO:root:Epoch: 0770 lr: 0.01 train_loss: 189120.9531 train_distortion: 0.5750 train_mapscore: 0.2376 train_c: -1.0795 train_max_dist: 3.3577 train_imax: -0.0000 train_imin: -1.0795 time: 2.5903s
INFO:root:Epoch: 0775 lr: 0.01 train_loss: 189101.8906 train_distortion: 0.5748 train_mapscore: 0.2374 train_c: -1.0800 train_max_dist: 3.3628 train_imax: -0.0000 train_imin: -1.0800 time: 2.6155s
INFO:root:Epoch: 0780 lr: 0.01 train_loss: 189083.8750 train_distortion: 0.5746 train_mapscore: 0.2365 train_c: -1.0805 train_max_dist: 3.3563 train_imax: -0.0000 train_imin: -1.0805 time: 2.6471s
INFO:root:Epoch: 0785 lr: 0.01 train_loss: 189065.4062 train_distortion: 0.5744 train_mapscore: 0.2401 train_c: -1.0810 train_max_dist: 3.3721 train_imax: -0.0000 train_imin: -1.0810 time: 2.5672s
INFO:root:Epoch: 0790 lr: 0.01 train_loss: 189046.0625 train_distortion: 0.5742 train_mapscore: 0.2371 train_c: -1.0815 train_max_dist: 3.3674 train_imax: -0.0000 train_imin: -1.0815 time: 2.5921s
INFO:root:Epoch: 0795 lr: 0.01 train_loss: 189027.8281 train_distortion: 0.5740 train_mapscore: 0.2379 train_c: -1.0820 train_max_dist: 3.3635 train_imax: -0.0000 train_imin: -1.0820 time: 2.6439s
INFO:root:Epoch: 0800 lr: 0.01 train_loss: 189010.2031 train_distortion: 0.5738 train_mapscore: 0.2368 train_c: -1.0825 train_max_dist: 3.3578 train_imax: -0.0000 train_imin: -1.0825 time: 2.6230s
INFO:root:Epoch: 0805 lr: 0.01 train_loss: 188992.7031 train_distortion: 0.5736 train_mapscore: 0.2363 train_c: -1.0830 train_max_dist: 3.3662 train_imax: -0.0000 train_imin: -1.0830 time: 2.6352s
INFO:root:Epoch: 0810 lr: 0.01 train_loss: 188975.0312 train_distortion: 0.5734 train_mapscore: 0.2365 train_c: -1.0835 train_max_dist: 3.3680 train_imax: -0.0000 train_imin: -1.0835 time: 2.6775s
INFO:root:Epoch: 0815 lr: 0.01 train_loss: 188957.8125 train_distortion: 0.5732 train_mapscore: 0.2375 train_c: -1.0840 train_max_dist: 3.3700 train_imax: -0.0000 train_imin: -1.0840 time: 2.6655s
INFO:root:Epoch: 0820 lr: 0.01 train_loss: 188940.7188 train_distortion: 0.5730 train_mapscore: 0.2371 train_c: -1.0845 train_max_dist: 3.3753 train_imax: -0.0000 train_imin: -1.0845 time: 2.6261s
INFO:root:Epoch: 0825 lr: 0.01 train_loss: 188923.2344 train_distortion: 0.5728 train_mapscore: 0.2348 train_c: -1.0850 train_max_dist: 3.3726 train_imax: -0.0000 train_imin: -1.0850 time: 2.6465s
INFO:root:Epoch: 0830 lr: 0.01 train_loss: 188905.9531 train_distortion: 0.5726 train_mapscore: 0.2346 train_c: -1.0856 train_max_dist: 3.3719 train_imax: -0.0000 train_imin: -1.0856 time: 2.6851s
INFO:root:Epoch: 0835 lr: 0.01 train_loss: 188889.0000 train_distortion: 0.5725 train_mapscore: 0.2360 train_c: -1.0861 train_max_dist: 3.3770 train_imax: -0.0000 train_imin: -1.0861 time: 2.6613s
INFO:root:Epoch: 0840 lr: 0.01 train_loss: 188871.9062 train_distortion: 0.5723 train_mapscore: 0.2345 train_c: -1.0866 train_max_dist: 3.3709 train_imax: -0.0000 train_imin: -1.0866 time: 2.6635s
INFO:root:Epoch: 0845 lr: 0.01 train_loss: 188854.8906 train_distortion: 0.5721 train_mapscore: 0.2336 train_c: -1.0871 train_max_dist: 3.3728 train_imax: -0.0000 train_imin: -1.0871 time: 2.7153s
INFO:root:Epoch: 0850 lr: 0.01 train_loss: 188838.3125 train_distortion: 0.5719 train_mapscore: 0.2311 train_c: -1.0876 train_max_dist: 3.3696 train_imax: -0.0000 train_imin: -1.0876 time: 2.7140s
INFO:root:Epoch: 0855 lr: 0.01 train_loss: 188821.0938 train_distortion: 0.5717 train_mapscore: 0.2318 train_c: -1.0881 train_max_dist: 3.3755 train_imax: -0.0000 train_imin: -1.0881 time: 2.6979s
INFO:root:Epoch: 0860 lr: 0.01 train_loss: 188804.0625 train_distortion: 0.5715 train_mapscore: 0.2311 train_c: -1.0886 train_max_dist: 3.3797 train_imax: -0.0000 train_imin: -1.0886 time: 2.6922s
INFO:root:Epoch: 0865 lr: 0.01 train_loss: 188787.4062 train_distortion: 0.5713 train_mapscore: 0.2285 train_c: -1.0891 train_max_dist: 3.3758 train_imax: -0.0000 train_imin: -1.0891 time: 2.7682s
INFO:root:Epoch: 0870 lr: 0.01 train_loss: 188769.8906 train_distortion: 0.5711 train_mapscore: 0.2296 train_c: -1.0896 train_max_dist: 3.3768 train_imax: -0.0000 train_imin: -1.0896 time: 2.7107s
INFO:root:Epoch: 0875 lr: 0.01 train_loss: 188753.7188 train_distortion: 0.5709 train_mapscore: 0.2301 train_c: -1.0901 train_max_dist: 3.3744 train_imax: -0.0000 train_imin: -1.0901 time: 2.7143s
INFO:root:Epoch: 0880 lr: 0.01 train_loss: 188736.7812 train_distortion: 0.5708 train_mapscore: 0.2315 train_c: -1.0906 train_max_dist: 3.3810 train_imax: -0.0000 train_imin: -1.0906 time: 2.6891s
INFO:root:Epoch: 0885 lr: 0.01 train_loss: 188719.1562 train_distortion: 0.5706 train_mapscore: 0.2326 train_c: -1.0911 train_max_dist: 3.3816 train_imax: -0.0000 train_imin: -1.0911 time: 2.7148s
INFO:root:Epoch: 0890 lr: 0.01 train_loss: 188702.0469 train_distortion: 0.5704 train_mapscore: 0.2372 train_c: -1.0916 train_max_dist: 3.3787 train_imax: -0.0000 train_imin: -1.0916 time: 2.6526s
INFO:root:Epoch: 0895 lr: 0.01 train_loss: 188684.6562 train_distortion: 0.5702 train_mapscore: 0.2352 train_c: -1.0921 train_max_dist: 3.3695 train_imax: -0.0000 train_imin: -1.0921 time: 2.6287s
INFO:root:Epoch: 0900 lr: 0.01 train_loss: 188666.6562 train_distortion: 0.5700 train_mapscore: 0.2372 train_c: -1.0926 train_max_dist: 3.3885 train_imax: -0.0000 train_imin: -1.0926 time: 2.7327s
INFO:root:Epoch: 0905 lr: 0.01 train_loss: 188649.5312 train_distortion: 0.5698 train_mapscore: 0.2364 train_c: -1.0931 train_max_dist: 3.3870 train_imax: -0.0000 train_imin: -1.0931 time: 2.6628s
INFO:root:Epoch: 0910 lr: 0.01 train_loss: 188631.9531 train_distortion: 0.5696 train_mapscore: 0.2346 train_c: -1.0937 train_max_dist: 3.3809 train_imax: -0.0000 train_imin: -1.0937 time: 2.6636s
INFO:root:Epoch: 0915 lr: 0.01 train_loss: 188614.9531 train_distortion: 0.5694 train_mapscore: 0.2343 train_c: -1.0942 train_max_dist: 3.3803 train_imax: -0.0000 train_imin: -1.0942 time: 2.6881s
INFO:root:Epoch: 0920 lr: 0.01 train_loss: 188597.6250 train_distortion: 0.5692 train_mapscore: 0.2334 train_c: -1.0947 train_max_dist: 3.3850 train_imax: -0.0000 train_imin: -1.0947 time: 2.6726s
INFO:root:Epoch: 0925 lr: 0.01 train_loss: 188580.4688 train_distortion: 0.5690 train_mapscore: 0.2336 train_c: -1.0952 train_max_dist: 3.3820 train_imax: -0.0000 train_imin: -1.0952 time: 2.6685s
INFO:root:Epoch: 0930 lr: 0.01 train_loss: 188563.2500 train_distortion: 0.5689 train_mapscore: 0.2330 train_c: -1.0957 train_max_dist: 3.3863 train_imax: -0.0000 train_imin: -1.0957 time: 2.7076s
INFO:root:Epoch: 0935 lr: 0.01 train_loss: 188546.4844 train_distortion: 0.5687 train_mapscore: 0.2337 train_c: -1.0962 train_max_dist: 3.3934 train_imax: -0.0000 train_imin: -1.0962 time: 2.7232s
INFO:root:Epoch: 0940 lr: 0.01 train_loss: 188528.9844 train_distortion: 0.5685 train_mapscore: 0.2327 train_c: -1.0967 train_max_dist: 3.3891 train_imax: -0.0000 train_imin: -1.0967 time: 2.7106s
INFO:root:Epoch: 0945 lr: 0.01 train_loss: 188511.6094 train_distortion: 0.5683 train_mapscore: 0.2324 train_c: -1.0972 train_max_dist: 3.3946 train_imax: -0.0000 train_imin: -1.0972 time: 2.7140s
INFO:root:Epoch: 0950 lr: 0.01 train_loss: 188494.1094 train_distortion: 0.5681 train_mapscore: 0.2359 train_c: -1.0977 train_max_dist: 3.3881 train_imax: -0.0000 train_imin: -1.0977 time: 2.7078s
INFO:root:Epoch: 0955 lr: 0.01 train_loss: 188476.5469 train_distortion: 0.5679 train_mapscore: 0.2347 train_c: -1.0982 train_max_dist: 3.3872 train_imax: -0.0000 train_imin: -1.0982 time: 2.6600s
INFO:root:Epoch: 0960 lr: 0.01 train_loss: 188458.2969 train_distortion: 0.5677 train_mapscore: 0.2370 train_c: -1.0987 train_max_dist: 3.3933 train_imax: -0.0000 train_imin: -1.0987 time: 2.6602s
INFO:root:Epoch: 0965 lr: 0.01 train_loss: 188440.8125 train_distortion: 0.5675 train_mapscore: 0.2364 train_c: -1.0992 train_max_dist: 3.3906 train_imax: -0.0000 train_imin: -1.0992 time: 2.6633s
INFO:root:Epoch: 0970 lr: 0.01 train_loss: 188423.4375 train_distortion: 0.5673 train_mapscore: 0.2342 train_c: -1.0997 train_max_dist: 3.3882 train_imax: -0.0000 train_imin: -1.0997 time: 2.6706s
INFO:root:Epoch: 0975 lr: 0.01 train_loss: 188405.4844 train_distortion: 0.5671 train_mapscore: 0.2328 train_c: -1.1002 train_max_dist: 3.3947 train_imax: -0.0000 train_imin: -1.1002 time: 2.6804s
INFO:root:Epoch: 0980 lr: 0.01 train_loss: 188388.5312 train_distortion: 0.5669 train_mapscore: 0.2355 train_c: -1.1007 train_max_dist: 3.3970 train_imax: -0.0000 train_imin: -1.1007 time: 2.6900s
INFO:root:Epoch: 0985 lr: 0.01 train_loss: 188370.9375 train_distortion: 0.5667 train_mapscore: 0.2359 train_c: -1.1012 train_max_dist: 3.3848 train_imax: -0.0000 train_imin: -1.1012 time: 2.7094s
INFO:root:Epoch: 0990 lr: 0.01 train_loss: 188353.2344 train_distortion: 0.5665 train_mapscore: 0.2341 train_c: -1.1017 train_max_dist: 3.4043 train_imax: -0.0000 train_imin: -1.1017 time: 2.6697s
INFO:root:Epoch: 0995 lr: 0.01 train_loss: 188336.0156 train_distortion: 0.5663 train_mapscore: 0.2328 train_c: -1.1023 train_max_dist: 3.4049 train_imax: -0.0000 train_imin: -1.1023 time: 2.6893s
INFO:root:Epoch: 1000 lr: 0.01 train_loss: 188318.7500 train_distortion: 0.5661 train_mapscore: 0.2339 train_c: -1.1028 train_max_dist: 3.3986 train_imax: -0.0000 train_imin: -1.1028 time: 2.7032s
INFO:root:Epoch: 1005 lr: 0.01 train_loss: 188300.7969 train_distortion: 0.5659 train_mapscore: 0.2356 train_c: -1.1033 train_max_dist: 3.4027 train_imax: -0.0000 train_imin: -1.1033 time: 2.6785s
INFO:root:Epoch: 1010 lr: 0.01 train_loss: 188283.1875 train_distortion: 0.5657 train_mapscore: 0.2318 train_c: -1.1038 train_max_dist: 3.4015 train_imax: -0.0000 train_imin: -1.1038 time: 2.7065s
INFO:root:Epoch: 1015 lr: 0.01 train_loss: 188266.0000 train_distortion: 0.5655 train_mapscore: 0.2339 train_c: -1.1043 train_max_dist: 3.4042 train_imax: -0.0000 train_imin: -1.1043 time: 2.7102s
INFO:root:Epoch: 1020 lr: 0.01 train_loss: 188248.1562 train_distortion: 0.5653 train_mapscore: 0.2344 train_c: -1.1048 train_max_dist: 3.4149 train_imax: -0.0000 train_imin: -1.1048 time: 2.6932s
INFO:root:Epoch: 1025 lr: 0.01 train_loss: 188230.5000 train_distortion: 0.5651 train_mapscore: 0.2348 train_c: -1.1053 train_max_dist: 3.4090 train_imax: -0.0000 train_imin: -1.1053 time: 2.6862s
INFO:root:Epoch: 1030 lr: 0.01 train_loss: 188213.3750 train_distortion: 0.5649 train_mapscore: 0.2364 train_c: -1.1058 train_max_dist: 3.4196 train_imax: -0.0000 train_imin: -1.1058 time: 2.6758s
INFO:root:Epoch: 1035 lr: 0.01 train_loss: 188195.8125 train_distortion: 0.5647 train_mapscore: 0.2347 train_c: -1.1063 train_max_dist: 3.4089 train_imax: -0.0000 train_imin: -1.1063 time: 2.7146s
INFO:root:Epoch: 1040 lr: 0.01 train_loss: 188178.9219 train_distortion: 0.5645 train_mapscore: 0.2339 train_c: -1.1068 train_max_dist: 3.4208 train_imax: -0.0000 train_imin: -1.1068 time: 2.6731s
INFO:root:Epoch: 1045 lr: 0.01 train_loss: 188161.1875 train_distortion: 0.5644 train_mapscore: 0.2356 train_c: -1.1073 train_max_dist: 3.4116 train_imax: -0.0000 train_imin: -1.1073 time: 2.6421s
INFO:root:Epoch: 1050 lr: 0.01 train_loss: 188143.2500 train_distortion: 0.5642 train_mapscore: 0.2333 train_c: -1.1078 train_max_dist: 3.4176 train_imax: -0.0000 train_imin: -1.1078 time: 2.7131s
INFO:root:Epoch: 1055 lr: 0.01 train_loss: 188126.0000 train_distortion: 0.5640 train_mapscore: 0.2371 train_c: -1.1083 train_max_dist: 3.4208 train_imax: -0.0000 train_imin: -1.1083 time: 2.6674s
INFO:root:Epoch: 1060 lr: 0.01 train_loss: 188107.9688 train_distortion: 0.5638 train_mapscore: 0.2332 train_c: -1.1088 train_max_dist: 3.4130 train_imax: -0.0000 train_imin: -1.1088 time: 2.6713s
INFO:root:Epoch: 1065 lr: 0.01 train_loss: 188090.0000 train_distortion: 0.5636 train_mapscore: 0.2356 train_c: -1.1093 train_max_dist: 3.4180 train_imax: -0.0000 train_imin: -1.1093 time: 2.6826s
INFO:root:Epoch: 1070 lr: 0.01 train_loss: 188072.4688 train_distortion: 0.5634 train_mapscore: 0.2346 train_c: -1.1098 train_max_dist: 3.4126 train_imax: -0.0000 train_imin: -1.1098 time: 2.7266s
INFO:root:Epoch: 1075 lr: 0.01 train_loss: 188055.0312 train_distortion: 0.5632 train_mapscore: 0.2345 train_c: -1.1104 train_max_dist: 3.4190 train_imax: -0.0000 train_imin: -1.1104 time: 2.6632s
INFO:root:Epoch: 1080 lr: 0.01 train_loss: 188037.1562 train_distortion: 0.5630 train_mapscore: 0.2341 train_c: -1.1109 train_max_dist: 3.4211 train_imax: -0.0000 train_imin: -1.1109 time: 2.6974s
INFO:root:Epoch: 1085 lr: 0.01 train_loss: 188019.9688 train_distortion: 0.5628 train_mapscore: 0.2340 train_c: -1.1114 train_max_dist: 3.4270 train_imax: -0.0000 train_imin: -1.1114 time: 2.7260s
INFO:root:Epoch: 1090 lr: 0.01 train_loss: 188002.1250 train_distortion: 0.5626 train_mapscore: 0.2331 train_c: -1.1119 train_max_dist: 3.4244 train_imax: -0.0000 train_imin: -1.1119 time: 2.6936s
INFO:root:Epoch: 1095 lr: 0.01 train_loss: 187984.5781 train_distortion: 0.5625 train_mapscore: 0.2312 train_c: -1.1124 train_max_dist: 3.4125 train_imax: -0.0000 train_imin: -1.1124 time: 2.7106s
INFO:root:Epoch: 1100 lr: 0.01 train_loss: 187967.0625 train_distortion: 0.5623 train_mapscore: 0.2317 train_c: -1.1129 train_max_dist: 3.4180 train_imax: -0.0000 train_imin: -1.1129 time: 2.7186s
INFO:root:Epoch: 1105 lr: 0.01 train_loss: 187949.7188 train_distortion: 0.5621 train_mapscore: 0.2317 train_c: -1.1134 train_max_dist: 3.4231 train_imax: -0.0000 train_imin: -1.1134 time: 2.7281s
INFO:root:Epoch: 1110 lr: 0.01 train_loss: 187932.1250 train_distortion: 0.5619 train_mapscore: 0.2314 train_c: -1.1139 train_max_dist: 3.4255 train_imax: -0.0000 train_imin: -1.1139 time: 2.7033s
INFO:root:Epoch: 1115 lr: 0.01 train_loss: 187914.8125 train_distortion: 0.5617 train_mapscore: 0.2338 train_c: -1.1144 train_max_dist: 3.4255 train_imax: -0.0000 train_imin: -1.1144 time: 2.7103s
INFO:root:Epoch: 1120 lr: 0.01 train_loss: 187896.9688 train_distortion: 0.5615 train_mapscore: 0.2308 train_c: -1.1149 train_max_dist: 3.4218 train_imax: -0.0000 train_imin: -1.1149 time: 2.7368s
INFO:root:Epoch: 1125 lr: 0.01 train_loss: 187879.1562 train_distortion: 0.5613 train_mapscore: 0.2350 train_c: -1.1154 train_max_dist: 3.4217 train_imax: -0.0000 train_imin: -1.1154 time: 2.7089s
INFO:root:Epoch: 1130 lr: 0.01 train_loss: 187861.7188 train_distortion: 0.5611 train_mapscore: 0.2341 train_c: -1.1159 train_max_dist: 3.4298 train_imax: -0.0000 train_imin: -1.1159 time: 2.7105s
INFO:root:Epoch: 1135 lr: 0.01 train_loss: 187844.1406 train_distortion: 0.5609 train_mapscore: 0.2350 train_c: -1.1164 train_max_dist: 3.4275 train_imax: -0.0000 train_imin: -1.1164 time: 2.7432s
INFO:root:Epoch: 1140 lr: 0.01 train_loss: 187826.1406 train_distortion: 0.5607 train_mapscore: 0.2325 train_c: -1.1169 train_max_dist: 3.4278 train_imax: -0.0000 train_imin: -1.1169 time: 2.7449s
INFO:root:Epoch: 1145 lr: 0.01 train_loss: 187808.5312 train_distortion: 0.5605 train_mapscore: 0.2342 train_c: -1.1174 train_max_dist: 3.4316 train_imax: -0.0000 train_imin: -1.1174 time: 2.7058s
INFO:root:Epoch: 1150 lr: 0.01 train_loss: 187790.7500 train_distortion: 0.5603 train_mapscore: 0.2343 train_c: -1.1179 train_max_dist: 3.4288 train_imax: -0.0000 train_imin: -1.1179 time: 2.6791s
INFO:root:Epoch: 1155 lr: 0.01 train_loss: 187773.1094 train_distortion: 0.5601 train_mapscore: 0.2351 train_c: -1.1184 train_max_dist: 3.4345 train_imax: -0.0000 train_imin: -1.1184 time: 2.7290s
INFO:root:Epoch: 1160 lr: 0.01 train_loss: 187755.7500 train_distortion: 0.5599 train_mapscore: 0.2366 train_c: -1.1190 train_max_dist: 3.4263 train_imax: -0.0000 train_imin: -1.1190 time: 2.6661s
INFO:root:Epoch: 1165 lr: 0.01 train_loss: 187737.6875 train_distortion: 0.5597 train_mapscore: 0.2363 train_c: -1.1195 train_max_dist: 3.4303 train_imax: -0.0000 train_imin: -1.1195 time: 2.6773s
INFO:root:Epoch: 1170 lr: 0.01 train_loss: 187719.5000 train_distortion: 0.5596 train_mapscore: 0.2340 train_c: -1.1200 train_max_dist: 3.4340 train_imax: -0.0000 train_imin: -1.1200 time: 2.7375s
INFO:root:Epoch: 1175 lr: 0.01 train_loss: 187701.9844 train_distortion: 0.5593 train_mapscore: 0.2337 train_c: -1.1205 train_max_dist: 3.4390 train_imax: -0.0000 train_imin: -1.1205 time: 2.7133s
INFO:root:Epoch: 1180 lr: 0.01 train_loss: 187684.1250 train_distortion: 0.5591 train_mapscore: 0.2312 train_c: -1.1210 train_max_dist: 3.4362 train_imax: -0.0000 train_imin: -1.1210 time: 2.7325s
INFO:root:Epoch: 1185 lr: 0.01 train_loss: 187666.4688 train_distortion: 0.5589 train_mapscore: 0.2305 train_c: -1.1215 train_max_dist: 3.4389 train_imax: -0.0000 train_imin: -1.1215 time: 2.7517s
INFO:root:Epoch: 1190 lr: 0.01 train_loss: 187648.8906 train_distortion: 0.5587 train_mapscore: 0.2288 train_c: -1.1220 train_max_dist: 3.4364 train_imax: -0.0000 train_imin: -1.1220 time: 2.7879s
INFO:root:Epoch: 1195 lr: 0.01 train_loss: 187631.6875 train_distortion: 0.5586 train_mapscore: 0.2302 train_c: -1.1225 train_max_dist: 3.4335 train_imax: -0.0000 train_imin: -1.1225 time: 2.7208s
INFO:root:Epoch: 1200 lr: 0.01 train_loss: 187613.8906 train_distortion: 0.5584 train_mapscore: 0.2318 train_c: -1.1230 train_max_dist: 3.4433 train_imax: -0.0000 train_imin: -1.1230 time: 2.7232s
INFO:root:Epoch: 1205 lr: 0.01 train_loss: 187595.7812 train_distortion: 0.5581 train_mapscore: 0.2299 train_c: -1.1235 train_max_dist: 3.4509 train_imax: -0.0000 train_imin: -1.1235 time: 2.7586s
INFO:root:Epoch: 1210 lr: 0.01 train_loss: 187578.3906 train_distortion: 0.5580 train_mapscore: 0.2309 train_c: -1.1240 train_max_dist: 3.4336 train_imax: -0.0000 train_imin: -1.1240 time: 2.7460s
INFO:root:Epoch: 1215 lr: 0.01 train_loss: 187560.4375 train_distortion: 0.5578 train_mapscore: 0.2306 train_c: -1.1245 train_max_dist: 3.4414 train_imax: -0.0000 train_imin: -1.1245 time: 2.7052s
INFO:root:Epoch: 1220 lr: 0.01 train_loss: 187542.9062 train_distortion: 0.5576 train_mapscore: 0.2294 train_c: -1.1250 train_max_dist: 3.4446 train_imax: -0.0000 train_imin: -1.1250 time: 2.7733s
INFO:root:Epoch: 1225 lr: 0.01 train_loss: 187525.3125 train_distortion: 0.5574 train_mapscore: 0.2320 train_c: -1.1255 train_max_dist: 3.4498 train_imax: -0.0000 train_imin: -1.1255 time: 2.7579s
INFO:root:Epoch: 1230 lr: 0.01 train_loss: 187507.2031 train_distortion: 0.5571 train_mapscore: 0.2328 train_c: -1.1260 train_max_dist: 3.4445 train_imax: -0.0000 train_imin: -1.1260 time: 2.7214s
INFO:root:Epoch: 1235 lr: 0.01 train_loss: 187489.5625 train_distortion: 0.5570 train_mapscore: 0.2299 train_c: -1.1265 train_max_dist: 3.4478 train_imax: -0.0000 train_imin: -1.1265 time: 2.7260s
INFO:root:Epoch: 1240 lr: 0.01 train_loss: 187471.8594 train_distortion: 0.5568 train_mapscore: 0.2348 train_c: -1.1271 train_max_dist: 3.4408 train_imax: -0.0000 train_imin: -1.1271 time: 2.7277s
INFO:root:Epoch: 1245 lr: 0.01 train_loss: 187453.9219 train_distortion: 0.5565 train_mapscore: 0.2339 train_c: -1.1276 train_max_dist: 3.4498 train_imax: -0.0000 train_imin: -1.1276 time: 2.6899s
INFO:root:Epoch: 1250 lr: 0.01 train_loss: 187435.8750 train_distortion: 0.5564 train_mapscore: 0.2340 train_c: -1.1281 train_max_dist: 3.4489 train_imax: -0.0000 train_imin: -1.1281 time: 2.6881s
INFO:root:Epoch: 1255 lr: 0.01 train_loss: 187417.9844 train_distortion: 0.5562 train_mapscore: 0.2352 train_c: -1.1286 train_max_dist: 3.4409 train_imax: -0.0000 train_imin: -1.1286 time: 2.7060s
INFO:root:Epoch: 1260 lr: 0.01 train_loss: 187399.4062 train_distortion: 0.5560 train_mapscore: 0.2387 train_c: -1.1291 train_max_dist: 3.4570 train_imax: -0.0000 train_imin: -1.1291 time: 2.6345s
INFO:root:Epoch: 1265 lr: 0.01 train_loss: 187380.5312 train_distortion: 0.5557 train_mapscore: 0.2392 train_c: -1.1296 train_max_dist: 3.4581 train_imax: -0.0000 train_imin: -1.1296 time: 2.6594s
INFO:root:Epoch: 1270 lr: 0.01 train_loss: 187362.2969 train_distortion: 0.5556 train_mapscore: 0.2403 train_c: -1.1301 train_max_dist: 3.4556 train_imax: -0.0000 train_imin: -1.1301 time: 2.6511s
INFO:root:Epoch: 1275 lr: 0.01 train_loss: 187343.5781 train_distortion: 0.5554 train_mapscore: 0.2394 train_c: -1.1306 train_max_dist: 3.4559 train_imax: -0.0000 train_imin: -1.1306 time: 2.6898s
INFO:root:Epoch: 1280 lr: 0.01 train_loss: 187325.5781 train_distortion: 0.5552 train_mapscore: 0.2375 train_c: -1.1311 train_max_dist: 3.4567 train_imax: -0.0000 train_imin: -1.1311 time: 2.6906s
INFO:root:Epoch: 1285 lr: 0.01 train_loss: 187307.6250 train_distortion: 0.5550 train_mapscore: 0.2358 train_c: -1.1316 train_max_dist: 3.4574 train_imax: -0.0000 train_imin: -1.1316 time: 2.6915s
INFO:root:Epoch: 1290 lr: 0.01 train_loss: 187289.5625 train_distortion: 0.5548 train_mapscore: 0.2357 train_c: -1.1321 train_max_dist: 3.4632 train_imax: -0.0000 train_imin: -1.1321 time: 2.7460s
INFO:root:Epoch: 1295 lr: 0.01 train_loss: 187271.5938 train_distortion: 0.5546 train_mapscore: 0.2342 train_c: -1.1326 train_max_dist: 3.4641 train_imax: -0.0000 train_imin: -1.1326 time: 2.7091s
INFO:root:Epoch: 1300 lr: 0.01 train_loss: 187253.5156 train_distortion: 0.5544 train_mapscore: 0.2325 train_c: -1.1331 train_max_dist: 3.4684 train_imax: -0.0000 train_imin: -1.1331 time: 2.7316s
INFO:root:Epoch: 1305 lr: 0.01 train_loss: 187235.5781 train_distortion: 0.5542 train_mapscore: 0.2300 train_c: -1.1336 train_max_dist: 3.4666 train_imax: -0.0000 train_imin: -1.1336 time: 2.7664s
INFO:root:Epoch: 1310 lr: 0.01 train_loss: 187217.7031 train_distortion: 0.5540 train_mapscore: 0.2292 train_c: -1.1341 train_max_dist: 3.4718 train_imax: -0.0000 train_imin: -1.1341 time: 2.7849s
INFO:root:Epoch: 1315 lr: 0.01 train_loss: 187199.4844 train_distortion: 0.5538 train_mapscore: 0.2282 train_c: -1.1346 train_max_dist: 3.4644 train_imax: -0.0000 train_imin: -1.1346 time: 2.7752s
INFO:root:Epoch: 1320 lr: 0.01 train_loss: 187181.5781 train_distortion: 0.5536 train_mapscore: 0.2275 train_c: -1.1351 train_max_dist: 3.4710 train_imax: -0.0000 train_imin: -1.1351 time: 2.7625s
INFO:root:Epoch: 1325 lr: 0.01 train_loss: 187163.8750 train_distortion: 0.5534 train_mapscore: 0.2310 train_c: -1.1357 train_max_dist: 3.4759 train_imax: -0.0000 train_imin: -1.1357 time: 2.7503s
INFO:root:Epoch: 1330 lr: 0.01 train_loss: 187145.6250 train_distortion: 0.5532 train_mapscore: 0.2291 train_c: -1.1362 train_max_dist: 3.4754 train_imax: -0.0000 train_imin: -1.1362 time: 2.7562s
INFO:root:Epoch: 1335 lr: 0.01 train_loss: 187127.7188 train_distortion: 0.5530 train_mapscore: 0.2287 train_c: -1.1367 train_max_dist: 3.4757 train_imax: -0.0000 train_imin: -1.1367 time: 2.7582s
INFO:root:Epoch: 1340 lr: 0.01 train_loss: 187109.5000 train_distortion: 0.5528 train_mapscore: 0.2297 train_c: -1.1372 train_max_dist: 3.4797 train_imax: -0.0000 train_imin: -1.1372 time: 2.7737s
INFO:root:Epoch: 1345 lr: 0.01 train_loss: 187091.4375 train_distortion: 0.5526 train_mapscore: 0.2283 train_c: -1.1377 train_max_dist: 3.4849 train_imax: -0.0000 train_imin: -1.1377 time: 2.7962s
INFO:root:Epoch: 1350 lr: 0.01 train_loss: 187073.2500 train_distortion: 0.5524 train_mapscore: 0.2300 train_c: -1.1382 train_max_dist: 3.4810 train_imax: -0.0000 train_imin: -1.1382 time: 2.7506s
INFO:root:Epoch: 1355 lr: 0.01 train_loss: 187055.1250 train_distortion: 0.5522 train_mapscore: 0.2318 train_c: -1.1387 train_max_dist: 3.4854 train_imax: -0.0000 train_imin: -1.1387 time: 2.7293s
INFO:root:Epoch: 1360 lr: 0.01 train_loss: 187037.4062 train_distortion: 0.5520 train_mapscore: 0.2329 train_c: -1.1392 train_max_dist: 3.4887 train_imax: -0.0000 train_imin: -1.1392 time: 2.7790s
INFO:root:Epoch: 1365 lr: 0.01 train_loss: 187018.8438 train_distortion: 0.5518 train_mapscore: 0.2326 train_c: -1.1397 train_max_dist: 3.4875 train_imax: -0.0000 train_imin: -1.1397 time: 2.7374s
INFO:root:Epoch: 1370 lr: 0.01 train_loss: 187000.7969 train_distortion: 0.5515 train_mapscore: 0.2358 train_c: -1.1402 train_max_dist: 3.4884 train_imax: -0.0000 train_imin: -1.1402 time: 2.7055s
INFO:root:Epoch: 1375 lr: 0.01 train_loss: 186982.1719 train_distortion: 0.5513 train_mapscore: 0.2360 train_c: -1.1407 train_max_dist: 3.4976 train_imax: -0.0000 train_imin: -1.1407 time: 2.7395s
INFO:root:Epoch: 1380 lr: 0.01 train_loss: 186963.8281 train_distortion: 0.5511 train_mapscore: 0.2365 train_c: -1.1412 train_max_dist: 3.4936 train_imax: -0.0000 train_imin: -1.1412 time: 2.7027s
INFO:root:Epoch: 1385 lr: 0.01 train_loss: 186945.4062 train_distortion: 0.5510 train_mapscore: 0.2352 train_c: -1.1417 train_max_dist: 3.5020 train_imax: -0.0000 train_imin: -1.1417 time: 2.7184s
INFO:root:Epoch: 1390 lr: 0.01 train_loss: 186927.1406 train_distortion: 0.5507 train_mapscore: 0.2351 train_c: -1.1422 train_max_dist: 3.4942 train_imax: -0.0000 train_imin: -1.1422 time: 2.7149s
INFO:root:Epoch: 1395 lr: 0.01 train_loss: 186909.5625 train_distortion: 0.5505 train_mapscore: 0.2373 train_c: -1.1427 train_max_dist: 3.5074 train_imax: -0.0000 train_imin: -1.1427 time: 2.7218s
INFO:root:Epoch: 1400 lr: 0.01 train_loss: 186890.7656 train_distortion: 0.5503 train_mapscore: 0.2331 train_c: -1.1432 train_max_dist: 3.5091 train_imax: -0.0000 train_imin: -1.1432 time: 2.7276s
INFO:root:Epoch: 1405 lr: 0.01 train_loss: 186872.5938 train_distortion: 0.5501 train_mapscore: 0.2353 train_c: -1.1438 train_max_dist: 3.5062 train_imax: -0.0000 train_imin: -1.1438 time: 2.7083s
INFO:root:Epoch: 1410 lr: 0.01 train_loss: 186854.6094 train_distortion: 0.5499 train_mapscore: 0.2380 train_c: -1.1443 train_max_dist: 3.5196 train_imax: -0.0000 train_imin: -1.1443 time: 2.7564s
INFO:root:Epoch: 1415 lr: 0.01 train_loss: 186836.1719 train_distortion: 0.5497 train_mapscore: 0.2335 train_c: -1.1448 train_max_dist: 3.5172 train_imax: -0.0000 train_imin: -1.1448 time: 2.7103s
INFO:root:Epoch: 1420 lr: 0.01 train_loss: 186817.8750 train_distortion: 0.5495 train_mapscore: 0.2345 train_c: -1.1453 train_max_dist: 3.5062 train_imax: -0.0000 train_imin: -1.1453 time: 2.7310s
INFO:root:Epoch: 1425 lr: 0.01 train_loss: 186799.2812 train_distortion: 0.5493 train_mapscore: 0.2328 train_c: -1.1458 train_max_dist: 3.5096 train_imax: -0.0000 train_imin: -1.1458 time: 2.7674s
INFO:root:Epoch: 1430 lr: 0.01 train_loss: 186781.1562 train_distortion: 0.5491 train_mapscore: 0.2336 train_c: -1.1463 train_max_dist: 3.5153 train_imax: -0.0000 train_imin: -1.1463 time: 2.7567s
INFO:root:Epoch: 1435 lr: 0.01 train_loss: 186762.8281 train_distortion: 0.5489 train_mapscore: 0.2332 train_c: -1.1468 train_max_dist: 3.5156 train_imax: -0.0000 train_imin: -1.1468 time: 2.7440s
INFO:root:Epoch: 1440 lr: 0.01 train_loss: 186744.3125 train_distortion: 0.5487 train_mapscore: 0.2332 train_c: -1.1473 train_max_dist: 3.5152 train_imax: -0.0000 train_imin: -1.1473 time: 2.7420s
INFO:root:Epoch: 1445 lr: 0.01 train_loss: 186725.9375 train_distortion: 0.5485 train_mapscore: 0.2347 train_c: -1.1478 train_max_dist: 3.5258 train_imax: -0.0000 train_imin: -1.1478 time: 2.7563s
INFO:root:Epoch: 1450 lr: 0.01 train_loss: 186707.8438 train_distortion: 0.5483 train_mapscore: 0.2347 train_c: -1.1483 train_max_dist: 3.5222 train_imax: -0.0000 train_imin: -1.1483 time: 2.7291s
INFO:root:Epoch: 1455 lr: 0.01 train_loss: 186689.0938 train_distortion: 0.5481 train_mapscore: 0.2344 train_c: -1.1488 train_max_dist: 3.5270 train_imax: -0.0000 train_imin: -1.1488 time: 2.7355s
INFO:root:Epoch: 1460 lr: 0.01 train_loss: 186671.1406 train_distortion: 0.5479 train_mapscore: 0.2371 train_c: -1.1493 train_max_dist: 3.5202 train_imax: -0.0000 train_imin: -1.1493 time: 2.7217s
INFO:root:Epoch: 1465 lr: 0.01 train_loss: 186652.4062 train_distortion: 0.5477 train_mapscore: 0.2400 train_c: -1.1498 train_max_dist: 3.5160 train_imax: -0.0000 train_imin: -1.1498 time: 2.6942s
INFO:root:Epoch: 1470 lr: 0.01 train_loss: 186633.2500 train_distortion: 0.5475 train_mapscore: 0.2411 train_c: -1.1503 train_max_dist: 3.5295 train_imax: -0.0000 train_imin: -1.1503 time: 2.6642s
INFO:root:Epoch: 1475 lr: 0.01 train_loss: 186613.9375 train_distortion: 0.5473 train_mapscore: 0.2441 train_c: -1.1508 train_max_dist: 3.5207 train_imax: -0.0000 train_imin: -1.1508 time: 2.6553s
INFO:root:Epoch: 1480 lr: 0.01 train_loss: 186595.2969 train_distortion: 0.5470 train_mapscore: 0.2460 train_c: -1.1513 train_max_dist: 3.5359 train_imax: -0.0000 train_imin: -1.1513 time: 2.6711s
INFO:root:Epoch: 1485 lr: 0.01 train_loss: 186576.3438 train_distortion: 0.5468 train_mapscore: 0.2476 train_c: -1.1519 train_max_dist: 3.5260 train_imax: -0.0000 train_imin: -1.1519 time: 2.6319s
INFO:root:Epoch: 1490 lr: 0.01 train_loss: 186557.5000 train_distortion: 0.5466 train_mapscore: 0.2429 train_c: -1.1524 train_max_dist: 3.5341 train_imax: -0.0000 train_imin: -1.1524 time: 2.6872s
INFO:root:Epoch: 1495 lr: 0.01 train_loss: 186538.5781 train_distortion: 0.5464 train_mapscore: 0.2409 train_c: -1.1529 train_max_dist: 3.5346 train_imax: -0.0000 train_imin: -1.1529 time: 2.7311s
INFO:root:Epoch: 1500 lr: 0.01 train_loss: 186519.8594 train_distortion: 0.5462 train_mapscore: 0.2424 train_c: -1.1534 train_max_dist: 3.5356 train_imax: -0.0000 train_imin: -1.1534 time: 2.6922s
INFO:root:Epoch: 1505 lr: 0.01 train_loss: 186501.1406 train_distortion: 0.5460 train_mapscore: 0.2402 train_c: -1.1539 train_max_dist: 3.5340 train_imax: -0.0000 train_imin: -1.1539 time: 2.7041s
INFO:root:Epoch: 1510 lr: 0.01 train_loss: 186482.7188 train_distortion: 0.5458 train_mapscore: 0.2426 train_c: -1.1544 train_max_dist: 3.5424 train_imax: -0.0000 train_imin: -1.1544 time: 2.6763s
INFO:root:Epoch: 1515 lr: 0.01 train_loss: 186463.5000 train_distortion: 0.5455 train_mapscore: 0.2423 train_c: -1.1549 train_max_dist: 3.5329 train_imax: -0.0000 train_imin: -1.1549 time: 2.7317s
INFO:root:Epoch: 1520 lr: 0.01 train_loss: 186445.1250 train_distortion: 0.5454 train_mapscore: 0.2423 train_c: -1.1554 train_max_dist: 3.5457 train_imax: -0.0000 train_imin: -1.1554 time: 2.6760s
INFO:root:Epoch: 1525 lr: 0.01 train_loss: 186426.1719 train_distortion: 0.5451 train_mapscore: 0.2406 train_c: -1.1559 train_max_dist: 3.5457 train_imax: -0.0000 train_imin: -1.1559 time: 2.7079s
INFO:root:Epoch: 1530 lr: 0.01 train_loss: 186407.0938 train_distortion: 0.5449 train_mapscore: 0.2436 train_c: -1.1564 train_max_dist: 3.5502 train_imax: -0.0000 train_imin: -1.1564 time: 2.6988s
INFO:root:Epoch: 1535 lr: 0.01 train_loss: 186388.3438 train_distortion: 0.5447 train_mapscore: 0.2451 train_c: -1.1569 train_max_dist: 3.5514 train_imax: -0.0000 train_imin: -1.1569 time: 2.6622s
INFO:root:Epoch: 1540 lr: 0.01 train_loss: 186369.0625 train_distortion: 0.5445 train_mapscore: 0.2441 train_c: -1.1574 train_max_dist: 3.5485 train_imax: -0.0000 train_imin: -1.1574 time: 2.6843s
INFO:root:Epoch: 1545 lr: 0.01 train_loss: 186349.9375 train_distortion: 0.5443 train_mapscore: 0.2445 train_c: -1.1579 train_max_dist: 3.5568 train_imax: -0.0000 train_imin: -1.1579 time: 2.6964s
INFO:root:Epoch: 1550 lr: 0.01 train_loss: 186331.5000 train_distortion: 0.5441 train_mapscore: 0.2448 train_c: -1.1584 train_max_dist: 3.5434 train_imax: -0.0000 train_imin: -1.1584 time: 2.7088s
INFO:root:Epoch: 1555 lr: 0.01 train_loss: 186312.3125 train_distortion: 0.5439 train_mapscore: 0.2437 train_c: -1.1589 train_max_dist: 3.5511 train_imax: -0.0000 train_imin: -1.1589 time: 2.6753s
INFO:root:Epoch: 1560 lr: 0.01 train_loss: 186293.5312 train_distortion: 0.5436 train_mapscore: 0.2421 train_c: -1.1595 train_max_dist: 3.5510 train_imax: -0.0000 train_imin: -1.1595 time: 2.6862s
INFO:root:Epoch: 1565 lr: 0.01 train_loss: 186274.5000 train_distortion: 0.5434 train_mapscore: 0.2442 train_c: -1.1600 train_max_dist: 3.5648 train_imax: -0.0000 train_imin: -1.1600 time: 2.6976s
INFO:root:Epoch: 1570 lr: 0.01 train_loss: 186255.4219 train_distortion: 0.5432 train_mapscore: 0.2432 train_c: -1.1605 train_max_dist: 3.5587 train_imax: -0.0000 train_imin: -1.1605 time: 2.6786s
INFO:root:Epoch: 1575 lr: 0.01 train_loss: 186236.4688 train_distortion: 0.5430 train_mapscore: 0.2450 train_c: -1.1610 train_max_dist: 3.5651 train_imax: -0.0000 train_imin: -1.1610 time: 2.6654s
INFO:root:Epoch: 1580 lr: 0.01 train_loss: 186217.8281 train_distortion: 0.5428 train_mapscore: 0.2453 train_c: -1.1615 train_max_dist: 3.5582 train_imax: -0.0000 train_imin: -1.1615 time: 2.6679s
INFO:root:Epoch: 1585 lr: 0.01 train_loss: 186198.5625 train_distortion: 0.5426 train_mapscore: 0.2449 train_c: -1.1620 train_max_dist: 3.5720 train_imax: -0.0000 train_imin: -1.1620 time: 2.6635s
INFO:root:Epoch: 1590 lr: 0.01 train_loss: 186179.4062 train_distortion: 0.5423 train_mapscore: 0.2431 train_c: -1.1625 train_max_dist: 3.5760 train_imax: -0.0000 train_imin: -1.1625 time: 2.6781s
INFO:root:Epoch: 1595 lr: 0.01 train_loss: 186160.6562 train_distortion: 0.5421 train_mapscore: 0.2418 train_c: -1.1630 train_max_dist: 3.5702 train_imax: -0.0000 train_imin: -1.1630 time: 2.6810s
INFO:root:Epoch: 1600 lr: 0.01 train_loss: 186141.7344 train_distortion: 0.5419 train_mapscore: 0.2409 train_c: -1.1635 train_max_dist: 3.5794 train_imax: -0.0000 train_imin: -1.1635 time: 2.7283s
INFO:root:Epoch: 1605 lr: 0.01 train_loss: 186122.6250 train_distortion: 0.5417 train_mapscore: 0.2382 train_c: -1.1640 train_max_dist: 3.5833 train_imax: -0.0000 train_imin: -1.1640 time: 2.7513s
INFO:root:Epoch: 1610 lr: 0.01 train_loss: 186103.8750 train_distortion: 0.5415 train_mapscore: 0.2397 train_c: -1.1645 train_max_dist: 3.5820 train_imax: -0.0000 train_imin: -1.1645 time: 2.7161s
INFO:root:Epoch: 1615 lr: 0.01 train_loss: 186084.5938 train_distortion: 0.5412 train_mapscore: 0.2382 train_c: -1.1650 train_max_dist: 3.5757 train_imax: -0.0000 train_imin: -1.1650 time: 2.7633s
INFO:root:Epoch: 1620 lr: 0.01 train_loss: 186065.8750 train_distortion: 0.5411 train_mapscore: 0.2385 train_c: -1.1655 train_max_dist: 3.5718 train_imax: -0.0000 train_imin: -1.1655 time: 2.7198s
INFO:root:Epoch: 1625 lr: 0.01 train_loss: 186046.8594 train_distortion: 0.5408 train_mapscore: 0.2358 train_c: -1.1660 train_max_dist: 3.5859 train_imax: -0.0000 train_imin: -1.1660 time: 2.7277s
INFO:root:Epoch: 1630 lr: 0.01 train_loss: 186027.8750 train_distortion: 0.5406 train_mapscore: 0.2362 train_c: -1.1665 train_max_dist: 3.5925 train_imax: -0.0000 train_imin: -1.1665 time: 2.7804s
INFO:root:Epoch: 1635 lr: 0.01 train_loss: 186008.8125 train_distortion: 0.5404 train_mapscore: 0.2378 train_c: -1.1671 train_max_dist: 3.5884 train_imax: -0.0000 train_imin: -1.1671 time: 2.7785s
INFO:root:Epoch: 1640 lr: 0.01 train_loss: 185989.6719 train_distortion: 0.5402 train_mapscore: 0.2371 train_c: -1.1676 train_max_dist: 3.5859 train_imax: -0.0000 train_imin: -1.1676 time: 2.7413s
INFO:root:Epoch: 1645 lr: 0.01 train_loss: 185970.6094 train_distortion: 0.5400 train_mapscore: 0.2359 train_c: -1.1681 train_max_dist: 3.5966 train_imax: -0.0000 train_imin: -1.1681 time: 2.7538s
INFO:root:Epoch: 1650 lr: 0.01 train_loss: 185951.7344 train_distortion: 0.5398 train_mapscore: 0.2364 train_c: -1.1686 train_max_dist: 3.6002 train_imax: -0.0000 train_imin: -1.1686 time: 2.7793s
INFO:root:Epoch: 1655 lr: 0.01 train_loss: 185932.6406 train_distortion: 0.5396 train_mapscore: 0.2345 train_c: -1.1691 train_max_dist: 3.5998 train_imax: -0.0000 train_imin: -1.1691 time: 2.7933s
INFO:root:Epoch: 1660 lr: 0.01 train_loss: 185913.5312 train_distortion: 0.5394 train_mapscore: 0.2339 train_c: -1.1696 train_max_dist: 3.5949 train_imax: -0.0000 train_imin: -1.1696 time: 2.7878s
INFO:root:Epoch: 1665 lr: 0.01 train_loss: 185894.3281 train_distortion: 0.5391 train_mapscore: 0.2343 train_c: -1.1701 train_max_dist: 3.5969 train_imax: -0.0000 train_imin: -1.1701 time: 2.8027s
INFO:root:Epoch: 1670 lr: 0.01 train_loss: 185875.1406 train_distortion: 0.5390 train_mapscore: 0.2379 train_c: -1.1706 train_max_dist: 3.6017 train_imax: -0.0000 train_imin: -1.1706 time: 2.7103s
INFO:root:Epoch: 1675 lr: 0.01 train_loss: 185855.8750 train_distortion: 0.5387 train_mapscore: 0.2405 train_c: -1.1711 train_max_dist: 3.6003 train_imax: -0.0000 train_imin: -1.1711 time: 2.7119s
INFO:root:Epoch: 1680 lr: 0.01 train_loss: 185836.5156 train_distortion: 0.5385 train_mapscore: 0.2421 train_c: -1.1716 train_max_dist: 3.6061 train_imax: -0.0000 train_imin: -1.1716 time: 2.7218s
INFO:root:Epoch: 1685 lr: 0.01 train_loss: 185817.2188 train_distortion: 0.5383 train_mapscore: 0.2431 train_c: -1.1721 train_max_dist: 3.6107 train_imax: -0.0000 train_imin: -1.1721 time: 2.7466s
INFO:root:Epoch: 1690 lr: 0.01 train_loss: 185797.7656 train_distortion: 0.5381 train_mapscore: 0.2448 train_c: -1.1726 train_max_dist: 3.6117 train_imax: -0.0000 train_imin: -1.1726 time: 2.6995s
INFO:root:Epoch: 1695 lr: 0.01 train_loss: 185778.4375 train_distortion: 0.5379 train_mapscore: 0.2439 train_c: -1.1731 train_max_dist: 3.6149 train_imax: -0.0000 train_imin: -1.1731 time: 2.7082s
INFO:root:Epoch: 1700 lr: 0.01 train_loss: 185758.9062 train_distortion: 0.5377 train_mapscore: 0.2472 train_c: -1.1736 train_max_dist: 3.6099 train_imax: -0.0000 train_imin: -1.1736 time: 2.7013s
INFO:root:Epoch: 1705 lr: 0.01 train_loss: 185739.3750 train_distortion: 0.5375 train_mapscore: 0.2466 train_c: -1.1742 train_max_dist: 3.6150 train_imax: -0.0000 train_imin: -1.1742 time: 2.6910s
INFO:root:Epoch: 1710 lr: 0.01 train_loss: 185719.6562 train_distortion: 0.5372 train_mapscore: 0.2448 train_c: -1.1747 train_max_dist: 3.6311 train_imax: -0.0000 train_imin: -1.1747 time: 2.6889s
INFO:root:Epoch: 1715 lr: 0.01 train_loss: 185700.1875 train_distortion: 0.5370 train_mapscore: 0.2440 train_c: -1.1752 train_max_dist: 3.6200 train_imax: -0.0000 train_imin: -1.1752 time: 2.6900s
INFO:root:Epoch: 1720 lr: 0.01 train_loss: 185680.6406 train_distortion: 0.5368 train_mapscore: 0.2389 train_c: -1.1757 train_max_dist: 3.6191 train_imax: -0.0000 train_imin: -1.1757 time: 2.7757s
INFO:root:Epoch: 1725 lr: 0.01 train_loss: 185661.6250 train_distortion: 0.5366 train_mapscore: 0.2406 train_c: -1.1762 train_max_dist: 3.6181 train_imax: -0.0000 train_imin: -1.1762 time: 2.7237s
INFO:root:Epoch: 1730 lr: 0.01 train_loss: 185642.0156 train_distortion: 0.5364 train_mapscore: 0.2414 train_c: -1.1767 train_max_dist: 3.6258 train_imax: -0.0000 train_imin: -1.1767 time: 2.7087s
INFO:root:Epoch: 1735 lr: 0.01 train_loss: 185622.6562 train_distortion: 0.5362 train_mapscore: 0.2398 train_c: -1.1772 train_max_dist: 3.6368 train_imax: -0.0000 train_imin: -1.1772 time: 2.7649s
INFO:root:Epoch: 1740 lr: 0.01 train_loss: 185603.5312 train_distortion: 0.5360 train_mapscore: 0.2396 train_c: -1.1777 train_max_dist: 3.6323 train_imax: -0.0000 train_imin: -1.1777 time: 2.7371s
INFO:root:Epoch: 1745 lr: 0.01 train_loss: 185584.3281 train_distortion: 0.5358 train_mapscore: 0.2460 train_c: -1.1782 train_max_dist: 3.6300 train_imax: -0.0000 train_imin: -1.1782 time: 2.6803s
INFO:root:Epoch: 1750 lr: 0.01 train_loss: 185564.6562 train_distortion: 0.5355 train_mapscore: 0.2422 train_c: -1.1787 train_max_dist: 3.6415 train_imax: -0.0000 train_imin: -1.1787 time: 2.7320s
INFO:root:Epoch: 1755 lr: 0.01 train_loss: 185545.0000 train_distortion: 0.5353 train_mapscore: 0.2442 train_c: -1.1792 train_max_dist: 3.6311 train_imax: -0.0000 train_imin: -1.1792 time: 2.7178s
INFO:root:Epoch: 1760 lr: 0.01 train_loss: 185525.7812 train_distortion: 0.5352 train_mapscore: 0.2404 train_c: -1.1797 train_max_dist: 3.6420 train_imax: -0.0000 train_imin: -1.1797 time: 2.7271s
INFO:root:Epoch: 1765 lr: 0.01 train_loss: 185506.2969 train_distortion: 0.5349 train_mapscore: 0.2454 train_c: -1.1802 train_max_dist: 3.6457 train_imax: -0.0000 train_imin: -1.1802 time: 2.6764s
INFO:root:Epoch: 1770 lr: 0.01 train_loss: 185486.5938 train_distortion: 0.5347 train_mapscore: 0.2414 train_c: -1.1807 train_max_dist: 3.6423 train_imax: -0.0000 train_imin: -1.1807 time: 2.7392s
INFO:root:Epoch: 1775 lr: 0.01 train_loss: 185466.9375 train_distortion: 0.5345 train_mapscore: 0.2425 train_c: -1.1813 train_max_dist: 3.6418 train_imax: -0.0000 train_imin: -1.1813 time: 2.7060s
INFO:root:Epoch: 1780 lr: 0.01 train_loss: 185447.8750 train_distortion: 0.5343 train_mapscore: 0.2425 train_c: -1.1818 train_max_dist: 3.6462 train_imax: -0.0000 train_imin: -1.1818 time: 2.7284s
INFO:root:Epoch: 1785 lr: 0.01 train_loss: 185427.9375 train_distortion: 0.5341 train_mapscore: 0.2421 train_c: -1.1823 train_max_dist: 3.6500 train_imax: -0.0000 train_imin: -1.1823 time: 2.7383s
INFO:root:Epoch: 1790 lr: 0.01 train_loss: 185408.2188 train_distortion: 0.5338 train_mapscore: 0.2402 train_c: -1.1828 train_max_dist: 3.6476 train_imax: -0.0000 train_imin: -1.1828 time: 2.7281s
INFO:root:Epoch: 1795 lr: 0.01 train_loss: 185388.8281 train_distortion: 0.5337 train_mapscore: 0.2417 train_c: -1.1833 train_max_dist: 3.6592 train_imax: -0.0000 train_imin: -1.1833 time: 2.7196s
INFO:root:Epoch: 1800 lr: 0.01 train_loss: 185369.2188 train_distortion: 0.5334 train_mapscore: 0.2433 train_c: -1.1838 train_max_dist: 3.6568 train_imax: -0.0000 train_imin: -1.1838 time: 2.7168s
INFO:root:Epoch: 1805 lr: 0.01 train_loss: 185349.5625 train_distortion: 0.5332 train_mapscore: 0.2415 train_c: -1.1843 train_max_dist: 3.6567 train_imax: -0.0000 train_imin: -1.1843 time: 2.7440s
INFO:root:Epoch: 1810 lr: 0.01 train_loss: 185329.7812 train_distortion: 0.5330 train_mapscore: 0.2412 train_c: -1.1848 train_max_dist: 3.6628 train_imax: -0.0000 train_imin: -1.1848 time: 2.7143s
INFO:root:Epoch: 1815 lr: 0.01 train_loss: 185310.2188 train_distortion: 0.5328 train_mapscore: 0.2466 train_c: -1.1853 train_max_dist: 3.6627 train_imax: -0.0000 train_imin: -1.1853 time: 2.6895s
INFO:root:Epoch: 1820 lr: 0.01 train_loss: 185290.3125 train_distortion: 0.5326 train_mapscore: 0.2498 train_c: -1.1858 train_max_dist: 3.6728 train_imax: -0.0000 train_imin: -1.1858 time: 2.6926s
INFO:root:Epoch: 1825 lr: 0.01 train_loss: 185270.2344 train_distortion: 0.5324 train_mapscore: 0.2527 train_c: -1.1863 train_max_dist: 3.6693 train_imax: -0.0000 train_imin: -1.1863 time: 2.6333s
INFO:root:Epoch: 1830 lr: 0.01 train_loss: 185249.9375 train_distortion: 0.5322 train_mapscore: 0.2534 train_c: -1.1868 train_max_dist: 3.6658 train_imax: -0.0000 train_imin: -1.1868 time: 2.6442s
INFO:root:Epoch: 1835 lr: 0.01 train_loss: 185229.8438 train_distortion: 0.5320 train_mapscore: 0.2521 train_c: -1.1873 train_max_dist: 3.6742 train_imax: -0.0000 train_imin: -1.1873 time: 2.6895s
INFO:root:Epoch: 1840 lr: 0.01 train_loss: 185209.5312 train_distortion: 0.5318 train_mapscore: 0.2514 train_c: -1.1878 train_max_dist: 3.6632 train_imax: -0.0000 train_imin: -1.1878 time: 2.7039s
INFO:root:Epoch: 1845 lr: 0.01 train_loss: 185189.5312 train_distortion: 0.5316 train_mapscore: 0.2533 train_c: -1.1884 train_max_dist: 3.6751 train_imax: -0.0000 train_imin: -1.1884 time: 2.6527s
INFO:root:Epoch: 1850 lr: 0.01 train_loss: 185169.8438 train_distortion: 0.5314 train_mapscore: 0.2532 train_c: -1.1889 train_max_dist: 3.6789 train_imax: -0.0000 train_imin: -1.1889 time: 2.6294s
INFO:root:Epoch: 1855 lr: 0.01 train_loss: 185149.7656 train_distortion: 0.5312 train_mapscore: 0.2516 train_c: -1.1894 train_max_dist: 3.6851 train_imax: -0.0000 train_imin: -1.1894 time: 2.7140s
INFO:root:Epoch: 1860 lr: 0.01 train_loss: 185129.4531 train_distortion: 0.5309 train_mapscore: 0.2522 train_c: -1.1899 train_max_dist: 3.6899 train_imax: -0.0000 train_imin: -1.1899 time: 2.7092s
INFO:root:Epoch: 1865 lr: 0.01 train_loss: 185109.4062 train_distortion: 0.5307 train_mapscore: 0.2507 train_c: -1.1904 train_max_dist: 3.6831 train_imax: -0.0000 train_imin: -1.1904 time: 2.7087s
INFO:root:Epoch: 1870 lr: 0.01 train_loss: 185089.4375 train_distortion: 0.5305 train_mapscore: 0.2503 train_c: -1.1909 train_max_dist: 3.6855 train_imax: -0.0000 train_imin: -1.1909 time: 2.7210s
INFO:root:Epoch: 1875 lr: 0.01 train_loss: 185069.2500 train_distortion: 0.5303 train_mapscore: 0.2508 train_c: -1.1914 train_max_dist: 3.6871 train_imax: -0.0000 train_imin: -1.1914 time: 2.7096s
INFO:root:Epoch: 1880 lr: 0.01 train_loss: 185049.3125 train_distortion: 0.5301 train_mapscore: 0.2494 train_c: -1.1919 train_max_dist: 3.6856 train_imax: -0.0000 train_imin: -1.1919 time: 2.7119s
INFO:root:Epoch: 1885 lr: 0.01 train_loss: 185029.4062 train_distortion: 0.5299 train_mapscore: 0.2530 train_c: -1.1924 train_max_dist: 3.6894 train_imax: -0.0000 train_imin: -1.1924 time: 2.6782s
INFO:root:Epoch: 1890 lr: 0.01 train_loss: 185009.0469 train_distortion: 0.5297 train_mapscore: 0.2539 train_c: -1.1929 train_max_dist: 3.6936 train_imax: -0.0000 train_imin: -1.1929 time: 2.6887s
INFO:root:Epoch: 1895 lr: 0.01 train_loss: 184988.8125 train_distortion: 0.5295 train_mapscore: 0.2524 train_c: -1.1934 train_max_dist: 3.6911 train_imax: -0.0000 train_imin: -1.1934 time: 2.6598s
INFO:root:Epoch: 1900 lr: 0.01 train_loss: 184968.6250 train_distortion: 0.5292 train_mapscore: 0.2548 train_c: -1.1939 train_max_dist: 3.7000 train_imax: -0.0000 train_imin: -1.1939 time: 2.6669s
INFO:root:Epoch: 1905 lr: 0.01 train_loss: 184948.5781 train_distortion: 0.5290 train_mapscore: 0.2546 train_c: -1.1945 train_max_dist: 3.6981 train_imax: -0.0000 train_imin: -1.1945 time: 2.6946s
INFO:root:Epoch: 1910 lr: 0.01 train_loss: 184927.9688 train_distortion: 0.5288 train_mapscore: 0.2524 train_c: -1.1950 train_max_dist: 3.6969 train_imax: -0.0000 train_imin: -1.1950 time: 2.6982s
INFO:root:Epoch: 1915 lr: 0.01 train_loss: 184907.9062 train_distortion: 0.5286 train_mapscore: 0.2539 train_c: -1.1955 train_max_dist: 3.7021 train_imax: -0.0000 train_imin: -1.1955 time: 2.6902s
INFO:root:Epoch: 1920 lr: 0.01 train_loss: 184887.4062 train_distortion: 0.5284 train_mapscore: 0.2533 train_c: -1.1960 train_max_dist: 3.7011 train_imax: -0.0000 train_imin: -1.1960 time: 2.6646s
INFO:root:Epoch: 1925 lr: 0.01 train_loss: 184866.8438 train_distortion: 0.5282 train_mapscore: 0.2552 train_c: -1.1965 train_max_dist: 3.7099 train_imax: -0.0000 train_imin: -1.1965 time: 2.6892s
INFO:root:Epoch: 1930 lr: 0.01 train_loss: 184846.3750 train_distortion: 0.5279 train_mapscore: 0.2570 train_c: -1.1970 train_max_dist: 3.7081 train_imax: -0.0000 train_imin: -1.1970 time: 2.6634s
INFO:root:Epoch: 1935 lr: 0.01 train_loss: 184825.7188 train_distortion: 0.5277 train_mapscore: 0.2596 train_c: -1.1975 train_max_dist: 3.7098 train_imax: -0.0000 train_imin: -1.1975 time: 2.6283s
INFO:root:Epoch: 1940 lr: 0.01 train_loss: 184805.1562 train_distortion: 0.5275 train_mapscore: 0.2585 train_c: -1.1980 train_max_dist: 3.7121 train_imax: -0.0000 train_imin: -1.1980 time: 2.6823s
INFO:root:Epoch: 1945 lr: 0.01 train_loss: 184784.6875 train_distortion: 0.5272 train_mapscore: 0.2595 train_c: -1.1985 train_max_dist: 3.7252 train_imax: -0.0000 train_imin: -1.1985 time: 2.6366s
INFO:root:Epoch: 1950 lr: 0.01 train_loss: 184764.0781 train_distortion: 0.5270 train_mapscore: 0.2586 train_c: -1.1990 train_max_dist: 3.7123 train_imax: -0.0000 train_imin: -1.1990 time: 2.6433s
INFO:root:Epoch: 1955 lr: 0.01 train_loss: 184743.5938 train_distortion: 0.5268 train_mapscore: 0.2579 train_c: -1.1995 train_max_dist: 3.7232 train_imax: -0.0000 train_imin: -1.1995 time: 2.6842s
INFO:root:Epoch: 1960 lr: 0.01 train_loss: 184723.1719 train_distortion: 0.5265 train_mapscore: 0.2556 train_c: -1.2000 train_max_dist: 3.7200 train_imax: -0.0000 train_imin: -1.2000 time: 2.6838s
INFO:root:Epoch: 1965 lr: 0.01 train_loss: 184702.7188 train_distortion: 0.5263 train_mapscore: 0.2557 train_c: -1.2006 train_max_dist: 3.7312 train_imax: -0.0000 train_imin: -1.2006 time: 2.6549s
INFO:root:Epoch: 1970 lr: 0.01 train_loss: 184681.9844 train_distortion: 0.5261 train_mapscore: 0.2563 train_c: -1.2011 train_max_dist: 3.7212 train_imax: -0.0000 train_imin: -1.2011 time: 2.6673s
INFO:root:Epoch: 1975 lr: 0.01 train_loss: 184661.8438 train_distortion: 0.5259 train_mapscore: 0.2580 train_c: -1.2016 train_max_dist: 3.7245 train_imax: -0.0000 train_imin: -1.2016 time: 2.6729s
INFO:root:Epoch: 1980 lr: 0.01 train_loss: 184641.2812 train_distortion: 0.5257 train_mapscore: 0.2521 train_c: -1.2021 train_max_dist: 3.7388 train_imax: -0.0000 train_imin: -1.2021 time: 2.7162s
INFO:root:Epoch: 1985 lr: 0.01 train_loss: 184620.8750 train_distortion: 0.5254 train_mapscore: 0.2525 train_c: -1.2026 train_max_dist: 3.7255 train_imax: -0.0000 train_imin: -1.2026 time: 2.6872s
INFO:root:Epoch: 1990 lr: 0.01 train_loss: 184600.4844 train_distortion: 0.5252 train_mapscore: 0.2540 train_c: -1.2031 train_max_dist: 3.7476 train_imax: -0.0000 train_imin: -1.2031 time: 2.6996s
INFO:root:Epoch: 1995 lr: 0.01 train_loss: 184579.8125 train_distortion: 0.5250 train_mapscore: 0.2554 train_c: -1.2036 train_max_dist: 3.7386 train_imax: -0.0000 train_imin: -1.2036 time: 2.6827s
INFO:root:Epoch: 2000 lr: 0.0025 train_loss: 184559.5625 train_distortion: 0.5248 train_mapscore: 0.2557 train_c: -1.2041 train_max_dist: 3.7304 train_imax: -0.0000 train_imin: -1.2041 time: 2.6832s
INFO:root:Optimization Finished!
INFO:root:Total time elapsed: 5310.7720s
INFO:root:Val set results: val_distortion: 1.0000 val_mapscore: -1.0000 val_c: -1.0000 val_max_dist: 0.0000
INFO:root:Test set results: test_loss: 184555.7188 test_distortion: 0.5248 test_mapscore: 0.2579 test_c: -1.2042 test_max_dist: 3.7274 test_imax: -0.0000 test_imin: -1.2042
INFO:root:Saved model in /workspace/xiongbo/hgcn/logs/md/2021_5_28/6
