INFO:root:Using: cuda:0
INFO:root:Using seed 1234.
INFO:root:MDModel(
  (encoder): HGCN(
    (layers): Sequential(
      (0): HyperbolicGraphConvolution(
        (linear): HypLinear(
          in_features=4159, out_features=10, c=Parameter containing:
          tensor([-1.], requires_grad=True)
        )
        (agg): HypAgg(
          c=Parameter containing:
          tensor([-1.], requires_grad=True)
        )
        (hyp_act): HypAct(
          c_in=Parameter containing:
          tensor([-1.], requires_grad=True), c_out=Parameter containing:
          tensor([-1.], requires_grad=True)
        )
      )
    )
  )
  (decoder): MDDecoder()
)
INFO:root:Total number of parameters: 41602
/workspace/anaconda3/envs/geo/lib/python3.7/site-packages/torch/optim/lr_scheduler.py:370: UserWarning: To get the last learning rate computed by the scheduler, please use `get_last_lr()`.
  "please use `get_last_lr()`.", UserWarning)
INFO:root:Epoch: 0005 lr: 0.01 train_loss: 208963.8438 train_distortion: 0.7483 train_mapscore: 0.1073 train_c: -1.0001 train_max_dist: 2.6458 train_imax: -0.0000 train_imin: -1.1259 time: 3.0781s
INFO:root:Epoch: 0010 lr: 0.01 train_loss: 203391.7188 train_distortion: 0.7026 train_mapscore: 0.2022 train_c: -1.0006 train_max_dist: 3.4471 train_imax: -0.0000 train_imin: -1.0888 time: 2.8564s
INFO:root:Epoch: 0015 lr: 0.01 train_loss: 200985.9062 train_distortion: 0.6847 train_mapscore: 0.2440 train_c: -1.0011 train_max_dist: 3.6515 train_imax: -0.0000 train_imin: -1.0910 time: 2.8051s
INFO:root:Epoch: 0020 lr: 0.01 train_loss: 199145.2188 train_distortion: 0.6717 train_mapscore: 0.2597 train_c: -1.0017 train_max_dist: 3.8887 train_imax: -0.0000 train_imin: -1.0972 time: 2.7542s
INFO:root:Epoch: 0025 lr: 0.01 train_loss: 197532.9531 train_distortion: 0.6598 train_mapscore: 0.2740 train_c: -1.0022 train_max_dist: 4.2866 train_imax: -0.0000 train_imin: -1.1288 time: 2.6806s
INFO:root:Epoch: 0030 lr: 0.01 train_loss: 196009.3125 train_distortion: 0.6470 train_mapscore: 0.2811 train_c: -1.0028 train_max_dist: 4.9012 train_imax: 0.0173 train_imin: -1.1235 time: 2.6704s
INFO:root:Epoch: 0035 lr: 0.01 train_loss: 194394.5000 train_distortion: 0.6321 train_mapscore: 0.2884 train_c: -1.0033 train_max_dist: 5.8100 train_imax: 0.0936 train_imin: -1.1275 time: 2.6573s
INFO:root:Epoch: 0040 lr: 0.01 train_loss: 192642.5312 train_distortion: 0.6149 train_mapscore: 0.2982 train_c: -1.0039 train_max_dist: 7.4429 train_imax: 0.1652 train_imin: -1.1418 time: 2.6471s
INFO:root:Epoch: 0045 lr: 0.01 train_loss: 190695.4062 train_distortion: 0.5953 train_mapscore: 0.3020 train_c: -1.0045 train_max_dist: 9.8672 train_imax: 0.2526 train_imin: -1.1535 time: 2.7127s
INFO:root:Epoch: 0050 lr: 0.01 train_loss: 188452.9062 train_distortion: 0.5724 train_mapscore: 0.3003 train_c: -1.0050 train_max_dist: 9.6914 train_imax: 0.3556 train_imin: -1.1581 time: 2.6876s
INFO:root:Epoch: 0055 lr: 0.01 train_loss: 185836.7188 train_distortion: 0.5455 train_mapscore: 0.2971 train_c: -1.0055 train_max_dist: 9.7969 train_imax: 0.4705 train_imin: -1.1740 time: 2.6494s
INFO:root:Epoch: 0060 lr: 0.01 train_loss: 182689.1562 train_distortion: 0.5129 train_mapscore: 0.3047 train_c: -1.0061 train_max_dist: 9.8438 train_imax: 0.5635 train_imin: -1.1941 time: 2.6307s
INFO:root:Epoch: 0065 lr: 0.01 train_loss: 178849.4375 train_distortion: 0.4723 train_mapscore: 0.2944 train_c: -1.0065 train_max_dist: 9.8750 train_imax: 0.6687 train_imin: -1.1735 time: 2.6765s
INFO:root:Epoch: 0070 lr: 0.01 train_loss: 174083.0625 train_distortion: 0.4215 train_mapscore: 0.2932 train_c: -1.0069 train_max_dist: 10.0000 train_imax: 0.7574 train_imin: -1.2608 time: 2.6151s
INFO:root:Epoch: 0075 lr: 0.01 train_loss: 168334.8281 train_distortion: 0.3615 train_mapscore: 0.2912 train_c: -1.0073 train_max_dist: 10.5000 train_imax: 0.7276 train_imin: -1.3391 time: 2.6281s
INFO:root:Epoch: 0080 lr: 0.01 train_loss: 165038.2812 train_distortion: 0.3136 train_mapscore: 0.2321 train_c: -1.0074 train_max_dist: 11.0000 train_imax: 0.9026 train_imin: -1.4657 time: 2.6557s
INFO:root:Epoch: 0085 lr: 0.01 train_loss: 162527.3281 train_distortion: 0.2836 train_mapscore: 0.2141 train_c: -1.0074 train_max_dist: 11.0000 train_imax: 1.0092 train_imin: -1.5011 time: 2.7006s
INFO:root:Epoch: 0090 lr: 0.01 train_loss: 157566.5781 train_distortion: 0.2521 train_mapscore: 0.2176 train_c: -1.0072 train_max_dist: 12.0000 train_imax: 1.3363 train_imin: -1.8417 time: 2.7720s
INFO:root:Epoch: 0095 lr: 0.01 train_loss: 151720.7656 train_distortion: 0.2183 train_mapscore: 0.2154 train_c: -1.0068 train_max_dist: 13.2171 train_imax: 1.8349 train_imin: -2.2644 time: 2.8424s
INFO:root:Epoch: 0100 lr: 0.01 train_loss: 145265.8438 train_distortion: 0.1917 train_mapscore: 0.2213 train_c: -1.0063 train_max_dist: 14.7826 train_imax: 2.4609 train_imin: -2.6963 time: 2.9109s
INFO:root:Epoch: 0105 lr: 0.01 train_loss: 136888.9375 train_distortion: 0.1884 train_mapscore: 0.2400 train_c: -1.0056 train_max_dist: 15.9275 train_imax: 3.2543 train_imin: -3.1297 time: 2.9775s
INFO:root:Epoch: 0110 lr: 0.01 train_loss: 127886.9062 train_distortion: 0.2265 train_mapscore: 0.2618 train_c: -1.0050 train_max_dist: 17.0430 train_imax: 4.2229 train_imin: -4.1497 time: 2.9708s
INFO:root:Epoch: 0115 lr: 0.01 train_loss: 118813.3281 train_distortion: 0.3154 train_mapscore: 0.2874 train_c: -1.0043 train_max_dist: 18.6114 train_imax: 5.3702 train_imin: -5.2031 time: 2.9065s
INFO:root:Epoch: 0120 lr: 0.01 train_loss: 109278.4844 train_distortion: 0.4595 train_mapscore: 0.3252 train_c: -1.0037 train_max_dist: 20.5797 train_imax: 7.3818 train_imin: -6.4500 time: 2.8673s
INFO:root:Epoch: 0125 lr: 0.01 train_loss: 100559.1094 train_distortion: 0.6538 train_mapscore: 0.3604 train_c: -1.0031 train_max_dist: 22.2329 train_imax: 9.8084 train_imin: -7.4979 time: 2.8640s
INFO:root:Epoch: 0130 lr: 0.01 train_loss: 92802.9453 train_distortion: 0.8851 train_mapscore: 0.3999 train_c: -1.0026 train_max_dist: 23.4341 train_imax: 12.2036 train_imin: -8.6699 time: 2.8190s
INFO:root:Epoch: 0135 lr: 0.01 train_loss: 87487.5156 train_distortion: 1.1269 train_mapscore: 0.4225 train_c: -1.0022 train_max_dist: 24.2700 train_imax: 13.8685 train_imin: -10.7980 time: 2.8376s
INFO:root:Epoch: 0140 lr: 0.01 train_loss: 92608.7031 train_distortion: 1.2472 train_mapscore: 0.3880 train_c: -1.0021 train_max_dist: 24.1817 train_imax: 14.1223 train_imin: -12.4375 time: 2.8568s
INFO:root:Epoch: 0145 lr: 0.01 train_loss: 100048.5312 train_distortion: 1.1970 train_mapscore: 0.3431 train_c: -1.0022 train_max_dist: 23.4108 train_imax: 12.9643 train_imin: -12.2043 time: 2.9013s
INFO:root:Epoch: 0150 lr: 0.01 train_loss: 97186.2734 train_distortion: 1.1542 train_mapscore: 0.3518 train_c: -1.0022 train_max_dist: 23.0563 train_imax: 12.4788 train_imin: -11.0031 time: 2.8343s
INFO:root:Epoch: 0155 lr: 0.01 train_loss: 94005.5938 train_distortion: 1.1712 train_mapscore: 0.3654 train_c: -1.0022 train_max_dist: 23.2895 train_imax: 12.9771 train_imin: -9.7691 time: 2.8322s
INFO:root:Epoch: 0160 lr: 0.01 train_loss: 89948.0859 train_distortion: 1.2653 train_mapscore: 0.3914 train_c: -1.0020 train_max_dist: 23.6242 train_imax: 13.8027 train_imin: -9.7810 time: 2.8211s
INFO:root:Epoch: 0165 lr: 0.01 train_loss: 86301.6328 train_distortion: 1.4071 train_mapscore: 0.4254 train_c: -1.0018 train_max_dist: 24.2857 train_imax: 14.0937 train_imin: -10.4154 time: 2.8149s
INFO:root:Epoch: 0170 lr: 0.01 train_loss: 82398.4141 train_distortion: 1.5671 train_mapscore: 0.4659 train_c: -1.0016 train_max_dist: 25.1133 train_imax: 14.7611 train_imin: -11.4319 time: 2.8383s
INFO:root:Epoch: 0175 lr: 0.01 train_loss: 78530.2422 train_distortion: 1.7437 train_mapscore: 0.5087 train_c: -1.0014 train_max_dist: 25.7232 train_imax: 15.7921 train_imin: -11.8147 time: 2.8372s
INFO:root:Epoch: 0180 lr: 0.01 train_loss: 85999.7031 train_distortion: 1.9652 train_mapscore: 0.4195 train_c: -1.0011 train_max_dist: 26.4016 train_imax: 22.4169 train_imin: -11.1666 time: 2.8170s
INFO:root:Epoch: 0185 lr: 0.01 train_loss: 115754.3906 train_distortion: 2.0396 train_mapscore: 0.2415 train_c: -1.0007 train_max_dist: 27.2701 train_imax: 33.0587 train_imin: -14.5875 time: 2.8914s
INFO:root:Epoch: 0190 lr: 0.01 train_loss: 118706.2422 train_distortion: 1.7278 train_mapscore: 0.2168 train_c: -1.0004 train_max_dist: 27.5071 train_imax: 34.3881 train_imin: -13.1326 time: 2.9348s
INFO:root:Epoch: 0195 lr: 0.01 train_loss: 113440.1875 train_distortion: 1.3503 train_mapscore: 0.2300 train_c: -1.0003 train_max_dist: 26.7515 train_imax: 31.5967 train_imin: -10.7728 time: 2.9196s
INFO:root:Epoch: 0200 lr: 0.01 train_loss: 119566.7188 train_distortion: 1.1304 train_mapscore: 0.2048 train_c: -1.0001 train_max_dist: 26.2995 train_imax: 29.2925 train_imin: -10.0641 time: 3.0042s
INFO:root:Epoch: 0205 lr: 0.01 train_loss: 120798.2344 train_distortion: 0.9343 train_mapscore: 0.1989 train_c: -1.0000 train_max_dist: 25.6380 train_imax: 26.9711 train_imin: -9.3145 time: 3.0237s
INFO:root:Epoch: 0210 lr: 0.01 train_loss: 118142.6328 train_distortion: 0.8214 train_mapscore: 0.2084 train_c: -0.9999 train_max_dist: 25.1384 train_imax: 25.5126 train_imin: -8.7793 time: 3.0168s
INFO:root:Epoch: 0215 lr: 0.01 train_loss: 114479.8281 train_distortion: 0.8085 train_mapscore: 0.2254 train_c: -0.9998 train_max_dist: 25.0341 train_imax: 25.4751 train_imin: -8.4892 time: 2.9514s
INFO:root:Epoch: 0220 lr: 0.01 train_loss: 110590.6719 train_distortion: 0.8658 train_mapscore: 0.2383 train_c: -0.9998 train_max_dist: 25.2472 train_imax: 26.4937 train_imin: -8.1640 time: 2.9299s
INFO:root:Epoch: 0225 lr: 0.01 train_loss: 107109.7969 train_distortion: 0.9673 train_mapscore: 0.2561 train_c: -0.9997 train_max_dist: 25.7072 train_imax: 28.1440 train_imin: -8.2407 time: 2.9301s
INFO:root:Epoch: 0230 lr: 0.01 train_loss: 103838.3594 train_distortion: 1.0658 train_mapscore: 0.2751 train_c: -0.9996 train_max_dist: 26.1251 train_imax: 29.6245 train_imin: -8.4725 time: 2.9579s
INFO:root:Epoch: 0235 lr: 0.01 train_loss: 100787.8594 train_distortion: 1.1448 train_mapscore: 0.2939 train_c: -0.9995 train_max_dist: 26.4313 train_imax: 30.7080 train_imin: -8.3970 time: 2.9373s
INFO:root:Epoch: 0240 lr: 0.01 train_loss: 98148.5156 train_distortion: 1.2009 train_mapscore: 0.3165 train_c: -0.9994 train_max_dist: 26.6128 train_imax: 31.3634 train_imin: -8.2861 time: 2.8820s
INFO:root:Epoch: 0245 lr: 0.01 train_loss: 95667.7188 train_distortion: 1.2599 train_mapscore: 0.3366 train_c: -0.9994 train_max_dist: 26.7785 train_imax: 31.9976 train_imin: -8.5691 time: 2.8868s
INFO:root:Epoch: 0250 lr: 0.01 train_loss: 93384.5469 train_distortion: 1.3305 train_mapscore: 0.3577 train_c: -0.9993 train_max_dist: 26.9854 train_imax: 32.7857 train_imin: -8.7505 time: 2.8896s
INFO:root:Epoch: 0255 lr: 0.01 train_loss: 91314.7266 train_distortion: 1.4062 train_mapscore: 0.3792 train_c: -0.9992 train_max_dist: 27.2332 train_imax: 33.6328 train_imin: -9.0459 time: 2.8784s
INFO:root:Epoch: 0260 lr: 0.01 train_loss: 89372.3438 train_distortion: 1.4875 train_mapscore: 0.4008 train_c: -0.9992 train_max_dist: 27.5110 train_imax: 34.5990 train_imin: -9.3116 time: 2.9028s
INFO:root:Epoch: 0265 lr: 0.01 train_loss: 88044.2969 train_distortion: 1.5496 train_mapscore: 0.4098 train_c: -0.9991 train_max_dist: 27.7555 train_imax: 35.3426 train_imin: -9.3912 time: 2.9214s
INFO:root:Epoch: 0270 lr: 0.01 train_loss: 86581.8438 train_distortion: 1.6228 train_mapscore: 0.4345 train_c: -0.9991 train_max_dist: 27.9954 train_imax: 36.1796 train_imin: -9.4793 time: 2.9003s
INFO:root:Epoch: 0275 lr: 0.01 train_loss: 85074.1562 train_distortion: 1.7079 train_mapscore: 0.4596 train_c: -0.9990 train_max_dist: 28.2429 train_imax: 37.1403 train_imin: -9.6883 time: 2.8821s
INFO:root:Epoch: 0280 lr: 0.01 train_loss: 83502.8516 train_distortion: 1.7938 train_mapscore: 0.4786 train_c: -0.9990 train_max_dist: 28.4933 train_imax: 38.1223 train_imin: -9.8060 time: 2.8586s
INFO:root:Epoch: 0285 lr: 0.01 train_loss: 82165.7109 train_distortion: 1.8785 train_mapscore: 0.4919 train_c: -0.9989 train_max_dist: 28.7373 train_imax: 39.0679 train_imin: -9.9162 time: 2.8552s
INFO:root:Epoch: 0290 lr: 0.01 train_loss: 85543.1719 train_distortion: 1.9484 train_mapscore: 0.4185 train_c: -0.9989 train_max_dist: 28.8095 train_imax: 40.0659 train_imin: -9.7050 time: 2.8682s
INFO:root:Epoch: 0295 lr: 0.01 train_loss: 85476.1562 train_distortion: 1.9496 train_mapscore: 0.4131 train_c: -0.9989 train_max_dist: 28.8186 train_imax: 40.2144 train_imin: -10.1111 time: 2.9166s
INFO:root:Epoch: 0300 lr: 0.01 train_loss: 91730.5625 train_distortion: 1.9159 train_mapscore: 0.3688 train_c: -0.9988 train_max_dist: 28.6981 train_imax: 39.9445 train_imin: -11.9717 time: 2.9100s
INFO:root:Epoch: 0305 lr: 0.01 train_loss: 94232.4062 train_distortion: 1.7952 train_mapscore: 0.3574 train_c: -0.9988 train_max_dist: 28.3013 train_imax: 38.6160 train_imin: -14.8573 time: 2.8836s
INFO:root:Epoch: 0310 lr: 0.01 train_loss: 93001.0000 train_distortion: 1.6315 train_mapscore: 0.3626 train_c: -0.9988 train_max_dist: 27.8506 train_imax: 36.7957 train_imin: -11.7503 time: 2.8916s
INFO:root:Epoch: 0315 lr: 0.01 train_loss: 92206.1016 train_distortion: 1.5300 train_mapscore: 0.3658 train_c: -0.9988 train_max_dist: 27.5505 train_imax: 35.7865 train_imin: -10.7467 time: 2.8706s
INFO:root:Epoch: 0320 lr: 0.01 train_loss: 90146.9375 train_distortion: 1.5312 train_mapscore: 0.3819 train_c: -0.9987 train_max_dist: 27.5670 train_imax: 35.9039 train_imin: -11.0528 time: 2.8685s
INFO:root:Epoch: 0325 lr: 0.01 train_loss: 87798.4375 train_distortion: 1.6226 train_mapscore: 0.4049 train_c: -0.9986 train_max_dist: 27.8560 train_imax: 37.0672 train_imin: -11.5465 time: 2.8988s
INFO:root:Epoch: 0330 lr: 0.01 train_loss: 85524.1406 train_distortion: 1.7502 train_mapscore: 0.4290 train_c: -0.9985 train_max_dist: 28.2291 train_imax: 38.6034 train_imin: -11.9801 time: 2.8955s
INFO:root:Epoch: 0335 lr: 0.01 train_loss: 86520.0859 train_distortion: 1.8686 train_mapscore: 0.4063 train_c: -0.9984 train_max_dist: 28.5876 train_imax: 40.3594 train_imin: -13.0522 time: 2.8608s
INFO:root:Epoch: 0340 lr: 0.01 train_loss: 85431.5547 train_distortion: 1.9239 train_mapscore: 0.4194 train_c: -0.9984 train_max_dist: 28.7296 train_imax: 41.1013 train_imin: -13.1636 time: 2.8851s
INFO:root:Epoch: 0345 lr: 0.01 train_loss: 83297.7344 train_distortion: 1.9444 train_mapscore: 0.4464 train_c: -0.9983 train_max_dist: 28.8279 train_imax: 41.3235 train_imin: -12.8497 time: 2.8561s
INFO:root:Epoch: 0350 lr: 0.01 train_loss: 81384.9375 train_distortion: 1.9877 train_mapscore: 0.4694 train_c: -0.9982 train_max_dist: 28.9369 train_imax: 41.7459 train_imin: -12.4652 time: 2.8554s
INFO:root:Epoch: 0355 lr: 0.01 train_loss: 83112.9688 train_distortion: 2.1406 train_mapscore: 0.4475 train_c: -0.9981 train_max_dist: 29.1392 train_imax: 43.2565 train_imin: -13.1739 time: 2.8950s
INFO:root:Epoch: 0360 lr: 0.01 train_loss: 83755.6328 train_distortion: 2.1699 train_mapscore: 0.4433 train_c: -0.9981 train_max_dist: 29.0696 train_imax: 43.4407 train_imin: -13.3035 time: 2.9125s
INFO:root:Epoch: 0365 lr: 0.01 train_loss: 84056.1797 train_distortion: 2.0479 train_mapscore: 0.4403 train_c: -0.9980 train_max_dist: 28.7511 train_imax: 41.9114 train_imin: -12.8067 time: 2.8609s
INFO:root:Epoch: 0370 lr: 0.01 train_loss: 82788.6016 train_distortion: 1.9636 train_mapscore: 0.4580 train_c: -0.9980 train_max_dist: 28.5496 train_imax: 40.9078 train_imin: -12.0643 time: 2.8556s
INFO:root:Epoch: 0375 lr: 0.01 train_loss: 80961.5156 train_distortion: 1.9656 train_mapscore: 0.4829 train_c: -0.9980 train_max_dist: 28.5572 train_imax: 40.8711 train_imin: -11.7175 time: 2.8528s
INFO:root:Epoch: 0380 lr: 0.01 train_loss: 80199.6406 train_distortion: 2.0334 train_mapscore: 0.4959 train_c: -0.9979 train_max_dist: 28.7257 train_imax: 41.6122 train_imin: -12.2667 time: 2.8589s
INFO:root:Epoch: 0385 lr: 0.01 train_loss: 78550.7656 train_distortion: 2.1533 train_mapscore: 0.5197 train_c: -0.9979 train_max_dist: 28.9705 train_imax: 42.9463 train_imin: -12.3434 time: 2.8781s
INFO:root:Epoch: 0390 lr: 0.01 train_loss: 79817.6406 train_distortion: 2.2272 train_mapscore: 0.4922 train_c: -0.9978 train_max_dist: 28.9580 train_imax: 43.5315 train_imin: -11.6495 time: 2.8919s
INFO:root:Epoch: 0395 lr: 0.01 train_loss: 79132.8984 train_distortion: 2.2543 train_mapscore: 0.5048 train_c: -0.9978 train_max_dist: 28.9691 train_imax: 43.6337 train_imin: -12.5878 time: 2.8998s
INFO:root:Epoch: 0400 lr: 0.01 train_loss: 77457.6484 train_distortion: 2.2767 train_mapscore: 0.5293 train_c: -0.9978 train_max_dist: 32.0000 train_imax: 43.8268 train_imin: -12.7908 time: 2.8438s
INFO:root:Epoch: 0405 lr: 0.01 train_loss: 75741.3594 train_distortion: 2.3358 train_mapscore: 0.5517 train_c: -0.9977 train_max_dist: 29.2718 train_imax: 44.5040 train_imin: -12.4141 time: 2.8424s
INFO:root:Epoch: 0410 lr: 0.01 train_loss: 74552.7266 train_distortion: 2.4128 train_mapscore: 0.5695 train_c: -0.9977 train_max_dist: 29.5203 train_imax: 45.3857 train_imin: -12.6329 time: 2.8389s
INFO:root:Epoch: 0415 lr: 0.01 train_loss: 73183.1250 train_distortion: 2.5101 train_mapscore: 0.5925 train_c: -0.9976 train_max_dist: 29.8019 train_imax: 46.4220 train_imin: -12.8862 time: 2.8401s
INFO:root:Epoch: 0420 lr: 0.01 train_loss: 73824.0547 train_distortion: 2.5956 train_mapscore: 0.5727 train_c: -0.9976 train_max_dist: 29.8527 train_imax: 47.3838 train_imin: -12.8944 time: 2.8758s
INFO:root:Epoch: 0425 lr: 0.01 train_loss: 74990.2969 train_distortion: 2.5987 train_mapscore: 0.5542 train_c: -0.9976 train_max_dist: 29.5519 train_imax: 47.2025 train_imin: -13.1652 time: 2.8703s
INFO:root:Epoch: 0430 lr: 0.01 train_loss: 75178.8438 train_distortion: 2.5606 train_mapscore: 0.5522 train_c: -0.9976 train_max_dist: 29.3958 train_imax: 46.6034 train_imin: -13.3165 time: 2.8435s
INFO:root:Epoch: 0435 lr: 0.01 train_loss: 75156.4375 train_distortion: 2.5411 train_mapscore: 0.5528 train_c: -0.9976 train_max_dist: 29.3166 train_imax: 46.1986 train_imin: -14.2279 time: 2.8394s
INFO:root:Epoch: 0440 lr: 0.01 train_loss: 77418.3828 train_distortion: 2.3964 train_mapscore: 0.5210 train_c: -0.9977 train_max_dist: 28.9032 train_imax: 44.4658 train_imin: -12.2353 time: 2.8451s
INFO:root:Epoch: 0445 lr: 0.01 train_loss: 76746.5156 train_distortion: 2.3701 train_mapscore: 0.5316 train_c: -0.9976 train_max_dist: 28.7587 train_imax: 44.0370 train_imin: -12.1391 time: 2.8618s
INFO:root:Epoch: 0450 lr: 0.01 train_loss: 75016.3359 train_distortion: 2.4172 train_mapscore: 0.5552 train_c: -0.9976 train_max_dist: 28.7989 train_imax: 44.4360 train_imin: -12.4698 time: 2.8713s
INFO:root:Epoch: 0455 lr: 0.01 train_loss: 78964.1797 train_distortion: 2.4722 train_mapscore: 0.4917 train_c: -0.9976 train_max_dist: 29.0128 train_imax: 45.4325 train_imin: -13.1534 time: 2.8779s
INFO:root:Epoch: 0460 lr: 0.01 train_loss: 80817.5469 train_distortion: 2.4313 train_mapscore: 0.4719 train_c: -0.9975 train_max_dist: 29.1543 train_imax: 45.3688 train_imin: -14.2438 time: 2.8427s
INFO:root:Epoch: 0465 lr: 0.01 train_loss: 78783.4375 train_distortion: 2.3564 train_mapscore: 0.4886 train_c: -0.9975 train_max_dist: 29.1206 train_imax: 44.6054 train_imin: -13.8986 time: 2.8453s
INFO:root:Epoch: 0470 lr: 0.01 train_loss: 76883.0000 train_distortion: 2.3640 train_mapscore: 0.5114 train_c: -0.9975 train_max_dist: 29.1532 train_imax: 44.6736 train_imin: -13.3088 time: 2.8498s
INFO:root:Epoch: 0475 lr: 0.01 train_loss: 76036.3594 train_distortion: 2.4966 train_mapscore: 0.5211 train_c: -0.9974 train_max_dist: 29.4451 train_imax: 46.0123 train_imin: -12.9079 time: 2.8430s
INFO:root:Epoch: 0480 lr: 0.01 train_loss: 75007.8750 train_distortion: 2.5349 train_mapscore: 0.5354 train_c: -0.9973 train_max_dist: 29.5573 train_imax: 46.1623 train_imin: -12.7463 time: 2.9104s
INFO:root:Epoch: 0485 lr: 0.01 train_loss: 73284.9375 train_distortion: 2.5675 train_mapscore: 0.5624 train_c: -0.9973 train_max_dist: 29.5873 train_imax: 46.4511 train_imin: -12.7619 time: 2.8692s
INFO:root:Epoch: 0490 lr: 0.01 train_loss: 71724.1250 train_distortion: 2.6331 train_mapscore: 0.5879 train_c: -0.9972 train_max_dist: 29.7090 train_imax: 47.2522 train_imin: -12.5077 time: 2.8344s
INFO:root:Epoch: 0495 lr: 0.01 train_loss: 70428.3125 train_distortion: 2.7326 train_mapscore: 0.6116 train_c: -0.9971 train_max_dist: 29.9911 train_imax: 48.3700 train_imin: -12.9326 time: 2.8574s
INFO:root:Epoch: 0500 lr: 0.01 train_loss: 69629.7500 train_distortion: 2.8452 train_mapscore: 0.6248 train_c: -0.9971 train_max_dist: 32.0000 train_imax: 49.6695 train_imin: -13.7079 time: 2.8279s
INFO:root:Epoch: 0505 lr: 0.01 train_loss: 68606.4375 train_distortion: 2.9770 train_mapscore: 0.6412 train_c: -0.9970 train_max_dist: 30.6481 train_imax: 51.1735 train_imin: -13.8873 time: 2.8347s
INFO:root:Epoch: 0510 lr: 0.01 train_loss: 95386.0625 train_distortion: 3.0203 train_mapscore: 0.3948 train_c: -0.9971 train_max_dist: 30.7581 train_imax: 51.4875 train_imin: -28.9698 time: 2.9117s
INFO:root:Epoch: 0515 lr: 0.01 train_loss: 104557.9375 train_distortion: 2.7046 train_mapscore: 0.3216 train_c: -0.9971 train_max_dist: 30.1607 train_imax: 48.4536 train_imin: -26.3042 time: 2.9124s
INFO:root:Epoch: 0520 lr: 0.01 train_loss: 101676.4375 train_distortion: 2.0637 train_mapscore: 0.3207 train_c: -0.9971 train_max_dist: 28.5741 train_imax: 40.8686 train_imin: -19.3595 time: 2.9210s
INFO:root:Epoch: 0525 lr: 0.01 train_loss: 98815.6172 train_distortion: 1.5645 train_mapscore: 0.3374 train_c: -0.9971 train_max_dist: 27.1993 train_imax: 34.6491 train_imin: -14.6537 time: 2.8819s
INFO:root:Epoch: 0530 lr: 0.01 train_loss: 96432.9609 train_distortion: 1.3818 train_mapscore: 0.3562 train_c: -0.9971 train_max_dist: 26.5896 train_imax: 32.2362 train_imin: -13.2337 time: 2.8819s
INFO:root:Epoch: 0535 lr: 0.01 train_loss: 92898.7500 train_distortion: 1.4703 train_mapscore: 0.3789 train_c: -0.9969 train_max_dist: 26.8284 train_imax: 33.2824 train_imin: -13.5180 time: 2.8710s
INFO:root:Epoch: 0540 lr: 0.01 train_loss: 91834.8672 train_distortion: 1.5579 train_mapscore: 0.3847 train_c: -0.9969 train_max_dist: 27.0612 train_imax: 34.4443 train_imin: -12.9480 time: 2.9154s
INFO:root:Epoch: 0545 lr: 0.01 train_loss: 90822.6328 train_distortion: 1.6906 train_mapscore: 0.3926 train_c: -0.9968 train_max_dist: 27.4000 train_imax: 36.0960 train_imin: -13.5676 time: 2.9002s
INFO:root:Epoch: 0550 lr: 0.01 train_loss: 89042.1797 train_distortion: 1.8180 train_mapscore: 0.4113 train_c: -0.9967 train_max_dist: 27.6989 train_imax: 37.5630 train_imin: -14.2184 time: 2.8980s
INFO:root:Epoch: 0555 lr: 0.01 train_loss: 92766.7344 train_distortion: 1.9675 train_mapscore: 0.3732 train_c: -0.9965 train_max_dist: 28.1081 train_imax: 39.8528 train_imin: -14.9218 time: 2.8712s
INFO:root:Epoch: 0560 lr: 0.01 train_loss: 99109.2969 train_distortion: 1.6685 train_mapscore: 0.3273 train_c: -0.9966 train_max_dist: 27.5410 train_imax: 36.9864 train_imin: -13.9223 time: 2.8933s
INFO:root:Epoch: 0565 lr: 0.01 train_loss: 99947.2734 train_distortion: 1.4387 train_mapscore: 0.3223 train_c: -0.9965 train_max_dist: 26.8583 train_imax: 34.2468 train_imin: -13.0252 time: 2.8753s
INFO:root:Epoch: 0570 lr: 0.01 train_loss: 100587.8281 train_distortion: 1.2216 train_mapscore: 0.3241 train_c: -0.9966 train_max_dist: 25.9698 train_imax: 31.3124 train_imin: -11.9053 time: 2.8703s
INFO:root:Epoch: 0575 lr: 0.01 train_loss: 100071.4766 train_distortion: 1.2120 train_mapscore: 0.3275 train_c: -0.9966 train_max_dist: 25.7275 train_imax: 31.0418 train_imin: -12.0289 time: 2.9165s
INFO:root:Epoch: 0580 lr: 0.01 train_loss: 98209.0938 train_distortion: 1.3068 train_mapscore: 0.3322 train_c: -0.9966 train_max_dist: 25.9880 train_imax: 32.1794 train_imin: -12.7314 time: 2.9097s
INFO:root:Epoch: 0585 lr: 0.01 train_loss: 96038.8125 train_distortion: 1.4391 train_mapscore: 0.3477 train_c: -0.9965 train_max_dist: 26.3857 train_imax: 33.6551 train_imin: -13.7236 time: 2.8712s
INFO:root:Epoch: 0590 lr: 0.01 train_loss: 93562.0000 train_distortion: 1.5829 train_mapscore: 0.3667 train_c: -0.9964 train_max_dist: 26.7531 train_imax: 35.2195 train_imin: -14.6961 time: 2.8711s
INFO:root:Epoch: 0595 lr: 0.01 train_loss: 91667.9375 train_distortion: 1.6736 train_mapscore: 0.3839 train_c: -0.9963 train_max_dist: 27.0672 train_imax: 36.1554 train_imin: -15.3366 time: 2.8642s
INFO:root:Epoch: 0600 lr: 0.01 train_loss: 89787.4609 train_distortion: 1.7368 train_mapscore: 0.3982 train_c: -0.9962 train_max_dist: 27.3080 train_imax: 36.7971 train_imin: -15.8175 time: 2.8600s
INFO:root:Epoch: 0605 lr: 0.01 train_loss: 87973.7812 train_distortion: 1.7781 train_mapscore: 0.4164 train_c: -0.9961 train_max_dist: 27.4309 train_imax: 37.1422 train_imin: -16.0253 time: 2.8883s
INFO:root:Epoch: 0610 lr: 0.01 train_loss: 86716.3438 train_distortion: 1.7858 train_mapscore: 0.4325 train_c: -0.9961 train_max_dist: 27.4501 train_imax: 37.1267 train_imin: -15.9168 time: 2.8851s
INFO:root:Epoch: 0615 lr: 0.01 train_loss: 85134.7500 train_distortion: 1.8603 train_mapscore: 0.4568 train_c: -0.9960 train_max_dist: 27.6464 train_imax: 37.9506 train_imin: -16.4336 time: 2.8689s
INFO:root:Epoch: 0620 lr: 0.01 train_loss: 83529.4688 train_distortion: 1.9787 train_mapscore: 0.4766 train_c: -0.9959 train_max_dist: 27.9484 train_imax: 39.3078 train_imin: -17.1568 time: 2.8707s
INFO:root:Epoch: 0625 lr: 0.01 train_loss: 83991.7188 train_distortion: 2.0544 train_mapscore: 0.4643 train_c: -0.9959 train_max_dist: 28.1590 train_imax: 40.1357 train_imin: -17.0456 time: 2.8560s
INFO:root:Epoch: 0630 lr: 0.01 train_loss: 85523.0781 train_distortion: 2.0486 train_mapscore: 0.4411 train_c: -0.9959 train_max_dist: 28.1314 train_imax: 39.9929 train_imin: -16.7027 time: 2.8519s
INFO:root:Epoch: 0635 lr: 0.01 train_loss: 85092.1250 train_distortion: 2.0583 train_mapscore: 0.4492 train_c: -0.9958 train_max_dist: 28.1904 train_imax: 39.9947 train_imin: -16.5868 time: 2.8901s
INFO:root:Epoch: 0640 lr: 0.01 train_loss: 84481.4375 train_distortion: 2.0521 train_mapscore: 0.4566 train_c: -0.9958 train_max_dist: 28.1850 train_imax: 39.7569 train_imin: -16.2028 time: 2.8843s
INFO:root:Epoch: 0645 lr: 0.01 train_loss: 82878.3281 train_distortion: 2.0784 train_mapscore: 0.4790 train_c: -0.9957 train_max_dist: 28.2210 train_imax: 39.9357 train_imin: -16.5057 time: 2.8452s
INFO:root:Epoch: 0650 lr: 0.01 train_loss: 81047.4688 train_distortion: 2.1639 train_mapscore: 0.5045 train_c: -0.9956 train_max_dist: 28.4198 train_imax: 40.8281 train_imin: -17.0527 time: 2.8482s
INFO:root:Epoch: 0655 lr: 0.01 train_loss: 79633.2500 train_distortion: 2.2760 train_mapscore: 0.5271 train_c: -0.9955 train_max_dist: 28.6790 train_imax: 42.0607 train_imin: -17.6080 time: 2.8473s
INFO:root:Epoch: 0660 lr: 0.01 train_loss: 81728.9453 train_distortion: 2.2986 train_mapscore: 0.4909 train_c: -0.9955 train_max_dist: 28.7522 train_imax: 42.1343 train_imin: -17.9656 time: 2.8538s
INFO:root:Epoch: 0665 lr: 0.01 train_loss: 81921.7812 train_distortion: 2.2925 train_mapscore: 0.4907 train_c: -0.9955 train_max_dist: 28.6953 train_imax: 41.9618 train_imin: -18.0245 time: 2.9073s
INFO:root:Epoch: 0670 lr: 0.01 train_loss: 81093.6250 train_distortion: 2.2687 train_mapscore: 0.5043 train_c: -0.9954 train_max_dist: 28.7336 train_imax: 41.6467 train_imin: -17.6118 time: 2.8812s
INFO:root:Epoch: 0675 lr: 0.01 train_loss: 80561.7656 train_distortion: 2.3157 train_mapscore: 0.5111 train_c: -0.9954 train_max_dist: 28.9857 train_imax: 42.1394 train_imin: -17.8949 time: 2.9009s
INFO:root:Epoch: 0680 lr: 0.01 train_loss: 79349.6484 train_distortion: 2.4120 train_mapscore: 0.5278 train_c: -0.9953 train_max_dist: 29.3823 train_imax: 43.1526 train_imin: -18.2284 time: 2.8867s
INFO:root:Epoch: 0685 lr: 0.01 train_loss: 79024.4688 train_distortion: 2.4790 train_mapscore: 0.5215 train_c: -0.9952 train_max_dist: 29.6580 train_imax: 43.9233 train_imin: -18.3297 time: 2.8440s
INFO:root:Epoch: 0690 lr: 0.01 train_loss: 78359.1484 train_distortion: 2.4913 train_mapscore: 0.5254 train_c: -0.9952 train_max_dist: 29.7344 train_imax: 43.9681 train_imin: -18.4873 time: 2.8410s
INFO:root:Epoch: 0695 lr: 0.01 train_loss: 90279.1094 train_distortion: 2.1416 train_mapscore: 0.4122 train_c: -0.9954 train_max_dist: 28.6622 train_imax: 40.3883 train_imin: -14.9970 time: 2.8530s
INFO:root:Epoch: 0700 lr: 0.01 train_loss: 134210.7656 train_distortion: 1.0185 train_mapscore: 0.1825 train_c: -0.9962 train_max_dist: 25.2003 train_imax: 27.7835 train_imin: -15.6046 time: 3.0671s
INFO:root:Epoch: 0705 lr: 0.01 train_loss: 150474.4375 train_distortion: 0.5539 train_mapscore: 0.1279 train_c: -0.9966 train_max_dist: 28.0000 train_imax: 20.2068 train_imin: -12.6597 time: 3.1962s
INFO:root:Epoch: 0710 lr: 0.01 train_loss: 156903.6719 train_distortion: 0.4088 train_mapscore: 0.1095 train_c: -0.9967 train_max_dist: 21.5655 train_imax: 16.9600 train_imin: -10.9868 time: 3.2384s
INFO:root:Epoch: 0715 lr: 0.01 train_loss: 159538.1406 train_distortion: 0.3422 train_mapscore: 0.1035 train_c: -0.9967 train_max_dist: 20.6677 train_imax: 15.1226 train_imin: -10.3311 time: 3.2724s
INFO:root:Epoch: 0720 lr: 0.01 train_loss: 160059.5000 train_distortion: 0.3067 train_mapscore: 0.1014 train_c: -0.9967 train_max_dist: 20.1227 train_imax: 13.9550 train_imin: -9.8526 time: 3.2786s
INFO:root:Epoch: 0725 lr: 0.01 train_loss: 159728.0938 train_distortion: 0.2899 train_mapscore: 0.1027 train_c: -0.9967 train_max_dist: 19.8278 train_imax: 13.3054 train_imin: -9.6188 time: 3.2809s
INFO:root:Epoch: 0730 lr: 0.01 train_loss: 158874.1719 train_distortion: 0.2823 train_mapscore: 0.1050 train_c: -0.9966 train_max_dist: 19.6536 train_imax: 12.9736 train_imin: -9.5349 time: 3.3033s
INFO:root:Epoch: 0735 lr: 0.01 train_loss: 157762.5312 train_distortion: 0.2827 train_mapscore: 0.1072 train_c: -0.9966 train_max_dist: 19.6020 train_imax: 12.9297 train_imin: -9.5836 time: 3.2825s
INFO:root:Epoch: 0740 lr: 0.01 train_loss: 156486.6875 train_distortion: 0.2883 train_mapscore: 0.1106 train_c: -0.9965 train_max_dist: 19.6364 train_imax: 13.0698 train_imin: -9.7133 time: 3.2442s
INFO:root:Epoch: 0745 lr: 0.01 train_loss: 155248.7969 train_distortion: 0.2989 train_mapscore: 0.1144 train_c: -0.9965 train_max_dist: 19.7720 train_imax: 13.3657 train_imin: -9.9252 time: 3.2343s
INFO:root:Epoch: 0750 lr: 0.01 train_loss: 154056.4375 train_distortion: 0.3132 train_mapscore: 0.1175 train_c: -0.9964 train_max_dist: 19.9412 train_imax: 13.7553 train_imin: -10.2030 time: 3.2340s
INFO:root:Epoch: 0755 lr: 0.01 train_loss: 152858.7500 train_distortion: 0.3264 train_mapscore: 0.1201 train_c: -0.9963 train_max_dist: 20.0837 train_imax: 14.0954 train_imin: -10.4306 time: 3.2552s
INFO:root:Epoch: 0760 lr: 0.01 train_loss: 151698.8594 train_distortion: 0.3372 train_mapscore: 0.1219 train_c: -0.9962 train_max_dist: 20.1859 train_imax: 14.3423 train_imin: -10.5983 time: 3.2987s
INFO:root:Epoch: 0765 lr: 0.01 train_loss: 150549.0000 train_distortion: 0.3485 train_mapscore: 0.1253 train_c: -0.9962 train_max_dist: 20.2966 train_imax: 14.5875 train_imin: -10.7631 time: 3.2816s
INFO:root:Epoch: 0770 lr: 0.01 train_loss: 149351.3906 train_distortion: 0.3577 train_mapscore: 0.1282 train_c: -0.9961 train_max_dist: 24.0000 train_imax: 14.7626 train_imin: -10.8905 time: 3.2311s
INFO:root:Epoch: 0775 lr: 0.01 train_loss: 148229.5625 train_distortion: 0.3676 train_mapscore: 0.1315 train_c: -0.9960 train_max_dist: 20.4518 train_imax: 14.9471 train_imin: -11.0317 time: 3.2297s
INFO:root:Epoch: 0780 lr: 0.01 train_loss: 147076.5312 train_distortion: 0.3706 train_mapscore: 0.1336 train_c: -0.9960 train_max_dist: 20.4606 train_imax: 14.9567 train_imin: -11.0702 time: 3.2090s
INFO:root:Epoch: 0785 lr: 0.01 train_loss: 146042.8281 train_distortion: 0.3562 train_mapscore: 0.1374 train_c: -0.9960 train_max_dist: 20.3006 train_imax: 14.5309 train_imin: -10.8523 time: 3.1845s
INFO:root:Epoch: 0790 lr: 0.01 train_loss: 146022.6562 train_distortion: 0.3182 train_mapscore: 0.1327 train_c: -0.9961 train_max_dist: 19.8057 train_imax: 13.4412 train_imin: -10.3682 time: 3.1801s
INFO:root:Epoch: 0795 lr: 0.01 train_loss: 146493.9688 train_distortion: 0.3050 train_mapscore: 0.1293 train_c: -0.9961 train_max_dist: 19.5899 train_imax: 12.9866 train_imin: -10.2297 time: 3.1847s
INFO:root:Epoch: 0800 lr: 0.01 train_loss: 146318.5625 train_distortion: 0.3116 train_mapscore: 0.1281 train_c: -0.9961 train_max_dist: 19.6427 train_imax: 13.1346 train_imin: -10.3998 time: 3.1850s
INFO:root:Epoch: 0805 lr: 0.01 train_loss: 145840.8594 train_distortion: 0.3313 train_mapscore: 0.1305 train_c: -0.9960 train_max_dist: 19.8512 train_imax: 13.6425 train_imin: -10.7542 time: 3.1778s
INFO:root:Epoch: 0810 lr: 0.01 train_loss: 145118.8906 train_distortion: 0.3562 train_mapscore: 0.1318 train_c: -0.9960 train_max_dist: 20.0992 train_imax: 14.2450 train_imin: -11.1679 time: 3.1893s
INFO:root:Epoch: 0815 lr: 0.01 train_loss: 144253.7188 train_distortion: 0.3785 train_mapscore: 0.1347 train_c: -0.9959 train_max_dist: 20.3010 train_imax: 14.7206 train_imin: -11.5086 time: 3.2022s
INFO:root:Epoch: 0820 lr: 0.01 train_loss: 143273.1875 train_distortion: 0.3934 train_mapscore: 0.1392 train_c: -0.9958 train_max_dist: 20.4166 train_imax: 14.9935 train_imin: -11.7105 time: 3.1964s
INFO:root:Epoch: 0825 lr: 0.01 train_loss: 142360.6406 train_distortion: 0.3994 train_mapscore: 0.1408 train_c: -0.9958 train_max_dist: 20.4345 train_imax: 15.0649 train_imin: -11.7849 time: 3.2266s
INFO:root:Epoch: 0830 lr: 0.01 train_loss: 141514.8438 train_distortion: 0.4090 train_mapscore: 0.1434 train_c: -0.9957 train_max_dist: 20.4851 train_imax: 15.2108 train_imin: -11.9014 time: 3.2129s
INFO:root:Epoch: 0835 lr: 0.01 train_loss: 140659.8438 train_distortion: 0.4224 train_mapscore: 0.1464 train_c: -0.9957 train_max_dist: 20.5757 train_imax: 15.4306 train_imin: -12.0613 time: 3.1550s
INFO:root:Epoch: 0840 lr: 0.01 train_loss: 139826.2188 train_distortion: 0.4373 train_mapscore: 0.1506 train_c: -0.9956 train_max_dist: 20.6775 train_imax: 15.6695 train_imin: -12.2401 time: 3.1650s
INFO:root:Epoch: 0845 lr: 0.01 train_loss: 138968.2500 train_distortion: 0.4513 train_mapscore: 0.1549 train_c: -0.9955 train_max_dist: 20.7702 train_imax: 15.8838 train_imin: -12.3908 time: 3.1633s
INFO:root:Epoch: 0850 lr: 0.01 train_loss: 138113.7500 train_distortion: 0.4618 train_mapscore: 0.1573 train_c: -0.9955 train_max_dist: 20.8352 train_imax: 16.0231 train_imin: -12.4869 time: 3.1643s
INFO:root:Epoch: 0855 lr: 0.01 train_loss: 137212.5000 train_distortion: 0.4705 train_mapscore: 0.1612 train_c: -0.9954 train_max_dist: 20.8854 train_imax: 16.1315 train_imin: -12.5507 time: 3.1859s
INFO:root:Epoch: 0860 lr: 0.01 train_loss: 136383.3125 train_distortion: 0.4812 train_mapscore: 0.1639 train_c: -0.9953 train_max_dist: 20.9503 train_imax: 16.2732 train_imin: -12.6426 time: 3.1720s
INFO:root:Epoch: 0865 lr: 0.01 train_loss: 135529.3438 train_distortion: 0.4924 train_mapscore: 0.1686 train_c: -0.9953 train_max_dist: 21.0177 train_imax: 16.4208 train_imin: -12.7442 time: 3.1320s
INFO:root:Epoch: 0870 lr: 0.01 train_loss: 134817.3438 train_distortion: 0.4988 train_mapscore: 0.1670 train_c: -0.9952 train_max_dist: 21.0399 train_imax: 16.4624 train_imin: -12.8104 time: 3.1269s
INFO:root:Epoch: 0875 lr: 0.01 train_loss: 134290.9688 train_distortion: 0.5050 train_mapscore: 0.1674 train_c: -0.9951 train_max_dist: 21.0612 train_imax: 16.4991 train_imin: -12.8769 time: 3.1190s
INFO:root:Epoch: 0880 lr: 0.01 train_loss: 133593.3750 train_distortion: 0.5125 train_mapscore: 0.1705 train_c: -0.9951 train_max_dist: 21.0977 train_imax: 16.5728 train_imin: -12.9510 time: 3.1009s
INFO:root:Epoch: 0885 lr: 0.01 train_loss: 132888.4062 train_distortion: 0.5228 train_mapscore: 0.1742 train_c: -0.9950 train_max_dist: 21.1612 train_imax: 16.7038 train_imin: -13.0427 time: 3.1431s
INFO:root:Epoch: 0890 lr: 0.01 train_loss: 132171.0156 train_distortion: 0.5366 train_mapscore: 0.1798 train_c: -0.9950 train_max_dist: 21.2472 train_imax: 16.8927 train_imin: -13.1971 time: 3.1461s
INFO:root:Epoch: 0895 lr: 0.01 train_loss: 131465.4844 train_distortion: 0.5498 train_mapscore: 0.1834 train_c: -0.9949 train_max_dist: 21.3303 train_imax: 17.0657 train_imin: -13.3544 time: 3.1050s
INFO:root:Epoch: 0900 lr: 0.01 train_loss: 130757.8281 train_distortion: 0.5613 train_mapscore: 0.1885 train_c: -0.9948 train_max_dist: 21.4044 train_imax: 17.2026 train_imin: -13.4783 time: 3.0861s
INFO:root:Epoch: 0905 lr: 0.01 train_loss: 130073.5703 train_distortion: 0.5717 train_mapscore: 0.1929 train_c: -0.9948 train_max_dist: 21.4708 train_imax: 17.3181 train_imin: -13.6025 time: 3.0761s
INFO:root:Epoch: 0910 lr: 0.01 train_loss: 129408.0469 train_distortion: 0.5824 train_mapscore: 0.1979 train_c: -0.9947 train_max_dist: 21.5408 train_imax: 17.4432 train_imin: -13.7164 time: 3.0771s
INFO:root:Epoch: 0915 lr: 0.01 train_loss: 128765.3047 train_distortion: 0.5942 train_mapscore: 0.2027 train_c: -0.9947 train_max_dist: 21.6167 train_imax: 17.5834 train_imin: -13.8416 time: 3.1235s
INFO:root:Epoch: 0920 lr: 0.01 train_loss: 128097.1406 train_distortion: 0.6033 train_mapscore: 0.2064 train_c: -0.9946 train_max_dist: 21.6743 train_imax: 17.6863 train_imin: -13.9654 time: 3.1082s
INFO:root:Epoch: 0925 lr: 0.01 train_loss: 127482.1094 train_distortion: 0.6133 train_mapscore: 0.2105 train_c: -0.9945 train_max_dist: 21.7382 train_imax: 17.8010 train_imin: -14.0892 time: 3.1226s
INFO:root:Epoch: 0930 lr: 0.01 train_loss: 126874.2812 train_distortion: 0.6241 train_mapscore: 0.2089 train_c: -0.9945 train_max_dist: 21.8037 train_imax: 17.9292 train_imin: -14.2087 time: 3.0518s
INFO:root:Epoch: 0935 lr: 0.01 train_loss: 126280.1875 train_distortion: 0.6358 train_mapscore: 0.2127 train_c: -0.9944 train_max_dist: 21.8773 train_imax: 18.0681 train_imin: -14.3392 time: 3.0576s
INFO:root:Epoch: 0940 lr: 0.01 train_loss: 125685.3906 train_distortion: 0.6472 train_mapscore: 0.2181 train_c: -0.9944 train_max_dist: 21.9539 train_imax: 18.2017 train_imin: -14.4390 time: 3.0453s
INFO:root:Epoch: 0945 lr: 0.01 train_loss: 125155.0625 train_distortion: 0.6540 train_mapscore: 0.2148 train_c: -0.9943 train_max_dist: 21.9953 train_imax: 18.2265 train_imin: -14.4482 time: 3.0379s
INFO:root:Epoch: 0950 lr: 0.01 train_loss: 124677.0469 train_distortion: 0.6604 train_mapscore: 0.2160 train_c: -0.9943 train_max_dist: 22.0332 train_imax: 18.2473 train_imin: -14.4531 time: 3.0731s
INFO:root:Epoch: 0955 lr: 0.01 train_loss: 124168.5000 train_distortion: 0.6703 train_mapscore: 0.2188 train_c: -0.9942 train_max_dist: 22.0939 train_imax: 18.3429 train_imin: -14.5100 time: 3.0815s
INFO:root:Epoch: 0960 lr: 0.01 train_loss: 123619.8125 train_distortion: 0.6834 train_mapscore: 0.2251 train_c: -0.9942 train_max_dist: 22.1764 train_imax: 18.4980 train_imin: -14.6074 time: 3.0342s
INFO:root:Epoch: 0965 lr: 0.01 train_loss: 123064.8594 train_distortion: 0.6972 train_mapscore: 0.2302 train_c: -0.9941 train_max_dist: 22.2617 train_imax: 18.6628 train_imin: -14.7018 time: 3.0285s
INFO:root:Epoch: 0970 lr: 0.01 train_loss: 122494.4062 train_distortion: 0.7091 train_mapscore: 0.2365 train_c: -0.9941 train_max_dist: 22.3399 train_imax: 18.8024 train_imin: -14.7630 time: 3.0486s
INFO:root:Epoch: 0975 lr: 0.01 train_loss: 121919.1797 train_distortion: 0.7183 train_mapscore: 0.2404 train_c: -0.9940 train_max_dist: 22.3976 train_imax: 18.8999 train_imin: -14.8002 time: 3.0223s
INFO:root:Epoch: 0980 lr: 0.01 train_loss: 121395.6094 train_distortion: 0.7282 train_mapscore: 0.2432 train_c: -0.9940 train_max_dist: 24.0000 train_imax: 19.0010 train_imin: -14.8091 time: 3.0560s
INFO:root:Epoch: 0985 lr: 0.01 train_loss: 120874.5000 train_distortion: 0.7384 train_mapscore: 0.2490 train_c: -0.9939 train_max_dist: 22.5116 train_imax: 19.1092 train_imin: -14.8332 time: 3.0450s
INFO:root:Epoch: 0990 lr: 0.01 train_loss: 120402.7578 train_distortion: 0.7458 train_mapscore: 0.2473 train_c: -0.9939 train_max_dist: 22.5547 train_imax: 19.1886 train_imin: -14.8423 time: 3.0054s
INFO:root:Epoch: 0995 lr: 0.01 train_loss: 119915.7344 train_distortion: 0.7498 train_mapscore: 0.2485 train_c: -0.9939 train_max_dist: 22.5789 train_imax: 19.2148 train_imin: -14.8395 time: 3.0087s
INFO:root:Epoch: 1000 lr: 0.01 train_loss: 119448.6562 train_distortion: 0.7575 train_mapscore: 0.2533 train_c: -0.9938 train_max_dist: 22.6228 train_imax: 19.2895 train_imin: -14.8763 time: 3.0222s
INFO:root:Epoch: 1005 lr: 0.01 train_loss: 118966.2266 train_distortion: 0.7690 train_mapscore: 0.2598 train_c: -0.9938 train_max_dist: 22.6872 train_imax: 19.4149 train_imin: -14.9489 time: 2.9953s
INFO:root:Epoch: 1010 lr: 0.01 train_loss: 118490.4688 train_distortion: 0.7832 train_mapscore: 0.2660 train_c: -0.9938 train_max_dist: 22.7645 train_imax: 19.5734 train_imin: -15.0433 time: 3.0561s
INFO:root:Epoch: 1015 lr: 0.01 train_loss: 118024.2109 train_distortion: 0.7982 train_mapscore: 0.2731 train_c: -0.9937 train_max_dist: 22.8496 train_imax: 19.7391 train_imin: -15.1349 time: 3.0511s
INFO:root:Epoch: 1020 lr: 0.01 train_loss: 117589.2578 train_distortion: 0.8086 train_mapscore: 0.2747 train_c: -0.9937 train_max_dist: 22.9205 train_imax: 19.8537 train_imin: -15.1797 time: 3.0129s
INFO:root:Epoch: 1025 lr: 0.01 train_loss: 117119.4219 train_distortion: 0.8190 train_mapscore: 0.2772 train_c: -0.9936 train_max_dist: 28.0000 train_imax: 19.9558 train_imin: -15.2262 time: 2.9846s
INFO:root:Epoch: 1030 lr: 0.01 train_loss: 116711.0312 train_distortion: 0.8267 train_mapscore: 0.2757 train_c: -0.9936 train_max_dist: 23.0577 train_imax: 20.0118 train_imin: -15.2095 time: 3.0065s
INFO:root:Epoch: 1035 lr: 0.01 train_loss: 116316.2812 train_distortion: 0.8357 train_mapscore: 0.2799 train_c: -0.9936 train_max_dist: 23.1261 train_imax: 20.0877 train_imin: -15.1976 time: 2.9769s
INFO:root:Epoch: 1040 lr: 0.01 train_loss: 115943.9531 train_distortion: 0.8480 train_mapscore: 0.2805 train_c: -0.9935 train_max_dist: 23.1996 train_imax: 20.2086 train_imin: -15.2316 time: 3.0106s
INFO:root:Epoch: 1045 lr: 0.01 train_loss: 115541.7500 train_distortion: 0.8616 train_mapscore: 0.2853 train_c: -0.9935 train_max_dist: 23.2660 train_imax: 20.3523 train_imin: -15.2547 time: 3.0256s
INFO:root:Epoch: 1050 lr: 0.01 train_loss: 115132.4297 train_distortion: 0.8726 train_mapscore: 0.2892 train_c: -0.9935 train_max_dist: 23.3164 train_imax: 20.4579 train_imin: -15.2559 time: 3.0252s
INFO:root:Epoch: 1055 lr: 0.01 train_loss: 114709.3984 train_distortion: 0.8815 train_mapscore: 0.2939 train_c: -0.9934 train_max_dist: 23.3585 train_imax: 20.5356 train_imin: -15.2408 time: 2.9686s
INFO:root:Epoch: 1060 lr: 0.01 train_loss: 114247.9219 train_distortion: 0.8906 train_mapscore: 0.2994 train_c: -0.9934 train_max_dist: 23.4071 train_imax: 20.6138 train_imin: -15.2510 time: 2.9702s
INFO:root:Epoch: 1065 lr: 0.01 train_loss: 113812.3672 train_distortion: 0.9004 train_mapscore: 0.3037 train_c: -0.9934 train_max_dist: 23.4585 train_imax: 20.6945 train_imin: -15.2881 time: 2.9674s
INFO:root:Epoch: 1070 lr: 0.01 train_loss: 113368.1250 train_distortion: 0.9001 train_mapscore: 0.3010 train_c: -0.9933 train_max_dist: 23.4584 train_imax: 20.6453 train_imin: -15.2472 time: 2.9965s
INFO:root:Epoch: 1075 lr: 0.01 train_loss: 113067.5703 train_distortion: 0.8862 train_mapscore: 0.2899 train_c: -0.9933 train_max_dist: 24.0000 train_imax: 20.4226 train_imin: -15.0451 time: 3.0157s
INFO:root:Epoch: 1080 lr: 0.01 train_loss: 112724.7969 train_distortion: 0.8939 train_mapscore: 0.2945 train_c: -0.9933 train_max_dist: 23.4216 train_imax: 20.5012 train_imin: -15.0628 time: 3.0152s
INFO:root:Epoch: 1085 lr: 0.01 train_loss: 112390.8594 train_distortion: 0.9164 train_mapscore: 0.2974 train_c: -0.9933 train_max_dist: 24.0000 train_imax: 20.7787 train_imin: -15.2469 time: 2.9691s
INFO:root:Epoch: 1090 lr: 0.01 train_loss: 112088.8672 train_distortion: 0.9432 train_mapscore: 0.3037 train_c: -0.9932 train_max_dist: 24.0000 train_imax: 21.1041 train_imin: -15.4615 time: 2.9567s
INFO:root:Epoch: 1095 lr: 0.01 train_loss: 111758.4844 train_distortion: 0.9533 train_mapscore: 0.3031 train_c: -0.9932 train_max_dist: 23.6822 train_imax: 21.1887 train_imin: -15.4721 time: 2.9553s
INFO:root:Epoch: 1100 lr: 0.01 train_loss: 111504.2656 train_distortion: 0.9459 train_mapscore: 0.2966 train_c: -0.9932 train_max_dist: 23.6476 train_imax: 21.0239 train_imin: -15.2904 time: 2.9603s
INFO:root:Epoch: 1105 lr: 0.01 train_loss: 111212.5625 train_distortion: 0.9453 train_mapscore: 0.2999 train_c: -0.9932 train_max_dist: 23.6338 train_imax: 20.9559 train_imin: -15.1790 time: 2.9799s
INFO:root:Epoch: 1110 lr: 0.01 train_loss: 110885.5938 train_distortion: 0.9570 train_mapscore: 0.3060 train_c: -0.9932 train_max_dist: 23.6782 train_imax: 21.0580 train_imin: -15.1780 time: 3.0452s
INFO:root:Epoch: 1115 lr: 0.01 train_loss: 110524.6094 train_distortion: 0.9770 train_mapscore: 0.3108 train_c: -0.9931 train_max_dist: 23.7652 train_imax: 21.2715 train_imin: -15.2719 time: 2.9499s
INFO:root:Epoch: 1120 lr: 0.01 train_loss: 110567.0781 train_distortion: 0.9876 train_mapscore: 0.2926 train_c: -0.9931 train_max_dist: 23.8793 train_imax: 21.3592 train_imin: -15.1982 time: 2.9731s
INFO:root:Epoch: 1125 lr: 0.01 train_loss: 110402.0391 train_distortion: 0.9993 train_mapscore: 0.2917 train_c: -0.9931 train_max_dist: 23.9723 train_imax: 21.4655 train_imin: -15.1945 time: 2.9453s
INFO:root:Epoch: 1130 lr: 0.01 train_loss: 110052.7578 train_distortion: 1.0083 train_mapscore: 0.2998 train_c: -0.9931 train_max_dist: 24.0406 train_imax: 21.5304 train_imin: -15.2173 time: 2.9513s
INFO:root:Epoch: 1135 lr: 0.01 train_loss: 109701.8438 train_distortion: 1.0073 train_mapscore: 0.3031 train_c: -0.9931 train_max_dist: 24.0561 train_imax: 21.4705 train_imin: -15.1451 time: 2.9753s
INFO:root:Epoch: 1140 lr: 0.01 train_loss: 109281.9766 train_distortion: 1.0173 train_mapscore: 0.3080 train_c: -0.9930 train_max_dist: 24.1218 train_imax: 21.5543 train_imin: -15.1915 time: 2.9797s
INFO:root:Epoch: 1145 lr: 0.01 train_loss: 108850.7344 train_distortion: 1.0337 train_mapscore: 0.3169 train_c: -0.9930 train_max_dist: 24.2219 train_imax: 21.7193 train_imin: -15.3016 time: 2.9581s
INFO:root:Epoch: 1150 lr: 0.01 train_loss: 108444.2500 train_distortion: 1.0532 train_mapscore: 0.3245 train_c: -0.9930 train_max_dist: 24.3394 train_imax: 21.9174 train_imin: -15.4150 time: 2.9456s
INFO:root:Epoch: 1155 lr: 0.01 train_loss: 108019.6406 train_distortion: 1.0569 train_mapscore: 0.3262 train_c: -0.9929 train_max_dist: 24.4088 train_imax: 21.9068 train_imin: -15.3887 time: 2.9523s
INFO:root:Epoch: 1160 lr: 0.01 train_loss: 107610.4375 train_distortion: 1.0686 train_mapscore: 0.3330 train_c: -0.9929 train_max_dist: 24.5015 train_imax: 22.0123 train_imin: -15.4279 time: 2.9343s
INFO:root:Epoch: 1165 lr: 0.01 train_loss: 107234.0625 train_distortion: 1.0861 train_mapscore: 0.3416 train_c: -0.9929 train_max_dist: 24.6103 train_imax: 22.1964 train_imin: -15.4731 time: 2.9668s
INFO:root:Epoch: 1170 lr: 0.01 train_loss: 106869.5312 train_distortion: 1.1049 train_mapscore: 0.3469 train_c: -0.9928 train_max_dist: 24.7237 train_imax: 22.4006 train_imin: -15.5678 time: 2.9643s
INFO:root:Epoch: 1175 lr: 0.01 train_loss: 106516.6875 train_distortion: 1.1148 train_mapscore: 0.3496 train_c: -0.9928 train_max_dist: 24.7942 train_imax: 22.4809 train_imin: -15.6278 time: 2.9326s
INFO:root:Epoch: 1180 lr: 0.01 train_loss: 106497.5234 train_distortion: 1.0739 train_mapscore: 0.3197 train_c: -0.9928 train_max_dist: 24.6308 train_imax: 21.8678 train_imin: -15.0124 time: 2.9266s
INFO:root:Epoch: 1185 lr: 0.01 train_loss: 106474.7266 train_distortion: 1.0614 train_mapscore: 0.3146 train_c: -0.9928 train_max_dist: 24.5812 train_imax: 21.6270 train_imin: -14.7123 time: 2.9151s
INFO:root:Epoch: 1190 lr: 0.01 train_loss: 106211.4531 train_distortion: 1.0805 train_mapscore: 0.3191 train_c: -0.9928 train_max_dist: 24.6774 train_imax: 21.8058 train_imin: -14.7525 time: 2.9310s
INFO:root:Epoch: 1195 lr: 0.01 train_loss: 105902.0547 train_distortion: 1.1159 train_mapscore: 0.3267 train_c: -0.9928 train_max_dist: 24.8502 train_imax: 22.2031 train_imin: -14.9674 time: 2.9646s
INFO:root:Epoch: 1200 lr: 0.01 train_loss: 105551.1406 train_distortion: 1.1517 train_mapscore: 0.3343 train_c: -0.9927 train_max_dist: 25.0310 train_imax: 22.6056 train_imin: -15.2370 time: 2.9610s
INFO:root:Epoch: 1205 lr: 0.01 train_loss: 105155.2891 train_distortion: 1.1758 train_mapscore: 0.3431 train_c: -0.9927 train_max_dist: 25.1625 train_imax: 22.8724 train_imin: -15.4395 time: 2.9578s
INFO:root:Epoch: 1210 lr: 0.01 train_loss: 104700.8516 train_distortion: 1.1878 train_mapscore: 0.3501 train_c: -0.9927 train_max_dist: 25.2323 train_imax: 22.9869 train_imin: -15.5050 time: 2.9232s
INFO:root:Epoch: 1215 lr: 0.01 train_loss: 104288.4453 train_distortion: 1.1968 train_mapscore: 0.3572 train_c: -0.9926 train_max_dist: 25.2889 train_imax: 23.0600 train_imin: -15.5544 time: 2.9213s
INFO:root:Epoch: 1220 lr: 0.01 train_loss: 104684.5156 train_distortion: 1.1889 train_mapscore: 0.3248 train_c: -0.9926 train_max_dist: 25.2782 train_imax: 22.8448 train_imin: -15.3450 time: 2.9120s
INFO:root:Epoch: 1225 lr: 0.01 train_loss: 106294.2578 train_distortion: 1.1668 train_mapscore: 0.2970 train_c: -0.9927 train_max_dist: 25.2004 train_imax: 22.3816 train_imin: -14.9515 time: 2.9157s
INFO:root:Epoch: 1230 lr: 0.01 train_loss: 106812.4922 train_distortion: 1.1817 train_mapscore: 0.2873 train_c: -0.9926 train_max_dist: 25.2912 train_imax: 22.4242 train_imin: -14.8643 time: 2.9504s
INFO:root:Epoch: 1235 lr: 0.01 train_loss: 106886.2812 train_distortion: 1.1975 train_mapscore: 0.2871 train_c: -0.9926 train_max_dist: 25.3627 train_imax: 22.5071 train_imin: -14.8036 time: 2.9507s
INFO:root:Epoch: 1240 lr: 0.01 train_loss: 106419.5312 train_distortion: 1.2043 train_mapscore: 0.2897 train_c: -0.9926 train_max_dist: 25.3874 train_imax: 22.5231 train_imin: -14.7283 time: 2.9349s
INFO:root:Epoch: 1245 lr: 0.01 train_loss: 105634.2734 train_distortion: 1.1978 train_mapscore: 0.2956 train_c: -0.9925 train_max_dist: 25.3474 train_imax: 22.4565 train_imin: -14.5873 time: 2.9116s
INFO:root:Epoch: 1250 lr: 0.01 train_loss: 105498.5156 train_distortion: 1.1868 train_mapscore: 0.2966 train_c: -0.9925 train_max_dist: 25.3132 train_imax: 22.2806 train_imin: -14.4492 time: 2.9055s
INFO:root:Epoch: 1255 lr: 0.01 train_loss: 105980.6250 train_distortion: 1.1788 train_mapscore: 0.2909 train_c: -0.9925 train_max_dist: 25.3190 train_imax: 22.1019 train_imin: -14.3845 time: 2.9199s
INFO:root:Epoch: 1260 lr: 0.01 train_loss: 105670.4844 train_distortion: 1.1863 train_mapscore: 0.2960 train_c: -0.9925 train_max_dist: 25.3638 train_imax: 22.2055 train_imin: -14.4411 time: 2.9377s
INFO:root:Epoch: 1265 lr: 0.01 train_loss: 104992.5781 train_distortion: 1.2015 train_mapscore: 0.3030 train_c: -0.9925 train_max_dist: 25.4364 train_imax: 22.4224 train_imin: -14.5153 time: 2.9380s
INFO:root:Epoch: 1270 lr: 0.01 train_loss: 104285.3359 train_distortion: 1.2218 train_mapscore: 0.3103 train_c: -0.9924 train_max_dist: 25.5244 train_imax: 22.6695 train_imin: -14.6095 time: 2.9207s
INFO:root:Epoch: 1275 lr: 0.01 train_loss: 103619.6719 train_distortion: 1.2442 train_mapscore: 0.3212 train_c: -0.9924 train_max_dist: 25.6210 train_imax: 22.9082 train_imin: -14.7326 time: 2.8997s
INFO:root:Epoch: 1280 lr: 0.01 train_loss: 102973.2188 train_distortion: 1.2636 train_mapscore: 0.3297 train_c: -0.9923 train_max_dist: 25.7101 train_imax: 23.1070 train_imin: -14.8015 time: 2.8999s
INFO:root:Epoch: 1285 lr: 0.01 train_loss: 102635.3672 train_distortion: 1.2749 train_mapscore: 0.3326 train_c: -0.9923 train_max_dist: 25.7926 train_imax: 23.2234 train_imin: -14.9072 time: 2.9133s
INFO:root:Epoch: 1290 lr: 0.01 train_loss: 102343.2656 train_distortion: 1.2868 train_mapscore: 0.3374 train_c: -0.9923 train_max_dist: 25.8680 train_imax: 23.3559 train_imin: -15.0666 time: 2.9284s
INFO:root:Epoch: 1295 lr: 0.01 train_loss: 101850.3672 train_distortion: 1.2971 train_mapscore: 0.3456 train_c: -0.9922 train_max_dist: 25.9143 train_imax: 23.4837 train_imin: -15.1004 time: 2.9312s
INFO:root:Epoch: 1300 lr: 0.01 train_loss: 101366.5703 train_distortion: 1.3074 train_mapscore: 0.3532 train_c: -0.9922 train_max_dist: 25.9614 train_imax: 23.6235 train_imin: -15.0311 time: 2.8975s
INFO:root:Epoch: 1305 lr: 0.01 train_loss: 100908.4844 train_distortion: 1.3151 train_mapscore: 0.3610 train_c: -0.9922 train_max_dist: 25.9964 train_imax: 23.7370 train_imin: -14.9884 time: 2.8947s
INFO:root:Epoch: 1310 lr: 0.01 train_loss: 100485.0000 train_distortion: 1.3319 train_mapscore: 0.3719 train_c: -0.9922 train_max_dist: 26.0627 train_imax: 23.9329 train_imin: -15.0069 time: 2.8924s
INFO:root:Epoch: 1315 lr: 0.01 train_loss: 100106.2188 train_distortion: 1.3555 train_mapscore: 0.3789 train_c: -0.9921 train_max_dist: 26.1610 train_imax: 24.1859 train_imin: -15.0345 time: 2.9087s
INFO:root:Epoch: 1320 lr: 0.01 train_loss: 99758.3125 train_distortion: 1.3736 train_mapscore: 0.3819 train_c: -0.9921 train_max_dist: 26.2163 train_imax: 24.3785 train_imin: -15.1224 time: 2.9267s
INFO:root:Epoch: 1325 lr: 0.01 train_loss: 99742.5625 train_distortion: 1.3784 train_mapscore: 0.3685 train_c: -0.9921 train_max_dist: 26.2305 train_imax: 24.4592 train_imin: -15.0991 time: 2.9265s
INFO:root:Epoch: 1330 lr: 0.01 train_loss: 99598.2656 train_distortion: 1.3734 train_mapscore: 0.3678 train_c: -0.9921 train_max_dist: 26.2099 train_imax: 24.4669 train_imin: -14.9620 time: 2.9278s
INFO:root:Epoch: 1335 lr: 0.01 train_loss: 101040.5312 train_distortion: 1.3109 train_mapscore: 0.3406 train_c: -0.9921 train_max_dist: 25.9087 train_imax: 23.9969 train_imin: -14.6301 time: 2.8864s
INFO:root:Epoch: 1340 lr: 0.01 train_loss: 101834.3281 train_distortion: 1.2833 train_mapscore: 0.3294 train_c: -0.9921 train_max_dist: 25.7449 train_imax: 23.8082 train_imin: -14.4911 time: 2.8834s
INFO:root:Epoch: 1345 lr: 0.01 train_loss: 101735.4688 train_distortion: 1.2823 train_mapscore: 0.3284 train_c: -0.9921 train_max_dist: 25.7124 train_imax: 23.8455 train_imin: -14.5430 time: 2.8888s
INFO:root:Epoch: 1350 lr: 0.01 train_loss: 101249.9375 train_distortion: 1.3075 train_mapscore: 0.3379 train_c: -0.9921 train_max_dist: 25.8179 train_imax: 24.1359 train_imin: -14.7127 time: 2.8855s
INFO:root:Epoch: 1355 lr: 0.01 train_loss: 100659.2812 train_distortion: 1.3437 train_mapscore: 0.3481 train_c: -0.9920 train_max_dist: 25.9762 train_imax: 24.5157 train_imin: -14.9474 time: 2.9335s
INFO:root:Epoch: 1360 lr: 0.01 train_loss: 100033.4531 train_distortion: 1.3798 train_mapscore: 0.3571 train_c: -0.9920 train_max_dist: 26.1266 train_imax: 24.8855 train_imin: -15.1321 time: 2.9242s
INFO:root:Epoch: 1365 lr: 0.01 train_loss: 102066.5312 train_distortion: 1.1784 train_mapscore: 0.3280 train_c: -0.9922 train_max_dist: 25.2421 train_imax: 22.8600 train_imin: -13.9177 time: 2.8972s
INFO:root:Epoch: 1370 lr: 0.01 train_loss: 103619.1406 train_distortion: 1.1112 train_mapscore: 0.3198 train_c: -0.9923 train_max_dist: 24.8868 train_imax: 22.1946 train_imin: -13.4468 time: 2.8760s
INFO:root:Epoch: 1375 lr: 0.01 train_loss: 103659.5312 train_distortion: 1.1245 train_mapscore: 0.3224 train_c: -0.9923 train_max_dist: 24.9113 train_imax: 22.3653 train_imin: -13.5048 time: 2.8813s
INFO:root:Epoch: 1380 lr: 0.01 train_loss: 103077.2188 train_distortion: 1.1876 train_mapscore: 0.3271 train_c: -0.9923 train_max_dist: 25.1803 train_imax: 23.0483 train_imin: -13.8767 time: 2.8960s
INFO:root:Epoch: 1385 lr: 0.01 train_loss: 102359.9062 train_distortion: 1.2583 train_mapscore: 0.3364 train_c: -0.9923 train_max_dist: 25.4624 train_imax: 23.7832 train_imin: -14.2906 time: 2.9120s
INFO:root:Epoch: 1390 lr: 0.01 train_loss: 101651.3281 train_distortion: 1.3198 train_mapscore: 0.3441 train_c: -0.9922 train_max_dist: 25.6981 train_imax: 24.4047 train_imin: -14.6131 time: 2.9099s
INFO:root:Epoch: 1395 lr: 0.01 train_loss: 100891.0703 train_distortion: 1.3681 train_mapscore: 0.3511 train_c: -0.9922 train_max_dist: 25.9086 train_imax: 24.8885 train_imin: -14.8811 time: 2.8751s
INFO:root:Epoch: 1400 lr: 0.01 train_loss: 100156.4609 train_distortion: 1.3965 train_mapscore: 0.3603 train_c: -0.9921 train_max_dist: 26.0454 train_imax: 25.1939 train_imin: -15.0246 time: 2.8767s
INFO:root:Epoch: 1405 lr: 0.01 train_loss: 99464.5312 train_distortion: 1.4164 train_mapscore: 0.3667 train_c: -0.9921 train_max_dist: 26.1540 train_imax: 25.4186 train_imin: -15.1532 time: 2.8711s
INFO:root:Epoch: 1410 lr: 0.01 train_loss: 98889.4844 train_distortion: 1.4327 train_mapscore: 0.3759 train_c: -0.9920 train_max_dist: 26.2343 train_imax: 25.6122 train_imin: -15.2569 time: 2.8674s
INFO:root:Epoch: 1415 lr: 0.01 train_loss: 98782.2188 train_distortion: 1.4367 train_mapscore: 0.3690 train_c: -0.9920 train_max_dist: 26.2770 train_imax: 25.6949 train_imin: -15.4562 time: 2.8965s
INFO:root:Epoch: 1420 lr: 0.01 train_loss: 98396.8438 train_distortion: 1.4453 train_mapscore: 0.3741 train_c: -0.9920 train_max_dist: 26.3175 train_imax: 25.8047 train_imin: -15.4497 time: 2.9117s
INFO:root:Epoch: 1425 lr: 0.01 train_loss: 101366.0156 train_distortion: 1.4113 train_mapscore: 0.3309 train_c: -0.9920 train_max_dist: 26.2572 train_imax: 25.4875 train_imin: -14.8560 time: 2.8763s
INFO:root:Epoch: 1430 lr: 0.01 train_loss: 104845.5469 train_distortion: 1.3797 train_mapscore: 0.3008 train_c: -0.9920 train_max_dist: 26.1634 train_imax: 25.2023 train_imin: -14.3624 time: 2.8798s
INFO:root:Epoch: 1435 lr: 0.01 train_loss: 105653.1953 train_distortion: 1.3390 train_mapscore: 0.2940 train_c: -0.9920 train_max_dist: 25.9771 train_imax: 24.8433 train_imin: -13.9821 time: 2.8828s
INFO:root:Epoch: 1440 lr: 0.01 train_loss: 105071.0625 train_distortion: 1.2954 train_mapscore: 0.2996 train_c: -0.9920 train_max_dist: 25.7545 train_imax: 24.4472 train_imin: -13.6082 time: 2.8768s
INFO:root:Epoch: 1445 lr: 0.01 train_loss: 104072.9062 train_distortion: 1.2677 train_mapscore: 0.3058 train_c: -0.9919 train_max_dist: 32.0000 train_imax: 24.2097 train_imin: -13.3471 time: 2.9299s
INFO:root:Epoch: 1450 lr: 0.01 train_loss: 103022.7031 train_distortion: 1.2639 train_mapscore: 0.3116 train_c: -0.9919 train_max_dist: 25.5459 train_imax: 24.1848 train_imin: -13.3055 time: 2.9177s
INFO:root:Epoch: 1455 lr: 0.01 train_loss: 101943.7188 train_distortion: 1.2841 train_mapscore: 0.3225 train_c: -0.9919 train_max_dist: 25.6210 train_imax: 24.4021 train_imin: -13.4515 time: 2.9159s
INFO:root:Epoch: 1460 lr: 0.01 train_loss: 101337.5625 train_distortion: 1.2878 train_mapscore: 0.3236 train_c: -0.9918 train_max_dist: 25.6331 train_imax: 24.5143 train_imin: -13.6140 time: 2.8655s
INFO:root:Epoch: 1465 lr: 0.01 train_loss: 100781.1094 train_distortion: 1.3173 train_mapscore: 0.3298 train_c: -0.9918 train_max_dist: 25.7432 train_imax: 24.8592 train_imin: -13.8469 time: 2.8705s
INFO:root:Epoch: 1470 lr: 0.01 train_loss: 100024.4062 train_distortion: 1.3608 train_mapscore: 0.3399 train_c: -0.9918 train_max_dist: 25.8938 train_imax: 25.3300 train_imin: -14.1103 time: 2.8819s
INFO:root:Epoch: 1475 lr: 0.01 train_loss: 99308.6406 train_distortion: 1.4117 train_mapscore: 0.3478 train_c: -0.9917 train_max_dist: 26.0741 train_imax: 25.8563 train_imin: -14.3586 time: 2.8652s
INFO:root:Epoch: 1480 lr: 0.01 train_loss: 98557.7734 train_distortion: 1.4516 train_mapscore: 0.3556 train_c: -0.9916 train_max_dist: 26.2102 train_imax: 26.2528 train_imin: -14.5090 time: 2.9014s
INFO:root:Epoch: 1485 lr: 0.01 train_loss: 97802.7344 train_distortion: 1.4868 train_mapscore: 0.3688 train_c: -0.9916 train_max_dist: 26.3429 train_imax: 26.5932 train_imin: -14.6057 time: 2.9003s
INFO:root:Epoch: 1490 lr: 0.01 train_loss: 97180.5625 train_distortion: 1.5233 train_mapscore: 0.3772 train_c: -0.9915 train_max_dist: 26.4876 train_imax: 26.9433 train_imin: -14.6820 time: 2.8799s
INFO:root:Epoch: 1495 lr: 0.01 train_loss: 96554.7812 train_distortion: 1.5433 train_mapscore: 0.3868 train_c: -0.9915 train_max_dist: 26.5676 train_imax: 27.1156 train_imin: -14.7248 time: 2.8701s
INFO:root:Epoch: 1500 lr: 0.01 train_loss: 96215.4219 train_distortion: 1.5377 train_mapscore: 0.3883 train_c: -0.9915 train_max_dist: 26.5434 train_imax: 27.0180 train_imin: -14.7214 time: 2.8858s
INFO:root:Epoch: 1505 lr: 0.01 train_loss: 96170.8750 train_distortion: 1.5537 train_mapscore: 0.3840 train_c: -0.9914 train_max_dist: 26.6152 train_imax: 27.1517 train_imin: -14.8051 time: 2.8649s
INFO:root:Epoch: 1510 lr: 0.01 train_loss: 95810.8125 train_distortion: 1.5807 train_mapscore: 0.3940 train_c: -0.9914 train_max_dist: 26.7010 train_imax: 27.4183 train_imin: -14.8789 time: 2.9039s
INFO:root:Epoch: 1515 lr: 0.01 train_loss: 95302.9375 train_distortion: 1.6066 train_mapscore: 0.4036 train_c: -0.9913 train_max_dist: 26.7791 train_imax: 27.6701 train_imin: -14.9200 time: 2.9038s
INFO:root:Epoch: 1520 lr: 0.01 train_loss: 94814.3359 train_distortion: 1.6381 train_mapscore: 0.4181 train_c: -0.9913 train_max_dist: 26.8706 train_imax: 27.9788 train_imin: -14.9972 time: 2.8802s
INFO:root:Epoch: 1525 lr: 0.01 train_loss: 94292.3594 train_distortion: 1.6586 train_mapscore: 0.4283 train_c: -0.9913 train_max_dist: 26.9223 train_imax: 28.1874 train_imin: -15.0758 time: 2.8740s
INFO:root:Epoch: 1530 lr: 0.01 train_loss: 93809.3125 train_distortion: 1.6785 train_mapscore: 0.4396 train_c: -0.9912 train_max_dist: 26.9737 train_imax: 28.3909 train_imin: -15.1855 time: 2.8918s
INFO:root:Epoch: 1535 lr: 0.01 train_loss: 93358.2344 train_distortion: 1.6969 train_mapscore: 0.4457 train_c: -0.9912 train_max_dist: 27.0369 train_imax: 28.6054 train_imin: -15.3074 time: 2.8800s
INFO:root:Epoch: 1540 lr: 0.01 train_loss: 92979.1719 train_distortion: 1.7160 train_mapscore: 0.4516 train_c: -0.9911 train_max_dist: 27.0979 train_imax: 28.8272 train_imin: -15.4184 time: 2.9137s
INFO:root:Epoch: 1545 lr: 0.01 train_loss: 92842.2266 train_distortion: 1.7191 train_mapscore: 0.4434 train_c: -0.9911 train_max_dist: 27.1117 train_imax: 28.8750 train_imin: -15.5074 time: 2.8965s
INFO:root:Epoch: 1550 lr: 0.01 train_loss: 92487.5156 train_distortion: 1.7285 train_mapscore: 0.4530 train_c: -0.9911 train_max_dist: 32.0000 train_imax: 28.9860 train_imin: -15.5964 time: 2.8841s
INFO:root:Epoch: 1555 lr: 0.01 train_loss: 92566.9609 train_distortion: 1.8472 train_mapscore: 0.4502 train_c: -0.9910 train_max_dist: 27.5745 train_imax: 30.1240 train_imin: -16.3906 time: 2.9104s
INFO:root:Epoch: 1560 lr: 0.01 train_loss: 92510.5078 train_distortion: 1.9008 train_mapscore: 0.4487 train_c: -0.9910 train_max_dist: 27.7812 train_imax: 30.6509 train_imin: -16.6762 time: 2.9041s
INFO:root:Epoch: 1565 lr: 0.01 train_loss: 93246.7500 train_distortion: 1.7415 train_mapscore: 0.4078 train_c: -0.9910 train_max_dist: 27.4202 train_imax: 29.1813 train_imin: -15.3801 time: 2.9205s
INFO:root:Epoch: 1570 lr: 0.01 train_loss: 93915.2969 train_distortion: 1.6250 train_mapscore: 0.3962 train_c: -0.9911 train_max_dist: 27.1026 train_imax: 28.1093 train_imin: -14.5030 time: 2.9087s
INFO:root:Epoch: 1575 lr: 0.01 train_loss: 93752.2031 train_distortion: 1.6246 train_mapscore: 0.3984 train_c: -0.9910 train_max_dist: 27.0955 train_imax: 28.1785 train_imin: -14.3779 time: 2.9127s
INFO:root:Epoch: 1580 lr: 0.01 train_loss: 93462.8125 train_distortion: 1.6929 train_mapscore: 0.4060 train_c: -0.9910 train_max_dist: 27.2827 train_imax: 28.9267 train_imin: -14.6634 time: 2.8945s
INFO:root:Epoch: 1585 lr: 0.01 train_loss: 93358.0156 train_distortion: 1.8565 train_mapscore: 0.4111 train_c: -0.9909 train_max_dist: 27.8479 train_imax: 30.5976 train_imin: -16.2513 time: 2.9068s
INFO:root:Epoch: 1590 lr: 0.01 train_loss: 93079.8672 train_distortion: 1.9305 train_mapscore: 0.4220 train_c: -0.9908 train_max_dist: 28.1112 train_imax: 31.3415 train_imin: -17.3920 time: 2.9258s
INFO:root:Epoch: 1595 lr: 0.01 train_loss: 92232.0938 train_distortion: 1.9133 train_mapscore: 0.4326 train_c: -0.9907 train_max_dist: 28.0648 train_imax: 31.1585 train_imin: -17.6213 time: 2.8719s
INFO:root:Epoch: 1600 lr: 0.01 train_loss: 91891.8906 train_distortion: 1.8370 train_mapscore: 0.4242 train_c: -0.9907 train_max_dist: 27.8174 train_imax: 30.4242 train_imin: -17.1410 time: 2.8943s
INFO:root:Epoch: 1605 lr: 0.01 train_loss: 92583.8828 train_distortion: 1.7474 train_mapscore: 0.4053 train_c: -0.9908 train_max_dist: 27.5133 train_imax: 29.5235 train_imin: -16.3833 time: 2.8867s
INFO:root:Epoch: 1610 lr: 0.01 train_loss: 92387.7812 train_distortion: 1.7187 train_mapscore: 0.4054 train_c: -0.9907 train_max_dist: 27.3936 train_imax: 29.2080 train_imin: -16.6575 time: 2.8819s
INFO:root:Epoch: 1615 lr: 0.01 train_loss: 91909.4531 train_distortion: 1.7070 train_mapscore: 0.4137 train_c: -0.9907 train_max_dist: 27.3555 train_imax: 29.0905 train_imin: -16.7519 time: 2.8512s
INFO:root:Epoch: 1620 lr: 0.01 train_loss: 91297.0156 train_distortion: 1.7293 train_mapscore: 0.4245 train_c: -0.9907 train_max_dist: 27.4260 train_imax: 29.3300 train_imin: -16.8017 time: 2.8709s
INFO:root:Epoch: 1625 lr: 0.01 train_loss: 90696.5000 train_distortion: 1.7826 train_mapscore: 0.4382 train_c: -0.9907 train_max_dist: 27.5927 train_imax: 29.8702 train_imin: -16.9136 time: 2.8711s
INFO:root:Epoch: 1630 lr: 0.01 train_loss: 90169.2578 train_distortion: 1.8439 train_mapscore: 0.4498 train_c: -0.9906 train_max_dist: 27.7865 train_imax: 30.4704 train_imin: -17.0730 time: 2.8688s
INFO:root:Epoch: 1635 lr: 0.01 train_loss: 89620.6719 train_distortion: 1.8905 train_mapscore: 0.4625 train_c: -0.9906 train_max_dist: 27.9300 train_imax: 30.9321 train_imin: -17.1490 time: 2.9171s
INFO:root:Epoch: 1640 lr: 0.01 train_loss: 89480.2422 train_distortion: 1.9013 train_mapscore: 0.4528 train_c: -0.9905 train_max_dist: 27.9433 train_imax: 31.1152 train_imin: -17.0332 time: 2.8853s
INFO:root:Epoch: 1645 lr: 0.01 train_loss: 90241.7031 train_distortion: 1.8965 train_mapscore: 0.4441 train_c: -0.9905 train_max_dist: 28.0022 train_imax: 31.1467 train_imin: -16.8829 time: 2.8550s
INFO:root:Epoch: 1650 lr: 0.01 train_loss: 91176.6875 train_distortion: 1.8935 train_mapscore: 0.4336 train_c: -0.9905 train_max_dist: 27.9011 train_imax: 31.1895 train_imin: -16.7280 time: 2.8553s
INFO:root:Epoch: 1655 lr: 0.01 train_loss: 90755.6328 train_distortion: 1.9065 train_mapscore: 0.4396 train_c: -0.9905 train_max_dist: 27.8915 train_imax: 31.3459 train_imin: -16.5387 time: 2.8555s
INFO:root:Epoch: 1660 lr: 0.01 train_loss: 100366.8359 train_distortion: 1.3931 train_mapscore: 0.3441 train_c: -0.9909 train_max_dist: 26.1685 train_imax: 26.3568 train_imin: -12.7851 time: 2.8645s
INFO:root:Epoch: 1665 lr: 0.01 train_loss: 112506.0625 train_distortion: 0.7930 train_mapscore: 0.2833 train_c: -0.9916 train_max_dist: 23.4370 train_imax: 20.0388 train_imin: -8.5446 time: 2.9286s
INFO:root:Epoch: 1670 lr: 0.01 train_loss: 118702.0469 train_distortion: 0.6120 train_mapscore: 0.2585 train_c: -0.9919 train_max_dist: 22.3169 train_imax: 17.8719 train_imin: -7.1861 time: 2.9467s
INFO:root:Epoch: 1675 lr: 0.01 train_loss: 120166.8984 train_distortion: 0.6192 train_mapscore: 0.2467 train_c: -0.9920 train_max_dist: 22.3681 train_imax: 18.0163 train_imin: -7.1566 time: 2.9164s
INFO:root:Epoch: 1680 lr: 0.01 train_loss: 119491.1016 train_distortion: 0.7140 train_mapscore: 0.2409 train_c: -0.9921 train_max_dist: 22.9624 train_imax: 19.2506 train_imin: -7.6979 time: 2.9288s
INFO:root:Epoch: 1685 lr: 0.01 train_loss: 118262.5156 train_distortion: 0.8327 train_mapscore: 0.2390 train_c: -0.9920 train_max_dist: 23.6816 train_imax: 20.6807 train_imin: -8.4045 time: 2.9357s
INFO:root:Epoch: 1690 lr: 0.01 train_loss: 116861.2031 train_distortion: 0.9233 train_mapscore: 0.2433 train_c: -0.9920 train_max_dist: 24.2010 train_imax: 21.7054 train_imin: -8.9608 time: 2.9313s
INFO:root:Epoch: 1695 lr: 0.01 train_loss: 115035.3281 train_distortion: 0.9653 train_mapscore: 0.2533 train_c: -0.9920 train_max_dist: 24.4365 train_imax: 22.1444 train_imin: -9.2692 time: 2.9508s
INFO:root:Epoch: 1700 lr: 0.01 train_loss: 113102.4219 train_distortion: 0.9819 train_mapscore: 0.2608 train_c: -0.9919 train_max_dist: 24.5139 train_imax: 22.2984 train_imin: -9.4314 time: 2.9548s
INFO:root:Epoch: 1705 lr: 0.01 train_loss: 111393.0938 train_distortion: 0.9881 train_mapscore: 0.2682 train_c: -0.9919 train_max_dist: 24.5342 train_imax: 22.3296 train_imin: -9.4929 time: 2.8917s
INFO:root:Epoch: 1710 lr: 0.01 train_loss: 109849.8906 train_distortion: 1.0090 train_mapscore: 0.2765 train_c: -0.9918 train_max_dist: 24.6118 train_imax: 22.5260 train_imin: -9.5994 time: 2.8914s
INFO:root:Epoch: 1715 lr: 0.01 train_loss: 108506.5859 train_distortion: 1.0482 train_mapscore: 0.2852 train_c: -0.9917 train_max_dist: 24.7526 train_imax: 22.9301 train_imin: -9.7928 time: 2.8905s
INFO:root:Epoch: 1720 lr: 0.01 train_loss: 107302.4062 train_distortion: 1.1153 train_mapscore: 0.2921 train_c: -0.9916 train_max_dist: 24.9871 train_imax: 23.6659 train_imin: -10.0691 time: 2.8807s
INFO:root:Epoch: 1725 lr: 0.01 train_loss: 106196.6406 train_distortion: 1.1620 train_mapscore: 0.2998 train_c: -0.9915 train_max_dist: 25.1461 train_imax: 24.1616 train_imin: -10.2483 time: 2.9157s
INFO:root:Epoch: 1730 lr: 0.01 train_loss: 105090.0078 train_distortion: 1.1415 train_mapscore: 0.3056 train_c: -0.9915 train_max_dist: 25.0931 train_imax: 23.9281 train_imin: -10.0752 time: 2.9085s
INFO:root:Epoch: 1735 lr: 0.01 train_loss: 104334.0469 train_distortion: 1.1447 train_mapscore: 0.3106 train_c: -0.9915 train_max_dist: 25.1217 train_imax: 23.9548 train_imin: -9.9526 time: 2.8998s
INFO:root:Epoch: 1740 lr: 0.01 train_loss: 103526.1719 train_distortion: 1.1767 train_mapscore: 0.3174 train_c: -0.9915 train_max_dist: 25.2373 train_imax: 24.2917 train_imin: -10.0323 time: 2.8658s
INFO:root:Epoch: 1745 lr: 0.01 train_loss: 102724.3281 train_distortion: 1.2233 train_mapscore: 0.3273 train_c: -0.9914 train_max_dist: 25.3703 train_imax: 24.7948 train_imin: -10.2019 time: 2.8841s
INFO:root:Epoch: 1750 lr: 0.01 train_loss: 101960.3281 train_distortion: 1.2709 train_mapscore: 0.3355 train_c: -0.9913 train_max_dist: 25.5140 train_imax: 25.3145 train_imin: -10.3796 time: 2.8671s
INFO:root:Epoch: 1755 lr: 0.01 train_loss: 101159.5469 train_distortion: 1.3112 train_mapscore: 0.3436 train_c: -0.9912 train_max_dist: 25.6576 train_imax: 25.7532 train_imin: -10.5384 time: 2.8677s
INFO:root:Epoch: 1760 lr: 0.01 train_loss: 100365.6875 train_distortion: 1.3334 train_mapscore: 0.3520 train_c: -0.9912 train_max_dist: 25.7464 train_imax: 25.9817 train_imin: -10.6094 time: 2.8991s
INFO:root:Epoch: 1765 lr: 0.01 train_loss: 99718.4297 train_distortion: 1.3516 train_mapscore: 0.3578 train_c: -0.9911 train_max_dist: 25.8083 train_imax: 26.1783 train_imin: -10.6974 time: 2.8959s
INFO:root:Epoch: 1770 lr: 0.01 train_loss: 99013.2500 train_distortion: 1.3707 train_mapscore: 0.3668 train_c: -0.9911 train_max_dist: 25.8978 train_imax: 26.3984 train_imin: -10.8292 time: 2.8882s
INFO:root:Epoch: 1775 lr: 0.01 train_loss: 98343.7344 train_distortion: 1.3911 train_mapscore: 0.3745 train_c: -0.9910 train_max_dist: 25.9949 train_imax: 26.6274 train_imin: -10.9812 time: 2.8709s
INFO:root:Epoch: 1780 lr: 0.01 train_loss: 97746.3281 train_distortion: 1.4124 train_mapscore: 0.3795 train_c: -0.9910 train_max_dist: 26.0879 train_imax: 26.8717 train_imin: -11.0960 time: 2.8700s
INFO:root:Epoch: 1785 lr: 0.01 train_loss: 97176.8281 train_distortion: 1.4399 train_mapscore: 0.3876 train_c: -0.9909 train_max_dist: 26.2059 train_imax: 27.1675 train_imin: -11.2461 time: 2.8848s
INFO:root:Epoch: 1790 lr: 0.01 train_loss: 96616.5000 train_distortion: 1.4712 train_mapscore: 0.3944 train_c: -0.9909 train_max_dist: 26.3308 train_imax: 27.5032 train_imin: -11.3796 time: 2.8949s
INFO:root:Epoch: 1795 lr: 0.01 train_loss: 96059.7969 train_distortion: 1.5020 train_mapscore: 0.4049 train_c: -0.9908 train_max_dist: 26.4455 train_imax: 27.8491 train_imin: -11.5146 time: 2.8963s
INFO:root:Epoch: 1800 lr: 0.01 train_loss: 95539.9375 train_distortion: 1.5332 train_mapscore: 0.4128 train_c: -0.9908 train_max_dist: 26.5672 train_imax: 28.1977 train_imin: -11.6635 time: 2.8789s
INFO:root:Epoch: 1805 lr: 0.01 train_loss: 94994.5625 train_distortion: 1.5600 train_mapscore: 0.4203 train_c: -0.9907 train_max_dist: 32.0000 train_imax: 28.5055 train_imin: -11.7665 time: 2.8599s
INFO:root:Epoch: 1810 lr: 0.01 train_loss: 94457.8672 train_distortion: 1.5601 train_mapscore: 0.4227 train_c: -0.9907 train_max_dist: 26.6675 train_imax: 28.5387 train_imin: -11.7432 time: 2.8763s
INFO:root:Epoch: 1815 lr: 0.01 train_loss: 93955.4531 train_distortion: 1.5716 train_mapscore: 0.4324 train_c: -0.9907 train_max_dist: 26.7099 train_imax: 28.6847 train_imin: -11.8046 time: 2.8641s
INFO:root:Epoch: 1820 lr: 0.01 train_loss: 93504.2734 train_distortion: 1.6013 train_mapscore: 0.4402 train_c: -0.9906 train_max_dist: 26.8172 train_imax: 29.0175 train_imin: -11.9359 time: 2.8839s
INFO:root:Epoch: 1825 lr: 0.01 train_loss: 93106.3750 train_distortion: 1.6337 train_mapscore: 0.4475 train_c: -0.9906 train_max_dist: 26.9348 train_imax: 29.3685 train_imin: -12.0990 time: 2.8913s
INFO:root:Epoch: 1830 lr: 0.01 train_loss: 92709.5000 train_distortion: 1.6604 train_mapscore: 0.4486 train_c: -0.9905 train_max_dist: 27.0376 train_imax: 29.6794 train_imin: -12.2225 time: 2.8554s
INFO:root:Epoch: 1835 lr: 0.01 train_loss: 92470.6797 train_distortion: 1.7087 train_mapscore: 0.4518 train_c: -0.9905 train_max_dist: 27.2098 train_imax: 30.2310 train_imin: -12.3838 time: 2.8718s
INFO:root:Epoch: 1840 lr: 0.01 train_loss: 93442.5156 train_distortion: 1.8645 train_mapscore: 0.4172 train_c: -0.9903 train_max_dist: 27.7384 train_imax: 31.8565 train_imin: -13.0653 time: 2.8790s
INFO:root:Epoch: 1845 lr: 0.01 train_loss: 93685.2656 train_distortion: 1.8937 train_mapscore: 0.4087 train_c: -0.9902 train_max_dist: 27.8386 train_imax: 32.1738 train_imin: -13.2038 time: 2.8606s
INFO:root:Epoch: 1850 lr: 0.01 train_loss: 93068.4453 train_distortion: 1.8406 train_mapscore: 0.4140 train_c: -0.9902 train_max_dist: 27.6579 train_imax: 31.6585 train_imin: -13.0379 time: 2.8820s
INFO:root:Epoch: 1855 lr: 0.01 train_loss: 92356.7109 train_distortion: 1.7749 train_mapscore: 0.4188 train_c: -0.9902 train_max_dist: 27.4398 train_imax: 31.0250 train_imin: -12.8151 time: 2.8792s
INFO:root:Epoch: 1860 lr: 0.01 train_loss: 91648.0625 train_distortion: 1.7370 train_mapscore: 0.4298 train_c: -0.9901 train_max_dist: 27.3028 train_imax: 30.6761 train_imin: -12.6498 time: 2.8787s
INFO:root:Epoch: 1865 lr: 0.01 train_loss: 91114.6562 train_distortion: 1.7040 train_mapscore: 0.4349 train_c: -0.9901 train_max_dist: 27.1683 train_imax: 30.3859 train_imin: -12.5024 time: 2.8661s
INFO:root:Epoch: 1870 lr: 0.01 train_loss: 91684.1953 train_distortion: 1.6101 train_mapscore: 0.4175 train_c: -0.9903 train_max_dist: 26.7981 train_imax: 29.4732 train_imin: -12.1099 time: 2.8426s
INFO:root:Epoch: 1875 lr: 0.01 train_loss: 91875.5625 train_distortion: 1.6147 train_mapscore: 0.4194 train_c: -0.9903 train_max_dist: 26.7823 train_imax: 29.5230 train_imin: -12.1248 time: 2.8599s
INFO:root:Epoch: 1880 lr: 0.01 train_loss: 91766.7500 train_distortion: 1.6681 train_mapscore: 0.4266 train_c: -0.9903 train_max_dist: 26.9520 train_imax: 30.0519 train_imin: -12.3436 time: 2.8810s
INFO:root:Epoch: 1885 lr: 0.01 train_loss: 91416.4688 train_distortion: 1.7299 train_mapscore: 0.4336 train_c: -0.9902 train_max_dist: 27.1680 train_imax: 30.6392 train_imin: -12.5792 time: 2.8964s
INFO:root:Epoch: 1890 lr: 0.01 train_loss: 90952.0938 train_distortion: 1.7714 train_mapscore: 0.4442 train_c: -0.9902 train_max_dist: 27.3083 train_imax: 31.0105 train_imin: -12.6367 time: 2.9009s
INFO:root:Epoch: 1895 lr: 0.01 train_loss: 90380.0781 train_distortion: 1.7912 train_mapscore: 0.4562 train_c: -0.9902 train_max_dist: 27.3783 train_imax: 31.1664 train_imin: -12.5516 time: 2.8666s
INFO:root:Epoch: 1900 lr: 0.01 train_loss: 89855.2969 train_distortion: 1.8137 train_mapscore: 0.4652 train_c: -0.9901 train_max_dist: 27.4156 train_imax: 31.3479 train_imin: -12.4916 time: 2.8430s
INFO:root:Epoch: 1905 lr: 0.01 train_loss: 89343.0000 train_distortion: 1.8219 train_mapscore: 0.4717 train_c: -0.9901 train_max_dist: 27.4099 train_imax: 31.3810 train_imin: -12.4139 time: 2.8433s
INFO:root:Epoch: 1910 lr: 0.01 train_loss: 88853.3750 train_distortion: 1.8373 train_mapscore: 0.4788 train_c: -0.9901 train_max_dist: 27.4438 train_imax: 31.5137 train_imin: -12.4044 time: 2.8452s
INFO:root:Epoch: 1915 lr: 0.01 train_loss: 88428.6250 train_distortion: 1.8664 train_mapscore: 0.4897 train_c: -0.9900 train_max_dist: 27.5475 train_imax: 31.8120 train_imin: -12.4893 time: 2.8712s
INFO:root:Epoch: 1920 lr: 0.01 train_loss: 88119.0312 train_distortion: 1.8932 train_mapscore: 0.4929 train_c: -0.9900 train_max_dist: 27.6522 train_imax: 32.1097 train_imin: -12.5710 time: 2.8922s
INFO:root:Epoch: 1925 lr: 0.01 train_loss: 87853.1406 train_distortion: 1.9430 train_mapscore: 0.4953 train_c: -0.9899 train_max_dist: 27.8222 train_imax: 32.6269 train_imin: -12.7409 time: 2.8400s
INFO:root:Epoch: 1930 lr: 0.01 train_loss: 87638.7031 train_distortion: 1.9661 train_mapscore: 0.4973 train_c: -0.9899 train_max_dist: 27.9052 train_imax: 32.8571 train_imin: -12.7774 time: 2.8401s
INFO:root:Epoch: 1935 lr: 0.01 train_loss: 87286.1484 train_distortion: 1.9805 train_mapscore: 0.5041 train_c: -0.9898 train_max_dist: 27.9532 train_imax: 33.0042 train_imin: -12.7801 time: 2.8411s
INFO:root:Epoch: 1940 lr: 0.01 train_loss: 86961.0000 train_distortion: 1.9944 train_mapscore: 0.5079 train_c: -0.9898 train_max_dist: 28.0145 train_imax: 33.1472 train_imin: -12.8143 time: 2.8437s
INFO:root:Epoch: 1945 lr: 0.01 train_loss: 86599.3438 train_distortion: 2.0159 train_mapscore: 0.5170 train_c: -0.9898 train_max_dist: 28.0891 train_imax: 33.3781 train_imin: -12.9002 time: 2.8722s
INFO:root:Epoch: 1950 lr: 0.01 train_loss: 86214.3828 train_distortion: 2.0184 train_mapscore: 0.5206 train_c: -0.9898 train_max_dist: 28.1201 train_imax: 33.4310 train_imin: -12.8656 time: 2.8773s
INFO:root:Epoch: 1955 lr: 0.01 train_loss: 85858.4531 train_distortion: 2.0310 train_mapscore: 0.5298 train_c: -0.9897 train_max_dist: 28.1662 train_imax: 33.5860 train_imin: -12.9105 time: 2.8380s
INFO:root:Epoch: 1960 lr: 0.01 train_loss: 85536.4688 train_distortion: 2.0538 train_mapscore: 0.5336 train_c: -0.9897 train_max_dist: 28.2450 train_imax: 33.8473 train_imin: -12.9560 time: 2.8363s
INFO:root:Epoch: 1965 lr: 0.01 train_loss: 85754.1562 train_distortion: 2.0555 train_mapscore: 0.5137 train_c: -0.9897 train_max_dist: 28.2611 train_imax: 33.9535 train_imin: -12.8824 time: 2.8582s
INFO:root:Epoch: 1970 lr: 0.01 train_loss: 85779.6406 train_distortion: 2.0717 train_mapscore: 0.5092 train_c: -0.9897 train_max_dist: 28.3177 train_imax: 34.1961 train_imin: -13.2653 time: 2.8433s
INFO:root:Epoch: 1975 lr: 0.01 train_loss: 85457.0547 train_distortion: 2.0963 train_mapscore: 0.5172 train_c: -0.9896 train_max_dist: 28.3929 train_imax: 34.4868 train_imin: -14.4762 time: 2.8749s
INFO:root:Epoch: 1980 lr: 0.01 train_loss: 85084.4531 train_distortion: 2.1207 train_mapscore: 0.5263 train_c: -0.9896 train_max_dist: 28.4680 train_imax: 34.7559 train_imin: -14.6973 time: 2.8753s
INFO:root:Epoch: 1985 lr: 0.01 train_loss: 84766.0234 train_distortion: 2.1396 train_mapscore: 0.5337 train_c: -0.9896 train_max_dist: 28.5407 train_imax: 34.9656 train_imin: -14.4879 time: 2.8732s
INFO:root:Epoch: 1990 lr: 0.01 train_loss: 84571.8906 train_distortion: 2.1548 train_mapscore: 0.5330 train_c: -0.9896 train_max_dist: 28.6068 train_imax: 35.1421 train_imin: -14.1607 time: 2.8381s
INFO:root:Epoch: 1995 lr: 0.01 train_loss: 84302.6250 train_distortion: 2.1652 train_mapscore: 0.5385 train_c: -0.9895 train_max_dist: 28.6454 train_imax: 35.2675 train_imin: -13.9219 time: 2.8445s
INFO:root:Epoch: 2000 lr: 0.0025 train_loss: 84025.8516 train_distortion: 2.1627 train_mapscore: 0.5415 train_c: -0.9895 train_max_dist: 28.6578 train_imax: 35.2675 train_imin: -13.6404 time: 2.8402s
INFO:root:Optimization Finished!
INFO:root:Total time elapsed: 5859.0590s
INFO:root:Val set results: val_distortion: 1.0000 val_mapscore: -1.0000 val_c: -1.0000 val_max_dist: 0.0000
INFO:root:Test set results: test_loss: 83980.0938 test_distortion: 2.1607 test_mapscore: 0.5426 test_c: -0.9895 test_max_dist: 28.6578 test_imax: 35.2557 test_imin: -13.5842
INFO:root:Saved model in /workspace/xiongbo/hgcn/logs/md/2021_5_28/4
