INFO:root:Using: cuda:0
INFO:root:Using seed 1234.
INFO:root:MDModel(
  (encoder): HGCN(
    (layers): Sequential(
      (0): HyperbolicGraphConvolution(
        (linear): HypLinear(
          in_features=4159, out_features=10, c=Parameter containing:
          tensor([-1.], requires_grad=True)
        )
        (agg): HypAgg(
          c=Parameter containing:
          tensor([-1.], requires_grad=True)
        )
        (hyp_act): HypAct(
          c_in=Parameter containing:
          tensor([-1.], requires_grad=True), c_out=Parameter containing:
          tensor([-1.], requires_grad=True)
        )
      )
    )
  )
  (decoder): MDDecoder()
)
INFO:root:Total number of parameters: 41602
/workspace/anaconda3/envs/geo/lib/python3.7/site-packages/torch/optim/lr_scheduler.py:370: UserWarning: To get the last learning rate computed by the scheduler, please use `get_last_lr()`.
  "please use `get_last_lr()`.", UserWarning)
INFO:root:Epoch: 0005 lr: 0.01 train_loss: 209251.1562 train_distortion: 0.7526 train_mapscore: 0.0815 train_c: -1.0004 train_max_dist: 2.2828 train_imax: -0.0000 train_imin: -1.8867 time: 3.1806s
INFO:root:Epoch: 0010 lr: 0.01 train_loss: 200878.6250 train_distortion: 0.6687 train_mapscore: 0.1808 train_c: -1.0009 train_max_dist: 3.2054 train_imax: -0.0000 train_imin: -2.3866 time: 2.9125s
INFO:root:Epoch: 0015 lr: 0.01 train_loss: 194763.1875 train_distortion: 0.6048 train_mapscore: 0.2400 train_c: -1.0014 train_max_dist: 3.9715 train_imax: -0.0000 train_imin: -2.5424 time: 2.8353s
INFO:root:Epoch: 0020 lr: 0.01 train_loss: 188348.3125 train_distortion: 0.5376 train_mapscore: 0.2892 train_c: -1.0019 train_max_dist: 4.8434 train_imax: -0.0000 train_imin: -2.9013 time: 2.7652s
INFO:root:Epoch: 0025 lr: 0.01 train_loss: 180949.9375 train_distortion: 0.4620 train_mapscore: 0.3436 train_c: -1.0025 train_max_dist: 5.6082 train_imax: -0.0000 train_imin: -3.3716 time: 2.6699s
INFO:root:Epoch: 0030 lr: 0.01 train_loss: 171938.1094 train_distortion: 0.3766 train_mapscore: 0.4106 train_c: -1.0031 train_max_dist: 6.7907 train_imax: 0.0815 train_imin: -4.3014 time: 2.6298s
INFO:root:Epoch: 0035 lr: 0.01 train_loss: 160698.1250 train_distortion: 0.2860 train_mapscore: 0.4665 train_c: -1.0037 train_max_dist: 8.3336 train_imax: 0.5022 train_imin: -5.6342 time: 2.6298s
INFO:root:Epoch: 0040 lr: 0.01 train_loss: 146887.2500 train_distortion: 0.2043 train_mapscore: 0.5249 train_c: -1.0044 train_max_dist: 10.2822 train_imax: 0.6022 train_imin: -7.4642 time: 2.5927s
INFO:root:Epoch: 0045 lr: 0.01 train_loss: 130477.4375 train_distortion: 0.1595 train_mapscore: 0.5785 train_c: -1.0050 train_max_dist: 12.2673 train_imax: 0.4252 train_imin: -9.8901 time: 2.5947s
INFO:root:Epoch: 0050 lr: 0.01 train_loss: 111807.8438 train_distortion: 0.1995 train_mapscore: 0.6255 train_c: -1.0057 train_max_dist: 14.6322 train_imax: 0.5103 train_imin: -14.4674 time: 2.5778s
INFO:root:Epoch: 0055 lr: 0.01 train_loss: 92762.9375 train_distortion: 0.3928 train_mapscore: 0.6739 train_c: -1.0064 train_max_dist: 17.3213 train_imax: 0.7796 train_imin: -20.1370 time: 2.5471s
INFO:root:Epoch: 0060 lr: 0.01 train_loss: 76263.9531 train_distortion: 0.8091 train_mapscore: 0.7148 train_c: -1.0071 train_max_dist: 20.5850 train_imax: 1.8713 train_imin: -28.5656 time: 2.5325s
INFO:root:Epoch: 0065 lr: 0.01 train_loss: 64691.5000 train_distortion: 1.4787 train_mapscore: 0.7667 train_c: -1.0077 train_max_dist: 23.5222 train_imax: 1.1842 train_imin: -38.2398 time: 2.5104s
INFO:root:Epoch: 0070 lr: 0.01 train_loss: 57461.8242 train_distortion: 2.3109 train_mapscore: 0.8026 train_c: -1.0083 train_max_dist: 26.0537 train_imax: 3.7472 train_imin: -50.0879 time: 2.5105s
INFO:root:Epoch: 0075 lr: 0.01 train_loss: 54187.1016 train_distortion: 3.1325 train_mapscore: 0.8323 train_c: -1.0087 train_max_dist: 27.9761 train_imax: 5.8769 train_imin: -59.1914 time: 2.5429s
INFO:root:Epoch: 0080 lr: 0.01 train_loss: 51732.6719 train_distortion: 3.7592 train_mapscore: 0.8519 train_c: -1.0090 train_max_dist: 29.2510 train_imax: 2.4497 train_imin: -66.8960 time: 2.5504s
INFO:root:Epoch: 0085 lr: 0.01 train_loss: 49383.8594 train_distortion: 4.0958 train_mapscore: 0.8710 train_c: -1.0092 train_max_dist: 30.1079 train_imax: 1.6352 train_imin: -71.1319 time: 2.5387s
INFO:root:Epoch: 0090 lr: 0.01 train_loss: 57699.3750 train_distortion: 4.4333 train_mapscore: 0.8253 train_c: -1.0093 train_max_dist: 30.7197 train_imax: 18.3537 train_imin: -80.0641 time: 2.5140s
INFO:root:Epoch: 0095 lr: 0.01 train_loss: 107577.2031 train_distortion: 4.5538 train_mapscore: 0.4404 train_c: -1.0094 train_max_dist: 30.5488 train_imax: 21.9871 train_imin: -75.7949 time: 2.5494s
INFO:root:Epoch: 0100 lr: 0.01 train_loss: 123978.5000 train_distortion: 3.8733 train_mapscore: 0.3165 train_c: -1.0092 train_max_dist: 28.9805 train_imax: 21.2513 train_imin: -62.4624 time: 2.6023s
INFO:root:Epoch: 0105 lr: 0.01 train_loss: 125255.3359 train_distortion: 3.0202 train_mapscore: 0.2827 train_c: -1.0090 train_max_dist: 27.0991 train_imax: 17.0114 train_imin: -53.0680 time: 2.6564s
INFO:root:Epoch: 0110 lr: 0.01 train_loss: 122001.5859 train_distortion: 2.2686 train_mapscore: 0.2752 train_c: -1.0087 train_max_dist: 25.2566 train_imax: 13.0581 train_imin: -45.1718 time: 2.6867s
INFO:root:Epoch: 0115 lr: 0.01 train_loss: 118660.6094 train_distortion: 1.7252 train_mapscore: 0.2794 train_c: -1.0086 train_max_dist: 23.7620 train_imax: 10.4607 train_imin: -39.4423 time: 2.6814s
INFO:root:Epoch: 0120 lr: 0.01 train_loss: 116350.0547 train_distortion: 1.3959 train_mapscore: 0.2877 train_c: -1.0086 train_max_dist: 22.7240 train_imax: 9.1690 train_imin: -35.6824 time: 2.6541s
INFO:root:Epoch: 0125 lr: 0.01 train_loss: 114368.4844 train_distortion: 1.2389 train_mapscore: 0.2978 train_c: -1.0087 train_max_dist: 24.0000 train_imax: 8.6999 train_imin: -33.7586 time: 2.6941s
INFO:root:Epoch: 0130 lr: 0.01 train_loss: 112370.7500 train_distortion: 1.2054 train_mapscore: 0.3061 train_c: -1.0089 train_max_dist: 22.0255 train_imax: 8.6841 train_imin: -33.2690 time: 2.6996s
INFO:root:Epoch: 0135 lr: 0.01 train_loss: 110222.6172 train_distortion: 1.2505 train_mapscore: 0.3194 train_c: -1.0092 train_max_dist: 22.1863 train_imax: 8.9832 train_imin: -33.7089 time: 2.6733s
INFO:root:Epoch: 0140 lr: 0.01 train_loss: 107999.7344 train_distortion: 1.3377 train_mapscore: 0.3324 train_c: -1.0096 train_max_dist: 22.4904 train_imax: 9.5174 train_imin: -34.6158 time: 2.6918s
INFO:root:Epoch: 0145 lr: 0.01 train_loss: 105886.6250 train_distortion: 1.4452 train_mapscore: 0.3479 train_c: -1.0099 train_max_dist: 22.8557 train_imax: 10.1127 train_imin: -35.7297 time: 2.7050s
INFO:root:Epoch: 0150 lr: 0.01 train_loss: 103947.3125 train_distortion: 1.5557 train_mapscore: 0.3647 train_c: -1.0103 train_max_dist: 23.2310 train_imax: 10.5547 train_imin: -36.7014 time: 2.6645s
INFO:root:Epoch: 0155 lr: 0.01 train_loss: 102134.6875 train_distortion: 1.6586 train_mapscore: 0.3805 train_c: -1.0106 train_max_dist: 23.5879 train_imax: 10.9887 train_imin: -37.5672 time: 2.6518s
INFO:root:Epoch: 0160 lr: 0.01 train_loss: 100439.5703 train_distortion: 1.7510 train_mapscore: 0.3985 train_c: -1.0109 train_max_dist: 23.8916 train_imax: 11.3950 train_imin: -38.3599 time: 2.6387s
INFO:root:Epoch: 0165 lr: 0.01 train_loss: 98864.1875 train_distortion: 1.8360 train_mapscore: 0.4137 train_c: -1.0112 train_max_dist: 24.1738 train_imax: 11.7630 train_imin: -39.1810 time: 2.6251s
INFO:root:Epoch: 0170 lr: 0.01 train_loss: 97423.2500 train_distortion: 1.9162 train_mapscore: 0.4265 train_c: -1.0114 train_max_dist: 24.4617 train_imax: 12.0354 train_imin: -39.9984 time: 2.6782s
INFO:root:Epoch: 0175 lr: 0.01 train_loss: 96087.0156 train_distortion: 1.9893 train_mapscore: 0.4409 train_c: -1.0116 train_max_dist: 24.7300 train_imax: 12.4421 train_imin: -40.7237 time: 2.6736s
INFO:root:Epoch: 0180 lr: 0.01 train_loss: 94957.1875 train_distortion: 2.0568 train_mapscore: 0.4521 train_c: -1.0119 train_max_dist: 24.9580 train_imax: 12.6943 train_imin: -41.3723 time: 2.6391s
INFO:root:Epoch: 0185 lr: 0.01 train_loss: 93736.1797 train_distortion: 2.1172 train_mapscore: 0.4646 train_c: -1.0121 train_max_dist: 25.1501 train_imax: 12.9613 train_imin: -41.8566 time: 2.6341s
INFO:root:Epoch: 0190 lr: 0.01 train_loss: 97031.9062 train_distortion: 2.0429 train_mapscore: 0.4049 train_c: -1.0123 train_max_dist: 24.9653 train_imax: 13.6406 train_imin: -40.7323 time: 2.6358s
INFO:root:Epoch: 0195 lr: 0.01 train_loss: 99121.7344 train_distortion: 1.9347 train_mapscore: 0.3773 train_c: -1.0125 train_max_dist: 24.5830 train_imax: 13.8181 train_imin: -40.3105 time: 2.6231s
INFO:root:Epoch: 0200 lr: 0.01 train_loss: 98292.3594 train_distortion: 1.8773 train_mapscore: 0.3831 train_c: -1.0127 train_max_dist: 24.3403 train_imax: 13.6101 train_imin: -40.1455 time: 2.6638s
INFO:root:Epoch: 0205 lr: 0.01 train_loss: 96577.7344 train_distortion: 1.8670 train_mapscore: 0.3983 train_c: -1.0129 train_max_dist: 24.3062 train_imax: 13.3443 train_imin: -40.0087 time: 2.6555s
INFO:root:Epoch: 0210 lr: 0.01 train_loss: 94717.0312 train_distortion: 1.8999 train_mapscore: 0.4174 train_c: -1.0131 train_max_dist: 24.4160 train_imax: 13.5114 train_imin: -39.9840 time: 2.6169s
INFO:root:Epoch: 0215 lr: 0.01 train_loss: 92961.7344 train_distortion: 1.9694 train_mapscore: 0.4354 train_c: -1.0133 train_max_dist: 24.6301 train_imax: 13.8490 train_imin: -40.4556 time: 2.6119s
INFO:root:Epoch: 0220 lr: 0.01 train_loss: 91293.5312 train_distortion: 2.0636 train_mapscore: 0.4555 train_c: -1.0136 train_max_dist: 24.9453 train_imax: 14.1816 train_imin: -41.5582 time: 2.6116s
INFO:root:Epoch: 0225 lr: 0.01 train_loss: 89757.2891 train_distortion: 2.1688 train_mapscore: 0.4727 train_c: -1.0138 train_max_dist: 25.2544 train_imax: 14.5584 train_imin: -42.9003 time: 2.6020s
INFO:root:Epoch: 0230 lr: 0.01 train_loss: 88374.3125 train_distortion: 2.2774 train_mapscore: 0.4919 train_c: -1.0140 train_max_dist: 25.5718 train_imax: 15.2243 train_imin: -44.2875 time: 2.6409s
INFO:root:Epoch: 0235 lr: 0.01 train_loss: 87118.5000 train_distortion: 2.3834 train_mapscore: 0.5089 train_c: -1.0142 train_max_dist: 25.9077 train_imax: 15.8329 train_imin: -45.6441 time: 2.6432s
INFO:root:Epoch: 0240 lr: 0.01 train_loss: 85961.0156 train_distortion: 2.4849 train_mapscore: 0.5256 train_c: -1.0143 train_max_dist: 26.2163 train_imax: 16.2550 train_imin: -46.7040 time: 2.6396s
INFO:root:Epoch: 0245 lr: 0.01 train_loss: 84916.9531 train_distortion: 2.5814 train_mapscore: 0.5379 train_c: -1.0145 train_max_dist: 26.5044 train_imax: 16.6952 train_imin: -47.9068 time: 2.6016s
INFO:root:Epoch: 0250 lr: 0.01 train_loss: 83939.6328 train_distortion: 2.6688 train_mapscore: 0.5502 train_c: -1.0146 train_max_dist: 26.7642 train_imax: 17.0434 train_imin: -48.9970 time: 2.6089s
INFO:root:Epoch: 0255 lr: 0.01 train_loss: 83041.6719 train_distortion: 2.7499 train_mapscore: 0.5610 train_c: -1.0146 train_max_dist: 26.9871 train_imax: 17.4354 train_imin: -49.9757 time: 2.6013s
INFO:root:Epoch: 0260 lr: 0.01 train_loss: 82246.7969 train_distortion: 2.8231 train_mapscore: 0.5707 train_c: -1.0147 train_max_dist: 27.1943 train_imax: 16.8843 train_imin: -50.8778 time: 2.6015s
INFO:root:Epoch: 0265 lr: 0.01 train_loss: 81460.8750 train_distortion: 2.8901 train_mapscore: 0.5810 train_c: -1.0148 train_max_dist: 27.3843 train_imax: 17.4937 train_imin: -51.6713 time: 2.6430s
INFO:root:Epoch: 0270 lr: 0.01 train_loss: 80893.8047 train_distortion: 2.9457 train_mapscore: 0.5849 train_c: -1.0148 train_max_dist: 27.5273 train_imax: 18.1936 train_imin: -52.2300 time: 2.6296s
INFO:root:Epoch: 0275 lr: 0.01 train_loss: 80186.7188 train_distortion: 3.0000 train_mapscore: 0.5928 train_c: -1.0148 train_max_dist: 27.6724 train_imax: 18.5182 train_imin: -52.8505 time: 2.5991s
INFO:root:Epoch: 0280 lr: 0.01 train_loss: 79491.7500 train_distortion: 3.0579 train_mapscore: 0.6009 train_c: -1.0149 train_max_dist: 27.8198 train_imax: 18.7448 train_imin: -53.4733 time: 2.5788s
INFO:root:Epoch: 0285 lr: 0.01 train_loss: 79168.5938 train_distortion: 3.1143 train_mapscore: 0.6026 train_c: -1.0149 train_max_dist: 27.9873 train_imax: 19.2347 train_imin: -54.1164 time: 2.5885s
INFO:root:Epoch: 0290 lr: 0.01 train_loss: 78889.2344 train_distortion: 3.1459 train_mapscore: 0.6011 train_c: -1.0149 train_max_dist: 28.1265 train_imax: 19.0493 train_imin: -54.5828 time: 2.5894s
INFO:root:Epoch: 0295 lr: 0.01 train_loss: 78138.8594 train_distortion: 3.1834 train_mapscore: 0.6126 train_c: -1.0149 train_max_dist: 28.2544 train_imax: 19.2505 train_imin: -55.1082 time: 2.6257s
INFO:root:Epoch: 0300 lr: 0.01 train_loss: 77431.2500 train_distortion: 3.2308 train_mapscore: 0.6221 train_c: -1.0148 train_max_dist: 28.3701 train_imax: 19.5569 train_imin: -55.5059 time: 2.6371s
INFO:root:Epoch: 0305 lr: 0.01 train_loss: 76887.5469 train_distortion: 3.2847 train_mapscore: 0.6254 train_c: -1.0148 train_max_dist: 28.5093 train_imax: 19.9000 train_imin: -56.2743 time: 2.5889s
INFO:root:Epoch: 0310 lr: 0.01 train_loss: 76617.6484 train_distortion: 3.3365 train_mapscore: 0.6296 train_c: -1.0148 train_max_dist: 28.6387 train_imax: 20.0865 train_imin: -56.8248 time: 2.5852s
INFO:root:Epoch: 0315 lr: 0.01 train_loss: 75979.8672 train_distortion: 3.3882 train_mapscore: 0.6369 train_c: -1.0148 train_max_dist: 28.7832 train_imax: 20.2948 train_imin: -57.1629 time: 2.5842s
INFO:root:Epoch: 0320 lr: 0.01 train_loss: 75331.3672 train_distortion: 3.4452 train_mapscore: 0.6430 train_c: -1.0147 train_max_dist: 28.9390 train_imax: 20.7185 train_imin: -57.6741 time: 2.5903s
INFO:root:Epoch: 0325 lr: 0.01 train_loss: 74735.4141 train_distortion: 3.5071 train_mapscore: 0.6506 train_c: -1.0146 train_max_dist: 29.0830 train_imax: 20.9086 train_imin: -58.3520 time: 2.6220s
INFO:root:Epoch: 0330 lr: 0.01 train_loss: 74178.0000 train_distortion: 3.5742 train_mapscore: 0.6559 train_c: -1.0146 train_max_dist: 29.2456 train_imax: 21.2526 train_imin: -58.9842 time: 2.6190s
INFO:root:Epoch: 0335 lr: 0.01 train_loss: 73633.3281 train_distortion: 3.6427 train_mapscore: 0.6595 train_c: -1.0145 train_max_dist: 29.4092 train_imax: 21.5705 train_imin: -59.8389 time: 2.5816s
INFO:root:Epoch: 0340 lr: 0.01 train_loss: 73137.3672 train_distortion: 3.7075 train_mapscore: 0.6655 train_c: -1.0144 train_max_dist: 29.5605 train_imax: 21.9585 train_imin: -60.3945 time: 2.5860s
INFO:root:Epoch: 0345 lr: 0.01 train_loss: 72688.5156 train_distortion: 3.7695 train_mapscore: 0.6703 train_c: -1.0143 train_max_dist: 29.7080 train_imax: 22.3115 train_imin: -61.0081 time: 2.5884s
INFO:root:Epoch: 0350 lr: 0.01 train_loss: 72244.9062 train_distortion: 3.8306 train_mapscore: 0.6745 train_c: -1.0142 train_max_dist: 29.8491 train_imax: 22.4836 train_imin: -61.6770 time: 2.5814s
INFO:root:Epoch: 0355 lr: 0.01 train_loss: 71823.1484 train_distortion: 3.8859 train_mapscore: 0.6791 train_c: -1.0141 train_max_dist: 29.9834 train_imax: 22.7643 train_imin: -62.2791 time: 2.6148s
INFO:root:Epoch: 0360 lr: 0.01 train_loss: 71461.9688 train_distortion: 3.9358 train_mapscore: 0.6834 train_c: -1.0139 train_max_dist: 30.1016 train_imax: 23.1972 train_imin: -62.8353 time: 2.6156s
INFO:root:Epoch: 0365 lr: 0.01 train_loss: 72046.2031 train_distortion: 3.9596 train_mapscore: 0.6721 train_c: -1.0138 train_max_dist: 30.1323 train_imax: 23.2792 train_imin: -63.2365 time: 2.6226s
INFO:root:Epoch: 0370 lr: 0.01 train_loss: 74240.0781 train_distortion: 3.9508 train_mapscore: 0.6447 train_c: -1.0137 train_max_dist: 30.1284 train_imax: 23.0587 train_imin: -62.8045 time: 2.5863s
INFO:root:Epoch: 0375 lr: 0.01 train_loss: 73054.6250 train_distortion: 3.9034 train_mapscore: 0.6508 train_c: -1.0135 train_max_dist: 30.0718 train_imax: 22.9693 train_imin: -62.6276 time: 2.5836s
INFO:root:Epoch: 0380 lr: 0.01 train_loss: 72033.9844 train_distortion: 3.8609 train_mapscore: 0.6656 train_c: -1.0133 train_max_dist: 30.0283 train_imax: 23.0152 train_imin: -62.6369 time: 2.5989s
INFO:root:Epoch: 0385 lr: 0.01 train_loss: 71102.8828 train_distortion: 3.8529 train_mapscore: 0.6800 train_c: -1.0132 train_max_dist: 30.0498 train_imax: 23.1719 train_imin: -62.7724 time: 2.5770s
INFO:root:Epoch: 0390 lr: 0.01 train_loss: 70255.7266 train_distortion: 3.8936 train_mapscore: 0.6905 train_c: -1.0131 train_max_dist: 30.1675 train_imax: 23.3793 train_imin: -63.8478 time: 2.6062s
INFO:root:Epoch: 0395 lr: 0.01 train_loss: 69569.8984 train_distortion: 3.9716 train_mapscore: 0.6985 train_c: -1.0130 train_max_dist: 30.3594 train_imax: 23.6896 train_imin: -64.9693 time: 2.6055s
INFO:root:Epoch: 0400 lr: 0.01 train_loss: 68931.1094 train_distortion: 4.0729 train_mapscore: 0.7066 train_c: -1.0129 train_max_dist: 30.5952 train_imax: 24.1574 train_imin: -66.4160 time: 2.5718s
INFO:root:Epoch: 0405 lr: 0.01 train_loss: 68385.3438 train_distortion: 4.1816 train_mapscore: 0.7134 train_c: -1.0127 train_max_dist: 30.8403 train_imax: 24.6726 train_imin: -67.8477 time: 2.5752s
INFO:root:Epoch: 0410 lr: 0.01 train_loss: 67928.1172 train_distortion: 4.2912 train_mapscore: 0.7181 train_c: -1.0126 train_max_dist: 31.0879 train_imax: 25.0697 train_imin: -69.2872 time: 2.5636s
INFO:root:Epoch: 0415 lr: 0.01 train_loss: 67524.4219 train_distortion: 4.3883 train_mapscore: 0.7227 train_c: -1.0124 train_max_dist: 31.3052 train_imax: 25.6290 train_imin: -70.6637 time: 2.5589s
INFO:root:Epoch: 0420 lr: 0.01 train_loss: 67140.4844 train_distortion: 4.4690 train_mapscore: 0.7258 train_c: -1.0122 train_max_dist: 31.4741 train_imax: 26.1045 train_imin: -71.6764 time: 2.5992s
INFO:root:Epoch: 0425 lr: 0.01 train_loss: 66770.5938 train_distortion: 4.5367 train_mapscore: 0.7294 train_c: -1.0120 train_max_dist: 31.6250 train_imax: 26.5594 train_imin: -72.5583 time: 2.5930s
INFO:root:Epoch: 0430 lr: 0.01 train_loss: 66425.7891 train_distortion: 4.5963 train_mapscore: 0.7323 train_c: -1.0118 train_max_dist: 31.7710 train_imax: 26.8934 train_imin: -73.4007 time: 2.5666s
INFO:root:Epoch: 0435 lr: 0.01 train_loss: 109147.6641 train_distortion: 4.4621 train_mapscore: 0.3803 train_c: -1.0114 train_max_dist: 31.0776 train_imax: 26.7809 train_imin: -63.9906 time: 2.6038s
INFO:root:Epoch: 0440 lr: 0.01 train_loss: 118491.7969 train_distortion: 3.3370 train_mapscore: 0.3058 train_c: -1.0108 train_max_dist: 28.7256 train_imax: 20.0031 train_imin: -49.4349 time: 2.6235s
INFO:root:Epoch: 0445 lr: 0.01 train_loss: 126466.9531 train_distortion: 2.0066 train_mapscore: 0.2449 train_c: -1.0103 train_max_dist: 25.7944 train_imax: 14.1522 train_imin: -34.1537 time: 2.6823s
INFO:root:Epoch: 0450 lr: 0.01 train_loss: 162962.7344 train_distortion: 0.8463 train_mapscore: 0.1088 train_c: -1.0095 train_max_dist: 21.5757 train_imax: 9.7310 train_imin: -28.6134 time: 2.9643s
INFO:root:Epoch: 0455 lr: 0.01 train_loss: 174788.3594 train_distortion: 0.4452 train_mapscore: 0.0748 train_c: -1.0091 train_max_dist: 18.4756 train_imax: 7.1489 train_imin: -23.4401 time: 3.1520s
INFO:root:Epoch: 0460 lr: 0.01 train_loss: 179272.3594 train_distortion: 0.3077 train_mapscore: 0.0622 train_c: -1.0088 train_max_dist: 16.5645 train_imax: 5.8995 train_imin: -20.1011 time: 3.2273s
INFO:root:Epoch: 0465 lr: 0.01 train_loss: 181386.9062 train_distortion: 0.2562 train_mapscore: 0.0583 train_c: -1.0087 train_max_dist: 15.4086 train_imax: 4.9739 train_imin: -18.1018 time: 3.2961s
INFO:root:Epoch: 0470 lr: 0.01 train_loss: 182101.7656 train_distortion: 0.2347 train_mapscore: 0.0568 train_c: -1.0087 train_max_dist: 14.6909 train_imax: 4.5010 train_imin: -16.8806 time: 3.4802s
INFO:root:Epoch: 0475 lr: 0.01 train_loss: 182356.8125 train_distortion: 0.2250 train_mapscore: 0.0566 train_c: -1.0087 train_max_dist: 14.2436 train_imax: 4.2083 train_imin: -16.1218 time: 3.3263s
INFO:root:Epoch: 0480 lr: 0.01 train_loss: 182229.2344 train_distortion: 0.2196 train_mapscore: 0.0579 train_c: -1.0088 train_max_dist: 13.9401 train_imax: 4.0094 train_imin: -15.5772 time: 3.3905s
INFO:root:Epoch: 0485 lr: 0.01 train_loss: 181987.6875 train_distortion: 0.2156 train_mapscore: 0.0593 train_c: -1.0089 train_max_dist: 13.6831 train_imax: 3.8487 train_imin: -15.0591 time: 3.3888s
INFO:root:Epoch: 0490 lr: 0.01 train_loss: 181631.9688 train_distortion: 0.2136 train_mapscore: 0.0597 train_c: -1.0090 train_max_dist: 13.5313 train_imax: 3.7444 train_imin: -14.7530 time: 3.3693s
INFO:root:Epoch: 0495 lr: 0.01 train_loss: 181190.3125 train_distortion: 0.2123 train_mapscore: 0.0617 train_c: -1.0092 train_max_dist: 13.4459 train_imax: 3.6810 train_imin: -14.5794 time: 3.3397s
INFO:root:Epoch: 0500 lr: 0.01 train_loss: 180775.2188 train_distortion: 0.2116 train_mapscore: 0.0623 train_c: -1.0093 train_max_dist: 13.4076 train_imax: 3.6387 train_imin: -14.4950 time: 3.3336s
INFO:root:Epoch: 0505 lr: 0.01 train_loss: 180266.0625 train_distortion: 0.2110 train_mapscore: 0.0632 train_c: -1.0095 train_max_dist: 13.3962 train_imax: 3.6252 train_imin: -14.4678 time: 3.3111s
INFO:root:Epoch: 0510 lr: 0.01 train_loss: 179769.4375 train_distortion: 0.2107 train_mapscore: 0.0642 train_c: -1.0097 train_max_dist: 13.4077 train_imax: 3.6196 train_imin: -14.4832 time: 3.3007s
INFO:root:Epoch: 0515 lr: 0.01 train_loss: 179239.1719 train_distortion: 0.2106 train_mapscore: 0.0659 train_c: -1.0098 train_max_dist: 13.4354 train_imax: 3.6270 train_imin: -14.5281 time: 3.3296s
INFO:root:Epoch: 0520 lr: 0.01 train_loss: 178779.9375 train_distortion: 0.2106 train_mapscore: 0.0664 train_c: -1.0100 train_max_dist: 13.4775 train_imax: 3.6344 train_imin: -14.5949 time: 3.3245s
INFO:root:Epoch: 0525 lr: 0.01 train_loss: 178292.8125 train_distortion: 0.2107 train_mapscore: 0.0685 train_c: -1.0102 train_max_dist: 13.5276 train_imax: 3.6434 train_imin: -14.6742 time: 3.2980s
INFO:root:Epoch: 0530 lr: 0.01 train_loss: 177794.5000 train_distortion: 0.2109 train_mapscore: 0.0696 train_c: -1.0104 train_max_dist: 13.5797 train_imax: 3.6579 train_imin: -14.7618 time: 3.2921s
INFO:root:Epoch: 0535 lr: 0.01 train_loss: 177291.6875 train_distortion: 0.2113 train_mapscore: 0.0703 train_c: -1.0106 train_max_dist: 13.6342 train_imax: 3.6755 train_imin: -14.8596 time: 3.2742s
INFO:root:Epoch: 0540 lr: 0.01 train_loss: 176790.5469 train_distortion: 0.2117 train_mapscore: 0.0719 train_c: -1.0108 train_max_dist: 13.6925 train_imax: 3.6999 train_imin: -14.9652 time: 3.2728s
INFO:root:Epoch: 0545 lr: 0.01 train_loss: 176292.8125 train_distortion: 0.2123 train_mapscore: 0.0726 train_c: -1.0109 train_max_dist: 13.7532 train_imax: 3.7238 train_imin: -15.0779 time: 3.2768s
INFO:root:Epoch: 0550 lr: 0.01 train_loss: 175801.9375 train_distortion: 0.2130 train_mapscore: 0.0738 train_c: -1.0111 train_max_dist: 13.8156 train_imax: 3.7523 train_imin: -15.1947 time: 3.2849s
INFO:root:Epoch: 0555 lr: 0.01 train_loss: 175302.0625 train_distortion: 0.2139 train_mapscore: 0.0751 train_c: -1.0113 train_max_dist: 13.8807 train_imax: 3.7786 train_imin: -15.3161 time: 3.2624s
INFO:root:Epoch: 0560 lr: 0.01 train_loss: 174826.8125 train_distortion: 0.2148 train_mapscore: 0.0769 train_c: -1.0115 train_max_dist: 13.9460 train_imax: 3.8143 train_imin: -15.4389 time: 3.2408s
INFO:root:Epoch: 0565 lr: 0.01 train_loss: 174340.6250 train_distortion: 0.2159 train_mapscore: 0.0775 train_c: -1.0118 train_max_dist: 14.0148 train_imax: 3.8440 train_imin: -15.5602 time: 3.2306s
INFO:root:Epoch: 0570 lr: 0.01 train_loss: 173845.6562 train_distortion: 0.2171 train_mapscore: 0.0786 train_c: -1.0120 train_max_dist: 14.0843 train_imax: 3.8726 train_imin: -15.6835 time: 3.2086s
INFO:root:Epoch: 0575 lr: 0.01 train_loss: 173352.1406 train_distortion: 0.2184 train_mapscore: 0.0798 train_c: -1.0122 train_max_dist: 14.1557 train_imax: 3.9084 train_imin: -15.8110 time: 3.2588s
INFO:root:Epoch: 0580 lr: 0.01 train_loss: 172858.8594 train_distortion: 0.2199 train_mapscore: 0.0815 train_c: -1.0124 train_max_dist: 14.2277 train_imax: 3.9411 train_imin: -15.9410 time: 3.2425s
INFO:root:Epoch: 0585 lr: 0.01 train_loss: 172367.0000 train_distortion: 0.2215 train_mapscore: 0.0831 train_c: -1.0126 train_max_dist: 14.3034 train_imax: 3.9736 train_imin: -16.0748 time: 3.2281s
INFO:root:Epoch: 0590 lr: 0.01 train_loss: 171872.5938 train_distortion: 0.2233 train_mapscore: 0.0846 train_c: -1.0128 train_max_dist: 14.3795 train_imax: 4.0052 train_imin: -16.2129 time: 3.2156s
INFO:root:Epoch: 0595 lr: 0.01 train_loss: 171376.5000 train_distortion: 0.2252 train_mapscore: 0.0866 train_c: -1.0130 train_max_dist: 14.4576 train_imax: 4.0389 train_imin: -16.3534 time: 3.2094s
INFO:root:Epoch: 0600 lr: 0.01 train_loss: 170878.3594 train_distortion: 0.2273 train_mapscore: 0.0887 train_c: -1.0133 train_max_dist: 20.0000 train_imax: 4.0723 train_imin: -16.4972 time: 3.1866s
INFO:root:Epoch: 0605 lr: 0.01 train_loss: 170388.2500 train_distortion: 0.2295 train_mapscore: 0.0899 train_c: -1.0135 train_max_dist: 14.6152 train_imax: 4.1133 train_imin: -16.6442 time: 3.2284s
INFO:root:Epoch: 0610 lr: 0.01 train_loss: 169882.4375 train_distortion: 0.2319 train_mapscore: 0.0911 train_c: -1.0137 train_max_dist: 14.6948 train_imax: 4.1483 train_imin: -16.7924 time: 3.2193s
INFO:root:Epoch: 0615 lr: 0.01 train_loss: 169383.2500 train_distortion: 0.2345 train_mapscore: 0.0937 train_c: -1.0139 train_max_dist: 14.7755 train_imax: 4.1872 train_imin: -16.9418 time: 3.2041s
INFO:root:Epoch: 0620 lr: 0.01 train_loss: 168878.5781 train_distortion: 0.2372 train_mapscore: 0.0960 train_c: -1.0142 train_max_dist: 14.8568 train_imax: 4.2243 train_imin: -17.0930 time: 3.1688s
INFO:root:Epoch: 0625 lr: 0.01 train_loss: 168375.0000 train_distortion: 0.2400 train_mapscore: 0.0973 train_c: -1.0144 train_max_dist: 14.9384 train_imax: 4.2591 train_imin: -17.2470 time: 3.1706s
INFO:root:Epoch: 0630 lr: 0.01 train_loss: 167854.0625 train_distortion: 0.2430 train_mapscore: 0.0997 train_c: -1.0146 train_max_dist: 15.0218 train_imax: 4.2998 train_imin: -17.4019 time: 3.1582s
INFO:root:Epoch: 0635 lr: 0.01 train_loss: 167336.7500 train_distortion: 0.2462 train_mapscore: 0.1009 train_c: -1.0148 train_max_dist: 15.1053 train_imax: 4.3356 train_imin: -17.5612 time: 3.1816s
INFO:root:Epoch: 0640 lr: 0.01 train_loss: 166830.6250 train_distortion: 0.2496 train_mapscore: 0.1030 train_c: -1.0151 train_max_dist: 15.1913 train_imax: 4.3754 train_imin: -17.7238 time: 3.1787s
INFO:root:Epoch: 0645 lr: 0.01 train_loss: 166320.6875 train_distortion: 0.2532 train_mapscore: 0.1045 train_c: -1.0153 train_max_dist: 15.2774 train_imax: 4.4166 train_imin: -17.8886 time: 3.1684s
INFO:root:Epoch: 0650 lr: 0.01 train_loss: 165799.5625 train_distortion: 0.2569 train_mapscore: 0.1064 train_c: -1.0156 train_max_dist: 15.3638 train_imax: 4.4560 train_imin: -18.0549 time: 3.1301s
INFO:root:Epoch: 0655 lr: 0.01 train_loss: 165282.2500 train_distortion: 0.2609 train_mapscore: 0.1087 train_c: -1.0158 train_max_dist: 15.4503 train_imax: 4.4942 train_imin: -18.2253 time: 3.1414s
INFO:root:Epoch: 0660 lr: 0.01 train_loss: 164767.2188 train_distortion: 0.2651 train_mapscore: 0.1102 train_c: -1.0160 train_max_dist: 15.5395 train_imax: 4.5285 train_imin: -18.3979 time: 3.1271s
INFO:root:Epoch: 0665 lr: 0.01 train_loss: 164254.7812 train_distortion: 0.2694 train_mapscore: 0.1127 train_c: -1.0163 train_max_dist: 15.6278 train_imax: 4.5634 train_imin: -18.5725 time: 3.1225s
INFO:root:Epoch: 0670 lr: 0.01 train_loss: 163742.4375 train_distortion: 0.2740 train_mapscore: 0.1144 train_c: -1.0165 train_max_dist: 15.7177 train_imax: 4.6044 train_imin: -18.7498 time: 3.1469s
INFO:root:Epoch: 0675 lr: 0.01 train_loss: 163233.2188 train_distortion: 0.2787 train_mapscore: 0.1154 train_c: -1.0167 train_max_dist: 15.8070 train_imax: 4.6452 train_imin: -18.9292 time: 3.1648s
INFO:root:Epoch: 0680 lr: 0.01 train_loss: 162724.8750 train_distortion: 0.2837 train_mapscore: 0.1181 train_c: -1.0170 train_max_dist: 15.8986 train_imax: 4.6875 train_imin: -19.1095 time: 3.1138s
INFO:root:Epoch: 0685 lr: 0.01 train_loss: 162225.2656 train_distortion: 0.2887 train_mapscore: 0.1201 train_c: -1.0172 train_max_dist: 16.0000 train_imax: 4.7271 train_imin: -19.2892 time: 3.1100s
INFO:root:Epoch: 0690 lr: 0.01 train_loss: 161711.1562 train_distortion: 0.2939 train_mapscore: 0.1221 train_c: -1.0175 train_max_dist: 16.0809 train_imax: 4.7738 train_imin: -19.4686 time: 3.1067s
INFO:root:Epoch: 0695 lr: 0.01 train_loss: 161211.8906 train_distortion: 0.2992 train_mapscore: 0.1246 train_c: -1.0177 train_max_dist: 16.1757 train_imax: 4.8178 train_imin: -19.6472 time: 3.0889s
INFO:root:Epoch: 0700 lr: 0.01 train_loss: 160711.8750 train_distortion: 0.3046 train_mapscore: 0.1262 train_c: -1.0180 train_max_dist: 16.2703 train_imax: 4.8549 train_imin: -19.8237 time: 3.1184s
INFO:root:Epoch: 0705 lr: 0.01 train_loss: 160202.5156 train_distortion: 0.3101 train_mapscore: 0.1285 train_c: -1.0182 train_max_dist: 16.3623 train_imax: 4.8875 train_imin: -20.0002 time: 3.1377s
INFO:root:Epoch: 0710 lr: 0.01 train_loss: 159695.9531 train_distortion: 0.3158 train_mapscore: 0.1307 train_c: -1.0185 train_max_dist: 16.4557 train_imax: 4.9204 train_imin: -20.1784 time: 3.0893s
INFO:root:Epoch: 0715 lr: 0.01 train_loss: 159192.8281 train_distortion: 0.3217 train_mapscore: 0.1327 train_c: -1.0187 train_max_dist: 16.5499 train_imax: 4.9595 train_imin: -20.3580 time: 3.0835s
INFO:root:Epoch: 0720 lr: 0.01 train_loss: 158691.4062 train_distortion: 0.3277 train_mapscore: 0.1345 train_c: -1.0189 train_max_dist: 16.6447 train_imax: 4.9968 train_imin: -20.5345 time: 3.0738s
INFO:root:Epoch: 0725 lr: 0.01 train_loss: 158214.6562 train_distortion: 0.3329 train_mapscore: 0.1348 train_c: -1.0192 train_max_dist: 16.7239 train_imax: 5.0245 train_imin: -20.6734 time: 3.0626s
INFO:root:Epoch: 0730 lr: 0.01 train_loss: 157722.0938 train_distortion: 0.3385 train_mapscore: 0.1364 train_c: -1.0194 train_max_dist: 16.8074 train_imax: 5.0597 train_imin: -20.8241 time: 3.1198s
INFO:root:Epoch: 0735 lr: 0.01 train_loss: 157224.3750 train_distortion: 0.3447 train_mapscore: 0.1396 train_c: -1.0197 train_max_dist: 16.8973 train_imax: 5.1044 train_imin: -20.9900 time: 3.1135s
INFO:root:Epoch: 0740 lr: 0.01 train_loss: 156727.4375 train_distortion: 0.3513 train_mapscore: 0.1420 train_c: -1.0199 train_max_dist: 16.9902 train_imax: 5.1454 train_imin: -21.1679 time: 3.0734s
INFO:root:Epoch: 0745 lr: 0.01 train_loss: 156230.0312 train_distortion: 0.3582 train_mapscore: 0.1439 train_c: -1.0202 train_max_dist: 17.0832 train_imax: 5.1957 train_imin: -21.3486 time: 3.1408s
INFO:root:Epoch: 0750 lr: 0.01 train_loss: 155729.9844 train_distortion: 0.3653 train_mapscore: 0.1461 train_c: -1.0204 train_max_dist: 17.1760 train_imax: 5.2453 train_imin: -21.5337 time: 3.0681s
INFO:root:Epoch: 0755 lr: 0.01 train_loss: 155232.7188 train_distortion: 0.3726 train_mapscore: 0.1482 train_c: -1.0207 train_max_dist: 17.2720 train_imax: 5.2927 train_imin: -21.7220 time: 3.0554s
INFO:root:Epoch: 0760 lr: 0.01 train_loss: 154739.4844 train_distortion: 0.3801 train_mapscore: 0.1515 train_c: -1.0209 train_max_dist: 17.3648 train_imax: 5.3440 train_imin: -21.9097 time: 3.0940s
INFO:root:Epoch: 0765 lr: 0.01 train_loss: 154250.6250 train_distortion: 0.3877 train_mapscore: 0.1544 train_c: -1.0212 train_max_dist: 17.4567 train_imax: 5.3959 train_imin: -22.0979 time: 3.1088s
INFO:root:Epoch: 0770 lr: 0.01 train_loss: 153762.8750 train_distortion: 0.3954 train_mapscore: 0.1550 train_c: -1.0214 train_max_dist: 17.5496 train_imax: 5.4436 train_imin: -22.2853 time: 3.0861s
INFO:root:Epoch: 0775 lr: 0.01 train_loss: 153274.3281 train_distortion: 0.4032 train_mapscore: 0.1575 train_c: -1.0216 train_max_dist: 17.6400 train_imax: 5.4879 train_imin: -22.4688 time: 3.0345s
INFO:root:Epoch: 0780 lr: 0.01 train_loss: 152795.9844 train_distortion: 0.4111 train_mapscore: 0.1597 train_c: -1.0219 train_max_dist: 17.7317 train_imax: 5.5331 train_imin: -22.6513 time: 3.1520s
INFO:root:Epoch: 0785 lr: 0.01 train_loss: 152298.1562 train_distortion: 0.4189 train_mapscore: 0.1633 train_c: -1.0221 train_max_dist: 17.8190 train_imax: 5.5699 train_imin: -22.8290 time: 3.0426s
INFO:root:Epoch: 0790 lr: 0.01 train_loss: 151808.8125 train_distortion: 0.4269 train_mapscore: 0.1644 train_c: -1.0224 train_max_dist: 17.9056 train_imax: 5.6051 train_imin: -23.0088 time: 3.0416s
INFO:root:Epoch: 0795 lr: 0.01 train_loss: 151327.3750 train_distortion: 0.4349 train_mapscore: 0.1659 train_c: -1.0226 train_max_dist: 17.9938 train_imax: 5.6451 train_imin: -23.1864 time: 3.0525s
INFO:root:Epoch: 0800 lr: 0.01 train_loss: 150837.6094 train_distortion: 0.4431 train_mapscore: 0.1684 train_c: -1.0229 train_max_dist: 18.0805 train_imax: 5.6901 train_imin: -23.3622 time: 3.0890s
INFO:root:Epoch: 0805 lr: 0.01 train_loss: 150354.0938 train_distortion: 0.4512 train_mapscore: 0.1703 train_c: -1.0231 train_max_dist: 18.1664 train_imax: 5.7348 train_imin: -23.5360 time: 3.0245s
INFO:root:Epoch: 0810 lr: 0.01 train_loss: 149874.1094 train_distortion: 0.4596 train_mapscore: 0.1732 train_c: -1.0234 train_max_dist: 18.2535 train_imax: 5.7806 train_imin: -23.7130 time: 3.0194s
INFO:root:Epoch: 0815 lr: 0.01 train_loss: 149399.2812 train_distortion: 0.4682 train_mapscore: 0.1757 train_c: -1.0236 train_max_dist: 18.3394 train_imax: 5.8275 train_imin: -23.8922 time: 3.0195s
INFO:root:Epoch: 0820 lr: 0.01 train_loss: 148922.1875 train_distortion: 0.4771 train_mapscore: 0.1773 train_c: -1.0239 train_max_dist: 18.4266 train_imax: 5.8694 train_imin: -24.0751 time: 3.0084s
INFO:root:Epoch: 0825 lr: 0.01 train_loss: 148446.7500 train_distortion: 0.4861 train_mapscore: 0.1792 train_c: -1.0241 train_max_dist: 18.5131 train_imax: 5.9210 train_imin: -24.2615 time: 3.2280s
INFO:root:Epoch: 0830 lr: 0.01 train_loss: 147978.3906 train_distortion: 0.4950 train_mapscore: 0.1805 train_c: -1.0243 train_max_dist: 18.5966 train_imax: 5.9742 train_imin: -24.4413 time: 3.0304s
INFO:root:Epoch: 0835 lr: 0.01 train_loss: 147496.8594 train_distortion: 0.5038 train_mapscore: 0.1831 train_c: -1.0246 train_max_dist: 18.6804 train_imax: 6.0177 train_imin: -24.6153 time: 3.0051s
INFO:root:Epoch: 0840 lr: 0.01 train_loss: 147022.3125 train_distortion: 0.5128 train_mapscore: 0.1862 train_c: -1.0248 train_max_dist: 18.7632 train_imax: 6.0654 train_imin: -24.7908 time: 2.9772s
INFO:root:Epoch: 0845 lr: 0.01 train_loss: 146551.1875 train_distortion: 0.5220 train_mapscore: 0.1886 train_c: -1.0251 train_max_dist: 18.8459 train_imax: 6.1246 train_imin: -24.9694 time: 3.0050s
INFO:root:Epoch: 0850 lr: 0.01 train_loss: 146094.9062 train_distortion: 0.5303 train_mapscore: 0.1891 train_c: -1.0253 train_max_dist: 18.9180 train_imax: 6.1633 train_imin: -25.1212 time: 2.9927s
INFO:root:Epoch: 0855 lr: 0.01 train_loss: 145633.4062 train_distortion: 0.5391 train_mapscore: 0.1912 train_c: -1.0256 train_max_dist: 18.9934 train_imax: 6.2085 train_imin: -25.2837 time: 3.0381s
INFO:root:Epoch: 0860 lr: 0.01 train_loss: 145179.0469 train_distortion: 0.5484 train_mapscore: 0.1944 train_c: -1.0258 train_max_dist: 19.0726 train_imax: 6.2547 train_imin: -25.4548 time: 3.0311s
INFO:root:Epoch: 0865 lr: 0.01 train_loss: 144727.1719 train_distortion: 0.5580 train_mapscore: 0.1968 train_c: -1.0260 train_max_dist: 19.1536 train_imax: 6.3045 train_imin: -25.6327 time: 2.9721s
INFO:root:Epoch: 0870 lr: 0.01 train_loss: 144290.4688 train_distortion: 0.5677 train_mapscore: 0.1990 train_c: -1.0263 train_max_dist: 19.2349 train_imax: 6.3565 train_imin: -25.8104 time: 2.9911s
INFO:root:Epoch: 0875 lr: 0.01 train_loss: 143844.0000 train_distortion: 0.5773 train_mapscore: 0.2014 train_c: -1.0265 train_max_dist: 19.3149 train_imax: 6.4030 train_imin: -25.9870 time: 2.9839s
INFO:root:Epoch: 0880 lr: 0.01 train_loss: 143398.7500 train_distortion: 0.5872 train_mapscore: 0.2025 train_c: -1.0267 train_max_dist: 19.3940 train_imax: 6.4461 train_imin: -26.1646 time: 2.9608s
INFO:root:Epoch: 0885 lr: 0.01 train_loss: 142960.5000 train_distortion: 0.5972 train_mapscore: 0.2055 train_c: -1.0270 train_max_dist: 20.0000 train_imax: 6.4956 train_imin: -26.3440 time: 3.0039s
INFO:root:Epoch: 0890 lr: 0.01 train_loss: 142526.4688 train_distortion: 0.6072 train_mapscore: 0.2089 train_c: -1.0272 train_max_dist: 19.5518 train_imax: 6.5425 train_imin: -26.5212 time: 3.0037s
INFO:root:Epoch: 0895 lr: 0.01 train_loss: 142098.0312 train_distortion: 0.6172 train_mapscore: 0.2109 train_c: -1.0275 train_max_dist: 19.6311 train_imax: 6.5833 train_imin: -26.6977 time: 2.9902s
INFO:root:Epoch: 0900 lr: 0.01 train_loss: 141675.6250 train_distortion: 0.6274 train_mapscore: 0.2140 train_c: -1.0277 train_max_dist: 19.7090 train_imax: 6.6323 train_imin: -26.8734 time: 2.9666s
INFO:root:Epoch: 0905 lr: 0.01 train_loss: 141268.0938 train_distortion: 0.6374 train_mapscore: 0.2154 train_c: -1.0279 train_max_dist: 19.7832 train_imax: 6.6633 train_imin: -27.0436 time: 2.9648s
INFO:root:Epoch: 0910 lr: 0.01 train_loss: 140851.1562 train_distortion: 0.6473 train_mapscore: 0.2175 train_c: -1.0281 train_max_dist: 19.8566 train_imax: 6.7050 train_imin: -27.2124 time: 2.9497s
INFO:root:Epoch: 0915 lr: 0.01 train_loss: 140437.8906 train_distortion: 0.6572 train_mapscore: 0.2195 train_c: -1.0284 train_max_dist: 19.9276 train_imax: 6.7437 train_imin: -27.3802 time: 2.9574s
INFO:root:Epoch: 0920 lr: 0.01 train_loss: 140027.7500 train_distortion: 0.6671 train_mapscore: 0.2217 train_c: -1.0286 train_max_dist: 19.9985 train_imax: 6.7764 train_imin: -27.5448 time: 3.0354s
INFO:root:Epoch: 0925 lr: 0.01 train_loss: 139618.6562 train_distortion: 0.6771 train_mapscore: 0.2229 train_c: -1.0288 train_max_dist: 20.0669 train_imax: 6.8041 train_imin: -27.7102 time: 2.9923s
INFO:root:Epoch: 0930 lr: 0.01 train_loss: 139210.7500 train_distortion: 0.6870 train_mapscore: 0.2247 train_c: -1.0290 train_max_dist: 20.1328 train_imax: 6.8310 train_imin: -27.8709 time: 2.9703s
INFO:root:Epoch: 0935 lr: 0.01 train_loss: 138817.5469 train_distortion: 0.6968 train_mapscore: 0.2273 train_c: -1.0293 train_max_dist: 20.2000 train_imax: 6.8637 train_imin: -28.0300 time: 2.9377s
INFO:root:Epoch: 0940 lr: 0.01 train_loss: 138415.6875 train_distortion: 0.7063 train_mapscore: 0.2298 train_c: -1.0295 train_max_dist: 20.2620 train_imax: 6.8831 train_imin: -28.1808 time: 2.9430s
INFO:root:Epoch: 0945 lr: 0.01 train_loss: 138019.5938 train_distortion: 0.7158 train_mapscore: 0.2331 train_c: -1.0297 train_max_dist: 20.3228 train_imax: 6.9098 train_imin: -28.3279 time: 2.9439s
INFO:root:Epoch: 0950 lr: 0.01 train_loss: 137628.7812 train_distortion: 0.7255 train_mapscore: 0.2354 train_c: -1.0299 train_max_dist: 20.3845 train_imax: 6.9318 train_imin: -28.4762 time: 2.9727s
INFO:root:Epoch: 0955 lr: 0.01 train_loss: 137240.6250 train_distortion: 0.7351 train_mapscore: 0.2375 train_c: -1.0301 train_max_dist: 20.4431 train_imax: 6.9650 train_imin: -28.6260 time: 2.9743s
INFO:root:Epoch: 0960 lr: 0.01 train_loss: 136867.0000 train_distortion: 0.7448 train_mapscore: 0.2405 train_c: -1.0303 train_max_dist: 20.5035 train_imax: 6.9996 train_imin: -28.7727 time: 2.9340s
INFO:root:Epoch: 0965 lr: 0.01 train_loss: 136482.2812 train_distortion: 0.7542 train_mapscore: 0.2424 train_c: -1.0305 train_max_dist: 20.5605 train_imax: 7.0217 train_imin: -28.9132 time: 2.9257s
INFO:root:Epoch: 0970 lr: 0.01 train_loss: 136100.2969 train_distortion: 0.7637 train_mapscore: 0.2447 train_c: -1.0307 train_max_dist: 20.6191 train_imax: 7.0676 train_imin: -29.0532 time: 2.9121s
INFO:root:Epoch: 0975 lr: 0.01 train_loss: 135736.5469 train_distortion: 0.7733 train_mapscore: 0.2481 train_c: -1.0310 train_max_dist: 20.6760 train_imax: 7.1107 train_imin: -29.1948 time: 2.9260s
INFO:root:Epoch: 0980 lr: 0.01 train_loss: 135358.6250 train_distortion: 0.7829 train_mapscore: 0.2487 train_c: -1.0312 train_max_dist: 20.7339 train_imax: 7.1587 train_imin: -29.3333 time: 2.9561s
INFO:root:Epoch: 0985 lr: 0.01 train_loss: 134985.1250 train_distortion: 0.7924 train_mapscore: 0.2515 train_c: -1.0314 train_max_dist: 20.7915 train_imax: 7.2054 train_imin: -29.4694 time: 2.9527s
INFO:root:Epoch: 0990 lr: 0.01 train_loss: 134617.2188 train_distortion: 0.8021 train_mapscore: 0.2545 train_c: -1.0316 train_max_dist: 20.8491 train_imax: 7.2429 train_imin: -29.6086 time: 2.9045s
INFO:root:Epoch: 0995 lr: 0.01 train_loss: 134268.1875 train_distortion: 0.8115 train_mapscore: 0.2553 train_c: -1.0318 train_max_dist: 20.9041 train_imax: 7.2910 train_imin: -29.7404 time: 2.9154s
INFO:root:Epoch: 1000 lr: 0.01 train_loss: 133907.9844 train_distortion: 0.8209 train_mapscore: 0.2580 train_c: -1.0320 train_max_dist: 20.9597 train_imax: 7.3284 train_imin: -29.8729 time: 2.9185s
INFO:root:Epoch: 1005 lr: 0.01 train_loss: 133550.0156 train_distortion: 0.8304 train_mapscore: 0.2596 train_c: -1.0322 train_max_dist: 21.0142 train_imax: 7.3706 train_imin: -30.0059 time: 2.9136s
INFO:root:Epoch: 1010 lr: 0.01 train_loss: 133198.0312 train_distortion: 0.8401 train_mapscore: 0.2630 train_c: -1.0324 train_max_dist: 21.0706 train_imax: 7.4032 train_imin: -30.1400 time: 2.9599s
INFO:root:Epoch: 1015 lr: 0.01 train_loss: 132848.9844 train_distortion: 0.8499 train_mapscore: 0.2666 train_c: -1.0326 train_max_dist: 21.1282 train_imax: 7.4382 train_imin: -30.2766 time: 2.9415s
INFO:root:Epoch: 1020 lr: 0.01 train_loss: 132503.7500 train_distortion: 0.8597 train_mapscore: 0.2677 train_c: -1.0327 train_max_dist: 21.1840 train_imax: 7.4720 train_imin: -30.4124 time: 2.9446s
INFO:root:Epoch: 1025 lr: 0.01 train_loss: 132160.4062 train_distortion: 0.8695 train_mapscore: 0.2714 train_c: -1.0329 train_max_dist: 21.2407 train_imax: 7.5159 train_imin: -30.5440 time: 2.9108s
INFO:root:Epoch: 1030 lr: 0.01 train_loss: 131819.8438 train_distortion: 0.8796 train_mapscore: 0.2739 train_c: -1.0331 train_max_dist: 21.2970 train_imax: 7.5488 train_imin: -30.6815 time: 2.9088s
INFO:root:Epoch: 1035 lr: 0.01 train_loss: 131481.6250 train_distortion: 0.8895 train_mapscore: 0.2746 train_c: -1.0333 train_max_dist: 21.3529 train_imax: 7.5867 train_imin: -30.8155 time: 2.9043s
INFO:root:Epoch: 1040 lr: 0.01 train_loss: 131148.7500 train_distortion: 0.8996 train_mapscore: 0.2778 train_c: -1.0335 train_max_dist: 21.4084 train_imax: 7.6258 train_imin: -30.9525 time: 2.8951s
INFO:root:Epoch: 1045 lr: 0.01 train_loss: 130819.6406 train_distortion: 0.9096 train_mapscore: 0.2799 train_c: -1.0337 train_max_dist: 21.4637 train_imax: 7.6607 train_imin: -31.0869 time: 2.9322s
INFO:root:Epoch: 1050 lr: 0.01 train_loss: 130495.0469 train_distortion: 0.9197 train_mapscore: 0.2819 train_c: -1.0339 train_max_dist: 21.5205 train_imax: 7.6965 train_imin: -31.2215 time: 2.9429s
INFO:root:Epoch: 1055 lr: 0.01 train_loss: 130173.8047 train_distortion: 0.9297 train_mapscore: 0.2845 train_c: -1.0340 train_max_dist: 21.5736 train_imax: 7.7160 train_imin: -31.3537 time: 2.8877s
INFO:root:Epoch: 1060 lr: 0.01 train_loss: 129855.5000 train_distortion: 0.9399 train_mapscore: 0.2860 train_c: -1.0342 train_max_dist: 21.6295 train_imax: 7.7375 train_imin: -31.4905 time: 2.8767s
INFO:root:Epoch: 1065 lr: 0.01 train_loss: 129541.6250 train_distortion: 0.9501 train_mapscore: 0.2888 train_c: -1.0344 train_max_dist: 21.6841 train_imax: 7.7563 train_imin: -31.6254 time: 2.8868s
INFO:root:Epoch: 1070 lr: 0.01 train_loss: 129231.8125 train_distortion: 0.9603 train_mapscore: 0.2906 train_c: -1.0345 train_max_dist: 21.7375 train_imax: 7.7960 train_imin: -31.7588 time: 2.8854s
INFO:root:Epoch: 1075 lr: 0.01 train_loss: 128934.2969 train_distortion: 0.9703 train_mapscore: 0.2936 train_c: -1.0347 train_max_dist: 21.7888 train_imax: 7.8232 train_imin: -31.8885 time: 2.9290s
INFO:root:Epoch: 1080 lr: 0.01 train_loss: 128631.2266 train_distortion: 0.9799 train_mapscore: 0.2943 train_c: -1.0349 train_max_dist: 21.8383 train_imax: 7.8610 train_imin: -32.0103 time: 2.9095s
INFO:root:Epoch: 1085 lr: 0.01 train_loss: 128326.1797 train_distortion: 0.9892 train_mapscore: 0.2971 train_c: -1.0350 train_max_dist: 21.8861 train_imax: 7.8759 train_imin: -32.1260 time: 2.8827s
INFO:root:Epoch: 1090 lr: 0.01 train_loss: 128024.1953 train_distortion: 0.9987 train_mapscore: 0.2983 train_c: -1.0352 train_max_dist: 21.9324 train_imax: 7.9297 train_imin: -32.2474 time: 2.8824s
INFO:root:Epoch: 1095 lr: 0.01 train_loss: 127724.3906 train_distortion: 1.0079 train_mapscore: 0.3001 train_c: -1.0354 train_max_dist: 21.9802 train_imax: 7.9579 train_imin: -32.3606 time: 2.8718s
INFO:root:Epoch: 1100 lr: 0.01 train_loss: 127426.9219 train_distortion: 1.0173 train_mapscore: 0.3037 train_c: -1.0355 train_max_dist: 22.0269 train_imax: 8.0025 train_imin: -32.4758 time: 2.8787s
INFO:root:Epoch: 1105 lr: 0.01 train_loss: 127133.0781 train_distortion: 1.0266 train_mapscore: 0.3044 train_c: -1.0357 train_max_dist: 22.0725 train_imax: 8.0308 train_imin: -32.5890 time: 2.9101s
INFO:root:Epoch: 1110 lr: 0.01 train_loss: 126839.2188 train_distortion: 1.0362 train_mapscore: 0.3079 train_c: -1.0358 train_max_dist: 22.1205 train_imax: 8.0612 train_imin: -32.7078 time: 2.8906s
INFO:root:Epoch: 1115 lr: 0.01 train_loss: 126549.1094 train_distortion: 1.0456 train_mapscore: 0.3107 train_c: -1.0360 train_max_dist: 22.1663 train_imax: 8.0855 train_imin: -32.8224 time: 2.8635s
INFO:root:Epoch: 1120 lr: 0.01 train_loss: 126259.3594 train_distortion: 1.0551 train_mapscore: 0.3122 train_c: -1.0361 train_max_dist: 22.2119 train_imax: 8.1052 train_imin: -32.9366 time: 2.8652s
INFO:root:Epoch: 1125 lr: 0.01 train_loss: 125973.7188 train_distortion: 1.0644 train_mapscore: 0.3127 train_c: -1.0363 train_max_dist: 22.2549 train_imax: 8.1041 train_imin: -33.0446 time: 2.8464s
INFO:root:Epoch: 1130 lr: 0.01 train_loss: 125700.0000 train_distortion: 1.0736 train_mapscore: 0.3148 train_c: -1.0364 train_max_dist: 22.3008 train_imax: 8.1177 train_imin: -33.1538 time: 2.8661s
INFO:root:Epoch: 1135 lr: 0.01 train_loss: 125416.4219 train_distortion: 1.0825 train_mapscore: 0.3180 train_c: -1.0366 train_max_dist: 22.3424 train_imax: 8.1083 train_imin: -33.2548 time: 2.9017s
INFO:root:Epoch: 1140 lr: 0.01 train_loss: 125135.2812 train_distortion: 1.0914 train_mapscore: 0.3190 train_c: -1.0367 train_max_dist: 22.3849 train_imax: 8.1112 train_imin: -33.3569 time: 2.8870s
INFO:root:Epoch: 1145 lr: 0.01 train_loss: 124855.6250 train_distortion: 1.1006 train_mapscore: 0.3221 train_c: -1.0369 train_max_dist: 22.4277 train_imax: 8.1090 train_imin: -33.4632 time: 2.8949s
INFO:root:Epoch: 1150 lr: 0.01 train_loss: 124577.8594 train_distortion: 1.1101 train_mapscore: 0.3237 train_c: -1.0370 train_max_dist: 22.4720 train_imax: 8.1300 train_imin: -33.5730 time: 2.8472s
INFO:root:Epoch: 1155 lr: 0.01 train_loss: 124300.9844 train_distortion: 1.1198 train_mapscore: 0.3263 train_c: -1.0372 train_max_dist: 22.5166 train_imax: 8.1216 train_imin: -33.6858 time: 2.8499s
INFO:root:Epoch: 1160 lr: 0.01 train_loss: 124025.4062 train_distortion: 1.1297 train_mapscore: 0.3280 train_c: -1.0373 train_max_dist: 22.5601 train_imax: 8.1360 train_imin: -33.8013 time: 2.8486s
INFO:root:Epoch: 1165 lr: 0.01 train_loss: 123750.3594 train_distortion: 1.1398 train_mapscore: 0.3300 train_c: -1.0374 train_max_dist: 22.6055 train_imax: 8.1320 train_imin: -33.9190 time: 2.8772s
INFO:root:Epoch: 1170 lr: 0.01 train_loss: 123479.7578 train_distortion: 1.1498 train_mapscore: 0.3327 train_c: -1.0376 train_max_dist: 22.6499 train_imax: 8.1339 train_imin: -34.0352 time: 2.8715s
INFO:root:Epoch: 1175 lr: 0.01 train_loss: 123210.8438 train_distortion: 1.1603 train_mapscore: 0.3334 train_c: -1.0377 train_max_dist: 22.6948 train_imax: 8.1431 train_imin: -34.1584 time: 2.8831s
INFO:root:Epoch: 1180 lr: 0.01 train_loss: 122942.3984 train_distortion: 1.1705 train_mapscore: 0.3357 train_c: -1.0378 train_max_dist: 22.7390 train_imax: 8.1500 train_imin: -34.2781 time: 2.8424s
INFO:root:Epoch: 1185 lr: 0.01 train_loss: 122680.7031 train_distortion: 1.1806 train_mapscore: 0.3377 train_c: -1.0380 train_max_dist: 40.0000 train_imax: 8.1542 train_imin: -34.3959 time: 2.8309s
INFO:root:Epoch: 1190 lr: 0.01 train_loss: 122422.1406 train_distortion: 1.1900 train_mapscore: 0.3375 train_c: -1.0381 train_max_dist: 22.8257 train_imax: 8.1538 train_imin: -34.4981 time: 2.8316s
INFO:root:Epoch: 1195 lr: 0.01 train_loss: 122183.6406 train_distortion: 1.1990 train_mapscore: 0.3398 train_c: -1.0382 train_max_dist: 22.8634 train_imax: 8.1400 train_imin: -34.5954 time: 2.8436s
INFO:root:Epoch: 1200 lr: 0.01 train_loss: 121989.0547 train_distortion: 1.2058 train_mapscore: 0.3366 train_c: -1.0384 train_max_dist: 24.0000 train_imax: 8.1294 train_imin: -34.6593 time: 2.9247s
INFO:root:Epoch: 1205 lr: 0.01 train_loss: 121733.3281 train_distortion: 1.2138 train_mapscore: 0.3406 train_c: -1.0385 train_max_dist: 22.9229 train_imax: 8.1325 train_imin: -34.7393 time: 2.8668s
INFO:root:Epoch: 1210 lr: 0.01 train_loss: 121477.9375 train_distortion: 1.2225 train_mapscore: 0.3444 train_c: -1.0386 train_max_dist: 22.9596 train_imax: 8.1337 train_imin: -34.8309 time: 2.8351s
INFO:root:Epoch: 1215 lr: 0.01 train_loss: 121220.0469 train_distortion: 1.2320 train_mapscore: 0.3464 train_c: -1.0387 train_max_dist: 22.9988 train_imax: 8.1468 train_imin: -34.9334 time: 2.8244s
INFO:root:Epoch: 1220 lr: 0.01 train_loss: 120956.7109 train_distortion: 1.2423 train_mapscore: 0.3494 train_c: -1.0389 train_max_dist: 23.0428 train_imax: 8.1564 train_imin: -35.0467 time: 2.8359s
INFO:root:Epoch: 1225 lr: 0.01 train_loss: 120700.5625 train_distortion: 1.2527 train_mapscore: 0.3516 train_c: -1.0390 train_max_dist: 23.0876 train_imax: 8.1672 train_imin: -35.1602 time: 2.8306s
INFO:root:Epoch: 1230 lr: 0.01 train_loss: 120448.0625 train_distortion: 1.2633 train_mapscore: 0.3550 train_c: -1.0391 train_max_dist: 23.1345 train_imax: 8.1817 train_imin: -35.2768 time: 2.8501s
INFO:root:Epoch: 1235 lr: 0.01 train_loss: 120202.3438 train_distortion: 1.2739 train_mapscore: 0.3576 train_c: -1.0392 train_max_dist: 23.1825 train_imax: 8.1105 train_imin: -35.3936 time: 2.8474s
INFO:root:Epoch: 1240 lr: 0.01 train_loss: 119951.7031 train_distortion: 1.2845 train_mapscore: 0.3604 train_c: -1.0393 train_max_dist: 23.2310 train_imax: 8.0094 train_imin: -35.5094 time: 2.8158s
INFO:root:Epoch: 1245 lr: 0.01 train_loss: 119699.1094 train_distortion: 1.2949 train_mapscore: 0.3620 train_c: -1.0394 train_max_dist: 23.2773 train_imax: 7.9491 train_imin: -35.6217 time: 2.8255s
INFO:root:Epoch: 1250 lr: 0.01 train_loss: 119450.2812 train_distortion: 1.3056 train_mapscore: 0.3627 train_c: -1.0395 train_max_dist: 23.3245 train_imax: 7.9528 train_imin: -35.7416 time: 2.8178s
INFO:root:Epoch: 1255 lr: 0.01 train_loss: 119202.7656 train_distortion: 1.3164 train_mapscore: 0.3665 train_c: -1.0396 train_max_dist: 23.3722 train_imax: 7.9667 train_imin: -35.8603 time: 2.8200s
INFO:root:Epoch: 1260 lr: 0.01 train_loss: 118954.2969 train_distortion: 1.3270 train_mapscore: 0.3678 train_c: -1.0398 train_max_dist: 23.4209 train_imax: 7.9752 train_imin: -35.9748 time: 2.8453s
INFO:root:Epoch: 1265 lr: 0.01 train_loss: 118707.3438 train_distortion: 1.3380 train_mapscore: 0.3693 train_c: -1.0399 train_max_dist: 23.4694 train_imax: 8.0008 train_imin: -36.0962 time: 2.8493s
INFO:root:Epoch: 1270 lr: 0.01 train_loss: 118464.0000 train_distortion: 1.3487 train_mapscore: 0.3710 train_c: -1.0400 train_max_dist: 23.5190 train_imax: 8.0131 train_imin: -36.2112 time: 2.8131s
INFO:root:Epoch: 1275 lr: 0.01 train_loss: 118220.5938 train_distortion: 1.3597 train_mapscore: 0.3745 train_c: -1.0401 train_max_dist: 23.5688 train_imax: 8.0187 train_imin: -36.3311 time: 2.8051s
INFO:root:Epoch: 1280 lr: 0.01 train_loss: 117978.8359 train_distortion: 1.3705 train_mapscore: 0.3778 train_c: -1.0402 train_max_dist: 23.6180 train_imax: 8.0378 train_imin: -36.4460 time: 2.8169s
INFO:root:Epoch: 1285 lr: 0.01 train_loss: 117742.3047 train_distortion: 1.3814 train_mapscore: 0.3779 train_c: -1.0403 train_max_dist: 23.6660 train_imax: 8.0336 train_imin: -36.5648 time: 2.8087s
INFO:root:Epoch: 1290 lr: 0.01 train_loss: 117503.7188 train_distortion: 1.3925 train_mapscore: 0.3816 train_c: -1.0404 train_max_dist: 23.7140 train_imax: 8.0745 train_imin: -36.6864 time: 2.8539s
INFO:root:Epoch: 1295 lr: 0.01 train_loss: 117277.0938 train_distortion: 1.4035 train_mapscore: 0.3835 train_c: -1.0405 train_max_dist: 23.7587 train_imax: 8.0945 train_imin: -36.8044 time: 2.8381s
INFO:root:Epoch: 1300 lr: 0.01 train_loss: 117037.6875 train_distortion: 1.4143 train_mapscore: 0.3850 train_c: -1.0405 train_max_dist: 23.8052 train_imax: 8.1211 train_imin: -36.9213 time: 2.9145s
INFO:root:Epoch: 1305 lr: 0.01 train_loss: 116802.1328 train_distortion: 1.4252 train_mapscore: 0.3870 train_c: -1.0406 train_max_dist: 23.8486 train_imax: 8.1479 train_imin: -37.0390 time: 2.8045s
INFO:root:Epoch: 1310 lr: 0.01 train_loss: 116568.9609 train_distortion: 1.4361 train_mapscore: 0.3889 train_c: -1.0407 train_max_dist: 23.8901 train_imax: 8.1656 train_imin: -37.1558 time: 2.8118s
INFO:root:Epoch: 1315 lr: 0.01 train_loss: 116340.0312 train_distortion: 1.4472 train_mapscore: 0.3912 train_c: -1.0408 train_max_dist: 23.9341 train_imax: 8.1950 train_imin: -37.2763 time: 2.8049s
INFO:root:Epoch: 1320 lr: 0.01 train_loss: 116117.1250 train_distortion: 1.4582 train_mapscore: 0.3928 train_c: -1.0409 train_max_dist: 23.9785 train_imax: 8.2374 train_imin: -37.3962 time: 2.8121s
INFO:root:Epoch: 1325 lr: 0.01 train_loss: 115891.7031 train_distortion: 1.4693 train_mapscore: 0.3952 train_c: -1.0410 train_max_dist: 24.0227 train_imax: 8.2764 train_imin: -37.5133 time: 2.8364s
INFO:root:Epoch: 1330 lr: 0.01 train_loss: 115682.8125 train_distortion: 1.4774 train_mapscore: 0.3971 train_c: -1.0410 train_max_dist: 24.0547 train_imax: 8.3119 train_imin: -37.5897 time: 2.8422s
INFO:root:Epoch: 1335 lr: 0.01 train_loss: 115463.2734 train_distortion: 1.4866 train_mapscore: 0.3991 train_c: -1.0411 train_max_dist: 24.0928 train_imax: 8.3295 train_imin: -37.6816 time: 2.8051s
INFO:root:Epoch: 1340 lr: 0.01 train_loss: 115245.4766 train_distortion: 1.4967 train_mapscore: 0.3995 train_c: -1.0412 train_max_dist: 24.1360 train_imax: 8.3505 train_imin: -37.7863 time: 2.8015s
INFO:root:Epoch: 1345 lr: 0.01 train_loss: 115032.0781 train_distortion: 1.5075 train_mapscore: 0.4031 train_c: -1.0413 train_max_dist: 24.1819 train_imax: 8.3873 train_imin: -37.9032 time: 2.7964s
INFO:root:Epoch: 1350 lr: 0.01 train_loss: 114834.7344 train_distortion: 1.5174 train_mapscore: 0.4027 train_c: -1.0413 train_max_dist: 24.2217 train_imax: 8.4023 train_imin: -38.0045 time: 2.7784s
INFO:root:Epoch: 1355 lr: 0.01 train_loss: 114740.6250 train_distortion: 1.5244 train_mapscore: 0.4024 train_c: -1.0414 train_max_dist: 24.2461 train_imax: 8.4356 train_imin: -38.0665 time: 2.8227s
INFO:root:Epoch: 1360 lr: 0.01 train_loss: 114590.5156 train_distortion: 1.5303 train_mapscore: 0.4018 train_c: -1.0415 train_max_dist: 24.2710 train_imax: 8.4310 train_imin: -38.1116 time: 2.8362s
INFO:root:Epoch: 1365 lr: 0.01 train_loss: 114340.5469 train_distortion: 1.5382 train_mapscore: 0.4043 train_c: -1.0416 train_max_dist: 24.3032 train_imax: 8.4504 train_imin: -38.1820 time: 2.7923s
INFO:root:Epoch: 1370 lr: 0.01 train_loss: 114091.5547 train_distortion: 1.5480 train_mapscore: 0.4070 train_c: -1.0416 train_max_dist: 24.3428 train_imax: 8.4906 train_imin: -38.2823 time: 2.7940s
INFO:root:Epoch: 1375 lr: 0.01 train_loss: 113857.9688 train_distortion: 1.5591 train_mapscore: 0.4096 train_c: -1.0417 train_max_dist: 24.3857 train_imax: 8.5302 train_imin: -38.3989 time: 2.7865s
INFO:root:Epoch: 1380 lr: 0.01 train_loss: 113628.6406 train_distortion: 1.5705 train_mapscore: 0.4117 train_c: -1.0417 train_max_dist: 24.4287 train_imax: 8.5677 train_imin: -38.5186 time: 2.7996s
INFO:root:Epoch: 1385 lr: 0.01 train_loss: 113444.0859 train_distortion: 1.5798 train_mapscore: 0.4126 train_c: -1.0418 train_max_dist: 24.4614 train_imax: 8.5913 train_imin: -38.6048 time: 2.8133s
INFO:root:Epoch: 1390 lr: 0.01 train_loss: 113245.0703 train_distortion: 1.5904 train_mapscore: 0.4145 train_c: -1.0419 train_max_dist: 24.4976 train_imax: 8.6197 train_imin: -38.7127 time: 2.8157s
INFO:root:Epoch: 1395 lr: 0.01 train_loss: 113031.7031 train_distortion: 1.6012 train_mapscore: 0.4159 train_c: -1.0419 train_max_dist: 24.5386 train_imax: 8.6311 train_imin: -38.8220 time: 2.7778s
INFO:root:Epoch: 1400 lr: 0.01 train_loss: 112816.4062 train_distortion: 1.6128 train_mapscore: 0.4189 train_c: -1.0420 train_max_dist: 24.5828 train_imax: 8.6757 train_imin: -38.9420 time: 2.7860s
INFO:root:Epoch: 1405 lr: 0.01 train_loss: 112606.9219 train_distortion: 1.6247 train_mapscore: 0.4206 train_c: -1.0420 train_max_dist: 24.6313 train_imax: 8.6857 train_imin: -39.0623 time: 2.7811s
INFO:root:Epoch: 1410 lr: 0.01 train_loss: 112401.2656 train_distortion: 1.6370 train_mapscore: 0.4212 train_c: -1.0421 train_max_dist: 24.6743 train_imax: 8.7355 train_imin: -39.1900 time: 2.7865s
INFO:root:Epoch: 1415 lr: 0.01 train_loss: 112222.3281 train_distortion: 1.6495 train_mapscore: 0.4215 train_c: -1.0421 train_max_dist: 24.7202 train_imax: 8.7652 train_imin: -39.3179 time: 2.8072s
INFO:root:Epoch: 1420 lr: 0.01 train_loss: 112087.1406 train_distortion: 1.6629 train_mapscore: 0.4210 train_c: -1.0422 train_max_dist: 24.7695 train_imax: 8.8082 train_imin: -39.4572 time: 2.8002s
INFO:root:Epoch: 1425 lr: 0.01 train_loss: 111892.1094 train_distortion: 1.6749 train_mapscore: 0.4235 train_c: -1.0422 train_max_dist: 24.8147 train_imax: 8.8507 train_imin: -39.5792 time: 2.7973s
INFO:root:Epoch: 1430 lr: 0.01 train_loss: 111690.0781 train_distortion: 1.6865 train_mapscore: 0.4248 train_c: -1.0423 train_max_dist: 24.8564 train_imax: 8.8904 train_imin: -39.6938 time: 2.7667s
INFO:root:Epoch: 1435 lr: 0.01 train_loss: 111481.0156 train_distortion: 1.6974 train_mapscore: 0.4282 train_c: -1.0423 train_max_dist: 24.8960 train_imax: 8.9162 train_imin: -39.7986 time: 2.7804s
INFO:root:Epoch: 1440 lr: 0.01 train_loss: 111262.5234 train_distortion: 1.7084 train_mapscore: 0.4308 train_c: -1.0423 train_max_dist: 24.9380 train_imax: 8.9606 train_imin: -39.9066 time: 2.7710s
INFO:root:Epoch: 1445 lr: 0.01 train_loss: 111055.6719 train_distortion: 1.7195 train_mapscore: 0.4325 train_c: -1.0424 train_max_dist: 24.9785 train_imax: 8.9773 train_imin: -40.0155 time: 2.7721s
INFO:root:Epoch: 1450 lr: 0.01 train_loss: 110856.8203 train_distortion: 1.7312 train_mapscore: 0.4352 train_c: -1.0424 train_max_dist: 25.0215 train_imax: 9.0075 train_imin: -40.1326 time: 2.8077s
INFO:root:Epoch: 1455 lr: 0.01 train_loss: 110703.7969 train_distortion: 1.7413 train_mapscore: 0.4343 train_c: -1.0424 train_max_dist: 25.0581 train_imax: 9.0210 train_imin: -40.2251 time: 2.8063s
INFO:root:Epoch: 1460 lr: 0.01 train_loss: 110526.2344 train_distortion: 1.7514 train_mapscore: 0.4364 train_c: -1.0425 train_max_dist: 25.0977 train_imax: 9.0317 train_imin: -40.3160 time: 2.7747s
INFO:root:Epoch: 1465 lr: 0.01 train_loss: 110324.2812 train_distortion: 1.7615 train_mapscore: 0.4385 train_c: -1.0425 train_max_dist: 25.1355 train_imax: 9.0460 train_imin: -40.4065 time: 2.7635s
INFO:root:Epoch: 1470 lr: 0.01 train_loss: 110118.6172 train_distortion: 1.7716 train_mapscore: 0.4408 train_c: -1.0425 train_max_dist: 25.1768 train_imax: 9.0904 train_imin: -40.5016 time: 2.7607s
INFO:root:Epoch: 1475 lr: 0.01 train_loss: 109917.4688 train_distortion: 1.7824 train_mapscore: 0.4421 train_c: -1.0426 train_max_dist: 25.2178 train_imax: 9.1215 train_imin: -40.6007 time: 2.7606s
INFO:root:Epoch: 1480 lr: 0.01 train_loss: 109734.0156 train_distortion: 1.7942 train_mapscore: 0.4448 train_c: -1.0426 train_max_dist: 25.2627 train_imax: 9.1458 train_imin: -40.7194 time: 2.8101s
INFO:root:Epoch: 1485 lr: 0.01 train_loss: 109547.6562 train_distortion: 1.8064 train_mapscore: 0.4466 train_c: -1.0426 train_max_dist: 25.3052 train_imax: 9.1600 train_imin: -40.8427 time: 2.7849s
INFO:root:Epoch: 1490 lr: 0.01 train_loss: 109356.1562 train_distortion: 1.8188 train_mapscore: 0.4495 train_c: -1.0426 train_max_dist: 25.3506 train_imax: 9.2066 train_imin: -40.9715 time: 2.7535s
INFO:root:Epoch: 1495 lr: 0.01 train_loss: 109170.7734 train_distortion: 1.8308 train_mapscore: 0.4519 train_c: -1.0426 train_max_dist: 25.3889 train_imax: 9.2562 train_imin: -41.0913 time: 2.7693s
INFO:root:Epoch: 1500 lr: 0.01 train_loss: 108990.3438 train_distortion: 1.8434 train_mapscore: 0.4526 train_c: -1.0426 train_max_dist: 25.4316 train_imax: 9.2759 train_imin: -41.2228 time: 2.7567s
INFO:root:Epoch: 1505 lr: 0.01 train_loss: 108811.8984 train_distortion: 1.8553 train_mapscore: 0.4538 train_c: -1.0427 train_max_dist: 25.4712 train_imax: 9.3189 train_imin: -41.3434 time: 2.7619s
INFO:root:Epoch: 1510 lr: 0.01 train_loss: 108636.2969 train_distortion: 1.8671 train_mapscore: 0.4549 train_c: -1.0427 train_max_dist: 25.5137 train_imax: 9.3698 train_imin: -41.4595 time: 2.8001s
INFO:root:Epoch: 1515 lr: 0.01 train_loss: 108456.0078 train_distortion: 1.8791 train_mapscore: 0.4579 train_c: -1.0427 train_max_dist: 25.5520 train_imax: 9.4051 train_imin: -41.5817 time: 2.7868s
INFO:root:Epoch: 1520 lr: 0.01 train_loss: 108287.5469 train_distortion: 1.8910 train_mapscore: 0.4593 train_c: -1.0427 train_max_dist: 25.5935 train_imax: 9.4443 train_imin: -41.7005 time: 2.7709s
INFO:root:Epoch: 1525 lr: 0.01 train_loss: 108166.3906 train_distortion: 1.9003 train_mapscore: 0.4571 train_c: -1.0427 train_max_dist: 25.6201 train_imax: 9.4606 train_imin: -41.7862 time: 2.7547s
INFO:root:Epoch: 1530 lr: 0.01 train_loss: 107998.7969 train_distortion: 1.9094 train_mapscore: 0.4594 train_c: -1.0427 train_max_dist: 25.6475 train_imax: 9.4771 train_imin: -41.8679 time: 2.7466s
INFO:root:Epoch: 1535 lr: 0.01 train_loss: 107834.9922 train_distortion: 1.9199 train_mapscore: 0.4609 train_c: -1.0427 train_max_dist: 25.6797 train_imax: 9.5415 train_imin: -41.9712 time: 2.7529s
INFO:root:Epoch: 1540 lr: 0.01 train_loss: 107659.9219 train_distortion: 1.9308 train_mapscore: 0.4620 train_c: -1.0427 train_max_dist: 25.7173 train_imax: 9.5826 train_imin: -42.0776 time: 2.7839s
INFO:root:Epoch: 1545 lr: 0.01 train_loss: 107487.6250 train_distortion: 1.9422 train_mapscore: 0.4649 train_c: -1.0427 train_max_dist: 25.7593 train_imax: 9.6149 train_imin: -42.1913 time: 2.7871s
INFO:root:Epoch: 1550 lr: 0.01 train_loss: 107318.6719 train_distortion: 1.9543 train_mapscore: 0.4662 train_c: -1.0427 train_max_dist: 25.7998 train_imax: 9.6608 train_imin: -42.3165 time: 2.7839s
INFO:root:Epoch: 1555 lr: 0.01 train_loss: 107149.0312 train_distortion: 1.9665 train_mapscore: 0.4682 train_c: -1.0426 train_max_dist: 25.8452 train_imax: 9.7167 train_imin: -42.4413 time: 2.7496s
INFO:root:Epoch: 1560 lr: 0.01 train_loss: 106983.0938 train_distortion: 1.9785 train_mapscore: 0.4689 train_c: -1.0426 train_max_dist: 25.8855 train_imax: 9.7688 train_imin: -42.5621 time: 2.7501s
INFO:root:Epoch: 1565 lr: 0.01 train_loss: 106820.2422 train_distortion: 1.9897 train_mapscore: 0.4712 train_c: -1.0426 train_max_dist: 25.9233 train_imax: 9.8252 train_imin: -42.6707 time: 2.7463s
INFO:root:Epoch: 1570 lr: 0.01 train_loss: 106690.4766 train_distortion: 2.0002 train_mapscore: 0.4694 train_c: -1.0426 train_max_dist: 25.9568 train_imax: 9.8565 train_imin: -42.7708 time: 2.7523s
INFO:root:Epoch: 1575 lr: 0.01 train_loss: 113217.6250 train_distortion: 2.0060 train_mapscore: 0.3250 train_c: -1.0425 train_max_dist: 25.8911 train_imax: 9.6569 train_imin: -43.0098 time: 2.7783s
INFO:root:Epoch: 1580 lr: 0.01 train_loss: 116457.5312 train_distortion: 1.9465 train_mapscore: 0.2919 train_c: -1.0424 train_max_dist: 25.6450 train_imax: 9.3608 train_imin: -42.3215 time: 2.8080s
INFO:root:Epoch: 1585 lr: 0.01 train_loss: 116312.8906 train_distortion: 1.8466 train_mapscore: 0.2901 train_c: -1.0423 train_max_dist: 25.2808 train_imax: 9.0542 train_imin: -40.9718 time: 2.7511s
INFO:root:Epoch: 1590 lr: 0.01 train_loss: 115153.4375 train_distortion: 1.7407 train_mapscore: 0.2977 train_c: -1.0422 train_max_dist: 24.8931 train_imax: 8.7559 train_imin: -39.4765 time: 2.7561s
INFO:root:Epoch: 1595 lr: 0.01 train_loss: 113905.4062 train_distortion: 1.6540 train_mapscore: 0.3059 train_c: -1.0422 train_max_dist: 24.5620 train_imax: 8.5054 train_imin: -38.2271 time: 2.7466s
INFO:root:Epoch: 1600 lr: 0.01 train_loss: 112809.8828 train_distortion: 1.5953 train_mapscore: 0.3172 train_c: -1.0422 train_max_dist: 24.3296 train_imax: 8.2850 train_imin: -37.3629 time: 2.7483s
INFO:root:Epoch: 1605 lr: 0.01 train_loss: 111868.1953 train_distortion: 1.5623 train_mapscore: 0.3256 train_c: -1.0422 train_max_dist: 24.1982 train_imax: 8.1751 train_imin: -36.8517 time: 2.7763s
INFO:root:Epoch: 1610 lr: 0.01 train_loss: 111050.3750 train_distortion: 1.5498 train_mapscore: 0.3365 train_c: -1.0423 train_max_dist: 24.1562 train_imax: 8.1950 train_imin: -36.6261 time: 2.7981s
INFO:root:Epoch: 1615 lr: 0.01 train_loss: 110316.7188 train_distortion: 1.5574 train_mapscore: 0.3492 train_c: -1.0424 train_max_dist: 24.1899 train_imax: 8.2805 train_imin: -36.6771 time: 2.7457s
INFO:root:Epoch: 1620 lr: 0.01 train_loss: 109619.3281 train_distortion: 1.5782 train_mapscore: 0.3604 train_c: -1.0426 train_max_dist: 24.2715 train_imax: 8.4192 train_imin: -36.9023 time: 2.7521s
INFO:root:Epoch: 1625 lr: 0.01 train_loss: 108976.9062 train_distortion: 1.6091 train_mapscore: 0.3724 train_c: -1.0427 train_max_dist: 24.3943 train_imax: 8.5030 train_imin: -37.2586 time: 2.7379s
INFO:root:Epoch: 1630 lr: 0.01 train_loss: 108396.2656 train_distortion: 1.6465 train_mapscore: 0.3818 train_c: -1.0429 train_max_dist: 24.5361 train_imax: 8.5499 train_imin: -37.7054 time: 2.7345s
INFO:root:Epoch: 1635 lr: 0.01 train_loss: 107863.7812 train_distortion: 1.6866 train_mapscore: 0.3934 train_c: -1.0430 train_max_dist: 24.6836 train_imax: 8.6728 train_imin: -38.1859 time: 2.7803s
INFO:root:Epoch: 1640 lr: 0.01 train_loss: 107373.4375 train_distortion: 1.7279 train_mapscore: 0.4017 train_c: -1.0432 train_max_dist: 24.8340 train_imax: 8.7886 train_imin: -38.6774 time: 2.7740s
INFO:root:Epoch: 1645 lr: 0.01 train_loss: 106907.3906 train_distortion: 1.7689 train_mapscore: 0.4113 train_c: -1.0433 train_max_dist: 24.9861 train_imax: 8.9430 train_imin: -39.1617 time: 2.7432s
INFO:root:Epoch: 1650 lr: 0.01 train_loss: 106479.0703 train_distortion: 1.8069 train_mapscore: 0.4185 train_c: -1.0434 train_max_dist: 25.1238 train_imax: 9.0676 train_imin: -39.6050 time: 2.7388s
INFO:root:Epoch: 1655 lr: 0.01 train_loss: 106645.2344 train_distortion: 1.8434 train_mapscore: 0.3992 train_c: -1.0435 train_max_dist: 25.2632 train_imax: 9.2379 train_imin: -40.0133 time: 2.7457s
INFO:root:Epoch: 1660 lr: 0.01 train_loss: 107215.7969 train_distortion: 1.8732 train_mapscore: 0.3739 train_c: -1.0436 train_max_dist: 25.3767 train_imax: 9.3892 train_imin: -40.3246 time: 2.7305s
INFO:root:Epoch: 1665 lr: 0.01 train_loss: 107049.8203 train_distortion: 1.8934 train_mapscore: 0.3770 train_c: -1.0437 train_max_dist: 25.4536 train_imax: 9.4056 train_imin: -40.5163 time: 2.7567s
INFO:root:Epoch: 1670 lr: 0.01 train_loss: 106621.4531 train_distortion: 1.9063 train_mapscore: 0.3859 train_c: -1.0437 train_max_dist: 25.5098 train_imax: 9.3964 train_imin: -40.6075 time: 2.7531s
INFO:root:Epoch: 1675 lr: 0.01 train_loss: 106106.4062 train_distortion: 1.9169 train_mapscore: 0.3968 train_c: -1.0438 train_max_dist: 25.5464 train_imax: 9.4836 train_imin: -40.6798 time: 2.7705s
INFO:root:Epoch: 1680 lr: 0.01 train_loss: 105580.7031 train_distortion: 1.9312 train_mapscore: 0.4102 train_c: -1.0438 train_max_dist: 25.5869 train_imax: 9.6569 train_imin: -40.8169 time: 2.7368s
INFO:root:Epoch: 1685 lr: 0.01 train_loss: 105094.5938 train_distortion: 1.9501 train_mapscore: 0.4228 train_c: -1.0439 train_max_dist: 25.6436 train_imax: 9.8193 train_imin: -41.0207 time: 2.7304s
INFO:root:Epoch: 1690 lr: 0.01 train_loss: 104644.4844 train_distortion: 1.9718 train_mapscore: 0.4328 train_c: -1.0439 train_max_dist: 25.7085 train_imax: 9.9049 train_imin: -41.2509 time: 2.7321s
INFO:root:Epoch: 1695 lr: 0.01 train_loss: 104235.8047 train_distortion: 1.9971 train_mapscore: 0.4433 train_c: -1.0440 train_max_dist: 25.7878 train_imax: 9.9904 train_imin: -41.5220 time: 2.7642s
INFO:root:Epoch: 1700 lr: 0.01 train_loss: 103861.7500 train_distortion: 2.0256 train_mapscore: 0.4497 train_c: -1.0440 train_max_dist: 25.8755 train_imax: 10.0734 train_imin: -41.8378 time: 2.7622s
INFO:root:Epoch: 1705 lr: 0.01 train_loss: 103504.1719 train_distortion: 2.0549 train_mapscore: 0.4571 train_c: -1.0441 train_max_dist: 25.9658 train_imax: 10.1649 train_imin: -42.1632 time: 2.7436s
INFO:root:Epoch: 1710 lr: 0.01 train_loss: 103173.7812 train_distortion: 2.0836 train_mapscore: 0.4632 train_c: -1.0441 train_max_dist: 26.0571 train_imax: 10.2822 train_imin: -42.4788 time: 2.7152s
INFO:root:Epoch: 1715 lr: 0.01 train_loss: 102862.5781 train_distortion: 2.1132 train_mapscore: 0.4699 train_c: -1.0441 train_max_dist: 26.1501 train_imax: 10.3812 train_imin: -42.8095 time: 2.7244s
INFO:root:Epoch: 1720 lr: 0.01 train_loss: 102582.2734 train_distortion: 2.1429 train_mapscore: 0.4729 train_c: -1.0442 train_max_dist: 26.2424 train_imax: 10.4906 train_imin: -43.1404 time: 2.7273s
INFO:root:Epoch: 1725 lr: 0.01 train_loss: 102291.0078 train_distortion: 2.1717 train_mapscore: 0.4771 train_c: -1.0442 train_max_dist: 26.3342 train_imax: 10.6056 train_imin: -43.4537 time: 2.7124s
INFO:root:Epoch: 1730 lr: 0.01 train_loss: 102021.5078 train_distortion: 2.2005 train_mapscore: 0.4824 train_c: -1.0442 train_max_dist: 26.4272 train_imax: 10.7015 train_imin: -43.7679 time: 2.7550s
INFO:root:Epoch: 1735 lr: 0.01 train_loss: 101851.2031 train_distortion: 2.2257 train_mapscore: 0.4823 train_c: -1.0442 train_max_dist: 26.5017 train_imax: 10.7791 train_imin: -44.0377 time: 2.7670s
INFO:root:Epoch: 1740 lr: 0.01 train_loss: 101602.5000 train_distortion: 2.2493 train_mapscore: 0.4875 train_c: -1.0442 train_max_dist: 26.5791 train_imax: 10.8661 train_imin: -44.2897 time: 2.7275s
INFO:root:Epoch: 1745 lr: 0.01 train_loss: 101346.1406 train_distortion: 2.2727 train_mapscore: 0.4906 train_c: -1.0442 train_max_dist: 26.6577 train_imax: 10.9427 train_imin: -44.5396 time: 2.7237s
INFO:root:Epoch: 1750 lr: 0.01 train_loss: 101092.3906 train_distortion: 2.2962 train_mapscore: 0.4949 train_c: -1.0442 train_max_dist: 26.7329 train_imax: 11.0255 train_imin: -44.7858 time: 2.7098s
INFO:root:Epoch: 1755 lr: 0.01 train_loss: 100849.3750 train_distortion: 2.3190 train_mapscore: 0.4984 train_c: -1.0441 train_max_dist: 26.8098 train_imax: 11.1067 train_imin: -45.0221 time: 2.7135s
INFO:root:Epoch: 1760 lr: 0.01 train_loss: 100611.0938 train_distortion: 2.3421 train_mapscore: 0.5007 train_c: -1.0441 train_max_dist: 26.8896 train_imax: 11.1847 train_imin: -45.2582 time: 2.7364s
INFO:root:Epoch: 1765 lr: 0.01 train_loss: 100384.9375 train_distortion: 2.3652 train_mapscore: 0.5033 train_c: -1.0441 train_max_dist: 26.9624 train_imax: 11.2795 train_imin: -45.4945 time: 2.7566s
INFO:root:Epoch: 1770 lr: 0.01 train_loss: 100178.1094 train_distortion: 2.3871 train_mapscore: 0.5071 train_c: -1.0440 train_max_dist: 27.0300 train_imax: 11.3786 train_imin: -45.7154 time: 2.7079s
INFO:root:Epoch: 1775 lr: 0.01 train_loss: 99967.3594 train_distortion: 2.4091 train_mapscore: 0.5106 train_c: -1.0440 train_max_dist: 27.1001 train_imax: 11.4750 train_imin: -45.9396 time: 2.7146s
INFO:root:Epoch: 1780 lr: 0.01 train_loss: 99770.6562 train_distortion: 2.4306 train_mapscore: 0.5135 train_c: -1.0439 train_max_dist: 27.1611 train_imax: 11.5232 train_imin: -46.1588 time: 2.7189s
INFO:root:Epoch: 1785 lr: 0.01 train_loss: 99636.8672 train_distortion: 2.4516 train_mapscore: 0.5128 train_c: -1.0439 train_max_dist: 27.2253 train_imax: 11.6036 train_imin: -46.3719 time: 2.7176s
INFO:root:Epoch: 1790 lr: 0.01 train_loss: 99488.5625 train_distortion: 2.4722 train_mapscore: 0.5156 train_c: -1.0438 train_max_dist: 27.2939 train_imax: 11.6721 train_imin: -46.5782 time: 2.7318s
INFO:root:Epoch: 1795 lr: 0.01 train_loss: 99259.0156 train_distortion: 2.4917 train_mapscore: 0.5183 train_c: -1.0438 train_max_dist: 27.3486 train_imax: 11.7567 train_imin: -46.7762 time: 2.7363s
INFO:root:Epoch: 1800 lr: 0.01 train_loss: 99143.6406 train_distortion: 2.5031 train_mapscore: 0.5170 train_c: -1.0437 train_max_dist: 27.3955 train_imax: 11.8085 train_imin: -46.8546 time: 2.7050s
INFO:root:Epoch: 1805 lr: 0.01 train_loss: 98996.4922 train_distortion: 2.5170 train_mapscore: 0.5183 train_c: -1.0436 train_max_dist: 27.4473 train_imax: 11.9398 train_imin: -46.9743 time: 2.7192s
INFO:root:Epoch: 1810 lr: 0.01 train_loss: 98884.9062 train_distortion: 2.5297 train_mapscore: 0.5198 train_c: -1.0435 train_max_dist: 27.4873 train_imax: 11.9878 train_imin: -47.0840 time: 2.7049s
INFO:root:Epoch: 1815 lr: 0.01 train_loss: 98692.8906 train_distortion: 2.5429 train_mapscore: 0.5230 train_c: -1.0435 train_max_dist: 27.5269 train_imax: 12.0624 train_imin: -47.1976 time: 2.7045s
INFO:root:Epoch: 1820 lr: 0.01 train_loss: 98486.4062 train_distortion: 2.5562 train_mapscore: 0.5263 train_c: -1.0434 train_max_dist: 27.5669 train_imax: 12.0976 train_imin: -47.3105 time: 2.7447s
INFO:root:Epoch: 1825 lr: 0.01 train_loss: 98273.4062 train_distortion: 2.5724 train_mapscore: 0.5292 train_c: -1.0433 train_max_dist: 27.6147 train_imax: 12.0941 train_imin: -47.4621 time: 2.7408s
INFO:root:Epoch: 1830 lr: 0.01 train_loss: 98064.1250 train_distortion: 2.5899 train_mapscore: 0.5319 train_c: -1.0432 train_max_dist: 27.6687 train_imax: 12.1293 train_imin: -47.6277 time: 2.7380s
INFO:root:Epoch: 1835 lr: 0.01 train_loss: 97865.2812 train_distortion: 2.6086 train_mapscore: 0.5345 train_c: -1.0431 train_max_dist: 27.7300 train_imax: 12.2175 train_imin: -47.8109 time: 2.7072s
INFO:root:Epoch: 1840 lr: 0.01 train_loss: 97679.3359 train_distortion: 2.6267 train_mapscore: 0.5353 train_c: -1.0430 train_max_dist: 27.7808 train_imax: 12.2688 train_imin: -47.9846 time: 2.6967s
INFO:root:Epoch: 1845 lr: 0.01 train_loss: 97492.8906 train_distortion: 2.6463 train_mapscore: 0.5369 train_c: -1.0429 train_max_dist: 27.8364 train_imax: 12.3342 train_imin: -48.1768 time: 2.7079s
INFO:root:Epoch: 1850 lr: 0.01 train_loss: 97318.5078 train_distortion: 2.6659 train_mapscore: 0.5394 train_c: -1.0429 train_max_dist: 50.0000 train_imax: 12.4091 train_imin: -48.3715 time: 2.6961s
INFO:root:Epoch: 1855 lr: 0.01 train_loss: 97138.7109 train_distortion: 2.6849 train_mapscore: 0.5407 train_c: -1.0427 train_max_dist: 27.9431 train_imax: 12.4477 train_imin: -48.5569 time: 2.7257s
INFO:root:Epoch: 1860 lr: 0.01 train_loss: 96970.3125 train_distortion: 2.7047 train_mapscore: 0.5412 train_c: -1.0426 train_max_dist: 28.0020 train_imax: 12.8111 train_imin: -48.7521 time: 2.7329s
INFO:root:Epoch: 1865 lr: 0.01 train_loss: 96790.4609 train_distortion: 2.7229 train_mapscore: 0.5435 train_c: -1.0425 train_max_dist: 28.0491 train_imax: 12.8400 train_imin: -48.9271 time: 2.7006s
INFO:root:Epoch: 1870 lr: 0.01 train_loss: 96624.4219 train_distortion: 2.7418 train_mapscore: 0.5453 train_c: -1.0424 train_max_dist: 28.0999 train_imax: 12.8950 train_imin: -49.1143 time: 2.7139s
INFO:root:Epoch: 1875 lr: 0.01 train_loss: 96469.7969 train_distortion: 2.7598 train_mapscore: 0.5478 train_c: -1.0423 train_max_dist: 28.1509 train_imax: 12.9577 train_imin: -49.2910 time: 2.6898s
INFO:root:Epoch: 1880 lr: 0.01 train_loss: 96301.2578 train_distortion: 2.7777 train_mapscore: 0.5497 train_c: -1.0422 train_max_dist: 28.1992 train_imax: 12.9727 train_imin: -49.4644 time: 2.6971s
INFO:root:Epoch: 1885 lr: 0.01 train_loss: 96145.4062 train_distortion: 2.7955 train_mapscore: 0.5512 train_c: -1.0421 train_max_dist: 28.2473 train_imax: 12.9845 train_imin: -49.6367 time: 2.7230s
INFO:root:Epoch: 1890 lr: 0.01 train_loss: 95991.6250 train_distortion: 2.8125 train_mapscore: 0.5522 train_c: -1.0419 train_max_dist: 28.2949 train_imax: 12.9851 train_imin: -49.8009 time: 2.7345s
INFO:root:Epoch: 1895 lr: 0.01 train_loss: 95843.9531 train_distortion: 2.8273 train_mapscore: 0.5545 train_c: -1.0418 train_max_dist: 28.3354 train_imax: 12.9808 train_imin: -49.9326 time: 2.6899s
INFO:root:Epoch: 1900 lr: 0.01 train_loss: 95711.4844 train_distortion: 2.8418 train_mapscore: 0.5557 train_c: -1.0417 train_max_dist: 28.3760 train_imax: 13.0742 train_imin: -50.0675 time: 2.6942s
INFO:root:Epoch: 1905 lr: 0.01 train_loss: 95556.5469 train_distortion: 2.8569 train_mapscore: 0.5571 train_c: -1.0415 train_max_dist: 28.4204 train_imax: 13.1309 train_imin: -50.2050 time: 2.6881s
INFO:root:Epoch: 1910 lr: 0.01 train_loss: 95427.0156 train_distortion: 2.8716 train_mapscore: 0.5572 train_c: -1.0414 train_max_dist: 28.4648 train_imax: 13.1524 train_imin: -50.3435 time: 2.6828s
INFO:root:Epoch: 1915 lr: 0.01 train_loss: 95287.0781 train_distortion: 2.8861 train_mapscore: 0.5578 train_c: -1.0413 train_max_dist: 28.5068 train_imax: 13.2090 train_imin: -50.4816 time: 2.7170s
INFO:root:Epoch: 1920 lr: 0.01 train_loss: 95147.9766 train_distortion: 2.9003 train_mapscore: 0.5601 train_c: -1.0411 train_max_dist: 28.5474 train_imax: 13.2193 train_imin: -50.6093 time: 2.7147s
INFO:root:Epoch: 1925 lr: 0.01 train_loss: 95494.9375 train_distortion: 2.9033 train_mapscore: 0.5460 train_c: -1.0410 train_max_dist: 28.5566 train_imax: 13.2013 train_imin: -50.5959 time: 2.6877s
INFO:root:Epoch: 1930 lr: 0.01 train_loss: 95477.1953 train_distortion: 2.9057 train_mapscore: 0.5436 train_c: -1.0408 train_max_dist: 28.5571 train_imax: 13.2830 train_imin: -50.5899 time: 2.6899s
INFO:root:Epoch: 1935 lr: 0.01 train_loss: 95227.2500 train_distortion: 2.9076 train_mapscore: 0.5469 train_c: -1.0407 train_max_dist: 28.5664 train_imax: 13.1983 train_imin: -50.5770 time: 2.6922s
INFO:root:Epoch: 1940 lr: 0.01 train_loss: 94971.9297 train_distortion: 2.9120 train_mapscore: 0.5535 train_c: -1.0405 train_max_dist: 28.5850 train_imax: 13.1806 train_imin: -50.5922 time: 2.6923s
INFO:root:Epoch: 1945 lr: 0.01 train_loss: 95741.9375 train_distortion: 2.9090 train_mapscore: 0.5231 train_c: -1.0404 train_max_dist: 28.5869 train_imax: 13.1243 train_imin: -50.5073 time: 2.7192s
INFO:root:Epoch: 1950 lr: 0.01 train_loss: 95613.5391 train_distortion: 2.8954 train_mapscore: 0.5269 train_c: -1.0404 train_max_dist: 28.5586 train_imax: 13.1006 train_imin: -50.2720 time: 2.7281s
INFO:root:Epoch: 1955 lr: 0.01 train_loss: 95331.6328 train_distortion: 2.8778 train_mapscore: 0.5316 train_c: -1.0402 train_max_dist: 28.5181 train_imax: 13.0957 train_imin: -50.0036 time: 2.7319s
INFO:root:Epoch: 1960 lr: 0.01 train_loss: 94965.6406 train_distortion: 2.8710 train_mapscore: 0.5405 train_c: -1.0401 train_max_dist: 28.4922 train_imax: 13.0116 train_imin: -49.8719 time: 2.6738s
INFO:root:Epoch: 1965 lr: 0.01 train_loss: 94629.4375 train_distortion: 2.8685 train_mapscore: 0.5485 train_c: -1.0400 train_max_dist: 28.4863 train_imax: 13.0035 train_imin: -49.8054 time: 2.6777s
INFO:root:Epoch: 1970 lr: 0.01 train_loss: 94299.9688 train_distortion: 2.8780 train_mapscore: 0.5549 train_c: -1.0399 train_max_dist: 28.5049 train_imax: 12.9519 train_imin: -49.8863 time: 2.6733s
INFO:root:Epoch: 1975 lr: 0.01 train_loss: 94001.1875 train_distortion: 2.8969 train_mapscore: 0.5614 train_c: -1.0397 train_max_dist: 28.5498 train_imax: 13.0449 train_imin: -50.0770 time: 2.6660s
INFO:root:Epoch: 1980 lr: 0.01 train_loss: 93742.9375 train_distortion: 2.9206 train_mapscore: 0.5643 train_c: -1.0396 train_max_dist: 28.6040 train_imax: 13.1127 train_imin: -50.3139 time: 2.7094s
INFO:root:Epoch: 1985 lr: 0.01 train_loss: 93519.5312 train_distortion: 2.9507 train_mapscore: 0.5693 train_c: -1.0395 train_max_dist: 28.6748 train_imax: 13.2065 train_imin: -50.6320 time: 2.7333s
INFO:root:Epoch: 1990 lr: 0.01 train_loss: 93308.6484 train_distortion: 2.9813 train_mapscore: 0.5731 train_c: -1.0394 train_max_dist: 28.7529 train_imax: 13.2902 train_imin: -50.9487 time: 2.6816s
INFO:root:Epoch: 1995 lr: 0.01 train_loss: 93126.9922 train_distortion: 3.0145 train_mapscore: 0.5770 train_c: -1.0392 train_max_dist: 28.8330 train_imax: 13.3782 train_imin: -51.3061 time: 2.6859s
INFO:root:Epoch: 2000 lr: 0.0025 train_loss: 92963.2266 train_distortion: 3.0455 train_mapscore: 0.5793 train_c: -1.0391 train_max_dist: 28.9111 train_imax: 13.4390 train_imin: -51.6287 time: 2.6918s
INFO:root:Optimization Finished!
INFO:root:Total time elapsed: 5685.1836s
INFO:root:Val set results: val_distortion: 1.0000 val_mapscore: -1.0000 val_c: -1.0000 val_max_dist: 0.0000
INFO:root:Test set results: test_loss: 92919.0547 test_distortion: 3.0517 test_mapscore: 0.5791 test_c: -1.0391 test_max_dist: 28.9272 test_imax: 13.4388 test_imin: -51.6940
INFO:root:Saved model in /workspace/xiongbo/hgcn/logs/md/2021_5_27/22
