INFO:root:Using: cpu
INFO:root:Using seed 1234.
INFO:root:MDModel(
  (encoder): GCN(
    (layers): Sequential(
      (0): GraphConvolution(
        input_dim=2274, output_dim=10
        (linear): Linear(in_features=2274, out_features=10, bias=True)
      )
    )
  )
  (decoder): MDDecoder()
)
INFO:root:Total number of parameters: 22750
/home/xiongbo/anaconda3/envs/kge/lib/python3.7/site-packages/torch/optim/lr_scheduler.py:351: UserWarning: To get the last learning rate computed by the scheduler, please use `get_last_lr()`.
  "please use `get_last_lr()`.", UserWarning)
INFO:root:Epoch: 0005 lr: 0.01 train_loss: 1202143.1250 train_mapscore: 0.6276 time: 3.4412s
INFO:root:Epoch: 0010 lr: 0.01 train_loss: 1195518.0000 train_mapscore: 0.6503 time: 3.3516s
INFO:root:Epoch: 0015 lr: 0.01 train_loss: 1180237.8750 train_mapscore: 0.6541 time: 3.7118s
INFO:root:Epoch: 0020 lr: 0.01 train_loss: 1154574.7500 train_mapscore: 0.6555 time: 3.3371s
INFO:root:Epoch: 0025 lr: 0.01 train_loss: 1117962.5000 train_mapscore: 0.6574 time: 3.4238s
INFO:root:Epoch: 0030 lr: 0.01 train_loss: 1072472.2500 train_mapscore: 0.6581 time: 3.4060s
INFO:root:Epoch: 0035 lr: 0.01 train_loss: 1019608.5625 train_mapscore: 0.6581 time: 3.5860s
INFO:root:Epoch: 0040 lr: 0.01 train_loss: 961832.5000 train_mapscore: 0.6586 time: 3.6916s
INFO:root:Epoch: 0045 lr: 0.01 train_loss: 902091.0625 train_mapscore: 0.6587 time: 3.3576s
INFO:root:Epoch: 0050 lr: 0.01 train_loss: 843417.0625 train_mapscore: 0.6599 time: 3.6088s
INFO:root:Epoch: 0055 lr: 0.01 train_loss: 788906.1875 train_mapscore: 0.6612 time: 3.7787s
INFO:root:Epoch: 0060 lr: 0.01 train_loss: 741154.5000 train_mapscore: 0.6632 time: 3.4207s
INFO:root:Epoch: 0065 lr: 0.01 train_loss: 700743.1250 train_mapscore: 0.6659 time: 3.4831s
INFO:root:Epoch: 0070 lr: 0.01 train_loss: 666707.5000 train_mapscore: 0.6698 time: 3.3849s
INFO:root:Epoch: 0075 lr: 0.01 train_loss: 637769.1250 train_mapscore: 0.6772 time: 3.6443s
INFO:root:Epoch: 0080 lr: 0.01 train_loss: 612708.2500 train_mapscore: 0.6823 time: 3.4329s
INFO:root:Epoch: 0085 lr: 0.01 train_loss: 590430.0625 train_mapscore: 0.6884 time: 3.6688s
INFO:root:Epoch: 0090 lr: 0.01 train_loss: 570290.9375 train_mapscore: 0.6946 time: 3.8039s
INFO:root:Epoch: 0095 lr: 0.01 train_loss: 552357.2500 train_mapscore: 0.7008 time: 3.6547s
INFO:root:Epoch: 0100 lr: 0.01 train_loss: 536598.6250 train_mapscore: 0.7053 time: 3.3475s
INFO:root:Epoch: 0105 lr: 0.01 train_loss: 522993.2500 train_mapscore: 0.7097 time: 3.3385s
INFO:root:Epoch: 0110 lr: 0.01 train_loss: 511379.1250 train_mapscore: 0.7136 time: 3.3441s
INFO:root:Epoch: 0115 lr: 0.01 train_loss: 501389.9375 train_mapscore: 0.7173 time: 3.3080s
INFO:root:Epoch: 0120 lr: 0.01 train_loss: 492645.7812 train_mapscore: 0.7205 time: 3.3427s
INFO:root:Epoch: 0125 lr: 0.01 train_loss: 484898.3125 train_mapscore: 0.7232 time: 3.3754s
INFO:root:Epoch: 0130 lr: 0.01 train_loss: 477931.7188 train_mapscore: 0.7260 time: 3.6960s
INFO:root:Epoch: 0135 lr: 0.01 train_loss: 471634.9062 train_mapscore: 0.7278 time: 3.6474s
INFO:root:Epoch: 0140 lr: 0.01 train_loss: 465917.7500 train_mapscore: 0.7302 time: 3.4836s
INFO:root:Epoch: 0145 lr: 0.01 train_loss: 460724.5000 train_mapscore: 0.7335 time: 3.3726s
INFO:root:Epoch: 0150 lr: 0.01 train_loss: 455987.4062 train_mapscore: 0.7366 time: 3.2428s
INFO:root:Epoch: 0155 lr: 0.01 train_loss: 451632.1875 train_mapscore: 0.7385 time: 3.5171s
INFO:root:Epoch: 0160 lr: 0.01 train_loss: 447622.9062 train_mapscore: 0.7400 time: 3.6187s
INFO:root:Epoch: 0165 lr: 0.01 train_loss: 443935.1250 train_mapscore: 0.7413 time: 3.3680s
INFO:root:Epoch: 0170 lr: 0.01 train_loss: 440516.5625 train_mapscore: 0.7429 time: 3.3736s
INFO:root:Epoch: 0175 lr: 0.01 train_loss: 437325.2188 train_mapscore: 0.7444 time: 3.3750s
INFO:root:Epoch: 0180 lr: 0.01 train_loss: 434344.1250 train_mapscore: 0.7460 time: 3.4406s
INFO:root:Epoch: 0185 lr: 0.01 train_loss: 431540.6875 train_mapscore: 0.7480 time: 3.3528s
INFO:root:Epoch: 0190 lr: 0.01 train_loss: 428889.4688 train_mapscore: 0.7491 time: 3.3197s
INFO:root:Epoch: 0195 lr: 0.01 train_loss: 426463.5000 train_mapscore: 0.7506 time: 3.4557s
INFO:root:Epoch: 0200 lr: 0.01 train_loss: 424181.4375 train_mapscore: 0.7521 time: 3.6096s
INFO:root:Epoch: 0205 lr: 0.01 train_loss: 422026.5938 train_mapscore: 0.7534 time: 3.3819s
INFO:root:Epoch: 0210 lr: 0.01 train_loss: 419981.0000 train_mapscore: 0.7544 time: 3.5561s
INFO:root:Epoch: 0215 lr: 0.01 train_loss: 418053.5000 train_mapscore: 0.7560 time: 3.5524s
INFO:root:Epoch: 0220 lr: 0.01 train_loss: 416217.0312 train_mapscore: 0.7574 time: 3.3861s
INFO:root:Epoch: 0225 lr: 0.01 train_loss: 414463.2812 train_mapscore: 0.7588 time: 3.2983s
INFO:root:Epoch: 0230 lr: 0.01 train_loss: 412783.2500 train_mapscore: 0.7600 time: 3.3392s
INFO:root:Epoch: 0235 lr: 0.01 train_loss: 411171.0000 train_mapscore: 0.7612 time: 3.4644s
INFO:root:Epoch: 0240 lr: 0.01 train_loss: 409621.1250 train_mapscore: 0.7625 time: 3.6106s
INFO:root:Epoch: 0245 lr: 0.01 train_loss: 408125.7500 train_mapscore: 0.7638 time: 3.6837s
INFO:root:Epoch: 0250 lr: 0.01 train_loss: 406677.6250 train_mapscore: 0.7646 time: 3.5030s
INFO:root:Epoch: 0255 lr: 0.01 train_loss: 405274.8125 train_mapscore: 0.7658 time: 3.3712s
INFO:root:Epoch: 0260 lr: 0.01 train_loss: 403918.2500 train_mapscore: 0.7669 time: 3.5595s
INFO:root:Epoch: 0265 lr: 0.01 train_loss: 402593.4375 train_mapscore: 0.7675 time: 3.4715s
INFO:root:Epoch: 0270 lr: 0.01 train_loss: 401300.7188 train_mapscore: 0.7683 time: 3.5217s
INFO:root:Epoch: 0275 lr: 0.01 train_loss: 400038.8750 train_mapscore: 0.7690 time: 3.2723s
INFO:root:Epoch: 0280 lr: 0.01 train_loss: 398803.9375 train_mapscore: 0.7700 time: 3.3574s
INFO:root:Epoch: 0285 lr: 0.01 train_loss: 397607.8438 train_mapscore: 0.7707 time: 3.3108s
INFO:root:Epoch: 0290 lr: 0.01 train_loss: 396441.8125 train_mapscore: 0.7713 time: 3.2336s
INFO:root:Epoch: 0295 lr: 0.01 train_loss: 395307.5312 train_mapscore: 0.7718 time: 3.4442s
INFO:root:Epoch: 0300 lr: 0.01 train_loss: 394206.3750 train_mapscore: 0.7723 time: 3.4789s
INFO:root:Epoch: 0305 lr: 0.01 train_loss: 393139.3750 train_mapscore: 0.7731 time: 3.5336s
INFO:root:Epoch: 0310 lr: 0.01 train_loss: 392101.2188 train_mapscore: 0.7736 time: 3.2790s
INFO:root:Epoch: 0315 lr: 0.01 train_loss: 391084.3125 train_mapscore: 0.7739 time: 3.5854s
INFO:root:Epoch: 0320 lr: 0.01 train_loss: 390086.0625 train_mapscore: 0.7746 time: 3.2292s
INFO:root:Epoch: 0325 lr: 0.01 train_loss: 389106.1875 train_mapscore: 0.7752 time: 3.3590s
INFO:root:Epoch: 0330 lr: 0.01 train_loss: 388141.7500 train_mapscore: 0.7764 time: 3.4175s
INFO:root:Epoch: 0335 lr: 0.01 train_loss: 387191.9062 train_mapscore: 0.7772 time: 3.5061s
INFO:root:Epoch: 0340 lr: 0.01 train_loss: 386257.8750 train_mapscore: 0.7781 time: 3.2572s
INFO:root:Epoch: 0345 lr: 0.01 train_loss: 385336.3125 train_mapscore: 0.7785 time: 3.3881s
INFO:root:Epoch: 0350 lr: 0.01 train_loss: 384426.3125 train_mapscore: 0.7791 time: 3.2508s
INFO:root:Epoch: 0355 lr: 0.01 train_loss: 383527.5625 train_mapscore: 0.7797 time: 3.4100s
INFO:root:Epoch: 0360 lr: 0.01 train_loss: 382642.4375 train_mapscore: 0.7803 time: 3.2539s
INFO:root:Epoch: 0365 lr: 0.01 train_loss: 381771.0000 train_mapscore: 0.7813 time: 3.3915s
INFO:root:Epoch: 0370 lr: 0.01 train_loss: 380910.1875 train_mapscore: 0.7819 time: 3.5623s
INFO:root:Epoch: 0375 lr: 0.01 train_loss: 380065.3125 train_mapscore: 0.7821 time: 3.3567s
INFO:root:Epoch: 0380 lr: 0.01 train_loss: 379229.6250 train_mapscore: 0.7829 time: 3.3869s
INFO:root:Epoch: 0385 lr: 0.01 train_loss: 378408.1875 train_mapscore: 0.7836 time: 3.3440s
INFO:root:Epoch: 0390 lr: 0.01 train_loss: 377597.6250 train_mapscore: 0.7839 time: 3.2978s
INFO:root:Epoch: 0395 lr: 0.01 train_loss: 376796.8438 train_mapscore: 0.7848 time: 3.5689s
INFO:root:Epoch: 0400 lr: 0.01 train_loss: 376006.0938 train_mapscore: 0.7852 time: 3.4306s
INFO:root:Epoch: 0405 lr: 0.01 train_loss: 375226.5312 train_mapscore: 0.7861 time: 3.5008s
INFO:root:Epoch: 0410 lr: 0.01 train_loss: 374456.6562 train_mapscore: 0.7866 time: 3.1787s
INFO:root:Epoch: 0415 lr: 0.01 train_loss: 373692.9688 train_mapscore: 0.7872 time: 3.5436s
INFO:root:Epoch: 0420 lr: 0.01 train_loss: 372938.5625 train_mapscore: 0.7875 time: 3.3795s
INFO:root:Epoch: 0425 lr: 0.01 train_loss: 372193.6250 train_mapscore: 0.7880 time: 3.2667s
INFO:root:Epoch: 0430 lr: 0.01 train_loss: 371460.5312 train_mapscore: 0.7885 time: 3.2886s
INFO:root:Epoch: 0435 lr: 0.01 train_loss: 370736.4688 train_mapscore: 0.7890 time: 3.4649s
INFO:root:Epoch: 0440 lr: 0.01 train_loss: 370022.4375 train_mapscore: 0.7901 time: 3.5939s
INFO:root:Epoch: 0445 lr: 0.01 train_loss: 369311.0312 train_mapscore: 0.7906 time: 2.9998s
INFO:root:Epoch: 0450 lr: 0.01 train_loss: 368610.9375 train_mapscore: 0.7909 time: 3.4862s
INFO:root:Epoch: 0455 lr: 0.01 train_loss: 367923.3125 train_mapscore: 0.7914 time: 3.3204s
INFO:root:Epoch: 0460 lr: 0.01 train_loss: 367245.4062 train_mapscore: 0.7916 time: 3.3329s
INFO:root:Epoch: 0465 lr: 0.01 train_loss: 366583.9062 train_mapscore: 0.7923 time: 3.7165s
INFO:root:Epoch: 0470 lr: 0.01 train_loss: 365939.6875 train_mapscore: 0.7927 time: 3.7005s
INFO:root:Epoch: 0475 lr: 0.01 train_loss: 365303.2188 train_mapscore: 0.7940 time: 3.5259s
INFO:root:Epoch: 0480 lr: 0.01 train_loss: 364679.1250 train_mapscore: 0.7945 time: 3.4307s
INFO:root:Epoch: 0485 lr: 0.01 train_loss: 364062.8438 train_mapscore: 0.7948 time: 3.5735s
INFO:root:Epoch: 0490 lr: 0.01 train_loss: 363456.0625 train_mapscore: 0.7953 time: 3.1997s
INFO:root:Epoch: 0495 lr: 0.01 train_loss: 362858.0938 train_mapscore: 0.7956 time: 3.4707s
INFO:root:Epoch: 0500 lr: 0.01 train_loss: 362268.4688 train_mapscore: 0.7963 time: 3.6578s
INFO:root:Epoch: 0505 lr: 0.01 train_loss: 361685.1562 train_mapscore: 0.7967 time: 3.0327s
INFO:root:Epoch: 0510 lr: 0.01 train_loss: 361107.2812 train_mapscore: 0.7975 time: 3.5228s
INFO:root:Epoch: 0515 lr: 0.01 train_loss: 360537.1250 train_mapscore: 0.7981 time: 3.3202s
INFO:root:Epoch: 0520 lr: 0.01 train_loss: 359976.4062 train_mapscore: 0.7987 time: 3.8427s
INFO:root:Epoch: 0525 lr: 0.01 train_loss: 359422.0000 train_mapscore: 0.7990 time: 3.4744s
INFO:root:Epoch: 0530 lr: 0.01 train_loss: 358873.7812 train_mapscore: 0.7991 time: 3.6061s
INFO:root:Epoch: 0535 lr: 0.01 train_loss: 358332.1562 train_mapscore: 0.7997 time: 3.3722s
INFO:root:Epoch: 0540 lr: 0.01 train_loss: 357801.9688 train_mapscore: 0.7999 time: 3.3148s
INFO:root:Epoch: 0545 lr: 0.01 train_loss: 357275.2500 train_mapscore: 0.8003 time: 3.3024s
INFO:root:Epoch: 0550 lr: 0.01 train_loss: 356741.5938 train_mapscore: 0.8007 time: 3.2482s
INFO:root:Epoch: 0555 lr: 0.01 train_loss: 356211.5625 train_mapscore: 0.8014 time: 3.2822s
INFO:root:Epoch: 0560 lr: 0.01 train_loss: 355673.2812 train_mapscore: 0.8017 time: 3.2937s
INFO:root:Epoch: 0565 lr: 0.01 train_loss: 355145.9062 train_mapscore: 0.8026 time: 3.5262s
INFO:root:Epoch: 0570 lr: 0.01 train_loss: 354638.6875 train_mapscore: 0.8029 time: 3.4096s
INFO:root:Epoch: 0575 lr: 0.01 train_loss: 354143.6562 train_mapscore: 0.8033 time: 3.5458s
INFO:root:Epoch: 0580 lr: 0.01 train_loss: 353609.0625 train_mapscore: 0.8035 time: 3.2130s
INFO:root:Epoch: 0585 lr: 0.01 train_loss: 353072.4688 train_mapscore: 0.8039 time: 3.1893s
INFO:root:Epoch: 0590 lr: 0.01 train_loss: 352547.3125 train_mapscore: 0.8040 time: 3.2061s
INFO:root:Epoch: 0595 lr: 0.01 train_loss: 352039.3125 train_mapscore: 0.8046 time: 3.1427s
INFO:root:Epoch: 0600 lr: 0.01 train_loss: 351546.4375 train_mapscore: 0.8036 time: 3.3336s
INFO:root:Epoch: 0605 lr: 0.01 train_loss: 351068.5312 train_mapscore: 0.8053 time: 3.3633s
INFO:root:Epoch: 0610 lr: 0.01 train_loss: 350606.8750 train_mapscore: 0.8054 time: 3.5698s
INFO:root:Epoch: 0615 lr: 0.01 train_loss: 350158.2500 train_mapscore: 0.8059 time: 3.5330s
INFO:root:Epoch: 0620 lr: 0.01 train_loss: 349721.0938 train_mapscore: 0.8060 time: 3.3565s
INFO:root:Epoch: 0625 lr: 0.01 train_loss: 349295.1562 train_mapscore: 0.8061 time: 3.3466s
INFO:root:Epoch: 0630 lr: 0.01 train_loss: 348878.3125 train_mapscore: 0.8065 time: 3.3366s
INFO:root:Epoch: 0635 lr: 0.01 train_loss: 348470.1250 train_mapscore: 0.8067 time: 3.2765s
INFO:root:Epoch: 0640 lr: 0.01 train_loss: 348070.5625 train_mapscore: 0.8055 time: 3.6715s
INFO:root:Epoch: 0645 lr: 0.01 train_loss: 347677.2500 train_mapscore: 0.8060 time: 3.4229s
INFO:root:Epoch: 0650 lr: 0.01 train_loss: 347290.9375 train_mapscore: 0.8072 time: 3.4209s
INFO:root:Epoch: 0655 lr: 0.01 train_loss: 346910.0625 train_mapscore: 0.8063 time: 3.4422s
INFO:root:Epoch: 0660 lr: 0.01 train_loss: 346534.0625 train_mapscore: 0.8078 time: 3.2726s
INFO:root:Epoch: 0665 lr: 0.01 train_loss: 346165.5938 train_mapscore: 0.8067 time: 3.3212s
INFO:root:Epoch: 0670 lr: 0.01 train_loss: 345801.1562 train_mapscore: 0.8084 time: 3.3797s
INFO:root:Epoch: 0675 lr: 0.01 train_loss: 345441.8750 train_mapscore: 0.8087 time: 3.3026s
INFO:root:Epoch: 0680 lr: 0.01 train_loss: 345087.6562 train_mapscore: 0.8078 time: 3.1471s
INFO:root:Epoch: 0685 lr: 0.01 train_loss: 344722.0000 train_mapscore: 0.8097 time: 3.3937s
INFO:root:Epoch: 0690 lr: 0.01 train_loss: 344344.0625 train_mapscore: 0.8099 time: 3.2967s
INFO:root:Epoch: 0695 lr: 0.01 train_loss: 343972.5625 train_mapscore: 0.8101 time: 3.5119s
INFO:root:Epoch: 0700 lr: 0.01 train_loss: 343608.9375 train_mapscore: 0.8096 time: 3.3377s
INFO:root:Epoch: 0705 lr: 0.01 train_loss: 343251.1250 train_mapscore: 0.8108 time: 3.6101s
INFO:root:Epoch: 0710 lr: 0.01 train_loss: 342895.3125 train_mapscore: 0.8110 time: 3.3876s
INFO:root:Epoch: 0715 lr: 0.01 train_loss: 342542.1875 train_mapscore: 0.8112 time: 3.6463s
INFO:root:Epoch: 0720 lr: 0.01 train_loss: 342192.9062 train_mapscore: 0.8114 time: 3.2913s
INFO:root:Epoch: 0725 lr: 0.01 train_loss: 341847.2188 train_mapscore: 0.8115 time: 3.2943s
INFO:root:Epoch: 0730 lr: 0.01 train_loss: 341506.0312 train_mapscore: 0.8116 time: 3.3775s
INFO:root:Epoch: 0735 lr: 0.01 train_loss: 341170.0000 train_mapscore: 0.8105 time: 3.4230s
INFO:root:Epoch: 0740 lr: 0.01 train_loss: 340841.7188 train_mapscore: 0.8120 time: 3.1977s
INFO:root:Epoch: 0745 lr: 0.01 train_loss: 340515.3125 train_mapscore: 0.8122 time: 3.2678s
INFO:root:Epoch: 0750 lr: 0.01 train_loss: 340193.5625 train_mapscore: 0.8124 time: 3.3068s
INFO:root:Epoch: 0755 lr: 0.01 train_loss: 339873.0938 train_mapscore: 0.8128 time: 3.5171s
INFO:root:Epoch: 0760 lr: 0.01 train_loss: 339557.8125 train_mapscore: 0.8131 time: 3.3393s
INFO:root:Epoch: 0765 lr: 0.01 train_loss: 339244.3125 train_mapscore: 0.8132 time: 3.2472s
INFO:root:Epoch: 0770 lr: 0.01 train_loss: 338931.9375 train_mapscore: 0.8135 time: 3.1599s
INFO:root:Epoch: 0775 lr: 0.01 train_loss: 338621.5000 train_mapscore: 0.8127 time: 3.4931s
INFO:root:Epoch: 0780 lr: 0.01 train_loss: 338311.6250 train_mapscore: 0.8138 time: 3.4619s
INFO:root:Epoch: 0785 lr: 0.01 train_loss: 338009.6250 train_mapscore: 0.8127 time: 3.5849s
INFO:root:Epoch: 0790 lr: 0.01 train_loss: 337718.0312 train_mapscore: 0.8140 time: 3.4963s
INFO:root:Epoch: 0795 lr: 0.01 train_loss: 337431.0938 train_mapscore: 0.8143 time: 3.3382s
INFO:root:Epoch: 0800 lr: 0.01 train_loss: 337148.7812 train_mapscore: 0.8146 time: 3.2007s
INFO:root:Epoch: 0805 lr: 0.01 train_loss: 336869.5625 train_mapscore: 0.8147 time: 3.4583s
INFO:root:Epoch: 0810 lr: 0.01 train_loss: 336593.5625 train_mapscore: 0.8150 time: 3.3170s
INFO:root:Epoch: 0815 lr: 0.01 train_loss: 336322.3125 train_mapscore: 0.8150 time: 3.4167s
INFO:root:Epoch: 0820 lr: 0.01 train_loss: 336054.9375 train_mapscore: 0.8152 time: 3.6148s
INFO:root:Epoch: 0825 lr: 0.01 train_loss: 335791.0312 train_mapscore: 0.8139 time: 3.4642s
INFO:root:Epoch: 0830 lr: 0.01 train_loss: 335530.4375 train_mapscore: 0.8154 time: 3.1483s
INFO:root:Epoch: 0835 lr: 0.01 train_loss: 335268.7812 train_mapscore: 0.8156 time: 3.5178s
INFO:root:Epoch: 0840 lr: 0.01 train_loss: 335008.1250 train_mapscore: 0.8147 time: 3.3750s
INFO:root:Epoch: 0845 lr: 0.01 train_loss: 334746.9062 train_mapscore: 0.8161 time: 3.4412s
INFO:root:Epoch: 0850 lr: 0.01 train_loss: 334488.3750 train_mapscore: 0.8162 time: 3.5621s
INFO:root:Epoch: 0855 lr: 0.01 train_loss: 334232.0000 train_mapscore: 0.8164 time: 3.5962s
INFO:root:Epoch: 0860 lr: 0.01 train_loss: 333980.0938 train_mapscore: 0.8152 time: 3.4138s
INFO:root:Epoch: 0865 lr: 0.01 train_loss: 333732.6875 train_mapscore: 0.8166 time: 3.3778s
INFO:root:Epoch: 0870 lr: 0.01 train_loss: 333489.0938 train_mapscore: 0.8153 time: 3.3307s
INFO:root:Epoch: 0875 lr: 0.01 train_loss: 333249.3438 train_mapscore: 0.8171 time: 3.3797s
INFO:root:Epoch: 0880 lr: 0.01 train_loss: 333012.7188 train_mapscore: 0.8171 time: 3.5210s
INFO:root:Epoch: 0885 lr: 0.01 train_loss: 332780.9375 train_mapscore: 0.8172 time: 3.5258s
INFO:root:Epoch: 0890 lr: 0.01 train_loss: 332555.4062 train_mapscore: 0.8173 time: 2.9143s
INFO:root:Epoch: 0895 lr: 0.01 train_loss: 332332.9375 train_mapscore: 0.8174 time: 3.6282s
INFO:root:Epoch: 0900 lr: 0.01 train_loss: 332113.4688 train_mapscore: 0.8169 time: 3.4989s
INFO:root:Epoch: 0905 lr: 0.01 train_loss: 331898.1875 train_mapscore: 0.8185 time: 3.4409s
INFO:root:Epoch: 0910 lr: 0.01 train_loss: 331686.7500 train_mapscore: 0.8189 time: 3.4472s
INFO:root:Epoch: 0915 lr: 0.01 train_loss: 331478.6875 train_mapscore: 0.8190 time: 3.6268s
INFO:root:Epoch: 0920 lr: 0.01 train_loss: 331273.5938 train_mapscore: 0.8193 time: 3.6415s
INFO:root:Epoch: 0925 lr: 0.01 train_loss: 331071.9375 train_mapscore: 0.8194 time: 3.6094s
INFO:root:Epoch: 0930 lr: 0.01 train_loss: 330871.6250 train_mapscore: 0.8182 time: 3.4645s
INFO:root:Epoch: 0935 lr: 0.01 train_loss: 330674.5312 train_mapscore: 0.8197 time: 3.4739s
INFO:root:Epoch: 0940 lr: 0.01 train_loss: 330481.5312 train_mapscore: 0.8183 time: 3.3634s
INFO:root:Epoch: 0945 lr: 0.01 train_loss: 330290.3125 train_mapscore: 0.8198 time: 3.3961s
INFO:root:Epoch: 0950 lr: 0.01 train_loss: 330100.5938 train_mapscore: 0.8185 time: 3.5634s
INFO:root:Epoch: 0955 lr: 0.01 train_loss: 329913.1562 train_mapscore: 0.8201 time: 3.6257s
INFO:root:Epoch: 0960 lr: 0.01 train_loss: 329727.0000 train_mapscore: 0.8203 time: 3.3459s
INFO:root:Epoch: 0965 lr: 0.01 train_loss: 329544.3125 train_mapscore: 0.8204 time: 3.4373s
INFO:root:Epoch: 0970 lr: 0.01 train_loss: 329361.7812 train_mapscore: 0.8206 time: 3.5015s
INFO:root:Epoch: 0975 lr: 0.01 train_loss: 329182.2188 train_mapscore: 0.8196 time: 3.3475s
INFO:root:Epoch: 0980 lr: 0.01 train_loss: 329001.5625 train_mapscore: 0.8212 time: 3.5421s
INFO:root:Epoch: 0985 lr: 0.01 train_loss: 328822.0000 train_mapscore: 0.8211 time: 3.6836s
INFO:root:Epoch: 0990 lr: 0.01 train_loss: 328642.7812 train_mapscore: 0.8215 time: 3.8206s
INFO:root:Epoch: 0995 lr: 0.01 train_loss: 328465.7500 train_mapscore: 0.8203 time: 3.3987s
INFO:root:Epoch: 1000 lr: 0.01 train_loss: 328294.1875 train_mapscore: 0.8204 time: 3.1955s
INFO:root:Epoch: 1005 lr: 0.01 train_loss: 328121.8125 train_mapscore: 0.8218 time: 3.4070s
INFO:root:Epoch: 1010 lr: 0.01 train_loss: 327952.2500 train_mapscore: 0.8220 time: 3.4244s
INFO:root:Epoch: 1015 lr: 0.01 train_loss: 327783.8750 train_mapscore: 0.8221 time: 3.6851s
INFO:root:Epoch: 1020 lr: 0.01 train_loss: 327617.4688 train_mapscore: 0.8221 time: 3.4134s
INFO:root:Epoch: 1025 lr: 0.01 train_loss: 327452.7812 train_mapscore: 0.8222 time: 3.2820s
INFO:root:Epoch: 1030 lr: 0.01 train_loss: 327289.3750 train_mapscore: 0.8224 time: 3.2639s
INFO:root:Epoch: 1035 lr: 0.01 train_loss: 327127.2188 train_mapscore: 0.8225 time: 3.2976s
INFO:root:Epoch: 1040 lr: 0.01 train_loss: 326966.3750 train_mapscore: 0.8227 time: 3.3662s
INFO:root:Epoch: 1045 lr: 0.01 train_loss: 326806.6562 train_mapscore: 0.8215 time: 3.3512s
INFO:root:Epoch: 1050 lr: 0.01 train_loss: 326650.0000 train_mapscore: 0.8229 time: 3.5010s
INFO:root:Epoch: 1055 lr: 0.01 train_loss: 326492.4688 train_mapscore: 0.8219 time: 3.4378s
INFO:root:Epoch: 1060 lr: 0.01 train_loss: 326336.8125 train_mapscore: 0.8233 time: 3.7854s
INFO:root:Epoch: 1065 lr: 0.01 train_loss: 326182.6875 train_mapscore: 0.8234 time: 3.2872s
INFO:root:Epoch: 1070 lr: 0.01 train_loss: 326029.4375 train_mapscore: 0.8235 time: 3.2914s
INFO:root:Epoch: 1075 lr: 0.01 train_loss: 325878.0312 train_mapscore: 0.8236 time: 3.3901s
INFO:root:Epoch: 1080 lr: 0.01 train_loss: 325727.0625 train_mapscore: 0.8224 time: 3.3259s
INFO:root:Epoch: 1085 lr: 0.01 train_loss: 325577.2188 train_mapscore: 0.8238 time: 3.4965s
INFO:root:Epoch: 1090 lr: 0.01 train_loss: 325428.2188 train_mapscore: 0.8239 time: 3.3124s
INFO:root:Epoch: 1095 lr: 0.01 train_loss: 325280.9688 train_mapscore: 0.8227 time: 3.3311s
INFO:root:Epoch: 1100 lr: 0.01 train_loss: 325132.9375 train_mapscore: 0.8241 time: 3.0476s
INFO:root:Epoch: 1105 lr: 0.01 train_loss: 324986.6562 train_mapscore: 0.8241 time: 3.3178s
INFO:root:Epoch: 1110 lr: 0.01 train_loss: 324842.6875 train_mapscore: 0.8242 time: 3.2859s
INFO:root:Epoch: 1115 lr: 0.01 train_loss: 324698.1250 train_mapscore: 0.8242 time: 3.3140s
INFO:root:Epoch: 1120 lr: 0.01 train_loss: 324554.7500 train_mapscore: 0.8241 time: 3.3529s
INFO:root:Epoch: 1125 lr: 0.01 train_loss: 324411.6562 train_mapscore: 0.8243 time: 3.5501s
INFO:root:Epoch: 1130 lr: 0.01 train_loss: 324270.2500 train_mapscore: 0.8233 time: 3.4478s
INFO:root:Epoch: 1135 lr: 0.01 train_loss: 324129.3438 train_mapscore: 0.8232 time: 3.4738s
INFO:root:Epoch: 1140 lr: 0.01 train_loss: 323990.4062 train_mapscore: 0.8246 time: 3.4494s
INFO:root:Epoch: 1145 lr: 0.01 train_loss: 323852.0312 train_mapscore: 0.8247 time: 3.3309s
INFO:root:Epoch: 1150 lr: 0.01 train_loss: 323711.0625 train_mapscore: 0.8244 time: 3.7259s
INFO:root:Epoch: 1155 lr: 0.01 train_loss: 323570.1250 train_mapscore: 0.8253 time: 3.2313s
INFO:root:Epoch: 1160 lr: 0.01 train_loss: 323428.7188 train_mapscore: 0.8254 time: 3.3004s
INFO:root:Epoch: 1165 lr: 0.01 train_loss: 323287.2500 train_mapscore: 0.8256 time: 3.3670s
INFO:root:Epoch: 1170 lr: 0.01 train_loss: 323146.3438 train_mapscore: 0.8258 time: 3.4301s
INFO:root:Epoch: 1175 lr: 0.01 train_loss: 323006.7188 train_mapscore: 0.8261 time: 3.5092s
INFO:root:Epoch: 1180 lr: 0.01 train_loss: 322868.4062 train_mapscore: 0.8262 time: 3.1733s
INFO:root:Epoch: 1185 lr: 0.01 train_loss: 322731.0625 train_mapscore: 0.8262 time: 3.3587s
INFO:root:Epoch: 1190 lr: 0.01 train_loss: 322594.9375 train_mapscore: 0.8250 time: 3.4816s
INFO:root:Epoch: 1195 lr: 0.01 train_loss: 322460.6250 train_mapscore: 0.8264 time: 2.9622s
INFO:root:Epoch: 1200 lr: 0.01 train_loss: 322326.0625 train_mapscore: 0.8264 time: 3.5077s
INFO:root:Epoch: 1205 lr: 0.01 train_loss: 322194.0000 train_mapscore: 0.8267 time: 3.2468s
INFO:root:Epoch: 1210 lr: 0.01 train_loss: 322062.2188 train_mapscore: 0.8257 time: 3.2834s
INFO:root:Epoch: 1215 lr: 0.01 train_loss: 321931.4375 train_mapscore: 0.8271 time: 3.3795s
INFO:root:Epoch: 1220 lr: 0.01 train_loss: 321801.5938 train_mapscore: 0.8259 time: 3.5070s
INFO:root:Epoch: 1225 lr: 0.01 train_loss: 321672.1875 train_mapscore: 0.8272 time: 3.4631s
INFO:root:Epoch: 1230 lr: 0.01 train_loss: 321543.9688 train_mapscore: 0.8273 time: 3.3980s
INFO:root:Epoch: 1235 lr: 0.01 train_loss: 321416.6562 train_mapscore: 0.8274 time: 3.4977s
INFO:root:Epoch: 1240 lr: 0.01 train_loss: 321290.6562 train_mapscore: 0.8263 time: 3.4349s
INFO:root:Epoch: 1245 lr: 0.01 train_loss: 321165.1562 train_mapscore: 0.8276 time: 3.3376s
INFO:root:Epoch: 1250 lr: 0.01 train_loss: 321040.0312 train_mapscore: 0.8264 time: 3.3515s
INFO:root:Epoch: 1255 lr: 0.01 train_loss: 320916.0000 train_mapscore: 0.8279 time: 3.3460s
INFO:root:Epoch: 1260 lr: 0.01 train_loss: 320792.7188 train_mapscore: 0.8281 time: 3.1513s
INFO:root:Epoch: 1265 lr: 0.01 train_loss: 320668.5312 train_mapscore: 0.8267 time: 3.5388s
INFO:root:Epoch: 1270 lr: 0.01 train_loss: 320544.7812 train_mapscore: 0.8279 time: 3.5264s
INFO:root:Epoch: 1275 lr: 0.01 train_loss: 320421.5938 train_mapscore: 0.8271 time: 3.4784s
INFO:root:Epoch: 1280 lr: 0.01 train_loss: 320299.1875 train_mapscore: 0.8283 time: 3.2618s
INFO:root:Epoch: 1285 lr: 0.01 train_loss: 320177.7812 train_mapscore: 0.8282 time: 3.2056s
INFO:root:Epoch: 1290 lr: 0.01 train_loss: 320056.0312 train_mapscore: 0.8284 time: 3.2505s
INFO:root:Epoch: 1295 lr: 0.01 train_loss: 319935.7500 train_mapscore: 0.8285 time: 3.1583s
INFO:root:Epoch: 1300 lr: 0.01 train_loss: 319814.0000 train_mapscore: 0.8287 time: 3.1720s
INFO:root:Epoch: 1305 lr: 0.01 train_loss: 319691.2812 train_mapscore: 0.8288 time: 3.4250s
INFO:root:Epoch: 1310 lr: 0.01 train_loss: 319569.0000 train_mapscore: 0.8291 time: 3.4027s
INFO:root:Epoch: 1315 lr: 0.01 train_loss: 319448.0938 train_mapscore: 0.8291 time: 3.6772s
INFO:root:Epoch: 1320 lr: 0.01 train_loss: 319328.0625 train_mapscore: 0.8292 time: 3.1209s
INFO:root:Epoch: 1325 lr: 0.01 train_loss: 319210.2812 train_mapscore: 0.8278 time: 3.3349s
INFO:root:Epoch: 1330 lr: 0.01 train_loss: 319091.8750 train_mapscore: 0.8291 time: 3.3213s
INFO:root:Epoch: 1335 lr: 0.01 train_loss: 318975.0625 train_mapscore: 0.8293 time: 3.3270s
INFO:root:Epoch: 1340 lr: 0.01 train_loss: 318858.5000 train_mapscore: 0.8293 time: 3.4917s
INFO:root:Epoch: 1345 lr: 0.01 train_loss: 318744.0938 train_mapscore: 0.8293 time: 3.3329s
INFO:root:Epoch: 1350 lr: 0.01 train_loss: 318628.1250 train_mapscore: 0.8294 time: 3.4144s
INFO:root:Epoch: 1355 lr: 0.01 train_loss: 318514.1875 train_mapscore: 0.8294 time: 3.3720s
INFO:root:Epoch: 1360 lr: 0.01 train_loss: 318400.5625 train_mapscore: 0.8295 time: 3.3135s
INFO:root:Epoch: 1365 lr: 0.01 train_loss: 318287.8750 train_mapscore: 0.8297 time: 3.4588s
INFO:root:Epoch: 1370 lr: 0.01 train_loss: 318176.2500 train_mapscore: 0.8297 time: 3.2208s
INFO:root:Epoch: 1375 lr: 0.01 train_loss: 318063.6250 train_mapscore: 0.8287 time: 3.2853s
INFO:root:Epoch: 1380 lr: 0.01 train_loss: 317950.4375 train_mapscore: 0.8287 time: 3.6182s
INFO:root:Epoch: 1385 lr: 0.01 train_loss: 317837.6562 train_mapscore: 0.8299 time: 3.5772s
INFO:root:Epoch: 1390 lr: 0.01 train_loss: 317724.7812 train_mapscore: 0.8300 time: 3.5996s
INFO:root:Epoch: 1395 lr: 0.01 train_loss: 317612.7500 train_mapscore: 0.8288 time: 3.4598s
INFO:root:Epoch: 1400 lr: 0.01 train_loss: 317502.9062 train_mapscore: 0.8302 time: 3.2156s
INFO:root:Epoch: 1405 lr: 0.01 train_loss: 317392.8750 train_mapscore: 0.8289 time: 3.2715s
INFO:root:Epoch: 1410 lr: 0.01 train_loss: 317283.2188 train_mapscore: 0.8302 time: 3.2071s
INFO:root:Epoch: 1415 lr: 0.01 train_loss: 317174.1875 train_mapscore: 0.8304 time: 3.3333s
INFO:root:Epoch: 1420 lr: 0.01 train_loss: 317065.4375 train_mapscore: 0.8291 time: 3.2524s
INFO:root:Epoch: 1425 lr: 0.01 train_loss: 316956.3750 train_mapscore: 0.8293 time: 3.2454s
INFO:root:Epoch: 1430 lr: 0.01 train_loss: 316847.9062 train_mapscore: 0.8307 time: 3.6504s
INFO:root:Epoch: 1435 lr: 0.01 train_loss: 316739.2188 train_mapscore: 0.8308 time: 3.4561s
INFO:root:Epoch: 1440 lr: 0.01 train_loss: 316630.8438 train_mapscore: 0.8309 time: 3.2384s
INFO:root:Epoch: 1445 lr: 0.01 train_loss: 316522.0625 train_mapscore: 0.8310 time: 3.3140s
INFO:root:Epoch: 1450 lr: 0.01 train_loss: 316413.5000 train_mapscore: 0.8301 time: 3.1493s
INFO:root:Epoch: 1455 lr: 0.01 train_loss: 316304.7500 train_mapscore: 0.8313 time: 3.2328s
INFO:root:Epoch: 1460 lr: 0.01 train_loss: 316196.4062 train_mapscore: 0.8311 time: 3.4654s
INFO:root:Epoch: 1465 lr: 0.01 train_loss: 316089.1250 train_mapscore: 0.8312 time: 3.4042s
INFO:root:Epoch: 1470 lr: 0.01 train_loss: 315980.6875 train_mapscore: 0.8311 time: 3.4220s
INFO:root:Epoch: 1475 lr: 0.01 train_loss: 315873.8438 train_mapscore: 0.8299 time: 3.1627s
INFO:root:Epoch: 1480 lr: 0.01 train_loss: 315766.1875 train_mapscore: 0.8313 time: 3.4161s
INFO:root:Epoch: 1485 lr: 0.01 train_loss: 315658.5000 train_mapscore: 0.8314 time: 3.4413s
INFO:root:Epoch: 1490 lr: 0.01 train_loss: 315551.0312 train_mapscore: 0.8316 time: 3.2216s
INFO:root:Epoch: 1495 lr: 0.01 train_loss: 315443.7500 train_mapscore: 0.8316 time: 3.4007s
INFO:root:Epoch: 1500 lr: 0.01 train_loss: 315338.2188 train_mapscore: 0.8317 time: 3.4382s
INFO:root:Epoch: 1505 lr: 0.01 train_loss: 315233.5625 train_mapscore: 0.8305 time: 2.9538s
INFO:root:Epoch: 1510 lr: 0.01 train_loss: 315131.2812 train_mapscore: 0.8306 time: 3.4499s
INFO:root:Epoch: 1515 lr: 0.01 train_loss: 315030.1562 train_mapscore: 0.8317 time: 3.3700s
INFO:root:Epoch: 1520 lr: 0.01 train_loss: 314929.4688 train_mapscore: 0.8319 time: 3.1804s
INFO:root:Epoch: 1525 lr: 0.01 train_loss: 314829.9688 train_mapscore: 0.8319 time: 3.2848s
INFO:root:Epoch: 1530 lr: 0.01 train_loss: 314729.6875 train_mapscore: 0.8324 time: 3.3087s
INFO:root:Epoch: 1535 lr: 0.01 train_loss: 314629.2500 train_mapscore: 0.8325 time: 3.5485s
INFO:root:Epoch: 1540 lr: 0.01 train_loss: 314529.4375 train_mapscore: 0.8326 time: 3.6125s
INFO:root:Epoch: 1545 lr: 0.01 train_loss: 314429.7812 train_mapscore: 0.8326 time: 3.5986s
INFO:root:Epoch: 1550 lr: 0.01 train_loss: 314330.7812 train_mapscore: 0.8327 time: 3.3650s
INFO:root:Epoch: 1555 lr: 0.01 train_loss: 314232.5938 train_mapscore: 0.8324 time: 3.3199s
INFO:root:Epoch: 1560 lr: 0.01 train_loss: 314133.7500 train_mapscore: 0.8329 time: 3.2967s
INFO:root:Epoch: 1565 lr: 0.01 train_loss: 314036.0938 train_mapscore: 0.8330 time: 3.3857s
INFO:root:Epoch: 1570 lr: 0.01 train_loss: 313938.0312 train_mapscore: 0.8330 time: 3.3541s
INFO:root:Epoch: 1575 lr: 0.01 train_loss: 313840.0938 train_mapscore: 0.8332 time: 3.4830s
INFO:root:Epoch: 1580 lr: 0.01 train_loss: 313743.1250 train_mapscore: 0.8334 time: 3.4594s
INFO:root:Epoch: 1585 lr: 0.01 train_loss: 313646.6562 train_mapscore: 0.8322 time: 3.6470s
INFO:root:Epoch: 1590 lr: 0.01 train_loss: 313550.1562 train_mapscore: 0.8336 time: 3.2352s
INFO:root:Epoch: 1595 lr: 0.01 train_loss: 313453.7188 train_mapscore: 0.8324 time: 3.3384s
INFO:root:Epoch: 1600 lr: 0.01 train_loss: 313358.1562 train_mapscore: 0.8334 time: 3.5273s
INFO:root:Epoch: 1605 lr: 0.01 train_loss: 313264.0000 train_mapscore: 0.8323 time: 3.4851s
INFO:root:Epoch: 1610 lr: 0.01 train_loss: 313169.0000 train_mapscore: 0.8337 time: 3.2414s
INFO:root:Epoch: 1615 lr: 0.01 train_loss: 313075.1250 train_mapscore: 0.8324 time: 3.5043s
INFO:root:Epoch: 1620 lr: 0.01 train_loss: 312981.1250 train_mapscore: 0.8338 time: 3.3202s
INFO:root:Epoch: 1625 lr: 0.01 train_loss: 312887.4688 train_mapscore: 0.8338 time: 3.3441s
INFO:root:Epoch: 1630 lr: 0.01 train_loss: 312795.9688 train_mapscore: 0.8339 time: 3.0756s
INFO:root:Epoch: 1635 lr: 0.01 train_loss: 312703.8438 train_mapscore: 0.8339 time: 3.2579s
INFO:root:Epoch: 1640 lr: 0.01 train_loss: 312612.2812 train_mapscore: 0.8327 time: 3.1854s
INFO:root:Epoch: 1645 lr: 0.01 train_loss: 312522.1875 train_mapscore: 0.8341 time: 3.2544s
INFO:root:Epoch: 1650 lr: 0.01 train_loss: 312431.9062 train_mapscore: 0.8329 time: 3.4851s
INFO:root:Epoch: 1655 lr: 0.01 train_loss: 312343.0312 train_mapscore: 0.8342 time: 3.6043s
INFO:root:Epoch: 1660 lr: 0.01 train_loss: 312254.0625 train_mapscore: 0.8330 time: 3.4120s
INFO:root:Epoch: 1665 lr: 0.01 train_loss: 312166.4688 train_mapscore: 0.8343 time: 3.6232s
INFO:root:Epoch: 1670 lr: 0.01 train_loss: 312078.9375 train_mapscore: 0.8344 time: 3.3965s
INFO:root:Epoch: 1675 lr: 0.01 train_loss: 311991.3750 train_mapscore: 0.8344 time: 3.4483s
INFO:root:Epoch: 1680 lr: 0.01 train_loss: 311905.2500 train_mapscore: 0.8345 time: 3.2019s
INFO:root:Epoch: 1685 lr: 0.01 train_loss: 311818.9688 train_mapscore: 0.8345 time: 3.4697s
INFO:root:Epoch: 1690 lr: 0.01 train_loss: 311733.4688 train_mapscore: 0.8346 time: 3.4255s
INFO:root:Epoch: 1695 lr: 0.01 train_loss: 311648.8438 train_mapscore: 0.8347 time: 3.4368s
INFO:root:Epoch: 1700 lr: 0.01 train_loss: 311563.7500 train_mapscore: 0.8344 time: 3.5128s
INFO:root:Epoch: 1705 lr: 0.01 train_loss: 311480.2812 train_mapscore: 0.8336 time: 3.5693s
INFO:root:Epoch: 1710 lr: 0.01 train_loss: 311396.4375 train_mapscore: 0.8347 time: 3.2882s
INFO:root:Epoch: 1715 lr: 0.01 train_loss: 311312.9688 train_mapscore: 0.8346 time: 3.2651s
INFO:root:Epoch: 1720 lr: 0.01 train_loss: 311230.8438 train_mapscore: 0.8344 time: 3.3385s
INFO:root:Epoch: 1725 lr: 0.01 train_loss: 311147.3125 train_mapscore: 0.8348 time: 3.3094s
INFO:root:Epoch: 1730 lr: 0.01 train_loss: 311065.4375 train_mapscore: 0.8335 time: 3.3117s
INFO:root:Epoch: 1735 lr: 0.01 train_loss: 310983.6250 train_mapscore: 0.8346 time: 3.3079s
INFO:root:Epoch: 1740 lr: 0.01 train_loss: 310901.8750 train_mapscore: 0.8347 time: 3.5434s
INFO:root:Epoch: 1745 lr: 0.01 train_loss: 310820.7812 train_mapscore: 0.8333 time: 3.3188s
INFO:root:Epoch: 1750 lr: 0.01 train_loss: 310740.1250 train_mapscore: 0.8334 time: 3.2879s
INFO:root:Epoch: 1755 lr: 0.01 train_loss: 310659.3750 train_mapscore: 0.8349 time: 3.4143s
INFO:root:Epoch: 1760 lr: 0.01 train_loss: 310578.8125 train_mapscore: 0.8350 time: 3.1735s
INFO:root:Epoch: 1765 lr: 0.01 train_loss: 310499.8438 train_mapscore: 0.8351 time: 3.4007s
INFO:root:Epoch: 1770 lr: 0.01 train_loss: 310420.2812 train_mapscore: 0.8339 time: 3.4442s
INFO:root:Epoch: 1775 lr: 0.01 train_loss: 310342.2188 train_mapscore: 0.8353 time: 3.3584s
INFO:root:Epoch: 1780 lr: 0.01 train_loss: 310263.2812 train_mapscore: 0.8340 time: 3.3559s
INFO:root:Epoch: 1785 lr: 0.01 train_loss: 310185.5625 train_mapscore: 0.8354 time: 3.1595s
INFO:root:Epoch: 1790 lr: 0.01 train_loss: 310107.8438 train_mapscore: 0.8343 time: 3.3472s
INFO:root:Epoch: 1795 lr: 0.01 train_loss: 310030.0000 train_mapscore: 0.8356 time: 3.3008s
INFO:root:Epoch: 1800 lr: 0.01 train_loss: 309952.4062 train_mapscore: 0.8344 time: 3.2369s
INFO:root:Epoch: 1805 lr: 0.01 train_loss: 309863.2500 train_mapscore: 0.8357 time: 3.2806s
INFO:root:Epoch: 1810 lr: 0.01 train_loss: 309770.1562 train_mapscore: 0.8346 time: 3.3105s
INFO:root:Epoch: 1815 lr: 0.01 train_loss: 309680.0312 train_mapscore: 0.8348 time: 3.5898s
INFO:root:Epoch: 1820 lr: 0.01 train_loss: 309593.0938 train_mapscore: 0.8361 time: 3.2921s
INFO:root:Epoch: 1825 lr: 0.01 train_loss: 309495.8125 train_mapscore: 0.8347 time: 3.5576s
INFO:root:Epoch: 1830 lr: 0.01 train_loss: 309398.4062 train_mapscore: 0.8347 time: 3.2719s
INFO:root:Epoch: 1835 lr: 0.01 train_loss: 309302.3438 train_mapscore: 0.8353 time: 3.1893s
INFO:root:Epoch: 1840 lr: 0.01 train_loss: 309178.0938 train_mapscore: 0.8363 time: 3.3334s
INFO:root:Epoch: 1845 lr: 0.01 train_loss: 309061.7500 train_mapscore: 0.8353 time: 3.4199s
INFO:root:Epoch: 1850 lr: 0.01 train_loss: 308963.2812 train_mapscore: 0.8352 time: 3.4113s
INFO:root:Epoch: 1855 lr: 0.01 train_loss: 308863.8125 train_mapscore: 0.8364 time: 3.2912s
INFO:root:Epoch: 1860 lr: 0.01 train_loss: 308759.6875 train_mapscore: 0.8368 time: 3.4003s
INFO:root:Epoch: 1865 lr: 0.01 train_loss: 308659.2812 train_mapscore: 0.8368 time: 3.5343s
INFO:root:Epoch: 1870 lr: 0.01 train_loss: 308560.7812 train_mapscore: 0.8370 time: 3.5085s
INFO:root:Epoch: 1875 lr: 0.01 train_loss: 308468.4375 train_mapscore: 0.8371 time: 3.4758s
INFO:root:Epoch: 1880 lr: 0.01 train_loss: 308381.3125 train_mapscore: 0.8359 time: 3.2562s
INFO:root:Epoch: 1885 lr: 0.01 train_loss: 308295.6250 train_mapscore: 0.8375 time: 3.2902s
INFO:root:Epoch: 1890 lr: 0.01 train_loss: 308212.0938 train_mapscore: 0.8364 time: 3.2752s
INFO:root:Epoch: 1895 lr: 0.01 train_loss: 308130.5625 train_mapscore: 0.8376 time: 3.4241s
INFO:root:Epoch: 1900 lr: 0.01 train_loss: 308049.5938 train_mapscore: 0.8376 time: 3.3774s
INFO:root:Epoch: 1905 lr: 0.01 train_loss: 307970.3438 train_mapscore: 0.8378 time: 3.3638s
INFO:root:Epoch: 1910 lr: 0.01 train_loss: 307891.2812 train_mapscore: 0.8365 time: 3.2679s
INFO:root:Epoch: 1915 lr: 0.01 train_loss: 307813.8438 train_mapscore: 0.8381 time: 3.5593s
INFO:root:Epoch: 1920 lr: 0.01 train_loss: 307737.1250 train_mapscore: 0.8369 time: 3.4350s
INFO:root:Epoch: 1925 lr: 0.01 train_loss: 307659.7500 train_mapscore: 0.8383 time: 3.2607s
INFO:root:Epoch: 1930 lr: 0.01 train_loss: 307584.3125 train_mapscore: 0.8382 time: 3.2285s
INFO:root:Epoch: 1935 lr: 0.01 train_loss: 307508.8125 train_mapscore: 0.8385 time: 3.7387s
INFO:root:Epoch: 1940 lr: 0.01 train_loss: 307433.5625 train_mapscore: 0.8386 time: 2.9911s
INFO:root:Epoch: 1945 lr: 0.01 train_loss: 307359.3438 train_mapscore: 0.8386 time: 3.5006s
INFO:root:Epoch: 1950 lr: 0.01 train_loss: 307285.5000 train_mapscore: 0.8387 time: 3.2293s
INFO:root:Epoch: 1955 lr: 0.01 train_loss: 307211.4062 train_mapscore: 0.8391 time: 3.2682s
INFO:root:Epoch: 1960 lr: 0.01 train_loss: 307137.6250 train_mapscore: 0.8392 time: 3.2245s
INFO:root:Epoch: 1965 lr: 0.01 train_loss: 307064.9062 train_mapscore: 0.8382 time: 3.4373s
INFO:root:Epoch: 1970 lr: 0.01 train_loss: 306991.3125 train_mapscore: 0.8384 time: 3.2837s
INFO:root:Epoch: 1975 lr: 0.01 train_loss: 306917.4062 train_mapscore: 0.8384 time: 3.4855s
INFO:root:Epoch: 1980 lr: 0.01 train_loss: 306844.1875 train_mapscore: 0.8398 time: 3.5070s
INFO:root:Epoch: 1985 lr: 0.01 train_loss: 306771.2500 train_mapscore: 0.8385 time: 3.4249s
INFO:root:Epoch: 1990 lr: 0.01 train_loss: 306697.9062 train_mapscore: 0.8399 time: 3.3873s
INFO:root:Epoch: 1995 lr: 0.01 train_loss: 306624.7500 train_mapscore: 0.8400 time: 3.2978s
INFO:root:Epoch: 2000 lr: 0.01 train_loss: 306552.0000 train_mapscore: 0.8387 time: 3.3321s
INFO:root:Epoch: 2005 lr: 0.01 train_loss: 306479.1562 train_mapscore: 0.8389 time: 3.1761s
INFO:root:Epoch: 2010 lr: 0.01 train_loss: 306407.0312 train_mapscore: 0.8406 time: 3.3399s
INFO:root:Epoch: 2015 lr: 0.01 train_loss: 306334.2812 train_mapscore: 0.8393 time: 3.4732s
INFO:root:Epoch: 2020 lr: 0.01 train_loss: 306262.3750 train_mapscore: 0.8407 time: 3.2501s
INFO:root:Epoch: 2025 lr: 0.01 train_loss: 306188.7188 train_mapscore: 0.8395 time: 3.3765s
INFO:root:Epoch: 2030 lr: 0.01 train_loss: 306115.8125 train_mapscore: 0.8394 time: 3.2097s
INFO:root:Epoch: 2035 lr: 0.01 train_loss: 306042.5625 train_mapscore: 0.8410 time: 3.2609s
INFO:root:Epoch: 2040 lr: 0.01 train_loss: 305969.0000 train_mapscore: 0.8396 time: 3.2262s
INFO:root:Epoch: 2045 lr: 0.01 train_loss: 305896.2812 train_mapscore: 0.8410 time: 3.3738s
INFO:root:Epoch: 2050 lr: 0.01 train_loss: 305823.4688 train_mapscore: 0.8397 time: 3.2216s
INFO:root:Epoch: 2055 lr: 0.01 train_loss: 305748.8750 train_mapscore: 0.8410 time: 3.4138s
INFO:root:Epoch: 2060 lr: 0.01 train_loss: 305675.1875 train_mapscore: 0.8411 time: 3.4484s
INFO:root:Epoch: 2065 lr: 0.01 train_loss: 305601.6250 train_mapscore: 0.8399 time: 2.9239s
INFO:root:Epoch: 2070 lr: 0.01 train_loss: 305526.9062 train_mapscore: 0.8399 time: 3.5288s
INFO:root:Epoch: 2075 lr: 0.01 train_loss: 305452.6875 train_mapscore: 0.8402 time: 3.3152s
INFO:root:Epoch: 2080 lr: 0.01 train_loss: 305377.4062 train_mapscore: 0.8415 time: 3.2972s
INFO:root:Epoch: 2085 lr: 0.01 train_loss: 305301.7500 train_mapscore: 0.8414 time: 3.3738s
INFO:root:Epoch: 2090 lr: 0.01 train_loss: 305225.8125 train_mapscore: 0.8405 time: 3.4470s
INFO:root:Epoch: 2095 lr: 0.01 train_loss: 305151.4062 train_mapscore: 0.8402 time: 3.5857s
INFO:root:Epoch: 2100 lr: 0.01 train_loss: 305076.8750 train_mapscore: 0.8417 time: 3.6350s
INFO:root:Epoch: 2105 lr: 0.01 train_loss: 305002.0938 train_mapscore: 0.8422 time: 3.4321s
INFO:root:Epoch: 2110 lr: 0.01 train_loss: 304925.6875 train_mapscore: 0.8422 time: 3.2769s
INFO:root:Epoch: 2115 lr: 0.01 train_loss: 304848.1562 train_mapscore: 0.8423 time: 3.4622s
INFO:root:Epoch: 2120 lr: 0.01 train_loss: 304772.4375 train_mapscore: 0.8410 time: 3.2285s
INFO:root:Epoch: 2125 lr: 0.01 train_loss: 304694.8125 train_mapscore: 0.8410 time: 3.3534s
INFO:root:Epoch: 2130 lr: 0.01 train_loss: 304618.3750 train_mapscore: 0.8424 time: 3.2051s
INFO:root:Epoch: 2135 lr: 0.01 train_loss: 304542.5625 train_mapscore: 0.8410 time: 3.3812s
INFO:root:Epoch: 2140 lr: 0.01 train_loss: 304467.4062 train_mapscore: 0.8426 time: 3.3804s
INFO:root:Epoch: 2145 lr: 0.01 train_loss: 304393.6562 train_mapscore: 0.8413 time: 3.4121s
INFO:root:Epoch: 2150 lr: 0.01 train_loss: 304321.3125 train_mapscore: 0.8414 time: 3.2196s
INFO:root:Epoch: 2155 lr: 0.01 train_loss: 304248.9375 train_mapscore: 0.8430 time: 3.6156s
INFO:root:Epoch: 2160 lr: 0.01 train_loss: 304176.3438 train_mapscore: 0.8431 time: 3.3692s
INFO:root:Epoch: 2165 lr: 0.01 train_loss: 304104.7500 train_mapscore: 0.8418 time: 3.2866s
INFO:root:Epoch: 2170 lr: 0.01 train_loss: 304032.5312 train_mapscore: 0.8433 time: 3.4648s
INFO:root:Epoch: 2175 lr: 0.01 train_loss: 303959.1250 train_mapscore: 0.8434 time: 3.3898s
INFO:root:Epoch: 2180 lr: 0.01 train_loss: 303887.0625 train_mapscore: 0.8420 time: 3.6331s
INFO:root:Epoch: 2185 lr: 0.01 train_loss: 303815.1562 train_mapscore: 0.8421 time: 3.3327s
INFO:root:Epoch: 2190 lr: 0.01 train_loss: 303741.8125 train_mapscore: 0.8437 time: 3.1331s
INFO:root:Epoch: 2195 lr: 0.01 train_loss: 303670.6875 train_mapscore: 0.8438 time: 3.4325s
INFO:root:Epoch: 2200 lr: 0.01 train_loss: 303599.8750 train_mapscore: 0.8426 time: 3.3277s
INFO:root:Epoch: 2205 lr: 0.01 train_loss: 303525.9062 train_mapscore: 0.8441 time: 3.4062s
INFO:root:Epoch: 2210 lr: 0.01 train_loss: 303453.0625 train_mapscore: 0.8429 time: 3.5738s
INFO:root:Epoch: 2215 lr: 0.01 train_loss: 303380.1875 train_mapscore: 0.8432 time: 3.4123s
INFO:root:Epoch: 2220 lr: 0.01 train_loss: 303307.6250 train_mapscore: 0.8429 time: 3.4524s
INFO:root:Epoch: 2225 lr: 0.01 train_loss: 303235.8750 train_mapscore: 0.8445 time: 3.2442s
INFO:root:Epoch: 2230 lr: 0.01 train_loss: 303165.3750 train_mapscore: 0.8431 time: 3.2834s
INFO:root:Epoch: 2235 lr: 0.01 train_loss: 303094.5938 train_mapscore: 0.8446 time: 3.5217s
INFO:root:Epoch: 2240 lr: 0.01 train_loss: 303022.6562 train_mapscore: 0.8434 time: 3.3509s
INFO:root:Epoch: 2245 lr: 0.01 train_loss: 302951.9688 train_mapscore: 0.8437 time: 3.5805s
INFO:root:Epoch: 2250 lr: 0.01 train_loss: 302880.9375 train_mapscore: 0.8438 time: 3.0165s
INFO:root:Epoch: 2255 lr: 0.01 train_loss: 302809.6875 train_mapscore: 0.8441 time: 3.5099s
INFO:root:Epoch: 2260 lr: 0.01 train_loss: 302738.6562 train_mapscore: 0.8455 time: 3.2538s
INFO:root:Epoch: 2265 lr: 0.01 train_loss: 302669.2812 train_mapscore: 0.8442 time: 3.3932s
INFO:root:Epoch: 2270 lr: 0.01 train_loss: 302598.5000 train_mapscore: 0.8445 time: 3.4050s
INFO:root:Epoch: 2275 lr: 0.01 train_loss: 302527.3438 train_mapscore: 0.8445 time: 3.4776s
INFO:root:Epoch: 2280 lr: 0.01 train_loss: 302456.1250 train_mapscore: 0.8460 time: 3.4246s
INFO:root:Epoch: 2285 lr: 0.01 train_loss: 302385.6875 train_mapscore: 0.8447 time: 3.6498s
INFO:root:Epoch: 2290 lr: 0.01 train_loss: 302314.7812 train_mapscore: 0.8449 time: 3.5795s
INFO:root:Epoch: 2295 lr: 0.01 train_loss: 302242.6562 train_mapscore: 0.8450 time: 3.4682s
INFO:root:Epoch: 2300 lr: 0.01 train_loss: 302172.1875 train_mapscore: 0.8449 time: 3.3332s
INFO:root:Epoch: 2305 lr: 0.01 train_loss: 302099.7188 train_mapscore: 0.8464 time: 3.2944s
INFO:root:Epoch: 2310 lr: 0.01 train_loss: 302028.2500 train_mapscore: 0.8452 time: 3.4158s
INFO:root:Epoch: 2315 lr: 0.01 train_loss: 301955.9688 train_mapscore: 0.8466 time: 3.2697s
INFO:root:Epoch: 2320 lr: 0.01 train_loss: 301883.9062 train_mapscore: 0.8467 time: 3.4726s
INFO:root:Epoch: 2325 lr: 0.01 train_loss: 301811.5312 train_mapscore: 0.8473 time: 3.3389s
INFO:root:Epoch: 2330 lr: 0.01 train_loss: 301739.5625 train_mapscore: 0.8473 time: 3.2565s
INFO:root:Epoch: 2335 lr: 0.01 train_loss: 301665.9688 train_mapscore: 0.8460 time: 3.1898s
INFO:root:Epoch: 2340 lr: 0.01 train_loss: 301590.6562 train_mapscore: 0.8475 time: 3.3588s
INFO:root:Epoch: 2345 lr: 0.01 train_loss: 301514.9375 train_mapscore: 0.8461 time: 3.4061s
INFO:root:Epoch: 2350 lr: 0.01 train_loss: 301441.0000 train_mapscore: 0.8477 time: 3.2917s
INFO:root:Epoch: 2355 lr: 0.01 train_loss: 301365.6250 train_mapscore: 0.8477 time: 3.3901s
INFO:root:Epoch: 2360 lr: 0.01 train_loss: 301291.5312 train_mapscore: 0.8464 time: 3.5124s
INFO:root:Epoch: 2365 lr: 0.01 train_loss: 301216.9062 train_mapscore: 0.8479 time: 3.5182s
INFO:root:Epoch: 2370 lr: 0.01 train_loss: 301145.5625 train_mapscore: 0.8478 time: 3.2747s
INFO:root:Epoch: 2375 lr: 0.01 train_loss: 301072.6250 train_mapscore: 0.8480 time: 3.4053s
INFO:root:Epoch: 2380 lr: 0.01 train_loss: 300999.8125 train_mapscore: 0.8478 time: 3.3024s
INFO:root:Epoch: 2385 lr: 0.01 train_loss: 300927.7500 train_mapscore: 0.8472 time: 3.3834s
INFO:root:Epoch: 2390 lr: 0.01 train_loss: 300856.5312 train_mapscore: 0.8470 time: 3.4511s
INFO:root:Epoch: 2395 lr: 0.01 train_loss: 300786.0938 train_mapscore: 0.8469 time: 3.3823s
INFO:root:Epoch: 2400 lr: 0.01 train_loss: 300717.3438 train_mapscore: 0.8468 time: 3.2466s
INFO:root:Epoch: 2405 lr: 0.01 train_loss: 300650.0000 train_mapscore: 0.8482 time: 3.2753s
INFO:root:Epoch: 2410 lr: 0.01 train_loss: 300583.5625 train_mapscore: 0.8481 time: 3.2382s
INFO:root:Epoch: 2415 lr: 0.01 train_loss: 300518.0312 train_mapscore: 0.8483 time: 3.3883s
INFO:root:Epoch: 2420 lr: 0.01 train_loss: 300454.2188 train_mapscore: 0.8483 time: 3.4737s
INFO:root:Epoch: 2425 lr: 0.01 train_loss: 300390.4375 train_mapscore: 0.8484 time: 3.2936s
INFO:root:Epoch: 2430 lr: 0.01 train_loss: 300328.0625 train_mapscore: 0.8483 time: 3.2856s
INFO:root:Epoch: 2435 lr: 0.01 train_loss: 300266.2500 train_mapscore: 0.8468 time: 3.5838s
INFO:root:Epoch: 2440 lr: 0.01 train_loss: 300205.5625 train_mapscore: 0.8470 time: 3.4015s
INFO:root:Epoch: 2445 lr: 0.01 train_loss: 300144.6562 train_mapscore: 0.8483 time: 3.4006s
INFO:root:Epoch: 2450 lr: 0.01 train_loss: 300084.3125 train_mapscore: 0.8472 time: 3.3525s
INFO:root:Epoch: 2455 lr: 0.01 train_loss: 300026.0625 train_mapscore: 0.8470 time: 3.2275s
INFO:root:Epoch: 2460 lr: 0.01 train_loss: 299966.6875 train_mapscore: 0.8472 time: 3.3171s
INFO:root:Epoch: 2465 lr: 0.01 train_loss: 299908.1562 train_mapscore: 0.8484 time: 3.2689s
INFO:root:Epoch: 2470 lr: 0.01 train_loss: 299850.0625 train_mapscore: 0.8484 time: 3.4175s
INFO:root:Epoch: 2475 lr: 0.01 train_loss: 299793.3125 train_mapscore: 0.8472 time: 3.2909s
INFO:root:Epoch: 2480 lr: 0.01 train_loss: 299736.7500 train_mapscore: 0.8486 time: 3.3305s
INFO:root:Epoch: 2485 lr: 0.01 train_loss: 299679.8750 train_mapscore: 0.8471 time: 3.7469s
INFO:root:Epoch: 2490 lr: 0.01 train_loss: 299622.2188 train_mapscore: 0.8470 time: 3.4908s
INFO:root:Epoch: 2495 lr: 0.01 train_loss: 299564.9375 train_mapscore: 0.8486 time: 3.1659s
INFO:root:Epoch: 2500 lr: 0.01 train_loss: 299507.8125 train_mapscore: 0.8475 time: 3.2064s
INFO:root:Epoch: 2505 lr: 0.01 train_loss: 299450.6875 train_mapscore: 0.8473 time: 3.2218s
INFO:root:Epoch: 2510 lr: 0.01 train_loss: 299391.2500 train_mapscore: 0.8477 time: 3.4480s
INFO:root:Epoch: 2515 lr: 0.01 train_loss: 299334.1875 train_mapscore: 0.8487 time: 3.4759s
INFO:root:Epoch: 2520 lr: 0.01 train_loss: 299277.3750 train_mapscore: 0.8488 time: 3.2538s
INFO:root:Epoch: 2525 lr: 0.01 train_loss: 299220.8125 train_mapscore: 0.8478 time: 3.3182s
INFO:root:Epoch: 2530 lr: 0.01 train_loss: 299165.3438 train_mapscore: 0.8478 time: 3.2487s
INFO:root:Epoch: 2535 lr: 0.01 train_loss: 299109.9375 train_mapscore: 0.8489 time: 3.3757s
INFO:root:Epoch: 2540 lr: 0.01 train_loss: 299055.6250 train_mapscore: 0.8480 time: 3.3931s
INFO:root:Epoch: 2545 lr: 0.01 train_loss: 299001.3125 train_mapscore: 0.8490 time: 3.2319s
INFO:root:Epoch: 2550 lr: 0.01 train_loss: 298947.3438 train_mapscore: 0.8478 time: 3.3170s
INFO:root:Epoch: 2555 lr: 0.01 train_loss: 298893.9688 train_mapscore: 0.8479 time: 3.5205s
INFO:root:Epoch: 2560 lr: 0.01 train_loss: 298839.8750 train_mapscore: 0.8493 time: 3.1173s
INFO:root:Epoch: 2565 lr: 0.01 train_loss: 298786.5312 train_mapscore: 0.8479 time: 3.6014s
INFO:root:Epoch: 2570 lr: 0.01 train_loss: 298733.7812 train_mapscore: 0.8480 time: 3.2743s
INFO:root:Epoch: 2575 lr: 0.01 train_loss: 298681.8750 train_mapscore: 0.8493 time: 3.4049s
INFO:root:Epoch: 2580 lr: 0.01 train_loss: 298628.1250 train_mapscore: 0.8493 time: 3.2619s
INFO:root:Epoch: 2585 lr: 0.01 train_loss: 298575.3750 train_mapscore: 0.8495 time: 3.2729s
INFO:root:Epoch: 2590 lr: 0.01 train_loss: 298522.8125 train_mapscore: 0.8486 time: 3.3537s
INFO:root:Epoch: 2595 lr: 0.01 train_loss: 298469.7188 train_mapscore: 0.8485 time: 3.4556s
INFO:root:Epoch: 2600 lr: 0.01 train_loss: 298417.7812 train_mapscore: 0.8497 time: 3.3004s
INFO:root:Epoch: 2605 lr: 0.01 train_loss: 298363.5312 train_mapscore: 0.8484 time: 3.3931s
INFO:root:Epoch: 2610 lr: 0.01 train_loss: 298309.8438 train_mapscore: 0.8484 time: 3.4108s
INFO:root:Epoch: 2615 lr: 0.01 train_loss: 298257.5625 train_mapscore: 0.8498 time: 3.2280s
INFO:root:Epoch: 2620 lr: 0.01 train_loss: 298203.9375 train_mapscore: 0.8485 time: 3.5018s
INFO:root:Epoch: 2625 lr: 0.01 train_loss: 298151.5625 train_mapscore: 0.8489 time: 3.5280s
INFO:root:Epoch: 2630 lr: 0.01 train_loss: 298097.9375 train_mapscore: 0.8499 time: 3.3899s
INFO:root:Epoch: 2635 lr: 0.01 train_loss: 298042.1250 train_mapscore: 0.8500 time: 3.3558s
INFO:root:Epoch: 2640 lr: 0.01 train_loss: 297986.2188 train_mapscore: 0.8491 time: 3.4095s
INFO:root:Epoch: 2645 lr: 0.01 train_loss: 297930.9688 train_mapscore: 0.8490 time: 3.4240s
INFO:root:Epoch: 2650 lr: 0.01 train_loss: 297875.5625 train_mapscore: 0.8491 time: 3.2463s
INFO:root:Epoch: 2655 lr: 0.01 train_loss: 297820.6875 train_mapscore: 0.8501 time: 3.2475s
INFO:root:Epoch: 2660 lr: 0.01 train_loss: 297767.9688 train_mapscore: 0.8504 time: 3.3314s
INFO:root:Epoch: 2665 lr: 0.01 train_loss: 297714.8750 train_mapscore: 0.8495 time: 3.6005s
INFO:root:Epoch: 2670 lr: 0.01 train_loss: 297662.5000 train_mapscore: 0.8504 time: 3.1830s
INFO:root:Epoch: 2675 lr: 0.01 train_loss: 297609.7188 train_mapscore: 0.8504 time: 3.4862s
INFO:root:Epoch: 2680 lr: 0.01 train_loss: 297557.3438 train_mapscore: 0.8503 time: 3.3667s
INFO:root:Epoch: 2685 lr: 0.01 train_loss: 297506.1250 train_mapscore: 0.8504 time: 2.9765s
INFO:root:Epoch: 2690 lr: 0.01 train_loss: 297454.8438 train_mapscore: 0.8492 time: 3.2784s
INFO:root:Epoch: 2695 lr: 0.01 train_loss: 297404.2500 train_mapscore: 0.8506 time: 3.4926s
INFO:root:Epoch: 2700 lr: 0.01 train_loss: 297353.9062 train_mapscore: 0.8505 time: 3.4763s
INFO:root:Epoch: 2705 lr: 0.01 train_loss: 297303.0625 train_mapscore: 0.8507 time: 3.3984s
INFO:root:Epoch: 2710 lr: 0.01 train_loss: 297253.3438 train_mapscore: 0.8494 time: 3.7027s
INFO:root:Epoch: 2715 lr: 0.01 train_loss: 297204.0000 train_mapscore: 0.8508 time: 3.7754s
INFO:root:Epoch: 2720 lr: 0.01 train_loss: 297154.5312 train_mapscore: 0.8509 time: 3.5261s
INFO:root:Epoch: 2725 lr: 0.01 train_loss: 297105.4688 train_mapscore: 0.8510 time: 3.3723s
INFO:root:Epoch: 2730 lr: 0.01 train_loss: 297056.2500 train_mapscore: 0.8496 time: 3.3502s
INFO:root:Epoch: 2735 lr: 0.01 train_loss: 297007.2188 train_mapscore: 0.8510 time: 3.3743s
INFO:root:Epoch: 2740 lr: 0.01 train_loss: 296957.8438 train_mapscore: 0.8511 time: 3.3007s
INFO:root:Epoch: 2745 lr: 0.01 train_loss: 296908.8438 train_mapscore: 0.8498 time: 3.3402s
INFO:root:Epoch: 2750 lr: 0.01 train_loss: 296860.1875 train_mapscore: 0.8511 time: 3.2112s
INFO:root:Epoch: 2755 lr: 0.01 train_loss: 296811.8438 train_mapscore: 0.8510 time: 3.0969s
INFO:root:Epoch: 2760 lr: 0.01 train_loss: 296764.4375 train_mapscore: 0.8498 time: 3.2636s
INFO:root:Epoch: 2765 lr: 0.01 train_loss: 296716.5938 train_mapscore: 0.8511 time: 3.6249s
INFO:root:Epoch: 2770 lr: 0.01 train_loss: 296669.2500 train_mapscore: 0.8512 time: 3.2401s
INFO:root:Epoch: 2775 lr: 0.01 train_loss: 296622.0938 train_mapscore: 0.8500 time: 3.2082s
INFO:root:Epoch: 2780 lr: 0.01 train_loss: 296575.9375 train_mapscore: 0.8513 time: 3.4068s
INFO:root:Epoch: 2785 lr: 0.01 train_loss: 296528.7188 train_mapscore: 0.8513 time: 3.6736s
INFO:root:Epoch: 2790 lr: 0.01 train_loss: 296481.8750 train_mapscore: 0.8501 time: 3.2068s
INFO:root:Epoch: 2795 lr: 0.01 train_loss: 296435.0000 train_mapscore: 0.8514 time: 3.2315s
INFO:root:Epoch: 2800 lr: 0.01 train_loss: 296387.6875 train_mapscore: 0.8516 time: 3.2579s
INFO:root:Epoch: 2805 lr: 0.01 train_loss: 296341.2500 train_mapscore: 0.8503 time: 3.7244s
INFO:root:Epoch: 2810 lr: 0.01 train_loss: 296295.5938 train_mapscore: 0.8505 time: 3.3423s
INFO:root:Epoch: 2815 lr: 0.01 train_loss: 296249.2188 train_mapscore: 0.8518 time: 3.2875s
INFO:root:Epoch: 2820 lr: 0.01 train_loss: 296203.0312 train_mapscore: 0.8519 time: 3.8000s
INFO:root:Epoch: 2825 lr: 0.01 train_loss: 296157.4062 train_mapscore: 0.8507 time: 3.5219s
INFO:root:Epoch: 2830 lr: 0.01 train_loss: 296112.3125 train_mapscore: 0.8520 time: 3.3767s
INFO:root:Epoch: 2835 lr: 0.01 train_loss: 296066.3438 train_mapscore: 0.8520 time: 3.2837s
INFO:root:Epoch: 2840 lr: 0.01 train_loss: 296021.9375 train_mapscore: 0.8509 time: 3.6774s
INFO:root:Epoch: 2845 lr: 0.01 train_loss: 295975.0312 train_mapscore: 0.8522 time: 3.6095s
INFO:root:Epoch: 2850 lr: 0.01 train_loss: 295929.1875 train_mapscore: 0.8521 time: 3.2424s
INFO:root:Epoch: 2855 lr: 0.01 train_loss: 295884.5938 train_mapscore: 0.8509 time: 3.3065s
INFO:root:Epoch: 2860 lr: 0.01 train_loss: 295838.3750 train_mapscore: 0.8510 time: 3.6359s
INFO:root:Epoch: 2865 lr: 0.01 train_loss: 295793.8750 train_mapscore: 0.8509 time: 3.2746s
INFO:root:Epoch: 2870 lr: 0.01 train_loss: 295748.8750 train_mapscore: 0.8509 time: 3.3309s
INFO:root:Epoch: 2875 lr: 0.01 train_loss: 295704.4062 train_mapscore: 0.8523 time: 3.7210s
INFO:root:Epoch: 2880 lr: 0.01 train_loss: 295659.3438 train_mapscore: 0.8511 time: 3.1793s
INFO:root:Epoch: 2885 lr: 0.01 train_loss: 295615.0625 train_mapscore: 0.8511 time: 3.2011s
INFO:root:Epoch: 2890 lr: 0.01 train_loss: 295571.0625 train_mapscore: 0.8525 time: 3.3733s
INFO:root:Epoch: 2895 lr: 0.01 train_loss: 295526.0000 train_mapscore: 0.8517 time: 3.7312s
INFO:root:Epoch: 2900 lr: 0.01 train_loss: 295482.6875 train_mapscore: 0.8515 time: 3.3267s
INFO:root:Epoch: 2905 lr: 0.01 train_loss: 295439.0938 train_mapscore: 0.8529 time: 3.3938s
INFO:root:Epoch: 2910 lr: 0.01 train_loss: 295394.3750 train_mapscore: 0.8517 time: 3.3132s
INFO:root:Epoch: 2915 lr: 0.01 train_loss: 295350.8125 train_mapscore: 0.8518 time: 3.6713s
INFO:root:Epoch: 2920 lr: 0.01 train_loss: 295306.0312 train_mapscore: 0.8533 time: 3.3061s
INFO:root:Epoch: 2925 lr: 0.01 train_loss: 295258.7500 train_mapscore: 0.8520 time: 3.2830s
INFO:root:Epoch: 2930 lr: 0.01 train_loss: 295212.8750 train_mapscore: 0.8533 time: 3.2599s
INFO:root:Epoch: 2935 lr: 0.01 train_loss: 295166.4688 train_mapscore: 0.8534 time: 3.4992s
INFO:root:Epoch: 2940 lr: 0.01 train_loss: 295118.8125 train_mapscore: 0.8523 time: 3.2335s
INFO:root:Epoch: 2945 lr: 0.01 train_loss: 295072.0312 train_mapscore: 0.8522 time: 3.3371s
INFO:root:Epoch: 2950 lr: 0.01 train_loss: 295025.0000 train_mapscore: 0.8536 time: 3.6038s
INFO:root:Epoch: 2955 lr: 0.01 train_loss: 294977.9062 train_mapscore: 0.8524 time: 3.2574s
INFO:root:Epoch: 2960 lr: 0.01 train_loss: 294932.0000 train_mapscore: 0.8526 time: 3.2208s
INFO:root:Epoch: 2965 lr: 0.01 train_loss: 294886.9688 train_mapscore: 0.8526 time: 3.2629s
INFO:root:Epoch: 2970 lr: 0.01 train_loss: 294841.7188 train_mapscore: 0.8527 time: 3.5149s
INFO:root:Epoch: 2975 lr: 0.01 train_loss: 294797.0625 train_mapscore: 0.8526 time: 3.4319s
INFO:root:Epoch: 2980 lr: 0.01 train_loss: 294753.3438 train_mapscore: 0.8540 time: 3.2249s
INFO:root:Epoch: 2985 lr: 0.01 train_loss: 294709.2500 train_mapscore: 0.8527 time: 3.3131s
INFO:root:Epoch: 2990 lr: 0.01 train_loss: 294666.0625 train_mapscore: 0.8528 time: 3.4349s
INFO:root:Epoch: 2995 lr: 0.01 train_loss: 294621.6875 train_mapscore: 0.8542 time: 3.4052s
INFO:root:Epoch: 3000 lr: 0.01 train_loss: 294578.0938 train_mapscore: 0.8542 time: 3.1866s
INFO:root:Epoch: 3005 lr: 0.01 train_loss: 294535.5000 train_mapscore: 0.8530 time: 3.2376s
INFO:root:Epoch: 3010 lr: 0.01 train_loss: 294492.2500 train_mapscore: 0.8529 time: 3.5614s
INFO:root:Epoch: 3015 lr: 0.01 train_loss: 294449.2812 train_mapscore: 0.8530 time: 2.8217s
INFO:root:Epoch: 3020 lr: 0.01 train_loss: 294404.8125 train_mapscore: 0.8543 time: 3.2797s
INFO:root:Epoch: 3025 lr: 0.01 train_loss: 294360.1875 train_mapscore: 0.8530 time: 3.3153s
INFO:root:Epoch: 3030 lr: 0.01 train_loss: 294317.0312 train_mapscore: 0.8544 time: 3.1495s
INFO:root:Epoch: 3035 lr: 0.01 train_loss: 294274.1875 train_mapscore: 0.8531 time: 3.2780s
INFO:root:Epoch: 3040 lr: 0.01 train_loss: 294231.8438 train_mapscore: 0.8532 time: 3.3750s
INFO:root:Epoch: 3045 lr: 0.01 train_loss: 294190.2500 train_mapscore: 0.8547 time: 3.1999s
INFO:root:Epoch: 3050 lr: 0.01 train_loss: 294148.9062 train_mapscore: 0.8535 time: 3.7396s
INFO:root:Epoch: 3055 lr: 0.01 train_loss: 294107.8750 train_mapscore: 0.8538 time: 3.2428s
INFO:root:Epoch: 3060 lr: 0.01 train_loss: 294067.0625 train_mapscore: 0.8538 time: 3.7190s
INFO:root:Epoch: 3065 lr: 0.01 train_loss: 294025.7812 train_mapscore: 0.8538 time: 3.3679s
INFO:root:Epoch: 3070 lr: 0.01 train_loss: 293985.7500 train_mapscore: 0.8552 time: 3.4101s
INFO:root:Epoch: 3075 lr: 0.01 train_loss: 293945.6875 train_mapscore: 0.8540 time: 3.2514s
INFO:root:Epoch: 3080 lr: 0.01 train_loss: 293905.8750 train_mapscore: 0.8553 time: 3.2606s
INFO:root:Epoch: 3085 lr: 0.01 train_loss: 293865.9375 train_mapscore: 0.8540 time: 3.4949s
INFO:root:Epoch: 3090 lr: 0.01 train_loss: 293826.1250 train_mapscore: 0.8541 time: 3.4321s
INFO:root:Epoch: 3095 lr: 0.01 train_loss: 293786.1562 train_mapscore: 0.8555 time: 3.4197s
INFO:root:Epoch: 3100 lr: 0.01 train_loss: 293744.9062 train_mapscore: 0.8539 time: 3.2492s
INFO:root:Epoch: 3105 lr: 0.01 train_loss: 293705.1875 train_mapscore: 0.8541 time: 3.2566s
INFO:root:Epoch: 3110 lr: 0.01 train_loss: 293665.3750 train_mapscore: 0.8541 time: 3.2606s
INFO:root:Epoch: 3115 lr: 0.01 train_loss: 293625.1562 train_mapscore: 0.8542 time: 3.6007s
INFO:root:Epoch: 3120 lr: 0.01 train_loss: 293585.6875 train_mapscore: 0.8556 time: 3.3332s
INFO:root:Epoch: 3125 lr: 0.01 train_loss: 293546.2500 train_mapscore: 0.8541 time: 3.6099s
INFO:root:Epoch: 3130 lr: 0.01 train_loss: 293505.7188 train_mapscore: 0.8544 time: 3.2113s
INFO:root:Epoch: 3135 lr: 0.01 train_loss: 293466.2188 train_mapscore: 0.8543 time: 3.8255s
INFO:root:Epoch: 3140 lr: 0.01 train_loss: 293426.2188 train_mapscore: 0.8545 time: 3.2485s
INFO:root:Epoch: 3145 lr: 0.01 train_loss: 293385.9688 train_mapscore: 0.8546 time: 3.8668s
INFO:root:Epoch: 3150 lr: 0.01 train_loss: 293345.0000 train_mapscore: 0.8545 time: 3.4512s
INFO:root:Epoch: 3155 lr: 0.01 train_loss: 293303.5938 train_mapscore: 0.8548 time: 3.5219s
INFO:root:Epoch: 3160 lr: 0.01 train_loss: 293262.5625 train_mapscore: 0.8545 time: 3.4623s
INFO:root:Epoch: 3165 lr: 0.01 train_loss: 293219.5938 train_mapscore: 0.8546 time: 3.4696s
INFO:root:Epoch: 3170 lr: 0.01 train_loss: 293177.7188 train_mapscore: 0.8559 time: 2.8407s
INFO:root:Epoch: 3175 lr: 0.01 train_loss: 293134.9688 train_mapscore: 0.8546 time: 3.2896s
INFO:root:Epoch: 3180 lr: 0.01 train_loss: 293092.3750 train_mapscore: 0.8560 time: 3.5964s
INFO:root:Epoch: 3185 lr: 0.01 train_loss: 293050.7812 train_mapscore: 0.8562 time: 3.5066s
INFO:root:Epoch: 3190 lr: 0.01 train_loss: 293009.6875 train_mapscore: 0.8548 time: 3.3106s
INFO:root:Epoch: 3195 lr: 0.01 train_loss: 292968.0000 train_mapscore: 0.8562 time: 3.2746s
INFO:root:Epoch: 3200 lr: 0.01 train_loss: 292927.7188 train_mapscore: 0.8549 time: 3.1758s
INFO:root:Epoch: 3205 lr: 0.01 train_loss: 292888.0938 train_mapscore: 0.8561 time: 3.3563s
INFO:root:Epoch: 3210 lr: 0.01 train_loss: 292849.1875 train_mapscore: 0.8562 time: 3.3036s
INFO:root:Epoch: 3215 lr: 0.01 train_loss: 292810.0625 train_mapscore: 0.8563 time: 3.2889s
INFO:root:Epoch: 3220 lr: 0.01 train_loss: 292772.2812 train_mapscore: 0.8562 time: 3.7434s
INFO:root:Epoch: 3225 lr: 0.01 train_loss: 292734.8125 train_mapscore: 0.8551 time: 3.4383s
INFO:root:Epoch: 3230 lr: 0.01 train_loss: 292698.3125 train_mapscore: 0.8563 time: 3.1916s
INFO:root:Epoch: 3235 lr: 0.01 train_loss: 292661.3750 train_mapscore: 0.8565 time: 3.4284s
INFO:root:Epoch: 3240 lr: 0.01 train_loss: 292624.4688 train_mapscore: 0.8552 time: 3.4265s
INFO:root:Epoch: 3245 lr: 0.01 train_loss: 292588.4062 train_mapscore: 0.8552 time: 3.4288s
INFO:root:Epoch: 3250 lr: 0.01 train_loss: 292552.1250 train_mapscore: 0.8564 time: 3.4161s
INFO:root:Epoch: 3255 lr: 0.01 train_loss: 292516.5000 train_mapscore: 0.8564 time: 3.3406s
INFO:root:Epoch: 3260 lr: 0.01 train_loss: 292480.5938 train_mapscore: 0.8566 time: 3.4628s
INFO:root:Epoch: 3265 lr: 0.01 train_loss: 292445.6875 train_mapscore: 0.8552 time: 3.6617s
INFO:root:Epoch: 3270 lr: 0.01 train_loss: 292409.5938 train_mapscore: 0.8554 time: 3.2453s
INFO:root:Epoch: 3275 lr: 0.01 train_loss: 292374.0938 train_mapscore: 0.8567 time: 3.2267s
INFO:root:Epoch: 3280 lr: 0.01 train_loss: 292338.4062 train_mapscore: 0.8567 time: 3.3418s
INFO:root:Epoch: 3285 lr: 0.01 train_loss: 292302.8750 train_mapscore: 0.8553 time: 3.6006s
INFO:root:Epoch: 3290 lr: 0.01 train_loss: 292269.0938 train_mapscore: 0.8554 time: 3.3328s
INFO:root:Epoch: 3295 lr: 0.01 train_loss: 292234.2188 train_mapscore: 0.8554 time: 3.1725s
INFO:root:Epoch: 3300 lr: 0.01 train_loss: 292198.4375 train_mapscore: 0.8569 time: 3.2592s
INFO:root:Epoch: 3305 lr: 0.01 train_loss: 292164.3125 train_mapscore: 0.8554 time: 3.5033s
INFO:root:Epoch: 3310 lr: 0.01 train_loss: 292129.6875 train_mapscore: 0.8555 time: 3.4131s
INFO:root:Epoch: 3315 lr: 0.01 train_loss: 292094.6875 train_mapscore: 0.8569 time: 3.2715s
INFO:root:Epoch: 3320 lr: 0.01 train_loss: 292059.7188 train_mapscore: 0.8554 time: 3.3437s
INFO:root:Epoch: 3325 lr: 0.01 train_loss: 292024.6875 train_mapscore: 0.8555 time: 3.3730s
INFO:root:Epoch: 3330 lr: 0.01 train_loss: 291987.8125 train_mapscore: 0.8572 time: 3.3513s
INFO:root:Epoch: 3335 lr: 0.01 train_loss: 291944.1875 train_mapscore: 0.8574 time: 3.4348s
INFO:root:Epoch: 3340 lr: 0.01 train_loss: 291879.8750 train_mapscore: 0.8561 time: 3.2945s
INFO:root:Epoch: 3345 lr: 0.01 train_loss: 291835.9062 train_mapscore: 0.8575 time: 3.2976s
INFO:root:Epoch: 3350 lr: 0.01 train_loss: 291793.6250 train_mapscore: 0.8575 time: 3.2168s
INFO:root:Epoch: 3355 lr: 0.01 train_loss: 291748.3438 train_mapscore: 0.8563 time: 3.5762s
INFO:root:Epoch: 3360 lr: 0.01 train_loss: 291704.3438 train_mapscore: 0.8563 time: 3.2810s
INFO:root:Epoch: 3365 lr: 0.01 train_loss: 291661.2500 train_mapscore: 0.8577 time: 3.4843s
INFO:root:Epoch: 3370 lr: 0.01 train_loss: 291618.3438 train_mapscore: 0.8564 time: 3.3399s
INFO:root:Epoch: 3375 lr: 0.01 train_loss: 291576.3125 train_mapscore: 0.8563 time: 3.2831s
INFO:root:Epoch: 3380 lr: 0.01 train_loss: 291535.9062 train_mapscore: 0.8564 time: 3.3699s
INFO:root:Epoch: 3385 lr: 0.01 train_loss: 291495.6875 train_mapscore: 0.8562 time: 3.3065s
INFO:root:Epoch: 3390 lr: 0.01 train_loss: 291456.6875 train_mapscore: 0.8564 time: 3.2591s
INFO:root:Epoch: 3395 lr: 0.01 train_loss: 291417.3125 train_mapscore: 0.8564 time: 3.4805s
INFO:root:Epoch: 3400 lr: 0.01 train_loss: 291379.1562 train_mapscore: 0.8564 time: 3.2979s
INFO:root:Epoch: 3405 lr: 0.01 train_loss: 291341.7188 train_mapscore: 0.8565 time: 3.4977s
INFO:root:Epoch: 3410 lr: 0.01 train_loss: 291303.7188 train_mapscore: 0.8565 time: 3.6103s
INFO:root:Epoch: 3415 lr: 0.01 train_loss: 291267.1562 train_mapscore: 0.8579 time: 3.5393s
INFO:root:Epoch: 3420 lr: 0.01 train_loss: 291229.6250 train_mapscore: 0.8566 time: 3.3803s
INFO:root:Epoch: 3425 lr: 0.01 train_loss: 291192.8438 train_mapscore: 0.8566 time: 3.4344s
INFO:root:Epoch: 3430 lr: 0.01 train_loss: 291155.6875 train_mapscore: 0.8566 time: 3.5992s
INFO:root:Epoch: 3435 lr: 0.01 train_loss: 291119.3125 train_mapscore: 0.8567 time: 3.5369s
INFO:root:Epoch: 3440 lr: 0.01 train_loss: 291082.5938 train_mapscore: 0.8568 time: 3.4771s
INFO:root:Epoch: 3445 lr: 0.01 train_loss: 291046.8750 train_mapscore: 0.8569 time: 3.7429s
INFO:root:Epoch: 3450 lr: 0.01 train_loss: 291010.7812 train_mapscore: 0.8572 time: 3.3751s
INFO:root:Epoch: 3455 lr: 0.01 train_loss: 290975.1562 train_mapscore: 0.8572 time: 3.4160s
INFO:root:Epoch: 3460 lr: 0.01 train_loss: 290939.6875 train_mapscore: 0.8573 time: 3.4421s
INFO:root:Epoch: 3465 lr: 0.01 train_loss: 290905.3750 train_mapscore: 0.8573 time: 3.5855s
INFO:root:Epoch: 3470 lr: 0.01 train_loss: 290870.4688 train_mapscore: 0.8573 time: 3.4154s
INFO:root:Epoch: 3475 lr: 0.01 train_loss: 290836.4062 train_mapscore: 0.8572 time: 3.5392s
INFO:root:Epoch: 3480 lr: 0.01 train_loss: 290802.0625 train_mapscore: 0.8575 time: 3.4131s
INFO:root:Epoch: 3485 lr: 0.01 train_loss: 290768.2500 train_mapscore: 0.8574 time: 3.5317s
INFO:root:Epoch: 3490 lr: 0.01 train_loss: 290734.5625 train_mapscore: 0.8575 time: 3.5874s
INFO:root:Epoch: 3495 lr: 0.01 train_loss: 290701.2500 train_mapscore: 0.8588 time: 3.4051s
INFO:root:Epoch: 3500 lr: 0.01 train_loss: 290667.2188 train_mapscore: 0.8574 time: 3.4690s
INFO:root:Epoch: 3505 lr: 0.01 train_loss: 290634.0000 train_mapscore: 0.8576 time: 3.6224s
INFO:root:Epoch: 3510 lr: 0.01 train_loss: 290600.1250 train_mapscore: 0.8576 time: 3.4851s
INFO:root:Epoch: 3515 lr: 0.01 train_loss: 290566.9688 train_mapscore: 0.8576 time: 3.3630s
INFO:root:Epoch: 3520 lr: 0.01 train_loss: 290533.7188 train_mapscore: 0.8576 time: 3.4921s
INFO:root:Epoch: 3525 lr: 0.01 train_loss: 290499.9375 train_mapscore: 0.8576 time: 3.6937s
INFO:root:Epoch: 3530 lr: 0.01 train_loss: 290467.2812 train_mapscore: 0.8577 time: 3.4278s
INFO:root:Epoch: 3535 lr: 0.01 train_loss: 290434.5000 train_mapscore: 0.8577 time: 3.4898s
INFO:root:Epoch: 3540 lr: 0.01 train_loss: 290402.5938 train_mapscore: 0.8577 time: 3.4309s
INFO:root:Epoch: 3545 lr: 0.01 train_loss: 290370.0000 train_mapscore: 0.8578 time: 3.7148s
INFO:root:Epoch: 3550 lr: 0.01 train_loss: 290338.6562 train_mapscore: 0.8578 time: 3.3582s
INFO:root:Epoch: 3555 lr: 0.01 train_loss: 290306.2812 train_mapscore: 0.8578 time: 3.2867s
INFO:root:Epoch: 3560 lr: 0.01 train_loss: 290274.1250 train_mapscore: 0.8579 time: 3.3668s
INFO:root:Epoch: 3565 lr: 0.01 train_loss: 290241.4375 train_mapscore: 0.8579 time: 3.3662s
INFO:root:Epoch: 3570 lr: 0.01 train_loss: 290208.9375 train_mapscore: 0.8580 time: 3.4871s
INFO:root:Epoch: 3575 lr: 0.01 train_loss: 290176.8750 train_mapscore: 0.8580 time: 3.5434s
INFO:root:Epoch: 3580 lr: 0.01 train_loss: 290145.4062 train_mapscore: 0.8580 time: 3.6458s
INFO:root:Epoch: 3585 lr: 0.01 train_loss: 290113.3125 train_mapscore: 0.8581 time: 3.4833s
INFO:root:Epoch: 3590 lr: 0.01 train_loss: 290081.5312 train_mapscore: 0.8581 time: 3.2705s
INFO:root:Epoch: 3595 lr: 0.01 train_loss: 290049.8750 train_mapscore: 0.8581 time: 3.5287s
INFO:root:Epoch: 3600 lr: 0.01 train_loss: 290018.7812 train_mapscore: 0.8582 time: 3.3840s
INFO:root:Epoch: 3605 lr: 0.01 train_loss: 289986.6250 train_mapscore: 0.8580 time: 3.6518s
INFO:root:Epoch: 3610 lr: 0.01 train_loss: 289955.8750 train_mapscore: 0.8580 time: 3.4756s
INFO:root:Epoch: 3615 lr: 0.01 train_loss: 289924.0938 train_mapscore: 0.8581 time: 3.4945s
INFO:root:Epoch: 3620 lr: 0.01 train_loss: 289893.3750 train_mapscore: 0.8581 time: 3.8036s
INFO:root:Epoch: 3625 lr: 0.01 train_loss: 289861.8438 train_mapscore: 0.8582 time: 3.6804s
INFO:root:Epoch: 3630 lr: 0.01 train_loss: 289831.4062 train_mapscore: 0.8582 time: 3.5240s
INFO:root:Epoch: 3635 lr: 0.01 train_loss: 289800.0000 train_mapscore: 0.8583 time: 3.3549s
INFO:root:Epoch: 3640 lr: 0.01 train_loss: 289769.6562 train_mapscore: 0.8583 time: 3.4446s
INFO:root:Epoch: 3645 lr: 0.01 train_loss: 289738.9062 train_mapscore: 0.8597 time: 3.4080s
INFO:root:Epoch: 3650 lr: 0.01 train_loss: 289709.0938 train_mapscore: 0.8584 time: 3.2765s
INFO:root:Epoch: 3655 lr: 0.01 train_loss: 289678.2500 train_mapscore: 0.8597 time: 3.4354s
INFO:root:Epoch: 3660 lr: 0.01 train_loss: 289647.6250 train_mapscore: 0.8598 time: 3.2210s
INFO:root:Epoch: 3665 lr: 0.01 train_loss: 289616.3750 train_mapscore: 0.8598 time: 3.5109s
INFO:root:Epoch: 3670 lr: 0.01 train_loss: 289585.1875 train_mapscore: 0.8599 time: 3.3913s
INFO:root:Epoch: 3675 lr: 0.01 train_loss: 289549.3438 train_mapscore: 0.8599 time: 3.5013s
INFO:root:Epoch: 3680 lr: 0.01 train_loss: 289499.3750 train_mapscore: 0.8600 time: 3.2333s
INFO:root:Epoch: 3685 lr: 0.01 train_loss: 289444.4375 train_mapscore: 0.8601 time: 3.3199s
INFO:root:Epoch: 3690 lr: 0.01 train_loss: 289364.0625 train_mapscore: 0.8601 time: 3.2624s
INFO:root:Epoch: 3695 lr: 0.01 train_loss: 289284.5625 train_mapscore: 0.8603 time: 3.2900s
INFO:root:Epoch: 3700 lr: 0.01 train_loss: 289212.2812 train_mapscore: 0.8604 time: 3.4302s
INFO:root:Epoch: 3705 lr: 0.01 train_loss: 289151.1562 train_mapscore: 0.8605 time: 3.6443s
INFO:root:Epoch: 3710 lr: 0.01 train_loss: 289084.7188 train_mapscore: 0.8605 time: 3.4224s
INFO:root:Epoch: 3715 lr: 0.01 train_loss: 289021.4688 train_mapscore: 0.8605 time: 3.4092s
INFO:root:Epoch: 3720 lr: 0.01 train_loss: 288962.5000 train_mapscore: 0.8606 time: 3.2872s
INFO:root:Epoch: 3725 lr: 0.01 train_loss: 288906.8438 train_mapscore: 0.8607 time: 3.4475s
INFO:root:Epoch: 3730 lr: 0.01 train_loss: 288853.0312 train_mapscore: 0.8608 time: 3.6702s
INFO:root:Epoch: 3735 lr: 0.01 train_loss: 288800.6562 train_mapscore: 0.8608 time: 3.5241s
INFO:root:Epoch: 3740 lr: 0.01 train_loss: 288751.1875 train_mapscore: 0.8610 time: 3.2268s
INFO:root:Epoch: 3745 lr: 0.01 train_loss: 288703.1250 train_mapscore: 0.8611 time: 3.6591s
INFO:root:Epoch: 3750 lr: 0.01 train_loss: 288655.6562 train_mapscore: 0.8612 time: 3.5679s
INFO:root:Epoch: 3755 lr: 0.01 train_loss: 288609.5938 train_mapscore: 0.8611 time: 3.4279s
INFO:root:Epoch: 3760 lr: 0.01 train_loss: 288564.9688 train_mapscore: 0.8611 time: 3.7809s
INFO:root:Epoch: 3765 lr: 0.01 train_loss: 288521.8125 train_mapscore: 0.8610 time: 3.5282s
INFO:root:Epoch: 3770 lr: 0.01 train_loss: 288480.4688 train_mapscore: 0.8611 time: 3.8127s
INFO:root:Epoch: 3775 lr: 0.01 train_loss: 288438.8125 train_mapscore: 0.8611 time: 3.4132s
INFO:root:Epoch: 3780 lr: 0.01 train_loss: 288398.6875 train_mapscore: 0.8611 time: 3.8227s
INFO:root:Epoch: 3785 lr: 0.01 train_loss: 288358.6562 train_mapscore: 0.8613 time: 3.3652s
INFO:root:Epoch: 3790 lr: 0.01 train_loss: 288318.6875 train_mapscore: 0.8617 time: 3.7951s
INFO:root:Epoch: 3795 lr: 0.01 train_loss: 288279.9688 train_mapscore: 0.8617 time: 3.4490s
INFO:root:Epoch: 3800 lr: 0.01 train_loss: 288241.7500 train_mapscore: 0.8617 time: 3.7737s
INFO:root:Epoch: 3805 lr: 0.01 train_loss: 288203.4688 train_mapscore: 0.8618 time: 3.7886s
INFO:root:Epoch: 3810 lr: 0.01 train_loss: 288165.2812 train_mapscore: 0.8618 time: 3.7413s
INFO:root:Epoch: 3815 lr: 0.01 train_loss: 288127.0625 train_mapscore: 0.8618 time: 3.4336s
INFO:root:Epoch: 3820 lr: 0.01 train_loss: 288089.3750 train_mapscore: 0.8618 time: 3.6140s
INFO:root:Epoch: 3825 lr: 0.01 train_loss: 288051.8750 train_mapscore: 0.8619 time: 3.5155s
INFO:root:Epoch: 3830 lr: 0.01 train_loss: 288014.5312 train_mapscore: 0.8619 time: 3.4177s
INFO:root:Epoch: 3835 lr: 0.01 train_loss: 287977.2188 train_mapscore: 0.8620 time: 3.6638s
INFO:root:Epoch: 3840 lr: 0.01 train_loss: 287940.5625 train_mapscore: 0.8621 time: 3.3916s
INFO:root:Epoch: 3845 lr: 0.01 train_loss: 287903.3750 train_mapscore: 0.8620 time: 3.5619s
INFO:root:Epoch: 3850 lr: 0.01 train_loss: 287866.1875 train_mapscore: 0.8621 time: 3.3484s
INFO:root:Epoch: 3855 lr: 0.01 train_loss: 287829.7500 train_mapscore: 0.8620 time: 3.8502s
INFO:root:Epoch: 3860 lr: 0.01 train_loss: 287793.1250 train_mapscore: 0.8622 time: 3.3702s
INFO:root:Epoch: 3865 lr: 0.01 train_loss: 287756.5625 train_mapscore: 0.8622 time: 2.9498s
INFO:root:Epoch: 3870 lr: 0.01 train_loss: 287720.7812 train_mapscore: 0.8623 time: 3.3223s
INFO:root:Epoch: 3875 lr: 0.01 train_loss: 287683.9688 train_mapscore: 0.8623 time: 3.5630s
INFO:root:Epoch: 3880 lr: 0.01 train_loss: 287647.7188 train_mapscore: 0.8623 time: 3.4770s
INFO:root:Epoch: 3885 lr: 0.01 train_loss: 287610.9688 train_mapscore: 0.8624 time: 3.6519s
INFO:root:Epoch: 3890 lr: 0.01 train_loss: 287574.7500 train_mapscore: 0.8623 time: 3.3389s
INFO:root:Epoch: 3895 lr: 0.01 train_loss: 287538.1875 train_mapscore: 0.8623 time: 3.5820s
INFO:root:Epoch: 3900 lr: 0.01 train_loss: 287501.6875 train_mapscore: 0.8620 time: 3.3509s
INFO:root:Epoch: 3905 lr: 0.01 train_loss: 287465.8125 train_mapscore: 0.8620 time: 3.4725s
INFO:root:Epoch: 3910 lr: 0.01 train_loss: 287430.4688 train_mapscore: 0.8621 time: 3.5076s
INFO:root:Epoch: 3915 lr: 0.01 train_loss: 287394.6562 train_mapscore: 0.8622 time: 3.4961s
INFO:root:Epoch: 3920 lr: 0.01 train_loss: 287359.1562 train_mapscore: 0.8622 time: 3.4190s
INFO:root:Epoch: 3925 lr: 0.01 train_loss: 287323.6250 train_mapscore: 0.8622 time: 3.3894s
INFO:root:Epoch: 3930 lr: 0.01 train_loss: 287289.0000 train_mapscore: 0.8622 time: 3.2864s
INFO:root:Epoch: 3935 lr: 0.01 train_loss: 287254.0000 train_mapscore: 0.8623 time: 3.3578s
INFO:root:Epoch: 3940 lr: 0.01 train_loss: 287218.9375 train_mapscore: 0.8624 time: 3.5958s
INFO:root:Epoch: 3945 lr: 0.01 train_loss: 287184.6562 train_mapscore: 0.8624 time: 3.7005s
INFO:root:Epoch: 3950 lr: 0.01 train_loss: 287150.0625 train_mapscore: 0.8624 time: 3.4571s
INFO:root:Epoch: 3955 lr: 0.01 train_loss: 287116.0625 train_mapscore: 0.8625 time: 3.5912s
INFO:root:Epoch: 3960 lr: 0.01 train_loss: 287081.3750 train_mapscore: 0.8625 time: 3.3360s
INFO:root:Epoch: 3965 lr: 0.01 train_loss: 287046.1875 train_mapscore: 0.8625 time: 3.5545s
INFO:root:Epoch: 3970 lr: 0.01 train_loss: 287009.6250 train_mapscore: 0.8627 time: 3.3393s
INFO:root:Epoch: 3975 lr: 0.01 train_loss: 286973.6562 train_mapscore: 0.8627 time: 3.6384s
INFO:root:Epoch: 3980 lr: 0.01 train_loss: 286939.1562 train_mapscore: 0.8628 time: 3.2202s
INFO:root:Epoch: 3985 lr: 0.01 train_loss: 286903.5000 train_mapscore: 0.8628 time: 3.2777s
INFO:root:Epoch: 3990 lr: 0.01 train_loss: 286868.3438 train_mapscore: 0.8628 time: 3.3260s
INFO:root:Epoch: 3995 lr: 0.01 train_loss: 286833.5312 train_mapscore: 0.8629 time: 3.4043s
INFO:root:Epoch: 4000 lr: 0.01 train_loss: 286798.2500 train_mapscore: 0.8629 time: 3.5865s
INFO:root:Epoch: 4005 lr: 0.01 train_loss: 286762.2188 train_mapscore: 0.8629 time: 3.8596s
INFO:root:Epoch: 4010 lr: 0.01 train_loss: 286726.4062 train_mapscore: 0.8631 time: 3.8287s
INFO:root:Epoch: 4015 lr: 0.01 train_loss: 286689.5625 train_mapscore: 0.8631 time: 3.4652s
INFO:root:Epoch: 4020 lr: 0.01 train_loss: 286651.2188 train_mapscore: 0.8631 time: 3.4027s
INFO:root:Epoch: 4025 lr: 0.01 train_loss: 286610.4688 train_mapscore: 0.8631 time: 3.4554s
INFO:root:Epoch: 4030 lr: 0.01 train_loss: 286569.1250 train_mapscore: 0.8631 time: 3.3871s
INFO:root:Epoch: 4035 lr: 0.01 train_loss: 286527.4375 train_mapscore: 0.8632 time: 3.5158s
INFO:root:Epoch: 4040 lr: 0.01 train_loss: 286484.7500 train_mapscore: 0.8634 time: 3.3803s
INFO:root:Epoch: 4045 lr: 0.01 train_loss: 286442.8438 train_mapscore: 0.8634 time: 3.3421s
INFO:root:Epoch: 4050 lr: 0.01 train_loss: 286404.4688 train_mapscore: 0.8634 time: 3.3415s
INFO:root:Epoch: 4055 lr: 0.01 train_loss: 286366.5000 train_mapscore: 0.8634 time: 3.3723s
INFO:root:Epoch: 4060 lr: 0.01 train_loss: 286330.6250 train_mapscore: 0.8634 time: 3.5023s
INFO:root:Epoch: 4065 lr: 0.01 train_loss: 286295.3125 train_mapscore: 0.8634 time: 3.4209s
INFO:root:Epoch: 4070 lr: 0.01 train_loss: 286259.9375 train_mapscore: 0.8635 time: 3.6188s
INFO:root:Epoch: 4075 lr: 0.01 train_loss: 286223.7812 train_mapscore: 0.8635 time: 3.5901s
INFO:root:Epoch: 4080 lr: 0.01 train_loss: 286188.0000 train_mapscore: 0.8636 time: 3.3006s
INFO:root:Epoch: 4085 lr: 0.01 train_loss: 286153.1562 train_mapscore: 0.8636 time: 3.5709s
INFO:root:Epoch: 4090 lr: 0.01 train_loss: 286118.0000 train_mapscore: 0.8636 time: 3.3637s
INFO:root:Epoch: 4095 lr: 0.01 train_loss: 286084.0000 train_mapscore: 0.8636 time: 3.6762s
INFO:root:Epoch: 4100 lr: 0.01 train_loss: 286049.7188 train_mapscore: 0.8636 time: 3.3931s
INFO:root:Epoch: 4105 lr: 0.01 train_loss: 286016.8750 train_mapscore: 0.8637 time: 3.3297s
INFO:root:Epoch: 4110 lr: 0.01 train_loss: 285983.0000 train_mapscore: 0.8637 time: 3.2961s
INFO:root:Epoch: 4115 lr: 0.01 train_loss: 285950.3750 train_mapscore: 0.8638 time: 3.2732s
INFO:root:Epoch: 4120 lr: 0.01 train_loss: 285917.8125 train_mapscore: 0.8638 time: 3.3640s
INFO:root:Epoch: 4125 lr: 0.01 train_loss: 285884.1250 train_mapscore: 0.8638 time: 3.3650s
INFO:root:Epoch: 4130 lr: 0.01 train_loss: 285853.0312 train_mapscore: 0.8626 time: 3.5618s
INFO:root:Epoch: 4135 lr: 0.01 train_loss: 285819.2812 train_mapscore: 0.8638 time: 3.6262s
INFO:root:Epoch: 4140 lr: 0.01 train_loss: 285787.3125 train_mapscore: 0.8641 time: 3.4787s
INFO:root:Epoch: 4145 lr: 0.01 train_loss: 285755.4688 train_mapscore: 0.8642 time: 3.5394s
INFO:root:Epoch: 4150 lr: 0.01 train_loss: 285723.0625 train_mapscore: 0.8643 time: 3.3988s
INFO:root:Epoch: 4155 lr: 0.01 train_loss: 285691.5625 train_mapscore: 0.8644 time: 3.4759s
INFO:root:Epoch: 4160 lr: 0.01 train_loss: 285659.7812 train_mapscore: 0.8646 time: 3.2610s
INFO:root:Epoch: 4165 lr: 0.01 train_loss: 285628.2188 train_mapscore: 0.8647 time: 3.3454s
INFO:root:Epoch: 4170 lr: 0.01 train_loss: 285595.9375 train_mapscore: 0.8634 time: 3.4331s
INFO:root:Epoch: 4175 lr: 0.01 train_loss: 285563.0625 train_mapscore: 0.8635 time: 3.5426s
INFO:root:Epoch: 4180 lr: 0.01 train_loss: 285530.9062 train_mapscore: 0.8634 time: 3.4142s
INFO:root:Epoch: 4185 lr: 0.01 train_loss: 285498.7500 train_mapscore: 0.8648 time: 2.9330s
INFO:root:Epoch: 4190 lr: 0.01 train_loss: 285467.1875 train_mapscore: 0.8648 time: 3.2963s
INFO:root:Epoch: 4195 lr: 0.01 train_loss: 285434.9062 train_mapscore: 0.8648 time: 3.3358s
INFO:root:Epoch: 4200 lr: 0.01 train_loss: 285403.7188 train_mapscore: 0.8649 time: 3.3309s
INFO:root:Epoch: 4205 lr: 0.01 train_loss: 285372.4375 train_mapscore: 0.8649 time: 3.4579s
INFO:root:Epoch: 4210 lr: 0.01 train_loss: 285340.8438 train_mapscore: 0.8649 time: 3.4227s
INFO:root:Epoch: 4215 lr: 0.01 train_loss: 285309.5000 train_mapscore: 0.8649 time: 3.4385s
INFO:root:Epoch: 4220 lr: 0.01 train_loss: 285278.1562 train_mapscore: 0.8649 time: 3.7039s
INFO:root:Epoch: 4225 lr: 0.01 train_loss: 285247.5000 train_mapscore: 0.8650 time: 3.3119s
INFO:root:Epoch: 4230 lr: 0.01 train_loss: 285216.3125 train_mapscore: 0.8650 time: 3.4195s
INFO:root:Epoch: 4235 lr: 0.01 train_loss: 285184.9375 train_mapscore: 0.8651 time: 3.4490s
INFO:root:Epoch: 4240 lr: 0.01 train_loss: 285153.6250 train_mapscore: 0.8651 time: 3.8608s
INFO:root:Epoch: 4245 lr: 0.01 train_loss: 285123.3438 train_mapscore: 0.8651 time: 3.4772s
INFO:root:Epoch: 4250 lr: 0.01 train_loss: 285092.3125 train_mapscore: 0.8652 time: 3.4514s
INFO:root:Epoch: 4255 lr: 0.01 train_loss: 285061.1250 train_mapscore: 0.8653 time: 3.9307s
INFO:root:Epoch: 4260 lr: 0.01 train_loss: 285028.8750 train_mapscore: 0.8653 time: 3.3781s
INFO:root:Epoch: 4265 lr: 0.01 train_loss: 284996.2812 train_mapscore: 0.8653 time: 3.3054s
INFO:root:Epoch: 4270 lr: 0.01 train_loss: 284966.1562 train_mapscore: 0.8653 time: 3.4897s
INFO:root:Epoch: 4275 lr: 0.01 train_loss: 284935.1562 train_mapscore: 0.8654 time: 4.0367s
INFO:root:Epoch: 4280 lr: 0.01 train_loss: 284904.1250 train_mapscore: 0.8655 time: 3.4788s
INFO:root:Epoch: 4285 lr: 0.01 train_loss: 284873.3125 train_mapscore: 0.8655 time: 3.2745s
INFO:root:Epoch: 4290 lr: 0.01 train_loss: 284842.4062 train_mapscore: 0.8657 time: 3.4078s
INFO:root:Epoch: 4295 lr: 0.01 train_loss: 284811.9375 train_mapscore: 0.8657 time: 3.6169s
INFO:root:Epoch: 4300 lr: 0.01 train_loss: 284782.0000 train_mapscore: 0.8657 time: 3.3495s
INFO:root:Epoch: 4305 lr: 0.01 train_loss: 284752.0312 train_mapscore: 0.8657 time: 3.4207s
INFO:root:Epoch: 4310 lr: 0.01 train_loss: 284721.6875 train_mapscore: 0.8658 time: 3.8382s
INFO:root:Epoch: 4315 lr: 0.01 train_loss: 284691.9375 train_mapscore: 0.8658 time: 3.3868s
INFO:root:Epoch: 4320 lr: 0.01 train_loss: 284662.6562 train_mapscore: 0.8658 time: 3.2812s
INFO:root:Epoch: 4325 lr: 0.01 train_loss: 284631.9688 train_mapscore: 0.8658 time: 3.4856s
INFO:root:Epoch: 4330 lr: 0.01 train_loss: 284603.0312 train_mapscore: 0.8659 time: 3.7227s
INFO:root:Epoch: 4335 lr: 0.01 train_loss: 284573.3750 train_mapscore: 0.8659 time: 3.6274s
INFO:root:Epoch: 4340 lr: 0.01 train_loss: 284544.0938 train_mapscore: 0.8660 time: 3.3595s
INFO:root:Epoch: 4345 lr: 0.01 train_loss: 284514.6250 train_mapscore: 0.8660 time: 3.6332s
INFO:root:Epoch: 4350 lr: 0.01 train_loss: 284485.1250 train_mapscore: 0.8661 time: 3.3793s
INFO:root:Epoch: 4355 lr: 0.01 train_loss: 284456.2500 train_mapscore: 0.8662 time: 3.4297s
INFO:root:Epoch: 4360 lr: 0.01 train_loss: 284426.4062 train_mapscore: 0.8662 time: 3.4530s
INFO:root:Epoch: 4365 lr: 0.01 train_loss: 284397.7812 train_mapscore: 0.8663 time: 3.8953s
INFO:root:Epoch: 4370 lr: 0.01 train_loss: 284367.9062 train_mapscore: 0.8664 time: 3.4813s
INFO:root:Epoch: 4375 lr: 0.01 train_loss: 284339.0625 train_mapscore: 0.8663 time: 3.4119s
INFO:root:Epoch: 4380 lr: 0.01 train_loss: 284311.2188 train_mapscore: 0.8664 time: 3.3573s
INFO:root:Epoch: 4385 lr: 0.01 train_loss: 284282.3438 train_mapscore: 0.8664 time: 3.6738s
INFO:root:Epoch: 4390 lr: 0.01 train_loss: 284253.3125 train_mapscore: 0.8664 time: 3.5360s
INFO:root:Epoch: 4395 lr: 0.01 train_loss: 284225.1250 train_mapscore: 0.8665 time: 3.4095s
INFO:root:Epoch: 4400 lr: 0.01 train_loss: 284195.6875 train_mapscore: 0.8664 time: 3.5558s
INFO:root:Epoch: 4405 lr: 0.01 train_loss: 284166.8750 train_mapscore: 0.8665 time: 3.6387s
INFO:root:Epoch: 4410 lr: 0.01 train_loss: 284138.6562 train_mapscore: 0.8666 time: 3.2191s
INFO:root:Epoch: 4415 lr: 0.01 train_loss: 284110.4375 train_mapscore: 0.8665 time: 3.5450s
INFO:root:Epoch: 4420 lr: 0.01 train_loss: 284081.3438 train_mapscore: 0.8665 time: 3.6055s
INFO:root:Epoch: 4425 lr: 0.01 train_loss: 284053.8438 train_mapscore: 0.8668 time: 3.4452s
INFO:root:Epoch: 4430 lr: 0.01 train_loss: 284025.2500 train_mapscore: 0.8668 time: 3.3693s
INFO:root:Epoch: 4435 lr: 0.01 train_loss: 283996.5938 train_mapscore: 0.8669 time: 3.4288s
INFO:root:Epoch: 4440 lr: 0.01 train_loss: 283968.8438 train_mapscore: 0.8669 time: 3.2970s
INFO:root:Epoch: 4445 lr: 0.01 train_loss: 283940.6250 train_mapscore: 0.8669 time: 2.9711s
INFO:root:Epoch: 4450 lr: 0.01 train_loss: 283912.7500 train_mapscore: 0.8670 time: 2.8507s
INFO:root:Epoch: 4455 lr: 0.01 train_loss: 283884.0312 train_mapscore: 0.8670 time: 2.8732s
INFO:root:Epoch: 4460 lr: 0.01 train_loss: 283856.4375 train_mapscore: 0.8658 time: 2.7678s
INFO:root:Epoch: 4465 lr: 0.01 train_loss: 283828.3125 train_mapscore: 0.8661 time: 2.9157s
INFO:root:Epoch: 4470 lr: 0.01 train_loss: 283800.4375 train_mapscore: 0.8661 time: 2.8184s
INFO:root:Epoch: 4475 lr: 0.01 train_loss: 283771.9375 train_mapscore: 0.8661 time: 2.8719s
INFO:root:Epoch: 4480 lr: 0.01 train_loss: 283744.5000 train_mapscore: 0.8673 time: 2.8351s
INFO:root:Epoch: 4485 lr: 0.01 train_loss: 283717.0312 train_mapscore: 0.8661 time: 2.8748s
INFO:root:Epoch: 4490 lr: 0.01 train_loss: 283689.5312 train_mapscore: 0.8660 time: 2.8458s
INFO:root:Epoch: 4495 lr: 0.01 train_loss: 283662.1562 train_mapscore: 0.8673 time: 2.8816s
INFO:root:Epoch: 4500 lr: 0.01 train_loss: 283634.3125 train_mapscore: 0.8674 time: 2.8641s
INFO:root:Epoch: 4505 lr: 0.01 train_loss: 283606.9688 train_mapscore: 0.8674 time: 2.9316s
INFO:root:Epoch: 4510 lr: 0.01 train_loss: 283579.7188 train_mapscore: 0.8674 time: 2.9132s
INFO:root:Epoch: 4515 lr: 0.01 train_loss: 283552.7500 train_mapscore: 0.8674 time: 2.8955s
INFO:root:Epoch: 4520 lr: 0.01 train_loss: 283525.5312 train_mapscore: 0.8675 time: 2.8397s
INFO:root:Epoch: 4525 lr: 0.01 train_loss: 283498.5625 train_mapscore: 0.8675 time: 2.8735s
INFO:root:Epoch: 4530 lr: 0.01 train_loss: 283471.5938 train_mapscore: 0.8674 time: 2.8449s
INFO:root:Epoch: 4535 lr: 0.01 train_loss: 283443.8750 train_mapscore: 0.8663 time: 2.8630s
INFO:root:Epoch: 4540 lr: 0.01 train_loss: 283416.2812 train_mapscore: 0.8663 time: 2.8280s
INFO:root:Epoch: 4545 lr: 0.01 train_loss: 283388.5938 train_mapscore: 0.8663 time: 2.8945s
INFO:root:Epoch: 4550 lr: 0.01 train_loss: 283361.3125 train_mapscore: 0.8664 time: 2.8225s
INFO:root:Epoch: 4555 lr: 0.01 train_loss: 283333.1562 train_mapscore: 0.8667 time: 2.8749s
INFO:root:Epoch: 4560 lr: 0.01 train_loss: 283303.9375 train_mapscore: 0.8665 time: 2.8203s
INFO:root:Epoch: 4565 lr: 0.01 train_loss: 283275.3438 train_mapscore: 0.8663 time: 2.8786s
INFO:root:Epoch: 4570 lr: 0.01 train_loss: 283247.4688 train_mapscore: 0.8665 time: 2.7747s
INFO:root:Epoch: 4575 lr: 0.01 train_loss: 283218.8750 train_mapscore: 0.8664 time: 2.8087s
INFO:root:Epoch: 4580 lr: 0.01 train_loss: 283191.6250 train_mapscore: 0.8663 time: 2.8263s
INFO:root:Epoch: 4585 lr: 0.01 train_loss: 283163.6250 train_mapscore: 0.8664 time: 2.8220s
INFO:root:Epoch: 4590 lr: 0.01 train_loss: 283137.1250 train_mapscore: 0.8664 time: 2.8387s
INFO:root:Epoch: 4595 lr: 0.01 train_loss: 283110.1875 train_mapscore: 0.8665 time: 2.8249s
INFO:root:Epoch: 4600 lr: 0.01 train_loss: 283082.1562 train_mapscore: 0.8665 time: 2.8640s
INFO:root:Epoch: 4605 lr: 0.01 train_loss: 283055.3750 train_mapscore: 0.8666 time: 2.8438s
INFO:root:Epoch: 4610 lr: 0.01 train_loss: 283028.4062 train_mapscore: 0.8666 time: 2.7872s
INFO:root:Epoch: 4615 lr: 0.01 train_loss: 283000.3125 train_mapscore: 0.8666 time: 2.8094s
INFO:root:Epoch: 4620 lr: 0.01 train_loss: 282971.3750 train_mapscore: 0.8665 time: 2.7740s
INFO:root:Epoch: 4625 lr: 0.01 train_loss: 282942.0000 train_mapscore: 0.8678 time: 2.8762s
INFO:root:Epoch: 4630 lr: 0.01 train_loss: 282913.0625 train_mapscore: 0.8666 time: 2.8375s
INFO:root:Epoch: 4635 lr: 0.01 train_loss: 282884.4375 train_mapscore: 0.8666 time: 2.8733s
INFO:root:Epoch: 4640 lr: 0.01 train_loss: 282855.6875 train_mapscore: 0.8678 time: 2.7313s
INFO:root:Epoch: 4645 lr: 0.01 train_loss: 282828.3438 train_mapscore: 0.8665 time: 2.8036s
INFO:root:Epoch: 4650 lr: 0.01 train_loss: 282801.2812 train_mapscore: 0.8667 time: 2.7577s
INFO:root:Epoch: 4655 lr: 0.01 train_loss: 282774.5000 train_mapscore: 0.8667 time: 2.7831s
INFO:root:Epoch: 4660 lr: 0.01 train_loss: 282747.4688 train_mapscore: 0.8666 time: 2.7319s
INFO:root:Epoch: 4665 lr: 0.01 train_loss: 282720.2812 train_mapscore: 0.8666 time: 2.8516s
INFO:root:Epoch: 4670 lr: 0.01 train_loss: 282693.8125 train_mapscore: 0.8679 time: 2.7349s
INFO:root:Epoch: 4675 lr: 0.01 train_loss: 282667.5000 train_mapscore: 0.8668 time: 2.8010s
INFO:root:Epoch: 4680 lr: 0.01 train_loss: 282640.5000 train_mapscore: 0.8665 time: 2.7852s
INFO:root:Epoch: 4685 lr: 0.01 train_loss: 282614.8750 train_mapscore: 0.8667 time: 2.8839s
INFO:root:Epoch: 4690 lr: 0.01 train_loss: 282588.1250 train_mapscore: 0.8667 time: 2.7257s
INFO:root:Epoch: 4695 lr: 0.01 train_loss: 282563.5000 train_mapscore: 0.8665 time: 2.7663s
INFO:root:Epoch: 4700 lr: 0.01 train_loss: 282536.4375 train_mapscore: 0.8666 time: 2.7110s
INFO:root:Epoch: 4705 lr: 0.01 train_loss: 282510.0625 train_mapscore: 0.8667 time: 2.7608s
INFO:root:Epoch: 4710 lr: 0.01 train_loss: 282483.8750 train_mapscore: 0.8667 time: 2.8230s
INFO:root:Epoch: 4715 lr: 0.01 train_loss: 282458.3750 train_mapscore: 0.8667 time: 2.8787s
INFO:root:Epoch: 4720 lr: 0.01 train_loss: 282432.4062 train_mapscore: 0.8668 time: 2.7690s
INFO:root:Epoch: 4725 lr: 0.01 train_loss: 282406.8750 train_mapscore: 0.8668 time: 2.8019s
INFO:root:Epoch: 4730 lr: 0.01 train_loss: 282381.0000 train_mapscore: 0.8668 time: 2.7955s
INFO:root:Epoch: 4735 lr: 0.01 train_loss: 282355.2188 train_mapscore: 0.8681 time: 2.8306s
INFO:root:Epoch: 4740 lr: 0.01 train_loss: 282329.8750 train_mapscore: 0.8681 time: 2.7839s
INFO:root:Epoch: 4745 lr: 0.01 train_loss: 282303.9062 train_mapscore: 0.8668 time: 2.8953s
INFO:root:Epoch: 4750 lr: 0.01 train_loss: 282277.5625 train_mapscore: 0.8668 time: 2.8600s
INFO:root:Epoch: 4755 lr: 0.01 train_loss: 282252.0625 train_mapscore: 0.8670 time: 2.8853s
INFO:root:Epoch: 4760 lr: 0.01 train_loss: 282226.6875 train_mapscore: 0.8669 time: 2.8846s
INFO:root:Epoch: 4765 lr: 0.01 train_loss: 282201.5312 train_mapscore: 0.8669 time: 2.8788s
INFO:root:Epoch: 4770 lr: 0.01 train_loss: 282175.9062 train_mapscore: 0.8669 time: 2.8740s
INFO:root:Epoch: 4775 lr: 0.01 train_loss: 282151.0000 train_mapscore: 0.8683 time: 2.8925s
INFO:root:Epoch: 4780 lr: 0.01 train_loss: 282126.4375 train_mapscore: 0.8670 time: 2.8675s
INFO:root:Epoch: 4785 lr: 0.01 train_loss: 282100.8125 train_mapscore: 0.8669 time: 2.8964s
INFO:root:Epoch: 4790 lr: 0.01 train_loss: 282075.3125 train_mapscore: 0.8670 time: 2.8532s
INFO:root:Epoch: 4795 lr: 0.01 train_loss: 282050.3750 train_mapscore: 0.8671 time: 2.8144s
INFO:root:Epoch: 4800 lr: 0.01 train_loss: 282025.1562 train_mapscore: 0.8670 time: 2.8780s
INFO:root:Epoch: 4805 lr: 0.01 train_loss: 282000.1250 train_mapscore: 0.8673 time: 2.8982s
INFO:root:Epoch: 4810 lr: 0.01 train_loss: 281974.8125 train_mapscore: 0.8670 time: 2.8524s
INFO:root:Epoch: 4815 lr: 0.01 train_loss: 281948.4062 train_mapscore: 0.8672 time: 2.8769s
INFO:root:Epoch: 4820 lr: 0.01 train_loss: 281921.1875 train_mapscore: 0.8671 time: 2.8583s
INFO:root:Epoch: 4825 lr: 0.01 train_loss: 281894.7812 train_mapscore: 0.8673 time: 2.8199s
INFO:root:Epoch: 4830 lr: 0.01 train_loss: 281868.5000 train_mapscore: 0.8672 time: 2.8364s
INFO:root:Epoch: 4835 lr: 0.01 train_loss: 281842.1250 train_mapscore: 0.8686 time: 2.8525s
INFO:root:Epoch: 4840 lr: 0.01 train_loss: 281815.8125 train_mapscore: 0.8673 time: 2.8414s
INFO:root:Epoch: 4845 lr: 0.01 train_loss: 281789.6562 train_mapscore: 0.8684 time: 2.8332s
INFO:root:Epoch: 4850 lr: 0.01 train_loss: 281763.2812 train_mapscore: 0.8670 time: 2.8665s
INFO:root:Epoch: 4855 lr: 0.01 train_loss: 281736.5625 train_mapscore: 0.8670 time: 2.8718s
INFO:root:Epoch: 4860 lr: 0.01 train_loss: 281709.6250 train_mapscore: 0.8671 time: 2.8837s
INFO:root:Epoch: 4865 lr: 0.01 train_loss: 281683.0938 train_mapscore: 0.8671 time: 2.8678s
INFO:root:Epoch: 4870 lr: 0.01 train_loss: 281655.9375 train_mapscore: 0.8673 time: 2.8594s
INFO:root:Epoch: 4875 lr: 0.01 train_loss: 281629.0312 train_mapscore: 0.8673 time: 2.9230s
INFO:root:Epoch: 4880 lr: 0.01 train_loss: 281602.0625 train_mapscore: 0.8672 time: 2.7934s
INFO:root:Epoch: 4885 lr: 0.01 train_loss: 281574.1250 train_mapscore: 0.8673 time: 2.8522s
INFO:root:Epoch: 4890 lr: 0.01 train_loss: 281547.5000 train_mapscore: 0.8673 time: 2.8821s
INFO:root:Epoch: 4895 lr: 0.01 train_loss: 281519.6875 train_mapscore: 0.8673 time: 2.9054s
INFO:root:Epoch: 4900 lr: 0.01 train_loss: 281492.9062 train_mapscore: 0.8674 time: 2.7539s
INFO:root:Epoch: 4905 lr: 0.01 train_loss: 281464.2812 train_mapscore: 0.8674 time: 2.9119s
INFO:root:Epoch: 4910 lr: 0.01 train_loss: 281437.4375 train_mapscore: 0.8675 time: 2.8938s
INFO:root:Epoch: 4915 lr: 0.01 train_loss: 281410.2188 train_mapscore: 0.8675 time: 2.9400s
INFO:root:Epoch: 4920 lr: 0.01 train_loss: 281384.1875 train_mapscore: 0.8675 time: 2.8310s
INFO:root:Epoch: 4925 lr: 0.01 train_loss: 281357.5312 train_mapscore: 0.8675 time: 2.8975s
INFO:root:Epoch: 4930 lr: 0.01 train_loss: 281331.8125 train_mapscore: 0.8676 time: 2.8298s
INFO:root:Epoch: 4935 lr: 0.01 train_loss: 281306.1562 train_mapscore: 0.8676 time: 2.9043s
INFO:root:Epoch: 4940 lr: 0.01 train_loss: 281280.1250 train_mapscore: 0.8676 time: 2.8314s
INFO:root:Epoch: 4945 lr: 0.01 train_loss: 281255.0312 train_mapscore: 0.8676 time: 2.8417s
INFO:root:Epoch: 4950 lr: 0.01 train_loss: 281230.0625 train_mapscore: 0.8677 time: 2.8431s
INFO:root:Epoch: 4955 lr: 0.01 train_loss: 281204.0625 train_mapscore: 0.8678 time: 2.8558s
INFO:root:Epoch: 4960 lr: 0.01 train_loss: 281179.1875 train_mapscore: 0.8678 time: 2.8664s
INFO:root:Epoch: 4965 lr: 0.01 train_loss: 281154.2500 train_mapscore: 0.8678 time: 2.8836s
INFO:root:Epoch: 4970 lr: 0.01 train_loss: 281129.4062 train_mapscore: 0.8677 time: 2.8387s
INFO:root:Epoch: 4975 lr: 0.01 train_loss: 281104.0000 train_mapscore: 0.8677 time: 2.8728s
INFO:root:Epoch: 4980 lr: 0.01 train_loss: 281078.8438 train_mapscore: 0.8677 time: 2.8238s
INFO:root:Epoch: 4985 lr: 0.01 train_loss: 281054.0000 train_mapscore: 0.8677 time: 2.8602s
INFO:root:Epoch: 4990 lr: 0.01 train_loss: 281028.8438 train_mapscore: 0.8680 time: 2.8384s
INFO:root:Epoch: 4995 lr: 0.01 train_loss: 281004.5312 train_mapscore: 0.8679 time: 2.8970s
INFO:root:Epoch: 5000 lr: 0.0025 train_loss: 280979.7188 train_mapscore: 0.8680 time: 2.8253s
INFO:root:Optimization Finished!
INFO:root:Total time elapsed: 16739.0260s
INFO:root:Val set results: val_distortion: 1.0000 val_mapscore: -1.0000
INFO:root:Test set results: test_loss: 280975.3438 test_mapscore: 0.8680
INFO:root:Saved model in /home/xiongbo/hgcn/logs/md/2021_4_4/32
