INFO:root:Using: cpu
INFO:root:Using seed 1234.
INFO:root:MDModel(
  (encoder): GCN(
    (layers): Sequential(
      (0): GraphConvolution(
        input_dim=4039, output_dim=10
        (linear): Linear(in_features=4039, out_features=10, bias=True)
      )
    )
  )
  (decoder): MDDecoder()
)
INFO:root:Total number of parameters: 40400
/home/xiongbo/anaconda3/envs/kge/lib/python3.7/site-packages/torch/optim/lr_scheduler.py:351: UserWarning: To get the last learning rate computed by the scheduler, please use `get_last_lr()`.
  "please use `get_last_lr()`.", UserWarning)
INFO:root:Epoch: 0005 lr: 0.01 train_loss: 1459861.7500 train_mapscore: 0.3073 time: 9.1539s
INFO:root:Epoch: 0010 lr: 0.01 train_loss: 1452841.6250 train_mapscore: 0.3525 time: 9.9350s
INFO:root:Epoch: 0015 lr: 0.01 train_loss: 1435599.1250 train_mapscore: 0.3239 time: 9.5900s
INFO:root:Epoch: 0020 lr: 0.01 train_loss: 1404910.2500 train_mapscore: 0.3180 time: 10.0418s
INFO:root:Epoch: 0025 lr: 0.01 train_loss: 1359303.1250 train_mapscore: 0.3116 time: 9.6286s
INFO:root:Epoch: 0030 lr: 0.01 train_loss: 1301039.6250 train_mapscore: 0.3090 time: 9.4945s
INFO:root:Epoch: 0035 lr: 0.01 train_loss: 1237555.8750 train_mapscore: 0.3077 time: 9.1656s
INFO:root:Epoch: 0040 lr: 0.01 train_loss: 1177451.7500 train_mapscore: 0.3072 time: 9.7540s
INFO:root:Epoch: 0045 lr: 0.01 train_loss: 1126473.1250 train_mapscore: 0.3069 time: 9.5100s
INFO:root:Epoch: 0050 lr: 0.01 train_loss: 1085541.0000 train_mapscore: 0.3101 time: 9.1275s
INFO:root:Epoch: 0055 lr: 0.01 train_loss: 1053168.5000 train_mapscore: 0.3096 time: 9.1001s
INFO:root:Epoch: 0060 lr: 0.01 train_loss: 1027387.7500 train_mapscore: 0.3110 time: 8.4982s
INFO:root:Epoch: 0065 lr: 0.01 train_loss: 1006568.0000 train_mapscore: 0.3111 time: 8.7200s
INFO:root:Epoch: 0070 lr: 0.01 train_loss: 989583.8750 train_mapscore: 0.3129 time: 8.6637s
INFO:root:Epoch: 0075 lr: 0.01 train_loss: 975712.7500 train_mapscore: 0.3145 time: 8.6144s
INFO:root:Epoch: 0080 lr: 0.01 train_loss: 964335.8125 train_mapscore: 0.3157 time: 8.5576s
INFO:root:Epoch: 0085 lr: 0.01 train_loss: 954836.3750 train_mapscore: 0.3186 time: 8.5988s
INFO:root:Epoch: 0090 lr: 0.01 train_loss: 946713.1875 train_mapscore: 0.3189 time: 8.4207s
INFO:root:Epoch: 0095 lr: 0.01 train_loss: 939667.1875 train_mapscore: 0.3226 time: 8.7442s
INFO:root:Epoch: 0100 lr: 0.01 train_loss: 933467.5000 train_mapscore: 0.3223 time: 8.3098s
INFO:root:Epoch: 0105 lr: 0.01 train_loss: 927958.7500 train_mapscore: 0.3252 time: 8.0488s
INFO:root:Epoch: 0110 lr: 0.01 train_loss: 922997.3750 train_mapscore: 0.3285 time: 7.8442s
INFO:root:Epoch: 0115 lr: 0.01 train_loss: 918465.5000 train_mapscore: 0.3304 time: 8.0842s
INFO:root:Epoch: 0120 lr: 0.01 train_loss: 914276.3125 train_mapscore: 0.3346 time: 7.9208s
INFO:root:Epoch: 0125 lr: 0.01 train_loss: 910361.5000 train_mapscore: 0.3371 time: 8.3682s
INFO:root:Epoch: 0130 lr: 0.01 train_loss: 906668.5000 train_mapscore: 0.3395 time: 7.8100s
INFO:root:Epoch: 0135 lr: 0.01 train_loss: 903156.5000 train_mapscore: 0.3425 time: 8.0979s
INFO:root:Epoch: 0140 lr: 0.01 train_loss: 899790.9375 train_mapscore: 0.3478 time: 7.9386s
INFO:root:Epoch: 0145 lr: 0.01 train_loss: 896544.2500 train_mapscore: 0.3499 time: 8.2712s
INFO:root:Epoch: 0150 lr: 0.01 train_loss: 893388.6875 train_mapscore: 0.3538 time: 7.9649s
INFO:root:Epoch: 0155 lr: 0.01 train_loss: 890303.6875 train_mapscore: 0.3564 time: 7.7419s
INFO:root:Epoch: 0160 lr: 0.01 train_loss: 887276.8750 train_mapscore: 0.3601 time: 7.9179s
INFO:root:Epoch: 0165 lr: 0.01 train_loss: 884293.8750 train_mapscore: 0.3643 time: 8.1556s
INFO:root:Epoch: 0170 lr: 0.01 train_loss: 881334.4375 train_mapscore: 0.3681 time: 7.5430s
INFO:root:Epoch: 0175 lr: 0.01 train_loss: 878386.3750 train_mapscore: 0.3722 time: 7.6362s
INFO:root:Epoch: 0180 lr: 0.01 train_loss: 875435.4375 train_mapscore: 0.3752 time: 7.5364s
INFO:root:Epoch: 0185 lr: 0.01 train_loss: 872465.5000 train_mapscore: 0.3795 time: 7.2338s
INFO:root:Epoch: 0190 lr: 0.01 train_loss: 869460.0000 train_mapscore: 0.3828 time: 8.0155s
INFO:root:Epoch: 0195 lr: 0.01 train_loss: 866404.5000 train_mapscore: 0.3896 time: 7.6780s
INFO:root:Epoch: 0200 lr: 0.01 train_loss: 863291.3125 train_mapscore: 0.3915 time: 8.0212s
INFO:root:Epoch: 0205 lr: 0.01 train_loss: 860120.8750 train_mapscore: 0.3953 time: 8.0317s
INFO:root:Epoch: 0210 lr: 0.01 train_loss: 856902.3125 train_mapscore: 0.3987 time: 7.9652s
INFO:root:Epoch: 0215 lr: 0.01 train_loss: 853656.9375 train_mapscore: 0.4018 time: 7.4374s
INFO:root:Epoch: 0220 lr: 0.01 train_loss: 850415.5000 train_mapscore: 0.4062 time: 7.5378s
INFO:root:Epoch: 0225 lr: 0.01 train_loss: 847213.2500 train_mapscore: 0.4085 time: 7.6171s
INFO:root:Epoch: 0230 lr: 0.01 train_loss: 844080.1875 train_mapscore: 0.4123 time: 7.8104s
INFO:root:Epoch: 0235 lr: 0.01 train_loss: 841042.8750 train_mapscore: 0.4147 time: 8.8143s
INFO:root:Epoch: 0240 lr: 0.01 train_loss: 838123.6250 train_mapscore: 0.4178 time: 7.1771s
INFO:root:Epoch: 0245 lr: 0.01 train_loss: 835341.2500 train_mapscore: 0.4206 time: 7.3129s
INFO:root:Epoch: 0250 lr: 0.01 train_loss: 832700.4375 train_mapscore: 0.4235 time: 8.1457s
INFO:root:Epoch: 0255 lr: 0.01 train_loss: 830199.0625 train_mapscore: 0.4256 time: 7.5299s
INFO:root:Epoch: 0260 lr: 0.01 train_loss: 827828.8125 train_mapscore: 0.4292 time: 7.5623s
INFO:root:Epoch: 0265 lr: 0.01 train_loss: 825573.1250 train_mapscore: 0.4310 time: 7.2826s
INFO:root:Epoch: 0270 lr: 0.01 train_loss: 823412.6250 train_mapscore: 0.4341 time: 7.7161s
INFO:root:Epoch: 0275 lr: 0.01 train_loss: 821326.0625 train_mapscore: 0.4361 time: 7.9044s
INFO:root:Epoch: 0280 lr: 0.01 train_loss: 819283.5625 train_mapscore: 0.4399 time: 7.6807s
INFO:root:Epoch: 0285 lr: 0.01 train_loss: 817264.1875 train_mapscore: 0.4424 time: 7.5579s
INFO:root:Epoch: 0290 lr: 0.01 train_loss: 815250.8750 train_mapscore: 0.4457 time: 8.1458s
INFO:root:Epoch: 0295 lr: 0.01 train_loss: 813231.6250 train_mapscore: 0.4490 time: 7.5261s
INFO:root:Epoch: 0300 lr: 0.01 train_loss: 811191.9375 train_mapscore: 0.4526 time: 7.8376s
INFO:root:Epoch: 0305 lr: 0.01 train_loss: 809118.2500 train_mapscore: 0.4553 time: 7.6831s
INFO:root:Epoch: 0310 lr: 0.01 train_loss: 806982.0000 train_mapscore: 0.4583 time: 7.3216s
INFO:root:Epoch: 0315 lr: 0.01 train_loss: 804748.1250 train_mapscore: 0.4605 time: 7.6813s
INFO:root:Epoch: 0320 lr: 0.01 train_loss: 802399.6875 train_mapscore: 0.4617 time: 7.2301s
INFO:root:Epoch: 0325 lr: 0.01 train_loss: 799958.9375 train_mapscore: 0.4631 time: 7.6948s
INFO:root:Epoch: 0330 lr: 0.01 train_loss: 797490.6250 train_mapscore: 0.4646 time: 7.1393s
INFO:root:Epoch: 0335 lr: 0.01 train_loss: 795074.1875 train_mapscore: 0.4659 time: 7.3283s
INFO:root:Epoch: 0340 lr: 0.01 train_loss: 792763.1250 train_mapscore: 0.4656 time: 7.7112s
INFO:root:Epoch: 0345 lr: 0.01 train_loss: 790574.3750 train_mapscore: 0.4670 time: 7.6531s
INFO:root:Epoch: 0350 lr: 0.01 train_loss: 788496.2500 train_mapscore: 0.4678 time: 7.4213s
INFO:root:Epoch: 0355 lr: 0.01 train_loss: 786503.3125 train_mapscore: 0.4694 time: 7.3002s
INFO:root:Epoch: 0360 lr: 0.01 train_loss: 784564.5625 train_mapscore: 0.4711 time: 7.8048s
INFO:root:Epoch: 0365 lr: 0.01 train_loss: 782653.1250 train_mapscore: 0.4730 time: 7.6757s
INFO:root:Epoch: 0370 lr: 0.01 train_loss: 780746.9375 train_mapscore: 0.4753 time: 7.0942s
INFO:root:Epoch: 0375 lr: 0.01 train_loss: 778821.4375 train_mapscore: 0.4778 time: 7.1403s
INFO:root:Epoch: 0380 lr: 0.01 train_loss: 776828.2500 train_mapscore: 0.4801 time: 7.3357s
INFO:root:Epoch: 0385 lr: 0.01 train_loss: 774795.5000 train_mapscore: 0.4832 time: 7.1865s
INFO:root:Epoch: 0390 lr: 0.01 train_loss: 772734.8125 train_mapscore: 0.4856 time: 8.4614s
INFO:root:Epoch: 0395 lr: 0.01 train_loss: 770674.0000 train_mapscore: 0.4880 time: 7.2171s
INFO:root:Epoch: 0400 lr: 0.01 train_loss: 768640.7500 train_mapscore: 0.4908 time: 6.9500s
INFO:root:Epoch: 0405 lr: 0.01 train_loss: 766653.8125 train_mapscore: 0.4916 time: 6.9161s
INFO:root:Epoch: 0410 lr: 0.01 train_loss: 764735.4375 train_mapscore: 0.4935 time: 6.8866s
INFO:root:Epoch: 0415 lr: 0.01 train_loss: 762901.0000 train_mapscore: 0.4945 time: 6.9853s
INFO:root:Epoch: 0420 lr: 0.01 train_loss: 761165.9375 train_mapscore: 0.4974 time: 7.5403s
INFO:root:Epoch: 0425 lr: 0.01 train_loss: 759537.5625 train_mapscore: 0.4975 time: 7.6012s
INFO:root:Epoch: 0430 lr: 0.01 train_loss: 758014.4375 train_mapscore: 0.4991 time: 7.3108s
INFO:root:Epoch: 0435 lr: 0.01 train_loss: 756586.9375 train_mapscore: 0.4998 time: 7.1167s
INFO:root:Epoch: 0440 lr: 0.01 train_loss: 755240.7500 train_mapscore: 0.5018 time: 7.0466s
INFO:root:Epoch: 0445 lr: 0.01 train_loss: 753958.9375 train_mapscore: 0.5026 time: 7.0901s
INFO:root:Epoch: 0450 lr: 0.01 train_loss: 752732.4375 train_mapscore: 0.5039 time: 7.3794s
INFO:root:Epoch: 0455 lr: 0.01 train_loss: 751556.2500 train_mapscore: 0.5056 time: 7.4899s
INFO:root:Epoch: 0460 lr: 0.01 train_loss: 750420.6875 train_mapscore: 0.5067 time: 6.9714s
INFO:root:Epoch: 0465 lr: 0.01 train_loss: 749321.2500 train_mapscore: 0.5078 time: 7.4334s
INFO:root:Epoch: 0470 lr: 0.01 train_loss: 748251.4375 train_mapscore: 0.5091 time: 7.1147s
INFO:root:Epoch: 0475 lr: 0.01 train_loss: 747204.4375 train_mapscore: 0.5110 time: 7.6056s
INFO:root:Epoch: 0480 lr: 0.01 train_loss: 746178.0000 train_mapscore: 0.5117 time: 7.6408s
INFO:root:Epoch: 0485 lr: 0.01 train_loss: 745170.5000 train_mapscore: 0.5131 time: 7.3761s
INFO:root:Epoch: 0490 lr: 0.01 train_loss: 744179.3750 train_mapscore: 0.5140 time: 6.8350s
INFO:root:Epoch: 0495 lr: 0.01 train_loss: 743205.6250 train_mapscore: 0.5149 time: 7.3060s
INFO:root:Epoch: 0500 lr: 0.01 train_loss: 742249.2500 train_mapscore: 0.5166 time: 6.8065s
INFO:root:Epoch: 0505 lr: 0.01 train_loss: 741312.0000 train_mapscore: 0.5183 time: 6.7924s
INFO:root:Epoch: 0510 lr: 0.01 train_loss: 740390.3750 train_mapscore: 0.5188 time: 7.7350s
INFO:root:Epoch: 0515 lr: 0.01 train_loss: 739484.8125 train_mapscore: 0.5199 time: 7.8003s
INFO:root:Epoch: 0520 lr: 0.01 train_loss: 738593.2500 train_mapscore: 0.5207 time: 7.5276s
INFO:root:Epoch: 0525 lr: 0.01 train_loss: 737713.3750 train_mapscore: 0.5219 time: 7.3243s
INFO:root:Epoch: 0530 lr: 0.01 train_loss: 736844.7500 train_mapscore: 0.5231 time: 7.3021s
INFO:root:Epoch: 0535 lr: 0.01 train_loss: 735986.0625 train_mapscore: 0.5238 time: 7.6640s
INFO:root:Epoch: 0540 lr: 0.01 train_loss: 735138.3750 train_mapscore: 0.5250 time: 6.8545s
INFO:root:Epoch: 0545 lr: 0.01 train_loss: 734301.1875 train_mapscore: 0.5264 time: 6.6608s
INFO:root:Epoch: 0550 lr: 0.01 train_loss: 733475.6250 train_mapscore: 0.5270 time: 6.7398s
INFO:root:Epoch: 0555 lr: 0.01 train_loss: 732661.4375 train_mapscore: 0.5277 time: 6.6689s
INFO:root:Epoch: 0560 lr: 0.01 train_loss: 731857.6875 train_mapscore: 0.5291 time: 6.9871s
INFO:root:Epoch: 0565 lr: 0.01 train_loss: 731062.7500 train_mapscore: 0.5296 time: 6.9522s
INFO:root:Epoch: 0570 lr: 0.01 train_loss: 730277.3750 train_mapscore: 0.5306 time: 6.9807s
INFO:root:Epoch: 0575 lr: 0.01 train_loss: 729499.1250 train_mapscore: 0.5313 time: 7.5812s
INFO:root:Epoch: 0580 lr: 0.01 train_loss: 728725.6875 train_mapscore: 0.5320 time: 7.1048s
INFO:root:Epoch: 0585 lr: 0.01 train_loss: 727949.3750 train_mapscore: 0.5333 time: 6.9780s
INFO:root:Epoch: 0590 lr: 0.01 train_loss: 727163.7500 train_mapscore: 0.5344 time: 7.5824s
INFO:root:Epoch: 0595 lr: 0.01 train_loss: 726364.4375 train_mapscore: 0.5360 time: 7.1450s
INFO:root:Epoch: 0600 lr: 0.01 train_loss: 725548.9375 train_mapscore: 0.5364 time: 7.0131s
INFO:root:Epoch: 0605 lr: 0.01 train_loss: 724723.3750 train_mapscore: 0.5376 time: 6.8006s
INFO:root:Epoch: 0610 lr: 0.01 train_loss: 723899.3750 train_mapscore: 0.5387 time: 6.7369s
INFO:root:Epoch: 0615 lr: 0.01 train_loss: 723088.5000 train_mapscore: 0.5399 time: 7.1500s
INFO:root:Epoch: 0620 lr: 0.01 train_loss: 722303.4375 train_mapscore: 0.5406 time: 6.9674s
INFO:root:Epoch: 0625 lr: 0.01 train_loss: 721548.5000 train_mapscore: 0.5415 time: 7.4205s
INFO:root:Epoch: 0630 lr: 0.01 train_loss: 720823.5625 train_mapscore: 0.5426 time: 7.0383s
INFO:root:Epoch: 0635 lr: 0.01 train_loss: 720123.2500 train_mapscore: 0.5439 time: 8.2626s
INFO:root:Epoch: 0640 lr: 0.01 train_loss: 719443.2500 train_mapscore: 0.5442 time: 6.9936s
INFO:root:Epoch: 0645 lr: 0.01 train_loss: 718779.0625 train_mapscore: 0.5453 time: 6.9047s
INFO:root:Epoch: 0650 lr: 0.01 train_loss: 718129.0000 train_mapscore: 0.5463 time: 7.0531s
INFO:root:Epoch: 0655 lr: 0.01 train_loss: 717491.2500 train_mapscore: 0.5475 time: 7.1108s
INFO:root:Epoch: 0660 lr: 0.01 train_loss: 716864.4375 train_mapscore: 0.5479 time: 7.0576s
INFO:root:Epoch: 0665 lr: 0.01 train_loss: 716248.2500 train_mapscore: 0.5484 time: 7.1400s
INFO:root:Epoch: 0670 lr: 0.01 train_loss: 715640.3750 train_mapscore: 0.5494 time: 7.1526s
INFO:root:Epoch: 0675 lr: 0.01 train_loss: 715041.1250 train_mapscore: 0.5504 time: 6.9234s
INFO:root:Epoch: 0680 lr: 0.01 train_loss: 714451.1250 train_mapscore: 0.5508 time: 7.2027s
INFO:root:Epoch: 0685 lr: 0.01 train_loss: 713867.7500 train_mapscore: 0.5518 time: 7.1324s
INFO:root:Epoch: 0690 lr: 0.01 train_loss: 713290.1250 train_mapscore: 0.5523 time: 7.0775s
INFO:root:Epoch: 0695 lr: 0.01 train_loss: 712718.0625 train_mapscore: 0.5527 time: 7.3002s
INFO:root:Epoch: 0700 lr: 0.01 train_loss: 712151.6875 train_mapscore: 0.5541 time: 7.6884s
INFO:root:Epoch: 0705 lr: 0.01 train_loss: 711590.7500 train_mapscore: 0.5551 time: 6.6633s
INFO:root:Epoch: 0710 lr: 0.01 train_loss: 711033.4375 train_mapscore: 0.5555 time: 6.6156s
INFO:root:Epoch: 0715 lr: 0.01 train_loss: 710480.3750 train_mapscore: 0.5565 time: 6.7955s
INFO:root:Epoch: 0720 lr: 0.01 train_loss: 709933.3750 train_mapscore: 0.5574 time: 6.8662s
INFO:root:Epoch: 0725 lr: 0.01 train_loss: 709391.6875 train_mapscore: 0.5574 time: 6.7681s
INFO:root:Epoch: 0730 lr: 0.01 train_loss: 708855.3750 train_mapscore: 0.5585 time: 6.5962s
INFO:root:Epoch: 0735 lr: 0.01 train_loss: 708322.5625 train_mapscore: 0.5591 time: 7.1834s
INFO:root:Epoch: 0740 lr: 0.01 train_loss: 707791.8125 train_mapscore: 0.5604 time: 6.7135s
INFO:root:Epoch: 0745 lr: 0.01 train_loss: 707267.3750 train_mapscore: 0.5610 time: 7.7322s
INFO:root:Epoch: 0750 lr: 0.01 train_loss: 706748.5000 train_mapscore: 0.5616 time: 7.9963s
INFO:root:Epoch: 0755 lr: 0.01 train_loss: 706231.6250 train_mapscore: 0.5618 time: 7.5410s
INFO:root:Epoch: 0760 lr: 0.01 train_loss: 705718.5000 train_mapscore: 0.5625 time: 6.8084s
INFO:root:Epoch: 0765 lr: 0.01 train_loss: 705210.3125 train_mapscore: 0.5637 time: 7.0117s
INFO:root:Epoch: 0770 lr: 0.01 train_loss: 704710.0625 train_mapscore: 0.5647 time: 6.6085s
INFO:root:Epoch: 0775 lr: 0.01 train_loss: 704217.3750 train_mapscore: 0.5650 time: 6.9131s
INFO:root:Epoch: 0780 lr: 0.01 train_loss: 703730.5000 train_mapscore: 0.5658 time: 7.1452s
INFO:root:Epoch: 0785 lr: 0.01 train_loss: 703247.5000 train_mapscore: 0.5665 time: 6.6511s
INFO:root:Epoch: 0790 lr: 0.01 train_loss: 702766.6250 train_mapscore: 0.5671 time: 7.1588s
INFO:root:Epoch: 0795 lr: 0.01 train_loss: 702291.4375 train_mapscore: 0.5683 time: 7.5354s
INFO:root:Epoch: 0800 lr: 0.01 train_loss: 701823.0625 train_mapscore: 0.5689 time: 6.8183s
INFO:root:Epoch: 0805 lr: 0.01 train_loss: 701359.5000 train_mapscore: 0.5692 time: 7.1439s
INFO:root:Epoch: 0810 lr: 0.01 train_loss: 700901.0625 train_mapscore: 0.5707 time: 6.8646s
INFO:root:Epoch: 0815 lr: 0.01 train_loss: 700447.8125 train_mapscore: 0.5707 time: 7.2084s
INFO:root:Epoch: 0820 lr: 0.01 train_loss: 699997.2500 train_mapscore: 0.5711 time: 6.8410s
INFO:root:Epoch: 0825 lr: 0.01 train_loss: 699548.3750 train_mapscore: 0.5723 time: 6.8931s
INFO:root:Epoch: 0830 lr: 0.01 train_loss: 699105.0000 train_mapscore: 0.5725 time: 7.7520s
INFO:root:Epoch: 0835 lr: 0.01 train_loss: 698666.4375 train_mapscore: 0.5735 time: 6.9050s
INFO:root:Epoch: 0840 lr: 0.01 train_loss: 698234.6875 train_mapscore: 0.5739 time: 6.8765s
INFO:root:Epoch: 0845 lr: 0.01 train_loss: 697810.1875 train_mapscore: 0.5753 time: 7.0122s
INFO:root:Epoch: 0850 lr: 0.01 train_loss: 697391.3750 train_mapscore: 0.5753 time: 6.9844s
INFO:root:Epoch: 0855 lr: 0.01 train_loss: 696978.6250 train_mapscore: 0.5763 time: 7.1322s
INFO:root:Epoch: 0860 lr: 0.01 train_loss: 696570.9375 train_mapscore: 0.5770 time: 7.2019s
INFO:root:Epoch: 0865 lr: 0.01 train_loss: 696169.0000 train_mapscore: 0.5773 time: 6.7079s
INFO:root:Epoch: 0870 lr: 0.01 train_loss: 695772.5000 train_mapscore: 0.5778 time: 6.6391s
INFO:root:Epoch: 0875 lr: 0.01 train_loss: 695380.1875 train_mapscore: 0.5780 time: 6.7050s
INFO:root:Epoch: 0880 lr: 0.01 train_loss: 694992.2500 train_mapscore: 0.5792 time: 6.6255s
INFO:root:Epoch: 0885 lr: 0.01 train_loss: 694608.6875 train_mapscore: 0.5801 time: 6.8029s
INFO:root:Epoch: 0890 lr: 0.01 train_loss: 694229.2500 train_mapscore: 0.5808 time: 7.2686s
INFO:root:Epoch: 0895 lr: 0.01 train_loss: 693854.1250 train_mapscore: 0.5820 time: 7.1352s
INFO:root:Epoch: 0900 lr: 0.01 train_loss: 693482.7500 train_mapscore: 0.5818 time: 7.5290s
INFO:root:Epoch: 0905 lr: 0.01 train_loss: 693114.8125 train_mapscore: 0.5823 time: 7.4477s
INFO:root:Epoch: 0910 lr: 0.01 train_loss: 692749.0625 train_mapscore: 0.5833 time: 6.9048s
INFO:root:Epoch: 0915 lr: 0.01 train_loss: 692383.1875 train_mapscore: 0.5836 time: 6.6540s
INFO:root:Epoch: 0920 lr: 0.01 train_loss: 692018.1875 train_mapscore: 0.5840 time: 6.7139s
INFO:root:Epoch: 0925 lr: 0.01 train_loss: 691655.6875 train_mapscore: 0.5852 time: 6.8777s
INFO:root:Epoch: 0930 lr: 0.01 train_loss: 691295.3750 train_mapscore: 0.5859 time: 7.1110s
INFO:root:Epoch: 0935 lr: 0.01 train_loss: 690937.3125 train_mapscore: 0.5861 time: 6.7362s
INFO:root:Epoch: 0940 lr: 0.01 train_loss: 690582.7500 train_mapscore: 0.5866 time: 7.2362s
INFO:root:Epoch: 0945 lr: 0.01 train_loss: 690231.5000 train_mapscore: 0.5867 time: 6.6120s
INFO:root:Epoch: 0950 lr: 0.01 train_loss: 689881.8125 train_mapscore: 0.5875 time: 7.1887s
INFO:root:Epoch: 0955 lr: 0.01 train_loss: 689533.9375 train_mapscore: 0.5878 time: 7.0621s
INFO:root:Epoch: 0960 lr: 0.01 train_loss: 689190.3750 train_mapscore: 0.5889 time: 6.8614s
INFO:root:Epoch: 0965 lr: 0.01 train_loss: 688851.7500 train_mapscore: 0.5895 time: 6.7714s
INFO:root:Epoch: 0970 lr: 0.01 train_loss: 688512.9375 train_mapscore: 0.5900 time: 7.3151s
INFO:root:Epoch: 0975 lr: 0.01 train_loss: 688177.0000 train_mapscore: 0.5900 time: 7.1405s
INFO:root:Epoch: 0980 lr: 0.01 train_loss: 687844.8750 train_mapscore: 0.5910 time: 7.6031s
INFO:root:Epoch: 0985 lr: 0.01 train_loss: 687516.5000 train_mapscore: 0.5919 time: 7.4930s
INFO:root:Epoch: 0990 lr: 0.01 train_loss: 687189.6875 train_mapscore: 0.5918 time: 6.8947s
INFO:root:Epoch: 0995 lr: 0.01 train_loss: 686865.8750 train_mapscore: 0.5921 time: 6.5974s
INFO:root:Epoch: 1000 lr: 0.01 train_loss: 686546.6875 train_mapscore: 0.5931 time: 6.6035s
INFO:root:Epoch: 1005 lr: 0.01 train_loss: 686232.6875 train_mapscore: 0.5938 time: 6.9925s
INFO:root:Epoch: 1010 lr: 0.01 train_loss: 685922.7500 train_mapscore: 0.5945 time: 7.0803s
INFO:root:Epoch: 1015 lr: 0.01 train_loss: 685616.2500 train_mapscore: 0.5945 time: 6.5527s
INFO:root:Epoch: 1020 lr: 0.01 train_loss: 685311.8750 train_mapscore: 0.5950 time: 6.8103s
INFO:root:Epoch: 1025 lr: 0.01 train_loss: 685010.6250 train_mapscore: 0.5955 time: 6.6579s
INFO:root:Epoch: 1030 lr: 0.01 train_loss: 684712.6250 train_mapscore: 0.5971 time: 6.7280s
INFO:root:Epoch: 1035 lr: 0.01 train_loss: 684417.2500 train_mapscore: 0.5965 time: 6.7000s
INFO:root:Epoch: 1040 lr: 0.01 train_loss: 684124.4375 train_mapscore: 0.5979 time: 7.0679s
INFO:root:Epoch: 1045 lr: 0.01 train_loss: 683833.9375 train_mapscore: 0.5988 time: 6.6889s
INFO:root:Epoch: 1050 lr: 0.01 train_loss: 683545.6875 train_mapscore: 0.5988 time: 7.2153s
INFO:root:Epoch: 1055 lr: 0.01 train_loss: 683258.5000 train_mapscore: 0.5990 time: 7.6394s
INFO:root:Epoch: 1060 lr: 0.01 train_loss: 682971.3125 train_mapscore: 0.5994 time: 7.2872s
INFO:root:Epoch: 1065 lr: 0.01 train_loss: 682684.7500 train_mapscore: 0.5998 time: 7.0369s
INFO:root:Epoch: 1070 lr: 0.01 train_loss: 682399.4375 train_mapscore: 0.6004 time: 7.6929s
INFO:root:Epoch: 1075 lr: 0.01 train_loss: 682114.4375 train_mapscore: 0.6017 time: 6.9606s
INFO:root:Epoch: 1080 lr: 0.01 train_loss: 681827.9375 train_mapscore: 0.6013 time: 6.7501s
INFO:root:Epoch: 1085 lr: 0.01 train_loss: 681540.1875 train_mapscore: 0.6017 time: 7.3242s
INFO:root:Epoch: 1090 lr: 0.01 train_loss: 681251.6875 train_mapscore: 0.6035 time: 7.3116s
INFO:root:Epoch: 1095 lr: 0.01 train_loss: 680962.7500 train_mapscore: 0.6028 time: 6.6860s
INFO:root:Epoch: 1100 lr: 0.01 train_loss: 680671.3125 train_mapscore: 0.6041 time: 6.7645s
INFO:root:Epoch: 1105 lr: 0.01 train_loss: 680380.5000 train_mapscore: 0.6048 time: 6.7514s
INFO:root:Epoch: 1110 lr: 0.01 train_loss: 680093.0000 train_mapscore: 0.6050 time: 6.4137s
INFO:root:Epoch: 1115 lr: 0.01 train_loss: 679808.1875 train_mapscore: 0.6053 time: 6.6505s
INFO:root:Epoch: 1120 lr: 0.01 train_loss: 679523.3750 train_mapscore: 0.6063 time: 6.7426s
INFO:root:Epoch: 1125 lr: 0.01 train_loss: 679239.0625 train_mapscore: 0.6065 time: 6.9308s
INFO:root:Epoch: 1130 lr: 0.01 train_loss: 678956.5000 train_mapscore: 0.6071 time: 7.4948s
INFO:root:Epoch: 1135 lr: 0.01 train_loss: 678673.1875 train_mapscore: 0.6077 time: 6.8554s
INFO:root:Epoch: 1140 lr: 0.01 train_loss: 678391.0000 train_mapscore: 0.6079 time: 7.3805s
INFO:root:Epoch: 1145 lr: 0.01 train_loss: 678110.1250 train_mapscore: 0.6084 time: 6.9829s
INFO:root:Epoch: 1150 lr: 0.01 train_loss: 677830.8750 train_mapscore: 0.6084 time: 6.7268s
INFO:root:Epoch: 1155 lr: 0.01 train_loss: 677552.2500 train_mapscore: 0.6099 time: 7.5957s
INFO:root:Epoch: 1160 lr: 0.01 train_loss: 677275.0625 train_mapscore: 0.6096 time: 7.3155s
INFO:root:Epoch: 1165 lr: 0.01 train_loss: 676998.2500 train_mapscore: 0.6099 time: 6.6715s
INFO:root:Epoch: 1170 lr: 0.01 train_loss: 676721.0625 train_mapscore: 0.6110 time: 7.5188s
INFO:root:Epoch: 1175 lr: 0.01 train_loss: 676445.1875 train_mapscore: 0.6114 time: 6.7220s
INFO:root:Epoch: 1180 lr: 0.01 train_loss: 676170.8750 train_mapscore: 0.6116 time: 7.1251s
INFO:root:Epoch: 1185 lr: 0.01 train_loss: 675899.1875 train_mapscore: 0.6120 time: 6.8440s
INFO:root:Epoch: 1190 lr: 0.01 train_loss: 675630.1875 train_mapscore: 0.6131 time: 7.3215s
INFO:root:Epoch: 1195 lr: 0.01 train_loss: 675363.8125 train_mapscore: 0.6129 time: 6.5919s
INFO:root:Epoch: 1200 lr: 0.01 train_loss: 675099.3750 train_mapscore: 0.6137 time: 6.5242s
INFO:root:Epoch: 1205 lr: 0.01 train_loss: 674836.0625 train_mapscore: 0.6139 time: 6.9689s
INFO:root:Epoch: 1210 lr: 0.01 train_loss: 674574.3750 train_mapscore: 0.6153 time: 6.7634s
INFO:root:Epoch: 1215 lr: 0.01 train_loss: 674314.1250 train_mapscore: 0.6155 time: 6.9280s
INFO:root:Epoch: 1220 lr: 0.01 train_loss: 674056.2500 train_mapscore: 0.6154 time: 6.8645s
INFO:root:Epoch: 1225 lr: 0.01 train_loss: 673800.1875 train_mapscore: 0.6160 time: 7.1732s
INFO:root:Epoch: 1230 lr: 0.01 train_loss: 673545.3125 train_mapscore: 0.6162 time: 7.5442s
INFO:root:Epoch: 1235 lr: 0.01 train_loss: 673292.5625 train_mapscore: 0.6166 time: 6.7203s
INFO:root:Epoch: 1240 lr: 0.01 train_loss: 673041.6250 train_mapscore: 0.6169 time: 7.2986s
INFO:root:Epoch: 1245 lr: 0.01 train_loss: 672792.6875 train_mapscore: 0.6178 time: 6.8062s
INFO:root:Epoch: 1250 lr: 0.01 train_loss: 672545.3125 train_mapscore: 0.6181 time: 6.9003s
INFO:root:Epoch: 1255 lr: 0.01 train_loss: 672298.8125 train_mapscore: 0.6179 time: 6.7999s
INFO:root:Epoch: 1260 lr: 0.01 train_loss: 672054.6250 train_mapscore: 0.6184 time: 6.6642s
INFO:root:Epoch: 1265 lr: 0.01 train_loss: 671812.9375 train_mapscore: 0.6195 time: 6.8024s
INFO:root:Epoch: 1270 lr: 0.01 train_loss: 671573.7500 train_mapscore: 0.6195 time: 7.1000s
INFO:root:Epoch: 1275 lr: 0.01 train_loss: 671336.7500 train_mapscore: 0.6202 time: 6.7063s
INFO:root:Epoch: 1280 lr: 0.01 train_loss: 671101.8750 train_mapscore: 0.6200 time: 6.6085s
INFO:root:Epoch: 1285 lr: 0.01 train_loss: 670869.2500 train_mapscore: 0.6206 time: 7.1709s
INFO:root:Epoch: 1290 lr: 0.01 train_loss: 670639.0000 train_mapscore: 0.6204 time: 7.2822s
INFO:root:Epoch: 1295 lr: 0.01 train_loss: 670411.1875 train_mapscore: 0.6209 time: 6.6774s
INFO:root:Epoch: 1300 lr: 0.01 train_loss: 670186.3750 train_mapscore: 0.6212 time: 7.4345s
INFO:root:Epoch: 1305 lr: 0.01 train_loss: 669963.7500 train_mapscore: 0.6215 time: 7.8899s
INFO:root:Epoch: 1310 lr: 0.01 train_loss: 669743.5000 train_mapscore: 0.6222 time: 6.7494s
INFO:root:Epoch: 1315 lr: 0.01 train_loss: 669525.5625 train_mapscore: 0.6225 time: 7.6998s
INFO:root:Epoch: 1320 lr: 0.01 train_loss: 669309.6250 train_mapscore: 0.6232 time: 6.9672s
INFO:root:Epoch: 1325 lr: 0.01 train_loss: 669095.5625 train_mapscore: 0.6233 time: 6.8321s
INFO:root:Epoch: 1330 lr: 0.01 train_loss: 668883.0625 train_mapscore: 0.6240 time: 7.5906s
INFO:root:Epoch: 1335 lr: 0.01 train_loss: 668672.3125 train_mapscore: 0.6241 time: 6.7378s
INFO:root:Epoch: 1340 lr: 0.01 train_loss: 668464.0625 train_mapscore: 0.6244 time: 7.4071s
INFO:root:Epoch: 1345 lr: 0.01 train_loss: 668258.8125 train_mapscore: 0.6246 time: 6.6727s
INFO:root:Epoch: 1350 lr: 0.01 train_loss: 668056.5625 train_mapscore: 0.6259 time: 6.9765s
INFO:root:Epoch: 1355 lr: 0.01 train_loss: 667855.0000 train_mapscore: 0.6254 time: 6.7307s
INFO:root:Epoch: 1360 lr: 0.01 train_loss: 667653.3750 train_mapscore: 0.6258 time: 6.8983s
INFO:root:Epoch: 1365 lr: 0.01 train_loss: 667453.0000 train_mapscore: 0.6263 time: 6.6939s
INFO:root:Epoch: 1370 lr: 0.01 train_loss: 667255.6250 train_mapscore: 0.6269 time: 6.6984s
INFO:root:Epoch: 1375 lr: 0.01 train_loss: 667061.6250 train_mapscore: 0.6270 time: 6.7078s
INFO:root:Epoch: 1380 lr: 0.01 train_loss: 666871.5000 train_mapscore: 0.6273 time: 6.5477s
INFO:root:Epoch: 1385 lr: 0.01 train_loss: 666684.7500 train_mapscore: 0.6269 time: 6.9386s
INFO:root:Epoch: 1390 lr: 0.01 train_loss: 666500.7500 train_mapscore: 0.6277 time: 6.8067s
INFO:root:Epoch: 1395 lr: 0.01 train_loss: 666319.4375 train_mapscore: 0.6281 time: 6.9006s
INFO:root:Epoch: 1400 lr: 0.01 train_loss: 666140.7500 train_mapscore: 0.6289 time: 7.2965s
INFO:root:Epoch: 1405 lr: 0.01 train_loss: 665964.5000 train_mapscore: 0.6285 time: 7.8909s
INFO:root:Epoch: 1410 lr: 0.01 train_loss: 665790.6875 train_mapscore: 0.6290 time: 7.4822s
INFO:root:Epoch: 1415 lr: 0.01 train_loss: 665619.1875 train_mapscore: 0.6294 time: 7.2852s
INFO:root:Epoch: 1420 lr: 0.01 train_loss: 665449.8750 train_mapscore: 0.6295 time: 6.9929s
INFO:root:Epoch: 1425 lr: 0.01 train_loss: 665282.6250 train_mapscore: 0.6299 time: 7.1875s
INFO:root:Epoch: 1430 lr: 0.01 train_loss: 665117.0000 train_mapscore: 0.6304 time: 6.7362s
INFO:root:Epoch: 1435 lr: 0.01 train_loss: 664953.1250 train_mapscore: 0.6304 time: 7.4159s
INFO:root:Epoch: 1440 lr: 0.01 train_loss: 664790.9375 train_mapscore: 0.6305 time: 6.7678s
INFO:root:Epoch: 1445 lr: 0.01 train_loss: 664630.3750 train_mapscore: 0.6310 time: 7.1927s
INFO:root:Epoch: 1450 lr: 0.01 train_loss: 664471.4375 train_mapscore: 0.6314 time: 7.1834s
INFO:root:Epoch: 1455 lr: 0.01 train_loss: 664313.3125 train_mapscore: 0.6311 time: 6.9939s
INFO:root:Epoch: 1460 lr: 0.01 train_loss: 664156.2500 train_mapscore: 0.6323 time: 6.6820s
INFO:root:Epoch: 1465 lr: 0.01 train_loss: 664000.3750 train_mapscore: 0.6319 time: 6.6462s
INFO:root:Epoch: 1470 lr: 0.01 train_loss: 663846.0000 train_mapscore: 0.6318 time: 6.9247s
INFO:root:Epoch: 1475 lr: 0.01 train_loss: 663692.8750 train_mapscore: 0.6322 time: 6.9410s
INFO:root:Epoch: 1480 lr: 0.01 train_loss: 663541.0000 train_mapscore: 0.6324 time: 7.2649s
INFO:root:Epoch: 1485 lr: 0.01 train_loss: 663388.1875 train_mapscore: 0.6325 time: 6.7478s
INFO:root:Epoch: 1490 lr: 0.01 train_loss: 663235.6250 train_mapscore: 0.6330 time: 6.8505s
INFO:root:Epoch: 1495 lr: 0.01 train_loss: 663084.0000 train_mapscore: 0.6336 time: 7.2441s
INFO:root:Epoch: 1500 lr: 0.01 train_loss: 662933.0000 train_mapscore: 0.6339 time: 7.3679s
INFO:root:Epoch: 1505 lr: 0.01 train_loss: 662782.1875 train_mapscore: 0.6336 time: 6.8994s
INFO:root:Epoch: 1510 lr: 0.01 train_loss: 662633.3125 train_mapscore: 0.6346 time: 7.5338s
INFO:root:Epoch: 1515 lr: 0.01 train_loss: 662486.3750 train_mapscore: 0.6347 time: 7.1470s
INFO:root:Epoch: 1520 lr: 0.01 train_loss: 662340.8750 train_mapscore: 0.6346 time: 6.9546s
INFO:root:Epoch: 1525 lr: 0.01 train_loss: 662196.6250 train_mapscore: 0.6347 time: 6.7014s
INFO:root:Epoch: 1530 lr: 0.01 train_loss: 662053.3750 train_mapscore: 0.6354 time: 6.6889s
INFO:root:Epoch: 1535 lr: 0.01 train_loss: 661911.0000 train_mapscore: 0.6357 time: 6.5426s
INFO:root:Epoch: 1540 lr: 0.01 train_loss: 661769.1875 train_mapscore: 0.6361 time: 6.5869s
INFO:root:Epoch: 1545 lr: 0.01 train_loss: 661628.1250 train_mapscore: 0.6363 time: 6.9189s
INFO:root:Epoch: 1550 lr: 0.01 train_loss: 661487.8125 train_mapscore: 0.6369 time: 6.6567s
INFO:root:Epoch: 1555 lr: 0.01 train_loss: 661347.5625 train_mapscore: 0.6362 time: 6.6329s
INFO:root:Epoch: 1560 lr: 0.01 train_loss: 661208.6875 train_mapscore: 0.6364 time: 6.3717s
INFO:root:Epoch: 1565 lr: 0.01 train_loss: 661071.2500 train_mapscore: 0.6365 time: 6.4934s
INFO:root:Epoch: 1570 lr: 0.01 train_loss: 660935.5625 train_mapscore: 0.6367 time: 6.6069s
INFO:root:Epoch: 1575 lr: 0.01 train_loss: 660801.1875 train_mapscore: 0.6374 time: 7.1418s
INFO:root:Epoch: 1580 lr: 0.01 train_loss: 660667.9375 train_mapscore: 0.6374 time: 7.3370s
INFO:root:Epoch: 1585 lr: 0.01 train_loss: 660535.8750 train_mapscore: 0.6378 time: 6.9447s
INFO:root:Epoch: 1590 lr: 0.01 train_loss: 660405.0000 train_mapscore: 0.6379 time: 7.8900s
INFO:root:Epoch: 1595 lr: 0.01 train_loss: 660274.5000 train_mapscore: 0.6381 time: 6.9275s
INFO:root:Epoch: 1600 lr: 0.01 train_loss: 660144.3750 train_mapscore: 0.6386 time: 7.1454s
INFO:root:Epoch: 1605 lr: 0.01 train_loss: 660014.6875 train_mapscore: 0.6385 time: 6.6854s
INFO:root:Epoch: 1610 lr: 0.01 train_loss: 659885.2500 train_mapscore: 0.6384 time: 7.4710s
INFO:root:Epoch: 1615 lr: 0.01 train_loss: 659757.1250 train_mapscore: 0.6386 time: 6.8359s
INFO:root:Epoch: 1620 lr: 0.01 train_loss: 659630.8750 train_mapscore: 0.6395 time: 6.6810s
INFO:root:Epoch: 1625 lr: 0.01 train_loss: 659505.6250 train_mapscore: 0.6395 time: 6.8809s
INFO:root:Epoch: 1630 lr: 0.01 train_loss: 659380.8750 train_mapscore: 0.6398 time: 6.5410s
INFO:root:Epoch: 1635 lr: 0.01 train_loss: 659257.0625 train_mapscore: 0.6398 time: 7.6466s
INFO:root:Epoch: 1640 lr: 0.01 train_loss: 659134.1875 train_mapscore: 0.6405 time: 6.8901s
INFO:root:Epoch: 1645 lr: 0.01 train_loss: 659012.0000 train_mapscore: 0.6406 time: 6.6011s
INFO:root:Epoch: 1650 lr: 0.01 train_loss: 658890.0000 train_mapscore: 0.6412 time: 7.1565s
INFO:root:Epoch: 1655 lr: 0.01 train_loss: 658768.5625 train_mapscore: 0.6413 time: 6.4785s
INFO:root:Epoch: 1660 lr: 0.01 train_loss: 658648.3125 train_mapscore: 0.6414 time: 6.3973s
INFO:root:Epoch: 1665 lr: 0.01 train_loss: 658529.0000 train_mapscore: 0.6418 time: 6.6870s
INFO:root:Epoch: 1670 lr: 0.01 train_loss: 658409.9375 train_mapscore: 0.6420 time: 6.7522s
INFO:root:Epoch: 1675 lr: 0.01 train_loss: 658289.4375 train_mapscore: 0.6420 time: 7.0351s
INFO:root:Epoch: 1680 lr: 0.01 train_loss: 658169.7500 train_mapscore: 0.6422 time: 6.7513s
INFO:root:Epoch: 1685 lr: 0.01 train_loss: 658051.7500 train_mapscore: 0.6423 time: 7.3407s
INFO:root:Epoch: 1690 lr: 0.01 train_loss: 657935.1250 train_mapscore: 0.6433 time: 7.2675s
INFO:root:Epoch: 1695 lr: 0.01 train_loss: 657819.8125 train_mapscore: 0.6435 time: 7.0778s
INFO:root:Epoch: 1700 lr: 0.01 train_loss: 657705.6250 train_mapscore: 0.6432 time: 7.3878s
INFO:root:Epoch: 1705 lr: 0.01 train_loss: 657592.6250 train_mapscore: 0.6435 time: 7.0316s
INFO:root:Epoch: 1710 lr: 0.01 train_loss: 657480.4375 train_mapscore: 0.6438 time: 6.6758s
INFO:root:Epoch: 1715 lr: 0.01 train_loss: 657367.5625 train_mapscore: 0.6446 time: 6.6159s
INFO:root:Epoch: 1720 lr: 0.01 train_loss: 657254.0625 train_mapscore: 0.6447 time: 6.6998s
INFO:root:Epoch: 1725 lr: 0.01 train_loss: 657141.1250 train_mapscore: 0.6440 time: 7.2227s
INFO:root:Epoch: 1730 lr: 0.01 train_loss: 657029.3750 train_mapscore: 0.6446 time: 8.4451s
INFO:root:Epoch: 1735 lr: 0.01 train_loss: 656918.8125 train_mapscore: 0.6449 time: 6.9808s
INFO:root:Epoch: 1740 lr: 0.01 train_loss: 656808.8125 train_mapscore: 0.6454 time: 6.4845s
INFO:root:Epoch: 1745 lr: 0.01 train_loss: 656697.3125 train_mapscore: 0.6456 time: 6.4392s
INFO:root:Epoch: 1750 lr: 0.01 train_loss: 656585.6250 train_mapscore: 0.6457 time: 6.3323s
INFO:root:Epoch: 1755 lr: 0.01 train_loss: 656473.0000 train_mapscore: 0.6456 time: 7.8171s
INFO:root:Epoch: 1760 lr: 0.01 train_loss: 656360.1875 train_mapscore: 0.6464 time: 7.6046s
INFO:root:Epoch: 1765 lr: 0.01 train_loss: 656247.7500 train_mapscore: 0.6462 time: 6.7452s
INFO:root:Epoch: 1770 lr: 0.01 train_loss: 656136.0000 train_mapscore: 0.6465 time: 6.7481s
INFO:root:Epoch: 1775 lr: 0.01 train_loss: 656023.5000 train_mapscore: 0.6473 time: 7.3555s
INFO:root:Epoch: 1780 lr: 0.01 train_loss: 655911.1875 train_mapscore: 0.6475 time: 7.2343s
INFO:root:Epoch: 1785 lr: 0.01 train_loss: 655799.0625 train_mapscore: 0.6473 time: 7.6160s
INFO:root:Epoch: 1790 lr: 0.01 train_loss: 655688.5000 train_mapscore: 0.6471 time: 6.9938s
INFO:root:Epoch: 1795 lr: 0.01 train_loss: 655579.4375 train_mapscore: 0.6476 time: 7.3582s
INFO:root:Epoch: 1800 lr: 0.01 train_loss: 655471.5625 train_mapscore: 0.6476 time: 6.8039s
INFO:root:Epoch: 1805 lr: 0.01 train_loss: 655364.8750 train_mapscore: 0.6481 time: 7.2539s
INFO:root:Epoch: 1810 lr: 0.01 train_loss: 655257.1875 train_mapscore: 0.6490 time: 7.3169s
INFO:root:Epoch: 1815 lr: 0.01 train_loss: 655149.1875 train_mapscore: 0.6487 time: 6.9378s
INFO:root:Epoch: 1820 lr: 0.01 train_loss: 655041.7500 train_mapscore: 0.6488 time: 7.1860s
INFO:root:Epoch: 1825 lr: 0.01 train_loss: 654934.8125 train_mapscore: 0.6486 time: 7.2796s
INFO:root:Epoch: 1830 lr: 0.01 train_loss: 654826.9375 train_mapscore: 0.6492 time: 7.0233s
INFO:root:Epoch: 1835 lr: 0.01 train_loss: 654719.5625 train_mapscore: 0.6496 time: 6.8088s
INFO:root:Epoch: 1840 lr: 0.01 train_loss: 654613.4375 train_mapscore: 0.6498 time: 7.2291s
INFO:root:Epoch: 1845 lr: 0.01 train_loss: 654508.5000 train_mapscore: 0.6495 time: 6.9532s
INFO:root:Epoch: 1850 lr: 0.01 train_loss: 654403.6875 train_mapscore: 0.6500 time: 6.3141s
INFO:root:Epoch: 1855 lr: 0.01 train_loss: 654296.5000 train_mapscore: 0.6500 time: 6.4577s
INFO:root:Epoch: 1860 lr: 0.01 train_loss: 654191.8750 train_mapscore: 0.6500 time: 7.1333s
INFO:root:Epoch: 1865 lr: 0.01 train_loss: 654089.2500 train_mapscore: 0.6510 time: 7.1432s
INFO:root:Epoch: 1870 lr: 0.01 train_loss: 653987.6250 train_mapscore: 0.6505 time: 6.8482s
INFO:root:Epoch: 1875 lr: 0.01 train_loss: 653887.0000 train_mapscore: 0.6513 time: 6.5287s
INFO:root:Epoch: 1880 lr: 0.01 train_loss: 653786.8125 train_mapscore: 0.6508 time: 6.9508s
INFO:root:Epoch: 1885 lr: 0.01 train_loss: 653686.7500 train_mapscore: 0.6512 time: 6.8638s
INFO:root:Epoch: 1890 lr: 0.01 train_loss: 653587.2500 train_mapscore: 0.6515 time: 7.1826s
INFO:root:Epoch: 1895 lr: 0.01 train_loss: 653488.4375 train_mapscore: 0.6520 time: 7.3975s
INFO:root:Epoch: 1900 lr: 0.01 train_loss: 653390.0625 train_mapscore: 0.6522 time: 7.0808s
INFO:root:Epoch: 1905 lr: 0.01 train_loss: 653292.0000 train_mapscore: 0.6518 time: 7.6686s
INFO:root:Epoch: 1910 lr: 0.01 train_loss: 653194.0625 train_mapscore: 0.6526 time: 7.5796s
INFO:root:Epoch: 1915 lr: 0.01 train_loss: 653096.7500 train_mapscore: 0.6535 time: 7.0381s
INFO:root:Epoch: 1920 lr: 0.01 train_loss: 653000.3750 train_mapscore: 0.6529 time: 6.5039s
INFO:root:Epoch: 1925 lr: 0.01 train_loss: 652904.6250 train_mapscore: 0.6528 time: 6.5434s
INFO:root:Epoch: 1930 lr: 0.01 train_loss: 652808.7500 train_mapscore: 0.6531 time: 6.8549s
INFO:root:Epoch: 1935 lr: 0.01 train_loss: 652713.7500 train_mapscore: 0.6534 time: 6.6118s
INFO:root:Epoch: 1940 lr: 0.01 train_loss: 652620.0625 train_mapscore: 0.6541 time: 6.9001s
INFO:root:Epoch: 1945 lr: 0.01 train_loss: 652527.8125 train_mapscore: 0.6538 time: 7.5025s
INFO:root:Epoch: 1950 lr: 0.01 train_loss: 652436.8750 train_mapscore: 0.6541 time: 6.2882s
INFO:root:Epoch: 1955 lr: 0.01 train_loss: 652347.3750 train_mapscore: 0.6543 time: 6.6596s
INFO:root:Epoch: 1960 lr: 0.01 train_loss: 652258.8125 train_mapscore: 0.6542 time: 7.0416s
INFO:root:Epoch: 1965 lr: 0.01 train_loss: 652171.4375 train_mapscore: 0.6547 time: 6.9450s
INFO:root:Epoch: 1970 lr: 0.01 train_loss: 652085.0000 train_mapscore: 0.6549 time: 6.6370s
INFO:root:Epoch: 1975 lr: 0.01 train_loss: 651999.2500 train_mapscore: 0.6551 time: 7.2798s
INFO:root:Epoch: 1980 lr: 0.01 train_loss: 651914.3125 train_mapscore: 0.6552 time: 7.6641s
INFO:root:Epoch: 1985 lr: 0.01 train_loss: 651829.7500 train_mapscore: 0.6552 time: 7.3094s
INFO:root:Epoch: 1990 lr: 0.01 train_loss: 651745.5000 train_mapscore: 0.6552 time: 6.8955s
INFO:root:Epoch: 1995 lr: 0.01 train_loss: 651661.6875 train_mapscore: 0.6556 time: 6.7219s
INFO:root:Epoch: 2000 lr: 0.0025 train_loss: 651578.1875 train_mapscore: 0.6558 time: 6.6127s
INFO:root:Optimization Finished!
INFO:root:Total time elapsed: 14544.0906s
INFO:root:Val set results: val_distortion: 1.0000 val_mapscore: -1.0000
INFO:root:Test set results: test_loss: 651561.4375 test_mapscore: 0.6557
INFO:root:Saved model in /home/xiongbo/hgcn/logs/md/2021_4_4/0
