INFO:root:Using: cpu
INFO:root:Using seed 1234.
INFO:root:MDModel(
  (encoder): GCN(
    (layers): Sequential(
      (0): GraphConvolution(
        input_dim=516, output_dim=10
        (linear): Linear(in_features=516, out_features=10, bias=True)
      )
    )
  )
  (decoder): MDDecoder()
)
INFO:root:Total number of parameters: 5170
/home/xiongbo/anaconda3/envs/kge/lib/python3.7/site-packages/torch/optim/lr_scheduler.py:351: UserWarning: To get the last learning rate computed by the scheduler, please use `get_last_lr()`.
  "please use `get_last_lr()`.", UserWarning)
INFO:root:Epoch: 0005 lr: 0.01 train_loss: 14770.8037 train_mapscore: 0.4372 time: 0.9184s
INFO:root:Epoch: 0010 lr: 0.01 train_loss: 14649.0840 train_mapscore: 0.4702 time: 0.1581s
INFO:root:Epoch: 0015 lr: 0.01 train_loss: 14391.8242 train_mapscore: 0.4840 time: 0.1505s
INFO:root:Epoch: 0020 lr: 0.01 train_loss: 13967.9795 train_mapscore: 0.4879 time: 0.1586s
INFO:root:Epoch: 0025 lr: 0.01 train_loss: 13366.9072 train_mapscore: 0.4844 time: 0.2716s
INFO:root:Epoch: 0030 lr: 0.01 train_loss: 12604.7285 train_mapscore: 0.4808 time: 0.2335s
INFO:root:Epoch: 0035 lr: 0.01 train_loss: 11727.7363 train_mapscore: 0.4810 time: 0.1617s
INFO:root:Epoch: 0040 lr: 0.01 train_loss: 10810.7090 train_mapscore: 0.4804 time: 0.1667s
INFO:root:Epoch: 0045 lr: 0.01 train_loss: 9939.2744 train_mapscore: 0.4813 time: 0.1398s
INFO:root:Epoch: 0050 lr: 0.01 train_loss: 9179.4062 train_mapscore: 0.4856 time: 0.2793s
INFO:root:Epoch: 0055 lr: 0.01 train_loss: 8557.8379 train_mapscore: 0.4902 time: 0.1957s
INFO:root:Epoch: 0060 lr: 0.01 train_loss: 8066.5552 train_mapscore: 0.4944 time: 0.1753s
INFO:root:Epoch: 0065 lr: 0.01 train_loss: 7677.8174 train_mapscore: 0.5018 time: 0.1422s
INFO:root:Epoch: 0070 lr: 0.01 train_loss: 7363.3340 train_mapscore: 0.5119 time: 0.1439s
INFO:root:Epoch: 0075 lr: 0.01 train_loss: 7102.1172 train_mapscore: 0.5183 time: 0.1429s
INFO:root:Epoch: 0080 lr: 0.01 train_loss: 6881.5356 train_mapscore: 0.5234 time: 0.1429s
INFO:root:Epoch: 0085 lr: 0.01 train_loss: 6692.6050 train_mapscore: 0.5284 time: 0.1434s
INFO:root:Epoch: 0090 lr: 0.01 train_loss: 6528.5337 train_mapscore: 0.5336 time: 0.1511s
INFO:root:Epoch: 0095 lr: 0.01 train_loss: 6384.1304 train_mapscore: 0.5403 time: 0.1414s
INFO:root:Epoch: 0100 lr: 0.01 train_loss: 6255.5483 train_mapscore: 0.5447 time: 0.1418s
INFO:root:Epoch: 0105 lr: 0.01 train_loss: 6139.8359 train_mapscore: 0.5500 time: 0.1465s
INFO:root:Epoch: 0110 lr: 0.01 train_loss: 6035.0347 train_mapscore: 0.5558 time: 0.1531s
INFO:root:Epoch: 0115 lr: 0.01 train_loss: 5939.6978 train_mapscore: 0.5620 time: 0.2212s
INFO:root:Epoch: 0120 lr: 0.01 train_loss: 5852.6050 train_mapscore: 0.5630 time: 0.1621s
INFO:root:Epoch: 0125 lr: 0.01 train_loss: 5772.8096 train_mapscore: 0.5664 time: 0.1610s
INFO:root:Epoch: 0130 lr: 0.01 train_loss: 5699.5776 train_mapscore: 0.5706 time: 0.1510s
INFO:root:Epoch: 0135 lr: 0.01 train_loss: 5632.2285 train_mapscore: 0.5725 time: 0.1576s
INFO:root:Epoch: 0140 lr: 0.01 train_loss: 5570.0337 train_mapscore: 0.5750 time: 0.1273s
INFO:root:Epoch: 0145 lr: 0.01 train_loss: 5512.6938 train_mapscore: 0.5781 time: 0.1385s
INFO:root:Epoch: 0150 lr: 0.01 train_loss: 5459.3862 train_mapscore: 0.5801 time: 0.4892s
INFO:root:Epoch: 0155 lr: 0.01 train_loss: 5409.6045 train_mapscore: 0.5821 time: 0.2383s
INFO:root:Epoch: 0160 lr: 0.01 train_loss: 5362.7598 train_mapscore: 0.5842 time: 0.1452s
INFO:root:Epoch: 0165 lr: 0.01 train_loss: 5318.2856 train_mapscore: 0.5870 time: 0.1368s
INFO:root:Epoch: 0170 lr: 0.01 train_loss: 5275.7856 train_mapscore: 0.5882 time: 0.1472s
INFO:root:Epoch: 0175 lr: 0.01 train_loss: 5234.9653 train_mapscore: 0.5911 time: 0.1973s
INFO:root:Epoch: 0180 lr: 0.01 train_loss: 5195.5747 train_mapscore: 0.5920 time: 0.3628s
INFO:root:Epoch: 0185 lr: 0.01 train_loss: 5157.3208 train_mapscore: 0.5977 time: 0.1321s
INFO:root:Epoch: 0190 lr: 0.01 train_loss: 5120.3286 train_mapscore: 0.5999 time: 0.1326s
INFO:root:Epoch: 0195 lr: 0.01 train_loss: 5084.4668 train_mapscore: 0.6047 time: 0.1412s
INFO:root:Epoch: 0200 lr: 0.01 train_loss: 5049.5361 train_mapscore: 0.6074 time: 0.1589s
INFO:root:Epoch: 0205 lr: 0.01 train_loss: 5015.4507 train_mapscore: 0.6103 time: 0.1400s
INFO:root:Epoch: 0210 lr: 0.01 train_loss: 4982.3545 train_mapscore: 0.6126 time: 0.1372s
INFO:root:Epoch: 0215 lr: 0.01 train_loss: 4950.2651 train_mapscore: 0.6166 time: 0.1401s
INFO:root:Epoch: 0220 lr: 0.01 train_loss: 4919.3550 train_mapscore: 0.6214 time: 0.1378s
INFO:root:Epoch: 0225 lr: 0.01 train_loss: 4889.4863 train_mapscore: 0.6224 time: 0.1400s
INFO:root:Epoch: 0230 lr: 0.01 train_loss: 4860.5645 train_mapscore: 0.6248 time: 0.1403s
INFO:root:Epoch: 0235 lr: 0.01 train_loss: 4832.5732 train_mapscore: 0.6273 time: 0.1428s
INFO:root:Epoch: 0240 lr: 0.01 train_loss: 4805.5659 train_mapscore: 0.6305 time: 0.1495s
INFO:root:Epoch: 0245 lr: 0.01 train_loss: 4779.4678 train_mapscore: 0.6332 time: 0.1501s
INFO:root:Epoch: 0250 lr: 0.01 train_loss: 4754.2490 train_mapscore: 0.6335 time: 0.1539s
INFO:root:Epoch: 0255 lr: 0.01 train_loss: 4729.8687 train_mapscore: 0.6365 time: 0.1507s
INFO:root:Epoch: 0260 lr: 0.01 train_loss: 4706.2939 train_mapscore: 0.6387 time: 0.1553s
INFO:root:Epoch: 0265 lr: 0.01 train_loss: 4683.4341 train_mapscore: 0.6399 time: 0.1478s
INFO:root:Epoch: 0270 lr: 0.01 train_loss: 4661.2983 train_mapscore: 0.6414 time: 0.1276s
INFO:root:Epoch: 0275 lr: 0.01 train_loss: 4639.8516 train_mapscore: 0.6458 time: 0.2235s
INFO:root:Epoch: 0280 lr: 0.01 train_loss: 4619.0732 train_mapscore: 0.6489 time: 0.1351s
INFO:root:Epoch: 0285 lr: 0.01 train_loss: 4598.8857 train_mapscore: 0.6517 time: 0.1515s
INFO:root:Epoch: 0290 lr: 0.01 train_loss: 4579.3672 train_mapscore: 0.6547 time: 0.1816s
INFO:root:Epoch: 0295 lr: 0.01 train_loss: 4560.4702 train_mapscore: 0.6551 time: 0.1377s
INFO:root:Epoch: 0300 lr: 0.01 train_loss: 4542.1240 train_mapscore: 0.6570 time: 0.2697s
INFO:root:Epoch: 0305 lr: 0.01 train_loss: 4524.2734 train_mapscore: 0.6573 time: 0.1529s
INFO:root:Epoch: 0310 lr: 0.01 train_loss: 4506.8555 train_mapscore: 0.6585 time: 0.1546s
INFO:root:Epoch: 0315 lr: 0.01 train_loss: 4489.8545 train_mapscore: 0.6614 time: 0.1446s
INFO:root:Epoch: 0320 lr: 0.01 train_loss: 4473.2695 train_mapscore: 0.6637 time: 0.1598s
INFO:root:Epoch: 0325 lr: 0.01 train_loss: 4457.0840 train_mapscore: 0.6645 time: 0.1276s
INFO:root:Epoch: 0330 lr: 0.01 train_loss: 4441.2603 train_mapscore: 0.6667 time: 0.1397s
INFO:root:Epoch: 0335 lr: 0.01 train_loss: 4425.7612 train_mapscore: 0.6682 time: 0.1402s
INFO:root:Epoch: 0340 lr: 0.01 train_loss: 4410.5693 train_mapscore: 0.6691 time: 0.1424s
INFO:root:Epoch: 0345 lr: 0.01 train_loss: 4395.6611 train_mapscore: 0.6702 time: 0.1411s
INFO:root:Epoch: 0350 lr: 0.01 train_loss: 4381.0913 train_mapscore: 0.6730 time: 0.1378s
INFO:root:Epoch: 0355 lr: 0.01 train_loss: 4366.8657 train_mapscore: 0.6741 time: 0.1369s
INFO:root:Epoch: 0360 lr: 0.01 train_loss: 4352.9775 train_mapscore: 0.6748 time: 0.1383s
INFO:root:Epoch: 0365 lr: 0.01 train_loss: 4339.3950 train_mapscore: 0.6762 time: 0.1396s
INFO:root:Epoch: 0370 lr: 0.01 train_loss: 4326.1284 train_mapscore: 0.6785 time: 0.1483s
INFO:root:Epoch: 0375 lr: 0.01 train_loss: 4313.1362 train_mapscore: 0.6792 time: 0.1469s
INFO:root:Epoch: 0380 lr: 0.01 train_loss: 4300.4287 train_mapscore: 0.6808 time: 0.1492s
INFO:root:Epoch: 0385 lr: 0.01 train_loss: 4287.9727 train_mapscore: 0.6823 time: 0.1658s
INFO:root:Epoch: 0390 lr: 0.01 train_loss: 4275.7817 train_mapscore: 0.6836 time: 0.1508s
INFO:root:Epoch: 0395 lr: 0.01 train_loss: 4263.8560 train_mapscore: 0.6852 time: 0.1520s
INFO:root:Epoch: 0400 lr: 0.01 train_loss: 4252.2065 train_mapscore: 0.6869 time: 0.1372s
INFO:root:Epoch: 0405 lr: 0.01 train_loss: 4240.7954 train_mapscore: 0.6882 time: 0.2178s
INFO:root:Epoch: 0410 lr: 0.01 train_loss: 4229.6211 train_mapscore: 0.6904 time: 0.1564s
INFO:root:Epoch: 0415 lr: 0.01 train_loss: 4218.6748 train_mapscore: 0.6900 time: 0.1763s
INFO:root:Epoch: 0420 lr: 0.01 train_loss: 4207.9541 train_mapscore: 0.6901 time: 0.1502s
INFO:root:Epoch: 0425 lr: 0.01 train_loss: 4197.4424 train_mapscore: 0.6918 time: 0.1676s
INFO:root:Epoch: 0430 lr: 0.01 train_loss: 4187.1104 train_mapscore: 0.6923 time: 0.1840s
INFO:root:Epoch: 0435 lr: 0.01 train_loss: 4176.9819 train_mapscore: 0.6953 time: 0.1388s
INFO:root:Epoch: 0440 lr: 0.01 train_loss: 4167.0073 train_mapscore: 0.6961 time: 0.1426s
INFO:root:Epoch: 0445 lr: 0.01 train_loss: 4157.2007 train_mapscore: 0.6956 time: 0.1521s
INFO:root:Epoch: 0450 lr: 0.01 train_loss: 4147.5688 train_mapscore: 0.6971 time: 0.2548s
INFO:root:Epoch: 0455 lr: 0.01 train_loss: 4138.1040 train_mapscore: 0.6972 time: 0.1762s
INFO:root:Epoch: 0460 lr: 0.01 train_loss: 4128.8013 train_mapscore: 0.7005 time: 0.1378s
INFO:root:Epoch: 0465 lr: 0.01 train_loss: 4119.6440 train_mapscore: 0.7028 time: 0.1370s
INFO:root:Epoch: 0470 lr: 0.01 train_loss: 4110.6294 train_mapscore: 0.7042 time: 0.1385s
INFO:root:Epoch: 0475 lr: 0.01 train_loss: 4101.7119 train_mapscore: 0.7059 time: 0.1394s
INFO:root:Epoch: 0480 lr: 0.01 train_loss: 4092.8235 train_mapscore: 0.7055 time: 0.1421s
INFO:root:Epoch: 0485 lr: 0.01 train_loss: 4084.0215 train_mapscore: 0.7080 time: 0.1379s
INFO:root:Epoch: 0490 lr: 0.01 train_loss: 4075.3550 train_mapscore: 0.7088 time: 0.2873s
INFO:root:Epoch: 0495 lr: 0.01 train_loss: 4066.7986 train_mapscore: 0.7093 time: 0.1420s
INFO:root:Epoch: 0500 lr: 0.01 train_loss: 4058.3757 train_mapscore: 0.7109 time: 0.1399s
INFO:root:Epoch: 0505 lr: 0.01 train_loss: 4050.0864 train_mapscore: 0.7107 time: 0.1506s
INFO:root:Epoch: 0510 lr: 0.01 train_loss: 4041.9419 train_mapscore: 0.7113 time: 0.1542s
INFO:root:Epoch: 0515 lr: 0.01 train_loss: 4033.9333 train_mapscore: 0.7134 time: 0.1518s
INFO:root:Epoch: 0520 lr: 0.01 train_loss: 4026.0579 train_mapscore: 0.7128 time: 0.1510s
INFO:root:Epoch: 0525 lr: 0.01 train_loss: 4018.3152 train_mapscore: 0.7153 time: 0.1549s
INFO:root:Epoch: 0530 lr: 0.01 train_loss: 4010.7161 train_mapscore: 0.7142 time: 0.1475s
INFO:root:Epoch: 0535 lr: 0.01 train_loss: 4003.2407 train_mapscore: 0.7153 time: 0.2307s
INFO:root:Epoch: 0540 lr: 0.01 train_loss: 3995.8730 train_mapscore: 0.7163 time: 0.1864s
INFO:root:Epoch: 0545 lr: 0.01 train_loss: 3988.6016 train_mapscore: 0.7158 time: 0.1703s
INFO:root:Epoch: 0550 lr: 0.01 train_loss: 3981.4526 train_mapscore: 0.7182 time: 0.1621s
INFO:root:Epoch: 0555 lr: 0.01 train_loss: 3974.3909 train_mapscore: 0.7205 time: 0.1568s
INFO:root:Epoch: 0560 lr: 0.01 train_loss: 3967.4380 train_mapscore: 0.7213 time: 0.2239s
INFO:root:Epoch: 0565 lr: 0.01 train_loss: 3960.5781 train_mapscore: 0.7214 time: 0.1379s
INFO:root:Epoch: 0570 lr: 0.01 train_loss: 3953.8201 train_mapscore: 0.7221 time: 0.1630s
INFO:root:Epoch: 0575 lr: 0.01 train_loss: 3947.0791 train_mapscore: 0.7240 time: 0.1386s
INFO:root:Epoch: 0580 lr: 0.01 train_loss: 3940.1965 train_mapscore: 0.7247 time: 0.1612s
INFO:root:Epoch: 0585 lr: 0.01 train_loss: 3933.3108 train_mapscore: 0.7280 time: 0.1563s
INFO:root:Epoch: 0590 lr: 0.01 train_loss: 3926.5071 train_mapscore: 0.7297 time: 0.3355s
INFO:root:Epoch: 0595 lr: 0.01 train_loss: 3919.8110 train_mapscore: 0.7296 time: 0.1245s
INFO:root:Epoch: 0600 lr: 0.01 train_loss: 3913.2432 train_mapscore: 0.7311 time: 0.1407s
INFO:root:Epoch: 0605 lr: 0.01 train_loss: 3906.8076 train_mapscore: 0.7353 time: 0.1383s
INFO:root:Epoch: 0610 lr: 0.01 train_loss: 3900.5110 train_mapscore: 0.7356 time: 0.1377s
INFO:root:Epoch: 0615 lr: 0.01 train_loss: 3894.3191 train_mapscore: 0.7356 time: 0.1446s
INFO:root:Epoch: 0620 lr: 0.01 train_loss: 3888.2461 train_mapscore: 0.7374 time: 0.1388s
INFO:root:Epoch: 0625 lr: 0.01 train_loss: 3882.2776 train_mapscore: 0.7375 time: 0.1434s
INFO:root:Epoch: 0630 lr: 0.01 train_loss: 3876.4126 train_mapscore: 0.7377 time: 0.1389s
INFO:root:Epoch: 0635 lr: 0.01 train_loss: 3870.6426 train_mapscore: 0.7378 time: 0.1405s
INFO:root:Epoch: 0640 lr: 0.01 train_loss: 3864.9600 train_mapscore: 0.7394 time: 0.1513s
INFO:root:Epoch: 0645 lr: 0.01 train_loss: 3859.3633 train_mapscore: 0.7386 time: 0.1504s
INFO:root:Epoch: 0650 lr: 0.01 train_loss: 3853.8489 train_mapscore: 0.7394 time: 0.1479s
INFO:root:Epoch: 0655 lr: 0.01 train_loss: 3848.4177 train_mapscore: 0.7395 time: 0.1511s
INFO:root:Epoch: 0660 lr: 0.01 train_loss: 3843.0615 train_mapscore: 0.7398 time: 0.1508s
INFO:root:Epoch: 0665 lr: 0.01 train_loss: 3837.7805 train_mapscore: 0.7400 time: 0.1470s
INFO:root:Epoch: 0670 lr: 0.01 train_loss: 3832.5664 train_mapscore: 0.7396 time: 0.1268s
INFO:root:Epoch: 0675 lr: 0.01 train_loss: 3827.4294 train_mapscore: 0.7421 time: 0.2017s
INFO:root:Epoch: 0680 lr: 0.01 train_loss: 3822.3401 train_mapscore: 0.7418 time: 0.1993s
INFO:root:Epoch: 0685 lr: 0.01 train_loss: 3817.3252 train_mapscore: 0.7430 time: 0.1607s
INFO:root:Epoch: 0690 lr: 0.01 train_loss: 3812.3784 train_mapscore: 0.7428 time: 0.1389s
INFO:root:Epoch: 0695 lr: 0.01 train_loss: 3807.4978 train_mapscore: 0.7453 time: 0.1644s
INFO:root:Epoch: 0700 lr: 0.01 train_loss: 3802.6833 train_mapscore: 0.7459 time: 0.2231s
INFO:root:Epoch: 0705 lr: 0.01 train_loss: 3797.9270 train_mapscore: 0.7469 time: 0.2904s
INFO:root:Epoch: 0710 lr: 0.01 train_loss: 3793.2339 train_mapscore: 0.7476 time: 0.1271s
INFO:root:Epoch: 0715 lr: 0.01 train_loss: 3788.5969 train_mapscore: 0.7486 time: 0.1372s
INFO:root:Epoch: 0720 lr: 0.01 train_loss: 3784.0168 train_mapscore: 0.7494 time: 0.1431s
INFO:root:Epoch: 0725 lr: 0.01 train_loss: 3779.4888 train_mapscore: 0.7503 time: 0.1307s
INFO:root:Epoch: 0730 lr: 0.01 train_loss: 3775.0200 train_mapscore: 0.7507 time: 0.1386s
INFO:root:Epoch: 0735 lr: 0.01 train_loss: 3770.5933 train_mapscore: 0.7514 time: 0.1386s
INFO:root:Epoch: 0740 lr: 0.01 train_loss: 3766.1995 train_mapscore: 0.7514 time: 0.1352s
INFO:root:Epoch: 0745 lr: 0.01 train_loss: 3761.8435 train_mapscore: 0.7517 time: 0.1378s
INFO:root:Epoch: 0750 lr: 0.01 train_loss: 3757.5481 train_mapscore: 0.7515 time: 0.1534s
INFO:root:Epoch: 0755 lr: 0.01 train_loss: 3753.2886 train_mapscore: 0.7524 time: 0.1473s
INFO:root:Epoch: 0760 lr: 0.01 train_loss: 3749.0896 train_mapscore: 0.7531 time: 0.1445s
INFO:root:Epoch: 0765 lr: 0.01 train_loss: 3744.9351 train_mapscore: 0.7531 time: 0.1454s
INFO:root:Epoch: 0770 lr: 0.01 train_loss: 3740.8257 train_mapscore: 0.7542 time: 0.1508s
INFO:root:Epoch: 0775 lr: 0.01 train_loss: 3736.7612 train_mapscore: 0.7542 time: 0.1490s
INFO:root:Epoch: 0780 lr: 0.01 train_loss: 3732.7415 train_mapscore: 0.7545 time: 0.1455s
INFO:root:Epoch: 0785 lr: 0.01 train_loss: 3728.7644 train_mapscore: 0.7554 time: 0.1298s
INFO:root:Epoch: 0790 lr: 0.01 train_loss: 3724.8274 train_mapscore: 0.7562 time: 0.1786s
INFO:root:Epoch: 0795 lr: 0.01 train_loss: 3720.8894 train_mapscore: 0.7556 time: 0.1353s
INFO:root:Epoch: 0800 lr: 0.01 train_loss: 3716.9670 train_mapscore: 0.7563 time: 0.1969s
INFO:root:Epoch: 0805 lr: 0.01 train_loss: 3713.0618 train_mapscore: 0.7567 time: 0.1964s
INFO:root:Epoch: 0810 lr: 0.01 train_loss: 3709.1985 train_mapscore: 0.7574 time: 0.1606s
INFO:root:Epoch: 0815 lr: 0.01 train_loss: 3705.3398 train_mapscore: 0.7568 time: 0.1674s
INFO:root:Epoch: 0820 lr: 0.01 train_loss: 3701.5005 train_mapscore: 0.7595 time: 0.1440s
INFO:root:Epoch: 0825 lr: 0.01 train_loss: 3697.6833 train_mapscore: 0.7596 time: 0.1422s
INFO:root:Epoch: 0830 lr: 0.01 train_loss: 3693.8862 train_mapscore: 0.7598 time: 0.1397s
INFO:root:Epoch: 0835 lr: 0.01 train_loss: 3690.0989 train_mapscore: 0.7602 time: 0.1357s
INFO:root:Epoch: 0840 lr: 0.01 train_loss: 3686.3264 train_mapscore: 0.7596 time: 0.1409s
INFO:root:Epoch: 0845 lr: 0.01 train_loss: 3682.5732 train_mapscore: 0.7602 time: 0.1353s
INFO:root:Epoch: 0850 lr: 0.01 train_loss: 3678.8545 train_mapscore: 0.7602 time: 0.1364s
INFO:root:Epoch: 0855 lr: 0.01 train_loss: 3675.1755 train_mapscore: 0.7593 time: 0.1342s
INFO:root:Epoch: 0860 lr: 0.01 train_loss: 3671.5632 train_mapscore: 0.7595 time: 0.1387s
INFO:root:Epoch: 0865 lr: 0.01 train_loss: 3668.0242 train_mapscore: 0.7610 time: 0.1332s
INFO:root:Epoch: 0870 lr: 0.01 train_loss: 3664.5510 train_mapscore: 0.7614 time: 0.1446s
INFO:root:Epoch: 0875 lr: 0.01 train_loss: 3661.1311 train_mapscore: 0.7621 time: 0.1446s
INFO:root:Epoch: 0880 lr: 0.01 train_loss: 3657.7705 train_mapscore: 0.7624 time: 0.1451s
INFO:root:Epoch: 0885 lr: 0.01 train_loss: 3654.4556 train_mapscore: 0.7631 time: 0.1484s
INFO:root:Epoch: 0890 lr: 0.01 train_loss: 3651.1926 train_mapscore: 0.7633 time: 0.1490s
INFO:root:Epoch: 0895 lr: 0.01 train_loss: 3647.9812 train_mapscore: 0.7635 time: 0.1500s
INFO:root:Epoch: 0900 lr: 0.01 train_loss: 3644.8149 train_mapscore: 0.7641 time: 0.1399s
INFO:root:Epoch: 0905 lr: 0.01 train_loss: 3641.6921 train_mapscore: 0.7658 time: 0.1209s
INFO:root:Epoch: 0910 lr: 0.01 train_loss: 3638.6133 train_mapscore: 0.7661 time: 0.1564s
INFO:root:Epoch: 0915 lr: 0.01 train_loss: 3635.5791 train_mapscore: 0.7662 time: 0.1534s
INFO:root:Epoch: 0920 lr: 0.01 train_loss: 3632.5852 train_mapscore: 0.7669 time: 0.1640s
INFO:root:Epoch: 0925 lr: 0.01 train_loss: 3629.6328 train_mapscore: 0.7672 time: 0.2983s
INFO:root:Epoch: 0930 lr: 0.01 train_loss: 3626.3486 train_mapscore: 0.7674 time: 0.2985s
INFO:root:Epoch: 0935 lr: 0.01 train_loss: 3623.0569 train_mapscore: 0.7690 time: 0.1402s
INFO:root:Epoch: 0940 lr: 0.01 train_loss: 3619.9468 train_mapscore: 0.7706 time: 0.2182s
INFO:root:Epoch: 0945 lr: 0.01 train_loss: 3617.0051 train_mapscore: 0.7718 time: 0.1404s
INFO:root:Epoch: 0950 lr: 0.01 train_loss: 3614.1318 train_mapscore: 0.7733 time: 0.1376s
INFO:root:Epoch: 0955 lr: 0.01 train_loss: 3611.2776 train_mapscore: 0.7734 time: 0.1386s
INFO:root:Epoch: 0960 lr: 0.01 train_loss: 3608.4209 train_mapscore: 0.7737 time: 0.1389s
INFO:root:Epoch: 0965 lr: 0.01 train_loss: 3605.5881 train_mapscore: 0.7737 time: 0.1408s
INFO:root:Epoch: 0970 lr: 0.01 train_loss: 3602.7932 train_mapscore: 0.7736 time: 0.1402s
INFO:root:Epoch: 0975 lr: 0.01 train_loss: 3600.0505 train_mapscore: 0.7745 time: 0.1356s
INFO:root:Epoch: 0980 lr: 0.01 train_loss: 3597.3564 train_mapscore: 0.7748 time: 0.1400s
INFO:root:Epoch: 0985 lr: 0.01 train_loss: 3594.7065 train_mapscore: 0.7763 time: 0.1380s
INFO:root:Epoch: 0990 lr: 0.01 train_loss: 3592.0696 train_mapscore: 0.7763 time: 0.1561s
INFO:root:Epoch: 0995 lr: 0.01 train_loss: 3589.4583 train_mapscore: 0.7769 time: 0.1432s
INFO:root:Epoch: 1000 lr: 0.01 train_loss: 3586.8821 train_mapscore: 0.7769 time: 0.1485s
INFO:root:Epoch: 1005 lr: 0.01 train_loss: 3584.3489 train_mapscore: 0.7779 time: 0.1534s
INFO:root:Epoch: 1010 lr: 0.01 train_loss: 3581.8538 train_mapscore: 0.7788 time: 0.1478s
INFO:root:Epoch: 1015 lr: 0.01 train_loss: 3579.3726 train_mapscore: 0.7796 time: 0.1492s
INFO:root:Epoch: 1020 lr: 0.01 train_loss: 3576.9365 train_mapscore: 0.7807 time: 0.1391s
INFO:root:Epoch: 1025 lr: 0.01 train_loss: 3574.5496 train_mapscore: 0.7808 time: 0.1382s
INFO:root:Epoch: 1030 lr: 0.01 train_loss: 3572.1934 train_mapscore: 0.7807 time: 0.1487s
INFO:root:Epoch: 1035 lr: 0.01 train_loss: 3569.8679 train_mapscore: 0.7809 time: 0.1472s
INFO:root:Epoch: 1040 lr: 0.01 train_loss: 3567.5706 train_mapscore: 0.7810 time: 0.1416s
INFO:root:Epoch: 1045 lr: 0.01 train_loss: 3565.2939 train_mapscore: 0.7826 time: 0.2000s
INFO:root:Epoch: 1050 lr: 0.01 train_loss: 3563.0471 train_mapscore: 0.7826 time: 0.2021s
INFO:root:Epoch: 1055 lr: 0.01 train_loss: 3560.8308 train_mapscore: 0.7827 time: 0.3643s
INFO:root:Epoch: 1060 lr: 0.01 train_loss: 3558.6069 train_mapscore: 0.7837 time: 0.1209s
INFO:root:Epoch: 1065 lr: 0.01 train_loss: 3556.3979 train_mapscore: 0.7839 time: 0.1376s
INFO:root:Epoch: 1070 lr: 0.01 train_loss: 3554.2092 train_mapscore: 0.7842 time: 0.1540s
INFO:root:Epoch: 1075 lr: 0.01 train_loss: 3552.0488 train_mapscore: 0.7844 time: 0.1385s
INFO:root:Epoch: 1080 lr: 0.01 train_loss: 3549.9224 train_mapscore: 0.7850 time: 0.1377s
INFO:root:Epoch: 1085 lr: 0.01 train_loss: 3547.8301 train_mapscore: 0.7861 time: 0.1432s
INFO:root:Epoch: 1090 lr: 0.01 train_loss: 3545.7673 train_mapscore: 0.7861 time: 0.1467s
INFO:root:Epoch: 1095 lr: 0.01 train_loss: 3543.7314 train_mapscore: 0.7865 time: 0.1398s
INFO:root:Epoch: 1100 lr: 0.01 train_loss: 3541.7166 train_mapscore: 0.7866 time: 0.1398s
INFO:root:Epoch: 1105 lr: 0.01 train_loss: 3539.7090 train_mapscore: 0.7867 time: 0.1687s
INFO:root:Epoch: 1110 lr: 0.01 train_loss: 3537.7261 train_mapscore: 0.7869 time: 0.1498s
INFO:root:Epoch: 1115 lr: 0.01 train_loss: 3535.7734 train_mapscore: 0.7867 time: 0.1490s
INFO:root:Epoch: 1120 lr: 0.01 train_loss: 3533.8430 train_mapscore: 0.7882 time: 0.1676s
INFO:root:Epoch: 1125 lr: 0.01 train_loss: 3531.9297 train_mapscore: 0.7883 time: 0.1490s
INFO:root:Epoch: 1130 lr: 0.01 train_loss: 3530.0415 train_mapscore: 0.7888 time: 0.1478s
INFO:root:Epoch: 1135 lr: 0.01 train_loss: 3528.1750 train_mapscore: 0.7888 time: 0.1239s
INFO:root:Epoch: 1140 lr: 0.01 train_loss: 3526.3347 train_mapscore: 0.7889 time: 0.1281s
INFO:root:Epoch: 1145 lr: 0.01 train_loss: 3524.5168 train_mapscore: 0.7900 time: 0.1483s
INFO:root:Epoch: 1150 lr: 0.01 train_loss: 3522.7200 train_mapscore: 0.7902 time: 0.1459s
INFO:root:Epoch: 1155 lr: 0.01 train_loss: 3520.9387 train_mapscore: 0.7912 time: 0.1456s
INFO:root:Epoch: 1160 lr: 0.01 train_loss: 3519.1746 train_mapscore: 0.7913 time: 0.1479s
INFO:root:Epoch: 1165 lr: 0.01 train_loss: 3517.4294 train_mapscore: 0.7916 time: 0.1462s
INFO:root:Epoch: 1170 lr: 0.01 train_loss: 3515.6990 train_mapscore: 0.7923 time: 0.1504s
INFO:root:Epoch: 1175 lr: 0.01 train_loss: 3513.9910 train_mapscore: 0.7923 time: 0.1548s
INFO:root:Epoch: 1180 lr: 0.01 train_loss: 3512.2969 train_mapscore: 0.7925 time: 0.1587s
INFO:root:Epoch: 1185 lr: 0.01 train_loss: 3510.6230 train_mapscore: 0.7925 time: 0.1692s
INFO:root:Epoch: 1190 lr: 0.01 train_loss: 3508.9646 train_mapscore: 0.7926 time: 0.1691s
INFO:root:Epoch: 1195 lr: 0.01 train_loss: 3507.2527 train_mapscore: 0.7927 time: 0.1762s
INFO:root:Epoch: 1200 lr: 0.01 train_loss: 3505.3940 train_mapscore: 0.7919 time: 0.2160s
INFO:root:Epoch: 1205 lr: 0.01 train_loss: 3503.5310 train_mapscore: 0.7921 time: 0.1724s
INFO:root:Epoch: 1210 lr: 0.01 train_loss: 3501.7080 train_mapscore: 0.7921 time: 0.1803s
INFO:root:Epoch: 1215 lr: 0.01 train_loss: 3499.9290 train_mapscore: 0.7928 time: 0.1556s
INFO:root:Epoch: 1220 lr: 0.01 train_loss: 3498.1885 train_mapscore: 0.7928 time: 0.1564s
INFO:root:Epoch: 1225 lr: 0.01 train_loss: 3496.4595 train_mapscore: 0.7927 time: 0.1551s
INFO:root:Epoch: 1230 lr: 0.01 train_loss: 3494.7607 train_mapscore: 0.7927 time: 0.1531s
INFO:root:Epoch: 1235 lr: 0.01 train_loss: 3493.0994 train_mapscore: 0.7931 time: 0.1576s
INFO:root:Epoch: 1240 lr: 0.01 train_loss: 3491.4797 train_mapscore: 0.7932 time: 0.1550s
INFO:root:Epoch: 1245 lr: 0.01 train_loss: 3489.8936 train_mapscore: 0.7932 time: 0.1583s
INFO:root:Epoch: 1250 lr: 0.01 train_loss: 3488.3352 train_mapscore: 0.7934 time: 0.1591s
INFO:root:Epoch: 1255 lr: 0.01 train_loss: 3486.8037 train_mapscore: 0.7933 time: 0.1585s
INFO:root:Epoch: 1260 lr: 0.01 train_loss: 3485.2896 train_mapscore: 0.7934 time: 0.1677s
INFO:root:Epoch: 1265 lr: 0.01 train_loss: 3483.7930 train_mapscore: 0.7928 time: 0.1708s
INFO:root:Epoch: 1270 lr: 0.01 train_loss: 3482.3171 train_mapscore: 0.7928 time: 0.1673s
INFO:root:Epoch: 1275 lr: 0.01 train_loss: 3480.8567 train_mapscore: 0.7928 time: 0.1670s
INFO:root:Epoch: 1280 lr: 0.01 train_loss: 3479.4131 train_mapscore: 0.7929 time: 0.1647s
INFO:root:Epoch: 1285 lr: 0.01 train_loss: 3477.9856 train_mapscore: 0.7929 time: 0.1297s
INFO:root:Epoch: 1290 lr: 0.01 train_loss: 3476.5750 train_mapscore: 0.7931 time: 0.2273s
INFO:root:Epoch: 1295 lr: 0.01 train_loss: 3475.1785 train_mapscore: 0.7931 time: 0.1521s
INFO:root:Epoch: 1300 lr: 0.01 train_loss: 3473.7942 train_mapscore: 0.7931 time: 0.1616s
INFO:root:Epoch: 1305 lr: 0.01 train_loss: 3472.4202 train_mapscore: 0.7931 time: 0.1590s
INFO:root:Epoch: 1310 lr: 0.01 train_loss: 3471.0557 train_mapscore: 0.7932 time: 0.1623s
INFO:root:Epoch: 1315 lr: 0.01 train_loss: 3469.7085 train_mapscore: 0.7939 time: 0.2356s
INFO:root:Epoch: 1320 lr: 0.01 train_loss: 3468.3745 train_mapscore: 0.7943 time: 0.1636s
INFO:root:Epoch: 1325 lr: 0.01 train_loss: 3467.0530 train_mapscore: 0.7948 time: 0.1536s
INFO:root:Epoch: 1330 lr: 0.01 train_loss: 3465.7456 train_mapscore: 0.7947 time: 0.1481s
INFO:root:Epoch: 1335 lr: 0.01 train_loss: 3464.4539 train_mapscore: 0.7950 time: 0.1624s
INFO:root:Epoch: 1340 lr: 0.01 train_loss: 3463.1726 train_mapscore: 0.7955 time: 0.1572s
INFO:root:Epoch: 1345 lr: 0.01 train_loss: 3461.9028 train_mapscore: 0.7955 time: 0.1580s
INFO:root:Epoch: 1350 lr: 0.01 train_loss: 3460.6453 train_mapscore: 0.7958 time: 0.1907s
INFO:root:Epoch: 1355 lr: 0.01 train_loss: 3459.4028 train_mapscore: 0.7958 time: 0.1501s
INFO:root:Epoch: 1360 lr: 0.01 train_loss: 3458.1748 train_mapscore: 0.7964 time: 0.1544s
INFO:root:Epoch: 1365 lr: 0.01 train_loss: 3456.9629 train_mapscore: 0.7964 time: 0.1582s
INFO:root:Epoch: 1370 lr: 0.01 train_loss: 3455.7642 train_mapscore: 0.7966 time: 0.1572s
INFO:root:Epoch: 1375 lr: 0.01 train_loss: 3454.5796 train_mapscore: 0.7966 time: 0.1550s
INFO:root:Epoch: 1380 lr: 0.01 train_loss: 3453.4097 train_mapscore: 0.7970 time: 0.1702s
INFO:root:Epoch: 1385 lr: 0.01 train_loss: 3452.2527 train_mapscore: 0.7970 time: 0.1691s
INFO:root:Epoch: 1390 lr: 0.01 train_loss: 3451.1099 train_mapscore: 0.7970 time: 0.1676s
INFO:root:Epoch: 1395 lr: 0.01 train_loss: 3449.9807 train_mapscore: 0.7970 time: 0.1671s
INFO:root:Epoch: 1400 lr: 0.01 train_loss: 3448.8616 train_mapscore: 0.7975 time: 0.1715s
INFO:root:Epoch: 1405 lr: 0.01 train_loss: 3447.7561 train_mapscore: 0.7976 time: 0.1604s
INFO:root:Epoch: 1410 lr: 0.01 train_loss: 3446.6604 train_mapscore: 0.7976 time: 0.2193s
INFO:root:Epoch: 1415 lr: 0.01 train_loss: 3445.5764 train_mapscore: 0.7976 time: 0.4572s
INFO:root:Epoch: 1420 lr: 0.01 train_loss: 3444.4998 train_mapscore: 0.7977 time: 0.2072s
INFO:root:Epoch: 1425 lr: 0.01 train_loss: 3443.4348 train_mapscore: 0.7978 time: 0.1771s
INFO:root:Epoch: 1430 lr: 0.01 train_loss: 3442.3794 train_mapscore: 0.7979 time: 0.1375s
INFO:root:Epoch: 1435 lr: 0.01 train_loss: 3441.3350 train_mapscore: 0.7979 time: 0.1586s
INFO:root:Epoch: 1440 lr: 0.01 train_loss: 3440.2974 train_mapscore: 0.7978 time: 0.1398s
INFO:root:Epoch: 1445 lr: 0.01 train_loss: 3439.2698 train_mapscore: 0.7978 time: 0.1253s
INFO:root:Epoch: 1450 lr: 0.01 train_loss: 3438.2466 train_mapscore: 0.7979 time: 0.1383s
INFO:root:Epoch: 1455 lr: 0.01 train_loss: 3437.2332 train_mapscore: 0.7985 time: 0.1425s
INFO:root:Epoch: 1460 lr: 0.01 train_loss: 3436.2251 train_mapscore: 0.7984 time: 0.1379s
INFO:root:Epoch: 1465 lr: 0.01 train_loss: 3435.2261 train_mapscore: 0.7984 time: 0.1372s
INFO:root:Epoch: 1470 lr: 0.01 train_loss: 3434.2317 train_mapscore: 0.7993 time: 0.1368s
INFO:root:Epoch: 1475 lr: 0.01 train_loss: 3433.2439 train_mapscore: 0.7994 time: 0.1585s
INFO:root:Epoch: 1480 lr: 0.01 train_loss: 3432.2607 train_mapscore: 0.7994 time: 0.1378s
INFO:root:Epoch: 1485 lr: 0.01 train_loss: 3431.2849 train_mapscore: 0.7994 time: 0.1373s
INFO:root:Epoch: 1490 lr: 0.01 train_loss: 3430.3130 train_mapscore: 0.7995 time: 0.1502s
INFO:root:Epoch: 1495 lr: 0.01 train_loss: 3429.3491 train_mapscore: 0.7995 time: 0.1518s
INFO:root:Epoch: 1500 lr: 0.01 train_loss: 3428.3904 train_mapscore: 0.7993 time: 0.1492s
INFO:root:Epoch: 1505 lr: 0.01 train_loss: 3427.4390 train_mapscore: 0.7993 time: 0.1487s
INFO:root:Epoch: 1510 lr: 0.01 train_loss: 3426.4929 train_mapscore: 0.7995 time: 0.1495s
INFO:root:Epoch: 1515 lr: 0.01 train_loss: 3425.5537 train_mapscore: 0.7996 time: 0.1476s
INFO:root:Epoch: 1520 lr: 0.01 train_loss: 3424.6167 train_mapscore: 0.7995 time: 0.1247s
INFO:root:Epoch: 1525 lr: 0.01 train_loss: 3423.6897 train_mapscore: 0.7995 time: 0.1381s
INFO:root:Epoch: 1530 lr: 0.01 train_loss: 3422.7693 train_mapscore: 0.7995 time: 0.1277s
INFO:root:Epoch: 1535 lr: 0.01 train_loss: 3421.8584 train_mapscore: 0.7997 time: 0.1327s
INFO:root:Epoch: 1540 lr: 0.01 train_loss: 3420.9546 train_mapscore: 0.7997 time: 0.1383s
INFO:root:Epoch: 1545 lr: 0.01 train_loss: 3420.0588 train_mapscore: 0.8007 time: 0.1448s
INFO:root:Epoch: 1550 lr: 0.01 train_loss: 3419.1724 train_mapscore: 0.8007 time: 0.1370s
INFO:root:Epoch: 1555 lr: 0.01 train_loss: 3418.2903 train_mapscore: 0.8007 time: 0.1451s
INFO:root:Epoch: 1560 lr: 0.01 train_loss: 3417.4207 train_mapscore: 0.8008 time: 0.1768s
INFO:root:Epoch: 1565 lr: 0.01 train_loss: 3416.5542 train_mapscore: 0.8008 time: 0.1249s
INFO:root:Epoch: 1570 lr: 0.01 train_loss: 3415.6980 train_mapscore: 0.8007 time: 0.1379s
INFO:root:Epoch: 1575 lr: 0.01 train_loss: 3414.8467 train_mapscore: 0.8005 time: 0.1387s
INFO:root:Epoch: 1580 lr: 0.01 train_loss: 3414.0081 train_mapscore: 0.8006 time: 0.1384s
INFO:root:Epoch: 1585 lr: 0.01 train_loss: 3413.1675 train_mapscore: 0.8006 time: 0.1372s
INFO:root:Epoch: 1590 lr: 0.01 train_loss: 3412.3311 train_mapscore: 0.8006 time: 0.1396s
INFO:root:Epoch: 1595 lr: 0.01 train_loss: 3411.4229 train_mapscore: 0.8007 time: 0.1368s
INFO:root:Epoch: 1600 lr: 0.01 train_loss: 3410.4922 train_mapscore: 0.8007 time: 0.1370s
INFO:root:Epoch: 1605 lr: 0.01 train_loss: 3409.5908 train_mapscore: 0.8008 time: 0.1402s
INFO:root:Epoch: 1610 lr: 0.01 train_loss: 3408.7268 train_mapscore: 0.8007 time: 0.1482s
INFO:root:Epoch: 1615 lr: 0.01 train_loss: 3407.8884 train_mapscore: 0.8007 time: 0.1479s
INFO:root:Epoch: 1620 lr: 0.01 train_loss: 3407.0654 train_mapscore: 0.8007 time: 0.1539s
INFO:root:Epoch: 1625 lr: 0.01 train_loss: 3406.2441 train_mapscore: 0.8007 time: 0.1451s
INFO:root:Epoch: 1630 lr: 0.01 train_loss: 3405.4092 train_mapscore: 0.8007 time: 0.1455s
INFO:root:Epoch: 1635 lr: 0.01 train_loss: 3404.5723 train_mapscore: 0.8007 time: 0.1467s
INFO:root:Epoch: 1640 lr: 0.01 train_loss: 3403.7363 train_mapscore: 0.8007 time: 0.1481s
INFO:root:Epoch: 1645 lr: 0.01 train_loss: 3402.9138 train_mapscore: 0.8007 time: 0.1311s
INFO:root:Epoch: 1650 lr: 0.01 train_loss: 3402.1013 train_mapscore: 0.8008 time: 0.1849s
INFO:root:Epoch: 1655 lr: 0.01 train_loss: 3401.2986 train_mapscore: 0.8008 time: 0.1349s
INFO:root:Epoch: 1660 lr: 0.01 train_loss: 3400.5122 train_mapscore: 0.8007 time: 0.1481s
INFO:root:Epoch: 1665 lr: 0.01 train_loss: 3399.7344 train_mapscore: 0.8008 time: 0.1389s
INFO:root:Epoch: 1670 lr: 0.01 train_loss: 3398.9697 train_mapscore: 0.8006 time: 0.1456s
INFO:root:Epoch: 1675 lr: 0.01 train_loss: 3398.2146 train_mapscore: 0.8007 time: 0.2425s
INFO:root:Epoch: 1680 lr: 0.01 train_loss: 3397.4705 train_mapscore: 0.8006 time: 0.2335s
INFO:root:Epoch: 1685 lr: 0.01 train_loss: 3396.7341 train_mapscore: 0.8006 time: 0.1494s
INFO:root:Epoch: 1690 lr: 0.01 train_loss: 3396.0066 train_mapscore: 0.8007 time: 0.1379s
INFO:root:Epoch: 1695 lr: 0.01 train_loss: 3395.2891 train_mapscore: 0.8007 time: 0.1404s
INFO:root:Epoch: 1700 lr: 0.01 train_loss: 3394.5781 train_mapscore: 0.8008 time: 0.1380s
INFO:root:Epoch: 1705 lr: 0.01 train_loss: 3393.8743 train_mapscore: 0.8008 time: 0.1364s
INFO:root:Epoch: 1710 lr: 0.01 train_loss: 3393.1802 train_mapscore: 0.8008 time: 0.1392s
INFO:root:Epoch: 1715 lr: 0.01 train_loss: 3392.4922 train_mapscore: 0.8005 time: 0.1361s
INFO:root:Epoch: 1720 lr: 0.01 train_loss: 3391.8113 train_mapscore: 0.8005 time: 0.1373s
INFO:root:Epoch: 1725 lr: 0.01 train_loss: 3391.1357 train_mapscore: 0.8005 time: 0.1371s
INFO:root:Epoch: 1730 lr: 0.01 train_loss: 3390.4688 train_mapscore: 0.8006 time: 0.1392s
INFO:root:Epoch: 1735 lr: 0.01 train_loss: 3389.8052 train_mapscore: 0.8009 time: 0.1515s
INFO:root:Epoch: 1740 lr: 0.01 train_loss: 3389.1506 train_mapscore: 0.8009 time: 0.1572s
INFO:root:Epoch: 1745 lr: 0.01 train_loss: 3388.4990 train_mapscore: 0.8009 time: 0.1513s
INFO:root:Epoch: 1750 lr: 0.01 train_loss: 3387.8528 train_mapscore: 0.8009 time: 0.1513s
INFO:root:Epoch: 1755 lr: 0.01 train_loss: 3387.2131 train_mapscore: 0.8010 time: 0.1513s
INFO:root:Epoch: 1760 lr: 0.01 train_loss: 3386.5784 train_mapscore: 0.8011 time: 0.1517s
INFO:root:Epoch: 1765 lr: 0.01 train_loss: 3385.9490 train_mapscore: 0.8011 time: 0.1404s
INFO:root:Epoch: 1770 lr: 0.01 train_loss: 3385.3247 train_mapscore: 0.8011 time: 0.1537s
INFO:root:Epoch: 1775 lr: 0.01 train_loss: 3384.7063 train_mapscore: 0.8011 time: 0.1367s
INFO:root:Epoch: 1780 lr: 0.01 train_loss: 3384.0906 train_mapscore: 0.8014 time: 0.1385s
INFO:root:Epoch: 1785 lr: 0.01 train_loss: 3383.4790 train_mapscore: 0.8013 time: 0.1428s
INFO:root:Epoch: 1790 lr: 0.01 train_loss: 3382.8730 train_mapscore: 0.8015 time: 0.1699s
INFO:root:Epoch: 1795 lr: 0.01 train_loss: 3382.2754 train_mapscore: 0.8015 time: 0.1662s
INFO:root:Epoch: 1800 lr: 0.01 train_loss: 3381.6787 train_mapscore: 0.8015 time: 0.2701s
INFO:root:Epoch: 1805 lr: 0.01 train_loss: 3381.0872 train_mapscore: 0.8016 time: 0.1589s
INFO:root:Epoch: 1810 lr: 0.01 train_loss: 3380.4993 train_mapscore: 0.8016 time: 0.1365s
INFO:root:Epoch: 1815 lr: 0.01 train_loss: 3379.9143 train_mapscore: 0.8017 time: 0.1865s
INFO:root:Epoch: 1820 lr: 0.01 train_loss: 3379.3345 train_mapscore: 0.8017 time: 0.1430s
INFO:root:Epoch: 1825 lr: 0.01 train_loss: 3378.7576 train_mapscore: 0.8017 time: 0.1223s
INFO:root:Epoch: 1830 lr: 0.01 train_loss: 3378.1704 train_mapscore: 0.8017 time: 0.1378s
INFO:root:Epoch: 1835 lr: 0.01 train_loss: 3377.5811 train_mapscore: 0.8017 time: 0.1515s
INFO:root:Epoch: 1840 lr: 0.01 train_loss: 3376.9924 train_mapscore: 0.8023 time: 0.1381s
INFO:root:Epoch: 1845 lr: 0.01 train_loss: 3376.4084 train_mapscore: 0.8024 time: 0.1508s
INFO:root:Epoch: 1850 lr: 0.01 train_loss: 3375.8242 train_mapscore: 0.8024 time: 0.1357s
INFO:root:Epoch: 1855 lr: 0.01 train_loss: 3375.2419 train_mapscore: 0.8027 time: 0.1373s
INFO:root:Epoch: 1860 lr: 0.01 train_loss: 3374.6655 train_mapscore: 0.8030 time: 0.1564s
INFO:root:Epoch: 1865 lr: 0.01 train_loss: 3374.0989 train_mapscore: 0.8030 time: 0.1640s
INFO:root:Epoch: 1870 lr: 0.01 train_loss: 3373.5332 train_mapscore: 0.8029 time: 0.1551s
INFO:root:Epoch: 1875 lr: 0.01 train_loss: 3372.9709 train_mapscore: 0.8031 time: 0.2374s
INFO:root:Epoch: 1880 lr: 0.01 train_loss: 3372.4092 train_mapscore: 0.8031 time: 0.1531s
INFO:root:Epoch: 1885 lr: 0.01 train_loss: 3371.8494 train_mapscore: 0.8031 time: 0.1493s
INFO:root:Epoch: 1890 lr: 0.01 train_loss: 3371.2876 train_mapscore: 0.8035 time: 0.1457s
INFO:root:Epoch: 1895 lr: 0.01 train_loss: 3370.7261 train_mapscore: 0.8033 time: 0.1488s
INFO:root:Epoch: 1900 lr: 0.01 train_loss: 3370.1619 train_mapscore: 0.8033 time: 0.1334s
INFO:root:Epoch: 1905 lr: 0.01 train_loss: 3369.5930 train_mapscore: 0.8033 time: 0.1712s
INFO:root:Epoch: 1910 lr: 0.01 train_loss: 3369.0178 train_mapscore: 0.8034 time: 0.1429s
INFO:root:Epoch: 1915 lr: 0.01 train_loss: 3368.4380 train_mapscore: 0.8035 time: 0.2308s
INFO:root:Epoch: 1920 lr: 0.01 train_loss: 3367.8491 train_mapscore: 0.8034 time: 0.1462s
INFO:root:Epoch: 1925 lr: 0.01 train_loss: 3367.2505 train_mapscore: 0.8034 time: 0.1441s
INFO:root:Epoch: 1930 lr: 0.01 train_loss: 3366.6421 train_mapscore: 0.8036 time: 0.1663s
INFO:root:Epoch: 1935 lr: 0.01 train_loss: 3366.0225 train_mapscore: 0.8036 time: 0.1361s
INFO:root:Epoch: 1940 lr: 0.01 train_loss: 3365.3962 train_mapscore: 0.8037 time: 0.1415s
INFO:root:Epoch: 1945 lr: 0.01 train_loss: 3364.7725 train_mapscore: 0.8038 time: 0.2010s
INFO:root:Epoch: 1950 lr: 0.01 train_loss: 3364.1555 train_mapscore: 0.8038 time: 0.2428s
INFO:root:Epoch: 1955 lr: 0.01 train_loss: 3363.4448 train_mapscore: 0.8038 time: 0.1241s
INFO:root:Epoch: 1960 lr: 0.01 train_loss: 3362.6443 train_mapscore: 0.8047 time: 0.1376s
INFO:root:Epoch: 1965 lr: 0.01 train_loss: 3361.8318 train_mapscore: 0.8051 time: 0.1398s
INFO:root:Epoch: 1970 lr: 0.01 train_loss: 3361.0088 train_mapscore: 0.8051 time: 0.1384s
INFO:root:Epoch: 1975 lr: 0.01 train_loss: 3360.2122 train_mapscore: 0.8055 time: 0.1920s
INFO:root:Epoch: 1980 lr: 0.01 train_loss: 3359.4441 train_mapscore: 0.8055 time: 0.1323s
INFO:root:Epoch: 1985 lr: 0.01 train_loss: 3358.7087 train_mapscore: 0.8055 time: 0.1323s
INFO:root:Epoch: 1990 lr: 0.01 train_loss: 3358.0037 train_mapscore: 0.8055 time: 0.1352s
INFO:root:Epoch: 1995 lr: 0.01 train_loss: 3357.3267 train_mapscore: 0.8056 time: 0.1415s
INFO:root:Epoch: 2000 lr: 0.01 train_loss: 3356.6831 train_mapscore: 0.8057 time: 0.1545s
INFO:root:Epoch: 2005 lr: 0.01 train_loss: 3356.0579 train_mapscore: 0.8066 time: 0.1475s
INFO:root:Epoch: 2010 lr: 0.01 train_loss: 3355.4546 train_mapscore: 0.8066 time: 0.1473s
INFO:root:Epoch: 2015 lr: 0.01 train_loss: 3354.8716 train_mapscore: 0.8066 time: 0.1449s
INFO:root:Epoch: 2020 lr: 0.01 train_loss: 3354.3032 train_mapscore: 0.8066 time: 0.1428s
INFO:root:Epoch: 2025 lr: 0.01 train_loss: 3353.7517 train_mapscore: 0.8066 time: 0.1494s
INFO:root:Epoch: 2030 lr: 0.01 train_loss: 3353.2158 train_mapscore: 0.8066 time: 0.1406s
INFO:root:Epoch: 2035 lr: 0.01 train_loss: 3352.6917 train_mapscore: 0.8067 time: 0.1226s
INFO:root:Epoch: 2040 lr: 0.01 train_loss: 3352.1804 train_mapscore: 0.8067 time: 0.1922s
INFO:root:Epoch: 2045 lr: 0.01 train_loss: 3351.6807 train_mapscore: 0.8066 time: 0.1352s
INFO:root:Epoch: 2050 lr: 0.01 train_loss: 3351.1902 train_mapscore: 0.8067 time: 0.1361s
INFO:root:Epoch: 2055 lr: 0.01 train_loss: 3350.7112 train_mapscore: 0.8067 time: 0.1395s
INFO:root:Epoch: 2060 lr: 0.01 train_loss: 3350.2419 train_mapscore: 0.8068 time: 0.2416s
INFO:root:Epoch: 2065 lr: 0.01 train_loss: 3349.7808 train_mapscore: 0.8068 time: 0.1358s
INFO:root:Epoch: 2070 lr: 0.01 train_loss: 3349.3286 train_mapscore: 0.8068 time: 0.1545s
INFO:root:Epoch: 2075 lr: 0.01 train_loss: 3348.8838 train_mapscore: 0.8068 time: 0.1493s
INFO:root:Epoch: 2080 lr: 0.01 train_loss: 3348.4475 train_mapscore: 0.8067 time: 0.1459s
INFO:root:Epoch: 2085 lr: 0.01 train_loss: 3348.0210 train_mapscore: 0.8067 time: 0.1945s
INFO:root:Epoch: 2090 lr: 0.01 train_loss: 3347.5999 train_mapscore: 0.8072 time: 0.1568s
INFO:root:Epoch: 2095 lr: 0.01 train_loss: 3347.1848 train_mapscore: 0.8072 time: 0.1261s
INFO:root:Epoch: 2100 lr: 0.01 train_loss: 3346.7771 train_mapscore: 0.8072 time: 0.1383s
INFO:root:Epoch: 2105 lr: 0.01 train_loss: 3346.3779 train_mapscore: 0.8072 time: 0.1375s
INFO:root:Epoch: 2110 lr: 0.01 train_loss: 3345.9832 train_mapscore: 0.8072 time: 0.1411s
INFO:root:Epoch: 2115 lr: 0.01 train_loss: 3345.5942 train_mapscore: 0.8091 time: 0.1394s
INFO:root:Epoch: 2120 lr: 0.01 train_loss: 3345.2102 train_mapscore: 0.8101 time: 0.1362s
INFO:root:Epoch: 2125 lr: 0.01 train_loss: 3344.8311 train_mapscore: 0.8104 time: 0.1375s
INFO:root:Epoch: 2130 lr: 0.01 train_loss: 3344.4583 train_mapscore: 0.8104 time: 0.1438s
INFO:root:Epoch: 2135 lr: 0.01 train_loss: 3344.0884 train_mapscore: 0.8104 time: 0.1379s
INFO:root:Epoch: 2140 lr: 0.01 train_loss: 3343.7234 train_mapscore: 0.8104 time: 0.1453s
INFO:root:Epoch: 2145 lr: 0.01 train_loss: 3343.3606 train_mapscore: 0.8104 time: 0.1515s
INFO:root:Epoch: 2150 lr: 0.01 train_loss: 3343.0054 train_mapscore: 0.8104 time: 0.1488s
INFO:root:Epoch: 2155 lr: 0.01 train_loss: 3342.6519 train_mapscore: 0.8105 time: 0.1498s
INFO:root:Epoch: 2160 lr: 0.01 train_loss: 3342.3037 train_mapscore: 0.8105 time: 0.1477s
INFO:root:Epoch: 2165 lr: 0.01 train_loss: 3341.9590 train_mapscore: 0.8105 time: 0.1494s
INFO:root:Epoch: 2170 lr: 0.01 train_loss: 3341.6199 train_mapscore: 0.8105 time: 0.1362s
INFO:root:Epoch: 2175 lr: 0.01 train_loss: 3341.2822 train_mapscore: 0.8106 time: 0.3731s
INFO:root:Epoch: 2180 lr: 0.01 train_loss: 3340.9502 train_mapscore: 0.8105 time: 0.3553s
INFO:root:Epoch: 2185 lr: 0.01 train_loss: 3340.6204 train_mapscore: 0.8105 time: 0.2281s
INFO:root:Epoch: 2190 lr: 0.01 train_loss: 3340.2957 train_mapscore: 0.8105 time: 0.1398s
INFO:root:Epoch: 2195 lr: 0.01 train_loss: 3339.9729 train_mapscore: 0.8105 time: 0.1427s
INFO:root:Epoch: 2200 lr: 0.01 train_loss: 3339.6560 train_mapscore: 0.8105 time: 0.1350s
INFO:root:Epoch: 2205 lr: 0.01 train_loss: 3339.3403 train_mapscore: 0.8108 time: 0.1350s
INFO:root:Epoch: 2210 lr: 0.01 train_loss: 3339.0286 train_mapscore: 0.8110 time: 0.1408s
INFO:root:Epoch: 2215 lr: 0.01 train_loss: 3338.7207 train_mapscore: 0.8110 time: 0.1640s
INFO:root:Epoch: 2220 lr: 0.01 train_loss: 3338.4158 train_mapscore: 0.8110 time: 0.1347s
INFO:root:Epoch: 2225 lr: 0.01 train_loss: 3338.1138 train_mapscore: 0.8110 time: 0.1711s
INFO:root:Epoch: 2230 lr: 0.01 train_loss: 3337.8149 train_mapscore: 0.8110 time: 0.1430s
INFO:root:Epoch: 2235 lr: 0.01 train_loss: 3337.5186 train_mapscore: 0.8110 time: 0.1405s
INFO:root:Epoch: 2240 lr: 0.01 train_loss: 3337.2263 train_mapscore: 0.8111 time: 0.1399s
INFO:root:Epoch: 2245 lr: 0.01 train_loss: 3336.9368 train_mapscore: 0.8111 time: 0.1790s
INFO:root:Epoch: 2250 lr: 0.01 train_loss: 3336.6497 train_mapscore: 0.8111 time: 0.1354s
INFO:root:Epoch: 2255 lr: 0.01 train_loss: 3336.3662 train_mapscore: 0.8111 time: 0.1398s
INFO:root:Epoch: 2260 lr: 0.01 train_loss: 3336.0845 train_mapscore: 0.8111 time: 0.4083s
INFO:root:Epoch: 2265 lr: 0.01 train_loss: 3335.8057 train_mapscore: 0.8111 time: 0.1382s
INFO:root:Epoch: 2270 lr: 0.01 train_loss: 3335.5305 train_mapscore: 0.8111 time: 0.1435s
INFO:root:Epoch: 2275 lr: 0.01 train_loss: 3335.2581 train_mapscore: 0.8110 time: 0.1530s
INFO:root:Epoch: 2280 lr: 0.01 train_loss: 3334.9873 train_mapscore: 0.8110 time: 0.1524s
INFO:root:Epoch: 2285 lr: 0.01 train_loss: 3334.7195 train_mapscore: 0.8109 time: 0.1512s
INFO:root:Epoch: 2290 lr: 0.01 train_loss: 3334.4539 train_mapscore: 0.8119 time: 0.1469s
INFO:root:Epoch: 2295 lr: 0.01 train_loss: 3334.1931 train_mapscore: 0.8119 time: 0.1815s
INFO:root:Epoch: 2300 lr: 0.01 train_loss: 3333.9312 train_mapscore: 0.8119 time: 0.1489s
INFO:root:Epoch: 2305 lr: 0.01 train_loss: 3333.6726 train_mapscore: 0.8119 time: 0.1265s
INFO:root:Epoch: 2310 lr: 0.01 train_loss: 3333.4165 train_mapscore: 0.8119 time: 0.1585s
INFO:root:Epoch: 2315 lr: 0.01 train_loss: 3333.1628 train_mapscore: 0.8120 time: 0.1385s
INFO:root:Epoch: 2320 lr: 0.01 train_loss: 3332.9119 train_mapscore: 0.8121 time: 0.1426s
INFO:root:Epoch: 2325 lr: 0.01 train_loss: 3332.6636 train_mapscore: 0.8123 time: 0.1470s
INFO:root:Epoch: 2330 lr: 0.01 train_loss: 3332.4182 train_mapscore: 0.8123 time: 0.1455s
INFO:root:Epoch: 2335 lr: 0.01 train_loss: 3332.1753 train_mapscore: 0.8123 time: 0.1455s
INFO:root:Epoch: 2340 lr: 0.01 train_loss: 3331.9331 train_mapscore: 0.8123 time: 0.1361s
INFO:root:Epoch: 2345 lr: 0.01 train_loss: 3331.5771 train_mapscore: 0.8133 time: 0.1347s
INFO:root:Epoch: 2350 lr: 0.01 train_loss: 3331.1375 train_mapscore: 0.8133 time: 0.1788s
INFO:root:Epoch: 2355 lr: 0.01 train_loss: 3330.7849 train_mapscore: 0.8133 time: 0.2151s
INFO:root:Epoch: 2360 lr: 0.01 train_loss: 3330.4263 train_mapscore: 0.8132 time: 0.2374s
INFO:root:Epoch: 2365 lr: 0.01 train_loss: 3330.0784 train_mapscore: 0.8132 time: 0.1228s
INFO:root:Epoch: 2370 lr: 0.01 train_loss: 3329.7551 train_mapscore: 0.8132 time: 0.1394s
INFO:root:Epoch: 2375 lr: 0.01 train_loss: 3329.4399 train_mapscore: 0.8132 time: 0.1391s
INFO:root:Epoch: 2380 lr: 0.01 train_loss: 3329.1306 train_mapscore: 0.8131 time: 0.1387s
INFO:root:Epoch: 2385 lr: 0.01 train_loss: 3328.8301 train_mapscore: 0.8128 time: 0.1404s
INFO:root:Epoch: 2390 lr: 0.01 train_loss: 3328.5378 train_mapscore: 0.8128 time: 0.1405s
INFO:root:Epoch: 2395 lr: 0.01 train_loss: 3328.2524 train_mapscore: 0.8128 time: 0.1364s
INFO:root:Epoch: 2400 lr: 0.01 train_loss: 3327.9729 train_mapscore: 0.8129 time: 0.1374s
INFO:root:Epoch: 2405 lr: 0.01 train_loss: 3327.6992 train_mapscore: 0.8120 time: 0.1421s
INFO:root:Epoch: 2410 lr: 0.01 train_loss: 3327.4314 train_mapscore: 0.8111 time: 0.1416s
INFO:root:Epoch: 2415 lr: 0.01 train_loss: 3327.1692 train_mapscore: 0.8111 time: 0.1483s
INFO:root:Epoch: 2420 lr: 0.01 train_loss: 3326.9092 train_mapscore: 0.8111 time: 0.1468s
INFO:root:Epoch: 2425 lr: 0.01 train_loss: 3326.6545 train_mapscore: 0.8111 time: 0.1483s
INFO:root:Epoch: 2430 lr: 0.01 train_loss: 3326.4036 train_mapscore: 0.8111 time: 0.1498s
INFO:root:Epoch: 2435 lr: 0.01 train_loss: 3326.1567 train_mapscore: 0.8111 time: 0.1456s
INFO:root:Epoch: 2440 lr: 0.01 train_loss: 3325.9114 train_mapscore: 0.8114 time: 0.1458s
INFO:root:Epoch: 2445 lr: 0.01 train_loss: 3325.6702 train_mapscore: 0.8119 time: 0.1462s
INFO:root:Epoch: 2450 lr: 0.01 train_loss: 3325.4312 train_mapscore: 0.8119 time: 0.1420s
INFO:root:Epoch: 2455 lr: 0.01 train_loss: 3325.1973 train_mapscore: 0.8129 time: 0.1421s
INFO:root:Epoch: 2460 lr: 0.01 train_loss: 3324.9629 train_mapscore: 0.8129 time: 0.1534s
INFO:root:Epoch: 2465 lr: 0.01 train_loss: 3324.7317 train_mapscore: 0.8139 time: 0.1436s
INFO:root:Epoch: 2470 lr: 0.01 train_loss: 3324.5029 train_mapscore: 0.8138 time: 0.1455s
INFO:root:Epoch: 2475 lr: 0.01 train_loss: 3324.2776 train_mapscore: 0.8137 time: 0.1636s
INFO:root:Epoch: 2480 lr: 0.01 train_loss: 3324.0544 train_mapscore: 0.8139 time: 0.1396s
INFO:root:Epoch: 2485 lr: 0.01 train_loss: 3323.8342 train_mapscore: 0.8139 time: 0.1418s
INFO:root:Epoch: 2490 lr: 0.01 train_loss: 3323.6147 train_mapscore: 0.8140 time: 0.1502s
INFO:root:Epoch: 2495 lr: 0.01 train_loss: 3323.3972 train_mapscore: 0.8145 time: 0.1395s
INFO:root:Epoch: 2500 lr: 0.01 train_loss: 3323.1738 train_mapscore: 0.8145 time: 0.1368s
INFO:root:Epoch: 2505 lr: 0.01 train_loss: 3322.9346 train_mapscore: 0.8140 time: 0.1383s
INFO:root:Epoch: 2510 lr: 0.01 train_loss: 3322.6943 train_mapscore: 0.8144 time: 0.1359s
INFO:root:Epoch: 2515 lr: 0.01 train_loss: 3322.4590 train_mapscore: 0.8140 time: 0.1351s
INFO:root:Epoch: 2520 lr: 0.01 train_loss: 3322.2314 train_mapscore: 0.8145 time: 0.1357s
INFO:root:Epoch: 2525 lr: 0.01 train_loss: 3322.0110 train_mapscore: 0.8144 time: 0.1376s
INFO:root:Epoch: 2530 lr: 0.01 train_loss: 3321.7944 train_mapscore: 0.8128 time: 0.1336s
INFO:root:Epoch: 2535 lr: 0.01 train_loss: 3321.5823 train_mapscore: 0.8128 time: 0.1497s
INFO:root:Epoch: 2540 lr: 0.01 train_loss: 3321.3738 train_mapscore: 0.8127 time: 0.1447s
INFO:root:Epoch: 2545 lr: 0.01 train_loss: 3321.1672 train_mapscore: 0.8127 time: 0.1478s
INFO:root:Epoch: 2550 lr: 0.01 train_loss: 3320.9622 train_mapscore: 0.8127 time: 0.1467s
INFO:root:Epoch: 2555 lr: 0.01 train_loss: 3320.7605 train_mapscore: 0.8127 time: 0.1600s
INFO:root:Epoch: 2560 lr: 0.01 train_loss: 3320.5596 train_mapscore: 0.8132 time: 0.1480s
INFO:root:Epoch: 2565 lr: 0.01 train_loss: 3320.3589 train_mapscore: 0.8132 time: 0.1260s
INFO:root:Epoch: 2570 lr: 0.01 train_loss: 3320.1604 train_mapscore: 0.8134 time: 0.2356s
INFO:root:Epoch: 2575 lr: 0.01 train_loss: 3319.9641 train_mapscore: 0.8129 time: 0.1430s
INFO:root:Epoch: 2580 lr: 0.01 train_loss: 3319.7698 train_mapscore: 0.8133 time: 0.1614s
INFO:root:Epoch: 2585 lr: 0.01 train_loss: 3319.5771 train_mapscore: 0.8138 time: 0.1542s
INFO:root:Epoch: 2590 lr: 0.01 train_loss: 3319.3845 train_mapscore: 0.8133 time: 0.1789s
INFO:root:Epoch: 2595 lr: 0.01 train_loss: 3319.1953 train_mapscore: 0.8134 time: 0.2276s
INFO:root:Epoch: 2600 lr: 0.01 train_loss: 3319.0076 train_mapscore: 0.8138 time: 0.1342s
INFO:root:Epoch: 2605 lr: 0.01 train_loss: 3318.8210 train_mapscore: 0.8142 time: 0.1646s
INFO:root:Epoch: 2610 lr: 0.01 train_loss: 3318.6365 train_mapscore: 0.8142 time: 0.1246s
INFO:root:Epoch: 2615 lr: 0.01 train_loss: 3318.4519 train_mapscore: 0.8137 time: 0.1413s
INFO:root:Epoch: 2620 lr: 0.01 train_loss: 3318.2690 train_mapscore: 0.8142 time: 0.1410s
INFO:root:Epoch: 2625 lr: 0.01 train_loss: 3318.0867 train_mapscore: 0.8137 time: 0.1413s
INFO:root:Epoch: 2630 lr: 0.01 train_loss: 3317.9062 train_mapscore: 0.8135 time: 0.1418s
INFO:root:Epoch: 2635 lr: 0.01 train_loss: 3317.7283 train_mapscore: 0.8140 time: 0.1386s
INFO:root:Epoch: 2640 lr: 0.01 train_loss: 3317.5503 train_mapscore: 0.8135 time: 0.1388s
INFO:root:Epoch: 2645 lr: 0.01 train_loss: 3317.3696 train_mapscore: 0.8142 time: 0.1493s
INFO:root:Epoch: 2650 lr: 0.01 train_loss: 3317.1284 train_mapscore: 0.8136 time: 0.1370s
INFO:root:Epoch: 2655 lr: 0.01 train_loss: 3316.7688 train_mapscore: 0.8142 time: 0.2857s
INFO:root:Epoch: 2660 lr: 0.01 train_loss: 3316.1731 train_mapscore: 0.8137 time: 0.1483s
INFO:root:Epoch: 2665 lr: 0.01 train_loss: 3315.2122 train_mapscore: 0.8153 time: 0.1539s
INFO:root:Epoch: 2670 lr: 0.01 train_loss: 3313.9050 train_mapscore: 0.8154 time: 0.1456s
INFO:root:Epoch: 2675 lr: 0.01 train_loss: 3312.5354 train_mapscore: 0.8156 time: 0.1423s
INFO:root:Epoch: 2680 lr: 0.01 train_loss: 3311.4470 train_mapscore: 0.8157 time: 0.1612s
INFO:root:Epoch: 2685 lr: 0.01 train_loss: 3310.6860 train_mapscore: 0.8145 time: 0.1269s
INFO:root:Epoch: 2690 lr: 0.01 train_loss: 3310.1694 train_mapscore: 0.8155 time: 0.2581s
INFO:root:Epoch: 2695 lr: 0.01 train_loss: 3309.6594 train_mapscore: 0.8149 time: 0.1734s
INFO:root:Epoch: 2700 lr: 0.01 train_loss: 3309.1121 train_mapscore: 0.8169 time: 0.2726s
INFO:root:Epoch: 2705 lr: 0.01 train_loss: 3308.5764 train_mapscore: 0.8170 time: 0.1682s
INFO:root:Epoch: 2710 lr: 0.01 train_loss: 3308.0779 train_mapscore: 0.8170 time: 0.2159s
INFO:root:Epoch: 2715 lr: 0.01 train_loss: 3307.6016 train_mapscore: 0.8173 time: 0.1374s
INFO:root:Epoch: 2720 lr: 0.01 train_loss: 3306.7700 train_mapscore: 0.8172 time: 0.1416s
INFO:root:Epoch: 2725 lr: 0.01 train_loss: 3306.1074 train_mapscore: 0.8173 time: 0.1283s
INFO:root:Epoch: 2730 lr: 0.01 train_loss: 3305.3872 train_mapscore: 0.8175 time: 0.1381s
INFO:root:Epoch: 2735 lr: 0.01 train_loss: 3304.7000 train_mapscore: 0.8174 time: 0.1397s
INFO:root:Epoch: 2740 lr: 0.01 train_loss: 3304.0242 train_mapscore: 0.8172 time: 0.1390s
INFO:root:Epoch: 2745 lr: 0.01 train_loss: 3303.3420 train_mapscore: 0.8174 time: 0.1389s
INFO:root:Epoch: 2750 lr: 0.01 train_loss: 3302.6633 train_mapscore: 0.8174 time: 0.1388s
INFO:root:Epoch: 2755 lr: 0.01 train_loss: 3301.9910 train_mapscore: 0.8174 time: 0.1382s
INFO:root:Epoch: 2760 lr: 0.01 train_loss: 3301.3264 train_mapscore: 0.8174 time: 0.1361s
INFO:root:Epoch: 2765 lr: 0.01 train_loss: 3300.6665 train_mapscore: 0.8175 time: 0.1451s
INFO:root:Epoch: 2770 lr: 0.01 train_loss: 3300.0134 train_mapscore: 0.8175 time: 0.1399s
INFO:root:Epoch: 2775 lr: 0.01 train_loss: 3299.3708 train_mapscore: 0.8175 time: 0.1472s
INFO:root:Epoch: 2780 lr: 0.01 train_loss: 3298.7444 train_mapscore: 0.8175 time: 0.1519s
INFO:root:Epoch: 2785 lr: 0.01 train_loss: 3298.1394 train_mapscore: 0.8176 time: 0.1474s
INFO:root:Epoch: 2790 lr: 0.01 train_loss: 3297.5637 train_mapscore: 0.8177 time: 0.1476s
INFO:root:Epoch: 2795 lr: 0.01 train_loss: 3297.0198 train_mapscore: 0.8184 time: 0.1516s
INFO:root:Epoch: 2800 lr: 0.01 train_loss: 3296.5073 train_mapscore: 0.8189 time: 0.1396s
INFO:root:Epoch: 2805 lr: 0.01 train_loss: 3296.0232 train_mapscore: 0.8188 time: 0.1290s
INFO:root:Epoch: 2810 lr: 0.01 train_loss: 3295.5723 train_mapscore: 0.8189 time: 0.1922s
INFO:root:Epoch: 2815 lr: 0.01 train_loss: 3295.1421 train_mapscore: 0.8189 time: 0.1343s
INFO:root:Epoch: 2820 lr: 0.01 train_loss: 3294.7278 train_mapscore: 0.8189 time: 0.1388s
INFO:root:Epoch: 2825 lr: 0.01 train_loss: 3294.3242 train_mapscore: 0.8189 time: 0.1497s
INFO:root:Epoch: 2830 lr: 0.01 train_loss: 3293.9304 train_mapscore: 0.8188 time: 0.1319s
INFO:root:Epoch: 2835 lr: 0.01 train_loss: 3293.5452 train_mapscore: 0.8189 time: 0.1582s
INFO:root:Epoch: 2840 lr: 0.01 train_loss: 3293.1670 train_mapscore: 0.8188 time: 0.1446s
INFO:root:Epoch: 2845 lr: 0.01 train_loss: 3292.7949 train_mapscore: 0.8188 time: 0.1434s
INFO:root:Epoch: 2850 lr: 0.01 train_loss: 3292.4272 train_mapscore: 0.8188 time: 0.1388s
INFO:root:Epoch: 2855 lr: 0.01 train_loss: 3292.0642 train_mapscore: 0.8188 time: 0.1399s
INFO:root:Epoch: 2860 lr: 0.01 train_loss: 3291.7053 train_mapscore: 0.8188 time: 0.1381s
INFO:root:Epoch: 2865 lr: 0.01 train_loss: 3291.3457 train_mapscore: 0.8189 time: 0.1362s
INFO:root:Epoch: 2870 lr: 0.01 train_loss: 3290.9873 train_mapscore: 0.8188 time: 0.1364s
INFO:root:Epoch: 2875 lr: 0.01 train_loss: 3290.6255 train_mapscore: 0.8189 time: 0.1372s
INFO:root:Epoch: 2880 lr: 0.01 train_loss: 3290.2620 train_mapscore: 0.8189 time: 0.1365s
INFO:root:Epoch: 2885 lr: 0.01 train_loss: 3289.8984 train_mapscore: 0.8186 time: 0.1360s
INFO:root:Epoch: 2890 lr: 0.01 train_loss: 3289.5356 train_mapscore: 0.8185 time: 0.1360s
INFO:root:Epoch: 2895 lr: 0.01 train_loss: 3289.1750 train_mapscore: 0.8185 time: 0.1513s
INFO:root:Epoch: 2900 lr: 0.01 train_loss: 3288.8171 train_mapscore: 0.8187 time: 0.1486s
INFO:root:Epoch: 2905 lr: 0.01 train_loss: 3288.4631 train_mapscore: 0.8185 time: 0.1503s
INFO:root:Epoch: 2910 lr: 0.01 train_loss: 3288.1140 train_mapscore: 0.8185 time: 0.1500s
INFO:root:Epoch: 2915 lr: 0.01 train_loss: 3287.7703 train_mapscore: 0.8187 time: 0.1502s
INFO:root:Epoch: 2920 lr: 0.01 train_loss: 3287.4336 train_mapscore: 0.8187 time: 0.1486s
INFO:root:Epoch: 2925 lr: 0.01 train_loss: 3287.1021 train_mapscore: 0.8187 time: 0.1376s
INFO:root:Epoch: 2930 lr: 0.01 train_loss: 3286.7771 train_mapscore: 0.8188 time: 0.1215s
INFO:root:Epoch: 2935 lr: 0.01 train_loss: 3286.4568 train_mapscore: 0.8188 time: 0.1206s
INFO:root:Epoch: 2940 lr: 0.01 train_loss: 3286.1423 train_mapscore: 0.8188 time: 0.1468s
INFO:root:Epoch: 2945 lr: 0.01 train_loss: 3285.8313 train_mapscore: 0.8187 time: 0.1465s
INFO:root:Epoch: 2950 lr: 0.01 train_loss: 3285.5264 train_mapscore: 0.8188 time: 0.1465s
INFO:root:Epoch: 2955 lr: 0.01 train_loss: 3285.2246 train_mapscore: 0.8188 time: 0.1465s
INFO:root:Epoch: 2960 lr: 0.01 train_loss: 3284.9277 train_mapscore: 0.8189 time: 0.1517s
INFO:root:Epoch: 2965 lr: 0.01 train_loss: 3284.6331 train_mapscore: 0.8189 time: 0.1473s
INFO:root:Epoch: 2970 lr: 0.01 train_loss: 3284.3440 train_mapscore: 0.8189 time: 0.1468s
INFO:root:Epoch: 2975 lr: 0.01 train_loss: 3284.0581 train_mapscore: 0.8189 time: 0.2113s
INFO:root:Epoch: 2980 lr: 0.01 train_loss: 3283.7769 train_mapscore: 0.8189 time: 0.1671s
INFO:root:Epoch: 2985 lr: 0.01 train_loss: 3283.4993 train_mapscore: 0.8176 time: 0.2514s
INFO:root:Epoch: 2990 lr: 0.01 train_loss: 3283.2244 train_mapscore: 0.8174 time: 0.1650s
INFO:root:Epoch: 2995 lr: 0.01 train_loss: 3282.9524 train_mapscore: 0.8174 time: 0.2684s
INFO:root:Epoch: 3000 lr: 0.01 train_loss: 3282.6860 train_mapscore: 0.8175 time: 0.1447s
INFO:root:Epoch: 3005 lr: 0.01 train_loss: 3282.4224 train_mapscore: 0.8175 time: 0.1564s
INFO:root:Epoch: 3010 lr: 0.01 train_loss: 3282.1614 train_mapscore: 0.8171 time: 0.2853s
INFO:root:Epoch: 3015 lr: 0.01 train_loss: 3281.9041 train_mapscore: 0.8171 time: 0.1340s
INFO:root:Epoch: 3020 lr: 0.01 train_loss: 3281.6506 train_mapscore: 0.8171 time: 0.2647s
INFO:root:Epoch: 3025 lr: 0.01 train_loss: 3281.4001 train_mapscore: 0.8171 time: 0.1885s
INFO:root:Epoch: 3030 lr: 0.01 train_loss: 3281.1528 train_mapscore: 0.8171 time: 0.1456s
INFO:root:Epoch: 3035 lr: 0.01 train_loss: 3280.9087 train_mapscore: 0.8171 time: 0.1363s
INFO:root:Epoch: 3040 lr: 0.01 train_loss: 3280.6672 train_mapscore: 0.8171 time: 0.3871s
INFO:root:Epoch: 3045 lr: 0.01 train_loss: 3280.4292 train_mapscore: 0.8171 time: 0.1802s
INFO:root:Epoch: 3050 lr: 0.01 train_loss: 3280.1929 train_mapscore: 0.8170 time: 0.1330s
INFO:root:Epoch: 3055 lr: 0.01 train_loss: 3279.9600 train_mapscore: 0.8170 time: 0.1564s
INFO:root:Epoch: 3060 lr: 0.01 train_loss: 3279.7283 train_mapscore: 0.8173 time: 0.1934s
INFO:root:Epoch: 3065 lr: 0.01 train_loss: 3279.4993 train_mapscore: 0.8172 time: 0.1953s
INFO:root:Epoch: 3070 lr: 0.01 train_loss: 3279.1953 train_mapscore: 0.8173 time: 0.1281s
INFO:root:Epoch: 3075 lr: 0.01 train_loss: 3278.9629 train_mapscore: 0.8173 time: 0.1218s
INFO:root:Epoch: 3080 lr: 0.01 train_loss: 3278.7332 train_mapscore: 0.8172 time: 0.1344s
INFO:root:Epoch: 3085 lr: 0.01 train_loss: 3278.5046 train_mapscore: 0.8174 time: 0.1348s
INFO:root:Epoch: 3090 lr: 0.01 train_loss: 3278.2886 train_mapscore: 0.8175 time: 0.1366s
INFO:root:Epoch: 3095 lr: 0.01 train_loss: 3278.0671 train_mapscore: 0.8175 time: 0.1935s
INFO:root:Epoch: 3100 lr: 0.01 train_loss: 3277.8516 train_mapscore: 0.8175 time: 0.1375s
INFO:root:Epoch: 3105 lr: 0.01 train_loss: 3277.6394 train_mapscore: 0.8175 time: 0.1351s
INFO:root:Epoch: 3110 lr: 0.01 train_loss: 3277.4294 train_mapscore: 0.8175 time: 0.1353s
INFO:root:Epoch: 3115 lr: 0.01 train_loss: 3277.2217 train_mapscore: 0.8176 time: 0.1492s
INFO:root:Epoch: 3120 lr: 0.01 train_loss: 3277.0164 train_mapscore: 0.8176 time: 0.1361s
INFO:root:Epoch: 3125 lr: 0.01 train_loss: 3276.8127 train_mapscore: 0.8176 time: 0.1400s
INFO:root:Epoch: 3130 lr: 0.01 train_loss: 3276.6104 train_mapscore: 0.8177 time: 0.1299s
INFO:root:Epoch: 3135 lr: 0.01 train_loss: 3276.4092 train_mapscore: 0.8176 time: 0.1386s
INFO:root:Epoch: 3140 lr: 0.01 train_loss: 3276.2112 train_mapscore: 0.8177 time: 0.1412s
INFO:root:Epoch: 3145 lr: 0.01 train_loss: 3276.0093 train_mapscore: 0.8175 time: 0.1362s
INFO:root:Epoch: 3150 lr: 0.01 train_loss: 3275.8110 train_mapscore: 0.8175 time: 0.1361s
INFO:root:Epoch: 3155 lr: 0.01 train_loss: 3275.6187 train_mapscore: 0.8176 time: 0.1357s
INFO:root:Epoch: 3160 lr: 0.01 train_loss: 3275.4265 train_mapscore: 0.8176 time: 0.1383s
INFO:root:Epoch: 3165 lr: 0.01 train_loss: 3275.2373 train_mapscore: 0.8176 time: 0.1443s
INFO:root:Epoch: 3170 lr: 0.01 train_loss: 3275.0496 train_mapscore: 0.8175 time: 0.1363s
INFO:root:Epoch: 3175 lr: 0.01 train_loss: 3274.8381 train_mapscore: 0.8174 time: 0.1347s
INFO:root:Epoch: 3180 lr: 0.01 train_loss: 3274.5674 train_mapscore: 0.8174 time: 0.1386s
INFO:root:Epoch: 3185 lr: 0.01 train_loss: 3274.3933 train_mapscore: 0.8174 time: 0.1407s
INFO:root:Epoch: 3190 lr: 0.01 train_loss: 3274.1978 train_mapscore: 0.8174 time: 0.1432s
INFO:root:Epoch: 3195 lr: 0.01 train_loss: 3274.0127 train_mapscore: 0.8175 time: 0.1367s
INFO:root:Epoch: 3200 lr: 0.01 train_loss: 3273.8337 train_mapscore: 0.8175 time: 0.1366s
INFO:root:Epoch: 3205 lr: 0.01 train_loss: 3273.6567 train_mapscore: 0.8175 time: 0.1372s
INFO:root:Epoch: 3210 lr: 0.01 train_loss: 3273.4807 train_mapscore: 0.8175 time: 0.1405s
INFO:root:Epoch: 3215 lr: 0.01 train_loss: 3273.3081 train_mapscore: 0.8175 time: 0.1415s
INFO:root:Epoch: 3220 lr: 0.01 train_loss: 3273.1370 train_mapscore: 0.8175 time: 0.1487s
INFO:root:Epoch: 3225 lr: 0.01 train_loss: 3272.9690 train_mapscore: 0.8175 time: 0.1474s
INFO:root:Epoch: 3230 lr: 0.01 train_loss: 3272.8010 train_mapscore: 0.8175 time: 0.1497s
INFO:root:Epoch: 3235 lr: 0.01 train_loss: 3272.6348 train_mapscore: 0.8175 time: 0.1498s
INFO:root:Epoch: 3240 lr: 0.01 train_loss: 3272.4712 train_mapscore: 0.8177 time: 0.1518s
INFO:root:Epoch: 3245 lr: 0.01 train_loss: 3272.3098 train_mapscore: 0.8178 time: 0.1469s
INFO:root:Epoch: 3250 lr: 0.01 train_loss: 3272.1492 train_mapscore: 0.8180 time: 0.1498s
INFO:root:Epoch: 3255 lr: 0.01 train_loss: 3271.9902 train_mapscore: 0.8180 time: 0.1508s
INFO:root:Epoch: 3260 lr: 0.01 train_loss: 3271.8330 train_mapscore: 0.8180 time: 0.1514s
INFO:root:Epoch: 3265 lr: 0.01 train_loss: 3271.6780 train_mapscore: 0.8180 time: 0.1519s
INFO:root:Epoch: 3270 lr: 0.01 train_loss: 3271.5242 train_mapscore: 0.8177 time: 0.1514s
INFO:root:Epoch: 3275 lr: 0.01 train_loss: 3271.3694 train_mapscore: 0.8172 time: 0.1528s
INFO:root:Epoch: 3280 lr: 0.01 train_loss: 3271.2180 train_mapscore: 0.8173 time: 0.1493s
INFO:root:Epoch: 3285 lr: 0.01 train_loss: 3271.0676 train_mapscore: 0.8174 time: 0.1516s
INFO:root:Epoch: 3290 lr: 0.01 train_loss: 3270.9189 train_mapscore: 0.8174 time: 0.1515s
INFO:root:Epoch: 3295 lr: 0.01 train_loss: 3270.7651 train_mapscore: 0.8175 time: 0.1515s
INFO:root:Epoch: 3300 lr: 0.01 train_loss: 3270.5908 train_mapscore: 0.8175 time: 0.1521s
INFO:root:Epoch: 3305 lr: 0.01 train_loss: 3270.2583 train_mapscore: 0.8175 time: 0.1474s
INFO:root:Epoch: 3310 lr: 0.01 train_loss: 3269.8989 train_mapscore: 0.8175 time: 0.1336s
INFO:root:Epoch: 3315 lr: 0.01 train_loss: 3269.5518 train_mapscore: 0.8175 time: 0.1293s
INFO:root:Epoch: 3320 lr: 0.01 train_loss: 3269.2424 train_mapscore: 0.8174 time: 0.1265s
INFO:root:Epoch: 3325 lr: 0.01 train_loss: 3268.9734 train_mapscore: 0.8174 time: 0.1255s
INFO:root:Epoch: 3330 lr: 0.01 train_loss: 3268.7380 train_mapscore: 0.8174 time: 0.1346s
INFO:root:Epoch: 3335 lr: 0.01 train_loss: 3268.5261 train_mapscore: 0.8174 time: 0.1608s
INFO:root:Epoch: 3340 lr: 0.01 train_loss: 3268.3291 train_mapscore: 0.8175 time: 0.1883s
INFO:root:Epoch: 3345 lr: 0.01 train_loss: 3268.1436 train_mapscore: 0.8175 time: 0.2075s
INFO:root:Epoch: 3350 lr: 0.01 train_loss: 3267.9658 train_mapscore: 0.8175 time: 0.1479s
INFO:root:Epoch: 3355 lr: 0.01 train_loss: 3267.7944 train_mapscore: 0.8175 time: 0.1969s
INFO:root:Epoch: 3360 lr: 0.01 train_loss: 3267.6279 train_mapscore: 0.8177 time: 0.1485s
INFO:root:Epoch: 3365 lr: 0.01 train_loss: 3267.4670 train_mapscore: 0.8176 time: 0.1648s
INFO:root:Epoch: 3370 lr: 0.01 train_loss: 3267.3042 train_mapscore: 0.8177 time: 0.1401s
INFO:root:Epoch: 3375 lr: 0.01 train_loss: 3267.1443 train_mapscore: 0.8178 time: 0.1658s
INFO:root:Epoch: 3380 lr: 0.01 train_loss: 3266.9810 train_mapscore: 0.8178 time: 0.1477s
INFO:root:Epoch: 3385 lr: 0.01 train_loss: 3266.8108 train_mapscore: 0.8177 time: 0.1538s
INFO:root:Epoch: 3390 lr: 0.01 train_loss: 3266.6499 train_mapscore: 0.8177 time: 0.2439s
INFO:root:Epoch: 3395 lr: 0.01 train_loss: 3266.5000 train_mapscore: 0.8176 time: 0.1730s
INFO:root:Epoch: 3400 lr: 0.01 train_loss: 3266.3555 train_mapscore: 0.8176 time: 0.2409s
INFO:root:Epoch: 3405 lr: 0.01 train_loss: 3266.1614 train_mapscore: 0.8177 time: 0.1368s
INFO:root:Epoch: 3410 lr: 0.01 train_loss: 3265.9763 train_mapscore: 0.8177 time: 0.2285s
INFO:root:Epoch: 3415 lr: 0.01 train_loss: 3265.8208 train_mapscore: 0.8191 time: 0.2343s
INFO:root:Epoch: 3420 lr: 0.01 train_loss: 3265.6782 train_mapscore: 0.8191 time: 0.1229s
INFO:root:Epoch: 3425 lr: 0.01 train_loss: 3265.5381 train_mapscore: 0.8192 time: 0.1228s
INFO:root:Epoch: 3430 lr: 0.01 train_loss: 3265.3999 train_mapscore: 0.8192 time: 0.1504s
INFO:root:Epoch: 3435 lr: 0.01 train_loss: 3265.2646 train_mapscore: 0.8192 time: 0.3107s
INFO:root:Epoch: 3440 lr: 0.01 train_loss: 3265.1316 train_mapscore: 0.8191 time: 0.1371s
INFO:root:Epoch: 3445 lr: 0.01 train_loss: 3264.9990 train_mapscore: 0.8192 time: 0.1364s
INFO:root:Epoch: 3450 lr: 0.01 train_loss: 3264.8701 train_mapscore: 0.8192 time: 0.1517s
INFO:root:Epoch: 3455 lr: 0.01 train_loss: 3264.7412 train_mapscore: 0.8192 time: 0.1453s
INFO:root:Epoch: 3460 lr: 0.01 train_loss: 3264.6125 train_mapscore: 0.8192 time: 0.1342s
INFO:root:Epoch: 3465 lr: 0.01 train_loss: 3264.4858 train_mapscore: 0.8192 time: 0.1375s
INFO:root:Epoch: 3470 lr: 0.01 train_loss: 3264.3618 train_mapscore: 0.8192 time: 0.1353s
INFO:root:Epoch: 3475 lr: 0.01 train_loss: 3264.2388 train_mapscore: 0.8192 time: 0.1388s
INFO:root:Epoch: 3480 lr: 0.01 train_loss: 3264.1172 train_mapscore: 0.8192 time: 0.1396s
INFO:root:Epoch: 3485 lr: 0.01 train_loss: 3263.9958 train_mapscore: 0.8192 time: 0.1432s
INFO:root:Epoch: 3490 lr: 0.01 train_loss: 3263.8750 train_mapscore: 0.8192 time: 0.1407s
INFO:root:Epoch: 3495 lr: 0.01 train_loss: 3263.7537 train_mapscore: 0.8192 time: 0.1482s
INFO:root:Epoch: 3500 lr: 0.01 train_loss: 3263.6355 train_mapscore: 0.8193 time: 0.1333s
INFO:root:Epoch: 3505 lr: 0.01 train_loss: 3263.5186 train_mapscore: 0.8193 time: 0.1330s
INFO:root:Epoch: 3510 lr: 0.01 train_loss: 3263.4031 train_mapscore: 0.8191 time: 0.1355s
INFO:root:Epoch: 3515 lr: 0.01 train_loss: 3263.2903 train_mapscore: 0.8192 time: 0.1411s
INFO:root:Epoch: 3520 lr: 0.01 train_loss: 3263.1768 train_mapscore: 0.8192 time: 0.1445s
INFO:root:Epoch: 3525 lr: 0.01 train_loss: 3263.0659 train_mapscore: 0.8192 time: 0.1410s
INFO:root:Epoch: 3530 lr: 0.01 train_loss: 3262.9553 train_mapscore: 0.8192 time: 0.1336s
INFO:root:Epoch: 3535 lr: 0.01 train_loss: 3262.8474 train_mapscore: 0.8192 time: 0.1331s
INFO:root:Epoch: 3540 lr: 0.01 train_loss: 3262.7388 train_mapscore: 0.8192 time: 0.1432s
INFO:root:Epoch: 3545 lr: 0.01 train_loss: 3262.6316 train_mapscore: 0.8191 time: 0.1518s
INFO:root:Epoch: 3550 lr: 0.01 train_loss: 3262.5266 train_mapscore: 0.8191 time: 0.1449s
INFO:root:Epoch: 3555 lr: 0.01 train_loss: 3262.4209 train_mapscore: 0.8191 time: 0.1418s
INFO:root:Epoch: 3560 lr: 0.01 train_loss: 3262.3171 train_mapscore: 0.8191 time: 0.1444s
INFO:root:Epoch: 3565 lr: 0.01 train_loss: 3262.2139 train_mapscore: 0.8191 time: 0.1557s
INFO:root:Epoch: 3570 lr: 0.01 train_loss: 3262.1118 train_mapscore: 0.8191 time: 0.1501s
INFO:root:Epoch: 3575 lr: 0.01 train_loss: 3262.0110 train_mapscore: 0.8193 time: 0.1583s
INFO:root:Epoch: 3580 lr: 0.01 train_loss: 3261.9067 train_mapscore: 0.8193 time: 0.1526s
INFO:root:Epoch: 3585 lr: 0.01 train_loss: 3261.7913 train_mapscore: 0.8192 time: 0.1482s
INFO:root:Epoch: 3590 lr: 0.01 train_loss: 3261.6785 train_mapscore: 0.8192 time: 0.1477s
INFO:root:Epoch: 3595 lr: 0.01 train_loss: 3261.5725 train_mapscore: 0.8192 time: 0.1487s
INFO:root:Epoch: 3600 lr: 0.01 train_loss: 3261.4678 train_mapscore: 0.8192 time: 0.1504s
INFO:root:Epoch: 3605 lr: 0.01 train_loss: 3261.3625 train_mapscore: 0.8192 time: 0.1525s
INFO:root:Epoch: 3610 lr: 0.01 train_loss: 3261.2595 train_mapscore: 0.8192 time: 0.1524s
INFO:root:Epoch: 3615 lr: 0.01 train_loss: 3261.1580 train_mapscore: 0.8192 time: 0.1499s
INFO:root:Epoch: 3620 lr: 0.01 train_loss: 3261.0569 train_mapscore: 0.8192 time: 0.1504s
INFO:root:Epoch: 3625 lr: 0.01 train_loss: 3260.9573 train_mapscore: 0.8187 time: 0.1564s
INFO:root:Epoch: 3630 lr: 0.01 train_loss: 3260.8591 train_mapscore: 0.8188 time: 0.1480s
INFO:root:Epoch: 3635 lr: 0.01 train_loss: 3260.7646 train_mapscore: 0.8188 time: 0.1494s
INFO:root:Epoch: 3640 lr: 0.01 train_loss: 3260.6667 train_mapscore: 0.8202 time: 0.1555s
INFO:root:Epoch: 3645 lr: 0.01 train_loss: 3260.5713 train_mapscore: 0.8202 time: 0.1346s
INFO:root:Epoch: 3650 lr: 0.01 train_loss: 3260.4766 train_mapscore: 0.8202 time: 0.1462s
INFO:root:Epoch: 3655 lr: 0.01 train_loss: 3260.3833 train_mapscore: 0.8202 time: 0.1491s
INFO:root:Epoch: 3660 lr: 0.01 train_loss: 3260.2913 train_mapscore: 0.8202 time: 0.1275s
INFO:root:Epoch: 3665 lr: 0.01 train_loss: 3260.1987 train_mapscore: 0.8202 time: 0.1411s
INFO:root:Epoch: 3670 lr: 0.01 train_loss: 3260.1089 train_mapscore: 0.8202 time: 0.1756s
INFO:root:Epoch: 3675 lr: 0.01 train_loss: 3260.0181 train_mapscore: 0.8202 time: 0.1344s
INFO:root:Epoch: 3680 lr: 0.01 train_loss: 3259.9297 train_mapscore: 0.8202 time: 0.1347s
INFO:root:Epoch: 3685 lr: 0.01 train_loss: 3259.8411 train_mapscore: 0.8202 time: 0.1467s
INFO:root:Epoch: 3690 lr: 0.01 train_loss: 3259.7542 train_mapscore: 0.8202 time: 0.1474s
INFO:root:Epoch: 3695 lr: 0.01 train_loss: 3259.6667 train_mapscore: 0.8201 time: 0.1559s
INFO:root:Epoch: 3700 lr: 0.01 train_loss: 3259.5793 train_mapscore: 0.8201 time: 0.1904s
INFO:root:Epoch: 3705 lr: 0.01 train_loss: 3259.4922 train_mapscore: 0.8201 time: 0.1587s
INFO:root:Epoch: 3710 lr: 0.01 train_loss: 3259.4050 train_mapscore: 0.8201 time: 0.1687s
INFO:root:Epoch: 3715 lr: 0.01 train_loss: 3259.3198 train_mapscore: 0.8201 time: 0.1750s
INFO:root:Epoch: 3720 lr: 0.01 train_loss: 3259.2339 train_mapscore: 0.8201 time: 0.2032s
INFO:root:Epoch: 3725 lr: 0.01 train_loss: 3259.1499 train_mapscore: 0.8201 time: 0.1840s
INFO:root:Epoch: 3730 lr: 0.01 train_loss: 3259.0662 train_mapscore: 0.8201 time: 0.1909s
INFO:root:Epoch: 3735 lr: 0.01 train_loss: 3258.9656 train_mapscore: 0.8201 time: 0.1978s
INFO:root:Epoch: 3740 lr: 0.01 train_loss: 3258.8843 train_mapscore: 0.8201 time: 0.2758s
INFO:root:Epoch: 3745 lr: 0.01 train_loss: 3258.8003 train_mapscore: 0.8201 time: 0.1395s
INFO:root:Epoch: 3750 lr: 0.01 train_loss: 3258.7195 train_mapscore: 0.8201 time: 0.1405s
INFO:root:Epoch: 3755 lr: 0.01 train_loss: 3258.6394 train_mapscore: 0.8201 time: 0.1563s
INFO:root:Epoch: 3760 lr: 0.01 train_loss: 3258.5596 train_mapscore: 0.8199 time: 0.1856s
INFO:root:Epoch: 3765 lr: 0.01 train_loss: 3258.4805 train_mapscore: 0.8200 time: 0.1267s
INFO:root:Epoch: 3770 lr: 0.01 train_loss: 3258.4023 train_mapscore: 0.8200 time: 0.1329s
INFO:root:Epoch: 3775 lr: 0.01 train_loss: 3258.3254 train_mapscore: 0.8200 time: 0.1380s
INFO:root:Epoch: 3780 lr: 0.01 train_loss: 3258.2490 train_mapscore: 0.8199 time: 0.1373s
INFO:root:Epoch: 3785 lr: 0.01 train_loss: 3258.1726 train_mapscore: 0.8199 time: 0.1352s
INFO:root:Epoch: 3790 lr: 0.01 train_loss: 3258.0967 train_mapscore: 0.8199 time: 0.1327s
INFO:root:Epoch: 3795 lr: 0.01 train_loss: 3258.0215 train_mapscore: 0.8199 time: 0.1690s
INFO:root:Epoch: 3800 lr: 0.01 train_loss: 3257.9478 train_mapscore: 0.8199 time: 0.1367s
INFO:root:Epoch: 3805 lr: 0.01 train_loss: 3257.8728 train_mapscore: 0.8199 time: 0.1361s
INFO:root:Epoch: 3810 lr: 0.01 train_loss: 3257.7996 train_mapscore: 0.8199 time: 0.1383s
INFO:root:Epoch: 3815 lr: 0.01 train_loss: 3257.7253 train_mapscore: 0.8199 time: 0.1419s
INFO:root:Epoch: 3820 lr: 0.01 train_loss: 3257.6511 train_mapscore: 0.8199 time: 0.1492s
INFO:root:Epoch: 3825 lr: 0.01 train_loss: 3257.5764 train_mapscore: 0.8199 time: 0.1412s
INFO:root:Epoch: 3830 lr: 0.01 train_loss: 3257.5032 train_mapscore: 0.8199 time: 0.1375s
INFO:root:Epoch: 3835 lr: 0.01 train_loss: 3257.4312 train_mapscore: 0.8199 time: 0.1972s
INFO:root:Epoch: 3840 lr: 0.01 train_loss: 3257.3606 train_mapscore: 0.8199 time: 0.1413s
INFO:root:Epoch: 3845 lr: 0.01 train_loss: 3257.2891 train_mapscore: 0.8199 time: 0.1360s
INFO:root:Epoch: 3850 lr: 0.01 train_loss: 3257.2212 train_mapscore: 0.8199 time: 0.1350s
INFO:root:Epoch: 3855 lr: 0.01 train_loss: 3257.1516 train_mapscore: 0.8199 time: 0.1369s
INFO:root:Epoch: 3860 lr: 0.01 train_loss: 3257.0803 train_mapscore: 0.8199 time: 0.1384s
INFO:root:Epoch: 3865 lr: 0.01 train_loss: 3256.9858 train_mapscore: 0.8199 time: 0.1455s
INFO:root:Epoch: 3870 lr: 0.01 train_loss: 3256.8589 train_mapscore: 0.8199 time: 0.1425s
INFO:root:Epoch: 3875 lr: 0.01 train_loss: 3256.7668 train_mapscore: 0.8200 time: 0.1396s
INFO:root:Epoch: 3880 lr: 0.01 train_loss: 3256.6838 train_mapscore: 0.8199 time: 0.1375s
INFO:root:Epoch: 3885 lr: 0.01 train_loss: 3256.6050 train_mapscore: 0.8199 time: 0.1370s
INFO:root:Epoch: 3890 lr: 0.01 train_loss: 3256.5317 train_mapscore: 0.8209 time: 0.1365s
INFO:root:Epoch: 3895 lr: 0.01 train_loss: 3256.4604 train_mapscore: 0.8209 time: 0.1349s
INFO:root:Epoch: 3900 lr: 0.01 train_loss: 3256.3923 train_mapscore: 0.8209 time: 0.1535s
INFO:root:Epoch: 3905 lr: 0.01 train_loss: 3256.3162 train_mapscore: 0.8209 time: 0.1531s
INFO:root:Epoch: 3910 lr: 0.01 train_loss: 3256.2175 train_mapscore: 0.8209 time: 0.1509s
INFO:root:Epoch: 3915 lr: 0.01 train_loss: 3256.1130 train_mapscore: 0.8209 time: 0.1528s
INFO:root:Epoch: 3920 lr: 0.01 train_loss: 3256.0081 train_mapscore: 0.8209 time: 0.1505s
INFO:root:Epoch: 3925 lr: 0.01 train_loss: 3255.9048 train_mapscore: 0.8208 time: 0.1529s
INFO:root:Epoch: 3930 lr: 0.01 train_loss: 3255.8047 train_mapscore: 0.8208 time: 0.1524s
INFO:root:Epoch: 3935 lr: 0.01 train_loss: 3255.7078 train_mapscore: 0.8208 time: 0.1499s
INFO:root:Epoch: 3940 lr: 0.01 train_loss: 3255.6145 train_mapscore: 0.8208 time: 0.1532s
INFO:root:Epoch: 3945 lr: 0.01 train_loss: 3255.5222 train_mapscore: 0.8208 time: 0.1490s
INFO:root:Epoch: 3950 lr: 0.01 train_loss: 3255.4324 train_mapscore: 0.8208 time: 0.1473s
INFO:root:Epoch: 3955 lr: 0.01 train_loss: 3255.3457 train_mapscore: 0.8218 time: 0.1506s
INFO:root:Epoch: 3960 lr: 0.01 train_loss: 3255.2607 train_mapscore: 0.8218 time: 0.1509s
INFO:root:Epoch: 3965 lr: 0.01 train_loss: 3255.1772 train_mapscore: 0.8218 time: 0.1489s
INFO:root:Epoch: 3970 lr: 0.01 train_loss: 3255.0950 train_mapscore: 0.8218 time: 0.1484s
INFO:root:Epoch: 3975 lr: 0.01 train_loss: 3255.0156 train_mapscore: 0.8218 time: 0.1498s
INFO:root:Epoch: 3980 lr: 0.01 train_loss: 3254.9375 train_mapscore: 0.8218 time: 0.1482s
INFO:root:Epoch: 3985 lr: 0.01 train_loss: 3254.8613 train_mapscore: 0.8218 time: 0.1522s
INFO:root:Epoch: 3990 lr: 0.01 train_loss: 3254.7861 train_mapscore: 0.8218 time: 0.1481s
INFO:root:Epoch: 3995 lr: 0.01 train_loss: 3254.7131 train_mapscore: 0.8218 time: 0.1346s
INFO:root:Epoch: 4000 lr: 0.01 train_loss: 3254.6406 train_mapscore: 0.8218 time: 0.1221s
INFO:root:Epoch: 4005 lr: 0.01 train_loss: 3254.5708 train_mapscore: 0.8218 time: 0.1216s
INFO:root:Epoch: 4010 lr: 0.01 train_loss: 3254.5002 train_mapscore: 0.8218 time: 0.1345s
INFO:root:Epoch: 4015 lr: 0.01 train_loss: 3254.4314 train_mapscore: 0.8219 time: 0.1434s
INFO:root:Epoch: 4020 lr: 0.01 train_loss: 3254.3650 train_mapscore: 0.8219 time: 0.1611s
INFO:root:Epoch: 4025 lr: 0.01 train_loss: 3254.2969 train_mapscore: 0.8219 time: 0.1395s
INFO:root:Epoch: 4030 lr: 0.01 train_loss: 3254.2307 train_mapscore: 0.8220 time: 0.1567s
INFO:root:Epoch: 4035 lr: 0.01 train_loss: 3254.1658 train_mapscore: 0.8219 time: 0.1585s
INFO:root:Epoch: 4040 lr: 0.01 train_loss: 3254.1016 train_mapscore: 0.8220 time: 0.1471s
INFO:root:Epoch: 4045 lr: 0.01 train_loss: 3254.0378 train_mapscore: 0.8219 time: 0.1560s
INFO:root:Epoch: 4050 lr: 0.01 train_loss: 3253.9753 train_mapscore: 0.8220 time: 0.2062s
INFO:root:Epoch: 4055 lr: 0.01 train_loss: 3253.9126 train_mapscore: 0.8219 time: 0.1474s
INFO:root:Epoch: 4060 lr: 0.01 train_loss: 3253.8518 train_mapscore: 0.8220 time: 0.1349s
INFO:root:Epoch: 4065 lr: 0.01 train_loss: 3253.7910 train_mapscore: 0.8219 time: 0.2294s
INFO:root:Epoch: 4070 lr: 0.01 train_loss: 3253.7305 train_mapscore: 0.8220 time: 0.1533s
INFO:root:Epoch: 4075 lr: 0.01 train_loss: 3253.6702 train_mapscore: 0.8219 time: 0.1327s
INFO:root:Epoch: 4080 lr: 0.01 train_loss: 3253.6111 train_mapscore: 0.8220 time: 0.2099s
INFO:root:Epoch: 4085 lr: 0.01 train_loss: 3253.5513 train_mapscore: 0.8220 time: 0.3505s
INFO:root:Epoch: 4090 lr: 0.01 train_loss: 3253.4937 train_mapscore: 0.8220 time: 0.1625s
INFO:root:Epoch: 4095 lr: 0.01 train_loss: 3253.4351 train_mapscore: 0.8220 time: 0.2237s
INFO:root:Epoch: 4100 lr: 0.01 train_loss: 3253.3777 train_mapscore: 0.8220 time: 0.2057s
INFO:root:Epoch: 4105 lr: 0.01 train_loss: 3253.3196 train_mapscore: 0.8220 time: 0.1218s
INFO:root:Epoch: 4110 lr: 0.01 train_loss: 3253.2639 train_mapscore: 0.8207 time: 0.1500s
INFO:root:Epoch: 4115 lr: 0.01 train_loss: 3253.2068 train_mapscore: 0.8207 time: 0.1397s
INFO:root:Epoch: 4120 lr: 0.01 train_loss: 3253.1504 train_mapscore: 0.8207 time: 0.1450s
INFO:root:Epoch: 4125 lr: 0.01 train_loss: 3253.0947 train_mapscore: 0.8207 time: 0.1357s
INFO:root:Epoch: 4130 lr: 0.01 train_loss: 3253.0403 train_mapscore: 0.8207 time: 0.1358s
INFO:root:Epoch: 4135 lr: 0.01 train_loss: 3252.9863 train_mapscore: 0.8207 time: 0.1547s
INFO:root:Epoch: 4140 lr: 0.01 train_loss: 3252.9299 train_mapscore: 0.8207 time: 0.1380s
INFO:root:Epoch: 4145 lr: 0.01 train_loss: 3252.8760 train_mapscore: 0.8207 time: 0.1346s
INFO:root:Epoch: 4150 lr: 0.01 train_loss: 3252.8213 train_mapscore: 0.8207 time: 0.1356s
INFO:root:Epoch: 4155 lr: 0.01 train_loss: 3252.7671 train_mapscore: 0.8206 time: 0.1347s
INFO:root:Epoch: 4160 lr: 0.01 train_loss: 3252.7136 train_mapscore: 0.8206 time: 0.1345s
INFO:root:Epoch: 4165 lr: 0.01 train_loss: 3252.6599 train_mapscore: 0.8206 time: 0.1361s
INFO:root:Epoch: 4170 lr: 0.01 train_loss: 3252.6062 train_mapscore: 0.8207 time: 0.1371s
INFO:root:Epoch: 4175 lr: 0.01 train_loss: 3252.5525 train_mapscore: 0.8207 time: 0.1374s
INFO:root:Epoch: 4180 lr: 0.01 train_loss: 3252.5007 train_mapscore: 0.8207 time: 0.1427s
INFO:root:Epoch: 4185 lr: 0.01 train_loss: 3252.4473 train_mapscore: 0.8207 time: 0.1372s
INFO:root:Epoch: 4190 lr: 0.01 train_loss: 3252.3948 train_mapscore: 0.8207 time: 0.2065s
INFO:root:Epoch: 4195 lr: 0.01 train_loss: 3252.3440 train_mapscore: 0.8207 time: 0.1371s
INFO:root:Epoch: 4200 lr: 0.01 train_loss: 3252.2910 train_mapscore: 0.8207 time: 0.1372s
INFO:root:Epoch: 4205 lr: 0.01 train_loss: 3252.2380 train_mapscore: 0.8206 time: 0.1332s
INFO:root:Epoch: 4210 lr: 0.01 train_loss: 3252.1841 train_mapscore: 0.8206 time: 0.1327s
INFO:root:Epoch: 4215 lr: 0.01 train_loss: 3252.1318 train_mapscore: 0.8216 time: 0.2615s
INFO:root:Epoch: 4220 lr: 0.01 train_loss: 3252.0789 train_mapscore: 0.8216 time: 0.1375s
INFO:root:Epoch: 4225 lr: 0.01 train_loss: 3252.0247 train_mapscore: 0.8216 time: 0.1372s
INFO:root:Epoch: 4230 lr: 0.01 train_loss: 3251.9724 train_mapscore: 0.8216 time: 0.1542s
INFO:root:Epoch: 4235 lr: 0.01 train_loss: 3251.9199 train_mapscore: 0.8216 time: 0.1347s
INFO:root:Epoch: 4240 lr: 0.01 train_loss: 3251.8677 train_mapscore: 0.8216 time: 0.1638s
INFO:root:Epoch: 4245 lr: 0.01 train_loss: 3251.8164 train_mapscore: 0.8216 time: 0.1453s
INFO:root:Epoch: 4250 lr: 0.01 train_loss: 3251.7642 train_mapscore: 0.8216 time: 0.1468s
INFO:root:Epoch: 4255 lr: 0.01 train_loss: 3251.7139 train_mapscore: 0.8216 time: 0.1507s
INFO:root:Epoch: 4260 lr: 0.01 train_loss: 3251.6636 train_mapscore: 0.8216 time: 0.1537s
INFO:root:Epoch: 4265 lr: 0.01 train_loss: 3251.6135 train_mapscore: 0.8216 time: 0.1518s
INFO:root:Epoch: 4270 lr: 0.01 train_loss: 3251.5649 train_mapscore: 0.8216 time: 0.1492s
INFO:root:Epoch: 4275 lr: 0.01 train_loss: 3251.5161 train_mapscore: 0.8216 time: 0.1477s
INFO:root:Epoch: 4280 lr: 0.01 train_loss: 3251.4673 train_mapscore: 0.8216 time: 0.1503s
INFO:root:Epoch: 4285 lr: 0.01 train_loss: 3251.4197 train_mapscore: 0.8216 time: 0.1481s
INFO:root:Epoch: 4290 lr: 0.01 train_loss: 3251.3718 train_mapscore: 0.8216 time: 0.1529s
INFO:root:Epoch: 4295 lr: 0.01 train_loss: 3251.3245 train_mapscore: 0.8216 time: 0.1492s
INFO:root:Epoch: 4300 lr: 0.01 train_loss: 3251.2720 train_mapscore: 0.8216 time: 0.1473s
INFO:root:Epoch: 4305 lr: 0.01 train_loss: 3251.2268 train_mapscore: 0.8216 time: 0.1540s
INFO:root:Epoch: 4310 lr: 0.01 train_loss: 3251.1802 train_mapscore: 0.8216 time: 0.1528s
INFO:root:Epoch: 4315 lr: 0.01 train_loss: 3251.1316 train_mapscore: 0.8216 time: 0.1491s
INFO:root:Epoch: 4320 lr: 0.01 train_loss: 3251.0842 train_mapscore: 0.8216 time: 0.1490s
INFO:root:Epoch: 4325 lr: 0.01 train_loss: 3251.0278 train_mapscore: 0.8217 time: 0.1494s
INFO:root:Epoch: 4330 lr: 0.01 train_loss: 3250.9543 train_mapscore: 0.8216 time: 0.1503s
INFO:root:Epoch: 4335 lr: 0.01 train_loss: 3250.9053 train_mapscore: 0.8216 time: 0.1436s
INFO:root:Epoch: 4340 lr: 0.01 train_loss: 3250.8506 train_mapscore: 0.8216 time: 0.2269s
INFO:root:Epoch: 4345 lr: 0.01 train_loss: 3250.7983 train_mapscore: 0.8216 time: 0.2243s
INFO:root:Epoch: 4350 lr: 0.01 train_loss: 3250.7454 train_mapscore: 0.8216 time: 0.2122s
INFO:root:Epoch: 4355 lr: 0.01 train_loss: 3250.6946 train_mapscore: 0.8216 time: 0.3026s
INFO:root:Epoch: 4360 lr: 0.01 train_loss: 3250.6445 train_mapscore: 0.8216 time: 0.1871s
INFO:root:Epoch: 4365 lr: 0.01 train_loss: 3250.5955 train_mapscore: 0.8216 time: 0.1393s
INFO:root:Epoch: 4370 lr: 0.01 train_loss: 3250.5474 train_mapscore: 0.8219 time: 0.1452s
INFO:root:Epoch: 4375 lr: 0.01 train_loss: 3250.5000 train_mapscore: 0.8221 time: 0.1489s
INFO:root:Epoch: 4380 lr: 0.01 train_loss: 3250.4526 train_mapscore: 0.8221 time: 0.1303s
INFO:root:Epoch: 4385 lr: 0.01 train_loss: 3250.4084 train_mapscore: 0.8221 time: 0.1796s
INFO:root:Epoch: 4390 lr: 0.01 train_loss: 3250.3628 train_mapscore: 0.8221 time: 0.2342s
INFO:root:Epoch: 4395 lr: 0.01 train_loss: 3250.3198 train_mapscore: 0.8221 time: 0.1314s
INFO:root:Epoch: 4400 lr: 0.01 train_loss: 3250.2769 train_mapscore: 0.8221 time: 0.1342s
INFO:root:Epoch: 4405 lr: 0.01 train_loss: 3250.2341 train_mapscore: 0.8221 time: 0.1576s
INFO:root:Epoch: 4410 lr: 0.01 train_loss: 3250.1924 train_mapscore: 0.8221 time: 0.1450s
INFO:root:Epoch: 4415 lr: 0.01 train_loss: 3250.1509 train_mapscore: 0.8221 time: 0.1467s
INFO:root:Epoch: 4420 lr: 0.01 train_loss: 3250.1121 train_mapscore: 0.8221 time: 0.2275s
INFO:root:Epoch: 4425 lr: 0.01 train_loss: 3250.0713 train_mapscore: 0.8221 time: 0.1427s
INFO:root:Epoch: 4430 lr: 0.01 train_loss: 3250.0325 train_mapscore: 0.8221 time: 0.2109s
INFO:root:Epoch: 4435 lr: 0.01 train_loss: 3249.9939 train_mapscore: 0.8221 time: 0.1394s
INFO:root:Epoch: 4440 lr: 0.01 train_loss: 3249.9556 train_mapscore: 0.8221 time: 0.1172s
INFO:root:Epoch: 4445 lr: 0.01 train_loss: 3249.9185 train_mapscore: 0.8221 time: 0.1361s
INFO:root:Epoch: 4450 lr: 0.01 train_loss: 3249.8806 train_mapscore: 0.8221 time: 0.1491s
INFO:root:Epoch: 4455 lr: 0.01 train_loss: 3249.8425 train_mapscore: 0.8231 time: 0.1386s
INFO:root:Epoch: 4460 lr: 0.01 train_loss: 3249.8059 train_mapscore: 0.8231 time: 0.1373s
INFO:root:Epoch: 4465 lr: 0.01 train_loss: 3249.7693 train_mapscore: 0.8231 time: 0.1373s
INFO:root:Epoch: 4470 lr: 0.01 train_loss: 3249.7329 train_mapscore: 0.8231 time: 0.1404s
INFO:root:Epoch: 4475 lr: 0.01 train_loss: 3249.6978 train_mapscore: 0.8231 time: 0.1396s
INFO:root:Epoch: 4480 lr: 0.01 train_loss: 3249.6646 train_mapscore: 0.8231 time: 0.1555s
INFO:root:Epoch: 4485 lr: 0.01 train_loss: 3249.6277 train_mapscore: 0.8231 time: 0.1361s
INFO:root:Epoch: 4490 lr: 0.01 train_loss: 3249.5918 train_mapscore: 0.8231 time: 0.1366s
INFO:root:Epoch: 4495 lr: 0.01 train_loss: 3249.5579 train_mapscore: 0.8232 time: 0.1357s
INFO:root:Epoch: 4500 lr: 0.01 train_loss: 3249.5232 train_mapscore: 0.8231 time: 0.1389s
INFO:root:Epoch: 4505 lr: 0.01 train_loss: 3249.4885 train_mapscore: 0.8231 time: 0.1394s
INFO:root:Epoch: 4510 lr: 0.01 train_loss: 3249.4541 train_mapscore: 0.8231 time: 0.1412s
INFO:root:Epoch: 4515 lr: 0.01 train_loss: 3249.4209 train_mapscore: 0.8231 time: 0.1576s
INFO:root:Epoch: 4520 lr: 0.01 train_loss: 3249.3879 train_mapscore: 0.8231 time: 0.1381s
INFO:root:Epoch: 4525 lr: 0.01 train_loss: 3249.3562 train_mapscore: 0.8231 time: 0.1373s
INFO:root:Epoch: 4530 lr: 0.01 train_loss: 3249.3230 train_mapscore: 0.8232 time: 0.1377s
INFO:root:Epoch: 4535 lr: 0.01 train_loss: 3249.2913 train_mapscore: 0.8233 time: 0.1364s
INFO:root:Epoch: 4540 lr: 0.01 train_loss: 3249.2598 train_mapscore: 0.8233 time: 0.1371s
INFO:root:Epoch: 4545 lr: 0.01 train_loss: 3249.2273 train_mapscore: 0.8233 time: 0.1381s
INFO:root:Epoch: 4550 lr: 0.01 train_loss: 3249.1592 train_mapscore: 0.8233 time: 0.1380s
INFO:root:Epoch: 4555 lr: 0.01 train_loss: 3249.0842 train_mapscore: 0.8233 time: 0.1365s
INFO:root:Epoch: 4560 lr: 0.01 train_loss: 3249.0151 train_mapscore: 0.8233 time: 0.1375s
INFO:root:Epoch: 4565 lr: 0.01 train_loss: 3248.9644 train_mapscore: 0.8233 time: 0.1361s
INFO:root:Epoch: 4570 lr: 0.01 train_loss: 3248.9155 train_mapscore: 0.8234 time: 0.1368s
INFO:root:Epoch: 4575 lr: 0.01 train_loss: 3248.8567 train_mapscore: 0.8234 time: 0.1351s
INFO:root:Epoch: 4580 lr: 0.01 train_loss: 3248.7996 train_mapscore: 0.8234 time: 0.1484s
INFO:root:Epoch: 4585 lr: 0.01 train_loss: 3248.7397 train_mapscore: 0.8234 time: 0.1534s
INFO:root:Epoch: 4590 lr: 0.01 train_loss: 3248.6909 train_mapscore: 0.8234 time: 0.1671s
INFO:root:Epoch: 4595 lr: 0.01 train_loss: 3248.6360 train_mapscore: 0.8234 time: 0.1541s
INFO:root:Epoch: 4600 lr: 0.01 train_loss: 3248.5867 train_mapscore: 0.8244 time: 0.1491s
INFO:root:Epoch: 4605 lr: 0.01 train_loss: 3248.5378 train_mapscore: 0.8244 time: 0.1570s
INFO:root:Epoch: 4610 lr: 0.01 train_loss: 3248.4900 train_mapscore: 0.8244 time: 0.1476s
INFO:root:Epoch: 4615 lr: 0.01 train_loss: 3248.4426 train_mapscore: 0.8244 time: 0.1587s
INFO:root:Epoch: 4620 lr: 0.01 train_loss: 3248.3965 train_mapscore: 0.8244 time: 0.1562s
INFO:root:Epoch: 4625 lr: 0.01 train_loss: 3248.3477 train_mapscore: 0.8244 time: 0.1502s
INFO:root:Epoch: 4630 lr: 0.01 train_loss: 3248.2981 train_mapscore: 0.8244 time: 0.1643s
INFO:root:Epoch: 4635 lr: 0.01 train_loss: 3248.2507 train_mapscore: 0.8244 time: 0.1519s
INFO:root:Epoch: 4640 lr: 0.01 train_loss: 3248.2046 train_mapscore: 0.8244 time: 0.1506s
INFO:root:Epoch: 4645 lr: 0.01 train_loss: 3248.1580 train_mapscore: 0.8244 time: 0.1835s
INFO:root:Epoch: 4650 lr: 0.01 train_loss: 3248.1133 train_mapscore: 0.8240 time: 0.1556s
INFO:root:Epoch: 4655 lr: 0.01 train_loss: 3248.0698 train_mapscore: 0.8240 time: 0.1507s
INFO:root:Epoch: 4660 lr: 0.01 train_loss: 3248.0269 train_mapscore: 0.8240 time: 0.1491s
INFO:root:Epoch: 4665 lr: 0.01 train_loss: 3247.9858 train_mapscore: 0.8240 time: 0.1272s
INFO:root:Epoch: 4670 lr: 0.01 train_loss: 3247.9441 train_mapscore: 0.8240 time: 0.1333s
INFO:root:Epoch: 4675 lr: 0.01 train_loss: 3247.9075 train_mapscore: 0.8240 time: 0.1852s
INFO:root:Epoch: 4680 lr: 0.01 train_loss: 3247.7385 train_mapscore: 0.8240 time: 0.1520s
INFO:root:Epoch: 4685 lr: 0.01 train_loss: 3247.4998 train_mapscore: 0.8253 time: 0.1340s
INFO:root:Epoch: 4690 lr: 0.01 train_loss: 3247.2239 train_mapscore: 0.8253 time: 0.1850s
INFO:root:Epoch: 4695 lr: 0.01 train_loss: 3246.9780 train_mapscore: 0.8254 time: 0.1950s
INFO:root:Epoch: 4700 lr: 0.01 train_loss: 3246.8276 train_mapscore: 0.8244 time: 0.2226s
INFO:root:Epoch: 4705 lr: 0.01 train_loss: 3246.7356 train_mapscore: 0.8244 time: 0.1715s
INFO:root:Epoch: 4710 lr: 0.01 train_loss: 3246.6416 train_mapscore: 0.8245 time: 0.1528s
INFO:root:Epoch: 4715 lr: 0.01 train_loss: 3246.5537 train_mapscore: 0.8246 time: 0.1380s
INFO:root:Epoch: 4720 lr: 0.01 train_loss: 3246.4846 train_mapscore: 0.8244 time: 0.1475s
INFO:root:Epoch: 4725 lr: 0.01 train_loss: 3246.4253 train_mapscore: 0.8244 time: 0.1741s
INFO:root:Epoch: 4730 lr: 0.01 train_loss: 3246.3713 train_mapscore: 0.8245 time: 0.1499s
INFO:root:Epoch: 4735 lr: 0.01 train_loss: 3246.3223 train_mapscore: 0.8245 time: 0.1450s
INFO:root:Epoch: 4740 lr: 0.01 train_loss: 3246.2773 train_mapscore: 0.8245 time: 0.1319s
INFO:root:Epoch: 4745 lr: 0.01 train_loss: 3246.2336 train_mapscore: 0.8245 time: 0.1515s
INFO:root:Epoch: 4750 lr: 0.01 train_loss: 3246.1931 train_mapscore: 0.8245 time: 0.1265s
INFO:root:Epoch: 4755 lr: 0.01 train_loss: 3246.1533 train_mapscore: 0.8245 time: 0.1338s
INFO:root:Epoch: 4760 lr: 0.01 train_loss: 3246.1155 train_mapscore: 0.8245 time: 0.1379s
INFO:root:Epoch: 4765 lr: 0.01 train_loss: 3246.0786 train_mapscore: 0.8245 time: 0.1966s
INFO:root:Epoch: 4770 lr: 0.01 train_loss: 3246.0425 train_mapscore: 0.8245 time: 0.1354s
INFO:root:Epoch: 4775 lr: 0.01 train_loss: 3246.0076 train_mapscore: 0.8244 time: 0.1363s
INFO:root:Epoch: 4780 lr: 0.01 train_loss: 3245.9727 train_mapscore: 0.8245 time: 0.1381s
INFO:root:Epoch: 4785 lr: 0.01 train_loss: 3245.9390 train_mapscore: 0.8246 time: 0.1359s
INFO:root:Epoch: 4790 lr: 0.01 train_loss: 3245.9070 train_mapscore: 0.8245 time: 0.1371s
INFO:root:Epoch: 4795 lr: 0.01 train_loss: 3245.8735 train_mapscore: 0.8246 time: 0.1388s
INFO:root:Epoch: 4800 lr: 0.01 train_loss: 3245.8411 train_mapscore: 0.8245 time: 0.1386s
INFO:root:Epoch: 4805 lr: 0.01 train_loss: 3245.8098 train_mapscore: 0.8245 time: 0.1445s
INFO:root:Epoch: 4810 lr: 0.01 train_loss: 3245.7776 train_mapscore: 0.8245 time: 0.1363s
INFO:root:Epoch: 4815 lr: 0.01 train_loss: 3245.7466 train_mapscore: 0.8245 time: 0.1341s
INFO:root:Epoch: 4820 lr: 0.01 train_loss: 3245.7156 train_mapscore: 0.8245 time: 0.1347s
INFO:root:Epoch: 4825 lr: 0.01 train_loss: 3245.6851 train_mapscore: 0.8245 time: 0.1358s
INFO:root:Epoch: 4830 lr: 0.01 train_loss: 3245.6553 train_mapscore: 0.8245 time: 0.1344s
INFO:root:Epoch: 4835 lr: 0.01 train_loss: 3245.6252 train_mapscore: 0.8245 time: 0.1354s
INFO:root:Epoch: 4840 lr: 0.01 train_loss: 3245.5950 train_mapscore: 0.8245 time: 0.1395s
INFO:root:Epoch: 4845 lr: 0.01 train_loss: 3245.5654 train_mapscore: 0.8245 time: 0.1408s
INFO:root:Epoch: 4850 lr: 0.01 train_loss: 3245.5364 train_mapscore: 0.8245 time: 0.1386s
INFO:root:Epoch: 4855 lr: 0.01 train_loss: 3245.4961 train_mapscore: 0.8245 time: 0.1346s
INFO:root:Epoch: 4860 lr: 0.01 train_loss: 3245.4587 train_mapscore: 0.8245 time: 0.1353s
INFO:root:Epoch: 4865 lr: 0.01 train_loss: 3245.4329 train_mapscore: 0.8245 time: 0.1373s
INFO:root:Epoch: 4870 lr: 0.01 train_loss: 3245.4031 train_mapscore: 0.8245 time: 0.1566s
INFO:root:Epoch: 4875 lr: 0.01 train_loss: 3245.3738 train_mapscore: 0.8245 time: 0.1388s
INFO:root:Epoch: 4880 lr: 0.01 train_loss: 3245.3442 train_mapscore: 0.8245 time: 0.1366s
INFO:root:Epoch: 4885 lr: 0.01 train_loss: 3245.3174 train_mapscore: 0.8245 time: 0.1360s
INFO:root:Epoch: 4890 lr: 0.01 train_loss: 3245.2896 train_mapscore: 0.8245 time: 0.1487s
INFO:root:Epoch: 4895 lr: 0.01 train_loss: 3245.2625 train_mapscore: 0.8245 time: 0.1492s
INFO:root:Epoch: 4900 lr: 0.01 train_loss: 3245.2349 train_mapscore: 0.8245 time: 0.1555s
INFO:root:Epoch: 4905 lr: 0.01 train_loss: 3245.2070 train_mapscore: 0.8245 time: 0.1546s
INFO:root:Epoch: 4910 lr: 0.01 train_loss: 3245.1816 train_mapscore: 0.8245 time: 0.1710s
INFO:root:Epoch: 4915 lr: 0.01 train_loss: 3245.1558 train_mapscore: 0.8245 time: 0.1475s
INFO:root:Epoch: 4920 lr: 0.01 train_loss: 3245.1294 train_mapscore: 0.8245 time: 0.1557s
INFO:root:Epoch: 4925 lr: 0.01 train_loss: 3245.1033 train_mapscore: 0.8245 time: 0.1553s
INFO:root:Epoch: 4930 lr: 0.01 train_loss: 3245.0801 train_mapscore: 0.8245 time: 0.1493s
INFO:root:Epoch: 4935 lr: 0.01 train_loss: 3245.0542 train_mapscore: 0.8245 time: 0.1490s
INFO:root:Epoch: 4940 lr: 0.01 train_loss: 3245.0278 train_mapscore: 0.8245 time: 0.1480s
INFO:root:Epoch: 4945 lr: 0.01 train_loss: 3245.0024 train_mapscore: 0.8245 time: 0.1526s
INFO:root:Epoch: 4950 lr: 0.01 train_loss: 3244.9771 train_mapscore: 0.8245 time: 0.1510s
INFO:root:Epoch: 4955 lr: 0.01 train_loss: 3244.9521 train_mapscore: 0.8245 time: 0.1536s
INFO:root:Epoch: 4960 lr: 0.01 train_loss: 3244.9272 train_mapscore: 0.8245 time: 0.1494s
INFO:root:Epoch: 4965 lr: 0.01 train_loss: 3244.9026 train_mapscore: 0.8245 time: 0.1467s
INFO:root:Epoch: 4970 lr: 0.01 train_loss: 3244.8777 train_mapscore: 0.8245 time: 0.1442s
INFO:root:Epoch: 4975 lr: 0.01 train_loss: 3244.8528 train_mapscore: 0.8245 time: 0.1469s
INFO:root:Epoch: 4980 lr: 0.01 train_loss: 3244.8289 train_mapscore: 0.8245 time: 0.1469s
INFO:root:Epoch: 4985 lr: 0.01 train_loss: 3244.8035 train_mapscore: 0.8245 time: 0.1265s
INFO:root:Epoch: 4990 lr: 0.01 train_loss: 3244.7800 train_mapscore: 0.8245 time: 0.1827s
INFO:root:Epoch: 4995 lr: 0.01 train_loss: 3244.7561 train_mapscore: 0.8245 time: 0.2528s
INFO:root:Epoch: 5000 lr: 0.0025 train_loss: 3244.7327 train_mapscore: 0.8245 time: 0.1654s
INFO:root:Optimization Finished!
INFO:root:Total time elapsed: 776.7614s
INFO:root:Val set results: val_distortion: 1.0000 val_mapscore: -1.0000
INFO:root:Test set results: test_loss: 3244.7273 test_mapscore: 0.8245
INFO:root:Saved model in /home/xiongbo/hgcn/logs/md/2021_4_4/31
