INFO:root:Using: cpu
INFO:root:Using seed 1234.
INFO:root:MDModel(
  (encoder): GCN(
    (layers): Sequential(
      (0): GraphConvolution(
        input_dim=4941, output_dim=10
        (linear): Linear(in_features=4941, out_features=10, bias=True)
      )
    )
  )
  (decoder): MDDecoder()
)
INFO:root:Total number of parameters: 49420
/home/xiongbo/anaconda3/envs/kge/lib/python3.7/site-packages/torch/optim/lr_scheduler.py:351: UserWarning: To get the last learning rate computed by the scheduler, please use `get_last_lr()`.
  "please use `get_last_lr()`.", UserWarning)
INFO:root:Epoch: 0005 lr: 0.01 train_loss: 112012.9609 train_mapscore: 0.2362 time: 9.4988s
INFO:root:Epoch: 0010 lr: 0.01 train_loss: 111307.1016 train_mapscore: 0.2394 time: 9.0804s
INFO:root:Epoch: 0015 lr: 0.01 train_loss: 109847.8125 train_mapscore: 0.2324 time: 8.9152s
INFO:root:Epoch: 0020 lr: 0.01 train_loss: 107476.9766 train_mapscore: 0.2301 time: 10.1798s
INFO:root:Epoch: 0025 lr: 0.01 train_loss: 104122.3594 train_mapscore: 0.2286 time: 9.3482s
INFO:root:Epoch: 0030 lr: 0.01 train_loss: 99847.5547 train_mapscore: 0.2291 time: 9.1502s
INFO:root:Epoch: 0035 lr: 0.01 train_loss: 94841.8672 train_mapscore: 0.2306 time: 8.7853s
INFO:root:Epoch: 0040 lr: 0.01 train_loss: 89403.8750 train_mapscore: 0.2336 time: 9.0038s
INFO:root:Epoch: 0045 lr: 0.01 train_loss: 83892.1172 train_mapscore: 0.2370 time: 9.4485s
INFO:root:Epoch: 0050 lr: 0.01 train_loss: 78650.9609 train_mapscore: 0.2413 time: 9.7292s
INFO:root:Epoch: 0055 lr: 0.01 train_loss: 73931.6797 train_mapscore: 0.2494 time: 9.9146s
INFO:root:Epoch: 0060 lr: 0.01 train_loss: 69848.8359 train_mapscore: 0.2585 time: 9.1241s
INFO:root:Epoch: 0065 lr: 0.01 train_loss: 66388.2031 train_mapscore: 0.2725 time: 9.4730s
INFO:root:Epoch: 0070 lr: 0.01 train_loss: 63455.8594 train_mapscore: 0.2877 time: 8.8566s
INFO:root:Epoch: 0075 lr: 0.01 train_loss: 60933.4648 train_mapscore: 0.3063 time: 9.5363s
INFO:root:Epoch: 0080 lr: 0.01 train_loss: 58715.2188 train_mapscore: 0.3280 time: 9.2064s
INFO:root:Epoch: 0085 lr: 0.01 train_loss: 56722.6523 train_mapscore: 0.3517 time: 9.3962s
INFO:root:Epoch: 0090 lr: 0.01 train_loss: 54902.7891 train_mapscore: 0.3763 time: 8.6301s
INFO:root:Epoch: 0095 lr: 0.01 train_loss: 53221.9727 train_mapscore: 0.3993 time: 8.9263s
INFO:root:Epoch: 0100 lr: 0.01 train_loss: 51657.7852 train_mapscore: 0.4233 time: 8.6533s
INFO:root:Epoch: 0105 lr: 0.01 train_loss: 50195.0820 train_mapscore: 0.4471 time: 9.5219s
INFO:root:Epoch: 0110 lr: 0.01 train_loss: 48822.3320 train_mapscore: 0.4691 time: 9.2890s
INFO:root:Epoch: 0115 lr: 0.01 train_loss: 47531.3828 train_mapscore: 0.4918 time: 9.6797s
INFO:root:Epoch: 0120 lr: 0.01 train_loss: 46316.6875 train_mapscore: 0.5103 time: 9.5158s
INFO:root:Epoch: 0125 lr: 0.01 train_loss: 45174.8867 train_mapscore: 0.5273 time: 9.5712s
INFO:root:Epoch: 0130 lr: 0.01 train_loss: 44103.5312 train_mapscore: 0.5441 time: 9.1190s
INFO:root:Epoch: 0135 lr: 0.01 train_loss: 43099.5039 train_mapscore: 0.5601 time: 9.5223s
INFO:root:Epoch: 0140 lr: 0.01 train_loss: 42159.5312 train_mapscore: 0.5756 time: 8.6597s
INFO:root:Epoch: 0145 lr: 0.01 train_loss: 41280.1367 train_mapscore: 0.5887 time: 9.3105s
INFO:root:Epoch: 0150 lr: 0.01 train_loss: 40457.2422 train_mapscore: 0.6003 time: 8.6824s
INFO:root:Epoch: 0155 lr: 0.01 train_loss: 39686.6641 train_mapscore: 0.6117 time: 9.9022s
INFO:root:Epoch: 0160 lr: 0.01 train_loss: 38965.1953 train_mapscore: 0.6222 time: 9.6053s
INFO:root:Epoch: 0165 lr: 0.01 train_loss: 38289.1055 train_mapscore: 0.6322 time: 8.9247s
INFO:root:Epoch: 0170 lr: 0.01 train_loss: 37655.1406 train_mapscore: 0.6414 time: 8.9020s
INFO:root:Epoch: 0175 lr: 0.01 train_loss: 37059.6836 train_mapscore: 0.6505 time: 9.1653s
INFO:root:Epoch: 0180 lr: 0.01 train_loss: 36499.3516 train_mapscore: 0.6590 time: 9.0150s
INFO:root:Epoch: 0185 lr: 0.01 train_loss: 35971.5000 train_mapscore: 0.6674 time: 9.8847s
INFO:root:Epoch: 0190 lr: 0.01 train_loss: 35473.0039 train_mapscore: 0.6751 time: 8.8130s
INFO:root:Epoch: 0195 lr: 0.01 train_loss: 35001.1680 train_mapscore: 0.6830 time: 9.5245s
INFO:root:Epoch: 0200 lr: 0.01 train_loss: 34553.9297 train_mapscore: 0.6896 time: 8.9363s
INFO:root:Epoch: 0205 lr: 0.01 train_loss: 34129.2812 train_mapscore: 0.6973 time: 9.7437s
INFO:root:Epoch: 0210 lr: 0.01 train_loss: 33725.3164 train_mapscore: 0.7042 time: 9.2064s
INFO:root:Epoch: 0215 lr: 0.01 train_loss: 33340.5547 train_mapscore: 0.7104 time: 8.9242s
INFO:root:Epoch: 0220 lr: 0.01 train_loss: 32973.6953 train_mapscore: 0.7150 time: 9.0822s
INFO:root:Epoch: 0225 lr: 0.01 train_loss: 32623.4375 train_mapscore: 0.7216 time: 9.7171s
INFO:root:Epoch: 0230 lr: 0.01 train_loss: 32289.0117 train_mapscore: 0.7264 time: 9.4475s
INFO:root:Epoch: 0235 lr: 0.01 train_loss: 31969.3965 train_mapscore: 0.7310 time: 8.8968s
INFO:root:Epoch: 0240 lr: 0.01 train_loss: 31663.3594 train_mapscore: 0.7359 time: 9.3702s
INFO:root:Epoch: 0245 lr: 0.01 train_loss: 31370.1895 train_mapscore: 0.7406 time: 9.8327s
INFO:root:Epoch: 0250 lr: 0.01 train_loss: 31089.0977 train_mapscore: 0.7448 time: 9.3211s
INFO:root:Epoch: 0255 lr: 0.01 train_loss: 30819.4590 train_mapscore: 0.7489 time: 8.9725s
INFO:root:Epoch: 0260 lr: 0.01 train_loss: 30560.3750 train_mapscore: 0.7533 time: 9.2510s
INFO:root:Epoch: 0265 lr: 0.01 train_loss: 30311.3691 train_mapscore: 0.7573 time: 9.3218s
INFO:root:Epoch: 0270 lr: 0.01 train_loss: 30071.8145 train_mapscore: 0.7613 time: 9.7564s
INFO:root:Epoch: 0275 lr: 0.01 train_loss: 29841.3516 train_mapscore: 0.7646 time: 8.9734s
INFO:root:Epoch: 0280 lr: 0.01 train_loss: 29619.6719 train_mapscore: 0.7684 time: 9.1010s
INFO:root:Epoch: 0285 lr: 0.01 train_loss: 29406.3984 train_mapscore: 0.7719 time: 9.2200s
INFO:root:Epoch: 0290 lr: 0.01 train_loss: 29200.9980 train_mapscore: 0.7743 time: 8.5723s
INFO:root:Epoch: 0295 lr: 0.01 train_loss: 29002.8320 train_mapscore: 0.7775 time: 8.8743s
INFO:root:Epoch: 0300 lr: 0.01 train_loss: 28811.5312 train_mapscore: 0.7813 time: 9.0529s
INFO:root:Epoch: 0305 lr: 0.01 train_loss: 28626.7559 train_mapscore: 0.7847 time: 8.9876s
INFO:root:Epoch: 0310 lr: 0.01 train_loss: 28448.3105 train_mapscore: 0.7875 time: 9.4100s
INFO:root:Epoch: 0315 lr: 0.01 train_loss: 28275.7070 train_mapscore: 0.7903 time: 9.4935s
INFO:root:Epoch: 0320 lr: 0.01 train_loss: 28108.6191 train_mapscore: 0.7923 time: 8.9508s
INFO:root:Epoch: 0325 lr: 0.01 train_loss: 27946.6992 train_mapscore: 0.7942 time: 8.6697s
INFO:root:Epoch: 0330 lr: 0.01 train_loss: 27789.8008 train_mapscore: 0.7958 time: 9.3618s
INFO:root:Epoch: 0335 lr: 0.01 train_loss: 27637.6680 train_mapscore: 0.7986 time: 8.5226s
INFO:root:Epoch: 0340 lr: 0.01 train_loss: 27490.0879 train_mapscore: 0.8014 time: 9.4528s
INFO:root:Epoch: 0345 lr: 0.01 train_loss: 27346.9922 train_mapscore: 0.8036 time: 9.2038s
INFO:root:Epoch: 0350 lr: 0.01 train_loss: 27207.7715 train_mapscore: 0.8057 time: 8.9585s
INFO:root:Epoch: 0355 lr: 0.01 train_loss: 27072.0215 train_mapscore: 0.8076 time: 8.6199s
INFO:root:Epoch: 0360 lr: 0.01 train_loss: 26939.9375 train_mapscore: 0.8098 time: 9.7347s
INFO:root:Epoch: 0365 lr: 0.01 train_loss: 26811.5293 train_mapscore: 0.8119 time: 10.1973s
INFO:root:Epoch: 0370 lr: 0.01 train_loss: 26686.5820 train_mapscore: 0.8142 time: 8.8557s
INFO:root:Epoch: 0375 lr: 0.01 train_loss: 26565.0195 train_mapscore: 0.8163 time: 8.8854s
INFO:root:Epoch: 0380 lr: 0.01 train_loss: 26446.7871 train_mapscore: 0.8177 time: 9.0372s
INFO:root:Epoch: 0385 lr: 0.01 train_loss: 26331.8008 train_mapscore: 0.8190 time: 9.2360s
INFO:root:Epoch: 0390 lr: 0.01 train_loss: 26219.9629 train_mapscore: 0.8207 time: 9.1983s
INFO:root:Epoch: 0395 lr: 0.01 train_loss: 26110.9883 train_mapscore: 0.8225 time: 8.8085s
INFO:root:Epoch: 0400 lr: 0.01 train_loss: 26004.7695 train_mapscore: 0.8242 time: 9.5126s
INFO:root:Epoch: 0405 lr: 0.01 train_loss: 25901.1816 train_mapscore: 0.8257 time: 9.4486s
INFO:root:Epoch: 0410 lr: 0.01 train_loss: 25800.0957 train_mapscore: 0.8274 time: 9.5193s
INFO:root:Epoch: 0415 lr: 0.01 train_loss: 25701.5391 train_mapscore: 0.8291 time: 9.8237s
INFO:root:Epoch: 0420 lr: 0.01 train_loss: 25605.5273 train_mapscore: 0.8308 time: 8.8577s
INFO:root:Epoch: 0425 lr: 0.01 train_loss: 25511.7812 train_mapscore: 0.8326 time: 8.6359s
INFO:root:Epoch: 0430 lr: 0.01 train_loss: 25420.2129 train_mapscore: 0.8344 time: 9.2683s
INFO:root:Epoch: 0435 lr: 0.01 train_loss: 25330.7734 train_mapscore: 0.8358 time: 8.5380s
INFO:root:Epoch: 0440 lr: 0.01 train_loss: 25243.3242 train_mapscore: 0.8373 time: 9.7438s
INFO:root:Epoch: 0445 lr: 0.01 train_loss: 25157.8965 train_mapscore: 0.8383 time: 9.0348s
INFO:root:Epoch: 0450 lr: 0.01 train_loss: 25074.5195 train_mapscore: 0.8398 time: 8.4018s
INFO:root:Epoch: 0455 lr: 0.01 train_loss: 24993.0273 train_mapscore: 0.8411 time: 9.7189s
INFO:root:Epoch: 0460 lr: 0.01 train_loss: 24913.4102 train_mapscore: 0.8424 time: 9.3146s
INFO:root:Epoch: 0465 lr: 0.01 train_loss: 24835.6445 train_mapscore: 0.8439 time: 8.9145s
INFO:root:Epoch: 0470 lr: 0.01 train_loss: 24759.5898 train_mapscore: 0.8452 time: 9.6270s
INFO:root:Epoch: 0475 lr: 0.01 train_loss: 24685.0859 train_mapscore: 0.8465 time: 8.3765s
INFO:root:Epoch: 0480 lr: 0.01 train_loss: 24612.2676 train_mapscore: 0.8479 time: 10.4907s
INFO:root:Epoch: 0485 lr: 0.01 train_loss: 24541.1465 train_mapscore: 0.8488 time: 9.6454s
INFO:root:Epoch: 0490 lr: 0.01 train_loss: 24471.6602 train_mapscore: 0.8499 time: 8.9457s
INFO:root:Epoch: 0495 lr: 0.01 train_loss: 24403.6230 train_mapscore: 0.8507 time: 9.3220s
INFO:root:Epoch: 0500 lr: 0.01 train_loss: 24337.1367 train_mapscore: 0.8519 time: 8.3659s
INFO:root:Epoch: 0505 lr: 0.01 train_loss: 24272.0684 train_mapscore: 0.8531 time: 8.9038s
INFO:root:Epoch: 0510 lr: 0.01 train_loss: 24208.1914 train_mapscore: 0.8541 time: 8.4338s
INFO:root:Epoch: 0515 lr: 0.01 train_loss: 24145.6934 train_mapscore: 0.8556 time: 9.5947s
INFO:root:Epoch: 0520 lr: 0.01 train_loss: 24084.5449 train_mapscore: 0.8563 time: 8.6741s
INFO:root:Epoch: 0525 lr: 0.01 train_loss: 24024.6934 train_mapscore: 0.8571 time: 9.3434s
INFO:root:Epoch: 0530 lr: 0.01 train_loss: 23966.0820 train_mapscore: 0.8581 time: 8.8924s
INFO:root:Epoch: 0535 lr: 0.01 train_loss: 23908.6641 train_mapscore: 0.8590 time: 8.8470s
INFO:root:Epoch: 0540 lr: 0.01 train_loss: 23852.0312 train_mapscore: 0.8600 time: 8.5661s
INFO:root:Epoch: 0545 lr: 0.01 train_loss: 23796.3965 train_mapscore: 0.8609 time: 9.0595s
INFO:root:Epoch: 0550 lr: 0.01 train_loss: 23741.9531 train_mapscore: 0.8616 time: 8.6731s
INFO:root:Epoch: 0555 lr: 0.01 train_loss: 23688.5781 train_mapscore: 0.8627 time: 8.9377s
INFO:root:Epoch: 0560 lr: 0.01 train_loss: 23636.1934 train_mapscore: 0.8635 time: 8.8572s
INFO:root:Epoch: 0565 lr: 0.01 train_loss: 23584.8398 train_mapscore: 0.8644 time: 8.6482s
INFO:root:Epoch: 0570 lr: 0.01 train_loss: 23534.6016 train_mapscore: 0.8652 time: 9.7243s
INFO:root:Epoch: 0575 lr: 0.01 train_loss: 23485.2188 train_mapscore: 0.8659 time: 8.6759s
INFO:root:Epoch: 0580 lr: 0.01 train_loss: 23436.6445 train_mapscore: 0.8670 time: 8.7887s
INFO:root:Epoch: 0585 lr: 0.01 train_loss: 23388.8418 train_mapscore: 0.8675 time: 9.4472s
INFO:root:Epoch: 0590 lr: 0.01 train_loss: 23341.8496 train_mapscore: 0.8684 time: 8.5200s
INFO:root:Epoch: 0595 lr: 0.01 train_loss: 23295.3184 train_mapscore: 0.8690 time: 9.1586s
INFO:root:Epoch: 0600 lr: 0.01 train_loss: 23249.5176 train_mapscore: 0.8698 time: 8.5507s
INFO:root:Epoch: 0605 lr: 0.01 train_loss: 23204.4668 train_mapscore: 0.8704 time: 8.7145s
INFO:root:Epoch: 0610 lr: 0.01 train_loss: 23160.1738 train_mapscore: 0.8714 time: 9.1008s
INFO:root:Epoch: 0615 lr: 0.01 train_loss: 23116.7383 train_mapscore: 0.8722 time: 8.6425s
INFO:root:Epoch: 0620 lr: 0.01 train_loss: 23074.1309 train_mapscore: 0.8732 time: 9.8086s
INFO:root:Epoch: 0625 lr: 0.01 train_loss: 23032.2891 train_mapscore: 0.8739 time: 8.6860s
INFO:root:Epoch: 0630 lr: 0.01 train_loss: 22991.1387 train_mapscore: 0.8747 time: 10.6883s
INFO:root:Epoch: 0635 lr: 0.01 train_loss: 22950.7031 train_mapscore: 0.8754 time: 9.3848s
INFO:root:Epoch: 0640 lr: 0.01 train_loss: 22911.0117 train_mapscore: 0.8756 time: 9.4409s
INFO:root:Epoch: 0645 lr: 0.01 train_loss: 22871.9941 train_mapscore: 0.8763 time: 9.9853s
INFO:root:Epoch: 0650 lr: 0.01 train_loss: 22833.6484 train_mapscore: 0.8768 time: 9.1709s
INFO:root:Epoch: 0655 lr: 0.01 train_loss: 22795.9766 train_mapscore: 0.8774 time: 9.6371s
INFO:root:Epoch: 0660 lr: 0.01 train_loss: 22758.9824 train_mapscore: 0.8778 time: 8.9025s
INFO:root:Epoch: 0665 lr: 0.01 train_loss: 22722.6074 train_mapscore: 0.8781 time: 8.6021s
INFO:root:Epoch: 0670 lr: 0.01 train_loss: 22686.8555 train_mapscore: 0.8787 time: 9.0263s
INFO:root:Epoch: 0675 lr: 0.01 train_loss: 22651.7109 train_mapscore: 0.8793 time: 8.8251s
INFO:root:Epoch: 0680 lr: 0.01 train_loss: 22617.1406 train_mapscore: 0.8798 time: 8.5838s
INFO:root:Epoch: 0685 lr: 0.01 train_loss: 22583.0391 train_mapscore: 0.8808 time: 10.0189s
INFO:root:Epoch: 0690 lr: 0.01 train_loss: 22549.4336 train_mapscore: 0.8814 time: 8.9336s
INFO:root:Epoch: 0695 lr: 0.01 train_loss: 22516.3555 train_mapscore: 0.8819 time: 9.6455s
INFO:root:Epoch: 0700 lr: 0.01 train_loss: 22483.7441 train_mapscore: 0.8825 time: 9.4610s
INFO:root:Epoch: 0705 lr: 0.01 train_loss: 22451.3535 train_mapscore: 0.8830 time: 8.8283s
INFO:root:Epoch: 0710 lr: 0.01 train_loss: 22419.4492 train_mapscore: 0.8834 time: 8.8885s
INFO:root:Epoch: 0715 lr: 0.01 train_loss: 22388.1973 train_mapscore: 0.8838 time: 9.2817s
INFO:root:Epoch: 0720 lr: 0.01 train_loss: 22357.4492 train_mapscore: 0.8841 time: 9.0011s
INFO:root:Epoch: 0725 lr: 0.01 train_loss: 22327.1250 train_mapscore: 0.8845 time: 8.9493s
INFO:root:Epoch: 0730 lr: 0.01 train_loss: 22297.2031 train_mapscore: 0.8851 time: 9.4450s
INFO:root:Epoch: 0735 lr: 0.01 train_loss: 22267.7129 train_mapscore: 0.8856 time: 8.6558s
INFO:root:Epoch: 0740 lr: 0.01 train_loss: 22238.4863 train_mapscore: 0.8859 time: 9.0257s
INFO:root:Epoch: 0745 lr: 0.01 train_loss: 22209.6543 train_mapscore: 0.8863 time: 8.7056s
INFO:root:Epoch: 0750 lr: 0.01 train_loss: 22181.2305 train_mapscore: 0.8870 time: 8.5657s
INFO:root:Epoch: 0755 lr: 0.01 train_loss: 22153.2148 train_mapscore: 0.8874 time: 9.0454s
INFO:root:Epoch: 0760 lr: 0.01 train_loss: 22125.6055 train_mapscore: 0.8877 time: 8.5938s
INFO:root:Epoch: 0765 lr: 0.01 train_loss: 22098.4199 train_mapscore: 0.8882 time: 10.5325s
INFO:root:Epoch: 0770 lr: 0.01 train_loss: 22071.6348 train_mapscore: 0.8887 time: 8.7424s
INFO:root:Epoch: 0775 lr: 0.01 train_loss: 22045.1953 train_mapscore: 0.8889 time: 9.0456s
INFO:root:Epoch: 0780 lr: 0.01 train_loss: 22018.9414 train_mapscore: 0.8892 time: 9.1632s
INFO:root:Epoch: 0785 lr: 0.01 train_loss: 21992.8770 train_mapscore: 0.8897 time: 8.7119s
INFO:root:Epoch: 0790 lr: 0.01 train_loss: 21967.0430 train_mapscore: 0.8900 time: 9.2834s
INFO:root:Epoch: 0795 lr: 0.01 train_loss: 21941.5508 train_mapscore: 0.8904 time: 8.7007s
INFO:root:Epoch: 0800 lr: 0.01 train_loss: 21916.3945 train_mapscore: 0.8906 time: 8.8513s
INFO:root:Epoch: 0805 lr: 0.01 train_loss: 21891.5801 train_mapscore: 0.8912 time: 9.8823s
INFO:root:Epoch: 0810 lr: 0.01 train_loss: 21867.1113 train_mapscore: 0.8917 time: 8.5504s
INFO:root:Epoch: 0815 lr: 0.01 train_loss: 21842.6953 train_mapscore: 0.8922 time: 9.4906s
INFO:root:Epoch: 0820 lr: 0.01 train_loss: 21818.0234 train_mapscore: 0.8926 time: 8.7962s
INFO:root:Epoch: 0825 lr: 0.01 train_loss: 21793.5391 train_mapscore: 0.8930 time: 8.9236s
INFO:root:Epoch: 0830 lr: 0.01 train_loss: 21769.5742 train_mapscore: 0.8934 time: 9.4572s
INFO:root:Epoch: 0835 lr: 0.01 train_loss: 21746.1680 train_mapscore: 0.8938 time: 9.4525s
INFO:root:Epoch: 0840 lr: 0.01 train_loss: 21723.2422 train_mapscore: 0.8942 time: 8.6524s
INFO:root:Epoch: 0845 lr: 0.01 train_loss: 21700.7168 train_mapscore: 0.8945 time: 9.1618s
INFO:root:Epoch: 0850 lr: 0.01 train_loss: 21678.5293 train_mapscore: 0.8948 time: 8.6675s
INFO:root:Epoch: 0855 lr: 0.01 train_loss: 21656.6230 train_mapscore: 0.8951 time: 10.1310s
INFO:root:Epoch: 0860 lr: 0.01 train_loss: 21635.0234 train_mapscore: 0.8953 time: 9.5111s
INFO:root:Epoch: 0865 lr: 0.01 train_loss: 21613.7012 train_mapscore: 0.8955 time: 8.4435s
INFO:root:Epoch: 0870 lr: 0.01 train_loss: 21592.6328 train_mapscore: 0.8958 time: 9.8099s
INFO:root:Epoch: 0875 lr: 0.01 train_loss: 21571.7617 train_mapscore: 0.8963 time: 8.9209s
INFO:root:Epoch: 0880 lr: 0.01 train_loss: 21551.1406 train_mapscore: 0.8967 time: 8.6627s
INFO:root:Epoch: 0885 lr: 0.01 train_loss: 21530.7891 train_mapscore: 0.8969 time: 9.3959s
INFO:root:Epoch: 0890 lr: 0.01 train_loss: 21510.6953 train_mapscore: 0.8974 time: 8.8884s
INFO:root:Epoch: 0895 lr: 0.01 train_loss: 21490.8145 train_mapscore: 0.8978 time: 9.5212s
INFO:root:Epoch: 0900 lr: 0.01 train_loss: 21471.1992 train_mapscore: 0.8982 time: 8.7706s
INFO:root:Epoch: 0905 lr: 0.01 train_loss: 21451.8164 train_mapscore: 0.8986 time: 9.1341s
INFO:root:Epoch: 0910 lr: 0.01 train_loss: 21432.6309 train_mapscore: 0.8989 time: 9.3196s
INFO:root:Epoch: 0915 lr: 0.01 train_loss: 21413.6211 train_mapscore: 0.8990 time: 9.7998s
INFO:root:Epoch: 0920 lr: 0.01 train_loss: 21394.7617 train_mapscore: 0.8995 time: 9.2578s
INFO:root:Epoch: 0925 lr: 0.01 train_loss: 21376.0449 train_mapscore: 0.8997 time: 8.9835s
INFO:root:Epoch: 0930 lr: 0.01 train_loss: 21357.6289 train_mapscore: 0.8999 time: 8.7862s
INFO:root:Epoch: 0935 lr: 0.01 train_loss: 21339.3984 train_mapscore: 0.9003 time: 9.0767s
INFO:root:Epoch: 0940 lr: 0.01 train_loss: 21320.9863 train_mapscore: 0.9006 time: 9.7420s
INFO:root:Epoch: 0945 lr: 0.01 train_loss: 21302.4160 train_mapscore: 0.9008 time: 8.7991s
INFO:root:Epoch: 0950 lr: 0.01 train_loss: 21284.0410 train_mapscore: 0.9013 time: 9.8141s
INFO:root:Epoch: 0955 lr: 0.01 train_loss: 21265.9434 train_mapscore: 0.9016 time: 8.8702s
INFO:root:Epoch: 0960 lr: 0.01 train_loss: 21248.1328 train_mapscore: 0.9019 time: 8.4418s
INFO:root:Epoch: 0965 lr: 0.01 train_loss: 21230.6465 train_mapscore: 0.9022 time: 9.3655s
INFO:root:Epoch: 0970 lr: 0.01 train_loss: 21213.4355 train_mapscore: 0.9025 time: 8.7336s
INFO:root:Epoch: 0975 lr: 0.01 train_loss: 21196.5098 train_mapscore: 0.9027 time: 9.8755s
INFO:root:Epoch: 0980 lr: 0.01 train_loss: 21179.8730 train_mapscore: 0.9031 time: 9.1773s
INFO:root:Epoch: 0985 lr: 0.01 train_loss: 21163.4727 train_mapscore: 0.9032 time: 8.5411s
INFO:root:Epoch: 0990 lr: 0.01 train_loss: 21147.3184 train_mapscore: 0.9035 time: 9.5892s
INFO:root:Epoch: 0995 lr: 0.01 train_loss: 21131.4023 train_mapscore: 0.9037 time: 8.8683s
INFO:root:Epoch: 1000 lr: 0.01 train_loss: 21115.6582 train_mapscore: 0.9041 time: 9.9365s
INFO:root:Epoch: 1005 lr: 0.01 train_loss: 21099.9023 train_mapscore: 0.9044 time: 9.3813s
INFO:root:Epoch: 1010 lr: 0.01 train_loss: 21084.2363 train_mapscore: 0.9046 time: 9.2088s
INFO:root:Epoch: 1015 lr: 0.01 train_loss: 21068.7402 train_mapscore: 0.9049 time: 9.6329s
INFO:root:Epoch: 1020 lr: 0.01 train_loss: 21053.4102 train_mapscore: 0.9049 time: 8.8707s
INFO:root:Epoch: 1025 lr: 0.01 train_loss: 21038.2031 train_mapscore: 0.9052 time: 8.7186s
INFO:root:Epoch: 1030 lr: 0.01 train_loss: 21022.9668 train_mapscore: 0.9052 time: 9.1268s
INFO:root:Epoch: 1035 lr: 0.01 train_loss: 21008.0020 train_mapscore: 0.9054 time: 8.7285s
INFO:root:Epoch: 1040 lr: 0.01 train_loss: 20993.3242 train_mapscore: 0.9055 time: 9.0940s
INFO:root:Epoch: 1045 lr: 0.01 train_loss: 20978.8184 train_mapscore: 0.9057 time: 9.4788s
INFO:root:Epoch: 1050 lr: 0.01 train_loss: 20964.4707 train_mapscore: 0.9059 time: 8.8066s
INFO:root:Epoch: 1055 lr: 0.01 train_loss: 20950.3086 train_mapscore: 0.9063 time: 9.5564s
INFO:root:Epoch: 1060 lr: 0.01 train_loss: 20936.2852 train_mapscore: 0.9065 time: 8.9083s
INFO:root:Epoch: 1065 lr: 0.01 train_loss: 20922.4219 train_mapscore: 0.9068 time: 8.6120s
INFO:root:Epoch: 1070 lr: 0.01 train_loss: 20908.7012 train_mapscore: 0.9071 time: 9.5661s
INFO:root:Epoch: 1075 lr: 0.01 train_loss: 20895.1270 train_mapscore: 0.9073 time: 8.9894s
INFO:root:Epoch: 1080 lr: 0.01 train_loss: 20881.6660 train_mapscore: 0.9076 time: 9.6809s
INFO:root:Epoch: 1085 lr: 0.01 train_loss: 20868.2070 train_mapscore: 0.9077 time: 8.8701s
INFO:root:Epoch: 1090 lr: 0.01 train_loss: 20854.7949 train_mapscore: 0.9079 time: 8.9580s
INFO:root:Epoch: 1095 lr: 0.01 train_loss: 20841.4922 train_mapscore: 0.9081 time: 9.7244s
INFO:root:Epoch: 1100 lr: 0.01 train_loss: 20828.3281 train_mapscore: 0.9084 time: 8.9033s
INFO:root:Epoch: 1105 lr: 0.01 train_loss: 20815.2168 train_mapscore: 0.9085 time: 9.3088s
INFO:root:Epoch: 1110 lr: 0.01 train_loss: 20801.9336 train_mapscore: 0.9087 time: 8.9754s
INFO:root:Epoch: 1115 lr: 0.01 train_loss: 20788.6797 train_mapscore: 0.9088 time: 8.5627s
INFO:root:Epoch: 1120 lr: 0.01 train_loss: 20775.5664 train_mapscore: 0.9091 time: 9.5274s
INFO:root:Epoch: 1125 lr: 0.01 train_loss: 20762.3750 train_mapscore: 0.9096 time: 8.5985s
INFO:root:Epoch: 1130 lr: 0.01 train_loss: 20749.3496 train_mapscore: 0.9097 time: 9.0457s
INFO:root:Epoch: 1135 lr: 0.01 train_loss: 20736.5293 train_mapscore: 0.9098 time: 9.6601s
INFO:root:Epoch: 1140 lr: 0.01 train_loss: 20723.8730 train_mapscore: 0.9102 time: 8.5352s
INFO:root:Epoch: 1145 lr: 0.01 train_loss: 20711.3730 train_mapscore: 0.9103 time: 9.8400s
INFO:root:Epoch: 1150 lr: 0.01 train_loss: 20699.0781 train_mapscore: 0.9105 time: 8.6602s
INFO:root:Epoch: 1155 lr: 0.01 train_loss: 20686.9707 train_mapscore: 0.9107 time: 9.1238s
INFO:root:Epoch: 1160 lr: 0.01 train_loss: 20675.0117 train_mapscore: 0.9108 time: 9.7275s
INFO:root:Epoch: 1165 lr: 0.01 train_loss: 20663.0957 train_mapscore: 0.9107 time: 9.7818s
INFO:root:Epoch: 1170 lr: 0.01 train_loss: 20651.2734 train_mapscore: 0.9108 time: 8.9047s
INFO:root:Epoch: 1175 lr: 0.01 train_loss: 20639.5449 train_mapscore: 0.9109 time: 8.7083s
INFO:root:Epoch: 1180 lr: 0.01 train_loss: 20627.9180 train_mapscore: 0.9111 time: 8.7352s
INFO:root:Epoch: 1185 lr: 0.01 train_loss: 20616.3984 train_mapscore: 0.9112 time: 9.6849s
INFO:root:Epoch: 1190 lr: 0.01 train_loss: 20605.0254 train_mapscore: 0.9113 time: 8.7480s
INFO:root:Epoch: 1195 lr: 0.01 train_loss: 20593.7910 train_mapscore: 0.9114 time: 8.6329s
INFO:root:Epoch: 1200 lr: 0.01 train_loss: 20582.6738 train_mapscore: 0.9116 time: 9.3317s
INFO:root:Epoch: 1205 lr: 0.01 train_loss: 20571.6875 train_mapscore: 0.9116 time: 8.8105s
INFO:root:Epoch: 1210 lr: 0.01 train_loss: 20560.7910 train_mapscore: 0.9116 time: 8.8728s
INFO:root:Epoch: 1215 lr: 0.01 train_loss: 20549.9961 train_mapscore: 0.9119 time: 9.8548s
INFO:root:Epoch: 1220 lr: 0.01 train_loss: 20539.3281 train_mapscore: 0.9121 time: 10.2384s
INFO:root:Epoch: 1225 lr: 0.01 train_loss: 20528.7695 train_mapscore: 0.9122 time: 9.7718s
INFO:root:Epoch: 1230 lr: 0.01 train_loss: 20518.2988 train_mapscore: 0.9125 time: 9.3580s
INFO:root:Epoch: 1235 lr: 0.01 train_loss: 20507.8281 train_mapscore: 0.9127 time: 8.8030s
INFO:root:Epoch: 1240 lr: 0.01 train_loss: 20497.0723 train_mapscore: 0.9127 time: 8.5326s
INFO:root:Epoch: 1245 lr: 0.01 train_loss: 20485.7812 train_mapscore: 0.9128 time: 8.6658s
INFO:root:Epoch: 1250 lr: 0.01 train_loss: 20474.7344 train_mapscore: 0.9130 time: 9.1613s
INFO:root:Epoch: 1255 lr: 0.01 train_loss: 20464.0742 train_mapscore: 0.9132 time: 8.5324s
INFO:root:Epoch: 1260 lr: 0.01 train_loss: 20453.7363 train_mapscore: 0.9132 time: 9.3504s
INFO:root:Epoch: 1265 lr: 0.01 train_loss: 20443.6270 train_mapscore: 0.9134 time: 9.3861s
INFO:root:Epoch: 1270 lr: 0.01 train_loss: 20433.6816 train_mapscore: 0.9135 time: 8.9831s
INFO:root:Epoch: 1275 lr: 0.01 train_loss: 20423.8672 train_mapscore: 0.9135 time: 9.2290s
INFO:root:Epoch: 1280 lr: 0.01 train_loss: 20414.1309 train_mapscore: 0.9136 time: 8.7498s
INFO:root:Epoch: 1285 lr: 0.01 train_loss: 20404.3535 train_mapscore: 0.9137 time: 8.5242s
INFO:root:Epoch: 1290 lr: 0.01 train_loss: 20394.6660 train_mapscore: 0.9140 time: 8.8718s
INFO:root:Epoch: 1295 lr: 0.01 train_loss: 20385.0527 train_mapscore: 0.9142 time: 9.3728s
INFO:root:Epoch: 1300 lr: 0.01 train_loss: 20375.5664 train_mapscore: 0.9145 time: 8.8013s
INFO:root:Epoch: 1305 lr: 0.01 train_loss: 20366.1562 train_mapscore: 0.9147 time: 8.5983s
INFO:root:Epoch: 1310 lr: 0.01 train_loss: 20356.7637 train_mapscore: 0.9148 time: 8.5628s
INFO:root:Epoch: 1315 lr: 0.01 train_loss: 20347.4180 train_mapscore: 0.9151 time: 9.1799s
INFO:root:Epoch: 1320 lr: 0.01 train_loss: 20338.1836 train_mapscore: 0.9152 time: 9.0011s
INFO:root:Epoch: 1325 lr: 0.01 train_loss: 20328.9824 train_mapscore: 0.9155 time: 8.7475s
INFO:root:Epoch: 1330 lr: 0.01 train_loss: 20319.8867 train_mapscore: 0.9157 time: 8.8027s
INFO:root:Epoch: 1335 lr: 0.01 train_loss: 20310.8691 train_mapscore: 0.9158 time: 8.7808s
INFO:root:Epoch: 1340 lr: 0.01 train_loss: 20301.8906 train_mapscore: 0.9160 time: 8.5600s
INFO:root:Epoch: 1345 lr: 0.01 train_loss: 20293.0371 train_mapscore: 0.9162 time: 8.9324s
INFO:root:Epoch: 1350 lr: 0.01 train_loss: 20284.2754 train_mapscore: 0.9167 time: 8.8099s
INFO:root:Epoch: 1355 lr: 0.01 train_loss: 20275.6016 train_mapscore: 0.9167 time: 9.4158s
INFO:root:Epoch: 1360 lr: 0.01 train_loss: 20267.0195 train_mapscore: 0.9170 time: 9.2333s
INFO:root:Epoch: 1365 lr: 0.01 train_loss: 20258.5156 train_mapscore: 0.9171 time: 8.6269s
INFO:root:Epoch: 1370 lr: 0.01 train_loss: 20250.0742 train_mapscore: 0.9173 time: 9.4152s
INFO:root:Epoch: 1375 lr: 0.01 train_loss: 20241.6250 train_mapscore: 0.9176 time: 8.2229s
INFO:root:Epoch: 1380 lr: 0.01 train_loss: 20233.2227 train_mapscore: 0.9178 time: 8.8506s
INFO:root:Epoch: 1385 lr: 0.01 train_loss: 20224.8828 train_mapscore: 0.9179 time: 8.7028s
INFO:root:Epoch: 1390 lr: 0.01 train_loss: 20216.6074 train_mapscore: 0.9179 time: 10.7790s
INFO:root:Epoch: 1395 lr: 0.01 train_loss: 20208.4082 train_mapscore: 0.9181 time: 9.5712s
INFO:root:Epoch: 1400 lr: 0.01 train_loss: 20200.2852 train_mapscore: 0.9183 time: 8.9066s
INFO:root:Epoch: 1405 lr: 0.01 train_loss: 20192.2383 train_mapscore: 0.9185 time: 9.9306s
INFO:root:Epoch: 1410 lr: 0.01 train_loss: 20184.2578 train_mapscore: 0.9187 time: 9.4321s
INFO:root:Epoch: 1415 lr: 0.01 train_loss: 20176.3301 train_mapscore: 0.9189 time: 9.3043s
INFO:root:Epoch: 1420 lr: 0.01 train_loss: 20168.4297 train_mapscore: 0.9190 time: 9.5592s
INFO:root:Epoch: 1425 lr: 0.01 train_loss: 20160.2441 train_mapscore: 0.9190 time: 8.6723s
INFO:root:Epoch: 1430 lr: 0.01 train_loss: 20151.9648 train_mapscore: 0.9192 time: 8.7600s
INFO:root:Epoch: 1435 lr: 0.01 train_loss: 20143.6680 train_mapscore: 0.9194 time: 9.0449s
INFO:root:Epoch: 1440 lr: 0.01 train_loss: 20135.3848 train_mapscore: 0.9196 time: 8.4020s
INFO:root:Epoch: 1445 lr: 0.01 train_loss: 20127.2402 train_mapscore: 0.9196 time: 8.7291s
INFO:root:Epoch: 1450 lr: 0.01 train_loss: 20119.2754 train_mapscore: 0.9198 time: 8.9167s
INFO:root:Epoch: 1455 lr: 0.01 train_loss: 20111.4082 train_mapscore: 0.9200 time: 9.8485s
INFO:root:Epoch: 1460 lr: 0.01 train_loss: 20103.6465 train_mapscore: 0.9200 time: 9.3573s
INFO:root:Epoch: 1465 lr: 0.01 train_loss: 20095.9863 train_mapscore: 0.9203 time: 9.6900s
INFO:root:Epoch: 1470 lr: 0.01 train_loss: 20088.4160 train_mapscore: 0.9203 time: 8.7940s
INFO:root:Epoch: 1475 lr: 0.01 train_loss: 20080.9121 train_mapscore: 0.9204 time: 9.0026s
INFO:root:Epoch: 1480 lr: 0.01 train_loss: 20073.4707 train_mapscore: 0.9208 time: 8.3379s
INFO:root:Epoch: 1485 lr: 0.01 train_loss: 20066.0879 train_mapscore: 0.9209 time: 8.7172s
INFO:root:Epoch: 1490 lr: 0.01 train_loss: 20058.7324 train_mapscore: 0.9211 time: 8.9667s
INFO:root:Epoch: 1495 lr: 0.01 train_loss: 20051.4258 train_mapscore: 0.9212 time: 9.4518s
INFO:root:Epoch: 1500 lr: 0.01 train_loss: 20044.2129 train_mapscore: 0.9213 time: 9.1220s
INFO:root:Epoch: 1505 lr: 0.01 train_loss: 20037.0645 train_mapscore: 0.9214 time: 9.4502s
INFO:root:Epoch: 1510 lr: 0.01 train_loss: 20029.9707 train_mapscore: 0.9216 time: 9.3793s
INFO:root:Epoch: 1515 lr: 0.01 train_loss: 20022.9316 train_mapscore: 0.9220 time: 8.8531s
INFO:root:Epoch: 1520 lr: 0.01 train_loss: 20015.9473 train_mapscore: 0.9223 time: 8.8724s
INFO:root:Epoch: 1525 lr: 0.01 train_loss: 20009.0078 train_mapscore: 0.9227 time: 9.0371s
INFO:root:Epoch: 1530 lr: 0.01 train_loss: 20002.1211 train_mapscore: 0.9230 time: 8.5958s
INFO:root:Epoch: 1535 lr: 0.01 train_loss: 19995.2832 train_mapscore: 0.9230 time: 9.6846s
INFO:root:Epoch: 1540 lr: 0.01 train_loss: 19988.4863 train_mapscore: 0.9231 time: 8.6403s
INFO:root:Epoch: 1545 lr: 0.01 train_loss: 19981.7383 train_mapscore: 0.9233 time: 9.1276s
INFO:root:Epoch: 1550 lr: 0.01 train_loss: 19975.0332 train_mapscore: 0.9234 time: 10.0526s
INFO:root:Epoch: 1555 lr: 0.01 train_loss: 19968.3789 train_mapscore: 0.9236 time: 9.0088s
INFO:root:Epoch: 1560 lr: 0.01 train_loss: 19961.7637 train_mapscore: 0.9238 time: 9.0530s
INFO:root:Epoch: 1565 lr: 0.01 train_loss: 19955.1816 train_mapscore: 0.9238 time: 9.0190s
INFO:root:Epoch: 1570 lr: 0.01 train_loss: 19948.6426 train_mapscore: 0.9240 time: 8.6724s
INFO:root:Epoch: 1575 lr: 0.01 train_loss: 19942.1523 train_mapscore: 0.9241 time: 9.4336s
INFO:root:Epoch: 1580 lr: 0.01 train_loss: 19935.7168 train_mapscore: 0.9241 time: 9.3181s
INFO:root:Epoch: 1585 lr: 0.01 train_loss: 19929.3262 train_mapscore: 0.9243 time: 9.0032s
INFO:root:Epoch: 1590 lr: 0.01 train_loss: 19922.9668 train_mapscore: 0.9249 time: 9.0321s
INFO:root:Epoch: 1595 lr: 0.01 train_loss: 19916.6172 train_mapscore: 0.9251 time: 8.6732s
INFO:root:Epoch: 1600 lr: 0.01 train_loss: 19910.3262 train_mapscore: 0.9252 time: 9.0228s
INFO:root:Epoch: 1605 lr: 0.01 train_loss: 19903.9746 train_mapscore: 0.9253 time: 9.5646s
INFO:root:Epoch: 1610 lr: 0.01 train_loss: 19897.6777 train_mapscore: 0.9254 time: 8.8278s
INFO:root:Epoch: 1615 lr: 0.01 train_loss: 19891.5059 train_mapscore: 0.9255 time: 9.2500s
INFO:root:Epoch: 1620 lr: 0.01 train_loss: 19885.3887 train_mapscore: 0.9256 time: 9.0587s
INFO:root:Epoch: 1625 lr: 0.01 train_loss: 19879.3086 train_mapscore: 0.9256 time: 8.9796s
INFO:root:Epoch: 1630 lr: 0.01 train_loss: 19873.2285 train_mapscore: 0.9257 time: 9.1553s
INFO:root:Epoch: 1635 lr: 0.01 train_loss: 19867.1035 train_mapscore: 0.9258 time: 9.0718s
INFO:root:Epoch: 1640 lr: 0.01 train_loss: 19861.0488 train_mapscore: 0.9261 time: 9.8562s
INFO:root:Epoch: 1645 lr: 0.01 train_loss: 19855.0430 train_mapscore: 0.9261 time: 9.1416s
INFO:root:Epoch: 1650 lr: 0.01 train_loss: 19849.0059 train_mapscore: 0.9262 time: 8.7949s
INFO:root:Epoch: 1655 lr: 0.01 train_loss: 19842.9766 train_mapscore: 0.9262 time: 9.4927s
INFO:root:Epoch: 1660 lr: 0.01 train_loss: 19837.0508 train_mapscore: 0.9263 time: 8.4493s
INFO:root:Epoch: 1665 lr: 0.01 train_loss: 19831.1680 train_mapscore: 0.9263 time: 9.0578s
INFO:root:Epoch: 1670 lr: 0.01 train_loss: 19825.3145 train_mapscore: 0.9267 time: 8.6771s
INFO:root:Epoch: 1675 lr: 0.01 train_loss: 19819.4961 train_mapscore: 0.9267 time: 8.9215s
INFO:root:Epoch: 1680 lr: 0.01 train_loss: 19813.6738 train_mapscore: 0.9269 time: 9.6546s
INFO:root:Epoch: 1685 lr: 0.01 train_loss: 19807.7715 train_mapscore: 0.9269 time: 9.0093s
INFO:root:Epoch: 1690 lr: 0.01 train_loss: 19801.8789 train_mapscore: 0.9272 time: 9.1916s
INFO:root:Epoch: 1695 lr: 0.01 train_loss: 19796.0547 train_mapscore: 0.9274 time: 9.5983s
INFO:root:Epoch: 1700 lr: 0.01 train_loss: 19790.1680 train_mapscore: 0.9274 time: 8.5675s
INFO:root:Epoch: 1705 lr: 0.01 train_loss: 19784.2148 train_mapscore: 0.9276 time: 9.7636s
INFO:root:Epoch: 1710 lr: 0.01 train_loss: 19778.3809 train_mapscore: 0.9279 time: 9.8431s
INFO:root:Epoch: 1715 lr: 0.01 train_loss: 19772.6641 train_mapscore: 0.9279 time: 8.8232s
INFO:root:Epoch: 1720 lr: 0.01 train_loss: 19767.0312 train_mapscore: 0.9281 time: 9.5417s
INFO:root:Epoch: 1725 lr: 0.01 train_loss: 19761.4551 train_mapscore: 0.9284 time: 8.6323s
INFO:root:Epoch: 1730 lr: 0.01 train_loss: 19755.9395 train_mapscore: 0.9285 time: 9.2673s
INFO:root:Epoch: 1735 lr: 0.01 train_loss: 19750.4922 train_mapscore: 0.9285 time: 9.4316s
INFO:root:Epoch: 1740 lr: 0.01 train_loss: 19745.0723 train_mapscore: 0.9284 time: 8.5131s
INFO:root:Epoch: 1745 lr: 0.01 train_loss: 19739.6582 train_mapscore: 0.9284 time: 8.9478s
INFO:root:Epoch: 1750 lr: 0.01 train_loss: 19734.2578 train_mapscore: 0.9287 time: 9.6409s
INFO:root:Epoch: 1755 lr: 0.01 train_loss: 19728.8828 train_mapscore: 0.9289 time: 8.9307s
INFO:root:Epoch: 1760 lr: 0.01 train_loss: 19723.5586 train_mapscore: 0.9291 time: 8.9887s
INFO:root:Epoch: 1765 lr: 0.01 train_loss: 19718.2891 train_mapscore: 0.9293 time: 8.7420s
INFO:root:Epoch: 1770 lr: 0.01 train_loss: 19713.0645 train_mapscore: 0.9293 time: 8.9999s
INFO:root:Epoch: 1775 lr: 0.01 train_loss: 19707.8809 train_mapscore: 0.9295 time: 9.3257s
INFO:root:Epoch: 1780 lr: 0.01 train_loss: 19702.6934 train_mapscore: 0.9295 time: 9.0004s
INFO:root:Epoch: 1785 lr: 0.01 train_loss: 19697.4570 train_mapscore: 0.9301 time: 8.9516s
INFO:root:Epoch: 1790 lr: 0.01 train_loss: 19692.2734 train_mapscore: 0.9301 time: 9.2896s
INFO:root:Epoch: 1795 lr: 0.01 train_loss: 19687.0000 train_mapscore: 0.9302 time: 9.5374s
INFO:root:Epoch: 1800 lr: 0.01 train_loss: 19681.7422 train_mapscore: 0.9304 time: 8.8365s
INFO:root:Epoch: 1805 lr: 0.01 train_loss: 19676.6367 train_mapscore: 0.9306 time: 8.7513s
INFO:root:Epoch: 1810 lr: 0.01 train_loss: 19671.3926 train_mapscore: 0.9308 time: 11.0394s
INFO:root:Epoch: 1815 lr: 0.01 train_loss: 19665.7617 train_mapscore: 0.9310 time: 10.3630s
INFO:root:Epoch: 1820 lr: 0.01 train_loss: 19660.0430 train_mapscore: 0.9310 time: 8.7727s
INFO:root:Epoch: 1825 lr: 0.01 train_loss: 19654.5000 train_mapscore: 0.9313 time: 8.7629s
INFO:root:Epoch: 1830 lr: 0.01 train_loss: 19649.0430 train_mapscore: 0.9315 time: 9.6161s
INFO:root:Epoch: 1835 lr: 0.01 train_loss: 19643.7715 train_mapscore: 0.9317 time: 9.0359s
INFO:root:Epoch: 1840 lr: 0.01 train_loss: 19638.6484 train_mapscore: 0.9318 time: 8.9867s
INFO:root:Epoch: 1845 lr: 0.01 train_loss: 19633.6367 train_mapscore: 0.9321 time: 9.3704s
INFO:root:Epoch: 1850 lr: 0.01 train_loss: 19628.6992 train_mapscore: 0.9321 time: 9.1949s
INFO:root:Epoch: 1855 lr: 0.01 train_loss: 19623.8457 train_mapscore: 0.9322 time: 8.5779s
INFO:root:Epoch: 1860 lr: 0.01 train_loss: 19619.0527 train_mapscore: 0.9321 time: 8.8200s
INFO:root:Epoch: 1865 lr: 0.01 train_loss: 19614.1406 train_mapscore: 0.9322 time: 9.5630s
INFO:root:Epoch: 1870 lr: 0.01 train_loss: 19608.9688 train_mapscore: 0.9325 time: 9.2945s
INFO:root:Epoch: 1875 lr: 0.01 train_loss: 19603.8262 train_mapscore: 0.9327 time: 9.0245s
INFO:root:Epoch: 1880 lr: 0.01 train_loss: 19598.8086 train_mapscore: 0.9329 time: 8.9728s
INFO:root:Epoch: 1885 lr: 0.01 train_loss: 19593.8574 train_mapscore: 0.9331 time: 10.3223s
INFO:root:Epoch: 1890 lr: 0.01 train_loss: 19589.0508 train_mapscore: 0.9333 time: 9.2041s
INFO:root:Epoch: 1895 lr: 0.01 train_loss: 19584.3711 train_mapscore: 0.9335 time: 8.8759s
INFO:root:Epoch: 1900 lr: 0.01 train_loss: 19579.7734 train_mapscore: 0.9335 time: 9.3750s
INFO:root:Epoch: 1905 lr: 0.01 train_loss: 19575.2383 train_mapscore: 0.9337 time: 9.6805s
INFO:root:Epoch: 1910 lr: 0.01 train_loss: 19570.7598 train_mapscore: 0.9338 time: 9.1641s
INFO:root:Epoch: 1915 lr: 0.01 train_loss: 19566.3262 train_mapscore: 0.9339 time: 8.6364s
INFO:root:Epoch: 1920 lr: 0.01 train_loss: 19561.9375 train_mapscore: 0.9339 time: 8.8064s
INFO:root:Epoch: 1925 lr: 0.01 train_loss: 19557.5840 train_mapscore: 0.9339 time: 9.0793s
INFO:root:Epoch: 1930 lr: 0.01 train_loss: 19553.2695 train_mapscore: 0.9339 time: 8.9963s
INFO:root:Epoch: 1935 lr: 0.01 train_loss: 19548.9805 train_mapscore: 0.9339 time: 8.7757s
INFO:root:Epoch: 1940 lr: 0.01 train_loss: 19544.6270 train_mapscore: 0.9341 time: 9.2693s
INFO:root:Epoch: 1945 lr: 0.01 train_loss: 19540.1758 train_mapscore: 0.9341 time: 8.3826s
INFO:root:Epoch: 1950 lr: 0.01 train_loss: 19535.6133 train_mapscore: 0.9344 time: 8.8625s
INFO:root:Epoch: 1955 lr: 0.01 train_loss: 19531.1270 train_mapscore: 0.9346 time: 9.7996s
INFO:root:Epoch: 1960 lr: 0.01 train_loss: 19526.7383 train_mapscore: 0.9347 time: 10.3319s
INFO:root:Epoch: 1965 lr: 0.01 train_loss: 19522.4238 train_mapscore: 0.9351 time: 8.9420s
INFO:root:Epoch: 1970 lr: 0.01 train_loss: 19518.0957 train_mapscore: 0.9351 time: 8.5665s
INFO:root:Epoch: 1975 lr: 0.01 train_loss: 19512.9980 train_mapscore: 0.9352 time: 8.7081s
INFO:root:Epoch: 1980 lr: 0.01 train_loss: 19508.1914 train_mapscore: 0.9351 time: 10.0600s
INFO:root:Epoch: 1985 lr: 0.01 train_loss: 19503.7910 train_mapscore: 0.9353 time: 9.1026s
INFO:root:Epoch: 1990 lr: 0.01 train_loss: 19499.5312 train_mapscore: 0.9356 time: 8.9115s
INFO:root:Epoch: 1995 lr: 0.01 train_loss: 19495.3105 train_mapscore: 0.9357 time: 8.7413s
INFO:root:Epoch: 2000 lr: 0.0025 train_loss: 19491.1504 train_mapscore: 0.9358 time: 9.4780s
INFO:root:Optimization Finished!
INFO:root:Total time elapsed: 18307.4256s
INFO:root:Val set results: val_distortion: 1.0000 val_mapscore: -1.0000
INFO:root:Test set results: test_loss: 19490.3301 test_mapscore: 0.9359
INFO:root:Saved model in /home/xiongbo/hgcn/logs/md/2021_4_3/39
