INFO:root:Using: cpu
INFO:root:Using seed 1234.
INFO:root:MDModel(
  (encoder): MLP(
    (layers): Sequential(
      (0): Linear(
        (linear): Linear(in_features=516, out_features=10, bias=True)
      )
    )
  )
  (decoder): MDDecoder()
)
INFO:root:Total number of parameters: 5170
/home/xiongbo/anaconda3/envs/geometry/lib/python3.7/site-packages/torch/optim/lr_scheduler.py:370: UserWarning: To get the last learning rate computed by the scheduler, please use `get_last_lr()`.
  "please use `get_last_lr()`.", UserWarning)
INFO:root:Epoch: 0005 lr: 0.01 train_loss: 14765.4355 train_mapscore: 0.2004 time: 0.1318s
INFO:root:Epoch: 0010 lr: 0.01 train_loss: 14643.2842 train_mapscore: 0.3599 time: 0.0888s
INFO:root:Epoch: 0015 lr: 0.01 train_loss: 14383.2070 train_mapscore: 0.4820 time: 0.0965s
INFO:root:Epoch: 0020 lr: 0.01 train_loss: 13950.5889 train_mapscore: 0.5303 time: 0.0887s
INFO:root:Epoch: 0025 lr: 0.01 train_loss: 13334.6201 train_mapscore: 0.5629 time: 0.0840s
INFO:root:Epoch: 0030 lr: 0.01 train_loss: 12537.7236 train_mapscore: 0.5862 time: 0.0879s
INFO:root:Epoch: 0035 lr: 0.01 train_loss: 11590.6738 train_mapscore: 0.6052 time: 0.0834s
INFO:root:Epoch: 0040 lr: 0.01 train_loss: 10545.8242 train_mapscore: 0.6255 time: 0.0846s
INFO:root:Epoch: 0045 lr: 0.01 train_loss: 9473.4463 train_mapscore: 0.6442 time: 0.0820s
INFO:root:Epoch: 0050 lr: 0.01 train_loss: 8446.9893 train_mapscore: 0.6626 time: 0.0823s
INFO:root:Epoch: 0055 lr: 0.01 train_loss: 7525.6558 train_mapscore: 0.6877 time: 0.0827s
INFO:root:Epoch: 0060 lr: 0.01 train_loss: 6738.2002 train_mapscore: 0.7196 time: 0.0837s
INFO:root:Epoch: 0065 lr: 0.01 train_loss: 6085.8906 train_mapscore: 0.7507 time: 0.0862s
INFO:root:Epoch: 0070 lr: 0.01 train_loss: 5553.2759 train_mapscore: 0.7786 time: 0.0870s
INFO:root:Epoch: 0075 lr: 0.01 train_loss: 5119.4834 train_mapscore: 0.8067 time: 0.1348s
INFO:root:Epoch: 0080 lr: 0.01 train_loss: 4764.4346 train_mapscore: 0.8350 time: 0.0953s
INFO:root:Epoch: 0085 lr: 0.01 train_loss: 4471.9751 train_mapscore: 0.8558 time: 0.0797s
INFO:root:Epoch: 0090 lr: 0.01 train_loss: 4233.1196 train_mapscore: 0.8738 time: 0.1108s
INFO:root:Epoch: 0095 lr: 0.01 train_loss: 4043.5874 train_mapscore: 0.8929 time: 0.0785s
INFO:root:Epoch: 0100 lr: 0.01 train_loss: 3897.0620 train_mapscore: 0.9046 time: 0.0863s
INFO:root:Epoch: 0105 lr: 0.01 train_loss: 3784.0649 train_mapscore: 0.9140 time: 0.0786s
INFO:root:Epoch: 0110 lr: 0.01 train_loss: 3695.6382 train_mapscore: 0.9229 time: 0.0942s
INFO:root:Epoch: 0115 lr: 0.01 train_loss: 3624.4556 train_mapscore: 0.9348 time: 0.0771s
INFO:root:Epoch: 0120 lr: 0.01 train_loss: 3565.5427 train_mapscore: 0.9401 time: 0.0797s
INFO:root:Epoch: 0125 lr: 0.01 train_loss: 3515.5088 train_mapscore: 0.9477 time: 0.0781s
INFO:root:Epoch: 0130 lr: 0.01 train_loss: 3472.2991 train_mapscore: 0.9502 time: 0.0753s
INFO:root:Epoch: 0135 lr: 0.01 train_loss: 3434.6995 train_mapscore: 0.9526 time: 0.0843s
INFO:root:Epoch: 0140 lr: 0.01 train_loss: 3401.8018 train_mapscore: 0.9574 time: 0.0754s
INFO:root:Epoch: 0145 lr: 0.01 train_loss: 3372.7925 train_mapscore: 0.9578 time: 0.0793s
INFO:root:Epoch: 0150 lr: 0.01 train_loss: 3347.0752 train_mapscore: 0.9592 time: 0.0729s
INFO:root:Epoch: 0155 lr: 0.01 train_loss: 3324.1614 train_mapscore: 0.9606 time: 0.0785s
INFO:root:Epoch: 0160 lr: 0.01 train_loss: 3303.6199 train_mapscore: 0.9638 time: 0.0760s
INFO:root:Epoch: 0165 lr: 0.01 train_loss: 3285.1094 train_mapscore: 0.9665 time: 0.0751s
INFO:root:Epoch: 0170 lr: 0.01 train_loss: 3268.3694 train_mapscore: 0.9666 time: 0.0787s
INFO:root:Epoch: 0175 lr: 0.01 train_loss: 3253.1689 train_mapscore: 0.9672 time: 0.0743s
INFO:root:Epoch: 0180 lr: 0.01 train_loss: 3239.3154 train_mapscore: 0.9677 time: 0.0789s
INFO:root:Epoch: 0185 lr: 0.01 train_loss: 3226.6738 train_mapscore: 0.9680 time: 0.0788s
INFO:root:Epoch: 0190 lr: 0.01 train_loss: 3215.1011 train_mapscore: 0.9692 time: 0.0780s
INFO:root:Epoch: 0195 lr: 0.01 train_loss: 3204.4917 train_mapscore: 0.9691 time: 0.0744s
INFO:root:Epoch: 0200 lr: 0.01 train_loss: 3194.7410 train_mapscore: 0.9711 time: 0.0774s
INFO:root:Epoch: 0205 lr: 0.01 train_loss: 3185.7554 train_mapscore: 0.9713 time: 0.0799s
INFO:root:Epoch: 0210 lr: 0.01 train_loss: 3177.4607 train_mapscore: 0.9720 time: 0.0774s
INFO:root:Epoch: 0215 lr: 0.01 train_loss: 3169.7727 train_mapscore: 0.9722 time: 0.0775s
INFO:root:Epoch: 0220 lr: 0.01 train_loss: 3162.6233 train_mapscore: 0.9729 time: 0.0785s
INFO:root:Epoch: 0225 lr: 0.01 train_loss: 3155.9741 train_mapscore: 0.9726 time: 0.0759s
INFO:root:Epoch: 0230 lr: 0.01 train_loss: 3149.7786 train_mapscore: 0.9735 time: 0.0812s
INFO:root:Epoch: 0235 lr: 0.01 train_loss: 3143.9775 train_mapscore: 0.9741 time: 0.0793s
INFO:root:Epoch: 0240 lr: 0.01 train_loss: 3138.5447 train_mapscore: 0.9737 time: 0.0823s
INFO:root:Epoch: 0245 lr: 0.01 train_loss: 3133.4395 train_mapscore: 0.9757 time: 0.0791s
INFO:root:Epoch: 0250 lr: 0.01 train_loss: 3128.6331 train_mapscore: 0.9763 time: 0.0788s
INFO:root:Epoch: 0255 lr: 0.01 train_loss: 3124.1016 train_mapscore: 0.9774 time: 0.0783s
INFO:root:Epoch: 0260 lr: 0.01 train_loss: 3119.8276 train_mapscore: 0.9774 time: 0.0785s
INFO:root:Epoch: 0265 lr: 0.01 train_loss: 3115.7964 train_mapscore: 0.9775 time: 0.0808s
INFO:root:Epoch: 0270 lr: 0.01 train_loss: 3111.9802 train_mapscore: 0.9785 time: 0.0774s
INFO:root:Epoch: 0275 lr: 0.01 train_loss: 3108.3640 train_mapscore: 0.9800 time: 0.0788s
INFO:root:Epoch: 0280 lr: 0.01 train_loss: 3104.9341 train_mapscore: 0.9810 time: 0.0783s
INFO:root:Epoch: 0285 lr: 0.01 train_loss: 3101.6838 train_mapscore: 0.9810 time: 0.0820s
INFO:root:Epoch: 0290 lr: 0.01 train_loss: 3098.5942 train_mapscore: 0.9813 time: 0.0783s
INFO:root:Epoch: 0295 lr: 0.01 train_loss: 3095.6475 train_mapscore: 0.9814 time: 0.0783s
INFO:root:Epoch: 0300 lr: 0.01 train_loss: 3092.8398 train_mapscore: 0.9818 time: 0.0829s
INFO:root:Epoch: 0305 lr: 0.01 train_loss: 3090.1704 train_mapscore: 0.9828 time: 0.0775s
INFO:root:Epoch: 0310 lr: 0.01 train_loss: 3087.6140 train_mapscore: 0.9828 time: 0.0806s
INFO:root:Epoch: 0315 lr: 0.01 train_loss: 3085.1633 train_mapscore: 0.9833 time: 0.0809s
INFO:root:Epoch: 0320 lr: 0.01 train_loss: 3082.8125 train_mapscore: 0.9834 time: 0.0810s
INFO:root:Epoch: 0325 lr: 0.01 train_loss: 3080.5583 train_mapscore: 0.9834 time: 0.0755s
INFO:root:Epoch: 0330 lr: 0.01 train_loss: 3078.3940 train_mapscore: 0.9835 time: 0.0813s
INFO:root:Epoch: 0335 lr: 0.01 train_loss: 3076.3113 train_mapscore: 0.9835 time: 0.0782s
INFO:root:Epoch: 0340 lr: 0.01 train_loss: 3074.3086 train_mapscore: 0.9835 time: 0.0817s
INFO:root:Epoch: 0345 lr: 0.01 train_loss: 3072.3801 train_mapscore: 0.9835 time: 0.0775s
INFO:root:Epoch: 0350 lr: 0.01 train_loss: 3070.5220 train_mapscore: 0.9835 time: 0.0782s
INFO:root:Epoch: 0355 lr: 0.01 train_loss: 3068.7310 train_mapscore: 0.9835 time: 0.0803s
INFO:root:Epoch: 0360 lr: 0.01 train_loss: 3067.0034 train_mapscore: 0.9840 time: 0.0815s
INFO:root:Epoch: 0365 lr: 0.01 train_loss: 3065.3362 train_mapscore: 0.9840 time: 0.0799s
INFO:root:Epoch: 0370 lr: 0.01 train_loss: 3063.7266 train_mapscore: 0.9842 time: 0.0817s
INFO:root:Epoch: 0375 lr: 0.01 train_loss: 3062.1719 train_mapscore: 0.9843 time: 0.0779s
INFO:root:Epoch: 0380 lr: 0.01 train_loss: 3060.6704 train_mapscore: 0.9843 time: 0.0779s
INFO:root:Epoch: 0385 lr: 0.01 train_loss: 3059.2178 train_mapscore: 0.9843 time: 0.0786s
INFO:root:Epoch: 0390 lr: 0.01 train_loss: 3057.8140 train_mapscore: 0.9850 time: 0.0789s
INFO:root:Epoch: 0395 lr: 0.01 train_loss: 3056.4563 train_mapscore: 0.9850 time: 0.0787s
INFO:root:Epoch: 0400 lr: 0.01 train_loss: 3055.1416 train_mapscore: 0.9850 time: 0.0798s
INFO:root:Epoch: 0405 lr: 0.01 train_loss: 3053.8691 train_mapscore: 0.9851 time: 0.0795s
INFO:root:Epoch: 0410 lr: 0.01 train_loss: 3052.6355 train_mapscore: 0.9851 time: 0.0810s
INFO:root:Epoch: 0415 lr: 0.01 train_loss: 3051.4407 train_mapscore: 0.9851 time: 0.0832s
INFO:root:Epoch: 0420 lr: 0.01 train_loss: 3050.2817 train_mapscore: 0.9852 time: 0.0786s
INFO:root:Epoch: 0425 lr: 0.01 train_loss: 3049.1582 train_mapscore: 0.9862 time: 0.0751s
INFO:root:Epoch: 0430 lr: 0.01 train_loss: 3048.0669 train_mapscore: 0.9863 time: 0.0787s
INFO:root:Epoch: 0435 lr: 0.01 train_loss: 3047.0068 train_mapscore: 0.9866 time: 0.0775s
INFO:root:Epoch: 0440 lr: 0.01 train_loss: 3045.9785 train_mapscore: 0.9866 time: 0.0808s
INFO:root:Epoch: 0445 lr: 0.01 train_loss: 3044.9768 train_mapscore: 0.9866 time: 0.0795s
INFO:root:Epoch: 0450 lr: 0.01 train_loss: 3044.0037 train_mapscore: 0.9867 time: 0.0785s
INFO:root:Epoch: 0455 lr: 0.01 train_loss: 3043.0566 train_mapscore: 0.9879 time: 0.0818s
INFO:root:Epoch: 0460 lr: 0.01 train_loss: 3042.1350 train_mapscore: 0.9880 time: 0.0766s
INFO:root:Epoch: 0465 lr: 0.01 train_loss: 3041.2378 train_mapscore: 0.9880 time: 0.0794s
INFO:root:Epoch: 0470 lr: 0.01 train_loss: 3040.3643 train_mapscore: 0.9880 time: 0.0781s
INFO:root:Epoch: 0475 lr: 0.01 train_loss: 3039.5132 train_mapscore: 0.9881 time: 0.0779s
INFO:root:Epoch: 0480 lr: 0.01 train_loss: 3038.6843 train_mapscore: 0.9881 time: 0.0783s
INFO:root:Epoch: 0485 lr: 0.01 train_loss: 3037.8765 train_mapscore: 0.9881 time: 0.0784s
INFO:root:Epoch: 0490 lr: 0.01 train_loss: 3037.0891 train_mapscore: 0.9891 time: 0.0780s
INFO:root:Epoch: 0495 lr: 0.01 train_loss: 3036.3223 train_mapscore: 0.9892 time: 0.0765s
INFO:root:Epoch: 0500 lr: 0.01 train_loss: 3035.5752 train_mapscore: 0.9902 time: 0.1112s
INFO:root:Epoch: 0505 lr: 0.01 train_loss: 3034.8462 train_mapscore: 0.9902 time: 0.0772s
INFO:root:Epoch: 0510 lr: 0.01 train_loss: 3034.1367 train_mapscore: 0.9902 time: 0.0774s
INFO:root:Epoch: 0515 lr: 0.01 train_loss: 3033.4448 train_mapscore: 0.9903 time: 0.0802s
INFO:root:Epoch: 0520 lr: 0.01 train_loss: 3032.7710 train_mapscore: 0.9903 time: 0.0769s
INFO:root:Epoch: 0525 lr: 0.01 train_loss: 3032.1143 train_mapscore: 0.9903 time: 0.0785s
INFO:root:Epoch: 0530 lr: 0.01 train_loss: 3031.4741 train_mapscore: 0.9903 time: 0.0788s
INFO:root:Epoch: 0535 lr: 0.01 train_loss: 3030.8501 train_mapscore: 0.9903 time: 0.0864s
INFO:root:Epoch: 0540 lr: 0.01 train_loss: 3030.2419 train_mapscore: 0.9903 time: 0.0806s
INFO:root:Epoch: 0545 lr: 0.01 train_loss: 3029.6492 train_mapscore: 0.9903 time: 0.0809s
INFO:root:Epoch: 0550 lr: 0.01 train_loss: 3029.0713 train_mapscore: 0.9904 time: 0.0812s
INFO:root:Epoch: 0555 lr: 0.01 train_loss: 3028.5081 train_mapscore: 0.9904 time: 0.0831s
INFO:root:Epoch: 0560 lr: 0.01 train_loss: 3027.9585 train_mapscore: 0.9905 time: 0.0763s
INFO:root:Epoch: 0565 lr: 0.01 train_loss: 3027.4229 train_mapscore: 0.9905 time: 0.0778s
INFO:root:Epoch: 0570 lr: 0.01 train_loss: 3026.9004 train_mapscore: 0.9905 time: 0.0765s
INFO:root:Epoch: 0575 lr: 0.01 train_loss: 3026.3914 train_mapscore: 0.9905 time: 0.0764s
INFO:root:Epoch: 0580 lr: 0.01 train_loss: 3025.8945 train_mapscore: 0.9905 time: 0.0820s
INFO:root:Epoch: 0585 lr: 0.01 train_loss: 3025.4104 train_mapscore: 0.9905 time: 0.0771s
INFO:root:Epoch: 0590 lr: 0.01 train_loss: 3024.9380 train_mapscore: 0.9905 time: 0.0820s
INFO:root:Epoch: 0595 lr: 0.01 train_loss: 3024.4773 train_mapscore: 0.9905 time: 0.0742s
INFO:root:Epoch: 0600 lr: 0.01 train_loss: 3024.0276 train_mapscore: 0.9905 time: 0.0779s
INFO:root:Epoch: 0605 lr: 0.01 train_loss: 3023.5891 train_mapscore: 0.9905 time: 0.0805s
INFO:root:Epoch: 0610 lr: 0.01 train_loss: 3023.1621 train_mapscore: 0.9906 time: 0.0793s
INFO:root:Epoch: 0615 lr: 0.01 train_loss: 3022.7458 train_mapscore: 0.9907 time: 0.0785s
INFO:root:Epoch: 0620 lr: 0.01 train_loss: 3022.3394 train_mapscore: 0.9908 time: 0.0790s
INFO:root:Epoch: 0625 lr: 0.01 train_loss: 3021.9431 train_mapscore: 0.9905 time: 0.0781s
INFO:root:Epoch: 0630 lr: 0.01 train_loss: 3021.5562 train_mapscore: 0.9903 time: 0.0768s
INFO:root:Epoch: 0635 lr: 0.01 train_loss: 3021.1797 train_mapscore: 0.9894 time: 0.0763s
INFO:root:Epoch: 0640 lr: 0.01 train_loss: 3020.8123 train_mapscore: 0.9894 time: 0.0768s
INFO:root:Epoch: 0645 lr: 0.01 train_loss: 3020.4536 train_mapscore: 0.9894 time: 0.0783s
INFO:root:Epoch: 0650 lr: 0.01 train_loss: 3020.1038 train_mapscore: 0.9894 time: 0.0762s
INFO:root:Epoch: 0655 lr: 0.01 train_loss: 3019.7625 train_mapscore: 0.9885 time: 0.0802s
INFO:root:Epoch: 0660 lr: 0.01 train_loss: 3019.4304 train_mapscore: 0.9885 time: 0.0794s
INFO:root:Epoch: 0665 lr: 0.01 train_loss: 3019.1060 train_mapscore: 0.9885 time: 0.0772s
INFO:root:Epoch: 0670 lr: 0.01 train_loss: 3018.7893 train_mapscore: 0.9885 time: 0.0758s
INFO:root:Epoch: 0675 lr: 0.01 train_loss: 3018.4807 train_mapscore: 0.9885 time: 0.0753s
INFO:root:Epoch: 0680 lr: 0.01 train_loss: 3018.1792 train_mapscore: 0.9885 time: 0.0774s
INFO:root:Epoch: 0685 lr: 0.01 train_loss: 3017.8850 train_mapscore: 0.9885 time: 0.0765s
INFO:root:Epoch: 0690 lr: 0.01 train_loss: 3017.5977 train_mapscore: 0.9885 time: 0.0776s
INFO:root:Epoch: 0695 lr: 0.01 train_loss: 3017.3164 train_mapscore: 0.9885 time: 0.0773s
INFO:root:Epoch: 0700 lr: 0.01 train_loss: 3017.0430 train_mapscore: 0.9886 time: 0.0793s
INFO:root:Epoch: 0705 lr: 0.01 train_loss: 3016.7754 train_mapscore: 0.9886 time: 0.0823s
INFO:root:Epoch: 0710 lr: 0.01 train_loss: 3016.5134 train_mapscore: 0.9886 time: 0.0762s
INFO:root:Epoch: 0715 lr: 0.01 train_loss: 3016.2578 train_mapscore: 0.9886 time: 0.0774s
INFO:root:Epoch: 0720 lr: 0.01 train_loss: 3016.0076 train_mapscore: 0.9886 time: 0.0797s
INFO:root:Epoch: 0725 lr: 0.01 train_loss: 3015.7625 train_mapscore: 0.9886 time: 0.0782s
INFO:root:Epoch: 0730 lr: 0.01 train_loss: 3015.5232 train_mapscore: 0.9886 time: 0.0770s
INFO:root:Epoch: 0735 lr: 0.01 train_loss: 3015.2888 train_mapscore: 0.9886 time: 0.0796s
INFO:root:Epoch: 0740 lr: 0.01 train_loss: 3015.0591 train_mapscore: 0.9886 time: 0.0784s
INFO:root:Epoch: 0745 lr: 0.01 train_loss: 3014.8342 train_mapscore: 0.9886 time: 0.0797s
INFO:root:Epoch: 0750 lr: 0.01 train_loss: 3014.6143 train_mapscore: 0.9886 time: 0.0772s
INFO:root:Epoch: 0755 lr: 0.01 train_loss: 3014.3984 train_mapscore: 0.9886 time: 0.0812s
INFO:root:Epoch: 0760 lr: 0.01 train_loss: 3014.1870 train_mapscore: 0.9886 time: 0.0775s
INFO:root:Epoch: 0765 lr: 0.01 train_loss: 3013.9805 train_mapscore: 0.9889 time: 0.0770s
INFO:root:Epoch: 0770 lr: 0.01 train_loss: 3013.7773 train_mapscore: 0.9889 time: 0.0767s
INFO:root:Epoch: 0775 lr: 0.01 train_loss: 3013.5781 train_mapscore: 0.9889 time: 0.0775s
INFO:root:Epoch: 0780 lr: 0.01 train_loss: 3013.3831 train_mapscore: 0.9889 time: 0.0770s
INFO:root:Epoch: 0785 lr: 0.01 train_loss: 3013.1917 train_mapscore: 0.9889 time: 0.0780s
INFO:root:Epoch: 0790 lr: 0.01 train_loss: 3013.0037 train_mapscore: 0.9889 time: 0.0776s
INFO:root:Epoch: 0795 lr: 0.01 train_loss: 3012.8196 train_mapscore: 0.9889 time: 0.0771s
INFO:root:Epoch: 0800 lr: 0.01 train_loss: 3012.6387 train_mapscore: 0.9889 time: 0.0769s
INFO:root:Epoch: 0805 lr: 0.01 train_loss: 3012.4609 train_mapscore: 0.9889 time: 0.0793s
INFO:root:Epoch: 0810 lr: 0.01 train_loss: 3012.2866 train_mapscore: 0.9889 time: 0.0771s
INFO:root:Epoch: 0815 lr: 0.01 train_loss: 3012.1155 train_mapscore: 0.9889 time: 0.0794s
INFO:root:Epoch: 0820 lr: 0.01 train_loss: 3011.9478 train_mapscore: 0.9889 time: 0.0806s
INFO:root:Epoch: 0825 lr: 0.01 train_loss: 3011.7827 train_mapscore: 0.9889 time: 0.0807s
INFO:root:Epoch: 0830 lr: 0.01 train_loss: 3011.6201 train_mapscore: 0.9889 time: 0.0771s
INFO:root:Epoch: 0835 lr: 0.01 train_loss: 3011.4614 train_mapscore: 0.9889 time: 0.0772s
INFO:root:Epoch: 0840 lr: 0.01 train_loss: 3011.3047 train_mapscore: 0.9889 time: 0.0767s
INFO:root:Epoch: 0845 lr: 0.01 train_loss: 3011.1509 train_mapscore: 0.9889 time: 0.0785s
INFO:root:Epoch: 0850 lr: 0.01 train_loss: 3011.0000 train_mapscore: 0.9889 time: 0.0805s
INFO:root:Epoch: 0855 lr: 0.01 train_loss: 3010.8516 train_mapscore: 0.9889 time: 0.0782s
INFO:root:Epoch: 0860 lr: 0.01 train_loss: 3010.7051 train_mapscore: 0.9889 time: 0.0825s
INFO:root:Epoch: 0865 lr: 0.01 train_loss: 3010.5615 train_mapscore: 0.9889 time: 0.0762s
INFO:root:Epoch: 0870 lr: 0.01 train_loss: 3010.4207 train_mapscore: 0.9889 time: 0.0792s
INFO:root:Epoch: 0875 lr: 0.01 train_loss: 3010.2812 train_mapscore: 0.9889 time: 0.0763s
INFO:root:Epoch: 0880 lr: 0.01 train_loss: 3010.1445 train_mapscore: 0.9889 time: 0.0763s
INFO:root:Epoch: 0885 lr: 0.01 train_loss: 3010.0098 train_mapscore: 0.9889 time: 0.0765s
INFO:root:Epoch: 0890 lr: 0.01 train_loss: 3009.8772 train_mapscore: 0.9889 time: 0.0759s
INFO:root:Epoch: 0895 lr: 0.01 train_loss: 3009.7473 train_mapscore: 0.9889 time: 0.0770s
INFO:root:Epoch: 0900 lr: 0.01 train_loss: 3009.6184 train_mapscore: 0.9889 time: 0.0793s
INFO:root:Epoch: 0905 lr: 0.01 train_loss: 3009.4927 train_mapscore: 0.9889 time: 0.0775s
INFO:root:Epoch: 0910 lr: 0.01 train_loss: 3009.3679 train_mapscore: 0.9889 time: 0.0776s
INFO:root:Epoch: 0915 lr: 0.01 train_loss: 3009.2456 train_mapscore: 0.9899 time: 0.0764s
INFO:root:Epoch: 0920 lr: 0.01 train_loss: 3009.1252 train_mapscore: 0.9899 time: 0.0810s
INFO:root:Epoch: 0925 lr: 0.01 train_loss: 3009.0066 train_mapscore: 0.9899 time: 0.0772s
INFO:root:Epoch: 0930 lr: 0.01 train_loss: 3008.8896 train_mapscore: 0.9899 time: 0.0767s
INFO:root:Epoch: 0935 lr: 0.01 train_loss: 3008.7744 train_mapscore: 0.9899 time: 0.0776s
INFO:root:Epoch: 0940 lr: 0.01 train_loss: 3008.6609 train_mapscore: 0.9899 time: 0.0786s
INFO:root:Epoch: 0945 lr: 0.01 train_loss: 3008.5493 train_mapscore: 0.9899 time: 0.0769s
INFO:root:Epoch: 0950 lr: 0.01 train_loss: 3008.4385 train_mapscore: 0.9899 time: 0.0784s
INFO:root:Epoch: 0955 lr: 0.01 train_loss: 3008.3301 train_mapscore: 0.9899 time: 0.0769s
INFO:root:Epoch: 0960 lr: 0.01 train_loss: 3008.2227 train_mapscore: 0.9899 time: 0.0770s
INFO:root:Epoch: 0965 lr: 0.01 train_loss: 3008.1172 train_mapscore: 0.9909 time: 0.0781s
INFO:root:Epoch: 0970 lr: 0.01 train_loss: 3008.0127 train_mapscore: 0.9909 time: 0.0769s
INFO:root:Epoch: 0975 lr: 0.01 train_loss: 3007.9097 train_mapscore: 0.9909 time: 0.0761s
INFO:root:Epoch: 0980 lr: 0.01 train_loss: 3007.8083 train_mapscore: 0.9904 time: 0.0762s
INFO:root:Epoch: 0985 lr: 0.01 train_loss: 3007.7083 train_mapscore: 0.9899 time: 0.0811s
INFO:root:Epoch: 0990 lr: 0.01 train_loss: 3007.6094 train_mapscore: 0.9899 time: 0.0791s
INFO:root:Epoch: 0995 lr: 0.01 train_loss: 3007.5122 train_mapscore: 0.9899 time: 0.0774s
INFO:root:Epoch: 1000 lr: 0.01 train_loss: 3007.4163 train_mapscore: 0.9899 time: 0.0782s
INFO:root:Epoch: 1005 lr: 0.01 train_loss: 3007.3213 train_mapscore: 0.9899 time: 0.0792s
INFO:root:Epoch: 1010 lr: 0.01 train_loss: 3007.2275 train_mapscore: 0.9899 time: 0.0786s
INFO:root:Epoch: 1015 lr: 0.01 train_loss: 3007.1353 train_mapscore: 0.9899 time: 0.0757s
INFO:root:Epoch: 1020 lr: 0.01 train_loss: 3007.0442 train_mapscore: 0.9899 time: 0.0775s
INFO:root:Epoch: 1025 lr: 0.01 train_loss: 3006.9541 train_mapscore: 0.9899 time: 0.0807s
INFO:root:Epoch: 1030 lr: 0.01 train_loss: 3006.8652 train_mapscore: 0.9899 time: 0.0772s
INFO:root:Epoch: 1035 lr: 0.01 train_loss: 3006.7776 train_mapscore: 0.9899 time: 0.0786s
INFO:root:Epoch: 1040 lr: 0.01 train_loss: 3006.6909 train_mapscore: 0.9899 time: 0.0782s
INFO:root:Epoch: 1045 lr: 0.01 train_loss: 3006.6055 train_mapscore: 0.9899 time: 0.0815s
INFO:root:Epoch: 1050 lr: 0.01 train_loss: 3006.5215 train_mapscore: 0.9899 time: 0.0796s
INFO:root:Epoch: 1055 lr: 0.01 train_loss: 3006.4380 train_mapscore: 0.9899 time: 0.0786s
INFO:root:Epoch: 1060 lr: 0.01 train_loss: 3006.3557 train_mapscore: 0.9899 time: 0.0789s
INFO:root:Epoch: 1065 lr: 0.01 train_loss: 3006.2747 train_mapscore: 0.9899 time: 0.0779s
INFO:root:Epoch: 1070 lr: 0.01 train_loss: 3006.1946 train_mapscore: 0.9899 time: 0.0808s
INFO:root:Epoch: 1075 lr: 0.01 train_loss: 3006.1152 train_mapscore: 0.9899 time: 0.0798s
INFO:root:Epoch: 1080 lr: 0.01 train_loss: 3006.0369 train_mapscore: 0.9899 time: 0.0793s
INFO:root:Epoch: 1085 lr: 0.01 train_loss: 3005.9595 train_mapscore: 0.9899 time: 0.0782s
INFO:root:Epoch: 1090 lr: 0.01 train_loss: 3005.8838 train_mapscore: 0.9899 time: 0.0788s
INFO:root:Epoch: 1095 lr: 0.01 train_loss: 3005.8083 train_mapscore: 0.9899 time: 0.0777s
INFO:root:Epoch: 1100 lr: 0.01 train_loss: 3005.7339 train_mapscore: 0.9899 time: 0.0791s
INFO:root:Epoch: 1105 lr: 0.01 train_loss: 3005.6606 train_mapscore: 0.9899 time: 0.0789s
INFO:root:Epoch: 1110 lr: 0.01 train_loss: 3005.5881 train_mapscore: 0.9899 time: 0.0784s
INFO:root:Epoch: 1115 lr: 0.01 train_loss: 3005.5164 train_mapscore: 0.9899 time: 0.0792s
INFO:root:Epoch: 1120 lr: 0.01 train_loss: 3005.4458 train_mapscore: 0.9899 time: 0.0761s
INFO:root:Epoch: 1125 lr: 0.01 train_loss: 3005.3757 train_mapscore: 0.9899 time: 0.0793s
INFO:root:Epoch: 1130 lr: 0.01 train_loss: 3005.3069 train_mapscore: 0.9899 time: 0.0765s
INFO:root:Epoch: 1135 lr: 0.01 train_loss: 3005.2388 train_mapscore: 0.9899 time: 0.0793s
INFO:root:Epoch: 1140 lr: 0.01 train_loss: 3005.1714 train_mapscore: 0.9900 time: 0.0790s
INFO:root:Epoch: 1145 lr: 0.01 train_loss: 3005.1055 train_mapscore: 0.9900 time: 0.0801s
INFO:root:Epoch: 1150 lr: 0.01 train_loss: 3005.0393 train_mapscore: 0.9900 time: 0.0792s
INFO:root:Epoch: 1155 lr: 0.01 train_loss: 3004.9751 train_mapscore: 0.9900 time: 0.0797s
INFO:root:Epoch: 1160 lr: 0.01 train_loss: 3004.9111 train_mapscore: 0.9900 time: 0.0778s
INFO:root:Epoch: 1165 lr: 0.01 train_loss: 3004.8481 train_mapscore: 0.9900 time: 0.0790s
INFO:root:Epoch: 1170 lr: 0.01 train_loss: 3004.7861 train_mapscore: 0.9900 time: 0.0784s
INFO:root:Epoch: 1175 lr: 0.01 train_loss: 3004.7251 train_mapscore: 0.9900 time: 0.0785s
INFO:root:Epoch: 1180 lr: 0.01 train_loss: 3004.6643 train_mapscore: 0.9900 time: 0.0743s
INFO:root:Epoch: 1185 lr: 0.01 train_loss: 3004.6047 train_mapscore: 0.9900 time: 0.0743s
INFO:root:Epoch: 1190 lr: 0.01 train_loss: 3004.5461 train_mapscore: 0.9900 time: 0.0767s
INFO:root:Epoch: 1195 lr: 0.01 train_loss: 3004.4878 train_mapscore: 0.9900 time: 0.0781s
INFO:root:Epoch: 1200 lr: 0.01 train_loss: 3004.4307 train_mapscore: 0.9896 time: 0.0804s
INFO:root:Epoch: 1205 lr: 0.01 train_loss: 3004.3740 train_mapscore: 0.9896 time: 0.1072s
INFO:root:Epoch: 1210 lr: 0.01 train_loss: 3004.3181 train_mapscore: 0.9896 time: 0.0759s
INFO:root:Epoch: 1215 lr: 0.01 train_loss: 3004.2632 train_mapscore: 0.9896 time: 0.0806s
INFO:root:Epoch: 1220 lr: 0.01 train_loss: 3004.2087 train_mapscore: 0.9896 time: 0.0775s
INFO:root:Epoch: 1225 lr: 0.01 train_loss: 3004.1553 train_mapscore: 0.9896 time: 0.0800s
INFO:root:Epoch: 1230 lr: 0.01 train_loss: 3004.1028 train_mapscore: 0.9896 time: 0.0790s
INFO:root:Epoch: 1235 lr: 0.01 train_loss: 3004.0505 train_mapscore: 0.9896 time: 0.0796s
INFO:root:Epoch: 1240 lr: 0.01 train_loss: 3003.9995 train_mapscore: 0.9897 time: 0.0786s
INFO:root:Epoch: 1245 lr: 0.01 train_loss: 3003.9487 train_mapscore: 0.9897 time: 0.0780s
INFO:root:Epoch: 1250 lr: 0.01 train_loss: 3003.8989 train_mapscore: 0.9897 time: 0.0758s
INFO:root:Epoch: 1255 lr: 0.01 train_loss: 3003.8499 train_mapscore: 0.9897 time: 0.0790s
INFO:root:Epoch: 1260 lr: 0.01 train_loss: 3003.8010 train_mapscore: 0.9897 time: 0.0780s
INFO:root:Epoch: 1265 lr: 0.01 train_loss: 3003.7532 train_mapscore: 0.9897 time: 0.0827s
INFO:root:Epoch: 1270 lr: 0.01 train_loss: 3003.7056 train_mapscore: 0.9897 time: 0.0806s
INFO:root:Epoch: 1275 lr: 0.01 train_loss: 3003.6584 train_mapscore: 0.9897 time: 0.0801s
INFO:root:Epoch: 1280 lr: 0.01 train_loss: 3003.6125 train_mapscore: 0.9897 time: 0.0805s
INFO:root:Epoch: 1285 lr: 0.01 train_loss: 3003.5671 train_mapscore: 0.9897 time: 0.0766s
INFO:root:Epoch: 1290 lr: 0.01 train_loss: 3003.5220 train_mapscore: 0.9897 time: 0.0756s
INFO:root:Epoch: 1295 lr: 0.01 train_loss: 3003.4773 train_mapscore: 0.9897 time: 0.0784s
INFO:root:Epoch: 1300 lr: 0.01 train_loss: 3003.4333 train_mapscore: 0.9897 time: 0.0770s
INFO:root:Epoch: 1305 lr: 0.01 train_loss: 3003.3892 train_mapscore: 0.9897 time: 0.0785s
INFO:root:Epoch: 1310 lr: 0.01 train_loss: 3003.3462 train_mapscore: 0.9897 time: 0.0763s
INFO:root:Epoch: 1315 lr: 0.01 train_loss: 3003.3037 train_mapscore: 0.9897 time: 0.0761s
INFO:root:Epoch: 1320 lr: 0.01 train_loss: 3003.2615 train_mapscore: 0.9897 time: 0.0792s
INFO:root:Epoch: 1325 lr: 0.01 train_loss: 3003.2200 train_mapscore: 0.9897 time: 0.0769s
INFO:root:Epoch: 1330 lr: 0.01 train_loss: 3003.1785 train_mapscore: 0.9897 time: 0.0770s
INFO:root:Epoch: 1335 lr: 0.01 train_loss: 3003.1377 train_mapscore: 0.9897 time: 0.0780s
INFO:root:Epoch: 1340 lr: 0.01 train_loss: 3003.0979 train_mapscore: 0.9897 time: 0.0783s
INFO:root:Epoch: 1345 lr: 0.01 train_loss: 3003.0576 train_mapscore: 0.9897 time: 0.0762s
INFO:root:Epoch: 1350 lr: 0.01 train_loss: 3003.0186 train_mapscore: 0.9897 time: 0.0772s
INFO:root:Epoch: 1355 lr: 0.01 train_loss: 3002.9790 train_mapscore: 0.9897 time: 0.0789s
INFO:root:Epoch: 1360 lr: 0.01 train_loss: 3002.9412 train_mapscore: 0.9897 time: 0.0777s
INFO:root:Epoch: 1365 lr: 0.01 train_loss: 3002.9031 train_mapscore: 0.9897 time: 0.0764s
INFO:root:Epoch: 1370 lr: 0.01 train_loss: 3002.8660 train_mapscore: 0.9897 time: 0.0790s
INFO:root:Epoch: 1375 lr: 0.01 train_loss: 3002.8291 train_mapscore: 0.9897 time: 0.0790s
INFO:root:Epoch: 1380 lr: 0.01 train_loss: 3002.7922 train_mapscore: 0.9897 time: 0.0791s
INFO:root:Epoch: 1385 lr: 0.01 train_loss: 3002.7561 train_mapscore: 0.9897 time: 0.0808s
INFO:root:Epoch: 1390 lr: 0.01 train_loss: 3002.7202 train_mapscore: 0.9897 time: 0.0782s
INFO:root:Epoch: 1395 lr: 0.01 train_loss: 3002.6848 train_mapscore: 0.9897 time: 0.0783s
INFO:root:Epoch: 1400 lr: 0.01 train_loss: 3002.6497 train_mapscore: 0.9897 time: 0.0785s
INFO:root:Epoch: 1405 lr: 0.01 train_loss: 3002.6150 train_mapscore: 0.9897 time: 0.0792s
INFO:root:Epoch: 1410 lr: 0.01 train_loss: 3002.5803 train_mapscore: 0.9897 time: 0.0791s
INFO:root:Epoch: 1415 lr: 0.01 train_loss: 3002.5464 train_mapscore: 0.9897 time: 0.0778s
INFO:root:Epoch: 1420 lr: 0.01 train_loss: 3002.5129 train_mapscore: 0.9897 time: 0.0795s
INFO:root:Epoch: 1425 lr: 0.01 train_loss: 3002.4795 train_mapscore: 0.9897 time: 0.0792s
INFO:root:Epoch: 1430 lr: 0.01 train_loss: 3002.4463 train_mapscore: 0.9897 time: 0.0778s
INFO:root:Epoch: 1435 lr: 0.01 train_loss: 3002.4141 train_mapscore: 0.9897 time: 0.0789s
INFO:root:Epoch: 1440 lr: 0.01 train_loss: 3002.3813 train_mapscore: 0.9897 time: 0.0741s
INFO:root:Epoch: 1445 lr: 0.01 train_loss: 3002.3491 train_mapscore: 0.9897 time: 0.0785s
INFO:root:Epoch: 1450 lr: 0.01 train_loss: 3002.3179 train_mapscore: 0.9897 time: 0.0753s
INFO:root:Epoch: 1455 lr: 0.01 train_loss: 3002.2861 train_mapscore: 0.9897 time: 0.0790s
INFO:root:Epoch: 1460 lr: 0.01 train_loss: 3002.2551 train_mapscore: 0.9897 time: 0.0770s
INFO:root:Epoch: 1465 lr: 0.01 train_loss: 3002.2246 train_mapscore: 0.9897 time: 0.0766s
INFO:root:Epoch: 1470 lr: 0.01 train_loss: 3002.1938 train_mapscore: 0.9897 time: 0.0802s
INFO:root:Epoch: 1475 lr: 0.01 train_loss: 3002.1641 train_mapscore: 0.9897 time: 0.0798s
INFO:root:Epoch: 1480 lr: 0.01 train_loss: 3002.1338 train_mapscore: 0.9897 time: 0.0788s
INFO:root:Epoch: 1485 lr: 0.01 train_loss: 3002.1045 train_mapscore: 0.9897 time: 0.0772s
INFO:root:Epoch: 1490 lr: 0.01 train_loss: 3002.0750 train_mapscore: 0.9897 time: 0.0762s
INFO:root:Epoch: 1495 lr: 0.01 train_loss: 3002.0459 train_mapscore: 0.9897 time: 0.0776s
INFO:root:Epoch: 1500 lr: 0.01 train_loss: 3002.0171 train_mapscore: 0.9897 time: 0.0784s
INFO:root:Epoch: 1505 lr: 0.01 train_loss: 3001.9890 train_mapscore: 0.9897 time: 0.0763s
INFO:root:Epoch: 1510 lr: 0.01 train_loss: 3001.9604 train_mapscore: 0.9897 time: 0.0764s
INFO:root:Epoch: 1515 lr: 0.01 train_loss: 3001.9324 train_mapscore: 0.9897 time: 0.0760s
INFO:root:Epoch: 1520 lr: 0.01 train_loss: 3001.9043 train_mapscore: 0.9897 time: 0.0780s
INFO:root:Epoch: 1525 lr: 0.01 train_loss: 3001.8770 train_mapscore: 0.9897 time: 0.0787s
INFO:root:Epoch: 1530 lr: 0.01 train_loss: 3001.8496 train_mapscore: 0.9897 time: 0.0776s
INFO:root:Epoch: 1535 lr: 0.01 train_loss: 3001.8225 train_mapscore: 0.9897 time: 0.0771s
INFO:root:Epoch: 1540 lr: 0.01 train_loss: 3001.7957 train_mapscore: 0.9897 time: 0.0780s
INFO:root:Epoch: 1545 lr: 0.01 train_loss: 3001.7693 train_mapscore: 0.9897 time: 0.0774s
INFO:root:Epoch: 1550 lr: 0.01 train_loss: 3001.7434 train_mapscore: 0.9897 time: 0.0765s
INFO:root:Epoch: 1555 lr: 0.01 train_loss: 3001.7168 train_mapscore: 0.9897 time: 0.0759s
INFO:root:Epoch: 1560 lr: 0.01 train_loss: 3001.6912 train_mapscore: 0.9898 time: 0.0775s
INFO:root:Epoch: 1565 lr: 0.01 train_loss: 3001.6655 train_mapscore: 0.9897 time: 0.0754s
INFO:root:Epoch: 1570 lr: 0.01 train_loss: 3001.6401 train_mapscore: 0.9898 time: 0.0804s
INFO:root:Epoch: 1575 lr: 0.01 train_loss: 3001.6150 train_mapscore: 0.9898 time: 0.0755s
INFO:root:Epoch: 1580 lr: 0.01 train_loss: 3001.5901 train_mapscore: 0.9898 time: 0.0743s
INFO:root:Epoch: 1585 lr: 0.01 train_loss: 3001.5652 train_mapscore: 0.9898 time: 0.0828s
INFO:root:Epoch: 1590 lr: 0.01 train_loss: 3001.5408 train_mapscore: 0.9898 time: 0.0788s
INFO:root:Epoch: 1595 lr: 0.01 train_loss: 3001.5166 train_mapscore: 0.9898 time: 0.0795s
INFO:root:Epoch: 1600 lr: 0.01 train_loss: 3001.4922 train_mapscore: 0.9898 time: 0.0769s
INFO:root:Epoch: 1605 lr: 0.01 train_loss: 3001.4688 train_mapscore: 0.9898 time: 0.0805s
INFO:root:Epoch: 1610 lr: 0.01 train_loss: 3001.4451 train_mapscore: 0.9898 time: 0.0785s
INFO:root:Epoch: 1615 lr: 0.01 train_loss: 3001.4214 train_mapscore: 0.9898 time: 0.0793s
INFO:root:Epoch: 1620 lr: 0.01 train_loss: 3001.3979 train_mapscore: 0.9898 time: 0.0789s
INFO:root:Epoch: 1625 lr: 0.01 train_loss: 3001.3748 train_mapscore: 0.9898 time: 0.0755s
INFO:root:Epoch: 1630 lr: 0.01 train_loss: 3001.3521 train_mapscore: 0.9898 time: 0.0794s
INFO:root:Epoch: 1635 lr: 0.01 train_loss: 3001.3293 train_mapscore: 0.9898 time: 0.0783s
INFO:root:Epoch: 1640 lr: 0.01 train_loss: 3001.3069 train_mapscore: 0.9898 time: 0.0770s
INFO:root:Epoch: 1645 lr: 0.01 train_loss: 3001.2844 train_mapscore: 0.9898 time: 0.0768s
INFO:root:Epoch: 1650 lr: 0.01 train_loss: 3001.2622 train_mapscore: 0.9898 time: 0.0804s
INFO:root:Epoch: 1655 lr: 0.01 train_loss: 3001.2400 train_mapscore: 0.9898 time: 0.0784s
INFO:root:Epoch: 1660 lr: 0.01 train_loss: 3001.2183 train_mapscore: 0.9898 time: 0.0780s
INFO:root:Epoch: 1665 lr: 0.01 train_loss: 3001.1963 train_mapscore: 0.9898 time: 0.0757s
INFO:root:Epoch: 1670 lr: 0.01 train_loss: 3001.1748 train_mapscore: 0.9898 time: 0.0793s
INFO:root:Epoch: 1675 lr: 0.01 train_loss: 3001.1536 train_mapscore: 0.9898 time: 0.0776s
INFO:root:Epoch: 1680 lr: 0.01 train_loss: 3001.1326 train_mapscore: 0.9898 time: 0.0784s
INFO:root:Epoch: 1685 lr: 0.01 train_loss: 3001.1116 train_mapscore: 0.9898 time: 0.0776s
INFO:root:Epoch: 1690 lr: 0.01 train_loss: 3001.0908 train_mapscore: 0.9898 time: 0.0796s
INFO:root:Epoch: 1695 lr: 0.01 train_loss: 3001.0701 train_mapscore: 0.9898 time: 0.0799s
INFO:root:Epoch: 1700 lr: 0.01 train_loss: 3001.0493 train_mapscore: 0.9898 time: 0.0783s
INFO:root:Epoch: 1705 lr: 0.01 train_loss: 3001.0293 train_mapscore: 0.9898 time: 0.0773s
INFO:root:Epoch: 1710 lr: 0.01 train_loss: 3001.0088 train_mapscore: 0.9898 time: 0.0778s
INFO:root:Epoch: 1715 lr: 0.01 train_loss: 3000.9890 train_mapscore: 0.9898 time: 0.0786s
INFO:root:Epoch: 1720 lr: 0.01 train_loss: 3000.9690 train_mapscore: 0.9898 time: 0.0770s
INFO:root:Epoch: 1725 lr: 0.01 train_loss: 3000.9492 train_mapscore: 0.9898 time: 0.0794s
INFO:root:Epoch: 1730 lr: 0.01 train_loss: 3000.9297 train_mapscore: 0.9898 time: 0.0778s
INFO:root:Epoch: 1735 lr: 0.01 train_loss: 3000.9104 train_mapscore: 0.9898 time: 0.0783s
INFO:root:Epoch: 1740 lr: 0.01 train_loss: 3000.8909 train_mapscore: 0.9898 time: 0.0795s
INFO:root:Epoch: 1745 lr: 0.01 train_loss: 3000.8716 train_mapscore: 0.9898 time: 0.0771s
INFO:root:Epoch: 1750 lr: 0.01 train_loss: 3000.8525 train_mapscore: 0.9898 time: 0.0819s
INFO:root:Epoch: 1755 lr: 0.01 train_loss: 3000.8337 train_mapscore: 0.9898 time: 0.0765s
INFO:root:Epoch: 1760 lr: 0.01 train_loss: 3000.8149 train_mapscore: 0.9898 time: 0.0758s
INFO:root:Epoch: 1765 lr: 0.01 train_loss: 3000.7964 train_mapscore: 0.9898 time: 0.0778s
INFO:root:Epoch: 1770 lr: 0.01 train_loss: 3000.7776 train_mapscore: 0.9898 time: 0.0796s
INFO:root:Epoch: 1775 lr: 0.01 train_loss: 3000.7598 train_mapscore: 0.9898 time: 0.0773s
INFO:root:Epoch: 1780 lr: 0.01 train_loss: 3000.7415 train_mapscore: 0.9898 time: 0.0785s
INFO:root:Epoch: 1785 lr: 0.01 train_loss: 3000.7231 train_mapscore: 0.9898 time: 0.0772s
INFO:root:Epoch: 1790 lr: 0.01 train_loss: 3000.7051 train_mapscore: 0.9898 time: 0.0804s
INFO:root:Epoch: 1795 lr: 0.01 train_loss: 3000.6875 train_mapscore: 0.9898 time: 0.0774s
INFO:root:Epoch: 1800 lr: 0.01 train_loss: 3000.6697 train_mapscore: 0.9898 time: 0.0771s
INFO:root:Epoch: 1805 lr: 0.01 train_loss: 3000.6523 train_mapscore: 0.9898 time: 0.0802s
INFO:root:Epoch: 1810 lr: 0.01 train_loss: 3000.6345 train_mapscore: 0.9898 time: 0.0779s
INFO:root:Epoch: 1815 lr: 0.01 train_loss: 3000.6174 train_mapscore: 0.9898 time: 0.0779s
INFO:root:Epoch: 1820 lr: 0.01 train_loss: 3000.6001 train_mapscore: 0.9898 time: 0.0771s
INFO:root:Epoch: 1825 lr: 0.01 train_loss: 3000.5830 train_mapscore: 0.9898 time: 0.0770s
INFO:root:Epoch: 1830 lr: 0.01 train_loss: 3000.5662 train_mapscore: 0.9898 time: 0.0779s
INFO:root:Epoch: 1835 lr: 0.01 train_loss: 3000.5493 train_mapscore: 0.9898 time: 0.0756s
INFO:root:Epoch: 1840 lr: 0.01 train_loss: 3000.5327 train_mapscore: 0.9898 time: 0.0779s
INFO:root:Epoch: 1845 lr: 0.01 train_loss: 3000.5156 train_mapscore: 0.9898 time: 0.0793s
INFO:root:Epoch: 1850 lr: 0.01 train_loss: 3000.4993 train_mapscore: 0.9898 time: 0.0831s
INFO:root:Epoch: 1855 lr: 0.01 train_loss: 3000.4829 train_mapscore: 0.9898 time: 0.0775s
INFO:root:Epoch: 1860 lr: 0.01 train_loss: 3000.4668 train_mapscore: 0.9898 time: 0.0773s
INFO:root:Epoch: 1865 lr: 0.01 train_loss: 3000.4504 train_mapscore: 0.9898 time: 0.0765s
INFO:root:Epoch: 1870 lr: 0.01 train_loss: 3000.4343 train_mapscore: 0.9898 time: 0.0825s
INFO:root:Epoch: 1875 lr: 0.01 train_loss: 3000.4185 train_mapscore: 0.9898 time: 0.0799s
INFO:root:Epoch: 1880 lr: 0.01 train_loss: 3000.4026 train_mapscore: 0.9898 time: 0.0789s
INFO:root:Epoch: 1885 lr: 0.01 train_loss: 3000.3872 train_mapscore: 0.9898 time: 0.0818s
INFO:root:Epoch: 1890 lr: 0.01 train_loss: 3000.3711 train_mapscore: 0.9898 time: 0.0778s
INFO:root:Epoch: 1895 lr: 0.01 train_loss: 3000.3555 train_mapscore: 0.9898 time: 0.0799s
INFO:root:Epoch: 1900 lr: 0.01 train_loss: 3000.3401 train_mapscore: 0.9898 time: 0.0767s
INFO:root:Epoch: 1905 lr: 0.01 train_loss: 3000.3247 train_mapscore: 0.9898 time: 0.0783s
INFO:root:Epoch: 1910 lr: 0.01 train_loss: 3000.3096 train_mapscore: 0.9898 time: 0.0798s
INFO:root:Epoch: 1915 lr: 0.01 train_loss: 3000.2944 train_mapscore: 0.9898 time: 0.0778s
INFO:root:Epoch: 1920 lr: 0.01 train_loss: 3000.2795 train_mapscore: 0.9898 time: 0.0798s
INFO:root:Epoch: 1925 lr: 0.01 train_loss: 3000.2646 train_mapscore: 0.9898 time: 0.0782s
INFO:root:Epoch: 1930 lr: 0.01 train_loss: 3000.2498 train_mapscore: 0.9898 time: 0.0792s
INFO:root:Epoch: 1935 lr: 0.01 train_loss: 3000.2349 train_mapscore: 0.9898 time: 0.0756s
INFO:root:Epoch: 1940 lr: 0.01 train_loss: 3000.2200 train_mapscore: 0.9898 time: 0.0822s
INFO:root:Epoch: 1945 lr: 0.01 train_loss: 3000.2053 train_mapscore: 0.9898 time: 0.0777s
INFO:root:Epoch: 1950 lr: 0.01 train_loss: 3000.1912 train_mapscore: 0.9898 time: 0.0777s
INFO:root:Epoch: 1955 lr: 0.01 train_loss: 3000.1765 train_mapscore: 0.9898 time: 0.0782s
INFO:root:Epoch: 1960 lr: 0.01 train_loss: 3000.1621 train_mapscore: 0.9898 time: 0.0761s
INFO:root:Epoch: 1965 lr: 0.01 train_loss: 3000.1482 train_mapscore: 0.9898 time: 0.0794s
INFO:root:Epoch: 1970 lr: 0.01 train_loss: 3000.1338 train_mapscore: 0.9898 time: 0.0804s
INFO:root:Epoch: 1975 lr: 0.01 train_loss: 3000.1201 train_mapscore: 0.9898 time: 0.0813s
INFO:root:Epoch: 1980 lr: 0.01 train_loss: 3000.1060 train_mapscore: 0.9898 time: 0.0809s
INFO:root:Epoch: 1985 lr: 0.01 train_loss: 3000.0918 train_mapscore: 0.9898 time: 0.0793s
INFO:root:Epoch: 1990 lr: 0.01 train_loss: 3000.0781 train_mapscore: 0.9898 time: 0.0779s
INFO:root:Epoch: 1995 lr: 0.01 train_loss: 3000.0647 train_mapscore: 0.9898 time: 0.0770s
INFO:root:Epoch: 2000 lr: 0.01 train_loss: 3000.0508 train_mapscore: 0.9898 time: 0.0786s
INFO:root:Epoch: 2005 lr: 0.01 train_loss: 3000.0374 train_mapscore: 0.9898 time: 0.0776s
INFO:root:Epoch: 2010 lr: 0.01 train_loss: 3000.0237 train_mapscore: 0.9898 time: 0.0766s
INFO:root:Epoch: 2015 lr: 0.01 train_loss: 3000.0105 train_mapscore: 0.9898 time: 0.0783s
INFO:root:Epoch: 2020 lr: 0.01 train_loss: 2999.9971 train_mapscore: 0.9898 time: 0.0790s
INFO:root:Epoch: 2025 lr: 0.01 train_loss: 2999.9841 train_mapscore: 0.9898 time: 0.0796s
INFO:root:Epoch: 2030 lr: 0.01 train_loss: 2999.9717 train_mapscore: 0.9898 time: 0.0751s
INFO:root:Epoch: 2035 lr: 0.01 train_loss: 2999.9580 train_mapscore: 0.9898 time: 0.0814s
INFO:root:Epoch: 2040 lr: 0.01 train_loss: 2999.9451 train_mapscore: 0.9898 time: 0.0784s
INFO:root:Epoch: 2045 lr: 0.01 train_loss: 2999.9321 train_mapscore: 0.9898 time: 0.0790s
INFO:root:Epoch: 2050 lr: 0.01 train_loss: 2999.9189 train_mapscore: 0.9898 time: 0.0758s
INFO:root:Epoch: 2055 lr: 0.01 train_loss: 2999.9065 train_mapscore: 0.9898 time: 0.0791s
INFO:root:Epoch: 2060 lr: 0.01 train_loss: 2999.8936 train_mapscore: 0.9898 time: 0.0799s
INFO:root:Epoch: 2065 lr: 0.01 train_loss: 2999.8806 train_mapscore: 0.9898 time: 0.0766s
INFO:root:Epoch: 2070 lr: 0.01 train_loss: 2999.8682 train_mapscore: 0.9898 time: 0.0789s
INFO:root:Epoch: 2075 lr: 0.01 train_loss: 2999.8557 train_mapscore: 0.9898 time: 0.0798s
INFO:root:Epoch: 2080 lr: 0.01 train_loss: 2999.8438 train_mapscore: 0.9898 time: 0.0764s
INFO:root:Epoch: 2085 lr: 0.01 train_loss: 2999.8311 train_mapscore: 0.9898 time: 0.0800s
INFO:root:Epoch: 2090 lr: 0.01 train_loss: 2999.8184 train_mapscore: 0.9898 time: 0.0796s
INFO:root:Epoch: 2095 lr: 0.01 train_loss: 2999.8066 train_mapscore: 0.9898 time: 0.0774s
INFO:root:Epoch: 2100 lr: 0.01 train_loss: 2999.7944 train_mapscore: 0.9898 time: 0.0773s
INFO:root:Epoch: 2105 lr: 0.01 train_loss: 2999.7822 train_mapscore: 0.9898 time: 0.0775s
INFO:root:Epoch: 2110 lr: 0.01 train_loss: 2999.7703 train_mapscore: 0.9898 time: 0.0753s
INFO:root:Epoch: 2115 lr: 0.01 train_loss: 2999.7583 train_mapscore: 0.9898 time: 0.0774s
INFO:root:Epoch: 2120 lr: 0.01 train_loss: 2999.7463 train_mapscore: 0.9898 time: 0.0795s
INFO:root:Epoch: 2125 lr: 0.01 train_loss: 2999.7346 train_mapscore: 0.9898 time: 0.0781s
INFO:root:Epoch: 2130 lr: 0.01 train_loss: 2999.7229 train_mapscore: 0.9898 time: 0.0766s
INFO:root:Epoch: 2135 lr: 0.01 train_loss: 2999.7117 train_mapscore: 0.9898 time: 0.0814s
INFO:root:Epoch: 2140 lr: 0.01 train_loss: 2999.7002 train_mapscore: 0.9898 time: 0.0792s
INFO:root:Epoch: 2145 lr: 0.01 train_loss: 2999.6880 train_mapscore: 0.9898 time: 0.0776s
INFO:root:Epoch: 2150 lr: 0.01 train_loss: 2999.6768 train_mapscore: 0.9900 time: 0.0798s
INFO:root:Epoch: 2155 lr: 0.01 train_loss: 2999.6648 train_mapscore: 0.9900 time: 0.0796s
INFO:root:Epoch: 2160 lr: 0.01 train_loss: 2999.6533 train_mapscore: 0.9900 time: 0.0773s
INFO:root:Epoch: 2165 lr: 0.01 train_loss: 2999.6418 train_mapscore: 0.9900 time: 0.0796s
INFO:root:Epoch: 2170 lr: 0.01 train_loss: 2999.6304 train_mapscore: 0.9900 time: 0.0798s
INFO:root:Epoch: 2175 lr: 0.01 train_loss: 2999.6191 train_mapscore: 0.9900 time: 0.0784s
INFO:root:Epoch: 2180 lr: 0.01 train_loss: 2999.6079 train_mapscore: 0.9900 time: 0.0794s
INFO:root:Epoch: 2185 lr: 0.01 train_loss: 2999.5969 train_mapscore: 0.9900 time: 0.0789s
INFO:root:Epoch: 2190 lr: 0.01 train_loss: 2999.5859 train_mapscore: 0.9900 time: 0.0779s
INFO:root:Epoch: 2195 lr: 0.01 train_loss: 2999.5750 train_mapscore: 0.9900 time: 0.0805s
INFO:root:Epoch: 2200 lr: 0.01 train_loss: 2999.5640 train_mapscore: 0.9900 time: 0.0782s
INFO:root:Epoch: 2205 lr: 0.01 train_loss: 2999.5527 train_mapscore: 0.9900 time: 0.0750s
INFO:root:Epoch: 2210 lr: 0.01 train_loss: 2999.5420 train_mapscore: 0.9900 time: 0.0784s
INFO:root:Epoch: 2215 lr: 0.01 train_loss: 2999.5312 train_mapscore: 0.9900 time: 0.0788s
INFO:root:Epoch: 2220 lr: 0.01 train_loss: 2999.5200 train_mapscore: 0.9900 time: 0.0796s
INFO:root:Epoch: 2225 lr: 0.01 train_loss: 2999.5095 train_mapscore: 0.9900 time: 0.0766s
INFO:root:Epoch: 2230 lr: 0.01 train_loss: 2999.4988 train_mapscore: 0.9900 time: 0.0811s
INFO:root:Epoch: 2235 lr: 0.01 train_loss: 2999.4885 train_mapscore: 0.9900 time: 0.0789s
INFO:root:Epoch: 2240 lr: 0.01 train_loss: 2999.4780 train_mapscore: 0.9900 time: 0.0794s
INFO:root:Epoch: 2245 lr: 0.01 train_loss: 2999.4680 train_mapscore: 0.9900 time: 0.0786s
INFO:root:Epoch: 2250 lr: 0.01 train_loss: 2999.4570 train_mapscore: 0.9900 time: 0.0828s
INFO:root:Epoch: 2255 lr: 0.01 train_loss: 2999.4463 train_mapscore: 0.9900 time: 0.0793s
INFO:root:Epoch: 2260 lr: 0.01 train_loss: 2999.4358 train_mapscore: 0.9900 time: 0.0789s
INFO:root:Epoch: 2265 lr: 0.01 train_loss: 2999.4255 train_mapscore: 0.9900 time: 0.0783s
INFO:root:Epoch: 2270 lr: 0.01 train_loss: 2999.4155 train_mapscore: 0.9900 time: 0.0806s
INFO:root:Epoch: 2275 lr: 0.01 train_loss: 2999.4048 train_mapscore: 0.9900 time: 0.0780s
INFO:root:Epoch: 2280 lr: 0.01 train_loss: 2999.3945 train_mapscore: 0.9900 time: 0.0784s
INFO:root:Epoch: 2285 lr: 0.01 train_loss: 2999.3848 train_mapscore: 0.9900 time: 0.0781s
INFO:root:Epoch: 2290 lr: 0.01 train_loss: 2999.3745 train_mapscore: 0.9900 time: 0.0767s
INFO:root:Epoch: 2295 lr: 0.01 train_loss: 2999.3645 train_mapscore: 0.9900 time: 0.0787s
INFO:root:Epoch: 2300 lr: 0.01 train_loss: 2999.3542 train_mapscore: 0.9900 time: 0.0779s
INFO:root:Epoch: 2305 lr: 0.01 train_loss: 2999.3442 train_mapscore: 0.9900 time: 0.0786s
INFO:root:Epoch: 2310 lr: 0.01 train_loss: 2999.3342 train_mapscore: 0.9900 time: 0.0796s
INFO:root:Epoch: 2315 lr: 0.01 train_loss: 2999.3242 train_mapscore: 0.9900 time: 0.0798s
INFO:root:Epoch: 2320 lr: 0.01 train_loss: 2999.3145 train_mapscore: 0.9900 time: 0.0789s
INFO:root:Epoch: 2325 lr: 0.01 train_loss: 2999.3047 train_mapscore: 0.9900 time: 0.0800s
INFO:root:Epoch: 2330 lr: 0.01 train_loss: 2999.2947 train_mapscore: 0.9900 time: 0.0788s
INFO:root:Epoch: 2335 lr: 0.01 train_loss: 2999.2852 train_mapscore: 0.9900 time: 0.0784s
INFO:root:Epoch: 2340 lr: 0.01 train_loss: 2999.2756 train_mapscore: 0.9900 time: 0.0795s
INFO:root:Epoch: 2345 lr: 0.01 train_loss: 2999.2659 train_mapscore: 0.9900 time: 0.0814s
INFO:root:Epoch: 2350 lr: 0.01 train_loss: 2999.2561 train_mapscore: 0.9900 time: 0.0811s
INFO:root:Epoch: 2355 lr: 0.01 train_loss: 2999.2468 train_mapscore: 0.9900 time: 0.0774s
INFO:root:Epoch: 2360 lr: 0.01 train_loss: 2999.2371 train_mapscore: 0.9900 time: 0.0828s
INFO:root:Epoch: 2365 lr: 0.01 train_loss: 2999.2275 train_mapscore: 0.9900 time: 0.0786s
INFO:root:Epoch: 2370 lr: 0.01 train_loss: 2999.2183 train_mapscore: 0.9900 time: 0.0770s
INFO:root:Epoch: 2375 lr: 0.01 train_loss: 2999.2090 train_mapscore: 0.9900 time: 0.0784s
INFO:root:Epoch: 2380 lr: 0.01 train_loss: 2999.1992 train_mapscore: 0.9900 time: 0.0785s
INFO:root:Epoch: 2385 lr: 0.01 train_loss: 2999.1902 train_mapscore: 0.9900 time: 0.0800s
INFO:root:Epoch: 2390 lr: 0.01 train_loss: 2999.1807 train_mapscore: 0.9900 time: 0.0824s
INFO:root:Epoch: 2395 lr: 0.01 train_loss: 2999.1714 train_mapscore: 0.9900 time: 0.0807s
INFO:root:Epoch: 2400 lr: 0.01 train_loss: 2999.1621 train_mapscore: 0.9900 time: 0.0776s
INFO:root:Epoch: 2405 lr: 0.01 train_loss: 2999.1531 train_mapscore: 0.9900 time: 0.0788s
INFO:root:Epoch: 2410 lr: 0.01 train_loss: 2999.1443 train_mapscore: 0.9900 time: 0.0753s
INFO:root:Epoch: 2415 lr: 0.01 train_loss: 2999.1353 train_mapscore: 0.9900 time: 0.0776s
INFO:root:Epoch: 2420 lr: 0.01 train_loss: 2999.1262 train_mapscore: 0.9900 time: 0.0780s
INFO:root:Epoch: 2425 lr: 0.01 train_loss: 2999.1167 train_mapscore: 0.9900 time: 0.0787s
INFO:root:Epoch: 2430 lr: 0.01 train_loss: 2999.1082 train_mapscore: 0.9900 time: 0.0831s
INFO:root:Epoch: 2435 lr: 0.01 train_loss: 2999.0994 train_mapscore: 0.9900 time: 0.0791s
INFO:root:Epoch: 2440 lr: 0.01 train_loss: 2999.0903 train_mapscore: 0.9900 time: 0.0760s
INFO:root:Epoch: 2445 lr: 0.01 train_loss: 2999.0813 train_mapscore: 0.9900 time: 0.0798s
INFO:root:Epoch: 2450 lr: 0.01 train_loss: 2999.0728 train_mapscore: 0.9900 time: 0.0777s
INFO:root:Epoch: 2455 lr: 0.01 train_loss: 2999.0640 train_mapscore: 0.9900 time: 0.0815s
INFO:root:Epoch: 2460 lr: 0.01 train_loss: 2999.0552 train_mapscore: 0.9900 time: 0.0791s
INFO:root:Epoch: 2465 lr: 0.01 train_loss: 2999.0464 train_mapscore: 0.9900 time: 0.0796s
INFO:root:Epoch: 2470 lr: 0.01 train_loss: 2999.0376 train_mapscore: 0.9900 time: 0.0822s
INFO:root:Epoch: 2475 lr: 0.01 train_loss: 2999.0288 train_mapscore: 0.9900 time: 0.0792s
INFO:root:Epoch: 2480 lr: 0.01 train_loss: 2999.0205 train_mapscore: 0.9900 time: 0.1076s
INFO:root:Epoch: 2485 lr: 0.01 train_loss: 2999.0117 train_mapscore: 0.9900 time: 0.0801s
INFO:root:Epoch: 2490 lr: 0.01 train_loss: 2999.0034 train_mapscore: 0.9900 time: 0.0789s
INFO:root:Epoch: 2495 lr: 0.01 train_loss: 2998.9949 train_mapscore: 0.9900 time: 0.0848s
INFO:root:Epoch: 2500 lr: 0.01 train_loss: 2998.9863 train_mapscore: 0.9900 time: 0.0826s
INFO:root:Epoch: 2505 lr: 0.01 train_loss: 2998.9780 train_mapscore: 0.9900 time: 0.0790s
INFO:root:Epoch: 2510 lr: 0.01 train_loss: 2998.9702 train_mapscore: 0.9900 time: 0.0785s
INFO:root:Epoch: 2515 lr: 0.01 train_loss: 2998.9619 train_mapscore: 0.9900 time: 0.0790s
INFO:root:Epoch: 2520 lr: 0.01 train_loss: 2998.9531 train_mapscore: 0.9900 time: 0.0802s
INFO:root:Epoch: 2525 lr: 0.01 train_loss: 2998.9451 train_mapscore: 0.9900 time: 0.0832s
INFO:root:Epoch: 2530 lr: 0.01 train_loss: 2998.9365 train_mapscore: 0.9900 time: 0.0772s
INFO:root:Epoch: 2535 lr: 0.01 train_loss: 2998.9282 train_mapscore: 0.9900 time: 0.0813s
INFO:root:Epoch: 2540 lr: 0.01 train_loss: 2998.9199 train_mapscore: 0.9900 time: 0.0819s
INFO:root:Epoch: 2545 lr: 0.01 train_loss: 2998.9116 train_mapscore: 0.9900 time: 0.0799s
INFO:root:Epoch: 2550 lr: 0.01 train_loss: 2998.9036 train_mapscore: 0.9900 time: 0.0827s
INFO:root:Epoch: 2555 lr: 0.01 train_loss: 2998.8953 train_mapscore: 0.9900 time: 0.0783s
INFO:root:Epoch: 2560 lr: 0.01 train_loss: 2998.8875 train_mapscore: 0.9900 time: 0.0772s
INFO:root:Epoch: 2565 lr: 0.01 train_loss: 2998.8796 train_mapscore: 0.9900 time: 0.0768s
INFO:root:Epoch: 2570 lr: 0.01 train_loss: 2998.8716 train_mapscore: 0.9900 time: 0.1004s
INFO:root:Epoch: 2575 lr: 0.01 train_loss: 2998.8633 train_mapscore: 0.9900 time: 0.0964s
INFO:root:Epoch: 2580 lr: 0.01 train_loss: 2998.8557 train_mapscore: 0.9900 time: 0.0965s
INFO:root:Epoch: 2585 lr: 0.01 train_loss: 2998.8477 train_mapscore: 0.9900 time: 0.0986s
INFO:root:Epoch: 2590 lr: 0.01 train_loss: 2998.8398 train_mapscore: 0.9900 time: 0.0935s
INFO:root:Epoch: 2595 lr: 0.01 train_loss: 2998.8320 train_mapscore: 0.9900 time: 0.1008s
INFO:root:Epoch: 2600 lr: 0.01 train_loss: 2998.8242 train_mapscore: 0.9900 time: 0.0980s
INFO:root:Epoch: 2605 lr: 0.01 train_loss: 2998.8169 train_mapscore: 0.9900 time: 0.0942s
INFO:root:Epoch: 2610 lr: 0.01 train_loss: 2998.8088 train_mapscore: 0.9900 time: 0.0992s
INFO:root:Epoch: 2615 lr: 0.01 train_loss: 2998.8013 train_mapscore: 0.9900 time: 0.0969s
INFO:root:Epoch: 2620 lr: 0.01 train_loss: 2998.7944 train_mapscore: 0.9900 time: 0.0960s
INFO:root:Epoch: 2625 lr: 0.01 train_loss: 2998.7864 train_mapscore: 0.9900 time: 0.0947s
INFO:root:Epoch: 2630 lr: 0.01 train_loss: 2998.7783 train_mapscore: 0.9900 time: 0.0925s
INFO:root:Epoch: 2635 lr: 0.01 train_loss: 2998.7705 train_mapscore: 0.9900 time: 0.0960s
INFO:root:Epoch: 2640 lr: 0.01 train_loss: 2998.7632 train_mapscore: 0.9900 time: 0.0972s
INFO:root:Epoch: 2645 lr: 0.01 train_loss: 2998.7554 train_mapscore: 0.9900 time: 0.1018s
INFO:root:Epoch: 2650 lr: 0.01 train_loss: 2998.7480 train_mapscore: 0.9900 time: 0.1023s
INFO:root:Epoch: 2655 lr: 0.01 train_loss: 2998.7402 train_mapscore: 0.9900 time: 0.0976s
INFO:root:Epoch: 2660 lr: 0.01 train_loss: 2998.7329 train_mapscore: 0.9900 time: 0.0929s
INFO:root:Epoch: 2665 lr: 0.01 train_loss: 2998.7256 train_mapscore: 0.9900 time: 0.1008s
INFO:root:Epoch: 2670 lr: 0.01 train_loss: 2998.7183 train_mapscore: 0.9900 time: 0.0996s
INFO:root:Epoch: 2675 lr: 0.01 train_loss: 2998.7109 train_mapscore: 0.9900 time: 0.0807s
INFO:root:Epoch: 2680 lr: 0.01 train_loss: 2998.7036 train_mapscore: 0.9900 time: 0.0803s
INFO:root:Epoch: 2685 lr: 0.01 train_loss: 2998.6960 train_mapscore: 0.9900 time: 0.0768s
INFO:root:Epoch: 2690 lr: 0.01 train_loss: 2998.6890 train_mapscore: 0.9900 time: 0.0751s
INFO:root:Epoch: 2695 lr: 0.01 train_loss: 2998.6819 train_mapscore: 0.9900 time: 0.0795s
INFO:root:Epoch: 2700 lr: 0.01 train_loss: 2998.6743 train_mapscore: 0.9900 time: 0.0792s
INFO:root:Epoch: 2705 lr: 0.01 train_loss: 2998.6672 train_mapscore: 0.9900 time: 0.0795s
INFO:root:Epoch: 2710 lr: 0.01 train_loss: 2998.6599 train_mapscore: 0.9900 time: 0.0772s
INFO:root:Epoch: 2715 lr: 0.01 train_loss: 2998.6531 train_mapscore: 0.9900 time: 0.0762s
INFO:root:Epoch: 2720 lr: 0.01 train_loss: 2998.6460 train_mapscore: 0.9900 time: 0.0755s
INFO:root:Epoch: 2725 lr: 0.01 train_loss: 2998.6387 train_mapscore: 0.9900 time: 0.0776s
INFO:root:Epoch: 2730 lr: 0.01 train_loss: 2998.6316 train_mapscore: 0.9900 time: 0.0806s
INFO:root:Epoch: 2735 lr: 0.01 train_loss: 2998.6248 train_mapscore: 0.9900 time: 0.0813s
INFO:root:Epoch: 2740 lr: 0.01 train_loss: 2998.6174 train_mapscore: 0.9900 time: 0.0820s
INFO:root:Epoch: 2745 lr: 0.01 train_loss: 2998.6108 train_mapscore: 0.9900 time: 0.0793s
INFO:root:Epoch: 2750 lr: 0.01 train_loss: 2998.6038 train_mapscore: 0.9900 time: 0.0779s
INFO:root:Epoch: 2755 lr: 0.01 train_loss: 2998.5967 train_mapscore: 0.9900 time: 0.0787s
INFO:root:Epoch: 2760 lr: 0.01 train_loss: 2998.5898 train_mapscore: 0.9900 time: 0.0828s
INFO:root:Epoch: 2765 lr: 0.01 train_loss: 2998.5833 train_mapscore: 0.9900 time: 0.0790s
INFO:root:Epoch: 2770 lr: 0.01 train_loss: 2998.5769 train_mapscore: 0.9900 time: 0.0780s
INFO:root:Epoch: 2775 lr: 0.01 train_loss: 2998.5693 train_mapscore: 0.9900 time: 0.0780s
INFO:root:Epoch: 2780 lr: 0.01 train_loss: 2998.5627 train_mapscore: 0.9900 time: 0.0780s
INFO:root:Epoch: 2785 lr: 0.01 train_loss: 2998.5557 train_mapscore: 0.9900 time: 0.0788s
INFO:root:Epoch: 2790 lr: 0.01 train_loss: 2998.5488 train_mapscore: 0.9900 time: 0.0787s
INFO:root:Epoch: 2795 lr: 0.01 train_loss: 2998.5422 train_mapscore: 0.9900 time: 0.0796s
INFO:root:Epoch: 2800 lr: 0.01 train_loss: 2998.5354 train_mapscore: 0.9900 time: 0.0831s
INFO:root:Epoch: 2805 lr: 0.01 train_loss: 2998.5291 train_mapscore: 0.9900 time: 0.0829s
INFO:root:Epoch: 2810 lr: 0.01 train_loss: 2998.5222 train_mapscore: 0.9900 time: 0.0782s
INFO:root:Epoch: 2815 lr: 0.01 train_loss: 2998.5154 train_mapscore: 0.9900 time: 0.0789s
INFO:root:Epoch: 2820 lr: 0.01 train_loss: 2998.5088 train_mapscore: 0.9900 time: 0.0788s
INFO:root:Epoch: 2825 lr: 0.01 train_loss: 2998.5024 train_mapscore: 0.9900 time: 0.0755s
INFO:root:Epoch: 2830 lr: 0.01 train_loss: 2998.4961 train_mapscore: 0.9900 time: 0.0828s
INFO:root:Epoch: 2835 lr: 0.01 train_loss: 2998.4893 train_mapscore: 0.9900 time: 0.0786s
INFO:root:Epoch: 2840 lr: 0.01 train_loss: 2998.4829 train_mapscore: 0.9900 time: 0.0815s
INFO:root:Epoch: 2845 lr: 0.01 train_loss: 2998.4763 train_mapscore: 0.9900 time: 0.0767s
INFO:root:Epoch: 2850 lr: 0.01 train_loss: 2998.4697 train_mapscore: 0.9900 time: 0.0801s
INFO:root:Epoch: 2855 lr: 0.01 train_loss: 2998.4634 train_mapscore: 0.9900 time: 0.0785s
INFO:root:Epoch: 2860 lr: 0.01 train_loss: 2998.4570 train_mapscore: 0.9900 time: 0.0797s
INFO:root:Epoch: 2865 lr: 0.01 train_loss: 2998.4507 train_mapscore: 0.9900 time: 0.0824s
INFO:root:Epoch: 2870 lr: 0.01 train_loss: 2998.4441 train_mapscore: 0.9900 time: 0.0784s
INFO:root:Epoch: 2875 lr: 0.01 train_loss: 2998.4380 train_mapscore: 0.9900 time: 0.0770s
INFO:root:Epoch: 2880 lr: 0.01 train_loss: 2998.4314 train_mapscore: 0.9900 time: 0.0786s
INFO:root:Epoch: 2885 lr: 0.01 train_loss: 2998.4250 train_mapscore: 0.9900 time: 0.0795s
INFO:root:Epoch: 2890 lr: 0.01 train_loss: 2998.4189 train_mapscore: 0.9900 time: 0.0805s
INFO:root:Epoch: 2895 lr: 0.01 train_loss: 2998.4128 train_mapscore: 0.9900 time: 0.0787s
INFO:root:Epoch: 2900 lr: 0.01 train_loss: 2998.4062 train_mapscore: 0.9900 time: 0.0784s
INFO:root:Epoch: 2905 lr: 0.01 train_loss: 2998.4004 train_mapscore: 0.9900 time: 0.0810s
INFO:root:Epoch: 2910 lr: 0.01 train_loss: 2998.3940 train_mapscore: 0.9900 time: 0.0798s
INFO:root:Epoch: 2915 lr: 0.01 train_loss: 2998.3879 train_mapscore: 0.9900 time: 0.0790s
INFO:root:Epoch: 2920 lr: 0.01 train_loss: 2998.3816 train_mapscore: 0.9900 time: 0.0784s
INFO:root:Epoch: 2925 lr: 0.01 train_loss: 2998.3755 train_mapscore: 0.9900 time: 0.0794s
INFO:root:Epoch: 2930 lr: 0.01 train_loss: 2998.3694 train_mapscore: 0.9900 time: 0.0774s
INFO:root:Epoch: 2935 lr: 0.01 train_loss: 2998.3633 train_mapscore: 0.9900 time: 0.0811s
INFO:root:Epoch: 2940 lr: 0.01 train_loss: 2998.3572 train_mapscore: 0.9900 time: 0.0775s
INFO:root:Epoch: 2945 lr: 0.01 train_loss: 2998.3516 train_mapscore: 0.9900 time: 0.0775s
INFO:root:Epoch: 2950 lr: 0.01 train_loss: 2998.3452 train_mapscore: 0.9900 time: 0.0790s
INFO:root:Epoch: 2955 lr: 0.01 train_loss: 2998.3394 train_mapscore: 0.9900 time: 0.0812s
INFO:root:Epoch: 2960 lr: 0.01 train_loss: 2998.3335 train_mapscore: 0.9900 time: 0.0825s
INFO:root:Epoch: 2965 lr: 0.01 train_loss: 2998.3271 train_mapscore: 0.9900 time: 0.0778s
INFO:root:Epoch: 2970 lr: 0.01 train_loss: 2998.3210 train_mapscore: 0.9900 time: 0.0796s
INFO:root:Epoch: 2975 lr: 0.01 train_loss: 2998.3157 train_mapscore: 0.9900 time: 0.0759s
INFO:root:Epoch: 2980 lr: 0.01 train_loss: 2998.3098 train_mapscore: 0.9900 time: 0.0790s
INFO:root:Epoch: 2985 lr: 0.01 train_loss: 2998.3037 train_mapscore: 0.9900 time: 0.0797s
INFO:root:Epoch: 2990 lr: 0.01 train_loss: 2998.2983 train_mapscore: 0.9900 time: 0.0838s
INFO:root:Epoch: 2995 lr: 0.01 train_loss: 2998.2920 train_mapscore: 0.9900 time: 0.0789s
INFO:root:Epoch: 3000 lr: 0.01 train_loss: 2998.2861 train_mapscore: 0.9900 time: 0.0779s
INFO:root:Epoch: 3005 lr: 0.01 train_loss: 2998.2808 train_mapscore: 0.9900 time: 0.0809s
INFO:root:Epoch: 3010 lr: 0.01 train_loss: 2998.2744 train_mapscore: 0.9900 time: 0.0783s
INFO:root:Epoch: 3015 lr: 0.01 train_loss: 2998.2688 train_mapscore: 0.9900 time: 0.0786s
INFO:root:Epoch: 3020 lr: 0.01 train_loss: 2998.2629 train_mapscore: 0.9900 time: 0.0848s
INFO:root:Epoch: 3025 lr: 0.01 train_loss: 2998.2573 train_mapscore: 0.9900 time: 0.0764s
INFO:root:Epoch: 3030 lr: 0.01 train_loss: 2998.2515 train_mapscore: 0.9900 time: 0.0770s
INFO:root:Epoch: 3035 lr: 0.01 train_loss: 2998.2461 train_mapscore: 0.9900 time: 0.0837s
INFO:root:Epoch: 3040 lr: 0.01 train_loss: 2998.2402 train_mapscore: 0.9900 time: 0.0798s
INFO:root:Epoch: 3045 lr: 0.01 train_loss: 2998.2344 train_mapscore: 0.9900 time: 0.0793s
INFO:root:Epoch: 3050 lr: 0.01 train_loss: 2998.2290 train_mapscore: 0.9900 time: 0.0811s
INFO:root:Epoch: 3055 lr: 0.01 train_loss: 2998.2234 train_mapscore: 0.9900 time: 0.0782s
INFO:root:Epoch: 3060 lr: 0.01 train_loss: 2998.2175 train_mapscore: 0.9900 time: 0.0800s
INFO:root:Epoch: 3065 lr: 0.01 train_loss: 2998.2119 train_mapscore: 0.9900 time: 0.0820s
INFO:root:Epoch: 3070 lr: 0.01 train_loss: 2998.2070 train_mapscore: 0.9900 time: 0.0790s
INFO:root:Epoch: 3075 lr: 0.01 train_loss: 2998.2017 train_mapscore: 0.9900 time: 0.0830s
INFO:root:Epoch: 3080 lr: 0.01 train_loss: 2998.1968 train_mapscore: 0.9900 time: 0.0792s
INFO:root:Epoch: 3085 lr: 0.01 train_loss: 2998.1904 train_mapscore: 0.9900 time: 0.0762s
INFO:root:Epoch: 3090 lr: 0.01 train_loss: 2998.1851 train_mapscore: 0.9900 time: 0.0764s
INFO:root:Epoch: 3095 lr: 0.01 train_loss: 2998.1794 train_mapscore: 0.9900 time: 0.0764s
INFO:root:Epoch: 3100 lr: 0.01 train_loss: 2998.1741 train_mapscore: 0.9900 time: 0.0808s
INFO:root:Epoch: 3105 lr: 0.01 train_loss: 2998.1685 train_mapscore: 0.9900 time: 0.0765s
INFO:root:Epoch: 3110 lr: 0.01 train_loss: 2998.1631 train_mapscore: 0.9900 time: 0.0802s
INFO:root:Epoch: 3115 lr: 0.01 train_loss: 2998.1577 train_mapscore: 0.9900 time: 0.0806s
INFO:root:Epoch: 3120 lr: 0.01 train_loss: 2998.1523 train_mapscore: 0.9900 time: 0.0813s
INFO:root:Epoch: 3125 lr: 0.01 train_loss: 2998.1477 train_mapscore: 0.9900 time: 0.0802s
INFO:root:Epoch: 3130 lr: 0.01 train_loss: 2998.1421 train_mapscore: 0.9900 time: 0.0769s
INFO:root:Epoch: 3135 lr: 0.01 train_loss: 2998.1367 train_mapscore: 0.9900 time: 0.0800s
INFO:root:Epoch: 3140 lr: 0.01 train_loss: 2998.1313 train_mapscore: 0.9900 time: 0.0764s
INFO:root:Epoch: 3145 lr: 0.01 train_loss: 2998.1260 train_mapscore: 0.9900 time: 0.0779s
INFO:root:Epoch: 3150 lr: 0.01 train_loss: 2998.1208 train_mapscore: 0.9900 time: 0.0848s
INFO:root:Epoch: 3155 lr: 0.01 train_loss: 2998.1160 train_mapscore: 0.9900 time: 0.0779s
INFO:root:Epoch: 3160 lr: 0.01 train_loss: 2998.1104 train_mapscore: 0.9900 time: 0.0793s
INFO:root:Epoch: 3165 lr: 0.01 train_loss: 2998.1052 train_mapscore: 0.9900 time: 0.0791s
INFO:root:Epoch: 3170 lr: 0.01 train_loss: 2998.1003 train_mapscore: 0.9900 time: 0.0774s
INFO:root:Epoch: 3175 lr: 0.01 train_loss: 2998.0952 train_mapscore: 0.9900 time: 0.0787s
INFO:root:Epoch: 3180 lr: 0.01 train_loss: 2998.0903 train_mapscore: 0.9900 time: 0.0762s
INFO:root:Epoch: 3185 lr: 0.01 train_loss: 2998.0852 train_mapscore: 0.9900 time: 0.0803s
INFO:root:Epoch: 3190 lr: 0.01 train_loss: 2998.0808 train_mapscore: 0.9900 time: 0.0784s
INFO:root:Epoch: 3195 lr: 0.01 train_loss: 2998.0752 train_mapscore: 0.9900 time: 0.0791s
INFO:root:Epoch: 3200 lr: 0.01 train_loss: 2998.0703 train_mapscore: 0.9900 time: 0.0805s
INFO:root:Epoch: 3205 lr: 0.01 train_loss: 2998.0654 train_mapscore: 0.9900 time: 0.0790s
INFO:root:Epoch: 3210 lr: 0.01 train_loss: 2998.0605 train_mapscore: 0.9900 time: 0.0804s
INFO:root:Epoch: 3215 lr: 0.01 train_loss: 2998.0552 train_mapscore: 0.9900 time: 0.0822s
INFO:root:Epoch: 3220 lr: 0.01 train_loss: 2998.0505 train_mapscore: 0.9900 time: 0.0846s
INFO:root:Epoch: 3225 lr: 0.01 train_loss: 2998.0457 train_mapscore: 0.9900 time: 0.0784s
INFO:root:Epoch: 3230 lr: 0.01 train_loss: 2998.0408 train_mapscore: 0.9900 time: 0.0791s
INFO:root:Epoch: 3235 lr: 0.01 train_loss: 2998.0359 train_mapscore: 0.9900 time: 0.0795s
INFO:root:Epoch: 3240 lr: 0.01 train_loss: 2998.0310 train_mapscore: 0.9900 time: 0.0797s
INFO:root:Epoch: 3245 lr: 0.01 train_loss: 2998.0261 train_mapscore: 0.9900 time: 0.0802s
INFO:root:Epoch: 3250 lr: 0.01 train_loss: 2998.0215 train_mapscore: 0.9900 time: 0.0772s
INFO:root:Epoch: 3255 lr: 0.01 train_loss: 2998.0166 train_mapscore: 0.9900 time: 0.0779s
INFO:root:Epoch: 3260 lr: 0.01 train_loss: 2998.0122 train_mapscore: 0.9900 time: 0.0782s
INFO:root:Epoch: 3265 lr: 0.01 train_loss: 2998.0076 train_mapscore: 0.9900 time: 0.0829s
INFO:root:Epoch: 3270 lr: 0.01 train_loss: 2998.0032 train_mapscore: 0.9900 time: 0.0804s
INFO:root:Epoch: 3275 lr: 0.01 train_loss: 2997.9980 train_mapscore: 0.9900 time: 0.0809s
INFO:root:Epoch: 3280 lr: 0.01 train_loss: 2997.9929 train_mapscore: 0.9900 time: 0.0782s
INFO:root:Epoch: 3285 lr: 0.01 train_loss: 2997.9888 train_mapscore: 0.9900 time: 0.0820s
INFO:root:Epoch: 3290 lr: 0.01 train_loss: 2997.9839 train_mapscore: 0.9900 time: 0.0809s
INFO:root:Epoch: 3295 lr: 0.01 train_loss: 2997.9790 train_mapscore: 0.9900 time: 0.0792s
INFO:root:Epoch: 3300 lr: 0.01 train_loss: 2997.9746 train_mapscore: 0.9900 time: 0.0769s
INFO:root:Epoch: 3305 lr: 0.01 train_loss: 2997.9702 train_mapscore: 0.9900 time: 0.0789s
INFO:root:Epoch: 3310 lr: 0.01 train_loss: 2997.9656 train_mapscore: 0.9900 time: 0.0772s
INFO:root:Epoch: 3315 lr: 0.01 train_loss: 2997.9614 train_mapscore: 0.9900 time: 0.0788s
INFO:root:Epoch: 3320 lr: 0.01 train_loss: 2997.9565 train_mapscore: 0.9900 time: 0.0785s
INFO:root:Epoch: 3325 lr: 0.01 train_loss: 2997.9524 train_mapscore: 0.9900 time: 0.0770s
INFO:root:Epoch: 3330 lr: 0.01 train_loss: 2997.9478 train_mapscore: 0.9900 time: 0.0773s
INFO:root:Epoch: 3335 lr: 0.01 train_loss: 2997.9436 train_mapscore: 0.9900 time: 0.0824s
INFO:root:Epoch: 3340 lr: 0.01 train_loss: 2997.9390 train_mapscore: 0.9900 time: 0.0779s
INFO:root:Epoch: 3345 lr: 0.01 train_loss: 2997.9346 train_mapscore: 0.9900 time: 0.0797s
INFO:root:Epoch: 3350 lr: 0.01 train_loss: 2997.9307 train_mapscore: 0.9900 time: 0.0757s
INFO:root:Epoch: 3355 lr: 0.01 train_loss: 2997.9260 train_mapscore: 0.9900 time: 0.0756s
INFO:root:Epoch: 3360 lr: 0.01 train_loss: 2997.9214 train_mapscore: 0.9900 time: 0.0779s
INFO:root:Epoch: 3365 lr: 0.01 train_loss: 2997.9175 train_mapscore: 0.9900 time: 0.0755s
INFO:root:Epoch: 3370 lr: 0.01 train_loss: 2997.9131 train_mapscore: 0.9900 time: 0.0809s
INFO:root:Epoch: 3375 lr: 0.01 train_loss: 2997.9089 train_mapscore: 0.9900 time: 0.0779s
INFO:root:Epoch: 3380 lr: 0.01 train_loss: 2997.9053 train_mapscore: 0.9900 time: 0.0783s
INFO:root:Epoch: 3385 lr: 0.01 train_loss: 2997.9004 train_mapscore: 0.9900 time: 0.0807s
INFO:root:Epoch: 3390 lr: 0.01 train_loss: 2997.8960 train_mapscore: 0.9900 time: 0.0797s
INFO:root:Epoch: 3395 lr: 0.01 train_loss: 2997.8918 train_mapscore: 0.9900 time: 0.0772s
INFO:root:Epoch: 3400 lr: 0.01 train_loss: 2997.8879 train_mapscore: 0.9900 time: 0.0801s
INFO:root:Epoch: 3405 lr: 0.01 train_loss: 2997.8835 train_mapscore: 0.9900 time: 0.0785s
INFO:root:Epoch: 3410 lr: 0.01 train_loss: 2997.8792 train_mapscore: 0.9900 time: 0.0796s
INFO:root:Epoch: 3415 lr: 0.01 train_loss: 2997.8752 train_mapscore: 0.9900 time: 0.0774s
INFO:root:Epoch: 3420 lr: 0.01 train_loss: 2997.8711 train_mapscore: 0.9900 time: 0.0833s
INFO:root:Epoch: 3425 lr: 0.01 train_loss: 2997.8672 train_mapscore: 0.9900 time: 0.0814s
INFO:root:Epoch: 3430 lr: 0.01 train_loss: 2997.8628 train_mapscore: 0.9900 time: 0.0779s
INFO:root:Epoch: 3435 lr: 0.01 train_loss: 2997.8589 train_mapscore: 0.9900 time: 0.0777s
INFO:root:Epoch: 3440 lr: 0.01 train_loss: 2997.8547 train_mapscore: 0.9900 time: 0.0777s
INFO:root:Epoch: 3445 lr: 0.01 train_loss: 2997.8513 train_mapscore: 0.9900 time: 0.0764s
INFO:root:Epoch: 3450 lr: 0.01 train_loss: 2997.8479 train_mapscore: 0.9900 time: 0.0801s
INFO:root:Epoch: 3455 lr: 0.01 train_loss: 2997.8433 train_mapscore: 0.9900 time: 0.0803s
INFO:root:Epoch: 3460 lr: 0.01 train_loss: 2997.8391 train_mapscore: 0.9900 time: 0.0824s
INFO:root:Epoch: 3465 lr: 0.01 train_loss: 2997.8350 train_mapscore: 0.9900 time: 0.0803s
INFO:root:Epoch: 3470 lr: 0.01 train_loss: 2997.8311 train_mapscore: 0.9900 time: 0.0767s
INFO:root:Epoch: 3475 lr: 0.01 train_loss: 2997.8271 train_mapscore: 0.9900 time: 0.0853s
INFO:root:Epoch: 3480 lr: 0.01 train_loss: 2997.8232 train_mapscore: 0.9900 time: 0.0795s
INFO:root:Epoch: 3485 lr: 0.01 train_loss: 2997.8196 train_mapscore: 0.9900 time: 0.0756s
INFO:root:Epoch: 3490 lr: 0.01 train_loss: 2997.8154 train_mapscore: 0.9900 time: 0.0832s
INFO:root:Epoch: 3495 lr: 0.01 train_loss: 2997.8115 train_mapscore: 0.9900 time: 0.0785s
INFO:root:Epoch: 3500 lr: 0.01 train_loss: 2997.8076 train_mapscore: 0.9900 time: 0.0790s
INFO:root:Epoch: 3505 lr: 0.01 train_loss: 2997.8037 train_mapscore: 0.9900 time: 0.0805s
INFO:root:Epoch: 3510 lr: 0.01 train_loss: 2997.8000 train_mapscore: 0.9900 time: 0.0784s
INFO:root:Epoch: 3515 lr: 0.01 train_loss: 2997.7959 train_mapscore: 0.9900 time: 0.0775s
INFO:root:Epoch: 3520 lr: 0.01 train_loss: 2997.7922 train_mapscore: 0.9900 time: 0.0782s
INFO:root:Epoch: 3525 lr: 0.01 train_loss: 2997.7886 train_mapscore: 0.9900 time: 0.0781s
INFO:root:Epoch: 3530 lr: 0.01 train_loss: 2997.7852 train_mapscore: 0.9900 time: 0.0828s
INFO:root:Epoch: 3535 lr: 0.01 train_loss: 2997.7820 train_mapscore: 0.9900 time: 0.0783s
INFO:root:Epoch: 3540 lr: 0.01 train_loss: 2997.7783 train_mapscore: 0.9900 time: 0.0776s
INFO:root:Epoch: 3545 lr: 0.01 train_loss: 2997.7737 train_mapscore: 0.9900 time: 0.0805s
INFO:root:Epoch: 3550 lr: 0.01 train_loss: 2997.7700 train_mapscore: 0.9900 time: 0.0816s
INFO:root:Epoch: 3555 lr: 0.01 train_loss: 2997.7661 train_mapscore: 0.9900 time: 0.0793s
INFO:root:Epoch: 3560 lr: 0.01 train_loss: 2997.7625 train_mapscore: 0.9900 time: 0.0791s
INFO:root:Epoch: 3565 lr: 0.01 train_loss: 2997.7588 train_mapscore: 0.9900 time: 0.0786s
INFO:root:Epoch: 3570 lr: 0.01 train_loss: 2997.7551 train_mapscore: 0.9900 time: 0.0787s
INFO:root:Epoch: 3575 lr: 0.01 train_loss: 2997.7515 train_mapscore: 0.9900 time: 0.0796s
INFO:root:Epoch: 3580 lr: 0.01 train_loss: 2997.7480 train_mapscore: 0.9900 time: 0.0795s
INFO:root:Epoch: 3585 lr: 0.01 train_loss: 2997.7441 train_mapscore: 0.9900 time: 0.0787s
INFO:root:Epoch: 3590 lr: 0.01 train_loss: 2997.7407 train_mapscore: 0.9900 time: 0.0879s
INFO:root:Epoch: 3595 lr: 0.01 train_loss: 2997.7371 train_mapscore: 0.9900 time: 0.0769s
INFO:root:Epoch: 3600 lr: 0.01 train_loss: 2997.7336 train_mapscore: 0.9900 time: 0.0774s
INFO:root:Epoch: 3605 lr: 0.01 train_loss: 2997.7302 train_mapscore: 0.9900 time: 0.0816s
INFO:root:Epoch: 3610 lr: 0.01 train_loss: 2997.7266 train_mapscore: 0.9900 time: 0.0798s
INFO:root:Epoch: 3615 lr: 0.01 train_loss: 2997.7231 train_mapscore: 0.9900 time: 0.0785s
INFO:root:Epoch: 3620 lr: 0.01 train_loss: 2997.7197 train_mapscore: 0.9900 time: 0.0800s
INFO:root:Epoch: 3625 lr: 0.01 train_loss: 2997.7163 train_mapscore: 0.9900 time: 0.0802s
INFO:root:Epoch: 3630 lr: 0.01 train_loss: 2997.7124 train_mapscore: 0.9900 time: 0.0774s
INFO:root:Epoch: 3635 lr: 0.01 train_loss: 2997.7092 train_mapscore: 0.9900 time: 0.0769s
INFO:root:Epoch: 3640 lr: 0.01 train_loss: 2997.7056 train_mapscore: 0.9900 time: 0.0772s
INFO:root:Epoch: 3645 lr: 0.01 train_loss: 2997.7017 train_mapscore: 0.9900 time: 0.0788s
INFO:root:Epoch: 3650 lr: 0.01 train_loss: 2997.6982 train_mapscore: 0.9900 time: 0.0774s
INFO:root:Epoch: 3655 lr: 0.01 train_loss: 2997.6948 train_mapscore: 0.9900 time: 0.0779s
INFO:root:Epoch: 3660 lr: 0.01 train_loss: 2997.6909 train_mapscore: 0.9900 time: 0.0810s
INFO:root:Epoch: 3665 lr: 0.01 train_loss: 2997.6877 train_mapscore: 0.9900 time: 0.0781s
INFO:root:Epoch: 3670 lr: 0.01 train_loss: 2997.6848 train_mapscore: 0.9900 time: 0.0792s
INFO:root:Epoch: 3675 lr: 0.01 train_loss: 2997.6809 train_mapscore: 0.9900 time: 0.0787s
INFO:root:Epoch: 3680 lr: 0.01 train_loss: 2997.6780 train_mapscore: 0.9900 time: 0.0808s
INFO:root:Epoch: 3685 lr: 0.01 train_loss: 2997.6746 train_mapscore: 0.9900 time: 0.0771s
INFO:root:Epoch: 3690 lr: 0.01 train_loss: 2997.6716 train_mapscore: 0.9900 time: 0.0773s
INFO:root:Epoch: 3695 lr: 0.01 train_loss: 2997.6677 train_mapscore: 0.9900 time: 0.0806s
INFO:root:Epoch: 3700 lr: 0.01 train_loss: 2997.6643 train_mapscore: 0.9900 time: 0.0796s
INFO:root:Epoch: 3705 lr: 0.01 train_loss: 2997.6609 train_mapscore: 0.9900 time: 0.0757s
INFO:root:Epoch: 3710 lr: 0.01 train_loss: 2997.6572 train_mapscore: 0.9900 time: 0.0786s
INFO:root:Epoch: 3715 lr: 0.01 train_loss: 2997.6538 train_mapscore: 0.9900 time: 0.0783s
INFO:root:Epoch: 3720 lr: 0.01 train_loss: 2997.6504 train_mapscore: 0.9900 time: 0.0765s
INFO:root:Epoch: 3725 lr: 0.01 train_loss: 2997.6477 train_mapscore: 0.9900 time: 0.0783s
INFO:root:Epoch: 3730 lr: 0.01 train_loss: 2997.6440 train_mapscore: 0.9900 time: 0.0762s
INFO:root:Epoch: 3735 lr: 0.01 train_loss: 2997.6406 train_mapscore: 0.9900 time: 0.0766s
INFO:root:Epoch: 3740 lr: 0.01 train_loss: 2997.6377 train_mapscore: 0.9900 time: 0.0822s
INFO:root:Epoch: 3745 lr: 0.01 train_loss: 2997.6345 train_mapscore: 0.9900 time: 0.0787s
INFO:root:Epoch: 3750 lr: 0.01 train_loss: 2997.6316 train_mapscore: 0.9900 time: 0.0768s
INFO:root:Epoch: 3755 lr: 0.01 train_loss: 2997.6284 train_mapscore: 0.9900 time: 0.0778s
INFO:root:Epoch: 3760 lr: 0.01 train_loss: 2997.6248 train_mapscore: 0.9900 time: 0.0790s
INFO:root:Epoch: 3765 lr: 0.01 train_loss: 2997.6216 train_mapscore: 0.9900 time: 0.0777s
INFO:root:Epoch: 3770 lr: 0.01 train_loss: 2997.6184 train_mapscore: 0.9900 time: 0.0803s
INFO:root:Epoch: 3775 lr: 0.01 train_loss: 2997.6145 train_mapscore: 0.9900 time: 0.0774s
INFO:root:Epoch: 3780 lr: 0.01 train_loss: 2997.6118 train_mapscore: 0.9900 time: 0.0804s
INFO:root:Epoch: 3785 lr: 0.01 train_loss: 2997.6084 train_mapscore: 0.9900 time: 0.0773s
INFO:root:Epoch: 3790 lr: 0.01 train_loss: 2997.6052 train_mapscore: 0.9900 time: 0.0792s
INFO:root:Epoch: 3795 lr: 0.01 train_loss: 2997.6021 train_mapscore: 0.9900 time: 0.0765s
INFO:root:Epoch: 3800 lr: 0.01 train_loss: 2997.5989 train_mapscore: 0.9900 time: 0.0781s
INFO:root:Epoch: 3805 lr: 0.01 train_loss: 2997.5957 train_mapscore: 0.9900 time: 0.0787s
INFO:root:Epoch: 3810 lr: 0.01 train_loss: 2997.5925 train_mapscore: 0.9900 time: 0.0798s
INFO:root:Epoch: 3815 lr: 0.01 train_loss: 2997.5896 train_mapscore: 0.9900 time: 0.0795s
INFO:root:Epoch: 3820 lr: 0.01 train_loss: 2997.5869 train_mapscore: 0.9900 time: 0.0768s
INFO:root:Epoch: 3825 lr: 0.01 train_loss: 2997.5837 train_mapscore: 0.9900 time: 0.0789s
INFO:root:Epoch: 3830 lr: 0.01 train_loss: 2997.5798 train_mapscore: 0.9900 time: 0.0799s
INFO:root:Epoch: 3835 lr: 0.01 train_loss: 2997.5771 train_mapscore: 0.9900 time: 0.0774s
INFO:root:Epoch: 3840 lr: 0.01 train_loss: 2997.5735 train_mapscore: 0.9900 time: 0.0792s
INFO:root:Epoch: 3845 lr: 0.01 train_loss: 2997.5703 train_mapscore: 0.9900 time: 0.0782s
INFO:root:Epoch: 3850 lr: 0.01 train_loss: 2997.5674 train_mapscore: 0.9900 time: 0.0811s
INFO:root:Epoch: 3855 lr: 0.01 train_loss: 2997.5640 train_mapscore: 0.9900 time: 0.0774s
INFO:root:Epoch: 3860 lr: 0.01 train_loss: 2997.5610 train_mapscore: 0.9900 time: 0.0783s
INFO:root:Epoch: 3865 lr: 0.01 train_loss: 2997.5583 train_mapscore: 0.9900 time: 0.0806s
INFO:root:Epoch: 3870 lr: 0.01 train_loss: 2997.5549 train_mapscore: 0.9900 time: 0.0796s
INFO:root:Epoch: 3875 lr: 0.01 train_loss: 2997.5520 train_mapscore: 0.9900 time: 0.0780s
INFO:root:Epoch: 3880 lr: 0.01 train_loss: 2997.5491 train_mapscore: 0.9900 time: 0.0767s
INFO:root:Epoch: 3885 lr: 0.01 train_loss: 2997.5466 train_mapscore: 0.9900 time: 0.0788s
INFO:root:Epoch: 3890 lr: 0.01 train_loss: 2997.5437 train_mapscore: 0.9900 time: 0.0761s
INFO:root:Epoch: 3895 lr: 0.01 train_loss: 2997.5403 train_mapscore: 0.9900 time: 0.0805s
INFO:root:Epoch: 3900 lr: 0.01 train_loss: 2997.5366 train_mapscore: 0.9900 time: 0.0810s
INFO:root:Epoch: 3905 lr: 0.01 train_loss: 2997.5339 train_mapscore: 0.9900 time: 0.0787s
INFO:root:Epoch: 3910 lr: 0.01 train_loss: 2997.5308 train_mapscore: 0.9900 time: 0.0785s
INFO:root:Epoch: 3915 lr: 0.01 train_loss: 2997.5278 train_mapscore: 0.9900 time: 0.0805s
INFO:root:Epoch: 3920 lr: 0.01 train_loss: 2997.5249 train_mapscore: 0.9900 time: 0.0803s
INFO:root:Epoch: 3925 lr: 0.01 train_loss: 2997.5220 train_mapscore: 0.9900 time: 0.0790s
INFO:root:Epoch: 3930 lr: 0.01 train_loss: 2997.5190 train_mapscore: 0.9900 time: 0.0821s
INFO:root:Epoch: 3935 lr: 0.01 train_loss: 2997.5156 train_mapscore: 0.9900 time: 0.0787s
INFO:root:Epoch: 3940 lr: 0.01 train_loss: 2997.5132 train_mapscore: 0.9900 time: 0.0796s
INFO:root:Epoch: 3945 lr: 0.01 train_loss: 2997.5100 train_mapscore: 0.9900 time: 0.0809s
INFO:root:Epoch: 3950 lr: 0.01 train_loss: 2997.5071 train_mapscore: 0.9900 time: 0.0770s
INFO:root:Epoch: 3955 lr: 0.01 train_loss: 2997.5039 train_mapscore: 0.9900 time: 0.0820s
INFO:root:Epoch: 3960 lr: 0.01 train_loss: 2997.5012 train_mapscore: 0.9900 time: 0.0812s
INFO:root:Epoch: 3965 lr: 0.01 train_loss: 2997.4980 train_mapscore: 0.9900 time: 0.0797s
INFO:root:Epoch: 3970 lr: 0.01 train_loss: 2997.4954 train_mapscore: 0.9900 time: 0.0796s
INFO:root:Epoch: 3975 lr: 0.01 train_loss: 2997.4927 train_mapscore: 0.9900 time: 0.0808s
INFO:root:Epoch: 3980 lr: 0.01 train_loss: 2997.4902 train_mapscore: 0.9900 time: 0.0789s
INFO:root:Epoch: 3985 lr: 0.01 train_loss: 2997.4878 train_mapscore: 0.9900 time: 0.0815s
INFO:root:Epoch: 3990 lr: 0.01 train_loss: 2997.4839 train_mapscore: 0.9900 time: 0.0781s
INFO:root:Epoch: 3995 lr: 0.01 train_loss: 2997.4807 train_mapscore: 0.9900 time: 0.0783s
INFO:root:Epoch: 4000 lr: 0.01 train_loss: 2997.4778 train_mapscore: 0.9900 time: 0.0793s
INFO:root:Epoch: 4005 lr: 0.01 train_loss: 2997.4749 train_mapscore: 0.9900 time: 0.0793s
INFO:root:Epoch: 4010 lr: 0.01 train_loss: 2997.4722 train_mapscore: 0.9900 time: 0.0776s
INFO:root:Epoch: 4015 lr: 0.01 train_loss: 2997.4695 train_mapscore: 0.9900 time: 0.0786s
INFO:root:Epoch: 4020 lr: 0.01 train_loss: 2997.4663 train_mapscore: 0.9900 time: 0.0771s
INFO:root:Epoch: 4025 lr: 0.01 train_loss: 2997.4634 train_mapscore: 0.9900 time: 0.0801s
INFO:root:Epoch: 4030 lr: 0.01 train_loss: 2997.4604 train_mapscore: 0.9900 time: 0.0794s
INFO:root:Epoch: 4035 lr: 0.01 train_loss: 2997.4580 train_mapscore: 0.9900 time: 0.0787s
INFO:root:Epoch: 4040 lr: 0.01 train_loss: 2997.4551 train_mapscore: 0.9900 time: 0.0785s
INFO:root:Epoch: 4045 lr: 0.01 train_loss: 2997.4524 train_mapscore: 0.9900 time: 0.0760s
INFO:root:Epoch: 4050 lr: 0.01 train_loss: 2997.4497 train_mapscore: 0.9900 time: 0.0770s
INFO:root:Epoch: 4055 lr: 0.01 train_loss: 2997.4470 train_mapscore: 0.9900 time: 0.0810s
INFO:root:Epoch: 4060 lr: 0.01 train_loss: 2997.4441 train_mapscore: 0.9900 time: 0.0762s
INFO:root:Epoch: 4065 lr: 0.01 train_loss: 2997.4412 train_mapscore: 0.9900 time: 0.0786s
INFO:root:Epoch: 4070 lr: 0.01 train_loss: 2997.4385 train_mapscore: 0.9900 time: 0.0779s
INFO:root:Epoch: 4075 lr: 0.01 train_loss: 2997.4355 train_mapscore: 0.9900 time: 0.0767s
INFO:root:Epoch: 4080 lr: 0.01 train_loss: 2997.4329 train_mapscore: 0.9900 time: 0.0809s
INFO:root:Epoch: 4085 lr: 0.01 train_loss: 2997.4304 train_mapscore: 0.9900 time: 0.0773s
INFO:root:Epoch: 4090 lr: 0.01 train_loss: 2997.4282 train_mapscore: 0.9900 time: 0.0786s
INFO:root:Epoch: 4095 lr: 0.01 train_loss: 2997.4248 train_mapscore: 0.9900 time: 0.0798s
INFO:root:Epoch: 4100 lr: 0.01 train_loss: 2997.4216 train_mapscore: 0.9900 time: 0.0780s
INFO:root:Epoch: 4105 lr: 0.01 train_loss: 2997.4192 train_mapscore: 0.9900 time: 0.0792s
INFO:root:Epoch: 4110 lr: 0.01 train_loss: 2997.4163 train_mapscore: 0.9900 time: 0.0757s
INFO:root:Epoch: 4115 lr: 0.01 train_loss: 2997.4133 train_mapscore: 0.9900 time: 0.0766s
INFO:root:Epoch: 4120 lr: 0.01 train_loss: 2997.4109 train_mapscore: 0.9900 time: 0.0792s
INFO:root:Epoch: 4125 lr: 0.01 train_loss: 2997.4087 train_mapscore: 0.9900 time: 0.0787s
INFO:root:Epoch: 4130 lr: 0.01 train_loss: 2997.4058 train_mapscore: 0.9900 time: 0.0782s
INFO:root:Epoch: 4135 lr: 0.01 train_loss: 2997.4031 train_mapscore: 0.9900 time: 0.0780s
INFO:root:Epoch: 4140 lr: 0.01 train_loss: 2997.4001 train_mapscore: 0.9900 time: 0.0772s
INFO:root:Epoch: 4145 lr: 0.01 train_loss: 2997.3977 train_mapscore: 0.9900 time: 0.0764s
INFO:root:Epoch: 4150 lr: 0.01 train_loss: 2997.3950 train_mapscore: 0.9900 time: 0.0779s
INFO:root:Epoch: 4155 lr: 0.01 train_loss: 2997.3923 train_mapscore: 0.9900 time: 0.0792s
INFO:root:Epoch: 4160 lr: 0.01 train_loss: 2997.3896 train_mapscore: 0.9900 time: 0.0811s
INFO:root:Epoch: 4165 lr: 0.01 train_loss: 2997.3870 train_mapscore: 0.9900 time: 0.0778s
INFO:root:Epoch: 4170 lr: 0.01 train_loss: 2997.3845 train_mapscore: 0.9900 time: 0.0790s
INFO:root:Epoch: 4175 lr: 0.01 train_loss: 2997.3818 train_mapscore: 0.9900 time: 0.0818s
INFO:root:Epoch: 4180 lr: 0.01 train_loss: 2997.3789 train_mapscore: 0.9900 time: 0.0796s
INFO:root:Epoch: 4185 lr: 0.01 train_loss: 2997.3762 train_mapscore: 0.9900 time: 0.0810s
INFO:root:Epoch: 4190 lr: 0.01 train_loss: 2997.3738 train_mapscore: 0.9900 time: 0.0774s
INFO:root:Epoch: 4195 lr: 0.01 train_loss: 2997.3713 train_mapscore: 0.9900 time: 0.0792s
INFO:root:Epoch: 4200 lr: 0.01 train_loss: 2997.3684 train_mapscore: 0.9900 time: 0.0774s
INFO:root:Epoch: 4205 lr: 0.01 train_loss: 2997.3660 train_mapscore: 0.9900 time: 0.0800s
INFO:root:Epoch: 4210 lr: 0.01 train_loss: 2997.3640 train_mapscore: 0.9900 time: 0.0823s
INFO:root:Epoch: 4215 lr: 0.01 train_loss: 2997.3621 train_mapscore: 0.9900 time: 0.0798s
INFO:root:Epoch: 4220 lr: 0.01 train_loss: 2997.3584 train_mapscore: 0.9900 time: 0.0790s
INFO:root:Epoch: 4225 lr: 0.01 train_loss: 2997.3557 train_mapscore: 0.9900 time: 0.0801s
INFO:root:Epoch: 4230 lr: 0.01 train_loss: 2997.3530 train_mapscore: 0.9900 time: 0.0801s
INFO:root:Epoch: 4235 lr: 0.01 train_loss: 2997.3503 train_mapscore: 0.9900 time: 0.0777s
INFO:root:Epoch: 4240 lr: 0.01 train_loss: 2997.3479 train_mapscore: 0.9900 time: 0.0776s
INFO:root:Epoch: 4245 lr: 0.01 train_loss: 2997.3452 train_mapscore: 0.9900 time: 0.0814s
INFO:root:Epoch: 4250 lr: 0.01 train_loss: 2997.3425 train_mapscore: 0.9900 time: 0.0785s
INFO:root:Epoch: 4255 lr: 0.01 train_loss: 2997.3403 train_mapscore: 0.9900 time: 0.0784s
INFO:root:Epoch: 4260 lr: 0.01 train_loss: 2997.3379 train_mapscore: 0.9900 time: 0.0784s
INFO:root:Epoch: 4265 lr: 0.01 train_loss: 2997.3352 train_mapscore: 0.9900 time: 0.0765s
INFO:root:Epoch: 4270 lr: 0.01 train_loss: 2997.3325 train_mapscore: 0.9900 time: 0.0809s
INFO:root:Epoch: 4275 lr: 0.01 train_loss: 2997.3303 train_mapscore: 0.9900 time: 0.0789s
INFO:root:Epoch: 4280 lr: 0.01 train_loss: 2997.3286 train_mapscore: 0.9900 time: 0.0794s
INFO:root:Epoch: 4285 lr: 0.01 train_loss: 2997.3262 train_mapscore: 0.9900 time: 0.0796s
INFO:root:Epoch: 4290 lr: 0.01 train_loss: 2997.3228 train_mapscore: 0.9900 time: 0.0795s
INFO:root:Epoch: 4295 lr: 0.01 train_loss: 2997.3203 train_mapscore: 0.9900 time: 0.0789s
INFO:root:Epoch: 4300 lr: 0.01 train_loss: 2997.3179 train_mapscore: 0.9900 time: 0.0786s
INFO:root:Epoch: 4305 lr: 0.01 train_loss: 2997.3152 train_mapscore: 0.9900 time: 0.0794s
INFO:root:Epoch: 4310 lr: 0.01 train_loss: 2997.3130 train_mapscore: 0.9900 time: 0.0759s
INFO:root:Epoch: 4315 lr: 0.01 train_loss: 2997.3103 train_mapscore: 0.9900 time: 0.0775s
INFO:root:Epoch: 4320 lr: 0.01 train_loss: 2997.3079 train_mapscore: 0.9900 time: 0.0795s
INFO:root:Epoch: 4325 lr: 0.01 train_loss: 2997.3052 train_mapscore: 0.9900 time: 0.0772s
INFO:root:Epoch: 4330 lr: 0.01 train_loss: 2997.3030 train_mapscore: 0.9900 time: 0.0789s
INFO:root:Epoch: 4335 lr: 0.01 train_loss: 2997.3005 train_mapscore: 0.9900 time: 0.0792s
INFO:root:Epoch: 4340 lr: 0.01 train_loss: 2997.2979 train_mapscore: 0.9900 time: 0.0820s
INFO:root:Epoch: 4345 lr: 0.01 train_loss: 2997.2961 train_mapscore: 0.9900 time: 0.0833s
INFO:root:Epoch: 4350 lr: 0.01 train_loss: 2997.2957 train_mapscore: 0.9900 time: 0.0814s
INFO:root:Epoch: 4355 lr: 0.01 train_loss: 2997.2917 train_mapscore: 0.9900 time: 0.0756s
INFO:root:Epoch: 4360 lr: 0.01 train_loss: 2997.2896 train_mapscore: 0.9900 time: 0.0787s
INFO:root:Epoch: 4365 lr: 0.01 train_loss: 2997.2866 train_mapscore: 0.9900 time: 0.0805s
INFO:root:Epoch: 4370 lr: 0.01 train_loss: 2997.2839 train_mapscore: 0.9900 time: 0.0807s
INFO:root:Epoch: 4375 lr: 0.01 train_loss: 2997.2817 train_mapscore: 0.9900 time: 0.0784s
INFO:root:Epoch: 4380 lr: 0.01 train_loss: 2997.2793 train_mapscore: 0.9900 time: 0.0793s
INFO:root:Epoch: 4385 lr: 0.01 train_loss: 2997.2771 train_mapscore: 0.9900 time: 0.0775s
INFO:root:Epoch: 4390 lr: 0.01 train_loss: 2997.2744 train_mapscore: 0.9900 time: 0.0783s
INFO:root:Epoch: 4395 lr: 0.01 train_loss: 2997.2720 train_mapscore: 0.9900 time: 0.0792s
INFO:root:Epoch: 4400 lr: 0.01 train_loss: 2997.2698 train_mapscore: 0.9900 time: 0.0752s
INFO:root:Epoch: 4405 lr: 0.01 train_loss: 2997.2671 train_mapscore: 0.9900 time: 0.0793s
INFO:root:Epoch: 4410 lr: 0.01 train_loss: 2997.2649 train_mapscore: 0.9900 time: 0.0801s
INFO:root:Epoch: 4415 lr: 0.01 train_loss: 2997.2627 train_mapscore: 0.9900 time: 0.0773s
INFO:root:Epoch: 4420 lr: 0.01 train_loss: 2997.2605 train_mapscore: 0.9900 time: 0.0798s
INFO:root:Epoch: 4425 lr: 0.01 train_loss: 2997.2583 train_mapscore: 0.9900 time: 0.0767s
INFO:root:Epoch: 4430 lr: 0.01 train_loss: 2997.2559 train_mapscore: 0.9900 time: 0.0804s
INFO:root:Epoch: 4435 lr: 0.01 train_loss: 2997.2539 train_mapscore: 0.9900 time: 0.0774s
INFO:root:Epoch: 4440 lr: 0.01 train_loss: 2997.2515 train_mapscore: 0.9900 time: 0.0815s
INFO:root:Epoch: 4445 lr: 0.01 train_loss: 2997.2490 train_mapscore: 0.9900 time: 0.0791s
INFO:root:Epoch: 4450 lr: 0.01 train_loss: 2997.2466 train_mapscore: 0.9900 time: 0.0782s
INFO:root:Epoch: 4455 lr: 0.01 train_loss: 2997.2446 train_mapscore: 0.9900 time: 0.0790s
INFO:root:Epoch: 4460 lr: 0.01 train_loss: 2997.2419 train_mapscore: 0.9900 time: 0.1114s
INFO:root:Epoch: 4465 lr: 0.01 train_loss: 2997.2397 train_mapscore: 0.9898 time: 0.0805s
INFO:root:Epoch: 4470 lr: 0.01 train_loss: 2997.2375 train_mapscore: 0.9900 time: 0.0826s
INFO:root:Epoch: 4475 lr: 0.01 train_loss: 2997.2354 train_mapscore: 0.9898 time: 0.0797s
INFO:root:Epoch: 4480 lr: 0.01 train_loss: 2997.2332 train_mapscore: 0.9900 time: 0.0775s
INFO:root:Epoch: 4485 lr: 0.01 train_loss: 2997.2310 train_mapscore: 0.9898 time: 0.0790s
INFO:root:Epoch: 4490 lr: 0.01 train_loss: 2997.2292 train_mapscore: 0.9898 time: 0.0821s
INFO:root:Epoch: 4495 lr: 0.01 train_loss: 2997.2273 train_mapscore: 0.9900 time: 0.0799s
INFO:root:Epoch: 4500 lr: 0.01 train_loss: 2997.2246 train_mapscore: 0.9898 time: 0.0841s
INFO:root:Epoch: 4505 lr: 0.01 train_loss: 2997.2222 train_mapscore: 0.9898 time: 0.0775s
INFO:root:Epoch: 4510 lr: 0.01 train_loss: 2997.2200 train_mapscore: 0.9898 time: 0.0782s
INFO:root:Epoch: 4515 lr: 0.01 train_loss: 2997.2175 train_mapscore: 0.9898 time: 0.0798s
INFO:root:Epoch: 4520 lr: 0.01 train_loss: 2997.2153 train_mapscore: 0.9898 time: 0.0828s
INFO:root:Epoch: 4525 lr: 0.01 train_loss: 2997.2134 train_mapscore: 0.9898 time: 0.0772s
INFO:root:Epoch: 4530 lr: 0.01 train_loss: 2997.2112 train_mapscore: 0.9898 time: 0.0767s
INFO:root:Epoch: 4535 lr: 0.01 train_loss: 2997.2090 train_mapscore: 0.9898 time: 0.0796s
INFO:root:Epoch: 4540 lr: 0.01 train_loss: 2997.2068 train_mapscore: 0.9898 time: 0.0847s
INFO:root:Epoch: 4545 lr: 0.01 train_loss: 2997.2048 train_mapscore: 0.9898 time: 0.0775s
INFO:root:Epoch: 4550 lr: 0.01 train_loss: 2997.2029 train_mapscore: 0.9898 time: 0.0757s
INFO:root:Epoch: 4555 lr: 0.01 train_loss: 2997.2007 train_mapscore: 0.9898 time: 0.0785s
INFO:root:Epoch: 4560 lr: 0.01 train_loss: 2997.1985 train_mapscore: 0.9898 time: 0.0803s
INFO:root:Epoch: 4565 lr: 0.01 train_loss: 2997.1963 train_mapscore: 0.9898 time: 0.0799s
INFO:root:Epoch: 4570 lr: 0.01 train_loss: 2997.1941 train_mapscore: 0.9898 time: 0.0778s
INFO:root:Epoch: 4575 lr: 0.01 train_loss: 2997.1921 train_mapscore: 0.9898 time: 0.0791s
INFO:root:Epoch: 4580 lr: 0.01 train_loss: 2997.1897 train_mapscore: 0.9898 time: 0.0785s
INFO:root:Epoch: 4585 lr: 0.01 train_loss: 2997.1875 train_mapscore: 0.9898 time: 0.0780s
INFO:root:Epoch: 4590 lr: 0.01 train_loss: 2997.1853 train_mapscore: 0.9898 time: 0.0792s
INFO:root:Epoch: 4595 lr: 0.01 train_loss: 2997.1831 train_mapscore: 0.9898 time: 0.0814s
INFO:root:Epoch: 4600 lr: 0.01 train_loss: 2997.1809 train_mapscore: 0.9898 time: 0.0825s
INFO:root:Epoch: 4605 lr: 0.01 train_loss: 2997.1792 train_mapscore: 0.9898 time: 0.0786s
INFO:root:Epoch: 4610 lr: 0.01 train_loss: 2997.1770 train_mapscore: 0.9898 time: 0.0797s
INFO:root:Epoch: 4615 lr: 0.01 train_loss: 2997.1750 train_mapscore: 0.9898 time: 0.0778s
INFO:root:Epoch: 4620 lr: 0.01 train_loss: 2997.1729 train_mapscore: 0.9898 time: 0.0788s
INFO:root:Epoch: 4625 lr: 0.01 train_loss: 2997.1707 train_mapscore: 0.9898 time: 0.0800s
INFO:root:Epoch: 4630 lr: 0.01 train_loss: 2997.1687 train_mapscore: 0.9898 time: 0.0811s
INFO:root:Epoch: 4635 lr: 0.01 train_loss: 2997.1675 train_mapscore: 0.9898 time: 0.0813s
INFO:root:Epoch: 4640 lr: 0.01 train_loss: 2997.1663 train_mapscore: 0.9898 time: 0.0800s
INFO:root:Epoch: 4645 lr: 0.01 train_loss: 2997.1641 train_mapscore: 0.9898 time: 0.0800s
INFO:root:Epoch: 4650 lr: 0.01 train_loss: 2997.1616 train_mapscore: 0.9898 time: 0.0793s
INFO:root:Epoch: 4655 lr: 0.01 train_loss: 2997.1587 train_mapscore: 0.9898 time: 0.0803s
INFO:root:Epoch: 4660 lr: 0.01 train_loss: 2997.1570 train_mapscore: 0.9898 time: 0.0795s
INFO:root:Epoch: 4665 lr: 0.01 train_loss: 2997.1545 train_mapscore: 0.9898 time: 0.0782s
INFO:root:Epoch: 4670 lr: 0.01 train_loss: 2997.1523 train_mapscore: 0.9898 time: 0.0766s
INFO:root:Epoch: 4675 lr: 0.01 train_loss: 2997.1504 train_mapscore: 0.9898 time: 0.0786s
INFO:root:Epoch: 4680 lr: 0.01 train_loss: 2997.1482 train_mapscore: 0.9898 time: 0.0822s
INFO:root:Epoch: 4685 lr: 0.01 train_loss: 2997.1460 train_mapscore: 0.9898 time: 0.0783s
INFO:root:Epoch: 4690 lr: 0.01 train_loss: 2997.1440 train_mapscore: 0.9898 time: 0.0839s
INFO:root:Epoch: 4695 lr: 0.01 train_loss: 2997.1423 train_mapscore: 0.9898 time: 0.0819s
INFO:root:Epoch: 4700 lr: 0.01 train_loss: 2997.1401 train_mapscore: 0.9898 time: 0.0796s
INFO:root:Epoch: 4705 lr: 0.01 train_loss: 2997.1384 train_mapscore: 0.9898 time: 0.0846s
INFO:root:Epoch: 4710 lr: 0.01 train_loss: 2997.1362 train_mapscore: 0.9898 time: 0.0780s
INFO:root:Epoch: 4715 lr: 0.01 train_loss: 2997.1343 train_mapscore: 0.9898 time: 0.0775s
INFO:root:Epoch: 4720 lr: 0.01 train_loss: 2997.1323 train_mapscore: 0.9898 time: 0.0792s
INFO:root:Epoch: 4725 lr: 0.01 train_loss: 2997.1306 train_mapscore: 0.9898 time: 0.0789s
INFO:root:Epoch: 4730 lr: 0.01 train_loss: 2997.1287 train_mapscore: 0.9898 time: 0.0782s
INFO:root:Epoch: 4735 lr: 0.01 train_loss: 2997.1267 train_mapscore: 0.9898 time: 0.0779s
INFO:root:Epoch: 4740 lr: 0.01 train_loss: 2997.1255 train_mapscore: 0.9898 time: 0.0779s
INFO:root:Epoch: 4745 lr: 0.01 train_loss: 2997.1230 train_mapscore: 0.9898 time: 0.0795s
INFO:root:Epoch: 4750 lr: 0.01 train_loss: 2997.1211 train_mapscore: 0.9898 time: 0.0809s
INFO:root:Epoch: 4755 lr: 0.01 train_loss: 2997.1189 train_mapscore: 0.9898 time: 0.0786s
INFO:root:Epoch: 4760 lr: 0.01 train_loss: 2997.1169 train_mapscore: 0.9898 time: 0.0816s
INFO:root:Epoch: 4765 lr: 0.01 train_loss: 2997.1147 train_mapscore: 0.9898 time: 0.0790s
INFO:root:Epoch: 4770 lr: 0.01 train_loss: 2997.1128 train_mapscore: 0.9898 time: 0.0763s
INFO:root:Epoch: 4775 lr: 0.01 train_loss: 2997.1108 train_mapscore: 0.9898 time: 0.0783s
INFO:root:Epoch: 4780 lr: 0.01 train_loss: 2997.1089 train_mapscore: 0.9898 time: 0.0791s
INFO:root:Epoch: 4785 lr: 0.01 train_loss: 2997.1074 train_mapscore: 0.9898 time: 0.0801s
INFO:root:Epoch: 4790 lr: 0.01 train_loss: 2997.1050 train_mapscore: 0.9898 time: 0.0783s
INFO:root:Epoch: 4795 lr: 0.01 train_loss: 2997.1035 train_mapscore: 0.9898 time: 0.0803s
INFO:root:Epoch: 4800 lr: 0.01 train_loss: 2997.1021 train_mapscore: 0.9898 time: 0.0759s
INFO:root:Epoch: 4805 lr: 0.01 train_loss: 2997.1006 train_mapscore: 0.9898 time: 0.0790s
INFO:root:Epoch: 4810 lr: 0.01 train_loss: 2997.0991 train_mapscore: 0.9898 time: 0.0795s
INFO:root:Epoch: 4815 lr: 0.01 train_loss: 2997.0969 train_mapscore: 0.9898 time: 0.0794s
INFO:root:Epoch: 4820 lr: 0.01 train_loss: 2997.0942 train_mapscore: 0.9898 time: 0.0796s
INFO:root:Epoch: 4825 lr: 0.01 train_loss: 2997.0923 train_mapscore: 0.9898 time: 0.0769s
INFO:root:Epoch: 4830 lr: 0.01 train_loss: 2997.0903 train_mapscore: 0.9898 time: 0.0795s
INFO:root:Epoch: 4835 lr: 0.01 train_loss: 2997.0886 train_mapscore: 0.9898 time: 0.0795s
INFO:root:Epoch: 4840 lr: 0.01 train_loss: 2997.0864 train_mapscore: 0.9898 time: 0.0802s
INFO:root:Epoch: 4845 lr: 0.01 train_loss: 2997.0845 train_mapscore: 0.9898 time: 0.0783s
INFO:root:Epoch: 4850 lr: 0.01 train_loss: 2997.0828 train_mapscore: 0.9898 time: 0.0801s
INFO:root:Epoch: 4855 lr: 0.01 train_loss: 2997.0811 train_mapscore: 0.9898 time: 0.0818s
INFO:root:Epoch: 4860 lr: 0.01 train_loss: 2997.0791 train_mapscore: 0.9898 time: 0.1087s
INFO:root:Epoch: 4865 lr: 0.01 train_loss: 2997.0771 train_mapscore: 0.9898 time: 0.0763s
INFO:root:Epoch: 4870 lr: 0.01 train_loss: 2997.0757 train_mapscore: 0.9898 time: 0.0838s
INFO:root:Epoch: 4875 lr: 0.01 train_loss: 2997.0735 train_mapscore: 0.9898 time: 0.0783s
INFO:root:Epoch: 4880 lr: 0.01 train_loss: 2997.0715 train_mapscore: 0.9898 time: 0.0753s
INFO:root:Epoch: 4885 lr: 0.01 train_loss: 2997.0698 train_mapscore: 0.9898 time: 0.0792s
INFO:root:Epoch: 4890 lr: 0.01 train_loss: 2997.0686 train_mapscore: 0.9898 time: 0.0799s
INFO:root:Epoch: 4895 lr: 0.01 train_loss: 2997.0676 train_mapscore: 0.9898 time: 0.0792s
INFO:root:Epoch: 4900 lr: 0.01 train_loss: 2997.0662 train_mapscore: 0.9898 time: 0.0794s
INFO:root:Epoch: 4905 lr: 0.01 train_loss: 2997.0635 train_mapscore: 0.9898 time: 0.0784s
INFO:root:Epoch: 4910 lr: 0.01 train_loss: 2997.0613 train_mapscore: 0.9898 time: 0.0786s
INFO:root:Epoch: 4915 lr: 0.01 train_loss: 2997.0596 train_mapscore: 0.9898 time: 0.0765s
INFO:root:Epoch: 4920 lr: 0.01 train_loss: 2997.0576 train_mapscore: 0.9898 time: 0.0786s
INFO:root:Epoch: 4925 lr: 0.01 train_loss: 2997.0559 train_mapscore: 0.9898 time: 0.0783s
INFO:root:Epoch: 4930 lr: 0.01 train_loss: 2997.0542 train_mapscore: 0.9898 time: 0.0781s
INFO:root:Epoch: 4935 lr: 0.01 train_loss: 2997.0520 train_mapscore: 0.9898 time: 0.0786s
INFO:root:Epoch: 4940 lr: 0.01 train_loss: 2997.0505 train_mapscore: 0.9898 time: 0.0787s
INFO:root:Epoch: 4945 lr: 0.01 train_loss: 2997.0483 train_mapscore: 0.9898 time: 0.0795s
INFO:root:Epoch: 4950 lr: 0.01 train_loss: 2997.0469 train_mapscore: 0.9898 time: 0.0791s
INFO:root:Epoch: 4955 lr: 0.01 train_loss: 2997.0449 train_mapscore: 0.9898 time: 0.0783s
INFO:root:Epoch: 4960 lr: 0.01 train_loss: 2997.0432 train_mapscore: 0.9898 time: 0.0835s
INFO:root:Epoch: 4965 lr: 0.01 train_loss: 2997.0415 train_mapscore: 0.9898 time: 0.0821s
INFO:root:Epoch: 4970 lr: 0.01 train_loss: 2997.0398 train_mapscore: 0.9898 time: 0.0757s
INFO:root:Epoch: 4975 lr: 0.01 train_loss: 2997.0396 train_mapscore: 0.9898 time: 0.0800s
INFO:root:Epoch: 4980 lr: 0.01 train_loss: 2997.0383 train_mapscore: 0.9898 time: 0.0791s
INFO:root:Epoch: 4985 lr: 0.01 train_loss: 2997.0349 train_mapscore: 0.9898 time: 0.0770s
INFO:root:Epoch: 4990 lr: 0.01 train_loss: 2997.0330 train_mapscore: 0.9898 time: 0.0763s
INFO:root:Epoch: 4995 lr: 0.01 train_loss: 2997.0312 train_mapscore: 0.9898 time: 0.0790s
INFO:root:Epoch: 5000 lr: 0.0025 train_loss: 2997.0293 train_mapscore: 0.9898 time: 0.0770s
INFO:root:Optimization Finished!
INFO:root:Total time elapsed: 399.4902s
INFO:root:Val set results: val_distortion: 1.0000 val_mapscore: -1.0000
INFO:root:Test set results: test_loss: 2997.0288 test_mapscore: 0.9898
INFO:root:Saved model in /home/xiongbo/hgcn/logs/md/2021_4_9/0
