INFO:root:Using: cpu
INFO:root:Using seed 1234.
INFO:root:MDModel(
  (encoder): MLP(
    (layers): Sequential(
      (0): Linear(
        (linear): Linear(in_features=4941, out_features=10, bias=True)
      )
    )
  )
  (decoder): MDDecoder()
)
INFO:root:Total number of parameters: 49420
/home/xiongbo/anaconda3/envs/geometry/lib/python3.7/site-packages/torch/optim/lr_scheduler.py:370: UserWarning: To get the last learning rate computed by the scheduler, please use `get_last_lr()`.
  "please use `get_last_lr()`.", UserWarning)
INFO:root:Epoch: 0005 lr: 0.01 train_loss: 112044.4688 train_mapscore: 0.0742 time: 7.9665s
INFO:root:Epoch: 0010 lr: 0.01 train_loss: 111397.2969 train_mapscore: 0.1700 time: 7.4247s
INFO:root:Epoch: 0015 lr: 0.01 train_loss: 109911.6719 train_mapscore: 0.2142 time: 7.3395s
INFO:root:Epoch: 0020 lr: 0.01 train_loss: 107450.0703 train_mapscore: 0.2370 time: 7.2828s
INFO:root:Epoch: 0025 lr: 0.01 train_loss: 103931.6328 train_mapscore: 0.2525 time: 7.1840s
INFO:root:Epoch: 0030 lr: 0.01 train_loss: 99392.8516 train_mapscore: 0.2648 time: 7.1815s
INFO:root:Epoch: 0035 lr: 0.01 train_loss: 93944.9922 train_mapscore: 0.2806 time: 7.1169s
INFO:root:Epoch: 0040 lr: 0.01 train_loss: 87839.3281 train_mapscore: 0.2960 time: 7.1200s
INFO:root:Epoch: 0045 lr: 0.01 train_loss: 81430.5234 train_mapscore: 0.3085 time: 6.9610s
INFO:root:Epoch: 0050 lr: 0.01 train_loss: 75075.8281 train_mapscore: 0.3259 time: 7.0179s
INFO:root:Epoch: 0055 lr: 0.01 train_loss: 69088.1562 train_mapscore: 0.3447 time: 7.2265s
INFO:root:Epoch: 0060 lr: 0.01 train_loss: 63658.4883 train_mapscore: 0.3698 time: 6.7575s
INFO:root:Epoch: 0065 lr: 0.01 train_loss: 58844.7148 train_mapscore: 0.4010 time: 6.8396s
INFO:root:Epoch: 0070 lr: 0.01 train_loss: 54603.3984 train_mapscore: 0.4412 time: 6.8422s
INFO:root:Epoch: 0075 lr: 0.01 train_loss: 50848.1914 train_mapscore: 0.4850 time: 6.7435s
INFO:root:Epoch: 0080 lr: 0.01 train_loss: 47490.6445 train_mapscore: 0.5356 time: 6.7589s
INFO:root:Epoch: 0085 lr: 0.01 train_loss: 44460.9766 train_mapscore: 0.5876 time: 7.2010s
INFO:root:Epoch: 0090 lr: 0.01 train_loss: 41708.8711 train_mapscore: 0.6363 time: 6.9270s
INFO:root:Epoch: 0095 lr: 0.01 train_loss: 39201.3203 train_mapscore: 0.6840 time: 6.6025s
INFO:root:Epoch: 0100 lr: 0.01 train_loss: 36918.6875 train_mapscore: 0.7272 time: 6.6713s
INFO:root:Epoch: 0105 lr: 0.01 train_loss: 34852.0000 train_mapscore: 0.7639 time: 6.8506s
INFO:root:Epoch: 0110 lr: 0.01 train_loss: 32997.2539 train_mapscore: 0.7948 time: 6.8663s
INFO:root:Epoch: 0115 lr: 0.01 train_loss: 31350.6289 train_mapscore: 0.8176 time: 6.5374s
INFO:root:Epoch: 0120 lr: 0.01 train_loss: 29905.0625 train_mapscore: 0.8396 time: 6.7438s
INFO:root:Epoch: 0125 lr: 0.01 train_loss: 28648.9824 train_mapscore: 0.8561 time: 6.8152s
INFO:root:Epoch: 0130 lr: 0.01 train_loss: 27565.8613 train_mapscore: 0.8690 time: 6.6220s
INFO:root:Epoch: 0135 lr: 0.01 train_loss: 26635.6172 train_mapscore: 0.8787 time: 6.7273s
INFO:root:Epoch: 0140 lr: 0.01 train_loss: 25836.9219 train_mapscore: 0.8871 time: 6.7571s
INFO:root:Epoch: 0145 lr: 0.01 train_loss: 25149.4766 train_mapscore: 0.8927 time: 6.7582s
INFO:root:Epoch: 0150 lr: 0.01 train_loss: 24554.5293 train_mapscore: 0.8984 time: 6.7352s
INFO:root:Epoch: 0155 lr: 0.01 train_loss: 24036.0684 train_mapscore: 0.9030 time: 6.7301s
INFO:root:Epoch: 0160 lr: 0.01 train_loss: 23580.7051 train_mapscore: 0.9069 time: 6.7810s
INFO:root:Epoch: 0165 lr: 0.01 train_loss: 23177.5801 train_mapscore: 0.9099 time: 7.1047s
INFO:root:Epoch: 0170 lr: 0.01 train_loss: 22817.9570 train_mapscore: 0.9123 time: 6.7296s
INFO:root:Epoch: 0175 lr: 0.01 train_loss: 22494.9238 train_mapscore: 0.9146 time: 6.7404s
INFO:root:Epoch: 0180 lr: 0.01 train_loss: 22203.1094 train_mapscore: 0.9165 time: 6.6668s
INFO:root:Epoch: 0185 lr: 0.01 train_loss: 21938.1602 train_mapscore: 0.9187 time: 6.7456s
INFO:root:Epoch: 0190 lr: 0.01 train_loss: 21696.6270 train_mapscore: 0.9205 time: 6.6406s
INFO:root:Epoch: 0195 lr: 0.01 train_loss: 21475.5840 train_mapscore: 0.9223 time: 6.7494s
INFO:root:Epoch: 0200 lr: 0.01 train_loss: 21272.6348 train_mapscore: 0.9237 time: 6.6004s
INFO:root:Epoch: 0205 lr: 0.01 train_loss: 21085.7676 train_mapscore: 0.9249 time: 6.7455s
INFO:root:Epoch: 0210 lr: 0.01 train_loss: 20913.3047 train_mapscore: 0.9265 time: 6.6878s
INFO:root:Epoch: 0215 lr: 0.01 train_loss: 20753.7109 train_mapscore: 0.9275 time: 6.9991s
INFO:root:Epoch: 0220 lr: 0.01 train_loss: 20605.6953 train_mapscore: 0.9282 time: 6.6445s
INFO:root:Epoch: 0225 lr: 0.01 train_loss: 20468.1777 train_mapscore: 0.9294 time: 6.6840s
INFO:root:Epoch: 0230 lr: 0.01 train_loss: 20340.1094 train_mapscore: 0.9303 time: 6.6646s
INFO:root:Epoch: 0235 lr: 0.01 train_loss: 20220.5918 train_mapscore: 0.9319 time: 6.7164s
INFO:root:Epoch: 0240 lr: 0.01 train_loss: 20108.8574 train_mapscore: 0.9333 time: 6.7423s
INFO:root:Epoch: 0245 lr: 0.01 train_loss: 20004.1934 train_mapscore: 0.9343 time: 6.7211s
INFO:root:Epoch: 0250 lr: 0.01 train_loss: 19906.0410 train_mapscore: 0.9353 time: 6.7338s
INFO:root:Epoch: 0255 lr: 0.01 train_loss: 19813.8281 train_mapscore: 0.9366 time: 6.8463s
INFO:root:Epoch: 0260 lr: 0.01 train_loss: 19727.0371 train_mapscore: 0.9376 time: 6.6788s
INFO:root:Epoch: 0265 lr: 0.01 train_loss: 19645.2246 train_mapscore: 0.9384 time: 6.8313s
INFO:root:Epoch: 0270 lr: 0.01 train_loss: 19567.9922 train_mapscore: 0.9394 time: 6.9506s
INFO:root:Epoch: 0275 lr: 0.01 train_loss: 19494.9824 train_mapscore: 0.9406 time: 7.0319s
INFO:root:Epoch: 0280 lr: 0.01 train_loss: 19425.8613 train_mapscore: 0.9417 time: 6.8270s
INFO:root:Epoch: 0285 lr: 0.01 train_loss: 19360.3418 train_mapscore: 0.9427 time: 7.3493s
INFO:root:Epoch: 0290 lr: 0.01 train_loss: 19298.1523 train_mapscore: 0.9443 time: 7.0981s
INFO:root:Epoch: 0295 lr: 0.01 train_loss: 19239.0703 train_mapscore: 0.9451 time: 6.5825s
INFO:root:Epoch: 0300 lr: 0.01 train_loss: 19182.8809 train_mapscore: 0.9464 time: 6.7878s
INFO:root:Epoch: 0305 lr: 0.01 train_loss: 19129.3594 train_mapscore: 0.9476 time: 6.8313s
INFO:root:Epoch: 0310 lr: 0.01 train_loss: 19078.3457 train_mapscore: 0.9482 time: 6.8244s
INFO:root:Epoch: 0315 lr: 0.01 train_loss: 19029.6484 train_mapscore: 0.9492 time: 6.6946s
INFO:root:Epoch: 0320 lr: 0.01 train_loss: 18983.1426 train_mapscore: 0.9499 time: 6.7667s
INFO:root:Epoch: 0325 lr: 0.01 train_loss: 18938.6855 train_mapscore: 0.9508 time: 6.8017s
INFO:root:Epoch: 0330 lr: 0.01 train_loss: 18896.1465 train_mapscore: 0.9518 time: 6.6279s
INFO:root:Epoch: 0335 lr: 0.01 train_loss: 18855.4395 train_mapscore: 0.9530 time: 6.7939s
INFO:root:Epoch: 0340 lr: 0.01 train_loss: 18816.4414 train_mapscore: 0.9538 time: 6.7397s
INFO:root:Epoch: 0345 lr: 0.01 train_loss: 18779.0742 train_mapscore: 0.9547 time: 6.5909s
INFO:root:Epoch: 0350 lr: 0.01 train_loss: 18743.2480 train_mapscore: 0.9558 time: 6.7077s
INFO:root:Epoch: 0355 lr: 0.01 train_loss: 18708.8691 train_mapscore: 0.9571 time: 6.6898s
INFO:root:Epoch: 0360 lr: 0.01 train_loss: 18675.8750 train_mapscore: 0.9576 time: 6.5530s
INFO:root:Epoch: 0365 lr: 0.01 train_loss: 18644.1953 train_mapscore: 0.9589 time: 6.6171s
INFO:root:Epoch: 0370 lr: 0.01 train_loss: 18613.7656 train_mapscore: 0.9597 time: 6.9345s
INFO:root:Epoch: 0375 lr: 0.01 train_loss: 18584.5195 train_mapscore: 0.9613 time: 6.8470s
INFO:root:Epoch: 0380 lr: 0.01 train_loss: 18556.4062 train_mapscore: 0.9622 time: 6.8965s
INFO:root:Epoch: 0385 lr: 0.01 train_loss: 18529.3652 train_mapscore: 0.9638 time: 6.7557s
INFO:root:Epoch: 0390 lr: 0.01 train_loss: 18503.3438 train_mapscore: 0.9648 time: 6.7445s
INFO:root:Epoch: 0395 lr: 0.01 train_loss: 18478.2949 train_mapscore: 0.9661 time: 6.6956s
INFO:root:Epoch: 0400 lr: 0.01 train_loss: 18454.1758 train_mapscore: 0.9666 time: 6.6249s
INFO:root:Epoch: 0405 lr: 0.01 train_loss: 18430.9355 train_mapscore: 0.9672 time: 6.7146s
INFO:root:Epoch: 0410 lr: 0.01 train_loss: 18408.5312 train_mapscore: 0.9677 time: 6.7825s
INFO:root:Epoch: 0415 lr: 0.01 train_loss: 18386.9316 train_mapscore: 0.9682 time: 6.9795s
INFO:root:Epoch: 0420 lr: 0.01 train_loss: 18366.0977 train_mapscore: 0.9689 time: 6.7646s
INFO:root:Epoch: 0425 lr: 0.01 train_loss: 18345.9883 train_mapscore: 0.9695 time: 6.8795s
INFO:root:Epoch: 0430 lr: 0.01 train_loss: 18326.5703 train_mapscore: 0.9703 time: 6.7275s
INFO:root:Epoch: 0435 lr: 0.01 train_loss: 18307.8281 train_mapscore: 0.9713 time: 7.0631s
INFO:root:Epoch: 0440 lr: 0.01 train_loss: 18289.7227 train_mapscore: 0.9718 time: 6.8219s
INFO:root:Epoch: 0445 lr: 0.01 train_loss: 18272.2266 train_mapscore: 0.9725 time: 6.7197s
INFO:root:Epoch: 0450 lr: 0.01 train_loss: 18255.3047 train_mapscore: 0.9731 time: 6.7984s
INFO:root:Epoch: 0455 lr: 0.01 train_loss: 18238.9258 train_mapscore: 0.9738 time: 6.7363s
INFO:root:Epoch: 0460 lr: 0.01 train_loss: 18223.0781 train_mapscore: 0.9741 time: 6.7559s
INFO:root:Epoch: 0465 lr: 0.01 train_loss: 18207.7363 train_mapscore: 0.9744 time: 6.5712s
INFO:root:Epoch: 0470 lr: 0.01 train_loss: 18192.8730 train_mapscore: 0.9750 time: 6.6958s
INFO:root:Epoch: 0475 lr: 0.01 train_loss: 18178.4727 train_mapscore: 0.9756 time: 6.7989s
INFO:root:Epoch: 0480 lr: 0.01 train_loss: 18164.5137 train_mapscore: 0.9759 time: 6.6271s
INFO:root:Epoch: 0485 lr: 0.01 train_loss: 18150.9785 train_mapscore: 0.9766 time: 6.7481s
INFO:root:Epoch: 0490 lr: 0.01 train_loss: 18137.8535 train_mapscore: 0.9772 time: 6.7279s
INFO:root:Epoch: 0495 lr: 0.01 train_loss: 18125.1191 train_mapscore: 0.9780 time: 6.6529s
INFO:root:Epoch: 0500 lr: 0.01 train_loss: 18112.7578 train_mapscore: 0.9782 time: 6.5945s
INFO:root:Epoch: 0505 lr: 0.01 train_loss: 18100.7617 train_mapscore: 0.9791 time: 6.5614s
INFO:root:Epoch: 0510 lr: 0.01 train_loss: 18089.1094 train_mapscore: 0.9798 time: 6.8080s
INFO:root:Epoch: 0515 lr: 0.01 train_loss: 18077.7930 train_mapscore: 0.9806 time: 6.9949s
INFO:root:Epoch: 0520 lr: 0.01 train_loss: 18066.7988 train_mapscore: 0.9807 time: 6.6993s
INFO:root:Epoch: 0525 lr: 0.01 train_loss: 18056.1133 train_mapscore: 0.9810 time: 6.6327s
INFO:root:Epoch: 0530 lr: 0.01 train_loss: 18045.7266 train_mapscore: 0.9812 time: 6.6285s
INFO:root:Epoch: 0535 lr: 0.01 train_loss: 18035.6250 train_mapscore: 0.9820 time: 6.5835s
INFO:root:Epoch: 0540 lr: 0.01 train_loss: 18025.8008 train_mapscore: 0.9827 time: 6.7390s
INFO:root:Epoch: 0545 lr: 0.01 train_loss: 18016.2422 train_mapscore: 0.9835 time: 6.6008s
INFO:root:Epoch: 0550 lr: 0.01 train_loss: 18006.9395 train_mapscore: 0.9840 time: 6.7210s
INFO:root:Epoch: 0555 lr: 0.01 train_loss: 17997.8867 train_mapscore: 0.9843 time: 6.7402s
INFO:root:Epoch: 0560 lr: 0.01 train_loss: 17989.0703 train_mapscore: 0.9846 time: 6.6577s
INFO:root:Epoch: 0565 lr: 0.01 train_loss: 17980.4863 train_mapscore: 0.9852 time: 6.7321s
INFO:root:Epoch: 0570 lr: 0.01 train_loss: 17972.1230 train_mapscore: 0.9854 time: 6.8717s
INFO:root:Epoch: 0575 lr: 0.01 train_loss: 17963.9766 train_mapscore: 0.9858 time: 6.6673s
INFO:root:Epoch: 0580 lr: 0.01 train_loss: 17956.0352 train_mapscore: 0.9859 time: 6.7287s
INFO:root:Epoch: 0585 lr: 0.01 train_loss: 17948.2930 train_mapscore: 0.9864 time: 6.7316s
INFO:root:Epoch: 0590 lr: 0.01 train_loss: 17940.7422 train_mapscore: 0.9866 time: 7.0348s
INFO:root:Epoch: 0595 lr: 0.01 train_loss: 17933.3809 train_mapscore: 0.9868 time: 6.6331s
INFO:root:Epoch: 0600 lr: 0.01 train_loss: 17926.1953 train_mapscore: 0.9868 time: 6.6899s
INFO:root:Epoch: 0605 lr: 0.01 train_loss: 17919.1875 train_mapscore: 0.9869 time: 6.7209s
INFO:root:Epoch: 0610 lr: 0.01 train_loss: 17912.3477 train_mapscore: 0.9870 time: 6.5750s
INFO:root:Epoch: 0615 lr: 0.01 train_loss: 17905.6699 train_mapscore: 0.9872 time: 6.7372s
INFO:root:Epoch: 0620 lr: 0.01 train_loss: 17899.1504 train_mapscore: 0.9873 time: 6.7221s
INFO:root:Epoch: 0625 lr: 0.01 train_loss: 17892.7832 train_mapscore: 0.9875 time: 6.8173s
INFO:root:Epoch: 0630 lr: 0.01 train_loss: 17886.5625 train_mapscore: 0.9875 time: 6.9237s
INFO:root:Epoch: 0635 lr: 0.01 train_loss: 17880.4863 train_mapscore: 0.9876 time: 6.6518s
INFO:root:Epoch: 0640 lr: 0.01 train_loss: 17874.5469 train_mapscore: 0.9879 time: 6.7121s
INFO:root:Epoch: 0645 lr: 0.01 train_loss: 17868.7422 train_mapscore: 0.9879 time: 6.6193s
INFO:root:Epoch: 0650 lr: 0.01 train_loss: 17863.0684 train_mapscore: 0.9880 time: 6.8085s
INFO:root:Epoch: 0655 lr: 0.01 train_loss: 17857.5234 train_mapscore: 0.9880 time: 6.6434s
INFO:root:Epoch: 0660 lr: 0.01 train_loss: 17852.0957 train_mapscore: 0.9880 time: 6.8076s
INFO:root:Epoch: 0665 lr: 0.01 train_loss: 17846.7891 train_mapscore: 0.9880 time: 6.6642s
INFO:root:Epoch: 0670 lr: 0.01 train_loss: 17841.5957 train_mapscore: 0.9881 time: 6.6034s
INFO:root:Epoch: 0675 lr: 0.01 train_loss: 17836.5137 train_mapscore: 0.9883 time: 6.8112s
INFO:root:Epoch: 0680 lr: 0.01 train_loss: 17831.5430 train_mapscore: 0.9884 time: 6.7242s
INFO:root:Epoch: 0685 lr: 0.01 train_loss: 17826.6758 train_mapscore: 0.9883 time: 6.6592s
INFO:root:Epoch: 0690 lr: 0.01 train_loss: 17821.9121 train_mapscore: 0.9883 time: 6.6379s
INFO:root:Epoch: 0695 lr: 0.01 train_loss: 17817.2461 train_mapscore: 0.9884 time: 6.6740s
INFO:root:Epoch: 0700 lr: 0.01 train_loss: 17812.6777 train_mapscore: 0.9884 time: 6.6928s
INFO:root:Epoch: 0705 lr: 0.01 train_loss: 17808.2012 train_mapscore: 0.9885 time: 6.6958s
INFO:root:Epoch: 0710 lr: 0.01 train_loss: 17803.8164 train_mapscore: 0.9885 time: 6.6380s
INFO:root:Epoch: 0715 lr: 0.01 train_loss: 17799.5176 train_mapscore: 0.9888 time: 6.7822s
INFO:root:Epoch: 0720 lr: 0.01 train_loss: 17795.3086 train_mapscore: 0.9889 time: 6.7660s
INFO:root:Epoch: 0725 lr: 0.01 train_loss: 17791.1836 train_mapscore: 0.9889 time: 6.6964s
INFO:root:Epoch: 0730 lr: 0.01 train_loss: 17787.1387 train_mapscore: 0.9889 time: 6.7466s
INFO:root:Epoch: 0735 lr: 0.01 train_loss: 17783.1738 train_mapscore: 0.9889 time: 6.8780s
INFO:root:Epoch: 0740 lr: 0.01 train_loss: 17779.2832 train_mapscore: 0.9889 time: 6.6386s
INFO:root:Epoch: 0745 lr: 0.01 train_loss: 17775.4668 train_mapscore: 0.9890 time: 7.2371s
INFO:root:Epoch: 0750 lr: 0.01 train_loss: 17771.7227 train_mapscore: 0.9891 time: 6.8016s
INFO:root:Epoch: 0755 lr: 0.01 train_loss: 17768.0527 train_mapscore: 0.9892 time: 6.6106s
INFO:root:Epoch: 0760 lr: 0.01 train_loss: 17764.4492 train_mapscore: 0.9892 time: 6.7276s
INFO:root:Epoch: 0765 lr: 0.01 train_loss: 17760.9141 train_mapscore: 0.9892 time: 6.8257s
INFO:root:Epoch: 0770 lr: 0.01 train_loss: 17757.4414 train_mapscore: 0.9892 time: 6.6626s
INFO:root:Epoch: 0775 lr: 0.01 train_loss: 17754.0312 train_mapscore: 0.9893 time: 6.6648s
INFO:root:Epoch: 0780 lr: 0.01 train_loss: 17750.6855 train_mapscore: 0.9893 time: 6.6516s
INFO:root:Epoch: 0785 lr: 0.01 train_loss: 17747.4004 train_mapscore: 0.9893 time: 6.6604s
INFO:root:Epoch: 0790 lr: 0.01 train_loss: 17744.1719 train_mapscore: 0.9893 time: 6.5847s
INFO:root:Epoch: 0795 lr: 0.01 train_loss: 17741.0020 train_mapscore: 0.9893 time: 6.9874s
INFO:root:Epoch: 0800 lr: 0.01 train_loss: 17737.8887 train_mapscore: 0.9893 time: 6.7597s
INFO:root:Epoch: 0805 lr: 0.01 train_loss: 17734.8281 train_mapscore: 0.9894 time: 6.6575s
INFO:root:Epoch: 0810 lr: 0.01 train_loss: 17731.8223 train_mapscore: 0.9894 time: 6.5731s
INFO:root:Epoch: 0815 lr: 0.01 train_loss: 17728.8691 train_mapscore: 0.9894 time: 6.6863s
INFO:root:Epoch: 0820 lr: 0.01 train_loss: 17725.9629 train_mapscore: 0.9894 time: 6.6687s
INFO:root:Epoch: 0825 lr: 0.01 train_loss: 17723.1094 train_mapscore: 0.9894 time: 6.6850s
INFO:root:Epoch: 0830 lr: 0.01 train_loss: 17720.3008 train_mapscore: 0.9894 time: 6.6611s
INFO:root:Epoch: 0835 lr: 0.01 train_loss: 17717.5410 train_mapscore: 0.9894 time: 6.6386s
INFO:root:Epoch: 0840 lr: 0.01 train_loss: 17714.8262 train_mapscore: 0.9894 time: 6.6112s
INFO:root:Epoch: 0845 lr: 0.01 train_loss: 17712.1523 train_mapscore: 0.9894 time: 6.6384s
INFO:root:Epoch: 0850 lr: 0.01 train_loss: 17709.5273 train_mapscore: 0.9895 time: 6.5655s
INFO:root:Epoch: 0855 lr: 0.01 train_loss: 17706.9434 train_mapscore: 0.9895 time: 6.6632s
INFO:root:Epoch: 0860 lr: 0.01 train_loss: 17704.4023 train_mapscore: 0.9895 time: 6.5832s
INFO:root:Epoch: 0865 lr: 0.01 train_loss: 17701.9004 train_mapscore: 0.9895 time: 6.6808s
INFO:root:Epoch: 0870 lr: 0.01 train_loss: 17699.4375 train_mapscore: 0.9895 time: 6.7014s
INFO:root:Epoch: 0875 lr: 0.01 train_loss: 17697.0156 train_mapscore: 0.9895 time: 6.7696s
INFO:root:Epoch: 0880 lr: 0.01 train_loss: 17694.6289 train_mapscore: 0.9895 time: 6.7147s
INFO:root:Epoch: 0885 lr: 0.01 train_loss: 17692.2812 train_mapscore: 0.9895 time: 6.7652s
INFO:root:Epoch: 0890 lr: 0.01 train_loss: 17689.9688 train_mapscore: 0.9895 time: 6.7237s
INFO:root:Epoch: 0895 lr: 0.01 train_loss: 17687.6934 train_mapscore: 0.9895 time: 6.7053s
INFO:root:Epoch: 0900 lr: 0.01 train_loss: 17685.4531 train_mapscore: 0.9895 time: 6.6485s
INFO:root:Epoch: 0905 lr: 0.01 train_loss: 17683.2441 train_mapscore: 0.9896 time: 6.6871s
INFO:root:Epoch: 0910 lr: 0.01 train_loss: 17681.0703 train_mapscore: 0.9896 time: 6.9070s
INFO:root:Epoch: 0915 lr: 0.01 train_loss: 17678.9277 train_mapscore: 0.9896 time: 6.9304s
INFO:root:Epoch: 0920 lr: 0.01 train_loss: 17676.8184 train_mapscore: 0.9896 time: 6.7316s
INFO:root:Epoch: 0925 lr: 0.01 train_loss: 17674.7422 train_mapscore: 0.9896 time: 6.6951s
INFO:root:Epoch: 0930 lr: 0.01 train_loss: 17672.6914 train_mapscore: 0.9898 time: 6.5999s
INFO:root:Epoch: 0935 lr: 0.01 train_loss: 17670.6758 train_mapscore: 0.9898 time: 7.2661s
INFO:root:Epoch: 0940 lr: 0.01 train_loss: 17668.6875 train_mapscore: 0.9898 time: 6.7612s
INFO:root:Epoch: 0945 lr: 0.01 train_loss: 17666.7285 train_mapscore: 0.9898 time: 6.6670s
INFO:root:Epoch: 0950 lr: 0.01 train_loss: 17664.7969 train_mapscore: 0.9898 time: 6.7085s
INFO:root:Epoch: 0955 lr: 0.01 train_loss: 17662.8906 train_mapscore: 0.9897 time: 6.6522s
INFO:root:Epoch: 0960 lr: 0.01 train_loss: 17661.0156 train_mapscore: 0.9899 time: 6.7267s
INFO:root:Epoch: 0965 lr: 0.01 train_loss: 17659.1621 train_mapscore: 0.9899 time: 6.6142s
INFO:root:Epoch: 0970 lr: 0.01 train_loss: 17657.3379 train_mapscore: 0.9899 time: 6.6362s
INFO:root:Epoch: 0975 lr: 0.01 train_loss: 17655.5391 train_mapscore: 0.9899 time: 6.7650s
INFO:root:Epoch: 0980 lr: 0.01 train_loss: 17653.7637 train_mapscore: 0.9899 time: 6.6737s
INFO:root:Epoch: 0985 lr: 0.01 train_loss: 17652.0117 train_mapscore: 0.9899 time: 6.7068s
INFO:root:Epoch: 0990 lr: 0.01 train_loss: 17650.2852 train_mapscore: 0.9899 time: 6.7726s
INFO:root:Epoch: 0995 lr: 0.01 train_loss: 17648.5781 train_mapscore: 0.9899 time: 6.6400s
INFO:root:Epoch: 1000 lr: 0.01 train_loss: 17646.8965 train_mapscore: 0.9899 time: 6.7141s
INFO:root:Epoch: 1005 lr: 0.01 train_loss: 17645.2383 train_mapscore: 0.9899 time: 6.6681s
INFO:root:Epoch: 1010 lr: 0.01 train_loss: 17643.6016 train_mapscore: 0.9899 time: 6.7192s
INFO:root:Epoch: 1015 lr: 0.01 train_loss: 17641.9844 train_mapscore: 0.9899 time: 6.6734s
INFO:root:Epoch: 1020 lr: 0.01 train_loss: 17640.3906 train_mapscore: 0.9899 time: 6.8942s
INFO:root:Epoch: 1025 lr: 0.01 train_loss: 17638.8164 train_mapscore: 0.9899 time: 6.7909s
INFO:root:Epoch: 1030 lr: 0.01 train_loss: 17637.2617 train_mapscore: 0.9899 time: 6.7947s
INFO:root:Epoch: 1035 lr: 0.01 train_loss: 17635.7266 train_mapscore: 0.9900 time: 6.7073s
INFO:root:Epoch: 1040 lr: 0.01 train_loss: 17634.2148 train_mapscore: 0.9900 time: 6.7608s
INFO:root:Epoch: 1045 lr: 0.01 train_loss: 17632.7207 train_mapscore: 0.9900 time: 6.7137s
INFO:root:Epoch: 1050 lr: 0.01 train_loss: 17631.2441 train_mapscore: 0.9899 time: 6.7259s
INFO:root:Epoch: 1055 lr: 0.01 train_loss: 17629.7891 train_mapscore: 0.9899 time: 6.7355s
INFO:root:Epoch: 1060 lr: 0.01 train_loss: 17628.3496 train_mapscore: 0.9899 time: 6.8436s
INFO:root:Epoch: 1065 lr: 0.01 train_loss: 17626.9277 train_mapscore: 0.9899 time: 6.6918s
INFO:root:Epoch: 1070 lr: 0.01 train_loss: 17625.5234 train_mapscore: 0.9899 time: 6.7673s
INFO:root:Epoch: 1075 lr: 0.01 train_loss: 17624.1367 train_mapscore: 0.9899 time: 6.8004s
INFO:root:Epoch: 1080 lr: 0.01 train_loss: 17622.7695 train_mapscore: 0.9899 time: 6.8588s
INFO:root:Epoch: 1085 lr: 0.01 train_loss: 17621.4180 train_mapscore: 0.9900 time: 6.8326s
INFO:root:Epoch: 1090 lr: 0.01 train_loss: 17620.0820 train_mapscore: 0.9900 time: 6.8061s
INFO:root:Epoch: 1095 lr: 0.01 train_loss: 17618.7617 train_mapscore: 0.9900 time: 6.7369s
INFO:root:Epoch: 1100 lr: 0.01 train_loss: 17617.4570 train_mapscore: 0.9900 time: 7.0145s
INFO:root:Epoch: 1105 lr: 0.01 train_loss: 17616.1699 train_mapscore: 0.9900 time: 6.8128s
INFO:root:Epoch: 1110 lr: 0.01 train_loss: 17614.8945 train_mapscore: 0.9900 time: 6.6462s
INFO:root:Epoch: 1115 lr: 0.01 train_loss: 17613.6387 train_mapscore: 0.9900 time: 6.6428s
INFO:root:Epoch: 1120 lr: 0.01 train_loss: 17612.3965 train_mapscore: 0.9900 time: 6.5400s
INFO:root:Epoch: 1125 lr: 0.01 train_loss: 17611.1680 train_mapscore: 0.9900 time: 6.6582s
INFO:root:Epoch: 1130 lr: 0.01 train_loss: 17609.9512 train_mapscore: 0.9900 time: 6.8361s
INFO:root:Epoch: 1135 lr: 0.01 train_loss: 17608.7500 train_mapscore: 0.9900 time: 6.7202s
INFO:root:Epoch: 1140 lr: 0.01 train_loss: 17607.5625 train_mapscore: 0.9900 time: 6.5328s
INFO:root:Epoch: 1145 lr: 0.01 train_loss: 17606.3906 train_mapscore: 0.9900 time: 6.7176s
INFO:root:Epoch: 1150 lr: 0.01 train_loss: 17605.2324 train_mapscore: 0.9900 time: 6.7385s
INFO:root:Epoch: 1155 lr: 0.01 train_loss: 17604.0820 train_mapscore: 0.9900 time: 6.8054s
INFO:root:Epoch: 1160 lr: 0.01 train_loss: 17602.9492 train_mapscore: 0.9900 time: 6.6332s
INFO:root:Epoch: 1165 lr: 0.01 train_loss: 17601.8281 train_mapscore: 0.9900 time: 6.6573s
INFO:root:Epoch: 1170 lr: 0.01 train_loss: 17600.7188 train_mapscore: 0.9900 time: 6.6860s
INFO:root:Epoch: 1175 lr: 0.01 train_loss: 17599.6230 train_mapscore: 0.9900 time: 6.6141s
INFO:root:Epoch: 1180 lr: 0.01 train_loss: 17598.5391 train_mapscore: 0.9900 time: 6.9067s
INFO:root:Epoch: 1185 lr: 0.01 train_loss: 17597.4648 train_mapscore: 0.9900 time: 6.6967s
INFO:root:Epoch: 1190 lr: 0.01 train_loss: 17596.4023 train_mapscore: 0.9901 time: 6.6194s
INFO:root:Epoch: 1195 lr: 0.01 train_loss: 17595.3496 train_mapscore: 0.9901 time: 6.6598s
INFO:root:Epoch: 1200 lr: 0.01 train_loss: 17594.3105 train_mapscore: 0.9901 time: 6.6943s
INFO:root:Epoch: 1205 lr: 0.01 train_loss: 17593.2852 train_mapscore: 0.9901 time: 6.7350s
INFO:root:Epoch: 1210 lr: 0.01 train_loss: 17592.2656 train_mapscore: 0.9901 time: 6.7357s
INFO:root:Epoch: 1215 lr: 0.01 train_loss: 17591.2598 train_mapscore: 0.9901 time: 6.7232s
INFO:root:Epoch: 1220 lr: 0.01 train_loss: 17590.2637 train_mapscore: 0.9901 time: 6.6903s
INFO:root:Epoch: 1225 lr: 0.01 train_loss: 17589.2773 train_mapscore: 0.9901 time: 6.9360s
INFO:root:Epoch: 1230 lr: 0.01 train_loss: 17588.3027 train_mapscore: 0.9901 time: 6.7136s
INFO:root:Epoch: 1235 lr: 0.01 train_loss: 17587.3359 train_mapscore: 0.9901 time: 6.6174s
INFO:root:Epoch: 1240 lr: 0.01 train_loss: 17586.3809 train_mapscore: 0.9901 time: 6.6259s
INFO:root:Epoch: 1245 lr: 0.01 train_loss: 17585.4336 train_mapscore: 0.9901 time: 6.5991s
INFO:root:Epoch: 1250 lr: 0.01 train_loss: 17584.4961 train_mapscore: 0.9901 time: 6.6100s
INFO:root:Epoch: 1255 lr: 0.01 train_loss: 17583.5703 train_mapscore: 0.9901 time: 6.7522s
INFO:root:Epoch: 1260 lr: 0.01 train_loss: 17582.6523 train_mapscore: 0.9901 time: 6.6121s
INFO:root:Epoch: 1265 lr: 0.01 train_loss: 17581.7441 train_mapscore: 0.9901 time: 6.6721s
INFO:root:Epoch: 1270 lr: 0.01 train_loss: 17580.8438 train_mapscore: 0.9901 time: 6.6403s
INFO:root:Epoch: 1275 lr: 0.01 train_loss: 17579.9531 train_mapscore: 0.9901 time: 6.5977s
INFO:root:Epoch: 1280 lr: 0.01 train_loss: 17579.0703 train_mapscore: 0.9901 time: 6.6870s
INFO:root:Epoch: 1285 lr: 0.01 train_loss: 17578.1953 train_mapscore: 0.9901 time: 6.6345s
INFO:root:Epoch: 1290 lr: 0.01 train_loss: 17577.3320 train_mapscore: 0.9901 time: 6.6981s
INFO:root:Epoch: 1295 lr: 0.01 train_loss: 17576.4746 train_mapscore: 0.9901 time: 6.5628s
INFO:root:Epoch: 1300 lr: 0.01 train_loss: 17575.6270 train_mapscore: 0.9901 time: 6.6528s
INFO:root:Epoch: 1305 lr: 0.01 train_loss: 17574.7852 train_mapscore: 0.9901 time: 6.7588s
INFO:root:Epoch: 1310 lr: 0.01 train_loss: 17573.9531 train_mapscore: 0.9901 time: 6.6562s
INFO:root:Epoch: 1315 lr: 0.01 train_loss: 17573.1289 train_mapscore: 0.9901 time: 6.6823s
INFO:root:Epoch: 1320 lr: 0.01 train_loss: 17572.3125 train_mapscore: 0.9901 time: 6.7018s
INFO:root:Epoch: 1325 lr: 0.01 train_loss: 17571.5039 train_mapscore: 0.9901 time: 6.9525s
INFO:root:Epoch: 1330 lr: 0.01 train_loss: 17570.7012 train_mapscore: 0.9901 time: 6.5155s
INFO:root:Epoch: 1335 lr: 0.01 train_loss: 17569.9062 train_mapscore: 0.9901 time: 6.6736s
INFO:root:Epoch: 1340 lr: 0.01 train_loss: 17569.1211 train_mapscore: 0.9901 time: 6.6921s
INFO:root:Epoch: 1345 lr: 0.01 train_loss: 17568.3438 train_mapscore: 0.9901 time: 6.5707s
INFO:root:Epoch: 1350 lr: 0.01 train_loss: 17567.5703 train_mapscore: 0.9901 time: 6.9317s
INFO:root:Epoch: 1355 lr: 0.01 train_loss: 17566.8047 train_mapscore: 0.9901 time: 6.6977s
INFO:root:Epoch: 1360 lr: 0.01 train_loss: 17566.0469 train_mapscore: 0.9901 time: 6.7540s
INFO:root:Epoch: 1365 lr: 0.01 train_loss: 17565.2949 train_mapscore: 0.9901 time: 6.6094s
INFO:root:Epoch: 1370 lr: 0.01 train_loss: 17564.5508 train_mapscore: 0.9901 time: 6.7232s
INFO:root:Epoch: 1375 lr: 0.01 train_loss: 17563.8145 train_mapscore: 0.9901 time: 6.6188s
INFO:root:Epoch: 1380 lr: 0.01 train_loss: 17563.0820 train_mapscore: 0.9901 time: 6.6831s
INFO:root:Epoch: 1385 lr: 0.01 train_loss: 17562.3574 train_mapscore: 0.9901 time: 6.6379s
INFO:root:Epoch: 1390 lr: 0.01 train_loss: 17561.6406 train_mapscore: 0.9901 time: 6.7737s
INFO:root:Epoch: 1395 lr: 0.01 train_loss: 17560.9277 train_mapscore: 0.9901 time: 6.7734s
INFO:root:Epoch: 1400 lr: 0.01 train_loss: 17560.2207 train_mapscore: 0.9901 time: 6.6464s
INFO:root:Epoch: 1405 lr: 0.01 train_loss: 17559.5234 train_mapscore: 0.9901 time: 6.5686s
INFO:root:Epoch: 1410 lr: 0.01 train_loss: 17558.8281 train_mapscore: 0.9901 time: 6.7548s
INFO:root:Epoch: 1415 lr: 0.01 train_loss: 17558.1406 train_mapscore: 0.9901 time: 6.5993s
INFO:root:Epoch: 1420 lr: 0.01 train_loss: 17557.4590 train_mapscore: 0.9901 time: 6.7043s
INFO:root:Epoch: 1425 lr: 0.01 train_loss: 17556.7832 train_mapscore: 0.9901 time: 6.6852s
INFO:root:Epoch: 1430 lr: 0.01 train_loss: 17556.1133 train_mapscore: 0.9901 time: 6.6917s
INFO:root:Epoch: 1435 lr: 0.01 train_loss: 17555.4492 train_mapscore: 0.9901 time: 6.6737s
INFO:root:Epoch: 1440 lr: 0.01 train_loss: 17554.7891 train_mapscore: 0.9901 time: 6.6830s
INFO:root:Epoch: 1445 lr: 0.01 train_loss: 17554.1367 train_mapscore: 0.9901 time: 6.6902s
INFO:root:Epoch: 1450 lr: 0.01 train_loss: 17553.4883 train_mapscore: 0.9901 time: 6.6022s
INFO:root:Epoch: 1455 lr: 0.01 train_loss: 17552.8457 train_mapscore: 0.9901 time: 6.7443s
INFO:root:Epoch: 1460 lr: 0.01 train_loss: 17552.2070 train_mapscore: 0.9901 time: 6.6607s
INFO:root:Epoch: 1465 lr: 0.01 train_loss: 17551.5762 train_mapscore: 0.9901 time: 6.6559s
INFO:root:Epoch: 1470 lr: 0.01 train_loss: 17550.9492 train_mapscore: 0.9901 time: 6.6241s
INFO:root:Epoch: 1475 lr: 0.01 train_loss: 17550.3281 train_mapscore: 0.9902 time: 6.7339s
INFO:root:Epoch: 1480 lr: 0.01 train_loss: 17549.7090 train_mapscore: 0.9902 time: 6.6540s
INFO:root:Epoch: 1485 lr: 0.01 train_loss: 17549.0977 train_mapscore: 0.9902 time: 6.6777s
INFO:root:Epoch: 1490 lr: 0.01 train_loss: 17548.4922 train_mapscore: 0.9902 time: 6.6088s
INFO:root:Epoch: 1495 lr: 0.01 train_loss: 17547.8906 train_mapscore: 0.9902 time: 6.9197s
INFO:root:Epoch: 1500 lr: 0.01 train_loss: 17547.2930 train_mapscore: 0.9902 time: 7.0589s
INFO:root:Epoch: 1505 lr: 0.01 train_loss: 17546.6992 train_mapscore: 0.9902 time: 6.9028s
INFO:root:Epoch: 1510 lr: 0.01 train_loss: 17546.1133 train_mapscore: 0.9902 time: 6.9731s
INFO:root:Epoch: 1515 lr: 0.01 train_loss: 17545.5312 train_mapscore: 0.9902 time: 6.7401s
INFO:root:Epoch: 1520 lr: 0.01 train_loss: 17544.9551 train_mapscore: 0.9902 time: 6.6540s
INFO:root:Epoch: 1525 lr: 0.01 train_loss: 17544.3789 train_mapscore: 0.9902 time: 6.6375s
INFO:root:Epoch: 1530 lr: 0.01 train_loss: 17543.8125 train_mapscore: 0.9902 time: 6.5824s
INFO:root:Epoch: 1535 lr: 0.01 train_loss: 17543.2480 train_mapscore: 0.9902 time: 6.6201s
INFO:root:Epoch: 1540 lr: 0.01 train_loss: 17542.6895 train_mapscore: 0.9902 time: 6.7213s
INFO:root:Epoch: 1545 lr: 0.01 train_loss: 17542.1348 train_mapscore: 0.9902 time: 6.6101s
INFO:root:Epoch: 1550 lr: 0.01 train_loss: 17541.5840 train_mapscore: 0.9902 time: 6.8572s
INFO:root:Epoch: 1555 lr: 0.01 train_loss: 17541.0371 train_mapscore: 0.9902 time: 6.5979s
INFO:root:Epoch: 1560 lr: 0.01 train_loss: 17540.4961 train_mapscore: 0.9902 time: 6.7898s
INFO:root:Epoch: 1565 lr: 0.01 train_loss: 17539.9609 train_mapscore: 0.9902 time: 6.8179s
INFO:root:Epoch: 1570 lr: 0.01 train_loss: 17539.4277 train_mapscore: 0.9902 time: 6.8022s
INFO:root:Epoch: 1575 lr: 0.01 train_loss: 17538.8984 train_mapscore: 0.9902 time: 6.5752s
INFO:root:Epoch: 1580 lr: 0.01 train_loss: 17538.3750 train_mapscore: 0.9902 time: 6.7335s
INFO:root:Epoch: 1585 lr: 0.01 train_loss: 17537.8555 train_mapscore: 0.9903 time: 6.6836s
INFO:root:Epoch: 1590 lr: 0.01 train_loss: 17537.3398 train_mapscore: 0.9903 time: 6.7320s
INFO:root:Epoch: 1595 lr: 0.01 train_loss: 17536.8281 train_mapscore: 0.9903 time: 6.6803s
INFO:root:Epoch: 1600 lr: 0.01 train_loss: 17536.3184 train_mapscore: 0.9903 time: 6.6379s
INFO:root:Epoch: 1605 lr: 0.01 train_loss: 17535.8145 train_mapscore: 0.9903 time: 6.7536s
INFO:root:Epoch: 1610 lr: 0.01 train_loss: 17535.3145 train_mapscore: 0.9903 time: 6.5577s
INFO:root:Epoch: 1615 lr: 0.01 train_loss: 17534.8164 train_mapscore: 0.9903 time: 6.7176s
INFO:root:Epoch: 1620 lr: 0.01 train_loss: 17534.3242 train_mapscore: 0.9903 time: 6.6119s
INFO:root:Epoch: 1625 lr: 0.01 train_loss: 17533.8359 train_mapscore: 0.9903 time: 6.7446s
INFO:root:Epoch: 1630 lr: 0.01 train_loss: 17533.3496 train_mapscore: 0.9903 time: 6.5495s
INFO:root:Epoch: 1635 lr: 0.01 train_loss: 17532.8672 train_mapscore: 0.9903 time: 6.8617s
INFO:root:Epoch: 1640 lr: 0.01 train_loss: 17532.3887 train_mapscore: 0.9903 time: 6.7355s
INFO:root:Epoch: 1645 lr: 0.01 train_loss: 17531.9141 train_mapscore: 0.9903 time: 6.8588s
INFO:root:Epoch: 1650 lr: 0.01 train_loss: 17531.4414 train_mapscore: 0.9903 time: 6.8937s
INFO:root:Epoch: 1655 lr: 0.01 train_loss: 17530.9746 train_mapscore: 0.9903 time: 6.7288s
INFO:root:Epoch: 1660 lr: 0.01 train_loss: 17530.5098 train_mapscore: 0.9903 time: 6.7171s
INFO:root:Epoch: 1665 lr: 0.01 train_loss: 17530.0488 train_mapscore: 0.9903 time: 6.7163s
INFO:root:Epoch: 1670 lr: 0.01 train_loss: 17529.5918 train_mapscore: 0.9903 time: 6.9734s
INFO:root:Epoch: 1675 lr: 0.01 train_loss: 17529.1367 train_mapscore: 0.9903 time: 6.7081s
INFO:root:Epoch: 1680 lr: 0.01 train_loss: 17528.6836 train_mapscore: 0.9903 time: 6.7087s
INFO:root:Epoch: 1685 lr: 0.01 train_loss: 17528.2383 train_mapscore: 0.9903 time: 6.7254s
INFO:root:Epoch: 1690 lr: 0.01 train_loss: 17527.7930 train_mapscore: 0.9903 time: 6.6747s
INFO:root:Epoch: 1695 lr: 0.01 train_loss: 17527.3516 train_mapscore: 0.9903 time: 6.7089s
INFO:root:Epoch: 1700 lr: 0.01 train_loss: 17526.9141 train_mapscore: 0.9903 time: 6.7265s
INFO:root:Epoch: 1705 lr: 0.01 train_loss: 17526.4805 train_mapscore: 0.9903 time: 6.6193s
INFO:root:Epoch: 1710 lr: 0.01 train_loss: 17526.0469 train_mapscore: 0.9903 time: 6.9224s
INFO:root:Epoch: 1715 lr: 0.01 train_loss: 17525.6191 train_mapscore: 0.9903 time: 6.7392s
INFO:root:Epoch: 1720 lr: 0.01 train_loss: 17525.1914 train_mapscore: 0.9903 time: 6.6024s
INFO:root:Epoch: 1725 lr: 0.01 train_loss: 17524.7695 train_mapscore: 0.9903 time: 6.9071s
INFO:root:Epoch: 1730 lr: 0.01 train_loss: 17524.3496 train_mapscore: 0.9903 time: 6.7086s
INFO:root:Epoch: 1735 lr: 0.01 train_loss: 17523.9316 train_mapscore: 0.9903 time: 6.6664s
INFO:root:Epoch: 1740 lr: 0.01 train_loss: 17523.5195 train_mapscore: 0.9903 time: 6.6320s
INFO:root:Epoch: 1745 lr: 0.01 train_loss: 17523.1094 train_mapscore: 0.9903 time: 6.8770s
INFO:root:Epoch: 1750 lr: 0.01 train_loss: 17522.6992 train_mapscore: 0.9903 time: 6.6236s
INFO:root:Epoch: 1755 lr: 0.01 train_loss: 17522.2949 train_mapscore: 0.9903 time: 6.5615s
INFO:root:Epoch: 1760 lr: 0.01 train_loss: 17521.8906 train_mapscore: 0.9903 time: 6.6719s
INFO:root:Epoch: 1765 lr: 0.01 train_loss: 17521.4941 train_mapscore: 0.9903 time: 6.6853s
INFO:root:Epoch: 1770 lr: 0.01 train_loss: 17521.0977 train_mapscore: 0.9903 time: 6.8478s
INFO:root:Epoch: 1775 lr: 0.01 train_loss: 17520.7031 train_mapscore: 0.9903 time: 6.8879s
INFO:root:Epoch: 1780 lr: 0.01 train_loss: 17520.3125 train_mapscore: 0.9903 time: 6.7025s
INFO:root:Epoch: 1785 lr: 0.01 train_loss: 17519.9219 train_mapscore: 0.9903 time: 6.5963s
INFO:root:Epoch: 1790 lr: 0.01 train_loss: 17519.5391 train_mapscore: 0.9903 time: 6.7140s
INFO:root:Epoch: 1795 lr: 0.01 train_loss: 17519.1543 train_mapscore: 0.9903 time: 6.7323s
INFO:root:Epoch: 1800 lr: 0.01 train_loss: 17518.7734 train_mapscore: 0.9903 time: 6.9928s
INFO:root:Epoch: 1805 lr: 0.01 train_loss: 17518.3965 train_mapscore: 0.9903 time: 6.9496s
INFO:root:Epoch: 1810 lr: 0.01 train_loss: 17518.0215 train_mapscore: 0.9903 time: 6.7954s
INFO:root:Epoch: 1815 lr: 0.01 train_loss: 17517.6484 train_mapscore: 0.9903 time: 6.7326s
INFO:root:Epoch: 1820 lr: 0.01 train_loss: 17517.2793 train_mapscore: 0.9903 time: 6.7325s
INFO:root:Epoch: 1825 lr: 0.01 train_loss: 17516.9121 train_mapscore: 0.9903 time: 6.7034s
INFO:root:Epoch: 1830 lr: 0.01 train_loss: 17516.5469 train_mapscore: 0.9903 time: 6.8120s
INFO:root:Epoch: 1835 lr: 0.01 train_loss: 17516.1855 train_mapscore: 0.9903 time: 6.8655s
INFO:root:Epoch: 1840 lr: 0.01 train_loss: 17515.8262 train_mapscore: 0.9903 time: 6.6485s
INFO:root:Epoch: 1845 lr: 0.01 train_loss: 17515.4668 train_mapscore: 0.9903 time: 6.8145s
INFO:root:Epoch: 1850 lr: 0.01 train_loss: 17515.1133 train_mapscore: 0.9903 time: 6.8443s
INFO:root:Epoch: 1855 lr: 0.01 train_loss: 17514.7598 train_mapscore: 0.9903 time: 6.8311s
INFO:root:Epoch: 1860 lr: 0.01 train_loss: 17514.4102 train_mapscore: 0.9904 time: 6.7445s
INFO:root:Epoch: 1865 lr: 0.01 train_loss: 17514.0625 train_mapscore: 0.9904 time: 6.6509s
INFO:root:Epoch: 1870 lr: 0.01 train_loss: 17513.7168 train_mapscore: 0.9904 time: 6.6476s
INFO:root:Epoch: 1875 lr: 0.01 train_loss: 17513.3711 train_mapscore: 0.9904 time: 6.8903s
INFO:root:Epoch: 1880 lr: 0.01 train_loss: 17513.0332 train_mapscore: 0.9904 time: 6.6735s
INFO:root:Epoch: 1885 lr: 0.01 train_loss: 17512.6953 train_mapscore: 0.9904 time: 6.8092s
INFO:root:Epoch: 1890 lr: 0.01 train_loss: 17512.3574 train_mapscore: 0.9904 time: 6.7872s
INFO:root:Epoch: 1895 lr: 0.01 train_loss: 17512.0234 train_mapscore: 0.9904 time: 6.6665s
INFO:root:Epoch: 1900 lr: 0.01 train_loss: 17511.6934 train_mapscore: 0.9904 time: 6.6640s
INFO:root:Epoch: 1905 lr: 0.01 train_loss: 17511.3633 train_mapscore: 0.9904 time: 6.6895s
INFO:root:Epoch: 1910 lr: 0.01 train_loss: 17511.0332 train_mapscore: 0.9904 time: 6.7733s
INFO:root:Epoch: 1915 lr: 0.01 train_loss: 17510.7090 train_mapscore: 0.9904 time: 6.6365s
INFO:root:Epoch: 1920 lr: 0.01 train_loss: 17510.3848 train_mapscore: 0.9904 time: 6.6573s
INFO:root:Epoch: 1925 lr: 0.01 train_loss: 17510.0645 train_mapscore: 0.9904 time: 6.7250s
INFO:root:Epoch: 1930 lr: 0.01 train_loss: 17509.7461 train_mapscore: 0.9904 time: 6.7753s
INFO:root:Epoch: 1935 lr: 0.01 train_loss: 17509.4277 train_mapscore: 0.9904 time: 6.7719s
INFO:root:Epoch: 1940 lr: 0.01 train_loss: 17509.1133 train_mapscore: 0.9904 time: 6.8292s
INFO:root:Epoch: 1945 lr: 0.01 train_loss: 17508.8008 train_mapscore: 0.9904 time: 6.6290s
INFO:root:Epoch: 1950 lr: 0.01 train_loss: 17508.4922 train_mapscore: 0.9904 time: 6.7713s
INFO:root:Epoch: 1955 lr: 0.01 train_loss: 17508.1816 train_mapscore: 0.9904 time: 6.6813s
INFO:root:Epoch: 1960 lr: 0.01 train_loss: 17507.8730 train_mapscore: 0.9904 time: 6.8439s
INFO:root:Epoch: 1965 lr: 0.01 train_loss: 17507.5684 train_mapscore: 0.9904 time: 6.6632s
INFO:root:Epoch: 1970 lr: 0.01 train_loss: 17507.2676 train_mapscore: 0.9904 time: 6.7589s
INFO:root:Epoch: 1975 lr: 0.01 train_loss: 17506.9648 train_mapscore: 0.9904 time: 6.7463s
INFO:root:Epoch: 1980 lr: 0.01 train_loss: 17506.6660 train_mapscore: 0.9904 time: 6.7055s
INFO:root:Epoch: 1985 lr: 0.01 train_loss: 17506.3691 train_mapscore: 0.9904 time: 6.7730s
INFO:root:Epoch: 1990 lr: 0.01 train_loss: 17506.0742 train_mapscore: 0.9904 time: 6.6970s
INFO:root:Epoch: 1995 lr: 0.01 train_loss: 17505.7812 train_mapscore: 0.9904 time: 6.6261s
INFO:root:Epoch: 2000 lr: 0.01 train_loss: 17505.4883 train_mapscore: 0.9904 time: 6.6107s
INFO:root:Epoch: 2005 lr: 0.01 train_loss: 17505.1973 train_mapscore: 0.9904 time: 6.6898s
INFO:root:Epoch: 2010 lr: 0.01 train_loss: 17504.9102 train_mapscore: 0.9904 time: 6.6202s
INFO:root:Epoch: 2015 lr: 0.01 train_loss: 17504.6230 train_mapscore: 0.9904 time: 6.8284s
INFO:root:Epoch: 2020 lr: 0.01 train_loss: 17504.3398 train_mapscore: 0.9904 time: 6.6947s
INFO:root:Epoch: 2025 lr: 0.01 train_loss: 17504.0566 train_mapscore: 0.9904 time: 6.8841s
INFO:root:Epoch: 2030 lr: 0.01 train_loss: 17503.7734 train_mapscore: 0.9904 time: 6.6541s
INFO:root:Epoch: 2035 lr: 0.01 train_loss: 17503.4961 train_mapscore: 0.9904 time: 6.6270s
INFO:root:Epoch: 2040 lr: 0.01 train_loss: 17503.2168 train_mapscore: 0.9904 time: 6.9421s
INFO:root:Epoch: 2045 lr: 0.01 train_loss: 17502.9414 train_mapscore: 0.9904 time: 6.7270s
INFO:root:Epoch: 2050 lr: 0.01 train_loss: 17502.6680 train_mapscore: 0.9904 time: 6.6465s
INFO:root:Epoch: 2055 lr: 0.01 train_loss: 17502.3945 train_mapscore: 0.9904 time: 6.5931s
INFO:root:Epoch: 2060 lr: 0.01 train_loss: 17502.1230 train_mapscore: 0.9904 time: 7.9014s
INFO:root:Epoch: 2065 lr: 0.01 train_loss: 17501.8516 train_mapscore: 0.9904 time: 6.7061s
INFO:root:Epoch: 2070 lr: 0.01 train_loss: 17501.5879 train_mapscore: 0.9904 time: 6.7926s
INFO:root:Epoch: 2075 lr: 0.01 train_loss: 17501.3184 train_mapscore: 0.9904 time: 6.5279s
INFO:root:Epoch: 2080 lr: 0.01 train_loss: 17501.0547 train_mapscore: 0.9904 time: 6.6769s
INFO:root:Epoch: 2085 lr: 0.01 train_loss: 17500.7910 train_mapscore: 0.9904 time: 6.9422s
INFO:root:Epoch: 2090 lr: 0.01 train_loss: 17500.5293 train_mapscore: 0.9904 time: 6.6891s
INFO:root:Epoch: 2095 lr: 0.01 train_loss: 17500.2695 train_mapscore: 0.9904 time: 6.7039s
INFO:root:Epoch: 2100 lr: 0.01 train_loss: 17500.0117 train_mapscore: 0.9904 time: 6.6048s
INFO:root:Epoch: 2105 lr: 0.01 train_loss: 17499.7539 train_mapscore: 0.9904 time: 6.7154s
INFO:root:Epoch: 2110 lr: 0.01 train_loss: 17499.4980 train_mapscore: 0.9904 time: 6.6048s
INFO:root:Epoch: 2115 lr: 0.01 train_loss: 17499.2422 train_mapscore: 0.9904 time: 6.6623s
INFO:root:Epoch: 2120 lr: 0.01 train_loss: 17498.9902 train_mapscore: 0.9905 time: 6.6788s
INFO:root:Epoch: 2125 lr: 0.01 train_loss: 17498.7383 train_mapscore: 0.9904 time: 6.6304s
INFO:root:Epoch: 2130 lr: 0.01 train_loss: 17498.4902 train_mapscore: 0.9904 time: 6.6679s
INFO:root:Epoch: 2135 lr: 0.01 train_loss: 17498.2402 train_mapscore: 0.9904 time: 6.8014s
INFO:root:Epoch: 2140 lr: 0.01 train_loss: 17497.9941 train_mapscore: 0.9904 time: 6.6493s
INFO:root:Epoch: 2145 lr: 0.01 train_loss: 17497.7500 train_mapscore: 0.9904 time: 6.6014s
INFO:root:Epoch: 2150 lr: 0.01 train_loss: 17497.5020 train_mapscore: 0.9904 time: 6.7352s
INFO:root:Epoch: 2155 lr: 0.01 train_loss: 17497.2617 train_mapscore: 0.9904 time: 6.6301s
INFO:root:Epoch: 2160 lr: 0.01 train_loss: 17497.0195 train_mapscore: 0.9904 time: 6.7760s
INFO:root:Epoch: 2165 lr: 0.01 train_loss: 17496.7793 train_mapscore: 0.9904 time: 6.7084s
INFO:root:Epoch: 2170 lr: 0.01 train_loss: 17496.5410 train_mapscore: 0.9904 time: 6.7490s
INFO:root:Epoch: 2175 lr: 0.01 train_loss: 17496.3027 train_mapscore: 0.9904 time: 6.6095s
INFO:root:Epoch: 2180 lr: 0.01 train_loss: 17496.0664 train_mapscore: 0.9905 time: 6.5862s
INFO:root:Epoch: 2185 lr: 0.01 train_loss: 17495.8320 train_mapscore: 0.9905 time: 6.6197s
INFO:root:Epoch: 2190 lr: 0.01 train_loss: 17495.5996 train_mapscore: 0.9905 time: 6.6802s
INFO:root:Epoch: 2195 lr: 0.01 train_loss: 17495.3672 train_mapscore: 0.9905 time: 6.7342s
INFO:root:Epoch: 2200 lr: 0.01 train_loss: 17495.1348 train_mapscore: 0.9905 time: 6.8343s
INFO:root:Epoch: 2205 lr: 0.01 train_loss: 17494.9043 train_mapscore: 0.9905 time: 6.7893s
INFO:root:Epoch: 2210 lr: 0.01 train_loss: 17494.6758 train_mapscore: 0.9905 time: 6.6403s
INFO:root:Epoch: 2215 lr: 0.01 train_loss: 17494.4512 train_mapscore: 0.9905 time: 6.6435s
INFO:root:Epoch: 2220 lr: 0.01 train_loss: 17494.2246 train_mapscore: 0.9905 time: 6.6160s
INFO:root:Epoch: 2225 lr: 0.01 train_loss: 17493.9980 train_mapscore: 0.9905 time: 6.6077s
INFO:root:Epoch: 2230 lr: 0.01 train_loss: 17493.7754 train_mapscore: 0.9905 time: 6.8332s
INFO:root:Epoch: 2235 lr: 0.01 train_loss: 17493.5547 train_mapscore: 0.9905 time: 7.0296s
INFO:root:Epoch: 2240 lr: 0.01 train_loss: 17493.3320 train_mapscore: 0.9905 time: 6.6984s
INFO:root:Epoch: 2245 lr: 0.01 train_loss: 17493.1133 train_mapscore: 0.9905 time: 6.6632s
INFO:root:Epoch: 2250 lr: 0.01 train_loss: 17492.8945 train_mapscore: 0.9905 time: 6.7157s
INFO:root:Epoch: 2255 lr: 0.01 train_loss: 17492.6758 train_mapscore: 0.9905 time: 6.6866s
INFO:root:Epoch: 2260 lr: 0.01 train_loss: 17492.4609 train_mapscore: 0.9905 time: 6.6193s
INFO:root:Epoch: 2265 lr: 0.01 train_loss: 17492.2441 train_mapscore: 0.9905 time: 6.7180s
INFO:root:Epoch: 2270 lr: 0.01 train_loss: 17492.0332 train_mapscore: 0.9905 time: 6.9957s
INFO:root:Epoch: 2275 lr: 0.01 train_loss: 17491.8164 train_mapscore: 0.9905 time: 6.8072s
INFO:root:Epoch: 2280 lr: 0.01 train_loss: 17491.6074 train_mapscore: 0.9905 time: 6.6608s
INFO:root:Epoch: 2285 lr: 0.01 train_loss: 17491.3965 train_mapscore: 0.9905 time: 6.6836s
INFO:root:Epoch: 2290 lr: 0.01 train_loss: 17491.1875 train_mapscore: 0.9905 time: 6.6444s
INFO:root:Epoch: 2295 lr: 0.01 train_loss: 17490.9785 train_mapscore: 0.9905 time: 6.5538s
INFO:root:Epoch: 2300 lr: 0.01 train_loss: 17490.7734 train_mapscore: 0.9905 time: 6.8428s
INFO:root:Epoch: 2305 lr: 0.01 train_loss: 17490.5664 train_mapscore: 0.9905 time: 6.6966s
INFO:root:Epoch: 2310 lr: 0.01 train_loss: 17490.3613 train_mapscore: 0.9905 time: 6.7794s
INFO:root:Epoch: 2315 lr: 0.01 train_loss: 17490.1582 train_mapscore: 0.9905 time: 6.6362s
INFO:root:Epoch: 2320 lr: 0.01 train_loss: 17489.9551 train_mapscore: 0.9905 time: 6.7242s
INFO:root:Epoch: 2325 lr: 0.01 train_loss: 17489.7520 train_mapscore: 0.9905 time: 6.6299s
INFO:root:Epoch: 2330 lr: 0.01 train_loss: 17489.5508 train_mapscore: 0.9905 time: 6.7723s
INFO:root:Epoch: 2335 lr: 0.01 train_loss: 17489.3516 train_mapscore: 0.9905 time: 6.7287s
INFO:root:Epoch: 2340 lr: 0.01 train_loss: 17489.1543 train_mapscore: 0.9905 time: 6.6911s
INFO:root:Epoch: 2345 lr: 0.01 train_loss: 17488.9570 train_mapscore: 0.9905 time: 6.6232s
INFO:root:Epoch: 2350 lr: 0.01 train_loss: 17488.7598 train_mapscore: 0.9905 time: 6.5974s
INFO:root:Epoch: 2355 lr: 0.01 train_loss: 17488.5645 train_mapscore: 0.9905 time: 6.5581s
INFO:root:Epoch: 2360 lr: 0.01 train_loss: 17488.3691 train_mapscore: 0.9905 time: 6.7514s
INFO:root:Epoch: 2365 lr: 0.01 train_loss: 17488.1758 train_mapscore: 0.9905 time: 6.6184s
INFO:root:Epoch: 2370 lr: 0.01 train_loss: 17487.9844 train_mapscore: 0.9905 time: 6.6182s
INFO:root:Epoch: 2375 lr: 0.01 train_loss: 17487.7910 train_mapscore: 0.9905 time: 6.5977s
INFO:root:Epoch: 2380 lr: 0.01 train_loss: 17487.6016 train_mapscore: 0.9905 time: 6.5628s
INFO:root:Epoch: 2385 lr: 0.01 train_loss: 17487.4121 train_mapscore: 0.9905 time: 6.8591s
INFO:root:Epoch: 2390 lr: 0.01 train_loss: 17487.2227 train_mapscore: 0.9905 time: 6.6483s
INFO:root:Epoch: 2395 lr: 0.01 train_loss: 17487.0332 train_mapscore: 0.9905 time: 6.7432s
INFO:root:Epoch: 2400 lr: 0.01 train_loss: 17486.8477 train_mapscore: 0.9905 time: 6.5776s
INFO:root:Epoch: 2405 lr: 0.01 train_loss: 17486.6621 train_mapscore: 0.9905 time: 6.6009s
INFO:root:Epoch: 2410 lr: 0.01 train_loss: 17486.4785 train_mapscore: 0.9905 time: 6.7043s
INFO:root:Epoch: 2415 lr: 0.01 train_loss: 17486.2949 train_mapscore: 0.9905 time: 7.0359s
INFO:root:Epoch: 2420 lr: 0.01 train_loss: 17486.1113 train_mapscore: 0.9904 time: 6.8235s
INFO:root:Epoch: 2425 lr: 0.01 train_loss: 17485.9297 train_mapscore: 0.9904 time: 6.7485s
INFO:root:Epoch: 2430 lr: 0.01 train_loss: 17485.7480 train_mapscore: 0.9904 time: 6.6781s
INFO:root:Epoch: 2435 lr: 0.01 train_loss: 17485.5664 train_mapscore: 0.9904 time: 6.6321s
INFO:root:Epoch: 2440 lr: 0.01 train_loss: 17485.3887 train_mapscore: 0.9905 time: 6.6845s
INFO:root:Epoch: 2445 lr: 0.01 train_loss: 17485.2090 train_mapscore: 0.9904 time: 6.7024s
INFO:root:Epoch: 2450 lr: 0.01 train_loss: 17485.0312 train_mapscore: 0.9904 time: 6.7974s
INFO:root:Epoch: 2455 lr: 0.01 train_loss: 17484.8555 train_mapscore: 0.9905 time: 6.6895s
INFO:root:Epoch: 2460 lr: 0.01 train_loss: 17484.6797 train_mapscore: 0.9904 time: 6.6859s
INFO:root:Epoch: 2465 lr: 0.01 train_loss: 17484.5039 train_mapscore: 0.9905 time: 6.6849s
INFO:root:Epoch: 2470 lr: 0.01 train_loss: 17484.3301 train_mapscore: 0.9904 time: 6.6830s
INFO:root:Epoch: 2475 lr: 0.01 train_loss: 17484.1582 train_mapscore: 0.9905 time: 6.6679s
INFO:root:Epoch: 2480 lr: 0.01 train_loss: 17483.9863 train_mapscore: 0.9904 time: 6.7493s
INFO:root:Epoch: 2485 lr: 0.01 train_loss: 17483.8125 train_mapscore: 0.9904 time: 6.6078s
INFO:root:Epoch: 2490 lr: 0.01 train_loss: 17483.6426 train_mapscore: 0.9905 time: 6.7970s
INFO:root:Epoch: 2495 lr: 0.01 train_loss: 17483.4707 train_mapscore: 0.9904 time: 6.8840s
INFO:root:Epoch: 2500 lr: 0.01 train_loss: 17483.3008 train_mapscore: 0.9904 time: 6.6769s
INFO:root:Epoch: 2505 lr: 0.01 train_loss: 17483.1367 train_mapscore: 0.9904 time: 6.6556s
INFO:root:Epoch: 2510 lr: 0.01 train_loss: 17482.9688 train_mapscore: 0.9904 time: 6.7506s
INFO:root:Epoch: 2515 lr: 0.01 train_loss: 17482.8008 train_mapscore: 0.9904 time: 6.6929s
INFO:root:Epoch: 2520 lr: 0.01 train_loss: 17482.6367 train_mapscore: 0.9904 time: 6.7240s
INFO:root:Epoch: 2525 lr: 0.01 train_loss: 17482.4707 train_mapscore: 0.9904 time: 6.6420s
INFO:root:Epoch: 2530 lr: 0.01 train_loss: 17482.3066 train_mapscore: 0.9904 time: 6.6660s
INFO:root:Epoch: 2535 lr: 0.01 train_loss: 17482.1406 train_mapscore: 0.9904 time: 6.6424s
INFO:root:Epoch: 2540 lr: 0.01 train_loss: 17481.9805 train_mapscore: 0.9904 time: 6.7181s
INFO:root:Epoch: 2545 lr: 0.01 train_loss: 17481.8164 train_mapscore: 0.9904 time: 6.7483s
INFO:root:Epoch: 2550 lr: 0.01 train_loss: 17481.6562 train_mapscore: 0.9904 time: 6.7630s
INFO:root:Epoch: 2555 lr: 0.01 train_loss: 17481.4961 train_mapscore: 0.9904 time: 6.7311s
INFO:root:Epoch: 2560 lr: 0.01 train_loss: 17481.3359 train_mapscore: 0.9904 time: 6.6325s
INFO:root:Epoch: 2565 lr: 0.01 train_loss: 17481.1777 train_mapscore: 0.9904 time: 6.6447s
INFO:root:Epoch: 2570 lr: 0.01 train_loss: 17481.0195 train_mapscore: 0.9904 time: 6.6295s
INFO:root:Epoch: 2575 lr: 0.01 train_loss: 17480.8613 train_mapscore: 0.9904 time: 6.5997s
INFO:root:Epoch: 2580 lr: 0.01 train_loss: 17480.7031 train_mapscore: 0.9904 time: 6.6302s
INFO:root:Epoch: 2585 lr: 0.01 train_loss: 17480.5469 train_mapscore: 0.9904 time: 6.6472s
INFO:root:Epoch: 2590 lr: 0.01 train_loss: 17480.3926 train_mapscore: 0.9904 time: 6.6333s
INFO:root:Epoch: 2595 lr: 0.01 train_loss: 17480.2383 train_mapscore: 0.9904 time: 6.6411s
INFO:root:Epoch: 2600 lr: 0.01 train_loss: 17480.0840 train_mapscore: 0.9904 time: 7.0785s
INFO:root:Epoch: 2605 lr: 0.01 train_loss: 17479.9297 train_mapscore: 0.9904 time: 6.6544s
INFO:root:Epoch: 2610 lr: 0.01 train_loss: 17479.7773 train_mapscore: 0.9904 time: 7.0739s
INFO:root:Epoch: 2615 lr: 0.01 train_loss: 17479.6250 train_mapscore: 0.9904 time: 6.7755s
INFO:root:Epoch: 2620 lr: 0.01 train_loss: 17479.4746 train_mapscore: 0.9904 time: 6.7327s
INFO:root:Epoch: 2625 lr: 0.01 train_loss: 17479.3242 train_mapscore: 0.9904 time: 6.8821s
INFO:root:Epoch: 2630 lr: 0.01 train_loss: 17479.1758 train_mapscore: 0.9904 time: 6.6968s
INFO:root:Epoch: 2635 lr: 0.01 train_loss: 17479.0234 train_mapscore: 0.9904 time: 6.5720s
INFO:root:Epoch: 2640 lr: 0.01 train_loss: 17478.8750 train_mapscore: 0.9904 time: 6.8001s
INFO:root:Epoch: 2645 lr: 0.01 train_loss: 17478.7305 train_mapscore: 0.9904 time: 6.6252s
INFO:root:Epoch: 2650 lr: 0.01 train_loss: 17478.5820 train_mapscore: 0.9904 time: 6.6417s
INFO:root:Epoch: 2655 lr: 0.01 train_loss: 17478.4375 train_mapscore: 0.9904 time: 6.6473s
INFO:root:Epoch: 2660 lr: 0.01 train_loss: 17478.2910 train_mapscore: 0.9904 time: 6.5855s
INFO:root:Epoch: 2665 lr: 0.01 train_loss: 17478.1445 train_mapscore: 0.9904 time: 6.6576s
INFO:root:Epoch: 2670 lr: 0.01 train_loss: 17478.0020 train_mapscore: 0.9904 time: 6.8233s
INFO:root:Epoch: 2675 lr: 0.01 train_loss: 17477.8574 train_mapscore: 0.9904 time: 6.6767s
INFO:root:Epoch: 2680 lr: 0.01 train_loss: 17477.7109 train_mapscore: 0.9904 time: 6.6770s
INFO:root:Epoch: 2685 lr: 0.01 train_loss: 17477.5703 train_mapscore: 0.9904 time: 6.6267s
INFO:root:Epoch: 2690 lr: 0.01 train_loss: 17477.4277 train_mapscore: 0.9904 time: 6.8607s
INFO:root:Epoch: 2695 lr: 0.01 train_loss: 17477.2871 train_mapscore: 0.9904 time: 6.6095s
INFO:root:Epoch: 2700 lr: 0.01 train_loss: 17477.1465 train_mapscore: 0.9904 time: 6.6156s
INFO:root:Epoch: 2705 lr: 0.01 train_loss: 17477.0059 train_mapscore: 0.9904 time: 6.6811s
INFO:root:Epoch: 2710 lr: 0.01 train_loss: 17476.8652 train_mapscore: 0.9904 time: 6.8186s
INFO:root:Epoch: 2715 lr: 0.01 train_loss: 17476.7266 train_mapscore: 0.9904 time: 6.6515s
INFO:root:Epoch: 2720 lr: 0.01 train_loss: 17476.5898 train_mapscore: 0.9904 time: 6.8490s
INFO:root:Epoch: 2725 lr: 0.01 train_loss: 17476.4531 train_mapscore: 0.9904 time: 6.7418s
INFO:root:Epoch: 2730 lr: 0.01 train_loss: 17476.3145 train_mapscore: 0.9904 time: 6.6312s
INFO:root:Epoch: 2735 lr: 0.01 train_loss: 17476.1758 train_mapscore: 0.9904 time: 6.6194s
INFO:root:Epoch: 2740 lr: 0.01 train_loss: 17476.0430 train_mapscore: 0.9904 time: 6.5600s
INFO:root:Epoch: 2745 lr: 0.01 train_loss: 17475.9062 train_mapscore: 0.9904 time: 6.5904s
INFO:root:Epoch: 2750 lr: 0.01 train_loss: 17475.7734 train_mapscore: 0.9904 time: 6.6385s
INFO:root:Epoch: 2755 lr: 0.01 train_loss: 17475.6367 train_mapscore: 0.9904 time: 6.6211s
INFO:root:Epoch: 2760 lr: 0.01 train_loss: 17475.5039 train_mapscore: 0.9904 time: 6.6332s
INFO:root:Epoch: 2765 lr: 0.01 train_loss: 17475.3711 train_mapscore: 0.9904 time: 6.7689s
INFO:root:Epoch: 2770 lr: 0.01 train_loss: 17475.2383 train_mapscore: 0.9904 time: 6.6870s
INFO:root:Epoch: 2775 lr: 0.01 train_loss: 17475.1055 train_mapscore: 0.9904 time: 6.7457s
INFO:root:Epoch: 2780 lr: 0.01 train_loss: 17474.9766 train_mapscore: 0.9904 time: 6.6236s
INFO:root:Epoch: 2785 lr: 0.01 train_loss: 17474.8457 train_mapscore: 0.9904 time: 6.9179s
INFO:root:Epoch: 2790 lr: 0.01 train_loss: 17474.7148 train_mapscore: 0.9904 time: 6.6348s
INFO:root:Epoch: 2795 lr: 0.01 train_loss: 17474.5859 train_mapscore: 0.9905 time: 6.7588s
INFO:root:Epoch: 2800 lr: 0.01 train_loss: 17474.4570 train_mapscore: 0.9904 time: 6.7507s
INFO:root:Epoch: 2805 lr: 0.01 train_loss: 17474.3281 train_mapscore: 0.9905 time: 6.7075s
INFO:root:Epoch: 2810 lr: 0.01 train_loss: 17474.1992 train_mapscore: 0.9904 time: 6.6012s
INFO:root:Epoch: 2815 lr: 0.01 train_loss: 17474.0742 train_mapscore: 0.9904 time: 6.6288s
INFO:root:Epoch: 2820 lr: 0.01 train_loss: 17473.9473 train_mapscore: 0.9904 time: 6.6631s
INFO:root:Epoch: 2825 lr: 0.01 train_loss: 17473.8203 train_mapscore: 0.9904 time: 6.6781s
INFO:root:Epoch: 2830 lr: 0.01 train_loss: 17473.6953 train_mapscore: 0.9905 time: 6.7604s
INFO:root:Epoch: 2835 lr: 0.01 train_loss: 17473.5703 train_mapscore: 0.9905 time: 6.6086s
INFO:root:Epoch: 2840 lr: 0.01 train_loss: 17473.4453 train_mapscore: 0.9905 time: 6.5994s
INFO:root:Epoch: 2845 lr: 0.01 train_loss: 17473.3203 train_mapscore: 0.9905 time: 6.7562s
INFO:root:Epoch: 2850 lr: 0.01 train_loss: 17473.1973 train_mapscore: 0.9905 time: 6.6222s
INFO:root:Epoch: 2855 lr: 0.01 train_loss: 17473.0742 train_mapscore: 0.9905 time: 6.6280s
INFO:root:Epoch: 2860 lr: 0.01 train_loss: 17472.9512 train_mapscore: 0.9905 time: 6.6432s
INFO:root:Epoch: 2865 lr: 0.01 train_loss: 17472.8281 train_mapscore: 0.9905 time: 6.7007s
INFO:root:Epoch: 2870 lr: 0.01 train_loss: 17472.7090 train_mapscore: 0.9905 time: 6.6629s
INFO:root:Epoch: 2875 lr: 0.01 train_loss: 17472.5859 train_mapscore: 0.9905 time: 6.5419s
INFO:root:Epoch: 2880 lr: 0.01 train_loss: 17472.4668 train_mapscore: 0.9905 time: 6.6742s
INFO:root:Epoch: 2885 lr: 0.01 train_loss: 17472.3477 train_mapscore: 0.9905 time: 6.6418s
INFO:root:Epoch: 2890 lr: 0.01 train_loss: 17472.2266 train_mapscore: 0.9905 time: 6.5984s
INFO:root:Epoch: 2895 lr: 0.01 train_loss: 17472.1074 train_mapscore: 0.9905 time: 6.6113s
INFO:root:Epoch: 2900 lr: 0.01 train_loss: 17471.9902 train_mapscore: 0.9905 time: 6.6814s
INFO:root:Epoch: 2905 lr: 0.01 train_loss: 17471.8711 train_mapscore: 0.9905 time: 6.5061s
INFO:root:Epoch: 2910 lr: 0.01 train_loss: 17471.7539 train_mapscore: 0.9905 time: 6.6364s
INFO:root:Epoch: 2915 lr: 0.01 train_loss: 17471.6367 train_mapscore: 0.9905 time: 6.6902s
INFO:root:Epoch: 2920 lr: 0.01 train_loss: 17471.5215 train_mapscore: 0.9905 time: 6.7444s
INFO:root:Epoch: 2925 lr: 0.01 train_loss: 17471.4043 train_mapscore: 0.9905 time: 6.8152s
INFO:root:Epoch: 2930 lr: 0.01 train_loss: 17471.2891 train_mapscore: 0.9905 time: 6.6127s
INFO:root:Epoch: 2935 lr: 0.01 train_loss: 17471.1738 train_mapscore: 0.9905 time: 6.6922s
INFO:root:Epoch: 2940 lr: 0.01 train_loss: 17471.0625 train_mapscore: 0.9905 time: 6.6813s
INFO:root:Epoch: 2945 lr: 0.01 train_loss: 17470.9473 train_mapscore: 0.9905 time: 6.7638s
INFO:root:Epoch: 2950 lr: 0.01 train_loss: 17470.8320 train_mapscore: 0.9905 time: 6.7452s
INFO:root:Epoch: 2955 lr: 0.01 train_loss: 17470.7207 train_mapscore: 0.9905 time: 6.6915s
INFO:root:Epoch: 2960 lr: 0.01 train_loss: 17470.6074 train_mapscore: 0.9905 time: 6.7426s
INFO:root:Epoch: 2965 lr: 0.01 train_loss: 17470.4961 train_mapscore: 0.9905 time: 6.6133s
INFO:root:Epoch: 2970 lr: 0.01 train_loss: 17470.3848 train_mapscore: 0.9905 time: 6.6746s
INFO:root:Epoch: 2975 lr: 0.01 train_loss: 17470.2734 train_mapscore: 0.9905 time: 6.5221s
INFO:root:Epoch: 2980 lr: 0.01 train_loss: 17470.1602 train_mapscore: 0.9905 time: 6.6846s
INFO:root:Epoch: 2985 lr: 0.01 train_loss: 17470.0508 train_mapscore: 0.9905 time: 6.7053s
INFO:root:Epoch: 2990 lr: 0.01 train_loss: 17469.9414 train_mapscore: 0.9905 time: 6.6492s
INFO:root:Epoch: 2995 lr: 0.01 train_loss: 17469.8320 train_mapscore: 0.9905 time: 6.7225s
INFO:root:Epoch: 3000 lr: 0.01 train_loss: 17469.7246 train_mapscore: 0.9905 time: 6.6854s
INFO:root:Epoch: 3005 lr: 0.01 train_loss: 17469.6133 train_mapscore: 0.9905 time: 6.7885s
INFO:root:Epoch: 3010 lr: 0.01 train_loss: 17469.5078 train_mapscore: 0.9905 time: 6.5613s
INFO:root:Epoch: 3015 lr: 0.01 train_loss: 17469.3984 train_mapscore: 0.9905 time: 6.6544s
INFO:root:Epoch: 3020 lr: 0.01 train_loss: 17469.2930 train_mapscore: 0.9905 time: 6.8638s
INFO:root:Epoch: 3025 lr: 0.01 train_loss: 17469.1855 train_mapscore: 0.9905 time: 7.1482s
INFO:root:Epoch: 3030 lr: 0.01 train_loss: 17469.0801 train_mapscore: 0.9905 time: 6.9454s
INFO:root:Epoch: 3035 lr: 0.01 train_loss: 17468.9746 train_mapscore: 0.9905 time: 6.6884s
INFO:root:Epoch: 3040 lr: 0.01 train_loss: 17468.8691 train_mapscore: 0.9905 time: 6.7581s
INFO:root:Epoch: 3045 lr: 0.01 train_loss: 17468.7637 train_mapscore: 0.9905 time: 6.8154s
INFO:root:Epoch: 3050 lr: 0.01 train_loss: 17468.6582 train_mapscore: 0.9905 time: 6.7735s
INFO:root:Epoch: 3055 lr: 0.01 train_loss: 17468.5547 train_mapscore: 0.9905 time: 6.6224s
INFO:root:Epoch: 3060 lr: 0.01 train_loss: 17468.4512 train_mapscore: 0.9904 time: 6.6206s
INFO:root:Epoch: 3065 lr: 0.01 train_loss: 17468.3496 train_mapscore: 0.9904 time: 6.7549s
INFO:root:Epoch: 3070 lr: 0.01 train_loss: 17468.2461 train_mapscore: 0.9904 time: 6.6609s
INFO:root:Epoch: 3075 lr: 0.01 train_loss: 17468.1445 train_mapscore: 0.9904 time: 6.6953s
INFO:root:Epoch: 3080 lr: 0.01 train_loss: 17468.0449 train_mapscore: 0.9904 time: 6.7124s
INFO:root:Epoch: 3085 lr: 0.01 train_loss: 17467.9434 train_mapscore: 0.9904 time: 6.7040s
INFO:root:Epoch: 3090 lr: 0.01 train_loss: 17467.8398 train_mapscore: 0.9904 time: 6.6637s
INFO:root:Epoch: 3095 lr: 0.01 train_loss: 17467.7422 train_mapscore: 0.9904 time: 6.7007s
INFO:root:Epoch: 3100 lr: 0.01 train_loss: 17467.6406 train_mapscore: 0.9905 time: 6.6532s
INFO:root:Epoch: 3105 lr: 0.01 train_loss: 17467.5430 train_mapscore: 0.9905 time: 6.8167s
INFO:root:Epoch: 3110 lr: 0.01 train_loss: 17467.4434 train_mapscore: 0.9905 time: 6.5898s
INFO:root:Epoch: 3115 lr: 0.01 train_loss: 17467.3438 train_mapscore: 0.9905 time: 6.5445s
INFO:root:Epoch: 3120 lr: 0.01 train_loss: 17467.2461 train_mapscore: 0.9905 time: 6.6053s
INFO:root:Epoch: 3125 lr: 0.01 train_loss: 17467.1465 train_mapscore: 0.9905 time: 6.8587s
INFO:root:Epoch: 3130 lr: 0.01 train_loss: 17467.0488 train_mapscore: 0.9905 time: 6.6696s
INFO:root:Epoch: 3135 lr: 0.01 train_loss: 17466.9512 train_mapscore: 0.9905 time: 6.6300s
INFO:root:Epoch: 3140 lr: 0.01 train_loss: 17466.8535 train_mapscore: 0.9905 time: 6.6078s
INFO:root:Epoch: 3145 lr: 0.01 train_loss: 17466.7578 train_mapscore: 0.9905 time: 6.6540s
INFO:root:Epoch: 3150 lr: 0.01 train_loss: 17466.6641 train_mapscore: 0.9905 time: 6.7332s
INFO:root:Epoch: 3155 lr: 0.01 train_loss: 17466.5664 train_mapscore: 0.9905 time: 6.6966s
INFO:root:Epoch: 3160 lr: 0.01 train_loss: 17466.4727 train_mapscore: 0.9905 time: 6.6795s
INFO:root:Epoch: 3165 lr: 0.01 train_loss: 17466.3770 train_mapscore: 0.9905 time: 6.6414s
INFO:root:Epoch: 3170 lr: 0.01 train_loss: 17466.2832 train_mapscore: 0.9905 time: 6.6946s
INFO:root:Epoch: 3175 lr: 0.01 train_loss: 17466.1895 train_mapscore: 0.9905 time: 6.7064s
INFO:root:Epoch: 3180 lr: 0.01 train_loss: 17466.0957 train_mapscore: 0.9905 time: 6.7740s
INFO:root:Epoch: 3185 lr: 0.01 train_loss: 17466.0039 train_mapscore: 0.9905 time: 6.5402s
INFO:root:Epoch: 3190 lr: 0.01 train_loss: 17465.9082 train_mapscore: 0.9905 time: 6.8206s
INFO:root:Epoch: 3195 lr: 0.01 train_loss: 17465.8164 train_mapscore: 0.9905 time: 6.6611s
INFO:root:Epoch: 3200 lr: 0.01 train_loss: 17465.7227 train_mapscore: 0.9905 time: 6.7325s
INFO:root:Epoch: 3205 lr: 0.01 train_loss: 17465.6328 train_mapscore: 0.9905 time: 6.8213s
INFO:root:Epoch: 3210 lr: 0.01 train_loss: 17465.5410 train_mapscore: 0.9905 time: 6.8072s
INFO:root:Epoch: 3215 lr: 0.01 train_loss: 17465.4492 train_mapscore: 0.9905 time: 6.6718s
INFO:root:Epoch: 3220 lr: 0.01 train_loss: 17465.3594 train_mapscore: 0.9905 time: 6.6525s
INFO:root:Epoch: 3225 lr: 0.01 train_loss: 17465.2676 train_mapscore: 0.9905 time: 6.7929s
INFO:root:Epoch: 3230 lr: 0.01 train_loss: 17465.1777 train_mapscore: 0.9905 time: 6.7104s
INFO:root:Epoch: 3235 lr: 0.01 train_loss: 17465.0898 train_mapscore: 0.9905 time: 6.7602s
INFO:root:Epoch: 3240 lr: 0.01 train_loss: 17464.9980 train_mapscore: 0.9905 time: 6.6966s
INFO:root:Epoch: 3245 lr: 0.01 train_loss: 17464.9102 train_mapscore: 0.9905 time: 6.7943s
INFO:root:Epoch: 3250 lr: 0.01 train_loss: 17464.8203 train_mapscore: 0.9905 time: 6.6895s
INFO:root:Epoch: 3255 lr: 0.01 train_loss: 17464.7344 train_mapscore: 0.9905 time: 6.6858s
INFO:root:Epoch: 3260 lr: 0.01 train_loss: 17464.6445 train_mapscore: 0.9905 time: 6.7854s
INFO:root:Epoch: 3265 lr: 0.01 train_loss: 17464.5586 train_mapscore: 0.9905 time: 6.6930s
INFO:root:Epoch: 3270 lr: 0.01 train_loss: 17464.4707 train_mapscore: 0.9905 time: 6.7879s
INFO:root:Epoch: 3275 lr: 0.01 train_loss: 17464.3828 train_mapscore: 0.9905 time: 6.8222s
INFO:root:Epoch: 3280 lr: 0.01 train_loss: 17464.2969 train_mapscore: 0.9905 time: 6.6217s
INFO:root:Epoch: 3285 lr: 0.01 train_loss: 17464.2109 train_mapscore: 0.9905 time: 6.9855s
INFO:root:Epoch: 3290 lr: 0.01 train_loss: 17464.1230 train_mapscore: 0.9905 time: 6.6559s
INFO:root:Epoch: 3295 lr: 0.01 train_loss: 17464.0371 train_mapscore: 0.9905 time: 6.7941s
INFO:root:Epoch: 3300 lr: 0.01 train_loss: 17463.9512 train_mapscore: 0.9905 time: 6.7604s
INFO:root:Epoch: 3305 lr: 0.01 train_loss: 17463.8672 train_mapscore: 0.9905 time: 6.6205s
INFO:root:Epoch: 3310 lr: 0.01 train_loss: 17463.7832 train_mapscore: 0.9905 time: 6.8228s
INFO:root:Epoch: 3315 lr: 0.01 train_loss: 17463.6992 train_mapscore: 0.9905 time: 6.7144s
INFO:root:Epoch: 3320 lr: 0.01 train_loss: 17463.6152 train_mapscore: 0.9905 time: 6.8339s
INFO:root:Epoch: 3325 lr: 0.01 train_loss: 17463.5293 train_mapscore: 0.9905 time: 6.7553s
INFO:root:Epoch: 3330 lr: 0.01 train_loss: 17463.4473 train_mapscore: 0.9905 time: 6.6337s
INFO:root:Epoch: 3335 lr: 0.01 train_loss: 17463.3633 train_mapscore: 0.9905 time: 6.6215s
INFO:root:Epoch: 3340 lr: 0.01 train_loss: 17463.2812 train_mapscore: 0.9905 time: 6.7343s
INFO:root:Epoch: 3345 lr: 0.01 train_loss: 17463.1973 train_mapscore: 0.9905 time: 6.6300s
INFO:root:Epoch: 3350 lr: 0.01 train_loss: 17463.1152 train_mapscore: 0.9905 time: 6.7084s
INFO:root:Epoch: 3355 lr: 0.01 train_loss: 17463.0312 train_mapscore: 0.9905 time: 6.7864s
INFO:root:Epoch: 3360 lr: 0.01 train_loss: 17462.9512 train_mapscore: 0.9905 time: 6.6991s
INFO:root:Epoch: 3365 lr: 0.01 train_loss: 17462.8691 train_mapscore: 0.9905 time: 6.6525s
INFO:root:Epoch: 3370 lr: 0.01 train_loss: 17462.7891 train_mapscore: 0.9905 time: 6.7071s
INFO:root:Epoch: 3375 lr: 0.01 train_loss: 17462.7090 train_mapscore: 0.9905 time: 6.6111s
INFO:root:Epoch: 3380 lr: 0.01 train_loss: 17462.6270 train_mapscore: 0.9905 time: 6.6771s
INFO:root:Epoch: 3385 lr: 0.01 train_loss: 17462.5469 train_mapscore: 0.9905 time: 6.6795s
INFO:root:Epoch: 3390 lr: 0.01 train_loss: 17462.4668 train_mapscore: 0.9905 time: 6.7889s
INFO:root:Epoch: 3395 lr: 0.01 train_loss: 17462.3867 train_mapscore: 0.9905 time: 6.7216s
INFO:root:Epoch: 3400 lr: 0.01 train_loss: 17462.3086 train_mapscore: 0.9905 time: 6.7540s
INFO:root:Epoch: 3405 lr: 0.01 train_loss: 17462.2305 train_mapscore: 0.9905 time: 6.7535s
INFO:root:Epoch: 3410 lr: 0.01 train_loss: 17462.1504 train_mapscore: 0.9905 time: 6.6950s
INFO:root:Epoch: 3415 lr: 0.01 train_loss: 17462.0703 train_mapscore: 0.9905 time: 6.8357s
INFO:root:Epoch: 3420 lr: 0.01 train_loss: 17461.9941 train_mapscore: 0.9905 time: 6.7962s
INFO:root:Epoch: 3425 lr: 0.01 train_loss: 17461.9141 train_mapscore: 0.9905 time: 6.6752s
INFO:root:Epoch: 3430 lr: 0.01 train_loss: 17461.8379 train_mapscore: 0.9905 time: 6.7200s
INFO:root:Epoch: 3435 lr: 0.01 train_loss: 17461.7617 train_mapscore: 0.9905 time: 6.6943s
INFO:root:Epoch: 3440 lr: 0.01 train_loss: 17461.6836 train_mapscore: 0.9905 time: 6.7790s
INFO:root:Epoch: 3445 lr: 0.01 train_loss: 17461.6055 train_mapscore: 0.9905 time: 6.8283s
INFO:root:Epoch: 3450 lr: 0.01 train_loss: 17461.5312 train_mapscore: 0.9905 time: 6.6798s
INFO:root:Epoch: 3455 lr: 0.01 train_loss: 17461.4551 train_mapscore: 0.9905 time: 6.6522s
INFO:root:Epoch: 3460 lr: 0.01 train_loss: 17461.3789 train_mapscore: 0.9905 time: 6.6784s
INFO:root:Epoch: 3465 lr: 0.01 train_loss: 17461.3008 train_mapscore: 0.9905 time: 6.6900s
INFO:root:Epoch: 3470 lr: 0.01 train_loss: 17461.2266 train_mapscore: 0.9905 time: 6.6616s
INFO:root:Epoch: 3475 lr: 0.01 train_loss: 17461.1504 train_mapscore: 0.9905 time: 6.7093s
INFO:root:Epoch: 3480 lr: 0.01 train_loss: 17461.0762 train_mapscore: 0.9905 time: 6.6857s
INFO:root:Epoch: 3485 lr: 0.01 train_loss: 17461.0000 train_mapscore: 0.9905 time: 6.6076s
INFO:root:Epoch: 3490 lr: 0.01 train_loss: 17460.9277 train_mapscore: 0.9905 time: 6.6592s
INFO:root:Epoch: 3495 lr: 0.01 train_loss: 17460.8516 train_mapscore: 0.9905 time: 6.6802s
INFO:root:Epoch: 3500 lr: 0.01 train_loss: 17460.7773 train_mapscore: 0.9905 time: 6.6160s
INFO:root:Epoch: 3505 lr: 0.01 train_loss: 17460.7031 train_mapscore: 0.9905 time: 6.7414s
INFO:root:Epoch: 3510 lr: 0.01 train_loss: 17460.6309 train_mapscore: 0.9905 time: 6.6154s
INFO:root:Epoch: 3515 lr: 0.01 train_loss: 17460.5566 train_mapscore: 0.9905 time: 6.7019s
INFO:root:Epoch: 3520 lr: 0.01 train_loss: 17460.4844 train_mapscore: 0.9905 time: 6.7191s
INFO:root:Epoch: 3525 lr: 0.01 train_loss: 17460.4102 train_mapscore: 0.9905 time: 6.7190s
INFO:root:Epoch: 3530 lr: 0.01 train_loss: 17460.3379 train_mapscore: 0.9905 time: 6.6759s
INFO:root:Epoch: 3535 lr: 0.01 train_loss: 17460.2656 train_mapscore: 0.9905 time: 6.5841s
INFO:root:Epoch: 3540 lr: 0.01 train_loss: 17460.1953 train_mapscore: 0.9905 time: 6.5391s
INFO:root:Epoch: 3545 lr: 0.01 train_loss: 17460.1211 train_mapscore: 0.9905 time: 6.6005s
INFO:root:Epoch: 3550 lr: 0.01 train_loss: 17460.0508 train_mapscore: 0.9905 time: 6.5617s
INFO:root:Epoch: 3555 lr: 0.01 train_loss: 17459.9785 train_mapscore: 0.9905 time: 6.6917s
INFO:root:Epoch: 3560 lr: 0.01 train_loss: 17459.9082 train_mapscore: 0.9905 time: 6.6828s
INFO:root:Epoch: 3565 lr: 0.01 train_loss: 17459.8359 train_mapscore: 0.9905 time: 6.7702s
INFO:root:Epoch: 3570 lr: 0.01 train_loss: 17459.7656 train_mapscore: 0.9905 time: 6.9235s
INFO:root:Epoch: 3575 lr: 0.01 train_loss: 17459.6953 train_mapscore: 0.9905 time: 6.6103s
INFO:root:Epoch: 3580 lr: 0.01 train_loss: 17459.6250 train_mapscore: 0.9905 time: 6.7309s
INFO:root:Epoch: 3585 lr: 0.01 train_loss: 17459.5547 train_mapscore: 0.9905 time: 6.6567s
INFO:root:Epoch: 3590 lr: 0.01 train_loss: 17459.4844 train_mapscore: 0.9905 time: 6.6232s
INFO:root:Epoch: 3595 lr: 0.01 train_loss: 17459.4141 train_mapscore: 0.9905 time: 6.5843s
INFO:root:Epoch: 3600 lr: 0.01 train_loss: 17459.3457 train_mapscore: 0.9905 time: 6.8028s
INFO:root:Epoch: 3605 lr: 0.01 train_loss: 17459.2773 train_mapscore: 0.9905 time: 6.5844s
INFO:root:Epoch: 3610 lr: 0.01 train_loss: 17459.2070 train_mapscore: 0.9905 time: 6.7371s
INFO:root:Epoch: 3615 lr: 0.01 train_loss: 17459.1387 train_mapscore: 0.9905 time: 6.9129s
INFO:root:Epoch: 3620 lr: 0.01 train_loss: 17459.0703 train_mapscore: 0.9905 time: 6.8945s
INFO:root:Epoch: 3625 lr: 0.01 train_loss: 17459.0039 train_mapscore: 0.9905 time: 6.8202s
INFO:root:Epoch: 3630 lr: 0.01 train_loss: 17458.9336 train_mapscore: 0.9905 time: 6.6841s
INFO:root:Epoch: 3635 lr: 0.01 train_loss: 17458.8672 train_mapscore: 0.9905 time: 6.6972s
INFO:root:Epoch: 3640 lr: 0.01 train_loss: 17458.8008 train_mapscore: 0.9905 time: 6.6657s
INFO:root:Epoch: 3645 lr: 0.01 train_loss: 17458.7324 train_mapscore: 0.9905 time: 6.6252s
INFO:root:Epoch: 3650 lr: 0.01 train_loss: 17458.6660 train_mapscore: 0.9905 time: 6.7690s
INFO:root:Epoch: 3655 lr: 0.01 train_loss: 17458.5977 train_mapscore: 0.9905 time: 6.6785s
INFO:root:Epoch: 3660 lr: 0.01 train_loss: 17458.5312 train_mapscore: 0.9905 time: 6.7921s
INFO:root:Epoch: 3665 lr: 0.01 train_loss: 17458.4648 train_mapscore: 0.9905 time: 6.6592s
INFO:root:Epoch: 3670 lr: 0.01 train_loss: 17458.3984 train_mapscore: 0.9905 time: 6.6644s
INFO:root:Epoch: 3675 lr: 0.01 train_loss: 17458.3320 train_mapscore: 0.9905 time: 6.5903s
INFO:root:Epoch: 3680 lr: 0.01 train_loss: 17458.2676 train_mapscore: 0.9905 time: 6.8141s
INFO:root:Epoch: 3685 lr: 0.01 train_loss: 17458.2012 train_mapscore: 0.9905 time: 6.7141s
INFO:root:Epoch: 3690 lr: 0.01 train_loss: 17458.1328 train_mapscore: 0.9905 time: 6.7189s
INFO:root:Epoch: 3695 lr: 0.01 train_loss: 17458.0703 train_mapscore: 0.9905 time: 6.6496s
INFO:root:Epoch: 3700 lr: 0.01 train_loss: 17458.0059 train_mapscore: 0.9905 time: 6.6864s
INFO:root:Epoch: 3705 lr: 0.01 train_loss: 17457.9414 train_mapscore: 0.9905 time: 6.6562s
INFO:root:Epoch: 3710 lr: 0.01 train_loss: 17457.8770 train_mapscore: 0.9905 time: 6.6722s
INFO:root:Epoch: 3715 lr: 0.01 train_loss: 17457.8105 train_mapscore: 0.9905 time: 6.7824s
INFO:root:Epoch: 3720 lr: 0.01 train_loss: 17457.7480 train_mapscore: 0.9905 time: 6.7030s
INFO:root:Epoch: 3725 lr: 0.01 train_loss: 17457.6836 train_mapscore: 0.9905 time: 6.6979s
INFO:root:Epoch: 3730 lr: 0.01 train_loss: 17457.6191 train_mapscore: 0.9905 time: 6.6171s
INFO:root:Epoch: 3735 lr: 0.01 train_loss: 17457.5566 train_mapscore: 0.9905 time: 6.8098s
INFO:root:Epoch: 3740 lr: 0.01 train_loss: 17457.4922 train_mapscore: 0.9905 time: 6.5763s
INFO:root:Epoch: 3745 lr: 0.01 train_loss: 17457.4297 train_mapscore: 0.9905 time: 6.6838s
INFO:root:Epoch: 3750 lr: 0.01 train_loss: 17457.3672 train_mapscore: 0.9905 time: 6.7562s
INFO:root:Epoch: 3755 lr: 0.01 train_loss: 17457.3027 train_mapscore: 0.9905 time: 6.5968s
INFO:root:Epoch: 3760 lr: 0.01 train_loss: 17457.2422 train_mapscore: 0.9905 time: 6.6281s
INFO:root:Epoch: 3765 lr: 0.01 train_loss: 17457.1797 train_mapscore: 0.9905 time: 6.6909s
INFO:root:Epoch: 3770 lr: 0.01 train_loss: 17457.1172 train_mapscore: 0.9905 time: 6.6660s
INFO:root:Epoch: 3775 lr: 0.01 train_loss: 17457.0547 train_mapscore: 0.9905 time: 6.6556s
INFO:root:Epoch: 3780 lr: 0.01 train_loss: 17456.9922 train_mapscore: 0.9905 time: 6.5968s
INFO:root:Epoch: 3785 lr: 0.01 train_loss: 17456.9316 train_mapscore: 0.9905 time: 6.6656s
INFO:root:Epoch: 3790 lr: 0.01 train_loss: 17456.8691 train_mapscore: 0.9905 time: 6.6681s
INFO:root:Epoch: 3795 lr: 0.01 train_loss: 17456.8086 train_mapscore: 0.9905 time: 6.6144s
INFO:root:Epoch: 3800 lr: 0.01 train_loss: 17456.7480 train_mapscore: 0.9905 time: 6.6381s
INFO:root:Epoch: 3805 lr: 0.01 train_loss: 17456.6855 train_mapscore: 0.9905 time: 6.6933s
INFO:root:Epoch: 3810 lr: 0.01 train_loss: 17456.6250 train_mapscore: 0.9905 time: 6.8251s
INFO:root:Epoch: 3815 lr: 0.01 train_loss: 17456.5664 train_mapscore: 0.9905 time: 6.6243s
INFO:root:Epoch: 3820 lr: 0.01 train_loss: 17456.5059 train_mapscore: 0.9905 time: 6.6260s
INFO:root:Epoch: 3825 lr: 0.01 train_loss: 17456.4453 train_mapscore: 0.9905 time: 6.5463s
INFO:root:Epoch: 3830 lr: 0.01 train_loss: 17456.3848 train_mapscore: 0.9905 time: 6.7228s
INFO:root:Epoch: 3835 lr: 0.01 train_loss: 17456.3262 train_mapscore: 0.9905 time: 6.6853s
INFO:root:Epoch: 3840 lr: 0.01 train_loss: 17456.2676 train_mapscore: 0.9905 time: 6.6172s
INFO:root:Epoch: 3845 lr: 0.01 train_loss: 17456.2070 train_mapscore: 0.9905 time: 6.7479s
INFO:root:Epoch: 3850 lr: 0.01 train_loss: 17456.1484 train_mapscore: 0.9905 time: 6.7031s
INFO:root:Epoch: 3855 lr: 0.01 train_loss: 17456.0898 train_mapscore: 0.9905 time: 6.6812s
INFO:root:Epoch: 3860 lr: 0.01 train_loss: 17456.0312 train_mapscore: 0.9905 time: 6.7503s
INFO:root:Epoch: 3865 lr: 0.01 train_loss: 17455.9727 train_mapscore: 0.9905 time: 6.6466s
INFO:root:Epoch: 3870 lr: 0.01 train_loss: 17455.9121 train_mapscore: 0.9905 time: 6.6235s
INFO:root:Epoch: 3875 lr: 0.01 train_loss: 17455.8555 train_mapscore: 0.9905 time: 6.8108s
INFO:root:Epoch: 3880 lr: 0.01 train_loss: 17455.7949 train_mapscore: 0.9905 time: 6.6688s
INFO:root:Epoch: 3885 lr: 0.01 train_loss: 17455.7383 train_mapscore: 0.9905 time: 6.7585s
INFO:root:Epoch: 3890 lr: 0.01 train_loss: 17455.6797 train_mapscore: 0.9905 time: 7.2964s
INFO:root:Epoch: 3895 lr: 0.01 train_loss: 17455.6230 train_mapscore: 0.9905 time: 6.6807s
INFO:root:Epoch: 3900 lr: 0.01 train_loss: 17455.5645 train_mapscore: 0.9905 time: 6.5910s
INFO:root:Epoch: 3905 lr: 0.01 train_loss: 17455.5098 train_mapscore: 0.9905 time: 6.7422s
INFO:root:Epoch: 3910 lr: 0.01 train_loss: 17455.4531 train_mapscore: 0.9905 time: 6.6394s
INFO:root:Epoch: 3915 lr: 0.01 train_loss: 17455.3926 train_mapscore: 0.9905 time: 6.6658s
INFO:root:Epoch: 3920 lr: 0.01 train_loss: 17455.3359 train_mapscore: 0.9905 time: 6.7424s
INFO:root:Epoch: 3925 lr: 0.01 train_loss: 17455.2812 train_mapscore: 0.9905 time: 6.9078s
INFO:root:Epoch: 3930 lr: 0.01 train_loss: 17455.2246 train_mapscore: 0.9905 time: 6.7442s
INFO:root:Epoch: 3935 lr: 0.01 train_loss: 17455.1680 train_mapscore: 0.9905 time: 6.8001s
INFO:root:Epoch: 3940 lr: 0.01 train_loss: 17455.1133 train_mapscore: 0.9905 time: 6.6100s
INFO:root:Epoch: 3945 lr: 0.01 train_loss: 17455.0566 train_mapscore: 0.9905 time: 6.7863s
INFO:root:Epoch: 3950 lr: 0.01 train_loss: 17455.0039 train_mapscore: 0.9905 time: 6.6946s
INFO:root:Epoch: 3955 lr: 0.01 train_loss: 17454.9453 train_mapscore: 0.9905 time: 6.7073s
INFO:root:Epoch: 3960 lr: 0.01 train_loss: 17454.8887 train_mapscore: 0.9905 time: 6.7560s
INFO:root:Epoch: 3965 lr: 0.01 train_loss: 17454.8340 train_mapscore: 0.9905 time: 6.6824s
INFO:root:Epoch: 3970 lr: 0.01 train_loss: 17454.7793 train_mapscore: 0.9905 time: 6.8752s
INFO:root:Epoch: 3975 lr: 0.01 train_loss: 17454.7246 train_mapscore: 0.9905 time: 6.8785s
INFO:root:Epoch: 3980 lr: 0.01 train_loss: 17454.6699 train_mapscore: 0.9905 time: 6.6658s
INFO:root:Epoch: 3985 lr: 0.01 train_loss: 17454.6133 train_mapscore: 0.9905 time: 6.8999s
INFO:root:Epoch: 3990 lr: 0.01 train_loss: 17454.5605 train_mapscore: 0.9905 time: 6.6261s
INFO:root:Epoch: 3995 lr: 0.01 train_loss: 17454.5039 train_mapscore: 0.9905 time: 7.0959s
INFO:root:Epoch: 4000 lr: 0.01 train_loss: 17454.4531 train_mapscore: 0.9905 time: 6.6711s
INFO:root:Epoch: 4005 lr: 0.01 train_loss: 17454.3984 train_mapscore: 0.9905 time: 6.8707s
INFO:root:Epoch: 4010 lr: 0.01 train_loss: 17454.3438 train_mapscore: 0.9905 time: 6.6572s
INFO:root:Epoch: 4015 lr: 0.01 train_loss: 17454.2910 train_mapscore: 0.9905 time: 6.6598s
INFO:root:Epoch: 4020 lr: 0.01 train_loss: 17454.2383 train_mapscore: 0.9905 time: 6.7106s
INFO:root:Epoch: 4025 lr: 0.01 train_loss: 17454.1836 train_mapscore: 0.9905 time: 6.6473s
INFO:root:Epoch: 4030 lr: 0.01 train_loss: 17454.1309 train_mapscore: 0.9905 time: 6.6199s
INFO:root:Epoch: 4035 lr: 0.01 train_loss: 17454.0781 train_mapscore: 0.9905 time: 6.6335s
INFO:root:Epoch: 4040 lr: 0.01 train_loss: 17454.0234 train_mapscore: 0.9905 time: 6.6554s
INFO:root:Epoch: 4045 lr: 0.01 train_loss: 17453.9707 train_mapscore: 0.9905 time: 6.5370s
INFO:root:Epoch: 4050 lr: 0.01 train_loss: 17453.9180 train_mapscore: 0.9905 time: 6.6465s
INFO:root:Epoch: 4055 lr: 0.01 train_loss: 17453.8652 train_mapscore: 0.9905 time: 6.6823s
INFO:root:Epoch: 4060 lr: 0.01 train_loss: 17453.8105 train_mapscore: 0.9905 time: 6.6710s
INFO:root:Epoch: 4065 lr: 0.01 train_loss: 17453.7598 train_mapscore: 0.9905 time: 6.6963s
INFO:root:Epoch: 4070 lr: 0.01 train_loss: 17453.7070 train_mapscore: 0.9905 time: 6.6226s
INFO:root:Epoch: 4075 lr: 0.01 train_loss: 17453.6543 train_mapscore: 0.9905 time: 6.6788s
INFO:root:Epoch: 4080 lr: 0.01 train_loss: 17453.6016 train_mapscore: 0.9905 time: 6.6600s
INFO:root:Epoch: 4085 lr: 0.01 train_loss: 17453.5508 train_mapscore: 0.9905 time: 6.6866s
INFO:root:Epoch: 4090 lr: 0.01 train_loss: 17453.4980 train_mapscore: 0.9905 time: 6.5827s
INFO:root:Epoch: 4095 lr: 0.01 train_loss: 17453.4453 train_mapscore: 0.9905 time: 6.6251s
INFO:root:Epoch: 4100 lr: 0.01 train_loss: 17453.3926 train_mapscore: 0.9905 time: 6.6392s
INFO:root:Epoch: 4105 lr: 0.01 train_loss: 17453.3418 train_mapscore: 0.9905 time: 6.6171s
INFO:root:Epoch: 4110 lr: 0.01 train_loss: 17453.2891 train_mapscore: 0.9905 time: 6.8626s
INFO:root:Epoch: 4115 lr: 0.01 train_loss: 17453.2383 train_mapscore: 0.9905 time: 6.7221s
INFO:root:Epoch: 4120 lr: 0.01 train_loss: 17453.1875 train_mapscore: 0.9905 time: 6.7028s
INFO:root:Epoch: 4125 lr: 0.01 train_loss: 17453.1348 train_mapscore: 0.9905 time: 6.6536s
INFO:root:Epoch: 4130 lr: 0.01 train_loss: 17453.0840 train_mapscore: 0.9905 time: 6.7071s
INFO:root:Epoch: 4135 lr: 0.01 train_loss: 17453.0352 train_mapscore: 0.9905 time: 6.7763s
INFO:root:Epoch: 4140 lr: 0.01 train_loss: 17452.9844 train_mapscore: 0.9905 time: 6.6636s
INFO:root:Epoch: 4145 lr: 0.01 train_loss: 17452.9375 train_mapscore: 0.9905 time: 6.6675s
INFO:root:Epoch: 4150 lr: 0.01 train_loss: 17452.8867 train_mapscore: 0.9905 time: 6.7604s
INFO:root:Epoch: 4155 lr: 0.01 train_loss: 17452.8340 train_mapscore: 0.9905 time: 6.6861s
INFO:root:Epoch: 4160 lr: 0.01 train_loss: 17452.7852 train_mapscore: 0.9905 time: 6.7288s
INFO:root:Epoch: 4165 lr: 0.01 train_loss: 17452.7344 train_mapscore: 0.9906 time: 6.7432s
INFO:root:Epoch: 4170 lr: 0.01 train_loss: 17452.6875 train_mapscore: 0.9905 time: 6.7356s
INFO:root:Epoch: 4175 lr: 0.01 train_loss: 17452.6367 train_mapscore: 0.9905 time: 6.6307s
INFO:root:Epoch: 4180 lr: 0.01 train_loss: 17452.5898 train_mapscore: 0.9905 time: 6.5405s
INFO:root:Epoch: 4185 lr: 0.01 train_loss: 17452.5410 train_mapscore: 0.9905 time: 6.6258s
INFO:root:Epoch: 4190 lr: 0.01 train_loss: 17452.4922 train_mapscore: 0.9905 time: 6.6439s
INFO:root:Epoch: 4195 lr: 0.01 train_loss: 17452.4453 train_mapscore: 0.9905 time: 6.7409s
INFO:root:Epoch: 4200 lr: 0.01 train_loss: 17452.3965 train_mapscore: 0.9905 time: 6.5354s
INFO:root:Epoch: 4205 lr: 0.01 train_loss: 17452.3496 train_mapscore: 0.9905 time: 6.7114s
INFO:root:Epoch: 4210 lr: 0.01 train_loss: 17452.3027 train_mapscore: 0.9905 time: 6.7133s
INFO:root:Epoch: 4215 lr: 0.01 train_loss: 17452.2539 train_mapscore: 0.9905 time: 6.5467s
INFO:root:Epoch: 4220 lr: 0.01 train_loss: 17452.2070 train_mapscore: 0.9905 time: 6.6553s
INFO:root:Epoch: 4225 lr: 0.01 train_loss: 17452.1602 train_mapscore: 0.9905 time: 6.5552s
INFO:root:Epoch: 4230 lr: 0.01 train_loss: 17452.1113 train_mapscore: 0.9905 time: 6.6015s
INFO:root:Epoch: 4235 lr: 0.01 train_loss: 17452.0664 train_mapscore: 0.9905 time: 6.6214s
INFO:root:Epoch: 4240 lr: 0.01 train_loss: 17452.0195 train_mapscore: 0.9905 time: 6.5545s
INFO:root:Epoch: 4245 lr: 0.01 train_loss: 17451.9727 train_mapscore: 0.9905 time: 6.6257s
INFO:root:Epoch: 4250 lr: 0.01 train_loss: 17451.9238 train_mapscore: 0.9906 time: 6.5582s
INFO:root:Epoch: 4255 lr: 0.01 train_loss: 17451.8789 train_mapscore: 0.9905 time: 6.7068s
INFO:root:Epoch: 4260 lr: 0.01 train_loss: 17451.8320 train_mapscore: 0.9905 time: 6.6945s
INFO:root:Epoch: 4265 lr: 0.01 train_loss: 17451.7871 train_mapscore: 0.9906 time: 6.7935s
INFO:root:Epoch: 4270 lr: 0.01 train_loss: 17451.7422 train_mapscore: 0.9906 time: 6.7124s
INFO:root:Epoch: 4275 lr: 0.01 train_loss: 17451.6953 train_mapscore: 0.9905 time: 6.7497s
INFO:root:Epoch: 4280 lr: 0.01 train_loss: 17451.6504 train_mapscore: 0.9905 time: 6.6368s
INFO:root:Epoch: 4285 lr: 0.01 train_loss: 17451.6035 train_mapscore: 0.9906 time: 6.6191s
INFO:root:Epoch: 4290 lr: 0.01 train_loss: 17451.5605 train_mapscore: 0.9905 time: 6.8140s
INFO:root:Epoch: 4295 lr: 0.01 train_loss: 17451.5156 train_mapscore: 0.9905 time: 6.6739s
INFO:root:Epoch: 4300 lr: 0.01 train_loss: 17451.4688 train_mapscore: 0.9906 time: 6.7676s
INFO:root:Epoch: 4305 lr: 0.01 train_loss: 17451.4219 train_mapscore: 0.9905 time: 6.7306s
INFO:root:Epoch: 4310 lr: 0.01 train_loss: 17451.3789 train_mapscore: 0.9906 time: 6.6669s
INFO:root:Epoch: 4315 lr: 0.01 train_loss: 17451.3340 train_mapscore: 0.9905 time: 6.7745s
INFO:root:Epoch: 4320 lr: 0.01 train_loss: 17451.2891 train_mapscore: 0.9905 time: 6.9218s
INFO:root:Epoch: 4325 lr: 0.01 train_loss: 17451.2441 train_mapscore: 0.9905 time: 6.7076s
INFO:root:Epoch: 4330 lr: 0.01 train_loss: 17451.1992 train_mapscore: 0.9905 time: 6.8893s
INFO:root:Epoch: 4335 lr: 0.01 train_loss: 17451.1562 train_mapscore: 0.9906 time: 6.8365s
INFO:root:Epoch: 4340 lr: 0.01 train_loss: 17451.1133 train_mapscore: 0.9905 time: 6.6867s
INFO:root:Epoch: 4345 lr: 0.01 train_loss: 17451.0684 train_mapscore: 0.9905 time: 6.6030s
INFO:root:Epoch: 4350 lr: 0.01 train_loss: 17451.0254 train_mapscore: 0.9905 time: 6.6299s
INFO:root:Epoch: 4355 lr: 0.01 train_loss: 17450.9805 train_mapscore: 0.9905 time: 6.6746s
INFO:root:Epoch: 4360 lr: 0.01 train_loss: 17450.9375 train_mapscore: 0.9906 time: 6.6625s
INFO:root:Epoch: 4365 lr: 0.01 train_loss: 17450.8926 train_mapscore: 0.9905 time: 6.7339s
INFO:root:Epoch: 4370 lr: 0.01 train_loss: 17450.8496 train_mapscore: 0.9906 time: 6.6673s
INFO:root:Epoch: 4375 lr: 0.01 train_loss: 17450.8066 train_mapscore: 0.9905 time: 6.6148s
INFO:root:Epoch: 4380 lr: 0.01 train_loss: 17450.7637 train_mapscore: 0.9905 time: 6.6188s
INFO:root:Epoch: 4385 lr: 0.01 train_loss: 17450.7207 train_mapscore: 0.9906 time: 6.5997s
INFO:root:Epoch: 4390 lr: 0.01 train_loss: 17450.6777 train_mapscore: 0.9906 time: 6.5826s
INFO:root:Epoch: 4395 lr: 0.01 train_loss: 17450.6367 train_mapscore: 0.9905 time: 6.6602s
INFO:root:Epoch: 4400 lr: 0.01 train_loss: 17450.5918 train_mapscore: 0.9905 time: 6.5220s
INFO:root:Epoch: 4405 lr: 0.01 train_loss: 17450.5488 train_mapscore: 0.9905 time: 6.6350s
INFO:root:Epoch: 4410 lr: 0.01 train_loss: 17450.5078 train_mapscore: 0.9906 time: 6.6242s
INFO:root:Epoch: 4415 lr: 0.01 train_loss: 17450.4648 train_mapscore: 0.9906 time: 6.6004s
INFO:root:Epoch: 4420 lr: 0.01 train_loss: 17450.4219 train_mapscore: 0.9905 time: 6.6958s
INFO:root:Epoch: 4425 lr: 0.01 train_loss: 17450.3828 train_mapscore: 0.9906 time: 6.6810s
INFO:root:Epoch: 4430 lr: 0.01 train_loss: 17450.3379 train_mapscore: 0.9906 time: 6.6446s
INFO:root:Epoch: 4435 lr: 0.01 train_loss: 17450.2949 train_mapscore: 0.9905 time: 6.6090s
INFO:root:Epoch: 4440 lr: 0.01 train_loss: 17450.2539 train_mapscore: 0.9906 time: 6.6573s
INFO:root:Epoch: 4445 lr: 0.01 train_loss: 17450.2109 train_mapscore: 0.9905 time: 6.5507s
INFO:root:Epoch: 4450 lr: 0.01 train_loss: 17450.1680 train_mapscore: 0.9906 time: 6.7730s
INFO:root:Epoch: 4455 lr: 0.01 train_loss: 17450.1289 train_mapscore: 0.9906 time: 6.5974s
INFO:root:Epoch: 4460 lr: 0.01 train_loss: 17450.0859 train_mapscore: 0.9905 time: 6.7119s
INFO:root:Epoch: 4465 lr: 0.01 train_loss: 17450.0430 train_mapscore: 0.9906 time: 6.8766s
INFO:root:Epoch: 4470 lr: 0.01 train_loss: 17450.0000 train_mapscore: 0.9906 time: 6.6829s
INFO:root:Epoch: 4475 lr: 0.01 train_loss: 17449.9590 train_mapscore: 0.9905 time: 6.7369s
INFO:root:Epoch: 4480 lr: 0.01 train_loss: 17449.9180 train_mapscore: 0.9906 time: 6.6679s
INFO:root:Epoch: 4485 lr: 0.01 train_loss: 17449.8789 train_mapscore: 0.9905 time: 6.6339s
INFO:root:Epoch: 4490 lr: 0.01 train_loss: 17449.8359 train_mapscore: 0.9906 time: 6.6353s
INFO:root:Epoch: 4495 lr: 0.01 train_loss: 17449.7930 train_mapscore: 0.9906 time: 6.7528s
INFO:root:Epoch: 4500 lr: 0.01 train_loss: 17449.7539 train_mapscore: 0.9905 time: 6.9578s
INFO:root:Epoch: 4505 lr: 0.01 train_loss: 17449.7129 train_mapscore: 0.9905 time: 6.9807s
INFO:root:Epoch: 4510 lr: 0.01 train_loss: 17449.6699 train_mapscore: 0.9906 time: 6.9510s
INFO:root:Epoch: 4515 lr: 0.01 train_loss: 17449.6328 train_mapscore: 0.9906 time: 6.8017s
INFO:root:Epoch: 4520 lr: 0.01 train_loss: 17449.5918 train_mapscore: 0.9906 time: 6.7782s
INFO:root:Epoch: 4525 lr: 0.01 train_loss: 17449.5508 train_mapscore: 0.9906 time: 6.6913s
INFO:root:Epoch: 4530 lr: 0.01 train_loss: 17449.5098 train_mapscore: 0.9905 time: 6.6872s
INFO:root:Epoch: 4535 lr: 0.01 train_loss: 17449.4707 train_mapscore: 0.9905 time: 6.7616s
INFO:root:Epoch: 4540 lr: 0.01 train_loss: 17449.4297 train_mapscore: 0.9906 time: 6.8403s
INFO:root:Epoch: 4545 lr: 0.01 train_loss: 17449.3906 train_mapscore: 0.9906 time: 6.8317s
INFO:root:Epoch: 4550 lr: 0.01 train_loss: 17449.3516 train_mapscore: 0.9906 time: 6.6414s
INFO:root:Epoch: 4555 lr: 0.01 train_loss: 17449.3125 train_mapscore: 0.9906 time: 6.6170s
INFO:root:Epoch: 4560 lr: 0.01 train_loss: 17449.2715 train_mapscore: 0.9906 time: 6.7134s
INFO:root:Epoch: 4565 lr: 0.01 train_loss: 17449.2324 train_mapscore: 0.9906 time: 6.5754s
INFO:root:Epoch: 4570 lr: 0.01 train_loss: 17449.1934 train_mapscore: 0.9906 time: 7.2216s
INFO:root:Epoch: 4575 lr: 0.01 train_loss: 17449.1562 train_mapscore: 0.9906 time: 6.6422s
INFO:root:Epoch: 4580 lr: 0.01 train_loss: 17449.1172 train_mapscore: 0.9906 time: 6.8783s
INFO:root:Epoch: 4585 lr: 0.01 train_loss: 17449.0762 train_mapscore: 0.9906 time: 6.6454s
INFO:root:Epoch: 4590 lr: 0.01 train_loss: 17449.0391 train_mapscore: 0.9906 time: 6.5630s
INFO:root:Epoch: 4595 lr: 0.01 train_loss: 17449.0000 train_mapscore: 0.9906 time: 6.7535s
INFO:root:Epoch: 4600 lr: 0.01 train_loss: 17448.9609 train_mapscore: 0.9906 time: 6.7530s
INFO:root:Epoch: 4605 lr: 0.01 train_loss: 17448.9238 train_mapscore: 0.9906 time: 6.6730s
INFO:root:Epoch: 4610 lr: 0.01 train_loss: 17448.8848 train_mapscore: 0.9905 time: 6.5666s
INFO:root:Epoch: 4615 lr: 0.01 train_loss: 17448.8477 train_mapscore: 0.9905 time: 6.7133s
INFO:root:Epoch: 4620 lr: 0.01 train_loss: 17448.8086 train_mapscore: 0.9906 time: 6.6996s
INFO:root:Epoch: 4625 lr: 0.01 train_loss: 17448.7715 train_mapscore: 0.9906 time: 6.6257s
INFO:root:Epoch: 4630 lr: 0.01 train_loss: 17448.7344 train_mapscore: 0.9906 time: 6.6861s
INFO:root:Epoch: 4635 lr: 0.01 train_loss: 17448.6953 train_mapscore: 0.9906 time: 6.6361s
INFO:root:Epoch: 4640 lr: 0.01 train_loss: 17448.6602 train_mapscore: 0.9906 time: 6.6498s
INFO:root:Epoch: 4645 lr: 0.01 train_loss: 17448.6211 train_mapscore: 0.9906 time: 6.7463s
INFO:root:Epoch: 4650 lr: 0.01 train_loss: 17448.5840 train_mapscore: 0.9906 time: 6.6984s
INFO:root:Epoch: 4655 lr: 0.01 train_loss: 17448.5469 train_mapscore: 0.9906 time: 6.6174s
INFO:root:Epoch: 4660 lr: 0.01 train_loss: 17448.5098 train_mapscore: 0.9906 time: 6.5833s
INFO:root:Epoch: 4665 lr: 0.01 train_loss: 17448.4746 train_mapscore: 0.9906 time: 6.6372s
INFO:root:Epoch: 4670 lr: 0.01 train_loss: 17448.4355 train_mapscore: 0.9906 time: 6.9166s
INFO:root:Epoch: 4675 lr: 0.01 train_loss: 17448.3984 train_mapscore: 0.9906 time: 6.7498s
INFO:root:Epoch: 4680 lr: 0.01 train_loss: 17448.3613 train_mapscore: 0.9906 time: 6.6007s
INFO:root:Epoch: 4685 lr: 0.01 train_loss: 17448.3262 train_mapscore: 0.9906 time: 6.6448s
INFO:root:Epoch: 4690 lr: 0.01 train_loss: 17448.2891 train_mapscore: 0.9906 time: 6.6864s
INFO:root:Epoch: 4695 lr: 0.01 train_loss: 17448.2520 train_mapscore: 0.9906 time: 6.6591s
INFO:root:Epoch: 4700 lr: 0.01 train_loss: 17448.2168 train_mapscore: 0.9906 time: 6.7969s
INFO:root:Epoch: 4705 lr: 0.01 train_loss: 17448.1797 train_mapscore: 0.9906 time: 6.6727s
INFO:root:Epoch: 4710 lr: 0.01 train_loss: 17448.1445 train_mapscore: 0.9906 time: 6.5354s
INFO:root:Epoch: 4715 lr: 0.01 train_loss: 17448.1094 train_mapscore: 0.9906 time: 6.7028s
INFO:root:Epoch: 4720 lr: 0.01 train_loss: 17448.0742 train_mapscore: 0.9906 time: 7.2192s
INFO:root:Epoch: 4725 lr: 0.01 train_loss: 17448.0371 train_mapscore: 0.9906 time: 6.7041s
INFO:root:Epoch: 4730 lr: 0.01 train_loss: 17448.0020 train_mapscore: 0.9906 time: 6.5793s
INFO:root:Epoch: 4735 lr: 0.01 train_loss: 17447.9668 train_mapscore: 0.9906 time: 6.6536s
INFO:root:Epoch: 4740 lr: 0.01 train_loss: 17447.9316 train_mapscore: 0.9906 time: 6.8931s
INFO:root:Epoch: 4745 lr: 0.01 train_loss: 17447.8945 train_mapscore: 0.9906 time: 6.7044s
INFO:root:Epoch: 4750 lr: 0.01 train_loss: 17447.8613 train_mapscore: 0.9906 time: 6.6761s
INFO:root:Epoch: 4755 lr: 0.01 train_loss: 17447.8242 train_mapscore: 0.9906 time: 6.8568s
INFO:root:Epoch: 4760 lr: 0.01 train_loss: 17447.7891 train_mapscore: 0.9906 time: 6.5945s
INFO:root:Epoch: 4765 lr: 0.01 train_loss: 17447.7539 train_mapscore: 0.9906 time: 6.7384s
INFO:root:Epoch: 4770 lr: 0.01 train_loss: 17447.7188 train_mapscore: 0.9906 time: 6.6621s
INFO:root:Epoch: 4775 lr: 0.01 train_loss: 17447.6836 train_mapscore: 0.9906 time: 6.5780s
INFO:root:Epoch: 4780 lr: 0.01 train_loss: 17447.6484 train_mapscore: 0.9906 time: 6.7239s
INFO:root:Epoch: 4785 lr: 0.01 train_loss: 17447.6172 train_mapscore: 0.9906 time: 6.5753s
INFO:root:Epoch: 4790 lr: 0.01 train_loss: 17447.5820 train_mapscore: 0.9906 time: 6.6691s
INFO:root:Epoch: 4795 lr: 0.01 train_loss: 17447.5469 train_mapscore: 0.9906 time: 6.6413s
INFO:root:Epoch: 4800 lr: 0.01 train_loss: 17447.5137 train_mapscore: 0.9906 time: 6.5062s
INFO:root:Epoch: 4805 lr: 0.01 train_loss: 17447.4785 train_mapscore: 0.9905 time: 6.5403s
INFO:root:Epoch: 4810 lr: 0.01 train_loss: 17447.4453 train_mapscore: 0.9906 time: 6.6024s
INFO:root:Epoch: 4815 lr: 0.01 train_loss: 17447.4102 train_mapscore: 0.9906 time: 6.5729s
INFO:root:Epoch: 4820 lr: 0.01 train_loss: 17447.3770 train_mapscore: 0.9906 time: 6.6854s
INFO:root:Epoch: 4825 lr: 0.01 train_loss: 17447.3438 train_mapscore: 0.9906 time: 6.6243s
INFO:root:Epoch: 4830 lr: 0.01 train_loss: 17447.3105 train_mapscore: 0.9906 time: 6.6302s
INFO:root:Epoch: 4835 lr: 0.01 train_loss: 17447.2754 train_mapscore: 0.9906 time: 6.7815s
INFO:root:Epoch: 4840 lr: 0.01 train_loss: 17447.2422 train_mapscore: 0.9906 time: 6.5862s
INFO:root:Epoch: 4845 lr: 0.01 train_loss: 17447.2090 train_mapscore: 0.9906 time: 6.6776s
INFO:root:Epoch: 4850 lr: 0.01 train_loss: 17447.1758 train_mapscore: 0.9906 time: 6.6479s
INFO:root:Epoch: 4855 lr: 0.01 train_loss: 17447.1406 train_mapscore: 0.9906 time: 6.7478s
INFO:root:Epoch: 4860 lr: 0.01 train_loss: 17447.1055 train_mapscore: 0.9906 time: 6.6304s
INFO:root:Epoch: 4865 lr: 0.01 train_loss: 17447.0762 train_mapscore: 0.9906 time: 6.6659s
INFO:root:Epoch: 4870 lr: 0.01 train_loss: 17447.0430 train_mapscore: 0.9906 time: 6.6004s
INFO:root:Epoch: 4875 lr: 0.01 train_loss: 17447.0098 train_mapscore: 0.9906 time: 6.6893s
INFO:root:Epoch: 4880 lr: 0.01 train_loss: 17446.9785 train_mapscore: 0.9906 time: 6.6017s
INFO:root:Epoch: 4885 lr: 0.01 train_loss: 17446.9453 train_mapscore: 0.9906 time: 6.6921s
INFO:root:Epoch: 4890 lr: 0.01 train_loss: 17446.9121 train_mapscore: 0.9905 time: 6.6623s
INFO:root:Epoch: 4895 lr: 0.01 train_loss: 17446.8789 train_mapscore: 0.9906 time: 6.8016s
INFO:root:Epoch: 4900 lr: 0.01 train_loss: 17446.8457 train_mapscore: 0.9906 time: 6.7354s
INFO:root:Epoch: 4905 lr: 0.01 train_loss: 17446.8164 train_mapscore: 0.9906 time: 6.6771s
INFO:root:Epoch: 4910 lr: 0.01 train_loss: 17446.7812 train_mapscore: 0.9906 time: 6.6500s
INFO:root:Epoch: 4915 lr: 0.01 train_loss: 17446.7500 train_mapscore: 0.9906 time: 6.5527s
INFO:root:Epoch: 4920 lr: 0.01 train_loss: 17446.7168 train_mapscore: 0.9906 time: 6.6977s
INFO:root:Epoch: 4925 lr: 0.01 train_loss: 17446.6836 train_mapscore: 0.9906 time: 6.6413s
INFO:root:Epoch: 4930 lr: 0.01 train_loss: 17446.6523 train_mapscore: 0.9906 time: 6.7015s
INFO:root:Epoch: 4935 lr: 0.01 train_loss: 17446.6211 train_mapscore: 0.9906 time: 6.6372s
INFO:root:Epoch: 4940 lr: 0.01 train_loss: 17446.5898 train_mapscore: 0.9906 time: 6.6516s
INFO:root:Epoch: 4945 lr: 0.01 train_loss: 17446.5586 train_mapscore: 0.9906 time: 6.6578s
INFO:root:Epoch: 4950 lr: 0.01 train_loss: 17446.5254 train_mapscore: 0.9906 time: 6.6463s
INFO:root:Epoch: 4955 lr: 0.01 train_loss: 17446.4941 train_mapscore: 0.9906 time: 6.6507s
INFO:root:Epoch: 4960 lr: 0.01 train_loss: 17446.4629 train_mapscore: 0.9906 time: 6.6397s
INFO:root:Epoch: 4965 lr: 0.01 train_loss: 17446.4297 train_mapscore: 0.9906 time: 6.6593s
INFO:root:Epoch: 4970 lr: 0.01 train_loss: 17446.4004 train_mapscore: 0.9906 time: 6.8992s
INFO:root:Epoch: 4975 lr: 0.01 train_loss: 17446.3672 train_mapscore: 0.9906 time: 6.6617s
INFO:root:Epoch: 4980 lr: 0.01 train_loss: 17446.3359 train_mapscore: 0.9906 time: 6.5963s
INFO:root:Epoch: 4985 lr: 0.01 train_loss: 17446.3066 train_mapscore: 0.9906 time: 6.6950s
INFO:root:Epoch: 4990 lr: 0.01 train_loss: 17446.2754 train_mapscore: 0.9906 time: 6.7471s
INFO:root:Epoch: 4995 lr: 0.01 train_loss: 17446.2461 train_mapscore: 0.9906 time: 6.7618s
INFO:root:Epoch: 5000 lr: 0.0025 train_loss: 17446.2129 train_mapscore: 0.9906 time: 7.0740s
INFO:root:Optimization Finished!
INFO:root:Total time elapsed: 33625.1452s
INFO:root:Val set results: val_distortion: 1.0000 val_mapscore: -1.0000
INFO:root:Test set results: test_loss: 17446.2070 test_mapscore: 0.9906
INFO:root:Saved model in /home/xiongbo/hgcn/logs/md/2021_4_8/1
