INFO:root:Using: cuda:0
INFO:root:Using seed 1234.
INFO:root:MDModel(
  (encoder): MLP(
    (layers): Sequential(
      (0): Linear(
        (linear): Linear(in_features=3031, out_features=10, bias=True)
      )
    )
  )
  (decoder): MDDecoder()
)
INFO:root:Total number of parameters: 30320
/home/xiongbo/anaconda3/envs/geometry/lib/python3.7/site-packages/torch/optim/lr_scheduler.py:370: UserWarning: To get the last learning rate computed by the scheduler, please use `get_last_lr()`.
  "please use `get_last_lr()`.", UserWarning)
INFO:root:Epoch: 0005 lr: 0.01 train_loss: 103635.8672 train_mapscore: 0.0561 time: 1.4288s
INFO:root:Epoch: 0010 lr: 0.01 train_loss: 103111.6172 train_mapscore: 0.1468 time: 1.1802s
INFO:root:Epoch: 0015 lr: 0.01 train_loss: 101859.3125 train_mapscore: 0.2243 time: 1.1443s
INFO:root:Epoch: 0020 lr: 0.01 train_loss: 99737.7656 train_mapscore: 0.2643 time: 1.1756s
INFO:root:Epoch: 0025 lr: 0.01 train_loss: 96641.2656 train_mapscore: 0.2881 time: 1.0767s
INFO:root:Epoch: 0030 lr: 0.01 train_loss: 92588.9609 train_mapscore: 0.3114 time: 1.1066s
INFO:root:Epoch: 0035 lr: 0.01 train_loss: 87716.4219 train_mapscore: 0.3302 time: 1.0547s
INFO:root:Epoch: 0040 lr: 0.01 train_loss: 82240.2188 train_mapscore: 0.3476 time: 1.0512s
INFO:root:Epoch: 0045 lr: 0.01 train_loss: 76470.0547 train_mapscore: 0.3675 time: 1.0374s
INFO:root:Epoch: 0050 lr: 0.01 train_loss: 70743.2266 train_mapscore: 0.3926 time: 0.9762s
INFO:root:Epoch: 0055 lr: 0.01 train_loss: 65337.3516 train_mapscore: 0.4217 time: 0.9813s
INFO:root:Epoch: 0060 lr: 0.01 train_loss: 60400.2461 train_mapscore: 0.4539 time: 1.0007s
INFO:root:Epoch: 0065 lr: 0.01 train_loss: 55950.7969 train_mapscore: 0.4942 time: 1.0014s
INFO:root:Epoch: 0070 lr: 0.01 train_loss: 51932.3320 train_mapscore: 0.5342 time: 0.9184s
INFO:root:Epoch: 0075 lr: 0.01 train_loss: 48281.5742 train_mapscore: 0.5731 time: 0.9558s
INFO:root:Epoch: 0080 lr: 0.01 train_loss: 44956.1133 train_mapscore: 0.6058 time: 0.9649s
INFO:root:Epoch: 0085 lr: 0.01 train_loss: 41934.5898 train_mapscore: 0.6356 time: 0.9508s
INFO:root:Epoch: 0090 lr: 0.01 train_loss: 39192.9531 train_mapscore: 0.6578 time: 0.8810s
INFO:root:Epoch: 0095 lr: 0.01 train_loss: 36697.9062 train_mapscore: 0.6794 time: 0.9351s
INFO:root:Epoch: 0100 lr: 0.01 train_loss: 34412.0391 train_mapscore: 0.6977 time: 0.9177s
INFO:root:Epoch: 0105 lr: 0.01 train_loss: 32337.1992 train_mapscore: 0.7144 time: 0.9134s
INFO:root:Epoch: 0110 lr: 0.01 train_loss: 30525.2539 train_mapscore: 0.7285 time: 0.9189s
INFO:root:Epoch: 0115 lr: 0.01 train_loss: 29060.5547 train_mapscore: 0.7418 time: 0.8696s
INFO:root:Epoch: 0120 lr: 0.01 train_loss: 27947.3770 train_mapscore: 0.7523 time: 0.9006s
INFO:root:Epoch: 0125 lr: 0.01 train_loss: 27107.3320 train_mapscore: 0.7634 time: 0.9305s
INFO:root:Epoch: 0130 lr: 0.01 train_loss: 26462.0781 train_mapscore: 0.7727 time: 0.8969s
INFO:root:Epoch: 0135 lr: 0.01 train_loss: 25953.3262 train_mapscore: 0.7796 time: 0.8936s
INFO:root:Epoch: 0140 lr: 0.01 train_loss: 25538.4219 train_mapscore: 0.7873 time: 0.9033s
INFO:root:Epoch: 0145 lr: 0.01 train_loss: 25184.4570 train_mapscore: 0.7940 time: 0.8675s
INFO:root:Epoch: 0150 lr: 0.01 train_loss: 24867.7773 train_mapscore: 0.7986 time: 0.8830s
INFO:root:Epoch: 0155 lr: 0.01 train_loss: 24579.9707 train_mapscore: 0.8037 time: 0.8855s
INFO:root:Epoch: 0160 lr: 0.01 train_loss: 24326.1289 train_mapscore: 0.8072 time: 0.8885s
INFO:root:Epoch: 0165 lr: 0.01 train_loss: 24108.4941 train_mapscore: 0.8099 time: 0.9223s
INFO:root:Epoch: 0170 lr: 0.01 train_loss: 23919.9434 train_mapscore: 0.8129 time: 0.8811s
INFO:root:Epoch: 0175 lr: 0.01 train_loss: 23762.0352 train_mapscore: 0.8143 time: 0.9218s
INFO:root:Epoch: 0180 lr: 0.01 train_loss: 23626.8770 train_mapscore: 0.8175 time: 0.9733s
INFO:root:Epoch: 0185 lr: 0.01 train_loss: 23510.8438 train_mapscore: 0.8190 time: 0.9125s
INFO:root:Epoch: 0190 lr: 0.01 train_loss: 23410.5137 train_mapscore: 0.8211 time: 0.9296s
INFO:root:Epoch: 0195 lr: 0.01 train_loss: 23323.6289 train_mapscore: 0.8219 time: 0.9155s
INFO:root:Epoch: 0200 lr: 0.01 train_loss: 23246.2754 train_mapscore: 0.8238 time: 0.9248s
INFO:root:Epoch: 0205 lr: 0.01 train_loss: 23176.6172 train_mapscore: 0.8249 time: 0.9473s
INFO:root:Epoch: 0210 lr: 0.01 train_loss: 23113.5332 train_mapscore: 0.8258 time: 0.9462s
INFO:root:Epoch: 0215 lr: 0.01 train_loss: 23056.0625 train_mapscore: 0.8268 time: 0.9212s
INFO:root:Epoch: 0220 lr: 0.01 train_loss: 23003.5156 train_mapscore: 0.8277 time: 0.9483s
INFO:root:Epoch: 0225 lr: 0.01 train_loss: 22955.2871 train_mapscore: 0.8278 time: 0.9815s
INFO:root:Epoch: 0230 lr: 0.01 train_loss: 22910.7383 train_mapscore: 0.8292 time: 0.9457s
INFO:root:Epoch: 0235 lr: 0.01 train_loss: 22869.5000 train_mapscore: 0.8293 time: 0.9229s
INFO:root:Epoch: 0240 lr: 0.01 train_loss: 22831.2344 train_mapscore: 0.8301 time: 0.9152s
INFO:root:Epoch: 0245 lr: 0.01 train_loss: 22795.7031 train_mapscore: 0.8296 time: 0.9457s
INFO:root:Epoch: 0250 lr: 0.01 train_loss: 22762.6250 train_mapscore: 0.8304 time: 0.8978s
INFO:root:Epoch: 0255 lr: 0.01 train_loss: 22731.7695 train_mapscore: 0.8300 time: 0.9485s
INFO:root:Epoch: 0260 lr: 0.01 train_loss: 22702.9609 train_mapscore: 0.8301 time: 0.9442s
INFO:root:Epoch: 0265 lr: 0.01 train_loss: 22676.0176 train_mapscore: 0.8308 time: 0.9388s
INFO:root:Epoch: 0270 lr: 0.01 train_loss: 22650.7266 train_mapscore: 0.8308 time: 0.9033s
INFO:root:Epoch: 0275 lr: 0.01 train_loss: 22626.9805 train_mapscore: 0.8314 time: 0.9353s
INFO:root:Epoch: 0280 lr: 0.01 train_loss: 22604.6641 train_mapscore: 0.8317 time: 0.9467s
INFO:root:Epoch: 0285 lr: 0.01 train_loss: 22583.6445 train_mapscore: 0.8316 time: 0.9727s
INFO:root:Epoch: 0290 lr: 0.01 train_loss: 22563.8008 train_mapscore: 0.8320 time: 0.9854s
INFO:root:Epoch: 0295 lr: 0.01 train_loss: 22545.0020 train_mapscore: 0.8323 time: 0.9715s
INFO:root:Epoch: 0300 lr: 0.01 train_loss: 22527.1855 train_mapscore: 0.8319 time: 0.9662s
INFO:root:Epoch: 0305 lr: 0.01 train_loss: 22510.2188 train_mapscore: 0.8330 time: 0.9338s
INFO:root:Epoch: 0310 lr: 0.01 train_loss: 22494.0840 train_mapscore: 0.8326 time: 0.9428s
INFO:root:Epoch: 0315 lr: 0.01 train_loss: 22478.6875 train_mapscore: 0.8326 time: 0.9442s
INFO:root:Epoch: 0320 lr: 0.01 train_loss: 22463.9551 train_mapscore: 0.8325 time: 0.9610s
INFO:root:Epoch: 0325 lr: 0.01 train_loss: 22449.8535 train_mapscore: 0.8329 time: 0.9359s
INFO:root:Epoch: 0330 lr: 0.01 train_loss: 22436.3203 train_mapscore: 0.8330 time: 0.9358s
INFO:root:Epoch: 0335 lr: 0.01 train_loss: 22423.3320 train_mapscore: 0.8333 time: 0.9857s
INFO:root:Epoch: 0340 lr: 0.01 train_loss: 22410.8398 train_mapscore: 0.8335 time: 0.9465s
INFO:root:Epoch: 0345 lr: 0.01 train_loss: 22398.8262 train_mapscore: 0.8340 time: 0.9453s
INFO:root:Epoch: 0350 lr: 0.01 train_loss: 22387.2559 train_mapscore: 0.8338 time: 0.9599s
INFO:root:Epoch: 0355 lr: 0.01 train_loss: 22376.1113 train_mapscore: 0.8340 time: 0.9515s
INFO:root:Epoch: 0360 lr: 0.01 train_loss: 22365.3828 train_mapscore: 0.8337 time: 0.9547s
INFO:root:Epoch: 0365 lr: 0.01 train_loss: 22355.0391 train_mapscore: 0.8343 time: 0.9597s
INFO:root:Epoch: 0370 lr: 0.01 train_loss: 22345.0742 train_mapscore: 0.8349 time: 0.9588s
INFO:root:Epoch: 0375 lr: 0.01 train_loss: 22335.4766 train_mapscore: 0.8354 time: 0.9526s
INFO:root:Epoch: 0380 lr: 0.01 train_loss: 22326.2129 train_mapscore: 0.8344 time: 0.9722s
INFO:root:Epoch: 0385 lr: 0.01 train_loss: 22317.2930 train_mapscore: 0.8343 time: 0.9348s
INFO:root:Epoch: 0390 lr: 0.01 train_loss: 22308.6641 train_mapscore: 0.8350 time: 0.9509s
INFO:root:Epoch: 0395 lr: 0.01 train_loss: 22300.3516 train_mapscore: 0.8351 time: 0.9102s
INFO:root:Epoch: 0400 lr: 0.01 train_loss: 22292.2930 train_mapscore: 0.8353 time: 0.9128s
INFO:root:Epoch: 0405 lr: 0.01 train_loss: 22284.5332 train_mapscore: 0.8352 time: 0.9711s
INFO:root:Epoch: 0410 lr: 0.01 train_loss: 22277.0156 train_mapscore: 0.8354 time: 0.9413s
INFO:root:Epoch: 0415 lr: 0.01 train_loss: 22269.7656 train_mapscore: 0.8360 time: 0.9349s
INFO:root:Epoch: 0420 lr: 0.01 train_loss: 22262.7344 train_mapscore: 0.8360 time: 0.9584s
INFO:root:Epoch: 0425 lr: 0.01 train_loss: 22255.9375 train_mapscore: 0.8365 time: 0.9287s
INFO:root:Epoch: 0430 lr: 0.01 train_loss: 22249.3594 train_mapscore: 0.8369 time: 0.9797s
INFO:root:Epoch: 0435 lr: 0.01 train_loss: 22242.9805 train_mapscore: 0.8372 time: 0.9495s
INFO:root:Epoch: 0440 lr: 0.01 train_loss: 22236.7891 train_mapscore: 0.8374 time: 0.9669s
INFO:root:Epoch: 0445 lr: 0.01 train_loss: 22230.7754 train_mapscore: 0.8377 time: 0.9028s
INFO:root:Epoch: 0450 lr: 0.01 train_loss: 22224.9160 train_mapscore: 0.8383 time: 0.9036s
INFO:root:Epoch: 0455 lr: 0.01 train_loss: 22219.2266 train_mapscore: 0.8381 time: 0.9443s
INFO:root:Epoch: 0460 lr: 0.01 train_loss: 22213.6719 train_mapscore: 0.8381 time: 0.9860s
INFO:root:Epoch: 0465 lr: 0.01 train_loss: 22208.2539 train_mapscore: 0.8380 time: 0.9689s
INFO:root:Epoch: 0470 lr: 0.01 train_loss: 22202.9922 train_mapscore: 0.8385 time: 0.9575s
INFO:root:Epoch: 0475 lr: 0.01 train_loss: 22197.8359 train_mapscore: 0.8388 time: 0.9416s
INFO:root:Epoch: 0480 lr: 0.01 train_loss: 22192.8125 train_mapscore: 0.8389 time: 0.9344s
INFO:root:Epoch: 0485 lr: 0.01 train_loss: 22187.9062 train_mapscore: 0.8389 time: 0.9549s
INFO:root:Epoch: 0490 lr: 0.01 train_loss: 22183.1016 train_mapscore: 0.8390 time: 0.9119s
INFO:root:Epoch: 0495 lr: 0.01 train_loss: 22178.4043 train_mapscore: 0.8397 time: 0.9755s
INFO:root:Epoch: 0500 lr: 0.01 train_loss: 22173.8086 train_mapscore: 0.8402 time: 0.9539s
INFO:root:Epoch: 0505 lr: 0.01 train_loss: 22169.2969 train_mapscore: 0.8403 time: 0.9519s
INFO:root:Epoch: 0510 lr: 0.01 train_loss: 22164.9023 train_mapscore: 0.8410 time: 0.9478s
INFO:root:Epoch: 0515 lr: 0.01 train_loss: 22160.5723 train_mapscore: 0.8411 time: 0.9637s
INFO:root:Epoch: 0520 lr: 0.01 train_loss: 22156.3457 train_mapscore: 0.8411 time: 1.0012s
INFO:root:Epoch: 0525 lr: 0.01 train_loss: 22152.1914 train_mapscore: 0.8410 time: 0.9060s
INFO:root:Epoch: 0530 lr: 0.01 train_loss: 22148.1289 train_mapscore: 0.8410 time: 0.9453s
INFO:root:Epoch: 0535 lr: 0.01 train_loss: 22144.1211 train_mapscore: 0.8411 time: 0.9506s
INFO:root:Epoch: 0540 lr: 0.01 train_loss: 22140.2031 train_mapscore: 0.8411 time: 0.9163s
INFO:root:Epoch: 0545 lr: 0.01 train_loss: 22136.3555 train_mapscore: 0.8414 time: 0.9697s
INFO:root:Epoch: 0550 lr: 0.01 train_loss: 22132.5742 train_mapscore: 0.8420 time: 0.9078s
INFO:root:Epoch: 0555 lr: 0.01 train_loss: 22128.8555 train_mapscore: 0.8426 time: 0.9177s
INFO:root:Epoch: 0560 lr: 0.01 train_loss: 22125.2031 train_mapscore: 0.8418 time: 0.9516s
INFO:root:Epoch: 0565 lr: 0.01 train_loss: 22121.6133 train_mapscore: 0.8427 time: 0.9419s
INFO:root:Epoch: 0570 lr: 0.01 train_loss: 22118.0742 train_mapscore: 0.8428 time: 0.9742s
INFO:root:Epoch: 0575 lr: 0.01 train_loss: 22114.5859 train_mapscore: 0.8431 time: 0.9240s
INFO:root:Epoch: 0580 lr: 0.01 train_loss: 22111.1484 train_mapscore: 0.8426 time: 0.9108s
INFO:root:Epoch: 0585 lr: 0.01 train_loss: 22107.7676 train_mapscore: 0.8430 time: 0.9733s
INFO:root:Epoch: 0590 lr: 0.01 train_loss: 22104.4297 train_mapscore: 0.8435 time: 0.8980s
INFO:root:Epoch: 0595 lr: 0.01 train_loss: 22101.1484 train_mapscore: 0.8426 time: 0.9243s
INFO:root:Epoch: 0600 lr: 0.01 train_loss: 22097.9219 train_mapscore: 0.8433 time: 0.9467s
INFO:root:Epoch: 0605 lr: 0.01 train_loss: 22094.7207 train_mapscore: 0.8426 time: 0.9236s
INFO:root:Epoch: 0610 lr: 0.01 train_loss: 22091.5801 train_mapscore: 0.8425 time: 0.9574s
INFO:root:Epoch: 0615 lr: 0.01 train_loss: 22088.4844 train_mapscore: 0.8431 time: 0.9077s
INFO:root:Epoch: 0620 lr: 0.01 train_loss: 22085.4297 train_mapscore: 0.8435 time: 0.9431s
INFO:root:Epoch: 0625 lr: 0.01 train_loss: 22082.4180 train_mapscore: 0.8435 time: 0.9160s
INFO:root:Epoch: 0630 lr: 0.01 train_loss: 22079.4375 train_mapscore: 0.8439 time: 0.9396s
INFO:root:Epoch: 0635 lr: 0.01 train_loss: 22076.5000 train_mapscore: 0.8435 time: 0.9420s
INFO:root:Epoch: 0640 lr: 0.01 train_loss: 22073.6074 train_mapscore: 0.8439 time: 0.9244s
INFO:root:Epoch: 0645 lr: 0.01 train_loss: 22070.7539 train_mapscore: 0.8440 time: 0.9554s
INFO:root:Epoch: 0650 lr: 0.01 train_loss: 22067.9395 train_mapscore: 0.8440 time: 0.9457s
INFO:root:Epoch: 0655 lr: 0.01 train_loss: 22065.1680 train_mapscore: 0.8431 time: 0.9519s
INFO:root:Epoch: 0660 lr: 0.01 train_loss: 22062.4219 train_mapscore: 0.8431 time: 0.9109s
INFO:root:Epoch: 0665 lr: 0.01 train_loss: 22059.7148 train_mapscore: 0.8437 time: 0.9557s
INFO:root:Epoch: 0670 lr: 0.01 train_loss: 22057.0508 train_mapscore: 0.8437 time: 0.9645s
INFO:root:Epoch: 0675 lr: 0.01 train_loss: 22054.4160 train_mapscore: 0.8435 time: 0.9595s
INFO:root:Epoch: 0680 lr: 0.01 train_loss: 22051.8125 train_mapscore: 0.8445 time: 0.8958s
INFO:root:Epoch: 0685 lr: 0.01 train_loss: 22049.2500 train_mapscore: 0.8440 time: 0.9361s
INFO:root:Epoch: 0690 lr: 0.01 train_loss: 22046.7129 train_mapscore: 0.8440 time: 0.9391s
INFO:root:Epoch: 0695 lr: 0.01 train_loss: 22044.2188 train_mapscore: 0.8443 time: 1.0081s
INFO:root:Epoch: 0700 lr: 0.01 train_loss: 22041.7461 train_mapscore: 0.8439 time: 0.9964s
INFO:root:Epoch: 0705 lr: 0.01 train_loss: 22039.3125 train_mapscore: 0.8439 time: 0.9638s
INFO:root:Epoch: 0710 lr: 0.01 train_loss: 22036.9062 train_mapscore: 0.8432 time: 0.9274s
INFO:root:Epoch: 0715 lr: 0.01 train_loss: 22034.5312 train_mapscore: 0.8434 time: 0.9563s
INFO:root:Epoch: 0720 lr: 0.01 train_loss: 22032.1914 train_mapscore: 0.8440 time: 0.9461s
INFO:root:Epoch: 0725 lr: 0.01 train_loss: 22029.8828 train_mapscore: 0.8441 time: 0.9941s
INFO:root:Epoch: 0730 lr: 0.01 train_loss: 22027.5996 train_mapscore: 0.8441 time: 0.9468s
INFO:root:Epoch: 0735 lr: 0.01 train_loss: 22025.3477 train_mapscore: 0.8442 time: 0.9179s
INFO:root:Epoch: 0740 lr: 0.01 train_loss: 22023.1250 train_mapscore: 0.8442 time: 0.9556s
INFO:root:Epoch: 0745 lr: 0.01 train_loss: 22020.9316 train_mapscore: 0.8449 time: 0.9370s
INFO:root:Epoch: 0750 lr: 0.01 train_loss: 22018.7695 train_mapscore: 0.8447 time: 0.9639s
INFO:root:Epoch: 0755 lr: 0.01 train_loss: 22016.6348 train_mapscore: 0.8462 time: 0.9149s
INFO:root:Epoch: 0760 lr: 0.01 train_loss: 22014.5273 train_mapscore: 0.8455 time: 0.9532s
INFO:root:Epoch: 0765 lr: 0.01 train_loss: 22012.4453 train_mapscore: 0.8453 time: 0.9478s
INFO:root:Epoch: 0770 lr: 0.01 train_loss: 22010.3984 train_mapscore: 0.8454 time: 0.9157s
INFO:root:Epoch: 0775 lr: 0.01 train_loss: 22008.3750 train_mapscore: 0.8463 time: 0.9341s
INFO:root:Epoch: 0780 lr: 0.01 train_loss: 22006.3828 train_mapscore: 0.8459 time: 0.9272s
INFO:root:Epoch: 0785 lr: 0.01 train_loss: 22004.4082 train_mapscore: 0.8459 time: 0.9411s
INFO:root:Epoch: 0790 lr: 0.01 train_loss: 22002.4727 train_mapscore: 0.8458 time: 0.9454s
INFO:root:Epoch: 0795 lr: 0.01 train_loss: 22000.5547 train_mapscore: 0.8461 time: 0.9037s
INFO:root:Epoch: 0800 lr: 0.01 train_loss: 21998.6641 train_mapscore: 0.8461 time: 0.9097s
INFO:root:Epoch: 0805 lr: 0.01 train_loss: 21996.7988 train_mapscore: 0.8465 time: 0.9567s
INFO:root:Epoch: 0810 lr: 0.01 train_loss: 21994.9570 train_mapscore: 0.8464 time: 0.9072s
INFO:root:Epoch: 0815 lr: 0.01 train_loss: 21993.1426 train_mapscore: 0.8463 time: 0.9474s
INFO:root:Epoch: 0820 lr: 0.01 train_loss: 21991.3496 train_mapscore: 0.8468 time: 0.8972s
INFO:root:Epoch: 0825 lr: 0.01 train_loss: 21989.5820 train_mapscore: 0.8471 time: 0.9354s
INFO:root:Epoch: 0830 lr: 0.01 train_loss: 21987.8340 train_mapscore: 0.8464 time: 0.9442s
INFO:root:Epoch: 0835 lr: 0.01 train_loss: 21986.1172 train_mapscore: 0.8471 time: 0.8902s
INFO:root:Epoch: 0840 lr: 0.01 train_loss: 21984.4082 train_mapscore: 0.8467 time: 0.9734s
INFO:root:Epoch: 0845 lr: 0.01 train_loss: 21982.7266 train_mapscore: 0.8464 time: 0.9672s
INFO:root:Epoch: 0850 lr: 0.01 train_loss: 21981.0664 train_mapscore: 0.8467 time: 0.9421s
INFO:root:Epoch: 0855 lr: 0.01 train_loss: 21979.4258 train_mapscore: 0.8477 time: 0.9548s
INFO:root:Epoch: 0860 lr: 0.01 train_loss: 21977.8047 train_mapscore: 0.8476 time: 0.9701s
INFO:root:Epoch: 0865 lr: 0.01 train_loss: 21976.2090 train_mapscore: 0.8466 time: 0.9596s
INFO:root:Epoch: 0870 lr: 0.01 train_loss: 21974.6289 train_mapscore: 0.8474 time: 0.9347s
INFO:root:Epoch: 0875 lr: 0.01 train_loss: 21973.0625 train_mapscore: 0.8479 time: 0.9642s
INFO:root:Epoch: 0880 lr: 0.01 train_loss: 21971.5215 train_mapscore: 0.8481 time: 0.9406s
INFO:root:Epoch: 0885 lr: 0.01 train_loss: 21969.9922 train_mapscore: 0.8478 time: 0.9636s
INFO:root:Epoch: 0890 lr: 0.01 train_loss: 21968.4844 train_mapscore: 0.8480 time: 0.9552s
INFO:root:Epoch: 0895 lr: 0.01 train_loss: 21966.9902 train_mapscore: 0.8483 time: 0.9719s
INFO:root:Epoch: 0900 lr: 0.01 train_loss: 21965.5215 train_mapscore: 0.8476 time: 0.9526s
INFO:root:Epoch: 0905 lr: 0.01 train_loss: 21964.0605 train_mapscore: 0.8481 time: 0.9346s
INFO:root:Epoch: 0910 lr: 0.01 train_loss: 21962.6152 train_mapscore: 0.8484 time: 0.9501s
INFO:root:Epoch: 0915 lr: 0.01 train_loss: 21961.1895 train_mapscore: 0.8484 time: 0.9193s
INFO:root:Epoch: 0920 lr: 0.01 train_loss: 21959.7812 train_mapscore: 0.8485 time: 0.9036s
INFO:root:Epoch: 0925 lr: 0.01 train_loss: 21958.3828 train_mapscore: 0.8484 time: 0.9114s
INFO:root:Epoch: 0930 lr: 0.01 train_loss: 21957.0098 train_mapscore: 0.8491 time: 0.9375s
INFO:root:Epoch: 0935 lr: 0.01 train_loss: 21955.6445 train_mapscore: 0.8490 time: 0.9282s
INFO:root:Epoch: 0940 lr: 0.01 train_loss: 21954.3008 train_mapscore: 0.8489 time: 0.9424s
INFO:root:Epoch: 0945 lr: 0.01 train_loss: 21952.9629 train_mapscore: 0.8486 time: 0.9415s
INFO:root:Epoch: 0950 lr: 0.01 train_loss: 21951.6426 train_mapscore: 0.8496 time: 0.8966s
INFO:root:Epoch: 0955 lr: 0.01 train_loss: 21950.3359 train_mapscore: 0.8497 time: 0.9412s
INFO:root:Epoch: 0960 lr: 0.01 train_loss: 21949.0391 train_mapscore: 0.8498 time: 0.9425s
INFO:root:Epoch: 0965 lr: 0.01 train_loss: 21947.7578 train_mapscore: 0.8505 time: 0.9067s
INFO:root:Epoch: 0970 lr: 0.01 train_loss: 21946.4883 train_mapscore: 0.8498 time: 0.9594s
INFO:root:Epoch: 0975 lr: 0.01 train_loss: 21945.2305 train_mapscore: 0.8503 time: 0.9504s
INFO:root:Epoch: 0980 lr: 0.01 train_loss: 21943.9883 train_mapscore: 0.8504 time: 0.9649s
INFO:root:Epoch: 0985 lr: 0.01 train_loss: 21942.7578 train_mapscore: 0.8508 time: 0.8992s
INFO:root:Epoch: 0990 lr: 0.01 train_loss: 21941.5352 train_mapscore: 0.8503 time: 0.9360s
INFO:root:Epoch: 0995 lr: 0.01 train_loss: 21940.3301 train_mapscore: 0.8510 time: 0.9777s
INFO:root:Epoch: 1000 lr: 0.01 train_loss: 21939.1348 train_mapscore: 0.8515 time: 0.9652s
INFO:root:Epoch: 1005 lr: 0.01 train_loss: 21937.9492 train_mapscore: 0.8507 time: 0.9024s
INFO:root:Epoch: 1010 lr: 0.01 train_loss: 21936.7754 train_mapscore: 0.8517 time: 0.9481s
INFO:root:Epoch: 1015 lr: 0.01 train_loss: 21935.6211 train_mapscore: 0.8518 time: 0.9414s
INFO:root:Epoch: 1020 lr: 0.01 train_loss: 21934.4727 train_mapscore: 0.8518 time: 0.9750s
INFO:root:Epoch: 1025 lr: 0.01 train_loss: 21933.3320 train_mapscore: 0.8514 time: 0.9529s
INFO:root:Epoch: 1030 lr: 0.01 train_loss: 21932.2070 train_mapscore: 0.8519 time: 1.0015s
INFO:root:Epoch: 1035 lr: 0.01 train_loss: 21931.0859 train_mapscore: 0.8523 time: 0.9177s
INFO:root:Epoch: 1040 lr: 0.01 train_loss: 21929.9805 train_mapscore: 0.8521 time: 0.9459s
INFO:root:Epoch: 1045 lr: 0.01 train_loss: 21928.8867 train_mapscore: 0.8527 time: 0.9875s
INFO:root:Epoch: 1050 lr: 0.01 train_loss: 21927.7969 train_mapscore: 0.8529 time: 0.9449s
INFO:root:Epoch: 1055 lr: 0.01 train_loss: 21926.7188 train_mapscore: 0.8533 time: 0.9471s
INFO:root:Epoch: 1060 lr: 0.01 train_loss: 21925.6523 train_mapscore: 0.8534 time: 0.9256s
INFO:root:Epoch: 1065 lr: 0.01 train_loss: 21924.5938 train_mapscore: 0.8531 time: 0.9569s
INFO:root:Epoch: 1070 lr: 0.01 train_loss: 21923.5410 train_mapscore: 0.8537 time: 0.9581s
INFO:root:Epoch: 1075 lr: 0.01 train_loss: 21922.4980 train_mapscore: 0.8532 time: 0.9326s
INFO:root:Epoch: 1080 lr: 0.01 train_loss: 21921.4648 train_mapscore: 0.8532 time: 0.9109s
INFO:root:Epoch: 1085 lr: 0.01 train_loss: 21920.4375 train_mapscore: 0.8534 time: 0.9703s
INFO:root:Epoch: 1090 lr: 0.01 train_loss: 21919.4180 train_mapscore: 0.8528 time: 0.9764s
INFO:root:Epoch: 1095 lr: 0.01 train_loss: 21918.4102 train_mapscore: 0.8530 time: 0.9496s
INFO:root:Epoch: 1100 lr: 0.01 train_loss: 21917.4023 train_mapscore: 0.8534 time: 0.9671s
INFO:root:Epoch: 1105 lr: 0.01 train_loss: 21916.4062 train_mapscore: 0.8540 time: 0.9235s
INFO:root:Epoch: 1110 lr: 0.01 train_loss: 21915.4180 train_mapscore: 0.8538 time: 0.9850s
INFO:root:Epoch: 1115 lr: 0.01 train_loss: 21914.4375 train_mapscore: 0.8537 time: 0.9389s
INFO:root:Epoch: 1120 lr: 0.01 train_loss: 21913.4609 train_mapscore: 0.8543 time: 0.9225s
INFO:root:Epoch: 1125 lr: 0.01 train_loss: 21912.4883 train_mapscore: 0.8546 time: 0.9377s
INFO:root:Epoch: 1130 lr: 0.01 train_loss: 21911.5312 train_mapscore: 0.8537 time: 0.9370s
INFO:root:Epoch: 1135 lr: 0.01 train_loss: 21910.5742 train_mapscore: 0.8539 time: 1.0021s
INFO:root:Epoch: 1140 lr: 0.01 train_loss: 21909.6230 train_mapscore: 0.8537 time: 0.9151s
INFO:root:Epoch: 1145 lr: 0.01 train_loss: 21908.6797 train_mapscore: 0.8545 time: 0.8922s
INFO:root:Epoch: 1150 lr: 0.01 train_loss: 21907.7402 train_mapscore: 0.8543 time: 0.9283s
INFO:root:Epoch: 1155 lr: 0.01 train_loss: 21906.8125 train_mapscore: 0.8543 time: 0.9220s
INFO:root:Epoch: 1160 lr: 0.01 train_loss: 21905.8828 train_mapscore: 0.8545 time: 0.9551s
INFO:root:Epoch: 1165 lr: 0.01 train_loss: 21904.9648 train_mapscore: 0.8543 time: 0.9575s
INFO:root:Epoch: 1170 lr: 0.01 train_loss: 21904.0508 train_mapscore: 0.8542 time: 0.9572s
INFO:root:Epoch: 1175 lr: 0.01 train_loss: 21903.1387 train_mapscore: 0.8544 time: 0.9711s
INFO:root:Epoch: 1180 lr: 0.01 train_loss: 21902.2383 train_mapscore: 0.8545 time: 0.9406s
INFO:root:Epoch: 1185 lr: 0.01 train_loss: 21901.3379 train_mapscore: 0.8542 time: 0.9471s
INFO:root:Epoch: 1190 lr: 0.01 train_loss: 21900.4453 train_mapscore: 0.8541 time: 0.9175s
INFO:root:Epoch: 1195 lr: 0.01 train_loss: 21899.5586 train_mapscore: 0.8545 time: 0.9243s
INFO:root:Epoch: 1200 lr: 0.01 train_loss: 21898.6758 train_mapscore: 0.8545 time: 0.9878s
INFO:root:Epoch: 1205 lr: 0.01 train_loss: 21897.7988 train_mapscore: 0.8550 time: 0.9357s
INFO:root:Epoch: 1210 lr: 0.01 train_loss: 21896.9297 train_mapscore: 0.8547 time: 0.9466s
INFO:root:Epoch: 1215 lr: 0.01 train_loss: 21896.0625 train_mapscore: 0.8547 time: 0.9207s
INFO:root:Epoch: 1220 lr: 0.01 train_loss: 21895.2031 train_mapscore: 0.8548 time: 0.9312s
INFO:root:Epoch: 1225 lr: 0.01 train_loss: 21894.3477 train_mapscore: 0.8554 time: 0.9978s
INFO:root:Epoch: 1230 lr: 0.01 train_loss: 21893.4961 train_mapscore: 0.8556 time: 0.9565s
INFO:root:Epoch: 1235 lr: 0.01 train_loss: 21892.6484 train_mapscore: 0.8552 time: 0.9041s
INFO:root:Epoch: 1240 lr: 0.01 train_loss: 21891.8105 train_mapscore: 0.8563 time: 0.9276s
INFO:root:Epoch: 1245 lr: 0.01 train_loss: 21890.9785 train_mapscore: 0.8557 time: 0.9289s
INFO:root:Epoch: 1250 lr: 0.01 train_loss: 21890.1484 train_mapscore: 0.8560 time: 0.9661s
INFO:root:Epoch: 1255 lr: 0.01 train_loss: 21889.3281 train_mapscore: 0.8559 time: 0.9079s
INFO:root:Epoch: 1260 lr: 0.01 train_loss: 21888.5117 train_mapscore: 0.8564 time: 0.9298s
INFO:root:Epoch: 1265 lr: 0.01 train_loss: 21887.7031 train_mapscore: 0.8566 time: 0.9206s
INFO:root:Epoch: 1270 lr: 0.01 train_loss: 21886.8945 train_mapscore: 0.8573 time: 0.9584s
INFO:root:Epoch: 1275 lr: 0.01 train_loss: 21886.0977 train_mapscore: 0.8588 time: 0.9523s
INFO:root:Epoch: 1280 lr: 0.01 train_loss: 21885.3047 train_mapscore: 0.8571 time: 0.9610s
INFO:root:Epoch: 1285 lr: 0.01 train_loss: 21884.5137 train_mapscore: 0.8573 time: 0.9251s
INFO:root:Epoch: 1290 lr: 0.01 train_loss: 21883.7344 train_mapscore: 0.8570 time: 0.9495s
INFO:root:Epoch: 1295 lr: 0.01 train_loss: 21882.9590 train_mapscore: 0.8569 time: 0.9258s
INFO:root:Epoch: 1300 lr: 0.01 train_loss: 21882.1875 train_mapscore: 0.8567 time: 0.9337s
INFO:root:Epoch: 1305 lr: 0.01 train_loss: 21881.4219 train_mapscore: 0.8572 time: 0.9019s
INFO:root:Epoch: 1310 lr: 0.01 train_loss: 21880.6680 train_mapscore: 0.8572 time: 0.9142s
INFO:root:Epoch: 1315 lr: 0.01 train_loss: 21879.9121 train_mapscore: 0.8578 time: 0.9919s
INFO:root:Epoch: 1320 lr: 0.01 train_loss: 21879.1641 train_mapscore: 0.8576 time: 0.9019s
INFO:root:Epoch: 1325 lr: 0.01 train_loss: 21878.4258 train_mapscore: 0.8579 time: 0.9015s
INFO:root:Epoch: 1330 lr: 0.01 train_loss: 21877.6875 train_mapscore: 0.8573 time: 0.9256s
INFO:root:Epoch: 1335 lr: 0.01 train_loss: 21876.9609 train_mapscore: 0.8580 time: 0.9154s
INFO:root:Epoch: 1340 lr: 0.01 train_loss: 21876.2402 train_mapscore: 0.8585 time: 0.9829s
INFO:root:Epoch: 1345 lr: 0.01 train_loss: 21875.5195 train_mapscore: 0.8587 time: 0.8912s
INFO:root:Epoch: 1350 lr: 0.01 train_loss: 21874.8105 train_mapscore: 0.8581 time: 0.9802s
INFO:root:Epoch: 1355 lr: 0.01 train_loss: 21874.1035 train_mapscore: 0.8576 time: 0.9691s
INFO:root:Epoch: 1360 lr: 0.01 train_loss: 21873.4023 train_mapscore: 0.8579 time: 0.9548s
INFO:root:Epoch: 1365 lr: 0.01 train_loss: 21872.7031 train_mapscore: 0.8586 time: 0.9438s
INFO:root:Epoch: 1370 lr: 0.01 train_loss: 21872.0117 train_mapscore: 0.8589 time: 0.9455s
INFO:root:Epoch: 1375 lr: 0.01 train_loss: 21871.3203 train_mapscore: 0.8595 time: 0.9185s
INFO:root:Epoch: 1380 lr: 0.01 train_loss: 21870.6406 train_mapscore: 0.8588 time: 0.9641s
INFO:root:Epoch: 1385 lr: 0.01 train_loss: 21869.9609 train_mapscore: 0.8591 time: 0.9657s
INFO:root:Epoch: 1390 lr: 0.01 train_loss: 21869.2871 train_mapscore: 0.8593 time: 0.9021s
INFO:root:Epoch: 1395 lr: 0.01 train_loss: 21868.6172 train_mapscore: 0.8597 time: 0.9627s
INFO:root:Epoch: 1400 lr: 0.01 train_loss: 21867.9492 train_mapscore: 0.8589 time: 0.9692s
INFO:root:Epoch: 1405 lr: 0.01 train_loss: 21867.2852 train_mapscore: 0.8594 time: 0.9611s
INFO:root:Epoch: 1410 lr: 0.01 train_loss: 21866.6250 train_mapscore: 0.8597 time: 0.9473s
INFO:root:Epoch: 1415 lr: 0.01 train_loss: 21865.9707 train_mapscore: 0.8602 time: 0.9048s
INFO:root:Epoch: 1420 lr: 0.01 train_loss: 21865.3164 train_mapscore: 0.8597 time: 0.9691s
INFO:root:Epoch: 1425 lr: 0.01 train_loss: 21864.6660 train_mapscore: 0.8604 time: 0.9195s
INFO:root:Epoch: 1430 lr: 0.01 train_loss: 21864.0195 train_mapscore: 0.8597 time: 0.9859s
INFO:root:Epoch: 1435 lr: 0.01 train_loss: 21863.3750 train_mapscore: 0.8594 time: 0.9663s
INFO:root:Epoch: 1440 lr: 0.01 train_loss: 21862.7363 train_mapscore: 0.8606 time: 0.9310s
INFO:root:Epoch: 1445 lr: 0.01 train_loss: 21862.0938 train_mapscore: 0.8603 time: 0.9667s
INFO:root:Epoch: 1450 lr: 0.01 train_loss: 21861.4609 train_mapscore: 0.8604 time: 0.9703s
INFO:root:Epoch: 1455 lr: 0.01 train_loss: 21860.8301 train_mapscore: 0.8601 time: 0.9545s
INFO:root:Epoch: 1460 lr: 0.01 train_loss: 21860.1992 train_mapscore: 0.8603 time: 0.9642s
INFO:root:Epoch: 1465 lr: 0.01 train_loss: 21859.5723 train_mapscore: 0.8605 time: 0.9696s
INFO:root:Epoch: 1470 lr: 0.01 train_loss: 21858.9492 train_mapscore: 0.8605 time: 0.9122s
INFO:root:Epoch: 1475 lr: 0.01 train_loss: 21858.3281 train_mapscore: 0.8606 time: 0.9419s
INFO:root:Epoch: 1480 lr: 0.01 train_loss: 21857.7090 train_mapscore: 0.8599 time: 0.9405s
INFO:root:Epoch: 1485 lr: 0.01 train_loss: 21857.0938 train_mapscore: 0.8602 time: 0.9194s
INFO:root:Epoch: 1490 lr: 0.01 train_loss: 21856.4785 train_mapscore: 0.8603 time: 0.9622s
INFO:root:Epoch: 1495 lr: 0.01 train_loss: 21855.8672 train_mapscore: 0.8612 time: 0.9368s
INFO:root:Epoch: 1500 lr: 0.01 train_loss: 21855.2578 train_mapscore: 0.8612 time: 0.9671s
INFO:root:Epoch: 1505 lr: 0.01 train_loss: 21854.6543 train_mapscore: 0.8618 time: 0.9281s
INFO:root:Epoch: 1510 lr: 0.01 train_loss: 21854.0488 train_mapscore: 0.8618 time: 0.9611s
INFO:root:Epoch: 1515 lr: 0.01 train_loss: 21853.4473 train_mapscore: 0.8619 time: 0.9469s
INFO:root:Epoch: 1520 lr: 0.01 train_loss: 21852.8496 train_mapscore: 0.8616 time: 0.9384s
INFO:root:Epoch: 1525 lr: 0.01 train_loss: 21852.2500 train_mapscore: 0.8615 time: 0.9003s
INFO:root:Epoch: 1530 lr: 0.01 train_loss: 21851.6562 train_mapscore: 0.8616 time: 0.9623s
INFO:root:Epoch: 1535 lr: 0.01 train_loss: 21851.0625 train_mapscore: 0.8628 time: 0.9331s
INFO:root:Epoch: 1540 lr: 0.01 train_loss: 21850.4727 train_mapscore: 0.8619 time: 0.9048s
INFO:root:Epoch: 1545 lr: 0.01 train_loss: 21849.8828 train_mapscore: 0.8626 time: 0.9623s
INFO:root:Epoch: 1550 lr: 0.01 train_loss: 21849.2949 train_mapscore: 0.8617 time: 0.9501s
INFO:root:Epoch: 1555 lr: 0.01 train_loss: 21848.7129 train_mapscore: 0.8616 time: 0.9431s
INFO:root:Epoch: 1560 lr: 0.01 train_loss: 21848.1289 train_mapscore: 0.8625 time: 1.0201s
INFO:root:Epoch: 1565 lr: 0.01 train_loss: 21847.5508 train_mapscore: 0.8623 time: 0.9341s
INFO:root:Epoch: 1570 lr: 0.01 train_loss: 21846.9727 train_mapscore: 0.8619 time: 0.9178s
INFO:root:Epoch: 1575 lr: 0.01 train_loss: 21846.3984 train_mapscore: 0.8623 time: 0.9228s
INFO:root:Epoch: 1580 lr: 0.01 train_loss: 21845.8223 train_mapscore: 0.8623 time: 0.9972s
INFO:root:Epoch: 1585 lr: 0.01 train_loss: 21845.2539 train_mapscore: 0.8613 time: 0.9568s
INFO:root:Epoch: 1590 lr: 0.01 train_loss: 21844.6836 train_mapscore: 0.8613 time: 0.9601s
INFO:root:Epoch: 1595 lr: 0.01 train_loss: 21844.1172 train_mapscore: 0.8617 time: 0.9461s
INFO:root:Epoch: 1600 lr: 0.01 train_loss: 21843.5527 train_mapscore: 0.8613 time: 0.9227s
INFO:root:Epoch: 1605 lr: 0.01 train_loss: 21842.9902 train_mapscore: 0.8620 time: 0.9199s
INFO:root:Epoch: 1610 lr: 0.01 train_loss: 21842.4277 train_mapscore: 0.8615 time: 0.9689s
INFO:root:Epoch: 1615 lr: 0.01 train_loss: 21841.8711 train_mapscore: 0.8608 time: 0.9554s
INFO:root:Epoch: 1620 lr: 0.01 train_loss: 21841.3125 train_mapscore: 0.8612 time: 0.9790s
INFO:root:Epoch: 1625 lr: 0.01 train_loss: 21840.7578 train_mapscore: 0.8614 time: 0.9239s
INFO:root:Epoch: 1630 lr: 0.01 train_loss: 21840.2031 train_mapscore: 0.8615 time: 0.9524s
INFO:root:Epoch: 1635 lr: 0.01 train_loss: 21839.6562 train_mapscore: 0.8611 time: 1.0161s
INFO:root:Epoch: 1640 lr: 0.01 train_loss: 21839.1094 train_mapscore: 0.8617 time: 0.9336s
INFO:root:Epoch: 1645 lr: 0.01 train_loss: 21838.5664 train_mapscore: 0.8611 time: 0.9727s
INFO:root:Epoch: 1650 lr: 0.01 train_loss: 21838.0215 train_mapscore: 0.8610 time: 0.9835s
INFO:root:Epoch: 1655 lr: 0.01 train_loss: 21837.4805 train_mapscore: 0.8616 time: 0.9483s
INFO:root:Epoch: 1660 lr: 0.01 train_loss: 21836.9414 train_mapscore: 0.8614 time: 0.9769s
INFO:root:Epoch: 1665 lr: 0.01 train_loss: 21836.4043 train_mapscore: 0.8616 time: 0.9633s
INFO:root:Epoch: 1670 lr: 0.01 train_loss: 21835.8750 train_mapscore: 0.8613 time: 0.9562s
INFO:root:Epoch: 1675 lr: 0.01 train_loss: 21835.3418 train_mapscore: 0.8615 time: 0.9502s
INFO:root:Epoch: 1680 lr: 0.01 train_loss: 21834.8105 train_mapscore: 0.8620 time: 0.9755s
INFO:root:Epoch: 1685 lr: 0.01 train_loss: 21834.2852 train_mapscore: 0.8614 time: 0.9202s
INFO:root:Epoch: 1690 lr: 0.01 train_loss: 21833.7617 train_mapscore: 0.8614 time: 0.9605s
INFO:root:Epoch: 1695 lr: 0.01 train_loss: 21833.2402 train_mapscore: 0.8611 time: 0.9405s
INFO:root:Epoch: 1700 lr: 0.01 train_loss: 21832.7227 train_mapscore: 0.8623 time: 0.9235s
INFO:root:Epoch: 1705 lr: 0.01 train_loss: 21832.2051 train_mapscore: 0.8611 time: 0.9565s
INFO:root:Epoch: 1710 lr: 0.01 train_loss: 21831.6934 train_mapscore: 0.8620 time: 0.9460s
INFO:root:Epoch: 1715 lr: 0.01 train_loss: 21831.1797 train_mapscore: 0.8610 time: 0.9650s
INFO:root:Epoch: 1720 lr: 0.01 train_loss: 21830.6719 train_mapscore: 0.8617 time: 0.9146s
INFO:root:Epoch: 1725 lr: 0.01 train_loss: 21830.1680 train_mapscore: 0.8624 time: 1.0083s
INFO:root:Epoch: 1730 lr: 0.01 train_loss: 21829.6660 train_mapscore: 0.8622 time: 0.9446s
INFO:root:Epoch: 1735 lr: 0.01 train_loss: 21829.1621 train_mapscore: 0.8621 time: 0.9346s
INFO:root:Epoch: 1740 lr: 0.01 train_loss: 21828.6621 train_mapscore: 0.8625 time: 0.9424s
INFO:root:Epoch: 1745 lr: 0.01 train_loss: 21828.1680 train_mapscore: 0.8627 time: 0.9730s
INFO:root:Epoch: 1750 lr: 0.01 train_loss: 21827.6719 train_mapscore: 0.8619 time: 0.9345s
INFO:root:Epoch: 1755 lr: 0.01 train_loss: 21827.1836 train_mapscore: 0.8619 time: 0.9445s
INFO:root:Epoch: 1760 lr: 0.01 train_loss: 21826.6934 train_mapscore: 0.8624 time: 0.9656s
INFO:root:Epoch: 1765 lr: 0.01 train_loss: 21826.2090 train_mapscore: 0.8621 time: 0.9369s
INFO:root:Epoch: 1770 lr: 0.01 train_loss: 21825.7227 train_mapscore: 0.8630 time: 0.9162s
INFO:root:Epoch: 1775 lr: 0.01 train_loss: 21825.2461 train_mapscore: 0.8626 time: 0.9357s
INFO:root:Epoch: 1780 lr: 0.01 train_loss: 21824.7695 train_mapscore: 0.8624 time: 0.9398s
INFO:root:Epoch: 1785 lr: 0.01 train_loss: 21824.2930 train_mapscore: 0.8623 time: 0.9272s
INFO:root:Epoch: 1790 lr: 0.01 train_loss: 21823.8164 train_mapscore: 0.8628 time: 0.9457s
INFO:root:Epoch: 1795 lr: 0.01 train_loss: 21823.3457 train_mapscore: 0.8625 time: 0.9589s
INFO:root:Epoch: 1800 lr: 0.01 train_loss: 21822.8828 train_mapscore: 0.8619 time: 0.9331s
INFO:root:Epoch: 1805 lr: 0.01 train_loss: 21822.4141 train_mapscore: 0.8621 time: 0.9487s
INFO:root:Epoch: 1810 lr: 0.01 train_loss: 21821.9512 train_mapscore: 0.8629 time: 0.9319s
INFO:root:Epoch: 1815 lr: 0.01 train_loss: 21821.4883 train_mapscore: 0.8624 time: 0.9502s
INFO:root:Epoch: 1820 lr: 0.01 train_loss: 21821.0273 train_mapscore: 0.8631 time: 0.9511s
INFO:root:Epoch: 1825 lr: 0.01 train_loss: 21820.5723 train_mapscore: 0.8629 time: 0.9538s
INFO:root:Epoch: 1830 lr: 0.01 train_loss: 21820.1172 train_mapscore: 0.8627 time: 0.9530s
INFO:root:Epoch: 1835 lr: 0.01 train_loss: 21819.6621 train_mapscore: 0.8631 time: 0.9312s
INFO:root:Epoch: 1840 lr: 0.01 train_loss: 21819.2148 train_mapscore: 0.8625 time: 0.9501s
INFO:root:Epoch: 1845 lr: 0.01 train_loss: 21818.7676 train_mapscore: 0.8622 time: 0.9169s
INFO:root:Epoch: 1850 lr: 0.01 train_loss: 21818.3203 train_mapscore: 0.8628 time: 0.9588s
INFO:root:Epoch: 1855 lr: 0.01 train_loss: 21817.8770 train_mapscore: 0.8626 time: 0.8986s
INFO:root:Epoch: 1860 lr: 0.01 train_loss: 21817.4375 train_mapscore: 0.8626 time: 0.9358s
INFO:root:Epoch: 1865 lr: 0.01 train_loss: 21816.9961 train_mapscore: 0.8623 time: 0.9546s
INFO:root:Epoch: 1870 lr: 0.01 train_loss: 21816.5586 train_mapscore: 0.8625 time: 0.9184s
INFO:root:Epoch: 1875 lr: 0.01 train_loss: 21816.1250 train_mapscore: 0.8623 time: 0.9829s
INFO:root:Epoch: 1880 lr: 0.01 train_loss: 21815.6914 train_mapscore: 0.8627 time: 0.9343s
INFO:root:Epoch: 1885 lr: 0.01 train_loss: 21815.2617 train_mapscore: 0.8633 time: 0.8934s
INFO:root:Epoch: 1890 lr: 0.01 train_loss: 21814.8320 train_mapscore: 0.8624 time: 0.9518s
INFO:root:Epoch: 1895 lr: 0.01 train_loss: 21814.4062 train_mapscore: 0.8625 time: 0.9114s
INFO:root:Epoch: 1900 lr: 0.01 train_loss: 21813.9785 train_mapscore: 0.8629 time: 0.9162s
INFO:root:Epoch: 1905 lr: 0.01 train_loss: 21813.5547 train_mapscore: 0.8637 time: 0.9295s
INFO:root:Epoch: 1910 lr: 0.01 train_loss: 21813.1367 train_mapscore: 0.8622 time: 0.9460s
INFO:root:Epoch: 1915 lr: 0.01 train_loss: 21812.7148 train_mapscore: 0.8629 time: 0.9345s
INFO:root:Epoch: 1920 lr: 0.01 train_loss: 21812.2969 train_mapscore: 0.8633 time: 0.9327s
INFO:root:Epoch: 1925 lr: 0.01 train_loss: 21811.8828 train_mapscore: 0.8628 time: 0.9401s
INFO:root:Epoch: 1930 lr: 0.01 train_loss: 21811.4688 train_mapscore: 0.8627 time: 0.9727s
INFO:root:Epoch: 1935 lr: 0.01 train_loss: 21811.0547 train_mapscore: 0.8628 time: 0.9326s
INFO:root:Epoch: 1940 lr: 0.01 train_loss: 21810.6445 train_mapscore: 0.8629 time: 0.9478s
INFO:root:Epoch: 1945 lr: 0.01 train_loss: 21810.2363 train_mapscore: 0.8623 time: 0.9415s
INFO:root:Epoch: 1950 lr: 0.01 train_loss: 21809.8320 train_mapscore: 0.8629 time: 0.9584s
INFO:root:Epoch: 1955 lr: 0.01 train_loss: 21809.4316 train_mapscore: 0.8631 time: 0.9598s
INFO:root:Epoch: 1960 lr: 0.01 train_loss: 21809.0293 train_mapscore: 0.8631 time: 0.8962s
INFO:root:Epoch: 1965 lr: 0.01 train_loss: 21808.6328 train_mapscore: 0.8633 time: 0.9113s
INFO:root:Epoch: 1970 lr: 0.01 train_loss: 21808.2363 train_mapscore: 0.8632 time: 0.9500s
INFO:root:Epoch: 1975 lr: 0.01 train_loss: 21807.8438 train_mapscore: 0.8634 time: 0.9482s
INFO:root:Epoch: 1980 lr: 0.01 train_loss: 21807.4531 train_mapscore: 0.8631 time: 0.8877s
INFO:root:Epoch: 1985 lr: 0.01 train_loss: 21807.0664 train_mapscore: 0.8635 time: 0.9463s
INFO:root:Epoch: 1990 lr: 0.01 train_loss: 21806.6816 train_mapscore: 0.8627 time: 0.9242s
INFO:root:Epoch: 1995 lr: 0.01 train_loss: 21806.2988 train_mapscore: 0.8633 time: 0.9189s
INFO:root:Epoch: 2000 lr: 0.01 train_loss: 21805.9160 train_mapscore: 0.8633 time: 0.9792s
INFO:root:Epoch: 2005 lr: 0.01 train_loss: 21805.5391 train_mapscore: 0.8636 time: 0.9152s
INFO:root:Epoch: 2010 lr: 0.01 train_loss: 21805.1621 train_mapscore: 0.8634 time: 0.9425s
INFO:root:Epoch: 2015 lr: 0.01 train_loss: 21804.7852 train_mapscore: 0.8636 time: 0.9107s
INFO:root:Epoch: 2020 lr: 0.01 train_loss: 21804.4141 train_mapscore: 0.8631 time: 0.9879s
INFO:root:Epoch: 2025 lr: 0.01 train_loss: 21804.0449 train_mapscore: 0.8635 time: 0.9070s
INFO:root:Epoch: 2030 lr: 0.01 train_loss: 21803.6797 train_mapscore: 0.8635 time: 0.9340s
INFO:root:Epoch: 2035 lr: 0.01 train_loss: 21803.3125 train_mapscore: 0.8642 time: 0.8818s
INFO:root:Epoch: 2040 lr: 0.01 train_loss: 21802.9473 train_mapscore: 0.8629 time: 0.9162s
INFO:root:Epoch: 2045 lr: 0.01 train_loss: 21802.5820 train_mapscore: 0.8639 time: 0.9782s
INFO:root:Epoch: 2050 lr: 0.01 train_loss: 21802.2188 train_mapscore: 0.8641 time: 0.8897s
INFO:root:Epoch: 2055 lr: 0.01 train_loss: 21801.8574 train_mapscore: 0.8632 time: 0.9409s
INFO:root:Epoch: 2060 lr: 0.01 train_loss: 21801.5000 train_mapscore: 0.8630 time: 0.9100s
INFO:root:Epoch: 2065 lr: 0.01 train_loss: 21801.1406 train_mapscore: 0.8632 time: 0.9319s
INFO:root:Epoch: 2070 lr: 0.01 train_loss: 21800.7812 train_mapscore: 0.8637 time: 0.9781s
INFO:root:Epoch: 2075 lr: 0.01 train_loss: 21800.4219 train_mapscore: 0.8634 time: 0.8932s
INFO:root:Epoch: 2080 lr: 0.01 train_loss: 21800.0664 train_mapscore: 0.8636 time: 0.9192s
INFO:root:Epoch: 2085 lr: 0.01 train_loss: 21799.7129 train_mapscore: 0.8630 time: 0.9647s
INFO:root:Epoch: 2090 lr: 0.01 train_loss: 21799.3535 train_mapscore: 0.8631 time: 0.9602s
INFO:root:Epoch: 2095 lr: 0.01 train_loss: 21799.0000 train_mapscore: 0.8638 time: 0.9259s
INFO:root:Epoch: 2100 lr: 0.01 train_loss: 21798.6445 train_mapscore: 0.8637 time: 0.9475s
INFO:root:Epoch: 2105 lr: 0.01 train_loss: 21798.2891 train_mapscore: 0.8632 time: 0.9545s
INFO:root:Epoch: 2110 lr: 0.01 train_loss: 21797.9375 train_mapscore: 0.8633 time: 0.9397s
INFO:root:Epoch: 2115 lr: 0.01 train_loss: 21797.5859 train_mapscore: 0.8645 time: 0.9280s
INFO:root:Epoch: 2120 lr: 0.01 train_loss: 21797.2344 train_mapscore: 0.8643 time: 0.8818s
INFO:root:Epoch: 2125 lr: 0.01 train_loss: 21796.8887 train_mapscore: 0.8647 time: 0.9379s
INFO:root:Epoch: 2130 lr: 0.01 train_loss: 21796.5410 train_mapscore: 0.8646 time: 0.9448s
INFO:root:Epoch: 2135 lr: 0.01 train_loss: 21796.1914 train_mapscore: 0.8646 time: 0.9359s
INFO:root:Epoch: 2140 lr: 0.01 train_loss: 21795.8438 train_mapscore: 0.8649 time: 0.9243s
INFO:root:Epoch: 2145 lr: 0.01 train_loss: 21795.4961 train_mapscore: 0.8652 time: 0.9322s
INFO:root:Epoch: 2150 lr: 0.01 train_loss: 21795.1523 train_mapscore: 0.8652 time: 0.9240s
INFO:root:Epoch: 2155 lr: 0.01 train_loss: 21794.8105 train_mapscore: 0.8649 time: 0.9081s
INFO:root:Epoch: 2160 lr: 0.01 train_loss: 21794.4668 train_mapscore: 0.8652 time: 0.9799s
INFO:root:Epoch: 2165 lr: 0.01 train_loss: 21794.1230 train_mapscore: 0.8650 time: 0.9493s
INFO:root:Epoch: 2170 lr: 0.01 train_loss: 21793.7871 train_mapscore: 0.8648 time: 0.9674s
INFO:root:Epoch: 2175 lr: 0.01 train_loss: 21793.4492 train_mapscore: 0.8647 time: 0.9246s
INFO:root:Epoch: 2180 lr: 0.01 train_loss: 21793.1133 train_mapscore: 0.8646 time: 0.9192s
INFO:root:Epoch: 2185 lr: 0.01 train_loss: 21792.7773 train_mapscore: 0.8645 time: 0.9129s
INFO:root:Epoch: 2190 lr: 0.01 train_loss: 21792.4473 train_mapscore: 0.8651 time: 0.9295s
INFO:root:Epoch: 2195 lr: 0.01 train_loss: 21792.1191 train_mapscore: 0.8640 time: 0.9477s
INFO:root:Epoch: 2200 lr: 0.01 train_loss: 21791.7891 train_mapscore: 0.8648 time: 0.9258s
INFO:root:Epoch: 2205 lr: 0.01 train_loss: 21791.4648 train_mapscore: 0.8644 time: 0.9060s
INFO:root:Epoch: 2210 lr: 0.01 train_loss: 21791.1406 train_mapscore: 0.8637 time: 0.9170s
INFO:root:Epoch: 2215 lr: 0.01 train_loss: 21790.8203 train_mapscore: 0.8638 time: 0.9012s
INFO:root:Epoch: 2220 lr: 0.01 train_loss: 21790.5000 train_mapscore: 0.8644 time: 0.9411s
INFO:root:Epoch: 2225 lr: 0.01 train_loss: 21790.1836 train_mapscore: 0.8646 time: 0.9484s
INFO:root:Epoch: 2230 lr: 0.01 train_loss: 21789.8711 train_mapscore: 0.8642 time: 0.9327s
INFO:root:Epoch: 2235 lr: 0.01 train_loss: 21789.5586 train_mapscore: 0.8646 time: 0.9177s
INFO:root:Epoch: 2240 lr: 0.01 train_loss: 21789.2480 train_mapscore: 0.8636 time: 0.9219s
INFO:root:Epoch: 2245 lr: 0.01 train_loss: 21788.9414 train_mapscore: 0.8644 time: 0.8902s
INFO:root:Epoch: 2250 lr: 0.01 train_loss: 21788.6328 train_mapscore: 0.8643 time: 0.9371s
INFO:root:Epoch: 2255 lr: 0.01 train_loss: 21788.3281 train_mapscore: 0.8643 time: 0.9448s
INFO:root:Epoch: 2260 lr: 0.01 train_loss: 21788.0293 train_mapscore: 0.8637 time: 0.9338s
INFO:root:Epoch: 2265 lr: 0.01 train_loss: 21787.7305 train_mapscore: 0.8647 time: 0.9344s
INFO:root:Epoch: 2270 lr: 0.01 train_loss: 21787.4297 train_mapscore: 0.8641 time: 0.8881s
INFO:root:Epoch: 2275 lr: 0.01 train_loss: 21787.1367 train_mapscore: 0.8650 time: 0.9666s
INFO:root:Epoch: 2280 lr: 0.01 train_loss: 21786.8418 train_mapscore: 0.8655 time: 0.9032s
INFO:root:Epoch: 2285 lr: 0.01 train_loss: 21786.5488 train_mapscore: 0.8639 time: 0.9447s
INFO:root:Epoch: 2290 lr: 0.01 train_loss: 21786.2578 train_mapscore: 0.8641 time: 0.9575s
INFO:root:Epoch: 2295 lr: 0.01 train_loss: 21785.9688 train_mapscore: 0.8637 time: 0.9285s
INFO:root:Epoch: 2300 lr: 0.01 train_loss: 21785.6797 train_mapscore: 0.8644 time: 0.9028s
INFO:root:Epoch: 2305 lr: 0.01 train_loss: 21785.3965 train_mapscore: 0.8641 time: 0.9361s
INFO:root:Epoch: 2310 lr: 0.01 train_loss: 21785.1133 train_mapscore: 0.8646 time: 0.9289s
INFO:root:Epoch: 2315 lr: 0.01 train_loss: 21784.8281 train_mapscore: 0.8649 time: 0.9173s
INFO:root:Epoch: 2320 lr: 0.01 train_loss: 21784.5469 train_mapscore: 0.8654 time: 0.8801s
INFO:root:Epoch: 2325 lr: 0.01 train_loss: 21784.2656 train_mapscore: 0.8643 time: 0.9334s
INFO:root:Epoch: 2330 lr: 0.01 train_loss: 21783.9883 train_mapscore: 0.8655 time: 0.9294s
INFO:root:Epoch: 2335 lr: 0.01 train_loss: 21783.7109 train_mapscore: 0.8646 time: 0.9030s
INFO:root:Epoch: 2340 lr: 0.01 train_loss: 21783.4316 train_mapscore: 0.8642 time: 0.9382s
INFO:root:Epoch: 2345 lr: 0.01 train_loss: 21783.1562 train_mapscore: 0.8652 time: 0.8800s
INFO:root:Epoch: 2350 lr: 0.01 train_loss: 21782.8809 train_mapscore: 0.8645 time: 0.9092s
INFO:root:Epoch: 2355 lr: 0.01 train_loss: 21782.6094 train_mapscore: 0.8652 time: 0.9332s
INFO:root:Epoch: 2360 lr: 0.01 train_loss: 21782.3359 train_mapscore: 0.8647 time: 0.9295s
INFO:root:Epoch: 2365 lr: 0.01 train_loss: 21782.0605 train_mapscore: 0.8653 time: 0.9425s
INFO:root:Epoch: 2370 lr: 0.01 train_loss: 21781.7891 train_mapscore: 0.8640 time: 0.9077s
INFO:root:Epoch: 2375 lr: 0.01 train_loss: 21781.5195 train_mapscore: 0.8643 time: 0.9185s
INFO:root:Epoch: 2380 lr: 0.01 train_loss: 21781.2500 train_mapscore: 0.8650 time: 0.8998s
INFO:root:Epoch: 2385 lr: 0.01 train_loss: 21780.9805 train_mapscore: 0.8644 time: 0.9137s
INFO:root:Epoch: 2390 lr: 0.01 train_loss: 21780.7129 train_mapscore: 0.8648 time: 0.9518s
INFO:root:Epoch: 2395 lr: 0.01 train_loss: 21780.4453 train_mapscore: 0.8643 time: 0.9006s
INFO:root:Epoch: 2400 lr: 0.01 train_loss: 21780.1836 train_mapscore: 0.8644 time: 0.8918s
INFO:root:Epoch: 2405 lr: 0.01 train_loss: 21779.9141 train_mapscore: 0.8653 time: 0.9256s
INFO:root:Epoch: 2410 lr: 0.01 train_loss: 21779.6465 train_mapscore: 0.8642 time: 0.9102s
INFO:root:Epoch: 2415 lr: 0.01 train_loss: 21779.3828 train_mapscore: 0.8645 time: 0.9251s
INFO:root:Epoch: 2420 lr: 0.01 train_loss: 21779.1172 train_mapscore: 0.8638 time: 0.9293s
INFO:root:Epoch: 2425 lr: 0.01 train_loss: 21778.8555 train_mapscore: 0.8641 time: 0.9042s
INFO:root:Epoch: 2430 lr: 0.01 train_loss: 21778.5918 train_mapscore: 0.8647 time: 0.9363s
INFO:root:Epoch: 2435 lr: 0.01 train_loss: 21778.3320 train_mapscore: 0.8645 time: 0.9020s
INFO:root:Epoch: 2440 lr: 0.01 train_loss: 21778.0703 train_mapscore: 0.8650 time: 0.8890s
INFO:root:Epoch: 2445 lr: 0.01 train_loss: 21777.8086 train_mapscore: 0.8648 time: 0.9296s
INFO:root:Epoch: 2450 lr: 0.01 train_loss: 21777.5469 train_mapscore: 0.8643 time: 0.9079s
INFO:root:Epoch: 2455 lr: 0.01 train_loss: 21777.2891 train_mapscore: 0.8647 time: 0.9311s
INFO:root:Epoch: 2460 lr: 0.01 train_loss: 21777.0273 train_mapscore: 0.8642 time: 0.9197s
INFO:root:Epoch: 2465 lr: 0.01 train_loss: 21776.7695 train_mapscore: 0.8641 time: 0.9410s
INFO:root:Epoch: 2470 lr: 0.01 train_loss: 21776.5117 train_mapscore: 0.8650 time: 0.8993s
INFO:root:Epoch: 2475 lr: 0.01 train_loss: 21776.2500 train_mapscore: 0.8638 time: 0.9253s
INFO:root:Epoch: 2480 lr: 0.01 train_loss: 21775.9961 train_mapscore: 0.8643 time: 0.9609s
INFO:root:Epoch: 2485 lr: 0.01 train_loss: 21775.7363 train_mapscore: 0.8650 time: 0.9329s
INFO:root:Epoch: 2490 lr: 0.01 train_loss: 21775.4805 train_mapscore: 0.8652 time: 0.9050s
INFO:root:Epoch: 2495 lr: 0.01 train_loss: 21775.2227 train_mapscore: 0.8651 time: 0.9222s
INFO:root:Epoch: 2500 lr: 0.01 train_loss: 21774.9688 train_mapscore: 0.8640 time: 0.9213s
INFO:root:Epoch: 2505 lr: 0.01 train_loss: 21774.7148 train_mapscore: 0.8645 time: 0.9055s
INFO:root:Epoch: 2510 lr: 0.01 train_loss: 21774.4609 train_mapscore: 0.8647 time: 0.9230s
INFO:root:Epoch: 2515 lr: 0.01 train_loss: 21774.2070 train_mapscore: 0.8644 time: 0.9240s
INFO:root:Epoch: 2520 lr: 0.01 train_loss: 21773.9531 train_mapscore: 0.8650 time: 0.9185s
INFO:root:Epoch: 2525 lr: 0.01 train_loss: 21773.6992 train_mapscore: 0.8652 time: 0.9201s
INFO:root:Epoch: 2530 lr: 0.01 train_loss: 21773.4453 train_mapscore: 0.8647 time: 0.9552s
INFO:root:Epoch: 2535 lr: 0.01 train_loss: 21773.1914 train_mapscore: 0.8649 time: 0.9243s
INFO:root:Epoch: 2540 lr: 0.01 train_loss: 21772.9414 train_mapscore: 0.8652 time: 0.9014s
INFO:root:Epoch: 2545 lr: 0.01 train_loss: 21772.6914 train_mapscore: 0.8653 time: 0.9321s
INFO:root:Epoch: 2550 lr: 0.01 train_loss: 21772.4375 train_mapscore: 0.8654 time: 0.8836s
INFO:root:Epoch: 2555 lr: 0.01 train_loss: 21772.1875 train_mapscore: 0.8652 time: 0.9170s
INFO:root:Epoch: 2560 lr: 0.01 train_loss: 21771.9375 train_mapscore: 0.8657 time: 0.9054s
INFO:root:Epoch: 2565 lr: 0.01 train_loss: 21771.6875 train_mapscore: 0.8654 time: 0.9191s
INFO:root:Epoch: 2570 lr: 0.01 train_loss: 21771.4414 train_mapscore: 0.8649 time: 0.9541s
INFO:root:Epoch: 2575 lr: 0.01 train_loss: 21771.1914 train_mapscore: 0.8654 time: 0.9037s
INFO:root:Epoch: 2580 lr: 0.01 train_loss: 21770.9414 train_mapscore: 0.8655 time: 0.9939s
INFO:root:Epoch: 2585 lr: 0.01 train_loss: 21770.6953 train_mapscore: 0.8653 time: 0.9331s
INFO:root:Epoch: 2590 lr: 0.01 train_loss: 21770.4531 train_mapscore: 0.8654 time: 0.9117s
INFO:root:Epoch: 2595 lr: 0.01 train_loss: 21770.2090 train_mapscore: 0.8650 time: 0.9389s
INFO:root:Epoch: 2600 lr: 0.01 train_loss: 21769.9648 train_mapscore: 0.8652 time: 0.9061s
INFO:root:Epoch: 2605 lr: 0.01 train_loss: 21769.7285 train_mapscore: 0.8655 time: 0.8852s
INFO:root:Epoch: 2610 lr: 0.01 train_loss: 21769.4883 train_mapscore: 0.8657 time: 0.9171s
INFO:root:Epoch: 2615 lr: 0.01 train_loss: 21769.2500 train_mapscore: 0.8655 time: 0.8829s
INFO:root:Epoch: 2620 lr: 0.01 train_loss: 21769.0195 train_mapscore: 0.8657 time: 0.9228s
INFO:root:Epoch: 2625 lr: 0.01 train_loss: 21768.7832 train_mapscore: 0.8659 time: 0.9529s
INFO:root:Epoch: 2630 lr: 0.01 train_loss: 21768.5547 train_mapscore: 0.8655 time: 0.9500s
INFO:root:Epoch: 2635 lr: 0.01 train_loss: 21768.3203 train_mapscore: 0.8654 time: 0.9724s
INFO:root:Epoch: 2640 lr: 0.01 train_loss: 21768.0918 train_mapscore: 0.8655 time: 0.9170s
INFO:root:Epoch: 2645 lr: 0.01 train_loss: 21767.8613 train_mapscore: 0.8657 time: 0.9386s
INFO:root:Epoch: 2650 lr: 0.01 train_loss: 21767.6328 train_mapscore: 0.8659 time: 0.9089s
INFO:root:Epoch: 2655 lr: 0.01 train_loss: 21767.4062 train_mapscore: 0.8650 time: 0.9471s
INFO:root:Epoch: 2660 lr: 0.01 train_loss: 21767.1797 train_mapscore: 0.8661 time: 0.9524s
INFO:root:Epoch: 2665 lr: 0.01 train_loss: 21766.9551 train_mapscore: 0.8659 time: 0.9124s
INFO:root:Epoch: 2670 lr: 0.01 train_loss: 21766.7266 train_mapscore: 0.8652 time: 0.9246s
INFO:root:Epoch: 2675 lr: 0.01 train_loss: 21766.5020 train_mapscore: 0.8655 time: 0.9265s
INFO:root:Epoch: 2680 lr: 0.01 train_loss: 21766.2773 train_mapscore: 0.8655 time: 0.8913s
INFO:root:Epoch: 2685 lr: 0.01 train_loss: 21766.0527 train_mapscore: 0.8656 time: 0.9375s
INFO:root:Epoch: 2690 lr: 0.01 train_loss: 21765.8281 train_mapscore: 0.8664 time: 0.9198s
INFO:root:Epoch: 2695 lr: 0.01 train_loss: 21765.6016 train_mapscore: 0.8659 time: 0.8783s
INFO:root:Epoch: 2700 lr: 0.01 train_loss: 21765.3750 train_mapscore: 0.8664 time: 0.9070s
INFO:root:Epoch: 2705 lr: 0.01 train_loss: 21765.1484 train_mapscore: 0.8658 time: 0.9375s
INFO:root:Epoch: 2710 lr: 0.01 train_loss: 21764.9258 train_mapscore: 0.8664 time: 0.8944s
INFO:root:Epoch: 2715 lr: 0.01 train_loss: 21764.7031 train_mapscore: 0.8662 time: 0.9465s
INFO:root:Epoch: 2720 lr: 0.01 train_loss: 21764.4766 train_mapscore: 0.8655 time: 0.9353s
INFO:root:Epoch: 2725 lr: 0.01 train_loss: 21764.2500 train_mapscore: 0.8660 time: 0.8953s
INFO:root:Epoch: 2730 lr: 0.01 train_loss: 21764.0273 train_mapscore: 0.8656 time: 0.9300s
INFO:root:Epoch: 2735 lr: 0.01 train_loss: 21763.8086 train_mapscore: 0.8659 time: 0.9218s
INFO:root:Epoch: 2740 lr: 0.01 train_loss: 21763.5820 train_mapscore: 0.8656 time: 0.8778s
INFO:root:Epoch: 2745 lr: 0.01 train_loss: 21763.3555 train_mapscore: 0.8658 time: 0.9000s
INFO:root:Epoch: 2750 lr: 0.01 train_loss: 21763.1348 train_mapscore: 0.8654 time: 0.9463s
INFO:root:Epoch: 2755 lr: 0.01 train_loss: 21762.9121 train_mapscore: 0.8660 time: 0.9490s
INFO:root:Epoch: 2760 lr: 0.01 train_loss: 21762.6914 train_mapscore: 0.8658 time: 0.9022s
INFO:root:Epoch: 2765 lr: 0.01 train_loss: 21762.4688 train_mapscore: 0.8655 time: 0.8776s
INFO:root:Epoch: 2770 lr: 0.01 train_loss: 21762.2500 train_mapscore: 0.8650 time: 0.9260s
INFO:root:Epoch: 2775 lr: 0.01 train_loss: 21762.0352 train_mapscore: 0.8665 time: 0.9297s
INFO:root:Epoch: 2780 lr: 0.01 train_loss: 21761.8164 train_mapscore: 0.8659 time: 0.9009s
INFO:root:Epoch: 2785 lr: 0.01 train_loss: 21761.5996 train_mapscore: 0.8659 time: 0.8792s
INFO:root:Epoch: 2790 lr: 0.01 train_loss: 21761.3828 train_mapscore: 0.8659 time: 0.9199s
INFO:root:Epoch: 2795 lr: 0.01 train_loss: 21761.1719 train_mapscore: 0.8656 time: 0.9125s
INFO:root:Epoch: 2800 lr: 0.01 train_loss: 21760.9570 train_mapscore: 0.8658 time: 0.9624s
INFO:root:Epoch: 2805 lr: 0.01 train_loss: 21760.7441 train_mapscore: 0.8658 time: 0.9205s
INFO:root:Epoch: 2810 lr: 0.01 train_loss: 21760.5293 train_mapscore: 0.8661 time: 0.9064s
INFO:root:Epoch: 2815 lr: 0.01 train_loss: 21760.3164 train_mapscore: 0.8653 time: 0.9636s
INFO:root:Epoch: 2820 lr: 0.01 train_loss: 21760.1055 train_mapscore: 0.8662 time: 0.9306s
INFO:root:Epoch: 2825 lr: 0.01 train_loss: 21759.8926 train_mapscore: 0.8660 time: 0.9510s
INFO:root:Epoch: 2830 lr: 0.01 train_loss: 21759.6836 train_mapscore: 0.8658 time: 0.9242s
INFO:root:Epoch: 2835 lr: 0.01 train_loss: 21759.4766 train_mapscore: 0.8657 time: 0.9335s
INFO:root:Epoch: 2840 lr: 0.01 train_loss: 21759.2676 train_mapscore: 0.8654 time: 0.9691s
INFO:root:Epoch: 2845 lr: 0.01 train_loss: 21759.0566 train_mapscore: 0.8655 time: 0.8975s
INFO:root:Epoch: 2850 lr: 0.01 train_loss: 21758.8477 train_mapscore: 0.8665 time: 0.9794s
INFO:root:Epoch: 2855 lr: 0.01 train_loss: 21758.6406 train_mapscore: 0.8659 time: 0.9335s
INFO:root:Epoch: 2860 lr: 0.01 train_loss: 21758.4297 train_mapscore: 0.8658 time: 0.9435s
INFO:root:Epoch: 2865 lr: 0.01 train_loss: 21758.2188 train_mapscore: 0.8666 time: 0.9606s
INFO:root:Epoch: 2870 lr: 0.01 train_loss: 21758.0078 train_mapscore: 0.8657 time: 0.8810s
INFO:root:Epoch: 2875 lr: 0.01 train_loss: 21757.8008 train_mapscore: 0.8664 time: 0.9241s
INFO:root:Epoch: 2880 lr: 0.01 train_loss: 21757.5938 train_mapscore: 0.8672 time: 0.9034s
INFO:root:Epoch: 2885 lr: 0.01 train_loss: 21757.3828 train_mapscore: 0.8660 time: 0.9422s
INFO:root:Epoch: 2890 lr: 0.01 train_loss: 21757.1719 train_mapscore: 0.8660 time: 0.9570s
INFO:root:Epoch: 2895 lr: 0.01 train_loss: 21756.9590 train_mapscore: 0.8663 time: 0.9083s
INFO:root:Epoch: 2900 lr: 0.01 train_loss: 21756.7480 train_mapscore: 0.8659 time: 0.9255s
INFO:root:Epoch: 2905 lr: 0.01 train_loss: 21756.5352 train_mapscore: 0.8670 time: 0.9015s
INFO:root:Epoch: 2910 lr: 0.01 train_loss: 21756.3203 train_mapscore: 0.8663 time: 0.8817s
INFO:root:Epoch: 2915 lr: 0.01 train_loss: 21756.1055 train_mapscore: 0.8670 time: 0.9172s
INFO:root:Epoch: 2920 lr: 0.01 train_loss: 21755.8926 train_mapscore: 0.8670 time: 0.9041s
INFO:root:Epoch: 2925 lr: 0.01 train_loss: 21755.6738 train_mapscore: 0.8670 time: 0.9419s
INFO:root:Epoch: 2930 lr: 0.01 train_loss: 21755.4570 train_mapscore: 0.8670 time: 0.8839s
INFO:root:Epoch: 2935 lr: 0.01 train_loss: 21755.2422 train_mapscore: 0.8662 time: 0.8983s
INFO:root:Epoch: 2940 lr: 0.01 train_loss: 21755.0234 train_mapscore: 0.8672 time: 0.9243s
INFO:root:Epoch: 2945 lr: 0.01 train_loss: 21754.8047 train_mapscore: 0.8664 time: 0.9307s
INFO:root:Epoch: 2950 lr: 0.01 train_loss: 21754.5859 train_mapscore: 0.8664 time: 0.9297s
INFO:root:Epoch: 2955 lr: 0.01 train_loss: 21754.3672 train_mapscore: 0.8657 time: 0.9293s
INFO:root:Epoch: 2960 lr: 0.01 train_loss: 21754.1445 train_mapscore: 0.8666 time: 0.9163s
INFO:root:Epoch: 2965 lr: 0.01 train_loss: 21753.9277 train_mapscore: 0.8662 time: 0.9350s
INFO:root:Epoch: 2970 lr: 0.01 train_loss: 21753.7090 train_mapscore: 0.8671 time: 0.8729s
INFO:root:Epoch: 2975 lr: 0.01 train_loss: 21753.4883 train_mapscore: 0.8669 time: 0.8716s
INFO:root:Epoch: 2980 lr: 0.01 train_loss: 21753.2754 train_mapscore: 0.8666 time: 0.9114s
INFO:root:Epoch: 2985 lr: 0.01 train_loss: 21753.0586 train_mapscore: 0.8671 time: 0.8732s
INFO:root:Epoch: 2990 lr: 0.01 train_loss: 21752.8477 train_mapscore: 0.8670 time: 0.8903s
INFO:root:Epoch: 2995 lr: 0.01 train_loss: 21752.6367 train_mapscore: 0.8669 time: 0.9296s
INFO:root:Epoch: 3000 lr: 0.01 train_loss: 21752.4238 train_mapscore: 0.8664 time: 0.9476s
INFO:root:Epoch: 3005 lr: 0.01 train_loss: 21752.2168 train_mapscore: 0.8671 time: 0.9102s
INFO:root:Epoch: 3010 lr: 0.01 train_loss: 21752.0078 train_mapscore: 0.8673 time: 0.8779s
INFO:root:Epoch: 3015 lr: 0.01 train_loss: 21751.8008 train_mapscore: 0.8668 time: 0.9034s
INFO:root:Epoch: 3020 lr: 0.01 train_loss: 21751.5938 train_mapscore: 0.8668 time: 0.9150s
INFO:root:Epoch: 3025 lr: 0.01 train_loss: 21751.3906 train_mapscore: 0.8667 time: 0.9016s
INFO:root:Epoch: 3030 lr: 0.01 train_loss: 21751.1875 train_mapscore: 0.8673 time: 0.9566s
INFO:root:Epoch: 3035 lr: 0.01 train_loss: 21750.9883 train_mapscore: 0.8669 time: 0.9179s
INFO:root:Epoch: 3040 lr: 0.01 train_loss: 21750.7852 train_mapscore: 0.8665 time: 0.8857s
INFO:root:Epoch: 3045 lr: 0.01 train_loss: 21750.5820 train_mapscore: 0.8667 time: 0.9528s
INFO:root:Epoch: 3050 lr: 0.01 train_loss: 21750.3828 train_mapscore: 0.8670 time: 0.9206s
INFO:root:Epoch: 3055 lr: 0.01 train_loss: 21750.1836 train_mapscore: 0.8670 time: 0.9100s
INFO:root:Epoch: 3060 lr: 0.01 train_loss: 21749.9863 train_mapscore: 0.8664 time: 0.9260s
INFO:root:Epoch: 3065 lr: 0.01 train_loss: 21749.7910 train_mapscore: 0.8672 time: 0.9193s
INFO:root:Epoch: 3070 lr: 0.01 train_loss: 21749.5898 train_mapscore: 0.8671 time: 0.9133s
INFO:root:Epoch: 3075 lr: 0.01 train_loss: 21749.3945 train_mapscore: 0.8662 time: 0.8936s
INFO:root:Epoch: 3080 lr: 0.01 train_loss: 21749.1953 train_mapscore: 0.8655 time: 0.9156s
INFO:root:Epoch: 3085 lr: 0.01 train_loss: 21749.0039 train_mapscore: 0.8669 time: 0.9480s
INFO:root:Epoch: 3090 lr: 0.01 train_loss: 21748.8047 train_mapscore: 0.8665 time: 0.9444s
INFO:root:Epoch: 3095 lr: 0.01 train_loss: 21748.6094 train_mapscore: 0.8668 time: 0.9128s
INFO:root:Epoch: 3100 lr: 0.01 train_loss: 21748.4160 train_mapscore: 0.8663 time: 0.9190s
INFO:root:Epoch: 3105 lr: 0.01 train_loss: 21748.2246 train_mapscore: 0.8658 time: 0.9104s
INFO:root:Epoch: 3110 lr: 0.01 train_loss: 21748.0312 train_mapscore: 0.8667 time: 0.9146s
INFO:root:Epoch: 3115 lr: 0.01 train_loss: 21747.8359 train_mapscore: 0.8669 time: 0.9032s
INFO:root:Epoch: 3120 lr: 0.01 train_loss: 21747.6406 train_mapscore: 0.8668 time: 0.8889s
INFO:root:Epoch: 3125 lr: 0.01 train_loss: 21747.4473 train_mapscore: 0.8666 time: 0.9266s
INFO:root:Epoch: 3130 lr: 0.01 train_loss: 21747.2539 train_mapscore: 0.8665 time: 0.9382s
INFO:root:Epoch: 3135 lr: 0.01 train_loss: 21747.0684 train_mapscore: 0.8660 time: 0.9350s
INFO:root:Epoch: 3140 lr: 0.01 train_loss: 21746.8750 train_mapscore: 0.8665 time: 0.8924s
INFO:root:Epoch: 3145 lr: 0.01 train_loss: 21746.6855 train_mapscore: 0.8665 time: 0.9724s
INFO:root:Epoch: 3150 lr: 0.01 train_loss: 21746.4980 train_mapscore: 0.8666 time: 0.8792s
INFO:root:Epoch: 3155 lr: 0.01 train_loss: 21746.3125 train_mapscore: 0.8667 time: 0.9062s
INFO:root:Epoch: 3160 lr: 0.01 train_loss: 21746.1250 train_mapscore: 0.8666 time: 0.9861s
INFO:root:Epoch: 3165 lr: 0.01 train_loss: 21745.9414 train_mapscore: 0.8669 time: 0.9077s
INFO:root:Epoch: 3170 lr: 0.01 train_loss: 21745.7578 train_mapscore: 0.8668 time: 0.9340s
INFO:root:Epoch: 3175 lr: 0.01 train_loss: 21745.5742 train_mapscore: 0.8667 time: 0.9316s
INFO:root:Epoch: 3180 lr: 0.01 train_loss: 21745.3906 train_mapscore: 0.8668 time: 0.9355s
INFO:root:Epoch: 3185 lr: 0.01 train_loss: 21745.2109 train_mapscore: 0.8666 time: 0.9237s
INFO:root:Epoch: 3190 lr: 0.01 train_loss: 21745.0312 train_mapscore: 0.8670 time: 0.9079s
INFO:root:Epoch: 3195 lr: 0.01 train_loss: 21744.8516 train_mapscore: 0.8662 time: 0.9076s
INFO:root:Epoch: 3200 lr: 0.01 train_loss: 21744.6758 train_mapscore: 0.8664 time: 0.8805s
INFO:root:Epoch: 3205 lr: 0.01 train_loss: 21744.4961 train_mapscore: 0.8666 time: 0.9216s
INFO:root:Epoch: 3210 lr: 0.01 train_loss: 21744.3184 train_mapscore: 0.8670 time: 0.9084s
INFO:root:Epoch: 3215 lr: 0.01 train_loss: 21744.1445 train_mapscore: 0.8657 time: 0.9052s
INFO:root:Epoch: 3220 lr: 0.01 train_loss: 21743.9668 train_mapscore: 0.8665 time: 0.9163s
INFO:root:Epoch: 3225 lr: 0.01 train_loss: 21743.7949 train_mapscore: 0.8669 time: 0.8987s
INFO:root:Epoch: 3230 lr: 0.01 train_loss: 21743.6250 train_mapscore: 0.8666 time: 0.8811s
INFO:root:Epoch: 3235 lr: 0.01 train_loss: 21743.4492 train_mapscore: 0.8664 time: 0.8963s
INFO:root:Epoch: 3240 lr: 0.01 train_loss: 21743.2773 train_mapscore: 0.8661 time: 0.9387s
INFO:root:Epoch: 3245 lr: 0.01 train_loss: 21743.1055 train_mapscore: 0.8670 time: 0.9058s
INFO:root:Epoch: 3250 lr: 0.01 train_loss: 21742.9355 train_mapscore: 0.8665 time: 0.9399s
INFO:root:Epoch: 3255 lr: 0.01 train_loss: 21742.7676 train_mapscore: 0.8658 time: 0.9431s
INFO:root:Epoch: 3260 lr: 0.01 train_loss: 21742.5996 train_mapscore: 0.8665 time: 0.9131s
INFO:root:Epoch: 3265 lr: 0.01 train_loss: 21742.4316 train_mapscore: 0.8669 time: 0.9081s
INFO:root:Epoch: 3270 lr: 0.01 train_loss: 21742.2695 train_mapscore: 0.8667 time: 0.8825s
INFO:root:Epoch: 3275 lr: 0.01 train_loss: 21742.0977 train_mapscore: 0.8666 time: 0.9367s
INFO:root:Epoch: 3280 lr: 0.01 train_loss: 21741.9375 train_mapscore: 0.8666 time: 0.8822s
INFO:root:Epoch: 3285 lr: 0.01 train_loss: 21741.7734 train_mapscore: 0.8663 time: 0.9056s
INFO:root:Epoch: 3290 lr: 0.01 train_loss: 21741.6094 train_mapscore: 0.8669 time: 0.9234s
INFO:root:Epoch: 3295 lr: 0.01 train_loss: 21741.4492 train_mapscore: 0.8661 time: 0.9073s
INFO:root:Epoch: 3300 lr: 0.01 train_loss: 21741.2852 train_mapscore: 0.8663 time: 0.9601s
INFO:root:Epoch: 3305 lr: 0.01 train_loss: 21741.1289 train_mapscore: 0.8663 time: 0.8862s
INFO:root:Epoch: 3310 lr: 0.01 train_loss: 21740.9648 train_mapscore: 0.8663 time: 0.9259s
INFO:root:Epoch: 3315 lr: 0.01 train_loss: 21740.8086 train_mapscore: 0.8661 time: 0.9038s
INFO:root:Epoch: 3320 lr: 0.01 train_loss: 21740.6484 train_mapscore: 0.8659 time: 0.9663s
INFO:root:Epoch: 3325 lr: 0.01 train_loss: 21740.4961 train_mapscore: 0.8664 time: 0.9011s
INFO:root:Epoch: 3330 lr: 0.01 train_loss: 21740.3359 train_mapscore: 0.8656 time: 0.8878s
INFO:root:Epoch: 3335 lr: 0.01 train_loss: 21740.1797 train_mapscore: 0.8665 time: 0.9571s
INFO:root:Epoch: 3340 lr: 0.01 train_loss: 21740.0254 train_mapscore: 0.8664 time: 0.9288s
INFO:root:Epoch: 3345 lr: 0.01 train_loss: 21739.8750 train_mapscore: 0.8656 time: 0.9149s
INFO:root:Epoch: 3350 lr: 0.01 train_loss: 21739.7188 train_mapscore: 0.8661 time: 0.9515s
INFO:root:Epoch: 3355 lr: 0.01 train_loss: 21739.5664 train_mapscore: 0.8663 time: 0.9308s
INFO:root:Epoch: 3360 lr: 0.01 train_loss: 21739.4141 train_mapscore: 0.8666 time: 0.8795s
INFO:root:Epoch: 3365 lr: 0.01 train_loss: 21739.2637 train_mapscore: 0.8656 time: 0.9233s
INFO:root:Epoch: 3370 lr: 0.01 train_loss: 21739.1133 train_mapscore: 0.8660 time: 0.9043s
INFO:root:Epoch: 3375 lr: 0.01 train_loss: 21738.9609 train_mapscore: 0.8661 time: 0.9206s
INFO:root:Epoch: 3380 lr: 0.01 train_loss: 21738.8164 train_mapscore: 0.8655 time: 0.9293s
INFO:root:Epoch: 3385 lr: 0.01 train_loss: 21738.6680 train_mapscore: 0.8664 time: 0.8698s
INFO:root:Epoch: 3390 lr: 0.01 train_loss: 21738.5195 train_mapscore: 0.8653 time: 0.9647s
INFO:root:Epoch: 3395 lr: 0.01 train_loss: 21738.3730 train_mapscore: 0.8650 time: 0.9170s
INFO:root:Epoch: 3400 lr: 0.01 train_loss: 21738.2227 train_mapscore: 0.8657 time: 0.9199s
INFO:root:Epoch: 3405 lr: 0.01 train_loss: 21738.0781 train_mapscore: 0.8665 time: 0.9335s
INFO:root:Epoch: 3410 lr: 0.01 train_loss: 21737.9336 train_mapscore: 0.8659 time: 0.8774s
INFO:root:Epoch: 3415 lr: 0.01 train_loss: 21737.7891 train_mapscore: 0.8654 time: 0.9217s
INFO:root:Epoch: 3420 lr: 0.01 train_loss: 21737.6445 train_mapscore: 0.8663 time: 0.9028s
INFO:root:Epoch: 3425 lr: 0.01 train_loss: 21737.5000 train_mapscore: 0.8654 time: 0.9223s
INFO:root:Epoch: 3430 lr: 0.01 train_loss: 21737.3574 train_mapscore: 0.8659 time: 0.9222s
INFO:root:Epoch: 3435 lr: 0.01 train_loss: 21737.2148 train_mapscore: 0.8653 time: 0.9380s
INFO:root:Epoch: 3440 lr: 0.01 train_loss: 21737.0742 train_mapscore: 0.8657 time: 0.8746s
INFO:root:Epoch: 3445 lr: 0.01 train_loss: 21736.9375 train_mapscore: 0.8655 time: 0.9209s
INFO:root:Epoch: 3450 lr: 0.01 train_loss: 21736.7969 train_mapscore: 0.8657 time: 0.8715s
INFO:root:Epoch: 3455 lr: 0.01 train_loss: 21736.6621 train_mapscore: 0.8657 time: 0.9508s
INFO:root:Epoch: 3460 lr: 0.01 train_loss: 21736.5234 train_mapscore: 0.8654 time: 0.9315s
INFO:root:Epoch: 3465 lr: 0.01 train_loss: 21736.3867 train_mapscore: 0.8651 time: 0.9876s
INFO:root:Epoch: 3470 lr: 0.01 train_loss: 21736.2539 train_mapscore: 0.8654 time: 0.9072s
INFO:root:Epoch: 3475 lr: 0.01 train_loss: 21736.1172 train_mapscore: 0.8653 time: 0.9492s
INFO:root:Epoch: 3480 lr: 0.01 train_loss: 21735.9824 train_mapscore: 0.8655 time: 0.9525s
INFO:root:Epoch: 3485 lr: 0.01 train_loss: 21735.8477 train_mapscore: 0.8652 time: 0.9382s
INFO:root:Epoch: 3490 lr: 0.01 train_loss: 21735.7148 train_mapscore: 0.8655 time: 0.9022s
INFO:root:Epoch: 3495 lr: 0.01 train_loss: 21735.5781 train_mapscore: 0.8650 time: 0.9077s
INFO:root:Epoch: 3500 lr: 0.01 train_loss: 21735.4531 train_mapscore: 0.8654 time: 0.9103s
INFO:root:Epoch: 3505 lr: 0.01 train_loss: 21735.3203 train_mapscore: 0.8657 time: 0.9258s
INFO:root:Epoch: 3510 lr: 0.01 train_loss: 21735.1875 train_mapscore: 0.8649 time: 0.9218s
INFO:root:Epoch: 3515 lr: 0.01 train_loss: 21735.0586 train_mapscore: 0.8656 time: 0.8784s
INFO:root:Epoch: 3520 lr: 0.01 train_loss: 21734.9258 train_mapscore: 0.8660 time: 0.9846s
INFO:root:Epoch: 3525 lr: 0.01 train_loss: 21734.7969 train_mapscore: 0.8656 time: 0.9390s
INFO:root:Epoch: 3530 lr: 0.01 train_loss: 21734.6680 train_mapscore: 0.8658 time: 0.8998s
INFO:root:Epoch: 3535 lr: 0.01 train_loss: 21734.5410 train_mapscore: 0.8652 time: 0.9196s
INFO:root:Epoch: 3540 lr: 0.01 train_loss: 21734.4121 train_mapscore: 0.8658 time: 0.9198s
INFO:root:Epoch: 3545 lr: 0.01 train_loss: 21734.2812 train_mapscore: 0.8650 time: 0.9356s
INFO:root:Epoch: 3550 lr: 0.01 train_loss: 21734.1523 train_mapscore: 0.8657 time: 0.9392s
INFO:root:Epoch: 3555 lr: 0.01 train_loss: 21734.0234 train_mapscore: 0.8652 time: 0.9031s
INFO:root:Epoch: 3560 lr: 0.01 train_loss: 21733.8984 train_mapscore: 0.8652 time: 0.9436s
INFO:root:Epoch: 3565 lr: 0.01 train_loss: 21733.7695 train_mapscore: 0.8650 time: 0.9284s
INFO:root:Epoch: 3570 lr: 0.01 train_loss: 21733.6406 train_mapscore: 0.8657 time: 0.9308s
INFO:root:Epoch: 3575 lr: 0.01 train_loss: 21733.5137 train_mapscore: 0.8656 time: 0.9093s
INFO:root:Epoch: 3580 lr: 0.01 train_loss: 21733.3867 train_mapscore: 0.8654 time: 0.9479s
INFO:root:Epoch: 3585 lr: 0.01 train_loss: 21733.2598 train_mapscore: 0.8652 time: 0.9058s
INFO:root:Epoch: 3590 lr: 0.01 train_loss: 21733.1328 train_mapscore: 0.8653 time: 0.9299s
INFO:root:Epoch: 3595 lr: 0.01 train_loss: 21733.0078 train_mapscore: 0.8659 time: 0.9251s
INFO:root:Epoch: 3600 lr: 0.01 train_loss: 21732.8828 train_mapscore: 0.8650 time: 0.9189s
INFO:root:Epoch: 3605 lr: 0.01 train_loss: 21732.7539 train_mapscore: 0.8658 time: 0.8961s
INFO:root:Epoch: 3610 lr: 0.01 train_loss: 21732.6289 train_mapscore: 0.8657 time: 0.9348s
INFO:root:Epoch: 3615 lr: 0.01 train_loss: 21732.5000 train_mapscore: 0.8659 time: 0.9142s
INFO:root:Epoch: 3620 lr: 0.01 train_loss: 21732.3750 train_mapscore: 0.8655 time: 0.9099s
INFO:root:Epoch: 3625 lr: 0.01 train_loss: 21732.2539 train_mapscore: 0.8658 time: 0.8671s
INFO:root:Epoch: 3630 lr: 0.01 train_loss: 21732.1270 train_mapscore: 0.8655 time: 0.9019s
INFO:root:Epoch: 3635 lr: 0.01 train_loss: 21732.0078 train_mapscore: 0.8656 time: 0.8745s
INFO:root:Epoch: 3640 lr: 0.01 train_loss: 21731.8809 train_mapscore: 0.8657 time: 0.9413s
INFO:root:Epoch: 3645 lr: 0.01 train_loss: 21731.7578 train_mapscore: 0.8655 time: 0.9308s
INFO:root:Epoch: 3650 lr: 0.01 train_loss: 21731.6348 train_mapscore: 0.8654 time: 0.9350s
INFO:root:Epoch: 3655 lr: 0.01 train_loss: 21731.5137 train_mapscore: 0.8656 time: 0.8713s
INFO:root:Epoch: 3660 lr: 0.01 train_loss: 21731.3906 train_mapscore: 0.8656 time: 0.9330s
INFO:root:Epoch: 3665 lr: 0.01 train_loss: 21731.2734 train_mapscore: 0.8658 time: 0.9125s
INFO:root:Epoch: 3670 lr: 0.01 train_loss: 21731.1484 train_mapscore: 0.8653 time: 0.9110s
INFO:root:Epoch: 3675 lr: 0.01 train_loss: 21731.0273 train_mapscore: 0.8654 time: 0.9193s
INFO:root:Epoch: 3680 lr: 0.01 train_loss: 21730.9102 train_mapscore: 0.8657 time: 0.8653s
INFO:root:Epoch: 3685 lr: 0.01 train_loss: 21730.7891 train_mapscore: 0.8654 time: 0.9447s
INFO:root:Epoch: 3690 lr: 0.01 train_loss: 21730.6699 train_mapscore: 0.8654 time: 0.8883s
INFO:root:Epoch: 3695 lr: 0.01 train_loss: 21730.5508 train_mapscore: 0.8656 time: 0.8803s
INFO:root:Epoch: 3700 lr: 0.01 train_loss: 21730.4336 train_mapscore: 0.8652 time: 0.8929s
INFO:root:Epoch: 3705 lr: 0.01 train_loss: 21730.3164 train_mapscore: 0.8653 time: 0.9130s
INFO:root:Epoch: 3710 lr: 0.01 train_loss: 21730.1992 train_mapscore: 0.8657 time: 0.9019s
INFO:root:Epoch: 3715 lr: 0.01 train_loss: 21730.0820 train_mapscore: 0.8659 time: 0.8899s
INFO:root:Epoch: 3720 lr: 0.01 train_loss: 21729.9648 train_mapscore: 0.8656 time: 0.8992s
INFO:root:Epoch: 3725 lr: 0.01 train_loss: 21729.8516 train_mapscore: 0.8652 time: 0.9051s
INFO:root:Epoch: 3730 lr: 0.01 train_loss: 21729.7344 train_mapscore: 0.8657 time: 0.9041s
INFO:root:Epoch: 3735 lr: 0.01 train_loss: 21729.6133 train_mapscore: 0.8661 time: 0.9266s
INFO:root:Epoch: 3740 lr: 0.01 train_loss: 21729.4941 train_mapscore: 0.8658 time: 0.9605s
INFO:root:Epoch: 3745 lr: 0.01 train_loss: 21729.3789 train_mapscore: 0.8658 time: 0.8755s
INFO:root:Epoch: 3750 lr: 0.01 train_loss: 21729.2617 train_mapscore: 0.8656 time: 0.9179s
INFO:root:Epoch: 3755 lr: 0.01 train_loss: 21729.1426 train_mapscore: 0.8652 time: 0.9270s
INFO:root:Epoch: 3760 lr: 0.01 train_loss: 21729.0234 train_mapscore: 0.8652 time: 0.9056s
INFO:root:Epoch: 3765 lr: 0.01 train_loss: 21728.9062 train_mapscore: 0.8651 time: 0.9785s
INFO:root:Epoch: 3770 lr: 0.01 train_loss: 21728.7891 train_mapscore: 0.8652 time: 0.9095s
INFO:root:Epoch: 3775 lr: 0.01 train_loss: 21728.6719 train_mapscore: 0.8651 time: 0.9587s
INFO:root:Epoch: 3780 lr: 0.01 train_loss: 21728.5508 train_mapscore: 0.8652 time: 0.9057s
INFO:root:Epoch: 3785 lr: 0.01 train_loss: 21728.4375 train_mapscore: 0.8656 time: 0.9312s
INFO:root:Epoch: 3790 lr: 0.01 train_loss: 21728.3164 train_mapscore: 0.8651 time: 0.8813s
INFO:root:Epoch: 3795 lr: 0.01 train_loss: 21728.2012 train_mapscore: 0.8658 time: 0.9056s
INFO:root:Epoch: 3800 lr: 0.01 train_loss: 21728.0820 train_mapscore: 0.8653 time: 0.9572s
INFO:root:Epoch: 3805 lr: 0.01 train_loss: 21727.9648 train_mapscore: 0.8656 time: 0.9243s
INFO:root:Epoch: 3810 lr: 0.01 train_loss: 21727.8477 train_mapscore: 0.8654 time: 0.9193s
INFO:root:Epoch: 3815 lr: 0.01 train_loss: 21727.7305 train_mapscore: 0.8654 time: 0.9308s
INFO:root:Epoch: 3820 lr: 0.01 train_loss: 21727.6172 train_mapscore: 0.8658 time: 0.9077s
INFO:root:Epoch: 3825 lr: 0.01 train_loss: 21727.4961 train_mapscore: 0.8658 time: 0.9063s
INFO:root:Epoch: 3830 lr: 0.01 train_loss: 21727.3809 train_mapscore: 0.8655 time: 0.9294s
INFO:root:Epoch: 3835 lr: 0.01 train_loss: 21727.2637 train_mapscore: 0.8656 time: 0.9282s
INFO:root:Epoch: 3840 lr: 0.01 train_loss: 21727.1484 train_mapscore: 0.8654 time: 0.9179s
INFO:root:Epoch: 3845 lr: 0.01 train_loss: 21727.0312 train_mapscore: 0.8651 time: 0.9333s
INFO:root:Epoch: 3850 lr: 0.01 train_loss: 21726.9180 train_mapscore: 0.8650 time: 0.8803s
INFO:root:Epoch: 3855 lr: 0.01 train_loss: 21726.8008 train_mapscore: 0.8658 time: 0.9131s
INFO:root:Epoch: 3860 lr: 0.01 train_loss: 21726.6895 train_mapscore: 0.8663 time: 0.8952s
INFO:root:Epoch: 3865 lr: 0.01 train_loss: 21726.5742 train_mapscore: 0.8651 time: 0.9676s
INFO:root:Epoch: 3870 lr: 0.01 train_loss: 21726.4531 train_mapscore: 0.8653 time: 0.8741s
INFO:root:Epoch: 3875 lr: 0.01 train_loss: 21726.3359 train_mapscore: 0.8656 time: 0.9108s
INFO:root:Epoch: 3880 lr: 0.01 train_loss: 21726.2188 train_mapscore: 0.8654 time: 0.9204s
INFO:root:Epoch: 3885 lr: 0.01 train_loss: 21726.0996 train_mapscore: 0.8652 time: 0.9007s
INFO:root:Epoch: 3890 lr: 0.01 train_loss: 21725.9805 train_mapscore: 0.8654 time: 0.9431s
INFO:root:Epoch: 3895 lr: 0.01 train_loss: 21725.8594 train_mapscore: 0.8648 time: 0.8773s
INFO:root:Epoch: 3900 lr: 0.01 train_loss: 21725.7402 train_mapscore: 0.8650 time: 0.9232s
INFO:root:Epoch: 3905 lr: 0.01 train_loss: 21725.6211 train_mapscore: 0.8656 time: 0.9191s
INFO:root:Epoch: 3910 lr: 0.01 train_loss: 21725.4961 train_mapscore: 0.8651 time: 0.9156s
INFO:root:Epoch: 3915 lr: 0.01 train_loss: 21725.3750 train_mapscore: 0.8654 time: 0.9629s
INFO:root:Epoch: 3920 lr: 0.01 train_loss: 21725.2500 train_mapscore: 0.8659 time: 0.8699s
INFO:root:Epoch: 3925 lr: 0.01 train_loss: 21725.1289 train_mapscore: 0.8653 time: 0.9010s
INFO:root:Epoch: 3930 lr: 0.01 train_loss: 21725.0000 train_mapscore: 0.8649 time: 0.9055s
INFO:root:Epoch: 3935 lr: 0.01 train_loss: 21724.8691 train_mapscore: 0.8648 time: 0.9147s
INFO:root:Epoch: 3940 lr: 0.01 train_loss: 21724.7422 train_mapscore: 0.8651 time: 0.9218s
INFO:root:Epoch: 3945 lr: 0.01 train_loss: 21724.6113 train_mapscore: 0.8655 time: 0.8709s
INFO:root:Epoch: 3950 lr: 0.01 train_loss: 21724.4785 train_mapscore: 0.8651 time: 0.8883s
INFO:root:Epoch: 3955 lr: 0.01 train_loss: 21724.3496 train_mapscore: 0.8651 time: 0.9000s
INFO:root:Epoch: 3960 lr: 0.01 train_loss: 21724.2227 train_mapscore: 0.8653 time: 0.9168s
INFO:root:Epoch: 3965 lr: 0.01 train_loss: 21724.0898 train_mapscore: 0.8648 time: 0.9226s
INFO:root:Epoch: 3970 lr: 0.01 train_loss: 21723.9629 train_mapscore: 0.8652 time: 0.9328s
INFO:root:Epoch: 3975 lr: 0.01 train_loss: 21723.8398 train_mapscore: 0.8656 time: 0.9354s
INFO:root:Epoch: 3980 lr: 0.01 train_loss: 21723.7148 train_mapscore: 0.8652 time: 0.9776s
INFO:root:Epoch: 3985 lr: 0.01 train_loss: 21723.5977 train_mapscore: 0.8647 time: 0.9401s
INFO:root:Epoch: 3990 lr: 0.01 train_loss: 21723.4824 train_mapscore: 0.8655 time: 0.9302s
INFO:root:Epoch: 3995 lr: 0.01 train_loss: 21723.3672 train_mapscore: 0.8653 time: 0.8810s
INFO:root:Epoch: 4000 lr: 0.01 train_loss: 21723.2539 train_mapscore: 0.8654 time: 0.8896s
INFO:root:Epoch: 4005 lr: 0.01 train_loss: 21723.1387 train_mapscore: 0.8653 time: 0.9485s
INFO:root:Epoch: 4010 lr: 0.01 train_loss: 21723.0293 train_mapscore: 0.8654 time: 0.9115s
INFO:root:Epoch: 4015 lr: 0.01 train_loss: 21722.9199 train_mapscore: 0.8653 time: 0.8968s
INFO:root:Epoch: 4020 lr: 0.01 train_loss: 21722.8125 train_mapscore: 0.8654 time: 0.9390s
INFO:root:Epoch: 4025 lr: 0.01 train_loss: 21722.7031 train_mapscore: 0.8651 time: 0.9194s
INFO:root:Epoch: 4030 lr: 0.01 train_loss: 21722.5977 train_mapscore: 0.8651 time: 0.9071s
INFO:root:Epoch: 4035 lr: 0.01 train_loss: 21722.4922 train_mapscore: 0.8655 time: 0.8702s
INFO:root:Epoch: 4040 lr: 0.01 train_loss: 21722.3887 train_mapscore: 0.8650 time: 0.9125s
INFO:root:Epoch: 4045 lr: 0.01 train_loss: 21722.2812 train_mapscore: 0.8656 time: 0.9283s
INFO:root:Epoch: 4050 lr: 0.01 train_loss: 21722.1797 train_mapscore: 0.8653 time: 0.9460s
INFO:root:Epoch: 4055 lr: 0.01 train_loss: 21722.0762 train_mapscore: 0.8656 time: 0.8882s
INFO:root:Epoch: 4060 lr: 0.01 train_loss: 21721.9746 train_mapscore: 0.8652 time: 0.8826s
INFO:root:Epoch: 4065 lr: 0.01 train_loss: 21721.8711 train_mapscore: 0.8655 time: 0.9326s
INFO:root:Epoch: 4070 lr: 0.01 train_loss: 21721.7715 train_mapscore: 0.8655 time: 0.9231s
INFO:root:Epoch: 4075 lr: 0.01 train_loss: 21721.6680 train_mapscore: 0.8655 time: 0.9359s
INFO:root:Epoch: 4080 lr: 0.01 train_loss: 21721.5723 train_mapscore: 0.8653 time: 0.9193s
INFO:root:Epoch: 4085 lr: 0.01 train_loss: 21721.4688 train_mapscore: 0.8651 time: 0.9014s
INFO:root:Epoch: 4090 lr: 0.01 train_loss: 21721.3711 train_mapscore: 0.8653 time: 0.8743s
INFO:root:Epoch: 4095 lr: 0.01 train_loss: 21721.2715 train_mapscore: 0.8651 time: 0.9469s
INFO:root:Epoch: 4100 lr: 0.01 train_loss: 21721.1758 train_mapscore: 0.8654 time: 0.9154s
INFO:root:Epoch: 4105 lr: 0.01 train_loss: 21721.0762 train_mapscore: 0.8650 time: 0.8853s
INFO:root:Epoch: 4110 lr: 0.01 train_loss: 21720.9805 train_mapscore: 0.8650 time: 0.8715s
INFO:root:Epoch: 4115 lr: 0.01 train_loss: 21720.8867 train_mapscore: 0.8652 time: 0.8846s
INFO:root:Epoch: 4120 lr: 0.01 train_loss: 21720.7891 train_mapscore: 0.8651 time: 0.9375s
INFO:root:Epoch: 4125 lr: 0.01 train_loss: 21720.6953 train_mapscore: 0.8653 time: 0.9268s
INFO:root:Epoch: 4130 lr: 0.01 train_loss: 21720.6016 train_mapscore: 0.8654 time: 0.8719s
INFO:root:Epoch: 4135 lr: 0.01 train_loss: 21720.5117 train_mapscore: 0.8648 time: 0.9197s
INFO:root:Epoch: 4140 lr: 0.01 train_loss: 21720.4180 train_mapscore: 0.8653 time: 0.8990s
INFO:root:Epoch: 4145 lr: 0.01 train_loss: 21720.3281 train_mapscore: 0.8650 time: 0.9299s
INFO:root:Epoch: 4150 lr: 0.01 train_loss: 21720.2363 train_mapscore: 0.8654 time: 0.9029s
INFO:root:Epoch: 4155 lr: 0.01 train_loss: 21720.1484 train_mapscore: 0.8655 time: 0.8782s
INFO:root:Epoch: 4160 lr: 0.01 train_loss: 21720.0547 train_mapscore: 0.8653 time: 0.9125s
INFO:root:Epoch: 4165 lr: 0.01 train_loss: 21719.9648 train_mapscore: 0.8653 time: 0.8966s
INFO:root:Epoch: 4170 lr: 0.01 train_loss: 21719.8750 train_mapscore: 0.8650 time: 0.9085s
INFO:root:Epoch: 4175 lr: 0.01 train_loss: 21719.7852 train_mapscore: 0.8655 time: 0.8686s
INFO:root:Epoch: 4180 lr: 0.01 train_loss: 21719.6973 train_mapscore: 0.8655 time: 0.9458s
INFO:root:Epoch: 4185 lr: 0.01 train_loss: 21719.6094 train_mapscore: 0.8652 time: 0.9544s
INFO:root:Epoch: 4190 lr: 0.01 train_loss: 21719.5234 train_mapscore: 0.8655 time: 0.9244s
INFO:root:Epoch: 4195 lr: 0.01 train_loss: 21719.4355 train_mapscore: 0.8651 time: 0.8904s
INFO:root:Epoch: 4200 lr: 0.01 train_loss: 21719.3496 train_mapscore: 0.8652 time: 0.8994s
INFO:root:Epoch: 4205 lr: 0.01 train_loss: 21719.2617 train_mapscore: 0.8658 time: 0.8759s
INFO:root:Epoch: 4210 lr: 0.01 train_loss: 21719.1777 train_mapscore: 0.8656 time: 0.9377s
INFO:root:Epoch: 4215 lr: 0.01 train_loss: 21719.0898 train_mapscore: 0.8647 time: 0.9019s
INFO:root:Epoch: 4220 lr: 0.01 train_loss: 21719.0039 train_mapscore: 0.8653 time: 0.9043s
INFO:root:Epoch: 4225 lr: 0.01 train_loss: 21718.9180 train_mapscore: 0.8652 time: 0.9394s
INFO:root:Epoch: 4230 lr: 0.01 train_loss: 21718.8320 train_mapscore: 0.8655 time: 0.9350s
INFO:root:Epoch: 4235 lr: 0.01 train_loss: 21718.7480 train_mapscore: 0.8651 time: 0.8769s
INFO:root:Epoch: 4240 lr: 0.01 train_loss: 21718.6660 train_mapscore: 0.8653 time: 0.8886s
INFO:root:Epoch: 4245 lr: 0.01 train_loss: 21718.5840 train_mapscore: 0.8654 time: 0.9153s
INFO:root:Epoch: 4250 lr: 0.01 train_loss: 21718.5000 train_mapscore: 0.8653 time: 0.9121s
INFO:root:Epoch: 4255 lr: 0.01 train_loss: 21718.4160 train_mapscore: 0.8655 time: 0.9073s
INFO:root:Epoch: 4260 lr: 0.01 train_loss: 21718.3301 train_mapscore: 0.8659 time: 0.9218s
INFO:root:Epoch: 4265 lr: 0.01 train_loss: 21718.2480 train_mapscore: 0.8659 time: 0.9131s
INFO:root:Epoch: 4270 lr: 0.01 train_loss: 21718.1660 train_mapscore: 0.8660 time: 0.9125s
INFO:root:Epoch: 4275 lr: 0.01 train_loss: 21718.0859 train_mapscore: 0.8656 time: 0.9780s
INFO:root:Epoch: 4280 lr: 0.01 train_loss: 21718.0039 train_mapscore: 0.8660 time: 0.9282s
INFO:root:Epoch: 4285 lr: 0.01 train_loss: 21717.9258 train_mapscore: 0.8660 time: 0.9191s
INFO:root:Epoch: 4290 lr: 0.01 train_loss: 21717.8438 train_mapscore: 0.8655 time: 0.8918s
INFO:root:Epoch: 4295 lr: 0.01 train_loss: 21717.7676 train_mapscore: 0.8656 time: 0.8955s
INFO:root:Epoch: 4300 lr: 0.01 train_loss: 21717.6895 train_mapscore: 0.8656 time: 0.9349s
INFO:root:Epoch: 4305 lr: 0.01 train_loss: 21717.6094 train_mapscore: 0.8660 time: 0.8933s
INFO:root:Epoch: 4310 lr: 0.01 train_loss: 21717.5312 train_mapscore: 0.8655 time: 0.9270s
INFO:root:Epoch: 4315 lr: 0.01 train_loss: 21717.4531 train_mapscore: 0.8654 time: 0.9217s
INFO:root:Epoch: 4320 lr: 0.01 train_loss: 21717.3770 train_mapscore: 0.8659 time: 0.8675s
INFO:root:Epoch: 4325 lr: 0.01 train_loss: 21717.3027 train_mapscore: 0.8656 time: 0.9302s
INFO:root:Epoch: 4330 lr: 0.01 train_loss: 21717.2266 train_mapscore: 0.8656 time: 0.8861s
INFO:root:Epoch: 4335 lr: 0.01 train_loss: 21717.1523 train_mapscore: 0.8662 time: 0.9134s
INFO:root:Epoch: 4340 lr: 0.01 train_loss: 21717.0781 train_mapscore: 0.8660 time: 0.9301s
INFO:root:Epoch: 4345 lr: 0.01 train_loss: 21717.0039 train_mapscore: 0.8660 time: 0.8702s
INFO:root:Epoch: 4350 lr: 0.01 train_loss: 21716.9336 train_mapscore: 0.8663 time: 0.9245s
INFO:root:Epoch: 4355 lr: 0.01 train_loss: 21716.8574 train_mapscore: 0.8656 time: 0.8933s
INFO:root:Epoch: 4360 lr: 0.01 train_loss: 21716.7832 train_mapscore: 0.8662 time: 0.9078s
INFO:root:Epoch: 4365 lr: 0.01 train_loss: 21716.7148 train_mapscore: 0.8664 time: 0.9143s
INFO:root:Epoch: 4370 lr: 0.01 train_loss: 21716.6406 train_mapscore: 0.8660 time: 0.9011s
INFO:root:Epoch: 4375 lr: 0.01 train_loss: 21716.5703 train_mapscore: 0.8660 time: 0.9204s
INFO:root:Epoch: 4380 lr: 0.01 train_loss: 21716.4961 train_mapscore: 0.8659 time: 0.8693s
INFO:root:Epoch: 4385 lr: 0.01 train_loss: 21716.4277 train_mapscore: 0.8661 time: 0.8974s
INFO:root:Epoch: 4390 lr: 0.01 train_loss: 21716.3574 train_mapscore: 0.8658 time: 0.9217s
INFO:root:Epoch: 4395 lr: 0.01 train_loss: 21716.2891 train_mapscore: 0.8664 time: 0.9069s
INFO:root:Epoch: 4400 lr: 0.01 train_loss: 21716.2188 train_mapscore: 0.8659 time: 0.8891s
INFO:root:Epoch: 4405 lr: 0.01 train_loss: 21716.1484 train_mapscore: 0.8658 time: 0.9058s
INFO:root:Epoch: 4410 lr: 0.01 train_loss: 21716.0801 train_mapscore: 0.8657 time: 0.9545s
INFO:root:Epoch: 4415 lr: 0.01 train_loss: 21716.0137 train_mapscore: 0.8661 time: 0.9247s
INFO:root:Epoch: 4420 lr: 0.01 train_loss: 21715.9414 train_mapscore: 0.8658 time: 0.9258s
INFO:root:Epoch: 4425 lr: 0.01 train_loss: 21715.8770 train_mapscore: 0.8659 time: 0.8977s
INFO:root:Epoch: 4430 lr: 0.01 train_loss: 21715.8086 train_mapscore: 0.8662 time: 0.9129s
INFO:root:Epoch: 4435 lr: 0.01 train_loss: 21715.7422 train_mapscore: 0.8662 time: 0.9009s
INFO:root:Epoch: 4440 lr: 0.01 train_loss: 21715.6758 train_mapscore: 0.8662 time: 0.9059s
INFO:root:Epoch: 4445 lr: 0.01 train_loss: 21715.6133 train_mapscore: 0.8666 time: 0.9046s
INFO:root:Epoch: 4450 lr: 0.01 train_loss: 21715.5449 train_mapscore: 0.8662 time: 0.9221s
INFO:root:Epoch: 4455 lr: 0.01 train_loss: 21715.4824 train_mapscore: 0.8663 time: 0.9181s
INFO:root:Epoch: 4460 lr: 0.01 train_loss: 21715.4160 train_mapscore: 0.8665 time: 0.8919s
INFO:root:Epoch: 4465 lr: 0.01 train_loss: 21715.3535 train_mapscore: 0.8663 time: 0.8873s
INFO:root:Epoch: 4470 lr: 0.01 train_loss: 21715.2891 train_mapscore: 0.8662 time: 0.9072s
INFO:root:Epoch: 4475 lr: 0.01 train_loss: 21715.2266 train_mapscore: 0.8665 time: 0.8984s
INFO:root:Epoch: 4480 lr: 0.01 train_loss: 21715.1602 train_mapscore: 0.8663 time: 0.9550s
INFO:root:Epoch: 4485 lr: 0.01 train_loss: 21715.1035 train_mapscore: 0.8665 time: 0.9183s
INFO:root:Epoch: 4490 lr: 0.01 train_loss: 21715.0352 train_mapscore: 0.8661 time: 0.8699s
INFO:root:Epoch: 4495 lr: 0.01 train_loss: 21714.9766 train_mapscore: 0.8666 time: 0.8678s
INFO:root:Epoch: 4500 lr: 0.01 train_loss: 21714.9160 train_mapscore: 0.8661 time: 0.8866s
INFO:root:Epoch: 4505 lr: 0.01 train_loss: 21714.8516 train_mapscore: 0.8662 time: 0.9243s
INFO:root:Epoch: 4510 lr: 0.01 train_loss: 21714.7910 train_mapscore: 0.8655 time: 0.9198s
INFO:root:Epoch: 4515 lr: 0.01 train_loss: 21714.7285 train_mapscore: 0.8658 time: 0.9086s
INFO:root:Epoch: 4520 lr: 0.01 train_loss: 21714.6680 train_mapscore: 0.8658 time: 0.8686s
INFO:root:Epoch: 4525 lr: 0.01 train_loss: 21714.6094 train_mapscore: 0.8661 time: 0.9038s
INFO:root:Epoch: 4530 lr: 0.01 train_loss: 21714.5488 train_mapscore: 0.8660 time: 0.9540s
INFO:root:Epoch: 4535 lr: 0.01 train_loss: 21714.4922 train_mapscore: 0.8659 time: 0.9465s
INFO:root:Epoch: 4540 lr: 0.01 train_loss: 21714.4277 train_mapscore: 0.8659 time: 0.9192s
INFO:root:Epoch: 4545 lr: 0.01 train_loss: 21714.3730 train_mapscore: 0.8667 time: 0.8651s
INFO:root:Epoch: 4550 lr: 0.01 train_loss: 21714.3164 train_mapscore: 0.8662 time: 0.9342s
INFO:root:Epoch: 4555 lr: 0.01 train_loss: 21714.2539 train_mapscore: 0.8660 time: 0.9334s
INFO:root:Epoch: 4560 lr: 0.01 train_loss: 21714.1973 train_mapscore: 0.8661 time: 0.9141s
INFO:root:Epoch: 4565 lr: 0.01 train_loss: 21714.1406 train_mapscore: 0.8661 time: 0.9165s
INFO:root:Epoch: 4570 lr: 0.01 train_loss: 21714.0840 train_mapscore: 0.8657 time: 0.9053s
INFO:root:Epoch: 4575 lr: 0.01 train_loss: 21714.0273 train_mapscore: 0.8662 time: 0.8823s
INFO:root:Epoch: 4580 lr: 0.01 train_loss: 21713.9727 train_mapscore: 0.8661 time: 0.9153s
INFO:root:Epoch: 4585 lr: 0.01 train_loss: 21713.9141 train_mapscore: 0.8659 time: 0.9499s
INFO:root:Epoch: 4590 lr: 0.01 train_loss: 21713.8594 train_mapscore: 0.8660 time: 0.8927s
INFO:root:Epoch: 4595 lr: 0.01 train_loss: 21713.8066 train_mapscore: 0.8660 time: 0.9275s
INFO:root:Epoch: 4600 lr: 0.01 train_loss: 21713.7520 train_mapscore: 0.8662 time: 0.9376s
INFO:root:Epoch: 4605 lr: 0.01 train_loss: 21713.6992 train_mapscore: 0.8660 time: 0.8689s
INFO:root:Epoch: 4610 lr: 0.01 train_loss: 21713.6426 train_mapscore: 0.8660 time: 0.8998s
INFO:root:Epoch: 4615 lr: 0.01 train_loss: 21713.5918 train_mapscore: 0.8662 time: 0.9142s
INFO:root:Epoch: 4620 lr: 0.01 train_loss: 21713.5371 train_mapscore: 0.8658 time: 0.9448s
INFO:root:Epoch: 4625 lr: 0.01 train_loss: 21713.4805 train_mapscore: 0.8661 time: 0.8930s
INFO:root:Epoch: 4630 lr: 0.01 train_loss: 21713.4297 train_mapscore: 0.8659 time: 0.8924s
INFO:root:Epoch: 4635 lr: 0.01 train_loss: 21713.3789 train_mapscore: 0.8661 time: 0.8699s
INFO:root:Epoch: 4640 lr: 0.01 train_loss: 21713.3242 train_mapscore: 0.8661 time: 0.9196s
INFO:root:Epoch: 4645 lr: 0.01 train_loss: 21713.2734 train_mapscore: 0.8662 time: 0.8877s
INFO:root:Epoch: 4650 lr: 0.01 train_loss: 21713.2227 train_mapscore: 0.8662 time: 0.9058s
INFO:root:Epoch: 4655 lr: 0.01 train_loss: 21713.1660 train_mapscore: 0.8657 time: 0.8853s
INFO:root:Epoch: 4660 lr: 0.01 train_loss: 21713.1172 train_mapscore: 0.8659 time: 0.8882s
INFO:root:Epoch: 4665 lr: 0.01 train_loss: 21713.0625 train_mapscore: 0.8655 time: 0.8724s
INFO:root:Epoch: 4670 lr: 0.01 train_loss: 21713.0156 train_mapscore: 0.8656 time: 0.9156s
INFO:root:Epoch: 4675 lr: 0.01 train_loss: 21712.9668 train_mapscore: 0.8660 time: 0.8693s
INFO:root:Epoch: 4680 lr: 0.01 train_loss: 21712.9102 train_mapscore: 0.8661 time: 0.9220s
INFO:root:Epoch: 4685 lr: 0.01 train_loss: 21712.8633 train_mapscore: 0.8662 time: 0.9445s
INFO:root:Epoch: 4690 lr: 0.01 train_loss: 21712.8105 train_mapscore: 0.8659 time: 0.9005s
INFO:root:Epoch: 4695 lr: 0.01 train_loss: 21712.7617 train_mapscore: 0.8661 time: 0.9245s
INFO:root:Epoch: 4700 lr: 0.01 train_loss: 21712.7070 train_mapscore: 0.8660 time: 0.9144s
INFO:root:Epoch: 4705 lr: 0.01 train_loss: 21712.6562 train_mapscore: 0.8662 time: 0.8823s
INFO:root:Epoch: 4710 lr: 0.01 train_loss: 21712.6074 train_mapscore: 0.8659 time: 0.9592s
INFO:root:Epoch: 4715 lr: 0.01 train_loss: 21712.5547 train_mapscore: 0.8661 time: 0.9160s
INFO:root:Epoch: 4720 lr: 0.01 train_loss: 21712.5039 train_mapscore: 0.8656 time: 0.9072s
INFO:root:Epoch: 4725 lr: 0.01 train_loss: 21712.4531 train_mapscore: 0.8659 time: 0.8745s
INFO:root:Epoch: 4730 lr: 0.01 train_loss: 21712.4004 train_mapscore: 0.8659 time: 0.8685s
INFO:root:Epoch: 4735 lr: 0.01 train_loss: 21712.3516 train_mapscore: 0.8661 time: 0.9101s
INFO:root:Epoch: 4740 lr: 0.01 train_loss: 21712.3008 train_mapscore: 0.8659 time: 0.8963s
INFO:root:Epoch: 4745 lr: 0.01 train_loss: 21712.2461 train_mapscore: 0.8657 time: 0.9220s
INFO:root:Epoch: 4750 lr: 0.01 train_loss: 21712.1914 train_mapscore: 0.8660 time: 0.9180s
INFO:root:Epoch: 4755 lr: 0.01 train_loss: 21712.1367 train_mapscore: 0.8660 time: 0.8675s
INFO:root:Epoch: 4760 lr: 0.01 train_loss: 21712.0801 train_mapscore: 0.8660 time: 0.9049s
INFO:root:Epoch: 4765 lr: 0.01 train_loss: 21712.0234 train_mapscore: 0.8660 time: 0.9175s
INFO:root:Epoch: 4770 lr: 0.01 train_loss: 21711.9609 train_mapscore: 0.8662 time: 0.8801s
INFO:root:Epoch: 4775 lr: 0.01 train_loss: 21711.8984 train_mapscore: 0.8662 time: 0.9185s
INFO:root:Epoch: 4780 lr: 0.01 train_loss: 21711.8262 train_mapscore: 0.8662 time: 0.8871s
INFO:root:Epoch: 4785 lr: 0.01 train_loss: 21711.7559 train_mapscore: 0.8662 time: 0.9595s
INFO:root:Epoch: 4790 lr: 0.01 train_loss: 21711.6816 train_mapscore: 0.8660 time: 0.8958s
INFO:root:Epoch: 4795 lr: 0.01 train_loss: 21711.6152 train_mapscore: 0.8658 time: 0.8826s
INFO:root:Epoch: 4800 lr: 0.01 train_loss: 21711.5547 train_mapscore: 0.8662 time: 0.9868s
INFO:root:Epoch: 4805 lr: 0.01 train_loss: 21711.5039 train_mapscore: 0.8662 time: 0.8947s
INFO:root:Epoch: 4810 lr: 0.01 train_loss: 21711.4492 train_mapscore: 0.8661 time: 0.9246s
INFO:root:Epoch: 4815 lr: 0.01 train_loss: 21711.4004 train_mapscore: 0.8663 time: 0.9116s
INFO:root:Epoch: 4820 lr: 0.01 train_loss: 21711.3516 train_mapscore: 0.8661 time: 0.9177s
INFO:root:Epoch: 4825 lr: 0.01 train_loss: 21711.3008 train_mapscore: 0.8660 time: 0.9666s
INFO:root:Epoch: 4830 lr: 0.01 train_loss: 21711.2539 train_mapscore: 0.8660 time: 0.8914s
INFO:root:Epoch: 4835 lr: 0.01 train_loss: 21711.2031 train_mapscore: 0.8661 time: 0.8836s
INFO:root:Epoch: 4840 lr: 0.01 train_loss: 21711.1523 train_mapscore: 0.8662 time: 0.9355s
INFO:root:Epoch: 4845 lr: 0.01 train_loss: 21711.1055 train_mapscore: 0.8661 time: 0.9317s
INFO:root:Epoch: 4850 lr: 0.01 train_loss: 21711.0547 train_mapscore: 0.8661 time: 0.9190s
INFO:root:Epoch: 4855 lr: 0.01 train_loss: 21711.0059 train_mapscore: 0.8662 time: 0.9136s
INFO:root:Epoch: 4860 lr: 0.01 train_loss: 21710.9570 train_mapscore: 0.8661 time: 0.9088s
INFO:root:Epoch: 4865 lr: 0.01 train_loss: 21710.9102 train_mapscore: 0.8660 time: 0.9163s
INFO:root:Epoch: 4870 lr: 0.01 train_loss: 21710.8594 train_mapscore: 0.8663 time: 0.9020s
INFO:root:Epoch: 4875 lr: 0.01 train_loss: 21710.8105 train_mapscore: 0.8662 time: 0.9778s
INFO:root:Epoch: 4880 lr: 0.01 train_loss: 21710.7637 train_mapscore: 0.8662 time: 0.9468s
INFO:root:Epoch: 4885 lr: 0.01 train_loss: 21710.7109 train_mapscore: 0.8660 time: 0.9553s
INFO:root:Epoch: 4890 lr: 0.01 train_loss: 21710.6641 train_mapscore: 0.8660 time: 0.9571s
INFO:root:Epoch: 4895 lr: 0.01 train_loss: 21710.6094 train_mapscore: 0.8662 time: 0.8999s
INFO:root:Epoch: 4900 lr: 0.01 train_loss: 21710.5625 train_mapscore: 0.8663 time: 0.9489s
INFO:root:Epoch: 4905 lr: 0.01 train_loss: 21710.5137 train_mapscore: 0.8660 time: 0.9382s
INFO:root:Epoch: 4910 lr: 0.01 train_loss: 21710.4688 train_mapscore: 0.8662 time: 0.9593s
INFO:root:Epoch: 4915 lr: 0.01 train_loss: 21710.4141 train_mapscore: 0.8661 time: 0.9634s
INFO:root:Epoch: 4920 lr: 0.01 train_loss: 21710.3633 train_mapscore: 0.8659 time: 0.8882s
INFO:root:Epoch: 4925 lr: 0.01 train_loss: 21710.3164 train_mapscore: 0.8662 time: 0.9080s
INFO:root:Epoch: 4930 lr: 0.01 train_loss: 21710.2617 train_mapscore: 0.8660 time: 0.9054s
INFO:root:Epoch: 4935 lr: 0.01 train_loss: 21710.2109 train_mapscore: 0.8661 time: 0.8842s
INFO:root:Epoch: 4940 lr: 0.01 train_loss: 21710.1641 train_mapscore: 0.8658 time: 0.8998s
INFO:root:Epoch: 4945 lr: 0.01 train_loss: 21710.1094 train_mapscore: 0.8662 time: 0.8850s
INFO:root:Epoch: 4950 lr: 0.01 train_loss: 21710.0625 train_mapscore: 0.8661 time: 0.8994s
INFO:root:Epoch: 4955 lr: 0.01 train_loss: 21710.0117 train_mapscore: 0.8662 time: 0.9029s
INFO:root:Epoch: 4960 lr: 0.01 train_loss: 21709.9609 train_mapscore: 0.8664 time: 0.9334s
INFO:root:Epoch: 4965 lr: 0.01 train_loss: 21709.9102 train_mapscore: 0.8663 time: 0.8742s
INFO:root:Epoch: 4970 lr: 0.01 train_loss: 21709.8613 train_mapscore: 0.8663 time: 0.8996s
INFO:root:Epoch: 4975 lr: 0.01 train_loss: 21709.8125 train_mapscore: 0.8664 time: 0.8731s
INFO:root:Epoch: 4980 lr: 0.01 train_loss: 21709.7598 train_mapscore: 0.8666 time: 0.8763s
INFO:root:Epoch: 4985 lr: 0.01 train_loss: 21709.7129 train_mapscore: 0.8666 time: 0.9048s
INFO:root:Epoch: 4990 lr: 0.01 train_loss: 21709.6602 train_mapscore: 0.8665 time: 0.9071s
INFO:root:Epoch: 4995 lr: 0.01 train_loss: 21709.6094 train_mapscore: 0.8662 time: 0.9249s
INFO:root:Epoch: 5000 lr: 0.0025 train_loss: 21709.5625 train_mapscore: 0.8664 time: 0.9033s
INFO:root:Optimization Finished!
INFO:root:Total time elapsed: 4642.8266s
INFO:root:Val set results: val_distortion: 1.0000 val_mapscore: -1.0000
INFO:root:Test set results: test_loss: 21709.5527 test_mapscore: 0.8663
INFO:root:Saved model in /home/xiongbo/hgcn/logs/md/2021_4_10/0
