INFO:root:Using: cuda:0
INFO:root:Using seed 1234.
INFO:root:MDModel(
  (encoder): MLP(
    (layers): Sequential(
      (0): Linear(
        (linear): Linear(in_features=5925, out_features=10, bias=True)
      )
    )
  )
  (decoder): MDDecoder()
)
INFO:root:Total number of parameters: 59260
/home/xiongbo/anaconda3/envs/geometry/lib/python3.7/site-packages/torch/optim/lr_scheduler.py:370: UserWarning: To get the last learning rate computed by the scheduler, please use `get_last_lr()`.
  "please use `get_last_lr()`.", UserWarning)
INFO:root:Epoch: 0005 lr: 0.01 train_loss: 273584.6875 train_mapscore: 0.0263 time: 4.7087s
INFO:root:Epoch: 0010 lr: 0.01 train_loss: 272244.6875 train_mapscore: 0.0508 time: 4.5547s
INFO:root:Epoch: 0015 lr: 0.01 train_loss: 269356.1250 train_mapscore: 0.0607 time: 4.5914s
INFO:root:Epoch: 0020 lr: 0.01 train_loss: 264709.8750 train_mapscore: 0.0660 time: 4.6524s
INFO:root:Epoch: 0025 lr: 0.01 train_loss: 258371.3125 train_mapscore: 0.0704 time: 4.5378s
INFO:root:Epoch: 0030 lr: 0.01 train_loss: 250771.2656 train_mapscore: 0.0739 time: 4.4815s
INFO:root:Epoch: 0035 lr: 0.01 train_loss: 242310.4375 train_mapscore: 0.0782 time: 4.3747s
INFO:root:Epoch: 0040 lr: 0.01 train_loss: 233505.3438 train_mapscore: 0.0844 time: 4.2765s
INFO:root:Epoch: 0045 lr: 0.01 train_loss: 224774.1562 train_mapscore: 0.0932 time: 4.1389s
INFO:root:Epoch: 0050 lr: 0.01 train_loss: 216395.4844 train_mapscore: 0.1025 time: 3.9291s
INFO:root:Epoch: 0055 lr: 0.01 train_loss: 208490.0000 train_mapscore: 0.1139 time: 3.7952s
INFO:root:Epoch: 0060 lr: 0.01 train_loss: 201093.3438 train_mapscore: 0.1277 time: 3.6833s
INFO:root:Epoch: 0065 lr: 0.01 train_loss: 194188.0312 train_mapscore: 0.1432 time: 3.5929s
INFO:root:Epoch: 0070 lr: 0.01 train_loss: 187736.7500 train_mapscore: 0.1604 time: 3.5119s
INFO:root:Epoch: 0075 lr: 0.01 train_loss: 181701.8125 train_mapscore: 0.1815 time: 3.3940s
INFO:root:Epoch: 0080 lr: 0.01 train_loss: 176056.7812 train_mapscore: 0.2033 time: 3.3297s
INFO:root:Epoch: 0085 lr: 0.01 train_loss: 170791.3750 train_mapscore: 0.2261 time: 3.2775s
INFO:root:Epoch: 0090 lr: 0.01 train_loss: 165902.7500 train_mapscore: 0.2525 time: 3.2895s
INFO:root:Epoch: 0095 lr: 0.01 train_loss: 161399.8750 train_mapscore: 0.2775 time: 3.2114s
INFO:root:Epoch: 0100 lr: 0.01 train_loss: 157291.6875 train_mapscore: 0.3028 time: 3.1857s
INFO:root:Epoch: 0105 lr: 0.01 train_loss: 153580.8125 train_mapscore: 0.3252 time: 3.1575s
INFO:root:Epoch: 0110 lr: 0.01 train_loss: 150262.6250 train_mapscore: 0.3452 time: 3.1726s
INFO:root:Epoch: 0115 lr: 0.01 train_loss: 147318.4688 train_mapscore: 0.3636 time: 3.1603s
INFO:root:Epoch: 0120 lr: 0.01 train_loss: 144724.6250 train_mapscore: 0.3788 time: 3.0985s
INFO:root:Epoch: 0125 lr: 0.01 train_loss: 142448.1719 train_mapscore: 0.3913 time: 3.0757s
INFO:root:Epoch: 0130 lr: 0.01 train_loss: 140453.2344 train_mapscore: 0.4054 time: 3.0680s
INFO:root:Epoch: 0135 lr: 0.01 train_loss: 138703.9688 train_mapscore: 0.4172 time: 3.1011s
INFO:root:Epoch: 0140 lr: 0.01 train_loss: 137167.3750 train_mapscore: 0.4257 time: 3.0515s
INFO:root:Epoch: 0145 lr: 0.01 train_loss: 135813.1250 train_mapscore: 0.4342 time: 3.0455s
INFO:root:Epoch: 0150 lr: 0.01 train_loss: 134612.7812 train_mapscore: 0.4434 time: 3.0443s
INFO:root:Epoch: 0155 lr: 0.01 train_loss: 133543.5938 train_mapscore: 0.4516 time: 3.0364s
INFO:root:Epoch: 0160 lr: 0.01 train_loss: 132586.4375 train_mapscore: 0.4568 time: 3.0664s
INFO:root:Epoch: 0165 lr: 0.01 train_loss: 131725.7031 train_mapscore: 0.4601 time: 3.0203s
INFO:root:Epoch: 0170 lr: 0.01 train_loss: 130947.7188 train_mapscore: 0.4647 time: 3.0206s
INFO:root:Epoch: 0175 lr: 0.01 train_loss: 130241.8594 train_mapscore: 0.4678 time: 3.0167s
INFO:root:Epoch: 0180 lr: 0.01 train_loss: 129598.5312 train_mapscore: 0.4709 time: 3.0476s
INFO:root:Epoch: 0185 lr: 0.01 train_loss: 129010.1172 train_mapscore: 0.4743 time: 2.9938s
INFO:root:Epoch: 0190 lr: 0.01 train_loss: 128469.9453 train_mapscore: 0.4782 time: 2.9548s
INFO:root:Epoch: 0195 lr: 0.01 train_loss: 127972.3750 train_mapscore: 0.4806 time: 3.0038s
INFO:root:Epoch: 0200 lr: 0.01 train_loss: 127512.6875 train_mapscore: 0.4826 time: 3.0088s
INFO:root:Epoch: 0205 lr: 0.01 train_loss: 127086.7188 train_mapscore: 0.4846 time: 3.0231s
INFO:root:Epoch: 0210 lr: 0.01 train_loss: 126690.9922 train_mapscore: 0.4868 time: 3.0273s
INFO:root:Epoch: 0215 lr: 0.01 train_loss: 126322.1094 train_mapscore: 0.4882 time: 2.9806s
INFO:root:Epoch: 0220 lr: 0.01 train_loss: 125977.3594 train_mapscore: 0.4904 time: 2.9765s
INFO:root:Epoch: 0225 lr: 0.01 train_loss: 125654.5938 train_mapscore: 0.4928 time: 3.0716s
INFO:root:Epoch: 0230 lr: 0.01 train_loss: 125351.7969 train_mapscore: 0.4944 time: 3.0184s
INFO:root:Epoch: 0235 lr: 0.01 train_loss: 125066.9844 train_mapscore: 0.4963 time: 2.9860s
INFO:root:Epoch: 0240 lr: 0.01 train_loss: 124798.7812 train_mapscore: 0.4973 time: 2.9850s
INFO:root:Epoch: 0245 lr: 0.01 train_loss: 124545.8203 train_mapscore: 0.4986 time: 2.9882s
INFO:root:Epoch: 0250 lr: 0.01 train_loss: 124306.7656 train_mapscore: 0.5005 time: 3.0138s
INFO:root:Epoch: 0255 lr: 0.01 train_loss: 124080.7734 train_mapscore: 0.5027 time: 3.0262s
INFO:root:Epoch: 0260 lr: 0.01 train_loss: 123866.8516 train_mapscore: 0.5050 time: 2.9788s
INFO:root:Epoch: 0265 lr: 0.01 train_loss: 123664.1562 train_mapscore: 0.5069 time: 2.9809s
INFO:root:Epoch: 0270 lr: 0.01 train_loss: 123471.7344 train_mapscore: 0.5080 time: 2.9762s
INFO:root:Epoch: 0275 lr: 0.01 train_loss: 123288.6953 train_mapscore: 0.5097 time: 3.0194s
INFO:root:Epoch: 0280 lr: 0.01 train_loss: 123114.5625 train_mapscore: 0.5108 time: 3.0217s
INFO:root:Epoch: 0285 lr: 0.01 train_loss: 122948.5625 train_mapscore: 0.5125 time: 2.9778s
INFO:root:Epoch: 0290 lr: 0.01 train_loss: 122790.2031 train_mapscore: 0.5142 time: 3.1840s
INFO:root:Epoch: 0295 lr: 0.01 train_loss: 122638.7500 train_mapscore: 0.5154 time: 2.9720s
INFO:root:Epoch: 0300 lr: 0.01 train_loss: 122493.7969 train_mapscore: 0.5170 time: 3.0148s
INFO:root:Epoch: 0305 lr: 0.01 train_loss: 122354.8750 train_mapscore: 0.5182 time: 2.9734s
INFO:root:Epoch: 0310 lr: 0.01 train_loss: 122221.5859 train_mapscore: 0.5192 time: 2.9706s
INFO:root:Epoch: 0315 lr: 0.01 train_loss: 122093.5938 train_mapscore: 0.5207 time: 2.9650s
INFO:root:Epoch: 0320 lr: 0.01 train_loss: 121970.4531 train_mapscore: 0.5220 time: 3.0172s
INFO:root:Epoch: 0325 lr: 0.01 train_loss: 121851.9844 train_mapscore: 0.5233 time: 3.0226s
INFO:root:Epoch: 0330 lr: 0.01 train_loss: 121737.7188 train_mapscore: 0.5256 time: 2.9788s
INFO:root:Epoch: 0335 lr: 0.01 train_loss: 121627.4844 train_mapscore: 0.5265 time: 2.9722s
INFO:root:Epoch: 0340 lr: 0.01 train_loss: 121521.0156 train_mapscore: 0.5276 time: 2.9744s
INFO:root:Epoch: 0345 lr: 0.01 train_loss: 121418.0156 train_mapscore: 0.5287 time: 3.0045s
INFO:root:Epoch: 0350 lr: 0.01 train_loss: 121318.3750 train_mapscore: 0.5301 time: 2.9662s
INFO:root:Epoch: 0355 lr: 0.01 train_loss: 121221.9062 train_mapscore: 0.5317 time: 2.9704s
INFO:root:Epoch: 0360 lr: 0.01 train_loss: 121128.4062 train_mapscore: 0.5330 time: 2.9782s
INFO:root:Epoch: 0365 lr: 0.01 train_loss: 121037.6875 train_mapscore: 0.5338 time: 2.9704s
INFO:root:Epoch: 0370 lr: 0.01 train_loss: 120949.6641 train_mapscore: 0.5347 time: 3.0067s
INFO:root:Epoch: 0375 lr: 0.01 train_loss: 120864.1562 train_mapscore: 0.5358 time: 2.9645s
INFO:root:Epoch: 0380 lr: 0.01 train_loss: 120781.0234 train_mapscore: 0.5371 time: 2.9797s
INFO:root:Epoch: 0385 lr: 0.01 train_loss: 120700.1875 train_mapscore: 0.5386 time: 2.9736s
INFO:root:Epoch: 0390 lr: 0.01 train_loss: 120621.5234 train_mapscore: 0.5398 time: 3.0000s
INFO:root:Epoch: 0395 lr: 0.01 train_loss: 120544.9062 train_mapscore: 0.5405 time: 2.9965s
INFO:root:Epoch: 0400 lr: 0.01 train_loss: 120470.2656 train_mapscore: 0.5416 time: 2.9617s
INFO:root:Epoch: 0405 lr: 0.01 train_loss: 120397.5234 train_mapscore: 0.5431 time: 2.9718s
INFO:root:Epoch: 0410 lr: 0.01 train_loss: 120326.5312 train_mapscore: 0.5442 time: 2.9725s
INFO:root:Epoch: 0415 lr: 0.01 train_loss: 120257.2188 train_mapscore: 0.5456 time: 3.0062s
INFO:root:Epoch: 0420 lr: 0.01 train_loss: 120189.5234 train_mapscore: 0.5468 time: 3.0046s
INFO:root:Epoch: 0425 lr: 0.01 train_loss: 120123.3750 train_mapscore: 0.5481 time: 2.9571s
INFO:root:Epoch: 0430 lr: 0.01 train_loss: 120058.6719 train_mapscore: 0.5492 time: 2.9643s
INFO:root:Epoch: 0435 lr: 0.01 train_loss: 119995.4297 train_mapscore: 0.5501 time: 3.0012s
INFO:root:Epoch: 0440 lr: 0.01 train_loss: 119933.4844 train_mapscore: 0.5514 time: 2.9910s
INFO:root:Epoch: 0445 lr: 0.01 train_loss: 119872.8594 train_mapscore: 0.5519 time: 2.9518s
INFO:root:Epoch: 0450 lr: 0.01 train_loss: 119813.4531 train_mapscore: 0.5530 time: 2.9000s
INFO:root:Epoch: 0455 lr: 0.01 train_loss: 119755.2500 train_mapscore: 0.5538 time: 2.9607s
INFO:root:Epoch: 0460 lr: 0.01 train_loss: 119698.1797 train_mapscore: 0.5549 time: 2.9516s
INFO:root:Epoch: 0465 lr: 0.01 train_loss: 119642.2578 train_mapscore: 0.5556 time: 2.9508s
INFO:root:Epoch: 0470 lr: 0.01 train_loss: 119587.3438 train_mapscore: 0.5565 time: 2.8950s
INFO:root:Epoch: 0475 lr: 0.01 train_loss: 119533.5312 train_mapscore: 0.5576 time: 2.9115s
INFO:root:Epoch: 0480 lr: 0.01 train_loss: 119480.6719 train_mapscore: 0.5585 time: 2.9478s
INFO:root:Epoch: 0485 lr: 0.01 train_loss: 119428.8438 train_mapscore: 0.5598 time: 2.9967s
INFO:root:Epoch: 0490 lr: 0.01 train_loss: 119377.9609 train_mapscore: 0.5604 time: 2.9993s
INFO:root:Epoch: 0495 lr: 0.01 train_loss: 119328.0469 train_mapscore: 0.5618 time: 2.9613s
INFO:root:Epoch: 0500 lr: 0.01 train_loss: 119279.0625 train_mapscore: 0.5620 time: 2.9479s
INFO:root:Epoch: 0505 lr: 0.01 train_loss: 119230.9844 train_mapscore: 0.5630 time: 2.9476s
INFO:root:Epoch: 0510 lr: 0.01 train_loss: 119183.7969 train_mapscore: 0.5642 time: 2.9878s
INFO:root:Epoch: 0515 lr: 0.01 train_loss: 119137.4766 train_mapscore: 0.5647 time: 2.9487s
INFO:root:Epoch: 0520 lr: 0.01 train_loss: 119091.9844 train_mapscore: 0.5657 time: 2.9514s
INFO:root:Epoch: 0525 lr: 0.01 train_loss: 119047.3047 train_mapscore: 0.5665 time: 2.9564s
INFO:root:Epoch: 0530 lr: 0.01 train_loss: 119003.4062 train_mapscore: 0.5674 time: 2.9874s
INFO:root:Epoch: 0535 lr: 0.01 train_loss: 118960.2656 train_mapscore: 0.5682 time: 2.9901s
INFO:root:Epoch: 0540 lr: 0.01 train_loss: 118917.8672 train_mapscore: 0.5696 time: 2.9485s
INFO:root:Epoch: 0545 lr: 0.01 train_loss: 118876.2031 train_mapscore: 0.5704 time: 2.9543s
INFO:root:Epoch: 0550 lr: 0.01 train_loss: 118835.2656 train_mapscore: 0.5711 time: 2.9488s
INFO:root:Epoch: 0555 lr: 0.01 train_loss: 118795.0312 train_mapscore: 0.5721 time: 2.9920s
INFO:root:Epoch: 0560 lr: 0.01 train_loss: 118755.5000 train_mapscore: 0.5727 time: 2.9440s
INFO:root:Epoch: 0565 lr: 0.01 train_loss: 118716.6172 train_mapscore: 0.5737 time: 2.9542s
INFO:root:Epoch: 0570 lr: 0.01 train_loss: 118678.4531 train_mapscore: 0.5743 time: 2.9523s
INFO:root:Epoch: 0575 lr: 0.01 train_loss: 118640.9297 train_mapscore: 0.5749 time: 2.9493s
INFO:root:Epoch: 0580 lr: 0.01 train_loss: 118604.1094 train_mapscore: 0.5758 time: 2.9907s
INFO:root:Epoch: 0585 lr: 0.01 train_loss: 118567.9453 train_mapscore: 0.5766 time: 2.9441s
INFO:root:Epoch: 0590 lr: 0.01 train_loss: 118532.4375 train_mapscore: 0.5773 time: 2.9420s
INFO:root:Epoch: 0595 lr: 0.01 train_loss: 118497.5781 train_mapscore: 0.5782 time: 2.9395s
INFO:root:Epoch: 0600 lr: 0.01 train_loss: 118463.3750 train_mapscore: 0.5783 time: 2.9909s
INFO:root:Epoch: 0605 lr: 0.01 train_loss: 118429.8438 train_mapscore: 0.5791 time: 2.9790s
INFO:root:Epoch: 0610 lr: 0.01 train_loss: 118396.9141 train_mapscore: 0.5798 time: 2.9540s
INFO:root:Epoch: 0615 lr: 0.01 train_loss: 118364.6328 train_mapscore: 0.5804 time: 2.9429s
INFO:root:Epoch: 0620 lr: 0.01 train_loss: 118332.9922 train_mapscore: 0.5817 time: 2.9420s
INFO:root:Epoch: 0625 lr: 0.01 train_loss: 118301.9688 train_mapscore: 0.5820 time: 2.9692s
INFO:root:Epoch: 0630 lr: 0.01 train_loss: 118271.5625 train_mapscore: 0.5830 time: 2.9825s
INFO:root:Epoch: 0635 lr: 0.01 train_loss: 118241.7188 train_mapscore: 0.5833 time: 2.9433s
INFO:root:Epoch: 0640 lr: 0.01 train_loss: 118212.5078 train_mapscore: 0.5839 time: 2.9367s
INFO:root:Epoch: 0645 lr: 0.01 train_loss: 118183.8125 train_mapscore: 0.5842 time: 2.9857s
INFO:root:Epoch: 0650 lr: 0.01 train_loss: 118155.7344 train_mapscore: 0.5850 time: 2.9738s
INFO:root:Epoch: 0655 lr: 0.01 train_loss: 118128.1484 train_mapscore: 0.5857 time: 2.8855s
INFO:root:Epoch: 0660 lr: 0.01 train_loss: 118101.1016 train_mapscore: 0.5863 time: 2.9512s
INFO:root:Epoch: 0665 lr: 0.01 train_loss: 118074.5625 train_mapscore: 0.5869 time: 2.9376s
INFO:root:Epoch: 0670 lr: 0.01 train_loss: 118048.5234 train_mapscore: 0.5875 time: 2.9801s
INFO:root:Epoch: 0675 lr: 0.01 train_loss: 118022.9844 train_mapscore: 0.5879 time: 2.9755s
INFO:root:Epoch: 0680 lr: 0.01 train_loss: 117997.9219 train_mapscore: 0.5886 time: 2.9360s
INFO:root:Epoch: 0685 lr: 0.01 train_loss: 117973.2969 train_mapscore: 0.5891 time: 2.9338s
INFO:root:Epoch: 0690 lr: 0.01 train_loss: 117949.1250 train_mapscore: 0.5902 time: 2.9382s
INFO:root:Epoch: 0695 lr: 0.01 train_loss: 117925.4219 train_mapscore: 0.5905 time: 3.0063s
INFO:root:Epoch: 0700 lr: 0.01 train_loss: 117902.1172 train_mapscore: 0.5915 time: 2.9712s
INFO:root:Epoch: 0705 lr: 0.01 train_loss: 117879.2500 train_mapscore: 0.5920 time: 2.9515s
INFO:root:Epoch: 0710 lr: 0.01 train_loss: 117856.7656 train_mapscore: 0.5927 time: 2.9371s
INFO:root:Epoch: 0715 lr: 0.01 train_loss: 117834.6875 train_mapscore: 0.5929 time: 2.9322s
INFO:root:Epoch: 0720 lr: 0.01 train_loss: 117812.9844 train_mapscore: 0.5938 time: 2.9816s
INFO:root:Epoch: 0725 lr: 0.01 train_loss: 117791.6562 train_mapscore: 0.5943 time: 2.9460s
INFO:root:Epoch: 0730 lr: 0.01 train_loss: 117770.6875 train_mapscore: 0.5943 time: 2.9386s
INFO:root:Epoch: 0735 lr: 0.01 train_loss: 117750.0781 train_mapscore: 0.5949 time: 2.9294s
INFO:root:Epoch: 0740 lr: 0.01 train_loss: 117729.7969 train_mapscore: 0.5951 time: 2.9698s
INFO:root:Epoch: 0745 lr: 0.01 train_loss: 117709.8594 train_mapscore: 0.5952 time: 2.9813s
INFO:root:Epoch: 0750 lr: 0.01 train_loss: 117690.2188 train_mapscore: 0.5953 time: 2.9352s
INFO:root:Epoch: 0755 lr: 0.01 train_loss: 117670.8906 train_mapscore: 0.5959 time: 2.9412s
INFO:root:Epoch: 0760 lr: 0.01 train_loss: 117651.8750 train_mapscore: 0.5961 time: 2.9397s
INFO:root:Epoch: 0765 lr: 0.01 train_loss: 117633.1328 train_mapscore: 0.5964 time: 2.9849s
INFO:root:Epoch: 0770 lr: 0.01 train_loss: 117614.6719 train_mapscore: 0.5969 time: 2.9395s
INFO:root:Epoch: 0775 lr: 0.01 train_loss: 117596.4609 train_mapscore: 0.5971 time: 2.9344s
INFO:root:Epoch: 0780 lr: 0.01 train_loss: 117578.5000 train_mapscore: 0.5973 time: 2.9414s
INFO:root:Epoch: 0785 lr: 0.01 train_loss: 117560.7969 train_mapscore: 0.5979 time: 2.9338s
INFO:root:Epoch: 0790 lr: 0.01 train_loss: 117543.3438 train_mapscore: 0.5986 time: 2.9815s
INFO:root:Epoch: 0795 lr: 0.01 train_loss: 117526.1172 train_mapscore: 0.5993 time: 2.9258s
INFO:root:Epoch: 0800 lr: 0.01 train_loss: 117509.1094 train_mapscore: 0.5994 time: 2.9226s
INFO:root:Epoch: 0805 lr: 0.01 train_loss: 117492.3281 train_mapscore: 0.6000 time: 2.9250s
INFO:root:Epoch: 0810 lr: 0.01 train_loss: 117475.7656 train_mapscore: 0.6002 time: 2.9662s
INFO:root:Epoch: 0815 lr: 0.01 train_loss: 117459.4062 train_mapscore: 0.6007 time: 2.9727s
INFO:root:Epoch: 0820 lr: 0.01 train_loss: 117443.2500 train_mapscore: 0.6012 time: 2.9401s
INFO:root:Epoch: 0825 lr: 0.01 train_loss: 117427.2969 train_mapscore: 0.6016 time: 2.9346s
INFO:root:Epoch: 0830 lr: 0.01 train_loss: 117411.5312 train_mapscore: 0.6019 time: 2.9371s
INFO:root:Epoch: 0835 lr: 0.01 train_loss: 117395.9531 train_mapscore: 0.6023 time: 2.9245s
INFO:root:Epoch: 0840 lr: 0.01 train_loss: 117380.5781 train_mapscore: 0.6027 time: 2.9786s
INFO:root:Epoch: 0845 lr: 0.01 train_loss: 117365.3750 train_mapscore: 0.6032 time: 2.9413s
INFO:root:Epoch: 0850 lr: 0.01 train_loss: 117350.3594 train_mapscore: 0.6034 time: 2.9285s
INFO:root:Epoch: 0855 lr: 0.01 train_loss: 117335.5078 train_mapscore: 0.6037 time: 2.9731s
INFO:root:Epoch: 0860 lr: 0.01 train_loss: 117320.8281 train_mapscore: 0.6044 time: 2.9691s
INFO:root:Epoch: 0865 lr: 0.01 train_loss: 117306.3203 train_mapscore: 0.6048 time: 2.9351s
INFO:root:Epoch: 0870 lr: 0.01 train_loss: 117291.9844 train_mapscore: 0.6046 time: 2.9439s
INFO:root:Epoch: 0875 lr: 0.01 train_loss: 117277.7969 train_mapscore: 0.6051 time: 2.9365s
INFO:root:Epoch: 0880 lr: 0.01 train_loss: 117263.7812 train_mapscore: 0.6055 time: 2.9844s
INFO:root:Epoch: 0885 lr: 0.01 train_loss: 117249.9062 train_mapscore: 0.6056 time: 2.9724s
INFO:root:Epoch: 0890 lr: 0.01 train_loss: 117236.2031 train_mapscore: 0.6061 time: 2.9303s
INFO:root:Epoch: 0895 lr: 0.01 train_loss: 117222.6172 train_mapscore: 0.6064 time: 2.9368s
INFO:root:Epoch: 0900 lr: 0.01 train_loss: 117209.1875 train_mapscore: 0.6064 time: 2.9421s
INFO:root:Epoch: 0905 lr: 0.01 train_loss: 117195.8906 train_mapscore: 0.6072 time: 2.9729s
INFO:root:Epoch: 0910 lr: 0.01 train_loss: 117182.7344 train_mapscore: 0.6073 time: 2.9725s
INFO:root:Epoch: 0915 lr: 0.01 train_loss: 117169.7188 train_mapscore: 0.6077 time: 2.9485s
INFO:root:Epoch: 0920 lr: 0.01 train_loss: 117156.8125 train_mapscore: 0.6078 time: 2.9415s
INFO:root:Epoch: 0925 lr: 0.01 train_loss: 117144.0469 train_mapscore: 0.6082 time: 2.9380s
INFO:root:Epoch: 0930 lr: 0.01 train_loss: 117131.3906 train_mapscore: 0.6082 time: 2.9781s
INFO:root:Epoch: 0935 lr: 0.01 train_loss: 117118.8516 train_mapscore: 0.6085 time: 2.9452s
INFO:root:Epoch: 0940 lr: 0.01 train_loss: 117106.4062 train_mapscore: 0.6086 time: 2.9402s
INFO:root:Epoch: 0945 lr: 0.01 train_loss: 117094.1016 train_mapscore: 0.6088 time: 2.9369s
INFO:root:Epoch: 0950 lr: 0.01 train_loss: 117081.8906 train_mapscore: 0.6090 time: 2.9734s
INFO:root:Epoch: 0955 lr: 0.01 train_loss: 117069.7969 train_mapscore: 0.6092 time: 2.9730s
INFO:root:Epoch: 0960 lr: 0.01 train_loss: 117057.8125 train_mapscore: 0.6097 time: 2.9369s
INFO:root:Epoch: 0965 lr: 0.01 train_loss: 117045.9531 train_mapscore: 0.6103 time: 2.9334s
INFO:root:Epoch: 0970 lr: 0.01 train_loss: 117034.1875 train_mapscore: 0.6105 time: 2.9341s
INFO:root:Epoch: 0975 lr: 0.01 train_loss: 117022.5469 train_mapscore: 0.6112 time: 2.9647s
INFO:root:Epoch: 0980 lr: 0.01 train_loss: 117011.0156 train_mapscore: 0.6114 time: 2.9369s
INFO:root:Epoch: 0985 lr: 0.01 train_loss: 116999.6094 train_mapscore: 0.6119 time: 2.9492s
INFO:root:Epoch: 0990 lr: 0.01 train_loss: 116988.2969 train_mapscore: 0.6121 time: 2.9274s
INFO:root:Epoch: 0995 lr: 0.01 train_loss: 116977.1172 train_mapscore: 0.6125 time: 2.9339s
INFO:root:Epoch: 1000 lr: 0.01 train_loss: 116966.0391 train_mapscore: 0.6127 time: 2.9734s
INFO:root:Epoch: 1005 lr: 0.01 train_loss: 116955.0781 train_mapscore: 0.6130 time: 2.9327s
INFO:root:Epoch: 1010 lr: 0.01 train_loss: 116944.2188 train_mapscore: 0.6133 time: 2.9298s
INFO:root:Epoch: 1015 lr: 0.01 train_loss: 116933.4609 train_mapscore: 0.6131 time: 2.9293s
INFO:root:Epoch: 1020 lr: 0.01 train_loss: 116922.8203 train_mapscore: 0.6136 time: 2.9693s
INFO:root:Epoch: 1025 lr: 0.01 train_loss: 116912.2812 train_mapscore: 0.6134 time: 2.9676s
INFO:root:Epoch: 1030 lr: 0.01 train_loss: 116901.8594 train_mapscore: 0.6136 time: 2.9352s
INFO:root:Epoch: 1035 lr: 0.01 train_loss: 116891.5312 train_mapscore: 0.6141 time: 2.9333s
INFO:root:Epoch: 1040 lr: 0.01 train_loss: 116881.3281 train_mapscore: 0.6140 time: 2.9350s
INFO:root:Epoch: 1045 lr: 0.01 train_loss: 116871.2109 train_mapscore: 0.6146 time: 2.9661s
INFO:root:Epoch: 1050 lr: 0.01 train_loss: 116861.1953 train_mapscore: 0.6149 time: 2.9668s
INFO:root:Epoch: 1055 lr: 0.01 train_loss: 116851.2891 train_mapscore: 0.6150 time: 2.9408s
INFO:root:Epoch: 1060 lr: 0.01 train_loss: 116841.4609 train_mapscore: 0.6151 time: 2.9339s
INFO:root:Epoch: 1065 lr: 0.01 train_loss: 116831.7344 train_mapscore: 0.6156 time: 2.9723s
INFO:root:Epoch: 1070 lr: 0.01 train_loss: 116822.1094 train_mapscore: 0.6157 time: 2.9800s
INFO:root:Epoch: 1075 lr: 0.01 train_loss: 116812.5703 train_mapscore: 0.6157 time: 2.9329s
INFO:root:Epoch: 1080 lr: 0.01 train_loss: 116803.1250 train_mapscore: 0.6162 time: 2.9280s
INFO:root:Epoch: 1085 lr: 0.01 train_loss: 116793.7656 train_mapscore: 0.6164 time: 2.9231s
INFO:root:Epoch: 1090 lr: 0.01 train_loss: 116784.4922 train_mapscore: 0.6167 time: 2.9643s
INFO:root:Epoch: 1095 lr: 0.01 train_loss: 116775.2969 train_mapscore: 0.6171 time: 2.9653s
INFO:root:Epoch: 1100 lr: 0.01 train_loss: 116766.2031 train_mapscore: 0.6175 time: 2.9281s
INFO:root:Epoch: 1105 lr: 0.01 train_loss: 116757.1719 train_mapscore: 0.6174 time: 3.0134s
INFO:root:Epoch: 1110 lr: 0.01 train_loss: 116748.2344 train_mapscore: 0.6176 time: 2.9279s
INFO:root:Epoch: 1115 lr: 0.01 train_loss: 116739.3750 train_mapscore: 0.6174 time: 2.9795s
INFO:root:Epoch: 1120 lr: 0.01 train_loss: 116730.6016 train_mapscore: 0.6177 time: 2.9791s
INFO:root:Epoch: 1125 lr: 0.01 train_loss: 116721.9062 train_mapscore: 0.6183 time: 2.9864s
INFO:root:Epoch: 1130 lr: 0.01 train_loss: 116713.2812 train_mapscore: 0.6183 time: 2.9210s
INFO:root:Epoch: 1135 lr: 0.01 train_loss: 116704.7344 train_mapscore: 0.6184 time: 2.8771s
INFO:root:Epoch: 1140 lr: 0.01 train_loss: 116696.2656 train_mapscore: 0.6185 time: 2.9657s
INFO:root:Epoch: 1145 lr: 0.01 train_loss: 116687.8594 train_mapscore: 0.6189 time: 2.9240s
INFO:root:Epoch: 1150 lr: 0.01 train_loss: 116679.5312 train_mapscore: 0.6192 time: 2.9261s
INFO:root:Epoch: 1155 lr: 0.01 train_loss: 116671.2656 train_mapscore: 0.6192 time: 2.9322s
INFO:root:Epoch: 1160 lr: 0.01 train_loss: 116663.0625 train_mapscore: 0.6189 time: 2.9776s
INFO:root:Epoch: 1165 lr: 0.01 train_loss: 116654.9219 train_mapscore: 0.6194 time: 2.9618s
INFO:root:Epoch: 1170 lr: 0.01 train_loss: 116646.8438 train_mapscore: 0.6191 time: 2.9345s
INFO:root:Epoch: 1175 lr: 0.01 train_loss: 116638.8281 train_mapscore: 0.6194 time: 2.9251s
INFO:root:Epoch: 1180 lr: 0.01 train_loss: 116630.8906 train_mapscore: 0.6191 time: 2.9245s
INFO:root:Epoch: 1185 lr: 0.01 train_loss: 116623.0078 train_mapscore: 0.6195 time: 2.9790s
INFO:root:Epoch: 1190 lr: 0.01 train_loss: 116615.1875 train_mapscore: 0.6196 time: 2.9264s
INFO:root:Epoch: 1195 lr: 0.01 train_loss: 116607.4375 train_mapscore: 0.6198 time: 2.9220s
INFO:root:Epoch: 1200 lr: 0.01 train_loss: 116599.7656 train_mapscore: 0.6199 time: 2.9301s
INFO:root:Epoch: 1205 lr: 0.01 train_loss: 116592.1406 train_mapscore: 0.6197 time: 2.9281s
INFO:root:Epoch: 1210 lr: 0.01 train_loss: 116584.5859 train_mapscore: 0.6203 time: 2.9659s
INFO:root:Epoch: 1215 lr: 0.01 train_loss: 116577.0938 train_mapscore: 0.6202 time: 2.9200s
INFO:root:Epoch: 1220 lr: 0.01 train_loss: 116569.6719 train_mapscore: 0.6203 time: 2.9273s
INFO:root:Epoch: 1225 lr: 0.01 train_loss: 116562.3125 train_mapscore: 0.6204 time: 2.9144s
INFO:root:Epoch: 1230 lr: 0.01 train_loss: 116555.0000 train_mapscore: 0.6206 time: 2.9581s
INFO:root:Epoch: 1235 lr: 0.01 train_loss: 116547.7656 train_mapscore: 0.6206 time: 2.9639s
INFO:root:Epoch: 1240 lr: 0.01 train_loss: 116540.5703 train_mapscore: 0.6211 time: 2.9276s
INFO:root:Epoch: 1245 lr: 0.01 train_loss: 116533.4375 train_mapscore: 0.6213 time: 2.9203s
INFO:root:Epoch: 1250 lr: 0.01 train_loss: 116526.3672 train_mapscore: 0.6213 time: 2.9153s
INFO:root:Epoch: 1255 lr: 0.01 train_loss: 116519.3359 train_mapscore: 0.6215 time: 2.9761s
INFO:root:Epoch: 1260 lr: 0.01 train_loss: 116512.3672 train_mapscore: 0.6217 time: 2.9605s
INFO:root:Epoch: 1265 lr: 0.01 train_loss: 116505.4453 train_mapscore: 0.6214 time: 2.9252s
INFO:root:Epoch: 1270 lr: 0.01 train_loss: 116498.5781 train_mapscore: 0.6213 time: 2.9291s
INFO:root:Epoch: 1275 lr: 0.01 train_loss: 116491.7500 train_mapscore: 0.6218 time: 2.9521s
INFO:root:Epoch: 1280 lr: 0.01 train_loss: 116484.9844 train_mapscore: 0.6218 time: 2.9570s
INFO:root:Epoch: 1285 lr: 0.01 train_loss: 116478.2812 train_mapscore: 0.6217 time: 2.9251s
INFO:root:Epoch: 1290 lr: 0.01 train_loss: 116471.6250 train_mapscore: 0.6217 time: 2.9174s
INFO:root:Epoch: 1295 lr: 0.01 train_loss: 116465.0156 train_mapscore: 0.6218 time: 2.9192s
INFO:root:Epoch: 1300 lr: 0.01 train_loss: 116458.4766 train_mapscore: 0.6216 time: 2.9587s
INFO:root:Epoch: 1305 lr: 0.01 train_loss: 116452.0000 train_mapscore: 0.6215 time: 2.9570s
INFO:root:Epoch: 1310 lr: 0.01 train_loss: 116445.5938 train_mapscore: 0.6211 time: 2.9249s
INFO:root:Epoch: 1315 lr: 0.01 train_loss: 116439.2578 train_mapscore: 0.6212 time: 2.9201s
INFO:root:Epoch: 1320 lr: 0.01 train_loss: 116432.9922 train_mapscore: 0.6213 time: 2.9271s
INFO:root:Epoch: 1325 lr: 0.01 train_loss: 116426.8125 train_mapscore: 0.6216 time: 2.9654s
INFO:root:Epoch: 1330 lr: 0.01 train_loss: 116420.7031 train_mapscore: 0.6216 time: 2.9940s
INFO:root:Epoch: 1335 lr: 0.01 train_loss: 116414.6641 train_mapscore: 0.6221 time: 2.9334s
INFO:root:Epoch: 1340 lr: 0.01 train_loss: 116408.7031 train_mapscore: 0.6221 time: 2.9162s
INFO:root:Epoch: 1345 lr: 0.01 train_loss: 116402.8125 train_mapscore: 0.6221 time: 2.9293s
INFO:root:Epoch: 1350 lr: 0.01 train_loss: 116396.9922 train_mapscore: 0.6224 time: 2.9693s
INFO:root:Epoch: 1355 lr: 0.01 train_loss: 116391.2500 train_mapscore: 0.6223 time: 2.9231s
INFO:root:Epoch: 1360 lr: 0.01 train_loss: 116385.5703 train_mapscore: 0.6227 time: 2.9352s
INFO:root:Epoch: 1365 lr: 0.01 train_loss: 116379.9531 train_mapscore: 0.6227 time: 2.9244s
INFO:root:Epoch: 1370 lr: 0.01 train_loss: 116374.4062 train_mapscore: 0.6229 time: 2.9694s
INFO:root:Epoch: 1375 lr: 0.01 train_loss: 116368.9219 train_mapscore: 0.6231 time: 2.9638s
INFO:root:Epoch: 1380 lr: 0.01 train_loss: 116363.5000 train_mapscore: 0.6235 time: 2.9197s
INFO:root:Epoch: 1385 lr: 0.01 train_loss: 116358.1250 train_mapscore: 0.6237 time: 2.9233s
INFO:root:Epoch: 1390 lr: 0.01 train_loss: 116352.8203 train_mapscore: 0.6238 time: 2.9265s
INFO:root:Epoch: 1395 lr: 0.01 train_loss: 116347.5625 train_mapscore: 0.6239 time: 2.9708s
INFO:root:Epoch: 1400 lr: 0.01 train_loss: 116342.3438 train_mapscore: 0.6243 time: 2.9338s
INFO:root:Epoch: 1405 lr: 0.01 train_loss: 116337.1875 train_mapscore: 0.6243 time: 2.9240s
INFO:root:Epoch: 1410 lr: 0.01 train_loss: 116332.0781 train_mapscore: 0.6240 time: 2.9250s
INFO:root:Epoch: 1415 lr: 0.01 train_loss: 116327.0156 train_mapscore: 0.6239 time: 2.9288s
INFO:root:Epoch: 1420 lr: 0.01 train_loss: 116321.9844 train_mapscore: 0.6239 time: 2.9774s
INFO:root:Epoch: 1425 lr: 0.01 train_loss: 116317.0000 train_mapscore: 0.6241 time: 2.9238s
INFO:root:Epoch: 1430 lr: 0.01 train_loss: 116312.0469 train_mapscore: 0.6242 time: 2.9302s
INFO:root:Epoch: 1435 lr: 0.01 train_loss: 116307.1250 train_mapscore: 0.6242 time: 2.9280s
INFO:root:Epoch: 1440 lr: 0.01 train_loss: 116302.2266 train_mapscore: 0.6243 time: 2.9650s
INFO:root:Epoch: 1445 lr: 0.01 train_loss: 116297.3594 train_mapscore: 0.6242 time: 2.9667s
INFO:root:Epoch: 1450 lr: 0.01 train_loss: 116292.5312 train_mapscore: 0.6247 time: 2.9226s
INFO:root:Epoch: 1455 lr: 0.01 train_loss: 116287.7188 train_mapscore: 0.6243 time: 2.9262s
INFO:root:Epoch: 1460 lr: 0.01 train_loss: 116282.9375 train_mapscore: 0.6249 time: 2.9169s
INFO:root:Epoch: 1465 lr: 0.01 train_loss: 116278.1562 train_mapscore: 0.6250 time: 2.9537s
INFO:root:Epoch: 1470 lr: 0.01 train_loss: 116273.4062 train_mapscore: 0.6251 time: 2.9642s
INFO:root:Epoch: 1475 lr: 0.01 train_loss: 116268.6797 train_mapscore: 0.6250 time: 2.9342s
INFO:root:Epoch: 1480 lr: 0.01 train_loss: 116263.9688 train_mapscore: 0.6253 time: 2.9280s
INFO:root:Epoch: 1485 lr: 0.01 train_loss: 116259.2656 train_mapscore: 0.6254 time: 2.9630s
INFO:root:Epoch: 1490 lr: 0.01 train_loss: 116254.5781 train_mapscore: 0.6245 time: 2.9710s
INFO:root:Epoch: 1495 lr: 0.01 train_loss: 116249.9297 train_mapscore: 0.6250 time: 2.9244s
INFO:root:Epoch: 1500 lr: 0.01 train_loss: 116245.2734 train_mapscore: 0.6252 time: 2.9277s
INFO:root:Epoch: 1505 lr: 0.01 train_loss: 116240.6484 train_mapscore: 0.6248 time: 2.9467s
INFO:root:Epoch: 1510 lr: 0.01 train_loss: 116236.0547 train_mapscore: 0.6255 time: 2.9571s
INFO:root:Epoch: 1515 lr: 0.01 train_loss: 116231.4688 train_mapscore: 0.6252 time: 2.9632s
INFO:root:Epoch: 1520 lr: 0.01 train_loss: 116226.9219 train_mapscore: 0.6260 time: 2.9300s
INFO:root:Epoch: 1525 lr: 0.01 train_loss: 116222.4297 train_mapscore: 0.6262 time: 2.9304s
INFO:root:Epoch: 1530 lr: 0.01 train_loss: 116217.9609 train_mapscore: 0.6263 time: 2.9279s
INFO:root:Epoch: 1535 lr: 0.01 train_loss: 116213.5312 train_mapscore: 0.6265 time: 2.9734s
INFO:root:Epoch: 1540 lr: 0.01 train_loss: 116209.1328 train_mapscore: 0.6265 time: 2.9772s
INFO:root:Epoch: 1545 lr: 0.01 train_loss: 116204.7969 train_mapscore: 0.6266 time: 2.9361s
INFO:root:Epoch: 1550 lr: 0.01 train_loss: 116200.5000 train_mapscore: 0.6261 time: 2.9228s
INFO:root:Epoch: 1555 lr: 0.01 train_loss: 116196.2344 train_mapscore: 0.6269 time: 2.9263s
INFO:root:Epoch: 1560 lr: 0.01 train_loss: 116192.0312 train_mapscore: 0.6277 time: 2.9655s
INFO:root:Epoch: 1565 lr: 0.01 train_loss: 116187.8594 train_mapscore: 0.6279 time: 2.9315s
INFO:root:Epoch: 1570 lr: 0.01 train_loss: 116183.7422 train_mapscore: 0.6284 time: 2.9355s
INFO:root:Epoch: 1575 lr: 0.01 train_loss: 116179.6562 train_mapscore: 0.6284 time: 2.9328s
INFO:root:Epoch: 1580 lr: 0.01 train_loss: 116175.6250 train_mapscore: 0.6290 time: 2.9574s
INFO:root:Epoch: 1585 lr: 0.01 train_loss: 116171.6250 train_mapscore: 0.6284 time: 2.9695s
INFO:root:Epoch: 1590 lr: 0.01 train_loss: 116167.6719 train_mapscore: 0.6288 time: 2.9342s
INFO:root:Epoch: 1595 lr: 0.01 train_loss: 116163.7500 train_mapscore: 0.6293 time: 2.9367s
INFO:root:Epoch: 1600 lr: 0.01 train_loss: 116159.8750 train_mapscore: 0.6292 time: 2.9177s
INFO:root:Epoch: 1605 lr: 0.01 train_loss: 116156.0391 train_mapscore: 0.6290 time: 2.9692s
INFO:root:Epoch: 1610 lr: 0.01 train_loss: 116152.2344 train_mapscore: 0.6292 time: 2.9327s
INFO:root:Epoch: 1615 lr: 0.01 train_loss: 116148.4766 train_mapscore: 0.6293 time: 2.9221s
INFO:root:Epoch: 1620 lr: 0.01 train_loss: 116144.7500 train_mapscore: 0.6293 time: 2.9241s
INFO:root:Epoch: 1625 lr: 0.01 train_loss: 116141.0781 train_mapscore: 0.6294 time: 2.9247s
INFO:root:Epoch: 1630 lr: 0.01 train_loss: 116137.4375 train_mapscore: 0.6295 time: 2.9679s
INFO:root:Epoch: 1635 lr: 0.01 train_loss: 116133.8516 train_mapscore: 0.6298 time: 2.9271s
INFO:root:Epoch: 1640 lr: 0.01 train_loss: 116130.3125 train_mapscore: 0.6299 time: 2.9161s
INFO:root:Epoch: 1645 lr: 0.01 train_loss: 116126.8438 train_mapscore: 0.6299 time: 2.9156s
INFO:root:Epoch: 1650 lr: 0.01 train_loss: 116123.4219 train_mapscore: 0.6300 time: 2.9675s
INFO:root:Epoch: 1655 lr: 0.01 train_loss: 116120.0625 train_mapscore: 0.6302 time: 2.9511s
INFO:root:Epoch: 1660 lr: 0.01 train_loss: 116116.7578 train_mapscore: 0.6306 time: 2.9239s
INFO:root:Epoch: 1665 lr: 0.01 train_loss: 116113.5078 train_mapscore: 0.6305 time: 2.9860s
INFO:root:Epoch: 1670 lr: 0.01 train_loss: 116110.3125 train_mapscore: 0.6310 time: 2.9208s
INFO:root:Epoch: 1675 lr: 0.01 train_loss: 116107.1875 train_mapscore: 0.6308 time: 2.9626s
INFO:root:Epoch: 1680 lr: 0.01 train_loss: 116104.1094 train_mapscore: 0.6309 time: 2.9603s
INFO:root:Epoch: 1685 lr: 0.01 train_loss: 116101.0859 train_mapscore: 0.6316 time: 2.9240s
INFO:root:Epoch: 1690 lr: 0.01 train_loss: 116098.1094 train_mapscore: 0.6316 time: 2.9186s
INFO:root:Epoch: 1695 lr: 0.01 train_loss: 116095.1953 train_mapscore: 0.6315 time: 2.9650s
INFO:root:Epoch: 1700 lr: 0.01 train_loss: 116092.3281 train_mapscore: 0.6313 time: 2.9783s
INFO:root:Epoch: 1705 lr: 0.01 train_loss: 116089.5000 train_mapscore: 0.6319 time: 2.9349s
INFO:root:Epoch: 1710 lr: 0.01 train_loss: 116086.7344 train_mapscore: 0.6318 time: 2.9369s
INFO:root:Epoch: 1715 lr: 0.01 train_loss: 116084.0156 train_mapscore: 0.6325 time: 2.9127s
INFO:root:Epoch: 1720 lr: 0.01 train_loss: 116081.3359 train_mapscore: 0.6324 time: 2.9643s
INFO:root:Epoch: 1725 lr: 0.01 train_loss: 116078.7031 train_mapscore: 0.6326 time: 2.9487s
INFO:root:Epoch: 1730 lr: 0.01 train_loss: 116076.1172 train_mapscore: 0.6328 time: 2.9246s
INFO:root:Epoch: 1735 lr: 0.01 train_loss: 116073.5703 train_mapscore: 0.6332 time: 2.9401s
INFO:root:Epoch: 1740 lr: 0.01 train_loss: 116071.0625 train_mapscore: 0.6333 time: 2.9171s
INFO:root:Epoch: 1745 lr: 0.01 train_loss: 116068.5938 train_mapscore: 0.6332 time: 2.9574s
INFO:root:Epoch: 1750 lr: 0.01 train_loss: 116066.1641 train_mapscore: 0.6335 time: 2.9702s
INFO:root:Epoch: 1755 lr: 0.01 train_loss: 116063.7656 train_mapscore: 0.6335 time: 2.9217s
INFO:root:Epoch: 1760 lr: 0.01 train_loss: 116061.4062 train_mapscore: 0.6332 time: 2.9252s
INFO:root:Epoch: 1765 lr: 0.01 train_loss: 116059.0859 train_mapscore: 0.6330 time: 2.9298s
INFO:root:Epoch: 1770 lr: 0.01 train_loss: 116056.7969 train_mapscore: 0.6331 time: 2.9646s
INFO:root:Epoch: 1775 lr: 0.01 train_loss: 116054.5391 train_mapscore: 0.6333 time: 2.9190s
INFO:root:Epoch: 1780 lr: 0.01 train_loss: 116052.3125 train_mapscore: 0.6334 time: 2.9264s
INFO:root:Epoch: 1785 lr: 0.01 train_loss: 116050.1250 train_mapscore: 0.6334 time: 2.9242s
INFO:root:Epoch: 1790 lr: 0.01 train_loss: 116047.9688 train_mapscore: 0.6335 time: 2.9622s
INFO:root:Epoch: 1795 lr: 0.01 train_loss: 116045.8359 train_mapscore: 0.6336 time: 2.9740s
INFO:root:Epoch: 1800 lr: 0.01 train_loss: 116043.7500 train_mapscore: 0.6340 time: 2.9277s
INFO:root:Epoch: 1805 lr: 0.01 train_loss: 116041.6875 train_mapscore: 0.6342 time: 2.9302s
INFO:root:Epoch: 1810 lr: 0.01 train_loss: 116039.6406 train_mapscore: 0.6341 time: 2.9226s
INFO:root:Epoch: 1815 lr: 0.01 train_loss: 116037.6406 train_mapscore: 0.6342 time: 2.9540s
INFO:root:Epoch: 1820 lr: 0.01 train_loss: 116035.6484 train_mapscore: 0.6340 time: 2.9263s
INFO:root:Epoch: 1825 lr: 0.01 train_loss: 116033.6953 train_mapscore: 0.6339 time: 2.9239s
INFO:root:Epoch: 1830 lr: 0.01 train_loss: 116031.7656 train_mapscore: 0.6336 time: 2.9314s
INFO:root:Epoch: 1835 lr: 0.01 train_loss: 116029.8594 train_mapscore: 0.6340 time: 2.9237s
INFO:root:Epoch: 1840 lr: 0.01 train_loss: 116027.9844 train_mapscore: 0.6338 time: 2.9916s
INFO:root:Epoch: 1845 lr: 0.01 train_loss: 116026.1328 train_mapscore: 0.6337 time: 2.9344s
INFO:root:Epoch: 1850 lr: 0.01 train_loss: 116024.3047 train_mapscore: 0.6341 time: 2.9260s
INFO:root:Epoch: 1855 lr: 0.01 train_loss: 116022.5000 train_mapscore: 0.6340 time: 2.9272s
INFO:root:Epoch: 1860 lr: 0.01 train_loss: 116020.7188 train_mapscore: 0.6339 time: 2.9769s
INFO:root:Epoch: 1865 lr: 0.01 train_loss: 116018.9531 train_mapscore: 0.6341 time: 2.9590s
INFO:root:Epoch: 1870 lr: 0.01 train_loss: 116017.2031 train_mapscore: 0.6337 time: 2.9281s
INFO:root:Epoch: 1875 lr: 0.01 train_loss: 116015.4844 train_mapscore: 0.6337 time: 2.9422s
INFO:root:Epoch: 1880 lr: 0.01 train_loss: 116013.7891 train_mapscore: 0.6344 time: 2.9219s
INFO:root:Epoch: 1885 lr: 0.01 train_loss: 116012.0938 train_mapscore: 0.6341 time: 3.0097s
INFO:root:Epoch: 1890 lr: 0.01 train_loss: 116010.4219 train_mapscore: 0.6341 time: 3.0441s
INFO:root:Epoch: 1895 lr: 0.01 train_loss: 116008.7656 train_mapscore: 0.6343 time: 2.9339s
INFO:root:Epoch: 1900 lr: 0.01 train_loss: 116007.1250 train_mapscore: 0.6347 time: 3.0100s
INFO:root:Epoch: 1905 lr: 0.01 train_loss: 116005.4922 train_mapscore: 0.6347 time: 2.9719s
INFO:root:Epoch: 1910 lr: 0.01 train_loss: 116003.8828 train_mapscore: 0.6352 time: 2.9563s
INFO:root:Epoch: 1915 lr: 0.01 train_loss: 116002.2969 train_mapscore: 0.6349 time: 2.9246s
INFO:root:Epoch: 1920 lr: 0.01 train_loss: 116000.7266 train_mapscore: 0.6350 time: 2.9208s
INFO:root:Epoch: 1925 lr: 0.01 train_loss: 115999.1797 train_mapscore: 0.6349 time: 2.9414s
INFO:root:Epoch: 1930 lr: 0.01 train_loss: 115997.6484 train_mapscore: 0.6347 time: 2.9683s
INFO:root:Epoch: 1935 lr: 0.01 train_loss: 115996.1328 train_mapscore: 0.6349 time: 2.9642s
INFO:root:Epoch: 1940 lr: 0.01 train_loss: 115994.6328 train_mapscore: 0.6349 time: 2.9185s
INFO:root:Epoch: 1945 lr: 0.01 train_loss: 115993.1484 train_mapscore: 0.6346 time: 2.9278s
INFO:root:Epoch: 1950 lr: 0.01 train_loss: 115991.6797 train_mapscore: 0.6346 time: 2.9282s
INFO:root:Epoch: 1955 lr: 0.01 train_loss: 115990.2266 train_mapscore: 0.6348 time: 2.9659s
INFO:root:Epoch: 1960 lr: 0.01 train_loss: 115988.7969 train_mapscore: 0.6348 time: 2.9661s
INFO:root:Epoch: 1965 lr: 0.01 train_loss: 115987.3672 train_mapscore: 0.6352 time: 2.9298s
INFO:root:Epoch: 1970 lr: 0.01 train_loss: 115985.9531 train_mapscore: 0.6354 time: 2.9279s
INFO:root:Epoch: 1975 lr: 0.01 train_loss: 115984.5625 train_mapscore: 0.6355 time: 2.9244s
INFO:root:Epoch: 1980 lr: 0.01 train_loss: 115983.1719 train_mapscore: 0.6353 time: 2.9625s
INFO:root:Epoch: 1985 lr: 0.01 train_loss: 115981.8125 train_mapscore: 0.6357 time: 2.9241s
INFO:root:Epoch: 1990 lr: 0.01 train_loss: 115980.4609 train_mapscore: 0.6355 time: 2.9261s
INFO:root:Epoch: 1995 lr: 0.01 train_loss: 115979.1328 train_mapscore: 0.6356 time: 2.9156s
INFO:root:Epoch: 2000 lr: 0.01 train_loss: 115977.8125 train_mapscore: 0.6355 time: 2.9564s
INFO:root:Epoch: 2005 lr: 0.01 train_loss: 115976.5000 train_mapscore: 0.6356 time: 2.9612s
INFO:root:Epoch: 2010 lr: 0.01 train_loss: 115975.2031 train_mapscore: 0.6356 time: 2.9261s
INFO:root:Epoch: 2015 lr: 0.01 train_loss: 115973.9219 train_mapscore: 0.6354 time: 2.9234s
INFO:root:Epoch: 2020 lr: 0.01 train_loss: 115972.6562 train_mapscore: 0.6352 time: 2.9254s
INFO:root:Epoch: 2025 lr: 0.01 train_loss: 115971.3984 train_mapscore: 0.6354 time: 2.9623s
INFO:root:Epoch: 2030 lr: 0.01 train_loss: 115970.1562 train_mapscore: 0.6356 time: 2.9331s
INFO:root:Epoch: 2035 lr: 0.01 train_loss: 115968.9219 train_mapscore: 0.6358 time: 2.9365s
INFO:root:Epoch: 2040 lr: 0.01 train_loss: 115967.7109 train_mapscore: 0.6358 time: 2.9165s
INFO:root:Epoch: 2045 lr: 0.01 train_loss: 115966.5078 train_mapscore: 0.6357 time: 2.9159s
INFO:root:Epoch: 2050 lr: 0.01 train_loss: 115965.3047 train_mapscore: 0.6355 time: 2.9625s
INFO:root:Epoch: 2055 lr: 0.01 train_loss: 115964.1328 train_mapscore: 0.6354 time: 2.9158s
INFO:root:Epoch: 2060 lr: 0.01 train_loss: 115962.9531 train_mapscore: 0.6353 time: 2.9262s
INFO:root:Epoch: 2065 lr: 0.01 train_loss: 115961.8047 train_mapscore: 0.6353 time: 2.9172s
INFO:root:Epoch: 2070 lr: 0.01 train_loss: 115960.6562 train_mapscore: 0.6352 time: 2.9591s
INFO:root:Epoch: 2075 lr: 0.01 train_loss: 115959.5156 train_mapscore: 0.6351 time: 2.9652s
INFO:root:Epoch: 2080 lr: 0.01 train_loss: 115958.3906 train_mapscore: 0.6353 time: 2.9162s
INFO:root:Epoch: 2085 lr: 0.01 train_loss: 115957.2734 train_mapscore: 0.6351 time: 2.9279s
INFO:root:Epoch: 2090 lr: 0.01 train_loss: 115956.1719 train_mapscore: 0.6352 time: 2.9336s
INFO:root:Epoch: 2095 lr: 0.01 train_loss: 115955.0703 train_mapscore: 0.6352 time: 2.9679s
INFO:root:Epoch: 2100 lr: 0.01 train_loss: 115953.9844 train_mapscore: 0.6354 time: 2.9614s
INFO:root:Epoch: 2105 lr: 0.01 train_loss: 115952.9062 train_mapscore: 0.6353 time: 2.9342s
INFO:root:Epoch: 2110 lr: 0.01 train_loss: 115951.8438 train_mapscore: 0.6354 time: 2.9210s
INFO:root:Epoch: 2115 lr: 0.01 train_loss: 115950.7812 train_mapscore: 0.6355 time: 2.9639s
INFO:root:Epoch: 2120 lr: 0.01 train_loss: 115949.7422 train_mapscore: 0.6358 time: 2.9655s
INFO:root:Epoch: 2125 lr: 0.01 train_loss: 115948.7031 train_mapscore: 0.6359 time: 3.0003s
INFO:root:Epoch: 2130 lr: 0.01 train_loss: 115947.6875 train_mapscore: 0.6361 time: 2.9334s
INFO:root:Epoch: 2135 lr: 0.01 train_loss: 115946.6641 train_mapscore: 0.6363 time: 2.9165s
INFO:root:Epoch: 2140 lr: 0.01 train_loss: 115945.6562 train_mapscore: 0.6360 time: 2.9708s
INFO:root:Epoch: 2145 lr: 0.01 train_loss: 115944.6562 train_mapscore: 0.6364 time: 2.9562s
INFO:root:Epoch: 2150 lr: 0.01 train_loss: 115943.6719 train_mapscore: 0.6361 time: 2.9265s
INFO:root:Epoch: 2155 lr: 0.01 train_loss: 115942.6875 train_mapscore: 0.6362 time: 2.9222s
INFO:root:Epoch: 2160 lr: 0.01 train_loss: 115941.7188 train_mapscore: 0.6364 time: 2.9176s
INFO:root:Epoch: 2165 lr: 0.01 train_loss: 115940.7500 train_mapscore: 0.6366 time: 2.9656s
INFO:root:Epoch: 2170 lr: 0.01 train_loss: 115939.8047 train_mapscore: 0.6368 time: 2.9591s
INFO:root:Epoch: 2175 lr: 0.01 train_loss: 115938.8750 train_mapscore: 0.6369 time: 2.9356s
INFO:root:Epoch: 2180 lr: 0.01 train_loss: 115937.9375 train_mapscore: 0.6372 time: 2.9140s
INFO:root:Epoch: 2185 lr: 0.01 train_loss: 115937.0234 train_mapscore: 0.6370 time: 2.9273s
INFO:root:Epoch: 2190 lr: 0.01 train_loss: 115936.1094 train_mapscore: 0.6372 time: 2.9780s
INFO:root:Epoch: 2195 lr: 0.01 train_loss: 115935.2031 train_mapscore: 0.6371 time: 2.9262s
INFO:root:Epoch: 2200 lr: 0.01 train_loss: 115934.3125 train_mapscore: 0.6377 time: 2.9207s
INFO:root:Epoch: 2205 lr: 0.01 train_loss: 115933.4219 train_mapscore: 0.6377 time: 2.9208s
INFO:root:Epoch: 2210 lr: 0.01 train_loss: 115932.5469 train_mapscore: 0.6380 time: 2.9727s
INFO:root:Epoch: 2215 lr: 0.01 train_loss: 115931.6875 train_mapscore: 0.6382 time: 2.9670s
INFO:root:Epoch: 2220 lr: 0.01 train_loss: 115930.8281 train_mapscore: 0.6380 time: 2.9456s
INFO:root:Epoch: 2225 lr: 0.01 train_loss: 115929.9844 train_mapscore: 0.6382 time: 2.9182s
INFO:root:Epoch: 2230 lr: 0.01 train_loss: 115929.1406 train_mapscore: 0.6382 time: 2.9149s
INFO:root:Epoch: 2235 lr: 0.01 train_loss: 115928.3047 train_mapscore: 0.6383 time: 2.9587s
INFO:root:Epoch: 2240 lr: 0.01 train_loss: 115927.4766 train_mapscore: 0.6378 time: 2.9320s
INFO:root:Epoch: 2245 lr: 0.01 train_loss: 115926.6641 train_mapscore: 0.6383 time: 2.9376s
INFO:root:Epoch: 2250 lr: 0.01 train_loss: 115925.8594 train_mapscore: 0.6384 time: 2.9176s
INFO:root:Epoch: 2255 lr: 0.01 train_loss: 115925.0469 train_mapscore: 0.6382 time: 2.9233s
INFO:root:Epoch: 2260 lr: 0.01 train_loss: 115924.2578 train_mapscore: 0.6382 time: 2.9633s
INFO:root:Epoch: 2265 lr: 0.01 train_loss: 115923.4688 train_mapscore: 0.6384 time: 2.9134s
INFO:root:Epoch: 2270 lr: 0.01 train_loss: 115922.6953 train_mapscore: 0.6381 time: 2.9247s
INFO:root:Epoch: 2275 lr: 0.01 train_loss: 115921.9141 train_mapscore: 0.6384 time: 2.9246s
INFO:root:Epoch: 2280 lr: 0.01 train_loss: 115921.1406 train_mapscore: 0.6387 time: 2.9644s
INFO:root:Epoch: 2285 lr: 0.01 train_loss: 115920.3828 train_mapscore: 0.6386 time: 2.9594s
INFO:root:Epoch: 2290 lr: 0.01 train_loss: 115919.6328 train_mapscore: 0.6386 time: 3.0764s
INFO:root:Epoch: 2295 lr: 0.01 train_loss: 115918.8828 train_mapscore: 0.6383 time: 2.9224s
INFO:root:Epoch: 2300 lr: 0.01 train_loss: 115918.1406 train_mapscore: 0.6383 time: 2.9314s
INFO:root:Epoch: 2305 lr: 0.01 train_loss: 115917.4062 train_mapscore: 0.6383 time: 2.9625s
INFO:root:Epoch: 2310 lr: 0.01 train_loss: 115916.6719 train_mapscore: 0.6386 time: 2.9635s
INFO:root:Epoch: 2315 lr: 0.01 train_loss: 115915.9531 train_mapscore: 0.6390 time: 2.9199s
INFO:root:Epoch: 2320 lr: 0.01 train_loss: 115915.2266 train_mapscore: 0.6388 time: 2.9157s
INFO:root:Epoch: 2325 lr: 0.01 train_loss: 115914.5078 train_mapscore: 0.6391 time: 2.9554s
INFO:root:Epoch: 2330 lr: 0.01 train_loss: 115913.7969 train_mapscore: 0.6393 time: 2.9536s
INFO:root:Epoch: 2335 lr: 0.01 train_loss: 115913.0859 train_mapscore: 0.6394 time: 2.9208s
INFO:root:Epoch: 2340 lr: 0.01 train_loss: 115912.3750 train_mapscore: 0.6395 time: 2.9259s
INFO:root:Epoch: 2345 lr: 0.01 train_loss: 115911.6875 train_mapscore: 0.6395 time: 2.9249s
INFO:root:Epoch: 2350 lr: 0.01 train_loss: 115910.9844 train_mapscore: 0.6394 time: 2.9629s
INFO:root:Epoch: 2355 lr: 0.01 train_loss: 115910.2969 train_mapscore: 0.6395 time: 2.9610s
INFO:root:Epoch: 2360 lr: 0.01 train_loss: 115909.6016 train_mapscore: 0.6394 time: 2.9314s
INFO:root:Epoch: 2365 lr: 0.01 train_loss: 115908.9141 train_mapscore: 0.6398 time: 2.9290s
INFO:root:Epoch: 2370 lr: 0.01 train_loss: 115908.2344 train_mapscore: 0.6397 time: 2.9267s
INFO:root:Epoch: 2375 lr: 0.01 train_loss: 115907.5469 train_mapscore: 0.6398 time: 2.9665s
INFO:root:Epoch: 2380 lr: 0.01 train_loss: 115906.8750 train_mapscore: 0.6400 time: 2.9514s
INFO:root:Epoch: 2385 lr: 0.01 train_loss: 115906.1953 train_mapscore: 0.6400 time: 2.9202s
INFO:root:Epoch: 2390 lr: 0.01 train_loss: 115905.5156 train_mapscore: 0.6397 time: 2.9156s
INFO:root:Epoch: 2395 lr: 0.01 train_loss: 115904.8516 train_mapscore: 0.6401 time: 2.9146s
INFO:root:Epoch: 2400 lr: 0.01 train_loss: 115904.1797 train_mapscore: 0.6394 time: 2.9769s
INFO:root:Epoch: 2405 lr: 0.01 train_loss: 115903.5000 train_mapscore: 0.6393 time: 2.9159s
INFO:root:Epoch: 2410 lr: 0.01 train_loss: 115902.8438 train_mapscore: 0.6396 time: 2.9302s
INFO:root:Epoch: 2415 lr: 0.01 train_loss: 115902.1719 train_mapscore: 0.6396 time: 2.9301s
INFO:root:Epoch: 2420 lr: 0.01 train_loss: 115901.5000 train_mapscore: 0.6393 time: 2.9751s
INFO:root:Epoch: 2425 lr: 0.01 train_loss: 115900.8516 train_mapscore: 0.6397 time: 2.9624s
INFO:root:Epoch: 2430 lr: 0.01 train_loss: 115900.1875 train_mapscore: 0.6394 time: 2.9238s
INFO:root:Epoch: 2435 lr: 0.01 train_loss: 115899.5312 train_mapscore: 0.6393 time: 2.9348s
INFO:root:Epoch: 2440 lr: 0.01 train_loss: 115898.8750 train_mapscore: 0.6395 time: 2.9236s
INFO:root:Epoch: 2445 lr: 0.01 train_loss: 115898.2188 train_mapscore: 0.6397 time: 2.9603s
INFO:root:Epoch: 2450 lr: 0.01 train_loss: 115897.5547 train_mapscore: 0.6397 time: 2.9339s
INFO:root:Epoch: 2455 lr: 0.01 train_loss: 115896.9062 train_mapscore: 0.6396 time: 2.9251s
INFO:root:Epoch: 2460 lr: 0.01 train_loss: 115896.2578 train_mapscore: 0.6396 time: 2.9245s
INFO:root:Epoch: 2465 lr: 0.01 train_loss: 115895.6094 train_mapscore: 0.6399 time: 2.9275s
INFO:root:Epoch: 2470 lr: 0.01 train_loss: 115894.9688 train_mapscore: 0.6399 time: 2.9574s
INFO:root:Epoch: 2475 lr: 0.01 train_loss: 115894.3281 train_mapscore: 0.6394 time: 2.9188s
INFO:root:Epoch: 2480 lr: 0.01 train_loss: 115893.6875 train_mapscore: 0.6394 time: 2.9219s
INFO:root:Epoch: 2485 lr: 0.01 train_loss: 115893.0469 train_mapscore: 0.6395 time: 2.9281s
INFO:root:Epoch: 2490 lr: 0.01 train_loss: 115892.4062 train_mapscore: 0.6397 time: 2.9651s
INFO:root:Epoch: 2495 lr: 0.01 train_loss: 115891.7734 train_mapscore: 0.6395 time: 2.9628s
INFO:root:Epoch: 2500 lr: 0.01 train_loss: 115891.1406 train_mapscore: 0.6397 time: 2.9395s
INFO:root:Epoch: 2505 lr: 0.01 train_loss: 115890.5000 train_mapscore: 0.6393 time: 2.9319s
INFO:root:Epoch: 2510 lr: 0.01 train_loss: 115889.8672 train_mapscore: 0.6393 time: 2.9236s
INFO:root:Epoch: 2515 lr: 0.01 train_loss: 115889.2422 train_mapscore: 0.6394 time: 2.9785s
INFO:root:Epoch: 2520 lr: 0.01 train_loss: 115888.6016 train_mapscore: 0.6396 time: 2.9595s
INFO:root:Epoch: 2525 lr: 0.01 train_loss: 115887.9688 train_mapscore: 0.6397 time: 2.9203s
INFO:root:Epoch: 2530 lr: 0.01 train_loss: 115887.3359 train_mapscore: 0.6397 time: 2.9264s
INFO:root:Epoch: 2535 lr: 0.01 train_loss: 115886.7109 train_mapscore: 0.6398 time: 2.9607s
INFO:root:Epoch: 2540 lr: 0.01 train_loss: 115886.0781 train_mapscore: 0.6396 time: 2.9680s
INFO:root:Epoch: 2545 lr: 0.01 train_loss: 115885.4453 train_mapscore: 0.6400 time: 2.9267s
INFO:root:Epoch: 2550 lr: 0.01 train_loss: 115884.8281 train_mapscore: 0.6398 time: 2.9265s
INFO:root:Epoch: 2555 lr: 0.01 train_loss: 115884.1953 train_mapscore: 0.6399 time: 2.9196s
INFO:root:Epoch: 2560 lr: 0.01 train_loss: 115883.5625 train_mapscore: 0.6397 time: 2.9666s
INFO:root:Epoch: 2565 lr: 0.01 train_loss: 115882.9375 train_mapscore: 0.6402 time: 2.9647s
INFO:root:Epoch: 2570 lr: 0.01 train_loss: 115882.3125 train_mapscore: 0.6400 time: 2.9201s
INFO:root:Epoch: 2575 lr: 0.01 train_loss: 115881.6875 train_mapscore: 0.6401 time: 2.9268s
INFO:root:Epoch: 2580 lr: 0.01 train_loss: 115881.0625 train_mapscore: 0.6404 time: 2.9266s
INFO:root:Epoch: 2585 lr: 0.01 train_loss: 115880.4531 train_mapscore: 0.6399 time: 2.9595s
INFO:root:Epoch: 2590 lr: 0.01 train_loss: 115879.8359 train_mapscore: 0.6398 time: 2.9703s
INFO:root:Epoch: 2595 lr: 0.01 train_loss: 115879.2188 train_mapscore: 0.6399 time: 2.9264s
INFO:root:Epoch: 2600 lr: 0.01 train_loss: 115878.6094 train_mapscore: 0.6398 time: 2.9317s
INFO:root:Epoch: 2605 lr: 0.01 train_loss: 115878.0000 train_mapscore: 0.6398 time: 2.9210s
INFO:root:Epoch: 2610 lr: 0.01 train_loss: 115877.3906 train_mapscore: 0.6397 time: 2.9588s
INFO:root:Epoch: 2615 lr: 0.01 train_loss: 115876.7969 train_mapscore: 0.6397 time: 2.9300s
INFO:root:Epoch: 2620 lr: 0.01 train_loss: 115876.2031 train_mapscore: 0.6396 time: 2.9217s
INFO:root:Epoch: 2625 lr: 0.01 train_loss: 115875.5938 train_mapscore: 0.6398 time: 2.9227s
INFO:root:Epoch: 2630 lr: 0.01 train_loss: 115875.0156 train_mapscore: 0.6397 time: 2.9553s
INFO:root:Epoch: 2635 lr: 0.01 train_loss: 115874.4297 train_mapscore: 0.6392 time: 2.9608s
INFO:root:Epoch: 2640 lr: 0.01 train_loss: 115873.8438 train_mapscore: 0.6394 time: 2.9279s
INFO:root:Epoch: 2645 lr: 0.01 train_loss: 115873.2656 train_mapscore: 0.6396 time: 2.9326s
INFO:root:Epoch: 2650 lr: 0.01 train_loss: 115872.6875 train_mapscore: 0.6393 time: 2.9292s
INFO:root:Epoch: 2655 lr: 0.01 train_loss: 115872.1328 train_mapscore: 0.6397 time: 2.9645s
INFO:root:Epoch: 2660 lr: 0.01 train_loss: 115871.5625 train_mapscore: 0.6398 time: 2.9225s
INFO:root:Epoch: 2665 lr: 0.01 train_loss: 115871.0000 train_mapscore: 0.6399 time: 2.9340s
INFO:root:Epoch: 2670 lr: 0.01 train_loss: 115870.4375 train_mapscore: 0.6400 time: 2.9239s
INFO:root:Epoch: 2675 lr: 0.01 train_loss: 115869.8750 train_mapscore: 0.6397 time: 2.9243s
INFO:root:Epoch: 2680 lr: 0.01 train_loss: 115869.3203 train_mapscore: 0.6397 time: 2.9632s
INFO:root:Epoch: 2685 lr: 0.01 train_loss: 115868.7812 train_mapscore: 0.6403 time: 2.9191s
INFO:root:Epoch: 2690 lr: 0.01 train_loss: 115868.2344 train_mapscore: 0.6405 time: 2.9231s
INFO:root:Epoch: 2695 lr: 0.01 train_loss: 115867.7031 train_mapscore: 0.6405 time: 2.9238s
INFO:root:Epoch: 2700 lr: 0.01 train_loss: 115867.1562 train_mapscore: 0.6402 time: 2.9667s
INFO:root:Epoch: 2705 lr: 0.01 train_loss: 115866.6328 train_mapscore: 0.6404 time: 2.9754s
INFO:root:Epoch: 2710 lr: 0.01 train_loss: 115866.1016 train_mapscore: 0.6406 time: 2.9255s
INFO:root:Epoch: 2715 lr: 0.01 train_loss: 115865.5703 train_mapscore: 0.6404 time: 2.9307s
INFO:root:Epoch: 2720 lr: 0.01 train_loss: 115865.0469 train_mapscore: 0.6404 time: 2.9197s
INFO:root:Epoch: 2725 lr: 0.01 train_loss: 115864.5312 train_mapscore: 0.6404 time: 2.9672s
INFO:root:Epoch: 2730 lr: 0.01 train_loss: 115864.0156 train_mapscore: 0.6406 time: 2.9666s
INFO:root:Epoch: 2735 lr: 0.01 train_loss: 115863.5078 train_mapscore: 0.6402 time: 2.9199s
INFO:root:Epoch: 2740 lr: 0.01 train_loss: 115863.0000 train_mapscore: 0.6400 time: 2.9278s
INFO:root:Epoch: 2745 lr: 0.01 train_loss: 115862.5000 train_mapscore: 0.6403 time: 2.9579s
INFO:root:Epoch: 2750 lr: 0.01 train_loss: 115862.0000 train_mapscore: 0.6406 time: 2.9687s
INFO:root:Epoch: 2755 lr: 0.01 train_loss: 115861.5000 train_mapscore: 0.6405 time: 2.9277s
INFO:root:Epoch: 2760 lr: 0.01 train_loss: 115861.0078 train_mapscore: 0.6409 time: 2.9248s
INFO:root:Epoch: 2765 lr: 0.01 train_loss: 115860.5156 train_mapscore: 0.6406 time: 2.9222s
INFO:root:Epoch: 2770 lr: 0.01 train_loss: 115860.0312 train_mapscore: 0.6406 time: 2.9761s
INFO:root:Epoch: 2775 lr: 0.01 train_loss: 115859.5469 train_mapscore: 0.6410 time: 2.9588s
INFO:root:Epoch: 2780 lr: 0.01 train_loss: 115859.0703 train_mapscore: 0.6406 time: 2.9198s
INFO:root:Epoch: 2785 lr: 0.01 train_loss: 115858.5938 train_mapscore: 0.6407 time: 2.9266s
INFO:root:Epoch: 2790 lr: 0.01 train_loss: 115858.1250 train_mapscore: 0.6409 time: 2.9144s
INFO:root:Epoch: 2795 lr: 0.01 train_loss: 115857.6562 train_mapscore: 0.6409 time: 2.9662s
INFO:root:Epoch: 2800 lr: 0.01 train_loss: 115857.2031 train_mapscore: 0.6407 time: 2.9621s
INFO:root:Epoch: 2805 lr: 0.01 train_loss: 115856.7422 train_mapscore: 0.6408 time: 2.9222s
INFO:root:Epoch: 2810 lr: 0.01 train_loss: 115856.2812 train_mapscore: 0.6408 time: 2.9170s
INFO:root:Epoch: 2815 lr: 0.01 train_loss: 115855.8281 train_mapscore: 0.6406 time: 2.9164s
INFO:root:Epoch: 2820 lr: 0.01 train_loss: 115855.3750 train_mapscore: 0.6404 time: 2.9617s
INFO:root:Epoch: 2825 lr: 0.01 train_loss: 115854.9219 train_mapscore: 0.6405 time: 2.9269s
INFO:root:Epoch: 2830 lr: 0.01 train_loss: 115854.4844 train_mapscore: 0.6404 time: 2.9223s
INFO:root:Epoch: 2835 lr: 0.01 train_loss: 115854.0391 train_mapscore: 0.6406 time: 2.9211s
INFO:root:Epoch: 2840 lr: 0.01 train_loss: 115853.6016 train_mapscore: 0.6401 time: 2.9689s
INFO:root:Epoch: 2845 lr: 0.01 train_loss: 115853.1641 train_mapscore: 0.6402 time: 2.9610s
INFO:root:Epoch: 2850 lr: 0.01 train_loss: 115852.7266 train_mapscore: 0.6405 time: 2.9343s
INFO:root:Epoch: 2855 lr: 0.01 train_loss: 115852.2969 train_mapscore: 0.6405 time: 2.9293s
INFO:root:Epoch: 2860 lr: 0.01 train_loss: 115851.8750 train_mapscore: 0.6407 time: 2.9258s
INFO:root:Epoch: 2865 lr: 0.01 train_loss: 115851.4531 train_mapscore: 0.6409 time: 2.9602s
INFO:root:Epoch: 2870 lr: 0.01 train_loss: 115851.0312 train_mapscore: 0.6409 time: 2.9165s
INFO:root:Epoch: 2875 lr: 0.01 train_loss: 115850.6094 train_mapscore: 0.6411 time: 2.9186s
INFO:root:Epoch: 2880 lr: 0.01 train_loss: 115850.1953 train_mapscore: 0.6413 time: 2.9119s
INFO:root:Epoch: 2885 lr: 0.01 train_loss: 115849.7812 train_mapscore: 0.6410 time: 2.9160s
INFO:root:Epoch: 2890 lr: 0.01 train_loss: 115849.3672 train_mapscore: 0.6413 time: 2.9534s
INFO:root:Epoch: 2895 lr: 0.01 train_loss: 115848.9531 train_mapscore: 0.6410 time: 2.9284s
INFO:root:Epoch: 2900 lr: 0.01 train_loss: 115848.5547 train_mapscore: 0.6413 time: 2.9221s
INFO:root:Epoch: 2905 lr: 0.01 train_loss: 115848.1406 train_mapscore: 0.6413 time: 2.9129s
INFO:root:Epoch: 2910 lr: 0.01 train_loss: 115847.7344 train_mapscore: 0.6413 time: 2.9613s
INFO:root:Epoch: 2915 lr: 0.01 train_loss: 115847.3438 train_mapscore: 0.6417 time: 2.9539s
INFO:root:Epoch: 2920 lr: 0.01 train_loss: 115846.9375 train_mapscore: 0.6414 time: 2.9180s
INFO:root:Epoch: 2925 lr: 0.01 train_loss: 115846.5469 train_mapscore: 0.6412 time: 2.9177s
INFO:root:Epoch: 2930 lr: 0.01 train_loss: 115846.1562 train_mapscore: 0.6415 time: 2.9209s
INFO:root:Epoch: 2935 lr: 0.01 train_loss: 115845.7500 train_mapscore: 0.6416 time: 2.9579s
INFO:root:Epoch: 2940 lr: 0.01 train_loss: 115845.3594 train_mapscore: 0.6417 time: 2.9661s
INFO:root:Epoch: 2945 lr: 0.01 train_loss: 115844.9688 train_mapscore: 0.6415 time: 2.9243s
INFO:root:Epoch: 2950 lr: 0.01 train_loss: 115844.5938 train_mapscore: 0.6418 time: 2.9158s
INFO:root:Epoch: 2955 lr: 0.01 train_loss: 115844.2031 train_mapscore: 0.6418 time: 2.9605s
INFO:root:Epoch: 2960 lr: 0.01 train_loss: 115843.8125 train_mapscore: 0.6420 time: 2.9592s
INFO:root:Epoch: 2965 lr: 0.01 train_loss: 115843.4297 train_mapscore: 0.6418 time: 2.9330s
INFO:root:Epoch: 2970 lr: 0.01 train_loss: 115843.0469 train_mapscore: 0.6419 time: 2.9213s
INFO:root:Epoch: 2975 lr: 0.01 train_loss: 115842.6719 train_mapscore: 0.6418 time: 2.9248s
INFO:root:Epoch: 2980 lr: 0.01 train_loss: 115842.2969 train_mapscore: 0.6416 time: 2.9662s
INFO:root:Epoch: 2985 lr: 0.01 train_loss: 115841.9219 train_mapscore: 0.6417 time: 2.9525s
INFO:root:Epoch: 2990 lr: 0.01 train_loss: 115841.5391 train_mapscore: 0.6416 time: 2.9366s
INFO:root:Epoch: 2995 lr: 0.01 train_loss: 115841.1562 train_mapscore: 0.6415 time: 2.9220s
INFO:root:Epoch: 3000 lr: 0.01 train_loss: 115840.7969 train_mapscore: 0.6415 time: 2.9428s
INFO:root:Epoch: 3005 lr: 0.01 train_loss: 115840.4219 train_mapscore: 0.6419 time: 2.9599s
INFO:root:Epoch: 3010 lr: 0.01 train_loss: 115840.0625 train_mapscore: 0.6421 time: 2.9192s
INFO:root:Epoch: 3015 lr: 0.01 train_loss: 115839.6875 train_mapscore: 0.6422 time: 2.9189s
INFO:root:Epoch: 3020 lr: 0.01 train_loss: 115839.3281 train_mapscore: 0.6421 time: 2.9272s
INFO:root:Epoch: 3025 lr: 0.01 train_loss: 115838.9688 train_mapscore: 0.6420 time: 2.9321s
INFO:root:Epoch: 3030 lr: 0.01 train_loss: 115838.6094 train_mapscore: 0.6420 time: 2.9630s
INFO:root:Epoch: 3035 lr: 0.01 train_loss: 115838.2500 train_mapscore: 0.6422 time: 2.9270s
INFO:root:Epoch: 3040 lr: 0.01 train_loss: 115837.8984 train_mapscore: 0.6425 time: 2.9222s
INFO:root:Epoch: 3045 lr: 0.01 train_loss: 115837.5469 train_mapscore: 0.6425 time: 2.8921s
INFO:root:Epoch: 3050 lr: 0.01 train_loss: 115837.1875 train_mapscore: 0.6425 time: 2.9396s
INFO:root:Epoch: 3055 lr: 0.01 train_loss: 115836.8438 train_mapscore: 0.6425 time: 2.9732s
INFO:root:Epoch: 3060 lr: 0.01 train_loss: 115836.4844 train_mapscore: 0.6428 time: 2.9256s
INFO:root:Epoch: 3065 lr: 0.01 train_loss: 115836.1406 train_mapscore: 0.6433 time: 2.9244s
INFO:root:Epoch: 3070 lr: 0.01 train_loss: 115835.7969 train_mapscore: 0.6427 time: 2.9243s
INFO:root:Epoch: 3075 lr: 0.01 train_loss: 115835.4531 train_mapscore: 0.6427 time: 2.9599s
INFO:root:Epoch: 3080 lr: 0.01 train_loss: 115835.1250 train_mapscore: 0.6431 time: 2.9204s
INFO:root:Epoch: 3085 lr: 0.01 train_loss: 115834.7812 train_mapscore: 0.6427 time: 2.9503s
INFO:root:Epoch: 3090 lr: 0.01 train_loss: 115834.4453 train_mapscore: 0.6425 time: 2.9300s
INFO:root:Epoch: 3095 lr: 0.01 train_loss: 115834.1094 train_mapscore: 0.6429 time: 2.9241s
INFO:root:Epoch: 3100 lr: 0.01 train_loss: 115833.7812 train_mapscore: 0.6432 time: 2.9640s
INFO:root:Epoch: 3105 lr: 0.01 train_loss: 115833.4531 train_mapscore: 0.6429 time: 2.9342s
INFO:root:Epoch: 3110 lr: 0.01 train_loss: 115833.1172 train_mapscore: 0.6429 time: 2.9358s
INFO:root:Epoch: 3115 lr: 0.01 train_loss: 115832.7891 train_mapscore: 0.6430 time: 2.9336s
INFO:root:Epoch: 3120 lr: 0.01 train_loss: 115832.4688 train_mapscore: 0.6428 time: 2.9561s
INFO:root:Epoch: 3125 lr: 0.01 train_loss: 115832.1484 train_mapscore: 0.6431 time: 2.9598s
INFO:root:Epoch: 3130 lr: 0.01 train_loss: 115831.8359 train_mapscore: 0.6428 time: 2.9253s
INFO:root:Epoch: 3135 lr: 0.01 train_loss: 115831.5078 train_mapscore: 0.6429 time: 2.9245s
INFO:root:Epoch: 3140 lr: 0.01 train_loss: 115831.1875 train_mapscore: 0.6427 time: 2.9257s
INFO:root:Epoch: 3145 lr: 0.01 train_loss: 115830.8750 train_mapscore: 0.6422 time: 2.9649s
INFO:root:Epoch: 3150 lr: 0.01 train_loss: 115830.5625 train_mapscore: 0.6425 time: 2.9640s
INFO:root:Epoch: 3155 lr: 0.01 train_loss: 115830.2500 train_mapscore: 0.6425 time: 2.9381s
INFO:root:Epoch: 3160 lr: 0.01 train_loss: 115829.9531 train_mapscore: 0.6424 time: 2.9365s
INFO:root:Epoch: 3165 lr: 0.01 train_loss: 115829.6406 train_mapscore: 0.6426 time: 2.9652s
INFO:root:Epoch: 3170 lr: 0.01 train_loss: 115829.3359 train_mapscore: 0.6424 time: 2.9713s
INFO:root:Epoch: 3175 lr: 0.01 train_loss: 115829.0312 train_mapscore: 0.6425 time: 2.9151s
INFO:root:Epoch: 3180 lr: 0.01 train_loss: 115828.7344 train_mapscore: 0.6423 time: 2.9193s
INFO:root:Epoch: 3185 lr: 0.01 train_loss: 115828.4375 train_mapscore: 0.6424 time: 2.9328s
INFO:root:Epoch: 3190 lr: 0.01 train_loss: 115828.1562 train_mapscore: 0.6425 time: 2.9538s
INFO:root:Epoch: 3195 lr: 0.01 train_loss: 115827.8594 train_mapscore: 0.6425 time: 2.9498s
INFO:root:Epoch: 3200 lr: 0.01 train_loss: 115827.5703 train_mapscore: 0.6422 time: 2.9210s
INFO:root:Epoch: 3205 lr: 0.01 train_loss: 115827.2969 train_mapscore: 0.6421 time: 2.9257s
INFO:root:Epoch: 3210 lr: 0.01 train_loss: 115827.0234 train_mapscore: 0.6417 time: 2.9212s
INFO:root:Epoch: 3215 lr: 0.01 train_loss: 115826.7656 train_mapscore: 0.6421 time: 2.9637s
INFO:root:Epoch: 3220 lr: 0.01 train_loss: 115826.5000 train_mapscore: 0.6420 time: 2.9612s
INFO:root:Epoch: 3225 lr: 0.01 train_loss: 115826.2344 train_mapscore: 0.6418 time: 2.9296s
INFO:root:Epoch: 3230 lr: 0.01 train_loss: 115825.9844 train_mapscore: 0.6421 time: 2.9223s
INFO:root:Epoch: 3235 lr: 0.01 train_loss: 115825.7344 train_mapscore: 0.6420 time: 2.9298s
INFO:root:Epoch: 3240 lr: 0.01 train_loss: 115825.5000 train_mapscore: 0.6418 time: 2.9593s
INFO:root:Epoch: 3245 lr: 0.01 train_loss: 115825.2500 train_mapscore: 0.6420 time: 2.9262s
INFO:root:Epoch: 3250 lr: 0.01 train_loss: 115825.0234 train_mapscore: 0.6421 time: 2.9237s
INFO:root:Epoch: 3255 lr: 0.01 train_loss: 115824.7891 train_mapscore: 0.6421 time: 2.9153s
INFO:root:Epoch: 3260 lr: 0.01 train_loss: 115824.5625 train_mapscore: 0.6423 time: 2.9605s
INFO:root:Epoch: 3265 lr: 0.01 train_loss: 115824.3438 train_mapscore: 0.6424 time: 2.9843s
INFO:root:Epoch: 3270 lr: 0.01 train_loss: 115824.1250 train_mapscore: 0.6422 time: 2.9248s
INFO:root:Epoch: 3275 lr: 0.01 train_loss: 115823.9062 train_mapscore: 0.6425 time: 2.8946s
INFO:root:Epoch: 3280 lr: 0.01 train_loss: 115823.6875 train_mapscore: 0.6426 time: 2.9268s
INFO:root:Epoch: 3285 lr: 0.01 train_loss: 115823.4688 train_mapscore: 0.6423 time: 2.9668s
INFO:root:Epoch: 3290 lr: 0.01 train_loss: 115823.2656 train_mapscore: 0.6421 time: 2.9235s
INFO:root:Epoch: 3295 lr: 0.01 train_loss: 115823.0469 train_mapscore: 0.6426 time: 2.9355s
INFO:root:Epoch: 3300 lr: 0.01 train_loss: 115822.8359 train_mapscore: 0.6425 time: 2.9247s
INFO:root:Epoch: 3305 lr: 0.01 train_loss: 115822.6250 train_mapscore: 0.6428 time: 2.9270s
INFO:root:Epoch: 3310 lr: 0.01 train_loss: 115822.4062 train_mapscore: 0.6428 time: 2.9691s
INFO:root:Epoch: 3315 lr: 0.01 train_loss: 115822.2031 train_mapscore: 0.6431 time: 2.9278s
INFO:root:Epoch: 3320 lr: 0.01 train_loss: 115821.9844 train_mapscore: 0.6431 time: 2.9284s
INFO:root:Epoch: 3325 lr: 0.01 train_loss: 115821.7812 train_mapscore: 0.6429 time: 2.9197s
INFO:root:Epoch: 3330 lr: 0.01 train_loss: 115821.5781 train_mapscore: 0.6431 time: 2.9696s
INFO:root:Epoch: 3335 lr: 0.01 train_loss: 115821.3672 train_mapscore: 0.6432 time: 2.9730s
INFO:root:Epoch: 3340 lr: 0.01 train_loss: 115821.1719 train_mapscore: 0.6433 time: 2.9394s
INFO:root:Epoch: 3345 lr: 0.01 train_loss: 115820.9609 train_mapscore: 0.6429 time: 2.9235s
INFO:root:Epoch: 3350 lr: 0.01 train_loss: 115820.7656 train_mapscore: 0.6431 time: 2.9203s
INFO:root:Epoch: 3355 lr: 0.01 train_loss: 115820.5625 train_mapscore: 0.6433 time: 2.9614s
INFO:root:Epoch: 3360 lr: 0.01 train_loss: 115820.3594 train_mapscore: 0.6435 time: 2.9707s
INFO:root:Epoch: 3365 lr: 0.01 train_loss: 115820.1719 train_mapscore: 0.6430 time: 2.9278s
INFO:root:Epoch: 3370 lr: 0.01 train_loss: 115819.9844 train_mapscore: 0.6438 time: 2.9318s
INFO:root:Epoch: 3375 lr: 0.01 train_loss: 115819.7812 train_mapscore: 0.6437 time: 2.9684s
INFO:root:Epoch: 3380 lr: 0.01 train_loss: 115819.5938 train_mapscore: 0.6438 time: 2.9514s
INFO:root:Epoch: 3385 lr: 0.01 train_loss: 115819.4062 train_mapscore: 0.6441 time: 2.9247s
INFO:root:Epoch: 3390 lr: 0.01 train_loss: 115819.2344 train_mapscore: 0.6438 time: 2.9292s
INFO:root:Epoch: 3395 lr: 0.01 train_loss: 115819.0469 train_mapscore: 0.6437 time: 2.9257s
INFO:root:Epoch: 3400 lr: 0.01 train_loss: 115818.8594 train_mapscore: 0.6441 time: 2.9655s
INFO:root:Epoch: 3405 lr: 0.01 train_loss: 115818.6875 train_mapscore: 0.6441 time: 2.9749s
INFO:root:Epoch: 3410 lr: 0.01 train_loss: 115818.5156 train_mapscore: 0.6443 time: 2.9337s
INFO:root:Epoch: 3415 lr: 0.01 train_loss: 115818.3438 train_mapscore: 0.6444 time: 2.9284s
INFO:root:Epoch: 3420 lr: 0.01 train_loss: 115818.1719 train_mapscore: 0.6439 time: 2.9112s
INFO:root:Epoch: 3425 lr: 0.01 train_loss: 115818.0000 train_mapscore: 0.6442 time: 2.9619s
INFO:root:Epoch: 3430 lr: 0.01 train_loss: 115817.8359 train_mapscore: 0.6442 time: 2.9581s
INFO:root:Epoch: 3435 lr: 0.01 train_loss: 115817.6719 train_mapscore: 0.6442 time: 2.9265s
INFO:root:Epoch: 3440 lr: 0.01 train_loss: 115817.5156 train_mapscore: 0.6447 time: 2.9195s
INFO:root:Epoch: 3445 lr: 0.01 train_loss: 115817.3438 train_mapscore: 0.6444 time: 2.9133s
INFO:root:Epoch: 3450 lr: 0.01 train_loss: 115817.1875 train_mapscore: 0.6443 time: 2.9693s
INFO:root:Epoch: 3455 lr: 0.01 train_loss: 115817.0312 train_mapscore: 0.6444 time: 2.9233s
INFO:root:Epoch: 3460 lr: 0.01 train_loss: 115816.8750 train_mapscore: 0.6445 time: 2.9202s
INFO:root:Epoch: 3465 lr: 0.01 train_loss: 115816.7188 train_mapscore: 0.6445 time: 2.9241s
INFO:root:Epoch: 3470 lr: 0.01 train_loss: 115816.5703 train_mapscore: 0.6443 time: 3.0154s
INFO:root:Epoch: 3475 lr: 0.01 train_loss: 115816.4219 train_mapscore: 0.6444 time: 2.9595s
INFO:root:Epoch: 3480 lr: 0.01 train_loss: 115816.2656 train_mapscore: 0.6444 time: 2.9222s
INFO:root:Epoch: 3485 lr: 0.01 train_loss: 115816.1172 train_mapscore: 0.6447 time: 2.9204s
INFO:root:Epoch: 3490 lr: 0.01 train_loss: 115815.9688 train_mapscore: 0.6445 time: 2.9203s
INFO:root:Epoch: 3495 lr: 0.01 train_loss: 115815.8281 train_mapscore: 0.6444 time: 2.9615s
INFO:root:Epoch: 3500 lr: 0.01 train_loss: 115815.6797 train_mapscore: 0.6445 time: 3.0324s
INFO:root:Epoch: 3505 lr: 0.01 train_loss: 115815.5312 train_mapscore: 0.6447 time: 2.9227s
INFO:root:Epoch: 3510 lr: 0.01 train_loss: 115815.3906 train_mapscore: 0.6448 time: 2.9253s
INFO:root:Epoch: 3515 lr: 0.01 train_loss: 115815.2500 train_mapscore: 0.6442 time: 2.9300s
INFO:root:Epoch: 3520 lr: 0.01 train_loss: 115815.1094 train_mapscore: 0.6443 time: 2.9606s
INFO:root:Epoch: 3525 lr: 0.01 train_loss: 115814.9688 train_mapscore: 0.6444 time: 2.9262s
INFO:root:Epoch: 3530 lr: 0.01 train_loss: 115814.8281 train_mapscore: 0.6441 time: 2.9224s
INFO:root:Epoch: 3535 lr: 0.01 train_loss: 115814.6953 train_mapscore: 0.6445 time: 2.9144s
INFO:root:Epoch: 3540 lr: 0.01 train_loss: 115814.5547 train_mapscore: 0.6445 time: 2.9771s
INFO:root:Epoch: 3545 lr: 0.01 train_loss: 115814.4141 train_mapscore: 0.6443 time: 2.9637s
INFO:root:Epoch: 3550 lr: 0.01 train_loss: 115814.2734 train_mapscore: 0.6439 time: 2.9262s
INFO:root:Epoch: 3555 lr: 0.01 train_loss: 115814.1406 train_mapscore: 0.6441 time: 2.9346s
INFO:root:Epoch: 3560 lr: 0.01 train_loss: 115814.0000 train_mapscore: 0.6442 time: 2.9276s
INFO:root:Epoch: 3565 lr: 0.01 train_loss: 115813.8672 train_mapscore: 0.6443 time: 2.9561s
INFO:root:Epoch: 3570 lr: 0.01 train_loss: 115813.7344 train_mapscore: 0.6441 time: 2.9636s
INFO:root:Epoch: 3575 lr: 0.01 train_loss: 115813.6016 train_mapscore: 0.6446 time: 2.9348s
INFO:root:Epoch: 3580 lr: 0.01 train_loss: 115813.4531 train_mapscore: 0.6445 time: 2.9202s
INFO:root:Epoch: 3585 lr: 0.01 train_loss: 115813.3281 train_mapscore: 0.6446 time: 2.9657s
INFO:root:Epoch: 3590 lr: 0.01 train_loss: 115813.1953 train_mapscore: 0.6447 time: 2.9662s
INFO:root:Epoch: 3595 lr: 0.01 train_loss: 115813.0625 train_mapscore: 0.6448 time: 2.9325s
INFO:root:Epoch: 3600 lr: 0.01 train_loss: 115812.9219 train_mapscore: 0.6450 time: 2.9283s
INFO:root:Epoch: 3605 lr: 0.01 train_loss: 115812.7969 train_mapscore: 0.6445 time: 2.9265s
INFO:root:Epoch: 3610 lr: 0.01 train_loss: 115812.6562 train_mapscore: 0.6448 time: 2.9839s
INFO:root:Epoch: 3615 lr: 0.01 train_loss: 115812.5156 train_mapscore: 0.6448 time: 2.9784s
INFO:root:Epoch: 3620 lr: 0.01 train_loss: 115812.3828 train_mapscore: 0.6450 time: 2.9242s
INFO:root:Epoch: 3625 lr: 0.01 train_loss: 115812.2500 train_mapscore: 0.6451 time: 2.8696s
INFO:root:Epoch: 3630 lr: 0.01 train_loss: 115812.1016 train_mapscore: 0.6451 time: 2.9227s
INFO:root:Epoch: 3635 lr: 0.01 train_loss: 115811.9688 train_mapscore: 0.6449 time: 2.9617s
INFO:root:Epoch: 3640 lr: 0.01 train_loss: 115811.8281 train_mapscore: 0.6450 time: 2.9667s
INFO:root:Epoch: 3645 lr: 0.01 train_loss: 115811.6953 train_mapscore: 0.6451 time: 2.9893s
INFO:root:Epoch: 3650 lr: 0.01 train_loss: 115811.5625 train_mapscore: 0.6450 time: 2.9235s
INFO:root:Epoch: 3655 lr: 0.01 train_loss: 115811.4219 train_mapscore: 0.6450 time: 2.9252s
INFO:root:Epoch: 3660 lr: 0.01 train_loss: 115811.2734 train_mapscore: 0.6451 time: 2.9652s
INFO:root:Epoch: 3665 lr: 0.01 train_loss: 115811.1406 train_mapscore: 0.6455 time: 2.9376s
INFO:root:Epoch: 3670 lr: 0.01 train_loss: 115810.9922 train_mapscore: 0.6450 time: 2.9289s
INFO:root:Epoch: 3675 lr: 0.01 train_loss: 115810.8594 train_mapscore: 0.6451 time: 2.9187s
INFO:root:Epoch: 3680 lr: 0.01 train_loss: 115810.7109 train_mapscore: 0.6453 time: 2.9713s
INFO:root:Epoch: 3685 lr: 0.01 train_loss: 115810.5547 train_mapscore: 0.6452 time: 2.9579s
INFO:root:Epoch: 3690 lr: 0.01 train_loss: 115810.4219 train_mapscore: 0.6454 time: 2.9138s
INFO:root:Epoch: 3695 lr: 0.01 train_loss: 115810.2734 train_mapscore: 0.6451 time: 2.9159s
INFO:root:Epoch: 3700 lr: 0.01 train_loss: 115810.1250 train_mapscore: 0.6452 time: 2.9198s
INFO:root:Epoch: 3705 lr: 0.01 train_loss: 115809.9766 train_mapscore: 0.6454 time: 2.9596s
INFO:root:Epoch: 3710 lr: 0.01 train_loss: 115809.8281 train_mapscore: 0.6453 time: 2.9251s
INFO:root:Epoch: 3715 lr: 0.01 train_loss: 115809.6719 train_mapscore: 0.6452 time: 2.9305s
INFO:root:Epoch: 3720 lr: 0.01 train_loss: 115809.5312 train_mapscore: 0.6455 time: 2.9399s
INFO:root:Epoch: 3725 lr: 0.01 train_loss: 115809.3750 train_mapscore: 0.6455 time: 2.9230s
INFO:root:Epoch: 3730 lr: 0.01 train_loss: 115809.2109 train_mapscore: 0.6455 time: 2.9551s
INFO:root:Epoch: 3735 lr: 0.01 train_loss: 115809.0625 train_mapscore: 0.6456 time: 2.9455s
INFO:root:Epoch: 3740 lr: 0.01 train_loss: 115808.9062 train_mapscore: 0.6457 time: 2.9188s
INFO:root:Epoch: 3745 lr: 0.01 train_loss: 115808.7422 train_mapscore: 0.6449 time: 2.9147s
INFO:root:Epoch: 3750 lr: 0.01 train_loss: 115808.5859 train_mapscore: 0.6455 time: 2.9629s
INFO:root:Epoch: 3755 lr: 0.01 train_loss: 115808.4375 train_mapscore: 0.6447 time: 2.9714s
INFO:root:Epoch: 3760 lr: 0.01 train_loss: 115808.2812 train_mapscore: 0.6450 time: 2.9240s
INFO:root:Epoch: 3765 lr: 0.01 train_loss: 115808.1250 train_mapscore: 0.6448 time: 2.9152s
INFO:root:Epoch: 3770 lr: 0.01 train_loss: 115807.9688 train_mapscore: 0.6452 time: 2.9116s
INFO:root:Epoch: 3775 lr: 0.01 train_loss: 115807.8047 train_mapscore: 0.6453 time: 2.9562s
INFO:root:Epoch: 3780 lr: 0.01 train_loss: 115807.6406 train_mapscore: 0.6450 time: 2.9739s
INFO:root:Epoch: 3785 lr: 0.01 train_loss: 115807.4844 train_mapscore: 0.6449 time: 2.9342s
INFO:root:Epoch: 3790 lr: 0.01 train_loss: 115807.3281 train_mapscore: 0.6450 time: 2.9232s
INFO:root:Epoch: 3795 lr: 0.01 train_loss: 115807.1641 train_mapscore: 0.6450 time: 2.9705s
INFO:root:Epoch: 3800 lr: 0.01 train_loss: 115807.0000 train_mapscore: 0.6451 time: 2.9594s
INFO:root:Epoch: 3805 lr: 0.01 train_loss: 115806.8438 train_mapscore: 0.6450 time: 2.9181s
INFO:root:Epoch: 3810 lr: 0.01 train_loss: 115806.6719 train_mapscore: 0.6450 time: 2.9143s
INFO:root:Epoch: 3815 lr: 0.01 train_loss: 115806.5156 train_mapscore: 0.6453 time: 2.9217s
INFO:root:Epoch: 3820 lr: 0.01 train_loss: 115806.3516 train_mapscore: 0.6452 time: 2.9575s
INFO:root:Epoch: 3825 lr: 0.01 train_loss: 115806.1875 train_mapscore: 0.6450 time: 2.9580s
INFO:root:Epoch: 3830 lr: 0.01 train_loss: 115806.0312 train_mapscore: 0.6450 time: 2.9175s
INFO:root:Epoch: 3835 lr: 0.01 train_loss: 115805.8672 train_mapscore: 0.6449 time: 2.9200s
INFO:root:Epoch: 3840 lr: 0.01 train_loss: 115805.6953 train_mapscore: 0.6446 time: 2.9237s
INFO:root:Epoch: 3845 lr: 0.01 train_loss: 115805.5312 train_mapscore: 0.6443 time: 2.9552s
INFO:root:Epoch: 3850 lr: 0.01 train_loss: 115805.3672 train_mapscore: 0.6447 time: 2.9655s
INFO:root:Epoch: 3855 lr: 0.01 train_loss: 115805.2031 train_mapscore: 0.6444 time: 2.9156s
INFO:root:Epoch: 3860 lr: 0.01 train_loss: 115805.0312 train_mapscore: 0.6442 time: 2.9189s
INFO:root:Epoch: 3865 lr: 0.01 train_loss: 115804.8594 train_mapscore: 0.6442 time: 2.9301s
INFO:root:Epoch: 3870 lr: 0.01 train_loss: 115804.6875 train_mapscore: 0.6439 time: 2.9606s
INFO:root:Epoch: 3875 lr: 0.01 train_loss: 115804.5234 train_mapscore: 0.6441 time: 2.9188s
INFO:root:Epoch: 3880 lr: 0.01 train_loss: 115804.3438 train_mapscore: 0.6442 time: 2.9167s
INFO:root:Epoch: 3885 lr: 0.01 train_loss: 115804.1797 train_mapscore: 0.6445 time: 2.9200s
INFO:root:Epoch: 3890 lr: 0.01 train_loss: 115804.0000 train_mapscore: 0.6439 time: 2.9556s
INFO:root:Epoch: 3895 lr: 0.01 train_loss: 115803.8359 train_mapscore: 0.6443 time: 2.9603s
INFO:root:Epoch: 3900 lr: 0.01 train_loss: 115803.6562 train_mapscore: 0.6444 time: 2.9155s
INFO:root:Epoch: 3905 lr: 0.01 train_loss: 115803.4922 train_mapscore: 0.6447 time: 2.9109s
INFO:root:Epoch: 3910 lr: 0.01 train_loss: 115803.3125 train_mapscore: 0.6444 time: 2.9160s
INFO:root:Epoch: 3915 lr: 0.01 train_loss: 115803.1406 train_mapscore: 0.6443 time: 2.9547s
INFO:root:Epoch: 3920 lr: 0.01 train_loss: 115802.9531 train_mapscore: 0.6444 time: 2.9262s
INFO:root:Epoch: 3925 lr: 0.01 train_loss: 115802.7734 train_mapscore: 0.6445 time: 2.9203s
INFO:root:Epoch: 3930 lr: 0.01 train_loss: 115802.5938 train_mapscore: 0.6442 time: 2.9305s
INFO:root:Epoch: 3935 lr: 0.01 train_loss: 115802.4062 train_mapscore: 0.6445 time: 2.9318s
INFO:root:Epoch: 3940 lr: 0.01 train_loss: 115802.2344 train_mapscore: 0.6445 time: 2.9620s
INFO:root:Epoch: 3945 lr: 0.01 train_loss: 115802.0312 train_mapscore: 0.6445 time: 2.9333s
INFO:root:Epoch: 3950 lr: 0.01 train_loss: 115801.8438 train_mapscore: 0.6444 time: 2.9207s
INFO:root:Epoch: 3955 lr: 0.01 train_loss: 115801.6719 train_mapscore: 0.6443 time: 2.9156s
INFO:root:Epoch: 3960 lr: 0.01 train_loss: 115801.4766 train_mapscore: 0.6441 time: 2.9615s
INFO:root:Epoch: 3965 lr: 0.01 train_loss: 115801.2812 train_mapscore: 0.6446 time: 2.9659s
INFO:root:Epoch: 3970 lr: 0.01 train_loss: 115801.0781 train_mapscore: 0.6446 time: 2.9287s
INFO:root:Epoch: 3975 lr: 0.01 train_loss: 115800.8906 train_mapscore: 0.6442 time: 2.9247s
INFO:root:Epoch: 3980 lr: 0.01 train_loss: 115800.6875 train_mapscore: 0.6444 time: 2.9170s
INFO:root:Epoch: 3985 lr: 0.01 train_loss: 115800.4766 train_mapscore: 0.6439 time: 2.9827s
INFO:root:Epoch: 3990 lr: 0.01 train_loss: 115800.2734 train_mapscore: 0.6440 time: 2.9652s
INFO:root:Epoch: 3995 lr: 0.01 train_loss: 115800.0625 train_mapscore: 0.6442 time: 2.9162s
INFO:root:Epoch: 4000 lr: 0.01 train_loss: 115799.8438 train_mapscore: 0.6440 time: 2.9239s
INFO:root:Epoch: 4005 lr: 0.01 train_loss: 115799.6250 train_mapscore: 0.6440 time: 2.9585s
INFO:root:Epoch: 4010 lr: 0.01 train_loss: 115799.4062 train_mapscore: 0.6439 time: 2.9519s
INFO:root:Epoch: 4015 lr: 0.01 train_loss: 115799.1875 train_mapscore: 0.6440 time: 2.9179s
INFO:root:Epoch: 4020 lr: 0.01 train_loss: 115798.9531 train_mapscore: 0.6441 time: 2.9165s
INFO:root:Epoch: 4025 lr: 0.01 train_loss: 115798.7188 train_mapscore: 0.6441 time: 2.9157s
INFO:root:Epoch: 4030 lr: 0.01 train_loss: 115798.4844 train_mapscore: 0.6439 time: 2.9043s
INFO:root:Epoch: 4035 lr: 0.01 train_loss: 115798.2500 train_mapscore: 0.6440 time: 2.9564s
INFO:root:Epoch: 4040 lr: 0.01 train_loss: 115797.9922 train_mapscore: 0.6441 time: 2.9148s
INFO:root:Epoch: 4045 lr: 0.01 train_loss: 115797.7422 train_mapscore: 0.6439 time: 2.9156s
INFO:root:Epoch: 4050 lr: 0.01 train_loss: 115797.4844 train_mapscore: 0.6440 time: 2.9120s
INFO:root:Epoch: 4055 lr: 0.01 train_loss: 115797.2109 train_mapscore: 0.6435 time: 2.9016s
INFO:root:Epoch: 4060 lr: 0.01 train_loss: 115796.9375 train_mapscore: 0.6436 time: 2.9596s
INFO:root:Epoch: 4065 lr: 0.01 train_loss: 115796.6562 train_mapscore: 0.6437 time: 2.9237s
INFO:root:Epoch: 4070 lr: 0.01 train_loss: 115796.3594 train_mapscore: 0.6438 time: 2.9272s
INFO:root:Epoch: 4075 lr: 0.01 train_loss: 115796.0625 train_mapscore: 0.6436 time: 2.9241s
INFO:root:Epoch: 4080 lr: 0.01 train_loss: 115795.7500 train_mapscore: 0.6438 time: 2.9528s
INFO:root:Epoch: 4085 lr: 0.01 train_loss: 115795.4297 train_mapscore: 0.6438 time: 2.9213s
INFO:root:Epoch: 4090 lr: 0.01 train_loss: 115795.0938 train_mapscore: 0.6436 time: 2.9237s
INFO:root:Epoch: 4095 lr: 0.01 train_loss: 115794.7500 train_mapscore: 0.6440 time: 2.9192s
INFO:root:Epoch: 4100 lr: 0.01 train_loss: 115794.3984 train_mapscore: 0.6441 time: 2.9526s
INFO:root:Epoch: 4105 lr: 0.01 train_loss: 115794.0156 train_mapscore: 0.6441 time: 2.9627s
INFO:root:Epoch: 4110 lr: 0.01 train_loss: 115793.6250 train_mapscore: 0.6440 time: 2.9157s
INFO:root:Epoch: 4115 lr: 0.01 train_loss: 115793.2188 train_mapscore: 0.6439 time: 2.9228s
INFO:root:Epoch: 4120 lr: 0.01 train_loss: 115792.7891 train_mapscore: 0.6442 time: 2.9273s
INFO:root:Epoch: 4125 lr: 0.01 train_loss: 115792.3438 train_mapscore: 0.6443 time: 2.9571s
INFO:root:Epoch: 4130 lr: 0.01 train_loss: 115791.8750 train_mapscore: 0.6441 time: 2.9229s
INFO:root:Epoch: 4135 lr: 0.01 train_loss: 115791.3750 train_mapscore: 0.6445 time: 2.9151s
INFO:root:Epoch: 4140 lr: 0.01 train_loss: 115790.8750 train_mapscore: 0.6443 time: 2.9294s
INFO:root:Epoch: 4145 lr: 0.01 train_loss: 115790.3281 train_mapscore: 0.6447 time: 2.9190s
INFO:root:Epoch: 4150 lr: 0.01 train_loss: 115789.7656 train_mapscore: 0.6445 time: 2.9684s
INFO:root:Epoch: 4155 lr: 0.01 train_loss: 115789.1719 train_mapscore: 0.6442 time: 2.9187s
INFO:root:Epoch: 4160 lr: 0.01 train_loss: 115788.5625 train_mapscore: 0.6443 time: 2.9167s
INFO:root:Epoch: 4165 lr: 0.01 train_loss: 115787.9375 train_mapscore: 0.6442 time: 2.9270s
INFO:root:Epoch: 4170 lr: 0.01 train_loss: 115787.2734 train_mapscore: 0.6444 time: 2.9622s
INFO:root:Epoch: 4175 lr: 0.01 train_loss: 115786.6094 train_mapscore: 0.6445 time: 2.9514s
INFO:root:Epoch: 4180 lr: 0.01 train_loss: 115785.9219 train_mapscore: 0.6445 time: 2.9277s
INFO:root:Epoch: 4185 lr: 0.01 train_loss: 115785.2109 train_mapscore: 0.6447 time: 2.9241s
INFO:root:Epoch: 4190 lr: 0.01 train_loss: 115784.4922 train_mapscore: 0.6442 time: 2.9202s
INFO:root:Epoch: 4195 lr: 0.01 train_loss: 115783.7656 train_mapscore: 0.6441 time: 2.9593s
INFO:root:Epoch: 4200 lr: 0.01 train_loss: 115783.0234 train_mapscore: 0.6443 time: 2.9637s
INFO:root:Epoch: 4205 lr: 0.01 train_loss: 115782.2812 train_mapscore: 0.6442 time: 2.9281s
INFO:root:Epoch: 4210 lr: 0.01 train_loss: 115781.5312 train_mapscore: 0.6440 time: 2.9175s
INFO:root:Epoch: 4215 lr: 0.01 train_loss: 115780.7812 train_mapscore: 0.6444 time: 2.9591s
INFO:root:Epoch: 4220 lr: 0.01 train_loss: 115780.0312 train_mapscore: 0.6441 time: 2.9668s
INFO:root:Epoch: 4225 lr: 0.01 train_loss: 115779.2812 train_mapscore: 0.6438 time: 2.9260s
INFO:root:Epoch: 4230 lr: 0.01 train_loss: 115778.5469 train_mapscore: 0.6436 time: 2.9209s
INFO:root:Epoch: 4235 lr: 0.01 train_loss: 115777.8047 train_mapscore: 0.6437 time: 2.9243s
INFO:root:Epoch: 4240 lr: 0.01 train_loss: 115777.0703 train_mapscore: 0.6440 time: 2.9558s
INFO:root:Epoch: 4245 lr: 0.01 train_loss: 115776.3516 train_mapscore: 0.6440 time: 2.9535s
INFO:root:Epoch: 4250 lr: 0.01 train_loss: 115775.6406 train_mapscore: 0.6442 time: 2.9177s
INFO:root:Epoch: 4255 lr: 0.01 train_loss: 115774.9531 train_mapscore: 0.6436 time: 2.9164s
INFO:root:Epoch: 4260 lr: 0.01 train_loss: 115774.2734 train_mapscore: 0.6437 time: 2.9096s
INFO:root:Epoch: 4265 lr: 0.01 train_loss: 115773.6094 train_mapscore: 0.6437 time: 2.9498s
INFO:root:Epoch: 4270 lr: 0.01 train_loss: 115772.9609 train_mapscore: 0.6438 time: 2.9559s
INFO:root:Epoch: 4275 lr: 0.01 train_loss: 115772.3281 train_mapscore: 0.6438 time: 2.9242s
INFO:root:Epoch: 4280 lr: 0.01 train_loss: 115771.7188 train_mapscore: 0.6434 time: 2.9179s
INFO:root:Epoch: 4285 lr: 0.01 train_loss: 115771.1328 train_mapscore: 0.6432 time: 2.9277s
INFO:root:Epoch: 4290 lr: 0.01 train_loss: 115770.5547 train_mapscore: 0.6433 time: 2.9574s
INFO:root:Epoch: 4295 lr: 0.01 train_loss: 115770.0000 train_mapscore: 0.6435 time: 2.9299s
INFO:root:Epoch: 4300 lr: 0.01 train_loss: 115769.4688 train_mapscore: 0.6434 time: 2.9265s
INFO:root:Epoch: 4305 lr: 0.01 train_loss: 115768.9531 train_mapscore: 0.6436 time: 2.9252s
INFO:root:Epoch: 4310 lr: 0.01 train_loss: 115768.4531 train_mapscore: 0.6440 time: 2.9641s
INFO:root:Epoch: 4315 lr: 0.01 train_loss: 115767.9688 train_mapscore: 0.6437 time: 2.9647s
INFO:root:Epoch: 4320 lr: 0.01 train_loss: 115767.5000 train_mapscore: 0.6437 time: 2.9225s
INFO:root:Epoch: 4325 lr: 0.01 train_loss: 115767.0469 train_mapscore: 0.6436 time: 2.9292s
INFO:root:Epoch: 4330 lr: 0.01 train_loss: 115766.6094 train_mapscore: 0.6436 time: 2.9312s
INFO:root:Epoch: 4335 lr: 0.01 train_loss: 115766.1875 train_mapscore: 0.6437 time: 2.9718s
INFO:root:Epoch: 4340 lr: 0.01 train_loss: 115765.7812 train_mapscore: 0.6438 time: 2.9221s
INFO:root:Epoch: 4345 lr: 0.01 train_loss: 115765.3828 train_mapscore: 0.6437 time: 2.9403s
INFO:root:Epoch: 4350 lr: 0.01 train_loss: 115765.0000 train_mapscore: 0.6437 time: 2.9295s
INFO:root:Epoch: 4355 lr: 0.01 train_loss: 115764.6250 train_mapscore: 0.6434 time: 2.9289s
INFO:root:Epoch: 4360 lr: 0.01 train_loss: 115764.2656 train_mapscore: 0.6437 time: 2.9620s
INFO:root:Epoch: 4365 lr: 0.01 train_loss: 115763.9062 train_mapscore: 0.6435 time: 2.9235s
INFO:root:Epoch: 4370 lr: 0.01 train_loss: 115763.5625 train_mapscore: 0.6436 time: 2.9313s
INFO:root:Epoch: 4375 lr: 0.01 train_loss: 115763.2344 train_mapscore: 0.6437 time: 2.9286s
INFO:root:Epoch: 4380 lr: 0.01 train_loss: 115762.9062 train_mapscore: 0.6436 time: 2.9726s
INFO:root:Epoch: 4385 lr: 0.01 train_loss: 115762.5859 train_mapscore: 0.6435 time: 2.9570s
INFO:root:Epoch: 4390 lr: 0.01 train_loss: 115762.2812 train_mapscore: 0.6437 time: 2.9329s
INFO:root:Epoch: 4395 lr: 0.01 train_loss: 115761.9688 train_mapscore: 0.6437 time: 2.9289s
INFO:root:Epoch: 4400 lr: 0.01 train_loss: 115761.6641 train_mapscore: 0.6435 time: 2.9327s
INFO:root:Epoch: 4405 lr: 0.01 train_loss: 115761.3750 train_mapscore: 0.6435 time: 2.9600s
INFO:root:Epoch: 4410 lr: 0.01 train_loss: 115761.0859 train_mapscore: 0.6435 time: 2.9639s
INFO:root:Epoch: 4415 lr: 0.01 train_loss: 115760.8047 train_mapscore: 0.6437 time: 2.9198s
INFO:root:Epoch: 4420 lr: 0.01 train_loss: 115760.5234 train_mapscore: 0.6436 time: 2.9220s
INFO:root:Epoch: 4425 lr: 0.01 train_loss: 115760.2578 train_mapscore: 0.6434 time: 2.9524s
INFO:root:Epoch: 4430 lr: 0.01 train_loss: 115759.9922 train_mapscore: 0.6430 time: 2.9659s
INFO:root:Epoch: 4435 lr: 0.01 train_loss: 115759.7422 train_mapscore: 0.6430 time: 2.9255s
INFO:root:Epoch: 4440 lr: 0.01 train_loss: 115759.4922 train_mapscore: 0.6432 time: 2.9190s
INFO:root:Epoch: 4445 lr: 0.01 train_loss: 115759.2500 train_mapscore: 0.6431 time: 2.9183s
INFO:root:Epoch: 4450 lr: 0.01 train_loss: 115759.0000 train_mapscore: 0.6431 time: 2.9637s
INFO:root:Epoch: 4455 lr: 0.01 train_loss: 115758.7734 train_mapscore: 0.6429 time: 2.9663s
INFO:root:Epoch: 4460 lr: 0.01 train_loss: 115758.5469 train_mapscore: 0.6427 time: 2.9122s
INFO:root:Epoch: 4465 lr: 0.01 train_loss: 115758.3281 train_mapscore: 0.6430 time: 2.9206s
INFO:root:Epoch: 4470 lr: 0.01 train_loss: 115758.1094 train_mapscore: 0.6434 time: 2.9173s
INFO:root:Epoch: 4475 lr: 0.01 train_loss: 115757.8906 train_mapscore: 0.6431 time: 2.9607s
INFO:root:Epoch: 4480 lr: 0.01 train_loss: 115757.6875 train_mapscore: 0.6428 time: 2.9600s
INFO:root:Epoch: 4485 lr: 0.01 train_loss: 115757.4844 train_mapscore: 0.6428 time: 2.9178s
INFO:root:Epoch: 4490 lr: 0.01 train_loss: 115757.2969 train_mapscore: 0.6428 time: 2.9305s
INFO:root:Epoch: 4495 lr: 0.01 train_loss: 115757.1094 train_mapscore: 0.6428 time: 2.9300s
INFO:root:Epoch: 4500 lr: 0.01 train_loss: 115756.9219 train_mapscore: 0.6426 time: 2.9649s
INFO:root:Epoch: 4505 lr: 0.01 train_loss: 115756.7266 train_mapscore: 0.6423 time: 2.9235s
INFO:root:Epoch: 4510 lr: 0.01 train_loss: 115756.5547 train_mapscore: 0.6424 time: 2.9269s
INFO:root:Epoch: 4515 lr: 0.01 train_loss: 115756.3906 train_mapscore: 0.6427 time: 2.9225s
INFO:root:Epoch: 4520 lr: 0.01 train_loss: 115756.2031 train_mapscore: 0.6428 time: 2.9591s
INFO:root:Epoch: 4525 lr: 0.01 train_loss: 115756.0469 train_mapscore: 0.6428 time: 2.9590s
INFO:root:Epoch: 4530 lr: 0.01 train_loss: 115755.8828 train_mapscore: 0.6429 time: 2.9191s
INFO:root:Epoch: 4535 lr: 0.01 train_loss: 115755.7188 train_mapscore: 0.6432 time: 2.9216s
INFO:root:Epoch: 4540 lr: 0.01 train_loss: 115755.5625 train_mapscore: 0.6431 time: 2.8758s
INFO:root:Epoch: 4545 lr: 0.01 train_loss: 115755.4062 train_mapscore: 0.6434 time: 2.9641s
INFO:root:Epoch: 4550 lr: 0.01 train_loss: 115755.2656 train_mapscore: 0.6433 time: 2.9195s
INFO:root:Epoch: 4555 lr: 0.01 train_loss: 115755.1250 train_mapscore: 0.6432 time: 2.9145s
INFO:root:Epoch: 4560 lr: 0.01 train_loss: 115754.9766 train_mapscore: 0.6432 time: 2.9178s
INFO:root:Epoch: 4565 lr: 0.01 train_loss: 115754.8359 train_mapscore: 0.6433 time: 2.9197s
INFO:root:Epoch: 4570 lr: 0.01 train_loss: 115754.7031 train_mapscore: 0.6436 time: 2.9705s
INFO:root:Epoch: 4575 lr: 0.01 train_loss: 115754.5625 train_mapscore: 0.6440 time: 2.9275s
INFO:root:Epoch: 4580 lr: 0.01 train_loss: 115754.4297 train_mapscore: 0.6436 time: 2.9250s
INFO:root:Epoch: 4585 lr: 0.01 train_loss: 115754.2969 train_mapscore: 0.6437 time: 2.9176s
INFO:root:Epoch: 4590 lr: 0.01 train_loss: 115754.1719 train_mapscore: 0.6437 time: 2.9599s
INFO:root:Epoch: 4595 lr: 0.01 train_loss: 115754.0469 train_mapscore: 0.6439 time: 2.9679s
INFO:root:Epoch: 4600 lr: 0.01 train_loss: 115753.9219 train_mapscore: 0.6436 time: 2.9301s
INFO:root:Epoch: 4605 lr: 0.01 train_loss: 115753.7969 train_mapscore: 0.6438 time: 2.9229s
INFO:root:Epoch: 4610 lr: 0.01 train_loss: 115753.6797 train_mapscore: 0.6438 time: 2.9308s
INFO:root:Epoch: 4615 lr: 0.01 train_loss: 115753.5547 train_mapscore: 0.6439 time: 2.9672s
INFO:root:Epoch: 4620 lr: 0.01 train_loss: 115753.4297 train_mapscore: 0.6439 time: 2.9601s
INFO:root:Epoch: 4625 lr: 0.01 train_loss: 115753.3125 train_mapscore: 0.6441 time: 2.9190s
INFO:root:Epoch: 4630 lr: 0.01 train_loss: 115753.2031 train_mapscore: 0.6446 time: 2.9224s
INFO:root:Epoch: 4635 lr: 0.01 train_loss: 115753.0859 train_mapscore: 0.6445 time: 2.9702s
INFO:root:Epoch: 4640 lr: 0.01 train_loss: 115752.9688 train_mapscore: 0.6444 time: 2.9795s
INFO:root:Epoch: 4645 lr: 0.01 train_loss: 115752.8594 train_mapscore: 0.6445 time: 2.9254s
INFO:root:Epoch: 4650 lr: 0.01 train_loss: 115752.7500 train_mapscore: 0.6445 time: 2.9252s
INFO:root:Epoch: 4655 lr: 0.01 train_loss: 115752.6328 train_mapscore: 0.6446 time: 2.9227s
INFO:root:Epoch: 4660 lr: 0.01 train_loss: 115752.5234 train_mapscore: 0.6446 time: 2.9547s
INFO:root:Epoch: 4665 lr: 0.01 train_loss: 115752.4219 train_mapscore: 0.6446 time: 2.9601s
INFO:root:Epoch: 4670 lr: 0.01 train_loss: 115752.3125 train_mapscore: 0.6444 time: 2.9196s
INFO:root:Epoch: 4675 lr: 0.01 train_loss: 115752.2031 train_mapscore: 0.6447 time: 2.9179s
INFO:root:Epoch: 4680 lr: 0.01 train_loss: 115752.1016 train_mapscore: 0.6442 time: 2.9204s
INFO:root:Epoch: 4685 lr: 0.01 train_loss: 115752.0000 train_mapscore: 0.6444 time: 2.9582s
INFO:root:Epoch: 4690 lr: 0.01 train_loss: 115751.8906 train_mapscore: 0.6446 time: 2.9519s
INFO:root:Epoch: 4695 lr: 0.01 train_loss: 115751.7891 train_mapscore: 0.6450 time: 2.9242s
INFO:root:Epoch: 4700 lr: 0.01 train_loss: 115751.6875 train_mapscore: 0.6448 time: 2.9226s
INFO:root:Epoch: 4705 lr: 0.01 train_loss: 115751.5938 train_mapscore: 0.6449 time: 2.9236s
INFO:root:Epoch: 4710 lr: 0.01 train_loss: 115751.4922 train_mapscore: 0.6447 time: 2.9568s
INFO:root:Epoch: 4715 lr: 0.01 train_loss: 115751.3906 train_mapscore: 0.6450 time: 2.9172s
INFO:root:Epoch: 4720 lr: 0.01 train_loss: 115751.2969 train_mapscore: 0.6450 time: 2.9196s
INFO:root:Epoch: 4725 lr: 0.01 train_loss: 115751.2031 train_mapscore: 0.6450 time: 2.9080s
INFO:root:Epoch: 4730 lr: 0.01 train_loss: 115751.1094 train_mapscore: 0.6452 time: 2.9620s
INFO:root:Epoch: 4735 lr: 0.01 train_loss: 115751.0156 train_mapscore: 0.6450 time: 2.9093s
INFO:root:Epoch: 4740 lr: 0.01 train_loss: 115750.9219 train_mapscore: 0.6449 time: 2.8822s
INFO:root:Epoch: 4745 lr: 0.01 train_loss: 115750.8281 train_mapscore: 0.6451 time: 2.9300s
INFO:root:Epoch: 4750 lr: 0.01 train_loss: 115750.7344 train_mapscore: 0.6452 time: 2.9239s
INFO:root:Epoch: 4755 lr: 0.01 train_loss: 115750.6406 train_mapscore: 0.6452 time: 2.9639s
INFO:root:Epoch: 4760 lr: 0.01 train_loss: 115750.5547 train_mapscore: 0.6452 time: 2.9201s
INFO:root:Epoch: 4765 lr: 0.01 train_loss: 115750.4609 train_mapscore: 0.6456 time: 2.9195s
INFO:root:Epoch: 4770 lr: 0.01 train_loss: 115750.3750 train_mapscore: 0.6450 time: 2.8921s
INFO:root:Epoch: 4775 lr: 0.01 train_loss: 115750.2812 train_mapscore: 0.6452 time: 2.9215s
INFO:root:Epoch: 4780 lr: 0.01 train_loss: 115750.1875 train_mapscore: 0.6452 time: 3.0233s
INFO:root:Epoch: 4785 lr: 0.01 train_loss: 115750.1016 train_mapscore: 0.6450 time: 2.9335s
INFO:root:Epoch: 4790 lr: 0.01 train_loss: 115750.0078 train_mapscore: 0.6450 time: 2.9251s
INFO:root:Epoch: 4795 lr: 0.01 train_loss: 115749.9141 train_mapscore: 0.6451 time: 2.9340s
INFO:root:Epoch: 4800 lr: 0.01 train_loss: 115749.8203 train_mapscore: 0.6448 time: 2.9667s
INFO:root:Epoch: 4805 lr: 0.01 train_loss: 115749.7344 train_mapscore: 0.6448 time: 2.9549s
INFO:root:Epoch: 4810 lr: 0.01 train_loss: 115749.6562 train_mapscore: 0.6451 time: 2.9211s
INFO:root:Epoch: 4815 lr: 0.01 train_loss: 115749.5625 train_mapscore: 0.6450 time: 2.9280s
INFO:root:Epoch: 4820 lr: 0.01 train_loss: 115749.4688 train_mapscore: 0.6452 time: 2.9191s
INFO:root:Epoch: 4825 lr: 0.01 train_loss: 115749.3984 train_mapscore: 0.6449 time: 2.9611s
INFO:root:Epoch: 4830 lr: 0.01 train_loss: 115749.3125 train_mapscore: 0.6454 time: 2.9881s
INFO:root:Epoch: 4835 lr: 0.01 train_loss: 115749.2344 train_mapscore: 0.6452 time: 2.9331s
INFO:root:Epoch: 4840 lr: 0.01 train_loss: 115749.1484 train_mapscore: 0.6453 time: 2.9155s
INFO:root:Epoch: 4845 lr: 0.01 train_loss: 115749.0781 train_mapscore: 0.6454 time: 2.9530s
INFO:root:Epoch: 4850 lr: 0.01 train_loss: 115748.9922 train_mapscore: 0.6454 time: 2.9669s
INFO:root:Epoch: 4855 lr: 0.01 train_loss: 115748.9141 train_mapscore: 0.6453 time: 2.9234s
INFO:root:Epoch: 4860 lr: 0.01 train_loss: 115748.8438 train_mapscore: 0.6452 time: 2.9124s
INFO:root:Epoch: 4865 lr: 0.01 train_loss: 115748.7656 train_mapscore: 0.6453 time: 2.9245s
INFO:root:Epoch: 4870 lr: 0.01 train_loss: 115748.6875 train_mapscore: 0.6449 time: 2.9657s
INFO:root:Epoch: 4875 lr: 0.01 train_loss: 115748.6172 train_mapscore: 0.6453 time: 2.9665s
INFO:root:Epoch: 4880 lr: 0.01 train_loss: 115748.5469 train_mapscore: 0.6455 time: 2.9303s
INFO:root:Epoch: 4885 lr: 0.01 train_loss: 115748.4688 train_mapscore: 0.6453 time: 2.9272s
INFO:root:Epoch: 4890 lr: 0.01 train_loss: 115748.3906 train_mapscore: 0.6453 time: 2.9224s
INFO:root:Epoch: 4895 lr: 0.01 train_loss: 115748.3281 train_mapscore: 0.6451 time: 2.9586s
INFO:root:Epoch: 4900 lr: 0.01 train_loss: 115748.2500 train_mapscore: 0.6453 time: 2.9594s
INFO:root:Epoch: 4905 lr: 0.01 train_loss: 115748.1797 train_mapscore: 0.6449 time: 2.9174s
INFO:root:Epoch: 4910 lr: 0.01 train_loss: 115748.1016 train_mapscore: 0.6451 time: 2.9235s
INFO:root:Epoch: 4915 lr: 0.01 train_loss: 115748.0312 train_mapscore: 0.6453 time: 2.9276s
INFO:root:Epoch: 4920 lr: 0.01 train_loss: 115747.9609 train_mapscore: 0.6449 time: 2.9590s
INFO:root:Epoch: 4925 lr: 0.01 train_loss: 115747.8906 train_mapscore: 0.6451 time: 2.9203s
INFO:root:Epoch: 4930 lr: 0.01 train_loss: 115747.8203 train_mapscore: 0.6452 time: 2.9101s
INFO:root:Epoch: 4935 lr: 0.01 train_loss: 115747.7500 train_mapscore: 0.6452 time: 2.9234s
INFO:root:Epoch: 4940 lr: 0.01 train_loss: 115747.6875 train_mapscore: 0.6452 time: 2.9607s
INFO:root:Epoch: 4945 lr: 0.01 train_loss: 115747.6094 train_mapscore: 0.6452 time: 2.9556s
INFO:root:Epoch: 4950 lr: 0.01 train_loss: 115747.5391 train_mapscore: 0.6456 time: 2.9273s
INFO:root:Epoch: 4955 lr: 0.01 train_loss: 115747.4766 train_mapscore: 0.6453 time: 2.9200s
INFO:root:Epoch: 4960 lr: 0.01 train_loss: 115747.4062 train_mapscore: 0.6455 time: 2.9249s
INFO:root:Epoch: 4965 lr: 0.01 train_loss: 115747.3438 train_mapscore: 0.6455 time: 2.9585s
INFO:root:Epoch: 4970 lr: 0.01 train_loss: 115747.2734 train_mapscore: 0.6455 time: 2.9375s
INFO:root:Epoch: 4975 lr: 0.01 train_loss: 115747.2031 train_mapscore: 0.6455 time: 2.9194s
INFO:root:Epoch: 4980 lr: 0.01 train_loss: 115747.1406 train_mapscore: 0.6459 time: 2.9226s
INFO:root:Epoch: 4985 lr: 0.01 train_loss: 115747.0625 train_mapscore: 0.6458 time: 2.9294s
INFO:root:Epoch: 4990 lr: 0.01 train_loss: 115747.0000 train_mapscore: 0.6460 time: 2.9642s
INFO:root:Epoch: 4995 lr: 0.01 train_loss: 115746.9375 train_mapscore: 0.6460 time: 2.9275s
INFO:root:Epoch: 5000 lr: 0.0025 train_loss: 115746.8750 train_mapscore: 0.6457 time: 2.9249s
INFO:root:Optimization Finished!
INFO:root:Total time elapsed: 14837.7215s
INFO:root:Val set results: val_distortion: 1.0000 val_mapscore: -1.0000
INFO:root:Test set results: test_loss: 115746.8594 test_mapscore: 0.6459
INFO:root:Saved model in /home/xiongbo/hgcn/logs/md/2021_4_9/23
