INFO:root:Using: cpu
INFO:root:Using seed 1234.
INFO:root:MDModel(
  (encoder): MLP(
    (layers): Sequential(
      (0): Linear(
        (linear): Linear(in_features=4039, out_features=10, bias=True)
      )
    )
  )
  (decoder): MDDecoder()
)
INFO:root:Total number of parameters: 40400
/home/xiongbo/anaconda3/envs/geometry/lib/python3.7/site-packages/torch/optim/lr_scheduler.py:370: UserWarning: To get the last learning rate computed by the scheduler, please use `get_last_lr()`.
  "please use `get_last_lr()`.", UserWarning)
INFO:root:Epoch: 0005 lr: 0.01 train_loss: 1459264.8750 train_mapscore: 0.1152 time: 8.6573s
INFO:root:Epoch: 0010 lr: 0.01 train_loss: 1450850.7500 train_mapscore: 0.1778 time: 9.0841s
INFO:root:Epoch: 0015 lr: 0.01 train_loss: 1430422.1250 train_mapscore: 0.2037 time: 7.3342s
INFO:root:Epoch: 0020 lr: 0.01 train_loss: 1396574.5000 train_mapscore: 0.2133 time: 7.0286s
INFO:root:Epoch: 0025 lr: 0.01 train_loss: 1351462.2500 train_mapscore: 0.2209 time: 7.1938s
INFO:root:Epoch: 0030 lr: 0.01 train_loss: 1299311.2500 train_mapscore: 0.2287 time: 7.3576s
INFO:root:Epoch: 0035 lr: 0.01 train_loss: 1245480.5000 train_mapscore: 0.2426 time: 6.8340s
INFO:root:Epoch: 0040 lr: 0.01 train_loss: 1193761.5000 train_mapscore: 0.2608 time: 6.8155s
INFO:root:Epoch: 0045 lr: 0.01 train_loss: 1144986.7500 train_mapscore: 0.2831 time: 6.3223s
INFO:root:Epoch: 0050 lr: 0.01 train_loss: 1098864.6250 train_mapscore: 0.3079 time: 6.1957s
INFO:root:Epoch: 0055 lr: 0.01 train_loss: 1054896.0000 train_mapscore: 0.3318 time: 6.1063s
INFO:root:Epoch: 0060 lr: 0.01 train_loss: 1012562.2500 train_mapscore: 0.3563 time: 5.9501s
INFO:root:Epoch: 0065 lr: 0.01 train_loss: 971607.6875 train_mapscore: 0.3802 time: 5.8912s
INFO:root:Epoch: 0070 lr: 0.01 train_loss: 932258.0000 train_mapscore: 0.4033 time: 5.9241s
INFO:root:Epoch: 0075 lr: 0.01 train_loss: 895091.3750 train_mapscore: 0.4247 time: 5.8158s
INFO:root:Epoch: 0080 lr: 0.01 train_loss: 860872.3750 train_mapscore: 0.4460 time: 5.5436s
INFO:root:Epoch: 0085 lr: 0.01 train_loss: 830475.6875 train_mapscore: 0.4664 time: 5.5689s
INFO:root:Epoch: 0090 lr: 0.01 train_loss: 804375.0000 train_mapscore: 0.4864 time: 5.4509s
INFO:root:Epoch: 0095 lr: 0.01 train_loss: 781916.4375 train_mapscore: 0.5060 time: 5.4317s
INFO:root:Epoch: 0100 lr: 0.01 train_loss: 762005.9375 train_mapscore: 0.5246 time: 5.7508s
INFO:root:Epoch: 0105 lr: 0.01 train_loss: 744120.1875 train_mapscore: 0.5423 time: 5.6111s
INFO:root:Epoch: 0110 lr: 0.01 train_loss: 728262.2500 train_mapscore: 0.5590 time: 5.5185s
INFO:root:Epoch: 0115 lr: 0.01 train_loss: 714268.0000 train_mapscore: 0.5746 time: 5.6189s
INFO:root:Epoch: 0120 lr: 0.01 train_loss: 701886.3750 train_mapscore: 0.5886 time: 5.5526s
INFO:root:Epoch: 0125 lr: 0.01 train_loss: 690960.0000 train_mapscore: 0.6021 time: 5.8311s
INFO:root:Epoch: 0130 lr: 0.01 train_loss: 681383.8750 train_mapscore: 0.6145 time: 5.2049s
INFO:root:Epoch: 0135 lr: 0.01 train_loss: 673005.6250 train_mapscore: 0.6262 time: 5.1167s
INFO:root:Epoch: 0140 lr: 0.01 train_loss: 665660.2500 train_mapscore: 0.6375 time: 5.3147s
INFO:root:Epoch: 0145 lr: 0.01 train_loss: 659221.2500 train_mapscore: 0.6483 time: 5.1408s
INFO:root:Epoch: 0150 lr: 0.01 train_loss: 653557.5625 train_mapscore: 0.6581 time: 5.1866s
INFO:root:Epoch: 0155 lr: 0.01 train_loss: 648564.9375 train_mapscore: 0.6674 time: 5.1750s
INFO:root:Epoch: 0160 lr: 0.01 train_loss: 644146.2500 train_mapscore: 0.6755 time: 5.9628s
INFO:root:Epoch: 0165 lr: 0.01 train_loss: 640241.6250 train_mapscore: 0.6833 time: 5.2480s
INFO:root:Epoch: 0170 lr: 0.01 train_loss: 636789.4375 train_mapscore: 0.6904 time: 5.2022s
INFO:root:Epoch: 0175 lr: 0.01 train_loss: 633731.7500 train_mapscore: 0.6973 time: 5.1029s
INFO:root:Epoch: 0180 lr: 0.01 train_loss: 631018.0000 train_mapscore: 0.7032 time: 5.1162s
INFO:root:Epoch: 0185 lr: 0.01 train_loss: 628591.0625 train_mapscore: 0.7089 time: 5.2163s
INFO:root:Epoch: 0190 lr: 0.01 train_loss: 626406.0000 train_mapscore: 0.7139 time: 5.1343s
INFO:root:Epoch: 0195 lr: 0.01 train_loss: 624433.9375 train_mapscore: 0.7186 time: 5.4858s
INFO:root:Epoch: 0200 lr: 0.01 train_loss: 622649.5000 train_mapscore: 0.7228 time: 5.9001s
INFO:root:Epoch: 0205 lr: 0.01 train_loss: 621027.6250 train_mapscore: 0.7268 time: 5.4114s
INFO:root:Epoch: 0210 lr: 0.01 train_loss: 619544.9375 train_mapscore: 0.7300 time: 5.1270s
INFO:root:Epoch: 0215 lr: 0.01 train_loss: 618185.1250 train_mapscore: 0.7334 time: 5.0071s
INFO:root:Epoch: 0220 lr: 0.01 train_loss: 616934.7500 train_mapscore: 0.7364 time: 5.1054s
INFO:root:Epoch: 0225 lr: 0.01 train_loss: 615779.8750 train_mapscore: 0.7395 time: 5.0219s
INFO:root:Epoch: 0230 lr: 0.01 train_loss: 614709.4375 train_mapscore: 0.7423 time: 5.1076s
INFO:root:Epoch: 0235 lr: 0.01 train_loss: 613714.5000 train_mapscore: 0.7447 time: 5.1204s
INFO:root:Epoch: 0240 lr: 0.01 train_loss: 612787.9375 train_mapscore: 0.7469 time: 5.1184s
INFO:root:Epoch: 0245 lr: 0.01 train_loss: 611922.3750 train_mapscore: 0.7490 time: 5.0880s
INFO:root:Epoch: 0250 lr: 0.01 train_loss: 611112.6250 train_mapscore: 0.7514 time: 5.5039s
INFO:root:Epoch: 0255 lr: 0.01 train_loss: 610353.1250 train_mapscore: 0.7535 time: 5.1143s
INFO:root:Epoch: 0260 lr: 0.01 train_loss: 609639.5625 train_mapscore: 0.7551 time: 4.9988s
INFO:root:Epoch: 0265 lr: 0.01 train_loss: 608968.0625 train_mapscore: 0.7568 time: 4.8604s
INFO:root:Epoch: 0270 lr: 0.01 train_loss: 608335.1250 train_mapscore: 0.7583 time: 4.9509s
INFO:root:Epoch: 0275 lr: 0.01 train_loss: 607737.7500 train_mapscore: 0.7601 time: 4.9123s
INFO:root:Epoch: 0280 lr: 0.01 train_loss: 607172.8750 train_mapscore: 0.7617 time: 4.9371s
INFO:root:Epoch: 0285 lr: 0.01 train_loss: 606638.6250 train_mapscore: 0.7631 time: 4.9681s
INFO:root:Epoch: 0290 lr: 0.01 train_loss: 606133.0625 train_mapscore: 0.7646 time: 4.9872s
INFO:root:Epoch: 0295 lr: 0.01 train_loss: 605654.4375 train_mapscore: 0.7659 time: 4.8588s
INFO:root:Epoch: 0300 lr: 0.01 train_loss: 605201.1250 train_mapscore: 0.7671 time: 4.9287s
INFO:root:Epoch: 0305 lr: 0.01 train_loss: 604771.2500 train_mapscore: 0.7684 time: 5.0296s
INFO:root:Epoch: 0310 lr: 0.01 train_loss: 604363.2500 train_mapscore: 0.7695 time: 5.0647s
INFO:root:Epoch: 0315 lr: 0.01 train_loss: 603975.6875 train_mapscore: 0.7706 time: 5.0288s
INFO:root:Epoch: 0320 lr: 0.01 train_loss: 603607.3750 train_mapscore: 0.7716 time: 5.4553s
INFO:root:Epoch: 0325 lr: 0.01 train_loss: 603256.9375 train_mapscore: 0.7725 time: 5.5666s
INFO:root:Epoch: 0330 lr: 0.01 train_loss: 602923.5625 train_mapscore: 0.7734 time: 5.1400s
INFO:root:Epoch: 0335 lr: 0.01 train_loss: 602605.8750 train_mapscore: 0.7742 time: 4.9041s
INFO:root:Epoch: 0340 lr: 0.01 train_loss: 602302.8125 train_mapscore: 0.7749 time: 5.2833s
INFO:root:Epoch: 0345 lr: 0.01 train_loss: 602013.5625 train_mapscore: 0.7757 time: 4.9159s
INFO:root:Epoch: 0350 lr: 0.01 train_loss: 601736.8750 train_mapscore: 0.7764 time: 4.9321s
INFO:root:Epoch: 0355 lr: 0.01 train_loss: 601472.0625 train_mapscore: 0.7773 time: 5.2384s
INFO:root:Epoch: 0360 lr: 0.01 train_loss: 601218.2500 train_mapscore: 0.7781 time: 4.8754s
INFO:root:Epoch: 0365 lr: 0.01 train_loss: 600975.0000 train_mapscore: 0.7789 time: 4.9097s
INFO:root:Epoch: 0370 lr: 0.01 train_loss: 600741.5000 train_mapscore: 0.7797 time: 4.8482s
INFO:root:Epoch: 0375 lr: 0.01 train_loss: 600517.0000 train_mapscore: 0.7803 time: 4.9396s
INFO:root:Epoch: 0380 lr: 0.01 train_loss: 600301.1250 train_mapscore: 0.7808 time: 4.9772s
INFO:root:Epoch: 0385 lr: 0.01 train_loss: 600093.1250 train_mapscore: 0.7814 time: 5.0944s
INFO:root:Epoch: 0390 lr: 0.01 train_loss: 599892.6250 train_mapscore: 0.7821 time: 4.9490s
INFO:root:Epoch: 0395 lr: 0.01 train_loss: 599699.3750 train_mapscore: 0.7827 time: 4.9315s
INFO:root:Epoch: 0400 lr: 0.01 train_loss: 599512.7500 train_mapscore: 0.7834 time: 4.9657s
INFO:root:Epoch: 0405 lr: 0.01 train_loss: 599332.3750 train_mapscore: 0.7839 time: 4.8906s
INFO:root:Epoch: 0410 lr: 0.01 train_loss: 599158.0000 train_mapscore: 0.7845 time: 4.9450s
INFO:root:Epoch: 0415 lr: 0.01 train_loss: 598989.3750 train_mapscore: 0.7851 time: 5.0136s
INFO:root:Epoch: 0420 lr: 0.01 train_loss: 598826.3125 train_mapscore: 0.7857 time: 4.9095s
INFO:root:Epoch: 0425 lr: 0.01 train_loss: 598668.2500 train_mapscore: 0.7862 time: 4.8938s
INFO:root:Epoch: 0430 lr: 0.01 train_loss: 598515.1250 train_mapscore: 0.7867 time: 4.9529s
INFO:root:Epoch: 0435 lr: 0.01 train_loss: 598366.4375 train_mapscore: 0.7871 time: 5.0915s
INFO:root:Epoch: 0440 lr: 0.01 train_loss: 598222.1250 train_mapscore: 0.7874 time: 5.0453s
INFO:root:Epoch: 0445 lr: 0.01 train_loss: 598082.0625 train_mapscore: 0.7878 time: 4.9281s
INFO:root:Epoch: 0450 lr: 0.01 train_loss: 597946.0625 train_mapscore: 0.7880 time: 4.8392s
INFO:root:Epoch: 0455 lr: 0.01 train_loss: 597813.8125 train_mapscore: 0.7885 time: 4.9246s
INFO:root:Epoch: 0460 lr: 0.01 train_loss: 597685.2500 train_mapscore: 0.7890 time: 5.2679s
INFO:root:Epoch: 0465 lr: 0.01 train_loss: 597560.1875 train_mapscore: 0.7893 time: 4.8685s
INFO:root:Epoch: 0470 lr: 0.01 train_loss: 597438.5000 train_mapscore: 0.7899 time: 4.7974s
INFO:root:Epoch: 0475 lr: 0.01 train_loss: 597320.1250 train_mapscore: 0.7902 time: 4.9643s
INFO:root:Epoch: 0480 lr: 0.01 train_loss: 597204.8125 train_mapscore: 0.7906 time: 4.8082s
INFO:root:Epoch: 0485 lr: 0.01 train_loss: 597092.5625 train_mapscore: 0.7909 time: 4.9686s
INFO:root:Epoch: 0490 lr: 0.01 train_loss: 596983.1250 train_mapscore: 0.7913 time: 5.0485s
INFO:root:Epoch: 0495 lr: 0.01 train_loss: 596876.5625 train_mapscore: 0.7914 time: 5.1786s
INFO:root:Epoch: 0500 lr: 0.01 train_loss: 596772.8750 train_mapscore: 0.7916 time: 4.7939s
INFO:root:Epoch: 0505 lr: 0.01 train_loss: 596671.6875 train_mapscore: 0.7920 time: 4.8744s
INFO:root:Epoch: 0510 lr: 0.01 train_loss: 596573.1250 train_mapscore: 0.7923 time: 4.9391s
INFO:root:Epoch: 0515 lr: 0.01 train_loss: 596477.0625 train_mapscore: 0.7925 time: 4.7744s
INFO:root:Epoch: 0520 lr: 0.01 train_loss: 596383.4375 train_mapscore: 0.7926 time: 5.1031s
INFO:root:Epoch: 0525 lr: 0.01 train_loss: 596292.2500 train_mapscore: 0.7928 time: 4.8604s
INFO:root:Epoch: 0530 lr: 0.01 train_loss: 596203.3125 train_mapscore: 0.7931 time: 5.3481s
INFO:root:Epoch: 0535 lr: 0.01 train_loss: 596116.6250 train_mapscore: 0.7933 time: 5.0564s
INFO:root:Epoch: 0540 lr: 0.01 train_loss: 596032.2500 train_mapscore: 0.7935 time: 4.9082s
INFO:root:Epoch: 0545 lr: 0.01 train_loss: 595950.0000 train_mapscore: 0.7937 time: 5.3741s
INFO:root:Epoch: 0550 lr: 0.01 train_loss: 595869.8125 train_mapscore: 0.7939 time: 5.0118s
INFO:root:Epoch: 0555 lr: 0.01 train_loss: 595791.5625 train_mapscore: 0.7941 time: 5.1164s
INFO:root:Epoch: 0560 lr: 0.01 train_loss: 595715.1875 train_mapscore: 0.7944 time: 5.1697s
INFO:root:Epoch: 0565 lr: 0.01 train_loss: 595640.6875 train_mapscore: 0.7947 time: 4.9583s
INFO:root:Epoch: 0570 lr: 0.01 train_loss: 595567.8750 train_mapscore: 0.7949 time: 4.9274s
INFO:root:Epoch: 0575 lr: 0.01 train_loss: 595496.8125 train_mapscore: 0.7950 time: 4.9764s
INFO:root:Epoch: 0580 lr: 0.01 train_loss: 595427.3125 train_mapscore: 0.7953 time: 5.0322s
INFO:root:Epoch: 0585 lr: 0.01 train_loss: 595359.4375 train_mapscore: 0.7955 time: 4.9152s
INFO:root:Epoch: 0590 lr: 0.01 train_loss: 595293.1250 train_mapscore: 0.7957 time: 4.9035s
INFO:root:Epoch: 0595 lr: 0.01 train_loss: 595228.3125 train_mapscore: 0.7958 time: 5.6824s
INFO:root:Epoch: 0600 lr: 0.01 train_loss: 595164.8750 train_mapscore: 0.7962 time: 5.1071s
INFO:root:Epoch: 0605 lr: 0.01 train_loss: 595102.8125 train_mapscore: 0.7964 time: 5.6369s
INFO:root:Epoch: 0610 lr: 0.01 train_loss: 595042.1875 train_mapscore: 0.7966 time: 5.0660s
INFO:root:Epoch: 0615 lr: 0.01 train_loss: 594982.7500 train_mapscore: 0.7968 time: 4.9544s
INFO:root:Epoch: 0620 lr: 0.01 train_loss: 594924.6250 train_mapscore: 0.7969 time: 5.0957s
INFO:root:Epoch: 0625 lr: 0.01 train_loss: 594867.6875 train_mapscore: 0.7971 time: 5.0846s
INFO:root:Epoch: 0630 lr: 0.01 train_loss: 594812.0000 train_mapscore: 0.7973 time: 5.0738s
INFO:root:Epoch: 0635 lr: 0.01 train_loss: 594757.3750 train_mapscore: 0.7974 time: 5.0091s
INFO:root:Epoch: 0640 lr: 0.01 train_loss: 594703.9375 train_mapscore: 0.7976 time: 4.9462s
INFO:root:Epoch: 0645 lr: 0.01 train_loss: 594651.5625 train_mapscore: 0.7979 time: 4.8307s
INFO:root:Epoch: 0650 lr: 0.01 train_loss: 594600.3125 train_mapscore: 0.7980 time: 4.9723s
INFO:root:Epoch: 0655 lr: 0.01 train_loss: 594550.0625 train_mapscore: 0.7981 time: 4.8405s
INFO:root:Epoch: 0660 lr: 0.01 train_loss: 594500.8750 train_mapscore: 0.7983 time: 5.1206s
INFO:root:Epoch: 0665 lr: 0.01 train_loss: 594452.6875 train_mapscore: 0.7984 time: 5.0533s
INFO:root:Epoch: 0670 lr: 0.01 train_loss: 594405.3750 train_mapscore: 0.7985 time: 5.1677s
INFO:root:Epoch: 0675 lr: 0.01 train_loss: 594359.0000 train_mapscore: 0.7987 time: 5.0474s
INFO:root:Epoch: 0680 lr: 0.01 train_loss: 594313.5625 train_mapscore: 0.7988 time: 5.0156s
INFO:root:Epoch: 0685 lr: 0.01 train_loss: 594269.0000 train_mapscore: 0.7989 time: 4.9032s
INFO:root:Epoch: 0690 lr: 0.01 train_loss: 594225.3125 train_mapscore: 0.7989 time: 4.8764s
INFO:root:Epoch: 0695 lr: 0.01 train_loss: 594182.4375 train_mapscore: 0.7991 time: 4.8472s
INFO:root:Epoch: 0700 lr: 0.01 train_loss: 594140.4375 train_mapscore: 0.7992 time: 4.8827s
INFO:root:Epoch: 0705 lr: 0.01 train_loss: 594099.1875 train_mapscore: 0.7993 time: 4.9125s
INFO:root:Epoch: 0710 lr: 0.01 train_loss: 594058.6875 train_mapscore: 0.7995 time: 4.8194s
INFO:root:Epoch: 0715 lr: 0.01 train_loss: 594019.0625 train_mapscore: 0.7995 time: 5.0719s
INFO:root:Epoch: 0720 lr: 0.01 train_loss: 593980.0625 train_mapscore: 0.7996 time: 4.9239s
INFO:root:Epoch: 0725 lr: 0.01 train_loss: 593941.7500 train_mapscore: 0.7997 time: 4.9275s
INFO:root:Epoch: 0730 lr: 0.01 train_loss: 593904.1250 train_mapscore: 0.7998 time: 4.8608s
INFO:root:Epoch: 0735 lr: 0.01 train_loss: 593867.3750 train_mapscore: 0.7999 time: 4.8648s
INFO:root:Epoch: 0740 lr: 0.01 train_loss: 593831.1250 train_mapscore: 0.8000 time: 4.9263s
INFO:root:Epoch: 0745 lr: 0.01 train_loss: 593795.5625 train_mapscore: 0.8001 time: 5.2053s
INFO:root:Epoch: 0750 lr: 0.01 train_loss: 593760.5625 train_mapscore: 0.8002 time: 5.2753s
INFO:root:Epoch: 0755 lr: 0.01 train_loss: 593726.2500 train_mapscore: 0.8002 time: 5.1855s
INFO:root:Epoch: 0760 lr: 0.01 train_loss: 593692.4375 train_mapscore: 0.8003 time: 4.9690s
INFO:root:Epoch: 0765 lr: 0.01 train_loss: 593659.1875 train_mapscore: 0.8003 time: 4.8777s
INFO:root:Epoch: 0770 lr: 0.01 train_loss: 593626.5000 train_mapscore: 0.8004 time: 4.9079s
INFO:root:Epoch: 0775 lr: 0.01 train_loss: 593594.2500 train_mapscore: 0.8004 time: 5.0774s
INFO:root:Epoch: 0780 lr: 0.01 train_loss: 593562.6250 train_mapscore: 0.8005 time: 4.9461s
INFO:root:Epoch: 0785 lr: 0.01 train_loss: 593531.3750 train_mapscore: 0.8006 time: 4.8698s
INFO:root:Epoch: 0790 lr: 0.01 train_loss: 593500.6875 train_mapscore: 0.8007 time: 5.4226s
INFO:root:Epoch: 0795 lr: 0.01 train_loss: 593470.4375 train_mapscore: 0.8009 time: 4.8460s
INFO:root:Epoch: 0800 lr: 0.01 train_loss: 593440.5625 train_mapscore: 0.8010 time: 4.9498s
INFO:root:Epoch: 0805 lr: 0.01 train_loss: 593411.1250 train_mapscore: 0.8011 time: 5.0654s
INFO:root:Epoch: 0810 lr: 0.01 train_loss: 593382.1250 train_mapscore: 0.8012 time: 4.7862s
INFO:root:Epoch: 0815 lr: 0.01 train_loss: 593353.5625 train_mapscore: 0.8013 time: 4.9202s
INFO:root:Epoch: 0820 lr: 0.01 train_loss: 593325.3750 train_mapscore: 0.8013 time: 5.0659s
INFO:root:Epoch: 0825 lr: 0.01 train_loss: 593297.6875 train_mapscore: 0.8014 time: 5.3211s
INFO:root:Epoch: 0830 lr: 0.01 train_loss: 593270.2500 train_mapscore: 0.8014 time: 4.7724s
INFO:root:Epoch: 0835 lr: 0.01 train_loss: 593243.2500 train_mapscore: 0.8016 time: 4.8577s
INFO:root:Epoch: 0840 lr: 0.01 train_loss: 593216.5625 train_mapscore: 0.8017 time: 4.7549s
INFO:root:Epoch: 0845 lr: 0.01 train_loss: 593190.2500 train_mapscore: 0.8018 time: 4.9810s
INFO:root:Epoch: 0850 lr: 0.01 train_loss: 593164.2500 train_mapscore: 0.8020 time: 5.1061s
INFO:root:Epoch: 0855 lr: 0.01 train_loss: 593138.7500 train_mapscore: 0.8020 time: 5.0990s
INFO:root:Epoch: 0860 lr: 0.01 train_loss: 593113.5000 train_mapscore: 0.8020 time: 5.4926s
INFO:root:Epoch: 0865 lr: 0.01 train_loss: 593088.5000 train_mapscore: 0.8020 time: 4.9674s
INFO:root:Epoch: 0870 lr: 0.01 train_loss: 593063.9375 train_mapscore: 0.8020 time: 4.9319s
INFO:root:Epoch: 0875 lr: 0.01 train_loss: 593039.7500 train_mapscore: 0.8021 time: 4.8515s
INFO:root:Epoch: 0880 lr: 0.01 train_loss: 593015.7500 train_mapscore: 0.8022 time: 4.9252s
INFO:root:Epoch: 0885 lr: 0.01 train_loss: 592992.1250 train_mapscore: 0.8023 time: 4.9793s
INFO:root:Epoch: 0890 lr: 0.01 train_loss: 592968.8750 train_mapscore: 0.8024 time: 4.9882s
INFO:root:Epoch: 0895 lr: 0.01 train_loss: 592945.9375 train_mapscore: 0.8025 time: 4.8919s
INFO:root:Epoch: 0900 lr: 0.01 train_loss: 592923.3125 train_mapscore: 0.8025 time: 5.0253s
INFO:root:Epoch: 0905 lr: 0.01 train_loss: 592901.0000 train_mapscore: 0.8024 time: 4.9959s
INFO:root:Epoch: 0910 lr: 0.01 train_loss: 592878.9375 train_mapscore: 0.8025 time: 5.0359s
INFO:root:Epoch: 0915 lr: 0.01 train_loss: 592857.2500 train_mapscore: 0.8025 time: 5.1888s
INFO:root:Epoch: 0920 lr: 0.01 train_loss: 592835.8750 train_mapscore: 0.8026 time: 5.0347s
INFO:root:Epoch: 0925 lr: 0.01 train_loss: 592814.7500 train_mapscore: 0.8026 time: 5.3411s
INFO:root:Epoch: 0930 lr: 0.01 train_loss: 592793.8750 train_mapscore: 0.8027 time: 5.3136s
INFO:root:Epoch: 0935 lr: 0.01 train_loss: 592773.3125 train_mapscore: 0.8027 time: 4.8217s
INFO:root:Epoch: 0940 lr: 0.01 train_loss: 592753.0000 train_mapscore: 0.8027 time: 5.1972s
INFO:root:Epoch: 0945 lr: 0.01 train_loss: 592733.0000 train_mapscore: 0.8028 time: 4.9912s
INFO:root:Epoch: 0950 lr: 0.01 train_loss: 592713.2500 train_mapscore: 0.8028 time: 5.0004s
INFO:root:Epoch: 0955 lr: 0.01 train_loss: 592693.8125 train_mapscore: 0.8028 time: 5.0412s
INFO:root:Epoch: 0960 lr: 0.01 train_loss: 592674.5625 train_mapscore: 0.8029 time: 4.8058s
INFO:root:Epoch: 0965 lr: 0.01 train_loss: 592655.6250 train_mapscore: 0.8030 time: 4.8843s
INFO:root:Epoch: 0970 lr: 0.01 train_loss: 592636.8750 train_mapscore: 0.8030 time: 5.1808s
INFO:root:Epoch: 0975 lr: 0.01 train_loss: 592618.5000 train_mapscore: 0.8032 time: 4.8591s
INFO:root:Epoch: 0980 lr: 0.01 train_loss: 592600.2500 train_mapscore: 0.8032 time: 5.0573s
INFO:root:Epoch: 0985 lr: 0.01 train_loss: 592582.2500 train_mapscore: 0.8032 time: 5.2978s
INFO:root:Epoch: 0990 lr: 0.01 train_loss: 592564.5625 train_mapscore: 0.8032 time: 4.8994s
INFO:root:Epoch: 0995 lr: 0.01 train_loss: 592547.0625 train_mapscore: 0.8033 time: 5.1859s
INFO:root:Epoch: 1000 lr: 0.01 train_loss: 592529.7500 train_mapscore: 0.8033 time: 4.9055s
INFO:root:Epoch: 1005 lr: 0.01 train_loss: 592512.6875 train_mapscore: 0.8034 time: 4.8473s
INFO:root:Epoch: 1010 lr: 0.01 train_loss: 592495.8750 train_mapscore: 0.8035 time: 4.9610s
INFO:root:Epoch: 1015 lr: 0.01 train_loss: 592479.3125 train_mapscore: 0.8037 time: 4.9122s
INFO:root:Epoch: 1020 lr: 0.01 train_loss: 592462.8750 train_mapscore: 0.8037 time: 4.9457s
INFO:root:Epoch: 1025 lr: 0.01 train_loss: 592446.6250 train_mapscore: 0.8037 time: 4.7951s
INFO:root:Epoch: 1030 lr: 0.01 train_loss: 592430.6875 train_mapscore: 0.8037 time: 4.9512s
INFO:root:Epoch: 1035 lr: 0.01 train_loss: 592414.8750 train_mapscore: 0.8038 time: 5.0383s
INFO:root:Epoch: 1040 lr: 0.01 train_loss: 592399.2500 train_mapscore: 0.8038 time: 4.9970s
INFO:root:Epoch: 1045 lr: 0.01 train_loss: 592383.8125 train_mapscore: 0.8039 time: 5.3189s
INFO:root:Epoch: 1050 lr: 0.01 train_loss: 592368.5625 train_mapscore: 0.8039 time: 4.7717s
INFO:root:Epoch: 1055 lr: 0.01 train_loss: 592353.5000 train_mapscore: 0.8040 time: 4.8374s
INFO:root:Epoch: 1060 lr: 0.01 train_loss: 592338.6250 train_mapscore: 0.8041 time: 4.9317s
INFO:root:Epoch: 1065 lr: 0.01 train_loss: 592323.9375 train_mapscore: 0.8041 time: 4.8994s
INFO:root:Epoch: 1070 lr: 0.01 train_loss: 592309.3750 train_mapscore: 0.8040 time: 4.7998s
INFO:root:Epoch: 1075 lr: 0.01 train_loss: 592295.0000 train_mapscore: 0.8041 time: 4.9482s
INFO:root:Epoch: 1080 lr: 0.01 train_loss: 592280.7500 train_mapscore: 0.8041 time: 4.9546s
INFO:root:Epoch: 1085 lr: 0.01 train_loss: 592266.6875 train_mapscore: 0.8041 time: 5.0491s
INFO:root:Epoch: 1090 lr: 0.01 train_loss: 592252.7500 train_mapscore: 0.8041 time: 5.0347s
INFO:root:Epoch: 1095 lr: 0.01 train_loss: 592239.0000 train_mapscore: 0.8041 time: 4.9984s
INFO:root:Epoch: 1100 lr: 0.01 train_loss: 592225.3750 train_mapscore: 0.8042 time: 4.8357s
INFO:root:Epoch: 1105 lr: 0.01 train_loss: 592211.9375 train_mapscore: 0.8042 time: 5.4887s
INFO:root:Epoch: 1110 lr: 0.01 train_loss: 592198.6250 train_mapscore: 0.8043 time: 5.0763s
INFO:root:Epoch: 1115 lr: 0.01 train_loss: 592185.4375 train_mapscore: 0.8043 time: 4.8772s
INFO:root:Epoch: 1120 lr: 0.01 train_loss: 592172.4375 train_mapscore: 0.8043 time: 4.8837s
INFO:root:Epoch: 1125 lr: 0.01 train_loss: 592159.5000 train_mapscore: 0.8044 time: 4.8771s
INFO:root:Epoch: 1130 lr: 0.01 train_loss: 592146.8125 train_mapscore: 0.8044 time: 4.8513s
INFO:root:Epoch: 1135 lr: 0.01 train_loss: 592134.1875 train_mapscore: 0.8045 time: 4.8884s
INFO:root:Epoch: 1140 lr: 0.01 train_loss: 592121.6875 train_mapscore: 0.8045 time: 4.9289s
INFO:root:Epoch: 1145 lr: 0.01 train_loss: 592109.3750 train_mapscore: 0.8045 time: 4.7793s
INFO:root:Epoch: 1150 lr: 0.01 train_loss: 592097.1250 train_mapscore: 0.8046 time: 5.4156s
INFO:root:Epoch: 1155 lr: 0.01 train_loss: 592085.0625 train_mapscore: 0.8046 time: 5.0220s
INFO:root:Epoch: 1160 lr: 0.01 train_loss: 592073.1250 train_mapscore: 0.8047 time: 4.7823s
INFO:root:Epoch: 1165 lr: 0.01 train_loss: 592061.3125 train_mapscore: 0.8049 time: 4.7860s
INFO:root:Epoch: 1170 lr: 0.01 train_loss: 592049.5625 train_mapscore: 0.8050 time: 4.8283s
INFO:root:Epoch: 1175 lr: 0.01 train_loss: 592038.0000 train_mapscore: 0.8050 time: 4.8145s
INFO:root:Epoch: 1180 lr: 0.01 train_loss: 592026.5625 train_mapscore: 0.8050 time: 4.8331s
INFO:root:Epoch: 1185 lr: 0.01 train_loss: 592015.2500 train_mapscore: 0.8050 time: 4.8154s
INFO:root:Epoch: 1190 lr: 0.01 train_loss: 592004.0625 train_mapscore: 0.8050 time: 4.9028s
INFO:root:Epoch: 1195 lr: 0.01 train_loss: 591993.0000 train_mapscore: 0.8050 time: 4.8906s
INFO:root:Epoch: 1200 lr: 0.01 train_loss: 591982.1250 train_mapscore: 0.8051 time: 5.0238s
INFO:root:Epoch: 1205 lr: 0.01 train_loss: 591971.2500 train_mapscore: 0.8051 time: 4.9014s
INFO:root:Epoch: 1210 lr: 0.01 train_loss: 591960.5625 train_mapscore: 0.8051 time: 4.8755s
INFO:root:Epoch: 1215 lr: 0.01 train_loss: 591949.9375 train_mapscore: 0.8051 time: 4.9678s
INFO:root:Epoch: 1220 lr: 0.01 train_loss: 591939.4375 train_mapscore: 0.8051 time: 4.8374s
INFO:root:Epoch: 1225 lr: 0.01 train_loss: 591929.1250 train_mapscore: 0.8052 time: 4.8439s
INFO:root:Epoch: 1230 lr: 0.01 train_loss: 591918.8125 train_mapscore: 0.8052 time: 4.8121s
INFO:root:Epoch: 1235 lr: 0.01 train_loss: 591908.6875 train_mapscore: 0.8052 time: 4.7652s
INFO:root:Epoch: 1240 lr: 0.01 train_loss: 591898.6250 train_mapscore: 0.8052 time: 4.9022s
INFO:root:Epoch: 1245 lr: 0.01 train_loss: 591888.6250 train_mapscore: 0.8053 time: 4.8536s
INFO:root:Epoch: 1250 lr: 0.01 train_loss: 591878.7500 train_mapscore: 0.8054 time: 4.8445s
INFO:root:Epoch: 1255 lr: 0.01 train_loss: 591869.0625 train_mapscore: 0.8053 time: 4.8580s
INFO:root:Epoch: 1260 lr: 0.01 train_loss: 591859.3125 train_mapscore: 0.8053 time: 5.0000s
INFO:root:Epoch: 1265 lr: 0.01 train_loss: 591849.7500 train_mapscore: 0.8054 time: 4.8714s
INFO:root:Epoch: 1270 lr: 0.01 train_loss: 591840.2500 train_mapscore: 0.8054 time: 5.0186s
INFO:root:Epoch: 1275 lr: 0.01 train_loss: 591830.8750 train_mapscore: 0.8054 time: 4.8252s
INFO:root:Epoch: 1280 lr: 0.01 train_loss: 591821.5625 train_mapscore: 0.8055 time: 4.9748s
INFO:root:Epoch: 1285 lr: 0.01 train_loss: 591812.3750 train_mapscore: 0.8055 time: 4.9947s
INFO:root:Epoch: 1290 lr: 0.01 train_loss: 591803.1875 train_mapscore: 0.8055 time: 5.0333s
INFO:root:Epoch: 1295 lr: 0.01 train_loss: 591794.1250 train_mapscore: 0.8054 time: 4.9808s
INFO:root:Epoch: 1300 lr: 0.01 train_loss: 591785.1875 train_mapscore: 0.8054 time: 4.9740s
INFO:root:Epoch: 1305 lr: 0.01 train_loss: 591776.3125 train_mapscore: 0.8054 time: 4.9905s
INFO:root:Epoch: 1310 lr: 0.01 train_loss: 591767.4375 train_mapscore: 0.8054 time: 5.0582s
INFO:root:Epoch: 1315 lr: 0.01 train_loss: 591758.6250 train_mapscore: 0.8054 time: 4.8981s
INFO:root:Epoch: 1320 lr: 0.01 train_loss: 591750.0000 train_mapscore: 0.8055 time: 5.3330s
INFO:root:Epoch: 1325 lr: 0.01 train_loss: 591741.4375 train_mapscore: 0.8054 time: 5.0426s
INFO:root:Epoch: 1330 lr: 0.01 train_loss: 591732.8750 train_mapscore: 0.8054 time: 4.9433s
INFO:root:Epoch: 1335 lr: 0.01 train_loss: 591724.5000 train_mapscore: 0.8054 time: 5.3480s
INFO:root:Epoch: 1340 lr: 0.01 train_loss: 591716.0625 train_mapscore: 0.8054 time: 5.1641s
INFO:root:Epoch: 1345 lr: 0.01 train_loss: 591707.6875 train_mapscore: 0.8054 time: 5.1702s
INFO:root:Epoch: 1350 lr: 0.01 train_loss: 591699.5000 train_mapscore: 0.8054 time: 4.7264s
INFO:root:Epoch: 1355 lr: 0.01 train_loss: 591691.2500 train_mapscore: 0.8054 time: 5.0967s
INFO:root:Epoch: 1360 lr: 0.01 train_loss: 591683.1250 train_mapscore: 0.8054 time: 5.5783s
INFO:root:Epoch: 1365 lr: 0.01 train_loss: 591675.0000 train_mapscore: 0.8055 time: 5.1019s
INFO:root:Epoch: 1370 lr: 0.01 train_loss: 591667.0000 train_mapscore: 0.8055 time: 4.8556s
INFO:root:Epoch: 1375 lr: 0.01 train_loss: 591659.0000 train_mapscore: 0.8055 time: 5.0197s
INFO:root:Epoch: 1380 lr: 0.01 train_loss: 591651.0000 train_mapscore: 0.8055 time: 4.8618s
INFO:root:Epoch: 1385 lr: 0.01 train_loss: 591643.1250 train_mapscore: 0.8055 time: 5.5945s
INFO:root:Epoch: 1390 lr: 0.01 train_loss: 591635.3125 train_mapscore: 0.8055 time: 5.1088s
INFO:root:Epoch: 1395 lr: 0.01 train_loss: 591627.5000 train_mapscore: 0.8055 time: 5.0704s
INFO:root:Epoch: 1400 lr: 0.01 train_loss: 591619.7500 train_mapscore: 0.8055 time: 4.8819s
INFO:root:Epoch: 1405 lr: 0.01 train_loss: 591612.0625 train_mapscore: 0.8055 time: 5.0120s
INFO:root:Epoch: 1410 lr: 0.01 train_loss: 591604.3125 train_mapscore: 0.8056 time: 4.9914s
INFO:root:Epoch: 1415 lr: 0.01 train_loss: 591596.7500 train_mapscore: 0.8056 time: 4.8255s
INFO:root:Epoch: 1420 lr: 0.01 train_loss: 591589.1250 train_mapscore: 0.8056 time: 5.0317s
INFO:root:Epoch: 1425 lr: 0.01 train_loss: 591581.6250 train_mapscore: 0.8056 time: 5.1117s
INFO:root:Epoch: 1430 lr: 0.01 train_loss: 591574.1250 train_mapscore: 0.8056 time: 4.9178s
INFO:root:Epoch: 1435 lr: 0.01 train_loss: 591566.6875 train_mapscore: 0.8057 time: 4.9140s
INFO:root:Epoch: 1440 lr: 0.01 train_loss: 591559.2500 train_mapscore: 0.8058 time: 5.1622s
INFO:root:Epoch: 1445 lr: 0.01 train_loss: 591551.9375 train_mapscore: 0.8058 time: 5.3623s
INFO:root:Epoch: 1450 lr: 0.01 train_loss: 591544.6250 train_mapscore: 0.8058 time: 5.1176s
INFO:root:Epoch: 1455 lr: 0.01 train_loss: 591537.3750 train_mapscore: 0.8058 time: 5.0931s
INFO:root:Epoch: 1460 lr: 0.01 train_loss: 591530.1250 train_mapscore: 0.8058 time: 4.9150s
INFO:root:Epoch: 1465 lr: 0.01 train_loss: 591523.0000 train_mapscore: 0.8058 time: 4.9102s
INFO:root:Epoch: 1470 lr: 0.01 train_loss: 591515.8125 train_mapscore: 0.8058 time: 4.9277s
INFO:root:Epoch: 1475 lr: 0.01 train_loss: 591508.7500 train_mapscore: 0.8058 time: 4.7964s
INFO:root:Epoch: 1480 lr: 0.01 train_loss: 591501.8125 train_mapscore: 0.8058 time: 5.1486s
INFO:root:Epoch: 1485 lr: 0.01 train_loss: 591494.8750 train_mapscore: 0.8059 time: 4.9531s
INFO:root:Epoch: 1490 lr: 0.01 train_loss: 591488.0000 train_mapscore: 0.8059 time: 5.0806s
INFO:root:Epoch: 1495 lr: 0.01 train_loss: 591481.1875 train_mapscore: 0.8059 time: 4.9453s
INFO:root:Epoch: 1500 lr: 0.01 train_loss: 591474.4375 train_mapscore: 0.8058 time: 5.0438s
INFO:root:Epoch: 1505 lr: 0.01 train_loss: 591467.7500 train_mapscore: 0.8059 time: 5.1522s
INFO:root:Epoch: 1510 lr: 0.01 train_loss: 591461.0625 train_mapscore: 0.8059 time: 5.1073s
INFO:root:Epoch: 1515 lr: 0.01 train_loss: 591454.5000 train_mapscore: 0.8059 time: 5.1799s
INFO:root:Epoch: 1520 lr: 0.01 train_loss: 591447.9375 train_mapscore: 0.8060 time: 4.7564s
INFO:root:Epoch: 1525 lr: 0.01 train_loss: 591441.4375 train_mapscore: 0.8058 time: 5.4602s
INFO:root:Epoch: 1530 lr: 0.01 train_loss: 591435.0000 train_mapscore: 0.8058 time: 4.6974s
INFO:root:Epoch: 1535 lr: 0.01 train_loss: 591428.5625 train_mapscore: 0.8058 time: 4.9368s
INFO:root:Epoch: 1540 lr: 0.01 train_loss: 591422.1875 train_mapscore: 0.8058 time: 4.8173s
INFO:root:Epoch: 1545 lr: 0.01 train_loss: 591415.8750 train_mapscore: 0.8058 time: 4.8803s
INFO:root:Epoch: 1550 lr: 0.01 train_loss: 591409.6250 train_mapscore: 0.8058 time: 5.0825s
INFO:root:Epoch: 1555 lr: 0.01 train_loss: 591403.4375 train_mapscore: 0.8059 time: 5.0511s
INFO:root:Epoch: 1560 lr: 0.01 train_loss: 591397.3125 train_mapscore: 0.8059 time: 4.8797s
INFO:root:Epoch: 1565 lr: 0.01 train_loss: 591391.1250 train_mapscore: 0.8059 time: 4.9304s
INFO:root:Epoch: 1570 lr: 0.01 train_loss: 591385.0625 train_mapscore: 0.8059 time: 4.8097s
INFO:root:Epoch: 1575 lr: 0.01 train_loss: 591379.0000 train_mapscore: 0.8059 time: 5.0767s
INFO:root:Epoch: 1580 lr: 0.01 train_loss: 591373.0000 train_mapscore: 0.8060 time: 4.9538s
INFO:root:Epoch: 1585 lr: 0.01 train_loss: 591367.0000 train_mapscore: 0.8059 time: 4.9219s
INFO:root:Epoch: 1590 lr: 0.01 train_loss: 591361.0625 train_mapscore: 0.8059 time: 4.8252s
INFO:root:Epoch: 1595 lr: 0.01 train_loss: 591355.1250 train_mapscore: 0.8059 time: 5.2190s
INFO:root:Epoch: 1600 lr: 0.01 train_loss: 591349.2500 train_mapscore: 0.8060 time: 5.2219s
INFO:root:Epoch: 1605 lr: 0.01 train_loss: 591343.4375 train_mapscore: 0.8060 time: 4.8644s
INFO:root:Epoch: 1610 lr: 0.01 train_loss: 591337.5625 train_mapscore: 0.8060 time: 4.8617s
INFO:root:Epoch: 1615 lr: 0.01 train_loss: 591331.8750 train_mapscore: 0.8061 time: 4.8339s
INFO:root:Epoch: 1620 lr: 0.01 train_loss: 591326.0625 train_mapscore: 0.8061 time: 4.9874s
INFO:root:Epoch: 1625 lr: 0.01 train_loss: 591320.3750 train_mapscore: 0.8062 time: 4.9577s
INFO:root:Epoch: 1630 lr: 0.01 train_loss: 591314.6875 train_mapscore: 0.8062 time: 4.9117s
INFO:root:Epoch: 1635 lr: 0.01 train_loss: 591309.0000 train_mapscore: 0.8062 time: 4.9876s
INFO:root:Epoch: 1640 lr: 0.01 train_loss: 591303.3750 train_mapscore: 0.8062 time: 4.8522s
INFO:root:Epoch: 1645 lr: 0.01 train_loss: 591297.7500 train_mapscore: 0.8062 time: 5.1130s
INFO:root:Epoch: 1650 lr: 0.01 train_loss: 591292.1250 train_mapscore: 0.8063 time: 5.0575s
INFO:root:Epoch: 1655 lr: 0.01 train_loss: 591286.5625 train_mapscore: 0.8063 time: 5.1463s
INFO:root:Epoch: 1660 lr: 0.01 train_loss: 591281.0625 train_mapscore: 0.8063 time: 4.9807s
INFO:root:Epoch: 1665 lr: 0.01 train_loss: 591275.5000 train_mapscore: 0.8063 time: 4.9849s
INFO:root:Epoch: 1670 lr: 0.01 train_loss: 591270.0000 train_mapscore: 0.8064 time: 4.8734s
INFO:root:Epoch: 1675 lr: 0.01 train_loss: 591264.5625 train_mapscore: 0.8063 time: 4.9542s
INFO:root:Epoch: 1680 lr: 0.01 train_loss: 591259.0000 train_mapscore: 0.8064 time: 4.7771s
INFO:root:Epoch: 1685 lr: 0.01 train_loss: 591253.6250 train_mapscore: 0.8063 time: 5.0311s
INFO:root:Epoch: 1690 lr: 0.01 train_loss: 591248.1875 train_mapscore: 0.8063 time: 4.9350s
INFO:root:Epoch: 1695 lr: 0.01 train_loss: 591242.7500 train_mapscore: 0.8064 time: 4.9445s
INFO:root:Epoch: 1700 lr: 0.01 train_loss: 591237.4375 train_mapscore: 0.8063 time: 4.8188s
INFO:root:Epoch: 1705 lr: 0.01 train_loss: 591232.0625 train_mapscore: 0.8063 time: 4.8858s
INFO:root:Epoch: 1710 lr: 0.01 train_loss: 591226.7500 train_mapscore: 0.8063 time: 5.1437s
INFO:root:Epoch: 1715 lr: 0.01 train_loss: 591221.5000 train_mapscore: 0.8063 time: 5.1738s
INFO:root:Epoch: 1720 lr: 0.01 train_loss: 591216.2500 train_mapscore: 0.8064 time: 4.8983s
INFO:root:Epoch: 1725 lr: 0.01 train_loss: 591211.0625 train_mapscore: 0.8064 time: 5.3785s
INFO:root:Epoch: 1730 lr: 0.01 train_loss: 591205.8750 train_mapscore: 0.8064 time: 5.1149s
INFO:root:Epoch: 1735 lr: 0.01 train_loss: 591200.6875 train_mapscore: 0.8064 time: 5.1499s
INFO:root:Epoch: 1740 lr: 0.01 train_loss: 591195.6250 train_mapscore: 0.8064 time: 5.6306s
INFO:root:Epoch: 1745 lr: 0.01 train_loss: 591190.5625 train_mapscore: 0.8064 time: 5.4225s
INFO:root:Epoch: 1750 lr: 0.01 train_loss: 591185.5000 train_mapscore: 0.8064 time: 4.8805s
INFO:root:Epoch: 1755 lr: 0.01 train_loss: 591180.4375 train_mapscore: 0.8064 time: 4.8810s
INFO:root:Epoch: 1760 lr: 0.01 train_loss: 591175.5000 train_mapscore: 0.8064 time: 4.9170s
INFO:root:Epoch: 1765 lr: 0.01 train_loss: 591170.5000 train_mapscore: 0.8065 time: 4.9864s
INFO:root:Epoch: 1770 lr: 0.01 train_loss: 591165.6250 train_mapscore: 0.8064 time: 4.9023s
INFO:root:Epoch: 1775 lr: 0.01 train_loss: 591160.8125 train_mapscore: 0.8064 time: 4.8939s
INFO:root:Epoch: 1780 lr: 0.01 train_loss: 591155.8750 train_mapscore: 0.8065 time: 5.1390s
INFO:root:Epoch: 1785 lr: 0.01 train_loss: 591151.1250 train_mapscore: 0.8066 time: 4.8651s
INFO:root:Epoch: 1790 lr: 0.01 train_loss: 591146.3750 train_mapscore: 0.8066 time: 5.0020s
INFO:root:Epoch: 1795 lr: 0.01 train_loss: 591141.6250 train_mapscore: 0.8067 time: 5.1107s
INFO:root:Epoch: 1800 lr: 0.01 train_loss: 591136.8750 train_mapscore: 0.8066 time: 4.8694s
INFO:root:Epoch: 1805 lr: 0.01 train_loss: 591132.2500 train_mapscore: 0.8067 time: 4.8997s
INFO:root:Epoch: 1810 lr: 0.01 train_loss: 591127.5000 train_mapscore: 0.8067 time: 4.9005s
INFO:root:Epoch: 1815 lr: 0.01 train_loss: 591122.8750 train_mapscore: 0.8067 time: 5.4254s
INFO:root:Epoch: 1820 lr: 0.01 train_loss: 591118.3125 train_mapscore: 0.8067 time: 4.8267s
INFO:root:Epoch: 1825 lr: 0.01 train_loss: 591113.7500 train_mapscore: 0.8067 time: 4.8508s
INFO:root:Epoch: 1830 lr: 0.01 train_loss: 591109.1875 train_mapscore: 0.8067 time: 5.4399s
INFO:root:Epoch: 1835 lr: 0.01 train_loss: 591104.6250 train_mapscore: 0.8067 time: 5.0406s
INFO:root:Epoch: 1840 lr: 0.01 train_loss: 591100.1250 train_mapscore: 0.8067 time: 5.3054s
INFO:root:Epoch: 1845 lr: 0.01 train_loss: 591095.6875 train_mapscore: 0.8067 time: 5.0054s
INFO:root:Epoch: 1850 lr: 0.01 train_loss: 591091.2500 train_mapscore: 0.8067 time: 5.2631s
INFO:root:Epoch: 1855 lr: 0.01 train_loss: 591086.8750 train_mapscore: 0.8067 time: 5.0092s
INFO:root:Epoch: 1860 lr: 0.01 train_loss: 591082.5000 train_mapscore: 0.8068 time: 4.9029s
INFO:root:Epoch: 1865 lr: 0.01 train_loss: 591078.0625 train_mapscore: 0.8068 time: 5.3705s
INFO:root:Epoch: 1870 lr: 0.01 train_loss: 591073.7500 train_mapscore: 0.8068 time: 4.8693s
INFO:root:Epoch: 1875 lr: 0.01 train_loss: 591069.3750 train_mapscore: 0.8068 time: 4.7896s
INFO:root:Epoch: 1880 lr: 0.01 train_loss: 591065.1250 train_mapscore: 0.8067 time: 4.9252s
INFO:root:Epoch: 1885 lr: 0.01 train_loss: 591060.7500 train_mapscore: 0.8067 time: 5.2007s
INFO:root:Epoch: 1890 lr: 0.01 train_loss: 591056.5625 train_mapscore: 0.8067 time: 4.9583s
INFO:root:Epoch: 1895 lr: 0.01 train_loss: 591052.3750 train_mapscore: 0.8068 time: 4.9216s
INFO:root:Epoch: 1900 lr: 0.01 train_loss: 591048.1250 train_mapscore: 0.8068 time: 4.9303s
INFO:root:Epoch: 1905 lr: 0.01 train_loss: 591043.9375 train_mapscore: 0.8069 time: 4.8017s
INFO:root:Epoch: 1910 lr: 0.01 train_loss: 591039.8125 train_mapscore: 0.8068 time: 5.3041s
INFO:root:Epoch: 1915 lr: 0.01 train_loss: 591035.6250 train_mapscore: 0.8068 time: 5.2917s
INFO:root:Epoch: 1920 lr: 0.01 train_loss: 591031.5000 train_mapscore: 0.8068 time: 4.8825s
INFO:root:Epoch: 1925 lr: 0.01 train_loss: 591027.3750 train_mapscore: 0.8069 time: 4.9240s
INFO:root:Epoch: 1930 lr: 0.01 train_loss: 591023.3125 train_mapscore: 0.8068 time: 4.9385s
INFO:root:Epoch: 1935 lr: 0.01 train_loss: 591019.1875 train_mapscore: 0.8069 time: 4.8674s
INFO:root:Epoch: 1940 lr: 0.01 train_loss: 591015.1875 train_mapscore: 0.8069 time: 5.2643s
INFO:root:Epoch: 1945 lr: 0.01 train_loss: 591011.1250 train_mapscore: 0.8069 time: 4.9504s
INFO:root:Epoch: 1950 lr: 0.01 train_loss: 591007.1250 train_mapscore: 0.8069 time: 4.8662s
INFO:root:Epoch: 1955 lr: 0.01 train_loss: 591003.1250 train_mapscore: 0.8069 time: 5.0711s
INFO:root:Epoch: 1960 lr: 0.01 train_loss: 590999.1250 train_mapscore: 0.8070 time: 4.8150s
INFO:root:Epoch: 1965 lr: 0.01 train_loss: 590995.1250 train_mapscore: 0.8070 time: 4.8081s
INFO:root:Epoch: 1970 lr: 0.01 train_loss: 590991.1250 train_mapscore: 0.8070 time: 4.9601s
INFO:root:Epoch: 1975 lr: 0.01 train_loss: 590987.1250 train_mapscore: 0.8070 time: 4.8787s
INFO:root:Epoch: 1980 lr: 0.01 train_loss: 590983.1875 train_mapscore: 0.8069 time: 5.0137s
INFO:root:Epoch: 1985 lr: 0.01 train_loss: 590979.1875 train_mapscore: 0.8069 time: 4.9810s
INFO:root:Epoch: 1990 lr: 0.01 train_loss: 590975.2500 train_mapscore: 0.8070 time: 5.0190s
INFO:root:Epoch: 1995 lr: 0.01 train_loss: 590971.3125 train_mapscore: 0.8070 time: 4.8635s
INFO:root:Epoch: 2000 lr: 0.01 train_loss: 590967.3750 train_mapscore: 0.8070 time: 4.8120s
INFO:root:Epoch: 2005 lr: 0.01 train_loss: 590963.3750 train_mapscore: 0.8070 time: 4.7316s
INFO:root:Epoch: 2010 lr: 0.01 train_loss: 590959.5000 train_mapscore: 0.8070 time: 5.1168s
INFO:root:Epoch: 2015 lr: 0.01 train_loss: 590955.5625 train_mapscore: 0.8070 time: 4.9464s
INFO:root:Epoch: 2020 lr: 0.01 train_loss: 590951.6250 train_mapscore: 0.8070 time: 4.8445s
INFO:root:Epoch: 2025 lr: 0.01 train_loss: 590947.8125 train_mapscore: 0.8070 time: 4.8123s
INFO:root:Epoch: 2030 lr: 0.01 train_loss: 590943.8750 train_mapscore: 0.8070 time: 4.9473s
INFO:root:Epoch: 2035 lr: 0.01 train_loss: 590940.0625 train_mapscore: 0.8071 time: 5.0606s
INFO:root:Epoch: 2040 lr: 0.01 train_loss: 590936.2500 train_mapscore: 0.8071 time: 4.7712s
INFO:root:Epoch: 2045 lr: 0.01 train_loss: 590932.5625 train_mapscore: 0.8071 time: 5.0410s
INFO:root:Epoch: 2050 lr: 0.01 train_loss: 590928.7500 train_mapscore: 0.8071 time: 5.3392s
INFO:root:Epoch: 2055 lr: 0.01 train_loss: 590925.1250 train_mapscore: 0.8071 time: 5.0661s
INFO:root:Epoch: 2060 lr: 0.01 train_loss: 590921.5000 train_mapscore: 0.8071 time: 4.8501s
INFO:root:Epoch: 2065 lr: 0.01 train_loss: 590917.8125 train_mapscore: 0.8073 time: 5.0251s
INFO:root:Epoch: 2070 lr: 0.01 train_loss: 590914.2500 train_mapscore: 0.8073 time: 5.1476s
INFO:root:Epoch: 2075 lr: 0.01 train_loss: 590910.7500 train_mapscore: 0.8073 time: 5.0738s
INFO:root:Epoch: 2080 lr: 0.01 train_loss: 590907.2500 train_mapscore: 0.8073 time: 5.1238s
INFO:root:Epoch: 2085 lr: 0.01 train_loss: 590903.8125 train_mapscore: 0.8073 time: 4.9947s
INFO:root:Epoch: 2090 lr: 0.01 train_loss: 590900.2500 train_mapscore: 0.8073 time: 5.2645s
INFO:root:Epoch: 2095 lr: 0.01 train_loss: 590896.8750 train_mapscore: 0.8073 time: 4.9957s
INFO:root:Epoch: 2100 lr: 0.01 train_loss: 590893.5000 train_mapscore: 0.8073 time: 5.0999s
INFO:root:Epoch: 2105 lr: 0.01 train_loss: 590890.1250 train_mapscore: 0.8073 time: 4.9432s
INFO:root:Epoch: 2110 lr: 0.01 train_loss: 590886.6875 train_mapscore: 0.8074 time: 4.8304s
INFO:root:Epoch: 2115 lr: 0.01 train_loss: 590883.3750 train_mapscore: 0.8075 time: 4.8667s
INFO:root:Epoch: 2120 lr: 0.01 train_loss: 590880.0625 train_mapscore: 0.8075 time: 4.9331s
INFO:root:Epoch: 2125 lr: 0.01 train_loss: 590876.8125 train_mapscore: 0.8075 time: 5.0205s
INFO:root:Epoch: 2130 lr: 0.01 train_loss: 590873.5625 train_mapscore: 0.8075 time: 4.7859s
INFO:root:Epoch: 2135 lr: 0.01 train_loss: 590870.3125 train_mapscore: 0.8074 time: 4.9092s
INFO:root:Epoch: 2140 lr: 0.01 train_loss: 590867.0625 train_mapscore: 0.8075 time: 5.0048s
INFO:root:Epoch: 2145 lr: 0.01 train_loss: 590863.8750 train_mapscore: 0.8074 time: 4.8895s
INFO:root:Epoch: 2150 lr: 0.01 train_loss: 590860.6875 train_mapscore: 0.8075 time: 4.7757s
INFO:root:Epoch: 2155 lr: 0.01 train_loss: 590857.5000 train_mapscore: 0.8074 time: 4.8270s
INFO:root:Epoch: 2160 lr: 0.01 train_loss: 590854.3750 train_mapscore: 0.8074 time: 4.9289s
INFO:root:Epoch: 2165 lr: 0.01 train_loss: 590851.1875 train_mapscore: 0.8073 time: 4.8593s
INFO:root:Epoch: 2170 lr: 0.01 train_loss: 590848.1250 train_mapscore: 0.8073 time: 4.9487s
INFO:root:Epoch: 2175 lr: 0.01 train_loss: 590845.0000 train_mapscore: 0.8074 time: 4.9387s
INFO:root:Epoch: 2180 lr: 0.01 train_loss: 590841.9375 train_mapscore: 0.8074 time: 5.1218s
INFO:root:Epoch: 2185 lr: 0.01 train_loss: 590838.8750 train_mapscore: 0.8074 time: 4.8780s
INFO:root:Epoch: 2190 lr: 0.01 train_loss: 590835.8750 train_mapscore: 0.8074 time: 4.8992s
INFO:root:Epoch: 2195 lr: 0.01 train_loss: 590832.8125 train_mapscore: 0.8075 time: 5.1682s
INFO:root:Epoch: 2200 lr: 0.01 train_loss: 590829.8125 train_mapscore: 0.8075 time: 5.0140s
INFO:root:Epoch: 2205 lr: 0.01 train_loss: 590826.8750 train_mapscore: 0.8075 time: 5.0681s
INFO:root:Epoch: 2210 lr: 0.01 train_loss: 590823.8750 train_mapscore: 0.8075 time: 5.3367s
INFO:root:Epoch: 2215 lr: 0.01 train_loss: 590820.9375 train_mapscore: 0.8075 time: 4.9163s
INFO:root:Epoch: 2220 lr: 0.01 train_loss: 590818.0625 train_mapscore: 0.8075 time: 5.0441s
INFO:root:Epoch: 2225 lr: 0.01 train_loss: 590815.1250 train_mapscore: 0.8076 time: 5.0999s
INFO:root:Epoch: 2230 lr: 0.01 train_loss: 590812.2500 train_mapscore: 0.8076 time: 5.1415s
INFO:root:Epoch: 2235 lr: 0.01 train_loss: 590809.4375 train_mapscore: 0.8077 time: 5.1015s
INFO:root:Epoch: 2240 lr: 0.01 train_loss: 590806.5625 train_mapscore: 0.8077 time: 4.8038s
INFO:root:Epoch: 2245 lr: 0.01 train_loss: 590803.7500 train_mapscore: 0.8076 time: 5.0093s
INFO:root:Epoch: 2250 lr: 0.01 train_loss: 590800.9375 train_mapscore: 0.8076 time: 5.5016s
INFO:root:Epoch: 2255 lr: 0.01 train_loss: 590798.1250 train_mapscore: 0.8076 time: 5.3678s
INFO:root:Epoch: 2260 lr: 0.01 train_loss: 590795.3750 train_mapscore: 0.8076 time: 5.0890s
INFO:root:Epoch: 2265 lr: 0.01 train_loss: 590792.6250 train_mapscore: 0.8076 time: 5.0046s
INFO:root:Epoch: 2270 lr: 0.01 train_loss: 590789.8750 train_mapscore: 0.8077 time: 5.1084s
INFO:root:Epoch: 2275 lr: 0.01 train_loss: 590787.1875 train_mapscore: 0.8076 time: 5.4952s
INFO:root:Epoch: 2280 lr: 0.01 train_loss: 590784.5000 train_mapscore: 0.8076 time: 5.2559s
INFO:root:Epoch: 2285 lr: 0.01 train_loss: 590781.8750 train_mapscore: 0.8077 time: 5.1660s
INFO:root:Epoch: 2290 lr: 0.01 train_loss: 590779.1875 train_mapscore: 0.8077 time: 4.7841s
INFO:root:Epoch: 2295 lr: 0.01 train_loss: 590776.5625 train_mapscore: 0.8077 time: 4.8475s
INFO:root:Epoch: 2300 lr: 0.01 train_loss: 590773.8750 train_mapscore: 0.8077 time: 5.0831s
INFO:root:Epoch: 2305 lr: 0.01 train_loss: 590771.3125 train_mapscore: 0.8077 time: 5.0549s
INFO:root:Epoch: 2310 lr: 0.01 train_loss: 590768.7500 train_mapscore: 0.8077 time: 4.9697s
INFO:root:Epoch: 2315 lr: 0.01 train_loss: 590766.1875 train_mapscore: 0.8078 time: 5.1258s
INFO:root:Epoch: 2320 lr: 0.01 train_loss: 590763.5625 train_mapscore: 0.8078 time: 5.0782s
INFO:root:Epoch: 2325 lr: 0.01 train_loss: 590761.0625 train_mapscore: 0.8079 time: 5.1621s
INFO:root:Epoch: 2330 lr: 0.01 train_loss: 590758.5625 train_mapscore: 0.8079 time: 5.1406s
INFO:root:Epoch: 2335 lr: 0.01 train_loss: 590756.0625 train_mapscore: 0.8079 time: 5.1317s
INFO:root:Epoch: 2340 lr: 0.01 train_loss: 590753.5625 train_mapscore: 0.8079 time: 5.2231s
INFO:root:Epoch: 2345 lr: 0.01 train_loss: 590751.0625 train_mapscore: 0.8079 time: 5.0905s
INFO:root:Epoch: 2350 lr: 0.01 train_loss: 590748.6250 train_mapscore: 0.8078 time: 5.0273s
INFO:root:Epoch: 2355 lr: 0.01 train_loss: 590746.1250 train_mapscore: 0.8078 time: 4.8549s
INFO:root:Epoch: 2360 lr: 0.01 train_loss: 590743.6875 train_mapscore: 0.8079 time: 4.9022s
INFO:root:Epoch: 2365 lr: 0.01 train_loss: 590741.2500 train_mapscore: 0.8079 time: 4.8370s
INFO:root:Epoch: 2370 lr: 0.01 train_loss: 590738.8750 train_mapscore: 0.8079 time: 4.9309s
INFO:root:Epoch: 2375 lr: 0.01 train_loss: 590736.5000 train_mapscore: 0.8080 time: 5.0261s
INFO:root:Epoch: 2380 lr: 0.01 train_loss: 590734.1250 train_mapscore: 0.8080 time: 5.0248s
INFO:root:Epoch: 2385 lr: 0.01 train_loss: 590731.6875 train_mapscore: 0.8080 time: 4.9776s
INFO:root:Epoch: 2390 lr: 0.01 train_loss: 590729.3750 train_mapscore: 0.8080 time: 4.8143s
INFO:root:Epoch: 2395 lr: 0.01 train_loss: 590726.9375 train_mapscore: 0.8080 time: 4.8606s
INFO:root:Epoch: 2400 lr: 0.01 train_loss: 590724.6250 train_mapscore: 0.8080 time: 5.3517s
INFO:root:Epoch: 2405 lr: 0.01 train_loss: 590722.2500 train_mapscore: 0.8080 time: 5.1521s
INFO:root:Epoch: 2410 lr: 0.01 train_loss: 590719.9375 train_mapscore: 0.8080 time: 4.8988s
INFO:root:Epoch: 2415 lr: 0.01 train_loss: 590717.5625 train_mapscore: 0.8080 time: 5.1326s
INFO:root:Epoch: 2420 lr: 0.01 train_loss: 590715.2500 train_mapscore: 0.8080 time: 4.8017s
INFO:root:Epoch: 2425 lr: 0.01 train_loss: 590712.9375 train_mapscore: 0.8081 time: 4.8807s
INFO:root:Epoch: 2430 lr: 0.01 train_loss: 590710.6875 train_mapscore: 0.8081 time: 5.1225s
INFO:root:Epoch: 2435 lr: 0.01 train_loss: 590708.3125 train_mapscore: 0.8081 time: 5.5350s
INFO:root:Epoch: 2440 lr: 0.01 train_loss: 590706.0000 train_mapscore: 0.8082 time: 5.5049s
INFO:root:Epoch: 2445 lr: 0.01 train_loss: 590703.6875 train_mapscore: 0.8082 time: 5.0536s
INFO:root:Epoch: 2450 lr: 0.01 train_loss: 590701.3750 train_mapscore: 0.8082 time: 4.8943s
INFO:root:Epoch: 2455 lr: 0.01 train_loss: 590699.1250 train_mapscore: 0.8082 time: 5.0369s
INFO:root:Epoch: 2460 lr: 0.01 train_loss: 590696.8125 train_mapscore: 0.8082 time: 5.0473s
INFO:root:Epoch: 2465 lr: 0.01 train_loss: 590694.5000 train_mapscore: 0.8083 time: 4.9258s
INFO:root:Epoch: 2470 lr: 0.01 train_loss: 590692.2500 train_mapscore: 0.8083 time: 4.7206s
INFO:root:Epoch: 2475 lr: 0.01 train_loss: 590689.9375 train_mapscore: 0.8083 time: 5.4275s
INFO:root:Epoch: 2480 lr: 0.01 train_loss: 590687.6875 train_mapscore: 0.8081 time: 5.0987s
INFO:root:Epoch: 2485 lr: 0.01 train_loss: 590685.3750 train_mapscore: 0.8082 time: 4.8841s
INFO:root:Epoch: 2490 lr: 0.01 train_loss: 590683.0625 train_mapscore: 0.8082 time: 4.9558s
INFO:root:Epoch: 2495 lr: 0.01 train_loss: 590680.7500 train_mapscore: 0.8082 time: 5.2182s
INFO:root:Epoch: 2500 lr: 0.01 train_loss: 590678.5000 train_mapscore: 0.8082 time: 5.3097s
INFO:root:Epoch: 2505 lr: 0.01 train_loss: 590676.2500 train_mapscore: 0.8081 time: 5.1749s
INFO:root:Epoch: 2510 lr: 0.01 train_loss: 590673.8750 train_mapscore: 0.8082 time: 5.1710s
INFO:root:Epoch: 2515 lr: 0.01 train_loss: 590671.6250 train_mapscore: 0.8081 time: 5.1259s
INFO:root:Epoch: 2520 lr: 0.01 train_loss: 590669.3750 train_mapscore: 0.8081 time: 5.1982s
INFO:root:Epoch: 2525 lr: 0.01 train_loss: 590667.0625 train_mapscore: 0.8081 time: 4.8795s
INFO:root:Epoch: 2530 lr: 0.01 train_loss: 590664.8125 train_mapscore: 0.8081 time: 5.0742s
INFO:root:Epoch: 2535 lr: 0.01 train_loss: 590662.5000 train_mapscore: 0.8081 time: 5.6733s
INFO:root:Epoch: 2540 lr: 0.01 train_loss: 590660.1875 train_mapscore: 0.8081 time: 5.4865s
INFO:root:Epoch: 2545 lr: 0.01 train_loss: 590657.9375 train_mapscore: 0.8081 time: 5.0030s
INFO:root:Epoch: 2550 lr: 0.01 train_loss: 590655.6875 train_mapscore: 0.8082 time: 4.8969s
INFO:root:Epoch: 2555 lr: 0.01 train_loss: 590653.4375 train_mapscore: 0.8082 time: 5.0754s
INFO:root:Epoch: 2560 lr: 0.01 train_loss: 590651.1250 train_mapscore: 0.8081 time: 5.1896s
INFO:root:Epoch: 2565 lr: 0.01 train_loss: 590648.8750 train_mapscore: 0.8081 time: 5.0096s
INFO:root:Epoch: 2570 lr: 0.01 train_loss: 590646.6250 train_mapscore: 0.8081 time: 4.8427s
INFO:root:Epoch: 2575 lr: 0.01 train_loss: 590644.4375 train_mapscore: 0.8080 time: 4.9090s
INFO:root:Epoch: 2580 lr: 0.01 train_loss: 590642.1875 train_mapscore: 0.8080 time: 5.1386s
INFO:root:Epoch: 2585 lr: 0.01 train_loss: 590640.0000 train_mapscore: 0.8080 time: 5.0168s
INFO:root:Epoch: 2590 lr: 0.01 train_loss: 590637.8125 train_mapscore: 0.8080 time: 5.0483s
INFO:root:Epoch: 2595 lr: 0.01 train_loss: 590635.5625 train_mapscore: 0.8080 time: 5.4944s
INFO:root:Epoch: 2600 lr: 0.01 train_loss: 590633.3750 train_mapscore: 0.8080 time: 5.3267s
INFO:root:Epoch: 2605 lr: 0.01 train_loss: 590631.2500 train_mapscore: 0.8080 time: 5.0602s
INFO:root:Epoch: 2610 lr: 0.01 train_loss: 590629.0625 train_mapscore: 0.8080 time: 4.9431s
INFO:root:Epoch: 2615 lr: 0.01 train_loss: 590626.8750 train_mapscore: 0.8080 time: 4.9889s
INFO:root:Epoch: 2620 lr: 0.01 train_loss: 590624.8125 train_mapscore: 0.8081 time: 5.0296s
INFO:root:Epoch: 2625 lr: 0.01 train_loss: 590622.7500 train_mapscore: 0.8081 time: 5.1399s
INFO:root:Epoch: 2630 lr: 0.01 train_loss: 590620.6250 train_mapscore: 0.8081 time: 4.9998s
INFO:root:Epoch: 2635 lr: 0.01 train_loss: 590618.6250 train_mapscore: 0.8081 time: 5.2502s
INFO:root:Epoch: 2640 lr: 0.01 train_loss: 590616.5625 train_mapscore: 0.8081 time: 5.0682s
INFO:root:Epoch: 2645 lr: 0.01 train_loss: 590614.5625 train_mapscore: 0.8081 time: 5.0852s
INFO:root:Epoch: 2650 lr: 0.01 train_loss: 590612.6250 train_mapscore: 0.8081 time: 5.4924s
INFO:root:Epoch: 2655 lr: 0.01 train_loss: 590610.5625 train_mapscore: 0.8081 time: 4.9317s
INFO:root:Epoch: 2660 lr: 0.01 train_loss: 590608.6250 train_mapscore: 0.8081 time: 4.9286s
INFO:root:Epoch: 2665 lr: 0.01 train_loss: 590606.7500 train_mapscore: 0.8081 time: 4.9976s
INFO:root:Epoch: 2670 lr: 0.01 train_loss: 590604.7500 train_mapscore: 0.8081 time: 5.0674s
INFO:root:Epoch: 2675 lr: 0.01 train_loss: 590602.8750 train_mapscore: 0.8081 time: 5.0273s
INFO:root:Epoch: 2680 lr: 0.01 train_loss: 590601.0000 train_mapscore: 0.8081 time: 5.5317s
INFO:root:Epoch: 2685 lr: 0.01 train_loss: 590599.0625 train_mapscore: 0.8081 time: 5.3732s
INFO:root:Epoch: 2690 lr: 0.01 train_loss: 590597.2500 train_mapscore: 0.8081 time: 5.1324s
INFO:root:Epoch: 2695 lr: 0.01 train_loss: 590595.3750 train_mapscore: 0.8081 time: 5.1538s
INFO:root:Epoch: 2700 lr: 0.01 train_loss: 590593.5000 train_mapscore: 0.8081 time: 5.1060s
INFO:root:Epoch: 2705 lr: 0.01 train_loss: 590591.6875 train_mapscore: 0.8081 time: 5.3015s
INFO:root:Epoch: 2710 lr: 0.01 train_loss: 590589.8750 train_mapscore: 0.8081 time: 4.9879s
INFO:root:Epoch: 2715 lr: 0.01 train_loss: 590588.0000 train_mapscore: 0.8081 time: 5.0536s
INFO:root:Epoch: 2720 lr: 0.01 train_loss: 590586.3125 train_mapscore: 0.8081 time: 5.1462s
INFO:root:Epoch: 2725 lr: 0.01 train_loss: 590584.4375 train_mapscore: 0.8081 time: 5.1446s
INFO:root:Epoch: 2730 lr: 0.01 train_loss: 590582.6250 train_mapscore: 0.8082 time: 5.1241s
INFO:root:Epoch: 2735 lr: 0.01 train_loss: 590580.8750 train_mapscore: 0.8082 time: 5.5782s
INFO:root:Epoch: 2740 lr: 0.01 train_loss: 590579.0625 train_mapscore: 0.8081 time: 5.2515s
INFO:root:Epoch: 2745 lr: 0.01 train_loss: 590577.2500 train_mapscore: 0.8081 time: 5.2127s
INFO:root:Epoch: 2750 lr: 0.01 train_loss: 590575.5625 train_mapscore: 0.8081 time: 4.9500s
INFO:root:Epoch: 2755 lr: 0.01 train_loss: 590573.7500 train_mapscore: 0.8081 time: 4.9029s
INFO:root:Epoch: 2760 lr: 0.01 train_loss: 590572.0625 train_mapscore: 0.8081 time: 4.8983s
INFO:root:Epoch: 2765 lr: 0.01 train_loss: 590570.3125 train_mapscore: 0.8081 time: 4.9110s
INFO:root:Epoch: 2770 lr: 0.01 train_loss: 590568.5000 train_mapscore: 0.8081 time: 4.8896s
INFO:root:Epoch: 2775 lr: 0.01 train_loss: 590566.8125 train_mapscore: 0.8081 time: 4.8886s
INFO:root:Epoch: 2780 lr: 0.01 train_loss: 590565.0625 train_mapscore: 0.8081 time: 4.8139s
INFO:root:Epoch: 2785 lr: 0.01 train_loss: 590563.3125 train_mapscore: 0.8082 time: 4.9929s
INFO:root:Epoch: 2790 lr: 0.01 train_loss: 590561.5625 train_mapscore: 0.8082 time: 5.1634s
INFO:root:Epoch: 2795 lr: 0.01 train_loss: 590559.8750 train_mapscore: 0.8082 time: 4.9064s
INFO:root:Epoch: 2800 lr: 0.01 train_loss: 590558.1250 train_mapscore: 0.8082 time: 4.8336s
INFO:root:Epoch: 2805 lr: 0.01 train_loss: 590556.3750 train_mapscore: 0.8082 time: 4.9858s
INFO:root:Epoch: 2810 lr: 0.01 train_loss: 590554.6250 train_mapscore: 0.8081 time: 4.8298s
INFO:root:Epoch: 2815 lr: 0.01 train_loss: 590552.9375 train_mapscore: 0.8082 time: 4.9917s
INFO:root:Epoch: 2820 lr: 0.01 train_loss: 590551.1875 train_mapscore: 0.8082 time: 4.8461s
INFO:root:Epoch: 2825 lr: 0.01 train_loss: 590549.3750 train_mapscore: 0.8082 time: 4.8135s
INFO:root:Epoch: 2830 lr: 0.01 train_loss: 590547.6250 train_mapscore: 0.8082 time: 4.8404s
INFO:root:Epoch: 2835 lr: 0.01 train_loss: 590545.9375 train_mapscore: 0.8082 time: 4.8074s
INFO:root:Epoch: 2840 lr: 0.01 train_loss: 590544.1250 train_mapscore: 0.8082 time: 4.7413s
INFO:root:Epoch: 2845 lr: 0.01 train_loss: 590542.3750 train_mapscore: 0.8081 time: 4.8220s
INFO:root:Epoch: 2850 lr: 0.01 train_loss: 590540.6250 train_mapscore: 0.8082 time: 4.7742s
INFO:root:Epoch: 2855 lr: 0.01 train_loss: 590538.8125 train_mapscore: 0.8081 time: 4.8436s
INFO:root:Epoch: 2860 lr: 0.01 train_loss: 590537.0000 train_mapscore: 0.8082 time: 4.8487s
INFO:root:Epoch: 2865 lr: 0.01 train_loss: 590535.2500 train_mapscore: 0.8082 time: 5.0369s
INFO:root:Epoch: 2870 lr: 0.01 train_loss: 590533.3750 train_mapscore: 0.8082 time: 4.8748s
INFO:root:Epoch: 2875 lr: 0.01 train_loss: 590531.5000 train_mapscore: 0.8082 time: 4.9279s
INFO:root:Epoch: 2880 lr: 0.01 train_loss: 590529.6250 train_mapscore: 0.8081 time: 5.0470s
INFO:root:Epoch: 2885 lr: 0.01 train_loss: 590527.8750 train_mapscore: 0.8082 time: 4.8840s
INFO:root:Epoch: 2890 lr: 0.01 train_loss: 590525.8750 train_mapscore: 0.8082 time: 4.8299s
INFO:root:Epoch: 2895 lr: 0.01 train_loss: 590524.0000 train_mapscore: 0.8082 time: 4.8906s
INFO:root:Epoch: 2900 lr: 0.01 train_loss: 590522.0000 train_mapscore: 0.8082 time: 4.8547s
INFO:root:Epoch: 2905 lr: 0.01 train_loss: 590520.1250 train_mapscore: 0.8082 time: 4.7924s
INFO:root:Epoch: 2910 lr: 0.01 train_loss: 590518.1875 train_mapscore: 0.8082 time: 4.6840s
INFO:root:Epoch: 2915 lr: 0.01 train_loss: 590516.1875 train_mapscore: 0.8082 time: 4.8810s
INFO:root:Epoch: 2920 lr: 0.01 train_loss: 590514.1875 train_mapscore: 0.8082 time: 4.7658s
INFO:root:Epoch: 2925 lr: 0.01 train_loss: 590512.1875 train_mapscore: 0.8082 time: 4.7680s
INFO:root:Epoch: 2930 lr: 0.01 train_loss: 590510.1250 train_mapscore: 0.8082 time: 5.0736s
INFO:root:Epoch: 2935 lr: 0.01 train_loss: 590508.1250 train_mapscore: 0.8082 time: 5.0356s
INFO:root:Epoch: 2940 lr: 0.01 train_loss: 590506.0625 train_mapscore: 0.8082 time: 5.0884s
INFO:root:Epoch: 2945 lr: 0.01 train_loss: 590504.0000 train_mapscore: 0.8082 time: 4.8787s
INFO:root:Epoch: 2950 lr: 0.01 train_loss: 590502.0000 train_mapscore: 0.8082 time: 4.9301s
INFO:root:Epoch: 2955 lr: 0.01 train_loss: 590500.0000 train_mapscore: 0.8082 time: 4.8512s
INFO:root:Epoch: 2960 lr: 0.01 train_loss: 590498.0000 train_mapscore: 0.8082 time: 4.8923s
INFO:root:Epoch: 2965 lr: 0.01 train_loss: 590496.0000 train_mapscore: 0.8082 time: 5.0875s
INFO:root:Epoch: 2970 lr: 0.01 train_loss: 590494.1250 train_mapscore: 0.8082 time: 4.7879s
INFO:root:Epoch: 2975 lr: 0.01 train_loss: 590492.1250 train_mapscore: 0.8083 time: 5.0447s
INFO:root:Epoch: 2980 lr: 0.01 train_loss: 590490.1875 train_mapscore: 0.8083 time: 5.0026s
INFO:root:Epoch: 2985 lr: 0.01 train_loss: 590488.3750 train_mapscore: 0.8083 time: 5.0600s
INFO:root:Epoch: 2990 lr: 0.01 train_loss: 590486.5000 train_mapscore: 0.8083 time: 5.4580s
INFO:root:Epoch: 2995 lr: 0.01 train_loss: 590484.6250 train_mapscore: 0.8083 time: 4.7600s
INFO:root:Epoch: 3000 lr: 0.01 train_loss: 590482.8125 train_mapscore: 0.8084 time: 5.0310s
INFO:root:Epoch: 3005 lr: 0.01 train_loss: 590481.0000 train_mapscore: 0.8085 time: 4.9263s
INFO:root:Epoch: 3010 lr: 0.01 train_loss: 590479.2500 train_mapscore: 0.8085 time: 4.9995s
INFO:root:Epoch: 3015 lr: 0.01 train_loss: 590477.4375 train_mapscore: 0.8085 time: 4.8462s
INFO:root:Epoch: 3020 lr: 0.01 train_loss: 590475.6875 train_mapscore: 0.8086 time: 4.9955s
INFO:root:Epoch: 3025 lr: 0.01 train_loss: 590474.0000 train_mapscore: 0.8086 time: 4.8929s
INFO:root:Epoch: 3030 lr: 0.01 train_loss: 590472.1875 train_mapscore: 0.8086 time: 4.8653s
INFO:root:Epoch: 3035 lr: 0.01 train_loss: 590470.4375 train_mapscore: 0.8087 time: 4.8373s
INFO:root:Epoch: 3040 lr: 0.01 train_loss: 590468.7500 train_mapscore: 0.8086 time: 5.0979s
INFO:root:Epoch: 3045 lr: 0.01 train_loss: 590467.0000 train_mapscore: 0.8086 time: 4.8146s
INFO:root:Epoch: 3050 lr: 0.01 train_loss: 590465.2500 train_mapscore: 0.8086 time: 4.9619s
INFO:root:Epoch: 3055 lr: 0.01 train_loss: 590463.5000 train_mapscore: 0.8086 time: 4.9372s
INFO:root:Epoch: 3060 lr: 0.01 train_loss: 590461.8125 train_mapscore: 0.8086 time: 5.1769s
INFO:root:Epoch: 3065 lr: 0.01 train_loss: 590460.1250 train_mapscore: 0.8086 time: 5.2381s
INFO:root:Epoch: 3070 lr: 0.01 train_loss: 590458.3750 train_mapscore: 0.8086 time: 5.1909s
INFO:root:Epoch: 3075 lr: 0.01 train_loss: 590456.6250 train_mapscore: 0.8086 time: 5.4947s
INFO:root:Epoch: 3080 lr: 0.01 train_loss: 590454.9375 train_mapscore: 0.8086 time: 5.0728s
INFO:root:Epoch: 3085 lr: 0.01 train_loss: 590453.2500 train_mapscore: 0.8086 time: 5.2039s
INFO:root:Epoch: 3090 lr: 0.01 train_loss: 590451.5625 train_mapscore: 0.8086 time: 4.9079s
INFO:root:Epoch: 3095 lr: 0.01 train_loss: 590449.8750 train_mapscore: 0.8086 time: 5.1238s
INFO:root:Epoch: 3100 lr: 0.01 train_loss: 590448.1875 train_mapscore: 0.8087 time: 5.0614s
INFO:root:Epoch: 3105 lr: 0.01 train_loss: 590446.5000 train_mapscore: 0.8087 time: 5.0723s
INFO:root:Epoch: 3110 lr: 0.01 train_loss: 590444.8750 train_mapscore: 0.8087 time: 5.0750s
INFO:root:Epoch: 3115 lr: 0.01 train_loss: 590443.1250 train_mapscore: 0.8087 time: 4.9301s
INFO:root:Epoch: 3120 lr: 0.01 train_loss: 590441.5625 train_mapscore: 0.8088 time: 4.9297s
INFO:root:Epoch: 3125 lr: 0.01 train_loss: 590439.9375 train_mapscore: 0.8088 time: 4.9649s
INFO:root:Epoch: 3130 lr: 0.01 train_loss: 590438.3125 train_mapscore: 0.8088 time: 4.8592s
INFO:root:Epoch: 3135 lr: 0.01 train_loss: 590436.7500 train_mapscore: 0.8088 time: 4.8268s
INFO:root:Epoch: 3140 lr: 0.01 train_loss: 590435.1250 train_mapscore: 0.8088 time: 4.8295s
INFO:root:Epoch: 3145 lr: 0.01 train_loss: 590433.5625 train_mapscore: 0.8088 time: 4.8972s
INFO:root:Epoch: 3150 lr: 0.01 train_loss: 590432.0000 train_mapscore: 0.8089 time: 4.9481s
INFO:root:Epoch: 3155 lr: 0.01 train_loss: 590430.5000 train_mapscore: 0.8089 time: 4.7745s
INFO:root:Epoch: 3160 lr: 0.01 train_loss: 590428.8750 train_mapscore: 0.8089 time: 5.1064s
INFO:root:Epoch: 3165 lr: 0.01 train_loss: 590427.4375 train_mapscore: 0.8089 time: 4.8186s
INFO:root:Epoch: 3170 lr: 0.01 train_loss: 590425.8750 train_mapscore: 0.8090 time: 4.7693s
INFO:root:Epoch: 3175 lr: 0.01 train_loss: 590424.3750 train_mapscore: 0.8089 time: 4.9804s
INFO:root:Epoch: 3180 lr: 0.01 train_loss: 590422.8750 train_mapscore: 0.8090 time: 4.9123s
INFO:root:Epoch: 3185 lr: 0.01 train_loss: 590421.3750 train_mapscore: 0.8090 time: 4.9419s
INFO:root:Epoch: 3190 lr: 0.01 train_loss: 590419.9375 train_mapscore: 0.8090 time: 5.1744s
INFO:root:Epoch: 3195 lr: 0.01 train_loss: 590418.5000 train_mapscore: 0.8090 time: 5.0520s
INFO:root:Epoch: 3200 lr: 0.01 train_loss: 590417.0000 train_mapscore: 0.8090 time: 4.9507s
INFO:root:Epoch: 3205 lr: 0.01 train_loss: 590415.5625 train_mapscore: 0.8090 time: 5.0973s
INFO:root:Epoch: 3210 lr: 0.01 train_loss: 590414.1250 train_mapscore: 0.8090 time: 4.7853s
INFO:root:Epoch: 3215 lr: 0.01 train_loss: 590412.7500 train_mapscore: 0.8091 time: 5.0822s
INFO:root:Epoch: 3220 lr: 0.01 train_loss: 590411.2500 train_mapscore: 0.8091 time: 5.3546s
INFO:root:Epoch: 3225 lr: 0.01 train_loss: 590409.8750 train_mapscore: 0.8093 time: 5.0046s
INFO:root:Epoch: 3230 lr: 0.01 train_loss: 590408.4375 train_mapscore: 0.8093 time: 4.9488s
INFO:root:Epoch: 3235 lr: 0.01 train_loss: 590407.0000 train_mapscore: 0.8094 time: 4.8162s
INFO:root:Epoch: 3240 lr: 0.01 train_loss: 590405.6250 train_mapscore: 0.8094 time: 4.9378s
INFO:root:Epoch: 3245 lr: 0.01 train_loss: 590404.2500 train_mapscore: 0.8093 time: 4.8823s
INFO:root:Epoch: 3250 lr: 0.01 train_loss: 590402.8750 train_mapscore: 0.8093 time: 4.7311s
INFO:root:Epoch: 3255 lr: 0.01 train_loss: 590401.4375 train_mapscore: 0.8093 time: 5.0254s
INFO:root:Epoch: 3260 lr: 0.01 train_loss: 590400.0625 train_mapscore: 0.8093 time: 5.3744s
INFO:root:Epoch: 3265 lr: 0.01 train_loss: 590398.7500 train_mapscore: 0.8094 time: 5.4002s
INFO:root:Epoch: 3270 lr: 0.01 train_loss: 590397.3750 train_mapscore: 0.8094 time: 4.7319s
INFO:root:Epoch: 3275 lr: 0.01 train_loss: 590396.0000 train_mapscore: 0.8094 time: 4.8917s
INFO:root:Epoch: 3280 lr: 0.01 train_loss: 590394.6250 train_mapscore: 0.8096 time: 5.0340s
INFO:root:Epoch: 3285 lr: 0.01 train_loss: 590393.2500 train_mapscore: 0.8096 time: 4.8900s
INFO:root:Epoch: 3290 lr: 0.01 train_loss: 590391.9375 train_mapscore: 0.8097 time: 5.0681s
INFO:root:Epoch: 3295 lr: 0.01 train_loss: 590390.6250 train_mapscore: 0.8097 time: 4.7438s
INFO:root:Epoch: 3300 lr: 0.01 train_loss: 590389.2500 train_mapscore: 0.8097 time: 5.0996s
INFO:root:Epoch: 3305 lr: 0.01 train_loss: 590387.9375 train_mapscore: 0.8097 time: 4.7953s
INFO:root:Epoch: 3310 lr: 0.01 train_loss: 590386.6250 train_mapscore: 0.8097 time: 5.0198s
INFO:root:Epoch: 3315 lr: 0.01 train_loss: 590385.3125 train_mapscore: 0.8098 time: 4.9776s
INFO:root:Epoch: 3320 lr: 0.01 train_loss: 590384.0000 train_mapscore: 0.8097 time: 4.8622s
INFO:root:Epoch: 3325 lr: 0.01 train_loss: 590382.7500 train_mapscore: 0.8096 time: 4.8871s
INFO:root:Epoch: 3330 lr: 0.01 train_loss: 590381.3750 train_mapscore: 0.8096 time: 5.1541s
INFO:root:Epoch: 3335 lr: 0.01 train_loss: 590380.0625 train_mapscore: 0.8097 time: 4.9694s
INFO:root:Epoch: 3340 lr: 0.01 train_loss: 590378.8750 train_mapscore: 0.8097 time: 5.0249s
INFO:root:Epoch: 3345 lr: 0.01 train_loss: 590377.5625 train_mapscore: 0.8096 time: 4.8778s
INFO:root:Epoch: 3350 lr: 0.01 train_loss: 590376.2500 train_mapscore: 0.8097 time: 5.0727s
INFO:root:Epoch: 3355 lr: 0.01 train_loss: 590375.0000 train_mapscore: 0.8097 time: 5.5497s
INFO:root:Epoch: 3360 lr: 0.01 train_loss: 590373.7500 train_mapscore: 0.8097 time: 5.2174s
INFO:root:Epoch: 3365 lr: 0.01 train_loss: 590372.5000 train_mapscore: 0.8097 time: 4.9993s
INFO:root:Epoch: 3370 lr: 0.01 train_loss: 590371.2500 train_mapscore: 0.8097 time: 4.9258s
INFO:root:Epoch: 3375 lr: 0.01 train_loss: 590370.0000 train_mapscore: 0.8097 time: 4.8151s
INFO:root:Epoch: 3380 lr: 0.01 train_loss: 590368.8125 train_mapscore: 0.8097 time: 4.8359s
INFO:root:Epoch: 3385 lr: 0.01 train_loss: 590367.5625 train_mapscore: 0.8097 time: 5.0852s
INFO:root:Epoch: 3390 lr: 0.01 train_loss: 590366.3750 train_mapscore: 0.8097 time: 4.6554s
INFO:root:Epoch: 3395 lr: 0.01 train_loss: 590365.1250 train_mapscore: 0.8097 time: 4.9057s
INFO:root:Epoch: 3400 lr: 0.01 train_loss: 590363.9375 train_mapscore: 0.8097 time: 5.2981s
INFO:root:Epoch: 3405 lr: 0.01 train_loss: 590362.7500 train_mapscore: 0.8097 time: 4.8509s
INFO:root:Epoch: 3410 lr: 0.01 train_loss: 590361.5625 train_mapscore: 0.8097 time: 5.2953s
INFO:root:Epoch: 3415 lr: 0.01 train_loss: 590360.3750 train_mapscore: 0.8097 time: 4.9164s
INFO:root:Epoch: 3420 lr: 0.01 train_loss: 590359.1875 train_mapscore: 0.8097 time: 5.1070s
INFO:root:Epoch: 3425 lr: 0.01 train_loss: 590358.0000 train_mapscore: 0.8097 time: 5.0723s
INFO:root:Epoch: 3430 lr: 0.01 train_loss: 590356.7500 train_mapscore: 0.8097 time: 4.6566s
INFO:root:Epoch: 3435 lr: 0.01 train_loss: 590355.6250 train_mapscore: 0.8097 time: 5.0104s
INFO:root:Epoch: 3440 lr: 0.01 train_loss: 590354.4375 train_mapscore: 0.8097 time: 5.0914s
INFO:root:Epoch: 3445 lr: 0.01 train_loss: 590353.2500 train_mapscore: 0.8098 time: 5.0045s
INFO:root:Epoch: 3450 lr: 0.01 train_loss: 590352.0625 train_mapscore: 0.8098 time: 4.7662s
INFO:root:Epoch: 3455 lr: 0.01 train_loss: 590350.8750 train_mapscore: 0.8098 time: 5.9636s
INFO:root:Epoch: 3460 lr: 0.01 train_loss: 590349.6875 train_mapscore: 0.8098 time: 5.0571s
INFO:root:Epoch: 3465 lr: 0.01 train_loss: 590348.5625 train_mapscore: 0.8098 time: 4.9841s
INFO:root:Epoch: 3470 lr: 0.01 train_loss: 590347.3750 train_mapscore: 0.8098 time: 4.7834s
INFO:root:Epoch: 3475 lr: 0.01 train_loss: 590346.1875 train_mapscore: 0.8099 time: 4.9131s
INFO:root:Epoch: 3480 lr: 0.01 train_loss: 590344.9375 train_mapscore: 0.8099 time: 4.6956s
INFO:root:Epoch: 3485 lr: 0.01 train_loss: 590343.8750 train_mapscore: 0.8098 time: 5.4481s
INFO:root:Epoch: 3490 lr: 0.01 train_loss: 590342.6875 train_mapscore: 0.8098 time: 5.4241s
INFO:root:Epoch: 3495 lr: 0.01 train_loss: 590341.5000 train_mapscore: 0.8098 time: 4.8308s
INFO:root:Epoch: 3500 lr: 0.01 train_loss: 590340.3750 train_mapscore: 0.8098 time: 4.8602s
INFO:root:Epoch: 3505 lr: 0.01 train_loss: 590339.1875 train_mapscore: 0.8098 time: 4.9394s
INFO:root:Epoch: 3510 lr: 0.01 train_loss: 590338.0625 train_mapscore: 0.8098 time: 5.1410s
INFO:root:Epoch: 3515 lr: 0.01 train_loss: 590336.9375 train_mapscore: 0.8098 time: 5.3383s
INFO:root:Epoch: 3520 lr: 0.01 train_loss: 590335.8125 train_mapscore: 0.8098 time: 5.1052s
INFO:root:Epoch: 3525 lr: 0.01 train_loss: 590334.6875 train_mapscore: 0.8098 time: 5.0398s
INFO:root:Epoch: 3530 lr: 0.01 train_loss: 590333.5625 train_mapscore: 0.8098 time: 5.1846s
INFO:root:Epoch: 3535 lr: 0.01 train_loss: 590332.4375 train_mapscore: 0.8098 time: 5.1625s
INFO:root:Epoch: 3540 lr: 0.01 train_loss: 590331.3125 train_mapscore: 0.8098 time: 5.0161s
INFO:root:Epoch: 3545 lr: 0.01 train_loss: 590330.2500 train_mapscore: 0.8098 time: 5.5275s
INFO:root:Epoch: 3550 lr: 0.01 train_loss: 590329.1250 train_mapscore: 0.8099 time: 5.1296s
INFO:root:Epoch: 3555 lr: 0.01 train_loss: 590328.0625 train_mapscore: 0.8099 time: 5.1702s
INFO:root:Epoch: 3560 lr: 0.01 train_loss: 590327.0000 train_mapscore: 0.8099 time: 4.8247s
INFO:root:Epoch: 3565 lr: 0.01 train_loss: 590325.8750 train_mapscore: 0.8099 time: 5.2568s
INFO:root:Epoch: 3570 lr: 0.01 train_loss: 590324.8125 train_mapscore: 0.8099 time: 5.5602s
INFO:root:Epoch: 3575 lr: 0.01 train_loss: 590323.8125 train_mapscore: 0.8099 time: 4.9023s
INFO:root:Epoch: 3580 lr: 0.01 train_loss: 590322.8125 train_mapscore: 0.8099 time: 5.1829s
INFO:root:Epoch: 3585 lr: 0.01 train_loss: 590321.7500 train_mapscore: 0.8099 time: 5.0292s
INFO:root:Epoch: 3590 lr: 0.01 train_loss: 590320.6250 train_mapscore: 0.8099 time: 5.0443s
INFO:root:Epoch: 3595 lr: 0.01 train_loss: 590319.6250 train_mapscore: 0.8099 time: 5.4182s
INFO:root:Epoch: 3600 lr: 0.01 train_loss: 590318.6250 train_mapscore: 0.8099 time: 5.3012s
INFO:root:Epoch: 3605 lr: 0.01 train_loss: 590317.5625 train_mapscore: 0.8099 time: 5.3552s
INFO:root:Epoch: 3610 lr: 0.01 train_loss: 590316.6250 train_mapscore: 0.8099 time: 4.9700s
INFO:root:Epoch: 3615 lr: 0.01 train_loss: 590315.6250 train_mapscore: 0.8099 time: 5.4580s
INFO:root:Epoch: 3620 lr: 0.01 train_loss: 590314.6250 train_mapscore: 0.8099 time: 4.8522s
INFO:root:Epoch: 3625 lr: 0.01 train_loss: 590313.6250 train_mapscore: 0.8099 time: 5.0184s
INFO:root:Epoch: 3630 lr: 0.01 train_loss: 590312.6250 train_mapscore: 0.8099 time: 4.8510s
INFO:root:Epoch: 3635 lr: 0.01 train_loss: 590311.6250 train_mapscore: 0.8099 time: 4.8217s
INFO:root:Epoch: 3640 lr: 0.01 train_loss: 590310.6875 train_mapscore: 0.8099 time: 4.7814s
INFO:root:Epoch: 3645 lr: 0.01 train_loss: 590309.7500 train_mapscore: 0.8099 time: 4.8608s
INFO:root:Epoch: 3650 lr: 0.01 train_loss: 590308.7500 train_mapscore: 0.8099 time: 4.9562s
INFO:root:Epoch: 3655 lr: 0.01 train_loss: 590307.8125 train_mapscore: 0.8099 time: 5.0015s
INFO:root:Epoch: 3660 lr: 0.01 train_loss: 590306.8750 train_mapscore: 0.8099 time: 5.1092s
INFO:root:Epoch: 3665 lr: 0.01 train_loss: 590305.9375 train_mapscore: 0.8099 time: 5.6646s
INFO:root:Epoch: 3670 lr: 0.01 train_loss: 590305.0000 train_mapscore: 0.8099 time: 5.1219s
INFO:root:Epoch: 3675 lr: 0.01 train_loss: 590304.1250 train_mapscore: 0.8099 time: 5.0621s
INFO:root:Epoch: 3680 lr: 0.01 train_loss: 590303.1875 train_mapscore: 0.8099 time: 4.8826s
INFO:root:Epoch: 3685 lr: 0.01 train_loss: 590302.3125 train_mapscore: 0.8099 time: 4.8290s
INFO:root:Epoch: 3690 lr: 0.01 train_loss: 590301.3750 train_mapscore: 0.8099 time: 4.8264s
INFO:root:Epoch: 3695 lr: 0.01 train_loss: 590300.4375 train_mapscore: 0.8099 time: 4.8644s
INFO:root:Epoch: 3700 lr: 0.01 train_loss: 590299.5625 train_mapscore: 0.8100 time: 4.8972s
INFO:root:Epoch: 3705 lr: 0.01 train_loss: 590298.6875 train_mapscore: 0.8099 time: 4.8134s
INFO:root:Epoch: 3710 lr: 0.01 train_loss: 590297.8125 train_mapscore: 0.8099 time: 4.9138s
INFO:root:Epoch: 3715 lr: 0.01 train_loss: 590296.8750 train_mapscore: 0.8100 time: 4.9539s
INFO:root:Epoch: 3720 lr: 0.01 train_loss: 590296.0625 train_mapscore: 0.8100 time: 5.1430s
INFO:root:Epoch: 3725 lr: 0.01 train_loss: 590295.1875 train_mapscore: 0.8100 time: 4.9878s
INFO:root:Epoch: 3730 lr: 0.01 train_loss: 590294.3750 train_mapscore: 0.8100 time: 4.9436s
INFO:root:Epoch: 3735 lr: 0.01 train_loss: 590293.5000 train_mapscore: 0.8100 time: 4.9444s
INFO:root:Epoch: 3740 lr: 0.01 train_loss: 590292.6250 train_mapscore: 0.8099 time: 4.9407s
INFO:root:Epoch: 3745 lr: 0.01 train_loss: 590291.7500 train_mapscore: 0.8099 time: 4.9703s
INFO:root:Epoch: 3750 lr: 0.01 train_loss: 590290.9375 train_mapscore: 0.8099 time: 5.1410s
INFO:root:Epoch: 3755 lr: 0.01 train_loss: 590290.1250 train_mapscore: 0.8099 time: 4.9384s
INFO:root:Epoch: 3760 lr: 0.01 train_loss: 590289.3125 train_mapscore: 0.8099 time: 4.8756s
INFO:root:Epoch: 3765 lr: 0.01 train_loss: 590288.5000 train_mapscore: 0.8099 time: 4.7858s
INFO:root:Epoch: 3770 lr: 0.01 train_loss: 590287.6875 train_mapscore: 0.8099 time: 5.4899s
INFO:root:Epoch: 3775 lr: 0.01 train_loss: 590286.8750 train_mapscore: 0.8099 time: 4.9938s
INFO:root:Epoch: 3780 lr: 0.01 train_loss: 590286.0625 train_mapscore: 0.8099 time: 4.8142s
INFO:root:Epoch: 3785 lr: 0.01 train_loss: 590285.3125 train_mapscore: 0.8099 time: 5.6318s
INFO:root:Epoch: 3790 lr: 0.01 train_loss: 590284.5000 train_mapscore: 0.8100 time: 4.8300s
INFO:root:Epoch: 3795 lr: 0.01 train_loss: 590283.7500 train_mapscore: 0.8100 time: 4.8136s
INFO:root:Epoch: 3800 lr: 0.01 train_loss: 590282.9375 train_mapscore: 0.8100 time: 5.0756s
INFO:root:Epoch: 3805 lr: 0.01 train_loss: 590282.1875 train_mapscore: 0.8100 time: 5.1283s
INFO:root:Epoch: 3810 lr: 0.01 train_loss: 590281.3750 train_mapscore: 0.8100 time: 5.3411s
INFO:root:Epoch: 3815 lr: 0.01 train_loss: 590280.6250 train_mapscore: 0.8100 time: 4.8997s
INFO:root:Epoch: 3820 lr: 0.01 train_loss: 590279.8750 train_mapscore: 0.8100 time: 4.9151s
INFO:root:Epoch: 3825 lr: 0.01 train_loss: 590279.1250 train_mapscore: 0.8100 time: 4.8702s
INFO:root:Epoch: 3830 lr: 0.01 train_loss: 590278.3750 train_mapscore: 0.8100 time: 4.7995s
INFO:root:Epoch: 3835 lr: 0.01 train_loss: 590277.6250 train_mapscore: 0.8101 time: 4.8350s
INFO:root:Epoch: 3840 lr: 0.01 train_loss: 590276.8750 train_mapscore: 0.8101 time: 5.0642s
INFO:root:Epoch: 3845 lr: 0.01 train_loss: 590276.1250 train_mapscore: 0.8101 time: 5.6166s
INFO:root:Epoch: 3850 lr: 0.01 train_loss: 590275.4375 train_mapscore: 0.8101 time: 4.8008s
INFO:root:Epoch: 3855 lr: 0.01 train_loss: 590274.6875 train_mapscore: 0.8101 time: 4.8473s
INFO:root:Epoch: 3860 lr: 0.01 train_loss: 590274.0000 train_mapscore: 0.8101 time: 4.9628s
INFO:root:Epoch: 3865 lr: 0.01 train_loss: 590273.2500 train_mapscore: 0.8102 time: 4.9722s
INFO:root:Epoch: 3870 lr: 0.01 train_loss: 590272.5625 train_mapscore: 0.8102 time: 4.9159s
INFO:root:Epoch: 3875 lr: 0.01 train_loss: 590271.8750 train_mapscore: 0.8102 time: 4.7769s
INFO:root:Epoch: 3880 lr: 0.01 train_loss: 590271.1250 train_mapscore: 0.8102 time: 4.8674s
INFO:root:Epoch: 3885 lr: 0.01 train_loss: 590270.3750 train_mapscore: 0.8102 time: 5.0109s
INFO:root:Epoch: 3890 lr: 0.01 train_loss: 590269.6875 train_mapscore: 0.8102 time: 4.7952s
INFO:root:Epoch: 3895 lr: 0.01 train_loss: 590269.0625 train_mapscore: 0.8102 time: 5.0592s
INFO:root:Epoch: 3900 lr: 0.01 train_loss: 590268.3125 train_mapscore: 0.8102 time: 5.1214s
INFO:root:Epoch: 3905 lr: 0.01 train_loss: 590267.6875 train_mapscore: 0.8102 time: 5.3111s
INFO:root:Epoch: 3910 lr: 0.01 train_loss: 590267.0000 train_mapscore: 0.8102 time: 4.8698s
INFO:root:Epoch: 3915 lr: 0.01 train_loss: 590266.2500 train_mapscore: 0.8102 time: 4.7261s
INFO:root:Epoch: 3920 lr: 0.01 train_loss: 590265.6250 train_mapscore: 0.8102 time: 5.1973s
INFO:root:Epoch: 3925 lr: 0.01 train_loss: 590264.9375 train_mapscore: 0.8102 time: 5.0821s
INFO:root:Epoch: 3930 lr: 0.01 train_loss: 590264.2500 train_mapscore: 0.8102 time: 4.9305s
INFO:root:Epoch: 3935 lr: 0.01 train_loss: 590263.6250 train_mapscore: 0.8102 time: 5.5741s
INFO:root:Epoch: 3940 lr: 0.01 train_loss: 590262.9375 train_mapscore: 0.8102 time: 4.8869s
INFO:root:Epoch: 3945 lr: 0.01 train_loss: 590262.3125 train_mapscore: 0.8102 time: 4.9913s
INFO:root:Epoch: 3950 lr: 0.01 train_loss: 590261.6250 train_mapscore: 0.8102 time: 4.7730s
INFO:root:Epoch: 3955 lr: 0.01 train_loss: 590260.9375 train_mapscore: 0.8102 time: 4.8544s
INFO:root:Epoch: 3960 lr: 0.01 train_loss: 590260.2500 train_mapscore: 0.8102 time: 5.5524s
INFO:root:Epoch: 3965 lr: 0.01 train_loss: 590259.6875 train_mapscore: 0.8102 time: 4.8887s
INFO:root:Epoch: 3970 lr: 0.01 train_loss: 590259.0000 train_mapscore: 0.8102 time: 5.0158s
INFO:root:Epoch: 3975 lr: 0.01 train_loss: 590258.3750 train_mapscore: 0.8102 time: 5.0995s
INFO:root:Epoch: 3980 lr: 0.01 train_loss: 590257.6875 train_mapscore: 0.8102 time: 5.0490s
INFO:root:Epoch: 3985 lr: 0.01 train_loss: 590257.0000 train_mapscore: 0.8102 time: 5.1067s
INFO:root:Epoch: 3990 lr: 0.01 train_loss: 590256.4375 train_mapscore: 0.8102 time: 5.0195s
INFO:root:Epoch: 3995 lr: 0.01 train_loss: 590255.7500 train_mapscore: 0.8102 time: 4.9769s
INFO:root:Epoch: 4000 lr: 0.01 train_loss: 590255.1250 train_mapscore: 0.8102 time: 4.9915s
INFO:root:Epoch: 4005 lr: 0.01 train_loss: 590254.5000 train_mapscore: 0.8102 time: 4.8209s
INFO:root:Epoch: 4010 lr: 0.01 train_loss: 590253.9375 train_mapscore: 0.8102 time: 5.3764s
INFO:root:Epoch: 4015 lr: 0.01 train_loss: 590253.2500 train_mapscore: 0.8102 time: 5.1138s
INFO:root:Epoch: 4020 lr: 0.01 train_loss: 590252.6875 train_mapscore: 0.8102 time: 5.6470s
INFO:root:Epoch: 4025 lr: 0.01 train_loss: 590252.0000 train_mapscore: 0.8102 time: 5.2023s
INFO:root:Epoch: 4030 lr: 0.01 train_loss: 590251.3750 train_mapscore: 0.8102 time: 5.4195s
INFO:root:Epoch: 4035 lr: 0.01 train_loss: 590250.8125 train_mapscore: 0.8102 time: 5.0953s
INFO:root:Epoch: 4040 lr: 0.01 train_loss: 590250.1875 train_mapscore: 0.8102 time: 4.8812s
INFO:root:Epoch: 4045 lr: 0.01 train_loss: 590249.6250 train_mapscore: 0.8102 time: 5.1008s
INFO:root:Epoch: 4050 lr: 0.01 train_loss: 590249.0000 train_mapscore: 0.8103 time: 4.8737s
INFO:root:Epoch: 4055 lr: 0.01 train_loss: 590248.3750 train_mapscore: 0.8103 time: 4.8388s
INFO:root:Epoch: 4060 lr: 0.01 train_loss: 590247.7500 train_mapscore: 0.8103 time: 4.7308s
INFO:root:Epoch: 4065 lr: 0.01 train_loss: 590247.1875 train_mapscore: 0.8103 time: 4.9252s
INFO:root:Epoch: 4070 lr: 0.01 train_loss: 590246.5625 train_mapscore: 0.8103 time: 4.9194s
INFO:root:Epoch: 4075 lr: 0.01 train_loss: 590246.0000 train_mapscore: 0.8103 time: 5.0972s
INFO:root:Epoch: 4080 lr: 0.01 train_loss: 590245.3750 train_mapscore: 0.8103 time: 4.9062s
INFO:root:Epoch: 4085 lr: 0.01 train_loss: 590244.8125 train_mapscore: 0.8103 time: 4.8580s
INFO:root:Epoch: 4090 lr: 0.01 train_loss: 590244.1875 train_mapscore: 0.8102 time: 4.7647s
INFO:root:Epoch: 4095 lr: 0.01 train_loss: 590243.5625 train_mapscore: 0.8102 time: 4.8925s
INFO:root:Epoch: 4100 lr: 0.01 train_loss: 590243.0000 train_mapscore: 0.8102 time: 5.0875s
INFO:root:Epoch: 4105 lr: 0.01 train_loss: 590242.4375 train_mapscore: 0.8102 time: 4.8694s
INFO:root:Epoch: 4110 lr: 0.01 train_loss: 590241.8750 train_mapscore: 0.8102 time: 4.8772s
INFO:root:Epoch: 4115 lr: 0.01 train_loss: 590241.2500 train_mapscore: 0.8102 time: 4.8844s
INFO:root:Epoch: 4120 lr: 0.01 train_loss: 590240.6250 train_mapscore: 0.8102 time: 4.7461s
INFO:root:Epoch: 4125 lr: 0.01 train_loss: 590240.0625 train_mapscore: 0.8102 time: 5.0956s
INFO:root:Epoch: 4130 lr: 0.01 train_loss: 590239.4375 train_mapscore: 0.8102 time: 4.9502s
INFO:root:Epoch: 4135 lr: 0.01 train_loss: 590238.9375 train_mapscore: 0.8102 time: 4.8781s
INFO:root:Epoch: 4140 lr: 0.01 train_loss: 590238.3125 train_mapscore: 0.8102 time: 4.8830s
INFO:root:Epoch: 4145 lr: 0.01 train_loss: 590237.7500 train_mapscore: 0.8102 time: 4.8548s
INFO:root:Epoch: 4150 lr: 0.01 train_loss: 590237.1250 train_mapscore: 0.8102 time: 4.8860s
INFO:root:Epoch: 4155 lr: 0.01 train_loss: 590236.5625 train_mapscore: 0.8102 time: 5.0018s
INFO:root:Epoch: 4160 lr: 0.01 train_loss: 590236.0000 train_mapscore: 0.8102 time: 4.9130s
INFO:root:Epoch: 4165 lr: 0.01 train_loss: 590235.4375 train_mapscore: 0.8102 time: 5.5337s
INFO:root:Epoch: 4170 lr: 0.01 train_loss: 590234.8750 train_mapscore: 0.8101 time: 5.1542s
INFO:root:Epoch: 4175 lr: 0.01 train_loss: 590234.2500 train_mapscore: 0.8101 time: 5.6549s
INFO:root:Epoch: 4180 lr: 0.01 train_loss: 590233.6250 train_mapscore: 0.8100 time: 5.1064s
INFO:root:Epoch: 4185 lr: 0.01 train_loss: 590233.0000 train_mapscore: 0.8101 time: 5.5562s
INFO:root:Epoch: 4190 lr: 0.01 train_loss: 590232.4375 train_mapscore: 0.8101 time: 5.1941s
INFO:root:Epoch: 4195 lr: 0.01 train_loss: 590231.8750 train_mapscore: 0.8101 time: 5.5614s
INFO:root:Epoch: 4200 lr: 0.01 train_loss: 590231.3125 train_mapscore: 0.8101 time: 5.3260s
INFO:root:Epoch: 4205 lr: 0.01 train_loss: 590230.6875 train_mapscore: 0.8101 time: 5.0622s
INFO:root:Epoch: 4210 lr: 0.01 train_loss: 590230.0625 train_mapscore: 0.8101 time: 5.3034s
INFO:root:Epoch: 4215 lr: 0.01 train_loss: 590229.5000 train_mapscore: 0.8101 time: 5.4085s
INFO:root:Epoch: 4220 lr: 0.01 train_loss: 590228.8750 train_mapscore: 0.8101 time: 5.7260s
INFO:root:Epoch: 4225 lr: 0.01 train_loss: 590228.3125 train_mapscore: 0.8101 time: 5.6805s
INFO:root:Epoch: 4230 lr: 0.01 train_loss: 590227.7500 train_mapscore: 0.8101 time: 5.1018s
INFO:root:Epoch: 4235 lr: 0.01 train_loss: 590227.1250 train_mapscore: 0.8101 time: 5.1397s
INFO:root:Epoch: 4240 lr: 0.01 train_loss: 590226.5000 train_mapscore: 0.8101 time: 5.1622s
INFO:root:Epoch: 4245 lr: 0.01 train_loss: 590225.9375 train_mapscore: 0.8101 time: 5.1307s
INFO:root:Epoch: 4250 lr: 0.01 train_loss: 590225.3750 train_mapscore: 0.8101 time: 5.0485s
INFO:root:Epoch: 4255 lr: 0.01 train_loss: 590224.8125 train_mapscore: 0.8101 time: 5.1797s
INFO:root:Epoch: 4260 lr: 0.01 train_loss: 590224.1875 train_mapscore: 0.8101 time: 5.1550s
INFO:root:Epoch: 4265 lr: 0.01 train_loss: 590223.6875 train_mapscore: 0.8101 time: 5.0589s
INFO:root:Epoch: 4270 lr: 0.01 train_loss: 590223.1250 train_mapscore: 0.8101 time: 5.2593s
INFO:root:Epoch: 4275 lr: 0.01 train_loss: 590222.5000 train_mapscore: 0.8100 time: 5.0007s
INFO:root:Epoch: 4280 lr: 0.01 train_loss: 590221.9375 train_mapscore: 0.8101 time: 4.9009s
INFO:root:Epoch: 4285 lr: 0.01 train_loss: 590221.3750 train_mapscore: 0.8101 time: 5.0138s
INFO:root:Epoch: 4290 lr: 0.01 train_loss: 590220.8125 train_mapscore: 0.8101 time: 5.1632s
INFO:root:Epoch: 4295 lr: 0.01 train_loss: 590220.3125 train_mapscore: 0.8101 time: 4.9467s
INFO:root:Epoch: 4300 lr: 0.01 train_loss: 590219.7500 train_mapscore: 0.8101 time: 5.0116s
INFO:root:Epoch: 4305 lr: 0.01 train_loss: 590219.1875 train_mapscore: 0.8101 time: 5.0684s
INFO:root:Epoch: 4310 lr: 0.01 train_loss: 590218.6250 train_mapscore: 0.8101 time: 5.0302s
INFO:root:Epoch: 4315 lr: 0.01 train_loss: 590218.1250 train_mapscore: 0.8101 time: 4.9866s
INFO:root:Epoch: 4320 lr: 0.01 train_loss: 590217.5625 train_mapscore: 0.8101 time: 5.0063s
INFO:root:Epoch: 4325 lr: 0.01 train_loss: 590217.0625 train_mapscore: 0.8101 time: 5.0354s
INFO:root:Epoch: 4330 lr: 0.01 train_loss: 590216.5625 train_mapscore: 0.8100 time: 4.9152s
INFO:root:Epoch: 4335 lr: 0.01 train_loss: 590216.0000 train_mapscore: 0.8100 time: 5.0854s
INFO:root:Epoch: 4340 lr: 0.01 train_loss: 590215.5000 train_mapscore: 0.8100 time: 5.0296s
INFO:root:Epoch: 4345 lr: 0.01 train_loss: 590214.9375 train_mapscore: 0.8100 time: 5.0169s
INFO:root:Epoch: 4350 lr: 0.01 train_loss: 590214.3750 train_mapscore: 0.8100 time: 4.8543s
INFO:root:Epoch: 4355 lr: 0.01 train_loss: 590213.8750 train_mapscore: 0.8100 time: 4.9386s
INFO:root:Epoch: 4360 lr: 0.01 train_loss: 590213.4375 train_mapscore: 0.8100 time: 4.9810s
INFO:root:Epoch: 4365 lr: 0.01 train_loss: 590212.8750 train_mapscore: 0.8100 time: 4.9675s
INFO:root:Epoch: 4370 lr: 0.01 train_loss: 590212.3750 train_mapscore: 0.8100 time: 4.7883s
INFO:root:Epoch: 4375 lr: 0.01 train_loss: 590211.9375 train_mapscore: 0.8100 time: 4.8583s
INFO:root:Epoch: 4380 lr: 0.01 train_loss: 590211.3750 train_mapscore: 0.8100 time: 5.1885s
INFO:root:Epoch: 4385 lr: 0.01 train_loss: 590210.8750 train_mapscore: 0.8100 time: 5.0974s
INFO:root:Epoch: 4390 lr: 0.01 train_loss: 590210.3750 train_mapscore: 0.8100 time: 5.0141s
INFO:root:Epoch: 4395 lr: 0.01 train_loss: 590209.8750 train_mapscore: 0.8100 time: 5.1263s
INFO:root:Epoch: 4400 lr: 0.01 train_loss: 590209.3125 train_mapscore: 0.8100 time: 5.1025s
INFO:root:Epoch: 4405 lr: 0.01 train_loss: 590208.8750 train_mapscore: 0.8100 time: 4.9876s
INFO:root:Epoch: 4410 lr: 0.01 train_loss: 590208.3750 train_mapscore: 0.8100 time: 5.5754s
INFO:root:Epoch: 4415 lr: 0.01 train_loss: 590207.8125 train_mapscore: 0.8100 time: 5.2809s
INFO:root:Epoch: 4420 lr: 0.01 train_loss: 590207.3750 train_mapscore: 0.8100 time: 4.9294s
INFO:root:Epoch: 4425 lr: 0.01 train_loss: 590206.8750 train_mapscore: 0.8100 time: 5.1006s
INFO:root:Epoch: 4430 lr: 0.01 train_loss: 590206.3750 train_mapscore: 0.8101 time: 5.1396s
INFO:root:Epoch: 4435 lr: 0.01 train_loss: 590205.8750 train_mapscore: 0.8100 time: 4.9472s
INFO:root:Epoch: 4440 lr: 0.01 train_loss: 590205.3750 train_mapscore: 0.8101 time: 5.2697s
INFO:root:Epoch: 4445 lr: 0.01 train_loss: 590204.8125 train_mapscore: 0.8101 time: 5.1842s
INFO:root:Epoch: 4450 lr: 0.01 train_loss: 590204.3125 train_mapscore: 0.8101 time: 5.1577s
INFO:root:Epoch: 4455 lr: 0.01 train_loss: 590203.8125 train_mapscore: 0.8101 time: 4.9457s
INFO:root:Epoch: 4460 lr: 0.01 train_loss: 590203.3125 train_mapscore: 0.8100 time: 4.9583s
INFO:root:Epoch: 4465 lr: 0.01 train_loss: 590202.8125 train_mapscore: 0.8100 time: 5.2994s
INFO:root:Epoch: 4470 lr: 0.01 train_loss: 590202.3125 train_mapscore: 0.8100 time: 4.9821s
INFO:root:Epoch: 4475 lr: 0.01 train_loss: 590201.7500 train_mapscore: 0.8100 time: 4.9355s
INFO:root:Epoch: 4480 lr: 0.01 train_loss: 590201.1875 train_mapscore: 0.8100 time: 4.9305s
INFO:root:Epoch: 4485 lr: 0.01 train_loss: 590200.6875 train_mapscore: 0.8100 time: 4.9226s
INFO:root:Epoch: 4490 lr: 0.01 train_loss: 590200.1875 train_mapscore: 0.8100 time: 5.0138s
INFO:root:Epoch: 4495 lr: 0.01 train_loss: 590199.5625 train_mapscore: 0.8100 time: 4.9380s
INFO:root:Epoch: 4500 lr: 0.01 train_loss: 590199.0000 train_mapscore: 0.8100 time: 4.9737s
INFO:root:Epoch: 4505 lr: 0.01 train_loss: 590198.4375 train_mapscore: 0.8100 time: 4.9375s
INFO:root:Epoch: 4510 lr: 0.01 train_loss: 590197.8750 train_mapscore: 0.8100 time: 4.9717s
INFO:root:Epoch: 4515 lr: 0.01 train_loss: 590197.1875 train_mapscore: 0.8101 time: 5.1998s
INFO:root:Epoch: 4520 lr: 0.01 train_loss: 590196.6250 train_mapscore: 0.8101 time: 5.0028s
INFO:root:Epoch: 4525 lr: 0.01 train_loss: 590196.0000 train_mapscore: 0.8101 time: 4.9877s
INFO:root:Epoch: 4530 lr: 0.01 train_loss: 590195.3750 train_mapscore: 0.8101 time: 4.8320s
INFO:root:Epoch: 4535 lr: 0.01 train_loss: 590194.8750 train_mapscore: 0.8100 time: 5.0085s
INFO:root:Epoch: 4540 lr: 0.01 train_loss: 590194.2500 train_mapscore: 0.8100 time: 4.8948s
INFO:root:Epoch: 4545 lr: 0.01 train_loss: 590193.6875 train_mapscore: 0.8100 time: 4.8398s
INFO:root:Epoch: 4550 lr: 0.01 train_loss: 590193.1875 train_mapscore: 0.8100 time: 4.8930s
INFO:root:Epoch: 4555 lr: 0.01 train_loss: 590192.6250 train_mapscore: 0.8100 time: 5.1319s
INFO:root:Epoch: 4560 lr: 0.01 train_loss: 590192.1250 train_mapscore: 0.8100 time: 5.0528s
INFO:root:Epoch: 4565 lr: 0.01 train_loss: 590191.6250 train_mapscore: 0.8100 time: 4.8304s
INFO:root:Epoch: 4570 lr: 0.01 train_loss: 590191.0625 train_mapscore: 0.8100 time: 5.1447s
INFO:root:Epoch: 4575 lr: 0.01 train_loss: 590190.6250 train_mapscore: 0.8100 time: 5.2325s
INFO:root:Epoch: 4580 lr: 0.01 train_loss: 590190.1250 train_mapscore: 0.8100 time: 5.0235s
INFO:root:Epoch: 4585 lr: 0.01 train_loss: 590189.5625 train_mapscore: 0.8100 time: 5.1146s
INFO:root:Epoch: 4590 lr: 0.01 train_loss: 590189.0625 train_mapscore: 0.8100 time: 4.8007s
INFO:root:Epoch: 4595 lr: 0.01 train_loss: 590188.5625 train_mapscore: 0.8100 time: 5.0780s
INFO:root:Epoch: 4600 lr: 0.01 train_loss: 590188.0000 train_mapscore: 0.8100 time: 5.0643s
INFO:root:Epoch: 4605 lr: 0.01 train_loss: 590187.5625 train_mapscore: 0.8100 time: 5.0320s
INFO:root:Epoch: 4610 lr: 0.01 train_loss: 590187.0625 train_mapscore: 0.8100 time: 4.9881s
INFO:root:Epoch: 4615 lr: 0.01 train_loss: 590186.5625 train_mapscore: 0.8100 time: 5.0088s
INFO:root:Epoch: 4620 lr: 0.01 train_loss: 590186.0000 train_mapscore: 0.8100 time: 5.0938s
INFO:root:Epoch: 4625 lr: 0.01 train_loss: 590185.5000 train_mapscore: 0.8100 time: 5.1362s
INFO:root:Epoch: 4630 lr: 0.01 train_loss: 590185.0000 train_mapscore: 0.8100 time: 5.2484s
INFO:root:Epoch: 4635 lr: 0.01 train_loss: 590184.4375 train_mapscore: 0.8100 time: 5.1002s
INFO:root:Epoch: 4640 lr: 0.01 train_loss: 590184.0000 train_mapscore: 0.8100 time: 4.8148s
INFO:root:Epoch: 4645 lr: 0.01 train_loss: 590183.4375 train_mapscore: 0.8100 time: 4.9774s
INFO:root:Epoch: 4650 lr: 0.01 train_loss: 590182.9375 train_mapscore: 0.8100 time: 4.7196s
INFO:root:Epoch: 4655 lr: 0.01 train_loss: 590182.4375 train_mapscore: 0.8100 time: 4.8579s
INFO:root:Epoch: 4660 lr: 0.01 train_loss: 590181.8750 train_mapscore: 0.8100 time: 4.9807s
INFO:root:Epoch: 4665 lr: 0.01 train_loss: 590181.3750 train_mapscore: 0.8100 time: 4.9430s
INFO:root:Epoch: 4670 lr: 0.01 train_loss: 590180.8125 train_mapscore: 0.8100 time: 4.9555s
INFO:root:Epoch: 4675 lr: 0.01 train_loss: 590180.3125 train_mapscore: 0.8100 time: 4.8698s
INFO:root:Epoch: 4680 lr: 0.01 train_loss: 590179.8125 train_mapscore: 0.8100 time: 4.9440s
INFO:root:Epoch: 4685 lr: 0.01 train_loss: 590179.2500 train_mapscore: 0.8100 time: 4.8838s
INFO:root:Epoch: 4690 lr: 0.01 train_loss: 590178.7500 train_mapscore: 0.8099 time: 5.0757s
INFO:root:Epoch: 4695 lr: 0.01 train_loss: 590178.1875 train_mapscore: 0.8099 time: 5.0223s
INFO:root:Epoch: 4700 lr: 0.01 train_loss: 590177.7500 train_mapscore: 0.8100 time: 4.8502s
INFO:root:Epoch: 4705 lr: 0.01 train_loss: 590177.2500 train_mapscore: 0.8100 time: 5.1151s
INFO:root:Epoch: 4710 lr: 0.01 train_loss: 590176.7500 train_mapscore: 0.8100 time: 4.9649s
INFO:root:Epoch: 4715 lr: 0.01 train_loss: 590176.1875 train_mapscore: 0.8100 time: 4.9569s
INFO:root:Epoch: 4720 lr: 0.01 train_loss: 590175.6875 train_mapscore: 0.8100 time: 4.8814s
INFO:root:Epoch: 4725 lr: 0.01 train_loss: 590175.1875 train_mapscore: 0.8100 time: 4.8490s
INFO:root:Epoch: 4730 lr: 0.01 train_loss: 590174.6250 train_mapscore: 0.8100 time: 4.7814s
INFO:root:Epoch: 4735 lr: 0.01 train_loss: 590174.1875 train_mapscore: 0.8099 time: 4.8490s
INFO:root:Epoch: 4740 lr: 0.01 train_loss: 590173.6875 train_mapscore: 0.8099 time: 4.9568s
INFO:root:Epoch: 4745 lr: 0.01 train_loss: 590173.1875 train_mapscore: 0.8099 time: 4.8733s
INFO:root:Epoch: 4750 lr: 0.01 train_loss: 590172.6250 train_mapscore: 0.8099 time: 4.8217s
INFO:root:Epoch: 4755 lr: 0.01 train_loss: 590172.1875 train_mapscore: 0.8099 time: 4.8338s
INFO:root:Epoch: 4760 lr: 0.01 train_loss: 590171.6875 train_mapscore: 0.8098 time: 5.0732s
INFO:root:Epoch: 4765 lr: 0.01 train_loss: 590171.1875 train_mapscore: 0.8098 time: 5.0260s
INFO:root:Epoch: 4770 lr: 0.01 train_loss: 590170.7500 train_mapscore: 0.8098 time: 4.9599s
INFO:root:Epoch: 4775 lr: 0.01 train_loss: 590170.1875 train_mapscore: 0.8098 time: 5.1695s
INFO:root:Epoch: 4780 lr: 0.01 train_loss: 590169.6875 train_mapscore: 0.8098 time: 5.1776s
INFO:root:Epoch: 4785 lr: 0.01 train_loss: 590169.2500 train_mapscore: 0.8098 time: 5.0546s
INFO:root:Epoch: 4790 lr: 0.01 train_loss: 590168.7500 train_mapscore: 0.8097 time: 4.7556s
INFO:root:Epoch: 4795 lr: 0.01 train_loss: 590168.2500 train_mapscore: 0.8098 time: 4.9711s
INFO:root:Epoch: 4800 lr: 0.01 train_loss: 590167.7500 train_mapscore: 0.8098 time: 5.0524s
INFO:root:Epoch: 4805 lr: 0.01 train_loss: 590167.2500 train_mapscore: 0.8098 time: 5.1280s
INFO:root:Epoch: 4810 lr: 0.01 train_loss: 590166.7500 train_mapscore: 0.8098 time: 5.1711s
INFO:root:Epoch: 4815 lr: 0.01 train_loss: 590166.2500 train_mapscore: 0.8098 time: 5.1030s
INFO:root:Epoch: 4820 lr: 0.01 train_loss: 590165.7500 train_mapscore: 0.8098 time: 4.8295s
INFO:root:Epoch: 4825 lr: 0.01 train_loss: 590165.3125 train_mapscore: 0.8098 time: 4.9441s
INFO:root:Epoch: 4830 lr: 0.01 train_loss: 590164.8125 train_mapscore: 0.8098 time: 4.9538s
INFO:root:Epoch: 4835 lr: 0.01 train_loss: 590164.2500 train_mapscore: 0.8098 time: 4.9817s
INFO:root:Epoch: 4840 lr: 0.01 train_loss: 590163.8125 train_mapscore: 0.8098 time: 5.0199s
INFO:root:Epoch: 4845 lr: 0.01 train_loss: 590163.3125 train_mapscore: 0.8098 time: 5.1365s
INFO:root:Epoch: 4850 lr: 0.01 train_loss: 590162.8125 train_mapscore: 0.8098 time: 4.8000s
INFO:root:Epoch: 4855 lr: 0.01 train_loss: 590162.3750 train_mapscore: 0.8098 time: 5.0583s
INFO:root:Epoch: 4860 lr: 0.01 train_loss: 590161.9375 train_mapscore: 0.8099 time: 5.2075s
INFO:root:Epoch: 4865 lr: 0.01 train_loss: 590161.3750 train_mapscore: 0.8098 time: 4.9548s
INFO:root:Epoch: 4870 lr: 0.01 train_loss: 590161.0000 train_mapscore: 0.8098 time: 5.0014s
INFO:root:Epoch: 4875 lr: 0.01 train_loss: 590160.5000 train_mapscore: 0.8098 time: 5.0686s
INFO:root:Epoch: 4880 lr: 0.01 train_loss: 590160.0000 train_mapscore: 0.8098 time: 5.5094s
INFO:root:Epoch: 4885 lr: 0.01 train_loss: 590159.5625 train_mapscore: 0.8098 time: 4.8483s
INFO:root:Epoch: 4890 lr: 0.01 train_loss: 590159.0625 train_mapscore: 0.8098 time: 5.0138s
INFO:root:Epoch: 4895 lr: 0.01 train_loss: 590158.6250 train_mapscore: 0.8098 time: 5.1736s
INFO:root:Epoch: 4900 lr: 0.01 train_loss: 590158.1875 train_mapscore: 0.8098 time: 5.1839s
INFO:root:Epoch: 4905 lr: 0.01 train_loss: 590157.7500 train_mapscore: 0.8098 time: 4.9354s
INFO:root:Epoch: 4910 lr: 0.01 train_loss: 590157.2500 train_mapscore: 0.8098 time: 5.1758s
INFO:root:Epoch: 4915 lr: 0.01 train_loss: 590156.7500 train_mapscore: 0.8098 time: 5.2980s
INFO:root:Epoch: 4920 lr: 0.01 train_loss: 590156.3750 train_mapscore: 0.8098 time: 5.2057s
INFO:root:Epoch: 4925 lr: 0.01 train_loss: 590155.8750 train_mapscore: 0.8099 time: 4.8990s
INFO:root:Epoch: 4930 lr: 0.01 train_loss: 590155.4375 train_mapscore: 0.8099 time: 5.1391s
INFO:root:Epoch: 4935 lr: 0.01 train_loss: 590154.9375 train_mapscore: 0.8099 time: 5.0579s
INFO:root:Epoch: 4940 lr: 0.01 train_loss: 590154.5625 train_mapscore: 0.8099 time: 5.3650s
INFO:root:Epoch: 4945 lr: 0.01 train_loss: 590154.1250 train_mapscore: 0.8099 time: 5.0295s
INFO:root:Epoch: 4950 lr: 0.01 train_loss: 590153.6250 train_mapscore: 0.8099 time: 4.9371s
INFO:root:Epoch: 4955 lr: 0.01 train_loss: 590153.1875 train_mapscore: 0.8099 time: 5.4300s
INFO:root:Epoch: 4960 lr: 0.01 train_loss: 590152.7500 train_mapscore: 0.8099 time: 5.1048s
INFO:root:Epoch: 4965 lr: 0.01 train_loss: 590152.3125 train_mapscore: 0.8099 time: 5.5361s
INFO:root:Epoch: 4970 lr: 0.01 train_loss: 590151.8750 train_mapscore: 0.8099 time: 5.1008s
INFO:root:Epoch: 4975 lr: 0.01 train_loss: 590151.3750 train_mapscore: 0.8099 time: 5.3450s
INFO:root:Epoch: 4980 lr: 0.01 train_loss: 590150.9375 train_mapscore: 0.8099 time: 5.0572s
INFO:root:Epoch: 4985 lr: 0.01 train_loss: 590150.5000 train_mapscore: 0.8099 time: 5.2098s
INFO:root:Epoch: 4990 lr: 0.01 train_loss: 590150.0625 train_mapscore: 0.8099 time: 4.8429s
INFO:root:Epoch: 4995 lr: 0.01 train_loss: 590149.6250 train_mapscore: 0.8098 time: 4.9446s
INFO:root:Epoch: 5000 lr: 0.0025 train_loss: 590149.1250 train_mapscore: 0.8099 time: 4.9610s
INFO:root:Optimization Finished!
INFO:root:Total time elapsed: 25294.2963s
INFO:root:Val set results: val_distortion: 1.0000 val_mapscore: -1.0000
INFO:root:Test set results: test_loss: 590149.0000 test_mapscore: 0.8099
INFO:root:Saved model in /home/xiongbo/hgcn/logs/md/2021_4_8/2
