INFO:root:Using: cuda:0
INFO:root:Using seed 1234.
INFO:root:LPModel(
  (encoder): HGCN(
    (layers): Sequential(
      (0): HyperbolicGraphConvolution(
        (linear): HypLinear(in_features=1434, out_features=16, c=tensor([-1.], device='cuda:0', grad_fn=<CopyBackwards>))
        (agg): HypAgg(c=tensor([-1.], device='cuda:0', grad_fn=<CopyBackwards>))
        (hyp_act): HypAct(c_in=tensor([-1.], device='cuda:0', grad_fn=<CopyBackwards>), c_out=tensor([-1.], device='cuda:0', grad_fn=<CopyBackwards>))
      )
      (1): HyperbolicGraphConvolution(
        (linear): HypLinear(in_features=16, out_features=16, c=tensor([-1.], device='cuda:0', grad_fn=<CopyBackwards>))
        (agg): HypAgg(c=tensor([-1.], device='cuda:0', grad_fn=<CopyBackwards>))
        (hyp_act): HypAct(c_in=tensor([-1.], device='cuda:0', grad_fn=<CopyBackwards>), c_out=tensor([-1.], device='cuda:0', grad_fn=<CopyBackwards>))
      )
    )
  )
  (dc): FermiDiracDecoder()
)
INFO:root:Total number of parameters: 23232
/workspace/anaconda3/envs/geo/lib/python3.7/site-packages/torch/optim/lr_scheduler.py:370: UserWarning: To get the last learning rate computed by the scheduler, please use `get_last_lr()`.
  "please use `get_last_lr()`.", UserWarning)
INFO:root:Epoch: 0005 lr: 0.01 train_loss: 2.2501 train_roc: 0.9362 train_ap: 0.9234 time: 0.7506s
INFO:root:Epoch: 0005 val_loss: 2.2522 val_roc: 0.7696 val_ap: 0.7755
INFO:root:Epoch: 0010 lr: 0.01 train_loss: 2.2441 train_roc: 0.9530 train_ap: 0.9439 time: 0.7738s
INFO:root:Epoch: 0010 val_loss: 2.2471 val_roc: 0.8145 val_ap: 0.8250
INFO:root:Epoch: 0015 lr: 0.01 train_loss: 2.2381 train_roc: 0.9420 train_ap: 0.9308 time: 0.7497s
INFO:root:Epoch: 0015 val_loss: 2.2319 val_roc: 0.8361 val_ap: 0.8418
INFO:root:Epoch: 0020 lr: 0.01 train_loss: 2.1743 train_roc: 0.9632 train_ap: 0.9588 time: 0.7566s
INFO:root:Epoch: 0020 val_loss: 2.1921 val_roc: 0.8454 val_ap: 0.8489
INFO:root:Epoch: 0025 lr: 0.01 train_loss: 2.1413 train_roc: 0.9547 train_ap: 0.9387 time: 0.7475s
INFO:root:Epoch: 0025 val_loss: 2.1066 val_roc: 0.8479 val_ap: 0.8546
INFO:root:Epoch: 0030 lr: 0.01 train_loss: 1.9443 train_roc: 0.9540 train_ap: 0.9435 time: 0.7270s
INFO:root:Epoch: 0030 val_loss: 1.8992 val_roc: 0.8471 val_ap: 0.8518
INFO:root:Epoch: 0035 lr: 0.01 train_loss: 1.4848 train_roc: 0.9652 train_ap: 0.9640 time: 0.7855s
INFO:root:Epoch: 0035 val_loss: 1.4979 val_roc: 0.8457 val_ap: 0.8510
INFO:root:Epoch: 0040 lr: 0.01 train_loss: 0.7762 train_roc: 0.9644 train_ap: 0.9593 time: 0.7466s
INFO:root:Epoch: 0040 val_loss: 1.0822 val_roc: 0.8480 val_ap: 0.8508
INFO:root:Epoch: 0045 lr: 0.01 train_loss: 0.6110 train_roc: 0.9587 train_ap: 0.9543 time: 0.7460s
INFO:root:Epoch: 0045 val_loss: 1.2411 val_roc: 0.8519 val_ap: 0.8548
INFO:root:Epoch: 0050 lr: 0.01 train_loss: 0.5901 train_roc: 0.9633 train_ap: 0.9584 time: 0.7358s
INFO:root:Epoch: 0050 val_loss: 1.1869 val_roc: 0.8530 val_ap: 0.8583
INFO:root:Epoch: 0055 lr: 0.01 train_loss: 0.6491 train_roc: 0.9570 train_ap: 0.9527 time: 0.8017s
INFO:root:Epoch: 0055 val_loss: 1.2057 val_roc: 0.8530 val_ap: 0.8597
INFO:root:Epoch: 0060 lr: 0.01 train_loss: 0.6679 train_roc: 0.9475 train_ap: 0.9428 time: 0.8362s
INFO:root:Epoch: 0060 val_loss: 1.1952 val_roc: 0.8538 val_ap: 0.8620
INFO:root:Epoch: 0065 lr: 0.01 train_loss: 0.5025 train_roc: 0.9699 train_ap: 0.9631 time: 0.7424s
INFO:root:Epoch: 0065 val_loss: 1.1597 val_roc: 0.8548 val_ap: 0.8630
INFO:root:Epoch: 0070 lr: 0.01 train_loss: 0.5321 train_roc: 0.9669 train_ap: 0.9633 time: 0.7301s
INFO:root:Epoch: 0070 val_loss: 1.0938 val_roc: 0.8552 val_ap: 0.8632
INFO:root:Epoch: 0075 lr: 0.01 train_loss: 0.7256 train_roc: 0.9646 train_ap: 0.9557 time: 0.7832s
INFO:root:Epoch: 0075 val_loss: 1.0759 val_roc: 0.8556 val_ap: 0.8629
INFO:root:Epoch: 0080 lr: 0.01 train_loss: 0.5011 train_roc: 0.9710 train_ap: 0.9650 time: 0.7415s
INFO:root:Epoch: 0080 val_loss: 1.0818 val_roc: 0.8557 val_ap: 0.8628
INFO:root:Epoch: 0085 lr: 0.01 train_loss: 0.5898 train_roc: 0.9628 train_ap: 0.9558 time: 0.7512s
INFO:root:Epoch: 0085 val_loss: 1.1036 val_roc: 0.8562 val_ap: 0.8612
INFO:root:Epoch: 0090 lr: 0.01 train_loss: 0.6286 train_roc: 0.9558 train_ap: 0.9431 time: 0.7700s
INFO:root:Epoch: 0090 val_loss: 1.1388 val_roc: 0.8569 val_ap: 0.8604
INFO:root:Epoch: 0095 lr: 0.01 train_loss: 0.6867 train_roc: 0.9596 train_ap: 0.9509 time: 0.7693s
INFO:root:Epoch: 0095 val_loss: 1.1920 val_roc: 0.8577 val_ap: 0.8604
INFO:root:Epoch: 0100 lr: 0.01 train_loss: 0.6062 train_roc: 0.9541 train_ap: 0.9460 time: 0.8009s
INFO:root:Epoch: 0100 val_loss: 1.2563 val_roc: 0.8589 val_ap: 0.8612
INFO:root:Epoch: 0105 lr: 0.01 train_loss: 0.5829 train_roc: 0.9682 train_ap: 0.9607 time: 0.8384s
INFO:root:Epoch: 0105 val_loss: 1.3121 val_roc: 0.8601 val_ap: 0.8620
INFO:root:Epoch: 0110 lr: 0.01 train_loss: 0.5380 train_roc: 0.9632 train_ap: 0.9505 time: 0.7730s
INFO:root:Epoch: 0110 val_loss: 1.3315 val_roc: 0.8609 val_ap: 0.8613
INFO:root:Epoch: 0115 lr: 0.01 train_loss: 0.5234 train_roc: 0.9696 train_ap: 0.9664 time: 0.7374s
INFO:root:Epoch: 0115 val_loss: 1.3334 val_roc: 0.8618 val_ap: 0.8618
INFO:root:Epoch: 0120 lr: 0.01 train_loss: 0.4943 train_roc: 0.9715 train_ap: 0.9659 time: 0.7502s
INFO:root:Epoch: 0120 val_loss: 1.3389 val_roc: 0.8626 val_ap: 0.8627
INFO:root:Epoch: 0125 lr: 0.01 train_loss: 0.5089 train_roc: 0.9682 train_ap: 0.9597 time: 0.7353s
INFO:root:Epoch: 0125 val_loss: 1.3166 val_roc: 0.8633 val_ap: 0.8632
INFO:root:Epoch: 0130 lr: 0.01 train_loss: 0.5026 train_roc: 0.9711 train_ap: 0.9686 time: 0.7230s
INFO:root:Epoch: 0130 val_loss: 1.2556 val_roc: 0.8640 val_ap: 0.8635
INFO:root:Epoch: 0135 lr: 0.01 train_loss: 0.5043 train_roc: 0.9715 train_ap: 0.9673 time: 0.7401s
INFO:root:Epoch: 0135 val_loss: 1.1907 val_roc: 0.8644 val_ap: 0.8630
INFO:root:Epoch: 0140 lr: 0.01 train_loss: 0.5028 train_roc: 0.9757 train_ap: 0.9712 time: 0.7375s
INFO:root:Epoch: 0140 val_loss: 1.1612 val_roc: 0.8649 val_ap: 0.8635
INFO:root:Epoch: 0145 lr: 0.01 train_loss: 0.5600 train_roc: 0.9713 train_ap: 0.9661 time: 0.7605s
INFO:root:Epoch: 0145 val_loss: 1.1603 val_roc: 0.8654 val_ap: 0.8639
INFO:root:Epoch: 0150 lr: 0.01 train_loss: 0.7431 train_roc: 0.9658 train_ap: 0.9579 time: 0.7586s
INFO:root:Epoch: 0150 val_loss: 1.2118 val_roc: 0.8664 val_ap: 0.8645
INFO:root:Epoch: 0155 lr: 0.01 train_loss: 0.5842 train_roc: 0.9774 train_ap: 0.9753 time: 0.7450s
INFO:root:Epoch: 0155 val_loss: 1.2200 val_roc: 0.8672 val_ap: 0.8652
INFO:root:Epoch: 0160 lr: 0.01 train_loss: 0.5343 train_roc: 0.9699 train_ap: 0.9632 time: 0.7518s
INFO:root:Epoch: 0160 val_loss: 1.2174 val_roc: 0.8695 val_ap: 0.8698
INFO:root:Epoch: 0165 lr: 0.01 train_loss: 0.5208 train_roc: 0.9671 train_ap: 0.9583 time: 0.7497s
INFO:root:Epoch: 0165 val_loss: 1.1564 val_roc: 0.8705 val_ap: 0.8725
INFO:root:Epoch: 0170 lr: 0.01 train_loss: 0.6073 train_roc: 0.9637 train_ap: 0.9575 time: 0.7425s
INFO:root:Epoch: 0170 val_loss: 1.0757 val_roc: 0.8717 val_ap: 0.8753
INFO:root:Epoch: 0175 lr: 0.01 train_loss: 0.4977 train_roc: 0.9715 train_ap: 0.9643 time: 0.7431s
INFO:root:Epoch: 0175 val_loss: 1.0641 val_roc: 0.8731 val_ap: 0.8771
INFO:root:Epoch: 0180 lr: 0.01 train_loss: 0.5772 train_roc: 0.9745 train_ap: 0.9679 time: 0.7693s
INFO:root:Epoch: 0180 val_loss: 1.0747 val_roc: 0.8744 val_ap: 0.8788
INFO:root:Epoch: 0185 lr: 0.01 train_loss: 0.4643 train_roc: 0.9755 train_ap: 0.9697 time: 0.7544s
INFO:root:Epoch: 0185 val_loss: 1.1009 val_roc: 0.8769 val_ap: 0.8807
INFO:root:Epoch: 0190 lr: 0.01 train_loss: 0.7838 train_roc: 0.9528 train_ap: 0.9404 time: 0.7801s
INFO:root:Epoch: 0190 val_loss: 1.1413 val_roc: 0.8785 val_ap: 0.8823
INFO:root:Epoch: 0195 lr: 0.01 train_loss: 0.6353 train_roc: 0.9707 train_ap: 0.9644 time: 0.7812s
INFO:root:Epoch: 0195 val_loss: 1.1954 val_roc: 0.8798 val_ap: 0.8831
INFO:root:Epoch: 0200 lr: 0.01 train_loss: 0.5264 train_roc: 0.9689 train_ap: 0.9650 time: 0.7488s
INFO:root:Epoch: 0200 val_loss: 1.1981 val_roc: 0.8805 val_ap: 0.8828
INFO:root:Epoch: 0205 lr: 0.01 train_loss: 0.5163 train_roc: 0.9633 train_ap: 0.9510 time: 0.7581s
INFO:root:Epoch: 0205 val_loss: 1.2182 val_roc: 0.8811 val_ap: 0.8834
INFO:root:Epoch: 0210 lr: 0.01 train_loss: 0.4616 train_roc: 0.9777 train_ap: 0.9726 time: 0.8090s
INFO:root:Epoch: 0210 val_loss: 1.2058 val_roc: 0.8818 val_ap: 0.8840
INFO:root:Epoch: 0215 lr: 0.01 train_loss: 0.6197 train_roc: 0.9603 train_ap: 0.9519 time: 0.7577s
INFO:root:Epoch: 0215 val_loss: 1.2206 val_roc: 0.8826 val_ap: 0.8840
INFO:root:Epoch: 0220 lr: 0.01 train_loss: 0.5008 train_roc: 0.9673 train_ap: 0.9560 time: 0.8189s
INFO:root:Epoch: 0220 val_loss: 1.2477 val_roc: 0.8833 val_ap: 0.8846
INFO:root:Epoch: 0225 lr: 0.01 train_loss: 0.5277 train_roc: 0.9630 train_ap: 0.9497 time: 0.7902s
INFO:root:Epoch: 0225 val_loss: 1.2607 val_roc: 0.8837 val_ap: 0.8850
INFO:root:Epoch: 0230 lr: 0.01 train_loss: 0.5101 train_roc: 0.9714 train_ap: 0.9649 time: 0.7641s
INFO:root:Epoch: 0230 val_loss: 1.2466 val_roc: 0.8842 val_ap: 0.8853
INFO:root:Epoch: 0235 lr: 0.01 train_loss: 0.4935 train_roc: 0.9725 train_ap: 0.9681 time: 0.7412s
INFO:root:Epoch: 0235 val_loss: 1.1973 val_roc: 0.8845 val_ap: 0.8853
INFO:root:Epoch: 0240 lr: 0.01 train_loss: 0.4872 train_roc: 0.9766 train_ap: 0.9703 time: 0.7683s
INFO:root:Epoch: 0240 val_loss: 1.1389 val_roc: 0.8850 val_ap: 0.8856
INFO:root:Epoch: 0245 lr: 0.01 train_loss: 0.4716 train_roc: 0.9774 train_ap: 0.9750 time: 0.7480s
INFO:root:Epoch: 0245 val_loss: 1.0828 val_roc: 0.8857 val_ap: 0.8864
INFO:root:Epoch: 0250 lr: 0.01 train_loss: 0.4602 train_roc: 0.9789 train_ap: 0.9756 time: 0.7459s
INFO:root:Epoch: 0250 val_loss: 1.0684 val_roc: 0.8873 val_ap: 0.8860
INFO:root:Epoch: 0255 lr: 0.01 train_loss: 0.5081 train_roc: 0.9672 train_ap: 0.9602 time: 0.8461s
INFO:root:Epoch: 0255 val_loss: 1.0642 val_roc: 0.8884 val_ap: 0.8859
INFO:root:Epoch: 0260 lr: 0.01 train_loss: 0.5860 train_roc: 0.9624 train_ap: 0.9531 time: 0.7420s
INFO:root:Epoch: 0260 val_loss: 1.0896 val_roc: 0.8892 val_ap: 0.8870
INFO:root:Epoch: 0265 lr: 0.01 train_loss: 0.6639 train_roc: 0.9464 train_ap: 0.9316 time: 0.7750s
INFO:root:Epoch: 0265 val_loss: 1.1318 val_roc: 0.8898 val_ap: 0.8873
INFO:root:Epoch: 0270 lr: 0.01 train_loss: 0.5064 train_roc: 0.9690 train_ap: 0.9632 time: 0.7679s
INFO:root:Epoch: 0270 val_loss: 1.1458 val_roc: 0.8904 val_ap: 0.8886
INFO:root:Epoch: 0275 lr: 0.01 train_loss: 0.5078 train_roc: 0.9733 train_ap: 0.9680 time: 0.7471s
INFO:root:Epoch: 0275 val_loss: 1.1485 val_roc: 0.8908 val_ap: 0.8889
INFO:root:Epoch: 0280 lr: 0.01 train_loss: 0.6702 train_roc: 0.9750 train_ap: 0.9690 time: 0.7375s
INFO:root:Epoch: 0280 val_loss: 1.1612 val_roc: 0.8912 val_ap: 0.8892
INFO:root:Epoch: 0285 lr: 0.01 train_loss: 0.4915 train_roc: 0.9736 train_ap: 0.9650 time: 0.7679s
INFO:root:Epoch: 0285 val_loss: 1.1238 val_roc: 0.8915 val_ap: 0.8894
INFO:root:Epoch: 0290 lr: 0.01 train_loss: 0.4690 train_roc: 0.9763 train_ap: 0.9713 time: 0.7704s
INFO:root:Epoch: 0290 val_loss: 1.1256 val_roc: 0.8918 val_ap: 0.8897
INFO:root:Epoch: 0295 lr: 0.01 train_loss: 0.4634 train_roc: 0.9745 train_ap: 0.9669 time: 0.7464s
INFO:root:Epoch: 0295 val_loss: 1.1172 val_roc: 0.8921 val_ap: 0.8899
INFO:root:Epoch: 0300 lr: 0.01 train_loss: 0.5372 train_roc: 0.9686 train_ap: 0.9659 time: 0.7427s
INFO:root:Epoch: 0300 val_loss: 1.1161 val_roc: 0.8925 val_ap: 0.8900
INFO:root:Epoch: 0305 lr: 0.01 train_loss: 0.4289 train_roc: 0.9810 train_ap: 0.9760 time: 0.7887s
INFO:root:Epoch: 0305 val_loss: 1.1005 val_roc: 0.8926 val_ap: 0.8901
INFO:root:Epoch: 0310 lr: 0.01 train_loss: 0.4678 train_roc: 0.9767 train_ap: 0.9693 time: 0.7866s
INFO:root:Epoch: 0310 val_loss: 1.0480 val_roc: 0.8926 val_ap: 0.8898
INFO:root:Epoch: 0315 lr: 0.01 train_loss: 0.4988 train_roc: 0.9702 train_ap: 0.9640 time: 0.8550s
INFO:root:Epoch: 0315 val_loss: 1.0024 val_roc: 0.8930 val_ap: 0.8896
INFO:root:Epoch: 0320 lr: 0.01 train_loss: 0.4380 train_roc: 0.9806 train_ap: 0.9765 time: 0.7386s
INFO:root:Epoch: 0320 val_loss: 1.0120 val_roc: 0.8944 val_ap: 0.8910
INFO:root:Epoch: 0325 lr: 0.01 train_loss: 0.4733 train_roc: 0.9763 train_ap: 0.9700 time: 0.7452s
INFO:root:Epoch: 0325 val_loss: 1.0520 val_roc: 0.8953 val_ap: 0.8928
INFO:root:Epoch: 0330 lr: 0.01 train_loss: 0.6441 train_roc: 0.9773 train_ap: 0.9686 time: 0.7349s
INFO:root:Epoch: 0330 val_loss: 1.0782 val_roc: 0.8957 val_ap: 0.8936
INFO:root:Epoch: 0335 lr: 0.01 train_loss: 0.4711 train_roc: 0.9755 train_ap: 0.9684 time: 0.7455s
INFO:root:Epoch: 0335 val_loss: 1.0865 val_roc: 0.8959 val_ap: 0.8938
INFO:root:Epoch: 0340 lr: 0.01 train_loss: 0.4714 train_roc: 0.9742 train_ap: 0.9650 time: 0.7466s
INFO:root:Epoch: 0340 val_loss: 1.1162 val_roc: 0.8961 val_ap: 0.8949
INFO:root:Epoch: 0345 lr: 0.01 train_loss: 0.4800 train_roc: 0.9739 train_ap: 0.9660 time: 0.7550s
INFO:root:Epoch: 0345 val_loss: 1.1489 val_roc: 0.8956 val_ap: 0.8943
INFO:root:Epoch: 0350 lr: 0.01 train_loss: 0.4366 train_roc: 0.9803 train_ap: 0.9743 time: 0.7735s
INFO:root:Epoch: 0350 val_loss: 1.1880 val_roc: 0.8947 val_ap: 0.8934
INFO:root:Epoch: 0355 lr: 0.01 train_loss: 0.4567 train_roc: 0.9804 train_ap: 0.9740 time: 0.7720s
INFO:root:Epoch: 0355 val_loss: 1.1544 val_roc: 0.8942 val_ap: 0.8936
INFO:root:Epoch: 0360 lr: 0.01 train_loss: 0.4729 train_roc: 0.9775 train_ap: 0.9714 time: 0.7425s
INFO:root:Epoch: 0360 val_loss: 1.0938 val_roc: 0.8941 val_ap: 0.8938
INFO:root:Epoch: 0365 lr: 0.01 train_loss: 0.4907 train_roc: 0.9795 train_ap: 0.9737 time: 0.7730s
INFO:root:Epoch: 0365 val_loss: 1.0704 val_roc: 0.8939 val_ap: 0.8937
INFO:root:Epoch: 0370 lr: 0.01 train_loss: 0.4579 train_roc: 0.9779 train_ap: 0.9732 time: 0.7573s
INFO:root:Epoch: 0370 val_loss: 1.0469 val_roc: 0.8939 val_ap: 0.8935
INFO:root:Epoch: 0375 lr: 0.01 train_loss: 0.5068 train_roc: 0.9714 train_ap: 0.9631 time: 0.9050s
INFO:root:Epoch: 0375 val_loss: 1.0388 val_roc: 0.8941 val_ap: 0.8937
INFO:root:Epoch: 0380 lr: 0.01 train_loss: 0.5124 train_roc: 0.9736 train_ap: 0.9661 time: 0.7433s
INFO:root:Epoch: 0380 val_loss: 1.0518 val_roc: 0.8947 val_ap: 0.8947
INFO:root:Epoch: 0385 lr: 0.01 train_loss: 0.4594 train_roc: 0.9801 train_ap: 0.9760 time: 0.8092s
INFO:root:Epoch: 0385 val_loss: 1.0783 val_roc: 0.8956 val_ap: 0.8960
INFO:root:Epoch: 0390 lr: 0.01 train_loss: 0.4627 train_roc: 0.9791 train_ap: 0.9758 time: 0.7489s
INFO:root:Epoch: 0390 val_loss: 1.0933 val_roc: 0.8962 val_ap: 0.8965
INFO:root:Epoch: 0395 lr: 0.01 train_loss: 0.5250 train_roc: 0.9715 train_ap: 0.9637 time: 0.7589s
INFO:root:Epoch: 0395 val_loss: 1.1280 val_roc: 0.8966 val_ap: 0.8968
INFO:root:Epoch: 0400 lr: 0.01 train_loss: 0.4918 train_roc: 0.9771 train_ap: 0.9711 time: 0.7499s
INFO:root:Epoch: 0400 val_loss: 1.1720 val_roc: 0.8966 val_ap: 0.8972
INFO:root:Epoch: 0405 lr: 0.01 train_loss: 0.4624 train_roc: 0.9733 train_ap: 0.9648 time: 0.7393s
INFO:root:Epoch: 0405 val_loss: 1.1828 val_roc: 0.8964 val_ap: 0.8965
INFO:root:Epoch: 0410 lr: 0.01 train_loss: 0.5226 train_roc: 0.9679 train_ap: 0.9622 time: 0.7739s
INFO:root:Epoch: 0410 val_loss: 1.2067 val_roc: 0.8960 val_ap: 0.8958
INFO:root:Epoch: 0415 lr: 0.01 train_loss: 0.4872 train_roc: 0.9740 train_ap: 0.9689 time: 0.7617s
INFO:root:Epoch: 0415 val_loss: 1.1511 val_roc: 0.8960 val_ap: 0.8955
INFO:root:Epoch: 0420 lr: 0.01 train_loss: 0.4740 train_roc: 0.9799 train_ap: 0.9736 time: 0.7546s
INFO:root:Epoch: 0420 val_loss: 1.1227 val_roc: 0.8962 val_ap: 0.8957
INFO:root:Epoch: 0425 lr: 0.01 train_loss: 0.4822 train_roc: 0.9758 train_ap: 0.9715 time: 0.7427s
INFO:root:Epoch: 0425 val_loss: 1.0814 val_roc: 0.8963 val_ap: 0.8957
INFO:root:Epoch: 0430 lr: 0.01 train_loss: 0.4486 train_roc: 0.9791 train_ap: 0.9768 time: 0.7095s
INFO:root:Epoch: 0430 val_loss: 1.0660 val_roc: 0.8966 val_ap: 0.8958
INFO:root:Epoch: 0435 lr: 0.01 train_loss: 0.4359 train_roc: 0.9771 train_ap: 0.9673 time: 0.7460s
INFO:root:Epoch: 0435 val_loss: 1.0369 val_roc: 0.8969 val_ap: 0.8960
INFO:root:Epoch: 0440 lr: 0.01 train_loss: 0.4400 train_roc: 0.9774 train_ap: 0.9694 time: 0.7777s
INFO:root:Epoch: 0440 val_loss: 1.0105 val_roc: 0.8969 val_ap: 0.8958
INFO:root:Epoch: 0445 lr: 0.01 train_loss: 0.5172 train_roc: 0.9632 train_ap: 0.9487 time: 0.7470s
INFO:root:Epoch: 0445 val_loss: 1.0053 val_roc: 0.8970 val_ap: 0.8955
INFO:root:Epoch: 0450 lr: 0.01 train_loss: 0.4238 train_roc: 0.9801 train_ap: 0.9738 time: 0.7690s
INFO:root:Epoch: 0450 val_loss: 1.0176 val_roc: 0.8975 val_ap: 0.8959
INFO:root:Epoch: 0455 lr: 0.01 train_loss: 0.4232 train_roc: 0.9819 train_ap: 0.9774 time: 0.8429s
INFO:root:Epoch: 0455 val_loss: 1.0554 val_roc: 0.8976 val_ap: 0.8964
INFO:root:Epoch: 0460 lr: 0.01 train_loss: 0.5065 train_roc: 0.9783 train_ap: 0.9710 time: 0.8014s
INFO:root:Epoch: 0460 val_loss: 1.0758 val_roc: 0.8977 val_ap: 0.8967
INFO:root:Epoch: 0465 lr: 0.01 train_loss: 0.4177 train_roc: 0.9826 train_ap: 0.9757 time: 0.7614s
INFO:root:Epoch: 0465 val_loss: 1.0192 val_roc: 0.8974 val_ap: 0.8962
INFO:root:Epoch: 0470 lr: 0.01 train_loss: 0.4716 train_roc: 0.9766 train_ap: 0.9698 time: 0.7481s
INFO:root:Epoch: 0470 val_loss: 0.9933 val_roc: 0.8971 val_ap: 0.8958
INFO:root:Epoch: 0475 lr: 0.01 train_loss: 0.4902 train_roc: 0.9687 train_ap: 0.9591 time: 0.7458s
INFO:root:Epoch: 0475 val_loss: 0.9958 val_roc: 0.8971 val_ap: 0.8961
INFO:root:Epoch: 0480 lr: 0.01 train_loss: 0.4609 train_roc: 0.9816 train_ap: 0.9789 time: 0.7404s
INFO:root:Epoch: 0480 val_loss: 1.0095 val_roc: 0.8972 val_ap: 0.8961
INFO:root:Epoch: 0485 lr: 0.01 train_loss: 0.4593 train_roc: 0.9719 train_ap: 0.9612 time: 0.7391s
INFO:root:Epoch: 0485 val_loss: 1.0186 val_roc: 0.8975 val_ap: 0.8967
INFO:root:Epoch: 0490 lr: 0.01 train_loss: 0.4336 train_roc: 0.9814 train_ap: 0.9769 time: 0.7481s
INFO:root:Epoch: 0490 val_loss: 1.0395 val_roc: 0.8976 val_ap: 0.8967
INFO:root:Epoch: 0495 lr: 0.01 train_loss: 0.5250 train_roc: 0.9753 train_ap: 0.9691 time: 0.7360s
INFO:root:Epoch: 0495 val_loss: 1.0481 val_roc: 0.8978 val_ap: 0.8972
INFO:root:Epoch: 0500 lr: 0.01 train_loss: 0.5166 train_roc: 0.9721 train_ap: 0.9629 time: 0.7585s
INFO:root:Epoch: 0500 val_loss: 1.0176 val_roc: 0.8979 val_ap: 0.8974
INFO:root:Epoch: 0505 lr: 0.01 train_loss: 0.4373 train_roc: 0.9793 train_ap: 0.9740 time: 0.7651s
INFO:root:Epoch: 0505 val_loss: 1.0338 val_roc: 0.8985 val_ap: 0.8980
INFO:root:Epoch: 0510 lr: 0.01 train_loss: 0.4695 train_roc: 0.9791 train_ap: 0.9746 time: 0.7751s
INFO:root:Epoch: 0510 val_loss: 1.0437 val_roc: 0.8991 val_ap: 0.8987
INFO:root:Epoch: 0515 lr: 0.01 train_loss: 0.5143 train_roc: 0.9706 train_ap: 0.9641 time: 0.7307s
INFO:root:Epoch: 0515 val_loss: 1.0597 val_roc: 0.8994 val_ap: 0.8992
INFO:root:Epoch: 0520 lr: 0.01 train_loss: 0.4716 train_roc: 0.9802 train_ap: 0.9739 time: 0.7288s
INFO:root:Epoch: 0520 val_loss: 1.0563 val_roc: 0.8996 val_ap: 0.8995
INFO:root:Epoch: 0525 lr: 0.01 train_loss: 0.5457 train_roc: 0.9784 train_ap: 0.9748 time: 0.7457s
INFO:root:Epoch: 0525 val_loss: 1.0373 val_roc: 0.8997 val_ap: 0.8994
INFO:root:Epoch: 0530 lr: 0.01 train_loss: 0.4649 train_roc: 0.9817 train_ap: 0.9766 time: 0.7948s
INFO:root:Epoch: 0530 val_loss: 1.0120 val_roc: 0.9001 val_ap: 0.9003
INFO:root:Epoch: 0535 lr: 0.01 train_loss: 0.4271 train_roc: 0.9823 train_ap: 0.9782 time: 0.7032s
INFO:root:Epoch: 0535 val_loss: 0.9656 val_roc: 0.9004 val_ap: 0.9008
INFO:root:Epoch: 0540 lr: 0.01 train_loss: 0.4942 train_roc: 0.9671 train_ap: 0.9551 time: 0.7734s
INFO:root:Epoch: 0540 val_loss: 0.9443 val_roc: 0.9004 val_ap: 0.9007
INFO:root:Epoch: 0545 lr: 0.01 train_loss: 0.4757 train_roc: 0.9797 train_ap: 0.9720 time: 0.8130s
INFO:root:Epoch: 0545 val_loss: 0.9629 val_roc: 0.9006 val_ap: 0.9010
INFO:root:Epoch: 0550 lr: 0.01 train_loss: 0.4510 train_roc: 0.9780 train_ap: 0.9735 time: 0.7365s
INFO:root:Epoch: 0550 val_loss: 0.9916 val_roc: 0.9008 val_ap: 0.9011
INFO:root:Epoch: 0555 lr: 0.01 train_loss: 0.4123 train_roc: 0.9845 train_ap: 0.9793 time: 0.7335s
INFO:root:Epoch: 0555 val_loss: 1.0090 val_roc: 0.9011 val_ap: 0.9014
INFO:root:Epoch: 0560 lr: 0.01 train_loss: 0.4422 train_roc: 0.9795 train_ap: 0.9751 time: 0.7456s
INFO:root:Epoch: 0560 val_loss: 1.0253 val_roc: 0.9012 val_ap: 0.9015
INFO:root:Epoch: 0565 lr: 0.01 train_loss: 0.4821 train_roc: 0.9776 train_ap: 0.9743 time: 0.7299s
INFO:root:Epoch: 0565 val_loss: 1.0829 val_roc: 0.9015 val_ap: 0.9018
INFO:root:Epoch: 0570 lr: 0.01 train_loss: 0.5048 train_roc: 0.9733 train_ap: 0.9713 time: 0.7619s
INFO:root:Epoch: 0570 val_loss: 1.1768 val_roc: 0.9019 val_ap: 0.9024
INFO:root:Epoch: 0575 lr: 0.01 train_loss: 0.5248 train_roc: 0.9833 train_ap: 0.9779 time: 0.7405s
INFO:root:Epoch: 0575 val_loss: 1.1635 val_roc: 0.9024 val_ap: 0.9030
INFO:root:Epoch: 0580 lr: 0.01 train_loss: 0.4484 train_roc: 0.9829 train_ap: 0.9778 time: 0.7458s
INFO:root:Epoch: 0580 val_loss: 1.0765 val_roc: 0.9022 val_ap: 0.9027
INFO:root:Epoch: 0585 lr: 0.01 train_loss: 0.4508 train_roc: 0.9775 train_ap: 0.9726 time: 0.7747s
INFO:root:Epoch: 0585 val_loss: 0.9698 val_roc: 0.9020 val_ap: 0.9025
INFO:root:Epoch: 0590 lr: 0.01 train_loss: 0.4715 train_roc: 0.9792 train_ap: 0.9679 time: 0.7453s
INFO:root:Epoch: 0590 val_loss: 0.9344 val_roc: 0.9019 val_ap: 0.9023
INFO:root:Epoch: 0595 lr: 0.01 train_loss: 0.4296 train_roc: 0.9836 train_ap: 0.9788 time: 0.7427s
INFO:root:Epoch: 0595 val_loss: 0.9426 val_roc: 0.9018 val_ap: 0.9023
INFO:root:Epoch: 0600 lr: 0.01 train_loss: 0.4301 train_roc: 0.9811 train_ap: 0.9732 time: 0.7465s
INFO:root:Epoch: 0600 val_loss: 1.0066 val_roc: 0.9018 val_ap: 0.9023
INFO:root:Epoch: 0605 lr: 0.01 train_loss: 0.4281 train_roc: 0.9812 train_ap: 0.9767 time: 0.7378s
INFO:root:Epoch: 0605 val_loss: 1.0497 val_roc: 0.9016 val_ap: 0.9022
INFO:root:Epoch: 0610 lr: 0.01 train_loss: 0.4454 train_roc: 0.9801 train_ap: 0.9761 time: 0.7462s
INFO:root:Epoch: 0610 val_loss: 1.0882 val_roc: 0.9013 val_ap: 0.9023
INFO:root:Epoch: 0615 lr: 0.01 train_loss: 0.4338 train_roc: 0.9795 train_ap: 0.9741 time: 0.7408s
INFO:root:Epoch: 0615 val_loss: 1.0923 val_roc: 0.9009 val_ap: 0.9020
INFO:root:Epoch: 0620 lr: 0.01 train_loss: 0.4594 train_roc: 0.9746 train_ap: 0.9664 time: 0.7464s
INFO:root:Epoch: 0620 val_loss: 1.0357 val_roc: 0.9004 val_ap: 0.9017
INFO:root:Epoch: 0625 lr: 0.01 train_loss: 0.4376 train_roc: 0.9830 train_ap: 0.9800 time: 0.7478s
INFO:root:Epoch: 0625 val_loss: 0.9916 val_roc: 0.9002 val_ap: 0.9017
INFO:root:Epoch: 0630 lr: 0.01 train_loss: 0.4441 train_roc: 0.9809 train_ap: 0.9758 time: 0.7363s
INFO:root:Epoch: 0630 val_loss: 0.9436 val_roc: 0.9003 val_ap: 0.9017
INFO:root:Epoch: 0635 lr: 0.01 train_loss: 0.4488 train_roc: 0.9803 train_ap: 0.9745 time: 0.7455s
INFO:root:Epoch: 0635 val_loss: 0.9079 val_roc: 0.9004 val_ap: 0.9019
INFO:root:Epoch: 0640 lr: 0.01 train_loss: 0.4454 train_roc: 0.9786 train_ap: 0.9720 time: 0.7215s
INFO:root:Epoch: 0640 val_loss: 0.9068 val_roc: 0.9005 val_ap: 0.9021
INFO:root:Epoch: 0645 lr: 0.01 train_loss: 0.4302 train_roc: 0.9792 train_ap: 0.9713 time: 0.7413s
INFO:root:Epoch: 0645 val_loss: 0.9493 val_roc: 0.9009 val_ap: 0.9025
INFO:root:Epoch: 0650 lr: 0.01 train_loss: 0.5027 train_roc: 0.9841 train_ap: 0.9782 time: 0.7375s
INFO:root:Epoch: 0650 val_loss: 1.0338 val_roc: 0.9018 val_ap: 0.9035
INFO:root:Epoch: 0655 lr: 0.01 train_loss: 0.4145 train_roc: 0.9845 train_ap: 0.9804 time: 0.7324s
INFO:root:Epoch: 0655 val_loss: 1.0705 val_roc: 0.9023 val_ap: 0.9040
INFO:root:Epoch: 0660 lr: 0.01 train_loss: 0.4428 train_roc: 0.9827 train_ap: 0.9796 time: 0.7267s
INFO:root:Epoch: 0660 val_loss: 1.0842 val_roc: 0.9026 val_ap: 0.9041
INFO:root:Epoch: 0665 lr: 0.01 train_loss: 0.4452 train_roc: 0.9838 train_ap: 0.9803 time: 0.7033s
INFO:root:Epoch: 0665 val_loss: 1.0789 val_roc: 0.9023 val_ap: 0.9038
INFO:root:Epoch: 0670 lr: 0.01 train_loss: 0.4330 train_roc: 0.9792 train_ap: 0.9738 time: 0.7335s
INFO:root:Epoch: 0670 val_loss: 1.0771 val_roc: 0.9022 val_ap: 0.9033
INFO:root:Epoch: 0675 lr: 0.01 train_loss: 0.5194 train_roc: 0.9844 train_ap: 0.9802 time: 0.7783s
INFO:root:Epoch: 0675 val_loss: 1.0409 val_roc: 0.9022 val_ap: 0.9032
INFO:root:Epoch: 0680 lr: 0.01 train_loss: 0.4603 train_roc: 0.9778 train_ap: 0.9752 time: 0.7198s
INFO:root:Epoch: 0680 val_loss: 0.9860 val_roc: 0.9022 val_ap: 0.9026
INFO:root:Epoch: 0685 lr: 0.01 train_loss: 0.4208 train_roc: 0.9838 train_ap: 0.9808 time: 0.7322s
INFO:root:Epoch: 0685 val_loss: 1.0018 val_roc: 0.9025 val_ap: 0.9028
INFO:root:Epoch: 0690 lr: 0.01 train_loss: 0.4145 train_roc: 0.9832 train_ap: 0.9787 time: 0.7277s
INFO:root:Epoch: 0690 val_loss: 1.0289 val_roc: 0.9030 val_ap: 0.9031
INFO:root:Epoch: 0695 lr: 0.01 train_loss: 0.4396 train_roc: 0.9790 train_ap: 0.9722 time: 0.7065s
INFO:root:Epoch: 0695 val_loss: 1.0645 val_roc: 0.9035 val_ap: 0.9035
INFO:root:Epoch: 0700 lr: 0.01 train_loss: 0.4318 train_roc: 0.9821 train_ap: 0.9785 time: 0.7505s
INFO:root:Epoch: 0700 val_loss: 1.1100 val_roc: 0.9037 val_ap: 0.9038
INFO:root:Epoch: 0705 lr: 0.01 train_loss: 0.4567 train_roc: 0.9806 train_ap: 0.9756 time: 0.7246s
INFO:root:Epoch: 0705 val_loss: 1.1278 val_roc: 0.9042 val_ap: 0.9042
INFO:root:Epoch: 0710 lr: 0.01 train_loss: 0.4904 train_roc: 0.9834 train_ap: 0.9808 time: 0.7295s
INFO:root:Epoch: 0710 val_loss: 1.1151 val_roc: 0.9043 val_ap: 0.9046
INFO:root:Epoch: 0715 lr: 0.01 train_loss: 0.4385 train_roc: 0.9796 train_ap: 0.9738 time: 0.7306s
INFO:root:Epoch: 0715 val_loss: 1.0628 val_roc: 0.9043 val_ap: 0.9046
INFO:root:Epoch: 0720 lr: 0.01 train_loss: 0.5158 train_roc: 0.9811 train_ap: 0.9731 time: 0.7285s
INFO:root:Epoch: 0720 val_loss: 0.9745 val_roc: 0.9035 val_ap: 0.9040
INFO:root:Epoch: 0725 lr: 0.01 train_loss: 0.4063 train_roc: 0.9863 train_ap: 0.9831 time: 0.6942s
INFO:root:Epoch: 0725 val_loss: 0.9140 val_roc: 0.9033 val_ap: 0.9039
INFO:root:Epoch: 0730 lr: 0.01 train_loss: 0.4171 train_roc: 0.9817 train_ap: 0.9746 time: 0.7352s
INFO:root:Epoch: 0730 val_loss: 0.8854 val_roc: 0.9033 val_ap: 0.9045
INFO:root:Epoch: 0735 lr: 0.01 train_loss: 0.4024 train_roc: 0.9863 train_ap: 0.9838 time: 0.7268s
INFO:root:Epoch: 0735 val_loss: 0.9118 val_roc: 0.9037 val_ap: 0.9044
INFO:root:Epoch: 0740 lr: 0.01 train_loss: 0.4209 train_roc: 0.9827 train_ap: 0.9768 time: 0.7390s
INFO:root:Epoch: 0740 val_loss: 0.9967 val_roc: 0.9047 val_ap: 0.9054
INFO:root:Epoch: 0745 lr: 0.01 train_loss: 0.4738 train_roc: 0.9779 train_ap: 0.9709 time: 0.7393s
INFO:root:Epoch: 0745 val_loss: 1.0594 val_roc: 0.9053 val_ap: 0.9061
INFO:root:Epoch: 0750 lr: 0.01 train_loss: 0.4266 train_roc: 0.9825 train_ap: 0.9766 time: 0.7273s
INFO:root:Epoch: 0750 val_loss: 1.0947 val_roc: 0.9058 val_ap: 0.9066
INFO:root:Epoch: 0755 lr: 0.01 train_loss: 0.4768 train_roc: 0.9854 train_ap: 0.9833 time: 0.7259s
INFO:root:Epoch: 0755 val_loss: 1.0919 val_roc: 0.9062 val_ap: 0.9068
INFO:root:Epoch: 0760 lr: 0.01 train_loss: 0.4332 train_roc: 0.9863 train_ap: 0.9823 time: 0.7271s
INFO:root:Epoch: 0760 val_loss: 1.0146 val_roc: 0.9064 val_ap: 0.9072
INFO:root:Epoch: 0765 lr: 0.01 train_loss: 0.4197 train_roc: 0.9814 train_ap: 0.9767 time: 0.7291s
INFO:root:Epoch: 0765 val_loss: 0.9552 val_roc: 0.9054 val_ap: 0.9040
INFO:root:Epoch: 0770 lr: 0.01 train_loss: 0.4547 train_roc: 0.9827 train_ap: 0.9785 time: 0.7344s
INFO:root:Epoch: 0770 val_loss: 0.9416 val_roc: 0.9038 val_ap: 0.9015
INFO:root:Epoch: 0775 lr: 0.01 train_loss: 0.4574 train_roc: 0.9805 train_ap: 0.9713 time: 0.7331s
INFO:root:Epoch: 0775 val_loss: 0.9160 val_roc: 0.9025 val_ap: 0.9017
INFO:root:Epoch: 0780 lr: 0.01 train_loss: 0.4815 train_roc: 0.9831 train_ap: 0.9791 time: 0.7287s
INFO:root:Epoch: 0780 val_loss: 0.9268 val_roc: 0.9019 val_ap: 0.9010
INFO:root:Epoch: 0785 lr: 0.01 train_loss: 0.4226 train_roc: 0.9838 train_ap: 0.9791 time: 0.7370s
INFO:root:Epoch: 0785 val_loss: 0.9941 val_roc: 0.9014 val_ap: 0.8991
INFO:root:Epoch: 0790 lr: 0.01 train_loss: 0.4452 train_roc: 0.9846 train_ap: 0.9777 time: 0.7321s
INFO:root:Epoch: 0790 val_loss: 1.0724 val_roc: 0.9014 val_ap: 0.8987
INFO:root:Epoch: 0795 lr: 0.01 train_loss: 0.4879 train_roc: 0.9803 train_ap: 0.9740 time: 0.7405s
INFO:root:Epoch: 0795 val_loss: 1.1659 val_roc: 0.9016 val_ap: 0.8990
INFO:root:Epoch: 0800 lr: 0.01 train_loss: 0.4656 train_roc: 0.9781 train_ap: 0.9718 time: 0.7304s
INFO:root:Epoch: 0800 val_loss: 1.0951 val_roc: 0.9015 val_ap: 0.8988
INFO:root:Epoch: 0805 lr: 0.01 train_loss: 0.5098 train_roc: 0.9816 train_ap: 0.9765 time: 0.7525s
INFO:root:Epoch: 0805 val_loss: 1.0067 val_roc: 0.9016 val_ap: 0.8996
INFO:root:Epoch: 0810 lr: 0.01 train_loss: 0.4390 train_roc: 0.9861 train_ap: 0.9857 time: 0.7082s
INFO:root:Epoch: 0810 val_loss: 0.9527 val_roc: 0.9021 val_ap: 0.9023
INFO:root:Epoch: 0815 lr: 0.01 train_loss: 0.4277 train_roc: 0.9822 train_ap: 0.9780 time: 0.7314s
INFO:root:Epoch: 0815 val_loss: 0.9528 val_roc: 0.9022 val_ap: 0.9027
INFO:root:Epoch: 0820 lr: 0.01 train_loss: 0.4330 train_roc: 0.9799 train_ap: 0.9706 time: 0.7318s
INFO:root:Epoch: 0820 val_loss: 0.9954 val_roc: 0.9021 val_ap: 0.9013
INFO:root:Epoch: 0825 lr: 0.01 train_loss: 0.5966 train_roc: 0.9791 train_ap: 0.9752 time: 0.7281s
INFO:root:Epoch: 0825 val_loss: 1.0218 val_roc: 0.9023 val_ap: 0.9012
INFO:root:Epoch: 0830 lr: 0.01 train_loss: 0.4359 train_roc: 0.9809 train_ap: 0.9729 time: 0.7188s
INFO:root:Epoch: 0830 val_loss: 1.0634 val_roc: 0.9023 val_ap: 0.9006
INFO:root:Epoch: 0835 lr: 0.01 train_loss: 0.5232 train_roc: 0.9806 train_ap: 0.9755 time: 0.7350s
INFO:root:Epoch: 0835 val_loss: 1.0420 val_roc: 0.9024 val_ap: 0.9014
INFO:root:Epoch: 0840 lr: 0.01 train_loss: 0.4918 train_roc: 0.9826 train_ap: 0.9776 time: 0.7583s
INFO:root:Epoch: 0840 val_loss: 0.9906 val_roc: 0.9028 val_ap: 0.9033
INFO:root:Epoch: 0845 lr: 0.01 train_loss: 0.4175 train_roc: 0.9842 train_ap: 0.9812 time: 0.7289s
INFO:root:Epoch: 0845 val_loss: 0.9159 val_roc: 0.9036 val_ap: 0.9056
INFO:root:Epoch: 0850 lr: 0.01 train_loss: 0.4207 train_roc: 0.9810 train_ap: 0.9736 time: 0.7363s
INFO:root:Epoch: 0850 val_loss: 0.8756 val_roc: 0.9037 val_ap: 0.9060
INFO:root:Epoch: 0855 lr: 0.01 train_loss: 0.4042 train_roc: 0.9842 train_ap: 0.9779 time: 0.7577s
INFO:root:Epoch: 0855 val_loss: 0.8692 val_roc: 0.9041 val_ap: 0.9067
INFO:root:Early stopping
INFO:root:Optimization Finished!
INFO:root:Total time elapsed: 1029.3562s
INFO:root:Val set results: val_loss: 1.0343 val_roc: 0.9065 val_ap: 0.9072
INFO:root:Test set results: test_loss: 1.0055 test_roc: 0.9200 test_ap: 0.9158
INFO:root:Saved model in /workspace/xiongbo/hgcn/logs/lp/2021_4_22/11
