INFO:root:Using: cuda:0
INFO:root:Using seed 1234.
INFO:root:Num classes: 7
INFO:root:NCModel(
  (encoder): HGCN(
    (layers): Sequential(
      (0): HyperbolicGraphConvolution(
        (linear): HypLinear(in_features=1434, out_features=16, c=tensor([-1.], device='cuda:0', grad_fn=<CopyBackwards>))
        (agg): HypAgg(c=tensor([-1.], device='cuda:0', grad_fn=<CopyBackwards>))
        (hyp_act): HypAct(c_in=tensor([-1.], device='cuda:0', grad_fn=<CopyBackwards>), c_out=tensor([-1.], device='cuda:0', grad_fn=<CopyBackwards>))
      )
    )
  )
  (decoder): LinearDecoder(
    in_features=16, out_features=7, bias=1, c=tensor([-1.], device='cuda:0', grad_fn=<CopyBackwards>)
    (cls): Linear(
      (linear): Linear(in_features=16, out_features=7, bias=True)
    )
  )
)
INFO:root:Total number of parameters: 23079
/workspace/anaconda3/envs/geo/lib/python3.7/site-packages/torch/optim/lr_scheduler.py:370: UserWarning: To get the last learning rate computed by the scheduler, please use `get_last_lr()`.
  "please use `get_last_lr()`.", UserWarning)
INFO:root:Epoch: 0005 lr: 0.01 train_loss: 1.9518 train_acc: 0.1714 train_f1: 0.1714 time: 0.2877s
INFO:root:Epoch: 0005 val_loss: 1.9357 val_acc: 0.1240 val_f1: 0.1240
INFO:root:Epoch: 0010 lr: 0.01 train_loss: 1.9181 train_acc: 0.1786 train_f1: 0.1786 time: 0.3270s
INFO:root:Epoch: 0010 val_loss: 1.9368 val_acc: 0.1560 val_f1: 0.1560
INFO:root:Epoch: 0015 lr: 0.01 train_loss: 1.8871 train_acc: 0.3214 train_f1: 0.3214 time: 0.2842s
INFO:root:Epoch: 0015 val_loss: 1.9280 val_acc: 0.2520 val_f1: 0.2520
INFO:root:Epoch: 0020 lr: 0.01 train_loss: 1.8643 train_acc: 0.3071 train_f1: 0.3071 time: 0.2879s
INFO:root:Epoch: 0020 val_loss: 1.8977 val_acc: 0.3820 val_f1: 0.3820
INFO:root:Epoch: 0025 lr: 0.01 train_loss: 1.8182 train_acc: 0.4357 train_f1: 0.4357 time: 0.2836s
INFO:root:Epoch: 0025 val_loss: 1.8649 val_acc: 0.5000 val_f1: 0.5000
INFO:root:Epoch: 0030 lr: 0.01 train_loss: 1.7677 train_acc: 0.5071 train_f1: 0.5071 time: 0.2917s
INFO:root:Epoch: 0030 val_loss: 1.8449 val_acc: 0.5020 val_f1: 0.5020
INFO:root:Epoch: 0035 lr: 0.01 train_loss: 1.6861 train_acc: 0.5357 train_f1: 0.5357 time: 0.2861s
INFO:root:Epoch: 0035 val_loss: 1.8130 val_acc: 0.4840 val_f1: 0.4840
INFO:root:Epoch: 0040 lr: 0.01 train_loss: 1.5908 train_acc: 0.6214 train_f1: 0.6214 time: 0.2859s
INFO:root:Epoch: 0040 val_loss: 1.7603 val_acc: 0.5920 val_f1: 0.5920
INFO:root:Epoch: 0045 lr: 0.01 train_loss: 1.5854 train_acc: 0.5429 train_f1: 0.5429 time: 0.2878s
INFO:root:Epoch: 0045 val_loss: 1.7099 val_acc: 0.6000 val_f1: 0.6000
INFO:root:Epoch: 0050 lr: 0.01 train_loss: 1.4854 train_acc: 0.5571 train_f1: 0.5571 time: 0.2874s
INFO:root:Epoch: 0050 val_loss: 1.6797 val_acc: 0.5740 val_f1: 0.5740
INFO:root:Epoch: 0055 lr: 0.01 train_loss: 1.3552 train_acc: 0.6214 train_f1: 0.6214 time: 0.2858s
INFO:root:Epoch: 0055 val_loss: 1.6238 val_acc: 0.6520 val_f1: 0.6520
INFO:root:Epoch: 0060 lr: 0.01 train_loss: 1.3836 train_acc: 0.5714 train_f1: 0.5714 time: 0.2887s
INFO:root:Epoch: 0060 val_loss: 1.5492 val_acc: 0.7220 val_f1: 0.7220
INFO:root:Epoch: 0065 lr: 0.01 train_loss: 1.2860 train_acc: 0.5857 train_f1: 0.5857 time: 0.2862s
INFO:root:Epoch: 0065 val_loss: 1.4963 val_acc: 0.7420 val_f1: 0.7420
INFO:root:Epoch: 0070 lr: 0.01 train_loss: 1.2858 train_acc: 0.5286 train_f1: 0.5286 time: 0.2869s
INFO:root:Epoch: 0070 val_loss: 1.4630 val_acc: 0.7300 val_f1: 0.7300
INFO:root:Epoch: 0075 lr: 0.01 train_loss: 1.2412 train_acc: 0.5643 train_f1: 0.5643 time: 0.2856s
INFO:root:Epoch: 0075 val_loss: 1.4023 val_acc: 0.7340 val_f1: 0.7340
INFO:root:Epoch: 0080 lr: 0.01 train_loss: 1.1268 train_acc: 0.5786 train_f1: 0.5786 time: 0.2852s
INFO:root:Epoch: 0080 val_loss: 1.3543 val_acc: 0.7360 val_f1: 0.7360
INFO:root:Epoch: 0085 lr: 0.01 train_loss: 1.1097 train_acc: 0.5929 train_f1: 0.5929 time: 0.2847s
INFO:root:Epoch: 0085 val_loss: 1.3218 val_acc: 0.7180 val_f1: 0.7180
INFO:root:Epoch: 0090 lr: 0.01 train_loss: 1.0848 train_acc: 0.6071 train_f1: 0.6071 time: 0.2882s
INFO:root:Epoch: 0090 val_loss: 1.2771 val_acc: 0.7360 val_f1: 0.7360
INFO:root:Epoch: 0095 lr: 0.01 train_loss: 1.0008 train_acc: 0.6714 train_f1: 0.6714 time: 0.2855s
INFO:root:Epoch: 0095 val_loss: 1.2370 val_acc: 0.7380 val_f1: 0.7380
INFO:root:Epoch: 0100 lr: 0.01 train_loss: 0.9267 train_acc: 0.6286 train_f1: 0.6286 time: 0.2899s
INFO:root:Epoch: 0100 val_loss: 1.1961 val_acc: 0.7280 val_f1: 0.7280
INFO:root:Epoch: 0105 lr: 0.01 train_loss: 0.8190 train_acc: 0.6571 train_f1: 0.6571 time: 0.2853s
INFO:root:Epoch: 0105 val_loss: 1.1597 val_acc: 0.7360 val_f1: 0.7360
INFO:root:Epoch: 0110 lr: 0.01 train_loss: 0.9475 train_acc: 0.6357 train_f1: 0.6357 time: 0.2866s
INFO:root:Epoch: 0110 val_loss: 1.1257 val_acc: 0.7520 val_f1: 0.7520
INFO:root:Epoch: 0115 lr: 0.01 train_loss: 1.0051 train_acc: 0.5786 train_f1: 0.5786 time: 0.2879s
INFO:root:Epoch: 0115 val_loss: 1.0946 val_acc: 0.7580 val_f1: 0.7580
INFO:root:Epoch: 0120 lr: 0.01 train_loss: 0.9916 train_acc: 0.5786 train_f1: 0.5786 time: 0.2846s
INFO:root:Epoch: 0120 val_loss: 1.0707 val_acc: 0.7520 val_f1: 0.7520
INFO:root:Epoch: 0125 lr: 0.01 train_loss: 0.8997 train_acc: 0.6571 train_f1: 0.6571 time: 0.2838s
INFO:root:Epoch: 0125 val_loss: 1.0508 val_acc: 0.7400 val_f1: 0.7400
INFO:root:Epoch: 0130 lr: 0.01 train_loss: 0.7652 train_acc: 0.6714 train_f1: 0.6714 time: 0.2877s
INFO:root:Epoch: 0130 val_loss: 1.0197 val_acc: 0.7580 val_f1: 0.7580
INFO:root:Epoch: 0135 lr: 0.01 train_loss: 0.8920 train_acc: 0.6214 train_f1: 0.6214 time: 0.2839s
INFO:root:Epoch: 0135 val_loss: 1.0089 val_acc: 0.7580 val_f1: 0.7580
INFO:root:Epoch: 0140 lr: 0.01 train_loss: 0.7026 train_acc: 0.6929 train_f1: 0.6929 time: 0.2897s
INFO:root:Epoch: 0140 val_loss: 1.0003 val_acc: 0.7560 val_f1: 0.7560
INFO:root:Epoch: 0145 lr: 0.01 train_loss: 0.8146 train_acc: 0.6786 train_f1: 0.6786 time: 0.2836s
INFO:root:Epoch: 0145 val_loss: 0.9864 val_acc: 0.7540 val_f1: 0.7540
INFO:root:Epoch: 0150 lr: 0.01 train_loss: 0.8823 train_acc: 0.6071 train_f1: 0.6071 time: 0.2846s
INFO:root:Epoch: 0150 val_loss: 0.9674 val_acc: 0.7480 val_f1: 0.7480
INFO:root:Epoch: 0155 lr: 0.01 train_loss: 0.7399 train_acc: 0.6643 train_f1: 0.6643 time: 0.2905s
INFO:root:Epoch: 0155 val_loss: 0.9525 val_acc: 0.7560 val_f1: 0.7560
INFO:root:Epoch: 0160 lr: 0.01 train_loss: 0.7541 train_acc: 0.6786 train_f1: 0.6786 time: 0.3259s
INFO:root:Epoch: 0160 val_loss: 0.9491 val_acc: 0.7620 val_f1: 0.7620
INFO:root:Epoch: 0165 lr: 0.01 train_loss: 0.8183 train_acc: 0.6429 train_f1: 0.6429 time: 0.2847s
INFO:root:Epoch: 0165 val_loss: 0.9569 val_acc: 0.7620 val_f1: 0.7620
INFO:root:Epoch: 0170 lr: 0.01 train_loss: 0.7912 train_acc: 0.6786 train_f1: 0.6786 time: 0.2923s
INFO:root:Epoch: 0170 val_loss: 0.9362 val_acc: 0.7600 val_f1: 0.7600
INFO:root:Epoch: 0175 lr: 0.01 train_loss: 0.7658 train_acc: 0.6214 train_f1: 0.6214 time: 0.2834s
INFO:root:Epoch: 0175 val_loss: 0.9130 val_acc: 0.7460 val_f1: 0.7460
INFO:root:Epoch: 0180 lr: 0.01 train_loss: 0.8833 train_acc: 0.5929 train_f1: 0.5929 time: 0.2878s
INFO:root:Epoch: 0180 val_loss: 0.9060 val_acc: 0.7500 val_f1: 0.7500
INFO:root:Epoch: 0185 lr: 0.01 train_loss: 0.6628 train_acc: 0.7000 train_f1: 0.7000 time: 0.2888s
INFO:root:Epoch: 0185 val_loss: 0.9003 val_acc: 0.7500 val_f1: 0.7500
INFO:root:Epoch: 0190 lr: 0.01 train_loss: 0.7213 train_acc: 0.6571 train_f1: 0.6571 time: 0.2859s
INFO:root:Epoch: 0190 val_loss: 0.8904 val_acc: 0.7600 val_f1: 0.7600
INFO:root:Epoch: 0195 lr: 0.01 train_loss: 0.6739 train_acc: 0.7071 train_f1: 0.7071 time: 0.2870s
INFO:root:Epoch: 0195 val_loss: 0.8822 val_acc: 0.7640 val_f1: 0.7640
INFO:root:Epoch: 0200 lr: 0.01 train_loss: 0.7981 train_acc: 0.6000 train_f1: 0.6000 time: 0.2853s
INFO:root:Epoch: 0200 val_loss: 0.8727 val_acc: 0.7680 val_f1: 0.7680
INFO:root:Epoch: 0205 lr: 0.01 train_loss: 0.7174 train_acc: 0.7143 train_f1: 0.7143 time: 0.2885s
INFO:root:Epoch: 0205 val_loss: 0.8748 val_acc: 0.7600 val_f1: 0.7600
INFO:root:Epoch: 0210 lr: 0.01 train_loss: 0.6651 train_acc: 0.6786 train_f1: 0.6786 time: 0.2917s
INFO:root:Epoch: 0210 val_loss: 0.8743 val_acc: 0.7720 val_f1: 0.7720
INFO:root:Epoch: 0215 lr: 0.01 train_loss: 0.7608 train_acc: 0.6571 train_f1: 0.6571 time: 0.2840s
INFO:root:Epoch: 0215 val_loss: 0.8745 val_acc: 0.7580 val_f1: 0.7580
INFO:root:Epoch: 0220 lr: 0.01 train_loss: 0.6718 train_acc: 0.6929 train_f1: 0.6929 time: 0.2935s
INFO:root:Epoch: 0220 val_loss: 0.8789 val_acc: 0.7460 val_f1: 0.7460
INFO:root:Epoch: 0225 lr: 0.01 train_loss: 0.7688 train_acc: 0.6500 train_f1: 0.6500 time: 0.2851s
INFO:root:Epoch: 0225 val_loss: 0.8559 val_acc: 0.7520 val_f1: 0.7520
INFO:root:Epoch: 0230 lr: 0.01 train_loss: 0.7882 train_acc: 0.6214 train_f1: 0.6214 time: 0.2903s
INFO:root:Epoch: 0230 val_loss: 0.8406 val_acc: 0.7700 val_f1: 0.7700
INFO:root:Epoch: 0235 lr: 0.01 train_loss: 0.7680 train_acc: 0.6000 train_f1: 0.6000 time: 0.2843s
INFO:root:Epoch: 0235 val_loss: 0.8452 val_acc: 0.7720 val_f1: 0.7720
INFO:root:Epoch: 0240 lr: 0.01 train_loss: 0.8225 train_acc: 0.5786 train_f1: 0.5786 time: 0.2866s
INFO:root:Epoch: 0240 val_loss: 0.8581 val_acc: 0.7620 val_f1: 0.7620
INFO:root:Epoch: 0245 lr: 0.01 train_loss: 0.7591 train_acc: 0.6071 train_f1: 0.6071 time: 0.2863s
INFO:root:Epoch: 0245 val_loss: 0.8571 val_acc: 0.7600 val_f1: 0.7600
INFO:root:Epoch: 0250 lr: 0.01 train_loss: 0.7284 train_acc: 0.6643 train_f1: 0.6643 time: 0.2851s
INFO:root:Epoch: 0250 val_loss: 0.8561 val_acc: 0.7560 val_f1: 0.7560
INFO:root:Epoch: 0255 lr: 0.01 train_loss: 0.7316 train_acc: 0.6214 train_f1: 0.6214 time: 0.2865s
INFO:root:Epoch: 0255 val_loss: 0.8410 val_acc: 0.7640 val_f1: 0.7640
INFO:root:Epoch: 0260 lr: 0.01 train_loss: 0.7649 train_acc: 0.6214 train_f1: 0.6214 time: 0.2855s
INFO:root:Epoch: 0260 val_loss: 0.8157 val_acc: 0.7640 val_f1: 0.7640
INFO:root:Epoch: 0265 lr: 0.01 train_loss: 0.7802 train_acc: 0.6071 train_f1: 0.6071 time: 0.2840s
INFO:root:Epoch: 0265 val_loss: 0.8072 val_acc: 0.7580 val_f1: 0.7580
INFO:root:Epoch: 0270 lr: 0.01 train_loss: 0.6811 train_acc: 0.6857 train_f1: 0.6857 time: 0.3175s
INFO:root:Epoch: 0270 val_loss: 0.8089 val_acc: 0.7680 val_f1: 0.7680
INFO:root:Epoch: 0275 lr: 0.01 train_loss: 0.7480 train_acc: 0.6071 train_f1: 0.6071 time: 0.2851s
INFO:root:Epoch: 0275 val_loss: 0.8256 val_acc: 0.7660 val_f1: 0.7660
INFO:root:Epoch: 0280 lr: 0.01 train_loss: 0.7743 train_acc: 0.6286 train_f1: 0.6286 time: 0.2860s
INFO:root:Epoch: 0280 val_loss: 0.8270 val_acc: 0.7600 val_f1: 0.7600
INFO:root:Epoch: 0285 lr: 0.01 train_loss: 0.7382 train_acc: 0.6500 train_f1: 0.6500 time: 0.2828s
INFO:root:Epoch: 0285 val_loss: 0.8192 val_acc: 0.7640 val_f1: 0.7640
INFO:root:Epoch: 0290 lr: 0.01 train_loss: 0.7145 train_acc: 0.6429 train_f1: 0.6429 time: 0.2851s
INFO:root:Epoch: 0290 val_loss: 0.8223 val_acc: 0.7720 val_f1: 0.7720
INFO:root:Epoch: 0295 lr: 0.01 train_loss: 0.7588 train_acc: 0.6286 train_f1: 0.6286 time: 0.2832s
INFO:root:Epoch: 0295 val_loss: 0.8206 val_acc: 0.7740 val_f1: 0.7740
INFO:root:Epoch: 0300 lr: 0.01 train_loss: 0.6961 train_acc: 0.6286 train_f1: 0.6286 time: 0.2876s
INFO:root:Epoch: 0300 val_loss: 0.8351 val_acc: 0.7660 val_f1: 0.7660
INFO:root:Epoch: 0305 lr: 0.01 train_loss: 0.7896 train_acc: 0.6071 train_f1: 0.6071 time: 0.2830s
INFO:root:Epoch: 0305 val_loss: 0.8298 val_acc: 0.7740 val_f1: 0.7740
INFO:root:Epoch: 0310 lr: 0.01 train_loss: 0.7711 train_acc: 0.5929 train_f1: 0.5929 time: 0.2865s
INFO:root:Epoch: 0310 val_loss: 0.8123 val_acc: 0.7700 val_f1: 0.7700
INFO:root:Epoch: 0315 lr: 0.01 train_loss: 0.7466 train_acc: 0.6071 train_f1: 0.6071 time: 0.2841s
INFO:root:Epoch: 0315 val_loss: 0.8135 val_acc: 0.7700 val_f1: 0.7700
INFO:root:Epoch: 0320 lr: 0.01 train_loss: 0.7012 train_acc: 0.6500 train_f1: 0.6500 time: 0.2847s
INFO:root:Epoch: 0320 val_loss: 0.8136 val_acc: 0.7420 val_f1: 0.7420
INFO:root:Epoch: 0325 lr: 0.01 train_loss: 0.6785 train_acc: 0.6429 train_f1: 0.6429 time: 0.2832s
INFO:root:Epoch: 0325 val_loss: 0.8146 val_acc: 0.7520 val_f1: 0.7520
INFO:root:Epoch: 0330 lr: 0.01 train_loss: 0.6767 train_acc: 0.6929 train_f1: 0.6929 time: 0.2840s
INFO:root:Epoch: 0330 val_loss: 0.8495 val_acc: 0.7600 val_f1: 0.7600
INFO:root:Early stopping
INFO:root:Optimization Finished!
INFO:root:Total time elapsed: 159.5362s
INFO:root:Val set results: val_loss: 0.8413 val_acc: 0.7760 val_f1: 0.7760
INFO:root:Test set results: test_loss: 0.8121 test_acc: 0.7710 test_f1: 0.7710
INFO:root:Saved model in /workspace/xiongbo/hgcn/logs/nc/2021_4_22/10
