INFO:root:Using: cuda:0
INFO:root:Using seed 1234.
INFO:root:Num classes: 7
INFO:root:NCModel(
  (encoder): HGCN(
    (layers): Sequential(
      (0): HyperbolicGraphConvolution(
        (linear): HypLinear(in_features=1434, out_features=16, c=tensor([-1.], device='cuda:0', grad_fn=<CopyBackwards>))
        (agg): HypAgg(c=tensor([-1.], device='cuda:0', grad_fn=<CopyBackwards>))
        (hyp_act): HypAct(c_in=tensor([-1.], device='cuda:0', grad_fn=<CopyBackwards>), c_out=tensor([-1.], device='cuda:0', grad_fn=<CopyBackwards>))
      )
    )
  )
  (decoder): LinearDecoder(
    in_features=16, out_features=7, bias=1, c=tensor([-1.], device='cuda:0', grad_fn=<CopyBackwards>)
    (cls): Linear(
      (linear): Linear(in_features=16, out_features=7, bias=True)
    )
  )
)
INFO:root:Total number of parameters: 23079
/workspace/anaconda3/envs/geo/lib/python3.7/site-packages/torch/optim/lr_scheduler.py:370: UserWarning: To get the last learning rate computed by the scheduler, please use `get_last_lr()`.
  "please use `get_last_lr()`.", UserWarning)
INFO:root:Epoch: 0005 lr: 0.01 train_loss: 1.9517 train_acc: 0.1786 train_f1: 0.1786 time: 0.9730s
INFO:root:Epoch: 0005 val_loss: 1.9363 val_acc: 0.1280 val_f1: 0.1280
INFO:root:Epoch: 0010 lr: 0.01 train_loss: 1.9179 train_acc: 0.1786 train_f1: 0.1786 time: 1.1160s
INFO:root:Epoch: 0010 val_loss: 1.9371 val_acc: 0.1580 val_f1: 0.1580
INFO:root:Epoch: 0015 lr: 0.01 train_loss: 1.8880 train_acc: 0.3286 train_f1: 0.3286 time: 1.0143s
INFO:root:Epoch: 0015 val_loss: 1.9292 val_acc: 0.2440 val_f1: 0.2440
INFO:root:Epoch: 0020 lr: 0.01 train_loss: 1.8651 train_acc: 0.3071 train_f1: 0.3071 time: 1.0610s
INFO:root:Epoch: 0020 val_loss: 1.8987 val_acc: 0.3860 val_f1: 0.3860
INFO:root:Epoch: 0025 lr: 0.01 train_loss: 1.8164 train_acc: 0.4357 train_f1: 0.4357 time: 1.1335s
INFO:root:Epoch: 0025 val_loss: 1.8620 val_acc: 0.5160 val_f1: 0.5160
INFO:root:Epoch: 0030 lr: 0.01 train_loss: 1.7648 train_acc: 0.4786 train_f1: 0.4786 time: 0.9693s
INFO:root:Epoch: 0030 val_loss: 1.8390 val_acc: 0.5440 val_f1: 0.5440
INFO:root:Epoch: 0035 lr: 0.01 train_loss: 1.6780 train_acc: 0.5357 train_f1: 0.5357 time: 1.1124s
INFO:root:Epoch: 0035 val_loss: 1.8081 val_acc: 0.5100 val_f1: 0.5100
INFO:root:Epoch: 0040 lr: 0.01 train_loss: 1.5762 train_acc: 0.6429 train_f1: 0.6429 time: 0.9894s
INFO:root:Epoch: 0040 val_loss: 1.7563 val_acc: 0.6100 val_f1: 0.6100
INFO:root:Epoch: 0045 lr: 0.01 train_loss: 1.5731 train_acc: 0.5500 train_f1: 0.5500 time: 1.1040s
INFO:root:Epoch: 0045 val_loss: 1.7048 val_acc: 0.6360 val_f1: 0.6360
INFO:root:Epoch: 0050 lr: 0.01 train_loss: 1.4654 train_acc: 0.5643 train_f1: 0.5643 time: 1.1255s
INFO:root:Epoch: 0050 val_loss: 1.6762 val_acc: 0.6140 val_f1: 0.6140
INFO:root:Epoch: 0055 lr: 0.01 train_loss: 1.3493 train_acc: 0.6214 train_f1: 0.6214 time: 0.9685s
INFO:root:Epoch: 0055 val_loss: 1.6312 val_acc: 0.6740 val_f1: 0.6740
INFO:root:Epoch: 0060 lr: 0.01 train_loss: 1.3816 train_acc: 0.5786 train_f1: 0.5786 time: 1.1474s
INFO:root:Epoch: 0060 val_loss: 1.5650 val_acc: 0.7320 val_f1: 0.7320
INFO:root:Epoch: 0065 lr: 0.01 train_loss: 1.2904 train_acc: 0.6000 train_f1: 0.6000 time: 0.9819s
INFO:root:Epoch: 0065 val_loss: 1.5256 val_acc: 0.7440 val_f1: 0.7440
INFO:root:Epoch: 0070 lr: 0.01 train_loss: 1.3002 train_acc: 0.5286 train_f1: 0.5286 time: 1.0832s
INFO:root:Epoch: 0070 val_loss: 1.5032 val_acc: 0.7260 val_f1: 0.7260
INFO:root:Epoch: 0075 lr: 0.01 train_loss: 1.2510 train_acc: 0.5857 train_f1: 0.5857 time: 1.0967s
INFO:root:Epoch: 0075 val_loss: 1.4553 val_acc: 0.7380 val_f1: 0.7380
INFO:root:Epoch: 0080 lr: 0.01 train_loss: 1.1539 train_acc: 0.5786 train_f1: 0.5786 time: 1.0009s
INFO:root:Epoch: 0080 val_loss: 1.4221 val_acc: 0.7340 val_f1: 0.7340
INFO:root:Epoch: 0085 lr: 0.01 train_loss: 1.1467 train_acc: 0.5714 train_f1: 0.5714 time: 1.1288s
INFO:root:Epoch: 0085 val_loss: 1.3970 val_acc: 0.7100 val_f1: 0.7100
INFO:root:Epoch: 0090 lr: 0.01 train_loss: 1.1210 train_acc: 0.6143 train_f1: 0.6143 time: 0.9935s
INFO:root:Epoch: 0090 val_loss: 1.3489 val_acc: 0.7400 val_f1: 0.7400
INFO:root:Epoch: 0095 lr: 0.01 train_loss: 1.0363 train_acc: 0.6571 train_f1: 0.6571 time: 1.0998s
INFO:root:Epoch: 0095 val_loss: 1.3193 val_acc: 0.7440 val_f1: 0.7440
INFO:root:Epoch: 0100 lr: 0.01 train_loss: 0.9572 train_acc: 0.6429 train_f1: 0.6429 time: 1.0638s
INFO:root:Epoch: 0100 val_loss: 1.2883 val_acc: 0.7340 val_f1: 0.7340
INFO:root:Epoch: 0105 lr: 0.01 train_loss: 0.8635 train_acc: 0.6500 train_f1: 0.6500 time: 1.0063s
INFO:root:Epoch: 0105 val_loss: 1.2599 val_acc: 0.7440 val_f1: 0.7440
INFO:root:Epoch: 0110 lr: 0.01 train_loss: 0.9825 train_acc: 0.6357 train_f1: 0.6357 time: 1.1200s
INFO:root:Epoch: 0110 val_loss: 1.2319 val_acc: 0.7540 val_f1: 0.7540
INFO:root:Epoch: 0115 lr: 0.01 train_loss: 1.0617 train_acc: 0.5643 train_f1: 0.5643 time: 0.9793s
INFO:root:Epoch: 0115 val_loss: 1.2042 val_acc: 0.7540 val_f1: 0.7540
INFO:root:Epoch: 0120 lr: 0.01 train_loss: 1.0227 train_acc: 0.5714 train_f1: 0.5714 time: 1.0813s
INFO:root:Epoch: 0120 val_loss: 1.1896 val_acc: 0.7520 val_f1: 0.7520
INFO:root:Epoch: 0125 lr: 0.01 train_loss: 0.9383 train_acc: 0.6429 train_f1: 0.6429 time: 1.1237s
INFO:root:Epoch: 0125 val_loss: 1.1685 val_acc: 0.7480 val_f1: 0.7480
INFO:root:Epoch: 0130 lr: 0.01 train_loss: 0.8100 train_acc: 0.6714 train_f1: 0.6714 time: 0.9902s
INFO:root:Epoch: 0130 val_loss: 1.1357 val_acc: 0.7700 val_f1: 0.7700
INFO:root:Epoch: 0135 lr: 0.01 train_loss: 0.9330 train_acc: 0.6000 train_f1: 0.6000 time: 1.1051s
INFO:root:Epoch: 0135 val_loss: 1.1322 val_acc: 0.7600 val_f1: 0.7600
INFO:root:Epoch: 0140 lr: 0.01 train_loss: 0.7543 train_acc: 0.6857 train_f1: 0.6857 time: 1.1225s
INFO:root:Epoch: 0140 val_loss: 1.1331 val_acc: 0.7580 val_f1: 0.7580
INFO:root:Epoch: 0145 lr: 0.01 train_loss: 0.8687 train_acc: 0.6571 train_f1: 0.6571 time: 0.9810s
INFO:root:Epoch: 0145 val_loss: 1.1092 val_acc: 0.7460 val_f1: 0.7460
INFO:root:Epoch: 0150 lr: 0.01 train_loss: 0.9182 train_acc: 0.6000 train_f1: 0.6000 time: 1.2535s
INFO:root:Epoch: 0150 val_loss: 1.0779 val_acc: 0.7560 val_f1: 0.7560
INFO:root:Epoch: 0155 lr: 0.01 train_loss: 0.7810 train_acc: 0.6643 train_f1: 0.6643 time: 1.1134s
INFO:root:Epoch: 0155 val_loss: 1.0657 val_acc: 0.7620 val_f1: 0.7620
INFO:root:Epoch: 0160 lr: 0.01 train_loss: 0.7909 train_acc: 0.6786 train_f1: 0.6786 time: 0.9727s
INFO:root:Epoch: 0160 val_loss: 1.0707 val_acc: 0.7580 val_f1: 0.7580
INFO:root:Epoch: 0165 lr: 0.01 train_loss: 0.8568 train_acc: 0.6429 train_f1: 0.6429 time: 1.2380s
INFO:root:Epoch: 0165 val_loss: 1.0705 val_acc: 0.7560 val_f1: 0.7560
INFO:root:Epoch: 0170 lr: 0.01 train_loss: 0.8251 train_acc: 0.6786 train_f1: 0.6786 time: 1.1284s
INFO:root:Epoch: 0170 val_loss: 1.0545 val_acc: 0.7640 val_f1: 0.7640
INFO:root:Epoch: 0175 lr: 0.01 train_loss: 0.8076 train_acc: 0.6143 train_f1: 0.6143 time: 0.9891s
INFO:root:Epoch: 0175 val_loss: 1.0338 val_acc: 0.7560 val_f1: 0.7560
INFO:root:Epoch: 0180 lr: 0.01 train_loss: 0.9116 train_acc: 0.5929 train_f1: 0.5929 time: 1.0038s
INFO:root:Epoch: 0180 val_loss: 1.0258 val_acc: 0.7560 val_f1: 0.7560
INFO:root:Epoch: 0185 lr: 0.01 train_loss: 0.6852 train_acc: 0.7000 train_f1: 0.7000 time: 1.1267s
INFO:root:Epoch: 0185 val_loss: 1.0278 val_acc: 0.7500 val_f1: 0.7500
INFO:root:Epoch: 0190 lr: 0.01 train_loss: 0.7687 train_acc: 0.6429 train_f1: 0.6429 time: 0.9902s
INFO:root:Epoch: 0190 val_loss: 0.9995 val_acc: 0.7560 val_f1: 0.7560
INFO:root:Epoch: 0195 lr: 0.01 train_loss: 0.7098 train_acc: 0.7071 train_f1: 0.7071 time: 1.0158s
INFO:root:Epoch: 0195 val_loss: 0.9877 val_acc: 0.7620 val_f1: 0.7620
INFO:root:Epoch: 0200 lr: 0.01 train_loss: 0.8390 train_acc: 0.5929 train_f1: 0.5929 time: 1.2721s
INFO:root:Epoch: 0200 val_loss: 0.9838 val_acc: 0.7660 val_f1: 0.7660
INFO:root:Epoch: 0205 lr: 0.01 train_loss: 0.7550 train_acc: 0.7000 train_f1: 0.7000 time: 1.1202s
INFO:root:Epoch: 0205 val_loss: 0.9865 val_acc: 0.7600 val_f1: 0.7600
INFO:root:Epoch: 0210 lr: 0.01 train_loss: 0.7002 train_acc: 0.6786 train_f1: 0.6786 time: 1.1366s
INFO:root:Epoch: 0210 val_loss: 0.9861 val_acc: 0.7620 val_f1: 0.7620
INFO:root:Epoch: 0215 lr: 0.01 train_loss: 0.7858 train_acc: 0.6571 train_f1: 0.6571 time: 1.1000s
INFO:root:Epoch: 0215 val_loss: 0.9908 val_acc: 0.7600 val_f1: 0.7600
INFO:root:Epoch: 0220 lr: 0.01 train_loss: 0.7013 train_acc: 0.6857 train_f1: 0.6857 time: 1.2847s
INFO:root:Epoch: 0220 val_loss: 0.9997 val_acc: 0.7380 val_f1: 0.7380
INFO:root:Epoch: 0225 lr: 0.01 train_loss: 0.7937 train_acc: 0.6500 train_f1: 0.6500 time: 1.1977s
INFO:root:Epoch: 0225 val_loss: 0.9611 val_acc: 0.7520 val_f1: 0.7520
INFO:root:Epoch: 0230 lr: 0.01 train_loss: 0.8221 train_acc: 0.6214 train_f1: 0.6214 time: 1.1484s
INFO:root:Epoch: 0230 val_loss: 0.9440 val_acc: 0.7700 val_f1: 0.7700
INFO:root:Epoch: 0235 lr: 0.01 train_loss: 0.7979 train_acc: 0.6000 train_f1: 0.6000 time: 1.2255s
INFO:root:Epoch: 0235 val_loss: 0.9656 val_acc: 0.7720 val_f1: 0.7720
INFO:root:Epoch: 0240 lr: 0.01 train_loss: 0.8574 train_acc: 0.5786 train_f1: 0.5786 time: 1.2983s
INFO:root:Epoch: 0240 val_loss: 0.9796 val_acc: 0.7520 val_f1: 0.7520
INFO:root:Epoch: 0245 lr: 0.01 train_loss: 0.7891 train_acc: 0.6000 train_f1: 0.6000 time: 1.1902s
INFO:root:Epoch: 0245 val_loss: 0.9504 val_acc: 0.7540 val_f1: 0.7540
INFO:root:Epoch: 0250 lr: 0.01 train_loss: 0.7928 train_acc: 0.6571 train_f1: 0.6571 time: 1.1371s
INFO:root:Epoch: 0250 val_loss: 0.9209 val_acc: 0.7520 val_f1: 0.7520
INFO:root:Epoch: 0255 lr: 0.01 train_loss: 0.7627 train_acc: 0.6214 train_f1: 0.6214 time: 1.0218s
INFO:root:Epoch: 0255 val_loss: 0.9109 val_acc: 0.7580 val_f1: 0.7580
INFO:root:Epoch: 0260 lr: 0.01 train_loss: 0.7880 train_acc: 0.6214 train_f1: 0.6214 time: 1.2655s
INFO:root:Epoch: 0260 val_loss: 0.9220 val_acc: 0.7520 val_f1: 0.7520
INFO:root:Epoch: 0265 lr: 0.01 train_loss: 0.8077 train_acc: 0.6071 train_f1: 0.6071 time: 1.2843s
INFO:root:Epoch: 0265 val_loss: 0.9413 val_acc: 0.7640 val_f1: 0.7640
INFO:root:Epoch: 0270 lr: 0.01 train_loss: 0.7201 train_acc: 0.6857 train_f1: 0.6857 time: 1.0210s
INFO:root:Epoch: 0270 val_loss: 0.9405 val_acc: 0.7560 val_f1: 0.7560
INFO:root:Epoch: 0275 lr: 0.01 train_loss: 0.7869 train_acc: 0.6071 train_f1: 0.6071 time: 1.1293s
INFO:root:Epoch: 0275 val_loss: 0.9337 val_acc: 0.7460 val_f1: 0.7460
INFO:root:Epoch: 0280 lr: 0.01 train_loss: 0.8026 train_acc: 0.6286 train_f1: 0.6286 time: 1.0064s
INFO:root:Epoch: 0280 val_loss: 0.9143 val_acc: 0.7500 val_f1: 0.7500
INFO:root:Epoch: 0285 lr: 0.01 train_loss: 0.7569 train_acc: 0.6500 train_f1: 0.6500 time: 1.2607s
INFO:root:Epoch: 0285 val_loss: 0.9094 val_acc: 0.7500 val_f1: 0.7500
INFO:root:Epoch: 0290 lr: 0.01 train_loss: 0.7374 train_acc: 0.6429 train_f1: 0.6429 time: 1.1190s
INFO:root:Epoch: 0290 val_loss: 0.9186 val_acc: 0.7540 val_f1: 0.7540
INFO:root:Epoch: 0295 lr: 0.01 train_loss: 0.7839 train_acc: 0.6286 train_f1: 0.6286 time: 1.1503s
INFO:root:Epoch: 0295 val_loss: 0.9064 val_acc: 0.7600 val_f1: 0.7600
INFO:root:Epoch: 0300 lr: 0.01 train_loss: 0.7261 train_acc: 0.6214 train_f1: 0.6214 time: 1.0143s
INFO:root:Epoch: 0300 val_loss: 0.8963 val_acc: 0.7580 val_f1: 0.7580
INFO:root:Epoch: 0305 lr: 0.01 train_loss: 0.8108 train_acc: 0.6071 train_f1: 0.6071 time: 1.1910s
INFO:root:Epoch: 0305 val_loss: 0.8957 val_acc: 0.7580 val_f1: 0.7580
INFO:root:Epoch: 0310 lr: 0.01 train_loss: 0.7928 train_acc: 0.5929 train_f1: 0.5929 time: 1.2704s
INFO:root:Epoch: 0310 val_loss: 0.9008 val_acc: 0.7640 val_f1: 0.7640
INFO:root:Epoch: 0315 lr: 0.01 train_loss: 0.7713 train_acc: 0.6071 train_f1: 0.6071 time: 1.2907s
INFO:root:Epoch: 0315 val_loss: 0.9131 val_acc: 0.7600 val_f1: 0.7600
INFO:root:Epoch: 0320 lr: 0.01 train_loss: 0.7359 train_acc: 0.6500 train_f1: 0.6500 time: 1.2971s
INFO:root:Epoch: 0320 val_loss: 0.9176 val_acc: 0.7320 val_f1: 0.7320
INFO:root:Epoch: 0325 lr: 0.01 train_loss: 0.6945 train_acc: 0.6429 train_f1: 0.6429 time: 0.9978s
INFO:root:Epoch: 0325 val_loss: 0.9070 val_acc: 0.7480 val_f1: 0.7480
INFO:root:Epoch: 0330 lr: 0.01 train_loss: 0.7014 train_acc: 0.6929 train_f1: 0.6929 time: 1.0766s
INFO:root:Epoch: 0330 val_loss: 0.9137 val_acc: 0.7540 val_f1: 0.7540
INFO:root:Early stopping
INFO:root:Optimization Finished!
INFO:root:Total time elapsed: 465.4677s
INFO:root:Val set results: val_loss: 0.9481 val_acc: 0.7740 val_f1: 0.7740
INFO:root:Test set results: test_loss: 0.9180 test_acc: 0.7830 test_f1: 0.7830
INFO:root:Saved model in /workspace/xiongbo/hgcn/logs/nc/2021_4_22/17
