INFO:root:Using: cuda:0
INFO:root:Using seed 1234.
INFO:root:LPModel(
  (encoder): HGCN(
    (layers): Sequential(
      (0): HyperbolicGraphConvolution(
        (linear): HypLinear(in_features=1434, out_features=16, c=tensor([-1.], device='cuda:0', grad_fn=<CopyBackwards>))
        (agg): HypAgg(c=tensor([-1.], device='cuda:0', grad_fn=<CopyBackwards>))
        (hyp_act): HypAct(c_in=tensor([-1.], device='cuda:0', grad_fn=<CopyBackwards>), c_out=tensor([-1.], device='cuda:0', grad_fn=<CopyBackwards>))
      )
      (1): HyperbolicGraphConvolution(
        (linear): HypLinear(in_features=16, out_features=16, c=tensor([-1.], device='cuda:0', grad_fn=<CopyBackwards>))
        (agg): HypAgg(c=tensor([-1.], device='cuda:0', grad_fn=<CopyBackwards>))
        (hyp_act): HypAct(c_in=tensor([-1.], device='cuda:0', grad_fn=<CopyBackwards>), c_out=tensor([-1.], device='cuda:0', grad_fn=<CopyBackwards>))
      )
    )
  )
  (dc): FermiDiracDecoder()
)
INFO:root:Total number of parameters: 23232
/workspace/anaconda3/envs/geo/lib/python3.7/site-packages/torch/optim/lr_scheduler.py:370: UserWarning: To get the last learning rate computed by the scheduler, please use `get_last_lr()`.
  "please use `get_last_lr()`.", UserWarning)
INFO:root:Epoch: 0005 lr: 0.01 train_loss: 2.2494 train_roc: 0.9466 train_ap: 0.9343 time: 0.7388s
INFO:root:Epoch: 0005 val_loss: 2.2520 val_roc: 0.7691 val_ap: 0.7796
INFO:root:Epoch: 0010 lr: 0.01 train_loss: 2.2427 train_roc: 0.9636 train_ap: 0.9622 time: 0.7136s
INFO:root:Epoch: 0010 val_loss: 2.2464 val_roc: 0.8156 val_ap: 0.8332
INFO:root:Epoch: 0015 lr: 0.01 train_loss: 2.2338 train_roc: 0.9446 train_ap: 0.9334 time: 0.7069s
INFO:root:Epoch: 0015 val_loss: 2.2296 val_roc: 0.8304 val_ap: 0.8424
INFO:root:Epoch: 0020 lr: 0.01 train_loss: 2.1558 train_roc: 0.9670 train_ap: 0.9638 time: 0.7393s
INFO:root:Epoch: 0020 val_loss: 2.1841 val_roc: 0.8390 val_ap: 0.8471
INFO:root:Epoch: 0025 lr: 0.01 train_loss: 2.1185 train_roc: 0.9680 train_ap: 0.9590 time: 0.7166s
INFO:root:Epoch: 0025 val_loss: 2.0680 val_roc: 0.8454 val_ap: 0.8507
INFO:root:Epoch: 0030 lr: 0.01 train_loss: 1.7926 train_roc: 0.9665 train_ap: 0.9618 time: 0.7186s
INFO:root:Epoch: 0030 val_loss: 1.8172 val_roc: 0.8497 val_ap: 0.8524
INFO:root:Epoch: 0035 lr: 0.01 train_loss: 1.4052 train_roc: 0.9654 train_ap: 0.9621 time: 0.7349s
INFO:root:Epoch: 0035 val_loss: 1.4360 val_roc: 0.8527 val_ap: 0.8544
INFO:root:Epoch: 0040 lr: 0.01 train_loss: 0.7350 train_roc: 0.9700 train_ap: 0.9662 time: 0.7081s
INFO:root:Epoch: 0040 val_loss: 1.0446 val_roc: 0.8550 val_ap: 0.8567
INFO:root:Epoch: 0045 lr: 0.01 train_loss: 0.5366 train_roc: 0.9687 train_ap: 0.9661 time: 0.7290s
INFO:root:Epoch: 0045 val_loss: 1.3040 val_roc: 0.8578 val_ap: 0.8590
INFO:root:Epoch: 0050 lr: 0.01 train_loss: 0.4958 train_roc: 0.9713 train_ap: 0.9664 time: 0.7127s
INFO:root:Epoch: 0050 val_loss: 1.2423 val_roc: 0.8625 val_ap: 0.8614
INFO:root:Epoch: 0055 lr: 0.01 train_loss: 0.5968 train_roc: 0.9760 train_ap: 0.9723 time: 0.7232s
INFO:root:Epoch: 0055 val_loss: 1.1812 val_roc: 0.8664 val_ap: 0.8631
INFO:root:Epoch: 0060 lr: 0.01 train_loss: 0.5556 train_roc: 0.9669 train_ap: 0.9620 time: 0.7333s
INFO:root:Epoch: 0060 val_loss: 1.1979 val_roc: 0.8679 val_ap: 0.8644
INFO:root:Epoch: 0065 lr: 0.01 train_loss: 0.4663 train_roc: 0.9776 train_ap: 0.9725 time: 0.7151s
INFO:root:Epoch: 0065 val_loss: 1.2297 val_roc: 0.8691 val_ap: 0.8637
INFO:root:Epoch: 0070 lr: 0.01 train_loss: 0.4778 train_roc: 0.9810 train_ap: 0.9785 time: 0.7043s
INFO:root:Epoch: 0070 val_loss: 1.2183 val_roc: 0.8715 val_ap: 0.8678
INFO:root:Epoch: 0075 lr: 0.01 train_loss: 0.4818 train_roc: 0.9754 train_ap: 0.9675 time: 0.7119s
INFO:root:Epoch: 0075 val_loss: 1.1689 val_roc: 0.8732 val_ap: 0.8706
INFO:root:Epoch: 0080 lr: 0.01 train_loss: 0.4622 train_roc: 0.9813 train_ap: 0.9774 time: 0.7324s
INFO:root:Epoch: 0080 val_loss: 1.1424 val_roc: 0.8745 val_ap: 0.8734
INFO:root:Epoch: 0085 lr: 0.01 train_loss: 0.4773 train_roc: 0.9756 train_ap: 0.9730 time: 0.7119s
INFO:root:Epoch: 0085 val_loss: 1.1266 val_roc: 0.8766 val_ap: 0.8774
INFO:root:Epoch: 0090 lr: 0.01 train_loss: 0.4901 train_roc: 0.9763 train_ap: 0.9707 time: 0.7345s
INFO:root:Epoch: 0090 val_loss: 1.1180 val_roc: 0.8786 val_ap: 0.8796
INFO:root:Epoch: 0095 lr: 0.01 train_loss: 0.4873 train_roc: 0.9767 train_ap: 0.9741 time: 0.7341s
INFO:root:Epoch: 0095 val_loss: 1.1156 val_roc: 0.8813 val_ap: 0.8818
INFO:root:Epoch: 0100 lr: 0.01 train_loss: 0.4441 train_roc: 0.9786 train_ap: 0.9733 time: 0.7290s
INFO:root:Epoch: 0100 val_loss: 1.1005 val_roc: 0.8833 val_ap: 0.8858
INFO:root:Epoch: 0105 lr: 0.01 train_loss: 0.4084 train_roc: 0.9837 train_ap: 0.9776 time: 0.6983s
INFO:root:Epoch: 0105 val_loss: 1.1037 val_roc: 0.8851 val_ap: 0.8882
INFO:root:Epoch: 0110 lr: 0.01 train_loss: 0.4221 train_roc: 0.9822 train_ap: 0.9767 time: 0.7153s
INFO:root:Epoch: 0110 val_loss: 1.1044 val_roc: 0.8865 val_ap: 0.8908
INFO:root:Epoch: 0115 lr: 0.01 train_loss: 0.4202 train_roc: 0.9836 train_ap: 0.9798 time: 0.7136s
INFO:root:Epoch: 0115 val_loss: 1.0834 val_roc: 0.8880 val_ap: 0.8931
INFO:root:Epoch: 0120 lr: 0.01 train_loss: 0.4179 train_roc: 0.9828 train_ap: 0.9783 time: 0.7019s
INFO:root:Epoch: 0120 val_loss: 1.0904 val_roc: 0.8891 val_ap: 0.8939
INFO:root:Epoch: 0125 lr: 0.01 train_loss: 0.4308 train_roc: 0.9832 train_ap: 0.9761 time: 0.7439s
INFO:root:Epoch: 0125 val_loss: 1.0621 val_roc: 0.8902 val_ap: 0.8954
INFO:root:Epoch: 0130 lr: 0.01 train_loss: 0.4133 train_roc: 0.9847 train_ap: 0.9827 time: 0.7296s
INFO:root:Epoch: 0130 val_loss: 1.0157 val_roc: 0.8908 val_ap: 0.8964
INFO:root:Epoch: 0135 lr: 0.01 train_loss: 0.4035 train_roc: 0.9852 train_ap: 0.9802 time: 0.7148s
INFO:root:Epoch: 0135 val_loss: 0.9808 val_roc: 0.8913 val_ap: 0.8973
INFO:root:Epoch: 0140 lr: 0.01 train_loss: 0.4349 train_roc: 0.9864 train_ap: 0.9841 time: 0.7026s
INFO:root:Epoch: 0140 val_loss: 0.9759 val_roc: 0.8921 val_ap: 0.8980
INFO:root:Epoch: 0145 lr: 0.01 train_loss: 0.4367 train_roc: 0.9856 train_ap: 0.9807 time: 0.7111s
INFO:root:Epoch: 0145 val_loss: 0.9863 val_roc: 0.8925 val_ap: 0.8983
INFO:root:Epoch: 0150 lr: 0.01 train_loss: 0.4480 train_roc: 0.9835 train_ap: 0.9776 time: 0.7289s
INFO:root:Epoch: 0150 val_loss: 1.0767 val_roc: 0.8928 val_ap: 0.8976
INFO:root:Epoch: 0155 lr: 0.01 train_loss: 0.4090 train_roc: 0.9864 train_ap: 0.9839 time: 0.7295s
INFO:root:Epoch: 0155 val_loss: 1.0985 val_roc: 0.8942 val_ap: 0.9002
INFO:root:Epoch: 0160 lr: 0.01 train_loss: 0.4514 train_roc: 0.9848 train_ap: 0.9806 time: 0.7111s
INFO:root:Epoch: 0160 val_loss: 1.0752 val_roc: 0.8942 val_ap: 0.9009
INFO:root:Epoch: 0165 lr: 0.01 train_loss: 0.3913 train_roc: 0.9876 train_ap: 0.9828 time: 0.7015s
INFO:root:Epoch: 0165 val_loss: 1.0533 val_roc: 0.8943 val_ap: 0.9012
INFO:root:Epoch: 0170 lr: 0.01 train_loss: 0.3971 train_roc: 0.9859 train_ap: 0.9831 time: 0.7032s
INFO:root:Epoch: 0170 val_loss: 1.0224 val_roc: 0.8945 val_ap: 0.9014
INFO:root:Epoch: 0175 lr: 0.01 train_loss: 0.3916 train_roc: 0.9873 train_ap: 0.9836 time: 0.7127s
INFO:root:Epoch: 0175 val_loss: 1.0364 val_roc: 0.8951 val_ap: 0.9017
INFO:root:Epoch: 0180 lr: 0.01 train_loss: 0.4579 train_roc: 0.9844 train_ap: 0.9797 time: 0.7111s
INFO:root:Epoch: 0180 val_loss: 1.0262 val_roc: 0.8947 val_ap: 0.9002
INFO:root:Epoch: 0185 lr: 0.01 train_loss: 0.3839 train_roc: 0.9890 train_ap: 0.9846 time: 0.7331s
INFO:root:Epoch: 0185 val_loss: 1.0035 val_roc: 0.8949 val_ap: 0.8995
INFO:root:Epoch: 0190 lr: 0.01 train_loss: 0.4586 train_roc: 0.9843 train_ap: 0.9794 time: 0.7052s
INFO:root:Epoch: 0190 val_loss: 1.0174 val_roc: 0.8954 val_ap: 0.8997
INFO:root:Epoch: 0195 lr: 0.01 train_loss: 0.4393 train_roc: 0.9867 train_ap: 0.9832 time: 0.7134s
INFO:root:Epoch: 0195 val_loss: 1.0392 val_roc: 0.8956 val_ap: 0.9002
INFO:root:Epoch: 0200 lr: 0.01 train_loss: 0.4064 train_roc: 0.9865 train_ap: 0.9835 time: 0.7117s
INFO:root:Epoch: 0200 val_loss: 1.0112 val_roc: 0.8956 val_ap: 0.9007
INFO:root:Epoch: 0205 lr: 0.01 train_loss: 0.3914 train_roc: 0.9862 train_ap: 0.9805 time: 0.7122s
INFO:root:Epoch: 0205 val_loss: 1.0242 val_roc: 0.8958 val_ap: 0.9011
INFO:root:Epoch: 0210 lr: 0.01 train_loss: 0.3969 train_roc: 0.9884 train_ap: 0.9850 time: 0.7362s
INFO:root:Epoch: 0210 val_loss: 1.0523 val_roc: 0.8967 val_ap: 0.9018
INFO:root:Epoch: 0215 lr: 0.01 train_loss: 0.4115 train_roc: 0.9863 train_ap: 0.9837 time: 0.7359s
INFO:root:Epoch: 0215 val_loss: 1.1524 val_roc: 0.8979 val_ap: 0.9021
INFO:root:Epoch: 0220 lr: 0.01 train_loss: 0.3879 train_roc: 0.9893 train_ap: 0.9850 time: 0.7236s
INFO:root:Epoch: 0220 val_loss: 1.1969 val_roc: 0.8982 val_ap: 0.9025
INFO:root:Epoch: 0225 lr: 0.01 train_loss: 0.3866 train_roc: 0.9880 train_ap: 0.9826 time: 0.7153s
INFO:root:Epoch: 0225 val_loss: 1.1309 val_roc: 0.8983 val_ap: 0.9030
INFO:root:Epoch: 0230 lr: 0.01 train_loss: 0.3613 train_roc: 0.9909 train_ap: 0.9883 time: 0.6984s
INFO:root:Epoch: 0230 val_loss: 1.0169 val_roc: 0.8984 val_ap: 0.9035
INFO:root:Epoch: 0235 lr: 0.01 train_loss: 0.3870 train_roc: 0.9876 train_ap: 0.9861 time: 0.7321s
INFO:root:Epoch: 0235 val_loss: 0.9519 val_roc: 0.8990 val_ap: 0.9040
INFO:root:Epoch: 0240 lr: 0.01 train_loss: 0.3740 train_roc: 0.9891 train_ap: 0.9861 time: 0.7062s
INFO:root:Epoch: 0240 val_loss: 0.9321 val_roc: 0.8993 val_ap: 0.9041
INFO:root:Epoch: 0245 lr: 0.01 train_loss: 0.3922 train_roc: 0.9877 train_ap: 0.9856 time: 0.6912s
INFO:root:Epoch: 0245 val_loss: 0.9213 val_roc: 0.9002 val_ap: 0.9045
INFO:root:Epoch: 0250 lr: 0.01 train_loss: 0.3920 train_roc: 0.9881 train_ap: 0.9848 time: 0.7088s
INFO:root:Epoch: 0250 val_loss: 0.9595 val_roc: 0.9016 val_ap: 0.9047
INFO:root:Epoch: 0255 lr: 0.01 train_loss: 0.4345 train_roc: 0.9877 train_ap: 0.9849 time: 0.7000s
INFO:root:Epoch: 0255 val_loss: 1.0115 val_roc: 0.9021 val_ap: 0.9036
INFO:root:Epoch: 0260 lr: 0.01 train_loss: 0.3908 train_roc: 0.9865 train_ap: 0.9824 time: 0.7071s
INFO:root:Epoch: 0260 val_loss: 1.0233 val_roc: 0.9031 val_ap: 0.9034
INFO:root:Epoch: 0265 lr: 0.01 train_loss: 0.4341 train_roc: 0.9874 train_ap: 0.9848 time: 0.7060s
INFO:root:Epoch: 0265 val_loss: 1.0064 val_roc: 0.9040 val_ap: 0.9040
INFO:root:Epoch: 0270 lr: 0.01 train_loss: 0.3936 train_roc: 0.9867 train_ap: 0.9830 time: 0.7540s
INFO:root:Epoch: 0270 val_loss: 0.9991 val_roc: 0.9041 val_ap: 0.9040
INFO:root:Epoch: 0275 lr: 0.01 train_loss: 0.3833 train_roc: 0.9903 train_ap: 0.9866 time: 0.7131s
INFO:root:Epoch: 0275 val_loss: 0.9955 val_roc: 0.9036 val_ap: 0.9033
INFO:root:Epoch: 0280 lr: 0.01 train_loss: 0.5171 train_roc: 0.9900 train_ap: 0.9871 time: 0.7331s
INFO:root:Epoch: 0280 val_loss: 1.0087 val_roc: 0.9031 val_ap: 0.9025
INFO:root:Epoch: 0285 lr: 0.01 train_loss: 0.4014 train_roc: 0.9905 train_ap: 0.9858 time: 0.7108s
INFO:root:Epoch: 0285 val_loss: 0.9564 val_roc: 0.9031 val_ap: 0.9034
INFO:root:Epoch: 0290 lr: 0.01 train_loss: 0.3724 train_roc: 0.9891 train_ap: 0.9861 time: 0.7152s
INFO:root:Epoch: 0290 val_loss: 0.9617 val_roc: 0.9041 val_ap: 0.9042
INFO:root:Epoch: 0295 lr: 0.01 train_loss: 0.3710 train_roc: 0.9906 train_ap: 0.9882 time: 0.7116s
INFO:root:Epoch: 0295 val_loss: 0.9589 val_roc: 0.9039 val_ap: 0.9046
INFO:root:Epoch: 0300 lr: 0.01 train_loss: 0.3772 train_roc: 0.9901 train_ap: 0.9884 time: 0.7130s
INFO:root:Epoch: 0300 val_loss: 0.9472 val_roc: 0.9035 val_ap: 0.9042
INFO:root:Epoch: 0305 lr: 0.01 train_loss: 0.3720 train_roc: 0.9899 train_ap: 0.9859 time: 0.7239s
INFO:root:Epoch: 0305 val_loss: 0.9318 val_roc: 0.9034 val_ap: 0.9042
INFO:root:Epoch: 0310 lr: 0.01 train_loss: 0.3736 train_roc: 0.9884 train_ap: 0.9850 time: 0.7204s
INFO:root:Epoch: 0310 val_loss: 0.9192 val_roc: 0.9031 val_ap: 0.9043
INFO:root:Epoch: 0315 lr: 0.01 train_loss: 0.3792 train_roc: 0.9883 train_ap: 0.9860 time: 0.7163s
INFO:root:Epoch: 0315 val_loss: 0.9213 val_roc: 0.9020 val_ap: 0.9036
INFO:root:Epoch: 0320 lr: 0.01 train_loss: 0.3598 train_roc: 0.9908 train_ap: 0.9881 time: 0.7067s
INFO:root:Epoch: 0320 val_loss: 1.0093 val_roc: 0.9013 val_ap: 0.9029
INFO:root:Epoch: 0325 lr: 0.01 train_loss: 0.4185 train_roc: 0.9892 train_ap: 0.9847 time: 0.7133s
INFO:root:Epoch: 0325 val_loss: 1.0891 val_roc: 0.9011 val_ap: 0.9027
INFO:root:Epoch: 0330 lr: 0.01 train_loss: 0.4292 train_roc: 0.9893 train_ap: 0.9836 time: 0.7111s
INFO:root:Epoch: 0330 val_loss: 1.0451 val_roc: 0.9006 val_ap: 0.9027
INFO:root:Epoch: 0335 lr: 0.01 train_loss: 0.3794 train_roc: 0.9878 train_ap: 0.9829 time: 0.7628s
INFO:root:Epoch: 0335 val_loss: 0.9632 val_roc: 0.9010 val_ap: 0.9038
INFO:root:Epoch: 0340 lr: 0.01 train_loss: 0.3697 train_roc: 0.9898 train_ap: 0.9833 time: 0.7295s
INFO:root:Epoch: 0340 val_loss: 0.9581 val_roc: 0.9012 val_ap: 0.9039
INFO:root:Epoch: 0345 lr: 0.01 train_loss: 0.3821 train_roc: 0.9881 train_ap: 0.9840 time: 0.7236s
INFO:root:Epoch: 0345 val_loss: 0.9748 val_roc: 0.9013 val_ap: 0.9039
INFO:root:Epoch: 0350 lr: 0.01 train_loss: 0.3582 train_roc: 0.9901 train_ap: 0.9850 time: 0.7214s
INFO:root:Epoch: 0350 val_loss: 1.0041 val_roc: 0.9015 val_ap: 0.9044
INFO:root:Epoch: 0355 lr: 0.01 train_loss: 0.3570 train_roc: 0.9912 train_ap: 0.9877 time: 0.7242s
INFO:root:Epoch: 0355 val_loss: 0.9790 val_roc: 0.9013 val_ap: 0.9043
INFO:root:Epoch: 0360 lr: 0.01 train_loss: 0.3545 train_roc: 0.9922 train_ap: 0.9887 time: 0.7269s
INFO:root:Epoch: 0360 val_loss: 0.9578 val_roc: 0.9013 val_ap: 0.9048
INFO:root:Epoch: 0365 lr: 0.01 train_loss: 0.3658 train_roc: 0.9905 train_ap: 0.9855 time: 0.7153s
INFO:root:Epoch: 0365 val_loss: 0.9509 val_roc: 0.9016 val_ap: 0.9050
INFO:root:Epoch: 0370 lr: 0.01 train_loss: 0.3730 train_roc: 0.9897 train_ap: 0.9863 time: 0.7350s
INFO:root:Epoch: 0370 val_loss: 1.0041 val_roc: 0.9016 val_ap: 0.9039
INFO:root:Epoch: 0375 lr: 0.01 train_loss: 0.3752 train_roc: 0.9903 train_ap: 0.9873 time: 0.7372s
INFO:root:Epoch: 0375 val_loss: 1.0434 val_roc: 0.9022 val_ap: 0.9042
INFO:root:Epoch: 0380 lr: 0.01 train_loss: 0.3571 train_roc: 0.9902 train_ap: 0.9859 time: 0.7485s
INFO:root:Epoch: 0380 val_loss: 1.0654 val_roc: 0.9022 val_ap: 0.9038
INFO:root:Epoch: 0385 lr: 0.01 train_loss: 0.3525 train_roc: 0.9924 train_ap: 0.9910 time: 0.7964s
INFO:root:Epoch: 0385 val_loss: 1.0761 val_roc: 0.9023 val_ap: 0.9037
INFO:root:Epoch: 0390 lr: 0.01 train_loss: 0.3813 train_roc: 0.9905 train_ap: 0.9879 time: 0.7204s
INFO:root:Epoch: 0390 val_loss: 1.0574 val_roc: 0.9027 val_ap: 0.9038
INFO:root:Early stopping
INFO:root:Optimization Finished!
INFO:root:Total time elapsed: 452.9425s
INFO:root:Val set results: val_loss: 0.9615 val_roc: 0.9041 val_ap: 0.9044
INFO:root:Test set results: test_loss: 0.8392 test_roc: 0.9296 test_ap: 0.9292
INFO:root:Saved model in /workspace/xiongbo/hgcn/logs/lp/2021_4_22/10
