INFO:root:Using: cuda:0
INFO:root:Using seed 1234.
INFO:root:Num classes: 7
INFO:root:NCModel(
  (encoder): HGCN(
    (layers): Sequential(
      (0): HyperbolicGraphConvolution(
        (linear): HypLinear(in_features=1434, out_features=16, c=tensor([-1.], device='cuda:0', grad_fn=<CopyBackwards>))
        (agg): HypAgg(c=tensor([-1.], device='cuda:0', grad_fn=<CopyBackwards>))
        (hyp_act): HypAct(c_in=tensor([-1.], device='cuda:0', grad_fn=<CopyBackwards>), c_out=tensor([-1.], device='cuda:0', grad_fn=<CopyBackwards>))
      )
    )
  )
  (decoder): LinearDecoder(
    in_features=16, out_features=7, bias=1, c=tensor([-1.], device='cuda:0', grad_fn=<CopyBackwards>)
    (cls): Linear(
      (linear): Linear(in_features=16, out_features=7, bias=True)
    )
  )
)
INFO:root:Total number of parameters: 23079
/workspace/anaconda3/envs/geo/lib/python3.7/site-packages/torch/optim/lr_scheduler.py:370: UserWarning: To get the last learning rate computed by the scheduler, please use `get_last_lr()`.
  "please use `get_last_lr()`.", UserWarning)
INFO:root:Epoch: 0005 lr: 0.01 train_loss: 1.9519 train_acc: 0.1786 train_f1: 0.1786 time: 1.0942s
INFO:root:Epoch: 0005 val_loss: 1.9366 val_acc: 0.1340 val_f1: 0.1340
INFO:root:Epoch: 0010 lr: 0.01 train_loss: 1.9188 train_acc: 0.1857 train_f1: 0.1857 time: 1.1309s
INFO:root:Epoch: 0010 val_loss: 1.9376 val_acc: 0.1580 val_f1: 0.1580
INFO:root:Epoch: 0015 lr: 0.01 train_loss: 1.8880 train_acc: 0.3286 train_f1: 0.3286 time: 0.9903s
INFO:root:Epoch: 0015 val_loss: 1.9306 val_acc: 0.2260 val_f1: 0.2260
INFO:root:Epoch: 0020 lr: 0.01 train_loss: 1.8647 train_acc: 0.2857 train_f1: 0.2857 time: 1.1430s
INFO:root:Epoch: 0020 val_loss: 1.9014 val_acc: 0.3720 val_f1: 0.3720
INFO:root:Epoch: 0025 lr: 0.01 train_loss: 1.8146 train_acc: 0.4429 train_f1: 0.4429 time: 1.1217s
INFO:root:Epoch: 0025 val_loss: 1.8612 val_acc: 0.5180 val_f1: 0.5180
INFO:root:Epoch: 0030 lr: 0.01 train_loss: 1.7611 train_acc: 0.4786 train_f1: 0.4786 time: 0.9803s
INFO:root:Epoch: 0030 val_loss: 1.8364 val_acc: 0.5460 val_f1: 0.5460
INFO:root:Epoch: 0035 lr: 0.01 train_loss: 1.6737 train_acc: 0.5429 train_f1: 0.5429 time: 1.0971s
INFO:root:Epoch: 0035 val_loss: 1.8087 val_acc: 0.4920 val_f1: 0.4920
INFO:root:Epoch: 0040 lr: 0.01 train_loss: 1.5652 train_acc: 0.6357 train_f1: 0.6357 time: 1.0182s
INFO:root:Epoch: 0040 val_loss: 1.7552 val_acc: 0.5860 val_f1: 0.5860
INFO:root:Epoch: 0045 lr: 0.01 train_loss: 1.5559 train_acc: 0.5500 train_f1: 0.5500 time: 1.0146s
INFO:root:Epoch: 0045 val_loss: 1.6997 val_acc: 0.6340 val_f1: 0.6340
INFO:root:Epoch: 0050 lr: 0.01 train_loss: 1.4459 train_acc: 0.5571 train_f1: 0.5571 time: 1.1252s
INFO:root:Epoch: 0050 val_loss: 1.6697 val_acc: 0.6180 val_f1: 0.6180
INFO:root:Epoch: 0055 lr: 0.01 train_loss: 1.3107 train_acc: 0.6357 train_f1: 0.6357 time: 0.9836s
INFO:root:Epoch: 0055 val_loss: 1.6126 val_acc: 0.6860 val_f1: 0.6860
INFO:root:Epoch: 0060 lr: 0.01 train_loss: 1.3376 train_acc: 0.5929 train_f1: 0.5929 time: 1.0799s
INFO:root:Epoch: 0060 val_loss: 1.5375 val_acc: 0.7440 val_f1: 0.7440
INFO:root:Epoch: 0065 lr: 0.01 train_loss: 1.2394 train_acc: 0.6143 train_f1: 0.6143 time: 1.0798s
INFO:root:Epoch: 0065 val_loss: 1.4944 val_acc: 0.7420 val_f1: 0.7420
INFO:root:Epoch: 0070 lr: 0.01 train_loss: 1.2451 train_acc: 0.5357 train_f1: 0.5357 time: 1.0303s
INFO:root:Epoch: 0070 val_loss: 1.4600 val_acc: 0.7480 val_f1: 0.7480
INFO:root:Epoch: 0075 lr: 0.01 train_loss: 1.1884 train_acc: 0.6071 train_f1: 0.6071 time: 1.1239s
INFO:root:Epoch: 0075 val_loss: 1.4100 val_acc: 0.7500 val_f1: 0.7500
INFO:root:Epoch: 0080 lr: 0.01 train_loss: 1.0901 train_acc: 0.5929 train_f1: 0.5929 time: 0.9779s
INFO:root:Epoch: 0080 val_loss: 1.3739 val_acc: 0.7440 val_f1: 0.7440
INFO:root:Epoch: 0085 lr: 0.01 train_loss: 1.0743 train_acc: 0.6000 train_f1: 0.6000 time: 1.1249s
INFO:root:Epoch: 0085 val_loss: 1.3420 val_acc: 0.7320 val_f1: 0.7320
INFO:root:Epoch: 0090 lr: 0.01 train_loss: 1.0554 train_acc: 0.6214 train_f1: 0.6214 time: 0.9860s
INFO:root:Epoch: 0090 val_loss: 1.2888 val_acc: 0.7500 val_f1: 0.7500
INFO:root:Epoch: 0095 lr: 0.01 train_loss: 0.9733 train_acc: 0.6714 train_f1: 0.6714 time: 1.1067s
INFO:root:Epoch: 0095 val_loss: 1.2604 val_acc: 0.7500 val_f1: 0.7500
INFO:root:Epoch: 0100 lr: 0.01 train_loss: 0.8951 train_acc: 0.6429 train_f1: 0.6429 time: 1.1528s
INFO:root:Epoch: 0100 val_loss: 1.2253 val_acc: 0.7380 val_f1: 0.7380
INFO:root:Epoch: 0105 lr: 0.01 train_loss: 0.7958 train_acc: 0.6571 train_f1: 0.6571 time: 0.9451s
INFO:root:Epoch: 0105 val_loss: 1.1934 val_acc: 0.7640 val_f1: 0.7640
INFO:root:Epoch: 0110 lr: 0.01 train_loss: 0.9215 train_acc: 0.6500 train_f1: 0.6500 time: 1.1020s
INFO:root:Epoch: 0110 val_loss: 1.1656 val_acc: 0.7660 val_f1: 0.7660
INFO:root:Epoch: 0115 lr: 0.01 train_loss: 0.9958 train_acc: 0.5786 train_f1: 0.5786 time: 1.1206s
INFO:root:Epoch: 0115 val_loss: 1.1453 val_acc: 0.7600 val_f1: 0.7600
INFO:root:Epoch: 0120 lr: 0.01 train_loss: 0.9686 train_acc: 0.5786 train_f1: 0.5786 time: 0.9400s
INFO:root:Epoch: 0120 val_loss: 1.1312 val_acc: 0.7540 val_f1: 0.7540
INFO:root:Epoch: 0125 lr: 0.01 train_loss: 0.8762 train_acc: 0.6500 train_f1: 0.6500 time: 1.2008s
INFO:root:Epoch: 0125 val_loss: 1.1108 val_acc: 0.7560 val_f1: 0.7560
INFO:root:Epoch: 0130 lr: 0.01 train_loss: 0.7564 train_acc: 0.6714 train_f1: 0.6714 time: 1.2913s
INFO:root:Epoch: 0130 val_loss: 1.0812 val_acc: 0.7700 val_f1: 0.7700
INFO:root:Epoch: 0135 lr: 0.01 train_loss: 0.8895 train_acc: 0.6143 train_f1: 0.6143 time: 1.0698s
INFO:root:Epoch: 0135 val_loss: 1.0777 val_acc: 0.7720 val_f1: 0.7720
INFO:root:Epoch: 0140 lr: 0.01 train_loss: 0.6996 train_acc: 0.6929 train_f1: 0.6929 time: 1.1466s
INFO:root:Epoch: 0140 val_loss: 1.0723 val_acc: 0.7560 val_f1: 0.7560
INFO:root:Epoch: 0145 lr: 0.01 train_loss: 0.8156 train_acc: 0.6786 train_f1: 0.6786 time: 0.9088s
INFO:root:Epoch: 0145 val_loss: 1.0481 val_acc: 0.7560 val_f1: 0.7560
INFO:root:Epoch: 0150 lr: 0.01 train_loss: 0.8773 train_acc: 0.6071 train_f1: 0.6071 time: 1.2888s
INFO:root:Epoch: 0150 val_loss: 1.0297 val_acc: 0.7580 val_f1: 0.7580
INFO:root:Epoch: 0155 lr: 0.01 train_loss: 0.7497 train_acc: 0.6643 train_f1: 0.6643 time: 1.1807s
INFO:root:Epoch: 0155 val_loss: 1.0279 val_acc: 0.7640 val_f1: 0.7640
INFO:root:Epoch: 0160 lr: 0.01 train_loss: 0.7485 train_acc: 0.6786 train_f1: 0.6786 time: 1.1056s
INFO:root:Epoch: 0160 val_loss: 1.0316 val_acc: 0.7660 val_f1: 0.7660
INFO:root:Epoch: 0165 lr: 0.01 train_loss: 0.8154 train_acc: 0.6429 train_f1: 0.6429 time: 1.2431s
INFO:root:Epoch: 0165 val_loss: 1.0210 val_acc: 0.7660 val_f1: 0.7660
INFO:root:Epoch: 0170 lr: 0.01 train_loss: 0.7983 train_acc: 0.6786 train_f1: 0.6786 time: 0.3699s
INFO:root:Epoch: 0170 val_loss: 0.9958 val_acc: 0.7640 val_f1: 0.7640
INFO:root:Epoch: 0175 lr: 0.01 train_loss: 0.7713 train_acc: 0.6214 train_f1: 0.6214 time: 0.4249s
INFO:root:Epoch: 0175 val_loss: 0.9898 val_acc: 0.7600 val_f1: 0.7600
INFO:root:Epoch: 0180 lr: 0.01 train_loss: 0.8846 train_acc: 0.5929 train_f1: 0.5929 time: 0.4151s
INFO:root:Epoch: 0180 val_loss: 0.9956 val_acc: 0.7560 val_f1: 0.7560
INFO:root:Epoch: 0185 lr: 0.01 train_loss: 0.6561 train_acc: 0.7000 train_f1: 0.7000 time: 1.2769s
INFO:root:Epoch: 0185 val_loss: 0.9906 val_acc: 0.7580 val_f1: 0.7580
INFO:root:Epoch: 0190 lr: 0.01 train_loss: 0.7324 train_acc: 0.6571 train_f1: 0.6571 time: 1.0125s
INFO:root:Epoch: 0190 val_loss: 0.9673 val_acc: 0.7640 val_f1: 0.7640
INFO:root:Epoch: 0195 lr: 0.01 train_loss: 0.6816 train_acc: 0.7071 train_f1: 0.7071 time: 1.0731s
INFO:root:Epoch: 0195 val_loss: 0.9521 val_acc: 0.7640 val_f1: 0.7640
INFO:root:Epoch: 0200 lr: 0.01 train_loss: 0.8071 train_acc: 0.6000 train_f1: 0.6000 time: 1.2874s
INFO:root:Epoch: 0200 val_loss: 0.9565 val_acc: 0.7600 val_f1: 0.7600
INFO:root:Epoch: 0205 lr: 0.01 train_loss: 0.7247 train_acc: 0.7071 train_f1: 0.7071 time: 1.1437s
INFO:root:Epoch: 0205 val_loss: 0.9683 val_acc: 0.7580 val_f1: 0.7580
INFO:root:Epoch: 0210 lr: 0.01 train_loss: 0.6756 train_acc: 0.6786 train_f1: 0.6786 time: 1.0976s
INFO:root:Epoch: 0210 val_loss: 0.9575 val_acc: 0.7700 val_f1: 0.7700
INFO:root:Epoch: 0215 lr: 0.01 train_loss: 0.7596 train_acc: 0.6571 train_f1: 0.6571 time: 1.2370s
INFO:root:Epoch: 0215 val_loss: 0.9529 val_acc: 0.7580 val_f1: 0.7580
INFO:root:Epoch: 0220 lr: 0.01 train_loss: 0.6818 train_acc: 0.6857 train_f1: 0.6857 time: 1.2780s
INFO:root:Epoch: 0220 val_loss: 0.9681 val_acc: 0.7340 val_f1: 0.7340
INFO:root:Epoch: 0225 lr: 0.01 train_loss: 0.7749 train_acc: 0.6500 train_f1: 0.6500 time: 1.2253s
INFO:root:Epoch: 0225 val_loss: 0.9309 val_acc: 0.7480 val_f1: 0.7480
INFO:root:Epoch: 0230 lr: 0.01 train_loss: 0.7960 train_acc: 0.6214 train_f1: 0.6214 time: 1.1483s
INFO:root:Epoch: 0230 val_loss: 0.9218 val_acc: 0.7600 val_f1: 0.7600
INFO:root:Epoch: 0235 lr: 0.01 train_loss: 0.7801 train_acc: 0.6000 train_f1: 0.6000 time: 1.1213s
INFO:root:Epoch: 0235 val_loss: 0.9544 val_acc: 0.7660 val_f1: 0.7660
INFO:root:Epoch: 0240 lr: 0.01 train_loss: 0.8372 train_acc: 0.5786 train_f1: 0.5786 time: 1.2790s
INFO:root:Epoch: 0240 val_loss: 0.9607 val_acc: 0.7560 val_f1: 0.7560
INFO:root:Epoch: 0245 lr: 0.01 train_loss: 0.7663 train_acc: 0.6071 train_f1: 0.6071 time: 1.2869s
INFO:root:Epoch: 0245 val_loss: 0.9170 val_acc: 0.7620 val_f1: 0.7620
INFO:root:Epoch: 0250 lr: 0.01 train_loss: 0.7465 train_acc: 0.6571 train_f1: 0.6571 time: 1.1489s
INFO:root:Epoch: 0250 val_loss: 0.8958 val_acc: 0.7660 val_f1: 0.7660
INFO:root:Epoch: 0255 lr: 0.01 train_loss: 0.7368 train_acc: 0.6214 train_f1: 0.6214 time: 1.2533s
INFO:root:Epoch: 0255 val_loss: 0.9025 val_acc: 0.7620 val_f1: 0.7620
INFO:root:Epoch: 0260 lr: 0.01 train_loss: 0.7743 train_acc: 0.6214 train_f1: 0.6214 time: 1.2812s
INFO:root:Epoch: 0260 val_loss: 0.9212 val_acc: 0.7600 val_f1: 0.7600
INFO:root:Epoch: 0265 lr: 0.01 train_loss: 0.7898 train_acc: 0.6071 train_f1: 0.6071 time: 1.1267s
INFO:root:Epoch: 0265 val_loss: 0.9216 val_acc: 0.7580 val_f1: 0.7580
INFO:root:Epoch: 0270 lr: 0.01 train_loss: 0.7020 train_acc: 0.6857 train_f1: 0.6857 time: 1.2342s
INFO:root:Epoch: 0270 val_loss: 0.8945 val_acc: 0.7480 val_f1: 0.7480
INFO:root:Epoch: 0275 lr: 0.01 train_loss: 0.7723 train_acc: 0.6071 train_f1: 0.6071 time: 1.2812s
INFO:root:Epoch: 0275 val_loss: 0.8963 val_acc: 0.7620 val_f1: 0.7620
INFO:root:Epoch: 0280 lr: 0.01 train_loss: 0.7881 train_acc: 0.6286 train_f1: 0.6286 time: 1.2832s
INFO:root:Epoch: 0280 val_loss: 0.8920 val_acc: 0.7580 val_f1: 0.7580
INFO:root:Epoch: 0285 lr: 0.01 train_loss: 0.7456 train_acc: 0.6500 train_f1: 0.6500 time: 1.1544s
INFO:root:Epoch: 0285 val_loss: 0.8980 val_acc: 0.7620 val_f1: 0.7620
INFO:root:Epoch: 0290 lr: 0.01 train_loss: 0.7240 train_acc: 0.6429 train_f1: 0.6429 time: 1.1571s
INFO:root:Epoch: 0290 val_loss: 0.9011 val_acc: 0.7680 val_f1: 0.7680
INFO:root:Epoch: 0295 lr: 0.01 train_loss: 0.7779 train_acc: 0.6214 train_f1: 0.6214 time: 1.2663s
INFO:root:Epoch: 0295 val_loss: 0.8821 val_acc: 0.7680 val_f1: 0.7680
INFO:root:Epoch: 0300 lr: 0.01 train_loss: 0.7168 train_acc: 0.6214 train_f1: 0.6214 time: 1.2740s
INFO:root:Epoch: 0300 val_loss: 0.8790 val_acc: 0.7620 val_f1: 0.7620
INFO:root:Epoch: 0305 lr: 0.01 train_loss: 0.8055 train_acc: 0.6071 train_f1: 0.6071 time: 1.1781s
INFO:root:Epoch: 0305 val_loss: 0.8884 val_acc: 0.7520 val_f1: 0.7520
INFO:root:Epoch: 0310 lr: 0.01 train_loss: 0.7909 train_acc: 0.5929 train_f1: 0.5929 time: 1.1405s
INFO:root:Epoch: 0310 val_loss: 0.9005 val_acc: 0.7540 val_f1: 0.7540
INFO:root:Early stopping
INFO:root:Optimization Finished!
INFO:root:Total time elapsed: 425.5488s
INFO:root:Val set results: val_loss: 0.9553 val_acc: 0.7740 val_f1: 0.7740
INFO:root:Test set results: test_loss: 0.9289 test_acc: 0.7680 test_f1: 0.7680
INFO:root:Saved model in /workspace/xiongbo/hgcn/logs/nc/2021_4_22/22
