INFO:root:Using: cuda:0
INFO:root:Using seed 1234.
INFO:root:LPModel(
  (encoder): HGCN(
    (layers): Sequential(
      (0): HyperbolicGraphConvolution(
        (linear): HypLinear(in_features=1434, out_features=16, c=tensor([-1.], device='cuda:0', grad_fn=<CopyBackwards>))
        (agg): HypAgg(c=tensor([-1.], device='cuda:0', grad_fn=<CopyBackwards>))
        (hyp_act): HypAct(c_in=tensor([-1.], device='cuda:0', grad_fn=<CopyBackwards>), c_out=tensor([-1.], device='cuda:0', grad_fn=<CopyBackwards>))
      )
      (1): HyperbolicGraphConvolution(
        (linear): HypLinear(in_features=16, out_features=16, c=tensor([-1.], device='cuda:0', grad_fn=<CopyBackwards>))
        (agg): HypAgg(c=tensor([-1.], device='cuda:0', grad_fn=<CopyBackwards>))
        (hyp_act): HypAct(c_in=tensor([-1.], device='cuda:0', grad_fn=<CopyBackwards>), c_out=tensor([-1.], device='cuda:0', grad_fn=<CopyBackwards>))
      )
    )
  )
  (dc): FermiDiracDecoder()
)
INFO:root:Total number of parameters: 23232
/workspace/anaconda3/envs/geo/lib/python3.7/site-packages/torch/optim/lr_scheduler.py:370: UserWarning: To get the last learning rate computed by the scheduler, please use `get_last_lr()`.
  "please use `get_last_lr()`.", UserWarning)
INFO:root:Epoch: 0005 lr: 0.01 train_loss: 2.2462 train_roc: 0.9619 train_ap: 0.9577 time: 2.1226s
INFO:root:Epoch: 0005 val_loss: 2.2501 val_roc: 0.7993 val_ap: 0.8177
INFO:root:Epoch: 0010 lr: 0.01 train_loss: 2.2293 train_roc: 0.9693 train_ap: 0.9675 time: 2.1380s
INFO:root:Epoch: 0010 val_loss: 2.2358 val_roc: 0.8367 val_ap: 0.8506
INFO:root:Epoch: 0015 lr: 0.01 train_loss: 2.1980 train_roc: 0.9699 train_ap: 0.9705 time: 0.7071s
INFO:root:Epoch: 0015 val_loss: 2.1907 val_roc: 0.8442 val_ap: 0.8555
INFO:root:Epoch: 0020 lr: 0.01 train_loss: 2.0057 train_roc: 0.9718 train_ap: 0.9697 time: 2.0674s
INFO:root:Epoch: 0020 val_loss: 2.0595 val_roc: 0.8476 val_ap: 0.8576
INFO:root:Epoch: 0025 lr: 0.01 train_loss: 1.6079 train_roc: 0.9667 train_ap: 0.9642 time: 2.0730s
INFO:root:Epoch: 0025 val_loss: 1.7114 val_roc: 0.8503 val_ap: 0.8567
INFO:root:Epoch: 0030 lr: 0.01 train_loss: 0.9175 train_roc: 0.9647 train_ap: 0.9620 time: 2.1184s
INFO:root:Epoch: 0030 val_loss: 1.1415 val_roc: 0.8523 val_ap: 0.8559
INFO:root:Epoch: 0035 lr: 0.01 train_loss: 0.5688 train_roc: 0.9632 train_ap: 0.9633 time: 2.0363s
INFO:root:Epoch: 0035 val_loss: 1.1819 val_roc: 0.8558 val_ap: 0.8584
INFO:root:Epoch: 0040 lr: 0.01 train_loss: 0.7661 train_roc: 0.9707 train_ap: 0.9659 time: 2.1731s
INFO:root:Epoch: 0040 val_loss: 1.9039 val_roc: 0.8616 val_ap: 0.8632
INFO:root:Epoch: 0045 lr: 0.01 train_loss: 0.5788 train_roc: 0.9709 train_ap: 0.9686 time: 2.0904s
INFO:root:Epoch: 0045 val_loss: 1.7522 val_roc: 0.8696 val_ap: 0.8693
INFO:root:Epoch: 0050 lr: 0.01 train_loss: 0.4397 train_roc: 0.9819 train_ap: 0.9790 time: 2.1488s
INFO:root:Epoch: 0050 val_loss: 1.1748 val_roc: 0.8752 val_ap: 0.8732
INFO:root:Epoch: 0055 lr: 0.01 train_loss: 0.4259 train_roc: 0.9851 train_ap: 0.9808 time: 1.9355s
INFO:root:Epoch: 0055 val_loss: 0.9690 val_roc: 0.8783 val_ap: 0.8767
INFO:root:Epoch: 0060 lr: 0.01 train_loss: 0.4202 train_roc: 0.9839 train_ap: 0.9803 time: 2.1211s
INFO:root:Epoch: 0060 val_loss: 0.9473 val_roc: 0.8822 val_ap: 0.8822
INFO:root:Epoch: 0065 lr: 0.01 train_loss: 0.4096 train_roc: 0.9848 train_ap: 0.9798 time: 2.0911s
INFO:root:Epoch: 0065 val_loss: 0.9771 val_roc: 0.8856 val_ap: 0.8870
INFO:root:Epoch: 0070 lr: 0.01 train_loss: 0.4066 train_roc: 0.9860 train_ap: 0.9838 time: 2.0930s
INFO:root:Epoch: 0070 val_loss: 1.0223 val_roc: 0.8878 val_ap: 0.8898
INFO:root:Epoch: 0075 lr: 0.01 train_loss: 0.4027 train_roc: 0.9852 train_ap: 0.9775 time: 2.1263s
INFO:root:Epoch: 0075 val_loss: 1.0358 val_roc: 0.8889 val_ap: 0.8907
INFO:root:Epoch: 0080 lr: 0.01 train_loss: 0.3886 train_roc: 0.9885 train_ap: 0.9856 time: 2.0829s
INFO:root:Epoch: 0080 val_loss: 1.0170 val_roc: 0.8909 val_ap: 0.8928
INFO:root:Epoch: 0085 lr: 0.01 train_loss: 0.3876 train_roc: 0.9886 train_ap: 0.9868 time: 2.0405s
INFO:root:Epoch: 0085 val_loss: 1.0351 val_roc: 0.8928 val_ap: 0.8947
INFO:root:Epoch: 0090 lr: 0.01 train_loss: 0.4024 train_roc: 0.9885 train_ap: 0.9829 time: 1.9352s
INFO:root:Epoch: 0090 val_loss: 1.0380 val_roc: 0.8939 val_ap: 0.8957
INFO:root:Epoch: 0095 lr: 0.01 train_loss: 0.3756 train_roc: 0.9903 train_ap: 0.9874 time: 2.0500s
INFO:root:Epoch: 0095 val_loss: 1.0181 val_roc: 0.8958 val_ap: 0.8979
INFO:root:Epoch: 0100 lr: 0.01 train_loss: 0.3757 train_roc: 0.9890 train_ap: 0.9851 time: 2.0910s
INFO:root:Epoch: 0100 val_loss: 0.9519 val_roc: 0.8983 val_ap: 0.9013
INFO:root:Epoch: 0105 lr: 0.01 train_loss: 0.3772 train_roc: 0.9877 train_ap: 0.9814 time: 2.0765s
INFO:root:Epoch: 0105 val_loss: 0.9429 val_roc: 0.9000 val_ap: 0.9036
INFO:root:Epoch: 0110 lr: 0.01 train_loss: 0.3661 train_roc: 0.9897 train_ap: 0.9846 time: 2.1048s
INFO:root:Epoch: 0110 val_loss: 0.9549 val_roc: 0.9012 val_ap: 0.9049
INFO:root:Epoch: 0115 lr: 0.01 train_loss: 0.3801 train_roc: 0.9910 train_ap: 0.9881 time: 2.1148s
INFO:root:Epoch: 0115 val_loss: 0.9351 val_roc: 0.9018 val_ap: 0.9057
INFO:root:Epoch: 0120 lr: 0.01 train_loss: 0.3577 train_roc: 0.9922 train_ap: 0.9884 time: 2.0868s
INFO:root:Epoch: 0120 val_loss: 0.9435 val_roc: 0.9029 val_ap: 0.9065
INFO:root:Epoch: 0125 lr: 0.01 train_loss: 0.3646 train_roc: 0.9898 train_ap: 0.9841 time: 2.1089s
INFO:root:Epoch: 0125 val_loss: 0.9460 val_roc: 0.9035 val_ap: 0.9070
INFO:root:Epoch: 0130 lr: 0.01 train_loss: 0.3425 train_roc: 0.9923 train_ap: 0.9898 time: 2.2139s
INFO:root:Epoch: 0130 val_loss: 0.9361 val_roc: 0.9035 val_ap: 0.9065
INFO:root:Epoch: 0135 lr: 0.01 train_loss: 0.3610 train_roc: 0.9923 train_ap: 0.9885 time: 2.0887s
INFO:root:Epoch: 0135 val_loss: 0.9133 val_roc: 0.9028 val_ap: 0.9062
INFO:root:Epoch: 0140 lr: 0.01 train_loss: 0.3368 train_roc: 0.9941 train_ap: 0.9919 time: 1.6006s
INFO:root:Epoch: 0140 val_loss: 0.9289 val_roc: 0.9019 val_ap: 0.9050
INFO:root:Epoch: 0145 lr: 0.01 train_loss: 0.3577 train_roc: 0.9914 train_ap: 0.9867 time: 2.0126s
INFO:root:Epoch: 0145 val_loss: 0.9514 val_roc: 0.9019 val_ap: 0.9047
INFO:root:Epoch: 0150 lr: 0.01 train_loss: 0.3730 train_roc: 0.9907 train_ap: 0.9865 time: 2.1493s
INFO:root:Epoch: 0150 val_loss: 1.0028 val_roc: 0.9028 val_ap: 0.9053
INFO:root:Epoch: 0155 lr: 0.01 train_loss: 0.3630 train_roc: 0.9918 train_ap: 0.9895 time: 2.0285s
INFO:root:Epoch: 0155 val_loss: 0.9834 val_roc: 0.9036 val_ap: 0.9068
INFO:root:Epoch: 0160 lr: 0.01 train_loss: 0.3803 train_roc: 0.9917 train_ap: 0.9886 time: 2.0385s
INFO:root:Epoch: 0160 val_loss: 0.9611 val_roc: 0.9041 val_ap: 0.9076
INFO:root:Epoch: 0165 lr: 0.01 train_loss: 0.3722 train_roc: 0.9920 train_ap: 0.9882 time: 2.0966s
INFO:root:Epoch: 0165 val_loss: 0.9576 val_roc: 0.9046 val_ap: 0.9084
INFO:root:Epoch: 0170 lr: 0.01 train_loss: 0.3499 train_roc: 0.9918 train_ap: 0.9898 time: 2.0846s
INFO:root:Epoch: 0170 val_loss: 0.9536 val_roc: 0.9053 val_ap: 0.9091
INFO:root:Epoch: 0175 lr: 0.01 train_loss: 0.3442 train_roc: 0.9929 train_ap: 0.9899 time: 1.9426s
INFO:root:Epoch: 0175 val_loss: 1.0018 val_roc: 0.9057 val_ap: 0.9098
INFO:root:Epoch: 0180 lr: 0.01 train_loss: 0.3419 train_roc: 0.9931 train_ap: 0.9893 time: 2.0832s
INFO:root:Epoch: 0180 val_loss: 0.9606 val_roc: 0.9062 val_ap: 0.9103
INFO:root:Epoch: 0185 lr: 0.01 train_loss: 0.3538 train_roc: 0.9923 train_ap: 0.9877 time: 2.0856s
INFO:root:Epoch: 0185 val_loss: 0.9171 val_roc: 0.9070 val_ap: 0.9112
INFO:root:Epoch: 0190 lr: 0.01 train_loss: 0.3488 train_roc: 0.9923 train_ap: 0.9881 time: 2.0924s
INFO:root:Epoch: 0190 val_loss: 0.9137 val_roc: 0.9061 val_ap: 0.9100
INFO:root:Epoch: 0195 lr: 0.01 train_loss: 0.3728 train_roc: 0.9933 train_ap: 0.9901 time: 2.0899s
INFO:root:Epoch: 0195 val_loss: 0.9185 val_roc: 0.9064 val_ap: 0.9099
INFO:root:Epoch: 0200 lr: 0.01 train_loss: 0.3567 train_roc: 0.9937 train_ap: 0.9911 time: 2.1061s
INFO:root:Epoch: 0200 val_loss: 0.9113 val_roc: 0.9066 val_ap: 0.9097
INFO:root:Epoch: 0205 lr: 0.01 train_loss: 0.3404 train_roc: 0.9926 train_ap: 0.9879 time: 2.0819s
INFO:root:Epoch: 0205 val_loss: 0.9851 val_roc: 0.9074 val_ap: 0.9093
INFO:root:Epoch: 0210 lr: 0.01 train_loss: 0.3455 train_roc: 0.9933 train_ap: 0.9909 time: 2.0686s
INFO:root:Epoch: 0210 val_loss: 1.0257 val_roc: 0.9075 val_ap: 0.9090
INFO:root:Epoch: 0215 lr: 0.01 train_loss: 0.3357 train_roc: 0.9934 train_ap: 0.9907 time: 2.0677s
INFO:root:Epoch: 0215 val_loss: 1.0525 val_roc: 0.9072 val_ap: 0.9085
INFO:root:Epoch: 0220 lr: 0.01 train_loss: 0.3290 train_roc: 0.9939 train_ap: 0.9902 time: 2.0933s
INFO:root:Epoch: 0220 val_loss: 0.9892 val_roc: 0.9073 val_ap: 0.9089
INFO:root:Epoch: 0225 lr: 0.01 train_loss: 0.3367 train_roc: 0.9929 train_ap: 0.9876 time: 2.0749s
INFO:root:Epoch: 0225 val_loss: 0.9254 val_roc: 0.9068 val_ap: 0.9093
INFO:root:Epoch: 0230 lr: 0.01 train_loss: 0.3355 train_roc: 0.9940 train_ap: 0.9918 time: 2.0968s
INFO:root:Epoch: 0230 val_loss: 0.9316 val_roc: 0.9068 val_ap: 0.9097
INFO:root:Epoch: 0235 lr: 0.01 train_loss: 0.3311 train_roc: 0.9943 train_ap: 0.9937 time: 2.0610s
INFO:root:Epoch: 0235 val_loss: 0.9265 val_roc: 0.9068 val_ap: 0.9102
INFO:root:Epoch: 0240 lr: 0.01 train_loss: 0.3313 train_roc: 0.9937 train_ap: 0.9913 time: 2.1187s
INFO:root:Epoch: 0240 val_loss: 0.9060 val_roc: 0.9068 val_ap: 0.9109
INFO:root:Epoch: 0245 lr: 0.01 train_loss: 0.3558 train_roc: 0.9948 train_ap: 0.9935 time: 2.0640s
INFO:root:Epoch: 0245 val_loss: 0.8843 val_roc: 0.9069 val_ap: 0.9117
INFO:root:Epoch: 0250 lr: 0.01 train_loss: 0.3481 train_roc: 0.9944 train_ap: 0.9914 time: 2.0953s
INFO:root:Epoch: 0250 val_loss: 0.8987 val_roc: 0.9071 val_ap: 0.9119
INFO:root:Epoch: 0255 lr: 0.01 train_loss: 0.3326 train_roc: 0.9940 train_ap: 0.9918 time: 2.0775s
INFO:root:Epoch: 0255 val_loss: 0.9562 val_roc: 0.9072 val_ap: 0.9114
INFO:root:Epoch: 0260 lr: 0.01 train_loss: 0.3397 train_roc: 0.9934 train_ap: 0.9903 time: 2.1075s
INFO:root:Epoch: 0260 val_loss: 1.0392 val_roc: 0.9071 val_ap: 0.9100
INFO:root:Epoch: 0265 lr: 0.01 train_loss: 0.3282 train_roc: 0.9952 train_ap: 0.9938 time: 2.0400s
INFO:root:Epoch: 0265 val_loss: 0.9812 val_roc: 0.9064 val_ap: 0.9095
INFO:root:Epoch: 0270 lr: 0.01 train_loss: 0.3533 train_roc: 0.9926 train_ap: 0.9897 time: 2.0493s
INFO:root:Epoch: 0270 val_loss: 0.9087 val_roc: 0.9049 val_ap: 0.9090
INFO:root:Epoch: 0275 lr: 0.01 train_loss: 0.3430 train_roc: 0.9947 train_ap: 0.9919 time: 2.0762s
INFO:root:Epoch: 0275 val_loss: 0.9898 val_roc: 0.9030 val_ap: 0.9072
INFO:root:Epoch: 0280 lr: 0.01 train_loss: 0.3473 train_roc: 0.9944 train_ap: 0.9923 time: 2.0891s
INFO:root:Epoch: 0280 val_loss: 1.0301 val_roc: 0.9027 val_ap: 0.9067
INFO:root:Epoch: 0285 lr: 0.01 train_loss: 0.3552 train_roc: 0.9938 train_ap: 0.9897 time: 2.0597s
INFO:root:Epoch: 0285 val_loss: 0.9982 val_roc: 0.9027 val_ap: 0.9081
INFO:root:Epoch: 0290 lr: 0.01 train_loss: 0.3304 train_roc: 0.9939 train_ap: 0.9923 time: 0.7877s
INFO:root:Epoch: 0290 val_loss: 0.9803 val_roc: 0.9034 val_ap: 0.9088
INFO:root:Epoch: 0295 lr: 0.01 train_loss: 0.3224 train_roc: 0.9946 train_ap: 0.9924 time: 2.0879s
INFO:root:Epoch: 0295 val_loss: 0.9453 val_roc: 0.9029 val_ap: 0.9076
INFO:root:Epoch: 0300 lr: 0.01 train_loss: 0.3268 train_roc: 0.9948 train_ap: 0.9935 time: 0.7352s
INFO:root:Epoch: 0300 val_loss: 0.9520 val_roc: 0.9024 val_ap: 0.9066
INFO:root:Epoch: 0305 lr: 0.01 train_loss: 0.3212 train_roc: 0.9947 train_ap: 0.9911 time: 2.0220s
INFO:root:Epoch: 0305 val_loss: 0.9944 val_roc: 0.9020 val_ap: 0.9053
INFO:root:Epoch: 0310 lr: 0.01 train_loss: 0.3231 train_roc: 0.9942 train_ap: 0.9911 time: 2.0525s
INFO:root:Epoch: 0310 val_loss: 0.9281 val_roc: 0.9004 val_ap: 0.9037
INFO:root:Epoch: 0315 lr: 0.01 train_loss: 0.3388 train_roc: 0.9956 train_ap: 0.9952 time: 2.0697s
INFO:root:Epoch: 0315 val_loss: 0.9288 val_roc: 0.8978 val_ap: 0.9012
INFO:root:Epoch: 0320 lr: 0.01 train_loss: 0.3368 train_roc: 0.9949 train_ap: 0.9926 time: 1.8841s
INFO:root:Epoch: 0320 val_loss: 1.0640 val_roc: 0.8963 val_ap: 0.8987
INFO:root:Epoch: 0325 lr: 0.01 train_loss: 0.3709 train_roc: 0.9949 train_ap: 0.9910 time: 2.0689s
INFO:root:Epoch: 0325 val_loss: 1.0781 val_roc: 0.8963 val_ap: 0.8988
INFO:root:Epoch: 0330 lr: 0.01 train_loss: 0.3438 train_roc: 0.9928 train_ap: 0.9874 time: 2.0740s
INFO:root:Epoch: 0330 val_loss: 0.9953 val_roc: 0.8972 val_ap: 0.9004
INFO:root:Epoch: 0335 lr: 0.01 train_loss: 0.3608 train_roc: 0.9932 train_ap: 0.9891 time: 2.1018s
INFO:root:Epoch: 0335 val_loss: 0.9681 val_roc: 0.8980 val_ap: 0.9013
INFO:root:Epoch: 0340 lr: 0.01 train_loss: 0.3250 train_roc: 0.9936 train_ap: 0.9874 time: 2.0319s
INFO:root:Epoch: 0340 val_loss: 0.9886 val_roc: 0.8989 val_ap: 0.9014
INFO:root:Epoch: 0345 lr: 0.01 train_loss: 0.3173 train_roc: 0.9949 train_ap: 0.9913 time: 2.0840s
INFO:root:Epoch: 0345 val_loss: 1.0258 val_roc: 0.8985 val_ap: 0.9010
INFO:root:Epoch: 0350 lr: 0.01 train_loss: 0.3402 train_roc: 0.9934 train_ap: 0.9888 time: 2.0606s
INFO:root:Epoch: 0350 val_loss: 1.0439 val_roc: 0.8982 val_ap: 0.9018
INFO:root:Early stopping
INFO:root:Optimization Finished!
INFO:root:Total time elapsed: 895.2062s
INFO:root:Val set results: val_loss: 0.8987 val_roc: 0.9071 val_ap: 0.9119
INFO:root:Test set results: test_loss: 0.8199 test_roc: 0.9309 test_ap: 0.9344
INFO:root:Saved model in /workspace/xiongbo/hgcn/logs/lp/2021_4_22/4
