INFO:root:Using: cuda:0
INFO:root:Using seed 1234.
INFO:root:Num classes: 7
INFO:root:NCModel(
  (encoder): HGCN(
    (layers): Sequential(
      (0): HyperbolicGraphConvolution(
        (linear): HypLinear(in_features=1434, out_features=16, c=tensor([-1.], device='cuda:0', grad_fn=<CopyBackwards>))
        (agg): HypAgg(c=tensor([-1.], device='cuda:0', grad_fn=<CopyBackwards>))
        (hyp_act): HypAct(c_in=tensor([-1.], device='cuda:0', grad_fn=<CopyBackwards>), c_out=tensor([-1.], device='cuda:0', grad_fn=<CopyBackwards>))
      )
    )
  )
  (decoder): LinearDecoder(
    in_features=16, out_features=7, bias=1, c=tensor([-1.], device='cuda:0', grad_fn=<CopyBackwards>)
    (cls): Linear(
      (linear): Linear(in_features=16, out_features=7, bias=True)
    )
  )
)
INFO:root:Total number of parameters: 23079
/workspace/anaconda3/envs/geo/lib/python3.7/site-packages/torch/optim/lr_scheduler.py:370: UserWarning: To get the last learning rate computed by the scheduler, please use `get_last_lr()`.
  "please use `get_last_lr()`.", UserWarning)
INFO:root:Epoch: 0005 lr: 0.01 train_loss: 1.9516 train_acc: 0.1786 train_f1: 0.1786 time: 0.3834s
INFO:root:Epoch: 0005 val_loss: 1.9363 val_acc: 0.1340 val_f1: 0.1340
INFO:root:Epoch: 0010 lr: 0.01 train_loss: 1.9178 train_acc: 0.1786 train_f1: 0.1786 time: 0.3761s
INFO:root:Epoch: 0010 val_loss: 1.9365 val_acc: 0.1580 val_f1: 0.1580
INFO:root:Epoch: 0015 lr: 0.01 train_loss: 1.8867 train_acc: 0.3286 train_f1: 0.3286 time: 0.3769s
INFO:root:Epoch: 0015 val_loss: 1.9270 val_acc: 0.2620 val_f1: 0.2620
INFO:root:Epoch: 0020 lr: 0.01 train_loss: 1.8638 train_acc: 0.3071 train_f1: 0.3071 time: 0.3908s
INFO:root:Epoch: 0020 val_loss: 1.8963 val_acc: 0.3840 val_f1: 0.3840
INFO:root:Epoch: 0025 lr: 0.01 train_loss: 1.8171 train_acc: 0.4357 train_f1: 0.4357 time: 0.3759s
INFO:root:Epoch: 0025 val_loss: 1.8643 val_acc: 0.5000 val_f1: 0.5000
INFO:root:Epoch: 0030 lr: 0.01 train_loss: 1.7671 train_acc: 0.5000 train_f1: 0.5000 time: 0.3727s
INFO:root:Epoch: 0030 val_loss: 1.8437 val_acc: 0.4920 val_f1: 0.4920
INFO:root:Epoch: 0035 lr: 0.01 train_loss: 1.6851 train_acc: 0.5286 train_f1: 0.5286 time: 0.3700s
INFO:root:Epoch: 0035 val_loss: 1.8097 val_acc: 0.4920 val_f1: 0.4920
INFO:root:Epoch: 0040 lr: 0.01 train_loss: 1.5880 train_acc: 0.6214 train_f1: 0.6214 time: 0.3738s
INFO:root:Epoch: 0040 val_loss: 1.7588 val_acc: 0.5840 val_f1: 0.5840
INFO:root:Epoch: 0045 lr: 0.01 train_loss: 1.5820 train_acc: 0.5429 train_f1: 0.5429 time: 0.3742s
INFO:root:Epoch: 0045 val_loss: 1.7092 val_acc: 0.5920 val_f1: 0.5920
INFO:root:Epoch: 0050 lr: 0.01 train_loss: 1.4835 train_acc: 0.5643 train_f1: 0.5643 time: 0.3806s
INFO:root:Epoch: 0050 val_loss: 1.6774 val_acc: 0.5680 val_f1: 0.5680
INFO:root:Epoch: 0055 lr: 0.01 train_loss: 1.3547 train_acc: 0.6143 train_f1: 0.6143 time: 0.3778s
INFO:root:Epoch: 0055 val_loss: 1.6255 val_acc: 0.6400 val_f1: 0.6400
INFO:root:Epoch: 0060 lr: 0.01 train_loss: 1.3824 train_acc: 0.5786 train_f1: 0.5786 time: 0.4127s
INFO:root:Epoch: 0060 val_loss: 1.5516 val_acc: 0.7080 val_f1: 0.7080
INFO:root:Epoch: 0065 lr: 0.01 train_loss: 1.2850 train_acc: 0.5857 train_f1: 0.5857 time: 0.3725s
INFO:root:Epoch: 0065 val_loss: 1.4973 val_acc: 0.7400 val_f1: 0.7400
INFO:root:Epoch: 0070 lr: 0.01 train_loss: 1.2869 train_acc: 0.5286 train_f1: 0.5286 time: 0.3744s
INFO:root:Epoch: 0070 val_loss: 1.4638 val_acc: 0.7220 val_f1: 0.7220
INFO:root:Epoch: 0075 lr: 0.01 train_loss: 1.2399 train_acc: 0.5571 train_f1: 0.5571 time: 0.3757s
INFO:root:Epoch: 0075 val_loss: 1.4073 val_acc: 0.7360 val_f1: 0.7360
INFO:root:Epoch: 0080 lr: 0.01 train_loss: 1.1234 train_acc: 0.5786 train_f1: 0.5786 time: 0.3737s
INFO:root:Epoch: 0080 val_loss: 1.3639 val_acc: 0.7240 val_f1: 0.7240
INFO:root:Epoch: 0085 lr: 0.01 train_loss: 1.1082 train_acc: 0.6071 train_f1: 0.6071 time: 0.3762s
INFO:root:Epoch: 0085 val_loss: 1.3274 val_acc: 0.7140 val_f1: 0.7140
INFO:root:Epoch: 0090 lr: 0.01 train_loss: 1.0855 train_acc: 0.6143 train_f1: 0.6143 time: 0.3776s
INFO:root:Epoch: 0090 val_loss: 1.2765 val_acc: 0.7340 val_f1: 0.7340
INFO:root:Epoch: 0095 lr: 0.01 train_loss: 0.9999 train_acc: 0.6714 train_f1: 0.6714 time: 0.3776s
INFO:root:Epoch: 0095 val_loss: 1.2351 val_acc: 0.7420 val_f1: 0.7420
INFO:root:Epoch: 0100 lr: 0.01 train_loss: 0.9216 train_acc: 0.6286 train_f1: 0.6286 time: 0.4141s
INFO:root:Epoch: 0100 val_loss: 1.1957 val_acc: 0.7360 val_f1: 0.7360
INFO:root:Epoch: 0105 lr: 0.01 train_loss: 0.8149 train_acc: 0.6643 train_f1: 0.6643 time: 0.3733s
INFO:root:Epoch: 0105 val_loss: 1.1594 val_acc: 0.7460 val_f1: 0.7460
INFO:root:Epoch: 0110 lr: 0.01 train_loss: 0.9436 train_acc: 0.6357 train_f1: 0.6357 time: 0.3751s
INFO:root:Epoch: 0110 val_loss: 1.1262 val_acc: 0.7560 val_f1: 0.7560
INFO:root:Epoch: 0115 lr: 0.01 train_loss: 1.0049 train_acc: 0.5714 train_f1: 0.5714 time: 0.3739s
INFO:root:Epoch: 0115 val_loss: 1.0952 val_acc: 0.7600 val_f1: 0.7600
INFO:root:Epoch: 0120 lr: 0.01 train_loss: 0.9882 train_acc: 0.5786 train_f1: 0.5786 time: 0.3742s
INFO:root:Epoch: 0120 val_loss: 1.0694 val_acc: 0.7620 val_f1: 0.7620
INFO:root:Epoch: 0125 lr: 0.01 train_loss: 0.8900 train_acc: 0.6571 train_f1: 0.6571 time: 0.3735s
INFO:root:Epoch: 0125 val_loss: 1.0511 val_acc: 0.7480 val_f1: 0.7480
INFO:root:Epoch: 0130 lr: 0.01 train_loss: 0.7564 train_acc: 0.6714 train_f1: 0.6714 time: 0.3722s
INFO:root:Epoch: 0130 val_loss: 1.0161 val_acc: 0.7640 val_f1: 0.7640
INFO:root:Epoch: 0135 lr: 0.01 train_loss: 0.8884 train_acc: 0.6071 train_f1: 0.6071 time: 0.3712s
INFO:root:Epoch: 0135 val_loss: 1.0034 val_acc: 0.7720 val_f1: 0.7720
INFO:root:Epoch: 0140 lr: 0.01 train_loss: 0.7005 train_acc: 0.6929 train_f1: 0.6929 time: 0.3683s
INFO:root:Epoch: 0140 val_loss: 0.9990 val_acc: 0.7600 val_f1: 0.7600
INFO:root:Epoch: 0145 lr: 0.01 train_loss: 0.8091 train_acc: 0.6786 train_f1: 0.6786 time: 0.3679s
INFO:root:Epoch: 0145 val_loss: 0.9878 val_acc: 0.7620 val_f1: 0.7620
INFO:root:Epoch: 0150 lr: 0.01 train_loss: 0.8752 train_acc: 0.6071 train_f1: 0.6071 time: 0.3691s
INFO:root:Epoch: 0150 val_loss: 0.9697 val_acc: 0.7480 val_f1: 0.7480
INFO:root:Epoch: 0155 lr: 0.01 train_loss: 0.7329 train_acc: 0.6643 train_f1: 0.6643 time: 0.3696s
INFO:root:Epoch: 0155 val_loss: 0.9503 val_acc: 0.7680 val_f1: 0.7680
INFO:root:Epoch: 0160 lr: 0.01 train_loss: 0.7466 train_acc: 0.6786 train_f1: 0.6786 time: 0.4292s
INFO:root:Epoch: 0160 val_loss: 0.9416 val_acc: 0.7620 val_f1: 0.7620
INFO:root:Epoch: 0165 lr: 0.01 train_loss: 0.8122 train_acc: 0.6429 train_f1: 0.6429 time: 0.4324s
INFO:root:Epoch: 0165 val_loss: 0.9474 val_acc: 0.7600 val_f1: 0.7600
INFO:root:Epoch: 0170 lr: 0.01 train_loss: 0.7877 train_acc: 0.6786 train_f1: 0.6786 time: 0.3728s
INFO:root:Epoch: 0170 val_loss: 0.9363 val_acc: 0.7660 val_f1: 0.7660
INFO:root:Epoch: 0175 lr: 0.01 train_loss: 0.7630 train_acc: 0.6214 train_f1: 0.6214 time: 0.3715s
INFO:root:Epoch: 0175 val_loss: 0.9209 val_acc: 0.7560 val_f1: 0.7560
INFO:root:Epoch: 0180 lr: 0.01 train_loss: 0.8796 train_acc: 0.5929 train_f1: 0.5929 time: 0.3978s
INFO:root:Epoch: 0180 val_loss: 0.9164 val_acc: 0.7500 val_f1: 0.7500
INFO:root:Epoch: 0185 lr: 0.01 train_loss: 0.6608 train_acc: 0.7000 train_f1: 0.7000 time: 1.2071s
INFO:root:Epoch: 0185 val_loss: 0.9083 val_acc: 0.7560 val_f1: 0.7560
INFO:root:Epoch: 0190 lr: 0.01 train_loss: 0.7177 train_acc: 0.6571 train_f1: 0.6571 time: 1.0614s
INFO:root:Epoch: 0190 val_loss: 0.8913 val_acc: 0.7720 val_f1: 0.7720
INFO:root:Epoch: 0195 lr: 0.01 train_loss: 0.6714 train_acc: 0.7071 train_f1: 0.7071 time: 1.0549s
INFO:root:Epoch: 0195 val_loss: 0.8824 val_acc: 0.7680 val_f1: 0.7680
INFO:root:Epoch: 0200 lr: 0.01 train_loss: 0.7933 train_acc: 0.6000 train_f1: 0.6000 time: 1.0858s
INFO:root:Epoch: 0200 val_loss: 0.8683 val_acc: 0.7720 val_f1: 0.7720
INFO:root:Epoch: 0205 lr: 0.01 train_loss: 0.7148 train_acc: 0.7143 train_f1: 0.7143 time: 1.2079s
INFO:root:Epoch: 0205 val_loss: 0.8728 val_acc: 0.7660 val_f1: 0.7660
INFO:root:Epoch: 0210 lr: 0.01 train_loss: 0.6643 train_acc: 0.6786 train_f1: 0.6786 time: 1.2107s
INFO:root:Epoch: 0210 val_loss: 0.8748 val_acc: 0.7720 val_f1: 0.7720
INFO:root:Epoch: 0215 lr: 0.01 train_loss: 0.7581 train_acc: 0.6571 train_f1: 0.6571 time: 1.1138s
INFO:root:Epoch: 0215 val_loss: 0.8767 val_acc: 0.7600 val_f1: 0.7600
INFO:root:Epoch: 0220 lr: 0.01 train_loss: 0.6692 train_acc: 0.6929 train_f1: 0.6929 time: 0.9997s
INFO:root:Epoch: 0220 val_loss: 0.8839 val_acc: 0.7560 val_f1: 0.7560
INFO:root:Epoch: 0225 lr: 0.01 train_loss: 0.7667 train_acc: 0.6500 train_f1: 0.6500 time: 1.1342s
INFO:root:Epoch: 0225 val_loss: 0.8538 val_acc: 0.7620 val_f1: 0.7620
INFO:root:Epoch: 0230 lr: 0.01 train_loss: 0.7844 train_acc: 0.6214 train_f1: 0.6214 time: 1.0383s
INFO:root:Epoch: 0230 val_loss: 0.8349 val_acc: 0.7700 val_f1: 0.7700
INFO:root:Epoch: 0235 lr: 0.01 train_loss: 0.7641 train_acc: 0.6000 train_f1: 0.6000 time: 1.1516s
INFO:root:Epoch: 0235 val_loss: 0.8486 val_acc: 0.7680 val_f1: 0.7680
INFO:root:Epoch: 0240 lr: 0.01 train_loss: 0.8189 train_acc: 0.5786 train_f1: 0.5786 time: 1.0418s
INFO:root:Epoch: 0240 val_loss: 0.8683 val_acc: 0.7660 val_f1: 0.7660
INFO:root:Epoch: 0245 lr: 0.01 train_loss: 0.7574 train_acc: 0.6071 train_f1: 0.6071 time: 1.0092s
INFO:root:Epoch: 0245 val_loss: 0.8652 val_acc: 0.7620 val_f1: 0.7620
INFO:root:Epoch: 0250 lr: 0.01 train_loss: 0.7248 train_acc: 0.6643 train_f1: 0.6643 time: 1.2999s
INFO:root:Epoch: 0250 val_loss: 0.8577 val_acc: 0.7660 val_f1: 0.7660
INFO:root:Epoch: 0255 lr: 0.01 train_loss: 0.7309 train_acc: 0.6214 train_f1: 0.6214 time: 0.9531s
INFO:root:Epoch: 0255 val_loss: 0.8316 val_acc: 0.7740 val_f1: 0.7740
INFO:root:Epoch: 0260 lr: 0.01 train_loss: 0.7611 train_acc: 0.6214 train_f1: 0.6214 time: 1.1346s
INFO:root:Epoch: 0260 val_loss: 0.8066 val_acc: 0.7660 val_f1: 0.7660
INFO:root:Epoch: 0265 lr: 0.01 train_loss: 0.7791 train_acc: 0.6071 train_f1: 0.6071 time: 1.0331s
INFO:root:Epoch: 0265 val_loss: 0.7984 val_acc: 0.7640 val_f1: 0.7640
INFO:root:Epoch: 0270 lr: 0.01 train_loss: 0.6811 train_acc: 0.6857 train_f1: 0.6857 time: 1.0521s
INFO:root:Epoch: 0270 val_loss: 0.8071 val_acc: 0.7760 val_f1: 0.7760
INFO:root:Epoch: 0275 lr: 0.01 train_loss: 0.7501 train_acc: 0.6071 train_f1: 0.6071 time: 1.1451s
INFO:root:Epoch: 0275 val_loss: 0.8298 val_acc: 0.7720 val_f1: 0.7720
INFO:root:Epoch: 0280 lr: 0.01 train_loss: 0.7713 train_acc: 0.6286 train_f1: 0.6286 time: 0.9571s
INFO:root:Epoch: 0280 val_loss: 0.8330 val_acc: 0.7680 val_f1: 0.7680
INFO:root:Epoch: 0285 lr: 0.01 train_loss: 0.7335 train_acc: 0.6500 train_f1: 0.6500 time: 1.1475s
INFO:root:Epoch: 0285 val_loss: 0.8321 val_acc: 0.7700 val_f1: 0.7700
INFO:root:Epoch: 0290 lr: 0.01 train_loss: 0.7127 train_acc: 0.6429 train_f1: 0.6429 time: 1.0397s
INFO:root:Epoch: 0290 val_loss: 0.8274 val_acc: 0.7740 val_f1: 0.7740
INFO:root:Epoch: 0295 lr: 0.01 train_loss: 0.7554 train_acc: 0.6286 train_f1: 0.6286 time: 1.0376s
INFO:root:Epoch: 0295 val_loss: 0.8067 val_acc: 0.7820 val_f1: 0.7820
INFO:root:Epoch: 0300 lr: 0.01 train_loss: 0.6931 train_acc: 0.6286 train_f1: 0.6286 time: 1.1257s
INFO:root:Epoch: 0300 val_loss: 0.8166 val_acc: 0.7640 val_f1: 0.7640
INFO:root:Epoch: 0305 lr: 0.01 train_loss: 0.7858 train_acc: 0.6071 train_f1: 0.6071 time: 1.1937s
INFO:root:Epoch: 0305 val_loss: 0.8247 val_acc: 0.7820 val_f1: 0.7820
INFO:root:Epoch: 0310 lr: 0.01 train_loss: 0.7699 train_acc: 0.5929 train_f1: 0.5929 time: 1.1541s
INFO:root:Epoch: 0310 val_loss: 0.8260 val_acc: 0.7800 val_f1: 0.7800
INFO:root:Epoch: 0315 lr: 0.01 train_loss: 0.7452 train_acc: 0.6071 train_f1: 0.6071 time: 1.1151s
INFO:root:Epoch: 0315 val_loss: 0.8315 val_acc: 0.7740 val_f1: 0.7740
INFO:root:Epoch: 0320 lr: 0.01 train_loss: 0.6995 train_acc: 0.6500 train_f1: 0.6500 time: 0.8228s
INFO:root:Epoch: 0320 val_loss: 0.8159 val_acc: 0.7580 val_f1: 0.7580
INFO:root:Epoch: 0325 lr: 0.01 train_loss: 0.6744 train_acc: 0.6429 train_f1: 0.6429 time: 1.3013s
INFO:root:Epoch: 0325 val_loss: 0.8018 val_acc: 0.7660 val_f1: 0.7660
INFO:root:Epoch: 0330 lr: 0.01 train_loss: 0.6745 train_acc: 0.6929 train_f1: 0.6929 time: 1.0425s
INFO:root:Epoch: 0330 val_loss: 0.8223 val_acc: 0.7600 val_f1: 0.7600
INFO:root:Epoch: 0335 lr: 0.01 train_loss: 0.8571 train_acc: 0.5714 train_f1: 0.5714 time: 1.3070s
INFO:root:Epoch: 0335 val_loss: 0.8397 val_acc: 0.7660 val_f1: 0.7660
INFO:root:Epoch: 0340 lr: 0.01 train_loss: 0.7321 train_acc: 0.6071 train_f1: 0.6071 time: 1.1078s
INFO:root:Epoch: 0340 val_loss: 0.8131 val_acc: 0.7700 val_f1: 0.7700
INFO:root:Epoch: 0345 lr: 0.01 train_loss: 0.6789 train_acc: 0.6571 train_f1: 0.6571 time: 0.9656s
INFO:root:Epoch: 0345 val_loss: 0.8128 val_acc: 0.7580 val_f1: 0.7580
INFO:root:Epoch: 0350 lr: 0.01 train_loss: 0.7346 train_acc: 0.6357 train_f1: 0.6357 time: 1.1544s
INFO:root:Epoch: 0350 val_loss: 0.8278 val_acc: 0.7580 val_f1: 0.7580
INFO:root:Epoch: 0355 lr: 0.01 train_loss: 0.6604 train_acc: 0.6357 train_f1: 0.6357 time: 1.0640s
INFO:root:Epoch: 0355 val_loss: 0.8314 val_acc: 0.7580 val_f1: 0.7580
INFO:root:Epoch: 0360 lr: 0.01 train_loss: 0.7042 train_acc: 0.6071 train_f1: 0.6071 time: 1.2183s
INFO:root:Epoch: 0360 val_loss: 0.8060 val_acc: 0.7820 val_f1: 0.7820
INFO:root:Epoch: 0365 lr: 0.01 train_loss: 0.7221 train_acc: 0.6143 train_f1: 0.6143 time: 1.1020s
INFO:root:Epoch: 0365 val_loss: 0.7850 val_acc: 0.7820 val_f1: 0.7820
INFO:root:Epoch: 0370 lr: 0.01 train_loss: 0.7069 train_acc: 0.6857 train_f1: 0.6857 time: 1.0271s
INFO:root:Epoch: 0370 val_loss: 0.7873 val_acc: 0.7680 val_f1: 0.7680
INFO:root:Epoch: 0375 lr: 0.01 train_loss: 0.6408 train_acc: 0.6643 train_f1: 0.6643 time: 1.1111s
INFO:root:Epoch: 0375 val_loss: 0.8281 val_acc: 0.7500 val_f1: 0.7500
INFO:root:Epoch: 0380 lr: 0.01 train_loss: 0.6766 train_acc: 0.6786 train_f1: 0.6786 time: 1.1832s
INFO:root:Epoch: 0380 val_loss: 0.8328 val_acc: 0.7540 val_f1: 0.7540
INFO:root:Epoch: 0385 lr: 0.01 train_loss: 0.6434 train_acc: 0.6643 train_f1: 0.6643 time: 1.1265s
INFO:root:Epoch: 0385 val_loss: 0.7819 val_acc: 0.7640 val_f1: 0.7640
INFO:root:Epoch: 0390 lr: 0.01 train_loss: 0.7529 train_acc: 0.6214 train_f1: 0.6214 time: 0.9654s
INFO:root:Epoch: 0390 val_loss: 0.7743 val_acc: 0.7600 val_f1: 0.7600
INFO:root:Epoch: 0395 lr: 0.01 train_loss: 0.6724 train_acc: 0.6357 train_f1: 0.6357 time: 1.1628s
INFO:root:Epoch: 0395 val_loss: 0.8056 val_acc: 0.7660 val_f1: 0.7660
INFO:root:Early stopping
INFO:root:Optimization Finished!
INFO:root:Total time elapsed: 414.0347s
INFO:root:Val set results: val_loss: 0.8067 val_acc: 0.7820 val_f1: 0.7820
INFO:root:Test set results: test_loss: 0.7796 test_acc: 0.7760 test_f1: 0.7760
INFO:root:Saved model in /workspace/xiongbo/hgcn/logs/nc/2021_4_22/11
