INFO:root:Using: cuda:0
INFO:root:Using seed 1234.
INFO:root:MDModel(
  (encoder): HGCN(
    (layers): Sequential(
      (0): HyperbolicGraphConvolution(
        (linear): HypLinear(
          in_features=4040, out_features=10, c=Parameter containing:
          tensor([-1.], requires_grad=True)
        )
        (agg): HypAgg(
          c=Parameter containing:
          tensor([-1.], requires_grad=True)
        )
        (hyp_act): HypAct(
          c_in=Parameter containing:
          tensor([-1.], requires_grad=True), c_out=Parameter containing:
          tensor([-1.], requires_grad=True)
        )
      )
    )
  )
  (decoder): MDDecoder()
)
INFO:root:Total number of parameters: 40412
/workspace/anaconda3/envs/geo/lib/python3.7/site-packages/torch/optim/lr_scheduler.py:370: UserWarning: To get the last learning rate computed by the scheduler, please use `get_last_lr()`.
  "please use `get_last_lr()`.", UserWarning)
INFO:root:Epoch: 0005 lr: 0.01 train_loss: 1423050.5000 train_distortion: 0.7831 train_mapscore: 0.0500 train_c: -1.0001 train_max_dist: 2.1126 train_imax: -0.0000 train_imin: -1.4359 time: 4.7840s
INFO:root:Epoch: 0010 lr: 0.01 train_loss: 1359876.5000 train_distortion: 0.6286 train_mapscore: 0.1589 train_c: -1.0006 train_max_dist: 2.9466 train_imax: 0.0681 train_imin: -1.2479 time: 4.3335s
INFO:root:Epoch: 0015 lr: 0.01 train_loss: 1323639.7500 train_distortion: 0.5590 train_mapscore: 0.2154 train_c: -1.0011 train_max_dist: 4.0384 train_imax: 0.3123 train_imin: -1.1756 time: 4.1028s
INFO:root:Epoch: 0020 lr: 0.01 train_loss: 1302567.1250 train_distortion: 0.5208 train_mapscore: 0.2363 train_c: -1.0017 train_max_dist: 6.0377 train_imax: 0.3824 train_imin: -1.5345 time: 3.9995s
INFO:root:Epoch: 0025 lr: 0.01 train_loss: 1281384.2500 train_distortion: 0.4819 train_mapscore: 0.2450 train_c: -1.0022 train_max_dist: 9.5742 train_imax: 0.5355 train_imin: -1.6030 time: 3.8148s
INFO:root:Epoch: 0030 lr: 0.01 train_loss: 1256672.3750 train_distortion: 0.4383 train_mapscore: 0.2442 train_c: -1.0028 train_max_dist: 9.5625 train_imax: 1.3996 train_imin: -1.8191 time: 3.7769s
INFO:root:Epoch: 0035 lr: 0.01 train_loss: 1225354.1250 train_distortion: 0.3927 train_mapscore: 0.2456 train_c: -1.0033 train_max_dist: 9.8047 train_imax: 2.5816 train_imin: -1.8831 time: 3.7380s
INFO:root:Epoch: 0040 lr: 0.01 train_loss: 1187580.7500 train_distortion: 0.3687 train_mapscore: 0.2441 train_c: -1.0039 train_max_dist: 14.0968 train_imax: 4.7861 train_imin: -2.0250 time: 3.9572s
INFO:root:Epoch: 0045 lr: 0.01 train_loss: 1142295.6250 train_distortion: 0.3972 train_mapscore: 0.2453 train_c: -1.0043 train_max_dist: 13.1010 train_imax: 3.9495 train_imin: -2.3516 time: 3.7488s
INFO:root:Epoch: 0050 lr: 0.01 train_loss: 1099193.5000 train_distortion: 0.4423 train_mapscore: 0.2423 train_c: -1.0047 train_max_dist: 14.1300 train_imax: 3.9530 train_imin: -2.5744 time: 3.7885s
INFO:root:Epoch: 0055 lr: 0.01 train_loss: 1055477.7500 train_distortion: 0.4503 train_mapscore: 0.2468 train_c: -1.0049 train_max_dist: 16.0120 train_imax: 6.1535 train_imin: -3.1928 time: 3.8531s
INFO:root:Epoch: 0060 lr: 0.01 train_loss: 1004627.1250 train_distortion: 0.4996 train_mapscore: 0.2601 train_c: -1.0050 train_max_dist: 18.3075 train_imax: 9.5036 train_imin: -5.1384 time: 3.9092s
INFO:root:Epoch: 0065 lr: 0.01 train_loss: 965211.7500 train_distortion: 0.6401 train_mapscore: 0.2664 train_c: -1.0049 train_max_dist: 20.1980 train_imax: 13.1702 train_imin: -6.1425 time: 3.8755s
INFO:root:Epoch: 0070 lr: 0.01 train_loss: 929662.3125 train_distortion: 0.8960 train_mapscore: 0.2797 train_c: -1.0048 train_max_dist: 21.9800 train_imax: 16.2840 train_imin: -7.8035 time: 3.8903s
INFO:root:Epoch: 0075 lr: 0.01 train_loss: 888503.3125 train_distortion: 1.3255 train_mapscore: 0.3038 train_c: -1.0046 train_max_dist: 23.8594 train_imax: 26.4662 train_imin: -9.6271 time: 3.7609s
INFO:root:Epoch: 0080 lr: 0.01 train_loss: 849055.1250 train_distortion: 1.9241 train_mapscore: 0.3313 train_c: -1.0044 train_max_dist: 26.1316 train_imax: 35.0183 train_imin: -13.2726 time: 3.7349s
INFO:root:Epoch: 0085 lr: 0.01 train_loss: 832612.1875 train_distortion: 2.5658 train_mapscore: 0.3371 train_c: -1.0042 train_max_dist: 27.9050 train_imax: 40.6951 train_imin: -14.9980 time: 3.7147s
INFO:root:Epoch: 0090 lr: 0.01 train_loss: 822167.1250 train_distortion: 3.2070 train_mapscore: 0.3402 train_c: -1.0041 train_max_dist: 29.3512 train_imax: 48.4588 train_imin: -29.6738 time: 3.6597s
INFO:root:Epoch: 0095 lr: 0.01 train_loss: 858638.1250 train_distortion: 3.4316 train_mapscore: 0.3029 train_c: -1.0041 train_max_dist: 30.7286 train_imax: 51.8847 train_imin: -22.4021 time: 3.7466s
INFO:root:Epoch: 0100 lr: 0.01 train_loss: 926433.5625 train_distortion: 3.4016 train_mapscore: 0.2560 train_c: -1.0040 train_max_dist: 33.9365 train_imax: 101.5251 train_imin: -27.8082 time: 4.1683s
INFO:root:Epoch: 0105 lr: 0.01 train_loss: 971229.3750 train_distortion: 2.9531 train_mapscore: 0.2251 train_c: -1.0040 train_max_dist: 35.7640 train_imax: 113.9381 train_imin: -31.9855 time: 4.3566s
INFO:root:Epoch: 0110 lr: 0.01 train_loss: 955581.5000 train_distortion: 2.5893 train_mapscore: 0.2299 train_c: -1.0038 train_max_dist: 35.2755 train_imax: 109.9168 train_imin: -24.6175 time: 4.3947s
INFO:root:Epoch: 0115 lr: 0.01 train_loss: 930212.0625 train_distortion: 2.4242 train_mapscore: 0.2457 train_c: -1.0036 train_max_dist: 34.3396 train_imax: 103.6928 train_imin: -20.8373 time: 4.2861s
INFO:root:Epoch: 0120 lr: 0.01 train_loss: 973414.6875 train_distortion: 2.3470 train_mapscore: 0.2257 train_c: -1.0035 train_max_dist: 33.8869 train_imax: 91.0923 train_imin: -20.1002 time: 4.4312s
INFO:root:Epoch: 0125 lr: 0.01 train_loss: 1029366.1875 train_distortion: 2.0635 train_mapscore: 0.2041 train_c: -1.0033 train_max_dist: 32.9442 train_imax: 77.9523 train_imin: -17.4333 time: 4.5757s
INFO:root:Epoch: 0130 lr: 0.01 train_loss: 1041795.9375 train_distortion: 1.6147 train_mapscore: 0.1983 train_c: -1.0031 train_max_dist: 31.8013 train_imax: 66.0049 train_imin: -15.0394 time: 4.7067s
INFO:root:Epoch: 0135 lr: 0.01 train_loss: 1037903.1875 train_distortion: 1.2008 train_mapscore: 0.1994 train_c: -1.0029 train_max_dist: 30.5119 train_imax: 55.7711 train_imin: -13.4200 time: 4.5834s
INFO:root:Epoch: 0140 lr: 0.01 train_loss: 1035877.8750 train_distortion: 1.0002 train_mapscore: 0.2030 train_c: -1.0027 train_max_dist: 29.6024 train_imax: 49.8818 train_imin: -12.3360 time: 4.6670s
INFO:root:Epoch: 0145 lr: 0.01 train_loss: 1030751.7500 train_distortion: 0.9649 train_mapscore: 0.2053 train_c: -1.0025 train_max_dist: 29.1113 train_imax: 47.7574 train_imin: -11.9959 time: 4.5580s
INFO:root:Epoch: 0150 lr: 0.01 train_loss: 1030001.1250 train_distortion: 0.9520 train_mapscore: 0.2076 train_c: -1.0024 train_max_dist: 28.6182 train_imax: 42.2446 train_imin: -11.7626 time: 4.7288s
INFO:root:Epoch: 0155 lr: 0.01 train_loss: 1063228.5000 train_distortion: 0.7560 train_mapscore: 0.1941 train_c: -1.0028 train_max_dist: 30.1909 train_imax: 39.8096 train_imin: -10.8201 time: 4.7516s
INFO:root:Epoch: 0160 lr: 0.01 train_loss: 1084723.5000 train_distortion: 0.6977 train_mapscore: 0.1817 train_c: -1.0030 train_max_dist: 30.1028 train_imax: 42.2930 train_imin: -11.5094 time: 4.8697s
INFO:root:Epoch: 0165 lr: 0.01 train_loss: 1093700.6250 train_distortion: 0.7044 train_mapscore: 0.1754 train_c: -1.0031 train_max_dist: 30.3459 train_imax: 44.6619 train_imin: -12.2826 time: 4.8042s
INFO:root:Epoch: 0170 lr: 0.01 train_loss: 1093747.7500 train_distortion: 0.7524 train_mapscore: 0.1734 train_c: -1.0031 train_max_dist: 30.9492 train_imax: 47.5354 train_imin: -13.2384 time: 4.9232s
INFO:root:Epoch: 0175 lr: 0.01 train_loss: 1089154.7500 train_distortion: 0.8319 train_mapscore: 0.1744 train_c: -1.0031 train_max_dist: 31.7205 train_imax: 50.8300 train_imin: -14.2071 time: 4.8521s
INFO:root:Epoch: 0180 lr: 0.01 train_loss: 1082148.2500 train_distortion: 0.9504 train_mapscore: 0.1763 train_c: -1.0031 train_max_dist: 32.6459 train_imax: 54.5743 train_imin: -15.2414 time: 4.9688s
INFO:root:Epoch: 0185 lr: 0.01 train_loss: 1077526.0000 train_distortion: 1.1690 train_mapscore: 0.1773 train_c: -1.0030 train_max_dist: 33.9753 train_imax: 59.8614 train_imin: -16.7551 time: 4.8862s
INFO:root:Epoch: 0190 lr: 0.01 train_loss: 1070496.7500 train_distortion: 1.3251 train_mapscore: 0.1800 train_c: -1.0029 train_max_dist: 34.6058 train_imax: 62.7052 train_imin: -18.2398 time: 4.9792s
INFO:root:Epoch: 0195 lr: 0.01 train_loss: 1063622.5000 train_distortion: 1.4075 train_mapscore: 0.1828 train_c: -1.0028 train_max_dist: 34.7509 train_imax: 63.5711 train_imin: -18.8127 time: 4.8802s
INFO:root:Epoch: 0200 lr: 0.01 train_loss: 1056043.8750 train_distortion: 1.4589 train_mapscore: 0.1862 train_c: -1.0027 train_max_dist: 34.7113 train_imax: 63.7156 train_imin: -19.0132 time: 4.9103s
INFO:root:Epoch: 0205 lr: 0.01 train_loss: 1048142.8750 train_distortion: 1.4683 train_mapscore: 0.1902 train_c: -1.0026 train_max_dist: 34.4763 train_imax: 62.9085 train_imin: -18.9427 time: 4.8402s
INFO:root:Epoch: 0210 lr: 0.01 train_loss: 1041082.7500 train_distortion: 1.5127 train_mapscore: 0.1934 train_c: -1.0026 train_max_dist: 34.4821 train_imax: 63.0131 train_imin: -19.2271 time: 4.8489s
INFO:root:Epoch: 0215 lr: 0.01 train_loss: 1035338.7500 train_distortion: 1.5548 train_mapscore: 0.1968 train_c: -1.0025 train_max_dist: 34.5381 train_imax: 63.1638 train_imin: -19.3949 time: 4.8454s
INFO:root:Epoch: 0220 lr: 0.01 train_loss: 1029688.1250 train_distortion: 1.4528 train_mapscore: 0.1996 train_c: -1.0025 train_max_dist: 33.9819 train_imax: 60.4303 train_imin: -18.3566 time: 4.8500s
INFO:root:Epoch: 0225 lr: 0.01 train_loss: 1025118.8750 train_distortion: 1.4077 train_mapscore: 0.2020 train_c: -1.0025 train_max_dist: 33.7548 train_imax: 58.8464 train_imin: -17.8429 time: 4.7578s
INFO:root:Epoch: 0230 lr: 0.01 train_loss: 1020164.1875 train_distortion: 1.4041 train_mapscore: 0.2047 train_c: -1.0024 train_max_dist: 33.6291 train_imax: 58.0520 train_imin: -17.8035 time: 4.8212s
INFO:root:Epoch: 0235 lr: 0.01 train_loss: 1017167.1250 train_distortion: 1.4483 train_mapscore: 0.2056 train_c: -1.0024 train_max_dist: 33.7445 train_imax: 58.0438 train_imin: -18.0912 time: 4.7497s
INFO:root:Epoch: 0240 lr: 0.01 train_loss: 1013867.6250 train_distortion: 1.5107 train_mapscore: 0.2078 train_c: -1.0023 train_max_dist: 33.9363 train_imax: 58.4870 train_imin: -18.4718 time: 4.8237s
INFO:root:Epoch: 0245 lr: 0.01 train_loss: 1009969.5000 train_distortion: 1.5760 train_mapscore: 0.2104 train_c: -1.0023 train_max_dist: 34.1256 train_imax: 59.0447 train_imin: -18.7963 time: 4.7475s
INFO:root:Epoch: 0250 lr: 0.01 train_loss: 1005409.7500 train_distortion: 1.6363 train_mapscore: 0.2129 train_c: -1.0022 train_max_dist: 34.2564 train_imax: 59.5595 train_imin: -19.0000 time: 4.7850s
INFO:root:Epoch: 0255 lr: 0.01 train_loss: 1000786.1250 train_distortion: 1.6842 train_mapscore: 0.2160 train_c: -1.0022 train_max_dist: 34.3257 train_imax: 59.9115 train_imin: -19.1311 time: 4.7249s
INFO:root:Epoch: 0260 lr: 0.01 train_loss: 996117.4375 train_distortion: 1.7225 train_mapscore: 0.2188 train_c: -1.0021 train_max_dist: 34.3417 train_imax: 60.0657 train_imin: -19.2762 time: 4.7233s
INFO:root:Epoch: 0265 lr: 0.01 train_loss: 991581.5000 train_distortion: 1.7602 train_mapscore: 0.2221 train_c: -1.0021 train_max_dist: 34.3524 train_imax: 60.2044 train_imin: -19.4147 time: 4.6818s
INFO:root:Epoch: 0270 lr: 0.01 train_loss: 987158.1250 train_distortion: 1.7946 train_mapscore: 0.2246 train_c: -1.0020 train_max_dist: 34.3757 train_imax: 60.3087 train_imin: -19.5971 time: 4.6826s
INFO:root:Epoch: 0275 lr: 0.01 train_loss: 982978.1250 train_distortion: 1.8286 train_mapscore: 0.2272 train_c: -1.0020 train_max_dist: 34.4235 train_imax: 60.3880 train_imin: -19.7264 time: 4.6116s
INFO:root:Epoch: 0280 lr: 0.01 train_loss: 978980.3750 train_distortion: 1.8170 train_mapscore: 0.2297 train_c: -1.0019 train_max_dist: 34.3243 train_imax: 59.8748 train_imin: -19.5342 time: 4.6245s
INFO:root:Epoch: 0285 lr: 0.01 train_loss: 975604.9375 train_distortion: 1.8518 train_mapscore: 0.2326 train_c: -1.0019 train_max_dist: 34.3911 train_imax: 60.1402 train_imin: -19.5531 time: 4.6109s
INFO:root:Epoch: 0290 lr: 0.01 train_loss: 973341.0625 train_distortion: 1.8765 train_mapscore: 0.2340 train_c: -1.0018 train_max_dist: 34.4589 train_imax: 60.2662 train_imin: -19.6687 time: 4.6100s
INFO:root:Epoch: 0295 lr: 0.01 train_loss: 970555.1875 train_distortion: 1.9042 train_mapscore: 0.2362 train_c: -1.0018 train_max_dist: 34.5223 train_imax: 60.3427 train_imin: -19.7047 time: 4.6055s
INFO:root:Epoch: 0300 lr: 0.01 train_loss: 967277.8750 train_distortion: 1.9429 train_mapscore: 0.2389 train_c: -1.0017 train_max_dist: 34.5579 train_imax: 60.5708 train_imin: -19.7284 time: 4.6448s
INFO:root:Epoch: 0305 lr: 0.01 train_loss: 964095.8750 train_distortion: 2.0060 train_mapscore: 0.2415 train_c: -1.0017 train_max_dist: 34.6286 train_imax: 61.1322 train_imin: -20.0011 time: 4.6427s
INFO:root:Epoch: 0310 lr: 0.01 train_loss: 960852.6250 train_distortion: 2.0630 train_mapscore: 0.2434 train_c: -1.0016 train_max_dist: 34.6852 train_imax: 61.4994 train_imin: -20.3544 time: 4.5649s
INFO:root:Epoch: 0315 lr: 0.01 train_loss: 957612.2500 train_distortion: 2.0992 train_mapscore: 0.2463 train_c: -1.0016 train_max_dist: 34.6983 train_imax: 61.5320 train_imin: -20.5107 time: 4.5967s
INFO:root:Epoch: 0320 lr: 0.01 train_loss: 954297.7500 train_distortion: 2.1281 train_mapscore: 0.2484 train_c: -1.0015 train_max_dist: 34.7290 train_imax: 61.4340 train_imin: -20.5327 time: 4.5651s
INFO:root:Epoch: 0325 lr: 0.01 train_loss: 951798.8125 train_distortion: 2.1274 train_mapscore: 0.2499 train_c: -1.0015 train_max_dist: 34.6274 train_imax: 60.9041 train_imin: -20.2261 time: 4.6015s
INFO:root:Epoch: 0330 lr: 0.01 train_loss: 949228.3125 train_distortion: 2.1356 train_mapscore: 0.2505 train_c: -1.0015 train_max_dist: 34.5917 train_imax: 60.6551 train_imin: -20.1415 time: 4.5269s
INFO:root:Epoch: 0335 lr: 0.01 train_loss: 947148.1250 train_distortion: 2.1543 train_mapscore: 0.2527 train_c: -1.0015 train_max_dist: 34.5872 train_imax: 60.5676 train_imin: -20.1965 time: 4.5620s
INFO:root:Epoch: 0340 lr: 0.01 train_loss: 944676.9375 train_distortion: 2.1984 train_mapscore: 0.2543 train_c: -1.0014 train_max_dist: 34.6560 train_imax: 60.7611 train_imin: -20.3892 time: 4.4914s
INFO:root:Epoch: 0345 lr: 0.01 train_loss: 941988.8750 train_distortion: 2.2520 train_mapscore: 0.2568 train_c: -1.0014 train_max_dist: 34.7272 train_imax: 61.0891 train_imin: -20.6030 time: 4.4392s
INFO:root:Epoch: 0350 lr: 0.01 train_loss: 967094.4375 train_distortion: 2.0179 train_mapscore: 0.2506 train_c: -1.0014 train_max_dist: 37.0705 train_imax: 168.8111 train_imin: -27.2828 time: 4.8260s
INFO:root:Epoch: 0355 lr: 0.01 train_loss: 973467.9375 train_distortion: 1.8748 train_mapscore: 0.2462 train_c: -1.0014 train_max_dist: 36.6154 train_imax: 162.3309 train_imin: -26.2055 time: 4.7682s
INFO:root:Epoch: 0360 lr: 0.01 train_loss: 975996.0000 train_distortion: 1.8998 train_mapscore: 0.2435 train_c: -1.0013 train_max_dist: 36.6393 train_imax: 162.6864 train_imin: -26.3441 time: 4.8642s
INFO:root:Epoch: 0365 lr: 0.01 train_loss: 975556.0000 train_distortion: 1.9791 train_mapscore: 0.2437 train_c: -1.0013 train_max_dist: 36.7778 train_imax: 164.6669 train_imin: -26.7764 time: 4.8619s
INFO:root:Epoch: 0370 lr: 0.01 train_loss: 973042.5000 train_distortion: 2.0511 train_mapscore: 0.2448 train_c: -1.0012 train_max_dist: 36.8622 train_imax: 165.8777 train_imin: -27.4659 time: 4.7761s
INFO:root:Epoch: 0375 lr: 0.01 train_loss: 969639.5625 train_distortion: 2.1298 train_mapscore: 0.2471 train_c: -1.0011 train_max_dist: 36.9930 train_imax: 167.7881 train_imin: -28.1827 time: 4.8586s
INFO:root:Epoch: 0380 lr: 0.01 train_loss: 965832.3750 train_distortion: 2.1939 train_mapscore: 0.2496 train_c: -1.0011 train_max_dist: 37.1042 train_imax: 169.4382 train_imin: -28.7689 time: 4.8653s
INFO:root:Epoch: 0385 lr: 0.01 train_loss: 961742.8750 train_distortion: 2.2407 train_mapscore: 0.2528 train_c: -1.0010 train_max_dist: 37.1793 train_imax: 170.5313 train_imin: -29.2063 time: 4.8049s
INFO:root:Epoch: 0390 lr: 0.01 train_loss: 943667.5625 train_distortion: 2.3291 train_mapscore: 0.2526 train_c: -1.0010 train_max_dist: 34.7740 train_imax: 74.1572 train_imin: -18.8138 time: 4.5352s
INFO:root:Epoch: 0395 lr: 0.01 train_loss: 944576.5000 train_distortion: 2.3355 train_mapscore: 0.2526 train_c: -1.0009 train_max_dist: 35.7646 train_imax: 81.7458 train_imin: -18.3583 time: 4.5308s
INFO:root:Epoch: 0400 lr: 0.01 train_loss: 945165.5000 train_distortion: 2.2366 train_mapscore: 0.2522 train_c: -1.0009 train_max_dist: 35.6591 train_imax: 85.3676 train_imin: -17.8873 time: 4.5312s
INFO:root:Epoch: 0405 lr: 0.01 train_loss: 949053.2500 train_distortion: 2.0951 train_mapscore: 0.2493 train_c: -1.0010 train_max_dist: 35.1407 train_imax: 84.3792 train_imin: -17.3495 time: 4.5575s
INFO:root:Epoch: 0410 lr: 0.01 train_loss: 951553.9375 train_distortion: 2.1312 train_mapscore: 0.2472 train_c: -1.0010 train_max_dist: 34.9663 train_imax: 84.5096 train_imin: -17.7900 time: 4.5771s
INFO:root:Epoch: 0415 lr: 0.01 train_loss: 954651.5000 train_distortion: 2.2776 train_mapscore: 0.2447 train_c: -1.0009 train_max_dist: 35.3354 train_imax: 86.2491 train_imin: -18.7945 time: 4.6036s
INFO:root:Epoch: 0420 lr: 0.01 train_loss: 954062.1875 train_distortion: 2.3459 train_mapscore: 0.2447 train_c: -1.0008 train_max_dist: 35.6990 train_imax: 87.2004 train_imin: -19.2324 time: 4.5521s
INFO:root:Epoch: 0425 lr: 0.01 train_loss: 950157.3125 train_distortion: 2.3596 train_mapscore: 0.2475 train_c: -1.0008 train_max_dist: 35.5944 train_imax: 87.0088 train_imin: -19.6155 time: 4.5467s
INFO:root:Epoch: 0430 lr: 0.01 train_loss: 945422.0000 train_distortion: 2.3574 train_mapscore: 0.2505 train_c: -1.0007 train_max_dist: 35.3116 train_imax: 86.1858 train_imin: -19.7557 time: 4.5074s
INFO:root:Epoch: 0435 lr: 0.01 train_loss: 940414.5000 train_distortion: 2.3718 train_mapscore: 0.2542 train_c: -1.0006 train_max_dist: 35.2598 train_imax: 85.4231 train_imin: -19.8321 time: 4.5320s
INFO:root:Epoch: 0440 lr: 0.01 train_loss: 935989.7500 train_distortion: 2.4211 train_mapscore: 0.2568 train_c: -1.0006 train_max_dist: 35.3114 train_imax: 85.0068 train_imin: -20.0083 time: 4.5100s
INFO:root:Epoch: 0445 lr: 0.01 train_loss: 933419.2500 train_distortion: 2.4946 train_mapscore: 0.2589 train_c: -1.0005 train_max_dist: 35.4891 train_imax: 85.2436 train_imin: -19.8025 time: 4.4690s
INFO:root:Epoch: 0450 lr: 0.01 train_loss: 930550.2500 train_distortion: 2.5263 train_mapscore: 0.2611 train_c: -1.0005 train_max_dist: 35.4954 train_imax: 84.9091 train_imin: -19.6158 time: 4.4763s
INFO:root:Epoch: 0455 lr: 0.01 train_loss: 927184.5000 train_distortion: 2.5482 train_mapscore: 0.2631 train_c: -1.0004 train_max_dist: 35.5089 train_imax: 84.5741 train_imin: -19.7349 time: 4.5137s
INFO:root:Epoch: 0460 lr: 0.01 train_loss: 923862.1875 train_distortion: 2.5627 train_mapscore: 0.2650 train_c: -1.0004 train_max_dist: 35.5035 train_imax: 84.0433 train_imin: -19.8071 time: 4.4672s
INFO:root:Epoch: 0465 lr: 0.01 train_loss: 920480.7500 train_distortion: 2.5943 train_mapscore: 0.2681 train_c: -1.0003 train_max_dist: 35.5161 train_imax: 83.7357 train_imin: -19.9627 time: 4.4654s
INFO:root:Epoch: 0470 lr: 0.01 train_loss: 917230.2500 train_distortion: 2.6375 train_mapscore: 0.2704 train_c: -1.0003 train_max_dist: 35.5937 train_imax: 83.6136 train_imin: -20.1850 time: 4.4541s
INFO:root:Epoch: 0475 lr: 0.01 train_loss: 914132.1250 train_distortion: 2.6857 train_mapscore: 0.2725 train_c: -1.0002 train_max_dist: 35.7059 train_imax: 83.7270 train_imin: -20.4366 time: 4.4425s
INFO:root:Epoch: 0480 lr: 0.01 train_loss: 911405.5625 train_distortion: 2.7437 train_mapscore: 0.2745 train_c: -1.0002 train_max_dist: 35.8308 train_imax: 84.2283 train_imin: -20.7470 time: 4.4314s
INFO:root:Epoch: 0485 lr: 0.01 train_loss: 909893.6250 train_distortion: 2.8089 train_mapscore: 0.2755 train_c: -1.0001 train_max_dist: 35.9128 train_imax: 84.7596 train_imin: -21.1027 time: 4.4310s
INFO:root:Epoch: 0490 lr: 0.01 train_loss: 908099.9375 train_distortion: 2.8570 train_mapscore: 0.2769 train_c: -1.0001 train_max_dist: 36.0391 train_imax: 85.0786 train_imin: -21.3469 time: 4.4644s
INFO:root:Epoch: 0495 lr: 0.01 train_loss: 906080.1250 train_distortion: 2.8616 train_mapscore: 0.2791 train_c: -1.0000 train_max_dist: 36.0542 train_imax: 84.6750 train_imin: -21.3837 time: 4.4046s
INFO:root:Epoch: 0500 lr: 0.01 train_loss: 904268.8750 train_distortion: 2.8466 train_mapscore: 0.2802 train_c: -1.0000 train_max_dist: 36.0634 train_imax: 84.0811 train_imin: -21.2961 time: 4.3976s
INFO:root:Epoch: 0505 lr: 0.01 train_loss: 903829.0000 train_distortion: 2.7992 train_mapscore: 0.2799 train_c: -0.9999 train_max_dist: 35.9877 train_imax: 82.8654 train_imin: -21.0209 time: 4.3478s
INFO:root:Epoch: 0510 lr: 0.01 train_loss: 903037.6250 train_distortion: 2.7743 train_mapscore: 0.2806 train_c: -0.9999 train_max_dist: 35.9720 train_imax: 82.0741 train_imin: -20.8717 time: 4.3832s
INFO:root:Epoch: 0515 lr: 0.01 train_loss: 901309.1875 train_distortion: 2.7719 train_mapscore: 0.2823 train_c: -0.9999 train_max_dist: 35.9481 train_imax: 81.9093 train_imin: -20.8444 time: 4.3729s
INFO:root:Epoch: 0520 lr: 0.01 train_loss: 898800.8750 train_distortion: 2.8285 train_mapscore: 0.2848 train_c: -0.9998 train_max_dist: 36.0520 train_imax: 82.6259 train_imin: -21.1020 time: 4.3436s
INFO:root:Epoch: 0525 lr: 0.01 train_loss: 896396.8750 train_distortion: 2.9065 train_mapscore: 0.2875 train_c: -0.9998 train_max_dist: 36.1769 train_imax: 83.6102 train_imin: -21.4551 time: 4.3489s
INFO:root:Epoch: 0530 lr: 0.01 train_loss: 894267.6875 train_distortion: 2.9993 train_mapscore: 0.2893 train_c: -0.9997 train_max_dist: 36.3897 train_imax: 84.8960 train_imin: -21.9252 time: 4.3222s
INFO:root:Epoch: 0535 lr: 0.01 train_loss: 891875.1875 train_distortion: 3.0646 train_mapscore: 0.2918 train_c: -0.9997 train_max_dist: 36.4946 train_imax: 85.9214 train_imin: -22.2430 time: 4.3337s
INFO:root:Epoch: 0540 lr: 0.01 train_loss: 889521.7500 train_distortion: 3.1099 train_mapscore: 0.2945 train_c: -0.9996 train_max_dist: 36.5741 train_imax: 86.5861 train_imin: -22.4454 time: 4.3602s
INFO:root:Epoch: 0545 lr: 0.01 train_loss: 889117.6250 train_distortion: 3.1590 train_mapscore: 0.2931 train_c: -0.9996 train_max_dist: 36.6966 train_imax: 87.5018 train_imin: -22.7794 time: 4.3568s
INFO:root:Epoch: 0550 lr: 0.01 train_loss: 887682.1250 train_distortion: 3.1860 train_mapscore: 0.2951 train_c: -0.9995 train_max_dist: 36.7151 train_imax: 87.7450 train_imin: -22.9374 time: 4.3208s
INFO:root:Epoch: 0555 lr: 0.01 train_loss: 911270.6250 train_distortion: 3.2265 train_mapscore: 0.2969 train_c: -0.9995 train_max_dist: 37.2844 train_imax: 172.6041 train_imin: -55.6931 time: 4.6576s
INFO:root:Epoch: 0560 lr: 0.01 train_loss: 883363.9375 train_distortion: 3.2233 train_mapscore: 0.3000 train_c: -0.9994 train_max_dist: 36.7696 train_imax: 87.9641 train_imin: -23.0972 time: 4.3495s
INFO:root:Epoch: 0565 lr: 0.01 train_loss: 881392.0625 train_distortion: 3.2583 train_mapscore: 0.3023 train_c: -0.9994 train_max_dist: 36.8037 train_imax: 88.3554 train_imin: -23.2368 time: 4.3225s
INFO:root:Epoch: 0570 lr: 0.01 train_loss: 880813.8750 train_distortion: 3.3241 train_mapscore: 0.3002 train_c: -0.9993 train_max_dist: 37.0067 train_imax: 88.5442 train_imin: -23.5004 time: 4.3690s
INFO:root:Epoch: 0575 lr: 0.01 train_loss: 879742.6250 train_distortion: 3.3630 train_mapscore: 0.3011 train_c: -0.9993 train_max_dist: 37.1033 train_imax: 88.4238 train_imin: -23.6697 time: 4.3241s
INFO:root:Epoch: 0580 lr: 0.01 train_loss: 903820.1875 train_distortion: 3.3971 train_mapscore: 0.3022 train_c: -0.9992 train_max_dist: 37.3762 train_imax: 174.0733 train_imin: -57.8295 time: 4.6810s
INFO:root:Epoch: 0585 lr: 0.01 train_loss: 907799.3750 train_distortion: 3.4064 train_mapscore: 0.2965 train_c: -0.9992 train_max_dist: 37.3449 train_imax: 173.6170 train_imin: -58.3755 time: 4.7220s
INFO:root:Epoch: 0590 lr: 0.01 train_loss: 895037.4375 train_distortion: 3.3297 train_mapscore: 0.2880 train_c: -0.9991 train_max_dist: 37.1714 train_imax: 89.6270 train_imin: -23.4398 time: 4.3302s
INFO:root:Epoch: 0595 lr: 0.01 train_loss: 903704.1250 train_distortion: 3.2310 train_mapscore: 0.2812 train_c: -0.9990 train_max_dist: 36.8676 train_imax: 88.1273 train_imin: -22.8391 time: 4.3168s
INFO:root:Epoch: 0600 lr: 0.01 train_loss: 929302.0000 train_distortion: 3.1235 train_mapscore: 0.2781 train_c: -0.9990 train_max_dist: 36.7425 train_imax: 164.9110 train_imin: -57.2527 time: 4.6804s
INFO:root:Epoch: 0605 lr: 0.01 train_loss: 926813.1250 train_distortion: 2.9964 train_mapscore: 0.2799 train_c: -0.9989 train_max_dist: 36.4314 train_imax: 160.5843 train_imin: -56.1004 time: 4.6643s
INFO:root:Epoch: 0610 lr: 0.01 train_loss: 922963.4375 train_distortion: 2.9134 train_mapscore: 0.2833 train_c: -0.9988 train_max_dist: 36.2052 train_imax: 157.4945 train_imin: -55.3811 time: 4.6811s
INFO:root:Epoch: 0615 lr: 0.01 train_loss: 918114.1250 train_distortion: 2.8727 train_mapscore: 0.2865 train_c: -0.9987 train_max_dist: 36.0654 train_imax: 155.6026 train_imin: -55.0911 time: 4.6485s
INFO:root:Epoch: 0620 lr: 0.01 train_loss: 913323.4375 train_distortion: 2.9297 train_mapscore: 0.2899 train_c: -0.9987 train_max_dist: 36.1404 train_imax: 156.6423 train_imin: -55.8943 time: 4.7096s
INFO:root:Epoch: 0625 lr: 0.01 train_loss: 909093.3125 train_distortion: 3.0220 train_mapscore: 0.2928 train_c: -0.9986 train_max_dist: 36.2931 train_imax: 158.7643 train_imin: -56.9838 time: 4.6542s
INFO:root:Epoch: 0630 lr: 0.01 train_loss: 905607.6875 train_distortion: 3.1280 train_mapscore: 0.2960 train_c: -0.9985 train_max_dist: 36.4639 train_imax: 161.1714 train_imin: -58.1465 time: 4.6780s
INFO:root:Epoch: 0635 lr: 0.01 train_loss: 902479.1875 train_distortion: 3.2038 train_mapscore: 0.2991 train_c: -0.9984 train_max_dist: 36.5605 train_imax: 162.5672 train_imin: -59.0466 time: 4.6682s
INFO:root:Epoch: 0640 lr: 0.01 train_loss: 900000.2500 train_distortion: 3.2732 train_mapscore: 0.3010 train_c: -0.9983 train_max_dist: 36.6326 train_imax: 163.5882 train_imin: -59.8635 time: 4.6842s
INFO:root:Epoch: 0645 lr: 0.01 train_loss: 898983.2500 train_distortion: 3.3419 train_mapscore: 0.3008 train_c: -0.9982 train_max_dist: 36.7413 train_imax: 165.1642 train_imin: -60.7533 time: 4.6878s
INFO:root:Epoch: 0650 lr: 0.01 train_loss: 899625.1250 train_distortion: 3.3739 train_mapscore: 0.3007 train_c: -0.9981 train_max_dist: 36.7637 train_imax: 165.5125 train_imin: -61.3674 time: 4.6767s
INFO:root:Epoch: 0655 lr: 0.01 train_loss: 900684.2500 train_distortion: 3.3847 train_mapscore: 0.3010 train_c: -0.9981 train_max_dist: 36.7562 train_imax: 165.4281 train_imin: -61.6400 time: 4.7208s
INFO:root:Epoch: 0660 lr: 0.01 train_loss: 900205.8750 train_distortion: 3.3711 train_mapscore: 0.3021 train_c: -0.9980 train_max_dist: 36.7015 train_imax: 164.6555 train_imin: -61.4759 time: 4.7077s
INFO:root:Epoch: 0665 lr: 0.01 train_loss: 878333.7500 train_distortion: 3.3763 train_mapscore: 0.3038 train_c: -0.9980 train_max_dist: 34.2234 train_imax: 89.6273 train_imin: -29.1191 time: 4.3464s
INFO:root:Epoch: 0670 lr: 0.01 train_loss: 875742.3750 train_distortion: 3.4306 train_mapscore: 0.3060 train_c: -0.9979 train_max_dist: 34.2809 train_imax: 90.3664 train_imin: -30.7619 time: 4.3568s
INFO:root:Epoch: 0675 lr: 0.01 train_loss: 872518.9375 train_distortion: 3.4850 train_mapscore: 0.3088 train_c: -0.9978 train_max_dist: 34.8442 train_imax: 91.5908 train_imin: -30.7437 time: 4.2958s
INFO:root:Epoch: 0680 lr: 0.01 train_loss: 869273.5000 train_distortion: 3.5374 train_mapscore: 0.3114 train_c: -0.9978 train_max_dist: 35.3793 train_imax: 91.9117 train_imin: -30.0589 time: 4.3210s
INFO:root:Epoch: 0685 lr: 0.01 train_loss: 866141.8750 train_distortion: 3.5924 train_mapscore: 0.3147 train_c: -0.9977 train_max_dist: 35.9085 train_imax: 91.3596 train_imin: -28.9204 time: 4.2726s
INFO:root:Epoch: 0690 lr: 0.01 train_loss: 863491.8750 train_distortion: 3.6175 train_mapscore: 0.3172 train_c: -0.9976 train_max_dist: 36.2892 train_imax: 90.0232 train_imin: -27.4572 time: 4.2380s
INFO:root:Epoch: 0695 lr: 0.01 train_loss: 861090.3750 train_distortion: 3.6576 train_mapscore: 0.3190 train_c: -0.9976 train_max_dist: 36.7062 train_imax: 89.5716 train_imin: -25.9176 time: 4.2704s
INFO:root:Epoch: 0700 lr: 0.01 train_loss: 861514.3125 train_distortion: 3.5604 train_mapscore: 0.3169 train_c: -0.9975 train_max_dist: 36.7364 train_imax: 87.4671 train_imin: -24.2098 time: 4.2199s
INFO:root:Epoch: 0705 lr: 0.01 train_loss: 864009.8750 train_distortion: 3.4899 train_mapscore: 0.3146 train_c: -0.9975 train_max_dist: 36.7168 train_imax: 85.6926 train_imin: -23.5153 time: 4.2430s
INFO:root:Epoch: 0710 lr: 0.01 train_loss: 863863.1875 train_distortion: 3.5178 train_mapscore: 0.3144 train_c: -0.9975 train_max_dist: 36.7748 train_imax: 85.8807 train_imin: -24.1874 time: 4.2206s
INFO:root:Epoch: 0715 lr: 0.01 train_loss: 862296.2500 train_distortion: 3.5801 train_mapscore: 0.3159 train_c: -0.9974 train_max_dist: 36.8670 train_imax: 85.8736 train_imin: -24.8901 time: 4.1508s
INFO:root:Epoch: 0720 lr: 0.01 train_loss: 860385.8750 train_distortion: 3.6237 train_mapscore: 0.3181 train_c: -0.9974 train_max_dist: 36.9002 train_imax: 85.7178 train_imin: -25.6754 time: 4.2073s
INFO:root:Epoch: 0725 lr: 0.01 train_loss: 857754.6875 train_distortion: 3.6889 train_mapscore: 0.3208 train_c: -0.9973 train_max_dist: 37.0349 train_imax: 86.6681 train_imin: -26.1244 time: 4.2044s
INFO:root:Epoch: 0730 lr: 0.01 train_loss: 855146.3750 train_distortion: 3.7453 train_mapscore: 0.3231 train_c: -0.9973 train_max_dist: 37.0328 train_imax: 87.0870 train_imin: -26.5689 time: 4.1967s
INFO:root:Epoch: 0735 lr: 0.01 train_loss: 852872.6250 train_distortion: 3.7956 train_mapscore: 0.3258 train_c: -0.9972 train_max_dist: 37.1851 train_imax: 87.5673 train_imin: -26.7840 time: 4.1829s
INFO:root:Epoch: 0740 lr: 0.01 train_loss: 850797.7500 train_distortion: 3.8319 train_mapscore: 0.3279 train_c: -0.9972 train_max_dist: 37.1626 train_imax: 87.5174 train_imin: -26.8362 time: 4.1625s
INFO:root:Epoch: 0745 lr: 0.01 train_loss: 848982.6875 train_distortion: 3.8760 train_mapscore: 0.3301 train_c: -0.9971 train_max_dist: 37.2631 train_imax: 87.7733 train_imin: -26.9301 time: 4.2092s
INFO:root:Epoch: 0750 lr: 0.01 train_loss: 847172.0000 train_distortion: 3.9365 train_mapscore: 0.3326 train_c: -0.9971 train_max_dist: 37.3831 train_imax: 89.0385 train_imin: -27.0370 time: 4.2037s
INFO:root:Epoch: 0755 lr: 0.01 train_loss: 872599.8125 train_distortion: 3.9841 train_mapscore: 0.3334 train_c: -0.9971 train_max_dist: 37.4290 train_imax: 164.4709 train_imin: -69.9015 time: 4.6508s
INFO:root:Epoch: 0760 lr: 0.01 train_loss: 872932.8750 train_distortion: 3.8815 train_mapscore: 0.3314 train_c: -0.9970 train_max_dist: 37.2443 train_imax: 161.3555 train_imin: -68.7870 time: 4.5956s
INFO:root:Epoch: 0765 lr: 0.01 train_loss: 877943.8750 train_distortion: 3.6899 train_mapscore: 0.3252 train_c: -0.9970 train_max_dist: 36.7511 train_imax: 155.6622 train_imin: -66.7856 time: 4.6100s
INFO:root:Epoch: 0770 lr: 0.01 train_loss: 878917.6250 train_distortion: 3.6412 train_mapscore: 0.3234 train_c: -0.9969 train_max_dist: 36.6456 train_imax: 153.3134 train_imin: -66.5075 time: 4.6020s
INFO:root:Epoch: 0775 lr: 0.01 train_loss: 877489.6875 train_distortion: 3.6632 train_mapscore: 0.3237 train_c: -0.9969 train_max_dist: 36.7138 train_imax: 152.8345 train_imin: -66.8580 time: 4.6039s
INFO:root:Epoch: 0780 lr: 0.01 train_loss: 874868.6250 train_distortion: 3.7385 train_mapscore: 0.3258 train_c: -0.9968 train_max_dist: 36.8846 train_imax: 153.8405 train_imin: -67.6795 time: 4.5979s
INFO:root:Epoch: 0785 lr: 0.01 train_loss: 872272.6250 train_distortion: 3.8110 train_mapscore: 0.3283 train_c: -0.9967 train_max_dist: 37.0104 train_imax: 155.2521 train_imin: -68.4578 time: 4.5958s
INFO:root:Epoch: 0790 lr: 0.01 train_loss: 869839.8125 train_distortion: 3.8723 train_mapscore: 0.3304 train_c: -0.9966 train_max_dist: 37.0660 train_imax: 156.4307 train_imin: -69.1629 time: 4.5984s
INFO:root:Epoch: 0795 lr: 0.01 train_loss: 867489.6250 train_distortion: 3.9266 train_mapscore: 0.3326 train_c: -0.9965 train_max_dist: 37.1674 train_imax: 157.0418 train_imin: -69.7543 time: 4.5614s
INFO:root:Epoch: 0800 lr: 0.01 train_loss: 865365.2500 train_distortion: 3.9187 train_mapscore: 0.3344 train_c: -0.9965 train_max_dist: 37.1497 train_imax: 155.9737 train_imin: -69.5655 time: 4.5601s
INFO:root:Epoch: 0805 lr: 0.01 train_loss: 864161.8750 train_distortion: 3.8834 train_mapscore: 0.3348 train_c: -0.9964 train_max_dist: 37.0998 train_imax: 154.1250 train_imin: -69.0104 time: 4.5412s
INFO:root:Epoch: 0810 lr: 0.01 train_loss: 862945.7500 train_distortion: 3.9633 train_mapscore: 0.3365 train_c: -0.9963 train_max_dist: 37.3009 train_imax: 155.2561 train_imin: -69.7820 time: 4.5503s
INFO:root:Epoch: 0815 lr: 0.01 train_loss: 861277.0625 train_distortion: 4.0541 train_mapscore: 0.3387 train_c: -0.9963 train_max_dist: 37.4355 train_imax: 156.7418 train_imin: -70.7977 time: 4.5261s
INFO:root:Epoch: 0820 lr: 0.01 train_loss: 865849.3125 train_distortion: 3.8372 train_mapscore: 0.3310 train_c: -0.9962 train_max_dist: 36.9774 train_imax: 152.7167 train_imin: -68.8020 time: 4.5706s
INFO:root:Epoch: 0825 lr: 0.01 train_loss: 876329.6250 train_distortion: 3.6835 train_mapscore: 0.3193 train_c: -0.9962 train_max_dist: 36.6742 train_imax: 149.5530 train_imin: -67.6627 time: 4.5461s
INFO:root:Epoch: 0830 lr: 0.01 train_loss: 879589.1250 train_distortion: 3.6570 train_mapscore: 0.3157 train_c: -0.9961 train_max_dist: 36.6648 train_imax: 148.1477 train_imin: -67.6487 time: 4.5561s
INFO:root:Epoch: 0835 lr: 0.01 train_loss: 877895.7500 train_distortion: 3.7201 train_mapscore: 0.3156 train_c: -0.9960 train_max_dist: 36.8482 train_imax: 148.5216 train_imin: -68.2515 time: 4.5310s
INFO:root:Epoch: 0840 lr: 0.01 train_loss: 874741.7500 train_distortion: 3.7583 train_mapscore: 0.3179 train_c: -0.9959 train_max_dist: 36.9077 train_imax: 148.4785 train_imin: -68.3835 time: 4.5151s
INFO:root:Epoch: 0845 lr: 0.01 train_loss: 871422.1250 train_distortion: 3.7766 train_mapscore: 0.3216 train_c: -0.9959 train_max_dist: 36.8656 train_imax: 147.8723 train_imin: -68.3659 time: 4.5299s
INFO:root:Epoch: 0850 lr: 0.01 train_loss: 868180.3750 train_distortion: 3.8447 train_mapscore: 0.3252 train_c: -0.9958 train_max_dist: 36.9797 train_imax: 148.3290 train_imin: -69.0686 time: 4.5736s
INFO:root:Epoch: 0855 lr: 0.01 train_loss: 865135.5625 train_distortion: 3.9255 train_mapscore: 0.3283 train_c: -0.9957 train_max_dist: 37.1162 train_imax: 149.2087 train_imin: -69.9112 time: 4.5556s
INFO:root:Epoch: 0860 lr: 0.01 train_loss: 862238.2500 train_distortion: 3.9949 train_mapscore: 0.3325 train_c: -0.9956 train_max_dist: 37.2353 train_imax: 150.1729 train_imin: -70.5299 time: 4.5159s
INFO:root:Epoch: 0865 lr: 0.01 train_loss: 841820.1250 train_distortion: 4.0865 train_mapscore: 0.3357 train_c: -0.9955 train_max_dist: 37.4412 train_imax: 100.9235 train_imin: -27.4741 time: 4.1807s
INFO:root:Epoch: 0870 lr: 0.01 train_loss: 839657.7500 train_distortion: 4.1506 train_mapscore: 0.3378 train_c: -0.9955 train_max_dist: 37.6901 train_imax: 99.7002 train_imin: -27.4518 time: 4.1871s
INFO:root:Epoch: 0875 lr: 0.01 train_loss: 837186.1250 train_distortion: 4.2323 train_mapscore: 0.3402 train_c: -0.9954 train_max_dist: 37.8570 train_imax: 99.0842 train_imin: -27.9203 time: 4.1386s
INFO:root:Epoch: 0880 lr: 0.01 train_loss: 834563.6250 train_distortion: 4.2779 train_mapscore: 0.3431 train_c: -0.9953 train_max_dist: 37.8862 train_imax: 96.7962 train_imin: -28.4341 time: 4.1589s
INFO:root:Epoch: 0885 lr: 0.01 train_loss: 832080.9375 train_distortion: 4.2613 train_mapscore: 0.3448 train_c: -0.9953 train_max_dist: 37.8481 train_imax: 93.6509 train_imin: -28.4135 time: 4.1156s
INFO:root:Epoch: 0890 lr: 0.01 train_loss: 831527.3750 train_distortion: 4.3500 train_mapscore: 0.3446 train_c: -0.9953 train_max_dist: 38.0209 train_imax: 92.0265 train_imin: -28.8747 time: 4.0848s
INFO:root:Epoch: 0895 lr: 0.01 train_loss: 830479.3750 train_distortion: 4.4073 train_mapscore: 0.3457 train_c: -0.9952 train_max_dist: 38.0423 train_imax: 91.0132 train_imin: -29.5248 time: 4.0723s
INFO:root:Epoch: 0900 lr: 0.01 train_loss: 874432.9375 train_distortion: 3.6253 train_mapscore: 0.3262 train_c: -0.9953 train_max_dist: 36.5600 train_imax: 137.6254 train_imin: -67.8616 time: 4.4897s
INFO:root:Epoch: 0905 lr: 0.01 train_loss: 896482.5000 train_distortion: 3.2766 train_mapscore: 0.3081 train_c: -0.9953 train_max_dist: 35.6606 train_imax: 130.9931 train_imin: -64.7295 time: 4.5607s
INFO:root:Epoch: 0910 lr: 0.01 train_loss: 905867.0000 train_distortion: 3.2347 train_mapscore: 0.2985 train_c: -0.9952 train_max_dist: 35.7742 train_imax: 130.0388 train_imin: -64.8892 time: 4.6137s
INFO:root:Epoch: 0915 lr: 0.01 train_loss: 906999.2500 train_distortion: 3.2580 train_mapscore: 0.2966 train_c: -0.9951 train_max_dist: 35.8590 train_imax: 129.9324 train_imin: -65.4886 time: 4.5536s
INFO:root:Epoch: 0920 lr: 0.01 train_loss: 904728.5625 train_distortion: 3.1888 train_mapscore: 0.2974 train_c: -0.9950 train_max_dist: 35.6845 train_imax: 127.2835 train_imin: -64.6108 time: 4.5255s
INFO:root:Epoch: 0925 lr: 0.01 train_loss: 928159.9375 train_distortion: 3.1394 train_mapscore: 0.2810 train_c: -0.9949 train_max_dist: 35.7708 train_imax: 125.4653 train_imin: -65.3176 time: 4.5140s
INFO:root:Epoch: 0930 lr: 0.01 train_loss: 969242.9375 train_distortion: 2.8329 train_mapscore: 0.2522 train_c: -0.9948 train_max_dist: 34.5983 train_imax: 73.0809 train_imin: -24.2586 time: 4.4486s
INFO:root:Epoch: 0935 lr: 0.01 train_loss: 990013.0625 train_distortion: 2.2554 train_mapscore: 0.2391 train_c: -0.9948 train_max_dist: 32.4337 train_imax: 62.0938 train_imin: -22.8071 time: 4.5080s
INFO:root:Epoch: 0940 lr: 0.01 train_loss: 992806.0625 train_distortion: 1.8076 train_mapscore: 0.2356 train_c: -0.9947 train_max_dist: 30.9331 train_imax: 52.7843 train_imin: -21.0554 time: 4.5307s
INFO:root:Epoch: 0945 lr: 0.01 train_loss: 990679.5000 train_distortion: 1.5631 train_mapscore: 0.2358 train_c: -0.9946 train_max_dist: 30.0548 train_imax: 47.4628 train_imin: -19.7658 time: 4.5056s
INFO:root:Epoch: 0950 lr: 0.01 train_loss: 985861.5625 train_distortion: 1.5263 train_mapscore: 0.2381 train_c: -0.9945 train_max_dist: 29.9598 train_imax: 45.8657 train_imin: -19.5150 time: 4.4883s
INFO:root:Epoch: 0955 lr: 0.01 train_loss: 978482.8750 train_distortion: 1.6227 train_mapscore: 0.2410 train_c: -0.9943 train_max_dist: 30.3934 train_imax: 46.3905 train_imin: -19.7775 time: 4.4879s
INFO:root:Epoch: 0960 lr: 0.01 train_loss: 970120.5000 train_distortion: 1.7276 train_mapscore: 0.2446 train_c: -0.9942 train_max_dist: 30.7667 train_imax: 47.3475 train_imin: -19.8199 time: 4.4639s
INFO:root:Epoch: 0965 lr: 0.01 train_loss: 961833.0625 train_distortion: 1.8455 train_mapscore: 0.2485 train_c: -0.9941 train_max_dist: 31.0151 train_imax: 48.3229 train_imin: -20.2065 time: 4.4926s
INFO:root:Epoch: 0970 lr: 0.01 train_loss: 954558.5000 train_distortion: 1.9307 train_mapscore: 0.2514 train_c: -0.9940 train_max_dist: 31.1138 train_imax: 49.0151 train_imin: -20.3345 time: 4.4182s
INFO:root:Epoch: 0975 lr: 0.01 train_loss: 948412.7500 train_distortion: 1.8790 train_mapscore: 0.2544 train_c: -0.9939 train_max_dist: 30.8287 train_imax: 47.7997 train_imin: -19.6755 time: 4.3902s
INFO:root:Epoch: 0980 lr: 0.01 train_loss: 943822.0000 train_distortion: 1.9386 train_mapscore: 0.2565 train_c: -0.9938 train_max_dist: 30.9463 train_imax: 47.8034 train_imin: -20.0082 time: 4.3885s
INFO:root:Epoch: 0985 lr: 0.01 train_loss: 938845.2500 train_distortion: 2.0578 train_mapscore: 0.2582 train_c: -0.9937 train_max_dist: 31.2557 train_imax: 49.2181 train_imin: -20.3454 time: 4.3301s
INFO:root:Epoch: 0990 lr: 0.01 train_loss: 934401.3750 train_distortion: 2.1370 train_mapscore: 0.2607 train_c: -0.9936 train_max_dist: 31.3449 train_imax: 50.3109 train_imin: -20.5294 time: 4.3000s
INFO:root:Epoch: 0995 lr: 0.01 train_loss: 930654.3750 train_distortion: 2.1308 train_mapscore: 0.2638 train_c: -0.9935 train_max_dist: 31.1397 train_imax: 50.0800 train_imin: -20.3317 time: 4.2914s
INFO:root:Epoch: 1000 lr: 0.01 train_loss: 927161.7500 train_distortion: 2.0045 train_mapscore: 0.2665 train_c: -0.9935 train_max_dist: 30.6440 train_imax: 48.0189 train_imin: -19.2610 time: 4.2591s
INFO:root:Epoch: 1005 lr: 0.01 train_loss: 922482.5625 train_distortion: 2.0798 train_mapscore: 0.2693 train_c: -0.9934 train_max_dist: 30.7894 train_imax: 48.6623 train_imin: -19.5044 time: 4.3244s
INFO:root:Epoch: 1010 lr: 0.01 train_loss: 917965.5000 train_distortion: 2.1822 train_mapscore: 0.2722 train_c: -0.9933 train_max_dist: 30.9882 train_imax: 49.9223 train_imin: -20.0660 time: 4.3032s
INFO:root:Epoch: 1015 lr: 0.01 train_loss: 914183.0000 train_distortion: 2.3061 train_mapscore: 0.2738 train_c: -0.9932 train_max_dist: 31.2491 train_imax: 51.0175 train_imin: -20.7081 time: 4.2970s
INFO:root:Epoch: 1020 lr: 0.01 train_loss: 910204.1250 train_distortion: 2.4550 train_mapscore: 0.2761 train_c: -0.9932 train_max_dist: 31.5149 train_imax: 52.8851 train_imin: -21.0351 time: 4.2810s
INFO:root:Epoch: 1025 lr: 0.01 train_loss: 906366.2500 train_distortion: 2.5694 train_mapscore: 0.2788 train_c: -0.9931 train_max_dist: 31.5792 train_imax: 54.0777 train_imin: -22.0270 time: 4.2671s
INFO:root:Epoch: 1030 lr: 0.01 train_loss: 902908.4375 train_distortion: 2.5905 train_mapscore: 0.2816 train_c: -0.9930 train_max_dist: 31.5091 train_imax: 54.2952 train_imin: -21.8781 time: 4.2417s
INFO:root:Epoch: 1035 lr: 0.01 train_loss: 899712.0000 train_distortion: 2.6516 train_mapscore: 0.2841 train_c: -0.9930 train_max_dist: 31.5803 train_imax: 54.8822 train_imin: -22.1442 time: 4.2259s
INFO:root:Epoch: 1040 lr: 0.01 train_loss: 896513.5000 train_distortion: 2.7255 train_mapscore: 0.2872 train_c: -0.9929 train_max_dist: 31.6624 train_imax: 55.4503 train_imin: -22.4725 time: 4.2192s
INFO:root:Epoch: 1045 lr: 0.01 train_loss: 893216.2500 train_distortion: 2.7996 train_mapscore: 0.2898 train_c: -0.9929 train_max_dist: 31.7241 train_imax: 55.9163 train_imin: -22.8559 time: 4.2261s
INFO:root:Epoch: 1050 lr: 0.01 train_loss: 890056.1875 train_distortion: 2.8794 train_mapscore: 0.2925 train_c: -0.9928 train_max_dist: 31.8424 train_imax: 56.5229 train_imin: -23.0774 time: 4.1921s
INFO:root:Epoch: 1055 lr: 0.01 train_loss: 886780.5625 train_distortion: 2.9386 train_mapscore: 0.2957 train_c: -0.9927 train_max_dist: 31.8750 train_imax: 56.9315 train_imin: -23.3646 time: 4.1829s
INFO:root:Epoch: 1060 lr: 0.01 train_loss: 883836.0625 train_distortion: 2.9911 train_mapscore: 0.2988 train_c: -0.9927 train_max_dist: 31.9162 train_imax: 57.3345 train_imin: -23.5669 time: 4.1448s
INFO:root:Epoch: 1065 lr: 0.01 train_loss: 881014.6250 train_distortion: 3.0389 train_mapscore: 0.3013 train_c: -0.9926 train_max_dist: 31.9718 train_imax: 57.6901 train_imin: -23.7156 time: 4.1818s
INFO:root:Epoch: 1070 lr: 0.01 train_loss: 878893.7500 train_distortion: 3.0466 train_mapscore: 0.3021 train_c: -0.9926 train_max_dist: 31.9385 train_imax: 57.7434 train_imin: -23.7385 time: 4.1656s
INFO:root:Epoch: 1075 lr: 0.01 train_loss: 876655.7500 train_distortion: 3.0914 train_mapscore: 0.3041 train_c: -0.9925 train_max_dist: 31.9726 train_imax: 58.1167 train_imin: -23.9258 time: 4.1132s
INFO:root:Epoch: 1080 lr: 0.01 train_loss: 874188.0000 train_distortion: 3.1529 train_mapscore: 0.3064 train_c: -0.9925 train_max_dist: 32.0243 train_imax: 58.7222 train_imin: -24.3174 time: 4.1363s
INFO:root:Epoch: 1085 lr: 0.01 train_loss: 871781.8125 train_distortion: 3.2149 train_mapscore: 0.3089 train_c: -0.9924 train_max_dist: 32.0779 train_imax: 59.2507 train_imin: -24.7076 time: 4.0642s
INFO:root:Epoch: 1090 lr: 0.01 train_loss: 869316.8750 train_distortion: 3.2538 train_mapscore: 0.3110 train_c: -0.9923 train_max_dist: 32.1198 train_imax: 59.3662 train_imin: -25.0624 time: 4.1522s
INFO:root:Epoch: 1095 lr: 0.01 train_loss: 866964.6250 train_distortion: 3.2992 train_mapscore: 0.3135 train_c: -0.9923 train_max_dist: 32.1636 train_imax: 59.5313 train_imin: -25.3735 time: 4.1300s
INFO:root:Epoch: 1100 lr: 0.01 train_loss: 867871.1250 train_distortion: 3.2089 train_mapscore: 0.3105 train_c: -0.9923 train_max_dist: 31.8921 train_imax: 58.3524 train_imin: -25.7448 time: 4.1021s
INFO:root:Epoch: 1105 lr: 0.01 train_loss: 870445.0000 train_distortion: 3.1647 train_mapscore: 0.3087 train_c: -0.9922 train_max_dist: 31.9228 train_imax: 57.8253 train_imin: -25.1380 time: 4.0966s
INFO:root:Epoch: 1110 lr: 0.01 train_loss: 869215.6250 train_distortion: 3.2148 train_mapscore: 0.3091 train_c: -0.9922 train_max_dist: 32.1230 train_imax: 58.1094 train_imin: -25.7135 time: 4.0462s
INFO:root:Epoch: 1115 lr: 0.01 train_loss: 867105.6875 train_distortion: 3.3038 train_mapscore: 0.3116 train_c: -0.9921 train_max_dist: 32.3406 train_imax: 58.9477 train_imin: -26.3157 time: 4.0885s
INFO:root:Epoch: 1120 lr: 0.01 train_loss: 864406.6250 train_distortion: 3.3925 train_mapscore: 0.3145 train_c: -0.9921 train_max_dist: 32.4177 train_imax: 59.8661 train_imin: -26.5221 time: 4.0412s
INFO:root:Epoch: 1125 lr: 0.01 train_loss: 861668.6250 train_distortion: 3.4616 train_mapscore: 0.3168 train_c: -0.9920 train_max_dist: 32.3907 train_imax: 60.4700 train_imin: -26.7444 time: 4.1366s
INFO:root:Epoch: 1130 lr: 0.01 train_loss: 858970.8750 train_distortion: 3.5082 train_mapscore: 0.3194 train_c: -0.9920 train_max_dist: 32.3980 train_imax: 60.8790 train_imin: -26.8394 time: 4.1020s
INFO:root:Epoch: 1135 lr: 0.01 train_loss: 856337.9375 train_distortion: 3.5209 train_mapscore: 0.3227 train_c: -0.9919 train_max_dist: 32.3974 train_imax: 61.0185 train_imin: -26.7715 time: 4.0733s
INFO:root:Epoch: 1140 lr: 0.01 train_loss: 855723.8750 train_distortion: 3.5055 train_mapscore: 0.3216 train_c: -0.9919 train_max_dist: 32.3270 train_imax: 60.7111 train_imin: -26.6996 time: 4.0903s
INFO:root:Epoch: 1145 lr: 0.01 train_loss: 854341.0000 train_distortion: 3.5644 train_mapscore: 0.3228 train_c: -0.9918 train_max_dist: 32.3694 train_imax: 61.3049 train_imin: -26.8751 time: 4.0826s
INFO:root:Epoch: 1150 lr: 0.01 train_loss: 852527.0625 train_distortion: 3.6247 train_mapscore: 0.3254 train_c: -0.9918 train_max_dist: 32.4045 train_imax: 61.9852 train_imin: -27.2224 time: 4.0436s
INFO:root:Epoch: 1155 lr: 0.01 train_loss: 850605.8750 train_distortion: 3.6387 train_mapscore: 0.3272 train_c: -0.9917 train_max_dist: 32.4059 train_imax: 61.9945 train_imin: -27.2419 time: 4.0343s
INFO:root:Epoch: 1160 lr: 0.01 train_loss: 848933.2500 train_distortion: 3.7078 train_mapscore: 0.3291 train_c: -0.9917 train_max_dist: 32.5098 train_imax: 62.7967 train_imin: -27.6399 time: 4.0364s
INFO:root:Epoch: 1165 lr: 0.01 train_loss: 847241.2500 train_distortion: 3.7953 train_mapscore: 0.3315 train_c: -0.9916 train_max_dist: 32.6255 train_imax: 63.7280 train_imin: -28.1809 time: 4.0542s
INFO:root:Epoch: 1170 lr: 0.01 train_loss: 845380.3750 train_distortion: 3.8687 train_mapscore: 0.3344 train_c: -0.9916 train_max_dist: 32.6991 train_imax: 64.4662 train_imin: -28.5031 time: 4.0387s
INFO:root:Epoch: 1175 lr: 0.01 train_loss: 843290.8750 train_distortion: 3.8898 train_mapscore: 0.3372 train_c: -0.9915 train_max_dist: 32.6961 train_imax: 64.5926 train_imin: -28.5099 time: 4.0170s
INFO:root:Epoch: 1180 lr: 0.01 train_loss: 841530.5625 train_distortion: 3.9019 train_mapscore: 0.3389 train_c: -0.9915 train_max_dist: 32.7049 train_imax: 64.5757 train_imin: -28.4235 time: 4.0245s
INFO:root:Epoch: 1185 lr: 0.01 train_loss: 840038.6250 train_distortion: 3.9062 train_mapscore: 0.3400 train_c: -0.9915 train_max_dist: 32.6877 train_imax: 64.6458 train_imin: -28.4069 time: 4.0250s
INFO:root:Epoch: 1190 lr: 0.01 train_loss: 839204.1250 train_distortion: 4.0737 train_mapscore: 0.3408 train_c: -0.9914 train_max_dist: 32.9166 train_imax: 66.8374 train_imin: -28.9078 time: 4.0447s
INFO:root:Epoch: 1195 lr: 0.01 train_loss: 838220.9375 train_distortion: 4.1656 train_mapscore: 0.3417 train_c: -0.9913 train_max_dist: 33.0068 train_imax: 67.7539 train_imin: -29.0556 time: 4.0588s
INFO:root:Epoch: 1200 lr: 0.01 train_loss: 836298.8125 train_distortion: 4.1596 train_mapscore: 0.3439 train_c: -0.9913 train_max_dist: 32.9819 train_imax: 67.2769 train_imin: -28.9149 time: 4.0260s
INFO:root:Epoch: 1205 lr: 0.01 train_loss: 834479.0000 train_distortion: 4.1611 train_mapscore: 0.3463 train_c: -0.9912 train_max_dist: 32.9740 train_imax: 66.7992 train_imin: -28.9574 time: 4.0172s
INFO:root:Epoch: 1210 lr: 0.01 train_loss: 832793.1250 train_distortion: 4.1920 train_mapscore: 0.3494 train_c: -0.9912 train_max_dist: 32.9666 train_imax: 66.8730 train_imin: -29.2602 time: 3.9794s
INFO:root:Epoch: 1215 lr: 0.01 train_loss: 831191.8125 train_distortion: 4.2314 train_mapscore: 0.3518 train_c: -0.9911 train_max_dist: 33.0046 train_imax: 67.3191 train_imin: -29.5599 time: 3.9812s
INFO:root:Epoch: 1220 lr: 0.01 train_loss: 829679.0000 train_distortion: 4.2847 train_mapscore: 0.3542 train_c: -0.9911 train_max_dist: 33.0739 train_imax: 67.7526 train_imin: -29.7912 time: 3.9943s
INFO:root:Epoch: 1225 lr: 0.01 train_loss: 828243.7500 train_distortion: 4.3073 train_mapscore: 0.3550 train_c: -0.9911 train_max_dist: 33.0860 train_imax: 67.9102 train_imin: -29.9833 time: 3.9788s
INFO:root:Epoch: 1230 lr: 0.01 train_loss: 826887.1875 train_distortion: 4.3432 train_mapscore: 0.3568 train_c: -0.9910 train_max_dist: 33.1206 train_imax: 68.3012 train_imin: -30.2268 time: 3.9789s
INFO:root:Epoch: 1235 lr: 0.01 train_loss: 825618.6250 train_distortion: 4.3999 train_mapscore: 0.3604 train_c: -0.9910 train_max_dist: 33.1796 train_imax: 68.7042 train_imin: -30.3968 time: 3.9528s
INFO:root:Epoch: 1240 lr: 0.01 train_loss: 826454.6875 train_distortion: 4.4599 train_mapscore: 0.3556 train_c: -0.9910 train_max_dist: 33.0434 train_imax: 69.3697 train_imin: -30.6991 time: 3.9322s
INFO:root:Epoch: 1245 lr: 0.01 train_loss: 827099.8750 train_distortion: 4.3463 train_mapscore: 0.3507 train_c: -0.9910 train_max_dist: 32.8012 train_imax: 67.5459 train_imin: -29.7761 time: 3.9015s
INFO:root:Epoch: 1250 lr: 0.01 train_loss: 828262.2500 train_distortion: 4.2620 train_mapscore: 0.3508 train_c: -0.9909 train_max_dist: 32.7426 train_imax: 66.8483 train_imin: -29.2166 time: 3.9124s
INFO:root:Epoch: 1255 lr: 0.01 train_loss: 827610.3750 train_distortion: 4.2524 train_mapscore: 0.3494 train_c: -0.9909 train_max_dist: 32.7752 train_imax: 67.0082 train_imin: -29.2329 time: 3.9365s
INFO:root:Epoch: 1260 lr: 0.01 train_loss: 826454.8750 train_distortion: 4.3160 train_mapscore: 0.3505 train_c: -0.9909 train_max_dist: 32.8225 train_imax: 68.2145 train_imin: -29.4855 time: 3.9502s
INFO:root:Epoch: 1265 lr: 0.01 train_loss: 824835.6875 train_distortion: 4.3724 train_mapscore: 0.3532 train_c: -0.9908 train_max_dist: 32.9011 train_imax: 68.8021 train_imin: -29.7508 time: 3.9428s
INFO:root:Epoch: 1270 lr: 0.01 train_loss: 823052.9375 train_distortion: 4.4282 train_mapscore: 0.3551 train_c: -0.9908 train_max_dist: 32.9884 train_imax: 69.3128 train_imin: -30.1849 time: 3.9122s
INFO:root:Epoch: 1275 lr: 0.01 train_loss: 821210.6875 train_distortion: 4.5039 train_mapscore: 0.3586 train_c: -0.9907 train_max_dist: 33.0704 train_imax: 69.9752 train_imin: -30.5879 time: 3.9211s
INFO:root:Epoch: 1280 lr: 0.01 train_loss: 819580.2500 train_distortion: 4.5811 train_mapscore: 0.3622 train_c: -0.9907 train_max_dist: 33.1377 train_imax: 70.5043 train_imin: -30.8178 time: 3.9137s
INFO:root:Epoch: 1285 lr: 0.01 train_loss: 817911.3125 train_distortion: 4.6341 train_mapscore: 0.3660 train_c: -0.9906 train_max_dist: 33.2069 train_imax: 71.1155 train_imin: -30.9549 time: 3.9024s
INFO:root:Epoch: 1290 lr: 0.01 train_loss: 816361.3125 train_distortion: 4.6509 train_mapscore: 0.3683 train_c: -0.9906 train_max_dist: 33.2215 train_imax: 71.1079 train_imin: -30.9128 time: 3.9487s
INFO:root:Epoch: 1295 lr: 0.01 train_loss: 849002.8750 train_distortion: 4.4901 train_mapscore: 0.3581 train_c: -0.9906 train_max_dist: 35.0672 train_imax: 144.8405 train_imin: -78.7639 time: 4.3743s
INFO:root:Epoch: 1300 lr: 0.01 train_loss: 824097.0625 train_distortion: 4.4285 train_mapscore: 0.3510 train_c: -0.9906 train_max_dist: 32.9544 train_imax: 68.3298 train_imin: -28.3485 time: 3.9391s
INFO:root:Epoch: 1305 lr: 0.01 train_loss: 825322.6250 train_distortion: 4.3254 train_mapscore: 0.3472 train_c: -0.9905 train_max_dist: 32.8064 train_imax: 67.5985 train_imin: -27.9454 time: 3.9167s
INFO:root:Epoch: 1310 lr: 0.01 train_loss: 824796.8750 train_distortion: 4.3874 train_mapscore: 0.3472 train_c: -0.9905 train_max_dist: 32.8708 train_imax: 68.2362 train_imin: -28.5243 time: 3.9007s
INFO:root:Epoch: 1315 lr: 0.01 train_loss: 859562.8750 train_distortion: 4.0567 train_mapscore: 0.3421 train_c: -0.9906 train_max_dist: 34.3533 train_imax: 135.9168 train_imin: -74.0718 time: 4.3569s
INFO:root:Epoch: 1320 lr: 0.01 train_loss: 832319.1875 train_distortion: 3.9958 train_mapscore: 0.3412 train_c: -0.9906 train_max_dist: 32.2600 train_imax: 63.1177 train_imin: -27.2447 time: 3.9061s
INFO:root:Epoch: 1325 lr: 0.01 train_loss: 830785.3750 train_distortion: 4.1611 train_mapscore: 0.3428 train_c: -0.9905 train_max_dist: 32.4225 train_imax: 64.5807 train_imin: -27.2114 time: 3.8870s
INFO:root:Epoch: 1330 lr: 0.01 train_loss: 827555.8750 train_distortion: 4.3281 train_mapscore: 0.3455 train_c: -0.9904 train_max_dist: 32.6538 train_imax: 66.6300 train_imin: -27.7592 time: 3.8769s
INFO:root:Epoch: 1335 lr: 0.01 train_loss: 824007.7500 train_distortion: 4.4469 train_mapscore: 0.3487 train_c: -0.9903 train_max_dist: 32.8324 train_imax: 67.8955 train_imin: -28.3844 time: 3.9174s
INFO:root:Epoch: 1340 lr: 0.01 train_loss: 824401.5000 train_distortion: 4.4033 train_mapscore: 0.3486 train_c: -0.9903 train_max_dist: 32.6986 train_imax: 67.2433 train_imin: -28.3732 time: 3.8839s
INFO:root:Epoch: 1345 lr: 0.01 train_loss: 828029.5625 train_distortion: 4.6211 train_mapscore: 0.3461 train_c: -0.9903 train_max_dist: 33.1810 train_imax: 69.5403 train_imin: -28.9786 time: 3.8716s
INFO:root:Epoch: 1350 lr: 0.01 train_loss: 827060.3750 train_distortion: 4.6176 train_mapscore: 0.3456 train_c: -0.9902 train_max_dist: 33.2356 train_imax: 70.2118 train_imin: -29.0405 time: 3.8996s
INFO:root:Epoch: 1355 lr: 0.01 train_loss: 824391.5625 train_distortion: 4.5640 train_mapscore: 0.3489 train_c: -0.9902 train_max_dist: 33.1330 train_imax: 69.0787 train_imin: -28.7278 time: 3.8983s
INFO:root:Epoch: 1360 lr: 0.01 train_loss: 821578.1250 train_distortion: 4.4910 train_mapscore: 0.3523 train_c: -0.9902 train_max_dist: 33.0206 train_imax: 68.1798 train_imin: -28.1327 time: 3.8533s
INFO:root:Epoch: 1365 lr: 0.01 train_loss: 824385.2500 train_distortion: 4.3911 train_mapscore: 0.3512 train_c: -0.9901 train_max_dist: 32.8580 train_imax: 66.8693 train_imin: -27.6977 time: 3.8913s
INFO:root:Epoch: 1370 lr: 0.01 train_loss: 828148.3125 train_distortion: 4.2561 train_mapscore: 0.3477 train_c: -0.9901 train_max_dist: 32.6626 train_imax: 65.4106 train_imin: -27.1472 time: 3.9122s
INFO:root:Epoch: 1375 lr: 0.01 train_loss: 836615.3750 train_distortion: 4.6569 train_mapscore: 0.3397 train_c: -0.9900 train_max_dist: 33.2386 train_imax: 69.6019 train_imin: -29.5437 time: 3.9526s
INFO:root:Epoch: 1380 lr: 0.01 train_loss: 843854.7500 train_distortion: 4.9801 train_mapscore: 0.3329 train_c: -0.9898 train_max_dist: 33.8224 train_imax: 73.5402 train_imin: -32.0451 time: 3.9459s
INFO:root:Epoch: 1385 lr: 0.01 train_loss: 907335.0000 train_distortion: 5.6255 train_mapscore: 0.2938 train_c: -0.9896 train_max_dist: 34.8996 train_imax: 86.0125 train_imin: -34.2044 time: 4.0538s
INFO:root:Epoch: 1390 lr: 0.01 train_loss: 939636.1875 train_distortion: 4.6047 train_mapscore: 0.2682 train_c: -0.9895 train_max_dist: 33.3047 train_imax: 74.5490 train_imin: -32.8716 time: 4.2110s
INFO:root:Epoch: 1395 lr: 0.01 train_loss: 965645.7500 train_distortion: 3.3812 train_mapscore: 0.2588 train_c: -0.9893 train_max_dist: 33.0818 train_imax: 121.3603 train_imin: -66.9487 time: 4.6518s
INFO:root:Epoch: 1400 lr: 0.01 train_loss: 960923.1875 train_distortion: 2.5679 train_mapscore: 0.2589 train_c: -0.9892 train_max_dist: 31.3934 train_imax: 103.7321 train_imin: -56.5969 time: 4.6953s
INFO:root:Epoch: 1405 lr: 0.01 train_loss: 955205.5000 train_distortion: 2.2637 train_mapscore: 0.2626 train_c: -0.9891 train_max_dist: 30.4381 train_imax: 94.7075 train_imin: -52.3642 time: 4.7862s
INFO:root:Epoch: 1410 lr: 0.01 train_loss: 947147.5000 train_distortion: 2.2825 train_mapscore: 0.2674 train_c: -0.9889 train_max_dist: 30.0931 train_imax: 91.6520 train_imin: -52.2834 time: 4.6616s
INFO:root:Epoch: 1415 lr: 0.01 train_loss: 937706.6250 train_distortion: 2.4889 train_mapscore: 0.2725 train_c: -0.9887 train_max_dist: 30.1335 train_imax: 92.0435 train_imin: -54.5697 time: 4.6575s
INFO:root:Epoch: 1420 lr: 0.01 train_loss: 928876.8750 train_distortion: 2.7564 train_mapscore: 0.2774 train_c: -0.9885 train_max_dist: 30.3300 train_imax: 93.8408 train_imin: -57.5769 time: 4.6237s
INFO:root:Epoch: 1425 lr: 0.01 train_loss: 922155.7500 train_distortion: 2.9708 train_mapscore: 0.2816 train_c: -0.9883 train_max_dist: 30.4488 train_imax: 94.9379 train_imin: -59.9557 time: 4.5926s
INFO:root:Epoch: 1430 lr: 0.01 train_loss: 914797.8750 train_distortion: 3.1272 train_mapscore: 0.2868 train_c: -0.9881 train_max_dist: 30.4154 train_imax: 94.6812 train_imin: -61.6004 time: 4.5345s
INFO:root:Epoch: 1435 lr: 0.01 train_loss: 907785.0000 train_distortion: 3.2148 train_mapscore: 0.2914 train_c: -0.9880 train_max_dist: 30.1849 train_imax: 92.6102 train_imin: -62.4855 time: 4.5791s
INFO:root:Epoch: 1440 lr: 0.01 train_loss: 901022.0000 train_distortion: 3.2719 train_mapscore: 0.2962 train_c: -0.9878 train_max_dist: 29.8138 train_imax: 89.3659 train_imin: -63.0725 time: 4.5004s
INFO:root:Epoch: 1445 lr: 0.01 train_loss: 894712.0625 train_distortion: 3.3195 train_mapscore: 0.3007 train_c: -0.9877 train_max_dist: 29.7269 train_imax: 85.4230 train_imin: -63.5582 time: 4.4760s
INFO:root:Epoch: 1450 lr: 0.01 train_loss: 888620.7500 train_distortion: 3.4000 train_mapscore: 0.3047 train_c: -0.9875 train_max_dist: 29.8580 train_imax: 80.7865 train_imin: -64.3229 time: 4.4081s
INFO:root:Epoch: 1455 lr: 0.01 train_loss: 883132.5000 train_distortion: 3.5088 train_mapscore: 0.3079 train_c: -0.9874 train_max_dist: 30.0363 train_imax: 77.2385 train_imin: -65.2771 time: 4.3289s
INFO:root:Epoch: 1460 lr: 0.01 train_loss: 878264.1250 train_distortion: 3.5838 train_mapscore: 0.3116 train_c: -0.9873 train_max_dist: 30.0705 train_imax: 74.5506 train_imin: -65.8151 time: 4.3431s
INFO:root:Epoch: 1465 lr: 0.01 train_loss: 873697.8125 train_distortion: 3.6401 train_mapscore: 0.3155 train_c: -0.9872 train_max_dist: 30.1062 train_imax: 71.5702 train_imin: -65.9460 time: 4.3177s
INFO:root:Epoch: 1470 lr: 0.01 train_loss: 869483.8750 train_distortion: 3.7200 train_mapscore: 0.3195 train_c: -0.9871 train_max_dist: 30.2071 train_imax: 68.7952 train_imin: -66.1112 time: 4.2812s
INFO:root:Epoch: 1475 lr: 0.01 train_loss: 865775.4375 train_distortion: 3.8079 train_mapscore: 0.3220 train_c: -0.9870 train_max_dist: 30.3061 train_imax: 66.5423 train_imin: -66.2181 time: 4.2313s
INFO:root:Epoch: 1480 lr: 0.01 train_loss: 862177.4375 train_distortion: 3.8171 train_mapscore: 0.3246 train_c: -0.9869 train_max_dist: 30.2400 train_imax: 64.2181 train_imin: -65.5357 time: 4.1223s
INFO:root:Epoch: 1485 lr: 0.01 train_loss: 859472.3750 train_distortion: 3.8637 train_mapscore: 0.3264 train_c: -0.9868 train_max_dist: 30.1676 train_imax: 62.5461 train_imin: -65.2156 time: 4.1551s
INFO:root:Epoch: 1490 lr: 0.01 train_loss: 856663.1875 train_distortion: 3.9398 train_mapscore: 0.3291 train_c: -0.9867 train_max_dist: 30.2937 train_imax: 61.7245 train_imin: -65.2178 time: 4.1182s
INFO:root:Epoch: 1495 lr: 0.01 train_loss: 854707.2500 train_distortion: 3.8706 train_mapscore: 0.3305 train_c: -0.9866 train_max_dist: 30.2616 train_imax: 60.1062 train_imin: -63.4985 time: 4.1089s
INFO:root:Epoch: 1500 lr: 0.01 train_loss: 854519.0625 train_distortion: 3.7878 train_mapscore: 0.3299 train_c: -0.9866 train_max_dist: 30.0038 train_imax: 58.7578 train_imin: -61.8038 time: 4.0920s
INFO:root:Epoch: 1505 lr: 0.01 train_loss: 853967.3750 train_distortion: 3.7905 train_mapscore: 0.3310 train_c: -0.9866 train_max_dist: 29.9070 train_imax: 58.0823 train_imin: -61.1998 time: 4.0562s
INFO:root:Epoch: 1510 lr: 0.01 train_loss: 852342.8750 train_distortion: 3.9020 train_mapscore: 0.3319 train_c: -0.9865 train_max_dist: 30.0617 train_imax: 58.5452 train_imin: -62.0770 time: 4.0534s
INFO:root:Epoch: 1515 lr: 0.01 train_loss: 857001.3125 train_distortion: 3.8545 train_mapscore: 0.3283 train_c: -0.9865 train_max_dist: 30.0363 train_imax: 57.8435 train_imin: -61.8741 time: 4.0631s
INFO:root:Epoch: 1520 lr: 0.01 train_loss: 856355.6875 train_distortion: 3.8314 train_mapscore: 0.3272 train_c: -0.9865 train_max_dist: 30.0024 train_imax: 57.5357 train_imin: -62.0020 time: 4.0385s
INFO:root:Epoch: 1525 lr: 0.01 train_loss: 854036.4375 train_distortion: 3.9143 train_mapscore: 0.3297 train_c: -0.9864 train_max_dist: 30.1434 train_imax: 58.2862 train_imin: -63.4000 time: 4.0004s
INFO:root:Epoch: 1530 lr: 0.01 train_loss: 850931.5000 train_distortion: 4.0231 train_mapscore: 0.3325 train_c: -0.9863 train_max_dist: 30.2619 train_imax: 59.1795 train_imin: -64.8142 time: 4.0100s
INFO:root:Epoch: 1535 lr: 0.01 train_loss: 847735.3125 train_distortion: 4.1417 train_mapscore: 0.3360 train_c: -0.9863 train_max_dist: 30.3509 train_imax: 60.0521 train_imin: -66.1735 time: 4.0145s
INFO:root:Epoch: 1540 lr: 0.01 train_loss: 845010.0625 train_distortion: 4.2068 train_mapscore: 0.3387 train_c: -0.9862 train_max_dist: 30.3810 train_imax: 60.3844 train_imin: -66.9620 time: 4.0077s
INFO:root:Epoch: 1545 lr: 0.01 train_loss: 842523.3750 train_distortion: 4.2577 train_mapscore: 0.3418 train_c: -0.9861 train_max_dist: 30.4273 train_imax: 60.6553 train_imin: -67.6379 time: 3.9702s
INFO:root:Epoch: 1550 lr: 0.01 train_loss: 840235.9375 train_distortion: 4.3352 train_mapscore: 0.3453 train_c: -0.9860 train_max_dist: 30.5102 train_imax: 61.1382 train_imin: -68.3170 time: 3.9677s
INFO:root:Epoch: 1555 lr: 0.01 train_loss: 837885.3750 train_distortion: 4.3998 train_mapscore: 0.3482 train_c: -0.9859 train_max_dist: 30.5554 train_imax: 61.4434 train_imin: -68.7972 time: 3.9610s
INFO:root:Epoch: 1560 lr: 0.01 train_loss: 835659.6250 train_distortion: 4.4733 train_mapscore: 0.3519 train_c: -0.9858 train_max_dist: 30.6447 train_imax: 61.9253 train_imin: -69.4999 time: 3.9638s
INFO:root:Epoch: 1565 lr: 0.01 train_loss: 835627.0000 train_distortion: 4.7156 train_mapscore: 0.3513 train_c: -0.9857 train_max_dist: 30.9922 train_imax: 63.8901 train_imin: -72.5130 time: 3.9732s
INFO:root:Epoch: 1570 lr: 0.01 train_loss: 834440.8750 train_distortion: 4.7249 train_mapscore: 0.3520 train_c: -0.9857 train_max_dist: 31.0243 train_imax: 62.9706 train_imin: -73.0749 time: 3.9677s
INFO:root:Epoch: 1575 lr: 0.01 train_loss: 832377.5000 train_distortion: 4.6003 train_mapscore: 0.3537 train_c: -0.9856 train_max_dist: 30.8089 train_imax: 62.3218 train_imin: -71.3709 time: 3.9696s
INFO:root:Epoch: 1580 lr: 0.01 train_loss: 831420.8750 train_distortion: 4.4823 train_mapscore: 0.3542 train_c: -0.9856 train_max_dist: 30.5939 train_imax: 61.9428 train_imin: -69.5743 time: 3.9343s
INFO:root:Epoch: 1585 lr: 0.01 train_loss: 830035.8750 train_distortion: 4.5436 train_mapscore: 0.3556 train_c: -0.9855 train_max_dist: 30.6842 train_imax: 62.7252 train_imin: -70.1597 time: 3.9456s
INFO:root:Epoch: 1590 lr: 0.01 train_loss: 828466.4375 train_distortion: 4.6904 train_mapscore: 0.3587 train_c: -0.9854 train_max_dist: 30.8315 train_imax: 63.6335 train_imin: -71.8777 time: 3.9324s
INFO:root:Epoch: 1595 lr: 0.01 train_loss: 826826.4375 train_distortion: 4.7831 train_mapscore: 0.3613 train_c: -0.9853 train_max_dist: 30.9510 train_imax: 63.9684 train_imin: -72.6965 time: 3.9443s
INFO:root:Epoch: 1600 lr: 0.01 train_loss: 826166.5000 train_distortion: 4.8481 train_mapscore: 0.3621 train_c: -0.9853 train_max_dist: 31.0700 train_imax: 65.9887 train_imin: -72.8239 time: 3.9101s
INFO:root:Epoch: 1605 lr: 0.01 train_loss: 825974.4375 train_distortion: 4.9051 train_mapscore: 0.3617 train_c: -0.9852 train_max_dist: 31.1431 train_imax: 68.9014 train_imin: -72.6035 time: 3.9278s
INFO:root:Epoch: 1610 lr: 0.01 train_loss: 825302.4375 train_distortion: 4.9265 train_mapscore: 0.3623 train_c: -0.9851 train_max_dist: 31.1382 train_imax: 69.4211 train_imin: -72.3765 time: 3.8800s
INFO:root:Epoch: 1615 lr: 0.01 train_loss: 823498.7500 train_distortion: 4.9533 train_mapscore: 0.3650 train_c: -0.9851 train_max_dist: 31.1024 train_imax: 68.8493 train_imin: -72.6773 time: 3.8387s
INFO:root:Epoch: 1620 lr: 0.01 train_loss: 821707.0625 train_distortion: 4.9753 train_mapscore: 0.3673 train_c: -0.9850 train_max_dist: 31.1619 train_imax: 68.5734 train_imin: -72.9182 time: 3.8814s
INFO:root:Epoch: 1625 lr: 0.01 train_loss: 820186.0000 train_distortion: 4.9867 train_mapscore: 0.3692 train_c: -0.9850 train_max_dist: 31.1667 train_imax: 68.4571 train_imin: -72.7301 time: 3.8409s
INFO:root:Epoch: 1630 lr: 0.01 train_loss: 818684.6250 train_distortion: 5.0351 train_mapscore: 0.3718 train_c: -0.9849 train_max_dist: 31.2388 train_imax: 68.7970 train_imin: -73.1842 time: 3.8534s
INFO:root:Epoch: 1635 lr: 0.01 train_loss: 817119.1875 train_distortion: 5.1288 train_mapscore: 0.3753 train_c: -0.9848 train_max_dist: 31.3378 train_imax: 69.5253 train_imin: -74.2158 time: 3.8811s
INFO:root:Epoch: 1640 lr: 0.01 train_loss: 817279.5000 train_distortion: 5.1576 train_mapscore: 0.3747 train_c: -0.9847 train_max_dist: 31.3158 train_imax: 68.5194 train_imin: -75.4071 time: 3.8394s
INFO:root:Epoch: 1645 lr: 0.01 train_loss: 819581.7500 train_distortion: 4.8540 train_mapscore: 0.3675 train_c: -0.9847 train_max_dist: 30.9554 train_imax: 67.1967 train_imin: -72.5657 time: 3.8537s
INFO:root:Epoch: 1650 lr: 0.01 train_loss: 821326.4375 train_distortion: 4.8309 train_mapscore: 0.3628 train_c: -0.9847 train_max_dist: 31.0735 train_imax: 67.6710 train_imin: -71.8641 time: 3.8704s
INFO:root:Epoch: 1655 lr: 0.01 train_loss: 820327.5000 train_distortion: 4.9049 train_mapscore: 0.3643 train_c: -0.9846 train_max_dist: 31.1422 train_imax: 67.7749 train_imin: -71.8910 time: 3.8451s
INFO:root:Epoch: 1660 lr: 0.01 train_loss: 818987.2500 train_distortion: 4.9347 train_mapscore: 0.3665 train_c: -0.9845 train_max_dist: 30.2520 train_imax: 66.6395 train_imin: -71.7387 time: 3.8810s
INFO:root:Epoch: 1665 lr: 0.01 train_loss: 821953.8750 train_distortion: 4.8928 train_mapscore: 0.3659 train_c: -0.9844 train_max_dist: 30.2557 train_imax: 65.1227 train_imin: -69.6087 time: 3.8824s
INFO:root:Epoch: 1670 lr: 0.01 train_loss: 822254.4375 train_distortion: 5.0211 train_mapscore: 0.3664 train_c: -0.9844 train_max_dist: 30.2215 train_imax: 67.2279 train_imin: -69.7828 time: 3.9635s
INFO:root:Epoch: 1675 lr: 0.01 train_loss: 820331.0000 train_distortion: 5.1395 train_mapscore: 0.3680 train_c: -0.9843 train_max_dist: 30.3078 train_imax: 68.7498 train_imin: -70.7293 time: 3.9259s
INFO:root:Epoch: 1680 lr: 0.01 train_loss: 816755.3750 train_distortion: 5.2012 train_mapscore: 0.3706 train_c: -0.9843 train_max_dist: 30.4085 train_imax: 68.7504 train_imin: -71.3517 time: 3.8776s
INFO:root:Epoch: 1685 lr: 0.01 train_loss: 815708.1250 train_distortion: 5.1973 train_mapscore: 0.3717 train_c: -0.9842 train_max_dist: 30.3194 train_imax: 68.1108 train_imin: -71.3160 time: 3.8241s
INFO:root:Epoch: 1690 lr: 0.01 train_loss: 813211.1250 train_distortion: 5.1769 train_mapscore: 0.3731 train_c: -0.9842 train_max_dist: 30.2426 train_imax: 67.5881 train_imin: -71.0358 time: 3.8050s
INFO:root:Epoch: 1695 lr: 0.01 train_loss: 812893.1250 train_distortion: 5.0869 train_mapscore: 0.3731 train_c: -0.9841 train_max_dist: 30.3490 train_imax: 66.4880 train_imin: -70.3945 time: 3.8006s
INFO:root:Epoch: 1700 lr: 0.01 train_loss: 813125.7500 train_distortion: 5.1020 train_mapscore: 0.3745 train_c: -0.9840 train_max_dist: 30.6555 train_imax: 66.0927 train_imin: -70.6128 time: 3.7961s
INFO:root:Epoch: 1705 lr: 0.01 train_loss: 811188.2500 train_distortion: 5.2191 train_mapscore: 0.3774 train_c: -0.9839 train_max_dist: 30.9327 train_imax: 66.8549 train_imin: -71.7585 time: 3.8097s
INFO:root:Epoch: 1710 lr: 0.01 train_loss: 809006.8750 train_distortion: 5.3580 train_mapscore: 0.3805 train_c: -0.9839 train_max_dist: 31.1601 train_imax: 68.0287 train_imin: -73.3962 time: 3.8082s
INFO:root:Epoch: 1715 lr: 0.01 train_loss: 807099.2500 train_distortion: 5.4712 train_mapscore: 0.3819 train_c: -0.9838 train_max_dist: 31.3137 train_imax: 68.8344 train_imin: -74.7840 time: 3.7990s
INFO:root:Epoch: 1720 lr: 0.01 train_loss: 805052.9375 train_distortion: 5.5470 train_mapscore: 0.3862 train_c: -0.9837 train_max_dist: 31.3756 train_imax: 69.3741 train_imin: -75.3521 time: 3.8251s
INFO:root:Epoch: 1725 lr: 0.01 train_loss: 803155.0000 train_distortion: 5.5856 train_mapscore: 0.3888 train_c: -0.9836 train_max_dist: 31.3838 train_imax: 69.7472 train_imin: -75.8270 time: 3.7821s
INFO:root:Epoch: 1730 lr: 0.01 train_loss: 801526.9375 train_distortion: 5.6377 train_mapscore: 0.3923 train_c: -0.9835 train_max_dist: 31.4227 train_imax: 70.0881 train_imin: -76.8530 time: 3.7760s
INFO:root:Epoch: 1735 lr: 0.01 train_loss: 800647.0625 train_distortion: 5.6997 train_mapscore: 0.3945 train_c: -0.9835 train_max_dist: 31.5032 train_imax: 69.7476 train_imin: -77.4847 time: 3.7641s
INFO:root:Epoch: 1740 lr: 0.01 train_loss: 799290.8125 train_distortion: 5.7420 train_mapscore: 0.3984 train_c: -0.9834 train_max_dist: 31.5314 train_imax: 70.5944 train_imin: -77.8569 time: 3.7655s
INFO:root:Epoch: 1745 lr: 0.01 train_loss: 797925.7500 train_distortion: 5.8131 train_mapscore: 0.4015 train_c: -0.9833 train_max_dist: 31.5919 train_imax: 71.3180 train_imin: -78.5059 time: 3.7100s
INFO:root:Epoch: 1750 lr: 0.01 train_loss: 796908.6875 train_distortion: 5.8705 train_mapscore: 0.4041 train_c: -0.9833 train_max_dist: 31.6377 train_imax: 71.2850 train_imin: -79.1262 time: 3.7448s
INFO:root:Epoch: 1755 lr: 0.01 train_loss: 795570.0625 train_distortion: 5.9233 train_mapscore: 0.4071 train_c: -0.9832 train_max_dist: 31.6913 train_imax: 71.6192 train_imin: -79.8867 time: 3.7492s
INFO:root:Epoch: 1760 lr: 0.01 train_loss: 795166.3750 train_distortion: 5.9299 train_mapscore: 0.4056 train_c: -0.9832 train_max_dist: 31.6942 train_imax: 71.6920 train_imin: -80.1455 time: 3.7429s
INFO:root:Epoch: 1765 lr: 0.01 train_loss: 824209.3750 train_distortion: 4.2707 train_mapscore: 0.3652 train_c: -0.9832 train_max_dist: 29.1491 train_imax: 55.5514 train_imin: -63.7802 time: 3.7279s
INFO:root:Epoch: 1770 lr: 0.01 train_loss: 844501.4375 train_distortion: 3.5863 train_mapscore: 0.3428 train_c: -0.9832 train_max_dist: 28.0190 train_imax: 49.5763 train_imin: -56.9060 time: 3.7329s
INFO:root:Epoch: 1775 lr: 0.01 train_loss: 845070.7500 train_distortion: 3.8160 train_mapscore: 0.3351 train_c: -0.9832 train_max_dist: 28.5650 train_imax: 52.3699 train_imin: -58.6423 time: 3.7771s
INFO:root:Epoch: 1780 lr: 0.01 train_loss: 840338.6875 train_distortion: 4.2453 train_mapscore: 0.3351 train_c: -0.9830 train_max_dist: 29.3816 train_imax: 56.4664 train_imin: -61.9655 time: 3.7720s
INFO:root:Epoch: 1785 lr: 0.01 train_loss: 834780.1875 train_distortion: 4.5814 train_mapscore: 0.3395 train_c: -0.9829 train_max_dist: 29.8797 train_imax: 59.0663 train_imin: -64.0157 time: 3.7745s
INFO:root:Epoch: 1790 lr: 0.01 train_loss: 831001.0000 train_distortion: 4.4902 train_mapscore: 0.3425 train_c: -0.9828 train_max_dist: 29.7199 train_imax: 57.6647 train_imin: -62.4141 time: 3.7561s
INFO:root:Epoch: 1795 lr: 0.01 train_loss: 829125.7500 train_distortion: 4.3326 train_mapscore: 0.3442 train_c: -0.9828 train_max_dist: 29.4845 train_imax: 55.9701 train_imin: -60.4773 time: 3.7311s
INFO:root:Epoch: 1800 lr: 0.01 train_loss: 825450.0000 train_distortion: 4.6257 train_mapscore: 0.3469 train_c: -0.9827 train_max_dist: 29.9236 train_imax: 58.9678 train_imin: -63.3350 time: 3.6880s
INFO:root:Epoch: 1805 lr: 0.01 train_loss: 847602.8750 train_distortion: 3.7825 train_mapscore: 0.3306 train_c: -0.9829 train_max_dist: 28.4568 train_imax: 52.0118 train_imin: -54.7850 time: 3.8750s
INFO:root:Epoch: 1810 lr: 0.01 train_loss: 873322.7500 train_distortion: 3.2332 train_mapscore: 0.3106 train_c: -0.9830 train_max_dist: 27.2003 train_imax: 46.6566 train_imin: -49.2310 time: 3.8955s
INFO:root:Epoch: 1815 lr: 0.01 train_loss: 884027.7500 train_distortion: 3.3183 train_mapscore: 0.3004 train_c: -0.9830 train_max_dist: 27.3233 train_imax: 47.0803 train_imin: -49.3568 time: 3.8598s
INFO:root:Epoch: 1820 lr: 0.01 train_loss: 889978.7500 train_distortion: 3.2899 train_mapscore: 0.2952 train_c: -0.9829 train_max_dist: 27.2871 train_imax: 45.8491 train_imin: -48.1060 time: 3.8330s
INFO:root:Epoch: 1825 lr: 0.01 train_loss: 895419.0625 train_distortion: 3.1196 train_mapscore: 0.2902 train_c: -0.9829 train_max_dist: 26.9630 train_imax: 43.2572 train_imin: -46.2665 time: 3.7683s
INFO:root:Epoch: 1830 lr: 0.01 train_loss: 895617.3750 train_distortion: 3.0800 train_mapscore: 0.2896 train_c: -0.9828 train_max_dist: 26.7473 train_imax: 42.2549 train_imin: -46.4925 time: 3.8298s
INFO:root:Epoch: 1835 lr: 0.01 train_loss: 891494.1875 train_distortion: 3.0912 train_mapscore: 0.2914 train_c: -0.9827 train_max_dist: 26.7019 train_imax: 42.1220 train_imin: -46.9354 time: 3.8150s
INFO:root:Epoch: 1840 lr: 0.01 train_loss: 885635.8750 train_distortion: 3.1588 train_mapscore: 0.2953 train_c: -0.9826 train_max_dist: 26.8104 train_imax: 42.5749 train_imin: -48.0440 time: 3.8064s
INFO:root:Epoch: 1845 lr: 0.01 train_loss: 880746.1250 train_distortion: 3.1557 train_mapscore: 0.2987 train_c: -0.9825 train_max_dist: 26.7978 train_imax: 42.5135 train_imin: -48.3731 time: 3.8160s
INFO:root:Epoch: 1850 lr: 0.01 train_loss: 875067.6250 train_distortion: 3.2854 train_mapscore: 0.3037 train_c: -0.9824 train_max_dist: 26.9993 train_imax: 43.3870 train_imin: -49.7108 time: 3.7672s
INFO:root:Epoch: 1855 lr: 0.01 train_loss: 868730.5625 train_distortion: 3.4446 train_mapscore: 0.3096 train_c: -0.9822 train_max_dist: 27.2053 train_imax: 44.3159 train_imin: -51.1904 time: 3.8029s
INFO:root:Epoch: 1860 lr: 0.01 train_loss: 862608.0000 train_distortion: 3.5694 train_mapscore: 0.3143 train_c: -0.9821 train_max_dist: 27.2950 train_imax: 44.9229 train_imin: -52.1138 time: 3.7944s
INFO:root:Epoch: 1865 lr: 0.01 train_loss: 857073.8750 train_distortion: 3.6829 train_mapscore: 0.3191 train_c: -0.9820 train_max_dist: 27.3981 train_imax: 45.5039 train_imin: -52.7382 time: 3.8113s
INFO:root:Epoch: 1870 lr: 0.01 train_loss: 851953.0625 train_distortion: 3.8428 train_mapscore: 0.3235 train_c: -0.9819 train_max_dist: 27.5803 train_imax: 46.6013 train_imin: -53.6067 time: 3.7735s
INFO:root:Epoch: 1875 lr: 0.01 train_loss: 847168.8125 train_distortion: 3.9681 train_mapscore: 0.3285 train_c: -0.9818 train_max_dist: 27.7242 train_imax: 47.1764 train_imin: -54.2309 time: 3.7834s
INFO:root:Epoch: 1880 lr: 0.01 train_loss: 842917.8750 train_distortion: 4.0914 train_mapscore: 0.3326 train_c: -0.9817 train_max_dist: 27.8619 train_imax: 47.9249 train_imin: -55.4078 time: 3.7624s
INFO:root:Epoch: 1885 lr: 0.01 train_loss: 839049.3750 train_distortion: 4.1439 train_mapscore: 0.3366 train_c: -0.9816 train_max_dist: 27.8987 train_imax: 48.2685 train_imin: -55.8524 time: 3.7393s
INFO:root:Epoch: 1890 lr: 0.01 train_loss: 835912.5000 train_distortion: 4.1899 train_mapscore: 0.3402 train_c: -0.9815 train_max_dist: 27.9132 train_imax: 48.4703 train_imin: -55.9702 time: 3.7299s
INFO:root:Epoch: 1895 lr: 0.01 train_loss: 833030.8750 train_distortion: 4.3289 train_mapscore: 0.3440 train_c: -0.9814 train_max_dist: 28.0769 train_imax: 49.4108 train_imin: -56.8561 time: 3.7031s
INFO:root:Epoch: 1900 lr: 0.01 train_loss: 830071.0000 train_distortion: 4.4299 train_mapscore: 0.3480 train_c: -0.9814 train_max_dist: 28.1732 train_imax: 50.0226 train_imin: -57.1085 time: 3.6979s
INFO:root:Epoch: 1905 lr: 0.01 train_loss: 827231.2500 train_distortion: 4.5117 train_mapscore: 0.3518 train_c: -0.9813 train_max_dist: 28.2651 train_imax: 50.4981 train_imin: -57.7474 time: 3.7093s
INFO:root:Epoch: 1910 lr: 0.01 train_loss: 824546.0625 train_distortion: 4.6094 train_mapscore: 0.3562 train_c: -0.9812 train_max_dist: 28.3839 train_imax: 51.1089 train_imin: -58.6975 time: 3.7129s
INFO:root:Epoch: 1915 lr: 0.01 train_loss: 822088.6250 train_distortion: 4.7050 train_mapscore: 0.3602 train_c: -0.9811 train_max_dist: 28.4990 train_imax: 51.6824 train_imin: -59.3249 time: 3.6786s
INFO:root:Epoch: 1920 lr: 0.01 train_loss: 835836.4375 train_distortion: 4.6358 train_mapscore: 0.3407 train_c: -0.9811 train_max_dist: 28.1670 train_imax: 39.0303 train_imin: -60.3359 time: 3.7251s
INFO:root:Epoch: 1925 lr: 0.01 train_loss: 938258.5000 train_distortion: 3.9450 train_mapscore: 0.2632 train_c: -0.9812 train_max_dist: 26.4742 train_imax: 31.9520 train_imin: -48.2559 time: 4.0043s
INFO:root:Epoch: 1930 lr: 0.01 train_loss: 998242.8750 train_distortion: 3.2456 train_mapscore: 0.2239 train_c: -0.9812 train_max_dist: 25.1404 train_imax: 34.4290 train_imin: -39.1337 time: 4.1391s
INFO:root:Epoch: 1935 lr: 0.01 train_loss: 1014075.3750 train_distortion: 2.6528 train_mapscore: 0.2103 train_c: -0.9810 train_max_dist: 23.8160 train_imax: 32.1916 train_imin: -36.7969 time: 4.1990s
INFO:root:Epoch: 1940 lr: 0.01 train_loss: 1009197.5000 train_distortion: 2.2876 train_mapscore: 0.2099 train_c: -0.9808 train_max_dist: 22.9775 train_imax: 30.0246 train_imin: -34.8044 time: 4.2497s
INFO:root:Epoch: 1945 lr: 0.01 train_loss: 999330.3750 train_distortion: 1.8894 train_mapscore: 0.2149 train_c: -0.9806 train_max_dist: 21.6580 train_imax: 26.5932 train_imin: -31.7264 time: 4.2462s
INFO:root:Epoch: 1950 lr: 0.01 train_loss: 988657.6875 train_distortion: 1.7602 train_mapscore: 0.2211 train_c: -0.9804 train_max_dist: 21.0498 train_imax: 25.2590 train_imin: -30.6992 time: 4.1928s
INFO:root:Epoch: 1955 lr: 0.01 train_loss: 975661.5000 train_distortion: 1.9136 train_mapscore: 0.2275 train_c: -0.9802 train_max_dist: 21.5176 train_imax: 26.4545 train_imin: -31.8978 time: 4.1860s
INFO:root:Epoch: 1960 lr: 0.01 train_loss: 962671.6250 train_distortion: 2.2911 train_mapscore: 0.2335 train_c: -0.9799 train_max_dist: 22.6896 train_imax: 29.3964 train_imin: -35.0117 time: 4.2046s
INFO:root:Epoch: 1965 lr: 0.01 train_loss: 952086.5000 train_distortion: 2.7288 train_mapscore: 0.2401 train_c: -0.9796 train_max_dist: 23.9538 train_imax: 32.5552 train_imin: -39.1066 time: 4.1931s
INFO:root:Epoch: 1970 lr: 0.01 train_loss: 942470.1875 train_distortion: 2.9460 train_mapscore: 0.2456 train_c: -0.9793 train_max_dist: 24.5938 train_imax: 33.5736 train_imin: -41.0016 time: 4.2122s
INFO:root:Epoch: 1975 lr: 0.01 train_loss: 934930.0000 train_distortion: 2.8249 train_mapscore: 0.2507 train_c: -0.9792 train_max_dist: 24.3399 train_imax: 31.6759 train_imin: -39.7484 time: 4.1750s
INFO:root:Epoch: 1980 lr: 0.01 train_loss: 937750.0000 train_distortion: 2.4478 train_mapscore: 0.2505 train_c: -0.9792 train_max_dist: 23.3555 train_imax: 27.6760 train_imin: -37.2455 time: 4.1700s
INFO:root:Epoch: 1985 lr: 0.01 train_loss: 937520.7500 train_distortion: 2.3511 train_mapscore: 0.2515 train_c: -0.9791 train_max_dist: 22.9918 train_imax: 25.8931 train_imin: -36.9877 time: 4.1233s
INFO:root:Epoch: 1990 lr: 0.01 train_loss: 933148.6875 train_distortion: 2.4448 train_mapscore: 0.2542 train_c: -0.9789 train_max_dist: 23.1273 train_imax: 26.5149 train_imin: -38.2727 time: 4.1140s
INFO:root:Epoch: 1995 lr: 0.01 train_loss: 947268.1250 train_distortion: 2.3308 train_mapscore: 0.2458 train_c: -0.9791 train_max_dist: 22.7501 train_imax: 24.9206 train_imin: -38.2933 time: 4.1446s
INFO:root:Epoch: 2000 lr: 0.0025 train_loss: 985908.8750 train_distortion: 2.0463 train_mapscore: 0.2227 train_c: -0.9793 train_max_dist: 21.9373 train_imax: 22.9893 train_imin: -36.3451 time: 4.1731s
INFO:root:Optimization Finished!
INFO:root:Total time elapsed: 8479.6961s
INFO:root:Val set results: val_distortion: 1.0000 val_mapscore: -1.0000 val_c: -1.0000 val_max_dist: 0.0000
INFO:root:Test set results: test_loss: 993639.0625 test_distortion: 2.0127 test_mapscore: 0.2182 test_c: -0.9794 test_max_dist: 21.8798 test_imax: 22.5316 test_imin: -35.9339
INFO:root:Saved model in /workspace/xiongbo/hgcn/logs/md/2021_5_21/5
