INFO:root:Using: cuda:0
INFO:root:Using seed 1234.
INFO:root:MDModel(
  (encoder): HGCN(
    (layers): Sequential(
      (0): HyperbolicGraphConvolution(
        (linear): HypLinear(
          in_features=4040, out_features=10, c=Parameter containing:
          tensor([-1.], requires_grad=True)
        )
        (agg): HypAgg(
          c=Parameter containing:
          tensor([-1.], requires_grad=True)
        )
        (hyp_act): HypAct(
          c_in=Parameter containing:
          tensor([-1.], requires_grad=True), c_out=Parameter containing:
          tensor([-1.], requires_grad=True)
        )
      )
    )
  )
  (decoder): MDDecoder()
)
INFO:root:Total number of parameters: 40412
/workspace/anaconda3/envs/geo/lib/python3.7/site-packages/torch/optim/lr_scheduler.py:370: UserWarning: To get the last learning rate computed by the scheduler, please use `get_last_lr()`.
  "please use `get_last_lr()`.", UserWarning)
INFO:root:Epoch: 0005 lr: 0.001 train_loss: 1452182.0000 train_distortion: 0.7824 train_mapscore: 0.0190 train_c: -1.0004 train_max_dist: 1.3555 train_imax: -0.0000 train_imin: -1.5041 time: 5.3189s
INFO:root:Epoch: 0010 lr: 0.001 train_loss: 1441132.8750 train_distortion: 0.7601 train_mapscore: 0.0311 train_c: -1.0009 train_max_dist: 1.3889 train_imax: -0.0000 train_imin: -1.5630 time: 5.1894s
INFO:root:Epoch: 0015 lr: 0.001 train_loss: 1426186.3750 train_distortion: 0.7301 train_mapscore: 0.0567 train_c: -1.0014 train_max_dist: 1.4730 train_imax: -0.0000 train_imin: -1.6137 time: 4.7822s
INFO:root:Epoch: 0020 lr: 0.001 train_loss: 1408109.5000 train_distortion: 0.6961 train_mapscore: 0.0948 train_c: -1.0020 train_max_dist: 1.6638 train_imax: -0.0000 train_imin: -1.6780 time: 4.5926s
INFO:root:Epoch: 0025 lr: 0.001 train_loss: 1388453.6250 train_distortion: 0.6619 train_mapscore: 0.1338 train_c: -1.0026 train_max_dist: 1.9133 train_imax: -0.0000 train_imin: -1.8478 time: 4.2778s
INFO:root:Epoch: 0030 lr: 0.001 train_loss: 1368817.2500 train_distortion: 0.6299 train_mapscore: 0.1673 train_c: -1.0032 train_max_dist: 2.2120 train_imax: -0.0000 train_imin: -1.9547 time: 4.1987s
INFO:root:Epoch: 0035 lr: 0.001 train_loss: 1350491.7500 train_distortion: 0.6012 train_mapscore: 0.1945 train_c: -1.0039 train_max_dist: 2.5224 train_imax: -0.0000 train_imin: -2.0475 time: 4.0171s
INFO:root:Epoch: 0040 lr: 0.001 train_loss: 1334175.0000 train_distortion: 0.5761 train_mapscore: 0.2159 train_c: -1.0046 train_max_dist: 2.7765 train_imax: -0.0000 train_imin: -2.1211 time: 3.9924s
INFO:root:Epoch: 0045 lr: 0.001 train_loss: 1319853.7500 train_distortion: 0.5539 train_mapscore: 0.2335 train_c: -1.0053 train_max_dist: 2.9837 train_imax: -0.0000 train_imin: -2.2252 time: 3.8935s
INFO:root:Epoch: 0050 lr: 0.001 train_loss: 1307047.8750 train_distortion: 0.5340 train_mapscore: 0.2479 train_c: -1.0060 train_max_dist: 3.1591 train_imax: -0.0000 train_imin: -2.3416 time: 3.9262s
INFO:root:Epoch: 0055 lr: 0.001 train_loss: 1295374.0000 train_distortion: 0.5157 train_mapscore: 0.2605 train_c: -1.0067 train_max_dist: 3.3086 train_imax: -0.0000 train_imin: -2.4634 time: 3.8054s
INFO:root:Epoch: 0060 lr: 0.001 train_loss: 1284600.0000 train_distortion: 0.4988 train_mapscore: 0.2721 train_c: -1.0074 train_max_dist: 3.4449 train_imax: -0.0000 train_imin: -2.5911 time: 3.8332s
INFO:root:Epoch: 0065 lr: 0.001 train_loss: 1274484.3750 train_distortion: 0.4830 train_mapscore: 0.2812 train_c: -1.0082 train_max_dist: 3.5810 train_imax: -0.0000 train_imin: -2.7147 time: 3.7776s
INFO:root:Epoch: 0070 lr: 0.001 train_loss: 1264926.2500 train_distortion: 0.4681 train_mapscore: 0.2891 train_c: -1.0089 train_max_dist: 3.7160 train_imax: -0.0000 train_imin: -2.9629 time: 3.7664s
INFO:root:Epoch: 0075 lr: 0.001 train_loss: 1255841.2500 train_distortion: 0.4539 train_mapscore: 0.2958 train_c: -1.0096 train_max_dist: 3.8543 train_imax: -0.0000 train_imin: -3.2518 time: 3.7212s
INFO:root:Epoch: 0080 lr: 0.001 train_loss: 1247121.3750 train_distortion: 0.4402 train_mapscore: 0.3018 train_c: -1.0104 train_max_dist: 4.1500 train_imax: -0.0000 train_imin: -3.5436 time: 3.7127s
INFO:root:Epoch: 0085 lr: 0.001 train_loss: 1238751.5000 train_distortion: 0.4271 train_mapscore: 0.3070 train_c: -1.0111 train_max_dist: 4.4555 train_imax: -0.0000 train_imin: -3.8644 time: 3.6351s
INFO:root:Epoch: 0090 lr: 0.001 train_loss: 1230724.2500 train_distortion: 0.4144 train_mapscore: 0.3116 train_c: -1.0119 train_max_dist: 4.7332 train_imax: -0.0000 train_imin: -4.2128 time: 3.6429s
INFO:root:Epoch: 0095 lr: 0.001 train_loss: 1222976.5000 train_distortion: 0.4022 train_mapscore: 0.3165 train_c: -1.0126 train_max_dist: 5.0233 train_imax: -0.0000 train_imin: -4.5412 time: 3.5729s
INFO:root:Epoch: 0100 lr: 0.001 train_loss: 1215437.7500 train_distortion: 0.3904 train_mapscore: 0.3215 train_c: -1.0133 train_max_dist: 5.2740 train_imax: -0.0000 train_imin: -4.8789 time: 3.5825s
INFO:root:Epoch: 0105 lr: 0.001 train_loss: 1208107.2500 train_distortion: 0.3789 train_mapscore: 0.3267 train_c: -1.0140 train_max_dist: 5.5420 train_imax: -0.0000 train_imin: -5.2078 time: 3.5267s
INFO:root:Epoch: 0110 lr: 0.001 train_loss: 1200909.0000 train_distortion: 0.3678 train_mapscore: 0.3324 train_c: -1.0148 train_max_dist: 5.7994 train_imax: -0.0000 train_imin: -5.5256 time: 3.4777s
INFO:root:Epoch: 0115 lr: 0.001 train_loss: 1193870.3750 train_distortion: 0.3570 train_mapscore: 0.3379 train_c: -1.0155 train_max_dist: 6.0227 train_imax: -0.0000 train_imin: -5.8427 time: 3.4897s
INFO:root:Epoch: 0120 lr: 0.001 train_loss: 1186947.7500 train_distortion: 0.3466 train_mapscore: 0.3432 train_c: -1.0162 train_max_dist: 6.2607 train_imax: -0.0000 train_imin: -6.1226 time: 3.4703s
INFO:root:Epoch: 0125 lr: 0.001 train_loss: 1180082.8750 train_distortion: 0.3363 train_mapscore: 0.3485 train_c: -1.0169 train_max_dist: 6.5119 train_imax: -0.0000 train_imin: -6.4267 time: 3.4177s
INFO:root:Epoch: 0130 lr: 0.001 train_loss: 1173191.0000 train_distortion: 0.3263 train_mapscore: 0.3541 train_c: -1.0176 train_max_dist: 6.7839 train_imax: -0.0000 train_imin: -6.7664 time: 3.4328s
INFO:root:Epoch: 0135 lr: 0.001 train_loss: 1166338.8750 train_distortion: 0.3164 train_mapscore: 0.3586 train_c: -1.0184 train_max_dist: 6.9955 train_imax: -0.0000 train_imin: -7.0376 time: 3.3247s
INFO:root:Epoch: 0140 lr: 0.001 train_loss: 1159383.0000 train_distortion: 0.3067 train_mapscore: 0.3649 train_c: -1.0191 train_max_dist: 7.2276 train_imax: -0.0000 train_imin: -7.3429 time: 3.3700s
INFO:root:Epoch: 0145 lr: 0.001 train_loss: 1152377.2500 train_distortion: 0.2971 train_mapscore: 0.3695 train_c: -1.0198 train_max_dist: 7.4510 train_imax: -0.0000 train_imin: -7.6443 time: 3.3345s
INFO:root:Epoch: 0150 lr: 0.001 train_loss: 1145340.7500 train_distortion: 0.2877 train_mapscore: 0.3721 train_c: -1.0205 train_max_dist: 7.6574 train_imax: -0.0000 train_imin: -7.9294 time: 3.3240s
INFO:root:Epoch: 0155 lr: 0.001 train_loss: 1138193.2500 train_distortion: 0.2783 train_mapscore: 0.3757 train_c: -1.0212 train_max_dist: 7.9160 train_imax: -0.0000 train_imin: -8.2964 time: 3.2812s
INFO:root:Epoch: 0160 lr: 0.001 train_loss: 1130892.7500 train_distortion: 0.2690 train_mapscore: 0.3793 train_c: -1.0219 train_max_dist: 8.0867 train_imax: -0.0000 train_imin: -8.5435 time: 3.2530s
INFO:root:Epoch: 0165 lr: 0.001 train_loss: 1123477.0000 train_distortion: 0.2599 train_mapscore: 0.3835 train_c: -1.0226 train_max_dist: 8.3730 train_imax: 0.0512 train_imin: -8.9299 time: 3.2626s
INFO:root:Epoch: 0170 lr: 0.001 train_loss: 1115939.3750 train_distortion: 0.2510 train_mapscore: 0.3864 train_c: -1.0233 train_max_dist: 8.7991 train_imax: 0.0892 train_imin: -9.2033 time: 3.2668s
INFO:root:Epoch: 0175 lr: 0.001 train_loss: 1108333.6250 train_distortion: 0.2423 train_mapscore: 0.3898 train_c: -1.0240 train_max_dist: 9.2001 train_imax: 0.1533 train_imin: -9.5756 time: 3.2156s
INFO:root:Epoch: 0180 lr: 0.001 train_loss: 1100622.0000 train_distortion: 0.2339 train_mapscore: 0.3936 train_c: -1.0247 train_max_dist: 9.7130 train_imax: 0.3057 train_imin: -9.9031 time: 3.2400s
INFO:root:Epoch: 0185 lr: 0.001 train_loss: 1092673.0000 train_distortion: 0.2257 train_mapscore: 0.3982 train_c: -1.0254 train_max_dist: 10.0492 train_imax: 0.4116 train_imin: -10.2502 time: 3.1381s
INFO:root:Epoch: 0190 lr: 0.001 train_loss: 1084617.7500 train_distortion: 0.2180 train_mapscore: 0.4035 train_c: -1.0261 train_max_dist: 10.2713 train_imax: 0.4429 train_imin: -10.6445 time: 3.2153s
INFO:root:Epoch: 0195 lr: 0.001 train_loss: 1076521.6250 train_distortion: 0.2106 train_mapscore: 0.4056 train_c: -1.0268 train_max_dist: 10.7367 train_imax: 0.5300 train_imin: -11.0267 time: 3.1249s
INFO:root:Epoch: 0200 lr: 0.001 train_loss: 1068337.5000 train_distortion: 0.2037 train_mapscore: 0.4096 train_c: -1.0275 train_max_dist: 11.1711 train_imax: 0.6281 train_imin: -11.4043 time: 3.1047s
INFO:root:Epoch: 0205 lr: 0.001 train_loss: 1059958.6250 train_distortion: 0.1974 train_mapscore: 0.4122 train_c: -1.0282 train_max_dist: 11.4460 train_imax: 0.6783 train_imin: -11.8560 time: 3.1270s
INFO:root:Epoch: 0210 lr: 0.001 train_loss: 1051387.7500 train_distortion: 0.1917 train_mapscore: 0.4180 train_c: -1.0289 train_max_dist: 11.7742 train_imax: 0.7806 train_imin: -12.2677 time: 3.1196s
INFO:root:Epoch: 0215 lr: 0.001 train_loss: 1042754.1250 train_distortion: 0.1868 train_mapscore: 0.4233 train_c: -1.0296 train_max_dist: 11.9863 train_imax: 0.7984 train_imin: -12.7001 time: 3.0645s
INFO:root:Epoch: 0220 lr: 0.001 train_loss: 1034174.0000 train_distortion: 0.1827 train_mapscore: 0.4282 train_c: -1.0303 train_max_dist: 12.2908 train_imax: 0.8212 train_imin: -13.1161 time: 3.0603s
INFO:root:Epoch: 0225 lr: 0.001 train_loss: 1025769.8750 train_distortion: 0.1795 train_mapscore: 0.4299 train_c: -1.0310 train_max_dist: 12.6961 train_imax: 0.8832 train_imin: -13.5490 time: 3.0558s
INFO:root:Epoch: 0230 lr: 0.001 train_loss: 1016998.8750 train_distortion: 0.1771 train_mapscore: 0.4337 train_c: -1.0317 train_max_dist: 13.0314 train_imax: 1.5550 train_imin: -14.0130 time: 3.0625s
INFO:root:Epoch: 0235 lr: 0.001 train_loss: 1008094.2500 train_distortion: 0.1759 train_mapscore: 0.4401 train_c: -1.0324 train_max_dist: 13.2065 train_imax: 2.0874 train_imin: -14.5379 time: 3.0179s
INFO:root:Epoch: 0240 lr: 0.001 train_loss: 999202.3750 train_distortion: 0.1758 train_mapscore: 0.4445 train_c: -1.0331 train_max_dist: 13.5527 train_imax: 2.6244 train_imin: -14.9487 time: 2.9861s
INFO:root:Epoch: 0245 lr: 0.001 train_loss: 990207.7500 train_distortion: 0.1768 train_mapscore: 0.4491 train_c: -1.0337 train_max_dist: 13.9224 train_imax: 2.9112 train_imin: -15.3706 time: 2.9853s
INFO:root:Epoch: 0250 lr: 0.001 train_loss: 981160.1250 train_distortion: 0.1790 train_mapscore: 0.4586 train_c: -1.0344 train_max_dist: 14.1278 train_imax: 3.2112 train_imin: -15.7982 time: 2.9591s
INFO:root:Epoch: 0255 lr: 0.001 train_loss: 972478.2500 train_distortion: 0.1824 train_mapscore: 0.4584 train_c: -1.0351 train_max_dist: 14.5226 train_imax: 3.6488 train_imin: -16.1995 time: 2.9433s
INFO:root:Epoch: 0260 lr: 0.001 train_loss: 963512.8750 train_distortion: 0.1875 train_mapscore: 0.4673 train_c: -1.0357 train_max_dist: 14.5605 train_imax: 3.7417 train_imin: -16.8111 time: 2.9227s
INFO:root:Epoch: 0265 lr: 0.001 train_loss: 954552.8750 train_distortion: 0.1949 train_mapscore: 0.4702 train_c: -1.0364 train_max_dist: 15.1688 train_imax: 4.0937 train_imin: -17.3391 time: 2.9492s
INFO:root:Epoch: 0270 lr: 0.001 train_loss: 945356.3125 train_distortion: 0.2031 train_mapscore: 0.4749 train_c: -1.0371 train_max_dist: 15.3549 train_imax: 4.2898 train_imin: -17.9571 time: 2.9294s
INFO:root:Epoch: 0275 lr: 0.001 train_loss: 936559.2500 train_distortion: 0.2137 train_mapscore: 0.4781 train_c: -1.0377 train_max_dist: 15.5966 train_imax: 4.3822 train_imin: -18.6826 time: 2.9277s
INFO:root:Epoch: 0280 lr: 0.001 train_loss: 928047.7500 train_distortion: 0.2263 train_mapscore: 0.4791 train_c: -1.0384 train_max_dist: 16.0402 train_imax: 4.5326 train_imin: -19.4394 time: 2.9207s
INFO:root:Epoch: 0285 lr: 0.001 train_loss: 919252.8125 train_distortion: 0.2402 train_mapscore: 0.4855 train_c: -1.0390 train_max_dist: 16.0963 train_imax: 4.7653 train_imin: -20.0059 time: 2.9121s
INFO:root:Epoch: 0290 lr: 0.001 train_loss: 910069.5000 train_distortion: 0.2576 train_mapscore: 0.4904 train_c: -1.0397 train_max_dist: 16.7871 train_imax: 5.0344 train_imin: -20.5256 time: 2.9138s
INFO:root:Epoch: 0295 lr: 0.001 train_loss: 901528.6250 train_distortion: 0.2757 train_mapscore: 0.4937 train_c: -1.0403 train_max_dist: 16.7906 train_imax: 5.4913 train_imin: -20.9959 time: 2.8719s
INFO:root:Epoch: 0300 lr: 0.001 train_loss: 892173.7500 train_distortion: 0.2970 train_mapscore: 0.5047 train_c: -1.0409 train_max_dist: 17.1205 train_imax: 5.7411 train_imin: -21.6724 time: 2.8546s
INFO:root:Epoch: 0305 lr: 0.001 train_loss: 883382.6250 train_distortion: 0.3206 train_mapscore: 0.5118 train_c: -1.0416 train_max_dist: 17.2700 train_imax: 5.6970 train_imin: -22.5387 time: 2.8583s
INFO:root:Epoch: 0310 lr: 0.001 train_loss: 875210.1250 train_distortion: 0.3469 train_mapscore: 0.5161 train_c: -1.0422 train_max_dist: 17.4580 train_imax: 5.8381 train_imin: -23.1579 time: 2.8633s
INFO:root:Epoch: 0315 lr: 0.001 train_loss: 866521.6250 train_distortion: 0.3758 train_mapscore: 0.5197 train_c: -1.0428 train_max_dist: 17.8040 train_imax: 6.0336 train_imin: -23.9732 time: 2.8682s
INFO:root:Epoch: 0320 lr: 0.001 train_loss: 858415.9375 train_distortion: 0.4069 train_mapscore: 0.5215 train_c: -1.0434 train_max_dist: 18.1947 train_imax: 6.8372 train_imin: -24.5437 time: 2.8174s
INFO:root:Epoch: 0325 lr: 0.001 train_loss: 850184.4375 train_distortion: 0.4417 train_mapscore: 0.5248 train_c: -1.0440 train_max_dist: 18.4346 train_imax: 6.2876 train_imin: -25.5773 time: 2.8430s
INFO:root:Epoch: 0330 lr: 0.001 train_loss: 841732.5625 train_distortion: 0.4778 train_mapscore: 0.5352 train_c: -1.0446 train_max_dist: 18.7440 train_imax: 6.8895 train_imin: -26.1838 time: 2.8513s
INFO:root:Epoch: 0335 lr: 0.001 train_loss: 833879.1250 train_distortion: 0.5176 train_mapscore: 0.5390 train_c: -1.0452 train_max_dist: 18.9197 train_imax: 7.7124 train_imin: -26.6633 time: 2.8417s
INFO:root:Epoch: 0340 lr: 0.001 train_loss: 825850.9375 train_distortion: 0.5611 train_mapscore: 0.5428 train_c: -1.0458 train_max_dist: 19.2750 train_imax: 7.4415 train_imin: -27.6956 time: 2.8417s
INFO:root:Epoch: 0345 lr: 0.001 train_loss: 818307.1875 train_distortion: 0.6070 train_mapscore: 0.5434 train_c: -1.0464 train_max_dist: 19.6125 train_imax: 8.3241 train_imin: -28.2829 time: 2.8040s
INFO:root:Epoch: 0350 lr: 0.001 train_loss: 810772.1250 train_distortion: 0.6563 train_mapscore: 0.5508 train_c: -1.0470 train_max_dist: 19.7834 train_imax: 8.6172 train_imin: -29.2076 time: 2.8628s
INFO:root:Epoch: 0355 lr: 0.001 train_loss: 802600.7500 train_distortion: 0.7064 train_mapscore: 0.5627 train_c: -1.0476 train_max_dist: 20.0764 train_imax: 9.4203 train_imin: -29.8946 time: 2.8516s
INFO:root:Epoch: 0360 lr: 0.001 train_loss: 794689.8125 train_distortion: 0.7622 train_mapscore: 0.5723 train_c: -1.0481 train_max_dist: 20.2917 train_imax: 9.5062 train_imin: -30.7508 time: 2.8496s
INFO:root:Epoch: 0365 lr: 0.001 train_loss: 787773.8125 train_distortion: 0.8209 train_mapscore: 0.5697 train_c: -1.0487 train_max_dist: 20.6147 train_imax: 9.5889 train_imin: -31.7434 time: 2.8508s
INFO:root:Epoch: 0370 lr: 0.001 train_loss: 780261.6250 train_distortion: 0.8824 train_mapscore: 0.5768 train_c: -1.0493 train_max_dist: 20.8662 train_imax: 9.9596 train_imin: -32.5285 time: 2.8171s
INFO:root:Epoch: 0375 lr: 0.001 train_loss: 772598.4375 train_distortion: 0.9468 train_mapscore: 0.5929 train_c: -1.0498 train_max_dist: 21.1064 train_imax: 10.9799 train_imin: -33.2694 time: 2.8289s
INFO:root:Epoch: 0380 lr: 0.001 train_loss: 765754.5000 train_distortion: 1.0156 train_mapscore: 0.5920 train_c: -1.0504 train_max_dist: 21.3523 train_imax: 10.8947 train_imin: -34.1694 time: 2.8245s
INFO:root:Epoch: 0385 lr: 0.001 train_loss: 759926.3750 train_distortion: 1.0879 train_mapscore: 0.5886 train_c: -1.0509 train_max_dist: 21.7434 train_imax: 11.4733 train_imin: -35.0527 time: 2.8261s
INFO:root:Epoch: 0390 lr: 0.001 train_loss: 753273.8750 train_distortion: 1.1646 train_mapscore: 0.5884 train_c: -1.0514 train_max_dist: 21.9856 train_imax: 10.9812 train_imin: -36.1152 time: 2.8299s
INFO:root:Epoch: 0395 lr: 0.001 train_loss: 746399.3750 train_distortion: 1.2402 train_mapscore: 0.6032 train_c: -1.0520 train_max_dist: 22.1587 train_imax: 12.7395 train_imin: -36.6375 time: 2.8261s
INFO:root:Epoch: 0400 lr: 0.001 train_loss: 740013.6875 train_distortion: 1.3279 train_mapscore: 0.6041 train_c: -1.0525 train_max_dist: 22.4185 train_imax: 11.9994 train_imin: -37.9741 time: 2.8260s
INFO:root:Epoch: 0405 lr: 0.001 train_loss: 733863.1250 train_distortion: 1.4126 train_mapscore: 0.6062 train_c: -1.0530 train_max_dist: 22.7517 train_imax: 12.5347 train_imin: -38.8514 time: 2.8199s
INFO:root:Epoch: 0410 lr: 0.001 train_loss: 727769.8750 train_distortion: 1.4992 train_mapscore: 0.6139 train_c: -1.0535 train_max_dist: 22.8772 train_imax: 14.2423 train_imin: -39.3595 time: 2.8137s
INFO:root:Epoch: 0415 lr: 0.001 train_loss: 720846.2500 train_distortion: 1.5936 train_mapscore: 0.6185 train_c: -1.0540 train_max_dist: 23.3120 train_imax: 14.2836 train_imin: -40.5039 time: 2.8372s
INFO:root:Epoch: 0420 lr: 0.001 train_loss: 714811.8750 train_distortion: 1.6885 train_mapscore: 0.6286 train_c: -1.0545 train_max_dist: 23.5098 train_imax: 16.7976 train_imin: -41.3372 time: 2.8269s
INFO:root:Epoch: 0425 lr: 0.001 train_loss: 708462.3750 train_distortion: 1.7906 train_mapscore: 0.6366 train_c: -1.0550 train_max_dist: 23.8003 train_imax: 16.0833 train_imin: -42.4798 time: 2.8133s
INFO:root:Epoch: 0430 lr: 0.001 train_loss: 702775.3125 train_distortion: 1.8932 train_mapscore: 0.6386 train_c: -1.0555 train_max_dist: 23.9922 train_imax: 16.6581 train_imin: -43.4067 time: 2.8050s
INFO:root:Epoch: 0435 lr: 0.001 train_loss: 697441.3750 train_distortion: 1.9984 train_mapscore: 0.6424 train_c: -1.0560 train_max_dist: 24.2476 train_imax: 21.1571 train_imin: -44.3492 time: 2.8147s
INFO:root:Epoch: 0440 lr: 0.001 train_loss: 692051.6250 train_distortion: 2.1093 train_mapscore: 0.6477 train_c: -1.0564 train_max_dist: 24.5713 train_imax: 20.2917 train_imin: -45.4003 time: 2.8134s
INFO:root:Epoch: 0445 lr: 0.001 train_loss: 688470.4375 train_distortion: 2.2224 train_mapscore: 0.6383 train_c: -1.0569 train_max_dist: 24.6553 train_imax: 24.5118 train_imin: -46.5382 time: 2.8200s
INFO:root:Epoch: 0450 lr: 0.001 train_loss: 683265.0000 train_distortion: 2.3410 train_mapscore: 0.6423 train_c: -1.0574 train_max_dist: 25.1172 train_imax: 22.4388 train_imin: -47.6467 time: 2.8233s
INFO:root:Epoch: 0455 lr: 0.001 train_loss: 680682.2500 train_distortion: 2.4578 train_mapscore: 0.6360 train_c: -1.0578 train_max_dist: 25.3379 train_imax: 27.7405 train_imin: -48.7923 time: 2.8279s
INFO:root:Epoch: 0460 lr: 0.001 train_loss: 675270.0625 train_distortion: 2.5780 train_mapscore: 0.6460 train_c: -1.0582 train_max_dist: 25.7485 train_imax: 19.7305 train_imin: -50.0045 time: 2.8261s
INFO:root:Epoch: 0465 lr: 0.001 train_loss: 668745.5625 train_distortion: 2.6984 train_mapscore: 0.6601 train_c: -1.0587 train_max_dist: 25.8066 train_imax: 25.2679 train_imin: -50.9968 time: 2.8242s
INFO:root:Epoch: 0470 lr: 0.001 train_loss: 664388.0000 train_distortion: 2.8239 train_mapscore: 0.6688 train_c: -1.0591 train_max_dist: 26.0762 train_imax: 26.7663 train_imin: -52.0495 time: 2.8147s
INFO:root:Epoch: 0475 lr: 0.001 train_loss: 661250.5625 train_distortion: 2.9535 train_mapscore: 0.6662 train_c: -1.0595 train_max_dist: 26.2383 train_imax: 27.7253 train_imin: -53.4374 time: 2.8185s
INFO:root:Epoch: 0480 lr: 0.001 train_loss: 657366.2500 train_distortion: 3.0792 train_mapscore: 0.6697 train_c: -1.0599 train_max_dist: 26.5791 train_imax: 31.9356 train_imin: -54.3466 time: 2.8229s
INFO:root:Epoch: 0485 lr: 0.001 train_loss: 652369.7500 train_distortion: 3.2099 train_mapscore: 0.6809 train_c: -1.0603 train_max_dist: 26.7803 train_imax: 29.0454 train_imin: -55.7609 time: 2.8056s
INFO:root:Epoch: 0490 lr: 0.001 train_loss: 649355.2500 train_distortion: 3.3428 train_mapscore: 0.6802 train_c: -1.0607 train_max_dist: 26.9912 train_imax: 29.0326 train_imin: -56.9264 time: 2.8130s
INFO:root:Epoch: 0495 lr: 0.001 train_loss: 646535.9375 train_distortion: 3.4733 train_mapscore: 0.6770 train_c: -1.0611 train_max_dist: 27.1133 train_imax: 38.4800 train_imin: -57.8184 time: 2.8014s
INFO:root:Epoch: 0500 lr: 0.001 train_loss: 641956.6250 train_distortion: 3.6112 train_mapscore: 0.6817 train_c: -1.0615 train_max_dist: 27.3691 train_imax: 29.2104 train_imin: -59.3295 time: 2.8100s
INFO:root:Epoch: 0505 lr: 0.001 train_loss: 637888.0000 train_distortion: 3.7457 train_mapscore: 0.6974 train_c: -1.0618 train_max_dist: 27.6221 train_imax: 33.8964 train_imin: -60.6051 time: 2.7482s
INFO:root:Epoch: 0510 lr: 0.001 train_loss: 636234.8750 train_distortion: 3.8804 train_mapscore: 0.6937 train_c: -1.0622 train_max_dist: 27.8369 train_imax: 35.7704 train_imin: -61.7459 time: 2.7964s
INFO:root:Epoch: 0515 lr: 0.001 train_loss: 632883.5000 train_distortion: 4.0133 train_mapscore: 0.6961 train_c: -1.0625 train_max_dist: 28.1035 train_imax: 37.3854 train_imin: -63.2775 time: 2.7699s
INFO:root:Epoch: 0520 lr: 0.001 train_loss: 632675.7500 train_distortion: 4.1455 train_mapscore: 0.6873 train_c: -1.0629 train_max_dist: 28.2188 train_imax: 34.0502 train_imin: -64.6861 time: 2.7744s
INFO:root:Epoch: 0525 lr: 0.001 train_loss: 628561.2500 train_distortion: 4.2805 train_mapscore: 0.6950 train_c: -1.0632 train_max_dist: 28.6084 train_imax: 38.1725 train_imin: -65.5530 time: 2.7726s
INFO:root:Epoch: 0530 lr: 0.001 train_loss: 626016.5000 train_distortion: 4.4124 train_mapscore: 0.6975 train_c: -1.0635 train_max_dist: 28.7725 train_imax: 37.9729 train_imin: -66.9223 time: 2.7305s
INFO:root:Epoch: 0535 lr: 0.001 train_loss: 623525.3750 train_distortion: 4.5486 train_mapscore: 0.7017 train_c: -1.0638 train_max_dist: 29.0439 train_imax: 35.8635 train_imin: -68.3122 time: 2.7837s
INFO:root:Epoch: 0540 lr: 0.001 train_loss: 622010.5625 train_distortion: 4.6776 train_mapscore: 0.7017 train_c: -1.0641 train_max_dist: 29.2588 train_imax: 38.0196 train_imin: -69.4422 time: 2.7607s
INFO:root:Epoch: 0545 lr: 0.001 train_loss: 618323.8750 train_distortion: 4.8075 train_mapscore: 0.7117 train_c: -1.0644 train_max_dist: 29.4824 train_imax: 40.4458 train_imin: -70.8781 time: 2.7832s
INFO:root:Epoch: 0550 lr: 0.001 train_loss: 616717.1250 train_distortion: 4.9351 train_mapscore: 0.7132 train_c: -1.0647 train_max_dist: 29.6943 train_imax: 43.4625 train_imin: -71.9453 time: 2.7808s
INFO:root:Epoch: 0555 lr: 0.001 train_loss: 614771.8750 train_distortion: 5.0592 train_mapscore: 0.7204 train_c: -1.0650 train_max_dist: 29.8730 train_imax: 47.4355 train_imin: -73.3658 time: 2.7194s
INFO:root:Epoch: 0560 lr: 0.001 train_loss: 613406.9375 train_distortion: 5.1880 train_mapscore: 0.7161 train_c: -1.0653 train_max_dist: 30.0938 train_imax: 46.7430 train_imin: -74.8568 time: 2.7706s
INFO:root:Epoch: 0565 lr: 0.001 train_loss: 611455.7500 train_distortion: 5.3080 train_mapscore: 0.7216 train_c: -1.0656 train_max_dist: 30.3105 train_imax: 47.3232 train_imin: -75.8610 time: 2.7730s
INFO:root:Epoch: 0570 lr: 0.001 train_loss: 609655.4375 train_distortion: 5.4243 train_mapscore: 0.7225 train_c: -1.0658 train_max_dist: 30.4619 train_imax: 48.3672 train_imin: -77.1989 time: 2.7706s
INFO:root:Epoch: 0575 lr: 0.001 train_loss: 607800.4375 train_distortion: 5.5432 train_mapscore: 0.7267 train_c: -1.0661 train_max_dist: 30.6455 train_imax: 51.7284 train_imin: -78.3803 time: 2.7519s
INFO:root:Epoch: 0580 lr: 0.001 train_loss: 606544.7500 train_distortion: 5.6574 train_mapscore: 0.7313 train_c: -1.0663 train_max_dist: 30.8164 train_imax: 51.8819 train_imin: -79.5609 time: 2.7794s
INFO:root:Epoch: 0585 lr: 0.001 train_loss: 606456.6250 train_distortion: 5.7770 train_mapscore: 0.7235 train_c: -1.0665 train_max_dist: 30.9219 train_imax: 50.7296 train_imin: -80.9318 time: 2.7599s
INFO:root:Epoch: 0590 lr: 0.001 train_loss: 604019.1875 train_distortion: 5.8901 train_mapscore: 0.7298 train_c: -1.0668 train_max_dist: 31.1631 train_imax: 51.5406 train_imin: -82.3797 time: 2.7540s
INFO:root:Epoch: 0595 lr: 0.001 train_loss: 603059.6875 train_distortion: 5.9919 train_mapscore: 0.7313 train_c: -1.0670 train_max_dist: 31.2852 train_imax: 51.9262 train_imin: -83.4497 time: 2.7751s
INFO:root:Epoch: 0600 lr: 0.001 train_loss: 601143.3125 train_distortion: 6.1016 train_mapscore: 0.7384 train_c: -1.0672 train_max_dist: 31.4707 train_imax: 55.7872 train_imin: -84.5799 time: 2.7831s
INFO:root:Epoch: 0605 lr: 0.001 train_loss: 602183.6250 train_distortion: 6.2112 train_mapscore: 0.7302 train_c: -1.0675 train_max_dist: 31.6484 train_imax: 50.3927 train_imin: -85.9670 time: 2.7651s
INFO:root:Epoch: 0610 lr: 0.001 train_loss: 600429.8750 train_distortion: 6.3109 train_mapscore: 0.7299 train_c: -1.0677 train_max_dist: 31.7139 train_imax: 56.2507 train_imin: -87.2975 time: 2.7726s
INFO:root:Epoch: 0615 lr: 0.001 train_loss: 598781.8125 train_distortion: 6.4054 train_mapscore: 0.7379 train_c: -1.0679 train_max_dist: 32.0283 train_imax: 53.8003 train_imin: -88.3660 time: 2.7700s
INFO:root:Epoch: 0620 lr: 0.001 train_loss: 597640.2500 train_distortion: 6.5091 train_mapscore: 0.7399 train_c: -1.0681 train_max_dist: 32.1543 train_imax: 52.4485 train_imin: -89.7212 time: 2.7653s
INFO:root:Epoch: 0625 lr: 0.001 train_loss: 596851.0000 train_distortion: 6.5951 train_mapscore: 0.7399 train_c: -1.0683 train_max_dist: 32.2227 train_imax: 59.6552 train_imin: -90.6885 time: 2.7507s
INFO:root:Epoch: 0630 lr: 0.001 train_loss: 595012.1250 train_distortion: 6.6911 train_mapscore: 0.7452 train_c: -1.0685 train_max_dist: 32.4541 train_imax: 54.3659 train_imin: -91.8969 time: 2.7441s
INFO:root:Epoch: 0635 lr: 0.001 train_loss: 594418.7500 train_distortion: 6.7752 train_mapscore: 0.7482 train_c: -1.0687 train_max_dist: 32.5811 train_imax: 57.9767 train_imin: -92.9282 time: 2.7596s
INFO:root:Epoch: 0640 lr: 0.001 train_loss: 594683.3750 train_distortion: 6.8698 train_mapscore: 0.7429 train_c: -1.0688 train_max_dist: 32.6553 train_imax: 57.0609 train_imin: -94.1987 time: 2.7693s
INFO:root:Epoch: 0645 lr: 0.001 train_loss: 592153.1875 train_distortion: 6.9489 train_mapscore: 0.7488 train_c: -1.0690 train_max_dist: 32.8965 train_imax: 56.3326 train_imin: -95.3240 time: 2.7720s
INFO:root:Epoch: 0650 lr: 0.001 train_loss: 591728.0000 train_distortion: 7.0336 train_mapscore: 0.7507 train_c: -1.0692 train_max_dist: 32.9512 train_imax: 60.3558 train_imin: -96.2722 time: 2.7665s
INFO:root:Epoch: 0655 lr: 0.001 train_loss: 591011.5000 train_distortion: 7.1144 train_mapscore: 0.7509 train_c: -1.0694 train_max_dist: 33.0566 train_imax: 55.3246 train_imin: -97.3802 time: 2.7595s
INFO:root:Epoch: 0660 lr: 0.001 train_loss: 590308.6250 train_distortion: 7.2045 train_mapscore: 0.7538 train_c: -1.0695 train_max_dist: 33.2090 train_imax: 55.5877 train_imin: -98.6867 time: 2.7534s
INFO:root:Epoch: 0665 lr: 0.001 train_loss: 590248.1250 train_distortion: 7.2801 train_mapscore: 0.7491 train_c: -1.0697 train_max_dist: 33.2871 train_imax: 60.6159 train_imin: -99.6379 time: 2.7673s
INFO:root:Epoch: 0670 lr: 0.001 train_loss: 588574.1875 train_distortion: 7.3593 train_mapscore: 0.7563 train_c: -1.0699 train_max_dist: 33.5117 train_imax: 55.8015 train_imin: -100.8872 time: 2.7451s
INFO:root:Epoch: 0675 lr: 0.001 train_loss: 588779.5000 train_distortion: 7.4330 train_mapscore: 0.7573 train_c: -1.0700 train_max_dist: 33.6367 train_imax: 59.8564 train_imin: -101.8727 time: 2.7345s
INFO:root:Epoch: 0680 lr: 0.001 train_loss: 588311.0625 train_distortion: 7.5129 train_mapscore: 0.7531 train_c: -1.0702 train_max_dist: 33.7881 train_imax: 52.8557 train_imin: -102.8603 time: 2.7427s
INFO:root:Epoch: 0685 lr: 0.001 train_loss: 588535.1875 train_distortion: 7.5852 train_mapscore: 0.7531 train_c: -1.0704 train_max_dist: 33.9824 train_imax: 52.9153 train_imin: -103.8882 time: 2.7212s
INFO:root:Epoch: 0690 lr: 0.001 train_loss: 587277.5000 train_distortion: 7.6505 train_mapscore: 0.7564 train_c: -1.0705 train_max_dist: 34.0859 train_imax: 55.7407 train_imin: -104.7983 time: 2.7036s
INFO:root:Epoch: 0695 lr: 0.001 train_loss: 584821.5625 train_distortion: 7.7210 train_mapscore: 0.7649 train_c: -1.0707 train_max_dist: 34.1484 train_imax: 62.0199 train_imin: -105.9684 time: 2.7361s
INFO:root:Epoch: 0700 lr: 0.001 train_loss: 586121.7500 train_distortion: 7.7934 train_mapscore: 0.7590 train_c: -1.0708 train_max_dist: 34.2910 train_imax: 58.2729 train_imin: -106.9615 time: 2.7331s
INFO:root:Epoch: 0705 lr: 0.001 train_loss: 585521.0000 train_distortion: 7.8513 train_mapscore: 0.7651 train_c: -1.0710 train_max_dist: 34.3281 train_imax: 62.0484 train_imin: -107.8376 time: 2.7335s
INFO:root:Epoch: 0710 lr: 0.001 train_loss: 585560.6250 train_distortion: 7.9142 train_mapscore: 0.7629 train_c: -1.0711 train_max_dist: 34.4512 train_imax: 57.7795 train_imin: -108.8176 time: 2.7270s
INFO:root:Epoch: 0715 lr: 0.001 train_loss: 585075.9375 train_distortion: 7.9754 train_mapscore: 0.7598 train_c: -1.0712 train_max_dist: 34.5312 train_imax: 66.8760 train_imin: -109.6891 time: 2.7046s
INFO:root:Epoch: 0720 lr: 0.001 train_loss: 583354.6250 train_distortion: 8.0327 train_mapscore: 0.7691 train_c: -1.0714 train_max_dist: 34.6602 train_imax: 63.1781 train_imin: -110.5637 time: 2.7476s
INFO:root:Epoch: 0725 lr: 0.001 train_loss: 583398.6250 train_distortion: 8.1019 train_mapscore: 0.7666 train_c: -1.0715 train_max_dist: 34.7891 train_imax: 60.3440 train_imin: -111.6318 time: 2.7459s
INFO:root:Epoch: 0730 lr: 0.001 train_loss: 582930.5625 train_distortion: 8.1578 train_mapscore: 0.7671 train_c: -1.0717 train_max_dist: 34.8711 train_imax: 67.3600 train_imin: -112.3377 time: 2.7531s
INFO:root:Epoch: 0735 lr: 0.001 train_loss: 581937.1250 train_distortion: 8.2192 train_mapscore: 0.7690 train_c: -1.0718 train_max_dist: 34.9844 train_imax: 63.1944 train_imin: -113.5754 time: 2.7265s
INFO:root:Epoch: 0740 lr: 0.001 train_loss: 581714.4375 train_distortion: 8.2809 train_mapscore: 0.7689 train_c: -1.0719 train_max_dist: 35.1387 train_imax: 60.1084 train_imin: -114.4483 time: 2.6874s
INFO:root:Epoch: 0745 lr: 0.001 train_loss: 581839.6250 train_distortion: 8.3300 train_mapscore: 0.7681 train_c: -1.0721 train_max_dist: 35.1758 train_imax: 69.0176 train_imin: -115.2246 time: 2.7257s
INFO:root:Epoch: 0750 lr: 0.001 train_loss: 580753.4375 train_distortion: 8.3933 train_mapscore: 0.7725 train_c: -1.0722 train_max_dist: 35.3320 train_imax: 63.5212 train_imin: -116.1758 time: 2.7202s
INFO:root:Epoch: 0755 lr: 0.001 train_loss: 580249.6250 train_distortion: 8.4478 train_mapscore: 0.7750 train_c: -1.0723 train_max_dist: 35.4219 train_imax: 66.1727 train_imin: -117.0805 time: 2.7174s
INFO:root:Epoch: 0760 lr: 0.001 train_loss: 580537.1875 train_distortion: 8.4960 train_mapscore: 0.7737 train_c: -1.0724 train_max_dist: 35.4941 train_imax: 66.8125 train_imin: -117.8863 time: 2.7270s
INFO:root:Epoch: 0765 lr: 0.001 train_loss: 580547.3125 train_distortion: 8.5565 train_mapscore: 0.7702 train_c: -1.0726 train_max_dist: 35.5938 train_imax: 70.2534 train_imin: -118.8922 time: 2.7284s
INFO:root:Epoch: 0770 lr: 0.001 train_loss: 579281.5000 train_distortion: 8.6000 train_mapscore: 0.7744 train_c: -1.0727 train_max_dist: 35.7500 train_imax: 64.2114 train_imin: -119.5518 time: 2.7188s
INFO:root:Epoch: 0775 lr: 0.001 train_loss: 579508.4375 train_distortion: 8.6571 train_mapscore: 0.7728 train_c: -1.0728 train_max_dist: 35.7969 train_imax: 63.5951 train_imin: -120.3118 time: 2.7297s
INFO:root:Epoch: 0780 lr: 0.001 train_loss: 579493.6875 train_distortion: 8.7122 train_mapscore: 0.7710 train_c: -1.0729 train_max_dist: 35.8730 train_imax: 71.8216 train_imin: -121.4199 time: 2.7160s
INFO:root:Epoch: 0785 lr: 0.001 train_loss: 578985.8750 train_distortion: 8.7534 train_mapscore: 0.7767 train_c: -1.0730 train_max_dist: 36.0117 train_imax: 67.1091 train_imin: -121.8567 time: 2.7054s
INFO:root:Epoch: 0790 lr: 0.001 train_loss: 578117.5625 train_distortion: 8.8053 train_mapscore: 0.7742 train_c: -1.0732 train_max_dist: 36.0820 train_imax: 62.5582 train_imin: -122.9518 time: 2.7429s
INFO:root:Epoch: 0795 lr: 0.001 train_loss: 577857.9375 train_distortion: 8.8512 train_mapscore: 0.7784 train_c: -1.0733 train_max_dist: 36.1738 train_imax: 68.5880 train_imin: -123.7969 time: 2.7244s
INFO:root:Epoch: 0800 lr: 0.001 train_loss: 577258.3750 train_distortion: 8.8979 train_mapscore: 0.7814 train_c: -1.0734 train_max_dist: 36.2812 train_imax: 69.9150 train_imin: -124.1964 time: 2.7306s
INFO:root:Epoch: 0805 lr: 0.001 train_loss: 578643.7500 train_distortion: 8.9512 train_mapscore: 0.7730 train_c: -1.0735 train_max_dist: 36.3457 train_imax: 71.3521 train_imin: -125.3634 time: 2.7262s
INFO:root:Epoch: 0810 lr: 0.001 train_loss: 576129.7500 train_distortion: 8.9968 train_mapscore: 0.7824 train_c: -1.0736 train_max_dist: 36.4492 train_imax: 65.5130 train_imin: -126.0891 time: 2.7246s
INFO:root:Epoch: 0815 lr: 0.001 train_loss: 575813.5000 train_distortion: 9.0375 train_mapscore: 0.7837 train_c: -1.0737 train_max_dist: 36.5312 train_imax: 68.1794 train_imin: -126.6915 time: 2.7348s
INFO:root:Epoch: 0820 lr: 0.001 train_loss: 577963.7500 train_distortion: 9.0780 train_mapscore: 0.7739 train_c: -1.0738 train_max_dist: 36.5625 train_imax: 72.2939 train_imin: -127.6560 time: 2.7156s
INFO:root:Epoch: 0825 lr: 0.001 train_loss: 575710.1250 train_distortion: 9.1270 train_mapscore: 0.7822 train_c: -1.0739 train_max_dist: 36.7500 train_imax: 66.4578 train_imin: -128.4674 time: 2.7318s
INFO:root:Epoch: 0830 lr: 0.001 train_loss: 575055.0000 train_distortion: 9.1711 train_mapscore: 0.7845 train_c: -1.0740 train_max_dist: 36.7910 train_imax: 67.4141 train_imin: -129.0910 time: 2.7217s
INFO:root:Epoch: 0835 lr: 0.001 train_loss: 575292.6250 train_distortion: 9.2058 train_mapscore: 0.7855 train_c: -1.0742 train_max_dist: 36.8672 train_imax: 71.9361 train_imin: -129.7457 time: 2.7285s
INFO:root:Epoch: 0840 lr: 0.001 train_loss: 574868.1250 train_distortion: 9.2490 train_mapscore: 0.7860 train_c: -1.0743 train_max_dist: 36.9551 train_imax: 69.4365 train_imin: -130.5754 time: 2.7126s
INFO:root:Epoch: 0845 lr: 0.001 train_loss: 574758.1250 train_distortion: 9.2928 train_mapscore: 0.7860 train_c: -1.0744 train_max_dist: 37.0215 train_imax: 69.4001 train_imin: -131.4147 time: 2.7117s
INFO:root:Epoch: 0850 lr: 0.001 train_loss: 575139.1875 train_distortion: 9.3306 train_mapscore: 0.7839 train_c: -1.0745 train_max_dist: 37.1484 train_imax: 65.9900 train_imin: -132.0178 time: 2.7066s
INFO:root:Epoch: 0855 lr: 0.001 train_loss: 574067.7500 train_distortion: 9.3799 train_mapscore: 0.7880 train_c: -1.0746 train_max_dist: 37.1875 train_imax: 66.9517 train_imin: -132.9893 time: 2.6957s
INFO:root:Epoch: 0860 lr: 0.001 train_loss: 576404.8750 train_distortion: 9.4083 train_mapscore: 0.7804 train_c: -1.0747 train_max_dist: 37.2188 train_imax: 78.8570 train_imin: -133.1510 time: 2.6914s
INFO:root:Epoch: 0865 lr: 0.001 train_loss: 574042.0000 train_distortion: 9.4594 train_mapscore: 0.7866 train_c: -1.0748 train_max_dist: 37.3672 train_imax: 64.6683 train_imin: -134.2013 time: 2.7015s
INFO:root:Epoch: 0870 lr: 0.001 train_loss: 573768.8125 train_distortion: 9.4957 train_mapscore: 0.7868 train_c: -1.0749 train_max_dist: 37.4512 train_imax: 66.7246 train_imin: -134.6835 time: 2.7048s
INFO:root:Epoch: 0875 lr: 0.001 train_loss: 575118.5000 train_distortion: 9.5185 train_mapscore: 0.7822 train_c: -1.0750 train_max_dist: 37.4531 train_imax: 75.8662 train_imin: -135.5394 time: 2.6579s
INFO:root:Epoch: 0880 lr: 0.001 train_loss: 572934.1875 train_distortion: 9.5675 train_mapscore: 0.7884 train_c: -1.0751 train_max_dist: 37.5957 train_imax: 68.2968 train_imin: -136.2280 time: 2.7086s
INFO:root:Epoch: 0885 lr: 0.001 train_loss: 572601.8750 train_distortion: 9.6017 train_mapscore: 0.7885 train_c: -1.0752 train_max_dist: 37.6387 train_imax: 66.7727 train_imin: -137.0121 time: 2.6990s
INFO:root:Epoch: 0890 lr: 0.001 train_loss: 572237.2500 train_distortion: 9.6463 train_mapscore: 0.7918 train_c: -1.0753 train_max_dist: 37.7051 train_imax: 70.8763 train_imin: -137.7033 time: 2.7207s
INFO:root:Epoch: 0895 lr: 0.001 train_loss: 572686.5625 train_distortion: 9.6828 train_mapscore: 0.7895 train_c: -1.0754 train_max_dist: 37.7930 train_imax: 70.9399 train_imin: -138.2592 time: 2.6894s
INFO:root:Epoch: 0900 lr: 0.001 train_loss: 572106.4375 train_distortion: 9.7223 train_mapscore: 0.7924 train_c: -1.0755 train_max_dist: 37.8398 train_imax: 67.4670 train_imin: -139.2180 time: 2.6589s
INFO:root:Epoch: 0905 lr: 0.001 train_loss: 571472.3125 train_distortion: 9.7543 train_mapscore: 0.7931 train_c: -1.0756 train_max_dist: 37.8984 train_imax: 73.6544 train_imin: -139.7111 time: 2.6942s
INFO:root:Epoch: 0910 lr: 0.001 train_loss: 572932.8750 train_distortion: 9.7784 train_mapscore: 0.7884 train_c: -1.0756 train_max_dist: 37.9453 train_imax: 69.8486 train_imin: -140.2940 time: 2.7004s
INFO:root:Epoch: 0915 lr: 0.001 train_loss: 571592.7500 train_distortion: 9.8253 train_mapscore: 0.7938 train_c: -1.0757 train_max_dist: 38.0566 train_imax: 68.3879 train_imin: -141.1542 time: 2.7246s
INFO:root:Epoch: 0920 lr: 0.001 train_loss: 572148.3750 train_distortion: 9.8484 train_mapscore: 0.7918 train_c: -1.0758 train_max_dist: 38.1113 train_imax: 75.6986 train_imin: -141.4797 time: 2.7182s
INFO:root:Epoch: 0925 lr: 0.001 train_loss: 571331.7500 train_distortion: 9.8814 train_mapscore: 0.7912 train_c: -1.0759 train_max_dist: 38.1543 train_imax: 69.8484 train_imin: -142.4097 time: 2.6802s
INFO:root:Epoch: 0930 lr: 0.001 train_loss: 571066.5000 train_distortion: 9.9209 train_mapscore: 0.7961 train_c: -1.0760 train_max_dist: 38.2559 train_imax: 68.6413 train_imin: -142.9973 time: 2.7177s
INFO:root:Epoch: 0935 lr: 0.001 train_loss: 570754.3750 train_distortion: 9.9489 train_mapscore: 0.7940 train_c: -1.0761 train_max_dist: 38.3145 train_imax: 74.9261 train_imin: -143.7275 time: 2.7173s
INFO:root:Epoch: 0940 lr: 0.001 train_loss: 571500.6250 train_distortion: 9.9838 train_mapscore: 0.7918 train_c: -1.0762 train_max_dist: 38.3789 train_imax: 65.1181 train_imin: -144.3345 time: 2.7224s
INFO:root:Epoch: 0945 lr: 0.001 train_loss: 571167.2500 train_distortion: 10.0027 train_mapscore: 0.7963 train_c: -1.0763 train_max_dist: 38.4180 train_imax: 76.7578 train_imin: -144.5248 time: 2.7158s
INFO:root:Epoch: 0950 lr: 0.001 train_loss: 571075.0625 train_distortion: 10.0504 train_mapscore: 0.7963 train_c: -1.0764 train_max_dist: 38.4941 train_imax: 70.1114 train_imin: -145.5182 time: 2.7076s
INFO:root:Epoch: 0955 lr: 0.001 train_loss: 572039.2500 train_distortion: 10.0645 train_mapscore: 0.7939 train_c: -1.0765 train_max_dist: 38.5410 train_imax: 72.4762 train_imin: -145.6484 time: 2.7198s
INFO:root:Epoch: 0960 lr: 0.001 train_loss: 569679.5625 train_distortion: 10.1012 train_mapscore: 0.7977 train_c: -1.0766 train_max_dist: 38.6094 train_imax: 73.1484 train_imin: -146.7336 time: 2.7157s
INFO:root:Epoch: 0965 lr: 0.001 train_loss: 569624.7500 train_distortion: 10.1272 train_mapscore: 0.7979 train_c: -1.0766 train_max_dist: 38.7031 train_imax: 72.4341 train_imin: -146.9700 time: 2.6831s
INFO:root:Epoch: 0970 lr: 0.001 train_loss: 570041.3125 train_distortion: 10.1628 train_mapscore: 0.7973 train_c: -1.0767 train_max_dist: 38.7344 train_imax: 70.9661 train_imin: -147.7375 time: 2.6907s
INFO:root:Epoch: 0975 lr: 0.001 train_loss: 569317.6250 train_distortion: 10.1861 train_mapscore: 0.7991 train_c: -1.0768 train_max_dist: 38.7832 train_imax: 74.7188 train_imin: -148.3291 time: 2.6922s
INFO:root:Epoch: 0980 lr: 0.001 train_loss: 569859.8750 train_distortion: 10.2124 train_mapscore: 0.7979 train_c: -1.0769 train_max_dist: 38.8730 train_imax: 74.6738 train_imin: -148.6984 time: 2.6809s
INFO:root:Epoch: 0985 lr: 0.001 train_loss: 569253.9375 train_distortion: 10.2468 train_mapscore: 0.7989 train_c: -1.0770 train_max_dist: 38.9160 train_imax: 73.2121 train_imin: -149.3442 time: 2.6929s
INFO:root:Epoch: 0990 lr: 0.001 train_loss: 569033.7500 train_distortion: 10.2732 train_mapscore: 0.8006 train_c: -1.0771 train_max_dist: 38.9629 train_imax: 73.2191 train_imin: -149.9292 time: 2.6844s
INFO:root:Epoch: 0995 lr: 0.001 train_loss: 569920.6250 train_distortion: 10.3084 train_mapscore: 0.8006 train_c: -1.0772 train_max_dist: 39.0371 train_imax: 71.7461 train_imin: -150.5208 time: 2.6977s
INFO:root:Epoch: 1000 lr: 0.001 train_loss: 569320.6250 train_distortion: 10.3250 train_mapscore: 0.8008 train_c: -1.0772 train_max_dist: 39.0898 train_imax: 72.7260 train_imin: -151.2341 time: 2.6955s
INFO:root:Epoch: 1005 lr: 0.001 train_loss: 569025.1250 train_distortion: 10.3380 train_mapscore: 0.8014 train_c: -1.0773 train_max_dist: 39.1426 train_imax: 73.5192 train_imin: -151.2491 time: 2.6904s
INFO:root:Epoch: 1010 lr: 0.001 train_loss: 568632.5625 train_distortion: 10.3750 train_mapscore: 0.8003 train_c: -1.0774 train_max_dist: 39.2227 train_imax: 69.5789 train_imin: -151.9011 time: 2.6839s
INFO:root:Epoch: 1015 lr: 0.001 train_loss: 568127.6250 train_distortion: 10.4023 train_mapscore: 0.8023 train_c: -1.0775 train_max_dist: 39.2266 train_imax: 72.1393 train_imin: -152.3915 time: 2.6971s
INFO:root:Epoch: 1020 lr: 0.001 train_loss: 568038.2500 train_distortion: 10.4363 train_mapscore: 0.8019 train_c: -1.0776 train_max_dist: 39.3281 train_imax: 68.4766 train_imin: -153.1395 time: 2.6821s
INFO:root:Epoch: 1025 lr: 0.001 train_loss: 568004.0000 train_distortion: 10.4669 train_mapscore: 0.8028 train_c: -1.0777 train_max_dist: 39.3594 train_imax: 71.5543 train_imin: -153.6835 time: 2.6870s
INFO:root:Epoch: 1030 lr: 0.001 train_loss: 568043.2500 train_distortion: 10.4977 train_mapscore: 0.8023 train_c: -1.0777 train_max_dist: 39.3945 train_imax: 70.3789 train_imin: -154.2758 time: 2.6796s
INFO:root:Epoch: 1035 lr: 0.001 train_loss: 568710.3750 train_distortion: 10.5160 train_mapscore: 0.8022 train_c: -1.0778 train_max_dist: 39.4238 train_imax: 75.9786 train_imin: -154.5696 time: 2.7096s
INFO:root:Epoch: 1040 lr: 0.001 train_loss: 567682.3125 train_distortion: 10.5416 train_mapscore: 0.8036 train_c: -1.0779 train_max_dist: 39.5234 train_imax: 71.2927 train_imin: -155.0610 time: 2.7081s
INFO:root:Epoch: 1045 lr: 0.001 train_loss: 567710.6875 train_distortion: 10.5694 train_mapscore: 0.8026 train_c: -1.0780 train_max_dist: 39.5508 train_imax: 72.7812 train_imin: -155.4948 time: 2.7063s
INFO:root:Epoch: 1050 lr: 0.001 train_loss: 567828.2500 train_distortion: 10.5918 train_mapscore: 0.8011 train_c: -1.0781 train_max_dist: 39.5840 train_imax: 75.7908 train_imin: -156.1445 time: 2.7098s
INFO:root:Epoch: 1055 lr: 0.001 train_loss: 567470.0000 train_distortion: 10.6220 train_mapscore: 0.8044 train_c: -1.0781 train_max_dist: 39.6680 train_imax: 70.7901 train_imin: -157.0277 time: 2.7049s
INFO:root:Epoch: 1060 lr: 0.001 train_loss: 569319.3125 train_distortion: 10.6255 train_mapscore: 0.8017 train_c: -1.0782 train_max_dist: 39.7285 train_imax: 74.8117 train_imin: -156.8833 time: 2.6663s
INFO:root:Epoch: 1065 lr: 0.001 train_loss: 567832.3750 train_distortion: 10.6567 train_mapscore: 0.8028 train_c: -1.0783 train_max_dist: 39.7383 train_imax: 73.3410 train_imin: -157.9838 time: 2.6967s
INFO:root:Epoch: 1070 lr: 0.001 train_loss: 567792.6875 train_distortion: 10.6662 train_mapscore: 0.8043 train_c: -1.0784 train_max_dist: 39.8164 train_imax: 78.8453 train_imin: -158.1149 time: 2.6910s
INFO:root:Epoch: 1075 lr: 0.001 train_loss: 565997.2500 train_distortion: 10.7051 train_mapscore: 0.8060 train_c: -1.0785 train_max_dist: 39.8789 train_imax: 70.7888 train_imin: -158.8141 time: 2.6808s
INFO:root:Epoch: 1080 lr: 0.001 train_loss: 566373.8750 train_distortion: 10.7320 train_mapscore: 0.8063 train_c: -1.0785 train_max_dist: 39.9238 train_imax: 71.6243 train_imin: -159.3918 time: 2.6781s
INFO:root:Epoch: 1085 lr: 0.001 train_loss: 566128.6250 train_distortion: 10.7563 train_mapscore: 0.8068 train_c: -1.0786 train_max_dist: 39.9824 train_imax: 72.7315 train_imin: -159.6921 time: 2.6291s
INFO:root:Epoch: 1090 lr: 0.001 train_loss: 567595.3750 train_distortion: 10.7934 train_mapscore: 0.8045 train_c: -1.0787 train_max_dist: 40.0137 train_imax: 67.6281 train_imin: -160.5464 time: 2.6862s
INFO:root:Epoch: 1095 lr: 0.001 train_loss: 567640.9375 train_distortion: 10.7951 train_mapscore: 0.8044 train_c: -1.0788 train_max_dist: 40.0547 train_imax: 80.0534 train_imin: -160.6256 time: 2.6977s
INFO:root:Epoch: 1100 lr: 0.001 train_loss: 565675.3125 train_distortion: 10.8384 train_mapscore: 0.8073 train_c: -1.0789 train_max_dist: 40.1484 train_imax: 70.8408 train_imin: -161.4650 time: 2.6972s
INFO:root:Epoch: 1105 lr: 0.001 train_loss: 566396.5000 train_distortion: 10.8548 train_mapscore: 0.8066 train_c: -1.0789 train_max_dist: 40.1895 train_imax: 69.1832 train_imin: -162.0024 time: 2.7023s
INFO:root:Epoch: 1110 lr: 0.001 train_loss: 566439.0000 train_distortion: 10.8793 train_mapscore: 0.8040 train_c: -1.0790 train_max_dist: 40.2031 train_imax: 79.6476 train_imin: -162.3600 time: 2.6465s
INFO:root:Epoch: 1115 lr: 0.001 train_loss: 565854.2500 train_distortion: 10.8959 train_mapscore: 0.8059 train_c: -1.0791 train_max_dist: 40.2812 train_imax: 71.8619 train_imin: -162.8159 time: 2.6743s
INFO:root:Epoch: 1120 lr: 0.001 train_loss: 565300.0000 train_distortion: 10.9221 train_mapscore: 0.8077 train_c: -1.0792 train_max_dist: 40.3770 train_imax: 70.0465 train_imin: -163.3270 time: 2.6675s
INFO:root:Epoch: 1125 lr: 0.001 train_loss: 564972.4375 train_distortion: 10.9488 train_mapscore: 0.8070 train_c: -1.0793 train_max_dist: 40.3672 train_imax: 77.9427 train_imin: -163.7781 time: 2.6863s
INFO:root:Epoch: 1130 lr: 0.001 train_loss: 564747.5625 train_distortion: 10.9719 train_mapscore: 0.8087 train_c: -1.0793 train_max_dist: 40.4258 train_imax: 74.0885 train_imin: -164.2802 time: 2.6793s
INFO:root:Epoch: 1135 lr: 0.001 train_loss: 565117.8750 train_distortion: 11.0037 train_mapscore: 0.8089 train_c: -1.0794 train_max_dist: 40.5078 train_imax: 71.7034 train_imin: -164.8493 time: 2.6780s
INFO:root:Epoch: 1140 lr: 0.001 train_loss: 565167.3125 train_distortion: 11.0260 train_mapscore: 0.8074 train_c: -1.0795 train_max_dist: 40.5312 train_imax: 77.8144 train_imin: -165.2354 time: 2.7053s
INFO:root:Epoch: 1145 lr: 0.001 train_loss: 565810.8750 train_distortion: 11.0448 train_mapscore: 0.8053 train_c: -1.0796 train_max_dist: 40.5625 train_imax: 74.6945 train_imin: -165.7738 time: 2.7054s
INFO:root:Epoch: 1150 lr: 0.001 train_loss: 565173.6875 train_distortion: 11.0734 train_mapscore: 0.8093 train_c: -1.0796 train_max_dist: 40.6367 train_imax: 73.4730 train_imin: -166.1934 time: 2.7093s
INFO:root:Epoch: 1155 lr: 0.001 train_loss: 565226.6875 train_distortion: 11.0838 train_mapscore: 0.8092 train_c: -1.0797 train_max_dist: 40.6797 train_imax: 76.4140 train_imin: -166.4749 time: 2.6950s
INFO:root:Epoch: 1160 lr: 0.001 train_loss: 565062.9375 train_distortion: 11.1172 train_mapscore: 0.8095 train_c: -1.0798 train_max_dist: 40.7422 train_imax: 71.5038 train_imin: -167.1123 time: 2.6894s
INFO:root:Epoch: 1165 lr: 0.001 train_loss: 564648.2500 train_distortion: 11.1307 train_mapscore: 0.8102 train_c: -1.0799 train_max_dist: 40.7773 train_imax: 72.7775 train_imin: -167.4735 time: 2.6871s
INFO:root:Epoch: 1170 lr: 0.001 train_loss: 564514.0625 train_distortion: 11.1660 train_mapscore: 0.8099 train_c: -1.0800 train_max_dist: 40.7969 train_imax: 75.1452 train_imin: -168.1152 time: 2.6882s
INFO:root:Epoch: 1175 lr: 0.001 train_loss: 564800.3750 train_distortion: 11.1721 train_mapscore: 0.8095 train_c: -1.0800 train_max_dist: 40.8320 train_imax: 73.0121 train_imin: -168.4929 time: 2.6771s
INFO:root:Epoch: 1180 lr: 0.001 train_loss: 563575.1250 train_distortion: 11.1982 train_mapscore: 0.8113 train_c: -1.0801 train_max_dist: 40.9023 train_imax: 72.0746 train_imin: -168.9606 time: 2.6813s
INFO:root:Epoch: 1185 lr: 0.001 train_loss: 564276.5000 train_distortion: 11.2153 train_mapscore: 0.8101 train_c: -1.0802 train_max_dist: 40.9570 train_imax: 70.0867 train_imin: -169.1206 time: 2.6946s
INFO:root:Epoch: 1190 lr: 0.001 train_loss: 563587.8125 train_distortion: 11.2423 train_mapscore: 0.8112 train_c: -1.0803 train_max_dist: 40.9727 train_imax: 77.3629 train_imin: -169.7786 time: 2.6890s
INFO:root:Epoch: 1195 lr: 0.001 train_loss: 563612.8750 train_distortion: 11.2707 train_mapscore: 0.8113 train_c: -1.0803 train_max_dist: 41.0508 train_imax: 70.4670 train_imin: -170.2341 time: 2.6953s
INFO:root:Epoch: 1200 lr: 0.001 train_loss: 563626.2500 train_distortion: 11.2928 train_mapscore: 0.8110 train_c: -1.0804 train_max_dist: 41.1016 train_imax: 68.7238 train_imin: -170.7315 time: 2.6723s
INFO:root:Epoch: 1205 lr: 0.001 train_loss: 563168.3750 train_distortion: 11.3034 train_mapscore: 0.8124 train_c: -1.0805 train_max_dist: 41.1133 train_imax: 75.3311 train_imin: -171.0161 time: 2.6851s
INFO:root:Epoch: 1210 lr: 0.001 train_loss: 562834.3750 train_distortion: 11.3286 train_mapscore: 0.8128 train_c: -1.0805 train_max_dist: 41.1562 train_imax: 74.6265 train_imin: -171.7039 time: 2.6751s
INFO:root:Epoch: 1215 lr: 0.001 train_loss: 563534.4375 train_distortion: 11.3570 train_mapscore: 0.8122 train_c: -1.0806 train_max_dist: 41.2109 train_imax: 75.0120 train_imin: -172.0539 time: 2.6752s
INFO:root:Epoch: 1220 lr: 0.001 train_loss: 565327.7500 train_distortion: 11.3642 train_mapscore: 0.8113 train_c: -1.0807 train_max_dist: 41.2461 train_imax: 73.0275 train_imin: -172.3485 time: 2.6653s
INFO:root:Epoch: 1225 lr: 0.001 train_loss: 563673.2500 train_distortion: 11.4062 train_mapscore: 0.8130 train_c: -1.0808 train_max_dist: 41.3047 train_imax: 69.3307 train_imin: -173.1824 time: 2.6683s
INFO:root:Epoch: 1230 lr: 0.001 train_loss: 564102.7500 train_distortion: 11.4051 train_mapscore: 0.8132 train_c: -1.0808 train_max_dist: 41.3203 train_imax: 76.7766 train_imin: -173.1078 time: 2.6762s
INFO:root:Epoch: 1235 lr: 0.001 train_loss: 563440.2500 train_distortion: 11.4378 train_mapscore: 0.8122 train_c: -1.0809 train_max_dist: 41.3867 train_imax: 69.4236 train_imin: -173.7544 time: 2.6802s
INFO:root:Epoch: 1240 lr: 0.001 train_loss: 562716.5625 train_distortion: 11.4560 train_mapscore: 0.8138 train_c: -1.0810 train_max_dist: 41.4219 train_imax: 70.6491 train_imin: -174.2325 time: 2.6840s
INFO:root:Epoch: 1245 lr: 0.001 train_loss: 562938.6875 train_distortion: 11.4689 train_mapscore: 0.8138 train_c: -1.0811 train_max_dist: 41.4648 train_imax: 75.7017 train_imin: -174.3444 time: 2.6400s
INFO:root:Epoch: 1250 lr: 0.001 train_loss: 562430.6875 train_distortion: 11.4885 train_mapscore: 0.8142 train_c: -1.0811 train_max_dist: 41.4844 train_imax: 71.1497 train_imin: -174.9154 time: 2.6846s
INFO:root:Epoch: 1255 lr: 0.001 train_loss: 563355.5000 train_distortion: 11.5147 train_mapscore: 0.8134 train_c: -1.0812 train_max_dist: 41.5352 train_imax: 68.0519 train_imin: -175.3093 time: 2.6775s
INFO:root:Epoch: 1260 lr: 0.001 train_loss: 563766.1250 train_distortion: 11.5274 train_mapscore: 0.8128 train_c: -1.0813 train_max_dist: 41.5586 train_imax: 79.6524 train_imin: -175.6372 time: 2.6815s
INFO:root:Epoch: 1265 lr: 0.001 train_loss: 562884.7500 train_distortion: 11.5462 train_mapscore: 0.8147 train_c: -1.0813 train_max_dist: 41.5938 train_imax: 73.1853 train_imin: -176.1157 time: 2.6747s
INFO:root:Epoch: 1270 lr: 0.001 train_loss: 578701.5625 train_distortion: 11.5914 train_mapscore: 0.7975 train_c: -1.0814 train_max_dist: 41.5508 train_imax: 70.0745 train_imin: -176.4970 time: 2.6445s
INFO:root:Epoch: 1275 lr: 0.001 train_loss: 596089.7500 train_distortion: 11.4838 train_mapscore: 0.7693 train_c: -1.0815 train_max_dist: 41.7656 train_imax: 42.1586 train_imin: -175.6771 time: 2.7272s
INFO:root:Epoch: 1280 lr: 0.001 train_loss: 596428.1250 train_distortion: 11.2496 train_mapscore: 0.7648 train_c: -1.0815 train_max_dist: 42.0000 train_imax: 37.5787 train_imin: -173.7535 time: 2.7169s
INFO:root:Epoch: 1285 lr: 0.001 train_loss: 586784.6250 train_distortion: 11.0593 train_mapscore: 0.7757 train_c: -1.0815 train_max_dist: 42.0703 train_imax: 45.5814 train_imin: -173.2770 time: 2.7286s
INFO:root:Epoch: 1290 lr: 0.001 train_loss: 579958.0000 train_distortion: 10.9861 train_mapscore: 0.7838 train_c: -1.0815 train_max_dist: 42.1914 train_imax: 42.3121 train_imin: -173.1005 time: 2.7091s
INFO:root:Epoch: 1295 lr: 0.001 train_loss: 685654.0625 train_distortion: 10.4900 train_mapscore: 0.6687 train_c: -1.0816 train_max_dist: 41.7109 train_imax: 43.3809 train_imin: -164.0370 time: 2.7316s
INFO:root:Epoch: 1300 lr: 0.001 train_loss: 701979.5625 train_distortion: 9.8598 train_mapscore: 0.6318 train_c: -1.0816 train_max_dist: 40.2676 train_imax: 88.7343 train_imin: -153.5198 time: 2.8274s
INFO:root:Epoch: 1305 lr: 0.001 train_loss: 691425.6875 train_distortion: 9.3703 train_mapscore: 0.6283 train_c: -1.0816 train_max_dist: 38.7734 train_imax: 120.5450 train_imin: -146.9988 time: 2.8592s
INFO:root:Epoch: 1310 lr: 0.001 train_loss: 675287.6250 train_distortion: 9.0505 train_mapscore: 0.6379 train_c: -1.0816 train_max_dist: 38.2676 train_imax: 104.5940 train_imin: -143.0578 time: 2.8293s
INFO:root:Epoch: 1315 lr: 0.001 train_loss: 660482.5625 train_distortion: 8.8346 train_mapscore: 0.6501 train_c: -1.0816 train_max_dist: 37.8379 train_imax: 102.0320 train_imin: -140.3058 time: 2.8203s
INFO:root:Epoch: 1320 lr: 0.001 train_loss: 648546.3750 train_distortion: 8.7193 train_mapscore: 0.6634 train_c: -1.0816 train_max_dist: 37.5879 train_imax: 103.3323 train_imin: -138.3443 time: 2.7830s
INFO:root:Epoch: 1325 lr: 0.001 train_loss: 638636.7500 train_distortion: 8.6760 train_mapscore: 0.6782 train_c: -1.0817 train_max_dist: 37.5059 train_imax: 104.2784 train_imin: -137.7780 time: 2.7734s
INFO:root:Epoch: 1330 lr: 0.001 train_loss: 630694.3125 train_distortion: 8.6922 train_mapscore: 0.6898 train_c: -1.0817 train_max_dist: 37.4355 train_imax: 107.8803 train_imin: -137.8750 time: 2.7840s
INFO:root:Epoch: 1335 lr: 0.001 train_loss: 624339.2500 train_distortion: 8.7517 train_mapscore: 0.7003 train_c: -1.0819 train_max_dist: 37.4160 train_imax: 107.6929 train_imin: -138.3083 time: 2.7530s
INFO:root:Epoch: 1340 lr: 0.001 train_loss: 619404.5625 train_distortion: 8.8383 train_mapscore: 0.7092 train_c: -1.0820 train_max_dist: 37.4121 train_imax: 112.2618 train_imin: -139.0423 time: 2.7546s
INFO:root:Epoch: 1345 lr: 0.001 train_loss: 614948.7500 train_distortion: 8.9427 train_mapscore: 0.7170 train_c: -1.0821 train_max_dist: 37.4961 train_imax: 115.0254 train_imin: -139.8100 time: 2.7558s
INFO:root:Epoch: 1350 lr: 0.001 train_loss: 611061.6250 train_distortion: 9.0576 train_mapscore: 0.7224 train_c: -1.0822 train_max_dist: 37.5918 train_imax: 116.8620 train_imin: -140.8424 time: 2.7437s
INFO:root:Epoch: 1355 lr: 0.001 train_loss: 607731.1875 train_distortion: 9.1714 train_mapscore: 0.7290 train_c: -1.0824 train_max_dist: 37.6797 train_imax: 118.9128 train_imin: -141.9659 time: 2.7289s
INFO:root:Epoch: 1360 lr: 0.001 train_loss: 604889.3750 train_distortion: 9.2855 train_mapscore: 0.7335 train_c: -1.0825 train_max_dist: 37.7773 train_imax: 120.8043 train_imin: -143.3012 time: 2.7331s
INFO:root:Epoch: 1365 lr: 0.001 train_loss: 602420.3750 train_distortion: 9.3986 train_mapscore: 0.7378 train_c: -1.0826 train_max_dist: 37.8672 train_imax: 122.7274 train_imin: -144.5158 time: 2.7179s
INFO:root:Epoch: 1370 lr: 0.001 train_loss: 600207.8125 train_distortion: 9.5062 train_mapscore: 0.7422 train_c: -1.0828 train_max_dist: 37.9395 train_imax: 124.0511 train_imin: -145.7082 time: 2.7260s
INFO:root:Epoch: 1375 lr: 0.001 train_loss: 598280.0000 train_distortion: 9.6084 train_mapscore: 0.7459 train_c: -1.0829 train_max_dist: 38.0195 train_imax: 125.5898 train_imin: -146.6446 time: 2.7224s
INFO:root:Epoch: 1380 lr: 0.001 train_loss: 596792.3125 train_distortion: 9.7067 train_mapscore: 0.7488 train_c: -1.0830 train_max_dist: 38.1016 train_imax: 126.4159 train_imin: -147.6089 time: 2.7248s
INFO:root:Epoch: 1385 lr: 0.001 train_loss: 595268.5625 train_distortion: 9.8005 train_mapscore: 0.7522 train_c: -1.0831 train_max_dist: 38.1758 train_imax: 128.1572 train_imin: -148.7051 time: 2.7141s
INFO:root:Epoch: 1390 lr: 0.001 train_loss: 593753.8750 train_distortion: 9.8894 train_mapscore: 0.7545 train_c: -1.0832 train_max_dist: 38.2578 train_imax: 129.0573 train_imin: -149.7977 time: 2.7221s
INFO:root:Epoch: 1395 lr: 0.001 train_loss: 592282.7500 train_distortion: 9.9741 train_mapscore: 0.7571 train_c: -1.0834 train_max_dist: 38.3398 train_imax: 129.9293 train_imin: -150.8254 time: 2.7238s
INFO:root:Epoch: 1400 lr: 0.001 train_loss: 591268.7500 train_distortion: 10.0531 train_mapscore: 0.7594 train_c: -1.0835 train_max_dist: 38.3984 train_imax: 131.8575 train_imin: -151.6827 time: 2.7174s
INFO:root:Epoch: 1405 lr: 0.001 train_loss: 589836.9375 train_distortion: 10.1313 train_mapscore: 0.7619 train_c: -1.0836 train_max_dist: 38.4805 train_imax: 132.4657 train_imin: -152.7715 time: 2.7119s
INFO:root:Epoch: 1410 lr: 0.001 train_loss: 588808.0000 train_distortion: 10.2037 train_mapscore: 0.7641 train_c: -1.0837 train_max_dist: 38.5312 train_imax: 133.7729 train_imin: -153.6565 time: 2.7300s
INFO:root:Epoch: 1415 lr: 0.001 train_loss: 587840.9375 train_distortion: 10.2749 train_mapscore: 0.7665 train_c: -1.0838 train_max_dist: 38.6133 train_imax: 135.4421 train_imin: -154.6461 time: 2.7277s
INFO:root:Epoch: 1420 lr: 0.001 train_loss: 586940.6875 train_distortion: 10.3418 train_mapscore: 0.7684 train_c: -1.0838 train_max_dist: 38.6719 train_imax: 135.9719 train_imin: -155.6235 time: 2.7343s
INFO:root:Epoch: 1425 lr: 0.001 train_loss: 586279.3125 train_distortion: 10.4088 train_mapscore: 0.7697 train_c: -1.0839 train_max_dist: 38.7266 train_imax: 136.5233 train_imin: -156.5609 time: 2.7196s
INFO:root:Epoch: 1430 lr: 0.001 train_loss: 585628.1875 train_distortion: 10.4732 train_mapscore: 0.7711 train_c: -1.0840 train_max_dist: 38.7773 train_imax: 137.8857 train_imin: -157.4320 time: 2.6982s
INFO:root:Epoch: 1435 lr: 0.001 train_loss: 584751.4375 train_distortion: 10.5278 train_mapscore: 0.7725 train_c: -1.0841 train_max_dist: 38.8125 train_imax: 138.1068 train_imin: -158.1996 time: 2.7201s
INFO:root:Epoch: 1440 lr: 0.001 train_loss: 583679.8125 train_distortion: 10.5874 train_mapscore: 0.7741 train_c: -1.0842 train_max_dist: 38.8848 train_imax: 139.0447 train_imin: -159.0411 time: 2.7262s
INFO:root:Epoch: 1445 lr: 0.001 train_loss: 583400.3125 train_distortion: 10.6424 train_mapscore: 0.7748 train_c: -1.0843 train_max_dist: 38.9434 train_imax: 139.5212 train_imin: -159.9151 time: 2.7143s
INFO:root:Epoch: 1450 lr: 0.001 train_loss: 583559.1875 train_distortion: 10.6979 train_mapscore: 0.7760 train_c: -1.0844 train_max_dist: 38.9883 train_imax: 138.0242 train_imin: -160.8288 time: 2.7106s
INFO:root:Epoch: 1455 lr: 0.001 train_loss: 582155.6250 train_distortion: 10.7525 train_mapscore: 0.7780 train_c: -1.0845 train_max_dist: 39.0449 train_imax: 140.4058 train_imin: -161.7994 time: 2.6557s
INFO:root:Epoch: 1460 lr: 0.001 train_loss: 581778.2500 train_distortion: 10.7986 train_mapscore: 0.7792 train_c: -1.0845 train_max_dist: 39.0820 train_imax: 142.2393 train_imin: -162.6252 time: 2.6978s
INFO:root:Epoch: 1465 lr: 0.001 train_loss: 580955.6250 train_distortion: 10.8441 train_mapscore: 0.7803 train_c: -1.0846 train_max_dist: 39.1328 train_imax: 142.9784 train_imin: -163.5128 time: 2.7025s
INFO:root:Epoch: 1470 lr: 0.001 train_loss: 580468.4375 train_distortion: 10.8912 train_mapscore: 0.7815 train_c: -1.0847 train_max_dist: 39.1855 train_imax: 142.7344 train_imin: -164.1395 time: 2.7200s
INFO:root:Epoch: 1475 lr: 0.001 train_loss: 582014.0625 train_distortion: 10.9388 train_mapscore: 0.7790 train_c: -1.0848 train_max_dist: 39.2207 train_imax: 141.9634 train_imin: -165.0359 time: 2.7108s
INFO:root:Epoch: 1480 lr: 0.001 train_loss: 579944.0625 train_distortion: 10.9796 train_mapscore: 0.7831 train_c: -1.0848 train_max_dist: 39.2832 train_imax: 143.5665 train_imin: -165.6310 time: 2.6679s
INFO:root:Epoch: 1485 lr: 0.001 train_loss: 581462.0000 train_distortion: 11.0222 train_mapscore: 0.7783 train_c: -1.0849 train_max_dist: 39.3457 train_imax: 144.1269 train_imin: -166.5078 time: 2.6911s
INFO:root:Epoch: 1490 lr: 0.001 train_loss: 581097.4375 train_distortion: 11.0589 train_mapscore: 0.7790 train_c: -1.0850 train_max_dist: 39.4219 train_imax: 144.3983 train_imin: -167.1138 time: 2.6948s
INFO:root:Epoch: 1495 lr: 0.001 train_loss: 580302.3750 train_distortion: 11.0959 train_mapscore: 0.7809 train_c: -1.0851 train_max_dist: 39.4844 train_imax: 145.4690 train_imin: -167.7468 time: 2.6971s
INFO:root:Epoch: 1500 lr: 0.001 train_loss: 579571.7500 train_distortion: 11.1290 train_mapscore: 0.7831 train_c: -1.0851 train_max_dist: 39.5059 train_imax: 145.3040 train_imin: -168.1732 time: 2.6821s
INFO:root:Epoch: 1505 lr: 0.001 train_loss: 578638.3750 train_distortion: 11.1653 train_mapscore: 0.7852 train_c: -1.0852 train_max_dist: 39.5273 train_imax: 145.0626 train_imin: -168.7161 time: 2.6877s
INFO:root:Epoch: 1510 lr: 0.001 train_loss: 578323.6250 train_distortion: 11.2006 train_mapscore: 0.7861 train_c: -1.0853 train_max_dist: 39.5625 train_imax: 145.2762 train_imin: -169.1800 time: 2.6998s
INFO:root:Epoch: 1515 lr: 0.001 train_loss: 577680.8750 train_distortion: 11.2367 train_mapscore: 0.7867 train_c: -1.0853 train_max_dist: 39.6016 train_imax: 145.9366 train_imin: -170.0550 time: 2.6926s
INFO:root:Epoch: 1520 lr: 0.001 train_loss: 578135.1250 train_distortion: 11.2782 train_mapscore: 0.7874 train_c: -1.0854 train_max_dist: 39.6230 train_imax: 146.7542 train_imin: -170.4706 time: 2.6954s
INFO:root:Epoch: 1525 lr: 0.001 train_loss: 577005.8125 train_distortion: 11.3138 train_mapscore: 0.7885 train_c: -1.0855 train_max_dist: 39.6680 train_imax: 145.9690 train_imin: -171.2620 time: 2.7056s
INFO:root:Epoch: 1530 lr: 0.001 train_loss: 576609.1250 train_distortion: 11.3429 train_mapscore: 0.7896 train_c: -1.0855 train_max_dist: 39.6992 train_imax: 146.9962 train_imin: -172.0096 time: 2.6905s
INFO:root:Epoch: 1535 lr: 0.001 train_loss: 576447.5625 train_distortion: 11.3715 train_mapscore: 0.7904 train_c: -1.0856 train_max_dist: 39.7422 train_imax: 148.0242 train_imin: -172.5652 time: 2.6893s
INFO:root:Epoch: 1540 lr: 0.001 train_loss: 576370.0000 train_distortion: 11.4048 train_mapscore: 0.7913 train_c: -1.0857 train_max_dist: 39.7969 train_imax: 144.8511 train_imin: -173.2227 time: 2.7041s
INFO:root:Epoch: 1545 lr: 0.001 train_loss: 577299.2500 train_distortion: 11.4283 train_mapscore: 0.7904 train_c: -1.0857 train_max_dist: 39.8398 train_imax: 147.6938 train_imin: -173.9138 time: 2.6868s
INFO:root:Epoch: 1550 lr: 0.001 train_loss: 575783.8125 train_distortion: 11.4535 train_mapscore: 0.7927 train_c: -1.0858 train_max_dist: 39.8906 train_imax: 147.8993 train_imin: -174.5065 time: 2.6829s
INFO:root:Epoch: 1555 lr: 0.001 train_loss: 576610.7500 train_distortion: 11.4788 train_mapscore: 0.7925 train_c: -1.0858 train_max_dist: 39.9102 train_imax: 151.7177 train_imin: -175.2025 time: 2.6727s
INFO:root:Epoch: 1560 lr: 0.001 train_loss: 575393.5000 train_distortion: 11.5052 train_mapscore: 0.7938 train_c: -1.0859 train_max_dist: 39.9609 train_imax: 149.4912 train_imin: -175.4669 time: 2.6912s
INFO:root:Epoch: 1565 lr: 0.001 train_loss: 574614.1250 train_distortion: 11.5373 train_mapscore: 0.7944 train_c: -1.0860 train_max_dist: 40.0195 train_imax: 148.9883 train_imin: -176.1541 time: 2.6985s
INFO:root:Epoch: 1570 lr: 0.001 train_loss: 574059.1875 train_distortion: 11.5667 train_mapscore: 0.7949 train_c: -1.0860 train_max_dist: 40.0273 train_imax: 148.9214 train_imin: -176.6281 time: 2.6874s
INFO:root:Epoch: 1575 lr: 0.001 train_loss: 575398.1250 train_distortion: 11.5970 train_mapscore: 0.7936 train_c: -1.0861 train_max_dist: 40.0586 train_imax: 150.8263 train_imin: -177.1038 time: 2.6825s
INFO:root:Epoch: 1580 lr: 0.001 train_loss: 576975.0000 train_distortion: 11.6289 train_mapscore: 0.7893 train_c: -1.0862 train_max_dist: 40.0820 train_imax: 147.2097 train_imin: -177.9106 time: 2.7225s
INFO:root:Epoch: 1585 lr: 0.001 train_loss: 575233.6875 train_distortion: 11.6548 train_mapscore: 0.7938 train_c: -1.0862 train_max_dist: 40.1328 train_imax: 147.4675 train_imin: -177.9670 time: 2.7058s
INFO:root:Epoch: 1590 lr: 0.001 train_loss: 575334.8750 train_distortion: 11.6776 train_mapscore: 0.7933 train_c: -1.0863 train_max_dist: 40.1406 train_imax: 150.9500 train_imin: -178.5560 time: 2.7177s
INFO:root:Epoch: 1595 lr: 0.001 train_loss: 576662.1250 train_distortion: 11.7020 train_mapscore: 0.7934 train_c: -1.0863 train_max_dist: 40.1758 train_imax: 146.9802 train_imin: -178.8590 time: 2.6999s
INFO:root:Epoch: 1600 lr: 0.001 train_loss: 575430.5000 train_distortion: 11.7177 train_mapscore: 0.7949 train_c: -1.0864 train_max_dist: 40.2070 train_imax: 150.0992 train_imin: -179.4245 time: 2.7090s
INFO:root:Epoch: 1605 lr: 0.001 train_loss: 574850.1250 train_distortion: 11.7313 train_mapscore: 0.7961 train_c: -1.0864 train_max_dist: 40.2383 train_imax: 155.8036 train_imin: -179.8225 time: 2.6953s
INFO:root:Epoch: 1610 lr: 0.001 train_loss: 574151.0625 train_distortion: 11.7579 train_mapscore: 0.7972 train_c: -1.0865 train_max_dist: 40.2734 train_imax: 150.8513 train_imin: -180.1292 time: 2.6968s
INFO:root:Epoch: 1615 lr: 0.001 train_loss: 572383.9375 train_distortion: 11.7818 train_mapscore: 0.7991 train_c: -1.0866 train_max_dist: 40.2930 train_imax: 153.4692 train_imin: -180.7679 time: 2.6394s
INFO:root:Epoch: 1620 lr: 0.001 train_loss: 573199.1250 train_distortion: 11.8166 train_mapscore: 0.7990 train_c: -1.0866 train_max_dist: 40.3438 train_imax: 153.7028 train_imin: -181.4115 time: 2.6800s
INFO:root:Epoch: 1625 lr: 0.001 train_loss: 573399.8750 train_distortion: 11.8425 train_mapscore: 0.7994 train_c: -1.0867 train_max_dist: 40.3555 train_imax: 154.6220 train_imin: -181.5142 time: 2.6830s
INFO:root:Epoch: 1630 lr: 0.001 train_loss: 572312.9375 train_distortion: 11.8800 train_mapscore: 0.7997 train_c: -1.0867 train_max_dist: 40.4141 train_imax: 152.2440 train_imin: -182.2263 time: 2.6859s
INFO:root:Epoch: 1635 lr: 0.001 train_loss: 572201.8125 train_distortion: 11.9043 train_mapscore: 0.8003 train_c: -1.0868 train_max_dist: 40.4336 train_imax: 155.3010 train_imin: -182.8190 time: 2.6971s
INFO:root:Epoch: 1640 lr: 0.001 train_loss: 572610.0000 train_distortion: 11.9259 train_mapscore: 0.7999 train_c: -1.0869 train_max_dist: 40.4609 train_imax: 154.4459 train_imin: -183.0464 time: 2.6590s
INFO:root:Epoch: 1645 lr: 0.001 train_loss: 572637.0625 train_distortion: 11.9510 train_mapscore: 0.7998 train_c: -1.0869 train_max_dist: 40.4961 train_imax: 154.1008 train_imin: -183.7036 time: 2.7020s
INFO:root:Epoch: 1650 lr: 0.001 train_loss: 573306.4375 train_distortion: 11.9785 train_mapscore: 0.7987 train_c: -1.0870 train_max_dist: 40.5312 train_imax: 156.8790 train_imin: -184.4145 time: 2.6936s
INFO:root:Epoch: 1655 lr: 0.001 train_loss: 574025.0000 train_distortion: 12.0001 train_mapscore: 0.7963 train_c: -1.0870 train_max_dist: 40.5547 train_imax: 158.3814 train_imin: -184.9290 time: 2.6803s
INFO:root:Epoch: 1660 lr: 0.001 train_loss: 572963.8125 train_distortion: 12.0226 train_mapscore: 0.8006 train_c: -1.0871 train_max_dist: 40.6016 train_imax: 155.0880 train_imin: -185.2507 time: 2.6866s
INFO:root:Epoch: 1665 lr: 0.001 train_loss: 594001.7500 train_distortion: 12.0575 train_mapscore: 0.7774 train_c: -1.0871 train_max_dist: 40.5664 train_imax: 154.1412 train_imin: -188.7917 time: 2.6566s
INFO:root:Epoch: 1670 lr: 0.001 train_loss: 594670.0000 train_distortion: 11.9680 train_mapscore: 0.7739 train_c: -1.0871 train_max_dist: 40.4453 train_imax: 153.5521 train_imin: -188.0255 time: 2.7099s
INFO:root:Epoch: 1675 lr: 0.001 train_loss: 590796.3125 train_distortion: 11.8371 train_mapscore: 0.7795 train_c: -1.0871 train_max_dist: 40.3789 train_imax: 152.3849 train_imin: -185.8798 time: 2.6843s
INFO:root:Epoch: 1680 lr: 0.001 train_loss: 586956.3125 train_distortion: 11.7227 train_mapscore: 0.7830 train_c: -1.0872 train_max_dist: 40.3086 train_imax: 152.2325 train_imin: -184.1800 time: 2.6880s
INFO:root:Epoch: 1685 lr: 0.001 train_loss: 582797.5625 train_distortion: 11.6522 train_mapscore: 0.7874 train_c: -1.0872 train_max_dist: 40.2734 train_imax: 150.9055 train_imin: -182.8688 time: 2.6811s
INFO:root:Epoch: 1690 lr: 0.001 train_loss: 579894.7500 train_distortion: 11.6098 train_mapscore: 0.7918 train_c: -1.0872 train_max_dist: 40.2383 train_imax: 151.4085 train_imin: -182.0843 time: 2.6925s
INFO:root:Epoch: 1695 lr: 0.001 train_loss: 577952.0625 train_distortion: 11.6011 train_mapscore: 0.7945 train_c: -1.0873 train_max_dist: 40.2344 train_imax: 152.1202 train_imin: -181.4904 time: 2.6858s
INFO:root:Epoch: 1700 lr: 0.001 train_loss: 576106.6250 train_distortion: 11.6255 train_mapscore: 0.7960 train_c: -1.0873 train_max_dist: 40.2266 train_imax: 152.2257 train_imin: -181.4432 time: 2.6757s
INFO:root:Epoch: 1705 lr: 0.001 train_loss: 574661.6875 train_distortion: 11.6609 train_mapscore: 0.7980 train_c: -1.0874 train_max_dist: 40.2695 train_imax: 152.9506 train_imin: -181.6620 time: 2.6828s
INFO:root:Epoch: 1710 lr: 0.001 train_loss: 573957.2500 train_distortion: 11.7108 train_mapscore: 0.7990 train_c: -1.0875 train_max_dist: 40.3086 train_imax: 151.5255 train_imin: -181.9601 time: 2.6795s
INFO:root:Epoch: 1715 lr: 0.001 train_loss: 573395.1875 train_distortion: 11.7591 train_mapscore: 0.8002 train_c: -1.0875 train_max_dist: 40.3516 train_imax: 154.9636 train_imin: -182.5923 time: 2.6645s
INFO:root:Epoch: 1720 lr: 0.001 train_loss: 572671.5000 train_distortion: 11.8166 train_mapscore: 0.8012 train_c: -1.0876 train_max_dist: 40.4023 train_imax: 152.0787 train_imin: -182.9351 time: 2.6964s
INFO:root:Epoch: 1725 lr: 0.001 train_loss: 572163.2500 train_distortion: 11.8673 train_mapscore: 0.8018 train_c: -1.0877 train_max_dist: 40.4531 train_imax: 153.6191 train_imin: -183.6165 time: 2.6872s
INFO:root:Epoch: 1730 lr: 0.001 train_loss: 571891.2500 train_distortion: 11.9131 train_mapscore: 0.8025 train_c: -1.0878 train_max_dist: 40.5156 train_imax: 154.1326 train_imin: -184.1517 time: 2.6981s
INFO:root:Epoch: 1735 lr: 0.001 train_loss: 572141.0000 train_distortion: 11.9556 train_mapscore: 0.8025 train_c: -1.0878 train_max_dist: 40.5664 train_imax: 154.7527 train_imin: -184.7012 time: 2.6882s
INFO:root:Epoch: 1740 lr: 0.001 train_loss: 571436.9375 train_distortion: 11.9898 train_mapscore: 0.8035 train_c: -1.0879 train_max_dist: 40.5938 train_imax: 156.5400 train_imin: -185.1812 time: 2.6842s
INFO:root:Epoch: 1745 lr: 0.001 train_loss: 570687.7500 train_distortion: 12.0246 train_mapscore: 0.8044 train_c: -1.0880 train_max_dist: 40.6562 train_imax: 156.5844 train_imin: -185.6945 time: 2.6820s
INFO:root:Epoch: 1750 lr: 0.001 train_loss: 570764.0000 train_distortion: 12.0598 train_mapscore: 0.8047 train_c: -1.0880 train_max_dist: 40.7109 train_imax: 156.9594 train_imin: -186.0356 time: 2.6867s
INFO:root:Epoch: 1755 lr: 0.001 train_loss: 570477.4375 train_distortion: 12.0971 train_mapscore: 0.8049 train_c: -1.0881 train_max_dist: 40.7383 train_imax: 153.8474 train_imin: -186.7334 time: 2.6882s
INFO:root:Epoch: 1760 lr: 0.001 train_loss: 570793.8125 train_distortion: 12.1264 train_mapscore: 0.8052 train_c: -1.0882 train_max_dist: 40.7812 train_imax: 154.1813 train_imin: -187.0547 time: 2.6840s
INFO:root:Epoch: 1765 lr: 0.001 train_loss: 573545.8125 train_distortion: 12.1562 train_mapscore: 0.8031 train_c: -1.0882 train_max_dist: 40.7461 train_imax: 150.9372 train_imin: -186.9326 time: 2.7034s
INFO:root:Epoch: 1770 lr: 0.001 train_loss: 572434.7500 train_distortion: 12.1694 train_mapscore: 0.8044 train_c: -1.0883 train_max_dist: 40.7656 train_imax: 154.0388 train_imin: -187.2245 time: 2.6961s
INFO:root:Epoch: 1775 lr: 0.001 train_loss: 571682.0000 train_distortion: 12.1783 train_mapscore: 0.8049 train_c: -1.0883 train_max_dist: 40.7969 train_imax: 160.7095 train_imin: -187.6987 time: 2.6721s
INFO:root:Epoch: 1780 lr: 0.001 train_loss: 570619.3125 train_distortion: 12.2027 train_mapscore: 0.8056 train_c: -1.0884 train_max_dist: 40.8438 train_imax: 158.6137 train_imin: -188.2224 time: 2.6720s
INFO:root:Epoch: 1785 lr: 0.001 train_loss: 570271.3750 train_distortion: 12.2303 train_mapscore: 0.8062 train_c: -1.0885 train_max_dist: 40.8867 train_imax: 156.5709 train_imin: -188.5652 time: 2.6702s
INFO:root:Epoch: 1790 lr: 0.001 train_loss: 569922.3125 train_distortion: 12.2492 train_mapscore: 0.8067 train_c: -1.0885 train_max_dist: 40.9375 train_imax: 156.9834 train_imin: -188.8820 time: 2.6617s
INFO:root:Epoch: 1795 lr: 0.001 train_loss: 569974.6250 train_distortion: 12.2777 train_mapscore: 0.8070 train_c: -1.0886 train_max_dist: 40.9727 train_imax: 157.4504 train_imin: -189.4008 time: 2.6742s
INFO:root:Epoch: 1800 lr: 0.001 train_loss: 569529.7500 train_distortion: 12.3047 train_mapscore: 0.8074 train_c: -1.0886 train_max_dist: 41.0117 train_imax: 158.0140 train_imin: -189.8276 time: 2.6522s
INFO:root:Epoch: 1805 lr: 0.001 train_loss: 569884.3125 train_distortion: 12.3351 train_mapscore: 0.8074 train_c: -1.0887 train_max_dist: 41.0586 train_imax: 157.6450 train_imin: -190.3050 time: 2.6658s
INFO:root:Epoch: 1810 lr: 0.001 train_loss: 571580.0000 train_distortion: 12.3689 train_mapscore: 0.8070 train_c: -1.0888 train_max_dist: 41.0938 train_imax: 156.2878 train_imin: -190.6904 time: 2.6732s
INFO:root:Epoch: 1815 lr: 0.001 train_loss: 571343.9375 train_distortion: 12.3847 train_mapscore: 0.8073 train_c: -1.0888 train_max_dist: 41.1367 train_imax: 154.4974 train_imin: -190.8975 time: 2.6651s
INFO:root:Epoch: 1820 lr: 0.001 train_loss: 570060.3750 train_distortion: 12.4035 train_mapscore: 0.8083 train_c: -1.0889 train_max_dist: 41.1719 train_imax: 162.7669 train_imin: -191.5112 time: 2.6801s
INFO:root:Epoch: 1825 lr: 0.001 train_loss: 570601.8125 train_distortion: 12.4278 train_mapscore: 0.8073 train_c: -1.0889 train_max_dist: 41.2031 train_imax: 157.5118 train_imin: -191.9074 time: 2.6531s
INFO:root:Epoch: 1830 lr: 0.001 train_loss: 638576.6250 train_distortion: 12.1744 train_mapscore: 0.7321 train_c: -1.0890 train_max_dist: 40.9141 train_imax: 147.1279 train_imin: -189.7231 time: 2.7199s
INFO:root:Epoch: 1835 lr: 0.001 train_loss: 695427.5000 train_distortion: 11.4552 train_mapscore: 0.6538 train_c: -1.0890 train_max_dist: 40.2852 train_imax: 127.9004 train_imin: -179.7966 time: 2.7806s
INFO:root:Epoch: 1840 lr: 0.001 train_loss: 697129.1250 train_distortion: 10.8009 train_mapscore: 0.6350 train_c: -1.0890 train_max_dist: 39.7227 train_imax: 123.7084 train_imin: -170.5455 time: 2.7993s
INFO:root:Epoch: 1845 lr: 0.001 train_loss: 816475.3750 train_distortion: 10.2091 train_mapscore: 0.5483 train_c: -1.0889 train_max_dist: 42.5927 train_imax: 221.5216 train_imin: -155.2342 time: 3.3059s
INFO:root:Epoch: 1850 lr: 0.001 train_loss: 917990.2500 train_distortion: 9.1081 train_mapscore: 0.4463 train_c: -1.0884 train_max_dist: 40.3673 train_imax: 186.5980 train_imin: -144.3383 time: 3.4406s
INFO:root:Epoch: 1855 lr: 0.001 train_loss: 995042.0625 train_distortion: 7.7096 train_mapscore: 0.3592 train_c: -1.0875 train_max_dist: 35.9832 train_imax: 130.9675 train_imin: -129.4711 time: 3.4964s
INFO:root:Epoch: 1860 lr: 0.001 train_loss: 1022768.5625 train_distortion: 6.6565 train_mapscore: 0.3189 train_c: -1.0867 train_max_dist: 33.0977 train_imax: 94.0507 train_imin: -117.0353 time: 3.5367s
INFO:root:Epoch: 1865 lr: 0.001 train_loss: 1022062.1250 train_distortion: 5.9046 train_mapscore: 0.3055 train_c: -1.0859 train_max_dist: 32.2949 train_imax: 76.6327 train_imin: -106.8842 time: 3.5779s
INFO:root:Epoch: 1870 lr: 0.001 train_loss: 1008207.1250 train_distortion: 5.3613 train_mapscore: 0.3030 train_c: -1.0854 train_max_dist: 31.5117 train_imax: 73.9362 train_imin: -98.8476 time: 3.5980s
INFO:root:Epoch: 1875 lr: 0.001 train_loss: 989016.6875 train_distortion: 4.9572 train_mapscore: 0.3077 train_c: -1.0850 train_max_dist: 30.8379 train_imax: 70.0387 train_imin: -93.2292 time: 3.5596s
INFO:root:Epoch: 1880 lr: 0.001 train_loss: 969855.6250 train_distortion: 4.6512 train_mapscore: 0.3156 train_c: -1.0849 train_max_dist: 30.2852 train_imax: 67.6436 train_imin: -88.9374 time: 3.6181s
INFO:root:Epoch: 1885 lr: 0.001 train_loss: 952510.2500 train_distortion: 4.4243 train_mapscore: 0.3239 train_c: -1.0848 train_max_dist: 29.8594 train_imax: 66.3487 train_imin: -85.7040 time: 3.5532s
INFO:root:Epoch: 1890 lr: 0.001 train_loss: 937399.5000 train_distortion: 4.2567 train_mapscore: 0.3323 train_c: -1.0849 train_max_dist: 29.5293 train_imax: 65.1200 train_imin: -83.2960 time: 3.5816s
INFO:root:Epoch: 1895 lr: 0.001 train_loss: 924137.6250 train_distortion: 4.1350 train_mapscore: 0.3400 train_c: -1.0851 train_max_dist: 29.2656 train_imax: 64.0428 train_imin: -81.4921 time: 3.5521s
INFO:root:Epoch: 1900 lr: 0.001 train_loss: 912425.6250 train_distortion: 4.0488 train_mapscore: 0.3475 train_c: -1.0853 train_max_dist: 29.0635 train_imax: 63.6837 train_imin: -80.1533 time: 3.4780s
INFO:root:Epoch: 1905 lr: 0.001 train_loss: 904019.0000 train_distortion: 3.9829 train_mapscore: 0.3529 train_c: -1.0856 train_max_dist: 29.0215 train_imax: 63.8699 train_imin: -79.1584 time: 3.5145s
INFO:root:Epoch: 1910 lr: 0.001 train_loss: 896263.1875 train_distortion: 3.9390 train_mapscore: 0.3579 train_c: -1.0859 train_max_dist: 28.8320 train_imax: 64.5043 train_imin: -78.0008 time: 3.5138s
INFO:root:Epoch: 1915 lr: 0.001 train_loss: 888987.0000 train_distortion: 3.9135 train_mapscore: 0.3634 train_c: -1.0862 train_max_dist: 28.6826 train_imax: 64.6749 train_imin: -77.1686 time: 3.4952s
INFO:root:Epoch: 1920 lr: 0.001 train_loss: 881814.2500 train_distortion: 3.9023 train_mapscore: 0.3691 train_c: -1.0866 train_max_dist: 28.5781 train_imax: 64.4570 train_imin: -76.6448 time: 3.4989s
INFO:root:Epoch: 1925 lr: 0.001 train_loss: 874740.0625 train_distortion: 3.9029 train_mapscore: 0.3750 train_c: -1.0869 train_max_dist: 28.5322 train_imax: 64.7504 train_imin: -76.3405 time: 3.4838s
INFO:root:Epoch: 1930 lr: 0.001 train_loss: 868017.2500 train_distortion: 3.9127 train_mapscore: 0.3807 train_c: -1.0873 train_max_dist: 28.5225 train_imax: 65.3684 train_imin: -76.2128 time: 3.4489s
INFO:root:Epoch: 1935 lr: 0.001 train_loss: 861737.6250 train_distortion: 3.9270 train_mapscore: 0.3860 train_c: -1.0878 train_max_dist: 28.4912 train_imax: 65.7569 train_imin: -76.1830 time: 3.4372s
INFO:root:Epoch: 1940 lr: 0.001 train_loss: 856010.1250 train_distortion: 3.9450 train_mapscore: 0.3913 train_c: -1.0884 train_max_dist: 28.4297 train_imax: 66.0450 train_imin: -76.2055 time: 3.4380s
INFO:root:Epoch: 1945 lr: 0.001 train_loss: 850588.0000 train_distortion: 3.9705 train_mapscore: 0.3963 train_c: -1.0889 train_max_dist: 28.4198 train_imax: 66.4983 train_imin: -76.3103 time: 3.3899s
INFO:root:Epoch: 1950 lr: 0.001 train_loss: 845449.4375 train_distortion: 4.0020 train_mapscore: 0.4007 train_c: -1.0893 train_max_dist: 28.4889 train_imax: 66.8860 train_imin: -76.4964 time: 3.3849s
INFO:root:Epoch: 1955 lr: 0.001 train_loss: 841862.2500 train_distortion: 4.0431 train_mapscore: 0.4043 train_c: -1.0898 train_max_dist: 29.4837 train_imax: 73.4401 train_imin: -76.4395 time: 3.3710s
INFO:root:Epoch: 1960 lr: 0.001 train_loss: 840198.3750 train_distortion: 4.0929 train_mapscore: 0.4083 train_c: -1.0902 train_max_dist: 30.8427 train_imax: 83.2266 train_imin: -76.1316 time: 3.3753s
INFO:root:Epoch: 1965 lr: 0.001 train_loss: 835501.1875 train_distortion: 4.1384 train_mapscore: 0.4125 train_c: -1.0906 train_max_dist: 30.7037 train_imax: 82.1096 train_imin: -76.8752 time: 3.3950s
INFO:root:Epoch: 1970 lr: 0.001 train_loss: 828778.9375 train_distortion: 4.1799 train_mapscore: 0.4175 train_c: -1.0910 train_max_dist: 29.5939 train_imax: 74.0548 train_imin: -78.2806 time: 3.3521s
INFO:root:Epoch: 1975 lr: 0.001 train_loss: 825006.6250 train_distortion: 4.2214 train_mapscore: 0.4218 train_c: -1.0914 train_max_dist: 28.6729 train_imax: 67.1953 train_imin: -79.3432 time: 3.3311s
INFO:root:Epoch: 1980 lr: 0.001 train_loss: 822085.3750 train_distortion: 4.2611 train_mapscore: 0.4245 train_c: -1.0918 train_max_dist: 28.7168 train_imax: 63.4763 train_imin: -79.9126 time: 3.3134s
INFO:root:Epoch: 1985 lr: 0.001 train_loss: 817351.0000 train_distortion: 4.3017 train_mapscore: 0.4279 train_c: -1.0922 train_max_dist: 28.7646 train_imax: 66.7500 train_imin: -79.9740 time: 3.3040s
INFO:root:Epoch: 1990 lr: 0.001 train_loss: 814005.7500 train_distortion: 4.3418 train_mapscore: 0.4315 train_c: -1.0926 train_max_dist: 28.8203 train_imax: 67.0684 train_imin: -80.1394 time: 3.3003s
INFO:root:Epoch: 1995 lr: 0.001 train_loss: 810472.5000 train_distortion: 4.3839 train_mapscore: 0.4347 train_c: -1.0929 train_max_dist: 28.8809 train_imax: 67.0502 train_imin: -80.3585 time: 3.2858s
INFO:root:Epoch: 2000 lr: 0.00025 train_loss: 806984.2500 train_distortion: 4.4296 train_mapscore: 0.4390 train_c: -1.0933 train_max_dist: 28.9443 train_imax: 69.1521 train_imin: -80.5289 time: 3.2657s
INFO:root:Optimization Finished!
INFO:root:Total time elapsed: 5789.1266s
INFO:root:Val set results: val_distortion: 1.0000 val_mapscore: -1.0000 val_c: -1.0000 val_max_dist: 0.0000
INFO:root:Test set results: test_loss: 806299.3750 test_distortion: 4.4389 test_mapscore: 0.4397 test_c: -1.0934 test_max_dist: 28.9686 test_imax: 69.6076 test_imin: -80.5659
INFO:root:Saved model in /workspace/xiongbo/hgcn/logs/md/2021_5_21/1
