INFO:root:Using: cuda:0
INFO:root:Using seed 1234.
INFO:root:MDModel(
  (encoder): HGCN(
    (layers): Sequential(
      (0): HyperbolicGraphConvolution(
        (linear): HypLinear(
          in_features=4040, out_features=10, c=Parameter containing:
          tensor([-1.], requires_grad=True)
        )
        (agg): HypAgg(
          c=Parameter containing:
          tensor([-1.], requires_grad=True)
        )
        (hyp_act): HypAct(
          c_in=Parameter containing:
          tensor([-1.], requires_grad=True), c_out=Parameter containing:
          tensor([-1.], requires_grad=True)
        )
      )
    )
  )
  (decoder): MDDecoder()
)
INFO:root:Total number of parameters: 40412
/workspace/anaconda3/envs/geo/lib/python3.7/site-packages/torch/optim/lr_scheduler.py:370: UserWarning: To get the last learning rate computed by the scheduler, please use `get_last_lr()`.
  "please use `get_last_lr()`.", UserWarning)
INFO:root:Epoch: 0005 lr: 0.001 train_loss: 1455179.8750 train_distortion: 0.8735 train_mapscore: 0.0168 train_c: -1.0003 train_max_dist: 1.2426 train_imax: -0.0000 train_imin: -1.4794 time: 5.4123s
INFO:root:Epoch: 0010 lr: 0.001 train_loss: 1448552.8750 train_distortion: 0.8527 train_mapscore: 0.0210 train_c: -1.0002 train_max_dist: 1.3400 train_imax: -0.0000 train_imin: -1.5056 time: 5.3210s
INFO:root:Epoch: 0015 lr: 0.001 train_loss: 1440095.5000 train_distortion: 0.8249 train_mapscore: 0.0277 train_c: -1.0005 train_max_dist: 1.4049 train_imax: -0.0000 train_imin: -1.5504 time: 4.9920s
INFO:root:Epoch: 0020 lr: 0.001 train_loss: 1428460.7500 train_distortion: 0.7909 train_mapscore: 0.0407 train_c: -1.0010 train_max_dist: 1.5102 train_imax: -0.0000 train_imin: -1.6529 time: 4.8662s
INFO:root:Epoch: 0025 lr: 0.001 train_loss: 1413165.1250 train_distortion: 0.7509 train_mapscore: 0.0629 train_c: -1.0016 train_max_dist: 1.7417 train_imax: -0.0000 train_imin: -1.7494 time: 4.5618s
INFO:root:Epoch: 0030 lr: 0.001 train_loss: 1394876.7500 train_distortion: 0.7078 train_mapscore: 0.0935 train_c: -1.0022 train_max_dist: 1.9542 train_imax: -0.0000 train_imin: -1.8381 time: 4.4176s
INFO:root:Epoch: 0035 lr: 0.001 train_loss: 1375211.2500 train_distortion: 0.6656 train_mapscore: 0.1279 train_c: -1.0029 train_max_dist: 2.1719 train_imax: -0.0000 train_imin: -1.9476 time: 4.1735s
INFO:root:Epoch: 0040 lr: 0.001 train_loss: 1356064.5000 train_distortion: 0.6279 train_mapscore: 0.1573 train_c: -1.0036 train_max_dist: 2.4290 train_imax: -0.0000 train_imin: -2.0870 time: 4.1075s
INFO:root:Epoch: 0045 lr: 0.001 train_loss: 1338723.6250 train_distortion: 0.5958 train_mapscore: 0.1814 train_c: -1.0043 train_max_dist: 2.6832 train_imax: -0.0000 train_imin: -2.2484 time: 3.9922s
INFO:root:Epoch: 0050 lr: 0.001 train_loss: 1323506.2500 train_distortion: 0.5690 train_mapscore: 0.1993 train_c: -1.0051 train_max_dist: 2.9552 train_imax: -0.0000 train_imin: -2.3889 time: 3.9770s
INFO:root:Epoch: 0055 lr: 0.001 train_loss: 1310131.0000 train_distortion: 0.5463 train_mapscore: 0.2147 train_c: -1.0058 train_max_dist: 3.2222 train_imax: -0.0000 train_imin: -2.5125 time: 3.8920s
INFO:root:Epoch: 0060 lr: 0.001 train_loss: 1298190.0000 train_distortion: 0.5265 train_mapscore: 0.2279 train_c: -1.0066 train_max_dist: 3.4846 train_imax: -0.0000 train_imin: -2.6359 time: 3.9043s
INFO:root:Epoch: 0065 lr: 0.001 train_loss: 1287441.6250 train_distortion: 0.5092 train_mapscore: 0.2381 train_c: -1.0074 train_max_dist: 3.7336 train_imax: -0.0000 train_imin: -2.7653 time: 3.8006s
INFO:root:Epoch: 0070 lr: 0.001 train_loss: 1277613.7500 train_distortion: 0.4936 train_mapscore: 0.2467 train_c: -1.0081 train_max_dist: 3.9708 train_imax: -0.0000 train_imin: -2.8897 time: 3.7876s
INFO:root:Epoch: 0075 lr: 0.001 train_loss: 1268617.1250 train_distortion: 0.4796 train_mapscore: 0.2542 train_c: -1.0089 train_max_dist: 4.1643 train_imax: -0.0000 train_imin: -2.9932 time: 3.7474s
INFO:root:Epoch: 0080 lr: 0.001 train_loss: 1260274.2500 train_distortion: 0.4667 train_mapscore: 0.2605 train_c: -1.0097 train_max_dist: 4.3118 train_imax: -0.0000 train_imin: -3.0979 time: 3.7262s
INFO:root:Epoch: 0085 lr: 0.001 train_loss: 1252508.5000 train_distortion: 0.4548 train_mapscore: 0.2662 train_c: -1.0104 train_max_dist: 4.4620 train_imax: -0.0000 train_imin: -3.1984 time: 3.6603s
INFO:root:Epoch: 0090 lr: 0.001 train_loss: 1245205.1250 train_distortion: 0.4437 train_mapscore: 0.2717 train_c: -1.0112 train_max_dist: 4.6418 train_imax: -0.0000 train_imin: -3.3025 time: 3.6863s
INFO:root:Epoch: 0095 lr: 0.001 train_loss: 1238407.2500 train_distortion: 0.4333 train_mapscore: 0.2764 train_c: -1.0120 train_max_dist: 4.8862 train_imax: -0.0000 train_imin: -3.4649 time: 3.6092s
INFO:root:Epoch: 0100 lr: 0.001 train_loss: 1231937.2500 train_distortion: 0.4234 train_mapscore: 0.2808 train_c: -1.0127 train_max_dist: 5.1218 train_imax: -0.0000 train_imin: -3.6860 time: 3.6111s
INFO:root:Epoch: 0105 lr: 0.001 train_loss: 1225921.8750 train_distortion: 0.4141 train_mapscore: 0.2848 train_c: -1.0134 train_max_dist: 5.3581 train_imax: -0.0000 train_imin: -3.9255 time: 3.5614s
INFO:root:Epoch: 0110 lr: 0.001 train_loss: 1219860.1250 train_distortion: 0.4050 train_mapscore: 0.2890 train_c: -1.0142 train_max_dist: 5.5909 train_imax: -0.0000 train_imin: -4.1832 time: 3.5243s
INFO:root:Epoch: 0115 lr: 0.001 train_loss: 1214092.7500 train_distortion: 0.3962 train_mapscore: 0.2930 train_c: -1.0149 train_max_dist: 6.4282 train_imax: -0.0000 train_imin: -4.4757 time: 3.5739s
INFO:root:Epoch: 0120 lr: 0.001 train_loss: 1208423.8750 train_distortion: 0.3876 train_mapscore: 0.2967 train_c: -1.0156 train_max_dist: 7.8160 train_imax: -0.0000 train_imin: -4.7684 time: 3.5497s
INFO:root:Epoch: 0125 lr: 0.001 train_loss: 1202834.6250 train_distortion: 0.3791 train_mapscore: 0.3026 train_c: -1.0164 train_max_dist: 6.3024 train_imax: -0.0000 train_imin: -5.0563 time: 3.5375s
INFO:root:Epoch: 0130 lr: 0.001 train_loss: 1197286.0000 train_distortion: 0.3708 train_mapscore: 0.3065 train_c: -1.0171 train_max_dist: 6.5167 train_imax: -0.0000 train_imin: -5.3318 time: 3.5352s
INFO:root:Epoch: 0135 lr: 0.001 train_loss: 1191777.7500 train_distortion: 0.3626 train_mapscore: 0.3107 train_c: -1.0178 train_max_dist: 6.7458 train_imax: -0.0000 train_imin: -5.5986 time: 3.5199s
INFO:root:Epoch: 0140 lr: 0.001 train_loss: 1186273.5000 train_distortion: 0.3545 train_mapscore: 0.3148 train_c: -1.0185 train_max_dist: 6.9797 train_imax: -0.0000 train_imin: -5.8422 time: 3.4300s
INFO:root:Epoch: 0145 lr: 0.001 train_loss: 1180758.5000 train_distortion: 0.3465 train_mapscore: 0.3178 train_c: -1.0192 train_max_dist: 7.1940 train_imax: -0.0000 train_imin: -6.0648 time: 3.4379s
INFO:root:Epoch: 0150 lr: 0.001 train_loss: 1175212.7500 train_distortion: 0.3384 train_mapscore: 0.3205 train_c: -1.0199 train_max_dist: 7.3884 train_imax: -0.0000 train_imin: -6.2950 time: 3.4351s
INFO:root:Epoch: 0155 lr: 0.001 train_loss: 1169649.3750 train_distortion: 0.3304 train_mapscore: 0.3241 train_c: -1.0206 train_max_dist: 7.5919 train_imax: -0.0000 train_imin: -6.5070 time: 3.4316s
INFO:root:Epoch: 0160 lr: 0.001 train_loss: 1164063.2500 train_distortion: 0.3224 train_mapscore: 0.3278 train_c: -1.0213 train_max_dist: 7.8130 train_imax: -0.0000 train_imin: -6.7181 time: 3.3963s
INFO:root:Epoch: 0165 lr: 0.001 train_loss: 1158417.3750 train_distortion: 0.3146 train_mapscore: 0.3306 train_c: -1.0220 train_max_dist: 8.0152 train_imax: -0.0000 train_imin: -6.8798 time: 3.3849s
INFO:root:Epoch: 0170 lr: 0.001 train_loss: 1152743.3750 train_distortion: 0.3071 train_mapscore: 0.3342 train_c: -1.0227 train_max_dist: 8.2245 train_imax: -0.0000 train_imin: -7.0508 time: 3.3546s
INFO:root:Epoch: 0175 lr: 0.001 train_loss: 1147057.7500 train_distortion: 0.2996 train_mapscore: 0.3375 train_c: -1.0234 train_max_dist: 8.4335 train_imax: -0.0000 train_imin: -7.2374 time: 3.3142s
INFO:root:Epoch: 0180 lr: 0.001 train_loss: 1141335.2500 train_distortion: 0.2923 train_mapscore: 0.3417 train_c: -1.0241 train_max_dist: 8.6085 train_imax: -0.0000 train_imin: -7.3543 time: 3.3150s
INFO:root:Epoch: 0185 lr: 0.001 train_loss: 1135574.7500 train_distortion: 0.2853 train_mapscore: 0.3439 train_c: -1.0248 train_max_dist: 8.8172 train_imax: -0.0000 train_imin: -7.5267 time: 3.3212s
INFO:root:Epoch: 0190 lr: 0.001 train_loss: 1129778.3750 train_distortion: 0.2785 train_mapscore: 0.3460 train_c: -1.0255 train_max_dist: 8.9658 train_imax: -0.0000 train_imin: -7.6643 time: 3.3046s
INFO:root:Epoch: 0195 lr: 0.001 train_loss: 1123878.2500 train_distortion: 0.2720 train_mapscore: 0.3504 train_c: -1.0262 train_max_dist: 9.2004 train_imax: -0.0000 train_imin: -7.7724 time: 3.3079s
INFO:root:Epoch: 0200 lr: 0.001 train_loss: 1117934.5000 train_distortion: 0.2657 train_mapscore: 0.3550 train_c: -1.0269 train_max_dist: 9.3982 train_imax: -0.0000 train_imin: -8.0235 time: 3.2651s
INFO:root:Epoch: 0205 lr: 0.001 train_loss: 1112005.1250 train_distortion: 0.2596 train_mapscore: 0.3566 train_c: -1.0276 train_max_dist: 9.5553 train_imax: -0.0000 train_imin: -8.1731 time: 3.2499s
INFO:root:Epoch: 0210 lr: 0.001 train_loss: 1105928.0000 train_distortion: 0.2538 train_mapscore: 0.3615 train_c: -1.0283 train_max_dist: 9.7835 train_imax: -0.0000 train_imin: -8.3916 time: 3.2436s
INFO:root:Epoch: 0215 lr: 0.001 train_loss: 1099819.5000 train_distortion: 0.2481 train_mapscore: 0.3625 train_c: -1.0290 train_max_dist: 9.8940 train_imax: -0.0000 train_imin: -8.5847 time: 3.2063s
INFO:root:Epoch: 0220 lr: 0.001 train_loss: 1093553.5000 train_distortion: 0.2428 train_mapscore: 0.3678 train_c: -1.0297 train_max_dist: 10.1090 train_imax: -0.0000 train_imin: -8.7922 time: 3.2206s
INFO:root:Epoch: 0225 lr: 0.001 train_loss: 1087334.1250 train_distortion: 0.2376 train_mapscore: 0.3701 train_c: -1.0304 train_max_dist: 10.3337 train_imax: -0.0000 train_imin: -8.9814 time: 3.2207s
INFO:root:Epoch: 0230 lr: 0.001 train_loss: 1080898.5000 train_distortion: 0.2327 train_mapscore: 0.3755 train_c: -1.0310 train_max_dist: 10.5664 train_imax: -0.0000 train_imin: -9.1943 time: 3.1873s
INFO:root:Epoch: 0235 lr: 0.001 train_loss: 1074492.8750 train_distortion: 0.2283 train_mapscore: 0.3793 train_c: -1.0317 train_max_dist: 10.7658 train_imax: -0.0000 train_imin: -9.3959 time: 3.1764s
INFO:root:Epoch: 0240 lr: 0.001 train_loss: 1067988.0000 train_distortion: 0.2241 train_mapscore: 0.3806 train_c: -1.0324 train_max_dist: 10.9608 train_imax: -0.0000 train_imin: -9.6145 time: 3.1748s
INFO:root:Epoch: 0245 lr: 0.001 train_loss: 1061271.2500 train_distortion: 0.2204 train_mapscore: 0.3861 train_c: -1.0331 train_max_dist: 11.2365 train_imax: -0.0000 train_imin: -9.6931 time: 3.1742s
INFO:root:Epoch: 0250 lr: 0.001 train_loss: 1054685.1250 train_distortion: 0.2172 train_mapscore: 0.3884 train_c: -1.0338 train_max_dist: 11.3483 train_imax: -0.0000 train_imin: -9.9428 time: 3.1562s
INFO:root:Epoch: 0255 lr: 0.001 train_loss: 1047608.3125 train_distortion: 0.2143 train_mapscore: 0.3960 train_c: -1.0344 train_max_dist: 11.5892 train_imax: -0.0000 train_imin: -10.3196 time: 3.1276s
INFO:root:Epoch: 0260 lr: 0.001 train_loss: 1040484.7500 train_distortion: 0.2122 train_mapscore: 0.3981 train_c: -1.0351 train_max_dist: 11.8015 train_imax: -0.0000 train_imin: -10.7660 time: 3.1331s
INFO:root:Epoch: 0265 lr: 0.001 train_loss: 1033140.4375 train_distortion: 0.2104 train_mapscore: 0.4068 train_c: -1.0358 train_max_dist: 12.0667 train_imax: -0.0000 train_imin: -11.1258 time: 3.0639s
INFO:root:Epoch: 0270 lr: 0.001 train_loss: 1025867.2500 train_distortion: 0.2094 train_mapscore: 0.4070 train_c: -1.0364 train_max_dist: 12.3125 train_imax: -0.0000 train_imin: -11.5244 time: 3.0731s
INFO:root:Epoch: 0275 lr: 0.001 train_loss: 1018142.3750 train_distortion: 0.2094 train_mapscore: 0.4114 train_c: -1.0371 train_max_dist: 12.4764 train_imax: -0.0000 train_imin: -11.9732 time: 3.0751s
INFO:root:Epoch: 0280 lr: 0.001 train_loss: 1010527.6875 train_distortion: 0.2102 train_mapscore: 0.4157 train_c: -1.0378 train_max_dist: 12.6883 train_imax: -0.0000 train_imin: -12.3315 time: 3.0431s
INFO:root:Epoch: 0285 lr: 0.001 train_loss: 1002765.4375 train_distortion: 0.2120 train_mapscore: 0.4191 train_c: -1.0384 train_max_dist: 12.8748 train_imax: -0.0000 train_imin: -12.6239 time: 3.0281s
INFO:root:Epoch: 0290 lr: 0.001 train_loss: 995070.0625 train_distortion: 0.2147 train_mapscore: 0.4231 train_c: -1.0391 train_max_dist: 13.0334 train_imax: -0.0000 train_imin: -12.9352 time: 2.9848s
INFO:root:Epoch: 0295 lr: 0.001 train_loss: 987239.8750 train_distortion: 0.2189 train_mapscore: 0.4270 train_c: -1.0398 train_max_dist: 13.2641 train_imax: 0.0417 train_imin: -13.3201 time: 3.0092s
INFO:root:Epoch: 0300 lr: 0.001 train_loss: 979382.8750 train_distortion: 0.2243 train_mapscore: 0.4297 train_c: -1.0404 train_max_dist: 13.5108 train_imax: 0.0781 train_imin: -13.7856 time: 2.9943s
INFO:root:Epoch: 0305 lr: 0.001 train_loss: 971599.4375 train_distortion: 0.2309 train_mapscore: 0.4350 train_c: -1.0411 train_max_dist: 13.7657 train_imax: 0.0491 train_imin: -14.1309 time: 2.9952s
INFO:root:Epoch: 0310 lr: 0.001 train_loss: 964316.5625 train_distortion: 0.2389 train_mapscore: 0.4341 train_c: -1.0417 train_max_dist: 13.9534 train_imax: 0.0995 train_imin: -14.7283 time: 2.9818s
INFO:root:Epoch: 0315 lr: 0.001 train_loss: 956428.6250 train_distortion: 0.2480 train_mapscore: 0.4380 train_c: -1.0424 train_max_dist: 14.1094 train_imax: 0.0842 train_imin: -14.5332 time: 2.9635s
INFO:root:Epoch: 0320 lr: 0.001 train_loss: 948889.5000 train_distortion: 0.2584 train_mapscore: 0.4431 train_c: -1.0430 train_max_dist: 14.4355 train_imax: 0.1826 train_imin: -15.3083 time: 2.9514s
INFO:root:Epoch: 0325 lr: 0.001 train_loss: 941312.3750 train_distortion: 0.2704 train_mapscore: 0.4462 train_c: -1.0437 train_max_dist: 14.5782 train_imax: 0.1045 train_imin: -15.5045 time: 2.9698s
INFO:root:Epoch: 0330 lr: 0.001 train_loss: 933695.2500 train_distortion: 0.2839 train_mapscore: 0.4514 train_c: -1.0443 train_max_dist: 14.8328 train_imax: 0.0528 train_imin: -16.3521 time: 2.9650s
INFO:root:Epoch: 0335 lr: 0.001 train_loss: 926779.6250 train_distortion: 0.2984 train_mapscore: 0.4579 train_c: -1.0449 train_max_dist: 15.0684 train_imax: 0.4705 train_imin: -16.1097 time: 2.9493s
INFO:root:Epoch: 0340 lr: 0.001 train_loss: 919637.1875 train_distortion: 0.3154 train_mapscore: 0.4564 train_c: -1.0456 train_max_dist: 15.3800 train_imax: 0.3051 train_imin: -16.9852 time: 2.9329s
INFO:root:Epoch: 0345 lr: 0.001 train_loss: 912017.1250 train_distortion: 0.3339 train_mapscore: 0.4590 train_c: -1.0462 train_max_dist: 15.5835 train_imax: 0.0632 train_imin: -18.5433 time: 2.9053s
INFO:root:Epoch: 0350 lr: 0.001 train_loss: 904364.2500 train_distortion: 0.3537 train_mapscore: 0.4676 train_c: -1.0468 train_max_dist: 15.6947 train_imax: 0.1484 train_imin: -17.8191 time: 2.8985s
INFO:root:Epoch: 0355 lr: 0.001 train_loss: 896922.7500 train_distortion: 0.3768 train_mapscore: 0.4755 train_c: -1.0474 train_max_dist: 15.9194 train_imax: 0.0861 train_imin: -18.6775 time: 2.8877s
INFO:root:Epoch: 0360 lr: 0.001 train_loss: 889782.2500 train_distortion: 0.3994 train_mapscore: 0.4803 train_c: -1.0480 train_max_dist: 16.1173 train_imax: 0.1945 train_imin: -19.3155 time: 2.8924s
INFO:root:Epoch: 0365 lr: 0.001 train_loss: 882853.8750 train_distortion: 0.4267 train_mapscore: 0.4824 train_c: -1.0486 train_max_dist: 16.3599 train_imax: -0.0000 train_imin: -20.1685 time: 2.8809s
INFO:root:Epoch: 0370 lr: 0.001 train_loss: 875546.5000 train_distortion: 0.4538 train_mapscore: 0.4898 train_c: -1.0492 train_max_dist: 16.5491 train_imax: 0.1646 train_imin: -20.6568 time: 2.8770s
INFO:root:Epoch: 0375 lr: 0.001 train_loss: 868904.1250 train_distortion: 0.4843 train_mapscore: 0.4911 train_c: -1.0498 train_max_dist: 16.6844 train_imax: 0.2859 train_imin: -20.9684 time: 2.9059s
INFO:root:Epoch: 0380 lr: 0.001 train_loss: 861929.8750 train_distortion: 0.5174 train_mapscore: 0.4945 train_c: -1.0504 train_max_dist: 16.8987 train_imax: 0.1098 train_imin: -22.3258 time: 2.8740s
INFO:root:Epoch: 0385 lr: 0.001 train_loss: 855458.1250 train_distortion: 0.5500 train_mapscore: 0.4997 train_c: -1.0510 train_max_dist: 17.1638 train_imax: 0.3321 train_imin: -22.1121 time: 2.8867s
INFO:root:Epoch: 0390 lr: 0.001 train_loss: 848099.1875 train_distortion: 0.5870 train_mapscore: 0.5080 train_c: -1.0516 train_max_dist: 17.3306 train_imax: 0.1190 train_imin: -23.3248 time: 2.8904s
INFO:root:Epoch: 0395 lr: 0.001 train_loss: 841232.0000 train_distortion: 0.6261 train_mapscore: 0.5171 train_c: -1.0522 train_max_dist: 17.5518 train_imax: 0.0027 train_imin: -24.2333 time: 2.8761s
INFO:root:Epoch: 0400 lr: 0.001 train_loss: 834696.8125 train_distortion: 0.6679 train_mapscore: 0.5212 train_c: -1.0528 train_max_dist: 17.7483 train_imax: -0.0000 train_imin: -25.2253 time: 2.8867s
INFO:root:Epoch: 0405 lr: 0.001 train_loss: 828748.0000 train_distortion: 0.7101 train_mapscore: 0.5143 train_c: -1.0534 train_max_dist: 17.9805 train_imax: 0.2067 train_imin: -25.3561 time: 2.8947s
INFO:root:Epoch: 0410 lr: 0.001 train_loss: 822937.4375 train_distortion: 0.7577 train_mapscore: 0.5208 train_c: -1.0539 train_max_dist: 18.1499 train_imax: 0.1298 train_imin: -27.0897 time: 2.8896s
INFO:root:Epoch: 0415 lr: 0.001 train_loss: 816304.0000 train_distortion: 0.8050 train_mapscore: 0.5259 train_c: -1.0545 train_max_dist: 18.4175 train_imax: 0.1581 train_imin: -27.5576 time: 2.8781s
INFO:root:Epoch: 0420 lr: 0.001 train_loss: 810250.5625 train_distortion: 0.8544 train_mapscore: 0.5249 train_c: -1.0550 train_max_dist: 18.4380 train_imax: 0.1911 train_imin: -27.2893 time: 2.8922s
INFO:root:Epoch: 0425 lr: 0.001 train_loss: 803475.0625 train_distortion: 0.9062 train_mapscore: 0.5351 train_c: -1.0556 train_max_dist: 18.6560 train_imax: 0.4486 train_imin: -28.5490 time: 2.9051s
INFO:root:Epoch: 0430 lr: 0.001 train_loss: 797108.2500 train_distortion: 0.9623 train_mapscore: 0.5399 train_c: -1.0562 train_max_dist: 18.8752 train_imax: 0.3037 train_imin: -29.3557 time: 2.8844s
INFO:root:Epoch: 0435 lr: 0.001 train_loss: 790800.7500 train_distortion: 1.0209 train_mapscore: 0.5458 train_c: -1.0567 train_max_dist: 19.1667 train_imax: 0.1839 train_imin: -29.6471 time: 2.8737s
INFO:root:Epoch: 0440 lr: 0.001 train_loss: 785078.8750 train_distortion: 1.0824 train_mapscore: 0.5449 train_c: -1.0572 train_max_dist: 19.3286 train_imax: 0.0797 train_imin: -30.8612 time: 2.8552s
INFO:root:Epoch: 0445 lr: 0.001 train_loss: 779090.5625 train_distortion: 1.1449 train_mapscore: 0.5519 train_c: -1.0578 train_max_dist: 19.5675 train_imax: 0.2508 train_imin: -31.1158 time: 2.8411s
INFO:root:Epoch: 0450 lr: 0.001 train_loss: 774100.2500 train_distortion: 1.2087 train_mapscore: 0.5539 train_c: -1.0583 train_max_dist: 19.7629 train_imax: 0.0245 train_imin: -32.4330 time: 2.8260s
INFO:root:Epoch: 0455 lr: 0.001 train_loss: 769241.1875 train_distortion: 1.2760 train_mapscore: 0.5571 train_c: -1.0588 train_max_dist: 20.0364 train_imax: 0.4671 train_imin: -31.9063 time: 2.8332s
INFO:root:Epoch: 0460 lr: 0.001 train_loss: 762062.6875 train_distortion: 1.3477 train_mapscore: 0.5690 train_c: -1.0593 train_max_dist: 20.3506 train_imax: 0.2363 train_imin: -33.9986 time: 2.8160s
INFO:root:Epoch: 0465 lr: 0.001 train_loss: 756792.6875 train_distortion: 1.4206 train_mapscore: 0.5642 train_c: -1.0599 train_max_dist: 20.6033 train_imax: 0.0417 train_imin: -33.9675 time: 2.8252s
INFO:root:Epoch: 0470 lr: 0.001 train_loss: 751959.7500 train_distortion: 1.4967 train_mapscore: 0.5673 train_c: -1.0604 train_max_dist: 20.7959 train_imax: 0.2693 train_imin: -34.8123 time: 2.8509s
INFO:root:Epoch: 0475 lr: 0.001 train_loss: 745526.1875 train_distortion: 1.5775 train_mapscore: 0.5764 train_c: -1.0609 train_max_dist: 21.1230 train_imax: 0.0891 train_imin: -36.3550 time: 2.8504s
INFO:root:Epoch: 0480 lr: 0.001 train_loss: 740763.8750 train_distortion: 1.6570 train_mapscore: 0.5756 train_c: -1.0614 train_max_dist: 21.5056 train_imax: 0.3019 train_imin: -37.1580 time: 2.8656s
INFO:root:Epoch: 0485 lr: 0.001 train_loss: 735343.3750 train_distortion: 1.7412 train_mapscore: 0.5828 train_c: -1.0619 train_max_dist: 21.8157 train_imax: 0.1998 train_imin: -37.3996 time: 2.8715s
INFO:root:Epoch: 0490 lr: 0.001 train_loss: 731034.0625 train_distortion: 1.8282 train_mapscore: 0.5804 train_c: -1.0624 train_max_dist: 22.0374 train_imax: 0.3338 train_imin: -39.0343 time: 2.8953s
INFO:root:Epoch: 0495 lr: 0.001 train_loss: 725295.7500 train_distortion: 1.9158 train_mapscore: 0.5874 train_c: -1.0628 train_max_dist: 22.2200 train_imax: 0.3815 train_imin: -39.6108 time: 2.8696s
INFO:root:Epoch: 0500 lr: 0.001 train_loss: 720180.6250 train_distortion: 2.0063 train_mapscore: 0.5928 train_c: -1.0633 train_max_dist: 22.3789 train_imax: 0.5215 train_imin: -40.9223 time: 2.8413s
INFO:root:Epoch: 0505 lr: 0.001 train_loss: 715117.3125 train_distortion: 2.0989 train_mapscore: 0.6036 train_c: -1.0638 train_max_dist: 22.6450 train_imax: 0.4560 train_imin: -41.6769 time: 2.8556s
INFO:root:Epoch: 0510 lr: 0.001 train_loss: 710370.0000 train_distortion: 2.1989 train_mapscore: 0.6073 train_c: -1.0643 train_max_dist: 22.8393 train_imax: 0.3960 train_imin: -43.0260 time: 2.8455s
INFO:root:Epoch: 0515 lr: 0.001 train_loss: 706113.6875 train_distortion: 2.2982 train_mapscore: 0.6086 train_c: -1.0647 train_max_dist: 23.1301 train_imax: 0.5525 train_imin: -43.8983 time: 2.8090s
INFO:root:Epoch: 0520 lr: 0.001 train_loss: 702720.4375 train_distortion: 2.4012 train_mapscore: 0.6019 train_c: -1.0652 train_max_dist: 23.3302 train_imax: 0.5887 train_imin: -44.8071 time: 2.8390s
INFO:root:Epoch: 0525 lr: 0.001 train_loss: 697573.5000 train_distortion: 2.5066 train_mapscore: 0.6116 train_c: -1.0656 train_max_dist: 23.6206 train_imax: 0.7432 train_imin: -46.0236 time: 2.8335s
INFO:root:Epoch: 0530 lr: 0.001 train_loss: 693374.0000 train_distortion: 2.6105 train_mapscore: 0.6111 train_c: -1.0661 train_max_dist: 23.7554 train_imax: 0.6207 train_imin: -46.6608 time: 2.8298s
INFO:root:Epoch: 0535 lr: 0.001 train_loss: 689051.8750 train_distortion: 2.7236 train_mapscore: 0.6161 train_c: -1.0665 train_max_dist: 24.0078 train_imax: 0.6790 train_imin: -47.8269 time: 2.8173s
INFO:root:Epoch: 0540 lr: 0.001 train_loss: 685084.4375 train_distortion: 2.8403 train_mapscore: 0.6185 train_c: -1.0669 train_max_dist: 24.3260 train_imax: 0.6853 train_imin: -49.7428 time: 2.7835s
INFO:root:Epoch: 0545 lr: 0.001 train_loss: 680897.7500 train_distortion: 2.9514 train_mapscore: 0.6238 train_c: -1.0674 train_max_dist: 24.5991 train_imax: 1.0726 train_imin: -50.1265 time: 2.8278s
INFO:root:Epoch: 0550 lr: 0.001 train_loss: 676166.3750 train_distortion: 3.0693 train_mapscore: 0.6316 train_c: -1.0678 train_max_dist: 24.7838 train_imax: 0.8378 train_imin: -51.9231 time: 2.8515s
INFO:root:Epoch: 0555 lr: 0.001 train_loss: 672643.8750 train_distortion: 3.1924 train_mapscore: 0.6314 train_c: -1.0682 train_max_dist: 25.0363 train_imax: 0.8095 train_imin: -53.2342 time: 2.8268s
INFO:root:Epoch: 0560 lr: 0.001 train_loss: 669350.6250 train_distortion: 3.3138 train_mapscore: 0.6295 train_c: -1.0686 train_max_dist: 25.1976 train_imax: 0.9936 train_imin: -54.3337 time: 2.8277s
INFO:root:Epoch: 0565 lr: 0.001 train_loss: 665719.8750 train_distortion: 3.4367 train_mapscore: 0.6389 train_c: -1.0690 train_max_dist: 25.4976 train_imax: 0.9616 train_imin: -55.0890 time: 2.8274s
INFO:root:Epoch: 0570 lr: 0.001 train_loss: 661926.6875 train_distortion: 3.5692 train_mapscore: 0.6381 train_c: -1.0694 train_max_dist: 25.7368 train_imax: 1.0639 train_imin: -57.2919 time: 2.8474s
INFO:root:Epoch: 0575 lr: 0.001 train_loss: 659986.0625 train_distortion: 3.6905 train_mapscore: 0.6376 train_c: -1.0698 train_max_dist: 25.9902 train_imax: 1.2150 train_imin: -57.6509 time: 2.8501s
INFO:root:Epoch: 0580 lr: 0.001 train_loss: 655784.9375 train_distortion: 3.8268 train_mapscore: 0.6416 train_c: -1.0702 train_max_dist: 26.1381 train_imax: 0.7608 train_imin: -59.5652 time: 2.8619s
INFO:root:Epoch: 0585 lr: 0.001 train_loss: 651836.7500 train_distortion: 3.9554 train_mapscore: 0.6486 train_c: -1.0706 train_max_dist: 26.4034 train_imax: 1.0579 train_imin: -60.3612 time: 2.8535s
INFO:root:Epoch: 0590 lr: 0.001 train_loss: 649217.3125 train_distortion: 4.0910 train_mapscore: 0.6467 train_c: -1.0710 train_max_dist: 26.7222 train_imax: 1.1476 train_imin: -62.4581 time: 2.8509s
INFO:root:Epoch: 0595 lr: 0.001 train_loss: 645309.5000 train_distortion: 4.2309 train_mapscore: 0.6578 train_c: -1.0713 train_max_dist: 26.8936 train_imax: 1.2747 train_imin: -64.0481 time: 2.8347s
INFO:root:Epoch: 0600 lr: 0.001 train_loss: 643157.5625 train_distortion: 4.3637 train_mapscore: 0.6528 train_c: -1.0717 train_max_dist: 27.0040 train_imax: 1.5944 train_imin: -64.2728 time: 2.8527s
INFO:root:Epoch: 0605 lr: 0.001 train_loss: 639908.5625 train_distortion: 4.5071 train_mapscore: 0.6575 train_c: -1.0720 train_max_dist: 27.3408 train_imax: 1.5924 train_imin: -66.7567 time: 2.8496s
INFO:root:Epoch: 0610 lr: 0.001 train_loss: 636913.2500 train_distortion: 4.6483 train_mapscore: 0.6625 train_c: -1.0724 train_max_dist: 27.5137 train_imax: 1.5859 train_imin: -68.2983 time: 2.8291s
INFO:root:Epoch: 0615 lr: 0.001 train_loss: 635193.8750 train_distortion: 4.7839 train_mapscore: 0.6623 train_c: -1.0727 train_max_dist: 27.7500 train_imax: 2.4020 train_imin: -68.3069 time: 2.8041s
INFO:root:Epoch: 0620 lr: 0.001 train_loss: 632872.5625 train_distortion: 4.9331 train_mapscore: 0.6606 train_c: -1.0731 train_max_dist: 27.9941 train_imax: 3.1553 train_imin: -71.6603 time: 2.8247s
INFO:root:Epoch: 0625 lr: 0.001 train_loss: 628492.8750 train_distortion: 5.0675 train_mapscore: 0.6755 train_c: -1.0734 train_max_dist: 28.1133 train_imax: 4.4745 train_imin: -71.8899 time: 2.8129s
INFO:root:Epoch: 0630 lr: 0.001 train_loss: 625981.7500 train_distortion: 5.2154 train_mapscore: 0.6746 train_c: -1.0737 train_max_dist: 28.4064 train_imax: 4.4563 train_imin: -73.5988 time: 2.8132s
INFO:root:Epoch: 0635 lr: 0.001 train_loss: 625243.8750 train_distortion: 5.3613 train_mapscore: 0.6649 train_c: -1.0740 train_max_dist: 28.4756 train_imax: 3.9193 train_imin: -75.5378 time: 2.8098s
INFO:root:Epoch: 0640 lr: 0.001 train_loss: 623500.6250 train_distortion: 5.4986 train_mapscore: 0.6710 train_c: -1.0743 train_max_dist: 28.6371 train_imax: 4.9027 train_imin: -75.8489 time: 2.8015s
INFO:root:Epoch: 0645 lr: 0.001 train_loss: 620192.1250 train_distortion: 5.6517 train_mapscore: 0.6749 train_c: -1.0747 train_max_dist: 28.8228 train_imax: 4.2559 train_imin: -78.9042 time: 2.8310s
INFO:root:Epoch: 0650 lr: 0.001 train_loss: 618015.8750 train_distortion: 5.7936 train_mapscore: 0.6756 train_c: -1.0749 train_max_dist: 29.0645 train_imax: 4.0456 train_imin: -79.9053 time: 2.8298s
INFO:root:Epoch: 0655 lr: 0.001 train_loss: 616158.1250 train_distortion: 5.9376 train_mapscore: 0.6793 train_c: -1.0752 train_max_dist: 29.2910 train_imax: 4.6686 train_imin: -81.3024 time: 2.8339s
INFO:root:Epoch: 0660 lr: 0.001 train_loss: 613879.8750 train_distortion: 6.0825 train_mapscore: 0.6826 train_c: -1.0755 train_max_dist: 29.4568 train_imax: 4.6413 train_imin: -82.3256 time: 2.8237s
INFO:root:Epoch: 0665 lr: 0.001 train_loss: 612450.5000 train_distortion: 6.2241 train_mapscore: 0.6836 train_c: -1.0758 train_max_dist: 29.6104 train_imax: 4.9079 train_imin: -84.1295 time: 2.8317s
INFO:root:Epoch: 0670 lr: 0.001 train_loss: 609843.0000 train_distortion: 6.3732 train_mapscore: 0.6869 train_c: -1.0761 train_max_dist: 29.9370 train_imax: 4.8801 train_imin: -85.8473 time: 2.8328s
INFO:root:Epoch: 0675 lr: 0.001 train_loss: 608954.9375 train_distortion: 6.5141 train_mapscore: 0.6875 train_c: -1.0764 train_max_dist: 30.0388 train_imax: 5.0366 train_imin: -86.7448 time: 2.7887s
INFO:root:Epoch: 0680 lr: 0.001 train_loss: 605990.7500 train_distortion: 6.6630 train_mapscore: 0.6933 train_c: -1.0766 train_max_dist: 30.1855 train_imax: 4.8061 train_imin: -88.8436 time: 2.8401s
INFO:root:Epoch: 0685 lr: 0.001 train_loss: 606544.8750 train_distortion: 6.8110 train_mapscore: 0.6879 train_c: -1.0769 train_max_dist: 30.4260 train_imax: 4.1810 train_imin: -90.9247 time: 2.8090s
INFO:root:Epoch: 0690 lr: 0.001 train_loss: 603912.0625 train_distortion: 6.9515 train_mapscore: 0.6960 train_c: -1.0771 train_max_dist: 30.5664 train_imax: 5.0925 train_imin: -91.6200 time: 2.7991s
INFO:root:Epoch: 0695 lr: 0.001 train_loss: 601924.5000 train_distortion: 7.0949 train_mapscore: 0.6971 train_c: -1.0774 train_max_dist: 30.7373 train_imax: 4.9724 train_imin: -93.4295 time: 2.7906s
INFO:root:Epoch: 0700 lr: 0.001 train_loss: 601410.0000 train_distortion: 7.2388 train_mapscore: 0.6951 train_c: -1.0776 train_max_dist: 30.8894 train_imax: 4.7280 train_imin: -95.1434 time: 2.7568s
INFO:root:Epoch: 0705 lr: 0.001 train_loss: 600030.4375 train_distortion: 7.3772 train_mapscore: 0.6961 train_c: -1.0779 train_max_dist: 31.0090 train_imax: 5.7425 train_imin: -95.6903 time: 2.7964s
INFO:root:Epoch: 0710 lr: 0.001 train_loss: 597423.5625 train_distortion: 7.5239 train_mapscore: 0.6999 train_c: -1.0781 train_max_dist: 31.1572 train_imax: 5.3273 train_imin: -98.4960 time: 2.8288s
INFO:root:Epoch: 0715 lr: 0.001 train_loss: 600282.7500 train_distortion: 7.6514 train_mapscore: 0.6985 train_c: -1.0783 train_max_dist: 31.2979 train_imax: 6.4595 train_imin: -99.4906 time: 2.8111s
INFO:root:Epoch: 0720 lr: 0.001 train_loss: 597879.3750 train_distortion: 7.7961 train_mapscore: 0.7037 train_c: -1.0785 train_max_dist: 31.4712 train_imax: 5.3291 train_imin: -101.1035 time: 2.8190s
INFO:root:Epoch: 0725 lr: 0.001 train_loss: 595569.6250 train_distortion: 7.9235 train_mapscore: 0.7078 train_c: -1.0787 train_max_dist: 31.5723 train_imax: 5.2019 train_imin: -101.8302 time: 2.7547s
INFO:root:Epoch: 0730 lr: 0.001 train_loss: 593717.4375 train_distortion: 8.0643 train_mapscore: 0.7066 train_c: -1.0790 train_max_dist: 31.6917 train_imax: 4.6819 train_imin: -103.8796 time: 2.7804s
INFO:root:Epoch: 0735 lr: 0.001 train_loss: 592516.7500 train_distortion: 8.2058 train_mapscore: 0.7079 train_c: -1.0792 train_max_dist: 31.7478 train_imax: 5.2213 train_imin: -105.6971 time: 2.7878s
INFO:root:Epoch: 0740 lr: 0.001 train_loss: 592425.9375 train_distortion: 8.3325 train_mapscore: 0.7048 train_c: -1.0794 train_max_dist: 31.8418 train_imax: 5.5690 train_imin: -106.9349 time: 2.7821s
INFO:root:Epoch: 0745 lr: 0.001 train_loss: 610811.3750 train_distortion: 8.3835 train_mapscore: 0.6679 train_c: -1.0796 train_max_dist: 31.6660 train_imax: 5.9061 train_imin: -104.8980 time: 2.8024s
INFO:root:Epoch: 0750 lr: 0.001 train_loss: 605134.8125 train_distortion: 8.4451 train_mapscore: 0.6735 train_c: -1.0797 train_max_dist: 31.7383 train_imax: 7.5711 train_imin: -103.1285 time: 2.7936s
INFO:root:Epoch: 0755 lr: 0.001 train_loss: 599147.8750 train_distortion: 8.5627 train_mapscore: 0.6818 train_c: -1.0799 train_max_dist: 31.8594 train_imax: 6.1665 train_imin: -105.9191 time: 2.8067s
INFO:root:Epoch: 0760 lr: 0.001 train_loss: 594357.7500 train_distortion: 8.6848 train_mapscore: 0.6919 train_c: -1.0801 train_max_dist: 32.1006 train_imax: 5.6367 train_imin: -107.7860 time: 2.7848s
INFO:root:Epoch: 0765 lr: 0.001 train_loss: 590999.1250 train_distortion: 8.8186 train_mapscore: 0.7003 train_c: -1.0803 train_max_dist: 32.2422 train_imax: 5.7335 train_imin: -109.4665 time: 2.7826s
INFO:root:Epoch: 0770 lr: 0.001 train_loss: 589021.1250 train_distortion: 8.9429 train_mapscore: 0.7067 train_c: -1.0804 train_max_dist: 32.0723 train_imax: 5.1514 train_imin: -111.4399 time: 2.7862s
INFO:root:Epoch: 0775 lr: 0.001 train_loss: 586406.0000 train_distortion: 9.0801 train_mapscore: 0.7111 train_c: -1.0806 train_max_dist: 32.4683 train_imax: 5.3748 train_imin: -113.4277 time: 2.7687s
INFO:root:Epoch: 0780 lr: 0.001 train_loss: 585587.5625 train_distortion: 9.2136 train_mapscore: 0.7101 train_c: -1.0808 train_max_dist: 32.7363 train_imax: 4.7334 train_imin: -116.2650 time: 2.7999s
INFO:root:Epoch: 0785 lr: 0.001 train_loss: 592503.6875 train_distortion: 9.2914 train_mapscore: 0.6980 train_c: -1.0810 train_max_dist: 32.9272 train_imax: 22.6283 train_imin: -115.7838 time: 2.8100s
INFO:root:Epoch: 0790 lr: 0.001 train_loss: 589357.2500 train_distortion: 9.3769 train_mapscore: 0.7035 train_c: -1.0811 train_max_dist: 32.9766 train_imax: 23.4098 train_imin: -117.2608 time: 2.7977s
INFO:root:Epoch: 0795 lr: 0.001 train_loss: 586157.8750 train_distortion: 9.4906 train_mapscore: 0.7099 train_c: -1.0813 train_max_dist: 32.8584 train_imax: 22.6907 train_imin: -118.4987 time: 2.8054s
INFO:root:Epoch: 0800 lr: 0.001 train_loss: 585375.0000 train_distortion: 9.6230 train_mapscore: 0.7090 train_c: -1.0814 train_max_dist: 33.1611 train_imax: 22.5653 train_imin: -120.4609 time: 2.8116s
INFO:root:Epoch: 0805 lr: 0.001 train_loss: 582704.7500 train_distortion: 9.7528 train_mapscore: 0.7144 train_c: -1.0816 train_max_dist: 33.4277 train_imax: 21.8657 train_imin: -121.8926 time: 2.8043s
INFO:root:Epoch: 0810 lr: 0.001 train_loss: 580886.8750 train_distortion: 9.8714 train_mapscore: 0.7197 train_c: -1.0817 train_max_dist: 33.2129 train_imax: 22.5732 train_imin: -124.1581 time: 2.8001s
INFO:root:Epoch: 0815 lr: 0.001 train_loss: 580709.7500 train_distortion: 9.9965 train_mapscore: 0.7194 train_c: -1.0819 train_max_dist: 33.5508 train_imax: 22.3091 train_imin: -126.1714 time: 2.7941s
INFO:root:Epoch: 0820 lr: 0.001 train_loss: 579103.8750 train_distortion: 10.1144 train_mapscore: 0.7276 train_c: -1.0820 train_max_dist: 33.4316 train_imax: 20.5704 train_imin: -126.5148 time: 2.8075s
INFO:root:Epoch: 0825 lr: 0.001 train_loss: 577936.3125 train_distortion: 10.2329 train_mapscore: 0.7267 train_c: -1.0822 train_max_dist: 33.7129 train_imax: 21.4943 train_imin: -128.7765 time: 2.7887s
INFO:root:Epoch: 0830 lr: 0.001 train_loss: 578857.3125 train_distortion: 10.3382 train_mapscore: 0.7241 train_c: -1.0823 train_max_dist: 33.7695 train_imax: 22.7810 train_imin: -129.6946 time: 2.7567s
INFO:root:Epoch: 0835 lr: 0.001 train_loss: 576413.2500 train_distortion: 10.4502 train_mapscore: 0.7287 train_c: -1.0824 train_max_dist: 33.8765 train_imax: 21.3646 train_imin: -130.7699 time: 2.7698s
INFO:root:Epoch: 0840 lr: 0.001 train_loss: 699838.3125 train_distortion: 10.1094 train_mapscore: 0.6111 train_c: -1.0826 train_max_dist: 33.5586 train_imax: 20.2551 train_imin: -130.9871 time: 2.9247s
INFO:root:Epoch: 0845 lr: 0.001 train_loss: 889442.1250 train_distortion: 8.1808 train_mapscore: 0.3912 train_c: -1.0825 train_max_dist: 32.4121 train_imax: 29.8735 train_imin: -119.4411 time: 3.0830s
INFO:root:Epoch: 0850 lr: 0.001 train_loss: 1023298.1250 train_distortion: 6.5158 train_mapscore: 0.2646 train_c: -1.0822 train_max_dist: 31.1641 train_imax: 24.5491 train_imin: -104.7128 time: 3.3013s
INFO:root:Epoch: 0855 lr: 0.001 train_loss: 1055763.7500 train_distortion: 5.4925 train_mapscore: 0.2275 train_c: -1.0820 train_max_dist: 30.2720 train_imax: 17.5065 train_imin: -98.0230 time: 3.4457s
INFO:root:Epoch: 0860 lr: 0.001 train_loss: 1047371.8125 train_distortion: 4.8206 train_mapscore: 0.2205 train_c: -1.0817 train_max_dist: 29.5947 train_imax: 15.1518 train_imin: -91.6201 time: 3.5001s
INFO:root:Epoch: 0865 lr: 0.001 train_loss: 1024583.3750 train_distortion: 4.3666 train_mapscore: 0.2248 train_c: -1.0816 train_max_dist: 29.0283 train_imax: 13.8000 train_imin: -85.6838 time: 3.5368s
INFO:root:Epoch: 0870 lr: 0.001 train_loss: 1000604.9375 train_distortion: 4.0342 train_mapscore: 0.2330 train_c: -1.0815 train_max_dist: 28.4541 train_imax: 12.2713 train_imin: -81.1571 time: 3.5645s
INFO:root:Epoch: 0875 lr: 0.001 train_loss: 979196.8750 train_distortion: 3.7995 train_mapscore: 0.2423 train_c: -1.0815 train_max_dist: 27.9512 train_imax: 10.8405 train_imin: -77.7722 time: 3.5512s
INFO:root:Epoch: 0880 lr: 0.001 train_loss: 959520.7500 train_distortion: 3.6413 train_mapscore: 0.2532 train_c: -1.0815 train_max_dist: 27.5840 train_imax: 9.6998 train_imin: -75.5701 time: 3.5481s
INFO:root:Epoch: 0885 lr: 0.001 train_loss: 941859.7500 train_distortion: 3.5387 train_mapscore: 0.2643 train_c: -1.0816 train_max_dist: 27.3328 train_imax: 8.8197 train_imin: -74.2497 time: 3.4469s
INFO:root:Epoch: 0890 lr: 0.001 train_loss: 926316.1875 train_distortion: 3.4775 train_mapscore: 0.2740 train_c: -1.0817 train_max_dist: 27.1577 train_imax: 8.3495 train_imin: -73.3671 time: 3.4536s
INFO:root:Epoch: 0895 lr: 0.001 train_loss: 912480.6875 train_distortion: 3.4472 train_mapscore: 0.2835 train_c: -1.0819 train_max_dist: 27.0261 train_imax: 7.8537 train_imin: -72.7201 time: 3.4068s
INFO:root:Epoch: 0900 lr: 0.001 train_loss: 900049.4375 train_distortion: 3.4397 train_mapscore: 0.2927 train_c: -1.0820 train_max_dist: 26.9314 train_imax: 7.5063 train_imin: -72.2176 time: 3.3930s
INFO:root:Epoch: 0905 lr: 0.001 train_loss: 889950.1875 train_distortion: 3.4607 train_mapscore: 0.2999 train_c: -1.0822 train_max_dist: 26.8506 train_imax: 7.3065 train_imin: -72.1562 time: 3.3214s
INFO:root:Epoch: 0910 lr: 0.001 train_loss: 889279.3750 train_distortion: 3.5018 train_mapscore: 0.2969 train_c: -1.0824 train_max_dist: 26.7593 train_imax: 10.9610 train_imin: -72.5827 time: 3.2700s
INFO:root:Epoch: 0915 lr: 0.001 train_loss: 886940.7500 train_distortion: 3.5267 train_mapscore: 0.2975 train_c: -1.0826 train_max_dist: 26.7993 train_imax: 7.5992 train_imin: -72.5327 time: 3.3014s
INFO:root:Epoch: 0920 lr: 0.001 train_loss: 881716.6250 train_distortion: 3.5511 train_mapscore: 0.3013 train_c: -1.0828 train_max_dist: 26.9636 train_imax: 15.7405 train_imin: -72.3867 time: 3.2981s
INFO:root:Epoch: 0925 lr: 0.001 train_loss: 873818.1250 train_distortion: 3.5780 train_mapscore: 0.3073 train_c: -1.0830 train_max_dist: 27.0845 train_imax: 18.3121 train_imin: -72.4154 time: 3.2653s
INFO:root:Epoch: 0930 lr: 0.001 train_loss: 865787.4375 train_distortion: 3.6093 train_mapscore: 0.3140 train_c: -1.0832 train_max_dist: 27.1089 train_imax: 18.4712 train_imin: -72.5434 time: 3.2436s
INFO:root:Epoch: 0935 lr: 0.001 train_loss: 857854.3750 train_distortion: 3.6446 train_mapscore: 0.3216 train_c: -1.0834 train_max_dist: 27.0645 train_imax: 18.4446 train_imin: -72.7463 time: 3.2262s
INFO:root:Epoch: 0940 lr: 0.001 train_loss: 850145.4375 train_distortion: 3.6842 train_mapscore: 0.3290 train_c: -1.0836 train_max_dist: 27.0352 train_imax: 18.5880 train_imin: -73.0779 time: 3.2274s
INFO:root:Epoch: 0945 lr: 0.001 train_loss: 843042.0625 train_distortion: 3.7286 train_mapscore: 0.3359 train_c: -1.0838 train_max_dist: 27.0596 train_imax: 18.6720 train_imin: -73.4942 time: 3.1991s
INFO:root:Epoch: 0950 lr: 0.001 train_loss: 836472.3750 train_distortion: 3.7776 train_mapscore: 0.3422 train_c: -1.0840 train_max_dist: 27.1064 train_imax: 18.5118 train_imin: -73.9116 time: 3.2148s
INFO:root:Epoch: 0955 lr: 0.001 train_loss: 830344.8750 train_distortion: 3.8301 train_mapscore: 0.3485 train_c: -1.0842 train_max_dist: 27.1406 train_imax: 18.1720 train_imin: -74.3679 time: 3.2091s
INFO:root:Epoch: 0960 lr: 0.001 train_loss: 824575.8750 train_distortion: 3.8860 train_mapscore: 0.3547 train_c: -1.0845 train_max_dist: 27.1577 train_imax: 17.9635 train_imin: -74.9184 time: 3.1794s
INFO:root:Epoch: 0965 lr: 0.001 train_loss: 819191.8750 train_distortion: 3.9446 train_mapscore: 0.3609 train_c: -1.0847 train_max_dist: 27.1914 train_imax: 17.8988 train_imin: -75.4977 time: 3.1809s
INFO:root:Epoch: 0970 lr: 0.001 train_loss: 814111.1250 train_distortion: 4.0055 train_mapscore: 0.3672 train_c: -1.0849 train_max_dist: 27.2520 train_imax: 17.8147 train_imin: -76.1078 time: 3.1769s
INFO:root:Epoch: 0975 lr: 0.001 train_loss: 809305.5000 train_distortion: 4.0684 train_mapscore: 0.3731 train_c: -1.0851 train_max_dist: 27.2996 train_imax: 17.7358 train_imin: -76.6939 time: 3.1531s
INFO:root:Epoch: 0980 lr: 0.001 train_loss: 804732.1250 train_distortion: 4.1327 train_mapscore: 0.3773 train_c: -1.0854 train_max_dist: 27.3555 train_imax: 17.6480 train_imin: -77.2850 time: 3.1511s
INFO:root:Epoch: 0985 lr: 0.001 train_loss: 800348.3125 train_distortion: 4.1984 train_mapscore: 0.3836 train_c: -1.0856 train_max_dist: 27.4199 train_imax: 17.5457 train_imin: -77.8672 time: 3.1467s
INFO:root:Epoch: 0990 lr: 0.001 train_loss: 796187.0000 train_distortion: 4.2655 train_mapscore: 0.3885 train_c: -1.0858 train_max_dist: 27.4922 train_imax: 17.4548 train_imin: -78.4353 time: 3.1338s
INFO:root:Epoch: 0995 lr: 0.001 train_loss: 792172.1250 train_distortion: 4.3335 train_mapscore: 0.3936 train_c: -1.0860 train_max_dist: 27.5515 train_imax: 17.3803 train_imin: -78.9872 time: 3.1257s
INFO:root:Epoch: 1000 lr: 0.001 train_loss: 788292.8750 train_distortion: 4.4024 train_mapscore: 0.3985 train_c: -1.0863 train_max_dist: 27.6182 train_imax: 17.3269 train_imin: -79.5253 time: 3.1208s
INFO:root:Epoch: 1005 lr: 0.001 train_loss: 784603.7500 train_distortion: 4.4720 train_mapscore: 0.4030 train_c: -1.0865 train_max_dist: 27.6943 train_imax: 17.2730 train_imin: -80.0381 time: 3.1311s
INFO:root:Epoch: 1010 lr: 0.001 train_loss: 781042.3750 train_distortion: 4.5420 train_mapscore: 0.4080 train_c: -1.0867 train_max_dist: 27.7715 train_imax: 17.2318 train_imin: -80.5580 time: 3.0721s
INFO:root:Epoch: 1015 lr: 0.001 train_loss: 777611.8125 train_distortion: 4.6123 train_mapscore: 0.4124 train_c: -1.0869 train_max_dist: 27.8359 train_imax: 17.2029 train_imin: -81.0923 time: 3.0573s
INFO:root:Epoch: 1020 lr: 0.001 train_loss: 774265.5625 train_distortion: 4.6829 train_mapscore: 0.4181 train_c: -1.0871 train_max_dist: 27.9092 train_imax: 17.2020 train_imin: -81.6427 time: 3.0537s
INFO:root:Epoch: 1025 lr: 0.001 train_loss: 771067.3125 train_distortion: 4.7542 train_mapscore: 0.4217 train_c: -1.0873 train_max_dist: 27.9805 train_imax: 17.1980 train_imin: -82.2127 time: 3.0424s
INFO:root:Epoch: 1030 lr: 0.001 train_loss: 767962.1875 train_distortion: 4.8257 train_mapscore: 0.4270 train_c: -1.0875 train_max_dist: 28.0410 train_imax: 17.1954 train_imin: -82.8072 time: 3.0418s
INFO:root:Epoch: 1035 lr: 0.001 train_loss: 764945.8750 train_distortion: 4.8973 train_mapscore: 0.4308 train_c: -1.0877 train_max_dist: 28.1055 train_imax: 17.2176 train_imin: -83.4041 time: 3.0440s
INFO:root:Epoch: 1040 lr: 0.001 train_loss: 762053.3125 train_distortion: 4.9694 train_mapscore: 0.4343 train_c: -1.0879 train_max_dist: 28.1787 train_imax: 17.2303 train_imin: -83.9898 time: 3.0313s
INFO:root:Epoch: 1045 lr: 0.001 train_loss: 759278.2500 train_distortion: 5.0416 train_mapscore: 0.4386 train_c: -1.0881 train_max_dist: 28.2490 train_imax: 17.2738 train_imin: -84.5523 time: 2.9997s
INFO:root:Epoch: 1050 lr: 0.001 train_loss: 756572.3750 train_distortion: 5.1137 train_mapscore: 0.4424 train_c: -1.0883 train_max_dist: 28.3159 train_imax: 17.3018 train_imin: -85.0815 time: 3.0569s
INFO:root:Epoch: 1055 lr: 0.001 train_loss: 754024.6250 train_distortion: 5.1857 train_mapscore: 0.4464 train_c: -1.0885 train_max_dist: 28.3906 train_imax: 17.3135 train_imin: -85.6223 time: 3.0397s
INFO:root:Epoch: 1060 lr: 0.001 train_loss: 751420.2500 train_distortion: 5.2576 train_mapscore: 0.4503 train_c: -1.0887 train_max_dist: 28.4570 train_imax: 17.3632 train_imin: -86.1695 time: 3.0365s
INFO:root:Epoch: 1065 lr: 0.001 train_loss: 748956.6875 train_distortion: 5.3290 train_mapscore: 0.4539 train_c: -1.0889 train_max_dist: 28.5273 train_imax: 17.3752 train_imin: -86.6642 time: 3.0409s
INFO:root:Epoch: 1070 lr: 0.001 train_loss: 746505.3750 train_distortion: 5.4004 train_mapscore: 0.4567 train_c: -1.0890 train_max_dist: 28.5942 train_imax: 17.3918 train_imin: -87.1444 time: 3.0042s
INFO:root:Epoch: 1075 lr: 0.001 train_loss: 744144.8125 train_distortion: 5.4718 train_mapscore: 0.4606 train_c: -1.0892 train_max_dist: 28.6631 train_imax: 17.4016 train_imin: -87.6473 time: 3.0333s
INFO:root:Epoch: 1080 lr: 0.001 train_loss: 741848.8125 train_distortion: 5.5434 train_mapscore: 0.4637 train_c: -1.0894 train_max_dist: 28.7305 train_imax: 17.3887 train_imin: -88.1687 time: 3.0098s
INFO:root:Epoch: 1085 lr: 0.001 train_loss: 739574.5000 train_distortion: 5.6149 train_mapscore: 0.4674 train_c: -1.0896 train_max_dist: 28.7896 train_imax: 17.3890 train_imin: -88.6276 time: 2.9927s
INFO:root:Epoch: 1090 lr: 0.001 train_loss: 737444.7500 train_distortion: 5.6863 train_mapscore: 0.4694 train_c: -1.0897 train_max_dist: 28.8584 train_imax: 17.3982 train_imin: -89.1071 time: 2.9881s
INFO:root:Epoch: 1095 lr: 0.001 train_loss: 735285.5000 train_distortion: 5.7574 train_mapscore: 0.4732 train_c: -1.0899 train_max_dist: 28.9292 train_imax: 17.3627 train_imin: -89.6476 time: 2.9528s
INFO:root:Epoch: 1100 lr: 0.001 train_loss: 733234.1875 train_distortion: 5.8283 train_mapscore: 0.4759 train_c: -1.0901 train_max_dist: 28.9873 train_imax: 17.3425 train_imin: -90.2052 time: 2.9988s
INFO:root:Epoch: 1105 lr: 0.001 train_loss: 731189.9375 train_distortion: 5.8993 train_mapscore: 0.4798 train_c: -1.0902 train_max_dist: 29.0586 train_imax: 17.3109 train_imin: -90.6632 time: 2.9900s
INFO:root:Epoch: 1110 lr: 0.001 train_loss: 729313.1250 train_distortion: 5.9698 train_mapscore: 0.4829 train_c: -1.0904 train_max_dist: 29.1240 train_imax: 17.2912 train_imin: -91.1550 time: 3.0023s
INFO:root:Epoch: 1115 lr: 0.001 train_loss: 727365.0000 train_distortion: 6.0401 train_mapscore: 0.4863 train_c: -1.0905 train_max_dist: 29.1865 train_imax: 17.2367 train_imin: -91.7631 time: 3.0172s
INFO:root:Epoch: 1120 lr: 0.001 train_loss: 725466.3750 train_distortion: 6.1099 train_mapscore: 0.4883 train_c: -1.0907 train_max_dist: 29.2480 train_imax: 17.2551 train_imin: -92.2539 time: 3.0001s
INFO:root:Epoch: 1125 lr: 0.001 train_loss: 723641.7500 train_distortion: 6.1796 train_mapscore: 0.4905 train_c: -1.0909 train_max_dist: 29.3145 train_imax: 17.2168 train_imin: -92.8278 time: 3.0101s
INFO:root:Epoch: 1130 lr: 0.001 train_loss: 721927.1250 train_distortion: 6.2494 train_mapscore: 0.4919 train_c: -1.0910 train_max_dist: 29.3730 train_imax: 17.2606 train_imin: -93.5339 time: 2.9701s
INFO:root:Epoch: 1135 lr: 0.001 train_loss: 720120.6250 train_distortion: 6.3185 train_mapscore: 0.4958 train_c: -1.0911 train_max_dist: 29.4351 train_imax: 17.2183 train_imin: -93.9644 time: 2.9606s
INFO:root:Epoch: 1140 lr: 0.001 train_loss: 718407.6250 train_distortion: 6.3876 train_mapscore: 0.4989 train_c: -1.0913 train_max_dist: 29.5068 train_imax: 17.1479 train_imin: -94.5726 time: 2.9521s
INFO:root:Epoch: 1145 lr: 0.001 train_loss: 716796.5000 train_distortion: 6.4567 train_mapscore: 0.5008 train_c: -1.0914 train_max_dist: 29.5596 train_imax: 17.2345 train_imin: -95.1905 time: 2.9566s
INFO:root:Epoch: 1150 lr: 0.001 train_loss: 715157.5625 train_distortion: 6.5253 train_mapscore: 0.5043 train_c: -1.0916 train_max_dist: 29.6299 train_imax: 17.1809 train_imin: -95.7646 time: 2.9684s
INFO:root:Epoch: 1155 lr: 0.001 train_loss: 713594.9375 train_distortion: 6.5932 train_mapscore: 0.5046 train_c: -1.0917 train_max_dist: 29.6885 train_imax: 17.1871 train_imin: -96.2449 time: 2.9690s
INFO:root:Epoch: 1160 lr: 0.001 train_loss: 712027.4375 train_distortion: 6.6614 train_mapscore: 0.5088 train_c: -1.0918 train_max_dist: 29.7656 train_imax: 17.2094 train_imin: -96.8837 time: 2.9672s
INFO:root:Epoch: 1165 lr: 0.001 train_loss: 710552.0000 train_distortion: 6.7293 train_mapscore: 0.5113 train_c: -1.0920 train_max_dist: 29.8418 train_imax: 17.2158 train_imin: -97.6040 time: 2.9656s
INFO:root:Epoch: 1170 lr: 0.001 train_loss: 709073.8125 train_distortion: 6.7963 train_mapscore: 0.5138 train_c: -1.0921 train_max_dist: 29.9209 train_imax: 17.2277 train_imin: -98.0431 time: 2.9417s
INFO:root:Epoch: 1175 lr: 0.001 train_loss: 707703.1875 train_distortion: 6.8626 train_mapscore: 0.5147 train_c: -1.0922 train_max_dist: 30.0000 train_imax: 17.2467 train_imin: -98.7411 time: 2.9443s
INFO:root:Epoch: 1180 lr: 0.001 train_loss: 706231.8750 train_distortion: 6.9287 train_mapscore: 0.5196 train_c: -1.0924 train_max_dist: 30.0752 train_imax: 17.2668 train_imin: -99.2515 time: 2.9481s
INFO:root:Epoch: 1185 lr: 0.001 train_loss: 704878.2500 train_distortion: 6.9947 train_mapscore: 0.5204 train_c: -1.0925 train_max_dist: 30.1406 train_imax: 17.2428 train_imin: -99.7655 time: 2.9418s
INFO:root:Epoch: 1190 lr: 0.001 train_loss: 703507.3750 train_distortion: 7.0606 train_mapscore: 0.5240 train_c: -1.0926 train_max_dist: 30.2146 train_imax: 17.2431 train_imin: -100.3768 time: 2.9665s
INFO:root:Epoch: 1195 lr: 0.001 train_loss: 702227.4375 train_distortion: 7.1257 train_mapscore: 0.5255 train_c: -1.0927 train_max_dist: 30.2949 train_imax: 17.2447 train_imin: -100.9466 time: 2.9621s
INFO:root:Epoch: 1200 lr: 0.001 train_loss: 700872.0000 train_distortion: 7.1910 train_mapscore: 0.5292 train_c: -1.0928 train_max_dist: 30.3601 train_imax: 17.1948 train_imin: -101.5535 time: 2.9450s
INFO:root:Epoch: 1205 lr: 0.001 train_loss: 699758.7500 train_distortion: 7.2557 train_mapscore: 0.5285 train_c: -1.0929 train_max_dist: 30.4319 train_imax: 17.1279 train_imin: -102.0588 time: 2.9711s
INFO:root:Epoch: 1210 lr: 0.001 train_loss: 698556.8750 train_distortion: 7.3204 train_mapscore: 0.5298 train_c: -1.0931 train_max_dist: 30.5107 train_imax: 17.1333 train_imin: -102.7603 time: 2.9470s
INFO:root:Epoch: 1215 lr: 0.001 train_loss: 697232.1250 train_distortion: 7.3841 train_mapscore: 0.5340 train_c: -1.0932 train_max_dist: 30.5752 train_imax: 17.1817 train_imin: -103.2966 time: 2.9152s
INFO:root:Epoch: 1220 lr: 0.001 train_loss: 696101.1875 train_distortion: 7.4469 train_mapscore: 0.5351 train_c: -1.0933 train_max_dist: 30.6416 train_imax: 17.2598 train_imin: -103.7383 time: 2.9362s
INFO:root:Epoch: 1225 lr: 0.001 train_loss: 694876.1875 train_distortion: 7.5101 train_mapscore: 0.5373 train_c: -1.0934 train_max_dist: 30.7170 train_imax: 17.2768 train_imin: -104.3702 time: 2.9170s
INFO:root:Epoch: 1230 lr: 0.001 train_loss: 693876.7500 train_distortion: 7.5723 train_mapscore: 0.5382 train_c: -1.0935 train_max_dist: 30.7793 train_imax: 17.1768 train_imin: -104.7996 time: 2.8756s
INFO:root:Epoch: 1235 lr: 0.001 train_loss: 692996.3750 train_distortion: 7.6342 train_mapscore: 0.5374 train_c: -1.0936 train_max_dist: 30.8462 train_imax: 17.3554 train_imin: -105.1934 time: 2.9301s
INFO:root:Epoch: 1240 lr: 0.001 train_loss: 691889.8125 train_distortion: 7.6960 train_mapscore: 0.5390 train_c: -1.0937 train_max_dist: 30.9075 train_imax: 17.4223 train_imin: -105.7880 time: 2.9352s
INFO:root:Epoch: 1245 lr: 0.001 train_loss: 690572.3125 train_distortion: 7.7571 train_mapscore: 0.5436 train_c: -1.0938 train_max_dist: 30.9712 train_imax: 17.3138 train_imin: -106.4459 time: 2.9205s
INFO:root:Epoch: 1250 lr: 0.001 train_loss: 689493.6250 train_distortion: 7.8176 train_mapscore: 0.5458 train_c: -1.0939 train_max_dist: 31.0352 train_imax: 17.4258 train_imin: -107.1796 time: 2.9113s
INFO:root:Epoch: 1255 lr: 0.001 train_loss: 688471.4375 train_distortion: 7.8773 train_mapscore: 0.5472 train_c: -1.0939 train_max_dist: 31.0938 train_imax: 17.3323 train_imin: -107.7732 time: 2.8639s
INFO:root:Epoch: 1260 lr: 0.001 train_loss: 687368.6250 train_distortion: 7.9368 train_mapscore: 0.5524 train_c: -1.0940 train_max_dist: 31.1582 train_imax: 17.3957 train_imin: -108.3480 time: 2.9136s
INFO:root:Epoch: 1265 lr: 0.001 train_loss: 686399.8750 train_distortion: 7.9960 train_mapscore: 0.5541 train_c: -1.0941 train_max_dist: 31.2227 train_imax: 17.4953 train_imin: -108.9078 time: 2.9022s
INFO:root:Epoch: 1270 lr: 0.001 train_loss: 685555.6250 train_distortion: 8.0552 train_mapscore: 0.5539 train_c: -1.0942 train_max_dist: 31.2871 train_imax: 17.6740 train_imin: -109.4911 time: 2.8945s
INFO:root:Epoch: 1275 lr: 0.001 train_loss: 684524.7500 train_distortion: 8.1144 train_mapscore: 0.5565 train_c: -1.0943 train_max_dist: 31.3447 train_imax: 17.6567 train_imin: -110.0240 time: 2.9130s
INFO:root:Epoch: 1280 lr: 0.001 train_loss: 683786.2500 train_distortion: 8.1731 train_mapscore: 0.5569 train_c: -1.0944 train_max_dist: 31.4055 train_imax: 17.4976 train_imin: -110.9279 time: 2.8618s
INFO:root:Epoch: 1285 lr: 0.001 train_loss: 682814.6250 train_distortion: 8.2314 train_mapscore: 0.5578 train_c: -1.0945 train_max_dist: 31.4675 train_imax: 17.6826 train_imin: -111.4426 time: 2.9291s
INFO:root:Epoch: 1290 lr: 0.001 train_loss: 681694.3750 train_distortion: 8.2888 train_mapscore: 0.5636 train_c: -1.0945 train_max_dist: 31.5254 train_imax: 17.6059 train_imin: -111.8818 time: 2.9126s
INFO:root:Epoch: 1295 lr: 0.001 train_loss: 680943.0000 train_distortion: 8.3458 train_mapscore: 0.5612 train_c: -1.0946 train_max_dist: 31.5879 train_imax: 17.5991 train_imin: -112.2267 time: 2.9179s
INFO:root:Epoch: 1300 lr: 0.001 train_loss: 680085.7500 train_distortion: 8.4032 train_mapscore: 0.5622 train_c: -1.0947 train_max_dist: 31.6313 train_imax: 17.6140 train_imin: -113.1150 time: 2.9131s
INFO:root:Epoch: 1305 lr: 0.001 train_loss: 679102.6875 train_distortion: 8.4595 train_mapscore: 0.5671 train_c: -1.0948 train_max_dist: 31.6990 train_imax: 17.6499 train_imin: -113.5313 time: 2.8871s
INFO:root:Epoch: 1310 lr: 0.001 train_loss: 678169.0000 train_distortion: 8.5160 train_mapscore: 0.5699 train_c: -1.0948 train_max_dist: 31.7598 train_imax: 17.7948 train_imin: -114.2138 time: 2.8921s
INFO:root:Epoch: 1315 lr: 0.001 train_loss: 686170.2500 train_distortion: 8.5904 train_mapscore: 0.5374 train_c: -1.0949 train_max_dist: 31.8418 train_imax: 17.6286 train_imin: -115.3114 time: 2.9005s
INFO:root:Epoch: 1320 lr: 0.001 train_loss: 693371.4375 train_distortion: 8.6311 train_mapscore: 0.5217 train_c: -1.0948 train_max_dist: 31.9141 train_imax: 17.7743 train_imin: -115.8918 time: 2.8922s
INFO:root:Epoch: 1325 lr: 0.001 train_loss: 693285.6875 train_distortion: 8.6524 train_mapscore: 0.5198 train_c: -1.0948 train_max_dist: 31.9512 train_imax: 18.0819 train_imin: -116.2833 time: 2.9011s
INFO:root:Epoch: 1330 lr: 0.001 train_loss: 690729.0000 train_distortion: 8.6709 train_mapscore: 0.5258 train_c: -1.0949 train_max_dist: 31.9612 train_imax: 18.2169 train_imin: -116.5427 time: 2.9103s
INFO:root:Epoch: 1335 lr: 0.001 train_loss: 687662.0625 train_distortion: 8.6926 train_mapscore: 0.5321 train_c: -1.0949 train_max_dist: 31.9805 train_imax: 18.1716 train_imin: -116.8148 time: 2.9271s
INFO:root:Epoch: 1340 lr: 0.001 train_loss: 684666.9375 train_distortion: 8.7177 train_mapscore: 0.5387 train_c: -1.0949 train_max_dist: 31.9922 train_imax: 18.1060 train_imin: -117.1345 time: 2.9163s
INFO:root:Epoch: 1345 lr: 0.001 train_loss: 681964.1875 train_distortion: 8.7486 train_mapscore: 0.5475 train_c: -1.0950 train_max_dist: 32.0156 train_imax: 18.1650 train_imin: -117.5175 time: 2.9126s
INFO:root:Epoch: 1350 lr: 0.001 train_loss: 679628.6875 train_distortion: 8.7858 train_mapscore: 0.5533 train_c: -1.0950 train_max_dist: 32.0398 train_imax: 18.3562 train_imin: -117.9828 time: 2.9156s
INFO:root:Epoch: 1355 lr: 0.001 train_loss: 677568.4375 train_distortion: 8.8292 train_mapscore: 0.5594 train_c: -1.0951 train_max_dist: 32.0801 train_imax: 18.4599 train_imin: -118.4765 time: 2.9038s
INFO:root:Epoch: 1360 lr: 0.001 train_loss: 675757.5625 train_distortion: 8.8771 train_mapscore: 0.5651 train_c: -1.0951 train_max_dist: 32.1250 train_imax: 18.5582 train_imin: -119.0943 time: 2.9394s
INFO:root:Epoch: 1365 lr: 0.001 train_loss: 674176.0625 train_distortion: 8.9294 train_mapscore: 0.5689 train_c: -1.0952 train_max_dist: 32.1697 train_imax: 18.6577 train_imin: -119.5814 time: 2.9101s
INFO:root:Epoch: 1370 lr: 0.001 train_loss: 672802.7500 train_distortion: 8.9845 train_mapscore: 0.5723 train_c: -1.0953 train_max_dist: 32.2224 train_imax: 18.7376 train_imin: -120.2059 time: 2.8751s
INFO:root:Epoch: 1375 lr: 0.001 train_loss: 671439.5625 train_distortion: 9.0415 train_mapscore: 0.5774 train_c: -1.0953 train_max_dist: 32.2717 train_imax: 18.8086 train_imin: -120.8904 time: 2.8603s
INFO:root:Epoch: 1380 lr: 0.001 train_loss: 670240.1875 train_distortion: 9.0998 train_mapscore: 0.5793 train_c: -1.0954 train_max_dist: 32.3281 train_imax: 18.8996 train_imin: -121.5217 time: 2.8817s
INFO:root:Epoch: 1385 lr: 0.001 train_loss: 669143.3750 train_distortion: 9.1592 train_mapscore: 0.5819 train_c: -1.0954 train_max_dist: 32.3848 train_imax: 18.9689 train_imin: -122.2739 time: 2.8962s
INFO:root:Epoch: 1390 lr: 0.001 train_loss: 668106.9375 train_distortion: 9.2202 train_mapscore: 0.5843 train_c: -1.0955 train_max_dist: 32.4434 train_imax: 19.0599 train_imin: -123.0333 time: 2.9028s
INFO:root:Epoch: 1395 lr: 0.001 train_loss: 667268.2500 train_distortion: 9.2813 train_mapscore: 0.5842 train_c: -1.0956 train_max_dist: 32.5020 train_imax: 19.0875 train_imin: -123.7078 time: 2.9094s
INFO:root:Epoch: 1400 lr: 0.001 train_loss: 666359.1875 train_distortion: 9.3425 train_mapscore: 0.5846 train_c: -1.0956 train_max_dist: 32.5596 train_imax: 19.1894 train_imin: -124.3549 time: 2.8710s
INFO:root:Epoch: 1405 lr: 0.001 train_loss: 665407.6250 train_distortion: 9.4039 train_mapscore: 0.5894 train_c: -1.0957 train_max_dist: 32.6230 train_imax: 19.2471 train_imin: -125.0504 time: 2.8730s
INFO:root:Epoch: 1410 lr: 0.001 train_loss: 664413.2500 train_distortion: 9.4638 train_mapscore: 0.5934 train_c: -1.0957 train_max_dist: 32.6855 train_imax: 19.3094 train_imin: -125.5505 time: 2.9011s
INFO:root:Epoch: 1415 lr: 0.001 train_loss: 663707.3750 train_distortion: 9.5234 train_mapscore: 0.5933 train_c: -1.0958 train_max_dist: 32.7429 train_imax: 19.3589 train_imin: -126.0484 time: 2.8565s
INFO:root:Epoch: 1420 lr: 0.001 train_loss: 662899.7500 train_distortion: 9.5824 train_mapscore: 0.5962 train_c: -1.0958 train_max_dist: 32.7964 train_imax: 19.4173 train_imin: -126.6315 time: 2.8992s
INFO:root:Epoch: 1425 lr: 0.001 train_loss: 662077.9375 train_distortion: 9.6421 train_mapscore: 0.5988 train_c: -1.0959 train_max_dist: 32.8535 train_imax: 19.4776 train_imin: -127.3669 time: 2.8764s
INFO:root:Epoch: 1430 lr: 0.001 train_loss: 661231.8125 train_distortion: 9.7004 train_mapscore: 0.6009 train_c: -1.0959 train_max_dist: 32.9028 train_imax: 19.5376 train_imin: -127.9819 time: 2.8603s
INFO:root:Epoch: 1435 lr: 0.001 train_loss: 660589.0000 train_distortion: 9.7588 train_mapscore: 0.6017 train_c: -1.0960 train_max_dist: 32.9590 train_imax: 19.6298 train_imin: -128.7069 time: 2.8581s
INFO:root:Epoch: 1440 lr: 0.001 train_loss: 659899.6250 train_distortion: 9.8156 train_mapscore: 0.6037 train_c: -1.0960 train_max_dist: 33.0117 train_imax: 19.6908 train_imin: -129.2505 time: 2.8219s
INFO:root:Epoch: 1445 lr: 0.001 train_loss: 659221.9375 train_distortion: 9.8727 train_mapscore: 0.6042 train_c: -1.0961 train_max_dist: 33.0710 train_imax: 19.7299 train_imin: -130.0992 time: 2.8687s
INFO:root:Epoch: 1450 lr: 0.001 train_loss: 658470.5000 train_distortion: 9.9294 train_mapscore: 0.6067 train_c: -1.0961 train_max_dist: 33.1152 train_imax: 19.7876 train_imin: -130.6238 time: 2.9328s
INFO:root:Epoch: 1455 lr: 0.001 train_loss: 657852.0000 train_distortion: 9.9845 train_mapscore: 0.6071 train_c: -1.0962 train_max_dist: 33.1797 train_imax: 19.8291 train_imin: -131.1557 time: 2.8919s
INFO:root:Epoch: 1460 lr: 0.001 train_loss: 741439.1250 train_distortion: 9.7189 train_mapscore: 0.4953 train_c: -1.0961 train_max_dist: 33.7109 train_imax: 31.5824 train_imin: -140.3342 time: 2.9630s
INFO:root:Epoch: 1465 lr: 0.001 train_loss: 798069.1250 train_distortion: 9.0658 train_mapscore: 0.4372 train_c: -1.0960 train_max_dist: 33.5518 train_imax: 31.5915 train_imin: -137.9006 time: 3.1099s
INFO:root:Epoch: 1470 lr: 0.001 train_loss: 809881.5000 train_distortion: 8.4694 train_mapscore: 0.4149 train_c: -1.0958 train_max_dist: 33.8164 train_imax: 28.1116 train_imin: -134.7448 time: 3.2372s
INFO:root:Epoch: 1475 lr: 0.001 train_loss: 805727.3750 train_distortion: 7.9985 train_mapscore: 0.4128 train_c: -1.0955 train_max_dist: 33.5977 train_imax: 24.7837 train_imin: -132.3859 time: 3.2801s
INFO:root:Epoch: 1480 lr: 0.001 train_loss: 796489.6875 train_distortion: 7.6396 train_mapscore: 0.4183 train_c: -1.0952 train_max_dist: 33.3359 train_imax: 22.7920 train_imin: -129.5271 time: 3.2750s
INFO:root:Epoch: 1485 lr: 0.001 train_loss: 786043.4375 train_distortion: 7.3731 train_mapscore: 0.4265 train_c: -1.0951 train_max_dist: 33.0039 train_imax: 21.8853 train_imin: -126.5079 time: 3.2505s
INFO:root:Epoch: 1490 lr: 0.001 train_loss: 776142.6875 train_distortion: 7.1856 train_mapscore: 0.4346 train_c: -1.0949 train_max_dist: 32.6641 train_imax: 21.6894 train_imin: -123.6853 time: 3.2127s
INFO:root:Epoch: 1495 lr: 0.001 train_loss: 767552.1250 train_distortion: 7.0588 train_mapscore: 0.4438 train_c: -1.0948 train_max_dist: 32.3594 train_imax: 21.7180 train_imin: -121.3980 time: 3.1820s
INFO:root:Epoch: 1500 lr: 0.001 train_loss: 759849.1875 train_distortion: 6.9762 train_mapscore: 0.4512 train_c: -1.0948 train_max_dist: 32.0195 train_imax: 21.4863 train_imin: -119.8177 time: 3.1582s
INFO:root:Epoch: 1505 lr: 0.001 train_loss: 752896.5625 train_distortion: 6.9289 train_mapscore: 0.4584 train_c: -1.0948 train_max_dist: 31.7051 train_imax: 21.2556 train_imin: -118.5789 time: 3.1275s
INFO:root:Epoch: 1510 lr: 0.001 train_loss: 746624.7500 train_distortion: 6.9091 train_mapscore: 0.4654 train_c: -1.0948 train_max_dist: 31.5508 train_imax: 21.2609 train_imin: -117.3481 time: 3.1125s
INFO:root:Epoch: 1515 lr: 0.001 train_loss: 740651.0625 train_distortion: 6.9112 train_mapscore: 0.4711 train_c: -1.0949 train_max_dist: 31.3809 train_imax: 21.6404 train_imin: -115.6885 time: 3.0506s
INFO:root:Epoch: 1520 lr: 0.001 train_loss: 735303.3750 train_distortion: 6.9309 train_mapscore: 0.4769 train_c: -1.0949 train_max_dist: 31.2148 train_imax: 21.8639 train_imin: -114.0834 time: 3.0343s
INFO:root:Epoch: 1525 lr: 0.001 train_loss: 730276.9375 train_distortion: 6.9651 train_mapscore: 0.4824 train_c: -1.0950 train_max_dist: 31.1191 train_imax: 21.5146 train_imin: -113.1210 time: 3.0083s
INFO:root:Epoch: 1530 lr: 0.001 train_loss: 725798.6250 train_distortion: 7.0103 train_mapscore: 0.4882 train_c: -1.0951 train_max_dist: 31.0508 train_imax: 21.5644 train_imin: -112.0222 time: 3.0166s
INFO:root:Epoch: 1535 lr: 0.001 train_loss: 722036.9375 train_distortion: 7.0646 train_mapscore: 0.4930 train_c: -1.0952 train_max_dist: 31.0156 train_imax: 21.8195 train_imin: -111.0451 time: 2.9936s
INFO:root:Epoch: 1540 lr: 0.001 train_loss: 718677.9375 train_distortion: 7.1276 train_mapscore: 0.4983 train_c: -1.0954 train_max_dist: 31.0562 train_imax: 21.8116 train_imin: -110.7609 time: 2.9736s
INFO:root:Epoch: 1545 lr: 0.001 train_loss: 715642.2500 train_distortion: 7.1954 train_mapscore: 0.5022 train_c: -1.0955 train_max_dist: 31.0898 train_imax: 21.9243 train_imin: -110.7513 time: 2.9792s
INFO:root:Epoch: 1550 lr: 0.001 train_loss: 712916.3750 train_distortion: 7.2656 train_mapscore: 0.5061 train_c: -1.0956 train_max_dist: 31.0918 train_imax: 22.0664 train_imin: -110.6868 time: 2.9736s
INFO:root:Epoch: 1555 lr: 0.001 train_loss: 710293.1875 train_distortion: 7.3384 train_mapscore: 0.5096 train_c: -1.0958 train_max_dist: 31.1426 train_imax: 22.1779 train_imin: -110.2621 time: 2.9642s
INFO:root:Epoch: 1560 lr: 0.001 train_loss: 707805.4375 train_distortion: 7.4150 train_mapscore: 0.5151 train_c: -1.0959 train_max_dist: 31.1934 train_imax: 22.2975 train_imin: -110.0312 time: 2.9655s
INFO:root:Epoch: 1565 lr: 0.001 train_loss: 705507.2500 train_distortion: 7.4937 train_mapscore: 0.5202 train_c: -1.0961 train_max_dist: 31.2930 train_imax: 22.4373 train_imin: -110.0186 time: 2.9613s
INFO:root:Epoch: 1570 lr: 0.001 train_loss: 703318.8750 train_distortion: 7.5723 train_mapscore: 0.5233 train_c: -1.0962 train_max_dist: 31.4277 train_imax: 22.5753 train_imin: -109.9241 time: 2.9563s
INFO:root:Epoch: 1575 lr: 0.001 train_loss: 703692.0000 train_distortion: 7.6547 train_mapscore: 0.5169 train_c: -1.0963 train_max_dist: 31.4141 train_imax: 22.6921 train_imin: -109.8232 time: 2.9635s
INFO:root:Epoch: 1580 lr: 0.001 train_loss: 704247.5625 train_distortion: 7.7397 train_mapscore: 0.5105 train_c: -1.0965 train_max_dist: 31.6758 train_imax: 35.7389 train_imin: -109.7487 time: 2.9588s
INFO:root:Epoch: 1585 lr: 0.001 train_loss: 704735.6250 train_distortion: 7.8133 train_mapscore: 0.5099 train_c: -1.0966 train_max_dist: 31.9551 train_imax: 34.7539 train_imin: -109.8466 time: 2.9569s
INFO:root:Epoch: 1590 lr: 0.001 train_loss: 701940.3750 train_distortion: 7.8805 train_mapscore: 0.5148 train_c: -1.0967 train_max_dist: 31.8926 train_imax: 33.9875 train_imin: -109.7487 time: 2.9341s
INFO:root:Epoch: 1595 lr: 0.001 train_loss: 699247.7500 train_distortion: 7.9444 train_mapscore: 0.5199 train_c: -1.0968 train_max_dist: 31.7515 train_imax: 33.9300 train_imin: -109.6884 time: 2.9180s
INFO:root:Epoch: 1600 lr: 0.001 train_loss: 696501.5625 train_distortion: 8.0073 train_mapscore: 0.5251 train_c: -1.0969 train_max_dist: 31.8672 train_imax: 32.4430 train_imin: -109.7303 time: 2.8807s
INFO:root:Epoch: 1605 lr: 0.001 train_loss: 694118.0000 train_distortion: 8.0727 train_mapscore: 0.5311 train_c: -1.0970 train_max_dist: 31.9082 train_imax: 31.9623 train_imin: -109.8180 time: 2.9181s
INFO:root:Epoch: 1610 lr: 0.001 train_loss: 692014.2500 train_distortion: 8.1402 train_mapscore: 0.5351 train_c: -1.0971 train_max_dist: 31.9414 train_imax: 32.0957 train_imin: -109.9639 time: 2.9160s
INFO:root:Epoch: 1615 lr: 0.001 train_loss: 690039.1875 train_distortion: 8.2094 train_mapscore: 0.5405 train_c: -1.0972 train_max_dist: 32.0630 train_imax: 32.2506 train_imin: -110.1623 time: 2.9283s
INFO:root:Epoch: 1620 lr: 0.001 train_loss: 688260.9375 train_distortion: 8.2814 train_mapscore: 0.5455 train_c: -1.0973 train_max_dist: 32.1660 train_imax: 32.7453 train_imin: -110.3788 time: 2.9064s
INFO:root:Epoch: 1625 lr: 0.001 train_loss: 686693.7500 train_distortion: 8.3554 train_mapscore: 0.5496 train_c: -1.0974 train_max_dist: 32.2480 train_imax: 33.2659 train_imin: -110.6528 time: 2.8737s
INFO:root:Epoch: 1630 lr: 0.001 train_loss: 685474.6250 train_distortion: 8.4291 train_mapscore: 0.5481 train_c: -1.0975 train_max_dist: 32.3340 train_imax: 33.5854 train_imin: -110.9578 time: 2.9063s
INFO:root:Epoch: 1635 lr: 0.001 train_loss: 684021.3750 train_distortion: 8.5031 train_mapscore: 0.5530 train_c: -1.0976 train_max_dist: 32.4043 train_imax: 33.7881 train_imin: -111.3547 time: 2.9116s
INFO:root:Epoch: 1640 lr: 0.001 train_loss: 682678.0000 train_distortion: 8.5776 train_mapscore: 0.5565 train_c: -1.0977 train_max_dist: 32.4961 train_imax: 33.9601 train_imin: -111.7253 time: 2.9002s
INFO:root:Epoch: 1645 lr: 0.001 train_loss: 681402.4375 train_distortion: 8.6524 train_mapscore: 0.5600 train_c: -1.0978 train_max_dist: 32.5752 train_imax: 34.1190 train_imin: -112.1691 time: 2.9294s
INFO:root:Epoch: 1650 lr: 0.001 train_loss: 680170.5000 train_distortion: 8.7258 train_mapscore: 0.5647 train_c: -1.0979 train_max_dist: 32.6523 train_imax: 34.3279 train_imin: -112.5400 time: 2.8970s
INFO:root:Epoch: 1655 lr: 0.001 train_loss: 679005.5000 train_distortion: 8.7989 train_mapscore: 0.5672 train_c: -1.0980 train_max_dist: 32.7383 train_imax: 34.5688 train_imin: -113.0524 time: 2.9304s
INFO:root:Epoch: 1660 lr: 0.001 train_loss: 678504.6250 train_distortion: 8.8708 train_mapscore: 0.5664 train_c: -1.0981 train_max_dist: 32.8105 train_imax: 34.7538 train_imin: -113.9408 time: 2.9266s
INFO:root:Epoch: 1665 lr: 0.001 train_loss: 698901.8125 train_distortion: 8.9232 train_mapscore: 0.5335 train_c: -1.0982 train_max_dist: 32.8203 train_imax: 52.2018 train_imin: -98.9414 time: 3.0725s
INFO:root:Epoch: 1670 lr: 0.001 train_loss: 720885.1250 train_distortion: 8.9294 train_mapscore: 0.5127 train_c: -1.0982 train_max_dist: 32.8203 train_imax: 73.9582 train_imin: -99.4629 time: 3.2802s
INFO:root:Epoch: 1675 lr: 0.001 train_loss: 724102.3750 train_distortion: 8.9027 train_mapscore: 0.5071 train_c: -1.0982 train_max_dist: 32.8301 train_imax: 74.9566 train_imin: -98.8413 time: 3.2691s
INFO:root:Epoch: 1680 lr: 0.001 train_loss: 719030.0000 train_distortion: 8.8633 train_mapscore: 0.5103 train_c: -1.0982 train_max_dist: 32.8457 train_imax: 67.8753 train_imin: -98.9106 time: 3.1624s
INFO:root:Epoch: 1685 lr: 0.001 train_loss: 709466.3125 train_distortion: 8.8212 train_mapscore: 0.5150 train_c: -1.0981 train_max_dist: 32.8047 train_imax: 57.3240 train_imin: -98.2401 time: 3.0271s
INFO:root:Epoch: 1690 lr: 0.001 train_loss: 700551.1875 train_distortion: 8.7898 train_mapscore: 0.5220 train_c: -1.0982 train_max_dist: 32.8086 train_imax: 46.4454 train_imin: -97.8303 time: 2.9440s
INFO:root:Epoch: 1695 lr: 0.001 train_loss: 696707.7500 train_distortion: 8.7723 train_mapscore: 0.5275 train_c: -1.0982 train_max_dist: 32.8203 train_imax: 37.6365 train_imin: -98.5685 time: 2.9238s
INFO:root:Epoch: 1700 lr: 0.001 train_loss: 694023.0000 train_distortion: 8.7747 train_mapscore: 0.5322 train_c: -1.0983 train_max_dist: 32.8262 train_imax: 33.7376 train_imin: -98.7044 time: 2.9376s
INFO:root:Epoch: 1705 lr: 0.001 train_loss: 691364.8750 train_distortion: 8.7939 train_mapscore: 0.5368 train_c: -1.0983 train_max_dist: 32.8398 train_imax: 33.9795 train_imin: -99.2548 time: 2.9753s
INFO:root:Epoch: 1710 lr: 0.001 train_loss: 688439.8750 train_distortion: 8.8269 train_mapscore: 0.5420 train_c: -1.0984 train_max_dist: 32.8691 train_imax: 34.2832 train_imin: -99.7486 time: 2.9509s
INFO:root:Epoch: 1715 lr: 0.001 train_loss: 685610.5000 train_distortion: 8.8703 train_mapscore: 0.5480 train_c: -1.0984 train_max_dist: 32.9062 train_imax: 34.5399 train_imin: -99.9284 time: 2.9447s
INFO:root:Epoch: 1720 lr: 0.001 train_loss: 683046.6250 train_distortion: 8.9197 train_mapscore: 0.5536 train_c: -1.0985 train_max_dist: 32.9570 train_imax: 35.2505 train_imin: -99.9361 time: 2.9343s
INFO:root:Epoch: 1725 lr: 0.001 train_loss: 682113.3750 train_distortion: 8.9733 train_mapscore: 0.5552 train_c: -1.0985 train_max_dist: 33.0088 train_imax: 36.5545 train_imin: -99.6883 time: 2.9140s
INFO:root:Epoch: 1730 lr: 0.001 train_loss: 711538.5000 train_distortion: 8.9236 train_mapscore: 0.5207 train_c: -1.0985 train_max_dist: 35.8027 train_imax: 36.5154 train_imin: -118.4165 time: 3.0781s
INFO:root:Epoch: 1735 lr: 0.001 train_loss: 757942.9375 train_distortion: 8.6036 train_mapscore: 0.4715 train_c: -1.0984 train_max_dist: 36.9082 train_imax: 35.3616 train_imin: -144.3182 time: 3.2934s
INFO:root:Epoch: 1740 lr: 0.001 train_loss: 774233.5000 train_distortion: 8.2940 train_mapscore: 0.4503 train_c: -1.0983 train_max_dist: 36.4180 train_imax: 34.3867 train_imin: -159.1954 time: 3.3180s
INFO:root:Epoch: 1745 lr: 0.001 train_loss: 776224.3750 train_distortion: 8.0473 train_mapscore: 0.4434 train_c: -1.0981 train_max_dist: 35.9023 train_imax: 37.3571 train_imin: -162.6644 time: 3.2977s
INFO:root:Epoch: 1750 lr: 0.001 train_loss: 771376.8750 train_distortion: 7.8536 train_mapscore: 0.4451 train_c: -1.0980 train_max_dist: 35.5723 train_imax: 37.0034 train_imin: -162.6785 time: 3.3152s
INFO:root:Epoch: 1755 lr: 0.001 train_loss: 764682.0625 train_distortion: 7.7056 train_mapscore: 0.4497 train_c: -1.0978 train_max_dist: 35.5000 train_imax: 34.7033 train_imin: -161.8546 time: 3.2939s
INFO:root:Epoch: 1760 lr: 0.001 train_loss: 758558.0000 train_distortion: 7.5982 train_mapscore: 0.4565 train_c: -1.0978 train_max_dist: 35.4375 train_imax: 33.0889 train_imin: -161.0078 time: 3.2860s
INFO:root:Epoch: 1765 lr: 0.001 train_loss: 752633.9375 train_distortion: 7.5255 train_mapscore: 0.4627 train_c: -1.0977 train_max_dist: 35.3809 train_imax: 32.7883 train_imin: -160.3165 time: 3.2750s
INFO:root:Epoch: 1770 lr: 0.001 train_loss: 747186.8125 train_distortion: 7.4816 train_mapscore: 0.4691 train_c: -1.0977 train_max_dist: 35.3418 train_imax: 33.2756 train_imin: -159.8645 time: 3.2723s
INFO:root:Epoch: 1775 lr: 0.001 train_loss: 742397.3125 train_distortion: 7.4612 train_mapscore: 0.4749 train_c: -1.0977 train_max_dist: 35.3320 train_imax: 33.8244 train_imin: -159.7428 time: 3.2457s
INFO:root:Epoch: 1780 lr: 0.001 train_loss: 738206.5625 train_distortion: 7.4599 train_mapscore: 0.4815 train_c: -1.0977 train_max_dist: 35.3633 train_imax: 33.9256 train_imin: -160.0577 time: 3.2432s
INFO:root:Epoch: 1785 lr: 0.001 train_loss: 734462.5000 train_distortion: 7.4736 train_mapscore: 0.4872 train_c: -1.0977 train_max_dist: 35.3574 train_imax: 33.8315 train_imin: -160.0696 time: 3.2071s
INFO:root:Epoch: 1790 lr: 0.001 train_loss: 731139.5000 train_distortion: 7.4988 train_mapscore: 0.4923 train_c: -1.0977 train_max_dist: 35.3789 train_imax: 33.8827 train_imin: -160.3012 time: 3.2716s
INFO:root:Epoch: 1795 lr: 0.001 train_loss: 728134.6875 train_distortion: 7.5329 train_mapscore: 0.4976 train_c: -1.0977 train_max_dist: 35.4277 train_imax: 34.1322 train_imin: -160.8918 time: 3.2493s
INFO:root:Epoch: 1800 lr: 0.001 train_loss: 725972.1875 train_distortion: 7.5779 train_mapscore: 0.5013 train_c: -1.0978 train_max_dist: 35.4629 train_imax: 34.4033 train_imin: -161.3804 time: 3.2487s
INFO:root:Epoch: 1805 lr: 0.001 train_loss: 723305.4375 train_distortion: 7.6271 train_mapscore: 0.5041 train_c: -1.0978 train_max_dist: 35.5039 train_imax: 34.3464 train_imin: -161.8860 time: 3.2364s
INFO:root:Epoch: 1810 lr: 0.001 train_loss: 737321.6875 train_distortion: 7.5299 train_mapscore: 0.4807 train_c: -1.0982 train_max_dist: 37.0039 train_imax: 34.4469 train_imin: -182.3390 time: 3.2406s
INFO:root:Epoch: 1815 lr: 0.001 train_loss: 848581.2500 train_distortion: 6.5707 train_mapscore: 0.3730 train_c: -1.0992 train_max_dist: 34.5742 train_imax: 32.6169 train_imin: -126.2118 time: 3.3522s
INFO:root:Epoch: 1820 lr: 0.001 train_loss: 920195.6250 train_distortion: 5.8045 train_mapscore: 0.3086 train_c: -1.0998 train_max_dist: 33.8359 train_imax: 36.1578 train_imin: -90.7716 time: 3.4885s
INFO:root:Epoch: 1825 lr: 0.001 train_loss: 950710.2500 train_distortion: 5.2953 train_mapscore: 0.2816 train_c: -1.1002 train_max_dist: 33.2676 train_imax: 43.6110 train_imin: -85.9376 time: 3.5626s
INFO:root:Epoch: 1830 lr: 0.001 train_loss: 958502.5000 train_distortion: 4.9568 train_mapscore: 0.2717 train_c: -1.1005 train_max_dist: 32.8867 train_imax: 47.6737 train_imin: -82.3210 time: 3.6463s
INFO:root:Epoch: 1835 lr: 0.001 train_loss: 955954.9375 train_distortion: 4.7265 train_mapscore: 0.2692 train_c: -1.1006 train_max_dist: 32.5508 train_imax: 49.5555 train_imin: -79.6778 time: 3.6188s
INFO:root:Epoch: 1840 lr: 0.001 train_loss: 949390.7500 train_distortion: 4.5633 train_mapscore: 0.2711 train_c: -1.1007 train_max_dist: 32.2793 train_imax: 51.3546 train_imin: -77.7256 time: 3.6403s
INFO:root:Epoch: 1845 lr: 0.001 train_loss: 941000.7500 train_distortion: 4.4446 train_mapscore: 0.2748 train_c: -1.1008 train_max_dist: 32.0762 train_imax: 52.4178 train_imin: -76.2508 time: 3.6374s
INFO:root:Epoch: 1850 lr: 0.001 train_loss: 932579.8750 train_distortion: 4.3587 train_mapscore: 0.2798 train_c: -1.1009 train_max_dist: 31.9141 train_imax: 52.4011 train_imin: -75.0887 time: 3.6423s
INFO:root:Epoch: 1855 lr: 0.001 train_loss: 924564.2500 train_distortion: 4.2908 train_mapscore: 0.2843 train_c: -1.1009 train_max_dist: 31.7715 train_imax: 52.8595 train_imin: -74.1320 time: 3.6430s
INFO:root:Epoch: 1860 lr: 0.001 train_loss: 917162.6250 train_distortion: 4.2372 train_mapscore: 0.2887 train_c: -1.1010 train_max_dist: 31.6465 train_imax: 53.1587 train_imin: -73.3651 time: 3.6224s
INFO:root:Epoch: 1865 lr: 0.001 train_loss: 910202.8750 train_distortion: 4.1952 train_mapscore: 0.2932 train_c: -1.1010 train_max_dist: 31.5449 train_imax: 52.9005 train_imin: -72.7251 time: 3.6492s
INFO:root:Epoch: 1870 lr: 0.001 train_loss: 903741.8125 train_distortion: 4.1631 train_mapscore: 0.2978 train_c: -1.1010 train_max_dist: 31.4707 train_imax: 52.1744 train_imin: -72.1962 time: 3.6302s
INFO:root:Epoch: 1875 lr: 0.001 train_loss: 897773.8750 train_distortion: 4.1389 train_mapscore: 0.3025 train_c: -1.1011 train_max_dist: 31.4004 train_imax: 51.2207 train_imin: -71.7611 time: 3.6250s
INFO:root:Epoch: 1880 lr: 0.001 train_loss: 892433.7500 train_distortion: 4.1217 train_mapscore: 0.3064 train_c: -1.1011 train_max_dist: 31.3438 train_imax: 50.2447 train_imin: -71.4095 time: 3.5890s
INFO:root:Epoch: 1885 lr: 0.001 train_loss: 887540.8125 train_distortion: 4.1100 train_mapscore: 0.3103 train_c: -1.1011 train_max_dist: 31.3184 train_imax: 49.4606 train_imin: -71.1482 time: 3.5673s
INFO:root:Epoch: 1890 lr: 0.001 train_loss: 883070.8125 train_distortion: 4.1039 train_mapscore: 0.3139 train_c: -1.1012 train_max_dist: 31.3066 train_imax: 49.0495 train_imin: -70.9364 time: 3.5789s
INFO:root:Epoch: 1895 lr: 0.001 train_loss: 878942.8750 train_distortion: 4.1022 train_mapscore: 0.3174 train_c: -1.1012 train_max_dist: 31.2891 train_imax: 48.8633 train_imin: -70.7594 time: 3.5606s
INFO:root:Epoch: 1900 lr: 0.001 train_loss: 875060.6875 train_distortion: 4.1047 train_mapscore: 0.3210 train_c: -1.1013 train_max_dist: 31.2969 train_imax: 48.4554 train_imin: -70.6152 time: 3.5465s
INFO:root:Epoch: 1905 lr: 0.001 train_loss: 871466.4375 train_distortion: 4.1108 train_mapscore: 0.3241 train_c: -1.1013 train_max_dist: 31.2949 train_imax: 47.8815 train_imin: -70.4946 time: 3.5391s
INFO:root:Epoch: 1910 lr: 0.001 train_loss: 868070.6875 train_distortion: 4.1197 train_mapscore: 0.3275 train_c: -1.1013 train_max_dist: 31.3086 train_imax: 47.3914 train_imin: -70.3864 time: 3.5455s
INFO:root:Epoch: 1915 lr: 0.001 train_loss: 864926.7500 train_distortion: 4.1308 train_mapscore: 0.3302 train_c: -1.1014 train_max_dist: 31.3242 train_imax: 46.7614 train_imin: -70.3192 time: 3.5322s
INFO:root:Epoch: 1920 lr: 0.001 train_loss: 861890.6875 train_distortion: 4.1440 train_mapscore: 0.3334 train_c: -1.1014 train_max_dist: 31.3418 train_imax: 46.3597 train_imin: -70.3021 time: 3.5282s
INFO:root:Epoch: 1925 lr: 0.001 train_loss: 859205.7500 train_distortion: 4.1591 train_mapscore: 0.3344 train_c: -1.1015 train_max_dist: 31.4375 train_imax: 46.0904 train_imin: -70.3042 time: 3.5509s
INFO:root:Epoch: 1930 lr: 0.001 train_loss: 856401.0625 train_distortion: 4.1753 train_mapscore: 0.3377 train_c: -1.1015 train_max_dist: 31.4414 train_imax: 45.9017 train_imin: -70.3199 time: 3.5329s
INFO:root:Epoch: 1935 lr: 0.001 train_loss: 853712.4375 train_distortion: 4.1931 train_mapscore: 0.3401 train_c: -1.1015 train_max_dist: 31.3828 train_imax: 45.7316 train_imin: -70.3510 time: 3.5372s
INFO:root:Epoch: 1940 lr: 0.001 train_loss: 851142.1875 train_distortion: 4.2128 train_mapscore: 0.3429 train_c: -1.1016 train_max_dist: 31.4277 train_imax: 45.6000 train_imin: -70.4028 time: 3.5319s
INFO:root:Epoch: 1945 lr: 0.001 train_loss: 848673.3125 train_distortion: 4.2341 train_mapscore: 0.3451 train_c: -1.1016 train_max_dist: 31.4883 train_imax: 45.4675 train_imin: -70.4865 time: 3.5406s
INFO:root:Epoch: 1950 lr: 0.001 train_loss: 846288.0000 train_distortion: 4.2566 train_mapscore: 0.3479 train_c: -1.1017 train_max_dist: 31.5078 train_imax: 45.2810 train_imin: -70.5834 time: 3.5280s
INFO:root:Epoch: 1955 lr: 0.001 train_loss: 843960.2500 train_distortion: 4.2799 train_mapscore: 0.3507 train_c: -1.1017 train_max_dist: 31.5371 train_imax: 45.2087 train_imin: -70.7056 time: 3.5259s
INFO:root:Epoch: 1960 lr: 0.001 train_loss: 841727.8750 train_distortion: 4.3039 train_mapscore: 0.3529 train_c: -1.1017 train_max_dist: 31.5859 train_imax: 45.1664 train_imin: -70.8508 time: 3.5269s
INFO:root:Epoch: 1965 lr: 0.001 train_loss: 839603.7500 train_distortion: 4.3284 train_mapscore: 0.3557 train_c: -1.1018 train_max_dist: 31.6152 train_imax: 45.0698 train_imin: -70.9844 time: 3.5171s
INFO:root:Epoch: 1970 lr: 0.001 train_loss: 837496.7500 train_distortion: 4.3536 train_mapscore: 0.3588 train_c: -1.1018 train_max_dist: 31.6660 train_imax: 44.9800 train_imin: -71.1286 time: 3.4690s
INFO:root:Epoch: 1975 lr: 0.001 train_loss: 835474.6875 train_distortion: 4.3794 train_mapscore: 0.3612 train_c: -1.1019 train_max_dist: 31.7148 train_imax: 44.8999 train_imin: -71.2862 time: 3.4761s
INFO:root:Epoch: 1980 lr: 0.001 train_loss: 833480.1250 train_distortion: 4.4058 train_mapscore: 0.3633 train_c: -1.1019 train_max_dist: 31.7520 train_imax: 44.8116 train_imin: -71.4609 time: 3.4830s
INFO:root:Epoch: 1985 lr: 0.001 train_loss: 831579.5000 train_distortion: 4.4327 train_mapscore: 0.3656 train_c: -1.1019 train_max_dist: 31.8066 train_imax: 44.7515 train_imin: -71.6291 time: 3.4652s
INFO:root:Epoch: 1990 lr: 0.001 train_loss: 829727.0625 train_distortion: 4.4600 train_mapscore: 0.3683 train_c: -1.1020 train_max_dist: 31.8477 train_imax: 44.6940 train_imin: -71.8040 time: 3.4591s
INFO:root:Epoch: 1995 lr: 0.001 train_loss: 827933.2500 train_distortion: 4.4877 train_mapscore: 0.3703 train_c: -1.1020 train_max_dist: 31.9004 train_imax: 44.6522 train_imin: -71.9563 time: 3.4455s
INFO:root:Epoch: 2000 lr: 0.00025 train_loss: 826181.7500 train_distortion: 4.5155 train_mapscore: 0.3734 train_c: -1.1021 train_max_dist: 31.9492 train_imax: 44.6486 train_imin: -72.1445 time: 3.4658s
INFO:root:Optimization Finished!
INFO:root:Total time elapsed: 6239.5784s
INFO:root:Val set results: val_distortion: 1.0000 val_mapscore: -1.0000 val_c: -1.0000 val_max_dist: 0.0000
INFO:root:Test set results: test_loss: 825831.6250 test_distortion: 4.5211 test_mapscore: 0.3740 test_c: -1.1021 test_max_dist: 31.9590 test_imax: 44.6527 test_imin: -72.1953
INFO:root:Saved model in /workspace/xiongbo/hgcn/logs/md/2021_5_21/3
