INFO:root:Using: cuda:0
INFO:root:Using seed 1234.
INFO:root:MDModel(
  (encoder): HGCN(
    (layers): Sequential(
      (0): HyperbolicGraphConvolution(
        (linear): HypLinear(
          in_features=4040, out_features=10, c=Parameter containing:
          tensor([-1.], requires_grad=True)
        )
        (agg): HypAgg(
          c=Parameter containing:
          tensor([-1.], requires_grad=True)
        )
        (hyp_act): HypAct(
          c_in=Parameter containing:
          tensor([-1.], requires_grad=True), c_out=Parameter containing:
          tensor([-1.], requires_grad=True)
        )
      )
    )
  )
  (decoder): MDDecoder()
)
INFO:root:Total number of parameters: 40412
/workspace/anaconda3/envs/geo/lib/python3.7/site-packages/torch/optim/lr_scheduler.py:370: UserWarning: To get the last learning rate computed by the scheduler, please use `get_last_lr()`.
  "please use `get_last_lr()`.", UserWarning)
INFO:root:Epoch: 0005 lr: 0.001 train_loss: 1453379.3750 train_distortion: 0.8324 train_mapscore: 0.0174 train_c: -1.0004 train_max_dist: 1.3145 train_imax: -0.0000 train_imin: -1.4904 time: 5.3574s
INFO:root:Epoch: 0010 lr: 0.001 train_loss: 1444204.0000 train_distortion: 0.8071 train_mapscore: 0.0249 train_c: -1.0008 train_max_dist: 1.3765 train_imax: -0.0000 train_imin: -1.5273 time: 5.2294s
INFO:root:Epoch: 0015 lr: 0.001 train_loss: 1431876.6250 train_distortion: 0.7734 train_mapscore: 0.0405 train_c: -1.0013 train_max_dist: 1.4487 train_imax: -0.0000 train_imin: -1.5801 time: 4.9485s
INFO:root:Epoch: 0020 lr: 0.001 train_loss: 1416150.1250 train_distortion: 0.7351 train_mapscore: 0.0683 train_c: -1.0018 train_max_dist: 1.5422 train_imax: -0.0000 train_imin: -1.6623 time: 4.7141s
INFO:root:Epoch: 0025 lr: 0.001 train_loss: 1397749.2500 train_distortion: 0.6955 train_mapscore: 0.1058 train_c: -1.0024 train_max_dist: 1.7608 train_imax: -0.0000 train_imin: -1.8411 time: 4.4259s
INFO:root:Epoch: 0030 lr: 0.001 train_loss: 1378184.5000 train_distortion: 0.6575 train_mapscore: 0.1435 train_c: -1.0030 train_max_dist: 2.0222 train_imax: -0.0000 train_imin: -1.9783 time: 4.3130s
INFO:root:Epoch: 0035 lr: 0.001 train_loss: 1359158.3750 train_distortion: 0.6233 train_mapscore: 0.1745 train_c: -1.0037 train_max_dist: 2.2937 train_imax: -0.0000 train_imin: -2.0704 time: 4.1490s
INFO:root:Epoch: 0040 lr: 0.001 train_loss: 1341862.7500 train_distortion: 0.5939 train_mapscore: 0.1973 train_c: -1.0044 train_max_dist: 2.5214 train_imax: -0.0000 train_imin: -2.1339 time: 4.0926s
INFO:root:Epoch: 0045 lr: 0.001 train_loss: 1326655.2500 train_distortion: 0.5688 train_mapscore: 0.2155 train_c: -1.0051 train_max_dist: 2.7567 train_imax: -0.0000 train_imin: -2.2058 time: 3.9383s
INFO:root:Epoch: 0050 lr: 0.001 train_loss: 1313265.2500 train_distortion: 0.5471 train_mapscore: 0.2303 train_c: -1.0058 train_max_dist: 2.9624 train_imax: -0.0000 train_imin: -2.3046 time: 3.9404s
INFO:root:Epoch: 0055 lr: 0.001 train_loss: 1301275.5000 train_distortion: 0.5279 train_mapscore: 0.2430 train_c: -1.0066 train_max_dist: 3.1204 train_imax: -0.0000 train_imin: -2.4052 time: 3.8421s
INFO:root:Epoch: 0060 lr: 0.001 train_loss: 1290415.2500 train_distortion: 0.5106 train_mapscore: 0.2528 train_c: -1.0073 train_max_dist: 3.2709 train_imax: -0.0000 train_imin: -2.5195 time: 3.8372s
INFO:root:Epoch: 0065 lr: 0.001 train_loss: 1280407.6250 train_distortion: 0.4948 train_mapscore: 0.2611 train_c: -1.0081 train_max_dist: 3.4974 train_imax: -0.0000 train_imin: -2.6366 time: 3.7780s
INFO:root:Epoch: 0070 lr: 0.001 train_loss: 1271064.3750 train_distortion: 0.4802 train_mapscore: 0.2684 train_c: -1.0088 train_max_dist: 3.7571 train_imax: -0.0000 train_imin: -2.7541 time: 3.8066s
INFO:root:Epoch: 0075 lr: 0.001 train_loss: 1262256.2500 train_distortion: 0.4665 train_mapscore: 0.2752 train_c: -1.0096 train_max_dist: 4.0182 train_imax: -0.0000 train_imin: -2.9154 time: 3.7751s
INFO:root:Epoch: 0080 lr: 0.001 train_loss: 1253920.8750 train_distortion: 0.4535 train_mapscore: 0.2802 train_c: -1.0103 train_max_dist: 4.2670 train_imax: -0.0000 train_imin: -3.1585 time: 3.7678s
INFO:root:Epoch: 0085 lr: 0.001 train_loss: 1246035.8750 train_distortion: 0.4412 train_mapscore: 0.2842 train_c: -1.0110 train_max_dist: 4.5219 train_imax: -0.0000 train_imin: -3.4385 time: 3.6844s
INFO:root:Epoch: 0090 lr: 0.001 train_loss: 1238498.7500 train_distortion: 0.4295 train_mapscore: 0.2887 train_c: -1.0118 train_max_dist: 4.7910 train_imax: -0.0000 train_imin: -3.7200 time: 3.6725s
INFO:root:Epoch: 0095 lr: 0.001 train_loss: 1231248.1250 train_distortion: 0.4182 train_mapscore: 0.2933 train_c: -1.0125 train_max_dist: 5.0738 train_imax: -0.0000 train_imin: -3.9758 time: 3.6522s
INFO:root:Epoch: 0100 lr: 0.001 train_loss: 1224257.7500 train_distortion: 0.4073 train_mapscore: 0.2976 train_c: -1.0133 train_max_dist: 5.3431 train_imax: -0.0000 train_imin: -4.2560 time: 3.6646s
INFO:root:Epoch: 0105 lr: 0.001 train_loss: 1217502.3750 train_distortion: 0.3967 train_mapscore: 0.3013 train_c: -1.0140 train_max_dist: 5.5854 train_imax: -0.0000 train_imin: -4.5573 time: 3.6144s
INFO:root:Epoch: 0110 lr: 0.001 train_loss: 1210905.5000 train_distortion: 0.3865 train_mapscore: 0.3060 train_c: -1.0147 train_max_dist: 5.8429 train_imax: -0.0000 train_imin: -4.8494 time: 3.5570s
INFO:root:Epoch: 0115 lr: 0.001 train_loss: 1204436.0000 train_distortion: 0.3766 train_mapscore: 0.3107 train_c: -1.0154 train_max_dist: 6.0802 train_imax: -0.0000 train_imin: -5.1554 time: 3.5480s
INFO:root:Epoch: 0120 lr: 0.001 train_loss: 1198057.7500 train_distortion: 0.3667 train_mapscore: 0.3152 train_c: -1.0162 train_max_dist: 6.3126 train_imax: -0.0000 train_imin: -5.4345 time: 3.5563s
INFO:root:Epoch: 0125 lr: 0.001 train_loss: 1191752.5000 train_distortion: 0.3571 train_mapscore: 0.3195 train_c: -1.0169 train_max_dist: 6.5206 train_imax: -0.0000 train_imin: -5.7041 time: 3.5151s
INFO:root:Epoch: 0130 lr: 0.001 train_loss: 1185485.3750 train_distortion: 0.3476 train_mapscore: 0.3247 train_c: -1.0176 train_max_dist: 6.7291 train_imax: -0.0000 train_imin: -5.9832 time: 3.4776s
INFO:root:Epoch: 0135 lr: 0.001 train_loss: 1179231.0000 train_distortion: 0.3383 train_mapscore: 0.3289 train_c: -1.0183 train_max_dist: 6.9226 train_imax: -0.0000 train_imin: -6.2594 time: 3.3622s
INFO:root:Epoch: 0140 lr: 0.001 train_loss: 1172975.6250 train_distortion: 0.3291 train_mapscore: 0.3337 train_c: -1.0190 train_max_dist: 7.1179 train_imax: -0.0000 train_imin: -6.5194 time: 3.4176s
INFO:root:Epoch: 0145 lr: 0.001 train_loss: 1166665.7500 train_distortion: 0.3200 train_mapscore: 0.3383 train_c: -1.0197 train_max_dist: 7.3346 train_imax: -0.0000 train_imin: -6.8522 time: 3.3778s
INFO:root:Epoch: 0150 lr: 0.001 train_loss: 1160285.0000 train_distortion: 0.3109 train_mapscore: 0.3442 train_c: -1.0204 train_max_dist: 7.5857 train_imax: -0.0000 train_imin: -7.0888 time: 3.4080s
INFO:root:Epoch: 0155 lr: 0.001 train_loss: 1153764.5000 train_distortion: 0.3018 train_mapscore: 0.3487 train_c: -1.0211 train_max_dist: 7.8368 train_imax: -0.0000 train_imin: -7.3683 time: 3.3632s
INFO:root:Epoch: 0160 lr: 0.001 train_loss: 1147191.6250 train_distortion: 0.2929 train_mapscore: 0.3547 train_c: -1.0218 train_max_dist: 8.0159 train_imax: -0.0000 train_imin: -7.6324 time: 3.3201s
INFO:root:Epoch: 0165 lr: 0.001 train_loss: 1140578.3750 train_distortion: 0.2840 train_mapscore: 0.3579 train_c: -1.0225 train_max_dist: 8.2286 train_imax: -0.0000 train_imin: -7.9586 time: 3.3225s
INFO:root:Epoch: 0170 lr: 0.001 train_loss: 1133806.7500 train_distortion: 0.2752 train_mapscore: 0.3628 train_c: -1.0232 train_max_dist: 8.5071 train_imax: -0.0000 train_imin: -8.2018 time: 3.2988s
INFO:root:Epoch: 0175 lr: 0.001 train_loss: 1126876.2500 train_distortion: 0.2665 train_mapscore: 0.3690 train_c: -1.0239 train_max_dist: 8.6703 train_imax: -0.0000 train_imin: -8.4776 time: 3.2740s
INFO:root:Epoch: 0180 lr: 0.001 train_loss: 1119896.5000 train_distortion: 0.2581 train_mapscore: 0.3724 train_c: -1.0247 train_max_dist: 8.9365 train_imax: -0.0000 train_imin: -8.7710 time: 3.2382s
INFO:root:Epoch: 0185 lr: 0.001 train_loss: 1112864.3750 train_distortion: 0.2499 train_mapscore: 0.3739 train_c: -1.0254 train_max_dist: 9.1801 train_imax: -0.0000 train_imin: -9.0629 time: 3.3172s
INFO:root:Epoch: 0190 lr: 0.001 train_loss: 1105712.0000 train_distortion: 0.2421 train_mapscore: 0.3770 train_c: -1.0261 train_max_dist: 9.3723 train_imax: -0.0000 train_imin: -9.4086 time: 3.2259s
INFO:root:Epoch: 0195 lr: 0.001 train_loss: 1098329.1250 train_distortion: 0.2344 train_mapscore: 0.3828 train_c: -1.0268 train_max_dist: 9.5886 train_imax: -0.0000 train_imin: -9.6578 time: 3.1761s
INFO:root:Epoch: 0200 lr: 0.001 train_loss: 1090971.0000 train_distortion: 0.2272 train_mapscore: 0.3854 train_c: -1.0275 train_max_dist: 9.9249 train_imax: -0.0000 train_imin: -10.0399 time: 3.1552s
INFO:root:Epoch: 0205 lr: 0.001 train_loss: 1083425.5000 train_distortion: 0.2203 train_mapscore: 0.3910 train_c: -1.0282 train_max_dist: 10.1175 train_imax: -0.0000 train_imin: -10.3642 time: 3.1301s
INFO:root:Epoch: 0210 lr: 0.001 train_loss: 1075845.1250 train_distortion: 0.2139 train_mapscore: 0.3938 train_c: -1.0289 train_max_dist: 10.2565 train_imax: -0.0000 train_imin: -10.7109 time: 3.1307s
INFO:root:Epoch: 0215 lr: 0.001 train_loss: 1068088.7500 train_distortion: 0.2078 train_mapscore: 0.3975 train_c: -1.0295 train_max_dist: 10.7091 train_imax: -0.0000 train_imin: -11.1303 time: 3.0832s
INFO:root:Epoch: 0220 lr: 0.001 train_loss: 1060171.5000 train_distortion: 0.2024 train_mapscore: 0.4022 train_c: -1.0302 train_max_dist: 10.8566 train_imax: -0.0000 train_imin: -11.5938 time: 3.0785s
INFO:root:Epoch: 0225 lr: 0.001 train_loss: 1052214.7500 train_distortion: 0.1974 train_mapscore: 0.4080 train_c: -1.0309 train_max_dist: 11.1560 train_imax: -0.0000 train_imin: -11.9831 time: 3.0925s
INFO:root:Epoch: 0230 lr: 0.001 train_loss: 1044300.8750 train_distortion: 0.1930 train_mapscore: 0.4110 train_c: -1.0316 train_max_dist: 11.5410 train_imax: -0.0000 train_imin: -12.4148 time: 3.0363s
INFO:root:Epoch: 0235 lr: 0.001 train_loss: 1036246.2500 train_distortion: 0.1894 train_mapscore: 0.4153 train_c: -1.0323 train_max_dist: 11.8495 train_imax: -0.0000 train_imin: -12.7516 time: 3.0132s
INFO:root:Epoch: 0240 lr: 0.001 train_loss: 1027991.6875 train_distortion: 0.1867 train_mapscore: 0.4223 train_c: -1.0330 train_max_dist: 12.0801 train_imax: 0.1446 train_imin: -13.2508 time: 3.0439s
INFO:root:Epoch: 0245 lr: 0.001 train_loss: 1019838.8750 train_distortion: 0.1847 train_mapscore: 0.4267 train_c: -1.0337 train_max_dist: 12.3072 train_imax: 0.9991 train_imin: -13.7082 time: 3.0210s
INFO:root:Epoch: 0250 lr: 0.001 train_loss: 1012039.7500 train_distortion: 0.1837 train_mapscore: 0.4284 train_c: -1.0344 train_max_dist: 12.8466 train_imax: 0.0513 train_imin: -14.1332 time: 3.0433s
INFO:root:Epoch: 0255 lr: 0.001 train_loss: 1003705.2500 train_distortion: 0.1838 train_mapscore: 0.4355 train_c: -1.0351 train_max_dist: 13.0506 train_imax: 0.4282 train_imin: -14.5736 time: 3.0143s
INFO:root:Epoch: 0260 lr: 0.001 train_loss: 995272.1250 train_distortion: 0.1847 train_mapscore: 0.4421 train_c: -1.0357 train_max_dist: 13.3629 train_imax: 1.2278 train_imin: -14.9909 time: 2.9545s
INFO:root:Epoch: 0265 lr: 0.001 train_loss: 986851.2500 train_distortion: 0.1871 train_mapscore: 0.4488 train_c: -1.0364 train_max_dist: 13.6209 train_imax: 1.4951 train_imin: -15.4540 time: 2.9907s
INFO:root:Epoch: 0270 lr: 0.001 train_loss: 978727.1875 train_distortion: 0.1905 train_mapscore: 0.4530 train_c: -1.0371 train_max_dist: 13.8398 train_imax: 2.4147 train_imin: -15.8725 time: 2.9675s
INFO:root:Epoch: 0275 lr: 0.001 train_loss: 970202.7500 train_distortion: 0.1954 train_mapscore: 0.4610 train_c: -1.0377 train_max_dist: 14.2046 train_imax: 1.8556 train_imin: -16.3555 time: 2.9435s
INFO:root:Epoch: 0280 lr: 0.001 train_loss: 962094.1250 train_distortion: 0.2016 train_mapscore: 0.4622 train_c: -1.0384 train_max_dist: 14.5862 train_imax: 1.5411 train_imin: -16.7923 time: 2.9363s
INFO:root:Epoch: 0285 lr: 0.001 train_loss: 954173.3750 train_distortion: 0.2089 train_mapscore: 0.4653 train_c: -1.0391 train_max_dist: 14.6841 train_imax: 3.4746 train_imin: -17.2222 time: 2.9156s
INFO:root:Epoch: 0290 lr: 0.001 train_loss: 945795.8125 train_distortion: 0.2186 train_mapscore: 0.4687 train_c: -1.0397 train_max_dist: 15.0540 train_imax: 1.6046 train_imin: -17.8174 time: 2.9066s
INFO:root:Epoch: 0295 lr: 0.001 train_loss: 937795.6250 train_distortion: 0.2293 train_mapscore: 0.4706 train_c: -1.0404 train_max_dist: 15.2653 train_imax: 2.6502 train_imin: -18.3149 time: 2.9411s
INFO:root:Epoch: 0300 lr: 0.001 train_loss: 929789.1875 train_distortion: 0.2415 train_mapscore: 0.4736 train_c: -1.0410 train_max_dist: 15.5032 train_imax: 2.1719 train_imin: -18.5713 time: 2.9159s
INFO:root:Epoch: 0305 lr: 0.001 train_loss: 921386.6875 train_distortion: 0.2566 train_mapscore: 0.4796 train_c: -1.0417 train_max_dist: 15.6583 train_imax: 0.1636 train_imin: -19.3495 time: 2.9284s
INFO:root:Epoch: 0310 lr: 0.001 train_loss: 913402.3125 train_distortion: 0.2723 train_mapscore: 0.4827 train_c: -1.0423 train_max_dist: 15.4283 train_imax: 1.8301 train_imin: -19.6039 time: 2.8977s
INFO:root:Epoch: 0315 lr: 0.001 train_loss: 905350.0625 train_distortion: 0.2896 train_mapscore: 0.4915 train_c: -1.0430 train_max_dist: 15.5533 train_imax: 0.4207 train_imin: -19.8369 time: 2.8978s
INFO:root:Epoch: 0320 lr: 0.001 train_loss: 896904.8750 train_distortion: 0.3103 train_mapscore: 0.4992 train_c: -1.0436 train_max_dist: 15.9705 train_imax: 0.1791 train_imin: -20.2383 time: 2.9096s
INFO:root:Epoch: 0325 lr: 0.001 train_loss: 889032.2500 train_distortion: 0.3320 train_mapscore: 0.5053 train_c: -1.0442 train_max_dist: 15.9434 train_imax: -0.0000 train_imin: -20.6273 time: 2.8744s
INFO:root:Epoch: 0330 lr: 0.001 train_loss: 880970.4375 train_distortion: 0.3563 train_mapscore: 0.5080 train_c: -1.0448 train_max_dist: 16.0808 train_imax: 0.4098 train_imin: -20.9183 time: 2.8623s
INFO:root:Epoch: 0335 lr: 0.001 train_loss: 873197.5000 train_distortion: 0.3836 train_mapscore: 0.5123 train_c: -1.0455 train_max_dist: 16.4135 train_imax: -0.0000 train_imin: -21.4354 time: 2.8639s
INFO:root:Epoch: 0340 lr: 0.001 train_loss: 865549.3750 train_distortion: 0.4123 train_mapscore: 0.5154 train_c: -1.0461 train_max_dist: 16.5665 train_imax: 0.1927 train_imin: -21.9160 time: 2.8603s
INFO:root:Epoch: 0345 lr: 0.001 train_loss: 857828.4375 train_distortion: 0.4426 train_mapscore: 0.5213 train_c: -1.0467 train_max_dist: 16.7349 train_imax: -0.0000 train_imin: -22.2086 time: 2.8399s
INFO:root:Epoch: 0350 lr: 0.001 train_loss: 850209.3125 train_distortion: 0.4764 train_mapscore: 0.5229 train_c: -1.0473 train_max_dist: 17.0054 train_imax: 0.0997 train_imin: -22.7613 time: 2.8586s
INFO:root:Epoch: 0355 lr: 0.001 train_loss: 842730.7500 train_distortion: 0.5119 train_mapscore: 0.5312 train_c: -1.0479 train_max_dist: 17.0419 train_imax: 0.0923 train_imin: -22.9563 time: 2.8540s
INFO:root:Epoch: 0360 lr: 0.001 train_loss: 835666.2500 train_distortion: 0.5513 train_mapscore: 0.5297 train_c: -1.0485 train_max_dist: 17.2305 train_imax: 0.1925 train_imin: -23.7995 time: 2.8374s
INFO:root:Epoch: 0365 lr: 0.001 train_loss: 828902.0000 train_distortion: 0.5914 train_mapscore: 0.5330 train_c: -1.0491 train_max_dist: 17.5701 train_imax: 0.1758 train_imin: -23.9320 time: 2.7888s
INFO:root:Epoch: 0370 lr: 0.001 train_loss: 821784.8125 train_distortion: 0.6359 train_mapscore: 0.5382 train_c: -1.0496 train_max_dist: 18.2964 train_imax: 0.2963 train_imin: -24.7468 time: 2.8375s
INFO:root:Epoch: 0375 lr: 0.001 train_loss: 814096.1875 train_distortion: 0.6819 train_mapscore: 0.5436 train_c: -1.0502 train_max_dist: 18.0784 train_imax: 0.2013 train_imin: -25.3137 time: 2.8319s
INFO:root:Epoch: 0380 lr: 0.001 train_loss: 807096.2500 train_distortion: 0.7296 train_mapscore: 0.5499 train_c: -1.0508 train_max_dist: 18.2341 train_imax: 0.4300 train_imin: -25.4404 time: 2.8485s
INFO:root:Epoch: 0385 lr: 0.001 train_loss: 799224.5000 train_distortion: 0.7831 train_mapscore: 0.5614 train_c: -1.0514 train_max_dist: 17.9718 train_imax: 0.1893 train_imin: -26.4345 time: 2.8440s
INFO:root:Epoch: 0390 lr: 0.001 train_loss: 792222.5625 train_distortion: 0.8378 train_mapscore: 0.5677 train_c: -1.0519 train_max_dist: 18.4553 train_imax: 0.4388 train_imin: -27.2110 time: 2.8510s
INFO:root:Epoch: 0395 lr: 0.001 train_loss: 791473.9375 train_distortion: 0.8788 train_mapscore: 0.5487 train_c: -1.0525 train_max_dist: 18.4381 train_imax: 1.3428 train_imin: -27.7073 time: 2.8411s
INFO:root:Epoch: 0400 lr: 0.001 train_loss: 790140.8125 train_distortion: 0.9153 train_mapscore: 0.5372 train_c: -1.0530 train_max_dist: 18.3752 train_imax: 2.4152 train_imin: -28.6156 time: 2.8610s
INFO:root:Epoch: 0405 lr: 0.001 train_loss: 782027.3750 train_distortion: 0.9807 train_mapscore: 0.5449 train_c: -1.0536 train_max_dist: 18.6079 train_imax: 2.5681 train_imin: -29.8773 time: 2.8538s
INFO:root:Epoch: 0410 lr: 0.001 train_loss: 773273.2500 train_distortion: 1.0526 train_mapscore: 0.5561 train_c: -1.0541 train_max_dist: 18.8879 train_imax: 2.1071 train_imin: -31.2645 time: 2.8632s
INFO:root:Epoch: 0415 lr: 0.001 train_loss: 765104.8125 train_distortion: 1.1277 train_mapscore: 0.5646 train_c: -1.0547 train_max_dist: 19.0884 train_imax: 1.8580 train_imin: -32.0942 time: 2.8533s
INFO:root:Epoch: 0420 lr: 0.001 train_loss: 758208.7500 train_distortion: 1.2062 train_mapscore: 0.5687 train_c: -1.0552 train_max_dist: 19.5173 train_imax: 1.9081 train_imin: -32.9157 time: 2.8033s
INFO:root:Epoch: 0425 lr: 0.001 train_loss: 751869.5000 train_distortion: 1.2847 train_mapscore: 0.5721 train_c: -1.0557 train_max_dist: 19.1814 train_imax: 1.9324 train_imin: -33.0580 time: 2.8314s
INFO:root:Epoch: 0430 lr: 0.001 train_loss: 744443.1250 train_distortion: 1.3665 train_mapscore: 0.5878 train_c: -1.0562 train_max_dist: 19.7773 train_imax: 1.9403 train_imin: -34.1542 time: 2.8380s
INFO:root:Epoch: 0435 lr: 0.001 train_loss: 737828.0625 train_distortion: 1.4475 train_mapscore: 0.5948 train_c: -1.0567 train_max_dist: 19.8997 train_imax: 1.9757 train_imin: -34.7729 time: 2.7845s
INFO:root:Epoch: 0440 lr: 0.001 train_loss: 731639.8750 train_distortion: 1.5350 train_mapscore: 0.5960 train_c: -1.0572 train_max_dist: 19.9277 train_imax: 1.9637 train_imin: -35.6745 time: 2.8268s
INFO:root:Epoch: 0445 lr: 0.001 train_loss: 725652.1875 train_distortion: 1.6252 train_mapscore: 0.6039 train_c: -1.0577 train_max_dist: 19.9722 train_imax: 2.0086 train_imin: -36.5636 time: 2.8020s
INFO:root:Epoch: 0450 lr: 0.001 train_loss: 719936.3750 train_distortion: 1.7144 train_mapscore: 0.6089 train_c: -1.0582 train_max_dist: 20.3188 train_imax: 2.0002 train_imin: -37.0513 time: 2.7750s
INFO:root:Epoch: 0455 lr: 0.001 train_loss: 714442.5000 train_distortion: 1.8096 train_mapscore: 0.6100 train_c: -1.0587 train_max_dist: 20.5132 train_imax: 2.0185 train_imin: -37.8655 time: 2.8262s
INFO:root:Epoch: 0460 lr: 0.001 train_loss: 711295.7500 train_distortion: 1.9073 train_mapscore: 0.6040 train_c: -1.0592 train_max_dist: 20.9415 train_imax: 2.0735 train_imin: -38.8485 time: 2.8209s
INFO:root:Epoch: 0465 lr: 0.001 train_loss: 704565.0000 train_distortion: 2.0064 train_mapscore: 0.6137 train_c: -1.0597 train_max_dist: 21.0342 train_imax: 2.0997 train_imin: -39.7028 time: 2.8079s
INFO:root:Epoch: 0470 lr: 0.001 train_loss: 700459.3750 train_distortion: 2.1049 train_mapscore: 0.6127 train_c: -1.0601 train_max_dist: 20.9971 train_imax: 2.0952 train_imin: -40.0441 time: 2.8104s
INFO:root:Epoch: 0475 lr: 0.001 train_loss: 693804.0000 train_distortion: 2.2098 train_mapscore: 0.6310 train_c: -1.0606 train_max_dist: 21.2163 train_imax: 2.1155 train_imin: -41.0133 time: 2.8338s
INFO:root:Epoch: 0480 lr: 0.001 train_loss: 689248.5000 train_distortion: 2.3218 train_mapscore: 0.6303 train_c: -1.0611 train_max_dist: 21.5317 train_imax: 2.1347 train_imin: -42.1789 time: 2.8379s
INFO:root:Epoch: 0485 lr: 0.001 train_loss: 683625.4375 train_distortion: 2.4321 train_mapscore: 0.6405 train_c: -1.0615 train_max_dist: 21.7544 train_imax: 2.1630 train_imin: -42.6573 time: 2.8519s
INFO:root:Epoch: 0490 lr: 0.001 train_loss: 678475.6250 train_distortion: 2.5467 train_mapscore: 0.6422 train_c: -1.0620 train_max_dist: 21.8629 train_imax: 2.2399 train_imin: -43.7405 time: 2.8382s
INFO:root:Epoch: 0495 lr: 0.001 train_loss: 673751.8750 train_distortion: 2.6653 train_mapscore: 0.6471 train_c: -1.0624 train_max_dist: 22.0425 train_imax: 2.2919 train_imin: -44.6708 time: 2.8362s
INFO:root:Epoch: 0500 lr: 0.001 train_loss: 669146.0000 train_distortion: 2.7851 train_mapscore: 0.6532 train_c: -1.0628 train_max_dist: 22.2573 train_imax: 2.2566 train_imin: -45.4493 time: 2.8331s
INFO:root:Epoch: 0505 lr: 0.001 train_loss: 665337.0625 train_distortion: 2.9086 train_mapscore: 0.6510 train_c: -1.0633 train_max_dist: 22.7253 train_imax: 2.3658 train_imin: -46.4215 time: 2.8291s
INFO:root:Epoch: 0510 lr: 0.001 train_loss: 661330.3125 train_distortion: 3.0334 train_mapscore: 0.6575 train_c: -1.0637 train_max_dist: 22.8651 train_imax: 2.4504 train_imin: -47.4512 time: 2.8231s
INFO:root:Epoch: 0515 lr: 0.001 train_loss: 657488.1250 train_distortion: 3.1594 train_mapscore: 0.6568 train_c: -1.0641 train_max_dist: 23.0610 train_imax: 3.7846 train_imin: -48.5201 time: 2.8311s
INFO:root:Epoch: 0520 lr: 0.001 train_loss: 652514.0625 train_distortion: 3.2929 train_mapscore: 0.6681 train_c: -1.0645 train_max_dist: 22.9904 train_imax: 3.1286 train_imin: -50.2293 time: 2.7953s
INFO:root:Epoch: 0525 lr: 0.001 train_loss: 650299.0625 train_distortion: 3.4194 train_mapscore: 0.6651 train_c: -1.0649 train_max_dist: 24.3303 train_imax: 4.7417 train_imin: -50.8096 time: 2.8234s
INFO:root:Epoch: 0530 lr: 0.001 train_loss: 645241.1250 train_distortion: 3.5509 train_mapscore: 0.6734 train_c: -1.0653 train_max_dist: 24.1800 train_imax: 4.4308 train_imin: -52.4051 time: 2.8257s
INFO:root:Epoch: 0535 lr: 0.001 train_loss: 641877.6875 train_distortion: 3.6890 train_mapscore: 0.6759 train_c: -1.0657 train_max_dist: 23.6382 train_imax: 3.8837 train_imin: -54.2294 time: 2.8129s
INFO:root:Epoch: 0540 lr: 0.001 train_loss: 638326.1250 train_distortion: 3.8205 train_mapscore: 0.6779 train_c: -1.0661 train_max_dist: 24.6924 train_imax: 4.4551 train_imin: -54.7891 time: 2.8129s
INFO:root:Epoch: 0545 lr: 0.001 train_loss: 634632.6250 train_distortion: 3.9619 train_mapscore: 0.6848 train_c: -1.0664 train_max_dist: 24.3497 train_imax: 4.5400 train_imin: -56.2604 time: 2.8073s
INFO:root:Epoch: 0550 lr: 0.001 train_loss: 631869.1250 train_distortion: 4.0950 train_mapscore: 0.6872 train_c: -1.0668 train_max_dist: 25.0271 train_imax: 5.6046 train_imin: -57.0580 time: 2.7945s
INFO:root:Epoch: 0555 lr: 0.001 train_loss: 627973.0625 train_distortion: 4.2379 train_mapscore: 0.6896 train_c: -1.0672 train_max_dist: 25.0535 train_imax: 5.3782 train_imin: -58.6516 time: 2.7968s
INFO:root:Epoch: 0560 lr: 0.001 train_loss: 624923.6875 train_distortion: 4.3803 train_mapscore: 0.6906 train_c: -1.0675 train_max_dist: 25.2127 train_imax: 5.3608 train_imin: -59.9984 time: 2.7519s
INFO:root:Epoch: 0565 lr: 0.001 train_loss: 622157.2500 train_distortion: 4.5214 train_mapscore: 0.6959 train_c: -1.0679 train_max_dist: 25.5218 train_imax: 5.5646 train_imin: -61.5586 time: 2.7880s
INFO:root:Epoch: 0570 lr: 0.001 train_loss: 619589.7500 train_distortion: 4.6598 train_mapscore: 0.7010 train_c: -1.0682 train_max_dist: 26.1610 train_imax: 6.6165 train_imin: -62.2055 time: 2.7969s
INFO:root:Epoch: 0575 lr: 0.001 train_loss: 616862.8125 train_distortion: 4.8057 train_mapscore: 0.6963 train_c: -1.0685 train_max_dist: 26.1644 train_imax: 5.9003 train_imin: -63.9390 time: 2.8267s
INFO:root:Epoch: 0580 lr: 0.001 train_loss: 614104.1250 train_distortion: 4.9513 train_mapscore: 0.7076 train_c: -1.0689 train_max_dist: 26.0629 train_imax: 5.2211 train_imin: -65.4826 time: 2.7940s
INFO:root:Epoch: 0585 lr: 0.001 train_loss: 612058.0000 train_distortion: 5.0945 train_mapscore: 0.7073 train_c: -1.0692 train_max_dist: 25.8960 train_imax: 5.1173 train_imin: -67.1568 time: 2.8282s
INFO:root:Epoch: 0590 lr: 0.001 train_loss: 610098.8750 train_distortion: 5.2341 train_mapscore: 0.7069 train_c: -1.0695 train_max_dist: 27.2079 train_imax: 7.4630 train_imin: -68.1248 time: 2.8237s
INFO:root:Epoch: 0595 lr: 0.001 train_loss: 607805.6875 train_distortion: 5.3771 train_mapscore: 0.7039 train_c: -1.0698 train_max_dist: 26.6126 train_imax: 6.5324 train_imin: -69.6143 time: 2.8137s
INFO:root:Epoch: 0600 lr: 0.001 train_loss: 605910.7500 train_distortion: 5.5191 train_mapscore: 0.7080 train_c: -1.0701 train_max_dist: 26.6385 train_imax: 5.7211 train_imin: -71.1396 time: 2.7738s
INFO:root:Epoch: 0605 lr: 0.001 train_loss: 603304.0625 train_distortion: 5.6553 train_mapscore: 0.7155 train_c: -1.0704 train_max_dist: 27.5315 train_imax: 6.8986 train_imin: -72.2949 time: 2.8228s
INFO:root:Epoch: 0610 lr: 0.001 train_loss: 601676.0625 train_distortion: 5.7939 train_mapscore: 0.7148 train_c: -1.0706 train_max_dist: 27.0886 train_imax: 7.1611 train_imin: -73.8050 time: 2.8219s
INFO:root:Epoch: 0615 lr: 0.001 train_loss: 601524.3750 train_distortion: 5.9324 train_mapscore: 0.7151 train_c: -1.0709 train_max_dist: 27.4825 train_imax: 5.8051 train_imin: -75.0717 time: 2.8084s
INFO:root:Epoch: 0620 lr: 0.001 train_loss: 600709.7500 train_distortion: 6.0619 train_mapscore: 0.7114 train_c: -1.0712 train_max_dist: 27.3882 train_imax: 5.4099 train_imin: -76.3338 time: 2.8277s
INFO:root:Epoch: 0625 lr: 0.001 train_loss: 598388.8125 train_distortion: 6.1885 train_mapscore: 0.7162 train_c: -1.0714 train_max_dist: 27.8876 train_imax: 5.3541 train_imin: -76.9150 time: 2.8149s
INFO:root:Epoch: 0630 lr: 0.001 train_loss: 595558.6875 train_distortion: 6.3231 train_mapscore: 0.7234 train_c: -1.0717 train_max_dist: 28.1234 train_imax: 5.7814 train_imin: -78.3065 time: 2.8273s
INFO:root:Epoch: 0635 lr: 0.001 train_loss: 593628.8750 train_distortion: 6.4582 train_mapscore: 0.7236 train_c: -1.0719 train_max_dist: 28.0583 train_imax: 5.7498 train_imin: -79.9464 time: 2.8166s
INFO:root:Epoch: 0640 lr: 0.001 train_loss: 656970.0000 train_distortion: 6.2496 train_mapscore: 0.6373 train_c: -1.0722 train_max_dist: 27.6973 train_imax: 15.6768 train_imin: -77.6711 time: 2.8001s
INFO:root:Epoch: 0645 lr: 0.001 train_loss: 673830.8750 train_distortion: 6.0194 train_mapscore: 0.5957 train_c: -1.0724 train_max_dist: 27.4277 train_imax: 21.8481 train_imin: -76.3124 time: 2.8650s
INFO:root:Epoch: 0650 lr: 0.001 train_loss: 665233.5000 train_distortion: 5.9857 train_mapscore: 0.5936 train_c: -1.0726 train_max_dist: 27.4307 train_imax: 23.2838 train_imin: -77.0821 time: 2.8837s
INFO:root:Epoch: 0655 lr: 0.001 train_loss: 653597.3750 train_distortion: 6.0400 train_mapscore: 0.6030 train_c: -1.0729 train_max_dist: 27.4766 train_imax: 23.7647 train_imin: -78.4609 time: 2.8699s
INFO:root:Epoch: 0660 lr: 0.001 train_loss: 642472.3125 train_distortion: 6.1297 train_mapscore: 0.6186 train_c: -1.0731 train_max_dist: 27.5801 train_imax: 23.5674 train_imin: -79.4486 time: 2.8451s
INFO:root:Epoch: 0665 lr: 0.001 train_loss: 633336.2500 train_distortion: 6.2445 train_mapscore: 0.6328 train_c: -1.0733 train_max_dist: 27.7100 train_imax: 23.4218 train_imin: -80.1945 time: 2.8060s
INFO:root:Epoch: 0670 lr: 0.001 train_loss: 625707.6875 train_distortion: 6.3724 train_mapscore: 0.6453 train_c: -1.0735 train_max_dist: 27.8662 train_imax: 23.2839 train_imin: -81.3600 time: 2.8167s
INFO:root:Epoch: 0675 lr: 0.001 train_loss: 619784.1250 train_distortion: 6.5173 train_mapscore: 0.6565 train_c: -1.0737 train_max_dist: 28.0728 train_imax: 23.3743 train_imin: -82.7233 time: 2.7944s
INFO:root:Epoch: 0680 lr: 0.001 train_loss: 614607.6250 train_distortion: 6.6599 train_mapscore: 0.6669 train_c: -1.0739 train_max_dist: 28.2588 train_imax: 23.3334 train_imin: -84.2414 time: 2.7441s
INFO:root:Epoch: 0685 lr: 0.001 train_loss: 610266.2500 train_distortion: 6.8049 train_mapscore: 0.6754 train_c: -1.0742 train_max_dist: 28.4219 train_imax: 23.2842 train_imin: -85.5078 time: 2.8048s
INFO:root:Epoch: 0690 lr: 0.001 train_loss: 642721.3750 train_distortion: 6.8520 train_mapscore: 0.6422 train_c: -1.0743 train_max_dist: 28.8984 train_imax: 23.0214 train_imin: -91.1675 time: 2.9373s
INFO:root:Epoch: 0695 lr: 0.001 train_loss: 785438.5000 train_distortion: 5.8672 train_mapscore: 0.5033 train_c: -1.0743 train_max_dist: 28.5459 train_imax: 18.0251 train_imin: -78.4608 time: 3.3287s
INFO:root:Epoch: 0700 lr: 0.001 train_loss: 838508.0625 train_distortion: 5.0275 train_mapscore: 0.4342 train_c: -1.0742 train_max_dist: 28.0322 train_imax: 23.0640 train_imin: -65.4886 time: 3.4519s
INFO:root:Epoch: 0705 lr: 0.001 train_loss: 848329.2500 train_distortion: 4.4881 train_mapscore: 0.4086 train_c: -1.0743 train_max_dist: 27.5723 train_imax: 21.2070 train_imin: -62.6740 time: 3.5061s
INFO:root:Epoch: 0710 lr: 0.001 train_loss: 843923.8750 train_distortion: 4.1602 train_mapscore: 0.4047 train_c: -1.0743 train_max_dist: 27.0674 train_imax: 18.8680 train_imin: -61.7860 time: 3.5229s
INFO:root:Epoch: 0715 lr: 0.001 train_loss: 836095.8750 train_distortion: 3.9753 train_mapscore: 0.4067 train_c: -1.0745 train_max_dist: 26.2051 train_imax: 27.6861 train_imin: -57.0327 time: 3.5336s
INFO:root:Epoch: 0720 lr: 0.001 train_loss: 825648.7500 train_distortion: 3.8931 train_mapscore: 0.4131 train_c: -1.0747 train_max_dist: 26.2930 train_imax: 24.8057 train_imin: -54.6051 time: 3.5094s
INFO:root:Epoch: 0725 lr: 0.001 train_loss: 815539.5625 train_distortion: 3.8787 train_mapscore: 0.4207 train_c: -1.0749 train_max_dist: 26.6777 train_imax: 17.6147 train_imin: -55.5952 time: 3.4921s
INFO:root:Epoch: 0730 lr: 0.001 train_loss: 806512.2500 train_distortion: 3.9082 train_mapscore: 0.4280 train_c: -1.0751 train_max_dist: 26.8584 train_imax: 15.6733 train_imin: -56.3991 time: 3.4539s
INFO:root:Epoch: 0735 lr: 0.001 train_loss: 797370.0625 train_distortion: 3.9653 train_mapscore: 0.4371 train_c: -1.0753 train_max_dist: 26.9688 train_imax: 18.3405 train_imin: -56.1640 time: 3.4913s
INFO:root:Epoch: 0740 lr: 0.001 train_loss: 789279.6875 train_distortion: 4.0335 train_mapscore: 0.4448 train_c: -1.0756 train_max_dist: 27.1836 train_imax: 17.7820 train_imin: -56.6856 time: 3.4774s
INFO:root:Epoch: 0745 lr: 0.001 train_loss: 781902.1250 train_distortion: 4.1118 train_mapscore: 0.4523 train_c: -1.0758 train_max_dist: 27.3594 train_imax: 18.5882 train_imin: -57.8056 time: 3.4801s
INFO:root:Epoch: 0750 lr: 0.001 train_loss: 775715.3125 train_distortion: 4.1968 train_mapscore: 0.4586 train_c: -1.0760 train_max_dist: 27.5127 train_imax: 20.1025 train_imin: -58.3513 time: 3.4510s
INFO:root:Epoch: 0755 lr: 0.001 train_loss: 770532.6250 train_distortion: 4.2822 train_mapscore: 0.4636 train_c: -1.0763 train_max_dist: 27.8506 train_imax: 17.6570 train_imin: -59.3438 time: 3.4090s
INFO:root:Epoch: 0760 lr: 0.001 train_loss: 764692.4375 train_distortion: 4.3707 train_mapscore: 0.4702 train_c: -1.0765 train_max_dist: 28.0049 train_imax: 20.7710 train_imin: -60.2392 time: 3.4217s
INFO:root:Epoch: 0765 lr: 0.001 train_loss: 762294.0625 train_distortion: 4.4534 train_mapscore: 0.4740 train_c: -1.0767 train_max_dist: 28.1338 train_imax: 21.8102 train_imin: -60.8723 time: 3.4368s
INFO:root:Epoch: 0770 lr: 0.001 train_loss: 766712.0000 train_distortion: 4.5081 train_mapscore: 0.4710 train_c: -1.0769 train_max_dist: 28.1494 train_imax: 21.1218 train_imin: -61.5031 time: 3.4769s
INFO:root:Epoch: 0775 lr: 0.001 train_loss: 765727.5000 train_distortion: 4.5585 train_mapscore: 0.4726 train_c: -1.0771 train_max_dist: 28.2686 train_imax: 19.6167 train_imin: -62.0363 time: 3.5050s
INFO:root:Epoch: 0780 lr: 0.001 train_loss: 762124.6875 train_distortion: 4.6135 train_mapscore: 0.4765 train_c: -1.0773 train_max_dist: 28.3506 train_imax: 19.9355 train_imin: -62.3824 time: 3.4588s
INFO:root:Epoch: 0785 lr: 0.001 train_loss: 757930.0000 train_distortion: 4.6741 train_mapscore: 0.4825 train_c: -1.0775 train_max_dist: 28.4375 train_imax: 20.3270 train_imin: -63.1120 time: 3.5094s
INFO:root:Epoch: 0790 lr: 0.001 train_loss: 753789.5000 train_distortion: 4.7381 train_mapscore: 0.4878 train_c: -1.0777 train_max_dist: 28.5576 train_imax: 20.0606 train_imin: -63.7365 time: 3.5186s
INFO:root:Epoch: 0795 lr: 0.001 train_loss: 749842.5625 train_distortion: 4.8061 train_mapscore: 0.4938 train_c: -1.0779 train_max_dist: 28.6582 train_imax: 20.4662 train_imin: -64.4489 time: 3.4866s
INFO:root:Epoch: 0800 lr: 0.001 train_loss: 746240.5000 train_distortion: 4.8761 train_mapscore: 0.4987 train_c: -1.0780 train_max_dist: 28.7852 train_imax: 20.2825 train_imin: -65.1603 time: 3.5192s
INFO:root:Epoch: 0805 lr: 0.001 train_loss: 742898.2500 train_distortion: 4.9474 train_mapscore: 0.5030 train_c: -1.0782 train_max_dist: 28.9033 train_imax: 20.4887 train_imin: -65.8251 time: 3.4762s
INFO:root:Epoch: 0810 lr: 0.001 train_loss: 739810.8125 train_distortion: 5.0196 train_mapscore: 0.5075 train_c: -1.0784 train_max_dist: 29.0303 train_imax: 20.5201 train_imin: -66.5609 time: 3.4561s
INFO:root:Epoch: 0815 lr: 0.001 train_loss: 736904.3750 train_distortion: 5.0921 train_mapscore: 0.5112 train_c: -1.0785 train_max_dist: 29.1602 train_imax: 20.5703 train_imin: -67.2961 time: 3.4552s
INFO:root:Epoch: 0820 lr: 0.001 train_loss: 734198.2500 train_distortion: 5.1639 train_mapscore: 0.5149 train_c: -1.0787 train_max_dist: 29.2744 train_imax: 20.6991 train_imin: -68.0475 time: 3.4742s
INFO:root:Epoch: 0825 lr: 0.001 train_loss: 731619.5000 train_distortion: 5.2345 train_mapscore: 0.5184 train_c: -1.0788 train_max_dist: 29.3936 train_imax: 20.8053 train_imin: -68.7965 time: 3.4844s
INFO:root:Epoch: 0830 lr: 0.001 train_loss: 731898.6250 train_distortion: 5.3113 train_mapscore: 0.5162 train_c: -1.0790 train_max_dist: 29.5088 train_imax: 20.9245 train_imin: -73.3272 time: 3.4815s
INFO:root:Epoch: 0835 lr: 0.001 train_loss: 730912.7500 train_distortion: 5.3746 train_mapscore: 0.5172 train_c: -1.0791 train_max_dist: 29.6006 train_imax: 21.0983 train_imin: -75.1755 time: 3.4793s
INFO:root:Epoch: 0840 lr: 0.001 train_loss: 727418.5000 train_distortion: 5.4263 train_mapscore: 0.5225 train_c: -1.0792 train_max_dist: 29.6875 train_imax: 21.1334 train_imin: -73.3794 time: 3.4790s
INFO:root:Epoch: 0845 lr: 0.001 train_loss: 725128.7500 train_distortion: 5.4777 train_mapscore: 0.5260 train_c: -1.0794 train_max_dist: 29.7764 train_imax: 21.1329 train_imin: -71.0900 time: 3.4527s
INFO:root:Epoch: 0850 lr: 0.001 train_loss: 722312.4375 train_distortion: 5.5373 train_mapscore: 0.5302 train_c: -1.0795 train_max_dist: 29.8643 train_imax: 21.1758 train_imin: -73.0011 time: 3.4371s
INFO:root:Epoch: 0855 lr: 0.001 train_loss: 720212.7500 train_distortion: 5.5974 train_mapscore: 0.5337 train_c: -1.0796 train_max_dist: 29.9531 train_imax: 21.1505 train_imin: -74.6158 time: 3.4459s
INFO:root:Epoch: 0860 lr: 0.001 train_loss: 717823.3125 train_distortion: 5.6542 train_mapscore: 0.5371 train_c: -1.0797 train_max_dist: 30.0479 train_imax: 21.0751 train_imin: -73.7375 time: 3.4334s
INFO:root:Epoch: 0865 lr: 0.001 train_loss: 715700.0000 train_distortion: 5.7149 train_mapscore: 0.5404 train_c: -1.0799 train_max_dist: 30.1367 train_imax: 21.0777 train_imin: -74.5231 time: 3.4270s
INFO:root:Epoch: 0870 lr: 0.001 train_loss: 713755.1875 train_distortion: 5.7755 train_mapscore: 0.5432 train_c: -1.0800 train_max_dist: 30.2246 train_imax: 21.0475 train_imin: -75.3710 time: 3.4469s
INFO:root:Epoch: 0875 lr: 0.001 train_loss: 711886.6250 train_distortion: 5.8353 train_mapscore: 0.5455 train_c: -1.0801 train_max_dist: 30.3203 train_imax: 21.0270 train_imin: -75.7145 time: 3.3849s
INFO:root:Epoch: 0880 lr: 0.001 train_loss: 710102.2500 train_distortion: 5.8966 train_mapscore: 0.5472 train_c: -1.0802 train_max_dist: 30.4092 train_imax: 21.2702 train_imin: -76.5084 time: 3.3703s
INFO:root:Epoch: 0885 lr: 0.001 train_loss: 708315.2500 train_distortion: 5.9576 train_mapscore: 0.5505 train_c: -1.0803 train_max_dist: 30.5098 train_imax: 21.3218 train_imin: -77.1912 time: 3.3535s
INFO:root:Epoch: 0890 lr: 0.001 train_loss: 706599.7500 train_distortion: 6.0180 train_mapscore: 0.5539 train_c: -1.0804 train_max_dist: 30.6104 train_imax: 21.4021 train_imin: -77.7971 time: 3.3818s
INFO:root:Epoch: 0895 lr: 0.001 train_loss: 704915.1250 train_distortion: 6.0782 train_mapscore: 0.5566 train_c: -1.0805 train_max_dist: 30.7002 train_imax: 21.4881 train_imin: -78.4366 time: 3.3778s
INFO:root:Epoch: 0900 lr: 0.001 train_loss: 703369.0625 train_distortion: 6.1370 train_mapscore: 0.5580 train_c: -1.0807 train_max_dist: 30.7900 train_imax: 21.3847 train_imin: -79.0549 time: 3.3930s
INFO:root:Epoch: 0905 lr: 0.001 train_loss: 701836.7500 train_distortion: 6.1953 train_mapscore: 0.5603 train_c: -1.0808 train_max_dist: 30.8848 train_imax: 21.4530 train_imin: -79.7346 time: 3.3700s
INFO:root:Epoch: 0910 lr: 0.001 train_loss: 700399.4375 train_distortion: 6.2530 train_mapscore: 0.5631 train_c: -1.0809 train_max_dist: 30.9863 train_imax: 21.8086 train_imin: -80.3806 time: 3.3571s
INFO:root:Epoch: 0915 lr: 0.001 train_loss: 699002.0000 train_distortion: 6.3100 train_mapscore: 0.5630 train_c: -1.0810 train_max_dist: 31.1201 train_imax: 21.6637 train_imin: -80.9700 time: 3.3363s
INFO:root:Epoch: 0920 lr: 0.001 train_loss: 697588.4375 train_distortion: 6.3664 train_mapscore: 0.5651 train_c: -1.0810 train_max_dist: 31.2285 train_imax: 21.9492 train_imin: -81.6034 time: 3.3339s
INFO:root:Epoch: 0925 lr: 0.001 train_loss: 696181.2500 train_distortion: 6.4218 train_mapscore: 0.5687 train_c: -1.0811 train_max_dist: 31.3477 train_imax: 21.8739 train_imin: -82.2685 time: 3.3349s
INFO:root:Epoch: 0930 lr: 0.001 train_loss: 694924.5000 train_distortion: 6.4764 train_mapscore: 0.5697 train_c: -1.0812 train_max_dist: 31.4629 train_imax: 21.8882 train_imin: -82.8728 time: 3.3388s
INFO:root:Epoch: 0935 lr: 0.001 train_loss: 693702.6250 train_distortion: 6.5299 train_mapscore: 0.5714 train_c: -1.0813 train_max_dist: 31.5625 train_imax: 22.3335 train_imin: -83.4968 time: 3.3087s
INFO:root:Epoch: 0940 lr: 0.001 train_loss: 692324.7500 train_distortion: 6.5831 train_mapscore: 0.5734 train_c: -1.0814 train_max_dist: 31.6914 train_imax: 21.9520 train_imin: -84.1105 time: 3.3128s
INFO:root:Epoch: 0945 lr: 0.001 train_loss: 691130.0000 train_distortion: 6.6358 train_mapscore: 0.5746 train_c: -1.0815 train_max_dist: 31.8066 train_imax: 22.1745 train_imin: -84.7786 time: 3.2981s
INFO:root:Epoch: 0950 lr: 0.001 train_loss: 689994.2500 train_distortion: 6.6873 train_mapscore: 0.5747 train_c: -1.0816 train_max_dist: 31.9229 train_imax: 21.8736 train_imin: -85.3600 time: 3.2933s
INFO:root:Epoch: 0955 lr: 0.001 train_loss: 688782.1250 train_distortion: 6.7385 train_mapscore: 0.5772 train_c: -1.0816 train_max_dist: 32.0234 train_imax: 22.1383 train_imin: -85.9309 time: 3.2940s
INFO:root:Epoch: 0960 lr: 0.001 train_loss: 687467.3750 train_distortion: 6.7892 train_mapscore: 0.5799 train_c: -1.0817 train_max_dist: 32.1562 train_imax: 21.6668 train_imin: -86.6692 time: 3.2714s
INFO:root:Epoch: 0965 lr: 0.001 train_loss: 686346.7500 train_distortion: 6.8393 train_mapscore: 0.5819 train_c: -1.0818 train_max_dist: 32.2539 train_imax: 21.9428 train_imin: -87.1067 time: 3.2411s
INFO:root:Epoch: 0970 lr: 0.001 train_loss: 685161.5000 train_distortion: 6.8892 train_mapscore: 0.5839 train_c: -1.0819 train_max_dist: 32.3750 train_imax: 21.5844 train_imin: -87.8685 time: 3.2964s
INFO:root:Epoch: 0975 lr: 0.001 train_loss: 684078.9375 train_distortion: 6.9385 train_mapscore: 0.5857 train_c: -1.0819 train_max_dist: 32.4727 train_imax: 21.9517 train_imin: -88.4640 time: 3.2768s
INFO:root:Epoch: 0980 lr: 0.001 train_loss: 682955.1250 train_distortion: 6.9875 train_mapscore: 0.5876 train_c: -1.0820 train_max_dist: 32.5801 train_imax: 21.6477 train_imin: -89.0693 time: 3.2567s
INFO:root:Epoch: 0985 lr: 0.001 train_loss: 681845.2500 train_distortion: 7.0359 train_mapscore: 0.5897 train_c: -1.0821 train_max_dist: 32.6836 train_imax: 21.8943 train_imin: -89.6431 time: 3.2721s
INFO:root:Epoch: 0990 lr: 0.001 train_loss: 680773.3750 train_distortion: 7.0832 train_mapscore: 0.5924 train_c: -1.0821 train_max_dist: 32.7812 train_imax: 21.8857 train_imin: -90.1045 time: 3.2560s
INFO:root:Epoch: 0995 lr: 0.001 train_loss: 679785.2500 train_distortion: 7.1300 train_mapscore: 0.5938 train_c: -1.0822 train_max_dist: 32.8789 train_imax: 21.9916 train_imin: -90.7733 time: 3.2782s
INFO:root:Epoch: 1000 lr: 0.001 train_loss: 678924.8125 train_distortion: 7.1758 train_mapscore: 0.5941 train_c: -1.0823 train_max_dist: 32.9980 train_imax: 21.7437 train_imin: -91.2466 time: 3.2899s
INFO:root:Epoch: 1005 lr: 0.001 train_loss: 677959.2500 train_distortion: 7.2214 train_mapscore: 0.5953 train_c: -1.0823 train_max_dist: 33.1055 train_imax: 21.8134 train_imin: -91.8450 time: 3.2721s
INFO:root:Epoch: 1010 lr: 0.001 train_loss: 676932.3750 train_distortion: 7.2667 train_mapscore: 0.5979 train_c: -1.0824 train_max_dist: 33.1934 train_imax: 22.1067 train_imin: -92.3979 time: 3.2657s
INFO:root:Epoch: 1015 lr: 0.001 train_loss: 676063.3750 train_distortion: 7.3111 train_mapscore: 0.5978 train_c: -1.0824 train_max_dist: 33.2793 train_imax: 22.0093 train_imin: -92.8689 time: 3.2319s
INFO:root:Epoch: 1020 lr: 0.001 train_loss: 675232.4375 train_distortion: 7.3556 train_mapscore: 0.5986 train_c: -1.0825 train_max_dist: 33.3516 train_imax: 22.3142 train_imin: -93.6077 time: 3.2507s
INFO:root:Epoch: 1025 lr: 0.001 train_loss: 674268.3750 train_distortion: 7.3992 train_mapscore: 0.6016 train_c: -1.0825 train_max_dist: 33.4531 train_imax: 21.9999 train_imin: -94.1385 time: 3.2349s
INFO:root:Epoch: 1030 lr: 0.001 train_loss: 673401.8750 train_distortion: 7.4421 train_mapscore: 0.6039 train_c: -1.0826 train_max_dist: 33.5234 train_imax: 22.3624 train_imin: -94.6939 time: 3.2118s
INFO:root:Epoch: 1035 lr: 0.001 train_loss: 672763.8750 train_distortion: 7.4838 train_mapscore: 0.6012 train_c: -1.0826 train_max_dist: 33.6328 train_imax: 22.0341 train_imin: -95.1307 time: 3.2405s
INFO:root:Epoch: 1040 lr: 0.001 train_loss: 671823.5000 train_distortion: 7.5253 train_mapscore: 0.6044 train_c: -1.0827 train_max_dist: 33.6875 train_imax: 22.4473 train_imin: -95.6990 time: 3.2427s
INFO:root:Epoch: 1045 lr: 0.001 train_loss: 670963.1250 train_distortion: 7.5669 train_mapscore: 0.6068 train_c: -1.0827 train_max_dist: 33.7871 train_imax: 22.2270 train_imin: -96.4016 time: 3.2405s
INFO:root:Epoch: 1050 lr: 0.001 train_loss: 670116.3750 train_distortion: 7.6080 train_mapscore: 0.6099 train_c: -1.0828 train_max_dist: 33.8555 train_imax: 22.4435 train_imin: -96.9390 time: 3.2394s
INFO:root:Epoch: 1055 lr: 0.001 train_loss: 669287.5000 train_distortion: 7.6482 train_mapscore: 0.6113 train_c: -1.0828 train_max_dist: 33.9434 train_imax: 22.3557 train_imin: -97.2779 time: 3.1808s
INFO:root:Epoch: 1060 lr: 0.001 train_loss: 668609.6250 train_distortion: 7.6884 train_mapscore: 0.6117 train_c: -1.0829 train_max_dist: 34.0273 train_imax: 22.3194 train_imin: -98.1462 time: 3.2116s
INFO:root:Epoch: 1065 lr: 0.001 train_loss: 667792.5000 train_distortion: 7.7277 train_mapscore: 0.6135 train_c: -1.0829 train_max_dist: 34.1016 train_imax: 22.2439 train_imin: -98.2938 time: 3.2130s
INFO:root:Epoch: 1070 lr: 0.001 train_loss: 667255.3750 train_distortion: 7.7671 train_mapscore: 0.6133 train_c: -1.0829 train_max_dist: 34.1797 train_imax: 22.5823 train_imin: -98.8733 time: 3.1846s
INFO:root:Epoch: 1075 lr: 0.001 train_loss: 666459.0000 train_distortion: 7.8057 train_mapscore: 0.6147 train_c: -1.0830 train_max_dist: 34.2695 train_imax: 22.4760 train_imin: -99.4238 time: 3.1952s
INFO:root:Epoch: 1080 lr: 0.001 train_loss: 665888.8125 train_distortion: 7.8441 train_mapscore: 0.6124 train_c: -1.0830 train_max_dist: 34.3301 train_imax: 22.1639 train_imin: -99.9185 time: 3.2200s
INFO:root:Epoch: 1085 lr: 0.001 train_loss: 664940.2500 train_distortion: 7.8822 train_mapscore: 0.6174 train_c: -1.0830 train_max_dist: 34.4102 train_imax: 22.2428 train_imin: -100.5284 time: 3.2122s
INFO:root:Epoch: 1090 lr: 0.001 train_loss: 664287.2500 train_distortion: 7.9199 train_mapscore: 0.6170 train_c: -1.0831 train_max_dist: 34.4980 train_imax: 22.2034 train_imin: -101.1954 time: 3.2193s
INFO:root:Epoch: 1095 lr: 0.001 train_loss: 663682.1250 train_distortion: 7.9572 train_mapscore: 0.6180 train_c: -1.0831 train_max_dist: 34.5703 train_imax: 22.4534 train_imin: -101.7983 time: 3.2177s
INFO:root:Epoch: 1100 lr: 0.001 train_loss: 663181.2500 train_distortion: 7.9925 train_mapscore: 0.6188 train_c: -1.0831 train_max_dist: 34.6289 train_imax: 22.2670 train_imin: -101.7297 time: 3.2111s
INFO:root:Epoch: 1105 lr: 0.001 train_loss: 662461.8750 train_distortion: 8.0285 train_mapscore: 0.6208 train_c: -1.0832 train_max_dist: 34.7070 train_imax: 22.3162 train_imin: -102.2656 time: 3.2274s
INFO:root:Epoch: 1110 lr: 0.001 train_loss: 661837.6875 train_distortion: 8.0646 train_mapscore: 0.6196 train_c: -1.0832 train_max_dist: 34.8008 train_imax: 22.3584 train_imin: -102.9297 time: 3.2012s
INFO:root:Epoch: 1115 lr: 0.001 train_loss: 661082.0000 train_distortion: 8.0995 train_mapscore: 0.6226 train_c: -1.0832 train_max_dist: 34.8516 train_imax: 22.7362 train_imin: -103.4835 time: 3.1991s
INFO:root:Epoch: 1120 lr: 0.001 train_loss: 660398.5000 train_distortion: 8.1344 train_mapscore: 0.6250 train_c: -1.0832 train_max_dist: 34.9102 train_imax: 22.5100 train_imin: -104.0004 time: 3.2362s
INFO:root:Epoch: 1125 lr: 0.001 train_loss: 659772.3125 train_distortion: 8.1691 train_mapscore: 0.6254 train_c: -1.0833 train_max_dist: 34.9727 train_imax: 22.8657 train_imin: -104.6094 time: 3.2023s
INFO:root:Epoch: 1130 lr: 0.001 train_loss: 659089.5625 train_distortion: 8.2038 train_mapscore: 0.6266 train_c: -1.0833 train_max_dist: 35.0488 train_imax: 22.9177 train_imin: -105.5179 time: 3.1850s
INFO:root:Epoch: 1135 lr: 0.001 train_loss: 658404.6250 train_distortion: 8.2377 train_mapscore: 0.6288 train_c: -1.0833 train_max_dist: 35.1094 train_imax: 22.7260 train_imin: -105.7001 time: 3.1792s
INFO:root:Epoch: 1140 lr: 0.001 train_loss: 657714.6875 train_distortion: 8.2725 train_mapscore: 0.6313 train_c: -1.0833 train_max_dist: 35.1719 train_imax: 22.9408 train_imin: -106.5012 time: 3.1665s
INFO:root:Epoch: 1145 lr: 0.001 train_loss: 657404.1250 train_distortion: 8.3073 train_mapscore: 0.6300 train_c: -1.0833 train_max_dist: 35.2383 train_imax: 22.8273 train_imin: -107.3434 time: 3.1702s
INFO:root:Epoch: 1150 lr: 0.001 train_loss: 656717.4375 train_distortion: 8.3410 train_mapscore: 0.6322 train_c: -1.0834 train_max_dist: 35.2969 train_imax: 23.0418 train_imin: -107.8173 time: 3.1621s
INFO:root:Epoch: 1155 lr: 0.001 train_loss: 656034.8750 train_distortion: 8.3732 train_mapscore: 0.6330 train_c: -1.0834 train_max_dist: 35.3633 train_imax: 23.0851 train_imin: -107.8013 time: 3.1332s
INFO:root:Epoch: 1160 lr: 0.001 train_loss: 655510.1250 train_distortion: 8.4073 train_mapscore: 0.6333 train_c: -1.0834 train_max_dist: 35.4316 train_imax: 23.0273 train_imin: -108.7186 time: 3.1504s
INFO:root:Epoch: 1165 lr: 0.001 train_loss: 654875.1250 train_distortion: 8.4393 train_mapscore: 0.6349 train_c: -1.0834 train_max_dist: 35.4707 train_imax: 23.1567 train_imin: -109.1454 time: 3.1483s
INFO:root:Epoch: 1170 lr: 0.001 train_loss: 654219.2500 train_distortion: 8.4715 train_mapscore: 0.6365 train_c: -1.0834 train_max_dist: 35.5371 train_imax: 23.2094 train_imin: -109.4416 time: 3.1400s
INFO:root:Epoch: 1175 lr: 0.001 train_loss: 653666.1875 train_distortion: 8.5040 train_mapscore: 0.6376 train_c: -1.0834 train_max_dist: 35.5859 train_imax: 23.2460 train_imin: -109.9130 time: 3.1674s
INFO:root:Epoch: 1180 lr: 0.001 train_loss: 653170.3750 train_distortion: 8.5356 train_mapscore: 0.6384 train_c: -1.0834 train_max_dist: 35.6465 train_imax: 23.1710 train_imin: -110.3301 time: 3.1540s
INFO:root:Epoch: 1185 lr: 0.001 train_loss: 652546.9375 train_distortion: 8.5677 train_mapscore: 0.6398 train_c: -1.0835 train_max_dist: 35.7129 train_imax: 23.2634 train_imin: -110.9705 time: 3.1346s
INFO:root:Epoch: 1190 lr: 0.001 train_loss: 652024.6250 train_distortion: 8.5993 train_mapscore: 0.6407 train_c: -1.0835 train_max_dist: 35.7598 train_imax: 23.3260 train_imin: -111.4336 time: 3.1115s
INFO:root:Epoch: 1195 lr: 0.001 train_loss: 651440.9375 train_distortion: 8.6307 train_mapscore: 0.6421 train_c: -1.0835 train_max_dist: 35.8223 train_imax: 23.3446 train_imin: -112.0036 time: 3.1498s
INFO:root:Epoch: 1200 lr: 0.001 train_loss: 651120.6250 train_distortion: 8.6617 train_mapscore: 0.6401 train_c: -1.0835 train_max_dist: 35.8750 train_imax: 23.2014 train_imin: -112.5241 time: 3.1265s
INFO:root:Epoch: 1205 lr: 0.001 train_loss: 650553.2500 train_distortion: 8.6927 train_mapscore: 0.6427 train_c: -1.0835 train_max_dist: 35.9277 train_imax: 23.6501 train_imin: -113.0020 time: 3.1133s
INFO:root:Epoch: 1210 lr: 0.001 train_loss: 650032.8125 train_distortion: 8.7235 train_mapscore: 0.6418 train_c: -1.0835 train_max_dist: 35.9980 train_imax: 23.5658 train_imin: -113.5005 time: 3.1272s
INFO:root:Epoch: 1215 lr: 0.001 train_loss: 649631.0000 train_distortion: 8.7541 train_mapscore: 0.6436 train_c: -1.0835 train_max_dist: 36.0371 train_imax: 23.4502 train_imin: -114.3575 time: 3.1120s
INFO:root:Epoch: 1220 lr: 0.001 train_loss: 649043.6875 train_distortion: 8.7830 train_mapscore: 0.6454 train_c: -1.0835 train_max_dist: 36.0996 train_imax: 23.6584 train_imin: -114.7770 time: 3.1380s
INFO:root:Epoch: 1225 lr: 0.001 train_loss: 648611.5625 train_distortion: 8.8119 train_mapscore: 0.6440 train_c: -1.0835 train_max_dist: 36.1660 train_imax: 23.6135 train_imin: -114.6959 time: 3.1563s
INFO:root:Epoch: 1230 lr: 0.001 train_loss: 648025.6875 train_distortion: 8.8422 train_mapscore: 0.6452 train_c: -1.0835 train_max_dist: 36.2227 train_imax: 23.6459 train_imin: -115.6387 time: 3.1561s
INFO:root:Epoch: 1235 lr: 0.001 train_loss: 647401.0000 train_distortion: 8.8706 train_mapscore: 0.6475 train_c: -1.0835 train_max_dist: 36.2500 train_imax: 23.7058 train_imin: -115.9561 time: 3.1290s
INFO:root:Epoch: 1240 lr: 0.001 train_loss: 646920.2500 train_distortion: 8.9001 train_mapscore: 0.6486 train_c: -1.0835 train_max_dist: 36.3105 train_imax: 23.6731 train_imin: -116.5040 time: 3.0586s
INFO:root:Epoch: 1245 lr: 0.001 train_loss: 646761.6250 train_distortion: 8.9286 train_mapscore: 0.6468 train_c: -1.0835 train_max_dist: 36.3633 train_imax: 24.1299 train_imin: -116.8192 time: 3.1166s
INFO:root:Epoch: 1250 lr: 0.001 train_loss: 646073.5000 train_distortion: 8.9577 train_mapscore: 0.6496 train_c: -1.0835 train_max_dist: 36.4219 train_imax: 24.0694 train_imin: -117.2731 time: 3.0824s
INFO:root:Epoch: 1255 lr: 0.001 train_loss: 646434.1250 train_distortion: 8.9659 train_mapscore: 0.6473 train_c: -1.0835 train_max_dist: 36.4883 train_imax: 23.7563 train_imin: -117.7200 time: 3.0541s
INFO:root:Epoch: 1260 lr: 0.001 train_loss: 646093.0000 train_distortion: 8.9730 train_mapscore: 0.6474 train_c: -1.0835 train_max_dist: 36.5059 train_imax: 23.6825 train_imin: -117.9789 time: 3.0953s
INFO:root:Epoch: 1265 lr: 0.001 train_loss: 645445.5000 train_distortion: 8.9894 train_mapscore: 0.6488 train_c: -1.0835 train_max_dist: 36.5176 train_imax: 23.9156 train_imin: -118.2667 time: 3.0847s
INFO:root:Epoch: 1270 lr: 0.001 train_loss: 644706.2500 train_distortion: 9.0143 train_mapscore: 0.6506 train_c: -1.0835 train_max_dist: 36.5742 train_imax: 23.5904 train_imin: -118.8019 time: 3.0733s
INFO:root:Epoch: 1275 lr: 0.001 train_loss: 644092.8750 train_distortion: 9.0445 train_mapscore: 0.6510 train_c: -1.0835 train_max_dist: 36.6270 train_imax: 23.8233 train_imin: -119.2336 time: 3.1034s
INFO:root:Epoch: 1280 lr: 0.001 train_loss: 643546.4375 train_distortion: 9.0758 train_mapscore: 0.6517 train_c: -1.0835 train_max_dist: 36.6543 train_imax: 24.0050 train_imin: -119.8267 time: 3.1080s
INFO:root:Epoch: 1285 lr: 0.001 train_loss: 643022.6875 train_distortion: 9.1092 train_mapscore: 0.6535 train_c: -1.0835 train_max_dist: 36.7109 train_imax: 24.1209 train_imin: -120.5984 time: 3.1016s
INFO:root:Epoch: 1290 lr: 0.001 train_loss: 642850.3750 train_distortion: 9.1412 train_mapscore: 0.6514 train_c: -1.0835 train_max_dist: 36.7852 train_imax: 23.7723 train_imin: -120.6257 time: 3.1006s
INFO:root:Epoch: 1295 lr: 0.001 train_loss: 642242.7500 train_distortion: 9.1732 train_mapscore: 0.6527 train_c: -1.0835 train_max_dist: 36.8770 train_imax: 23.8596 train_imin: -121.2285 time: 3.0873s
INFO:root:Epoch: 1300 lr: 0.001 train_loss: 641587.9375 train_distortion: 9.2046 train_mapscore: 0.6556 train_c: -1.0835 train_max_dist: 36.8984 train_imax: 24.2101 train_imin: -121.7269 time: 3.0962s
INFO:root:Epoch: 1305 lr: 0.001 train_loss: 641254.1250 train_distortion: 9.2359 train_mapscore: 0.6545 train_c: -1.0835 train_max_dist: 36.9316 train_imax: 24.3228 train_imin: -122.6470 time: 3.0943s
INFO:root:Epoch: 1310 lr: 0.001 train_loss: 640593.0625 train_distortion: 9.2652 train_mapscore: 0.6577 train_c: -1.0835 train_max_dist: 36.9746 train_imax: 24.3158 train_imin: -123.1080 time: 3.1011s
INFO:root:Epoch: 1315 lr: 0.001 train_loss: 640044.5000 train_distortion: 9.2933 train_mapscore: 0.6589 train_c: -1.0835 train_max_dist: 37.0312 train_imax: 24.3827 train_imin: -123.0125 time: 3.0618s
INFO:root:Epoch: 1320 lr: 0.001 train_loss: 639797.8750 train_distortion: 9.3231 train_mapscore: 0.6555 train_c: -1.0835 train_max_dist: 37.0488 train_imax: 24.3461 train_imin: -123.9412 time: 3.0606s
INFO:root:Epoch: 1325 lr: 0.001 train_loss: 640045.8750 train_distortion: 9.3492 train_mapscore: 0.6529 train_c: -1.0835 train_max_dist: 37.0898 train_imax: 24.5769 train_imin: -123.5225 time: 3.0395s
INFO:root:Epoch: 1330 lr: 0.001 train_loss: 639108.0000 train_distortion: 9.3783 train_mapscore: 0.6551 train_c: -1.0835 train_max_dist: 37.1953 train_imax: 24.4073 train_imin: -124.4204 time: 3.0289s
INFO:root:Epoch: 1335 lr: 0.001 train_loss: 638418.3125 train_distortion: 9.4064 train_mapscore: 0.6565 train_c: -1.0835 train_max_dist: 37.2266 train_imax: 24.6986 train_imin: -125.5543 time: 3.0649s
INFO:root:Epoch: 1340 lr: 0.001 train_loss: 637992.0000 train_distortion: 9.4330 train_mapscore: 0.6572 train_c: -1.0835 train_max_dist: 37.2852 train_imax: 24.6164 train_imin: -125.3581 time: 3.0632s
INFO:root:Epoch: 1345 lr: 0.001 train_loss: 637452.1250 train_distortion: 9.4617 train_mapscore: 0.6586 train_c: -1.0835 train_max_dist: 37.3320 train_imax: 24.6853 train_imin: -126.4614 time: 3.0422s
INFO:root:Epoch: 1350 lr: 0.001 train_loss: 637394.4375 train_distortion: 9.4855 train_mapscore: 0.6590 train_c: -1.0834 train_max_dist: 37.3750 train_imax: 24.6552 train_imin: -126.6061 time: 3.0329s
INFO:root:Epoch: 1355 lr: 0.001 train_loss: 639884.4375 train_distortion: 9.4926 train_mapscore: 0.6526 train_c: -1.0834 train_max_dist: 37.4062 train_imax: 24.6026 train_imin: -126.7170 time: 3.0233s
INFO:root:Epoch: 1360 lr: 0.001 train_loss: 639440.8125 train_distortion: 9.5014 train_mapscore: 0.6541 train_c: -1.0834 train_max_dist: 37.4199 train_imax: 24.4639 train_imin: -126.8831 time: 3.0098s
INFO:root:Epoch: 1365 lr: 0.001 train_loss: 638312.3125 train_distortion: 9.5131 train_mapscore: 0.6560 train_c: -1.0834 train_max_dist: 37.4512 train_imax: 24.4190 train_imin: -127.0804 time: 3.0069s
INFO:root:Epoch: 1370 lr: 0.001 train_loss: 637103.2500 train_distortion: 9.5282 train_mapscore: 0.6587 train_c: -1.0834 train_max_dist: 37.4922 train_imax: 24.4429 train_imin: -127.3269 time: 2.9992s
INFO:root:Epoch: 1375 lr: 0.001 train_loss: 636062.7500 train_distortion: 9.5468 train_mapscore: 0.6618 train_c: -1.0834 train_max_dist: 37.5215 train_imax: 24.5402 train_imin: -127.5480 time: 3.0125s
INFO:root:Epoch: 1380 lr: 0.001 train_loss: 635104.3125 train_distortion: 9.5712 train_mapscore: 0.6644 train_c: -1.0834 train_max_dist: 37.5625 train_imax: 24.6688 train_imin: -128.0068 time: 3.0269s
INFO:root:Epoch: 1385 lr: 0.001 train_loss: 634257.5625 train_distortion: 9.5981 train_mapscore: 0.6665 train_c: -1.0834 train_max_dist: 37.6055 train_imax: 24.7796 train_imin: -128.4878 time: 3.0319s
INFO:root:Epoch: 1390 lr: 0.001 train_loss: 633608.0000 train_distortion: 9.6279 train_mapscore: 0.6677 train_c: -1.0834 train_max_dist: 37.6348 train_imax: 25.0232 train_imin: -128.8246 time: 3.0141s
INFO:root:Epoch: 1395 lr: 0.001 train_loss: 632856.5000 train_distortion: 9.6577 train_mapscore: 0.6700 train_c: -1.0834 train_max_dist: 37.6836 train_imax: 25.0243 train_imin: -129.2996 time: 3.0365s
INFO:root:Epoch: 1400 lr: 0.001 train_loss: 632344.1875 train_distortion: 9.6895 train_mapscore: 0.6696 train_c: -1.0834 train_max_dist: 37.7305 train_imax: 25.1866 train_imin: -129.9385 time: 3.0095s
INFO:root:Epoch: 1405 lr: 0.001 train_loss: 631671.5000 train_distortion: 9.7192 train_mapscore: 0.6711 train_c: -1.0834 train_max_dist: 37.7773 train_imax: 25.2312 train_imin: -130.0189 time: 3.0069s
INFO:root:Epoch: 1410 lr: 0.001 train_loss: 631038.8750 train_distortion: 9.7500 train_mapscore: 0.6722 train_c: -1.0834 train_max_dist: 37.8125 train_imax: 25.2260 train_imin: -130.6044 time: 3.0091s
INFO:root:Epoch: 1415 lr: 0.001 train_loss: 630488.3750 train_distortion: 9.7810 train_mapscore: 0.6735 train_c: -1.0834 train_max_dist: 37.8594 train_imax: 25.3917 train_imin: -131.0323 time: 2.9972s
INFO:root:Epoch: 1420 lr: 0.001 train_loss: 629984.1250 train_distortion: 9.8113 train_mapscore: 0.6727 train_c: -1.0834 train_max_dist: 37.9062 train_imax: 25.3326 train_imin: -131.5721 time: 2.9894s
INFO:root:Epoch: 1425 lr: 0.001 train_loss: 630043.0000 train_distortion: 9.8404 train_mapscore: 0.6683 train_c: -1.0834 train_max_dist: 37.9668 train_imax: 25.5900 train_imin: -131.5701 time: 2.9838s
INFO:root:Epoch: 1430 lr: 0.001 train_loss: 629007.3750 train_distortion: 9.8698 train_mapscore: 0.6739 train_c: -1.0834 train_max_dist: 37.9844 train_imax: 25.3313 train_imin: -132.4224 time: 2.9919s
INFO:root:Epoch: 1435 lr: 0.001 train_loss: 628771.6250 train_distortion: 9.8979 train_mapscore: 0.6706 train_c: -1.0834 train_max_dist: 37.9980 train_imax: 25.6240 train_imin: -132.6874 time: 2.9799s
INFO:root:Epoch: 1440 lr: 0.001 train_loss: 627961.1250 train_distortion: 9.9267 train_mapscore: 0.6743 train_c: -1.0834 train_max_dist: 38.0605 train_imax: 25.6367 train_imin: -132.9473 time: 2.9476s
INFO:root:Epoch: 1445 lr: 0.001 train_loss: 627534.7500 train_distortion: 9.9549 train_mapscore: 0.6755 train_c: -1.0834 train_max_dist: 38.1094 train_imax: 25.5649 train_imin: -132.9265 time: 2.9411s
INFO:root:Epoch: 1450 lr: 0.001 train_loss: 626872.6875 train_distortion: 9.9850 train_mapscore: 0.6751 train_c: -1.0834 train_max_dist: 38.1738 train_imax: 25.7751 train_imin: -133.7290 time: 2.9410s
INFO:root:Epoch: 1455 lr: 0.001 train_loss: 626509.3750 train_distortion: 10.0145 train_mapscore: 0.6750 train_c: -1.0834 train_max_dist: 38.2129 train_imax: 25.6706 train_imin: -134.4017 time: 2.9423s
INFO:root:Epoch: 1460 lr: 0.001 train_loss: 625877.3750 train_distortion: 10.0426 train_mapscore: 0.6769 train_c: -1.0834 train_max_dist: 38.2461 train_imax: 25.5246 train_imin: -134.4364 time: 2.9277s
INFO:root:Epoch: 1465 lr: 0.001 train_loss: 625336.1250 train_distortion: 10.0725 train_mapscore: 0.6770 train_c: -1.0834 train_max_dist: 38.2812 train_imax: 25.9922 train_imin: -134.6681 time: 2.9446s
INFO:root:Epoch: 1470 lr: 0.001 train_loss: 624946.1875 train_distortion: 10.1021 train_mapscore: 0.6783 train_c: -1.0834 train_max_dist: 38.3086 train_imax: 26.0228 train_imin: -135.1768 time: 2.9485s
INFO:root:Epoch: 1475 lr: 0.001 train_loss: 624052.7500 train_distortion: 10.1304 train_mapscore: 0.6811 train_c: -1.0833 train_max_dist: 38.3672 train_imax: 25.9807 train_imin: -135.2480 time: 2.9452s
INFO:root:Epoch: 1480 lr: 0.001 train_loss: 623719.8125 train_distortion: 10.1615 train_mapscore: 0.6801 train_c: -1.0833 train_max_dist: 38.4121 train_imax: 26.0467 train_imin: -135.6051 time: 2.9487s
INFO:root:Epoch: 1485 lr: 0.001 train_loss: 623686.7500 train_distortion: 10.1891 train_mapscore: 0.6759 train_c: -1.0833 train_max_dist: 38.4141 train_imax: 26.0770 train_imin: -135.3773 time: 2.8876s
INFO:root:Epoch: 1490 lr: 0.001 train_loss: 622809.5625 train_distortion: 10.2189 train_mapscore: 0.6795 train_c: -1.0833 train_max_dist: 38.4727 train_imax: 26.1119 train_imin: -135.9732 time: 2.9058s
INFO:root:Epoch: 1495 lr: 0.001 train_loss: 622690.1250 train_distortion: 10.2483 train_mapscore: 0.6779 train_c: -1.0833 train_max_dist: 38.5117 train_imax: 25.8719 train_imin: -136.0787 time: 2.9192s
INFO:root:Epoch: 1500 lr: 0.001 train_loss: 622497.4375 train_distortion: 10.2745 train_mapscore: 0.6781 train_c: -1.0833 train_max_dist: 38.5293 train_imax: 26.5779 train_imin: -136.1216 time: 2.9076s
INFO:root:Epoch: 1505 lr: 0.001 train_loss: 622048.3750 train_distortion: 10.3047 train_mapscore: 0.6797 train_c: -1.0833 train_max_dist: 38.5859 train_imax: 26.5940 train_imin: -137.0216 time: 2.8955s
INFO:root:Epoch: 1510 lr: 0.001 train_loss: 621544.3125 train_distortion: 10.3300 train_mapscore: 0.6816 train_c: -1.0833 train_max_dist: 38.6328 train_imax: 26.4413 train_imin: -136.1674 time: 2.8697s
INFO:root:Epoch: 1515 lr: 0.001 train_loss: 621086.5625 train_distortion: 10.3575 train_mapscore: 0.6830 train_c: -1.0833 train_max_dist: 38.7070 train_imax: 26.2326 train_imin: -136.2225 time: 2.8890s
INFO:root:Epoch: 1520 lr: 0.001 train_loss: 621067.0000 train_distortion: 10.3836 train_mapscore: 0.6820 train_c: -1.0833 train_max_dist: 38.7422 train_imax: 26.0816 train_imin: -136.2181 time: 2.9047s
INFO:root:Epoch: 1525 lr: 0.001 train_loss: 620289.3750 train_distortion: 10.4127 train_mapscore: 0.6841 train_c: -1.0833 train_max_dist: 38.7930 train_imax: 25.9966 train_imin: -136.7078 time: 2.8992s
INFO:root:Epoch: 1530 lr: 0.001 train_loss: 619443.9375 train_distortion: 10.4390 train_mapscore: 0.6871 train_c: -1.0833 train_max_dist: 38.8203 train_imax: 26.6024 train_imin: -137.0646 time: 2.8802s
INFO:root:Epoch: 1535 lr: 0.001 train_loss: 618622.2500 train_distortion: 10.4671 train_mapscore: 0.6887 train_c: -1.0833 train_max_dist: 38.8555 train_imax: 26.4388 train_imin: -137.5901 time: 2.8992s
INFO:root:Epoch: 1540 lr: 0.001 train_loss: 618440.3125 train_distortion: 10.4961 train_mapscore: 0.6880 train_c: -1.0833 train_max_dist: 38.8867 train_imax: 26.6258 train_imin: -138.6710 time: 2.9228s
INFO:root:Epoch: 1545 lr: 0.001 train_loss: 618013.7500 train_distortion: 10.5242 train_mapscore: 0.6868 train_c: -1.0833 train_max_dist: 38.9512 train_imax: 26.6463 train_imin: -138.7046 time: 2.9070s
INFO:root:Epoch: 1550 lr: 0.001 train_loss: 617437.8750 train_distortion: 10.5510 train_mapscore: 0.6898 train_c: -1.0833 train_max_dist: 38.9844 train_imax: 26.5803 train_imin: -138.1591 time: 2.9037s
INFO:root:Epoch: 1555 lr: 0.001 train_loss: 616763.2500 train_distortion: 10.5800 train_mapscore: 0.6916 train_c: -1.0833 train_max_dist: 39.0059 train_imax: 26.7628 train_imin: -138.7182 time: 2.9066s
INFO:root:Epoch: 1560 lr: 0.001 train_loss: 616565.0000 train_distortion: 10.6107 train_mapscore: 0.6902 train_c: -1.0832 train_max_dist: 39.0430 train_imax: 26.6943 train_imin: -139.2356 time: 2.9034s
INFO:root:Epoch: 1565 lr: 0.001 train_loss: 616393.1250 train_distortion: 10.6401 train_mapscore: 0.6867 train_c: -1.0832 train_max_dist: 39.1172 train_imax: 26.5808 train_imin: -139.0963 time: 2.8983s
INFO:root:Epoch: 1570 lr: 0.001 train_loss: 616155.1250 train_distortion: 10.6654 train_mapscore: 0.6906 train_c: -1.0832 train_max_dist: 39.1348 train_imax: 26.5368 train_imin: -138.8422 time: 2.9014s
INFO:root:Epoch: 1575 lr: 0.001 train_loss: 616525.3750 train_distortion: 10.6876 train_mapscore: 0.6889 train_c: -1.0832 train_max_dist: 39.1797 train_imax: 26.5617 train_imin: -138.4505 time: 2.8926s
INFO:root:Epoch: 1580 lr: 0.001 train_loss: 615624.1875 train_distortion: 10.7129 train_mapscore: 0.6922 train_c: -1.0832 train_max_dist: 39.2109 train_imax: 26.8466 train_imin: -138.8643 time: 2.8902s
INFO:root:Epoch: 1585 lr: 0.001 train_loss: 615472.7500 train_distortion: 10.7375 train_mapscore: 0.6882 train_c: -1.0832 train_max_dist: 39.2031 train_imax: 27.1884 train_imin: -139.3834 time: 2.8644s
INFO:root:Epoch: 1590 lr: 0.001 train_loss: 614749.1875 train_distortion: 10.7647 train_mapscore: 0.6902 train_c: -1.0832 train_max_dist: 39.2461 train_imax: 27.1313 train_imin: -140.3802 time: 2.8573s
INFO:root:Epoch: 1595 lr: 0.001 train_loss: 613966.1250 train_distortion: 10.7903 train_mapscore: 0.6944 train_c: -1.0832 train_max_dist: 39.3086 train_imax: 26.7199 train_imin: -140.3439 time: 2.8513s
INFO:root:Epoch: 1600 lr: 0.001 train_loss: 613522.0000 train_distortion: 10.8168 train_mapscore: 0.6941 train_c: -1.0832 train_max_dist: 39.3438 train_imax: 26.9717 train_imin: -140.2831 time: 2.8652s
INFO:root:Epoch: 1605 lr: 0.001 train_loss: 613268.5000 train_distortion: 10.8458 train_mapscore: 0.6944 train_c: -1.0832 train_max_dist: 39.3984 train_imax: 26.8631 train_imin: -140.6550 time: 2.8507s
INFO:root:Epoch: 1610 lr: 0.001 train_loss: 612813.6250 train_distortion: 10.8718 train_mapscore: 0.6966 train_c: -1.0831 train_max_dist: 39.4023 train_imax: 26.9879 train_imin: -140.8403 time: 2.8760s
INFO:root:Epoch: 1615 lr: 0.001 train_loss: 612549.7500 train_distortion: 10.8998 train_mapscore: 0.6973 train_c: -1.0831 train_max_dist: 39.4531 train_imax: 27.0421 train_imin: -141.1200 time: 2.8873s
INFO:root:Epoch: 1620 lr: 0.001 train_loss: 612516.5000 train_distortion: 10.9252 train_mapscore: 0.6939 train_c: -1.0831 train_max_dist: 39.4531 train_imax: 27.3736 train_imin: -141.2141 time: 2.8916s
INFO:root:Epoch: 1625 lr: 0.001 train_loss: 612201.1250 train_distortion: 10.9492 train_mapscore: 0.6952 train_c: -1.0831 train_max_dist: 39.4902 train_imax: 27.0487 train_imin: -140.9327 time: 2.8717s
INFO:root:Epoch: 1630 lr: 0.001 train_loss: 612190.4375 train_distortion: 10.9748 train_mapscore: 0.6929 train_c: -1.0831 train_max_dist: 39.5234 train_imax: 27.0127 train_imin: -141.1741 time: 2.8609s
INFO:root:Epoch: 1635 lr: 0.001 train_loss: 611411.6250 train_distortion: 11.0032 train_mapscore: 0.6956 train_c: -1.0831 train_max_dist: 39.5625 train_imax: 27.2430 train_imin: -141.9861 time: 2.8560s
INFO:root:Epoch: 1640 lr: 0.001 train_loss: 611100.8750 train_distortion: 11.0293 train_mapscore: 0.6969 train_c: -1.0831 train_max_dist: 39.5898 train_imax: 27.5781 train_imin: -142.0382 time: 2.8399s
INFO:root:Epoch: 1645 lr: 0.001 train_loss: 611029.7500 train_distortion: 11.0561 train_mapscore: 0.6987 train_c: -1.0831 train_max_dist: 39.6309 train_imax: 27.6414 train_imin: -142.4505 time: 2.8368s
INFO:root:Epoch: 1650 lr: 0.001 train_loss: 611884.1875 train_distortion: 11.0835 train_mapscore: 0.6938 train_c: -1.0830 train_max_dist: 39.6875 train_imax: 27.7271 train_imin: -143.4317 time: 2.8326s
INFO:root:Epoch: 1655 lr: 0.001 train_loss: 610672.8750 train_distortion: 11.1052 train_mapscore: 0.6991 train_c: -1.0830 train_max_dist: 39.7344 train_imax: 27.6063 train_imin: -143.1087 time: 2.8244s
INFO:root:Epoch: 1660 lr: 0.001 train_loss: 610027.5000 train_distortion: 11.1288 train_mapscore: 0.7004 train_c: -1.0830 train_max_dist: 39.7852 train_imax: 27.2849 train_imin: -143.1194 time: 2.8328s
INFO:root:Epoch: 1665 lr: 0.001 train_loss: 609324.1250 train_distortion: 11.1509 train_mapscore: 0.7024 train_c: -1.0830 train_max_dist: 39.8008 train_imax: 27.3492 train_imin: -143.0355 time: 2.8405s
INFO:root:Epoch: 1670 lr: 0.001 train_loss: 608846.7500 train_distortion: 11.1729 train_mapscore: 0.7049 train_c: -1.0830 train_max_dist: 39.8398 train_imax: 27.4336 train_imin: -142.5942 time: 2.8543s
INFO:root:Epoch: 1675 lr: 0.001 train_loss: 608830.6250 train_distortion: 11.1977 train_mapscore: 0.7018 train_c: -1.0830 train_max_dist: 39.8438 train_imax: 27.3875 train_imin: -142.7609 time: 2.8388s
INFO:root:Epoch: 1680 lr: 0.001 train_loss: 608879.6875 train_distortion: 11.2246 train_mapscore: 0.6988 train_c: -1.0829 train_max_dist: 39.8711 train_imax: 27.3097 train_imin: -143.5338 time: 2.8332s
INFO:root:Epoch: 1685 lr: 0.001 train_loss: 608374.4375 train_distortion: 11.2446 train_mapscore: 0.7022 train_c: -1.0829 train_max_dist: 39.9258 train_imax: 27.3735 train_imin: -143.1729 time: 2.8294s
INFO:root:Epoch: 1690 lr: 0.001 train_loss: 607649.5625 train_distortion: 11.2700 train_mapscore: 0.7052 train_c: -1.0829 train_max_dist: 39.9609 train_imax: 27.7102 train_imin: -143.6921 time: 2.8304s
INFO:root:Epoch: 1695 lr: 0.001 train_loss: 607339.6250 train_distortion: 11.2982 train_mapscore: 0.7047 train_c: -1.0829 train_max_dist: 40.0078 train_imax: 27.6297 train_imin: -143.8386 time: 2.8319s
INFO:root:Epoch: 1700 lr: 0.001 train_loss: 607068.3125 train_distortion: 11.3220 train_mapscore: 0.7069 train_c: -1.0829 train_max_dist: 40.0156 train_imax: 27.7041 train_imin: -143.7156 time: 2.8598s
INFO:root:Epoch: 1705 lr: 0.001 train_loss: 607148.5625 train_distortion: 11.3496 train_mapscore: 0.7019 train_c: -1.0829 train_max_dist: 40.0820 train_imax: 27.4722 train_imin: -144.1968 time: 2.8557s
INFO:root:Epoch: 1710 lr: 0.001 train_loss: 606583.8750 train_distortion: 11.3729 train_mapscore: 0.7073 train_c: -1.0828 train_max_dist: 40.0781 train_imax: 27.8371 train_imin: -144.0166 time: 2.8650s
INFO:root:Epoch: 1715 lr: 0.001 train_loss: 607401.2500 train_distortion: 11.3945 train_mapscore: 0.7038 train_c: -1.0828 train_max_dist: 40.1328 train_imax: 27.8111 train_imin: -143.5899 time: 2.8720s
INFO:root:Epoch: 1720 lr: 0.001 train_loss: 607249.6250 train_distortion: 11.4180 train_mapscore: 0.7020 train_c: -1.0828 train_max_dist: 40.1758 train_imax: 27.2707 train_imin: -144.1518 time: 2.8483s
INFO:root:Epoch: 1725 lr: 0.001 train_loss: 606339.7500 train_distortion: 11.4381 train_mapscore: 0.7051 train_c: -1.0828 train_max_dist: 40.2305 train_imax: 27.4947 train_imin: -144.6704 time: 2.8154s
INFO:root:Epoch: 1730 lr: 0.001 train_loss: 605627.0000 train_distortion: 11.4600 train_mapscore: 0.7090 train_c: -1.0828 train_max_dist: 40.2266 train_imax: 27.6885 train_imin: -145.5607 time: 2.8551s
INFO:root:Epoch: 1735 lr: 0.001 train_loss: 605105.6250 train_distortion: 11.4824 train_mapscore: 0.7100 train_c: -1.0827 train_max_dist: 40.2461 train_imax: 27.6938 train_imin: -145.5636 time: 2.8617s
INFO:root:Epoch: 1740 lr: 0.001 train_loss: 605297.3750 train_distortion: 11.5076 train_mapscore: 0.7053 train_c: -1.0827 train_max_dist: 40.2969 train_imax: 27.5278 train_imin: -145.8860 time: 2.8145s
INFO:root:Epoch: 1745 lr: 0.001 train_loss: 605095.1250 train_distortion: 11.5317 train_mapscore: 0.7059 train_c: -1.0827 train_max_dist: 40.3203 train_imax: 27.6535 train_imin: -145.4923 time: 2.8401s
INFO:root:Epoch: 1750 lr: 0.001 train_loss: 604597.8750 train_distortion: 11.5580 train_mapscore: 0.7106 train_c: -1.0827 train_max_dist: 40.3008 train_imax: 28.1890 train_imin: -146.5663 time: 2.8233s
INFO:root:Epoch: 1755 lr: 0.001 train_loss: 604845.8125 train_distortion: 11.5813 train_mapscore: 0.7096 train_c: -1.0827 train_max_dist: 40.3594 train_imax: 27.8365 train_imin: -145.4369 time: 2.8228s
INFO:root:Epoch: 1760 lr: 0.001 train_loss: 604986.5000 train_distortion: 11.6044 train_mapscore: 0.7090 train_c: -1.0826 train_max_dist: 40.3672 train_imax: 28.1775 train_imin: -145.3784 time: 2.8291s
INFO:root:Epoch: 1765 lr: 0.001 train_loss: 604146.3750 train_distortion: 11.6292 train_mapscore: 0.7116 train_c: -1.0826 train_max_dist: 40.4023 train_imax: 28.0149 train_imin: -145.8458 time: 2.7826s
INFO:root:Epoch: 1770 lr: 0.001 train_loss: 603608.1875 train_distortion: 11.6511 train_mapscore: 0.7124 train_c: -1.0826 train_max_dist: 40.4453 train_imax: 28.1423 train_imin: -146.2973 time: 2.8163s
INFO:root:Epoch: 1775 lr: 0.001 train_loss: 603059.6250 train_distortion: 11.6746 train_mapscore: 0.7144 train_c: -1.0826 train_max_dist: 40.4648 train_imax: 28.2799 train_imin: -146.7873 time: 2.8064s
INFO:root:Epoch: 1780 lr: 0.001 train_loss: 603138.1250 train_distortion: 11.7009 train_mapscore: 0.7094 train_c: -1.0826 train_max_dist: 40.5195 train_imax: 28.1505 train_imin: -147.8135 time: 2.8176s
INFO:root:Epoch: 1785 lr: 0.001 train_loss: 602340.4375 train_distortion: 11.7223 train_mapscore: 0.7139 train_c: -1.0825 train_max_dist: 40.5430 train_imax: 28.2572 train_imin: -147.5383 time: 2.8155s
INFO:root:Epoch: 1790 lr: 0.001 train_loss: 602446.6875 train_distortion: 11.7486 train_mapscore: 0.7115 train_c: -1.0825 train_max_dist: 40.5742 train_imax: 28.2682 train_imin: -148.0809 time: 2.8320s
INFO:root:Epoch: 1795 lr: 0.001 train_loss: 602205.7500 train_distortion: 11.7725 train_mapscore: 0.7125 train_c: -1.0825 train_max_dist: 40.6055 train_imax: 28.2603 train_imin: -147.6940 time: 2.8651s
INFO:root:Epoch: 1800 lr: 0.001 train_loss: 601669.5625 train_distortion: 11.7971 train_mapscore: 0.7138 train_c: -1.0825 train_max_dist: 40.6406 train_imax: 28.4065 train_imin: -148.3692 time: 2.8113s
INFO:root:Epoch: 1805 lr: 0.001 train_loss: 601775.2500 train_distortion: 11.8233 train_mapscore: 0.7138 train_c: -1.0824 train_max_dist: 40.6523 train_imax: 28.5237 train_imin: -148.9165 time: 2.8188s
INFO:root:Epoch: 1810 lr: 0.001 train_loss: 602095.2500 train_distortion: 11.8424 train_mapscore: 0.7139 train_c: -1.0824 train_max_dist: 40.6836 train_imax: 28.3122 train_imin: -147.8420 time: 2.8045s
INFO:root:Epoch: 1815 lr: 0.001 train_loss: 602465.4375 train_distortion: 11.8633 train_mapscore: 0.7128 train_c: -1.0824 train_max_dist: 40.6875 train_imax: 28.8083 train_imin: -147.9920 time: 2.8084s
INFO:root:Epoch: 1820 lr: 0.001 train_loss: 601561.6875 train_distortion: 11.8844 train_mapscore: 0.7163 train_c: -1.0824 train_max_dist: 40.7344 train_imax: 28.7798 train_imin: -148.2815 time: 2.7954s
INFO:root:Epoch: 1825 lr: 0.001 train_loss: 601118.3750 train_distortion: 11.9065 train_mapscore: 0.7162 train_c: -1.0823 train_max_dist: 40.7891 train_imax: 28.2271 train_imin: -148.5679 time: 2.8111s
INFO:root:Epoch: 1830 lr: 0.001 train_loss: 600274.3750 train_distortion: 11.9304 train_mapscore: 0.7191 train_c: -1.0823 train_max_dist: 40.8008 train_imax: 28.5072 train_imin: -149.1844 time: 2.8279s
INFO:root:Epoch: 1835 lr: 0.001 train_loss: 600615.0000 train_distortion: 11.9558 train_mapscore: 0.7149 train_c: -1.0823 train_max_dist: 40.8438 train_imax: 28.4953 train_imin: -150.3334 time: 2.8201s
INFO:root:Epoch: 1840 lr: 0.001 train_loss: 599989.1250 train_distortion: 11.9754 train_mapscore: 0.7170 train_c: -1.0822 train_max_dist: 40.8750 train_imax: 28.5382 train_imin: -150.1856 time: 2.8292s
INFO:root:Epoch: 1845 lr: 0.001 train_loss: 599937.6250 train_distortion: 11.9959 train_mapscore: 0.7170 train_c: -1.0822 train_max_dist: 40.8867 train_imax: 28.7163 train_imin: -149.7892 time: 2.8285s
INFO:root:Epoch: 1850 lr: 0.001 train_loss: 600066.2500 train_distortion: 12.0220 train_mapscore: 0.7149 train_c: -1.0822 train_max_dist: 40.9453 train_imax: 28.1708 train_imin: -150.5318 time: 2.8117s
INFO:root:Epoch: 1855 lr: 0.001 train_loss: 599624.8750 train_distortion: 12.0433 train_mapscore: 0.7148 train_c: -1.0822 train_max_dist: 40.9766 train_imax: 28.2884 train_imin: -150.5614 time: 2.7979s
INFO:root:Epoch: 1860 lr: 0.001 train_loss: 599996.6250 train_distortion: 12.0661 train_mapscore: 0.7165 train_c: -1.0821 train_max_dist: 40.9570 train_imax: 28.9482 train_imin: -151.6745 time: 2.8035s
INFO:root:Epoch: 1865 lr: 0.001 train_loss: 599158.6250 train_distortion: 12.0829 train_mapscore: 0.7189 train_c: -1.0821 train_max_dist: 40.9688 train_imax: 28.7639 train_imin: -151.2897 time: 2.8060s
INFO:root:Epoch: 1870 lr: 0.001 train_loss: 598590.3750 train_distortion: 12.1024 train_mapscore: 0.7215 train_c: -1.0821 train_max_dist: 41.0078 train_imax: 28.5277 train_imin: -151.3508 time: 2.8011s
INFO:root:Epoch: 1875 lr: 0.001 train_loss: 598405.1250 train_distortion: 12.1230 train_mapscore: 0.7219 train_c: -1.0820 train_max_dist: 41.0352 train_imax: 28.8597 train_imin: -151.6760 time: 2.8327s
INFO:root:Epoch: 1880 lr: 0.001 train_loss: 598169.6250 train_distortion: 12.1437 train_mapscore: 0.7226 train_c: -1.0820 train_max_dist: 41.0547 train_imax: 28.9789 train_imin: -151.8890 time: 2.8248s
INFO:root:Epoch: 1885 lr: 0.001 train_loss: 598343.8750 train_distortion: 12.1648 train_mapscore: 0.7190 train_c: -1.0820 train_max_dist: 41.1172 train_imax: 28.7729 train_imin: -151.1872 time: 2.8304s
INFO:root:Epoch: 1890 lr: 0.001 train_loss: 597918.2500 train_distortion: 12.1904 train_mapscore: 0.7202 train_c: -1.0819 train_max_dist: 41.1406 train_imax: 28.5928 train_imin: -151.8083 time: 2.8311s
INFO:root:Epoch: 1895 lr: 0.001 train_loss: 597543.3750 train_distortion: 12.2133 train_mapscore: 0.7222 train_c: -1.0819 train_max_dist: 41.1602 train_imax: 28.6140 train_imin: -152.2650 time: 2.8179s
INFO:root:Epoch: 1900 lr: 0.001 train_loss: 597236.5625 train_distortion: 12.2348 train_mapscore: 0.7219 train_c: -1.0819 train_max_dist: 41.1797 train_imax: 28.7250 train_imin: -152.4107 time: 2.8023s
INFO:root:Epoch: 1905 lr: 0.001 train_loss: 597222.0625 train_distortion: 12.2567 train_mapscore: 0.7210 train_c: -1.0818 train_max_dist: 41.2148 train_imax: 28.5920 train_imin: -152.4974 time: 2.8270s
INFO:root:Epoch: 1910 lr: 0.001 train_loss: 596994.5000 train_distortion: 12.2774 train_mapscore: 0.7236 train_c: -1.0818 train_max_dist: 41.2305 train_imax: 28.6403 train_imin: -152.5094 time: 2.8305s
INFO:root:Epoch: 1915 lr: 0.001 train_loss: 597788.6875 train_distortion: 12.2937 train_mapscore: 0.7216 train_c: -1.0818 train_max_dist: 41.2617 train_imax: 28.9991 train_imin: -151.9508 time: 2.8283s
INFO:root:Epoch: 1920 lr: 0.001 train_loss: 597347.3750 train_distortion: 12.3127 train_mapscore: 0.7224 train_c: -1.0817 train_max_dist: 41.2695 train_imax: 29.0350 train_imin: -152.4054 time: 2.7773s
INFO:root:Epoch: 1925 lr: 0.001 train_loss: 596573.2500 train_distortion: 12.3314 train_mapscore: 0.7230 train_c: -1.0817 train_max_dist: 41.2812 train_imax: 28.9490 train_imin: -153.0042 time: 2.8160s
INFO:root:Epoch: 1930 lr: 0.001 train_loss: 596790.5000 train_distortion: 12.3517 train_mapscore: 0.7203 train_c: -1.0817 train_max_dist: 41.2969 train_imax: 28.7547 train_imin: -153.9991 time: 2.8194s
INFO:root:Epoch: 1935 lr: 0.001 train_loss: 595896.7500 train_distortion: 12.3728 train_mapscore: 0.7254 train_c: -1.0816 train_max_dist: 41.3320 train_imax: 28.9830 train_imin: -154.0687 time: 2.8125s
INFO:root:Epoch: 1940 lr: 0.001 train_loss: 595483.7500 train_distortion: 12.3935 train_mapscore: 0.7268 train_c: -1.0816 train_max_dist: 41.3828 train_imax: 28.8530 train_imin: -154.0827 time: 2.7910s
INFO:root:Epoch: 1945 lr: 0.001 train_loss: 595369.7500 train_distortion: 12.4161 train_mapscore: 0.7270 train_c: -1.0816 train_max_dist: 41.4141 train_imax: 28.7197 train_imin: -154.3931 time: 2.7573s
INFO:root:Epoch: 1950 lr: 0.001 train_loss: 595094.4375 train_distortion: 12.4365 train_mapscore: 0.7281 train_c: -1.0815 train_max_dist: 41.4453 train_imax: 28.8195 train_imin: -154.4241 time: 2.7901s
INFO:root:Epoch: 1955 lr: 0.001 train_loss: 595011.8750 train_distortion: 12.4589 train_mapscore: 0.7284 train_c: -1.0815 train_max_dist: 41.4531 train_imax: 29.1881 train_imin: -154.8730 time: 2.7805s
INFO:root:Epoch: 1960 lr: 0.001 train_loss: 594847.3125 train_distortion: 12.4798 train_mapscore: 0.7276 train_c: -1.0815 train_max_dist: 41.4766 train_imax: 29.2668 train_imin: -154.8608 time: 2.7748s
INFO:root:Epoch: 1965 lr: 0.001 train_loss: 594599.3125 train_distortion: 12.5022 train_mapscore: 0.7290 train_c: -1.0814 train_max_dist: 41.5156 train_imax: 28.8091 train_imin: -155.0490 time: 2.7738s
INFO:root:Epoch: 1970 lr: 0.001 train_loss: 594661.1250 train_distortion: 12.5266 train_mapscore: 0.7275 train_c: -1.0814 train_max_dist: 41.5312 train_imax: 29.2273 train_imin: -155.6688 time: 2.8083s
INFO:root:Epoch: 1975 lr: 0.001 train_loss: 595243.7500 train_distortion: 12.5510 train_mapscore: 0.7245 train_c: -1.0814 train_max_dist: 41.5859 train_imax: 28.6514 train_imin: -156.1340 time: 2.8108s
INFO:root:Epoch: 1980 lr: 0.001 train_loss: 595230.5000 train_distortion: 12.5669 train_mapscore: 0.7249 train_c: -1.0813 train_max_dist: 41.5977 train_imax: 28.5358 train_imin: -156.3879 time: 2.8104s
INFO:root:Epoch: 1985 lr: 0.001 train_loss: 595037.2500 train_distortion: 12.5819 train_mapscore: 0.7230 train_c: -1.0813 train_max_dist: 41.6367 train_imax: 28.5117 train_imin: -156.1726 time: 2.8083s
INFO:root:Epoch: 1990 lr: 0.001 train_loss: 594478.1250 train_distortion: 12.5935 train_mapscore: 0.7266 train_c: -1.0812 train_max_dist: 41.6484 train_imax: 28.5145 train_imin: -155.8414 time: 2.8127s
INFO:root:Epoch: 1995 lr: 0.001 train_loss: 593863.6875 train_distortion: 12.6095 train_mapscore: 0.7293 train_c: -1.0812 train_max_dist: 41.6445 train_imax: 28.7681 train_imin: -156.0346 time: 2.8147s
INFO:root:Epoch: 2000 lr: 0.00025 train_loss: 593723.7500 train_distortion: 12.6235 train_mapscore: 0.7302 train_c: -1.0812 train_max_dist: 41.6445 train_imax: 29.1744 train_imin: -156.5615 time: 2.8028s
INFO:root:Optimization Finished!
INFO:root:Total time elapsed: 6184.4586s
INFO:root:Val set results: val_distortion: 1.0000 val_mapscore: -1.0000 val_c: -1.0000 val_max_dist: 0.0000
INFO:root:Test set results: test_loss: 594158.2500 test_distortion: 12.6255 test_mapscore: 0.7278 test_c: -1.0812 test_max_dist: 41.6445 test_imax: 29.5104 test_imin: -156.0189
INFO:root:Saved model in /workspace/xiongbo/hgcn/logs/md/2021_5_21/2
