INFO:root:Using: cuda:0
INFO:root:Using seed 1234.
INFO:root:MDModel(
  (encoder): HGCN(
    (layers): Sequential(
      (0): HyperbolicGraphConvolution(
        (linear): HypLinear(
          in_features=4040, out_features=10, c=Parameter containing:
          tensor([-1.], requires_grad=True)
        )
        (agg): HypAgg(
          c=Parameter containing:
          tensor([-1.], requires_grad=True)
        )
        (hyp_act): HypAct(
          c_in=Parameter containing:
          tensor([-1.], requires_grad=True), c_out=Parameter containing:
          tensor([-1.], requires_grad=True)
        )
      )
    )
  )
  (decoder): MDDecoder()
)
INFO:root:Total number of parameters: 40412
/workspace/anaconda3/envs/geo/lib/python3.7/site-packages/torch/optim/lr_scheduler.py:370: UserWarning: To get the last learning rate computed by the scheduler, please use `get_last_lr()`.
  "please use `get_last_lr()`.", UserWarning)
INFO:root:Epoch: 0005 lr: 0.01 train_loss: 1367315.8750 train_distortion: 0.6118 train_mapscore: 0.2041 train_c: -1.0001 train_max_dist: 2.4644 train_imax: -0.0000 train_imin: -0.9988 time: 4.1724s
INFO:root:Epoch: 0010 lr: 0.01 train_loss: 1315731.2500 train_distortion: 0.5469 train_mapscore: 0.2865 train_c: -1.0006 train_max_dist: 2.9691 train_imax: -0.0000 train_imin: -1.0000 time: 4.0218s
INFO:root:Epoch: 0015 lr: 0.01 train_loss: 1296549.0000 train_distortion: 0.5232 train_mapscore: 0.3060 train_c: -1.0011 train_max_dist: 3.2330 train_imax: 0.0271 train_imin: -1.0009 time: 3.5982s
INFO:root:Epoch: 0020 lr: 0.01 train_loss: 1283791.0000 train_distortion: 0.5084 train_mapscore: 0.3106 train_c: -1.0016 train_max_dist: 4.6791 train_imax: 0.4883 train_imin: -1.0015 time: 3.8891s
INFO:root:Epoch: 0025 lr: 0.01 train_loss: 1274557.7500 train_distortion: 0.5005 train_mapscore: 0.3129 train_c: -1.0022 train_max_dist: 3.7439 train_imax: 0.2782 train_imin: -1.0021 time: 3.7014s
INFO:root:Epoch: 0030 lr: 0.01 train_loss: 1267489.0000 train_distortion: 0.4945 train_mapscore: 0.3122 train_c: -1.0028 train_max_dist: 3.3782 train_imax: 0.0785 train_imin: -1.0027 time: 3.6600s
INFO:root:Epoch: 0035 lr: 0.01 train_loss: 1261545.0000 train_distortion: 0.4882 train_mapscore: 0.3095 train_c: -1.0033 train_max_dist: 3.3746 train_imax: 0.1335 train_imin: -1.0033 time: 3.5871s
INFO:root:Epoch: 0040 lr: 0.01 train_loss: 1258577.0000 train_distortion: 0.4825 train_mapscore: 0.3042 train_c: -1.0039 train_max_dist: 3.4934 train_imax: 0.1513 train_imin: -1.0038 time: 3.6109s
INFO:root:Epoch: 0045 lr: 0.01 train_loss: 1253837.3750 train_distortion: 0.4770 train_mapscore: 0.2995 train_c: -1.0045 train_max_dist: 3.6453 train_imax: 0.2021 train_imin: -1.0044 time: 3.3857s
INFO:root:Epoch: 0050 lr: 0.01 train_loss: 1250133.3750 train_distortion: 0.4721 train_mapscore: 0.2954 train_c: -1.0050 train_max_dist: 3.7028 train_imax: 0.2325 train_imin: -1.0050 time: 3.2446s
INFO:root:Epoch: 0055 lr: 0.01 train_loss: 1247147.0000 train_distortion: 0.4677 train_mapscore: 0.2919 train_c: -1.0056 train_max_dist: 3.6710 train_imax: 0.2427 train_imin: -1.0056 time: 3.2514s
INFO:root:Epoch: 0060 lr: 0.01 train_loss: 1244633.2500 train_distortion: 0.4635 train_mapscore: 0.2888 train_c: -1.0062 train_max_dist: 3.6332 train_imax: 0.2456 train_imin: -1.0061 time: 3.1831s
INFO:root:Epoch: 0065 lr: 0.01 train_loss: 1242430.0000 train_distortion: 0.4596 train_mapscore: 0.2870 train_c: -1.0067 train_max_dist: 3.6142 train_imax: 0.2541 train_imin: -1.0067 time: 3.1676s
INFO:root:Epoch: 0070 lr: 0.01 train_loss: 1241117.2500 train_distortion: 0.4559 train_mapscore: 0.2822 train_c: -1.0073 train_max_dist: 3.5921 train_imax: 0.2612 train_imin: -1.0073 time: 3.2771s
INFO:root:Epoch: 0075 lr: 0.01 train_loss: 1239239.5000 train_distortion: 0.4523 train_mapscore: 0.2770 train_c: -1.0079 train_max_dist: 3.5661 train_imax: 0.2695 train_imin: -1.0078 time: 3.2653s
INFO:root:Epoch: 0080 lr: 0.01 train_loss: 1237536.5000 train_distortion: 0.4491 train_mapscore: 0.2723 train_c: -1.0084 train_max_dist: 3.4931 train_imax: 0.2544 train_imin: -1.0084 time: 3.1414s
INFO:root:Epoch: 0085 lr: 0.01 train_loss: 1236038.6250 train_distortion: 0.4463 train_mapscore: 0.2695 train_c: -1.0090 train_max_dist: 3.4366 train_imax: 0.2435 train_imin: -1.0090 time: 3.1243s
INFO:root:Epoch: 0090 lr: 0.01 train_loss: 1234723.0000 train_distortion: 0.4438 train_mapscore: 0.2671 train_c: -1.0095 train_max_dist: 3.4711 train_imax: 0.2453 train_imin: -1.0095 time: 3.1808s
INFO:root:Epoch: 0095 lr: 0.01 train_loss: 1233500.1250 train_distortion: 0.4416 train_mapscore: 0.2657 train_c: -1.0101 train_max_dist: 3.4883 train_imax: 0.2378 train_imin: -1.0101 time: 3.1360s
INFO:root:Epoch: 0100 lr: 0.01 train_loss: 1232424.2500 train_distortion: 0.4395 train_mapscore: 0.2641 train_c: -1.0106 train_max_dist: 3.4679 train_imax: 0.2152 train_imin: -1.0106 time: 3.1713s
INFO:root:Epoch: 0105 lr: 0.01 train_loss: 1231463.5000 train_distortion: 0.4379 train_mapscore: 0.2634 train_c: -1.0112 train_max_dist: 3.4271 train_imax: 0.1842 train_imin: -1.0112 time: 3.1726s
INFO:root:Epoch: 0110 lr: 0.01 train_loss: 1230601.8750 train_distortion: 0.4363 train_mapscore: 0.2635 train_c: -1.0118 train_max_dist: 3.4169 train_imax: 0.1573 train_imin: -1.0117 time: 3.1440s
INFO:root:Epoch: 0115 lr: 0.01 train_loss: 1229849.2500 train_distortion: 0.4349 train_mapscore: 0.2643 train_c: -1.0123 train_max_dist: 3.3871 train_imax: 0.1239 train_imin: -1.0123 time: 3.1538s
INFO:root:Epoch: 0120 lr: 0.01 train_loss: 1229166.0000 train_distortion: 0.4338 train_mapscore: 0.2646 train_c: -1.0129 train_max_dist: 3.3134 train_imax: 0.0830 train_imin: -1.0128 time: 3.0969s
INFO:root:Epoch: 0125 lr: 0.01 train_loss: 1228569.5000 train_distortion: 0.4328 train_mapscore: 0.2654 train_c: -1.0134 train_max_dist: 3.2552 train_imax: 0.0493 train_imin: -1.0134 time: 3.1249s
INFO:root:Epoch: 0130 lr: 0.01 train_loss: 1227964.5000 train_distortion: 0.4317 train_mapscore: 0.2662 train_c: -1.0139 train_max_dist: 3.2213 train_imax: 0.0245 train_imin: -1.0139 time: 3.1195s
INFO:root:Epoch: 0135 lr: 0.01 train_loss: 1227421.6250 train_distortion: 0.4308 train_mapscore: 0.2670 train_c: -1.0145 train_max_dist: 3.1847 train_imax: 0.0135 train_imin: -1.0145 time: 3.0165s
INFO:root:Epoch: 0140 lr: 0.01 train_loss: 1226906.2500 train_distortion: 0.4299 train_mapscore: 0.2683 train_c: -1.0150 train_max_dist: 3.1594 train_imax: 0.0137 train_imin: -1.0150 time: 3.1281s
INFO:root:Epoch: 0145 lr: 0.01 train_loss: 1226419.6250 train_distortion: 0.4290 train_mapscore: 0.2697 train_c: -1.0156 train_max_dist: 3.1485 train_imax: 0.0117 train_imin: -1.0156 time: 3.1009s
INFO:root:Epoch: 0150 lr: 0.01 train_loss: 1225977.0000 train_distortion: 0.4283 train_mapscore: 0.2706 train_c: -1.0161 train_max_dist: 3.1514 train_imax: 0.0158 train_imin: -1.0161 time: 3.0379s
INFO:root:Epoch: 0155 lr: 0.01 train_loss: 1225555.7500 train_distortion: 0.4275 train_mapscore: 0.2709 train_c: -1.0167 train_max_dist: 3.1463 train_imax: 0.0155 train_imin: -1.0167 time: 3.0485s
INFO:root:Epoch: 0160 lr: 0.01 train_loss: 1225154.1250 train_distortion: 0.4269 train_mapscore: 0.2713 train_c: -1.0172 train_max_dist: 3.1539 train_imax: 0.0155 train_imin: -1.0172 time: 3.1004s
INFO:root:Epoch: 0165 lr: 0.01 train_loss: 1224786.7500 train_distortion: 0.4263 train_mapscore: 0.2715 train_c: -1.0177 train_max_dist: 3.1684 train_imax: 0.0136 train_imin: -1.0177 time: 3.0798s
INFO:root:Epoch: 0170 lr: 0.01 train_loss: 1224435.5000 train_distortion: 0.4256 train_mapscore: 0.2717 train_c: -1.0183 train_max_dist: 3.1808 train_imax: 0.0172 train_imin: -1.0183 time: 3.1145s
INFO:root:Epoch: 0175 lr: 0.01 train_loss: 1224111.5000 train_distortion: 0.4250 train_mapscore: 0.2714 train_c: -1.0188 train_max_dist: 3.1903 train_imax: 0.0137 train_imin: -1.0188 time: 3.1228s
INFO:root:Epoch: 0180 lr: 0.01 train_loss: 1223806.5000 train_distortion: 0.4245 train_mapscore: 0.2713 train_c: -1.0194 train_max_dist: 3.1932 train_imax: 0.0138 train_imin: -1.0194 time: 3.0981s
INFO:root:Epoch: 0185 lr: 0.01 train_loss: 1223524.0000 train_distortion: 0.4239 train_mapscore: 0.2706 train_c: -1.0199 train_max_dist: 3.1974 train_imax: 0.0164 train_imin: -1.0199 time: 3.1232s
INFO:root:Epoch: 0190 lr: 0.01 train_loss: 1223238.0000 train_distortion: 0.4234 train_mapscore: 0.2693 train_c: -1.0204 train_max_dist: 3.2061 train_imax: 0.0145 train_imin: -1.0204 time: 3.1177s
INFO:root:Epoch: 0195 lr: 0.01 train_loss: 1222960.8750 train_distortion: 0.4227 train_mapscore: 0.2681 train_c: -1.0210 train_max_dist: 3.2126 train_imax: 0.0145 train_imin: -1.0210 time: 3.1058s
INFO:root:Epoch: 0200 lr: 0.01 train_loss: 1222691.6250 train_distortion: 0.4221 train_mapscore: 0.2661 train_c: -1.0215 train_max_dist: 3.2196 train_imax: 0.0163 train_imin: -1.0215 time: 3.1145s
INFO:root:Epoch: 0205 lr: 0.01 train_loss: 1222417.7500 train_distortion: 0.4215 train_mapscore: 0.2637 train_c: -1.0220 train_max_dist: 3.2249 train_imax: 0.0130 train_imin: -1.0220 time: 3.0281s
INFO:root:Epoch: 0210 lr: 0.01 train_loss: 1222182.2500 train_distortion: 0.4209 train_mapscore: 0.2617 train_c: -1.0226 train_max_dist: 3.2321 train_imax: 0.0126 train_imin: -1.0226 time: 3.1188s
INFO:root:Epoch: 0215 lr: 0.01 train_loss: 1221955.0000 train_distortion: 0.4203 train_mapscore: 0.2610 train_c: -1.0231 train_max_dist: 3.2344 train_imax: 0.0136 train_imin: -1.0231 time: 3.0989s
INFO:root:Epoch: 0220 lr: 0.01 train_loss: 1221743.6250 train_distortion: 0.4198 train_mapscore: 0.2606 train_c: -1.0236 train_max_dist: 3.2385 train_imax: 0.0099 train_imin: -1.0236 time: 3.0939s
INFO:root:Epoch: 0225 lr: 0.01 train_loss: 1221546.5000 train_distortion: 0.4193 train_mapscore: 0.2600 train_c: -1.0241 train_max_dist: 3.2426 train_imax: 0.0084 train_imin: -1.0241 time: 3.0621s
INFO:root:Epoch: 0230 lr: 0.01 train_loss: 1221358.7500 train_distortion: 0.4188 train_mapscore: 0.2595 train_c: -1.0247 train_max_dist: 3.2445 train_imax: 0.0090 train_imin: -1.0247 time: 3.0798s
INFO:root:Epoch: 0235 lr: 0.01 train_loss: 1221175.2500 train_distortion: 0.4183 train_mapscore: 0.2589 train_c: -1.0252 train_max_dist: 3.2500 train_imax: 0.0061 train_imin: -1.0252 time: 3.1080s
INFO:root:Epoch: 0240 lr: 0.01 train_loss: 1221005.0000 train_distortion: 0.4180 train_mapscore: 0.2582 train_c: -1.0257 train_max_dist: 3.2525 train_imax: 0.0040 train_imin: -1.0257 time: 3.0545s
INFO:root:Epoch: 0245 lr: 0.01 train_loss: 1220831.5000 train_distortion: 0.4175 train_mapscore: 0.2572 train_c: -1.0263 train_max_dist: 3.2560 train_imax: 0.0040 train_imin: -1.0263 time: 3.0388s
INFO:root:Epoch: 0250 lr: 0.01 train_loss: 1220667.2500 train_distortion: 0.4171 train_mapscore: 0.2563 train_c: -1.0268 train_max_dist: 3.2592 train_imax: 0.0007 train_imin: -1.0268 time: 3.0992s
INFO:root:Epoch: 0255 lr: 0.01 train_loss: 1220505.7500 train_distortion: 0.4167 train_mapscore: 0.2565 train_c: -1.0273 train_max_dist: 3.2624 train_imax: 0.0006 train_imin: -1.0273 time: 3.1079s
INFO:root:Epoch: 0260 lr: 0.01 train_loss: 1220350.5000 train_distortion: 0.4164 train_mapscore: 0.2565 train_c: -1.0278 train_max_dist: 3.2642 train_imax: -0.0000 train_imin: -1.0278 time: 3.0790s
INFO:root:Epoch: 0265 lr: 0.01 train_loss: 1220195.5000 train_distortion: 0.4161 train_mapscore: 0.2566 train_c: -1.0284 train_max_dist: 3.2658 train_imax: 0.0005 train_imin: -1.0284 time: 3.0633s
INFO:root:Epoch: 0270 lr: 0.01 train_loss: 1220056.6250 train_distortion: 0.4157 train_mapscore: 0.2559 train_c: -1.0289 train_max_dist: 3.2768 train_imax: 0.0001 train_imin: -1.0289 time: 3.1199s
INFO:root:Epoch: 0275 lr: 0.01 train_loss: 1219903.5000 train_distortion: 0.4153 train_mapscore: 0.2555 train_c: -1.0294 train_max_dist: 3.2777 train_imax: 0.0002 train_imin: -1.0294 time: 3.1211s
INFO:root:Epoch: 0280 lr: 0.01 train_loss: 1219759.3750 train_distortion: 0.4150 train_mapscore: 0.2549 train_c: -1.0299 train_max_dist: 3.2765 train_imax: 0.0021 train_imin: -1.0299 time: 3.0684s
INFO:root:Epoch: 0285 lr: 0.01 train_loss: 1219613.7500 train_distortion: 0.4147 train_mapscore: 0.2542 train_c: -1.0305 train_max_dist: 3.2796 train_imax: 0.0009 train_imin: -1.0305 time: 3.1316s
INFO:root:Epoch: 0290 lr: 0.01 train_loss: 1219479.5000 train_distortion: 0.4143 train_mapscore: 0.2536 train_c: -1.0310 train_max_dist: 3.2830 train_imax: 0.0006 train_imin: -1.0310 time: 3.0873s
INFO:root:Epoch: 0295 lr: 0.01 train_loss: 1219336.0000 train_distortion: 0.4140 train_mapscore: 0.2532 train_c: -1.0315 train_max_dist: 3.2802 train_imax: 0.0008 train_imin: -1.0315 time: 3.1250s
INFO:root:Epoch: 0300 lr: 0.01 train_loss: 1219203.2500 train_distortion: 0.4137 train_mapscore: 0.2534 train_c: -1.0320 train_max_dist: 3.2853 train_imax: -0.0000 train_imin: -1.0320 time: 3.0679s
INFO:root:Epoch: 0305 lr: 0.01 train_loss: 1219063.3750 train_distortion: 0.4134 train_mapscore: 0.2536 train_c: -1.0325 train_max_dist: 3.2875 train_imax: -0.0000 train_imin: -1.0325 time: 3.1014s
INFO:root:Epoch: 0310 lr: 0.01 train_loss: 1218933.7500 train_distortion: 0.4131 train_mapscore: 0.2547 train_c: -1.0331 train_max_dist: 3.2884 train_imax: 0.0007 train_imin: -1.0331 time: 3.0466s
INFO:root:Epoch: 0315 lr: 0.01 train_loss: 1218800.2500 train_distortion: 0.4128 train_mapscore: 0.2547 train_c: -1.0336 train_max_dist: 3.2870 train_imax: 0.0017 train_imin: -1.0336 time: 2.9947s
INFO:root:Epoch: 0320 lr: 0.01 train_loss: 1218671.2500 train_distortion: 0.4125 train_mapscore: 0.2550 train_c: -1.0341 train_max_dist: 3.2804 train_imax: -0.0000 train_imin: -1.0341 time: 3.0991s
INFO:root:Epoch: 0325 lr: 0.01 train_loss: 1218531.7500 train_distortion: 0.4122 train_mapscore: 0.2552 train_c: -1.0346 train_max_dist: 3.2902 train_imax: 0.0021 train_imin: -1.0346 time: 3.0539s
INFO:root:Epoch: 0330 lr: 0.01 train_loss: 1218404.0000 train_distortion: 0.4120 train_mapscore: 0.2551 train_c: -1.0351 train_max_dist: 3.2868 train_imax: 0.0029 train_imin: -1.0351 time: 2.9931s
INFO:root:Epoch: 0335 lr: 0.01 train_loss: 1218270.5000 train_distortion: 0.4116 train_mapscore: 0.2553 train_c: -1.0357 train_max_dist: 3.2842 train_imax: -0.0000 train_imin: -1.0357 time: 3.1497s
INFO:root:Epoch: 0340 lr: 0.01 train_loss: 1218177.0000 train_distortion: 0.4113 train_mapscore: 0.2542 train_c: -1.0362 train_max_dist: 3.8442 train_imax: 0.2684 train_imin: -1.0362 time: 3.1046s
INFO:root:Epoch: 0345 lr: 0.01 train_loss: 1218020.5000 train_distortion: 0.4111 train_mapscore: 0.2545 train_c: -1.0367 train_max_dist: 3.5578 train_imax: 0.1542 train_imin: -1.0367 time: 3.1174s
INFO:root:Epoch: 0350 lr: 0.01 train_loss: 1217878.2500 train_distortion: 0.4109 train_mapscore: 0.2535 train_c: -1.0372 train_max_dist: 3.4442 train_imax: 0.0643 train_imin: -1.0372 time: 3.1023s
INFO:root:Epoch: 0355 lr: 0.01 train_loss: 1217729.2500 train_distortion: 0.4106 train_mapscore: 0.2527 train_c: -1.0377 train_max_dist: 3.3707 train_imax: 0.0163 train_imin: -1.0377 time: 3.0621s
INFO:root:Epoch: 0360 lr: 0.01 train_loss: 1217581.5000 train_distortion: 0.4104 train_mapscore: 0.2538 train_c: -1.0382 train_max_dist: 3.3261 train_imax: -0.0000 train_imin: -1.0382 time: 3.0647s
INFO:root:Epoch: 0365 lr: 0.01 train_loss: 1217416.8750 train_distortion: 0.4102 train_mapscore: 0.2528 train_c: -1.0388 train_max_dist: 3.2960 train_imax: -0.0000 train_imin: -1.0388 time: 3.0643s
INFO:root:Epoch: 0370 lr: 0.01 train_loss: 1217253.5000 train_distortion: 0.4099 train_mapscore: 0.2508 train_c: -1.0393 train_max_dist: 3.2711 train_imax: 0.0031 train_imin: -1.0393 time: 3.0670s
INFO:root:Epoch: 0375 lr: 0.01 train_loss: 1217081.8750 train_distortion: 0.4097 train_mapscore: 0.2509 train_c: -1.0398 train_max_dist: 3.2570 train_imax: 0.0029 train_imin: -1.0398 time: 3.0338s
INFO:root:Epoch: 0380 lr: 0.01 train_loss: 1216912.5000 train_distortion: 0.4096 train_mapscore: 0.2513 train_c: -1.0403 train_max_dist: 3.2489 train_imax: -0.0000 train_imin: -1.0403 time: 3.0511s
INFO:root:Epoch: 0385 lr: 0.01 train_loss: 1216738.3750 train_distortion: 0.4094 train_mapscore: 0.2510 train_c: -1.0408 train_max_dist: 3.2488 train_imax: -0.0000 train_imin: -1.0408 time: 3.0586s
INFO:root:Epoch: 0390 lr: 0.01 train_loss: 1216583.2500 train_distortion: 0.4092 train_mapscore: 0.2510 train_c: -1.0413 train_max_dist: 3.3079 train_imax: 0.0074 train_imin: -1.0413 time: 3.0140s
INFO:root:Epoch: 0395 lr: 0.01 train_loss: 1216423.0000 train_distortion: 0.4090 train_mapscore: 0.2515 train_c: -1.0419 train_max_dist: 3.3938 train_imax: 0.0753 train_imin: -1.0419 time: 3.0412s
INFO:root:Epoch: 0400 lr: 0.01 train_loss: 1216266.3750 train_distortion: 0.4088 train_mapscore: 0.2513 train_c: -1.0424 train_max_dist: 3.3651 train_imax: 0.0530 train_imin: -1.0424 time: 3.0634s
INFO:root:Epoch: 0405 lr: 0.01 train_loss: 1216348.8750 train_distortion: 0.4088 train_mapscore: 0.2503 train_c: -1.0429 train_max_dist: 3.0520 train_imax: 0.0003 train_imin: -1.0429 time: 3.0836s
INFO:root:Epoch: 0410 lr: 0.01 train_loss: 1215965.2500 train_distortion: 0.4083 train_mapscore: 0.2507 train_c: -1.0434 train_max_dist: 3.4026 train_imax: 0.0891 train_imin: -1.0434 time: 3.0364s
INFO:root:Epoch: 0415 lr: 0.01 train_loss: 1215815.5000 train_distortion: 0.4081 train_mapscore: 0.2504 train_c: -1.0439 train_max_dist: 3.3631 train_imax: 0.0678 train_imin: -1.0439 time: 3.0973s
INFO:root:Epoch: 0420 lr: 0.01 train_loss: 1215671.0000 train_distortion: 0.4079 train_mapscore: 0.2505 train_c: -1.0444 train_max_dist: 3.3108 train_imax: 0.0401 train_imin: -1.0444 time: 3.0997s
INFO:root:Epoch: 0425 lr: 0.01 train_loss: 1215529.0000 train_distortion: 0.4077 train_mapscore: 0.2509 train_c: -1.0449 train_max_dist: 3.2749 train_imax: 0.0142 train_imin: -1.0449 time: 3.0928s
INFO:root:Epoch: 0430 lr: 0.01 train_loss: 1215545.2500 train_distortion: 0.4076 train_mapscore: 0.2504 train_c: -1.0455 train_max_dist: 3.0651 train_imax: -0.0000 train_imin: -1.0455 time: 2.9793s
INFO:root:Epoch: 0435 lr: 0.01 train_loss: 1215317.6250 train_distortion: 0.4072 train_mapscore: 0.2503 train_c: -1.0460 train_max_dist: 4.1124 train_imax: 0.3322 train_imin: -1.0460 time: 3.0679s
INFO:root:Epoch: 0440 lr: 0.01 train_loss: 1215163.7500 train_distortion: 0.4069 train_mapscore: 0.2502 train_c: -1.0465 train_max_dist: 3.9267 train_imax: 0.2975 train_imin: -1.0465 time: 2.9673s
INFO:root:Epoch: 0445 lr: 0.01 train_loss: 1215011.7500 train_distortion: 0.4068 train_mapscore: 0.2509 train_c: -1.0470 train_max_dist: 3.6733 train_imax: 0.2331 train_imin: -1.0470 time: 3.0130s
INFO:root:Epoch: 0450 lr: 0.01 train_loss: 1214870.3750 train_distortion: 0.4066 train_mapscore: 0.2508 train_c: -1.0475 train_max_dist: 3.5229 train_imax: 0.1758 train_imin: -1.0475 time: 3.0496s
INFO:root:Epoch: 0455 lr: 0.01 train_loss: 1214729.5000 train_distortion: 0.4063 train_mapscore: 0.2511 train_c: -1.0480 train_max_dist: 3.4792 train_imax: 0.1324 train_imin: -1.0480 time: 3.0586s
INFO:root:Epoch: 0460 lr: 0.01 train_loss: 1214595.8750 train_distortion: 0.4061 train_mapscore: 0.2508 train_c: -1.0485 train_max_dist: 3.4460 train_imax: 0.1022 train_imin: -1.0485 time: 3.0562s
INFO:root:Epoch: 0465 lr: 0.01 train_loss: 1214455.8750 train_distortion: 0.4058 train_mapscore: 0.2504 train_c: -1.0491 train_max_dist: 3.4267 train_imax: 0.0803 train_imin: -1.0491 time: 3.0852s
INFO:root:Epoch: 0470 lr: 0.01 train_loss: 1214328.2500 train_distortion: 0.4055 train_mapscore: 0.2502 train_c: -1.0496 train_max_dist: 3.4264 train_imax: 0.0767 train_imin: -1.0496 time: 3.0493s
INFO:root:Epoch: 0475 lr: 0.01 train_loss: 1214193.5000 train_distortion: 0.4052 train_mapscore: 0.2496 train_c: -1.0501 train_max_dist: 3.4709 train_imax: 0.1192 train_imin: -1.0501 time: 3.0528s
INFO:root:Epoch: 0480 lr: 0.01 train_loss: 1214055.3750 train_distortion: 0.4050 train_mapscore: 0.2481 train_c: -1.0506 train_max_dist: 3.4804 train_imax: 0.1335 train_imin: -1.0506 time: 3.1144s
INFO:root:Epoch: 0485 lr: 0.01 train_loss: 1213912.6250 train_distortion: 0.4047 train_mapscore: 0.2450 train_c: -1.0511 train_max_dist: 3.4666 train_imax: 0.1236 train_imin: -1.0511 time: 3.1224s
INFO:root:Epoch: 0490 lr: 0.01 train_loss: 1213776.5000 train_distortion: 0.4044 train_mapscore: 0.2441 train_c: -1.0516 train_max_dist: 3.4260 train_imax: 0.1060 train_imin: -1.0516 time: 3.0457s
INFO:root:Epoch: 0495 lr: 0.01 train_loss: 1213847.2500 train_distortion: 0.4042 train_mapscore: 0.2443 train_c: -1.0521 train_max_dist: 3.0968 train_imax: 0.0040 train_imin: -1.0521 time: 3.0169s
INFO:root:Epoch: 0500 lr: 0.01 train_loss: 1213510.3750 train_distortion: 0.4038 train_mapscore: 0.2431 train_c: -1.0526 train_max_dist: 3.4346 train_imax: 0.1167 train_imin: -1.0526 time: 3.0298s
INFO:root:Epoch: 0505 lr: 0.01 train_loss: 1213370.0000 train_distortion: 0.4035 train_mapscore: 0.2424 train_c: -1.0532 train_max_dist: 3.4274 train_imax: 0.1124 train_imin: -1.0532 time: 3.0615s
INFO:root:Epoch: 0510 lr: 0.01 train_loss: 1213243.0000 train_distortion: 0.4033 train_mapscore: 0.2415 train_c: -1.0537 train_max_dist: 3.3966 train_imax: 0.0982 train_imin: -1.0537 time: 3.1120s
INFO:root:Epoch: 0515 lr: 0.01 train_loss: 1213104.3750 train_distortion: 0.4029 train_mapscore: 0.2399 train_c: -1.0542 train_max_dist: 3.3736 train_imax: 0.0870 train_imin: -1.0542 time: 3.0750s
INFO:root:Epoch: 0520 lr: 0.01 train_loss: 1213195.7500 train_distortion: 0.4028 train_mapscore: 0.2387 train_c: -1.0547 train_max_dist: 3.1107 train_imax: 0.0011 train_imin: -1.0547 time: 3.1110s
INFO:root:Epoch: 0525 lr: 0.01 train_loss: 1212843.8750 train_distortion: 0.4024 train_mapscore: 0.2385 train_c: -1.0552 train_max_dist: 3.3894 train_imax: 0.1153 train_imin: -1.0552 time: 3.1172s
INFO:root:Epoch: 0530 lr: 0.01 train_loss: 1212720.1250 train_distortion: 0.4021 train_mapscore: 0.2387 train_c: -1.0557 train_max_dist: 3.3921 train_imax: 0.1138 train_imin: -1.0557 time: 3.1011s
INFO:root:Epoch: 0535 lr: 0.01 train_loss: 1212880.2500 train_distortion: 0.4020 train_mapscore: 0.2387 train_c: -1.0562 train_max_dist: 3.1194 train_imax: 0.0019 train_imin: -1.0562 time: 3.1200s
INFO:root:Epoch: 0540 lr: 0.01 train_loss: 1212690.0000 train_distortion: 0.4017 train_mapscore: 0.2381 train_c: -1.0567 train_max_dist: 3.1204 train_imax: 0.0042 train_imin: -1.0567 time: 3.0242s
INFO:root:Epoch: 0545 lr: 0.01 train_loss: 1212512.8750 train_distortion: 0.4014 train_mapscore: 0.2370 train_c: -1.0572 train_max_dist: 3.1180 train_imax: 0.0013 train_imin: -1.0572 time: 3.0407s
INFO:root:Epoch: 0550 lr: 0.01 train_loss: 1212377.7500 train_distortion: 0.4011 train_mapscore: 0.2373 train_c: -1.0578 train_max_dist: 3.1206 train_imax: 0.0008 train_imin: -1.0578 time: 3.0372s
INFO:root:Epoch: 0555 lr: 0.01 train_loss: 1212242.6250 train_distortion: 0.4008 train_mapscore: 0.2381 train_c: -1.0583 train_max_dist: 3.1200 train_imax: 0.0007 train_imin: -1.0583 time: 3.1023s
INFO:root:Epoch: 0560 lr: 0.01 train_loss: 1212114.2500 train_distortion: 0.4006 train_mapscore: 0.2389 train_c: -1.0588 train_max_dist: 3.1222 train_imax: 0.0019 train_imin: -1.0588 time: 3.0412s
INFO:root:Epoch: 0565 lr: 0.01 train_loss: 1211983.2500 train_distortion: 0.4004 train_mapscore: 0.2389 train_c: -1.0593 train_max_dist: 3.1222 train_imax: 0.0010 train_imin: -1.0593 time: 3.0701s
INFO:root:Epoch: 0570 lr: 0.01 train_loss: 1211862.2500 train_distortion: 0.4002 train_mapscore: 0.2391 train_c: -1.0598 train_max_dist: 3.1236 train_imax: 0.0002 train_imin: -1.0598 time: 3.0657s
INFO:root:Epoch: 0575 lr: 0.01 train_loss: 1211736.5000 train_distortion: 0.3999 train_mapscore: 0.2389 train_c: -1.0603 train_max_dist: 3.1287 train_imax: 0.0007 train_imin: -1.0603 time: 3.0827s
INFO:root:Epoch: 0580 lr: 0.01 train_loss: 1211614.6250 train_distortion: 0.3997 train_mapscore: 0.2386 train_c: -1.0608 train_max_dist: 3.1292 train_imax: 0.0008 train_imin: -1.0608 time: 3.0387s
INFO:root:Epoch: 0585 lr: 0.01 train_loss: 1211488.7500 train_distortion: 0.3995 train_mapscore: 0.2390 train_c: -1.0613 train_max_dist: 3.1322 train_imax: 0.0000 train_imin: -1.0613 time: 3.1180s
INFO:root:Epoch: 0590 lr: 0.01 train_loss: 1211369.3750 train_distortion: 0.3993 train_mapscore: 0.2391 train_c: -1.0618 train_max_dist: 3.1330 train_imax: -0.0000 train_imin: -1.0618 time: 3.1054s
INFO:root:Epoch: 0595 lr: 0.01 train_loss: 1211247.0000 train_distortion: 0.3990 train_mapscore: 0.2392 train_c: -1.0623 train_max_dist: 3.1340 train_imax: 0.0005 train_imin: -1.0623 time: 3.1119s
INFO:root:Epoch: 0600 lr: 0.01 train_loss: 1211126.6250 train_distortion: 0.3988 train_mapscore: 0.2392 train_c: -1.0628 train_max_dist: 3.1377 train_imax: 0.0004 train_imin: -1.0628 time: 3.0816s
INFO:root:Epoch: 0605 lr: 0.01 train_loss: 1211002.1250 train_distortion: 0.3987 train_mapscore: 0.2386 train_c: -1.0634 train_max_dist: 3.1380 train_imax: 0.0003 train_imin: -1.0634 time: 3.1192s
INFO:root:Epoch: 0610 lr: 0.01 train_loss: 1210882.7500 train_distortion: 0.3984 train_mapscore: 0.2389 train_c: -1.0639 train_max_dist: 3.1392 train_imax: 0.0006 train_imin: -1.0639 time: 3.1003s
INFO:root:Epoch: 0615 lr: 0.01 train_loss: 1210761.3750 train_distortion: 0.3981 train_mapscore: 0.2387 train_c: -1.0644 train_max_dist: 3.1439 train_imax: -0.0000 train_imin: -1.0644 time: 3.1586s
INFO:root:Epoch: 0620 lr: 0.01 train_loss: 1210642.7500 train_distortion: 0.3980 train_mapscore: 0.2389 train_c: -1.0649 train_max_dist: 3.1430 train_imax: 0.0010 train_imin: -1.0649 time: 3.0453s
INFO:root:Epoch: 0625 lr: 0.01 train_loss: 1210516.2500 train_distortion: 0.3977 train_mapscore: 0.2392 train_c: -1.0654 train_max_dist: 3.1456 train_imax: 0.0005 train_imin: -1.0654 time: 3.1641s
INFO:root:Epoch: 0630 lr: 0.01 train_loss: 1210396.7500 train_distortion: 0.3975 train_mapscore: 0.2391 train_c: -1.0659 train_max_dist: 3.1458 train_imax: -0.0000 train_imin: -1.0659 time: 3.1088s
INFO:root:Epoch: 0635 lr: 0.01 train_loss: 1210273.5000 train_distortion: 0.3973 train_mapscore: 0.2384 train_c: -1.0664 train_max_dist: 3.1477 train_imax: 0.0017 train_imin: -1.0664 time: 3.1838s
INFO:root:Epoch: 0640 lr: 0.01 train_loss: 1210153.2500 train_distortion: 0.3971 train_mapscore: 0.2386 train_c: -1.0669 train_max_dist: 3.1489 train_imax: 0.0012 train_imin: -1.0669 time: 3.0957s
INFO:root:Epoch: 0645 lr: 0.01 train_loss: 1210028.0000 train_distortion: 0.3968 train_mapscore: 0.2388 train_c: -1.0674 train_max_dist: 3.1494 train_imax: -0.0000 train_imin: -1.0674 time: 3.1010s
INFO:root:Epoch: 0650 lr: 0.01 train_loss: 1209911.1250 train_distortion: 0.3967 train_mapscore: 0.2388 train_c: -1.0679 train_max_dist: 3.1530 train_imax: 0.0001 train_imin: -1.0679 time: 3.0845s
INFO:root:Epoch: 0655 lr: 0.01 train_loss: 1209786.2500 train_distortion: 0.3964 train_mapscore: 0.2387 train_c: -1.0684 train_max_dist: 3.1544 train_imax: -0.0000 train_imin: -1.0684 time: 3.1017s
INFO:root:Epoch: 0660 lr: 0.01 train_loss: 1209667.3750 train_distortion: 0.3962 train_mapscore: 0.2388 train_c: -1.0689 train_max_dist: 3.1560 train_imax: 0.0002 train_imin: -1.0689 time: 3.1021s
INFO:root:Epoch: 0665 lr: 0.01 train_loss: 1209541.5000 train_distortion: 0.3960 train_mapscore: 0.2380 train_c: -1.0695 train_max_dist: 3.1568 train_imax: 0.0004 train_imin: -1.0695 time: 3.0934s
INFO:root:Epoch: 0670 lr: 0.01 train_loss: 1209423.3750 train_distortion: 0.3957 train_mapscore: 0.2392 train_c: -1.0700 train_max_dist: 3.1578 train_imax: -0.0000 train_imin: -1.0700 time: 3.1311s
INFO:root:Epoch: 0675 lr: 0.01 train_loss: 1209299.0000 train_distortion: 0.3955 train_mapscore: 0.2386 train_c: -1.0705 train_max_dist: 3.1621 train_imax: 0.0011 train_imin: -1.0705 time: 3.0489s
INFO:root:Epoch: 0680 lr: 0.01 train_loss: 1209180.0000 train_distortion: 0.3953 train_mapscore: 0.2388 train_c: -1.0710 train_max_dist: 3.1627 train_imax: 0.0009 train_imin: -1.0710 time: 3.1095s
INFO:root:Epoch: 0685 lr: 0.01 train_loss: 1209053.8750 train_distortion: 0.3951 train_mapscore: 0.2387 train_c: -1.0715 train_max_dist: 3.1635 train_imax: -0.0000 train_imin: -1.0715 time: 3.1222s
INFO:root:Epoch: 0690 lr: 0.01 train_loss: 1208934.7500 train_distortion: 0.3949 train_mapscore: 0.2385 train_c: -1.0720 train_max_dist: 3.1654 train_imax: 0.0003 train_imin: -1.0720 time: 3.1440s
INFO:root:Epoch: 0695 lr: 0.01 train_loss: 1208810.7500 train_distortion: 0.3946 train_mapscore: 0.2396 train_c: -1.0725 train_max_dist: 3.1659 train_imax: -0.0000 train_imin: -1.0725 time: 3.1730s
INFO:root:Epoch: 0700 lr: 0.01 train_loss: 1208689.7500 train_distortion: 0.3944 train_mapscore: 0.2384 train_c: -1.0730 train_max_dist: 3.1675 train_imax: 0.0004 train_imin: -1.0730 time: 3.1755s
INFO:root:Epoch: 0705 lr: 0.01 train_loss: 1208564.5000 train_distortion: 0.3942 train_mapscore: 0.2388 train_c: -1.0735 train_max_dist: 3.1691 train_imax: -0.0000 train_imin: -1.0735 time: 3.1054s
INFO:root:Epoch: 0710 lr: 0.01 train_loss: 1208446.2500 train_distortion: 0.3940 train_mapscore: 0.2384 train_c: -1.0740 train_max_dist: 3.1695 train_imax: -0.0000 train_imin: -1.0740 time: 3.1124s
INFO:root:Epoch: 0715 lr: 0.01 train_loss: 1208321.6250 train_distortion: 0.3937 train_mapscore: 0.2393 train_c: -1.0745 train_max_dist: 3.1736 train_imax: 0.0002 train_imin: -1.0745 time: 3.1114s
INFO:root:Epoch: 0720 lr: 0.01 train_loss: 1208200.5000 train_distortion: 0.3936 train_mapscore: 0.2387 train_c: -1.0750 train_max_dist: 3.1715 train_imax: 0.0005 train_imin: -1.0750 time: 3.1623s
INFO:root:Epoch: 0725 lr: 0.01 train_loss: 1208074.7500 train_distortion: 0.3934 train_mapscore: 0.2383 train_c: -1.0755 train_max_dist: 3.1726 train_imax: -0.0000 train_imin: -1.0755 time: 3.1876s
INFO:root:Epoch: 0730 lr: 0.01 train_loss: 1207955.5000 train_distortion: 0.3931 train_mapscore: 0.2389 train_c: -1.0761 train_max_dist: 3.1770 train_imax: -0.0000 train_imin: -1.0761 time: 3.0767s
INFO:root:Epoch: 0735 lr: 0.01 train_loss: 1207830.7500 train_distortion: 0.3929 train_mapscore: 0.2388 train_c: -1.0766 train_max_dist: 3.1789 train_imax: 0.0003 train_imin: -1.0766 time: 3.1734s
INFO:root:Epoch: 0740 lr: 0.01 train_loss: 1207709.7500 train_distortion: 0.3927 train_mapscore: 0.2388 train_c: -1.0771 train_max_dist: 3.1784 train_imax: 0.0010 train_imin: -1.0771 time: 3.2020s
INFO:root:Epoch: 0745 lr: 0.01 train_loss: 1207582.8750 train_distortion: 0.3925 train_mapscore: 0.2392 train_c: -1.0776 train_max_dist: 3.1807 train_imax: -0.0000 train_imin: -1.0776 time: 3.1104s
INFO:root:Epoch: 0750 lr: 0.01 train_loss: 1207464.7500 train_distortion: 0.3922 train_mapscore: 0.2390 train_c: -1.0781 train_max_dist: 3.1794 train_imax: -0.0000 train_imin: -1.0781 time: 3.1590s
INFO:root:Epoch: 0755 lr: 0.01 train_loss: 1207339.6250 train_distortion: 0.3920 train_mapscore: 0.2388 train_c: -1.0786 train_max_dist: 3.1839 train_imax: 0.0007 train_imin: -1.0786 time: 3.0934s
INFO:root:Epoch: 0760 lr: 0.01 train_loss: 1207219.6250 train_distortion: 0.3918 train_mapscore: 0.2389 train_c: -1.0791 train_max_dist: 3.1845 train_imax: -0.0000 train_imin: -1.0791 time: 3.0897s
INFO:root:Epoch: 0765 lr: 0.01 train_loss: 1207092.5000 train_distortion: 0.3916 train_mapscore: 0.2387 train_c: -1.0796 train_max_dist: 3.1848 train_imax: -0.0000 train_imin: -1.0796 time: 3.1458s
INFO:root:Epoch: 0770 lr: 0.01 train_loss: 1206972.2500 train_distortion: 0.3914 train_mapscore: 0.2391 train_c: -1.0801 train_max_dist: 3.1855 train_imax: 0.0002 train_imin: -1.0801 time: 3.0757s
INFO:root:Epoch: 0775 lr: 0.01 train_loss: 1206844.6250 train_distortion: 0.3911 train_mapscore: 0.2389 train_c: -1.0806 train_max_dist: 3.1880 train_imax: 0.0001 train_imin: -1.0806 time: 3.1821s
INFO:root:Epoch: 0780 lr: 0.01 train_loss: 1206722.5000 train_distortion: 0.3909 train_mapscore: 0.2396 train_c: -1.0811 train_max_dist: 3.1897 train_imax: -0.0000 train_imin: -1.0811 time: 3.1059s
INFO:root:Epoch: 0785 lr: 0.01 train_loss: 1206601.6250 train_distortion: 0.3907 train_mapscore: 0.2394 train_c: -1.0816 train_max_dist: 3.1910 train_imax: -0.0000 train_imin: -1.0816 time: 3.1295s
INFO:root:Epoch: 0790 lr: 0.01 train_loss: 1206476.2500 train_distortion: 0.3905 train_mapscore: 0.2389 train_c: -1.0821 train_max_dist: 3.1918 train_imax: -0.0000 train_imin: -1.0821 time: 3.1177s
INFO:root:Epoch: 0795 lr: 0.01 train_loss: 1206355.7500 train_distortion: 0.3903 train_mapscore: 0.2388 train_c: -1.0826 train_max_dist: 3.1960 train_imax: -0.0000 train_imin: -1.0826 time: 3.1217s
INFO:root:Epoch: 0800 lr: 0.01 train_loss: 1206231.8750 train_distortion: 0.3901 train_mapscore: 0.2393 train_c: -1.0831 train_max_dist: 3.1931 train_imax: -0.0000 train_imin: -1.0831 time: 3.0878s
INFO:root:Epoch: 0805 lr: 0.01 train_loss: 1206113.2500 train_distortion: 0.3898 train_mapscore: 0.2390 train_c: -1.0837 train_max_dist: 3.1972 train_imax: -0.0000 train_imin: -1.0837 time: 3.1544s
INFO:root:Epoch: 0810 lr: 0.01 train_loss: 1205986.5000 train_distortion: 0.3896 train_mapscore: 0.2392 train_c: -1.0842 train_max_dist: 3.1984 train_imax: 0.0006 train_imin: -1.0842 time: 3.1560s
INFO:root:Epoch: 0815 lr: 0.01 train_loss: 1205857.5000 train_distortion: 0.3895 train_mapscore: 0.2390 train_c: -1.0847 train_max_dist: 3.1978 train_imax: -0.0000 train_imin: -1.0847 time: 3.1210s
INFO:root:Epoch: 0820 lr: 0.01 train_loss: 1205739.2500 train_distortion: 0.3892 train_mapscore: 0.2388 train_c: -1.0852 train_max_dist: 3.1990 train_imax: -0.0000 train_imin: -1.0852 time: 3.0998s
INFO:root:Epoch: 0825 lr: 0.01 train_loss: 1205610.7500 train_distortion: 0.3889 train_mapscore: 0.2392 train_c: -1.0857 train_max_dist: 3.2019 train_imax: -0.0000 train_imin: -1.0857 time: 3.0830s
INFO:root:Epoch: 0830 lr: 0.01 train_loss: 1205486.8750 train_distortion: 0.3887 train_mapscore: 0.2400 train_c: -1.0862 train_max_dist: 3.2031 train_imax: -0.0000 train_imin: -1.0862 time: 3.1382s
INFO:root:Epoch: 0835 lr: 0.01 train_loss: 1205359.5000 train_distortion: 0.3886 train_mapscore: 0.2401 train_c: -1.0867 train_max_dist: 3.2034 train_imax: -0.0000 train_imin: -1.0867 time: 3.1383s
INFO:root:Epoch: 0840 lr: 0.01 train_loss: 1205239.7500 train_distortion: 0.3883 train_mapscore: 0.2395 train_c: -1.0872 train_max_dist: 3.2016 train_imax: -0.0000 train_imin: -1.0872 time: 3.0597s
INFO:root:Epoch: 0845 lr: 0.01 train_loss: 1205113.0000 train_distortion: 0.3881 train_mapscore: 0.2391 train_c: -1.0877 train_max_dist: 3.2050 train_imax: -0.0000 train_imin: -1.0877 time: 3.1008s
INFO:root:Epoch: 0850 lr: 0.01 train_loss: 1204988.0000 train_distortion: 0.3878 train_mapscore: 0.2394 train_c: -1.0882 train_max_dist: 3.2079 train_imax: -0.0000 train_imin: -1.0882 time: 3.1618s
INFO:root:Epoch: 0855 lr: 0.01 train_loss: 1204860.8750 train_distortion: 0.3877 train_mapscore: 0.2392 train_c: -1.0887 train_max_dist: 3.2080 train_imax: -0.0000 train_imin: -1.0887 time: 3.1404s
INFO:root:Epoch: 0860 lr: 0.01 train_loss: 1204740.6250 train_distortion: 0.3875 train_mapscore: 0.2395 train_c: -1.0892 train_max_dist: 3.2076 train_imax: -0.0000 train_imin: -1.0892 time: 3.1047s
INFO:root:Epoch: 0865 lr: 0.01 train_loss: 1204613.3750 train_distortion: 0.3872 train_mapscore: 0.2397 train_c: -1.0897 train_max_dist: 3.2113 train_imax: -0.0000 train_imin: -1.0897 time: 3.1400s
INFO:root:Epoch: 0870 lr: 0.01 train_loss: 1204488.7500 train_distortion: 0.3870 train_mapscore: 0.2388 train_c: -1.0902 train_max_dist: 3.2121 train_imax: -0.0000 train_imin: -1.0902 time: 3.1825s
INFO:root:Epoch: 0875 lr: 0.01 train_loss: 1204360.8750 train_distortion: 0.3868 train_mapscore: 0.2396 train_c: -1.0907 train_max_dist: 3.2129 train_imax: -0.0000 train_imin: -1.0907 time: 3.1042s
INFO:root:Epoch: 0880 lr: 0.01 train_loss: 1204240.5000 train_distortion: 0.3866 train_mapscore: 0.2400 train_c: -1.0912 train_max_dist: 3.2126 train_imax: -0.0000 train_imin: -1.0912 time: 3.1184s
INFO:root:Epoch: 0885 lr: 0.01 train_loss: 1204111.8750 train_distortion: 0.3863 train_mapscore: 0.2404 train_c: -1.0917 train_max_dist: 3.2172 train_imax: -0.0000 train_imin: -1.0917 time: 3.1610s
INFO:root:Epoch: 0890 lr: 0.01 train_loss: 1203988.2500 train_distortion: 0.3861 train_mapscore: 0.2398 train_c: -1.0923 train_max_dist: 3.2176 train_imax: 0.0001 train_imin: -1.0923 time: 3.0979s
INFO:root:Epoch: 0895 lr: 0.01 train_loss: 1203858.6250 train_distortion: 0.3859 train_mapscore: 0.2393 train_c: -1.0928 train_max_dist: 3.2165 train_imax: -0.0000 train_imin: -1.0928 time: 3.1463s
INFO:root:Epoch: 0900 lr: 0.01 train_loss: 1203738.6250 train_distortion: 0.3857 train_mapscore: 0.2398 train_c: -1.0933 train_max_dist: 3.2168 train_imax: -0.0000 train_imin: -1.0933 time: 3.1519s
INFO:root:Epoch: 0905 lr: 0.01 train_loss: 1203609.3750 train_distortion: 0.3854 train_mapscore: 0.2395 train_c: -1.0938 train_max_dist: 3.2198 train_imax: -0.0000 train_imin: -1.0938 time: 3.1859s
INFO:root:Epoch: 0910 lr: 0.01 train_loss: 1203485.2500 train_distortion: 0.3852 train_mapscore: 0.2399 train_c: -1.0943 train_max_dist: 3.2210 train_imax: -0.0000 train_imin: -1.0943 time: 3.1330s
INFO:root:Epoch: 0915 lr: 0.01 train_loss: 1203355.7500 train_distortion: 0.3850 train_mapscore: 0.2392 train_c: -1.0948 train_max_dist: 3.2213 train_imax: -0.0000 train_imin: -1.0948 time: 3.1860s
INFO:root:Epoch: 0920 lr: 0.01 train_loss: 1203235.2500 train_distortion: 0.3848 train_mapscore: 0.2394 train_c: -1.0953 train_max_dist: 3.2220 train_imax: -0.0000 train_imin: -1.0953 time: 3.0980s
INFO:root:Epoch: 0925 lr: 0.01 train_loss: 1203105.1250 train_distortion: 0.3845 train_mapscore: 0.2403 train_c: -1.0958 train_max_dist: 3.2252 train_imax: -0.0000 train_imin: -1.0958 time: 3.1053s
INFO:root:Epoch: 0930 lr: 0.01 train_loss: 1202981.8750 train_distortion: 0.3843 train_mapscore: 0.2409 train_c: -1.0963 train_max_dist: 3.2267 train_imax: -0.0000 train_imin: -1.0963 time: 3.1021s
INFO:root:Epoch: 0935 lr: 0.01 train_loss: 1202851.6250 train_distortion: 0.3842 train_mapscore: 0.2399 train_c: -1.0968 train_max_dist: 3.2268 train_imax: -0.0000 train_imin: -1.0968 time: 3.1560s
INFO:root:Epoch: 0940 lr: 0.01 train_loss: 1202730.7500 train_distortion: 0.3840 train_mapscore: 0.2400 train_c: -1.0973 train_max_dist: 3.2279 train_imax: -0.0000 train_imin: -1.0973 time: 3.0777s
INFO:root:Epoch: 0945 lr: 0.01 train_loss: 1202601.2500 train_distortion: 0.3836 train_mapscore: 0.2400 train_c: -1.0978 train_max_dist: 3.2307 train_imax: -0.0000 train_imin: -1.0978 time: 3.1648s
INFO:root:Epoch: 0950 lr: 0.01 train_loss: 1202477.0000 train_distortion: 0.3835 train_mapscore: 0.2403 train_c: -1.0983 train_max_dist: 3.2311 train_imax: -0.0000 train_imin: -1.0983 time: 3.1673s
INFO:root:Epoch: 0955 lr: 0.01 train_loss: 1202345.8750 train_distortion: 0.3833 train_mapscore: 0.2400 train_c: -1.0988 train_max_dist: 3.2325 train_imax: -0.0000 train_imin: -1.0988 time: 3.1851s
INFO:root:Epoch: 0960 lr: 0.01 train_loss: 1202224.1250 train_distortion: 0.3831 train_mapscore: 0.2410 train_c: -1.0993 train_max_dist: 3.2326 train_imax: -0.0000 train_imin: -1.0993 time: 3.1931s
INFO:root:Epoch: 0965 lr: 0.01 train_loss: 1202095.0000 train_distortion: 0.3828 train_mapscore: 0.2405 train_c: -1.0998 train_max_dist: 3.2351 train_imax: -0.0000 train_imin: -1.0998 time: 3.1308s
INFO:root:Epoch: 0970 lr: 0.01 train_loss: 1201969.2500 train_distortion: 0.3826 train_mapscore: 0.2409 train_c: -1.1003 train_max_dist: 3.2369 train_imax: -0.0000 train_imin: -1.1003 time: 3.1295s
INFO:root:Epoch: 0975 lr: 0.01 train_loss: 1201839.0000 train_distortion: 0.3824 train_mapscore: 0.2396 train_c: -1.1008 train_max_dist: 3.2373 train_imax: -0.0000 train_imin: -1.1008 time: 3.2096s
INFO:root:Epoch: 0980 lr: 0.01 train_loss: 1201716.8750 train_distortion: 0.3822 train_mapscore: 0.2404 train_c: -1.1014 train_max_dist: 3.2355 train_imax: -0.0000 train_imin: -1.1014 time: 3.0970s
INFO:root:Epoch: 0985 lr: 0.01 train_loss: 1201586.1250 train_distortion: 0.3819 train_mapscore: 0.2398 train_c: -1.1019 train_max_dist: 3.2395 train_imax: -0.0000 train_imin: -1.1019 time: 3.1273s
INFO:root:Epoch: 0990 lr: 0.01 train_loss: 1201461.6250 train_distortion: 0.3817 train_mapscore: 0.2409 train_c: -1.1024 train_max_dist: 3.2407 train_imax: -0.0000 train_imin: -1.1024 time: 3.1246s
INFO:root:Epoch: 0995 lr: 0.01 train_loss: 1201329.8750 train_distortion: 0.3815 train_mapscore: 0.2395 train_c: -1.1029 train_max_dist: 3.2394 train_imax: -0.0000 train_imin: -1.1029 time: 3.1280s
INFO:root:Epoch: 1000 lr: 0.01 train_loss: 1201207.2500 train_distortion: 0.3813 train_mapscore: 0.2397 train_c: -1.1034 train_max_dist: 3.2426 train_imax: -0.0000 train_imin: -1.1034 time: 3.1312s
INFO:root:Epoch: 1005 lr: 0.01 train_loss: 1201076.5000 train_distortion: 0.3810 train_mapscore: 0.2398 train_c: -1.1039 train_max_dist: 3.2431 train_imax: -0.0000 train_imin: -1.1039 time: 3.1229s
INFO:root:Epoch: 1010 lr: 0.01 train_loss: 1200951.5000 train_distortion: 0.3808 train_mapscore: 0.2407 train_c: -1.1044 train_max_dist: 3.2454 train_imax: -0.0000 train_imin: -1.1044 time: 3.0623s
INFO:root:Epoch: 1015 lr: 0.01 train_loss: 1200819.2500 train_distortion: 0.3807 train_mapscore: 0.2404 train_c: -1.1049 train_max_dist: 3.2464 train_imax: -0.0000 train_imin: -1.1049 time: 3.0923s
INFO:root:Epoch: 1020 lr: 0.01 train_loss: 1200697.3750 train_distortion: 0.3804 train_mapscore: 0.2403 train_c: -1.1054 train_max_dist: 3.2461 train_imax: -0.0000 train_imin: -1.1054 time: 3.0692s
INFO:root:Epoch: 1025 lr: 0.01 train_loss: 1200565.1250 train_distortion: 0.3802 train_mapscore: 0.2400 train_c: -1.1059 train_max_dist: 3.2480 train_imax: -0.0000 train_imin: -1.1059 time: 3.0922s
INFO:root:Epoch: 1030 lr: 0.01 train_loss: 1200439.6250 train_distortion: 0.3799 train_mapscore: 0.2411 train_c: -1.1064 train_max_dist: 3.2505 train_imax: -0.0000 train_imin: -1.1064 time: 3.1040s
INFO:root:Epoch: 1035 lr: 0.01 train_loss: 1200307.6250 train_distortion: 0.3798 train_mapscore: 0.2403 train_c: -1.1069 train_max_dist: 3.2512 train_imax: -0.0000 train_imin: -1.1069 time: 3.1375s
INFO:root:Epoch: 1040 lr: 0.01 train_loss: 1200184.5000 train_distortion: 0.3796 train_mapscore: 0.2413 train_c: -1.1074 train_max_dist: 3.2491 train_imax: -0.0000 train_imin: -1.1074 time: 3.1237s
INFO:root:Epoch: 1045 lr: 0.01 train_loss: 1200052.3750 train_distortion: 0.3793 train_mapscore: 0.2409 train_c: -1.1079 train_max_dist: 3.2519 train_imax: -0.0000 train_imin: -1.1079 time: 3.1591s
INFO:root:Epoch: 1050 lr: 0.01 train_loss: 1200303.2500 train_distortion: 0.3795 train_mapscore: 0.2360 train_c: -1.1084 train_max_dist: 3.2532 train_imax: 0.0373 train_imin: -1.1084 time: 3.0559s
INFO:root:Epoch: 1055 lr: 0.01 train_loss: 1199948.3750 train_distortion: 0.3786 train_mapscore: 0.2353 train_c: -1.1089 train_max_dist: 3.2680 train_imax: -0.0000 train_imin: -1.1089 time: 3.0709s
INFO:root:Epoch: 1060 lr: 0.01 train_loss: 1199718.3750 train_distortion: 0.3783 train_mapscore: 0.2364 train_c: -1.1094 train_max_dist: 3.2801 train_imax: -0.0000 train_imin: -1.1094 time: 3.0547s
INFO:root:Epoch: 1065 lr: 0.01 train_loss: 1199519.8750 train_distortion: 0.3778 train_mapscore: 0.2383 train_c: -1.1099 train_max_dist: 3.2901 train_imax: -0.0000 train_imin: -1.1099 time: 3.0506s
INFO:root:Epoch: 1070 lr: 0.01 train_loss: 1199353.7500 train_distortion: 0.3776 train_mapscore: 0.2398 train_c: -1.1105 train_max_dist: 3.2754 train_imax: -0.0000 train_imin: -1.1104 time: 3.0199s
INFO:root:Epoch: 1075 lr: 0.01 train_loss: 1199195.0000 train_distortion: 0.3773 train_mapscore: 0.2415 train_c: -1.1110 train_max_dist: 3.2736 train_imax: -0.0000 train_imin: -1.1110 time: 3.0175s
INFO:root:Epoch: 1080 lr: 0.01 train_loss: 1199911.0000 train_distortion: 0.3772 train_mapscore: 0.2423 train_c: -1.1115 train_max_dist: 3.2702 train_imax: -0.0000 train_imin: -1.1115 time: 2.9959s
INFO:root:Epoch: 1085 lr: 0.01 train_loss: 1198953.8750 train_distortion: 0.3768 train_mapscore: 0.2415 train_c: -1.1120 train_max_dist: 3.2797 train_imax: -0.0000 train_imin: -1.1120 time: 3.0676s
INFO:root:Epoch: 1090 lr: 0.01 train_loss: 1198800.0000 train_distortion: 0.3766 train_mapscore: 0.2431 train_c: -1.1125 train_max_dist: 3.2764 train_imax: -0.0000 train_imin: -1.1125 time: 2.9797s
INFO:root:Epoch: 1095 lr: 0.01 train_loss: 1198653.7500 train_distortion: 0.3765 train_mapscore: 0.2440 train_c: -1.1130 train_max_dist: 3.2776 train_imax: -0.0000 train_imin: -1.1130 time: 3.0544s
INFO:root:Epoch: 1100 lr: 0.01 train_loss: 1198519.0000 train_distortion: 0.3762 train_mapscore: 0.2444 train_c: -1.1135 train_max_dist: 3.2804 train_imax: -0.0000 train_imin: -1.1135 time: 3.0193s
INFO:root:Epoch: 1105 lr: 0.01 train_loss: 1198427.0000 train_distortion: 0.3761 train_mapscore: 0.2430 train_c: -1.1140 train_max_dist: 3.2830 train_imax: -0.0000 train_imin: -1.1140 time: 3.0230s
INFO:root:Epoch: 1110 lr: 0.01 train_loss: 1198277.5000 train_distortion: 0.3757 train_mapscore: 0.2440 train_c: -1.1145 train_max_dist: 3.2838 train_imax: -0.0000 train_imin: -1.1145 time: 3.0518s
INFO:root:Epoch: 1115 lr: 0.01 train_loss: 1198128.3750 train_distortion: 0.3756 train_mapscore: 0.2445 train_c: -1.1150 train_max_dist: 3.2861 train_imax: -0.0000 train_imin: -1.1150 time: 2.9893s
INFO:root:Epoch: 1120 lr: 0.01 train_loss: 1197995.0000 train_distortion: 0.3754 train_mapscore: 0.2448 train_c: -1.1155 train_max_dist: 3.2839 train_imax: -0.0000 train_imin: -1.1155 time: 3.0680s
INFO:root:Epoch: 1125 lr: 0.01 train_loss: 1197897.7500 train_distortion: 0.3752 train_mapscore: 0.2437 train_c: -1.1160 train_max_dist: 3.2908 train_imax: -0.0000 train_imin: -1.1160 time: 3.0597s
INFO:root:Epoch: 1130 lr: 0.01 train_loss: 1197749.8750 train_distortion: 0.3749 train_mapscore: 0.2448 train_c: -1.1165 train_max_dist: 3.2922 train_imax: -0.0000 train_imin: -1.1165 time: 3.0422s
INFO:root:Epoch: 1135 lr: 0.01 train_loss: 1197601.7500 train_distortion: 0.3747 train_mapscore: 0.2451 train_c: -1.1170 train_max_dist: 3.2891 train_imax: -0.0000 train_imin: -1.1170 time: 3.0636s
INFO:root:Epoch: 1140 lr: 0.01 train_loss: 1197467.8750 train_distortion: 0.3745 train_mapscore: 0.2453 train_c: -1.1175 train_max_dist: 3.2862 train_imax: -0.0000 train_imin: -1.1175 time: 3.0830s
INFO:root:Epoch: 1145 lr: 0.01 train_loss: 1197346.7500 train_distortion: 0.3743 train_mapscore: 0.2446 train_c: -1.1180 train_max_dist: 3.2917 train_imax: -0.0000 train_imin: -1.1180 time: 3.0423s
INFO:root:Epoch: 1150 lr: 0.01 train_loss: 1197209.5000 train_distortion: 0.3740 train_mapscore: 0.2454 train_c: -1.1185 train_max_dist: 3.2947 train_imax: -0.0000 train_imin: -1.1185 time: 3.0331s
INFO:root:Epoch: 1155 lr: 0.01 train_loss: 1197066.3750 train_distortion: 0.3739 train_mapscore: 0.2456 train_c: -1.1190 train_max_dist: 3.2910 train_imax: -0.0000 train_imin: -1.1190 time: 3.0944s
INFO:root:Epoch: 1160 lr: 0.01 train_loss: 1196936.2500 train_distortion: 0.3737 train_mapscore: 0.2450 train_c: -1.1195 train_max_dist: 3.2913 train_imax: -0.0000 train_imin: -1.1195 time: 3.0989s
INFO:root:Epoch: 1165 lr: 0.01 train_loss: 1196816.6250 train_distortion: 0.3734 train_mapscore: 0.2447 train_c: -1.1200 train_max_dist: 3.2936 train_imax: -0.0000 train_imin: -1.1200 time: 3.0197s
INFO:root:Epoch: 1170 lr: 0.01 train_loss: 1196676.5000 train_distortion: 0.3732 train_mapscore: 0.2456 train_c: -1.1205 train_max_dist: 3.2965 train_imax: -0.0000 train_imin: -1.1205 time: 2.9966s
INFO:root:Epoch: 1175 lr: 0.01 train_loss: 1196574.5000 train_distortion: 0.3731 train_mapscore: 0.2440 train_c: -1.1211 train_max_dist: 3.3051 train_imax: -0.0000 train_imin: -1.1211 time: 3.0461s
INFO:root:Epoch: 1180 lr: 0.01 train_loss: 1196427.0000 train_distortion: 0.3728 train_mapscore: 0.2450 train_c: -1.1216 train_max_dist: 3.3052 train_imax: -0.0000 train_imin: -1.1216 time: 3.0270s
INFO:root:Epoch: 1185 lr: 0.01 train_loss: 1196279.2500 train_distortion: 0.3726 train_mapscore: 0.2456 train_c: -1.1221 train_max_dist: 3.3039 train_imax: -0.0000 train_imin: -1.1221 time: 3.0719s
INFO:root:Epoch: 1190 lr: 0.01 train_loss: 1196169.0000 train_distortion: 0.3724 train_mapscore: 0.2459 train_c: -1.1226 train_max_dist: 3.3011 train_imax: -0.0000 train_imin: -1.1226 time: 3.0572s
INFO:root:Epoch: 1195 lr: 0.01 train_loss: 1196019.5000 train_distortion: 0.3722 train_mapscore: 0.2460 train_c: -1.1231 train_max_dist: 3.3058 train_imax: -0.0000 train_imin: -1.1231 time: 3.0131s
INFO:root:Epoch: 1200 lr: 0.01 train_loss: 1195913.6250 train_distortion: 0.3720 train_mapscore: 0.2466 train_c: -1.1236 train_max_dist: 3.3197 train_imax: -0.0000 train_imin: -1.1236 time: 3.0243s
INFO:root:Epoch: 1205 lr: 0.01 train_loss: 1195761.8750 train_distortion: 0.3718 train_mapscore: 0.2459 train_c: -1.1241 train_max_dist: 3.3114 train_imax: -0.0000 train_imin: -1.1241 time: 3.0674s
INFO:root:Epoch: 1210 lr: 0.01 train_loss: 1195614.8750 train_distortion: 0.3716 train_mapscore: 0.2463 train_c: -1.1246 train_max_dist: 3.3070 train_imax: -0.0000 train_imin: -1.1246 time: 3.0650s
INFO:root:Epoch: 1215 lr: 0.01 train_loss: 1195494.7500 train_distortion: 0.3715 train_mapscore: 0.2469 train_c: -1.1251 train_max_dist: 3.3062 train_imax: -0.0000 train_imin: -1.1251 time: 3.0146s
INFO:root:Epoch: 1220 lr: 0.01 train_loss: 1195380.7500 train_distortion: 0.3713 train_mapscore: 0.2464 train_c: -1.1256 train_max_dist: 3.3173 train_imax: -0.0000 train_imin: -1.1256 time: 3.0272s
INFO:root:Epoch: 1225 lr: 0.01 train_loss: 1195207.3750 train_distortion: 0.3711 train_mapscore: 0.2467 train_c: -1.1261 train_max_dist: 3.3204 train_imax: -0.0000 train_imin: -1.1261 time: 3.0185s
INFO:root:Epoch: 1230 lr: 0.01 train_loss: 1195057.0000 train_distortion: 0.3707 train_mapscore: 0.2457 train_c: -1.1266 train_max_dist: 3.3338 train_imax: -0.0000 train_imin: -1.1266 time: 3.0243s
INFO:root:Epoch: 1235 lr: 0.01 train_loss: 1195356.0000 train_distortion: 0.3702 train_mapscore: 0.2403 train_c: -1.1271 train_max_dist: 3.3614 train_imax: -0.0000 train_imin: -1.1271 time: 3.0125s
INFO:root:Epoch: 1240 lr: 0.01 train_loss: 1194979.2500 train_distortion: 0.3702 train_mapscore: 0.2384 train_c: -1.1276 train_max_dist: 3.3379 train_imax: -0.0000 train_imin: -1.1276 time: 3.0071s
INFO:root:Epoch: 1245 lr: 0.01 train_loss: 1194708.8750 train_distortion: 0.3698 train_mapscore: 0.2389 train_c: -1.1281 train_max_dist: 3.3509 train_imax: -0.0000 train_imin: -1.1281 time: 2.9855s
INFO:root:Epoch: 1250 lr: 0.01 train_loss: 1196504.2500 train_distortion: 0.3694 train_mapscore: 0.2394 train_c: -1.1286 train_max_dist: 3.3298 train_imax: -0.0000 train_imin: -1.1286 time: 3.0078s
INFO:root:Epoch: 1255 lr: 0.01 train_loss: 1196006.5000 train_distortion: 0.3692 train_mapscore: 0.2352 train_c: -1.1291 train_max_dist: 3.3405 train_imax: -0.0000 train_imin: -1.1291 time: 2.9204s
INFO:root:Epoch: 1260 lr: 0.01 train_loss: 1195701.5000 train_distortion: 0.3696 train_mapscore: 0.2369 train_c: -1.1296 train_max_dist: 3.3307 train_imax: -0.0000 train_imin: -1.1296 time: 2.9762s
INFO:root:Epoch: 1265 lr: 0.01 train_loss: 1195462.2500 train_distortion: 0.3694 train_mapscore: 0.2391 train_c: -1.1301 train_max_dist: 3.3090 train_imax: -0.0000 train_imin: -1.1301 time: 2.9636s
INFO:root:Epoch: 1270 lr: 0.01 train_loss: 1195260.1250 train_distortion: 0.3692 train_mapscore: 0.2401 train_c: -1.1306 train_max_dist: 3.3022 train_imax: -0.0000 train_imin: -1.1306 time: 2.9309s
INFO:root:Epoch: 1275 lr: 0.01 train_loss: 1195084.7500 train_distortion: 0.3689 train_mapscore: 0.2422 train_c: -1.1311 train_max_dist: 3.2996 train_imax: -0.0000 train_imin: -1.1311 time: 2.9738s
INFO:root:Epoch: 1280 lr: 0.01 train_loss: 1194915.1250 train_distortion: 0.3688 train_mapscore: 0.2436 train_c: -1.1316 train_max_dist: 3.2961 train_imax: -0.0000 train_imin: -1.1316 time: 2.9525s
INFO:root:Epoch: 1285 lr: 0.01 train_loss: 1194758.5000 train_distortion: 0.3685 train_mapscore: 0.2441 train_c: -1.1322 train_max_dist: 3.3018 train_imax: -0.0000 train_imin: -1.1322 time: 2.9836s
INFO:root:Epoch: 1290 lr: 0.01 train_loss: 1194607.6250 train_distortion: 0.3683 train_mapscore: 0.2449 train_c: -1.1327 train_max_dist: 3.3058 train_imax: -0.0000 train_imin: -1.1327 time: 2.9497s
INFO:root:Epoch: 1295 lr: 0.01 train_loss: 1194459.3750 train_distortion: 0.3680 train_mapscore: 0.2454 train_c: -1.1332 train_max_dist: 3.3085 train_imax: -0.0000 train_imin: -1.1332 time: 3.0174s
INFO:root:Epoch: 1300 lr: 0.01 train_loss: 1194315.2500 train_distortion: 0.3678 train_mapscore: 0.2458 train_c: -1.1337 train_max_dist: 3.3119 train_imax: -0.0000 train_imin: -1.1337 time: 3.0349s
INFO:root:Epoch: 1305 lr: 0.01 train_loss: 1194172.1250 train_distortion: 0.3675 train_mapscore: 0.2458 train_c: -1.1342 train_max_dist: 3.3145 train_imax: -0.0000 train_imin: -1.1342 time: 2.9987s
INFO:root:Epoch: 1310 lr: 0.01 train_loss: 1194030.0000 train_distortion: 0.3673 train_mapscore: 0.2457 train_c: -1.1347 train_max_dist: 3.3144 train_imax: -0.0000 train_imin: -1.1347 time: 3.0184s
INFO:root:Epoch: 1315 lr: 0.01 train_loss: 1193889.7500 train_distortion: 0.3670 train_mapscore: 0.2457 train_c: -1.1352 train_max_dist: 3.3178 train_imax: -0.0000 train_imin: -1.1352 time: 3.0637s
INFO:root:Epoch: 1320 lr: 0.01 train_loss: 1193749.3750 train_distortion: 0.3667 train_mapscore: 0.2461 train_c: -1.1357 train_max_dist: 3.3183 train_imax: -0.0000 train_imin: -1.1357 time: 3.0776s
INFO:root:Epoch: 1325 lr: 0.01 train_loss: 1193609.7500 train_distortion: 0.3665 train_mapscore: 0.2461 train_c: -1.1362 train_max_dist: 3.3180 train_imax: -0.0000 train_imin: -1.1362 time: 3.0181s
INFO:root:Epoch: 1330 lr: 0.01 train_loss: 1193472.0000 train_distortion: 0.3662 train_mapscore: 0.2465 train_c: -1.1367 train_max_dist: 3.3191 train_imax: -0.0000 train_imin: -1.1367 time: 3.0667s
INFO:root:Epoch: 1335 lr: 0.01 train_loss: 1193333.5000 train_distortion: 0.3660 train_mapscore: 0.2460 train_c: -1.1372 train_max_dist: 3.3209 train_imax: -0.0000 train_imin: -1.1372 time: 3.0238s
INFO:root:Epoch: 1340 lr: 0.01 train_loss: 1193194.5000 train_distortion: 0.3657 train_mapscore: 0.2466 train_c: -1.1377 train_max_dist: 3.3221 train_imax: -0.0000 train_imin: -1.1377 time: 3.0593s
INFO:root:Epoch: 1345 lr: 0.01 train_loss: 1193056.7500 train_distortion: 0.3655 train_mapscore: 0.2465 train_c: -1.1382 train_max_dist: 3.3213 train_imax: -0.0000 train_imin: -1.1382 time: 3.0940s
INFO:root:Epoch: 1350 lr: 0.01 train_loss: 1192919.2500 train_distortion: 0.3652 train_mapscore: 0.2463 train_c: -1.1387 train_max_dist: 3.3235 train_imax: -0.0000 train_imin: -1.1387 time: 3.0449s
INFO:root:Epoch: 1355 lr: 0.01 train_loss: 1192780.7500 train_distortion: 0.3650 train_mapscore: 0.2466 train_c: -1.1392 train_max_dist: 3.3217 train_imax: -0.0000 train_imin: -1.1392 time: 3.0689s
INFO:root:Epoch: 1360 lr: 0.01 train_loss: 1192643.2500 train_distortion: 0.3648 train_mapscore: 0.2471 train_c: -1.1397 train_max_dist: 3.3231 train_imax: -0.0000 train_imin: -1.1397 time: 2.9906s
INFO:root:Epoch: 1365 lr: 0.01 train_loss: 1192507.3750 train_distortion: 0.3646 train_mapscore: 0.2465 train_c: -1.1402 train_max_dist: 3.3250 train_imax: -0.0000 train_imin: -1.1402 time: 3.0086s
INFO:root:Epoch: 1370 lr: 0.01 train_loss: 1192370.6250 train_distortion: 0.3643 train_mapscore: 0.2467 train_c: -1.1407 train_max_dist: 3.3255 train_imax: -0.0000 train_imin: -1.1407 time: 3.0355s
INFO:root:Epoch: 1375 lr: 0.01 train_loss: 1192231.6250 train_distortion: 0.3641 train_mapscore: 0.2457 train_c: -1.1412 train_max_dist: 3.3275 train_imax: -0.0000 train_imin: -1.1412 time: 3.0107s
INFO:root:Epoch: 1380 lr: 0.01 train_loss: 1192093.8750 train_distortion: 0.3639 train_mapscore: 0.2461 train_c: -1.1417 train_max_dist: 3.3258 train_imax: -0.0000 train_imin: -1.1417 time: 3.0610s
INFO:root:Epoch: 1385 lr: 0.01 train_loss: 1191957.2500 train_distortion: 0.3636 train_mapscore: 0.2463 train_c: -1.1422 train_max_dist: 3.3282 train_imax: -0.0000 train_imin: -1.1422 time: 3.0754s
INFO:root:Epoch: 1390 lr: 0.01 train_loss: 1191818.3750 train_distortion: 0.3634 train_mapscore: 0.2459 train_c: -1.1427 train_max_dist: 3.3303 train_imax: -0.0000 train_imin: -1.1427 time: 3.0239s
INFO:root:Epoch: 1395 lr: 0.01 train_loss: 1191682.2500 train_distortion: 0.3632 train_mapscore: 0.2460 train_c: -1.1432 train_max_dist: 3.3301 train_imax: -0.0000 train_imin: -1.1432 time: 3.0280s
INFO:root:Epoch: 1400 lr: 0.01 train_loss: 1191546.0000 train_distortion: 0.3629 train_mapscore: 0.2456 train_c: -1.1437 train_max_dist: 3.3337 train_imax: -0.0000 train_imin: -1.1437 time: 3.1169s
INFO:root:Epoch: 1405 lr: 0.01 train_loss: 1191407.3750 train_distortion: 0.3628 train_mapscore: 0.2458 train_c: -1.1443 train_max_dist: 3.3302 train_imax: -0.0000 train_imin: -1.1443 time: 3.0853s
INFO:root:Epoch: 1410 lr: 0.01 train_loss: 1191269.5000 train_distortion: 0.3625 train_mapscore: 0.2462 train_c: -1.1448 train_max_dist: 3.3319 train_imax: -0.0000 train_imin: -1.1448 time: 3.0861s
INFO:root:Epoch: 1415 lr: 0.01 train_loss: 1191131.2500 train_distortion: 0.3623 train_mapscore: 0.2455 train_c: -1.1453 train_max_dist: 3.3353 train_imax: -0.0000 train_imin: -1.1453 time: 3.0994s
INFO:root:Epoch: 1420 lr: 0.01 train_loss: 1190993.2500 train_distortion: 0.3621 train_mapscore: 0.2457 train_c: -1.1458 train_max_dist: 3.3369 train_imax: -0.0000 train_imin: -1.1458 time: 3.0287s
INFO:root:Epoch: 1425 lr: 0.01 train_loss: 1190854.1250 train_distortion: 0.3619 train_mapscore: 0.2451 train_c: -1.1463 train_max_dist: 3.3342 train_imax: -0.0000 train_imin: -1.1463 time: 3.1113s
INFO:root:Epoch: 1430 lr: 0.01 train_loss: 1190716.0000 train_distortion: 0.3616 train_mapscore: 0.2459 train_c: -1.1468 train_max_dist: 3.3372 train_imax: -0.0000 train_imin: -1.1468 time: 3.1042s
INFO:root:Epoch: 1435 lr: 0.01 train_loss: 1190578.2500 train_distortion: 0.3614 train_mapscore: 0.2461 train_c: -1.1473 train_max_dist: 3.3382 train_imax: -0.0000 train_imin: -1.1473 time: 3.0251s
INFO:root:Epoch: 1440 lr: 0.01 train_loss: 1190439.7500 train_distortion: 0.3613 train_mapscore: 0.2464 train_c: -1.1478 train_max_dist: 3.3400 train_imax: -0.0000 train_imin: -1.1478 time: 3.0912s
INFO:root:Epoch: 1445 lr: 0.01 train_loss: 1190299.0000 train_distortion: 0.3610 train_mapscore: 0.2467 train_c: -1.1483 train_max_dist: 3.3413 train_imax: -0.0000 train_imin: -1.1483 time: 3.0427s
INFO:root:Epoch: 1450 lr: 0.01 train_loss: 1190158.2500 train_distortion: 0.3608 train_mapscore: 0.2470 train_c: -1.1488 train_max_dist: 3.3393 train_imax: -0.0000 train_imin: -1.1488 time: 3.0819s
INFO:root:Epoch: 1455 lr: 0.01 train_loss: 1190015.8750 train_distortion: 0.3606 train_mapscore: 0.2476 train_c: -1.1493 train_max_dist: 3.3430 train_imax: -0.0000 train_imin: -1.1493 time: 3.0482s
INFO:root:Epoch: 1460 lr: 0.01 train_loss: 1189871.5000 train_distortion: 0.3603 train_mapscore: 0.2474 train_c: -1.1498 train_max_dist: 3.3436 train_imax: -0.0000 train_imin: -1.1498 time: 2.9831s
INFO:root:Epoch: 1465 lr: 0.01 train_loss: 1189730.8750 train_distortion: 0.3601 train_mapscore: 0.2477 train_c: -1.1503 train_max_dist: 3.3422 train_imax: -0.0000 train_imin: -1.1503 time: 3.0422s
INFO:root:Epoch: 1470 lr: 0.01 train_loss: 1189592.5000 train_distortion: 0.3599 train_mapscore: 0.2474 train_c: -1.1508 train_max_dist: 3.3468 train_imax: -0.0000 train_imin: -1.1508 time: 3.0549s
INFO:root:Epoch: 1475 lr: 0.01 train_loss: 1189453.6250 train_distortion: 0.3597 train_mapscore: 0.2477 train_c: -1.1513 train_max_dist: 3.3445 train_imax: -0.0000 train_imin: -1.1513 time: 3.0489s
INFO:root:Epoch: 1480 lr: 0.01 train_loss: 1189312.8750 train_distortion: 0.3594 train_mapscore: 0.2468 train_c: -1.1518 train_max_dist: 3.3477 train_imax: -0.0000 train_imin: -1.1518 time: 3.0099s
INFO:root:Epoch: 1485 lr: 0.01 train_loss: 1189173.2500 train_distortion: 0.3592 train_mapscore: 0.2464 train_c: -1.1523 train_max_dist: 3.3473 train_imax: -0.0000 train_imin: -1.1523 time: 3.1059s
INFO:root:Epoch: 1490 lr: 0.01 train_loss: 1189034.2500 train_distortion: 0.3589 train_mapscore: 0.2465 train_c: -1.1528 train_max_dist: 3.3482 train_imax: -0.0000 train_imin: -1.1528 time: 3.0139s
INFO:root:Epoch: 1495 lr: 0.01 train_loss: 1188893.2500 train_distortion: 0.3587 train_mapscore: 0.2459 train_c: -1.1533 train_max_dist: 3.3496 train_imax: -0.0000 train_imin: -1.1533 time: 3.0698s
INFO:root:Epoch: 1500 lr: 0.01 train_loss: 1188753.7500 train_distortion: 0.3585 train_mapscore: 0.2460 train_c: -1.1538 train_max_dist: 3.3484 train_imax: -0.0000 train_imin: -1.1538 time: 3.1299s
INFO:root:Epoch: 1505 lr: 0.01 train_loss: 1188615.3750 train_distortion: 0.3583 train_mapscore: 0.2454 train_c: -1.1543 train_max_dist: 3.3501 train_imax: -0.0000 train_imin: -1.1543 time: 3.0834s
INFO:root:Epoch: 1510 lr: 0.01 train_loss: 1188476.0000 train_distortion: 0.3581 train_mapscore: 0.2454 train_c: -1.1548 train_max_dist: 3.3519 train_imax: -0.0000 train_imin: -1.1548 time: 3.1494s
INFO:root:Epoch: 1515 lr: 0.01 train_loss: 1188720.5000 train_distortion: 0.3578 train_mapscore: 0.2475 train_c: -1.1553 train_max_dist: 3.3528 train_imax: -0.0000 train_imin: -1.1553 time: 2.9815s
INFO:root:Epoch: 1520 lr: 0.01 train_loss: 1188551.2500 train_distortion: 0.3575 train_mapscore: 0.2457 train_c: -1.1559 train_max_dist: 3.3524 train_imax: -0.0000 train_imin: -1.1558 time: 2.9581s
INFO:root:Epoch: 1525 lr: 0.01 train_loss: 1188378.5000 train_distortion: 0.3572 train_mapscore: 0.2479 train_c: -1.1564 train_max_dist: 3.3523 train_imax: -0.0000 train_imin: -1.1564 time: 2.9100s
INFO:root:Epoch: 1530 lr: 0.01 train_loss: 1188220.0000 train_distortion: 0.3569 train_mapscore: 0.2482 train_c: -1.1569 train_max_dist: 3.3386 train_imax: -0.0000 train_imin: -1.1569 time: 2.9509s
INFO:root:Epoch: 1535 lr: 0.01 train_loss: 1188067.0000 train_distortion: 0.3567 train_mapscore: 0.2497 train_c: -1.1574 train_max_dist: 3.3457 train_imax: -0.0000 train_imin: -1.1574 time: 2.9749s
INFO:root:Epoch: 1540 lr: 0.01 train_loss: 1187920.2500 train_distortion: 0.3565 train_mapscore: 0.2498 train_c: -1.1579 train_max_dist: 3.3502 train_imax: -0.0000 train_imin: -1.1579 time: 2.9680s
INFO:root:Epoch: 1545 lr: 0.01 train_loss: 1187773.7500 train_distortion: 0.3562 train_mapscore: 0.2492 train_c: -1.1584 train_max_dist: 3.3450 train_imax: -0.0000 train_imin: -1.1584 time: 2.9563s
INFO:root:Epoch: 1550 lr: 0.01 train_loss: 1187629.1250 train_distortion: 0.3560 train_mapscore: 0.2493 train_c: -1.1589 train_max_dist: 3.3432 train_imax: -0.0000 train_imin: -1.1589 time: 2.9619s
INFO:root:Epoch: 1555 lr: 0.01 train_loss: 1187486.0000 train_distortion: 0.3557 train_mapscore: 0.2492 train_c: -1.1594 train_max_dist: 3.3450 train_imax: -0.0000 train_imin: -1.1594 time: 3.0275s
INFO:root:Epoch: 1560 lr: 0.01 train_loss: 1187343.5000 train_distortion: 0.3555 train_mapscore: 0.2490 train_c: -1.1599 train_max_dist: 3.3437 train_imax: -0.0000 train_imin: -1.1599 time: 2.9947s
INFO:root:Epoch: 1565 lr: 0.01 train_loss: 1187201.2500 train_distortion: 0.3553 train_mapscore: 0.2484 train_c: -1.1604 train_max_dist: 3.3426 train_imax: -0.0000 train_imin: -1.1604 time: 2.9934s
INFO:root:Epoch: 1570 lr: 0.01 train_loss: 1187059.0000 train_distortion: 0.3551 train_mapscore: 0.2481 train_c: -1.1609 train_max_dist: 3.3445 train_imax: -0.0000 train_imin: -1.1609 time: 3.0371s
INFO:root:Epoch: 1575 lr: 0.01 train_loss: 1186917.0000 train_distortion: 0.3548 train_mapscore: 0.2487 train_c: -1.1614 train_max_dist: 3.3465 train_imax: -0.0000 train_imin: -1.1614 time: 3.0307s
INFO:root:Epoch: 1580 lr: 0.01 train_loss: 1186775.1250 train_distortion: 0.3546 train_mapscore: 0.2492 train_c: -1.1619 train_max_dist: 3.3466 train_imax: -0.0000 train_imin: -1.1619 time: 3.0119s
INFO:root:Epoch: 1585 lr: 0.01 train_loss: 1186633.2500 train_distortion: 0.3544 train_mapscore: 0.2486 train_c: -1.1624 train_max_dist: 3.3478 train_imax: -0.0000 train_imin: -1.1624 time: 3.0711s
INFO:root:Epoch: 1590 lr: 0.01 train_loss: 1186491.2500 train_distortion: 0.3541 train_mapscore: 0.2487 train_c: -1.1629 train_max_dist: 3.3488 train_imax: -0.0000 train_imin: -1.1629 time: 3.0686s
INFO:root:Epoch: 1595 lr: 0.01 train_loss: 1186349.2500 train_distortion: 0.3539 train_mapscore: 0.2483 train_c: -1.1634 train_max_dist: 3.3477 train_imax: -0.0000 train_imin: -1.1634 time: 3.0320s
INFO:root:Epoch: 1600 lr: 0.01 train_loss: 1186207.0000 train_distortion: 0.3537 train_mapscore: 0.2482 train_c: -1.1639 train_max_dist: 3.3478 train_imax: -0.0000 train_imin: -1.1639 time: 3.0839s
INFO:root:Epoch: 1605 lr: 0.01 train_loss: 1186064.8750 train_distortion: 0.3535 train_mapscore: 0.2483 train_c: -1.1644 train_max_dist: 3.3485 train_imax: -0.0000 train_imin: -1.1644 time: 3.0459s
INFO:root:Epoch: 1610 lr: 0.01 train_loss: 1185922.8750 train_distortion: 0.3532 train_mapscore: 0.2484 train_c: -1.1649 train_max_dist: 3.3500 train_imax: -0.0000 train_imin: -1.1649 time: 3.0888s
INFO:root:Epoch: 1615 lr: 0.01 train_loss: 1185780.6250 train_distortion: 0.3530 train_mapscore: 0.2481 train_c: -1.1654 train_max_dist: 3.3502 train_imax: -0.0000 train_imin: -1.1654 time: 3.0071s
INFO:root:Epoch: 1620 lr: 0.01 train_loss: 1185638.2500 train_distortion: 0.3528 train_mapscore: 0.2482 train_c: -1.1659 train_max_dist: 3.3510 train_imax: -0.0000 train_imin: -1.1659 time: 3.0284s
INFO:root:Epoch: 1625 lr: 0.01 train_loss: 1185495.7500 train_distortion: 0.3525 train_mapscore: 0.2476 train_c: -1.1664 train_max_dist: 3.3542 train_imax: -0.0000 train_imin: -1.1664 time: 3.0601s
INFO:root:Epoch: 1630 lr: 0.01 train_loss: 1185353.3750 train_distortion: 0.3523 train_mapscore: 0.2471 train_c: -1.1669 train_max_dist: 3.3529 train_imax: -0.0000 train_imin: -1.1669 time: 3.1134s
INFO:root:Epoch: 1635 lr: 0.01 train_loss: 1185210.6250 train_distortion: 0.3521 train_mapscore: 0.2472 train_c: -1.1674 train_max_dist: 3.3527 train_imax: -0.0000 train_imin: -1.1674 time: 3.0724s
INFO:root:Epoch: 1640 lr: 0.01 train_loss: 1185067.8750 train_distortion: 0.3518 train_mapscore: 0.2468 train_c: -1.1680 train_max_dist: 3.3539 train_imax: -0.0000 train_imin: -1.1680 time: 3.0548s
INFO:root:Epoch: 1645 lr: 0.01 train_loss: 1184925.1250 train_distortion: 0.3516 train_mapscore: 0.2471 train_c: -1.1685 train_max_dist: 3.3554 train_imax: -0.0000 train_imin: -1.1685 time: 3.0689s
INFO:root:Epoch: 1650 lr: 0.01 train_loss: 1184782.1250 train_distortion: 0.3514 train_mapscore: 0.2469 train_c: -1.1690 train_max_dist: 3.3552 train_imax: -0.0000 train_imin: -1.1690 time: 3.0192s
INFO:root:Epoch: 1655 lr: 0.01 train_loss: 1184639.0000 train_distortion: 0.3512 train_mapscore: 0.2476 train_c: -1.1695 train_max_dist: 3.3567 train_imax: -0.0000 train_imin: -1.1695 time: 3.0040s
INFO:root:Epoch: 1660 lr: 0.01 train_loss: 1184495.8750 train_distortion: 0.3509 train_mapscore: 0.2478 train_c: -1.1700 train_max_dist: 3.3543 train_imax: -0.0000 train_imin: -1.1700 time: 3.0683s
INFO:root:Epoch: 1665 lr: 0.01 train_loss: 1184352.5000 train_distortion: 0.3507 train_mapscore: 0.2478 train_c: -1.1705 train_max_dist: 3.3590 train_imax: -0.0000 train_imin: -1.1705 time: 2.9933s
INFO:root:Epoch: 1670 lr: 0.01 train_loss: 1184209.2500 train_distortion: 0.3505 train_mapscore: 0.2484 train_c: -1.1710 train_max_dist: 3.3575 train_imax: -0.0000 train_imin: -1.1710 time: 2.9596s
INFO:root:Epoch: 1675 lr: 0.01 train_loss: 1184065.7500 train_distortion: 0.3502 train_mapscore: 0.2477 train_c: -1.1715 train_max_dist: 3.3584 train_imax: -0.0000 train_imin: -1.1715 time: 3.0299s
INFO:root:Epoch: 1680 lr: 0.01 train_loss: 1183922.0000 train_distortion: 0.3500 train_mapscore: 0.2476 train_c: -1.1720 train_max_dist: 3.3602 train_imax: -0.0000 train_imin: -1.1720 time: 3.0488s
INFO:root:Epoch: 1685 lr: 0.01 train_loss: 1183778.2500 train_distortion: 0.3498 train_mapscore: 0.2478 train_c: -1.1725 train_max_dist: 3.3588 train_imax: -0.0000 train_imin: -1.1725 time: 3.0738s
INFO:root:Epoch: 1690 lr: 0.01 train_loss: 1183634.3750 train_distortion: 0.3496 train_mapscore: 0.2479 train_c: -1.1730 train_max_dist: 3.3602 train_imax: -0.0000 train_imin: -1.1730 time: 3.0856s
INFO:root:Epoch: 1695 lr: 0.01 train_loss: 1183490.5000 train_distortion: 0.3493 train_mapscore: 0.2485 train_c: -1.1735 train_max_dist: 3.3616 train_imax: -0.0000 train_imin: -1.1735 time: 3.0679s
INFO:root:Epoch: 1700 lr: 0.01 train_loss: 1183346.2500 train_distortion: 0.3491 train_mapscore: 0.2477 train_c: -1.1740 train_max_dist: 3.3602 train_imax: -0.0000 train_imin: -1.1740 time: 3.0842s
INFO:root:Epoch: 1705 lr: 0.01 train_loss: 1183202.0000 train_distortion: 0.3489 train_mapscore: 0.2478 train_c: -1.1745 train_max_dist: 3.3623 train_imax: -0.0000 train_imin: -1.1745 time: 3.0327s
INFO:root:Epoch: 1710 lr: 0.01 train_loss: 1183057.7500 train_distortion: 0.3486 train_mapscore: 0.2478 train_c: -1.1750 train_max_dist: 3.3619 train_imax: -0.0000 train_imin: -1.1750 time: 3.0508s
INFO:root:Epoch: 1715 lr: 0.01 train_loss: 1182913.2500 train_distortion: 0.3484 train_mapscore: 0.2484 train_c: -1.1755 train_max_dist: 3.3640 train_imax: -0.0000 train_imin: -1.1755 time: 3.0908s
INFO:root:Epoch: 1720 lr: 0.01 train_loss: 1182768.6250 train_distortion: 0.3482 train_mapscore: 0.2485 train_c: -1.1760 train_max_dist: 3.3643 train_imax: -0.0000 train_imin: -1.1760 time: 3.0391s
INFO:root:Epoch: 1725 lr: 0.01 train_loss: 1182623.8750 train_distortion: 0.3479 train_mapscore: 0.2485 train_c: -1.1765 train_max_dist: 3.3636 train_imax: -0.0000 train_imin: -1.1765 time: 3.0149s
INFO:root:Epoch: 1730 lr: 0.01 train_loss: 1182479.0000 train_distortion: 0.3477 train_mapscore: 0.2485 train_c: -1.1770 train_max_dist: 3.3650 train_imax: -0.0000 train_imin: -1.1770 time: 3.0513s
INFO:root:Epoch: 1735 lr: 0.01 train_loss: 1182334.0000 train_distortion: 0.3475 train_mapscore: 0.2482 train_c: -1.1775 train_max_dist: 3.3677 train_imax: -0.0000 train_imin: -1.1775 time: 3.0357s
INFO:root:Epoch: 1740 lr: 0.01 train_loss: 1182188.6250 train_distortion: 0.3473 train_mapscore: 0.2480 train_c: -1.1780 train_max_dist: 3.3672 train_imax: -0.0000 train_imin: -1.1780 time: 3.0431s
INFO:root:Epoch: 1745 lr: 0.01 train_loss: 1182043.5000 train_distortion: 0.3470 train_mapscore: 0.2483 train_c: -1.1785 train_max_dist: 3.3693 train_imax: -0.0000 train_imin: -1.1785 time: 3.0720s
INFO:root:Epoch: 1750 lr: 0.01 train_loss: 1181898.1250 train_distortion: 0.3468 train_mapscore: 0.2478 train_c: -1.1790 train_max_dist: 3.3717 train_imax: -0.0000 train_imin: -1.1790 time: 3.0774s
INFO:root:Epoch: 1755 lr: 0.01 train_loss: 1181752.3750 train_distortion: 0.3466 train_mapscore: 0.2488 train_c: -1.1796 train_max_dist: 3.3704 train_imax: -0.0000 train_imin: -1.1796 time: 3.0170s
INFO:root:Epoch: 1760 lr: 0.01 train_loss: 1181606.5000 train_distortion: 0.3463 train_mapscore: 0.2497 train_c: -1.1801 train_max_dist: 3.3747 train_imax: -0.0000 train_imin: -1.1801 time: 3.0029s
INFO:root:Epoch: 1765 lr: 0.01 train_loss: 1181460.8750 train_distortion: 0.3461 train_mapscore: 0.2482 train_c: -1.1806 train_max_dist: 3.3758 train_imax: -0.0000 train_imin: -1.1806 time: 3.0518s
INFO:root:Epoch: 1770 lr: 0.01 train_loss: 1181314.8750 train_distortion: 0.3459 train_mapscore: 0.2481 train_c: -1.1811 train_max_dist: 3.3767 train_imax: -0.0000 train_imin: -1.1811 time: 3.0961s
INFO:root:Epoch: 1775 lr: 0.01 train_loss: 1181168.8750 train_distortion: 0.3456 train_mapscore: 0.2493 train_c: -1.1816 train_max_dist: 3.3791 train_imax: -0.0000 train_imin: -1.1816 time: 3.0248s
INFO:root:Epoch: 1780 lr: 0.01 train_loss: 1181022.7500 train_distortion: 0.3454 train_mapscore: 0.2496 train_c: -1.1821 train_max_dist: 3.3788 train_imax: -0.0000 train_imin: -1.1821 time: 2.9865s
INFO:root:Epoch: 1785 lr: 0.01 train_loss: 1180876.6250 train_distortion: 0.3452 train_mapscore: 0.2491 train_c: -1.1826 train_max_dist: 3.3809 train_imax: -0.0000 train_imin: -1.1826 time: 3.0882s
INFO:root:Epoch: 1790 lr: 0.01 train_loss: 1180730.0000 train_distortion: 0.3449 train_mapscore: 0.2494 train_c: -1.1831 train_max_dist: 3.3852 train_imax: -0.0000 train_imin: -1.1831 time: 3.0290s
INFO:root:Epoch: 1795 lr: 0.01 train_loss: 1180583.3750 train_distortion: 0.3447 train_mapscore: 0.2497 train_c: -1.1836 train_max_dist: 3.3815 train_imax: -0.0000 train_imin: -1.1836 time: 3.0442s
INFO:root:Epoch: 1800 lr: 0.01 train_loss: 1180437.0000 train_distortion: 0.3445 train_mapscore: 0.2493 train_c: -1.1841 train_max_dist: 3.3868 train_imax: -0.0000 train_imin: -1.1841 time: 3.0001s
INFO:root:Epoch: 1805 lr: 0.01 train_loss: 1180290.0000 train_distortion: 0.3442 train_mapscore: 0.2492 train_c: -1.1846 train_max_dist: 3.3881 train_imax: -0.0000 train_imin: -1.1846 time: 3.0565s
INFO:root:Epoch: 1810 lr: 0.01 train_loss: 1180143.0000 train_distortion: 0.3440 train_mapscore: 0.2494 train_c: -1.1851 train_max_dist: 3.3874 train_imax: -0.0000 train_imin: -1.1851 time: 3.0125s
INFO:root:Epoch: 1815 lr: 0.01 train_loss: 1179996.0000 train_distortion: 0.3438 train_mapscore: 0.2498 train_c: -1.1856 train_max_dist: 3.3912 train_imax: -0.0000 train_imin: -1.1856 time: 3.0002s
INFO:root:Epoch: 1820 lr: 0.01 train_loss: 1179848.7500 train_distortion: 0.3435 train_mapscore: 0.2498 train_c: -1.1861 train_max_dist: 3.3905 train_imax: -0.0000 train_imin: -1.1861 time: 3.0733s
INFO:root:Epoch: 1825 lr: 0.01 train_loss: 1179701.2500 train_distortion: 0.3433 train_mapscore: 0.2502 train_c: -1.1866 train_max_dist: 3.3939 train_imax: -0.0000 train_imin: -1.1866 time: 3.0504s
INFO:root:Epoch: 1830 lr: 0.01 train_loss: 1179553.8750 train_distortion: 0.3431 train_mapscore: 0.2492 train_c: -1.1871 train_max_dist: 3.3918 train_imax: -0.0000 train_imin: -1.1871 time: 3.0058s
INFO:root:Epoch: 1835 lr: 0.01 train_loss: 1179406.2500 train_distortion: 0.3429 train_mapscore: 0.2506 train_c: -1.1876 train_max_dist: 3.3962 train_imax: -0.0000 train_imin: -1.1876 time: 3.0397s
INFO:root:Epoch: 1840 lr: 0.01 train_loss: 1179258.5000 train_distortion: 0.3426 train_mapscore: 0.2498 train_c: -1.1881 train_max_dist: 3.3991 train_imax: -0.0000 train_imin: -1.1881 time: 3.0760s
INFO:root:Epoch: 1845 lr: 0.01 train_loss: 1179110.7500 train_distortion: 0.3424 train_mapscore: 0.2504 train_c: -1.1886 train_max_dist: 3.3971 train_imax: -0.0000 train_imin: -1.1886 time: 3.0853s
INFO:root:Epoch: 1850 lr: 0.01 train_loss: 1178963.0000 train_distortion: 0.3422 train_mapscore: 0.2496 train_c: -1.1891 train_max_dist: 3.4011 train_imax: -0.0000 train_imin: -1.1891 time: 3.0339s
INFO:root:Epoch: 1855 lr: 0.01 train_loss: 1178814.7500 train_distortion: 0.3420 train_mapscore: 0.2501 train_c: -1.1896 train_max_dist: 3.4029 train_imax: -0.0000 train_imin: -1.1896 time: 3.0247s
INFO:root:Epoch: 1860 lr: 0.01 train_loss: 1178666.5000 train_distortion: 0.3417 train_mapscore: 0.2506 train_c: -1.1902 train_max_dist: 3.4047 train_imax: -0.0000 train_imin: -1.1902 time: 3.0887s
INFO:root:Epoch: 1865 lr: 0.01 train_loss: 1178518.3750 train_distortion: 0.3415 train_mapscore: 0.2498 train_c: -1.1907 train_max_dist: 3.4050 train_imax: -0.0000 train_imin: -1.1907 time: 3.0814s
INFO:root:Epoch: 1870 lr: 0.01 train_loss: 1178369.7500 train_distortion: 0.3413 train_mapscore: 0.2504 train_c: -1.1912 train_max_dist: 3.4060 train_imax: -0.0000 train_imin: -1.1912 time: 3.0650s
INFO:root:Epoch: 1875 lr: 0.01 train_loss: 1178221.1250 train_distortion: 0.3410 train_mapscore: 0.2505 train_c: -1.1917 train_max_dist: 3.4072 train_imax: -0.0000 train_imin: -1.1917 time: 3.0372s
INFO:root:Epoch: 1880 lr: 0.01 train_loss: 1178072.5000 train_distortion: 0.3408 train_mapscore: 0.2510 train_c: -1.1922 train_max_dist: 3.4108 train_imax: -0.0000 train_imin: -1.1922 time: 3.0660s
INFO:root:Epoch: 1885 lr: 0.01 train_loss: 1177923.5000 train_distortion: 0.3406 train_mapscore: 0.2502 train_c: -1.1927 train_max_dist: 3.4081 train_imax: -0.0000 train_imin: -1.1927 time: 3.0055s
INFO:root:Epoch: 1890 lr: 0.01 train_loss: 1177774.6250 train_distortion: 0.3403 train_mapscore: 0.2504 train_c: -1.1932 train_max_dist: 3.4119 train_imax: -0.0000 train_imin: -1.1932 time: 3.0812s
INFO:root:Epoch: 1895 lr: 0.01 train_loss: 1177625.6250 train_distortion: 0.3401 train_mapscore: 0.2507 train_c: -1.1937 train_max_dist: 3.4125 train_imax: -0.0000 train_imin: -1.1937 time: 3.0257s
INFO:root:Epoch: 1900 lr: 0.01 train_loss: 1177476.2500 train_distortion: 0.3399 train_mapscore: 0.2504 train_c: -1.1942 train_max_dist: 3.4170 train_imax: -0.0000 train_imin: -1.1942 time: 3.0249s
INFO:root:Epoch: 1905 lr: 0.01 train_loss: 1177326.7500 train_distortion: 0.3397 train_mapscore: 0.2508 train_c: -1.1947 train_max_dist: 3.4171 train_imax: -0.0000 train_imin: -1.1947 time: 2.9944s
INFO:root:Epoch: 1910 lr: 0.01 train_loss: 1177177.0000 train_distortion: 0.3394 train_mapscore: 0.2512 train_c: -1.1952 train_max_dist: 3.4188 train_imax: -0.0000 train_imin: -1.1952 time: 3.0543s
INFO:root:Epoch: 1915 lr: 0.01 train_loss: 1177027.1250 train_distortion: 0.3392 train_mapscore: 0.2514 train_c: -1.1957 train_max_dist: 3.4170 train_imax: -0.0000 train_imin: -1.1957 time: 3.0143s
INFO:root:Epoch: 1920 lr: 0.01 train_loss: 1176877.2500 train_distortion: 0.3390 train_mapscore: 0.2517 train_c: -1.1962 train_max_dist: 3.4203 train_imax: -0.0000 train_imin: -1.1962 time: 3.0474s
INFO:root:Epoch: 1925 lr: 0.01 train_loss: 1176727.5000 train_distortion: 0.3387 train_mapscore: 0.2511 train_c: -1.1967 train_max_dist: 3.4223 train_imax: -0.0000 train_imin: -1.1967 time: 3.0468s
INFO:root:Epoch: 1930 lr: 0.01 train_loss: 1176577.3750 train_distortion: 0.3385 train_mapscore: 0.2510 train_c: -1.1972 train_max_dist: 3.4233 train_imax: -0.0000 train_imin: -1.1972 time: 3.0019s
INFO:root:Epoch: 1935 lr: 0.01 train_loss: 1176427.0000 train_distortion: 0.3383 train_mapscore: 0.2514 train_c: -1.1977 train_max_dist: 3.4260 train_imax: -0.0000 train_imin: -1.1977 time: 3.0231s
INFO:root:Epoch: 1940 lr: 0.01 train_loss: 1176276.5000 train_distortion: 0.3380 train_mapscore: 0.2514 train_c: -1.1982 train_max_dist: 3.4271 train_imax: -0.0000 train_imin: -1.1982 time: 3.0352s
INFO:root:Epoch: 1945 lr: 0.01 train_loss: 1176126.1250 train_distortion: 0.3378 train_mapscore: 0.2516 train_c: -1.1987 train_max_dist: 3.4279 train_imax: -0.0000 train_imin: -1.1987 time: 3.0009s
INFO:root:Epoch: 1950 lr: 0.01 train_loss: 1175975.5000 train_distortion: 0.3376 train_mapscore: 0.2512 train_c: -1.1992 train_max_dist: 3.4294 train_imax: -0.0000 train_imin: -1.1992 time: 3.0702s
INFO:root:Epoch: 1955 lr: 0.01 train_loss: 1175824.8750 train_distortion: 0.3374 train_mapscore: 0.2515 train_c: -1.1998 train_max_dist: 3.4316 train_imax: -0.0000 train_imin: -1.1998 time: 3.0504s
INFO:root:Epoch: 1960 lr: 0.01 train_loss: 1175674.2500 train_distortion: 0.3371 train_mapscore: 0.2521 train_c: -1.2003 train_max_dist: 3.4324 train_imax: -0.0000 train_imin: -1.2003 time: 3.0313s
INFO:root:Epoch: 1965 lr: 0.01 train_loss: 1175524.2500 train_distortion: 0.3369 train_mapscore: 0.2521 train_c: -1.2008 train_max_dist: 3.4335 train_imax: -0.0000 train_imin: -1.2008 time: 2.9937s
INFO:root:Epoch: 1970 lr: 0.01 train_loss: 1175375.0000 train_distortion: 0.3367 train_mapscore: 0.2524 train_c: -1.2013 train_max_dist: 3.4314 train_imax: -0.0000 train_imin: -1.2013 time: 3.0428s
INFO:root:Epoch: 1975 lr: 0.01 train_loss: 1175220.8750 train_distortion: 0.3364 train_mapscore: 0.2514 train_c: -1.2018 train_max_dist: 3.4357 train_imax: -0.0000 train_imin: -1.2018 time: 3.0084s
INFO:root:Epoch: 1980 lr: 0.01 train_loss: 1175069.5000 train_distortion: 0.3362 train_mapscore: 0.2527 train_c: -1.2023 train_max_dist: 3.4419 train_imax: -0.0000 train_imin: -1.2023 time: 3.0358s
INFO:root:Epoch: 1985 lr: 0.01 train_loss: 1174917.2500 train_distortion: 0.3360 train_mapscore: 0.2526 train_c: -1.2028 train_max_dist: 3.4369 train_imax: -0.0000 train_imin: -1.2028 time: 3.0386s
INFO:root:Epoch: 1990 lr: 0.01 train_loss: 1174765.5000 train_distortion: 0.3357 train_mapscore: 0.2516 train_c: -1.2033 train_max_dist: 3.4392 train_imax: -0.0000 train_imin: -1.2033 time: 3.0162s
INFO:root:Epoch: 1995 lr: 0.01 train_loss: 1174613.5000 train_distortion: 0.3355 train_mapscore: 0.2523 train_c: -1.2038 train_max_dist: 3.4421 train_imax: -0.0000 train_imin: -1.2038 time: 3.0203s
INFO:root:Epoch: 2000 lr: 0.0025 train_loss: 1174461.5000 train_distortion: 0.3353 train_mapscore: 0.2530 train_c: -1.2043 train_max_dist: 3.4471 train_imax: -0.0000 train_imin: -1.2043 time: 3.0722s
INFO:root:Optimization Finished!
INFO:root:Total time elapsed: 6179.0002s
INFO:root:Val set results: val_distortion: 1.0000 val_mapscore: -1.0000 val_c: -1.0000 val_max_dist: 0.0000
INFO:root:Test set results: test_loss: 1174431.0000 test_distortion: 0.3352 test_mapscore: 0.2522 test_c: -1.2044 test_max_dist: 3.4437 test_imax: -0.0000 test_imin: -1.2044
INFO:root:Saved model in /workspace/xiongbo/hgcn/logs/md/2021_5_23/11
