INFO:root:Using: cuda:0
INFO:root:Using seed 1234.
INFO:root:MDModel(
  (encoder): HGCN(
    (layers): Sequential(
      (0): HyperbolicGraphConvolution(
        (linear): HypLinear(
          in_features=4040, out_features=10, c=Parameter containing:
          tensor([-1.], requires_grad=True)
        )
        (agg): HypAgg(
          c=Parameter containing:
          tensor([-1.], requires_grad=True)
        )
        (hyp_act): HypAct(
          c_in=Parameter containing:
          tensor([-1.], requires_grad=True), c_out=Parameter containing:
          tensor([-1.], requires_grad=True)
        )
      )
    )
  )
  (decoder): MDDecoder()
)
INFO:root:Total number of parameters: 40412
/workspace/anaconda3/envs/geo/lib/python3.7/site-packages/torch/optim/lr_scheduler.py:370: UserWarning: To get the last learning rate computed by the scheduler, please use `get_last_lr()`.
  "please use `get_last_lr()`.", UserWarning)
INFO:root:Epoch: 0005 lr: 0.01 train_loss: 1407605.7500 train_distortion: 0.7126 train_mapscore: 0.0817 train_c: -1.0001 train_max_dist: 2.3853 train_imax: -0.0000 train_imin: -1.2635 time: 4.6422s
INFO:root:Epoch: 0010 lr: 0.01 train_loss: 1344687.0000 train_distortion: 0.5916 train_mapscore: 0.2127 train_c: -1.0006 train_max_dist: 3.2874 train_imax: 0.1397 train_imin: -1.1658 time: 4.2651s
INFO:root:Epoch: 0015 lr: 0.01 train_loss: 1317439.6250 train_distortion: 0.5465 train_mapscore: 0.2519 train_c: -1.0011 train_max_dist: 3.4041 train_imax: 0.0401 train_imin: -1.1197 time: 4.0875s
INFO:root:Epoch: 0020 lr: 0.01 train_loss: 1300337.3750 train_distortion: 0.5168 train_mapscore: 0.2680 train_c: -1.0017 train_max_dist: 3.6602 train_imax: 0.0049 train_imin: -1.1131 time: 3.8662s
INFO:root:Epoch: 0025 lr: 0.01 train_loss: 1286479.7500 train_distortion: 0.4903 train_mapscore: 0.2778 train_c: -1.0022 train_max_dist: 7.6470 train_imax: 0.8126 train_imin: -1.0939 time: 3.8752s
INFO:root:Epoch: 0030 lr: 0.01 train_loss: 1272488.1250 train_distortion: 0.4642 train_mapscore: 0.2848 train_c: -1.0028 train_max_dist: 7.1082 train_imax: 0.7711 train_imin: -1.1224 time: 3.8222s
INFO:root:Epoch: 0035 lr: 0.01 train_loss: 1258033.3750 train_distortion: 0.4376 train_mapscore: 0.2890 train_c: -1.0034 train_max_dist: 6.4435 train_imax: 0.6780 train_imin: -1.1584 time: 3.7076s
INFO:root:Epoch: 0040 lr: 0.01 train_loss: 1242440.7500 train_distortion: 0.4095 train_mapscore: 0.2928 train_c: -1.0040 train_max_dist: 9.6562 train_imax: 0.9057 train_imin: -1.1506 time: 3.6817s
INFO:root:Epoch: 0045 lr: 0.01 train_loss: 1224349.5000 train_distortion: 0.3797 train_mapscore: 0.2959 train_c: -1.0045 train_max_dist: 9.6299 train_imax: 0.9573 train_imin: -1.1782 time: 3.6050s
INFO:root:Epoch: 0050 lr: 0.01 train_loss: 1202643.2500 train_distortion: 0.3476 train_mapscore: 0.2985 train_c: -1.0051 train_max_dist: 9.8438 train_imax: 0.8778 train_imin: -1.2355 time: 3.6147s
INFO:root:Epoch: 0055 lr: 0.01 train_loss: 1173838.8750 train_distortion: 0.3183 train_mapscore: 0.3005 train_c: -1.0056 train_max_dist: 9.9062 train_imax: 0.6770 train_imin: -1.2151 time: 3.4954s
INFO:root:Epoch: 0060 lr: 0.01 train_loss: 1136183.1250 train_distortion: 0.3074 train_mapscore: 0.2977 train_c: -1.0061 train_max_dist: 10.0000 train_imax: 1.7538 train_imin: -1.2293 time: 3.5086s
INFO:root:Epoch: 0065 lr: 0.01 train_loss: 1089800.3750 train_distortion: 0.3542 train_mapscore: 0.2903 train_c: -1.0064 train_max_dist: 10.2500 train_imax: 1.8434 train_imin: -1.5540 time: 3.3295s
INFO:root:Epoch: 0070 lr: 0.01 train_loss: 1040203.3750 train_distortion: 0.4560 train_mapscore: 0.2850 train_c: -1.0066 train_max_dist: 11.5000 train_imax: 2.2872 train_imin: -1.5390 time: 3.3086s
INFO:root:Epoch: 0075 lr: 0.01 train_loss: 994194.0000 train_distortion: 0.4857 train_mapscore: 0.2945 train_c: -1.0064 train_max_dist: 12.0000 train_imax: 2.9346 train_imin: -1.9491 time: 3.3576s
INFO:root:Epoch: 0080 lr: 0.01 train_loss: 952439.1250 train_distortion: 0.5164 train_mapscore: 0.3194 train_c: -1.0060 train_max_dist: 12.0000 train_imax: 5.3026 train_imin: -2.3074 time: 3.4926s
INFO:root:Epoch: 0085 lr: 0.01 train_loss: 915904.5000 train_distortion: 0.7305 train_mapscore: 0.3423 train_c: -1.0055 train_max_dist: 12.0000 train_imax: 8.0221 train_imin: -2.4328 time: 3.9184s
INFO:root:Epoch: 0090 lr: 0.01 train_loss: 933183.5000 train_distortion: 0.9847 train_mapscore: 0.3010 train_c: -1.0053 train_max_dist: 13.2809 train_imax: 9.2392 train_imin: -3.9245 time: 3.9396s
INFO:root:Epoch: 0095 lr: 0.01 train_loss: 971306.4375 train_distortion: 1.2352 train_mapscore: 0.2726 train_c: -1.0050 train_max_dist: 14.3383 train_imax: 9.8706 train_imin: -2.9955 time: 4.1857s
INFO:root:Epoch: 0100 lr: 0.01 train_loss: 979263.8125 train_distortion: 1.3467 train_mapscore: 0.2678 train_c: -1.0048 train_max_dist: 15.0326 train_imax: 9.4799 train_imin: -3.0059 time: 4.2012s
INFO:root:Epoch: 0105 lr: 0.01 train_loss: 972665.1875 train_distortion: 1.2840 train_mapscore: 0.2684 train_c: -1.0047 train_max_dist: 15.2125 train_imax: 8.7559 train_imin: -3.1489 time: 4.1383s
INFO:root:Epoch: 0110 lr: 0.01 train_loss: 965641.2500 train_distortion: 1.2788 train_mapscore: 0.2713 train_c: -1.0044 train_max_dist: 15.4234 train_imax: 8.8759 train_imin: -3.3917 time: 4.1945s
INFO:root:Epoch: 0115 lr: 0.01 train_loss: 958372.0000 train_distortion: 1.3941 train_mapscore: 0.2743 train_c: -1.0041 train_max_dist: 20.0000 train_imax: 9.6410 train_imin: -3.5982 time: 4.1464s
INFO:root:Epoch: 0120 lr: 0.01 train_loss: 951676.1250 train_distortion: 1.5315 train_mapscore: 0.2776 train_c: -1.0039 train_max_dist: 16.3221 train_imax: 10.4244 train_imin: -3.7613 time: 4.1457s
INFO:root:Epoch: 0125 lr: 0.01 train_loss: 944947.5000 train_distortion: 1.6792 train_mapscore: 0.2811 train_c: -1.0037 train_max_dist: 20.0000 train_imax: 10.7877 train_imin: -4.0701 time: 4.1114s
INFO:root:Epoch: 0130 lr: 0.01 train_loss: 937947.7500 train_distortion: 1.7635 train_mapscore: 0.2851 train_c: -1.0036 train_max_dist: 16.9579 train_imax: 10.6211 train_imin: -4.1878 time: 4.1454s
INFO:root:Epoch: 0135 lr: 0.01 train_loss: 930600.0000 train_distortion: 1.8144 train_mapscore: 0.2888 train_c: -1.0035 train_max_dist: 17.0137 train_imax: 10.7547 train_imin: -4.0998 time: 4.0279s
INFO:root:Epoch: 0140 lr: 0.01 train_loss: 924041.0000 train_distortion: 1.9040 train_mapscore: 0.2926 train_c: -1.0034 train_max_dist: 17.0856 train_imax: 11.0909 train_imin: -4.0346 time: 3.9933s
INFO:root:Epoch: 0145 lr: 0.01 train_loss: 918054.8750 train_distortion: 1.9868 train_mapscore: 0.2970 train_c: -1.0033 train_max_dist: 17.2089 train_imax: 11.3274 train_imin: -4.1019 time: 3.9407s
INFO:root:Epoch: 0150 lr: 0.01 train_loss: 912467.3750 train_distortion: 2.0788 train_mapscore: 0.3015 train_c: -1.0033 train_max_dist: 17.3549 train_imax: 11.5214 train_imin: -4.2460 time: 3.9530s
INFO:root:Epoch: 0155 lr: 0.01 train_loss: 907007.2500 train_distortion: 2.1685 train_mapscore: 0.3050 train_c: -1.0033 train_max_dist: 20.0000 train_imax: 11.6917 train_imin: -4.3887 time: 3.8569s
INFO:root:Epoch: 0160 lr: 0.01 train_loss: 901579.0000 train_distortion: 2.2092 train_mapscore: 0.3097 train_c: -1.0033 train_max_dist: 17.5666 train_imax: 11.6730 train_imin: -4.5118 time: 3.8745s
INFO:root:Epoch: 0165 lr: 0.01 train_loss: 896794.6250 train_distortion: 2.2578 train_mapscore: 0.3131 train_c: -1.0033 train_max_dist: 17.6316 train_imax: 11.6891 train_imin: -4.6354 time: 3.7919s
INFO:root:Epoch: 0170 lr: 0.01 train_loss: 892221.5000 train_distortion: 2.3373 train_mapscore: 0.3166 train_c: -1.0033 train_max_dist: 17.6986 train_imax: 11.8000 train_imin: -4.8305 time: 3.8103s
INFO:root:Epoch: 0175 lr: 0.01 train_loss: 888350.7500 train_distortion: 2.3100 train_mapscore: 0.3194 train_c: -1.0034 train_max_dist: 20.0000 train_imax: 11.5678 train_imin: -4.8720 time: 3.7156s
INFO:root:Epoch: 0180 lr: 0.01 train_loss: 888594.3750 train_distortion: 2.2606 train_mapscore: 0.3194 train_c: -1.0035 train_max_dist: 17.7851 train_imax: 11.4793 train_imin: -4.7777 time: 3.7515s
INFO:root:Epoch: 0185 lr: 0.01 train_loss: 887161.2500 train_distortion: 2.3771 train_mapscore: 0.3193 train_c: -1.0036 train_max_dist: 17.9557 train_imax: 11.7887 train_imin: -5.0783 time: 3.7450s
INFO:root:Epoch: 0190 lr: 0.01 train_loss: 883801.3125 train_distortion: 2.5155 train_mapscore: 0.3216 train_c: -1.0037 train_max_dist: 18.1779 train_imax: 12.1413 train_imin: -5.3698 time: 3.7517s
INFO:root:Epoch: 0195 lr: 0.01 train_loss: 879253.3750 train_distortion: 2.5504 train_mapscore: 0.3249 train_c: -1.0038 train_max_dist: 18.2705 train_imax: 12.1590 train_imin: -5.2817 time: 3.7115s
INFO:root:Epoch: 0200 lr: 0.01 train_loss: 874445.1875 train_distortion: 2.5868 train_mapscore: 0.3290 train_c: -1.0038 train_max_dist: 18.2659 train_imax: 12.1448 train_imin: -5.4400 time: 3.7136s
INFO:root:Epoch: 0205 lr: 0.01 train_loss: 870180.3750 train_distortion: 2.6308 train_mapscore: 0.3332 train_c: -1.0039 train_max_dist: 18.2798 train_imax: 12.1650 train_imin: -5.5789 time: 3.6548s
INFO:root:Epoch: 0210 lr: 0.01 train_loss: 868380.2500 train_distortion: 2.5593 train_mapscore: 0.3364 train_c: -1.0041 train_max_dist: 18.1473 train_imax: 12.0513 train_imin: -5.6505 time: 3.6742s
INFO:root:Epoch: 0215 lr: 0.01 train_loss: 869763.9375 train_distortion: 2.5050 train_mapscore: 0.3360 train_c: -1.0043 train_max_dist: 17.9711 train_imax: 11.7768 train_imin: -5.5391 time: 3.6420s
INFO:root:Epoch: 0220 lr: 0.01 train_loss: 879715.6875 train_distortion: 3.0456 train_mapscore: 0.3198 train_c: -1.0041 train_max_dist: 19.1748 train_imax: 13.0104 train_imin: -5.6173 time: 3.7141s
INFO:root:Epoch: 0225 lr: 0.01 train_loss: 899544.9375 train_distortion: 2.9193 train_mapscore: 0.2956 train_c: -1.0040 train_max_dist: 19.0013 train_imax: 12.3567 train_imin: -5.9380 time: 3.6974s
INFO:root:Epoch: 0230 lr: 0.01 train_loss: 911126.4375 train_distortion: 2.3031 train_mapscore: 0.2833 train_c: -1.0042 train_max_dist: 17.9770 train_imax: 10.3713 train_imin: -5.5937 time: 3.7366s
INFO:root:Epoch: 0235 lr: 0.01 train_loss: 915324.5000 train_distortion: 2.0594 train_mapscore: 0.2796 train_c: -1.0042 train_max_dist: 17.5500 train_imax: 9.5995 train_imin: -5.2529 time: 3.7086s
INFO:root:Epoch: 0240 lr: 0.01 train_loss: 912452.7500 train_distortion: 2.0906 train_mapscore: 0.2808 train_c: -1.0042 train_max_dist: 17.5359 train_imax: 9.7100 train_imin: -5.4215 time: 3.7307s
INFO:root:Epoch: 0245 lr: 0.01 train_loss: 935730.1250 train_distortion: 1.4726 train_mapscore: 0.2701 train_c: -1.0045 train_max_dist: 16.2149 train_imax: 8.2692 train_imin: -8.1185 time: 3.7166s
INFO:root:Epoch: 0250 lr: 0.01 train_loss: 959909.1250 train_distortion: 1.2470 train_mapscore: 0.2553 train_c: -1.0044 train_max_dist: 15.9068 train_imax: 7.9435 train_imin: -8.4585 time: 3.9052s
INFO:root:Epoch: 0255 lr: 0.01 train_loss: 967868.6250 train_distortion: 1.2627 train_mapscore: 0.2487 train_c: -1.0043 train_max_dist: 16.0752 train_imax: 9.3497 train_imin: -7.9625 time: 3.9897s
INFO:root:Epoch: 0260 lr: 0.01 train_loss: 964931.7500 train_distortion: 1.4415 train_mapscore: 0.2471 train_c: -1.0041 train_max_dist: 16.5572 train_imax: 11.1651 train_imin: -7.8107 time: 4.1165s
INFO:root:Epoch: 0265 lr: 0.01 train_loss: 958121.6250 train_distortion: 1.7389 train_mapscore: 0.2479 train_c: -1.0039 train_max_dist: 17.1366 train_imax: 12.5653 train_imin: -7.9283 time: 4.1037s
INFO:root:Epoch: 0270 lr: 0.01 train_loss: 950332.7500 train_distortion: 1.9953 train_mapscore: 0.2509 train_c: -1.0038 train_max_dist: 17.5651 train_imax: 13.2054 train_imin: -7.8677 time: 4.0977s
INFO:root:Epoch: 0275 lr: 0.01 train_loss: 941991.0000 train_distortion: 2.1460 train_mapscore: 0.2557 train_c: -1.0037 train_max_dist: 17.8739 train_imax: 13.1805 train_imin: -8.7061 time: 4.0551s
INFO:root:Epoch: 0280 lr: 0.01 train_loss: 933357.8750 train_distortion: 2.1962 train_mapscore: 0.2613 train_c: -1.0037 train_max_dist: 18.0031 train_imax: 12.6486 train_imin: -8.9179 time: 3.9506s
INFO:root:Epoch: 0285 lr: 0.01 train_loss: 925499.2500 train_distortion: 2.2100 train_mapscore: 0.2665 train_c: -1.0037 train_max_dist: 18.0744 train_imax: 11.9531 train_imin: -8.8702 time: 3.9369s
INFO:root:Epoch: 0290 lr: 0.01 train_loss: 918169.5000 train_distortion: 2.2304 train_mapscore: 0.2715 train_c: -1.0036 train_max_dist: 18.1479 train_imax: 11.2393 train_imin: -8.7778 time: 3.8740s
INFO:root:Epoch: 0295 lr: 0.01 train_loss: 911604.6875 train_distortion: 2.2823 train_mapscore: 0.2769 train_c: -1.0036 train_max_dist: 18.2636 train_imax: 10.9777 train_imin: -8.7174 time: 3.8570s
INFO:root:Epoch: 0300 lr: 0.01 train_loss: 905792.6875 train_distortion: 2.3270 train_mapscore: 0.2814 train_c: -1.0036 train_max_dist: 18.3668 train_imax: 11.1313 train_imin: -8.6724 time: 3.8240s
INFO:root:Epoch: 0305 lr: 0.01 train_loss: 900424.9375 train_distortion: 2.3891 train_mapscore: 0.2856 train_c: -1.0036 train_max_dist: 18.4923 train_imax: 11.3270 train_imin: -8.7049 time: 3.7337s
INFO:root:Epoch: 0310 lr: 0.01 train_loss: 897937.3125 train_distortion: 2.3643 train_mapscore: 0.2882 train_c: -1.0036 train_max_dist: 18.4491 train_imax: 11.3388 train_imin: -8.4539 time: 3.7965s
INFO:root:Epoch: 0315 lr: 0.01 train_loss: 896746.5000 train_distortion: 2.3030 train_mapscore: 0.2902 train_c: -1.0036 train_max_dist: 24.0000 train_imax: 11.2811 train_imin: -8.0957 time: 3.8186s
INFO:root:Epoch: 0320 lr: 0.01 train_loss: 900475.4375 train_distortion: 2.0363 train_mapscore: 0.2907 train_c: -1.0037 train_max_dist: 18.0049 train_imax: 10.6151 train_imin: -7.4482 time: 3.8251s
INFO:root:Epoch: 0325 lr: 0.01 train_loss: 901263.2500 train_distortion: 1.9923 train_mapscore: 0.2912 train_c: -1.0038 train_max_dist: 17.9666 train_imax: 10.5420 train_imin: -7.6642 time: 3.8101s
INFO:root:Epoch: 0330 lr: 0.01 train_loss: 898422.6250 train_distortion: 2.0951 train_mapscore: 0.2933 train_c: -1.0038 train_max_dist: 18.1639 train_imax: 10.8633 train_imin: -8.2722 time: 3.8404s
INFO:root:Epoch: 0335 lr: 0.01 train_loss: 894033.6875 train_distortion: 2.2725 train_mapscore: 0.2963 train_c: -1.0038 train_max_dist: 18.4601 train_imax: 11.3818 train_imin: -8.9498 time: 3.8097s
INFO:root:Epoch: 0340 lr: 0.01 train_loss: 889491.5625 train_distortion: 2.4526 train_mapscore: 0.2984 train_c: -1.0038 train_max_dist: 18.7370 train_imax: 11.8821 train_imin: -9.3885 time: 3.8031s
INFO:root:Epoch: 0345 lr: 0.01 train_loss: 885195.5000 train_distortion: 2.6013 train_mapscore: 0.3012 train_c: -1.0037 train_max_dist: 18.9610 train_imax: 12.3010 train_imin: -9.4543 time: 3.7666s
INFO:root:Epoch: 0350 lr: 0.01 train_loss: 880836.8750 train_distortion: 2.7028 train_mapscore: 0.3041 train_c: -1.0038 train_max_dist: 19.1111 train_imax: 12.5729 train_imin: -9.4954 time: 3.7541s
INFO:root:Epoch: 0355 lr: 0.01 train_loss: 876766.2500 train_distortion: 2.7743 train_mapscore: 0.3073 train_c: -1.0038 train_max_dist: 19.2187 train_imax: 12.7580 train_imin: -9.6011 time: 3.7132s
INFO:root:Epoch: 0360 lr: 0.01 train_loss: 872884.3750 train_distortion: 2.8380 train_mapscore: 0.3108 train_c: -1.0038 train_max_dist: 19.3064 train_imax: 12.9167 train_imin: -9.7255 time: 3.7057s
INFO:root:Epoch: 0365 lr: 0.01 train_loss: 869113.8125 train_distortion: 2.8972 train_mapscore: 0.3143 train_c: -1.0038 train_max_dist: 19.3833 train_imax: 13.0681 train_imin: -9.8518 time: 3.6402s
INFO:root:Epoch: 0370 lr: 0.01 train_loss: 865666.0000 train_distortion: 2.9555 train_mapscore: 0.3177 train_c: -1.0038 train_max_dist: 20.0000 train_imax: 13.2138 train_imin: -9.9146 time: 3.6258s
INFO:root:Epoch: 0375 lr: 0.01 train_loss: 862401.0625 train_distortion: 2.9660 train_mapscore: 0.3213 train_c: -1.0039 train_max_dist: 19.4714 train_imax: 13.2328 train_imin: -9.9113 time: 3.6220s
INFO:root:Epoch: 0380 lr: 0.01 train_loss: 860167.0000 train_distortion: 3.0506 train_mapscore: 0.3223 train_c: -1.0039 train_max_dist: 19.5714 train_imax: 13.4813 train_imin: -10.1110 time: 3.6303s
INFO:root:Epoch: 0385 lr: 0.01 train_loss: 858360.4375 train_distortion: 3.1356 train_mapscore: 0.3235 train_c: -1.0039 train_max_dist: 19.6720 train_imax: 13.7335 train_imin: -10.2181 time: 3.6392s
INFO:root:Epoch: 0390 lr: 0.01 train_loss: 855708.1250 train_distortion: 3.1722 train_mapscore: 0.3260 train_c: -1.0040 train_max_dist: 19.7059 train_imax: 13.8617 train_imin: -10.2867 time: 3.6311s
INFO:root:Epoch: 0395 lr: 0.01 train_loss: 853062.6875 train_distortion: 3.1946 train_mapscore: 0.3294 train_c: -1.0040 train_max_dist: 19.7246 train_imax: 13.9629 train_imin: -10.1998 time: 3.5968s
INFO:root:Epoch: 0400 lr: 0.01 train_loss: 850268.0000 train_distortion: 3.1987 train_mapscore: 0.3323 train_c: -1.0041 train_max_dist: 19.7245 train_imax: 14.0082 train_imin: -10.0950 time: 3.5552s
INFO:root:Epoch: 0405 lr: 0.01 train_loss: 847846.0000 train_distortion: 3.2283 train_mapscore: 0.3347 train_c: -1.0041 train_max_dist: 19.7365 train_imax: 14.1128 train_imin: -10.2131 time: 3.5540s
INFO:root:Epoch: 0410 lr: 0.01 train_loss: 845522.1250 train_distortion: 3.2834 train_mapscore: 0.3374 train_c: -1.0041 train_max_dist: 19.7653 train_imax: 14.2559 train_imin: -10.2627 time: 3.5319s
INFO:root:Epoch: 0415 lr: 0.01 train_loss: 844120.5625 train_distortion: 3.3234 train_mapscore: 0.3401 train_c: -1.0042 train_max_dist: 19.7731 train_imax: 14.3183 train_imin: -10.1936 time: 3.5361s
INFO:root:Epoch: 0420 lr: 0.01 train_loss: 842572.7500 train_distortion: 3.3875 train_mapscore: 0.3429 train_c: -1.0042 train_max_dist: 24.0000 train_imax: 14.5193 train_imin: -10.3944 time: 3.5735s
INFO:root:Epoch: 0425 lr: 0.01 train_loss: 840089.4375 train_distortion: 3.4364 train_mapscore: 0.3457 train_c: -1.0043 train_max_dist: 19.8291 train_imax: 14.7055 train_imin: -10.4038 time: 3.5460s
INFO:root:Epoch: 0430 lr: 0.01 train_loss: 837524.4375 train_distortion: 3.4835 train_mapscore: 0.3483 train_c: -1.0043 train_max_dist: 19.8513 train_imax: 14.8691 train_imin: -10.2890 time: 3.5313s
INFO:root:Epoch: 0435 lr: 0.01 train_loss: 835184.2500 train_distortion: 3.5393 train_mapscore: 0.3509 train_c: -1.0044 train_max_dist: 19.8838 train_imax: 15.0466 train_imin: -10.2722 time: 3.5265s
INFO:root:Epoch: 0440 lr: 0.01 train_loss: 833011.6250 train_distortion: 3.5929 train_mapscore: 0.3534 train_c: -1.0044 train_max_dist: 19.9246 train_imax: 15.2092 train_imin: -10.3440 time: 3.4710s
INFO:root:Epoch: 0445 lr: 0.01 train_loss: 830963.8750 train_distortion: 3.6056 train_mapscore: 0.3548 train_c: -1.0045 train_max_dist: 19.9193 train_imax: 15.2774 train_imin: -10.3524 time: 3.5539s
INFO:root:Epoch: 0450 lr: 0.01 train_loss: 830254.9375 train_distortion: 3.6642 train_mapscore: 0.3550 train_c: -1.0045 train_max_dist: 20.0664 train_imax: 15.4710 train_imin: -10.4256 time: 3.5025s
INFO:root:Epoch: 0455 lr: 0.01 train_loss: 828996.1250 train_distortion: 3.6834 train_mapscore: 0.3561 train_c: -1.0046 train_max_dist: 20.0122 train_imax: 15.5435 train_imin: -10.5221 time: 3.4821s
INFO:root:Epoch: 0460 lr: 0.01 train_loss: 827336.3750 train_distortion: 3.7100 train_mapscore: 0.3583 train_c: -1.0046 train_max_dist: 20.0208 train_imax: 15.6015 train_imin: -10.5663 time: 3.4874s
INFO:root:Epoch: 0465 lr: 0.01 train_loss: 829144.0000 train_distortion: 3.5009 train_mapscore: 0.3531 train_c: -1.0048 train_max_dist: 19.6340 train_imax: 15.1259 train_imin: -9.8778 time: 3.3992s
INFO:root:Epoch: 0470 lr: 0.01 train_loss: 829743.1250 train_distortion: 3.4874 train_mapscore: 0.3511 train_c: -1.0049 train_max_dist: 19.5692 train_imax: 15.1257 train_imin: -9.9274 time: 3.4447s
INFO:root:Epoch: 0475 lr: 0.01 train_loss: 828570.6250 train_distortion: 3.5458 train_mapscore: 0.3514 train_c: -1.0050 train_max_dist: 19.6099 train_imax: 15.2139 train_imin: -9.7589 time: 3.4571s
INFO:root:Epoch: 0480 lr: 0.01 train_loss: 827744.4375 train_distortion: 3.5520 train_mapscore: 0.3518 train_c: -1.0050 train_max_dist: 19.6478 train_imax: 15.1564 train_imin: -10.0087 time: 3.4812s
INFO:root:Epoch: 0485 lr: 0.01 train_loss: 827004.3750 train_distortion: 3.6103 train_mapscore: 0.3537 train_c: -1.0051 train_max_dist: 19.7260 train_imax: 15.2794 train_imin: -9.8925 time: 3.5022s
INFO:root:Epoch: 0490 lr: 0.01 train_loss: 825381.4375 train_distortion: 3.7152 train_mapscore: 0.3554 train_c: -1.0051 train_max_dist: 19.8713 train_imax: 15.5013 train_imin: -9.8213 time: 3.4492s
INFO:root:Epoch: 0495 lr: 0.01 train_loss: 823479.4375 train_distortion: 3.7847 train_mapscore: 0.3576 train_c: -1.0051 train_max_dist: 24.0000 train_imax: 15.6150 train_imin: -9.9009 time: 3.4847s
INFO:root:Epoch: 0500 lr: 0.01 train_loss: 821425.9375 train_distortion: 3.8925 train_mapscore: 0.3604 train_c: -1.0052 train_max_dist: 20.1529 train_imax: 15.7901 train_imin: -9.9250 time: 3.4999s
INFO:root:Epoch: 0505 lr: 0.01 train_loss: 818981.5000 train_distortion: 3.9677 train_mapscore: 0.3641 train_c: -1.0052 train_max_dist: 20.2585 train_imax: 15.9261 train_imin: -10.1143 time: 3.4798s
INFO:root:Epoch: 0510 lr: 0.01 train_loss: 816510.5000 train_distortion: 4.0217 train_mapscore: 0.3679 train_c: -1.0052 train_max_dist: 28.0000 train_imax: 16.0609 train_imin: -10.1166 time: 3.4799s
INFO:root:Epoch: 0515 lr: 0.01 train_loss: 814188.0000 train_distortion: 4.0780 train_mapscore: 0.3716 train_c: -1.0052 train_max_dist: 20.3952 train_imax: 16.1984 train_imin: -10.2316 time: 3.4801s
INFO:root:Epoch: 0520 lr: 0.01 train_loss: 811954.8750 train_distortion: 4.1191 train_mapscore: 0.3747 train_c: -1.0053 train_max_dist: 20.4494 train_imax: 16.2949 train_imin: -10.2929 time: 3.4554s
INFO:root:Epoch: 0525 lr: 0.01 train_loss: 809915.0000 train_distortion: 4.1650 train_mapscore: 0.3774 train_c: -1.0053 train_max_dist: 20.5018 train_imax: 16.3854 train_imin: -10.3454 time: 3.4544s
INFO:root:Epoch: 0530 lr: 0.01 train_loss: 807999.2500 train_distortion: 4.2066 train_mapscore: 0.3798 train_c: -1.0053 train_max_dist: 20.5436 train_imax: 16.4334 train_imin: -10.3505 time: 3.4270s
INFO:root:Epoch: 0535 lr: 0.01 train_loss: 806311.1875 train_distortion: 4.2610 train_mapscore: 0.3817 train_c: -1.0054 train_max_dist: 20.6007 train_imax: 16.5746 train_imin: -10.4022 time: 3.4907s
INFO:root:Epoch: 0540 lr: 0.01 train_loss: 804750.6875 train_distortion: 4.3286 train_mapscore: 0.3841 train_c: -1.0054 train_max_dist: 20.6718 train_imax: 16.7254 train_imin: -10.4870 time: 3.4228s
INFO:root:Epoch: 0545 lr: 0.01 train_loss: 803182.5000 train_distortion: 4.3848 train_mapscore: 0.3869 train_c: -1.0054 train_max_dist: 24.0000 train_imax: 16.8481 train_imin: -10.5658 time: 3.4318s
INFO:root:Epoch: 0550 lr: 0.01 train_loss: 801449.1875 train_distortion: 4.4004 train_mapscore: 0.3893 train_c: -1.0055 train_max_dist: 20.7509 train_imax: 16.8958 train_imin: -10.6492 time: 3.4078s
INFO:root:Epoch: 0555 lr: 0.01 train_loss: 799808.8125 train_distortion: 4.4390 train_mapscore: 0.3914 train_c: -1.0055 train_max_dist: 20.8010 train_imax: 17.0063 train_imin: -10.6683 time: 3.4063s
INFO:root:Epoch: 0560 lr: 0.01 train_loss: 798321.9375 train_distortion: 4.4993 train_mapscore: 0.3933 train_c: -1.0056 train_max_dist: 24.0000 train_imax: 17.1590 train_imin: -10.8137 time: 3.4204s
INFO:root:Epoch: 0565 lr: 0.01 train_loss: 796757.7500 train_distortion: 4.5580 train_mapscore: 0.3958 train_c: -1.0056 train_max_dist: 20.9785 train_imax: 17.3080 train_imin: -10.8869 time: 3.4274s
INFO:root:Epoch: 0570 lr: 0.01 train_loss: 795484.6250 train_distortion: 4.5372 train_mapscore: 0.3968 train_c: -1.0057 train_max_dist: 21.0057 train_imax: 17.1942 train_imin: -10.8013 time: 3.3920s
INFO:root:Epoch: 0575 lr: 0.01 train_loss: 794629.8750 train_distortion: 4.5693 train_mapscore: 0.3980 train_c: -1.0057 train_max_dist: 21.0650 train_imax: 17.2218 train_imin: -10.9198 time: 3.4055s
INFO:root:Epoch: 0580 lr: 0.01 train_loss: 793547.1875 train_distortion: 4.6416 train_mapscore: 0.3996 train_c: -1.0057 train_max_dist: 21.1391 train_imax: 17.3529 train_imin: -11.0404 time: 3.3887s
INFO:root:Epoch: 0585 lr: 0.01 train_loss: 792029.3750 train_distortion: 4.6810 train_mapscore: 0.4018 train_c: -1.0058 train_max_dist: 21.1661 train_imax: 17.4426 train_imin: -11.0502 time: 3.3855s
INFO:root:Epoch: 0590 lr: 0.01 train_loss: 790596.8750 train_distortion: 4.7343 train_mapscore: 0.4044 train_c: -1.0058 train_max_dist: 21.2416 train_imax: 17.5679 train_imin: -11.1591 time: 3.3955s
INFO:root:Epoch: 0595 lr: 0.01 train_loss: 789181.8750 train_distortion: 4.7941 train_mapscore: 0.4070 train_c: -1.0059 train_max_dist: 21.3320 train_imax: 17.7159 train_imin: -11.2526 time: 3.3887s
INFO:root:Epoch: 0600 lr: 0.01 train_loss: 787740.0000 train_distortion: 4.8384 train_mapscore: 0.4092 train_c: -1.0059 train_max_dist: 21.4030 train_imax: 17.8227 train_imin: -11.3210 time: 3.3904s
INFO:root:Epoch: 0605 lr: 0.01 train_loss: 786894.1250 train_distortion: 4.8231 train_mapscore: 0.4089 train_c: -1.0060 train_max_dist: 21.3976 train_imax: 17.7994 train_imin: -11.2137 time: 3.4011s
INFO:root:Epoch: 0610 lr: 0.01 train_loss: 786600.1250 train_distortion: 4.8423 train_mapscore: 0.4077 train_c: -1.0060 train_max_dist: 21.4264 train_imax: 17.8716 train_imin: -11.4064 time: 3.4177s
INFO:root:Epoch: 0615 lr: 0.01 train_loss: 786178.8750 train_distortion: 4.8764 train_mapscore: 0.4086 train_c: -1.0061 train_max_dist: 21.4676 train_imax: 17.9843 train_imin: -11.2191 time: 3.4106s
INFO:root:Epoch: 0620 lr: 0.01 train_loss: 785206.3750 train_distortion: 4.9439 train_mapscore: 0.4100 train_c: -1.0062 train_max_dist: 21.5566 train_imax: 18.1538 train_imin: -11.3707 time: 3.3940s
INFO:root:Epoch: 0625 lr: 0.01 train_loss: 783587.7500 train_distortion: 5.0215 train_mapscore: 0.4124 train_c: -1.0062 train_max_dist: 21.6378 train_imax: 18.3569 train_imin: -11.5662 time: 3.3666s
INFO:root:Epoch: 0630 lr: 0.01 train_loss: 782062.0000 train_distortion: 5.0573 train_mapscore: 0.4141 train_c: -1.0062 train_max_dist: 21.7012 train_imax: 18.5180 train_imin: -11.5828 time: 3.3866s
INFO:root:Epoch: 0635 lr: 0.01 train_loss: 780534.7500 train_distortion: 5.0972 train_mapscore: 0.4158 train_c: -1.0063 train_max_dist: 21.7245 train_imax: 18.6337 train_imin: -11.7814 time: 3.3579s
INFO:root:Epoch: 0640 lr: 0.01 train_loss: 783246.1250 train_distortion: 4.9897 train_mapscore: 0.4098 train_c: -1.0064 train_max_dist: 21.5794 train_imax: 18.2938 train_imin: -11.8392 time: 3.3374s
INFO:root:Epoch: 0645 lr: 0.01 train_loss: 784165.5000 train_distortion: 4.9662 train_mapscore: 0.4081 train_c: -1.0065 train_max_dist: 21.6239 train_imax: 18.1519 train_imin: -11.7225 time: 3.3534s
INFO:root:Epoch: 0650 lr: 0.01 train_loss: 782927.3750 train_distortion: 5.0138 train_mapscore: 0.4095 train_c: -1.0065 train_max_dist: 21.6992 train_imax: 18.2226 train_imin: -11.8972 time: 3.3309s
INFO:root:Epoch: 0655 lr: 0.01 train_loss: 782739.0000 train_distortion: 5.0686 train_mapscore: 0.4098 train_c: -1.0066 train_max_dist: 21.8325 train_imax: 18.4282 train_imin: -11.8449 time: 3.3492s
INFO:root:Epoch: 0660 lr: 0.01 train_loss: 790018.1250 train_distortion: 5.2324 train_mapscore: 0.3992 train_c: -1.0066 train_max_dist: 22.1465 train_imax: 19.0244 train_imin: -10.9720 time: 3.3814s
INFO:root:Epoch: 0665 lr: 0.01 train_loss: 822866.1875 train_distortion: 5.4838 train_mapscore: 0.3674 train_c: -1.0065 train_max_dist: 22.6157 train_imax: 20.2746 train_imin: -15.0100 time: 3.4601s
INFO:root:Epoch: 0670 lr: 0.01 train_loss: 833363.6250 train_distortion: 5.1037 train_mapscore: 0.3548 train_c: -1.0066 train_max_dist: 24.0000 train_imax: 19.7182 train_imin: -14.5108 time: 3.5324s
INFO:root:Epoch: 0675 lr: 0.01 train_loss: 842775.5000 train_distortion: 5.0756 train_mapscore: 0.3473 train_c: -1.0064 train_max_dist: 22.1287 train_imax: 21.9875 train_imin: -14.1293 time: 3.5329s
INFO:root:Epoch: 0680 lr: 0.01 train_loss: 847106.9375 train_distortion: 4.6654 train_mapscore: 0.3422 train_c: -1.0063 train_max_dist: 21.6968 train_imax: 20.8735 train_imin: -12.9064 time: 3.6210s
INFO:root:Epoch: 0685 lr: 0.01 train_loss: 842692.9375 train_distortion: 4.1243 train_mapscore: 0.3448 train_c: -1.0063 train_max_dist: 21.1075 train_imax: 18.7812 train_imin: -11.6171 time: 3.6106s
INFO:root:Epoch: 0690 lr: 0.01 train_loss: 837975.8750 train_distortion: 3.7482 train_mapscore: 0.3500 train_c: -1.0063 train_max_dist: 24.0000 train_imax: 17.3519 train_imin: -10.6827 time: 3.6015s
INFO:root:Epoch: 0695 lr: 0.01 train_loss: 831995.3125 train_distortion: 3.6213 train_mapscore: 0.3552 train_c: -1.0064 train_max_dist: 20.6056 train_imax: 16.8535 train_imin: -10.2463 time: 3.5421s
INFO:root:Epoch: 0700 lr: 0.01 train_loss: 830951.6250 train_distortion: 3.6082 train_mapscore: 0.3550 train_c: -1.0067 train_max_dist: 20.4900 train_imax: 17.0210 train_imin: -10.1798 time: 3.5244s
INFO:root:Epoch: 0705 lr: 0.01 train_loss: 829441.3750 train_distortion: 3.7110 train_mapscore: 0.3571 train_c: -1.0069 train_max_dist: 20.4192 train_imax: 17.3815 train_imin: -10.2130 time: 3.5431s
INFO:root:Epoch: 0710 lr: 0.01 train_loss: 830498.1875 train_distortion: 3.7294 train_mapscore: 0.3581 train_c: -1.0070 train_max_dist: 20.4273 train_imax: 23.6592 train_imin: -10.1714 time: 3.6735s
INFO:root:Epoch: 0715 lr: 0.01 train_loss: 829560.1250 train_distortion: 3.6632 train_mapscore: 0.3597 train_c: -1.0071 train_max_dist: 20.3275 train_imax: 22.2456 train_imin: -10.0833 time: 3.6323s
INFO:root:Epoch: 0720 lr: 0.01 train_loss: 825895.3750 train_distortion: 3.7881 train_mapscore: 0.3618 train_c: -1.0072 train_max_dist: 24.0000 train_imax: 21.1220 train_imin: -10.2379 time: 3.6083s
INFO:root:Epoch: 0725 lr: 0.01 train_loss: 821306.1250 train_distortion: 4.0266 train_mapscore: 0.3643 train_c: -1.0072 train_max_dist: 20.6128 train_imax: 20.1201 train_imin: -10.5034 time: 3.5682s
INFO:root:Epoch: 0730 lr: 0.01 train_loss: 816821.5000 train_distortion: 4.2907 train_mapscore: 0.3681 train_c: -1.0072 train_max_dist: 20.9020 train_imax: 19.1681 train_imin: -10.7679 time: 3.5428s
INFO:root:Epoch: 0735 lr: 0.01 train_loss: 812230.1875 train_distortion: 4.4054 train_mapscore: 0.3717 train_c: -1.0072 train_max_dist: 21.0822 train_imax: 18.8542 train_imin: -10.8417 time: 3.5144s
INFO:root:Epoch: 0740 lr: 0.01 train_loss: 807777.0000 train_distortion: 4.4736 train_mapscore: 0.3767 train_c: -1.0072 train_max_dist: 21.1586 train_imax: 18.9950 train_imin: -10.8821 time: 3.4943s
INFO:root:Epoch: 0745 lr: 0.01 train_loss: 803213.0000 train_distortion: 4.5297 train_mapscore: 0.3823 train_c: -1.0072 train_max_dist: 21.1981 train_imax: 19.1086 train_imin: -10.9416 time: 3.4471s
INFO:root:Epoch: 0750 lr: 0.01 train_loss: 799892.8750 train_distortion: 4.5807 train_mapscore: 0.3861 train_c: -1.0072 train_max_dist: 21.2743 train_imax: 19.2245 train_imin: -10.9349 time: 3.4674s
INFO:root:Epoch: 0755 lr: 0.01 train_loss: 797060.8750 train_distortion: 4.5744 train_mapscore: 0.3897 train_c: -1.0073 train_max_dist: 21.3454 train_imax: 19.1998 train_imin: -10.9364 time: 3.4291s
INFO:root:Epoch: 0760 lr: 0.01 train_loss: 794614.6875 train_distortion: 4.5806 train_mapscore: 0.3920 train_c: -1.0073 train_max_dist: 28.0000 train_imax: 19.1789 train_imin: -10.9311 time: 3.4365s
INFO:root:Epoch: 0765 lr: 0.01 train_loss: 792805.7500 train_distortion: 4.6714 train_mapscore: 0.3946 train_c: -1.0074 train_max_dist: 28.0000 train_imax: 19.4058 train_imin: -11.0529 time: 3.4483s
INFO:root:Epoch: 0770 lr: 0.01 train_loss: 790934.6875 train_distortion: 4.7576 train_mapscore: 0.3956 train_c: -1.0074 train_max_dist: 21.7050 train_imax: 19.6405 train_imin: -11.1791 time: 3.4282s
INFO:root:Epoch: 0775 lr: 0.01 train_loss: 790341.5000 train_distortion: 4.7667 train_mapscore: 0.3966 train_c: -1.0075 train_max_dist: 21.7489 train_imax: 19.7125 train_imin: -11.1392 time: 3.4184s
INFO:root:Epoch: 0780 lr: 0.01 train_loss: 791373.2500 train_distortion: 4.7492 train_mapscore: 0.3963 train_c: -1.0075 train_max_dist: 21.7638 train_imax: 19.7082 train_imin: -11.0175 time: 3.4317s
INFO:root:Epoch: 0785 lr: 0.01 train_loss: 789727.6875 train_distortion: 4.7771 train_mapscore: 0.3976 train_c: -1.0076 train_max_dist: 21.7413 train_imax: 19.8190 train_imin: -10.9708 time: 3.3861s
INFO:root:Epoch: 0790 lr: 0.01 train_loss: 786955.7500 train_distortion: 4.9018 train_mapscore: 0.4011 train_c: -1.0077 train_max_dist: 21.7484 train_imax: 20.1538 train_imin: -11.0679 time: 3.4154s
INFO:root:Epoch: 0795 lr: 0.01 train_loss: 785050.6875 train_distortion: 5.0262 train_mapscore: 0.4037 train_c: -1.0077 train_max_dist: 21.8301 train_imax: 20.4605 train_imin: -11.1925 time: 3.3961s
INFO:root:Epoch: 0800 lr: 0.01 train_loss: 785018.2500 train_distortion: 5.1562 train_mapscore: 0.4029 train_c: -1.0077 train_max_dist: 21.9914 train_imax: 20.7336 train_imin: -11.3528 time: 3.3892s
INFO:root:Epoch: 0805 lr: 0.01 train_loss: 784241.1250 train_distortion: 5.1878 train_mapscore: 0.4035 train_c: -1.0077 train_max_dist: 28.0000 train_imax: 20.6638 train_imin: -11.3827 time: 3.3862s
INFO:root:Epoch: 0810 lr: 0.01 train_loss: 783152.5625 train_distortion: 5.1808 train_mapscore: 0.4044 train_c: -1.0078 train_max_dist: 21.9951 train_imax: 20.5356 train_imin: -11.3348 time: 3.3281s
INFO:root:Epoch: 0815 lr: 0.01 train_loss: 780920.6875 train_distortion: 5.2176 train_mapscore: 0.4076 train_c: -1.0078 train_max_dist: 22.0268 train_imax: 20.5782 train_imin: -11.3840 time: 3.3721s
INFO:root:Epoch: 0820 lr: 0.01 train_loss: 777797.0625 train_distortion: 5.2883 train_mapscore: 0.4119 train_c: -1.0079 train_max_dist: 22.0995 train_imax: 20.7315 train_imin: -11.4982 time: 3.3794s
INFO:root:Epoch: 0825 lr: 0.01 train_loss: 774725.3125 train_distortion: 5.3661 train_mapscore: 0.4166 train_c: -1.0079 train_max_dist: 22.2101 train_imax: 20.9268 train_imin: -11.6092 time: 3.3570s
INFO:root:Epoch: 0830 lr: 0.01 train_loss: 772124.3750 train_distortion: 5.4474 train_mapscore: 0.4200 train_c: -1.0079 train_max_dist: 22.3050 train_imax: 21.1449 train_imin: -11.6969 time: 3.3596s
INFO:root:Epoch: 0835 lr: 0.01 train_loss: 771311.0000 train_distortion: 5.4444 train_mapscore: 0.4219 train_c: -1.0080 train_max_dist: 22.3111 train_imax: 21.1375 train_imin: -11.7186 time: 3.3321s
INFO:root:Epoch: 0840 lr: 0.01 train_loss: 773610.5000 train_distortion: 5.3051 train_mapscore: 0.4197 train_c: -1.0081 train_max_dist: 22.1909 train_imax: 20.7939 train_imin: -11.6872 time: 3.3536s
INFO:root:Epoch: 0845 lr: 0.01 train_loss: 776974.0625 train_distortion: 5.1873 train_mapscore: 0.4134 train_c: -1.0082 train_max_dist: 22.1361 train_imax: 20.5870 train_imin: -11.7404 time: 3.3787s
INFO:root:Epoch: 0850 lr: 0.01 train_loss: 777370.4375 train_distortion: 5.2290 train_mapscore: 0.4131 train_c: -1.0083 train_max_dist: 22.2658 train_imax: 20.7616 train_imin: -11.8054 time: 3.4039s
INFO:root:Epoch: 0855 lr: 0.01 train_loss: 774827.7500 train_distortion: 5.3646 train_mapscore: 0.4162 train_c: -1.0083 train_max_dist: 22.3898 train_imax: 21.1466 train_imin: -11.9288 time: 3.3941s
INFO:root:Epoch: 0860 lr: 0.01 train_loss: 773410.7500 train_distortion: 5.4643 train_mapscore: 0.4196 train_c: -1.0083 train_max_dist: 22.5504 train_imax: 21.4293 train_imin: -11.9899 time: 3.3288s
INFO:root:Epoch: 0865 lr: 0.01 train_loss: 774220.5000 train_distortion: 5.4589 train_mapscore: 0.4183 train_c: -1.0084 train_max_dist: 22.5594 train_imax: 21.4028 train_imin: -11.8364 time: 3.3756s
INFO:root:Epoch: 0870 lr: 0.01 train_loss: 799441.7500 train_distortion: 4.7669 train_mapscore: 0.3945 train_c: -1.0086 train_max_dist: 22.0838 train_imax: 19.5607 train_imin: -10.9379 time: 3.3955s
INFO:root:Epoch: 0875 lr: 0.01 train_loss: 833906.6875 train_distortion: 4.0297 train_mapscore: 0.3629 train_c: -1.0089 train_max_dist: 21.6766 train_imax: 17.6682 train_imin: -9.6652 time: 3.4640s
INFO:root:Epoch: 0880 lr: 0.01 train_loss: 848416.3750 train_distortion: 3.5791 train_mapscore: 0.3485 train_c: -1.0090 train_max_dist: 20.9691 train_imax: 16.4734 train_imin: -8.8789 time: 3.4854s
INFO:root:Epoch: 0885 lr: 0.01 train_loss: 848172.8750 train_distortion: 3.3920 train_mapscore: 0.3465 train_c: -1.0090 train_max_dist: 20.4619 train_imax: 15.9346 train_imin: -8.8162 time: 3.5045s
INFO:root:Epoch: 0890 lr: 0.01 train_loss: 941661.5625 train_distortion: 3.1644 train_mapscore: 0.2887 train_c: -1.0088 train_max_dist: 19.7830 train_imax: 16.6754 train_imin: -9.3199 time: 3.7772s
INFO:root:Epoch: 0895 lr: 0.01 train_loss: 1044516.8750 train_distortion: 2.4632 train_mapscore: 0.2348 train_c: -1.0086 train_max_dist: 18.6747 train_imax: 15.0407 train_imin: -9.0286 time: 4.1372s
INFO:root:Epoch: 0900 lr: 0.01 train_loss: 1091330.7500 train_distortion: 2.0839 train_mapscore: 0.2122 train_c: -1.0084 train_max_dist: 18.0262 train_imax: 13.8313 train_imin: -8.5263 time: 4.3128s
INFO:root:Epoch: 0905 lr: 0.01 train_loss: 1104320.0000 train_distortion: 1.3978 train_mapscore: 0.2039 train_c: -1.0084 train_max_dist: 16.6550 train_imax: 11.1755 train_imin: -7.0352 time: 4.5153s
INFO:root:Epoch: 0910 lr: 0.01 train_loss: 1107311.6250 train_distortion: 0.9099 train_mapscore: 0.2002 train_c: -1.0084 train_max_dist: 16.0000 train_imax: 8.7749 train_imin: -5.6772 time: 4.4915s
INFO:root:Epoch: 0915 lr: 0.01 train_loss: 1107978.5000 train_distortion: 0.6768 train_mapscore: 0.2008 train_c: -1.0084 train_max_dist: 14.1332 train_imax: 7.2504 train_imin: -4.8574 time: 4.3701s
INFO:root:Epoch: 0920 lr: 0.01 train_loss: 1104192.6250 train_distortion: 0.6174 train_mapscore: 0.2033 train_c: -1.0083 train_max_dist: 24.0000 train_imax: 6.7668 train_imin: -4.5775 time: 4.2888s
INFO:root:Epoch: 0925 lr: 0.01 train_loss: 1097298.3750 train_distortion: 0.6309 train_mapscore: 0.2052 train_c: -1.0082 train_max_dist: 14.0070 train_imax: 6.8792 train_imin: -4.6137 time: 4.2715s
INFO:root:Epoch: 0930 lr: 0.01 train_loss: 1087331.1250 train_distortion: 0.7121 train_mapscore: 0.2079 train_c: -1.0081 train_max_dist: 16.0000 train_imax: 7.5158 train_imin: -4.9153 time: 4.3071s
INFO:root:Epoch: 0935 lr: 0.01 train_loss: 1078644.8750 train_distortion: 0.8266 train_mapscore: 0.2108 train_c: -1.0079 train_max_dist: 20.0000 train_imax: 8.2852 train_imin: -5.2755 time: 4.3612s
INFO:root:Epoch: 0940 lr: 0.01 train_loss: 1071294.2500 train_distortion: 0.9277 train_mapscore: 0.2127 train_c: -1.0078 train_max_dist: 16.0000 train_imax: 8.9076 train_imin: -5.5639 time: 4.4063s
INFO:root:Epoch: 0945 lr: 0.01 train_loss: 1064443.5000 train_distortion: 1.0046 train_mapscore: 0.2154 train_c: -1.0076 train_max_dist: 15.7940 train_imax: 9.3584 train_imin: -5.7491 time: 4.4386s
INFO:root:Epoch: 0950 lr: 0.01 train_loss: 1058012.7500 train_distortion: 1.0404 train_mapscore: 0.2179 train_c: -1.0075 train_max_dist: 16.0000 train_imax: 9.5526 train_imin: -5.8061 time: 4.3857s
INFO:root:Epoch: 0955 lr: 0.01 train_loss: 1051697.0000 train_distortion: 1.0412 train_mapscore: 0.2208 train_c: -1.0074 train_max_dist: 15.8611 train_imax: 9.5631 train_imin: -5.7673 time: 4.3346s
INFO:root:Epoch: 0960 lr: 0.01 train_loss: 1046078.0000 train_distortion: 1.0341 train_mapscore: 0.2235 train_c: -1.0074 train_max_dist: 15.8024 train_imax: 9.5376 train_imin: -5.7064 time: 4.3019s
INFO:root:Epoch: 0965 lr: 0.01 train_loss: 1041001.2500 train_distortion: 1.0461 train_mapscore: 0.2261 train_c: -1.0073 train_max_dist: 20.0000 train_imax: 9.6217 train_imin: -5.6996 time: 4.3005s
INFO:root:Epoch: 0970 lr: 0.01 train_loss: 1035979.5625 train_distortion: 1.0822 train_mapscore: 0.2282 train_c: -1.0072 train_max_dist: 16.0000 train_imax: 9.8385 train_imin: -5.7568 time: 4.2997s
INFO:root:Epoch: 0975 lr: 0.01 train_loss: 1031818.6250 train_distortion: 1.1426 train_mapscore: 0.2292 train_c: -1.0071 train_max_dist: 16.1485 train_imax: 10.1709 train_imin: -5.8551 time: 4.2904s
INFO:root:Epoch: 0980 lr: 0.01 train_loss: 1028088.8750 train_distortion: 1.1679 train_mapscore: 0.2308 train_c: -1.0070 train_max_dist: 18.0000 train_imax: 10.3101 train_imin: -5.8701 time: 4.2766s
INFO:root:Epoch: 0985 lr: 0.01 train_loss: 1024490.6875 train_distortion: 1.1151 train_mapscore: 0.2322 train_c: -1.0070 train_max_dist: 16.1299 train_imax: 10.0409 train_imin: -5.6956 time: 4.2235s
INFO:root:Epoch: 0990 lr: 0.01 train_loss: 1020911.1875 train_distortion: 1.1132 train_mapscore: 0.2346 train_c: -1.0070 train_max_dist: 16.1648 train_imax: 10.0380 train_imin: -5.6551 time: 4.2015s
INFO:root:Epoch: 0995 lr: 0.01 train_loss: 1016590.6875 train_distortion: 1.2515 train_mapscore: 0.2359 train_c: -1.0068 train_max_dist: 16.5822 train_imax: 10.7167 train_imin: -5.9571 time: 4.1893s
INFO:root:Epoch: 1000 lr: 0.01 train_loss: 1013057.5000 train_distortion: 1.6463 train_mapscore: 0.2354 train_c: -1.0066 train_max_dist: 18.0000 train_imax: 12.4411 train_imin: -6.7929 time: 4.2686s
INFO:root:Epoch: 1005 lr: 0.01 train_loss: 1011643.4375 train_distortion: 1.9417 train_mapscore: 0.2346 train_c: -1.0063 train_max_dist: 18.1664 train_imax: 13.6371 train_imin: -7.3836 time: 4.2265s
INFO:root:Epoch: 1010 lr: 0.01 train_loss: 1006065.5625 train_distortion: 1.7972 train_mapscore: 0.2374 train_c: -1.0062 train_max_dist: 17.9666 train_imax: 13.1017 train_imin: -9.0894 time: 4.2170s
INFO:root:Epoch: 1015 lr: 0.01 train_loss: 1000995.1250 train_distortion: 1.5130 train_mapscore: 0.2412 train_c: -1.0062 train_max_dist: 17.4322 train_imax: 11.9481 train_imin: -9.7704 time: 4.2007s
INFO:root:Epoch: 1020 lr: 0.01 train_loss: 998177.3750 train_distortion: 1.3370 train_mapscore: 0.2450 train_c: -1.0061 train_max_dist: 17.0408 train_imax: 11.1817 train_imin: -9.7842 time: 4.1132s
INFO:root:Epoch: 1025 lr: 0.01 train_loss: 994104.3750 train_distortion: 1.4056 train_mapscore: 0.2468 train_c: -1.0060 train_max_dist: 17.2489 train_imax: 11.5186 train_imin: -10.1726 time: 4.1540s
INFO:root:Epoch: 1030 lr: 0.01 train_loss: 989967.9375 train_distortion: 1.6282 train_mapscore: 0.2475 train_c: -1.0059 train_max_dist: 17.7987 train_imax: 12.5256 train_imin: -10.8298 time: 4.1537s
INFO:root:Epoch: 1035 lr: 0.01 train_loss: 986627.8125 train_distortion: 1.7405 train_mapscore: 0.2489 train_c: -1.0058 train_max_dist: 18.0651 train_imax: 13.0213 train_imin: -11.0303 time: 4.1421s
INFO:root:Epoch: 1040 lr: 0.01 train_loss: 989301.6875 train_distortion: 2.0336 train_mapscore: 0.2489 train_c: -1.0056 train_max_dist: 18.8992 train_imax: 20.6701 train_imin: -11.4709 time: 4.3063s
INFO:root:Epoch: 1045 lr: 0.01 train_loss: 981142.8750 train_distortion: 2.0147 train_mapscore: 0.2510 train_c: -1.0055 train_max_dist: 24.0000 train_imax: 14.0837 train_imin: -11.0828 time: 4.0836s
INFO:root:Epoch: 1050 lr: 0.01 train_loss: 977247.4375 train_distortion: 1.6180 train_mapscore: 0.2550 train_c: -1.0056 train_max_dist: 17.9372 train_imax: 12.5179 train_imin: -9.7601 time: 4.1057s
INFO:root:Epoch: 1055 lr: 0.01 train_loss: 977214.6875 train_distortion: 1.3856 train_mapscore: 0.2578 train_c: -1.0057 train_max_dist: 17.4302 train_imax: 11.5326 train_imin: -8.8669 time: 4.0836s
INFO:root:Epoch: 1060 lr: 0.01 train_loss: 975092.6875 train_distortion: 1.3634 train_mapscore: 0.2597 train_c: -1.0057 train_max_dist: 17.3702 train_imax: 11.4388 train_imin: -8.5499 time: 4.0644s
INFO:root:Epoch: 1065 lr: 0.01 train_loss: 981132.3750 train_distortion: 1.4519 train_mapscore: 0.2551 train_c: -1.0056 train_max_dist: 17.6827 train_imax: 11.8948 train_imin: -8.2868 time: 4.0936s
INFO:root:Epoch: 1070 lr: 0.01 train_loss: 1008113.6250 train_distortion: 1.5767 train_mapscore: 0.2402 train_c: -1.0054 train_max_dist: 18.0570 train_imax: 17.7756 train_imin: -8.1553 time: 4.3488s
INFO:root:Epoch: 1075 lr: 0.01 train_loss: 1023585.1875 train_distortion: 1.6390 train_mapscore: 0.2311 train_c: -1.0053 train_max_dist: 18.2035 train_imax: 17.3044 train_imin: -8.0833 time: 4.3812s
INFO:root:Epoch: 1080 lr: 0.01 train_loss: 1030384.8750 train_distortion: 1.5947 train_mapscore: 0.2272 train_c: -1.0052 train_max_dist: 18.1020 train_imax: 16.8519 train_imin: -7.8000 time: 4.3913s
INFO:root:Epoch: 1085 lr: 0.01 train_loss: 1031618.1250 train_distortion: 1.5399 train_mapscore: 0.2266 train_c: -1.0051 train_max_dist: 17.9869 train_imax: 16.5847 train_imin: -7.5250 time: 4.3660s
INFO:root:Epoch: 1090 lr: 0.01 train_loss: 1029305.1250 train_distortion: 1.4815 train_mapscore: 0.2276 train_c: -1.0049 train_max_dist: 17.8489 train_imax: 16.3998 train_imin: -7.2620 time: 4.3629s
INFO:root:Epoch: 1095 lr: 0.01 train_loss: 1025952.6250 train_distortion: 1.4300 train_mapscore: 0.2291 train_c: -1.0048 train_max_dist: 17.7129 train_imax: 16.2589 train_imin: -8.0350 time: 4.3790s
INFO:root:Epoch: 1100 lr: 0.01 train_loss: 1021859.8750 train_distortion: 1.4190 train_mapscore: 0.2312 train_c: -1.0047 train_max_dist: 17.6647 train_imax: 16.1789 train_imin: -9.0854 time: 4.3498s
INFO:root:Epoch: 1105 lr: 0.01 train_loss: 1020251.6875 train_distortion: 1.2351 train_mapscore: 0.2340 train_c: -1.0047 train_max_dist: 17.1957 train_imax: 15.6218 train_imin: -8.9068 time: 4.3905s
INFO:root:Epoch: 1110 lr: 0.01 train_loss: 1014635.9375 train_distortion: 1.1086 train_mapscore: 0.2364 train_c: -1.0048 train_max_dist: 16.8616 train_imax: 10.0450 train_imin: -8.5587 time: 4.1181s
INFO:root:Epoch: 1115 lr: 0.01 train_loss: 1013848.5000 train_distortion: 1.0581 train_mapscore: 0.2378 train_c: -1.0048 train_max_dist: 16.6812 train_imax: 9.7662 train_imin: -8.2284 time: 4.1580s
INFO:root:Epoch: 1120 lr: 0.01 train_loss: 1009048.0000 train_distortion: 1.1317 train_mapscore: 0.2389 train_c: -1.0047 train_max_dist: 16.9224 train_imax: 10.1298 train_imin: -8.3124 time: 4.1629s
INFO:root:Epoch: 1125 lr: 0.01 train_loss: 1004700.8125 train_distortion: 1.1980 train_mapscore: 0.2410 train_c: -1.0046 train_max_dist: 17.1033 train_imax: 10.4155 train_imin: -8.3523 time: 4.1704s
INFO:root:Epoch: 1130 lr: 0.01 train_loss: 998667.4375 train_distortion: 1.3694 train_mapscore: 0.2431 train_c: -1.0045 train_max_dist: 17.5522 train_imax: 11.1925 train_imin: -8.6950 time: 4.1605s
INFO:root:Epoch: 1135 lr: 0.01 train_loss: 998298.6250 train_distortion: 1.6035 train_mapscore: 0.2445 train_c: -1.0043 train_max_dist: 18.0737 train_imax: 16.9741 train_imin: -9.1360 time: 4.3567s
INFO:root:Epoch: 1140 lr: 0.01 train_loss: 995090.8750 train_distortion: 1.7906 train_mapscore: 0.2458 train_c: -1.0042 train_max_dist: 18.4667 train_imax: 17.5374 train_imin: -9.4009 time: 4.3448s
INFO:root:Epoch: 1145 lr: 0.01 train_loss: 991289.6875 train_distortion: 1.8553 train_mapscore: 0.2480 train_c: -1.0041 train_max_dist: 18.5972 train_imax: 17.5668 train_imin: -9.3389 time: 4.3152s
INFO:root:Epoch: 1150 lr: 0.01 train_loss: 987612.8750 train_distortion: 1.8326 train_mapscore: 0.2504 train_c: -1.0041 train_max_dist: 20.0000 train_imax: 17.2632 train_imin: -9.0620 time: 4.3132s
INFO:root:Epoch: 1155 lr: 0.01 train_loss: 983863.1250 train_distortion: 1.7813 train_mapscore: 0.2527 train_c: -1.0040 train_max_dist: 18.4373 train_imax: 16.8608 train_imin: -8.7178 time: 4.2643s
INFO:root:Epoch: 1160 lr: 0.01 train_loss: 980459.8125 train_distortion: 1.7453 train_mapscore: 0.2551 train_c: -1.0040 train_max_dist: 20.0000 train_imax: 16.4865 train_imin: -8.4267 time: 4.2585s
INFO:root:Epoch: 1165 lr: 0.01 train_loss: 976938.1250 train_distortion: 1.7380 train_mapscore: 0.2577 train_c: -1.0039 train_max_dist: 40.0000 train_imax: 16.1707 train_imin: -8.2044 time: 4.2072s
INFO:root:Epoch: 1170 lr: 0.01 train_loss: 974222.7500 train_distortion: 1.7818 train_mapscore: 0.2594 train_c: -1.0038 train_max_dist: 18.4011 train_imax: 16.0049 train_imin: -8.1131 time: 4.1972s
INFO:root:Epoch: 1175 lr: 0.01 train_loss: 971531.1250 train_distortion: 1.8372 train_mapscore: 0.2605 train_c: -1.0037 train_max_dist: 18.5009 train_imax: 15.9194 train_imin: -8.0492 time: 4.2168s
INFO:root:Epoch: 1180 lr: 0.01 train_loss: 968651.6875 train_distortion: 1.8523 train_mapscore: 0.2624 train_c: -1.0037 train_max_dist: 18.5335 train_imax: 15.8057 train_imin: -7.9170 time: 4.1433s
INFO:root:Epoch: 1185 lr: 0.01 train_loss: 966132.0000 train_distortion: 1.9124 train_mapscore: 0.2640 train_c: -1.0036 train_max_dist: 18.6497 train_imax: 15.8051 train_imin: -7.8808 time: 4.1848s
INFO:root:Epoch: 1190 lr: 0.01 train_loss: 963677.5000 train_distortion: 1.9668 train_mapscore: 0.2655 train_c: -1.0035 train_max_dist: 18.7504 train_imax: 15.7975 train_imin: -7.8309 time: 4.2443s
INFO:root:Epoch: 1195 lr: 0.01 train_loss: 961054.0000 train_distortion: 1.9994 train_mapscore: 0.2671 train_c: -1.0034 train_max_dist: 18.8084 train_imax: 15.7465 train_imin: -7.7419 time: 4.1742s
INFO:root:Epoch: 1200 lr: 0.01 train_loss: 958248.5000 train_distortion: 2.0115 train_mapscore: 0.2687 train_c: -1.0034 train_max_dist: 18.8250 train_imax: 15.6444 train_imin: -7.6179 time: 4.2229s
INFO:root:Epoch: 1205 lr: 0.01 train_loss: 958607.5000 train_distortion: 2.4701 train_mapscore: 0.2661 train_c: -1.0031 train_max_dist: 19.6084 train_imax: 16.1741 train_imin: -8.5494 time: 4.1150s
INFO:root:Epoch: 1210 lr: 0.01 train_loss: 958666.8750 train_distortion: 2.6210 train_mapscore: 0.2652 train_c: -1.0030 train_max_dist: 19.8351 train_imax: 16.1225 train_imin: -8.8852 time: 4.1422s
INFO:root:Epoch: 1215 lr: 0.01 train_loss: 955775.8125 train_distortion: 2.3865 train_mapscore: 0.2667 train_c: -1.0030 train_max_dist: 32.0000 train_imax: 15.5165 train_imin: -8.4435 time: 4.1294s
INFO:root:Epoch: 1220 lr: 0.01 train_loss: 953176.2500 train_distortion: 2.0707 train_mapscore: 0.2687 train_c: -1.0030 train_max_dist: 18.9635 train_imax: 14.7313 train_imin: -7.7961 time: 4.1002s
INFO:root:Epoch: 1225 lr: 0.01 train_loss: 952505.2500 train_distortion: 1.8736 train_mapscore: 0.2699 train_c: -1.0030 train_max_dist: 18.5748 train_imax: 13.9563 train_imin: -7.3280 time: 4.0689s
INFO:root:Epoch: 1230 lr: 0.01 train_loss: 950104.1875 train_distortion: 1.8985 train_mapscore: 0.2715 train_c: -1.0030 train_max_dist: 20.0000 train_imax: 13.6811 train_imin: -7.2617 time: 4.0213s
INFO:root:Epoch: 1235 lr: 0.01 train_loss: 947012.8750 train_distortion: 2.0483 train_mapscore: 0.2730 train_c: -1.0030 train_max_dist: 20.0000 train_imax: 13.9072 train_imin: -7.4117 time: 4.0507s
INFO:root:Epoch: 1240 lr: 0.01 train_loss: 945660.9375 train_distortion: 2.3605 train_mapscore: 0.2731 train_c: -1.0028 train_max_dist: 24.0000 train_imax: 14.9324 train_imin: -7.8242 time: 4.0654s
INFO:root:Epoch: 1245 lr: 0.01 train_loss: 945148.9375 train_distortion: 2.3813 train_mapscore: 0.2740 train_c: -1.0029 train_max_dist: 19.4047 train_imax: 14.9447 train_imin: -7.7199 time: 4.0667s
INFO:root:Epoch: 1250 lr: 0.01 train_loss: 942903.4375 train_distortion: 2.2718 train_mapscore: 0.2756 train_c: -1.0029 train_max_dist: 19.2356 train_imax: 14.7335 train_imin: -7.4226 time: 4.0257s
INFO:root:Epoch: 1255 lr: 0.01 train_loss: 941044.5625 train_distortion: 2.1569 train_mapscore: 0.2779 train_c: -1.0029 train_max_dist: 19.0484 train_imax: 14.3372 train_imin: -7.1398 time: 4.0524s
INFO:root:Epoch: 1260 lr: 0.01 train_loss: 938654.5000 train_distortion: 2.1198 train_mapscore: 0.2795 train_c: -1.0029 train_max_dist: 18.9908 train_imax: 13.9913 train_imin: -6.9789 time: 4.0406s
INFO:root:Epoch: 1265 lr: 0.01 train_loss: 936585.8125 train_distortion: 2.1900 train_mapscore: 0.2816 train_c: -1.0029 train_max_dist: 19.1289 train_imax: 14.2396 train_imin: -6.9722 time: 4.0550s
INFO:root:Epoch: 1270 lr: 0.01 train_loss: 934727.8750 train_distortion: 2.2154 train_mapscore: 0.2825 train_c: -1.0029 train_max_dist: 20.0000 train_imax: 14.4180 train_imin: -6.8688 time: 4.0210s
INFO:root:Epoch: 1275 lr: 0.01 train_loss: 932822.3750 train_distortion: 2.2525 train_mapscore: 0.2836 train_c: -1.0028 train_max_dist: 19.2835 train_imax: 14.5333 train_imin: -6.8224 time: 4.0014s
INFO:root:Epoch: 1280 lr: 0.01 train_loss: 931050.7500 train_distortion: 2.3565 train_mapscore: 0.2849 train_c: -1.0027 train_max_dist: 19.4741 train_imax: 14.9042 train_imin: -6.9140 time: 4.0294s
INFO:root:Epoch: 1285 lr: 0.01 train_loss: 930656.7500 train_distortion: 2.2984 train_mapscore: 0.2852 train_c: -1.0027 train_max_dist: 19.4040 train_imax: 14.7373 train_imin: -6.7240 time: 4.0072s
INFO:root:Epoch: 1290 lr: 0.01 train_loss: 930270.9375 train_distortion: 2.3503 train_mapscore: 0.2853 train_c: -1.0027 train_max_dist: 19.4848 train_imax: 14.9430 train_imin: -6.7218 time: 4.0347s
INFO:root:Epoch: 1295 lr: 0.01 train_loss: 929090.6875 train_distortion: 2.4095 train_mapscore: 0.2860 train_c: -1.0027 train_max_dist: 40.0000 train_imax: 15.1707 train_imin: -6.7409 time: 4.0286s
INFO:root:Epoch: 1300 lr: 0.01 train_loss: 927370.7500 train_distortion: 2.4272 train_mapscore: 0.2874 train_c: -1.0026 train_max_dist: 19.5895 train_imax: 15.2343 train_imin: -6.6923 time: 4.0060s
INFO:root:Epoch: 1305 lr: 0.01 train_loss: 925135.4375 train_distortion: 2.4039 train_mapscore: 0.2892 train_c: -1.0026 train_max_dist: 19.5414 train_imax: 15.1311 train_imin: -6.6227 time: 3.9908s
INFO:root:Epoch: 1310 lr: 0.01 train_loss: 923053.0000 train_distortion: 2.4068 train_mapscore: 0.2906 train_c: -1.0026 train_max_dist: 19.5388 train_imax: 15.1106 train_imin: -6.5821 time: 3.9784s
INFO:root:Epoch: 1315 lr: 0.01 train_loss: 921288.5000 train_distortion: 2.4183 train_mapscore: 0.2922 train_c: -1.0026 train_max_dist: 20.0000 train_imax: 15.1292 train_imin: -6.6180 time: 3.9598s
INFO:root:Epoch: 1320 lr: 0.01 train_loss: 919818.5000 train_distortion: 2.4762 train_mapscore: 0.2936 train_c: -1.0025 train_max_dist: 19.6536 train_imax: 15.3266 train_imin: -6.7019 time: 3.9416s
INFO:root:Epoch: 1325 lr: 0.01 train_loss: 918912.9375 train_distortion: 2.4570 train_mapscore: 0.2931 train_c: -1.0026 train_max_dist: 19.6072 train_imax: 15.2321 train_imin: -6.6455 time: 3.9354s
INFO:root:Epoch: 1330 lr: 0.01 train_loss: 918221.2500 train_distortion: 2.4707 train_mapscore: 0.2930 train_c: -1.0026 train_max_dist: 19.6042 train_imax: 15.2532 train_imin: -6.6444 time: 3.9714s
INFO:root:Epoch: 1335 lr: 0.01 train_loss: 917267.8750 train_distortion: 2.4976 train_mapscore: 0.2940 train_c: -1.0025 train_max_dist: 19.6285 train_imax: 15.3377 train_imin: -6.6285 time: 3.9650s
INFO:root:Epoch: 1340 lr: 0.01 train_loss: 916002.7500 train_distortion: 2.5233 train_mapscore: 0.2947 train_c: -1.0025 train_max_dist: 19.6561 train_imax: 15.4152 train_imin: -6.6240 time: 3.9829s
INFO:root:Epoch: 1345 lr: 0.01 train_loss: 914397.3750 train_distortion: 2.4728 train_mapscore: 0.2963 train_c: -1.0026 train_max_dist: 19.5675 train_imax: 15.2647 train_imin: -6.5795 time: 3.9411s
INFO:root:Epoch: 1350 lr: 0.01 train_loss: 913003.9375 train_distortion: 2.5078 train_mapscore: 0.2972 train_c: -1.0025 train_max_dist: 19.6132 train_imax: 15.4001 train_imin: -6.6403 time: 3.9178s
INFO:root:Epoch: 1355 lr: 0.01 train_loss: 911487.8125 train_distortion: 2.6045 train_mapscore: 0.2986 train_c: -1.0025 train_max_dist: 19.7556 train_imax: 15.7334 train_imin: -6.7687 time: 3.9475s
INFO:root:Epoch: 1360 lr: 0.01 train_loss: 909917.6250 train_distortion: 2.6682 train_mapscore: 0.2998 train_c: -1.0025 train_max_dist: 20.0000 train_imax: 15.9432 train_imin: -6.8413 time: 3.9379s
INFO:root:Epoch: 1365 lr: 0.01 train_loss: 908111.6250 train_distortion: 2.7189 train_mapscore: 0.3010 train_c: -1.0024 train_max_dist: 20.0000 train_imax: 16.1092 train_imin: -6.8774 time: 3.8797s
INFO:root:Epoch: 1370 lr: 0.01 train_loss: 906505.8750 train_distortion: 2.7370 train_mapscore: 0.3023 train_c: -1.0024 train_max_dist: 19.9816 train_imax: 16.1718 train_imin: -6.8785 time: 3.9136s
INFO:root:Epoch: 1375 lr: 0.01 train_loss: 905475.7500 train_distortion: 2.7031 train_mapscore: 0.3030 train_c: -1.0026 train_max_dist: 19.9895 train_imax: 15.9527 train_imin: -7.5192 time: 3.9114s
INFO:root:Epoch: 1380 lr: 0.01 train_loss: 905895.1250 train_distortion: 2.5067 train_mapscore: 0.3034 train_c: -1.0028 train_max_dist: 20.0000 train_imax: 15.1411 train_imin: -7.6579 time: 3.8411s
INFO:root:Epoch: 1385 lr: 0.01 train_loss: 907358.0000 train_distortion: 2.3425 train_mapscore: 0.3040 train_c: -1.0031 train_max_dist: 24.0000 train_imax: 14.4845 train_imin: -7.4554 time: 3.8286s
INFO:root:Epoch: 1390 lr: 0.01 train_loss: 906359.1250 train_distortion: 2.4199 train_mapscore: 0.3041 train_c: -1.0032 train_max_dist: 19.4848 train_imax: 14.7383 train_imin: -7.5700 time: 3.7891s
INFO:root:Epoch: 1395 lr: 0.01 train_loss: 904573.3750 train_distortion: 2.5648 train_mapscore: 0.3046 train_c: -1.0032 train_max_dist: 19.7020 train_imax: 15.2499 train_imin: -7.7369 time: 3.8370s
INFO:root:Epoch: 1400 lr: 0.01 train_loss: 902962.6875 train_distortion: 2.7349 train_mapscore: 0.3049 train_c: -1.0032 train_max_dist: 19.9553 train_imax: 15.8592 train_imin: -7.9093 time: 3.8819s
INFO:root:Epoch: 1405 lr: 0.01 train_loss: 901230.5000 train_distortion: 2.8369 train_mapscore: 0.3064 train_c: -1.0032 train_max_dist: 20.1091 train_imax: 16.2374 train_imin: -7.9475 time: 3.8517s
INFO:root:Epoch: 1410 lr: 0.01 train_loss: 898602.6250 train_distortion: 2.7911 train_mapscore: 0.3085 train_c: -1.0032 train_max_dist: 20.0592 train_imax: 16.1114 train_imin: -7.7292 time: 3.8982s
INFO:root:Epoch: 1415 lr: 0.01 train_loss: 896373.8750 train_distortion: 2.7845 train_mapscore: 0.3110 train_c: -1.0032 train_max_dist: 20.0590 train_imax: 16.1190 train_imin: -7.5822 time: 3.8298s
INFO:root:Epoch: 1420 lr: 0.01 train_loss: 894664.1250 train_distortion: 2.8466 train_mapscore: 0.3126 train_c: -1.0031 train_max_dist: 20.1522 train_imax: 16.3601 train_imin: -7.5705 time: 3.8471s
INFO:root:Epoch: 1425 lr: 0.01 train_loss: 893203.7500 train_distortion: 2.9156 train_mapscore: 0.3143 train_c: -1.0031 train_max_dist: 24.0000 train_imax: 16.6131 train_imin: -7.5809 time: 3.8419s
INFO:root:Epoch: 1430 lr: 0.01 train_loss: 891524.7500 train_distortion: 2.9524 train_mapscore: 0.3154 train_c: -1.0031 train_max_dist: 20.3122 train_imax: 16.7594 train_imin: -7.5738 time: 3.8288s
INFO:root:Epoch: 1435 lr: 0.01 train_loss: 889357.2500 train_distortion: 2.9200 train_mapscore: 0.3172 train_c: -1.0031 train_max_dist: 20.2667 train_imax: 16.6274 train_imin: -7.5017 time: 3.7955s
INFO:root:Epoch: 1440 lr: 0.01 train_loss: 888211.1875 train_distortion: 2.9798 train_mapscore: 0.3181 train_c: -1.0031 train_max_dist: 20.3524 train_imax: 16.8115 train_imin: -7.5717 time: 3.8083s
INFO:root:Epoch: 1445 lr: 0.01 train_loss: 887178.5000 train_distortion: 3.0471 train_mapscore: 0.3190 train_c: -1.0031 train_max_dist: 20.4497 train_imax: 17.0341 train_imin: -7.6498 time: 3.8616s
INFO:root:Epoch: 1450 lr: 0.01 train_loss: 885730.1250 train_distortion: 3.0783 train_mapscore: 0.3201 train_c: -1.0031 train_max_dist: 20.4986 train_imax: 17.1456 train_imin: -7.6659 time: 3.8495s
INFO:root:Epoch: 1455 lr: 0.01 train_loss: 884051.6250 train_distortion: 3.0941 train_mapscore: 0.3215 train_c: -1.0030 train_max_dist: 20.5288 train_imax: 17.2099 train_imin: -7.6150 time: 3.8432s
INFO:root:Epoch: 1460 lr: 0.01 train_loss: 882171.6250 train_distortion: 3.0729 train_mapscore: 0.3230 train_c: -1.0031 train_max_dist: 20.4934 train_imax: 17.1551 train_imin: -7.5870 time: 3.7988s
INFO:root:Epoch: 1465 lr: 0.01 train_loss: 880725.4375 train_distortion: 3.0744 train_mapscore: 0.3241 train_c: -1.0031 train_max_dist: 20.5005 train_imax: 17.1810 train_imin: -7.5590 time: 3.7739s
INFO:root:Epoch: 1470 lr: 0.01 train_loss: 880079.0625 train_distortion: 3.1240 train_mapscore: 0.3247 train_c: -1.0031 train_max_dist: 20.5809 train_imax: 17.3499 train_imin: -7.5721 time: 3.7745s
INFO:root:Epoch: 1475 lr: 0.01 train_loss: 879196.6875 train_distortion: 3.1873 train_mapscore: 0.3258 train_c: -1.0031 train_max_dist: 20.6755 train_imax: 17.5619 train_imin: -7.5989 time: 3.7943s
INFO:root:Epoch: 1480 lr: 0.01 train_loss: 877711.0000 train_distortion: 3.2065 train_mapscore: 0.3273 train_c: -1.0031 train_max_dist: 20.7093 train_imax: 17.6416 train_imin: -7.5905 time: 3.7616s
INFO:root:Epoch: 1485 lr: 0.01 train_loss: 875778.5000 train_distortion: 3.0491 train_mapscore: 0.3286 train_c: -1.0031 train_max_dist: 20.4995 train_imax: 17.1743 train_imin: -7.4045 time: 3.7182s
INFO:root:Epoch: 1490 lr: 0.01 train_loss: 875245.3750 train_distortion: 3.0555 train_mapscore: 0.3293 train_c: -1.0032 train_max_dist: 20.4878 train_imax: 17.2375 train_imin: -7.3903 time: 3.7135s
INFO:root:Epoch: 1495 lr: 0.01 train_loss: 875039.3750 train_distortion: 3.1403 train_mapscore: 0.3296 train_c: -1.0032 train_max_dist: 20.6075 train_imax: 17.5407 train_imin: -7.4575 time: 3.7591s
INFO:root:Epoch: 1500 lr: 0.01 train_loss: 874746.6250 train_distortion: 3.2728 train_mapscore: 0.3298 train_c: -1.0032 train_max_dist: 20.7886 train_imax: 17.9919 train_imin: -7.5821 time: 3.7723s
INFO:root:Epoch: 1505 lr: 0.01 train_loss: 873532.0000 train_distortion: 3.3252 train_mapscore: 0.3306 train_c: -1.0032 train_max_dist: 20.8646 train_imax: 18.1678 train_imin: -7.6117 time: 3.7805s
INFO:root:Epoch: 1510 lr: 0.01 train_loss: 871515.8750 train_distortion: 3.3140 train_mapscore: 0.3330 train_c: -1.0032 train_max_dist: 20.8583 train_imax: 18.1332 train_imin: -7.5726 time: 3.7614s
INFO:root:Epoch: 1515 lr: 0.01 train_loss: 869277.1875 train_distortion: 3.2066 train_mapscore: 0.3348 train_c: -1.0033 train_max_dist: 20.7275 train_imax: 17.8049 train_imin: -7.4118 time: 3.7332s
INFO:root:Epoch: 1520 lr: 0.01 train_loss: 867912.5625 train_distortion: 3.2047 train_mapscore: 0.3357 train_c: -1.0034 train_max_dist: 20.7337 train_imax: 17.8253 train_imin: -7.4083 time: 3.7271s
INFO:root:Epoch: 1525 lr: 0.01 train_loss: 867112.6250 train_distortion: 3.3329 train_mapscore: 0.3363 train_c: -1.0034 train_max_dist: 20.9087 train_imax: 18.2597 train_imin: -7.5818 time: 3.7509s
INFO:root:Epoch: 1530 lr: 0.01 train_loss: 865995.2500 train_distortion: 3.3825 train_mapscore: 0.3366 train_c: -1.0034 train_max_dist: 20.9823 train_imax: 18.4260 train_imin: -7.6843 time: 3.7606s
INFO:root:Epoch: 1535 lr: 0.01 train_loss: 864923.3750 train_distortion: 3.4179 train_mapscore: 0.3375 train_c: -1.0034 train_max_dist: 21.0348 train_imax: 18.5441 train_imin: -7.7351 time: 3.7575s
INFO:root:Epoch: 1540 lr: 0.01 train_loss: 863450.5000 train_distortion: 3.4104 train_mapscore: 0.3391 train_c: -1.0035 train_max_dist: 21.0290 train_imax: 18.5170 train_imin: -7.7091 time: 3.7464s
INFO:root:Epoch: 1545 lr: 0.01 train_loss: 861988.8750 train_distortion: 3.3834 train_mapscore: 0.3406 train_c: -1.0035 train_max_dist: 20.9994 train_imax: 18.4201 train_imin: -7.6699 time: 3.7251s
INFO:root:Epoch: 1550 lr: 0.01 train_loss: 860989.0000 train_distortion: 3.4235 train_mapscore: 0.3417 train_c: -1.0035 train_max_dist: 21.0534 train_imax: 18.5530 train_imin: -7.7240 time: 3.6880s
INFO:root:Epoch: 1555 lr: 0.01 train_loss: 860820.1250 train_distortion: 3.4821 train_mapscore: 0.3415 train_c: -1.0036 train_max_dist: 21.1338 train_imax: 18.7424 train_imin: -7.8048 time: 3.7356s
INFO:root:Epoch: 1560 lr: 0.01 train_loss: 861026.5625 train_distortion: 3.5669 train_mapscore: 0.3416 train_c: -1.0036 train_max_dist: 21.2501 train_imax: 19.0355 train_imin: -7.9250 time: 3.7159s
INFO:root:Epoch: 1565 lr: 0.01 train_loss: 859885.8750 train_distortion: 3.5611 train_mapscore: 0.3429 train_c: -1.0036 train_max_dist: 21.2525 train_imax: 19.0347 train_imin: -7.9176 time: 3.7012s
INFO:root:Epoch: 1570 lr: 0.01 train_loss: 858357.7500 train_distortion: 3.5302 train_mapscore: 0.3445 train_c: -1.0037 train_max_dist: 21.2341 train_imax: 18.9533 train_imin: -7.8702 time: 3.6649s
INFO:root:Epoch: 1575 lr: 0.01 train_loss: 857140.7500 train_distortion: 3.4707 train_mapscore: 0.3456 train_c: -1.0037 train_max_dist: 24.0000 train_imax: 18.7829 train_imin: -7.7674 time: 3.6348s
INFO:root:Epoch: 1580 lr: 0.01 train_loss: 856457.9375 train_distortion: 3.5490 train_mapscore: 0.3461 train_c: -1.0037 train_max_dist: 24.0000 train_imax: 19.0296 train_imin: -7.8672 time: 3.6941s
INFO:root:Epoch: 1585 lr: 0.01 train_loss: 855889.6250 train_distortion: 3.6261 train_mapscore: 0.3462 train_c: -1.0038 train_max_dist: 21.4312 train_imax: 19.2779 train_imin: -7.9682 time: 3.7074s
INFO:root:Epoch: 1590 lr: 0.01 train_loss: 855039.0000 train_distortion: 3.6772 train_mapscore: 0.3470 train_c: -1.0038 train_max_dist: 21.5039 train_imax: 19.4541 train_imin: -8.0563 time: 3.7342s
INFO:root:Epoch: 1595 lr: 0.01 train_loss: 853949.5000 train_distortion: 3.7095 train_mapscore: 0.3481 train_c: -1.0038 train_max_dist: 21.5554 train_imax: 19.5766 train_imin: -8.1113 time: 3.7083s
INFO:root:Epoch: 1600 lr: 0.01 train_loss: 852875.8750 train_distortion: 3.7472 train_mapscore: 0.3495 train_c: -1.0038 train_max_dist: 24.0000 train_imax: 19.7159 train_imin: -8.1530 time: 3.6784s
INFO:root:Epoch: 1605 lr: 0.01 train_loss: 851827.2500 train_distortion: 3.7895 train_mapscore: 0.3506 train_c: -1.0038 train_max_dist: 21.6741 train_imax: 19.8688 train_imin: -8.1930 time: 3.7112s
INFO:root:Epoch: 1610 lr: 0.01 train_loss: 854799.1250 train_distortion: 3.0863 train_mapscore: 0.3461 train_c: -1.0042 train_max_dist: 24.0000 train_imax: 17.3846 train_imin: -7.4591 time: 3.6150s
INFO:root:Epoch: 1615 lr: 0.01 train_loss: 862563.8750 train_distortion: 2.7844 train_mapscore: 0.3400 train_c: -1.0044 train_max_dist: 20.1337 train_imax: 16.1908 train_imin: -7.0473 time: 3.6340s
INFO:root:Epoch: 1620 lr: 0.01 train_loss: 863149.1250 train_distortion: 2.9695 train_mapscore: 0.3362 train_c: -1.0045 train_max_dist: 20.3149 train_imax: 16.7248 train_imin: -7.2254 time: 3.6420s
INFO:root:Epoch: 1625 lr: 0.01 train_loss: 863211.6875 train_distortion: 3.2162 train_mapscore: 0.3346 train_c: -1.0045 train_max_dist: 20.6669 train_imax: 17.4739 train_imin: -7.4120 time: 3.6555s
INFO:root:Epoch: 1630 lr: 0.01 train_loss: 862853.7500 train_distortion: 3.4382 train_mapscore: 0.3349 train_c: -1.0045 train_max_dist: 20.9771 train_imax: 18.1468 train_imin: -7.5618 time: 3.6966s
INFO:root:Epoch: 1635 lr: 0.01 train_loss: 861368.0000 train_distortion: 3.5454 train_mapscore: 0.3368 train_c: -1.0045 train_max_dist: 21.1480 train_imax: 18.4675 train_imin: -7.6152 time: 3.6959s
INFO:root:Epoch: 1640 lr: 0.01 train_loss: 859191.5000 train_distortion: 3.5653 train_mapscore: 0.3391 train_c: -1.0045 train_max_dist: 21.1969 train_imax: 18.5348 train_imin: -7.6384 time: 3.6981s
INFO:root:Epoch: 1645 lr: 0.01 train_loss: 857884.2500 train_distortion: 3.7443 train_mapscore: 0.3411 train_c: -1.0044 train_max_dist: 21.4263 train_imax: 19.0918 train_imin: -7.9115 time: 3.7235s
INFO:root:Epoch: 1650 lr: 0.01 train_loss: 858463.1875 train_distortion: 4.0012 train_mapscore: 0.3401 train_c: -1.0044 train_max_dist: 21.7964 train_imax: 20.0665 train_imin: -8.3269 time: 3.6999s
INFO:root:Epoch: 1655 lr: 0.01 train_loss: 858456.0000 train_distortion: 3.9359 train_mapscore: 0.3407 train_c: -1.0044 train_max_dist: 21.7616 train_imax: 19.9545 train_imin: -8.3155 time: 3.6709s
INFO:root:Epoch: 1660 lr: 0.01 train_loss: 856626.5000 train_distortion: 3.7039 train_mapscore: 0.3428 train_c: -1.0044 train_max_dist: 21.4871 train_imax: 19.2784 train_imin: -8.0334 time: 3.6686s
INFO:root:Epoch: 1665 lr: 0.01 train_loss: 855765.0000 train_distortion: 3.8556 train_mapscore: 0.3432 train_c: -1.0043 train_max_dist: 21.6723 train_imax: 19.6567 train_imin: -8.2212 time: 3.6752s
INFO:root:Epoch: 1670 lr: 0.01 train_loss: 853653.2500 train_distortion: 3.8375 train_mapscore: 0.3445 train_c: -1.0044 train_max_dist: 21.6490 train_imax: 19.5666 train_imin: -8.1636 time: 3.6930s
INFO:root:Epoch: 1675 lr: 0.01 train_loss: 851093.5625 train_distortion: 3.7302 train_mapscore: 0.3464 train_c: -1.0044 train_max_dist: 21.5149 train_imax: 19.2425 train_imin: -8.0036 time: 3.6464s
INFO:root:Epoch: 1680 lr: 0.01 train_loss: 856353.2500 train_distortion: 3.2358 train_mapscore: 0.3436 train_c: -1.0046 train_max_dist: 20.9976 train_imax: 17.4561 train_imin: -7.2894 time: 3.6269s
INFO:root:Epoch: 1685 lr: 0.01 train_loss: 870542.8750 train_distortion: 2.9290 train_mapscore: 0.3326 train_c: -1.0048 train_max_dist: 24.0000 train_imax: 16.2587 train_imin: -6.8251 time: 3.6827s
INFO:root:Epoch: 1690 lr: 0.01 train_loss: 877272.2500 train_distortion: 2.9596 train_mapscore: 0.3267 train_c: -1.0049 train_max_dist: 20.7115 train_imax: 16.2567 train_imin: -6.8450 time: 3.6952s
INFO:root:Epoch: 1695 lr: 0.01 train_loss: 878217.1875 train_distortion: 3.1461 train_mapscore: 0.3247 train_c: -1.0049 train_max_dist: 20.9911 train_imax: 16.8318 train_imin: -7.1482 time: 3.7275s
INFO:root:Epoch: 1700 lr: 0.01 train_loss: 876667.7500 train_distortion: 3.2690 train_mapscore: 0.3253 train_c: -1.0049 train_max_dist: 21.1420 train_imax: 17.1820 train_imin: -7.2856 time: 3.7443s
INFO:root:Epoch: 1705 lr: 0.01 train_loss: 873359.2500 train_distortion: 3.3009 train_mapscore: 0.3276 train_c: -1.0049 train_max_dist: 21.1517 train_imax: 17.2402 train_imin: -7.2565 time: 3.7461s
INFO:root:Epoch: 1710 lr: 0.01 train_loss: 869557.1250 train_distortion: 3.2887 train_mapscore: 0.3307 train_c: -1.0049 train_max_dist: 21.1079 train_imax: 17.1647 train_imin: -7.1793 time: 3.7225s
INFO:root:Epoch: 1715 lr: 0.01 train_loss: 865875.8125 train_distortion: 3.3074 train_mapscore: 0.3336 train_c: -1.0049 train_max_dist: 21.1149 train_imax: 17.2058 train_imin: -7.1645 time: 3.6955s
INFO:root:Epoch: 1720 lr: 0.01 train_loss: 862640.3750 train_distortion: 3.3729 train_mapscore: 0.3362 train_c: -1.0048 train_max_dist: 21.1989 train_imax: 17.4087 train_imin: -7.2344 time: 3.7084s
INFO:root:Epoch: 1725 lr: 0.01 train_loss: 859541.3750 train_distortion: 3.4345 train_mapscore: 0.3392 train_c: -1.0048 train_max_dist: 21.2870 train_imax: 17.6160 train_imin: -7.3558 time: 3.7108s
INFO:root:Epoch: 1730 lr: 0.01 train_loss: 856600.2500 train_distortion: 3.4797 train_mapscore: 0.3419 train_c: -1.0048 train_max_dist: 21.3501 train_imax: 17.7711 train_imin: -7.4770 time: 3.6847s
INFO:root:Epoch: 1735 lr: 0.01 train_loss: 854202.1250 train_distortion: 3.5763 train_mapscore: 0.3442 train_c: -1.0048 train_max_dist: 21.4834 train_imax: 18.1079 train_imin: -7.6432 time: 3.6275s
INFO:root:Epoch: 1740 lr: 0.01 train_loss: 852085.1250 train_distortion: 3.5579 train_mapscore: 0.3464 train_c: -1.0048 train_max_dist: 21.4539 train_imax: 18.0977 train_imin: -7.6117 time: 3.6606s
INFO:root:Epoch: 1745 lr: 0.01 train_loss: 850520.6250 train_distortion: 3.5711 train_mapscore: 0.3477 train_c: -1.0048 train_max_dist: 21.4594 train_imax: 18.1554 train_imin: -7.6572 time: 3.6613s
INFO:root:Epoch: 1750 lr: 0.01 train_loss: 848957.5625 train_distortion: 3.6466 train_mapscore: 0.3492 train_c: -1.0049 train_max_dist: 21.5489 train_imax: 18.4076 train_imin: -7.7951 time: 3.6786s
INFO:root:Epoch: 1755 lr: 0.01 train_loss: 847414.4375 train_distortion: 3.8012 train_mapscore: 0.3505 train_c: -1.0048 train_max_dist: 21.7592 train_imax: 18.9576 train_imin: -8.0206 time: 3.6748s
INFO:root:Epoch: 1760 lr: 0.01 train_loss: 847713.6875 train_distortion: 4.0005 train_mapscore: 0.3494 train_c: -1.0047 train_max_dist: 22.0200 train_imax: 19.6569 train_imin: -8.2837 time: 3.6337s
INFO:root:Epoch: 1765 lr: 0.01 train_loss: 846460.1250 train_distortion: 3.9939 train_mapscore: 0.3511 train_c: -1.0046 train_max_dist: 21.9842 train_imax: 19.6326 train_imin: -8.2776 time: 3.6458s
INFO:root:Epoch: 1770 lr: 0.01 train_loss: 844154.8125 train_distortion: 3.9353 train_mapscore: 0.3539 train_c: -1.0046 train_max_dist: 21.8701 train_imax: 19.4111 train_imin: -8.1917 time: 3.6169s
INFO:root:Epoch: 1775 lr: 0.01 train_loss: 891682.5000 train_distortion: 4.9743 train_mapscore: 0.3081 train_c: -1.0042 train_max_dist: 23.6080 train_imax: 22.4411 train_imin: -11.5332 time: 3.6862s
INFO:root:Epoch: 1780 lr: 0.01 train_loss: 985998.6875 train_distortion: 5.4203 train_mapscore: 0.2446 train_c: -1.0038 train_max_dist: 24.7232 train_imax: 23.8818 train_imin: -16.6533 time: 3.7541s
INFO:root:Epoch: 1785 lr: 0.01 train_loss: 1022418.8750 train_distortion: 4.4983 train_mapscore: 0.2151 train_c: -1.0037 train_max_dist: 23.6889 train_imax: 21.8372 train_imin: -18.4088 time: 3.7943s
INFO:root:Epoch: 1790 lr: 0.01 train_loss: 1023303.0000 train_distortion: 3.2288 train_mapscore: 0.2051 train_c: -1.0037 train_max_dist: 24.0000 train_imax: 18.2003 train_imin: -17.2502 time: 3.9265s
INFO:root:Epoch: 1795 lr: 0.01 train_loss: 1019234.7500 train_distortion: 2.3132 train_mapscore: 0.2023 train_c: -1.0037 train_max_dist: 20.0000 train_imax: 15.2595 train_imin: -15.0004 time: 3.9794s
INFO:root:Epoch: 1800 lr: 0.01 train_loss: 1014321.3125 train_distortion: 1.7907 train_mapscore: 0.2041 train_c: -1.0036 train_max_dist: 18.8183 train_imax: 13.3816 train_imin: -13.1521 time: 3.9333s
INFO:root:Epoch: 1805 lr: 0.01 train_loss: 1011317.2500 train_distortion: 1.5382 train_mapscore: 0.2061 train_c: -1.0036 train_max_dist: 18.0719 train_imax: 12.3849 train_imin: -12.1578 time: 3.9412s
INFO:root:Epoch: 1810 lr: 0.01 train_loss: 1007446.6250 train_distortion: 1.4954 train_mapscore: 0.2088 train_c: -1.0036 train_max_dist: 17.9380 train_imax: 12.1767 train_imin: -11.8711 time: 3.9670s
INFO:root:Epoch: 1815 lr: 0.01 train_loss: 999118.3750 train_distortion: 1.6794 train_mapscore: 0.2127 train_c: -1.0034 train_max_dist: 18.4547 train_imax: 12.9378 train_imin: -12.2943 time: 3.9223s
INFO:root:Epoch: 1820 lr: 0.01 train_loss: 990951.3750 train_distortion: 1.9313 train_mapscore: 0.2161 train_c: -1.0032 train_max_dist: 32.0000 train_imax: 13.8904 train_imin: -12.8115 time: 3.8805s
INFO:root:Epoch: 1825 lr: 0.01 train_loss: 984258.6875 train_distortion: 1.9610 train_mapscore: 0.2195 train_c: -1.0031 train_max_dist: 19.0995 train_imax: 14.0053 train_imin: -12.4230 time: 3.9037s
INFO:root:Epoch: 1830 lr: 0.01 train_loss: 978150.7500 train_distortion: 1.9785 train_mapscore: 0.2242 train_c: -1.0030 train_max_dist: 19.1004 train_imax: 14.0550 train_imin: -12.0492 time: 3.9274s
INFO:root:Epoch: 1835 lr: 0.01 train_loss: 971986.5625 train_distortion: 2.0494 train_mapscore: 0.2278 train_c: -1.0030 train_max_dist: 19.2478 train_imax: 14.2861 train_imin: -11.9514 time: 3.8903s
INFO:root:Epoch: 1840 lr: 0.01 train_loss: 966278.1875 train_distortion: 2.1070 train_mapscore: 0.2318 train_c: -1.0029 train_max_dist: 19.3779 train_imax: 14.4577 train_imin: -11.7634 time: 3.8849s
INFO:root:Epoch: 1845 lr: 0.01 train_loss: 961433.7500 train_distortion: 2.1113 train_mapscore: 0.2351 train_c: -1.0029 train_max_dist: 19.3974 train_imax: 14.4218 train_imin: -11.3297 time: 3.8841s
INFO:root:Epoch: 1850 lr: 0.01 train_loss: 956739.5000 train_distortion: 2.1635 train_mapscore: 0.2381 train_c: -1.0028 train_max_dist: 20.0000 train_imax: 14.5814 train_imin: -11.0044 time: 3.8484s
INFO:root:Epoch: 1855 lr: 0.01 train_loss: 951653.1250 train_distortion: 2.3356 train_mapscore: 0.2410 train_c: -1.0027 train_max_dist: 19.8573 train_imax: 15.1843 train_imin: -10.9335 time: 3.8952s
INFO:root:Epoch: 1860 lr: 0.01 train_loss: 946953.9375 train_distortion: 2.4406 train_mapscore: 0.2448 train_c: -1.0025 train_max_dist: 20.0475 train_imax: 15.5116 train_imin: -10.6817 time: 3.8707s
INFO:root:Epoch: 1865 lr: 0.01 train_loss: 942279.3125 train_distortion: 2.4647 train_mapscore: 0.2483 train_c: -1.0024 train_max_dist: 20.0776 train_imax: 15.5282 train_imin: -10.3033 time: 3.8440s
INFO:root:Epoch: 1870 lr: 0.01 train_loss: 938671.2500 train_distortion: 2.3440 train_mapscore: 0.2524 train_c: -1.0020 train_max_dist: 19.7784 train_imax: 15.1059 train_imin: -9.6102 time: 3.8812s
INFO:root:Epoch: 1875 lr: 0.01 train_loss: 936829.1250 train_distortion: 2.1631 train_mapscore: 0.2571 train_c: -1.0014 train_max_dist: 19.3467 train_imax: 14.5800 train_imin: -8.8521 time: 3.8540s
INFO:root:Epoch: 1880 lr: 0.01 train_loss: 935814.6875 train_distortion: 2.1445 train_mapscore: 0.2591 train_c: -1.0011 train_max_dist: 28.0000 train_imax: 14.5201 train_imin: -8.5426 time: 3.8810s
INFO:root:Epoch: 1885 lr: 0.01 train_loss: 932845.7500 train_distortion: 2.2562 train_mapscore: 0.2615 train_c: -1.0009 train_max_dist: 19.5394 train_imax: 14.8520 train_imin: -8.7767 time: 3.8581s
INFO:root:Epoch: 1890 lr: 0.01 train_loss: 928711.0000 train_distortion: 2.4139 train_mapscore: 0.2638 train_c: -1.0007 train_max_dist: 20.0000 train_imax: 15.3195 train_imin: -9.1690 time: 3.8448s
INFO:root:Epoch: 1895 lr: 0.01 train_loss: 925199.6250 train_distortion: 2.7626 train_mapscore: 0.2652 train_c: -1.0005 train_max_dist: 20.5833 train_imax: 16.5777 train_imin: -9.9166 time: 3.8239s
INFO:root:Epoch: 1900 lr: 0.01 train_loss: 924024.0625 train_distortion: 3.2206 train_mapscore: 0.2654 train_c: -1.0003 train_max_dist: 21.4855 train_imax: 18.2107 train_imin: -10.8779 time: 3.7921s
INFO:root:Epoch: 1905 lr: 0.01 train_loss: 920984.3750 train_distortion: 3.2726 train_mapscore: 0.2674 train_c: -1.0002 train_max_dist: 21.6291 train_imax: 18.4001 train_imin: -11.1368 time: 3.8001s
INFO:root:Epoch: 1910 lr: 0.01 train_loss: 916483.6250 train_distortion: 3.0655 train_mapscore: 0.2703 train_c: -1.0002 train_max_dist: 21.3120 train_imax: 17.6840 train_imin: -10.9337 time: 3.7843s
INFO:root:Epoch: 1915 lr: 0.01 train_loss: 912994.8125 train_distortion: 2.8282 train_mapscore: 0.2736 train_c: -1.0003 train_max_dist: 20.9143 train_imax: 16.8060 train_imin: -10.6199 time: 3.7590s
INFO:root:Epoch: 1920 lr: 0.01 train_loss: 909813.5000 train_distortion: 2.6860 train_mapscore: 0.2767 train_c: -1.0003 train_max_dist: 20.6544 train_imax: 16.2148 train_imin: -10.4277 time: 3.6947s
INFO:root:Epoch: 1925 lr: 0.01 train_loss: 906678.0625 train_distortion: 2.6755 train_mapscore: 0.2794 train_c: -1.0003 train_max_dist: 20.6085 train_imax: 16.0516 train_imin: -10.4438 time: 3.7154s
INFO:root:Epoch: 1930 lr: 0.01 train_loss: 904094.0000 train_distortion: 2.7503 train_mapscore: 0.2811 train_c: -1.0003 train_max_dist: 20.7138 train_imax: 16.1969 train_imin: -10.5879 time: 3.7028s
INFO:root:Epoch: 1935 lr: 0.01 train_loss: 902535.6875 train_distortion: 2.8665 train_mapscore: 0.2815 train_c: -1.0002 train_max_dist: 20.8985 train_imax: 16.5166 train_imin: -10.7919 time: 3.7078s
INFO:root:Epoch: 1940 lr: 0.01 train_loss: 912770.8750 train_distortion: 3.1047 train_mapscore: 0.2738 train_c: -0.9993 train_max_dist: 21.2739 train_imax: 18.0037 train_imin: -11.0145 time: 3.7948s
INFO:root:Epoch: 1945 lr: 0.01 train_loss: 930566.5000 train_distortion: 3.1294 train_mapscore: 0.2608 train_c: -0.9986 train_max_dist: 21.6584 train_imax: 19.2357 train_imin: -10.9081 time: 3.8223s
INFO:root:Epoch: 1950 lr: 0.01 train_loss: 940679.3750 train_distortion: 2.9772 train_mapscore: 0.2549 train_c: -0.9982 train_max_dist: 24.0000 train_imax: 20.7903 train_imin: -10.5768 time: 3.8616s
INFO:root:Epoch: 1955 lr: 0.01 train_loss: 943715.1250 train_distortion: 2.7572 train_mapscore: 0.2526 train_c: -0.9980 train_max_dist: 21.5134 train_imax: 20.7961 train_imin: -10.1640 time: 3.8958s
INFO:root:Epoch: 1960 lr: 0.01 train_loss: 942451.2500 train_distortion: 2.5662 train_mapscore: 0.2536 train_c: -0.9979 train_max_dist: 21.2192 train_imax: 20.3267 train_imin: -9.8180 time: 3.8794s
INFO:root:Epoch: 1965 lr: 0.01 train_loss: 939071.0000 train_distortion: 2.4749 train_mapscore: 0.2562 train_c: -0.9979 train_max_dist: 21.0624 train_imax: 19.9541 train_imin: -9.6788 time: 3.8808s
INFO:root:Epoch: 1970 lr: 0.01 train_loss: 934742.5000 train_distortion: 2.5068 train_mapscore: 0.2594 train_c: -0.9978 train_max_dist: 21.0869 train_imax: 19.9123 train_imin: -9.7673 time: 3.8182s
INFO:root:Epoch: 1975 lr: 0.01 train_loss: 930016.6250 train_distortion: 2.5503 train_mapscore: 0.2621 train_c: -0.9978 train_max_dist: 21.1048 train_imax: 19.8496 train_imin: -9.8920 time: 3.8002s
INFO:root:Epoch: 1980 lr: 0.01 train_loss: 925414.3750 train_distortion: 2.6221 train_mapscore: 0.2648 train_c: -0.9978 train_max_dist: 21.1630 train_imax: 19.8588 train_imin: -10.0809 time: 3.7910s
INFO:root:Epoch: 1985 lr: 0.01 train_loss: 924103.0000 train_distortion: 2.7572 train_mapscore: 0.2650 train_c: -0.9979 train_max_dist: 24.0000 train_imax: 19.8410 train_imin: -10.5541 time: 3.8408s
INFO:root:Epoch: 1990 lr: 0.01 train_loss: 922117.0000 train_distortion: 2.7974 train_mapscore: 0.2657 train_c: -0.9980 train_max_dist: 21.3155 train_imax: 19.5310 train_imin: -10.8501 time: 3.8088s
INFO:root:Epoch: 1995 lr: 0.01 train_loss: 919265.5000 train_distortion: 2.8096 train_mapscore: 0.2678 train_c: -0.9981 train_max_dist: 21.2613 train_imax: 19.1889 train_imin: -10.9833 time: 3.7603s
INFO:root:Epoch: 2000 lr: 0.0025 train_loss: 915763.5625 train_distortion: 2.8166 train_mapscore: 0.2710 train_c: -0.9982 train_max_dist: 21.1964 train_imax: 18.8788 train_imin: -11.0414 time: 3.7514s
INFO:root:Optimization Finished!
INFO:root:Total time elapsed: 7603.6785s
INFO:root:Val set results: val_distortion: 1.0000 val_mapscore: -1.0000 val_c: -1.0000 val_max_dist: 0.0000
INFO:root:Test set results: test_loss: 914986.5000 test_distortion: 2.8153 test_mapscore: 0.2718 test_c: -0.9982 test_max_dist: 21.1803 test_imax: 18.8140 test_imin: -11.0425
INFO:root:Saved model in /workspace/xiongbo/hgcn/logs/md/2021_5_21/6
