INFO:root:Using: cuda:0
INFO:root:Using seed 1234.
INFO:root:MDModel(
  (encoder): HGCN(
    (layers): Sequential(
      (0): HyperbolicGraphConvolution(
        (linear): HypLinear(
          in_features=3032, out_features=10, c=Parameter containing:
          tensor([-1.], requires_grad=True)
        )
        (agg): HypAgg(
          c=Parameter containing:
          tensor([-1.], requires_grad=True)
        )
        (hyp_act): HypAct(
          c_in=Parameter containing:
          tensor([-1.], requires_grad=True), c_out=Parameter containing:
          tensor([-1.], requires_grad=True)
        )
      )
    )
  )
  (decoder): MDDecoder()
)
INFO:root:Total number of parameters: 30332
/workspace/anaconda3/envs/geo/lib/python3.7/site-packages/torch/optim/lr_scheduler.py:370: UserWarning: To get the last learning rate computed by the scheduler, please use `get_last_lr()`.
  "please use `get_last_lr()`.", UserWarning)
INFO:root:Epoch: 0005 lr: 0.001 train_loss: 102644.1797 train_distortion: 0.8722 train_mapscore: 0.0115 train_c: -1.0004 train_max_dist: 1.5554 train_imax: -0.0000 train_imin: -1.4388 time: 2.5114s
INFO:root:Epoch: 0010 lr: 0.001 train_loss: 101887.0312 train_distortion: 0.8562 train_mapscore: 0.0182 train_c: -1.0009 train_max_dist: 1.6331 train_imax: -0.0000 train_imin: -1.4726 time: 2.3571s
INFO:root:Epoch: 0015 lr: 0.001 train_loss: 101183.0703 train_distortion: 0.8371 train_mapscore: 0.0248 train_c: -1.0014 train_max_dist: 1.7051 train_imax: -0.0000 train_imin: -1.5252 time: 2.1697s
INFO:root:Epoch: 0020 lr: 0.001 train_loss: 100479.6484 train_distortion: 0.8167 train_mapscore: 0.0375 train_c: -1.0020 train_max_dist: 1.7660 train_imax: -0.0000 train_imin: -1.5849 time: 2.0684s
INFO:root:Epoch: 0025 lr: 0.001 train_loss: 99770.8906 train_distortion: 0.7955 train_mapscore: 0.0514 train_c: -1.0026 train_max_dist: 1.9307 train_imax: -0.0000 train_imin: -1.6774 time: 1.9617s
INFO:root:Epoch: 0030 lr: 0.001 train_loss: 99051.8594 train_distortion: 0.7738 train_mapscore: 0.0707 train_c: -1.0032 train_max_dist: 2.1121 train_imax: -0.0000 train_imin: -1.7770 time: 1.9113s
INFO:root:Epoch: 0035 lr: 0.001 train_loss: 98333.6172 train_distortion: 0.7520 train_mapscore: 0.0900 train_c: -1.0038 train_max_dist: 2.3980 train_imax: -0.0000 train_imin: -1.8668 time: 1.8404s
INFO:root:Epoch: 0040 lr: 0.001 train_loss: 97625.3281 train_distortion: 0.7304 train_mapscore: 0.1131 train_c: -1.0045 train_max_dist: 2.7880 train_imax: -0.0000 train_imin: -1.9594 time: 1.8067s
INFO:root:Epoch: 0045 lr: 0.001 train_loss: 96937.4688 train_distortion: 0.7091 train_mapscore: 0.1339 train_c: -1.0051 train_max_dist: 3.2052 train_imax: -0.0000 train_imin: -2.0359 time: 1.7625s
INFO:root:Epoch: 0050 lr: 0.001 train_loss: 96272.6875 train_distortion: 0.6886 train_mapscore: 0.1518 train_c: -1.0058 train_max_dist: 3.6282 train_imax: -0.0000 train_imin: -2.0795 time: 1.7474s
INFO:root:Epoch: 0055 lr: 0.001 train_loss: 95626.8438 train_distortion: 0.6688 train_mapscore: 0.1681 train_c: -1.0065 train_max_dist: 4.0502 train_imax: -0.0000 train_imin: -2.1289 time: 1.7195s
INFO:root:Epoch: 0060 lr: 0.001 train_loss: 94990.1094 train_distortion: 0.6495 train_mapscore: 0.1871 train_c: -1.0072 train_max_dist: 4.4863 train_imax: -0.0000 train_imin: -2.2114 time: 1.6993s
INFO:root:Epoch: 0065 lr: 0.001 train_loss: 94356.0000 train_distortion: 0.6310 train_mapscore: 0.2065 train_c: -1.0080 train_max_dist: 4.9682 train_imax: -0.0000 train_imin: -2.2900 time: 1.6875s
INFO:root:Epoch: 0070 lr: 0.001 train_loss: 93723.9219 train_distortion: 0.6134 train_mapscore: 0.2259 train_c: -1.0087 train_max_dist: 5.4450 train_imax: -0.0000 train_imin: -2.3504 time: 1.6792s
INFO:root:Epoch: 0075 lr: 0.001 train_loss: 93090.6719 train_distortion: 0.5967 train_mapscore: 0.2518 train_c: -1.0094 train_max_dist: 5.8564 train_imax: -0.0000 train_imin: -2.4289 time: 1.6584s
INFO:root:Epoch: 0080 lr: 0.001 train_loss: 92460.0625 train_distortion: 0.5808 train_mapscore: 0.2657 train_c: -1.0102 train_max_dist: 6.2905 train_imax: -0.0000 train_imin: -2.5094 time: 1.6553s
INFO:root:Epoch: 0085 lr: 0.001 train_loss: 91825.5312 train_distortion: 0.5658 train_mapscore: 0.2884 train_c: -1.0109 train_max_dist: 6.6198 train_imax: -0.0000 train_imin: -2.5793 time: 1.6391s
INFO:root:Epoch: 0090 lr: 0.001 train_loss: 91194.4688 train_distortion: 0.5516 train_mapscore: 0.3046 train_c: -1.0117 train_max_dist: 6.8458 train_imax: -0.0000 train_imin: -2.6314 time: 1.6291s
INFO:root:Epoch: 0095 lr: 0.001 train_loss: 90578.2812 train_distortion: 0.5379 train_mapscore: 0.3227 train_c: -1.0125 train_max_dist: 7.1048 train_imax: -0.0000 train_imin: -2.6586 time: 1.6233s
INFO:root:Epoch: 0100 lr: 0.001 train_loss: 89957.2188 train_distortion: 0.5247 train_mapscore: 0.3385 train_c: -1.0132 train_max_dist: 7.3199 train_imax: -0.0000 train_imin: -2.7023 time: 1.6138s
INFO:root:Epoch: 0105 lr: 0.001 train_loss: 89355.0156 train_distortion: 0.5121 train_mapscore: 0.3509 train_c: -1.0140 train_max_dist: 7.4769 train_imax: -0.0000 train_imin: -2.7095 time: 1.6022s
INFO:root:Epoch: 0110 lr: 0.001 train_loss: 88766.5938 train_distortion: 0.4998 train_mapscore: 0.3598 train_c: -1.0147 train_max_dist: 7.6507 train_imax: -0.0000 train_imin: -2.7421 time: 1.5978s
INFO:root:Epoch: 0115 lr: 0.001 train_loss: 88191.9688 train_distortion: 0.4879 train_mapscore: 0.3666 train_c: -1.0155 train_max_dist: 7.9220 train_imax: -0.0000 train_imin: -2.7607 time: 1.5881s
INFO:root:Epoch: 0120 lr: 0.001 train_loss: 87627.6328 train_distortion: 0.4764 train_mapscore: 0.3745 train_c: -1.0163 train_max_dist: 8.2341 train_imax: -0.0000 train_imin: -2.7811 time: 1.5858s
INFO:root:Epoch: 0125 lr: 0.001 train_loss: 87078.5625 train_distortion: 0.4654 train_mapscore: 0.3865 train_c: -1.0171 train_max_dist: 8.4751 train_imax: -0.0000 train_imin: -2.7860 time: 1.5763s
INFO:root:Epoch: 0130 lr: 0.001 train_loss: 86534.7891 train_distortion: 0.4545 train_mapscore: 0.3934 train_c: -1.0178 train_max_dist: 8.7425 train_imax: -0.0000 train_imin: -2.8001 time: 1.5742s
INFO:root:Epoch: 0135 lr: 0.001 train_loss: 86001.8281 train_distortion: 0.4440 train_mapscore: 0.4004 train_c: -1.0186 train_max_dist: 9.0049 train_imax: -0.0000 train_imin: -2.8719 time: 1.5692s
INFO:root:Epoch: 0140 lr: 0.001 train_loss: 85466.7969 train_distortion: 0.4335 train_mapscore: 0.3967 train_c: -1.0194 train_max_dist: 9.2441 train_imax: -0.0000 train_imin: -2.9747 time: 1.5658s
INFO:root:Epoch: 0145 lr: 0.001 train_loss: 84944.7734 train_distortion: 0.4232 train_mapscore: 0.4047 train_c: -1.0201 train_max_dist: 9.5360 train_imax: -0.0000 train_imin: -3.0678 time: 1.5812s
INFO:root:Epoch: 0150 lr: 0.001 train_loss: 84403.8828 train_distortion: 0.4130 train_mapscore: 0.4153 train_c: -1.0209 train_max_dist: 9.7299 train_imax: -0.0000 train_imin: -3.1564 time: 1.5698s
INFO:root:Epoch: 0155 lr: 0.001 train_loss: 83886.5781 train_distortion: 0.4029 train_mapscore: 0.4196 train_c: -1.0217 train_max_dist: 10.0274 train_imax: -0.0000 train_imin: -3.2053 time: 1.5749s
INFO:root:Epoch: 0160 lr: 0.001 train_loss: 83361.9219 train_distortion: 0.3930 train_mapscore: 0.4216 train_c: -1.0224 train_max_dist: 10.2064 train_imax: -0.0000 train_imin: -3.2828 time: 1.5622s
INFO:root:Epoch: 0165 lr: 0.001 train_loss: 82838.6016 train_distortion: 0.3831 train_mapscore: 0.4214 train_c: -1.0232 train_max_dist: 10.3966 train_imax: -0.0000 train_imin: -3.3492 time: 1.5535s
INFO:root:Epoch: 0170 lr: 0.001 train_loss: 82304.2656 train_distortion: 0.3734 train_mapscore: 0.4265 train_c: -1.0240 train_max_dist: 10.6255 train_imax: -0.0000 train_imin: -3.4058 time: 1.5490s
INFO:root:Epoch: 0175 lr: 0.001 train_loss: 81853.9688 train_distortion: 0.3639 train_mapscore: 0.4138 train_c: -1.0247 train_max_dist: 10.9610 train_imax: -0.0000 train_imin: -3.4805 time: 1.5587s
INFO:root:Epoch: 0180 lr: 0.001 train_loss: 81330.1797 train_distortion: 0.3543 train_mapscore: 0.4148 train_c: -1.0255 train_max_dist: 11.1854 train_imax: -0.0000 train_imin: -3.6096 time: 1.5530s
INFO:root:Epoch: 0185 lr: 0.001 train_loss: 80759.8047 train_distortion: 0.3447 train_mapscore: 0.4287 train_c: -1.0263 train_max_dist: 11.4646 train_imax: -0.0000 train_imin: -3.7338 time: 1.5580s
INFO:root:Epoch: 0190 lr: 0.001 train_loss: 80235.7656 train_distortion: 0.3352 train_mapscore: 0.4209 train_c: -1.0270 train_max_dist: 11.7361 train_imax: -0.0000 train_imin: -3.8342 time: 1.5516s
INFO:root:Epoch: 0195 lr: 0.001 train_loss: 79660.7969 train_distortion: 0.3259 train_mapscore: 0.4305 train_c: -1.0278 train_max_dist: 11.9229 train_imax: -0.0000 train_imin: -3.9031 time: 1.5542s
INFO:root:Epoch: 0200 lr: 0.001 train_loss: 79082.1094 train_distortion: 0.3167 train_mapscore: 0.4337 train_c: -1.0285 train_max_dist: 12.2110 train_imax: -0.0000 train_imin: -4.0366 time: 1.5512s
INFO:root:Epoch: 0205 lr: 0.001 train_loss: 78497.7578 train_distortion: 0.3075 train_mapscore: 0.4372 train_c: -1.0293 train_max_dist: 12.4549 train_imax: -0.0000 train_imin: -4.1099 time: 1.5443s
INFO:root:Epoch: 0210 lr: 0.001 train_loss: 77924.3594 train_distortion: 0.2984 train_mapscore: 0.4351 train_c: -1.0301 train_max_dist: 12.6770 train_imax: -0.0000 train_imin: -4.1751 time: 1.5398s
INFO:root:Epoch: 0215 lr: 0.001 train_loss: 77317.5469 train_distortion: 0.2895 train_mapscore: 0.4416 train_c: -1.0308 train_max_dist: 12.9501 train_imax: 0.0218 train_imin: -4.2072 time: 1.5352s
INFO:root:Epoch: 0220 lr: 0.001 train_loss: 76701.5938 train_distortion: 0.2807 train_mapscore: 0.4512 train_c: -1.0316 train_max_dist: 13.1848 train_imax: 0.0404 train_imin: -4.2685 time: 1.5402s
INFO:root:Epoch: 0225 lr: 0.001 train_loss: 76090.7422 train_distortion: 0.2722 train_mapscore: 0.4453 train_c: -1.0324 train_max_dist: 13.4621 train_imax: 0.0821 train_imin: -4.3621 time: 1.5447s
INFO:root:Epoch: 0230 lr: 0.001 train_loss: 75482.0469 train_distortion: 0.2639 train_mapscore: 0.4374 train_c: -1.0331 train_max_dist: 13.6650 train_imax: 0.1597 train_imin: -4.3778 time: 1.5365s
INFO:root:Epoch: 0235 lr: 0.001 train_loss: 74836.5234 train_distortion: 0.2559 train_mapscore: 0.4449 train_c: -1.0339 train_max_dist: 13.9330 train_imax: 0.2756 train_imin: -4.4228 time: 1.5276s
INFO:root:Epoch: 0240 lr: 0.001 train_loss: 74176.1484 train_distortion: 0.2483 train_mapscore: 0.4438 train_c: -1.0347 train_max_dist: 14.1826 train_imax: 0.2793 train_imin: -4.5053 time: 1.5208s
INFO:root:Epoch: 0245 lr: 0.001 train_loss: 73494.5938 train_distortion: 0.2409 train_mapscore: 0.4521 train_c: -1.0355 train_max_dist: 14.3786 train_imax: 0.3061 train_imin: -4.5515 time: 1.5217s
INFO:root:Epoch: 0250 lr: 0.001 train_loss: 72819.2578 train_distortion: 0.2340 train_mapscore: 0.4506 train_c: -1.0362 train_max_dist: 14.6388 train_imax: 0.3769 train_imin: -4.7024 time: 1.5261s
INFO:root:Epoch: 0255 lr: 0.001 train_loss: 72100.9688 train_distortion: 0.2277 train_mapscore: 0.4534 train_c: -1.0370 train_max_dist: 14.9096 train_imax: 0.4196 train_imin: -4.5709 time: 1.5222s
INFO:root:Epoch: 0260 lr: 0.001 train_loss: 71401.5469 train_distortion: 0.2218 train_mapscore: 0.4570 train_c: -1.0378 train_max_dist: 15.1658 train_imax: 0.5561 train_imin: -4.6764 time: 1.5197s
INFO:root:Epoch: 0265 lr: 0.001 train_loss: 70667.1172 train_distortion: 0.2163 train_mapscore: 0.4562 train_c: -1.0386 train_max_dist: 15.3902 train_imax: 0.5793 train_imin: -4.6212 time: 1.5170s
INFO:root:Epoch: 0270 lr: 0.001 train_loss: 69910.9531 train_distortion: 0.2116 train_mapscore: 0.4613 train_c: -1.0394 train_max_dist: 15.6499 train_imax: 0.5777 train_imin: -4.5551 time: 1.5129s
INFO:root:Epoch: 0275 lr: 0.001 train_loss: 69162.5781 train_distortion: 0.2077 train_mapscore: 0.4601 train_c: -1.0402 train_max_dist: 15.9286 train_imax: 0.6449 train_imin: -4.4466 time: 1.5195s
INFO:root:Epoch: 0280 lr: 0.001 train_loss: 68347.3281 train_distortion: 0.2046 train_mapscore: 0.4686 train_c: -1.0409 train_max_dist: 16.1653 train_imax: 0.6983 train_imin: -4.4447 time: 1.5146s
INFO:root:Epoch: 0285 lr: 0.001 train_loss: 67576.0625 train_distortion: 0.2024 train_mapscore: 0.4615 train_c: -1.0417 train_max_dist: 16.3976 train_imax: 0.7472 train_imin: -4.2664 time: 1.5150s
INFO:root:Epoch: 0290 lr: 0.001 train_loss: 66744.7031 train_distortion: 0.2013 train_mapscore: 0.4708 train_c: -1.0425 train_max_dist: 16.6509 train_imax: 0.7313 train_imin: -4.4210 time: 1.5059s
INFO:root:Epoch: 0295 lr: 0.001 train_loss: 65918.0000 train_distortion: 0.2014 train_mapscore: 0.4740 train_c: -1.0433 train_max_dist: 16.8816 train_imax: 0.8364 train_imin: -4.5504 time: 1.5044s
INFO:root:Epoch: 0300 lr: 0.001 train_loss: 65123.1641 train_distortion: 0.2024 train_mapscore: 0.4739 train_c: -1.0441 train_max_dist: 17.1745 train_imax: 0.8639 train_imin: -4.4782 time: 1.5088s
INFO:root:Epoch: 0305 lr: 0.001 train_loss: 64255.3164 train_distortion: 0.2052 train_mapscore: 0.4798 train_c: -1.0449 train_max_dist: 17.4636 train_imax: 0.9040 train_imin: -4.5846 time: 1.5163s
INFO:root:Epoch: 0310 lr: 0.001 train_loss: 63418.6211 train_distortion: 0.2094 train_mapscore: 0.4859 train_c: -1.0456 train_max_dist: 17.8007 train_imax: 1.0837 train_imin: -4.9475 time: 1.5186s
INFO:root:Epoch: 0315 lr: 0.001 train_loss: 62540.5312 train_distortion: 0.2151 train_mapscore: 0.4951 train_c: -1.0464 train_max_dist: 18.1216 train_imax: 0.7475 train_imin: -4.8442 time: 1.5186s
INFO:root:Epoch: 0320 lr: 0.001 train_loss: 61687.4492 train_distortion: 0.2229 train_mapscore: 0.4950 train_c: -1.0472 train_max_dist: 18.5097 train_imax: 1.3117 train_imin: -5.5874 time: 1.5182s
INFO:root:Epoch: 0325 lr: 0.001 train_loss: 60754.4375 train_distortion: 0.2322 train_mapscore: 0.5135 train_c: -1.0480 train_max_dist: 18.8086 train_imax: 1.7784 train_imin: -5.7216 time: 1.5144s
INFO:root:Epoch: 0330 lr: 0.001 train_loss: 59836.9727 train_distortion: 0.2434 train_mapscore: 0.5182 train_c: -1.0488 train_max_dist: 19.1537 train_imax: 1.7753 train_imin: -5.6311 time: 1.5193s
INFO:root:Epoch: 0335 lr: 0.001 train_loss: 58958.0781 train_distortion: 0.2570 train_mapscore: 0.5231 train_c: -1.0496 train_max_dist: 19.4958 train_imax: 1.7423 train_imin: -6.0497 time: 1.5150s
INFO:root:Epoch: 0340 lr: 0.001 train_loss: 58016.3281 train_distortion: 0.2726 train_mapscore: 0.5369 train_c: -1.0503 train_max_dist: 19.8777 train_imax: 1.8061 train_imin: -5.7221 time: 1.5125s
INFO:root:Epoch: 0345 lr: 0.001 train_loss: 57132.8359 train_distortion: 0.2908 train_mapscore: 0.5392 train_c: -1.0511 train_max_dist: 20.2266 train_imax: 2.1104 train_imin: -6.1163 time: 1.5095s
INFO:root:Epoch: 0350 lr: 0.001 train_loss: 56212.5078 train_distortion: 0.3112 train_mapscore: 0.5508 train_c: -1.0519 train_max_dist: 20.5699 train_imax: 2.8118 train_imin: -6.3905 time: 1.5115s
INFO:root:Epoch: 0355 lr: 0.001 train_loss: 55282.1797 train_distortion: 0.3339 train_mapscore: 0.5564 train_c: -1.0527 train_max_dist: 21.0127 train_imax: 3.7811 train_imin: -6.5681 time: 1.5098s
INFO:root:Epoch: 0360 lr: 0.001 train_loss: 54398.7578 train_distortion: 0.3591 train_mapscore: 0.5676 train_c: -1.0534 train_max_dist: 21.3652 train_imax: 4.3701 train_imin: -6.7142 time: 1.5154s
INFO:root:Epoch: 0365 lr: 0.001 train_loss: 53538.7578 train_distortion: 0.3873 train_mapscore: 0.5672 train_c: -1.0542 train_max_dist: 21.7150 train_imax: 5.0972 train_imin: -7.7418 time: 1.5177s
INFO:root:Epoch: 0370 lr: 0.001 train_loss: 52504.8984 train_distortion: 0.4179 train_mapscore: 0.5911 train_c: -1.0549 train_max_dist: 22.0947 train_imax: 5.6250 train_imin: -8.0159 time: 1.5190s
INFO:root:Epoch: 0375 lr: 0.001 train_loss: 51587.8672 train_distortion: 0.4524 train_mapscore: 0.5945 train_c: -1.0557 train_max_dist: 22.4263 train_imax: 6.1113 train_imin: -8.6199 time: 1.5199s
INFO:root:Epoch: 0380 lr: 0.001 train_loss: 50659.4531 train_distortion: 0.4898 train_mapscore: 0.6080 train_c: -1.0565 train_max_dist: 22.8125 train_imax: 6.5742 train_imin: -8.5995 time: 1.5090s
INFO:root:Epoch: 0385 lr: 0.001 train_loss: 49749.5938 train_distortion: 0.5309 train_mapscore: 0.6119 train_c: -1.0572 train_max_dist: 23.2039 train_imax: 7.0856 train_imin: -9.1611 time: 1.5119s
INFO:root:Epoch: 0390 lr: 0.001 train_loss: 48762.0156 train_distortion: 0.5742 train_mapscore: 0.6240 train_c: -1.0580 train_max_dist: 23.5864 train_imax: 7.4656 train_imin: -9.5581 time: 1.5179s
INFO:root:Epoch: 0395 lr: 0.001 train_loss: 47891.2930 train_distortion: 0.6221 train_mapscore: 0.6276 train_c: -1.0587 train_max_dist: 23.9641 train_imax: 7.9859 train_imin: -9.9722 time: 1.5135s
INFO:root:Epoch: 0400 lr: 0.001 train_loss: 46852.3633 train_distortion: 0.6727 train_mapscore: 0.6482 train_c: -1.0594 train_max_dist: 24.2085 train_imax: 8.5831 train_imin: -10.0743 time: 1.5118s
INFO:root:Epoch: 0405 lr: 0.001 train_loss: 45900.8750 train_distortion: 0.7272 train_mapscore: 0.6672 train_c: -1.0602 train_max_dist: 24.5652 train_imax: 9.0469 train_imin: -10.3931 time: 1.5127s
INFO:root:Epoch: 0410 lr: 0.001 train_loss: 44934.3633 train_distortion: 0.7856 train_mapscore: 0.6720 train_c: -1.0609 train_max_dist: 24.9716 train_imax: 9.4684 train_imin: -10.6979 time: 1.5150s
INFO:root:Epoch: 0415 lr: 0.001 train_loss: 43960.4922 train_distortion: 0.8486 train_mapscore: 0.6843 train_c: -1.0616 train_max_dist: 25.2800 train_imax: 9.9743 train_imin: -11.3743 time: 1.5085s
INFO:root:Epoch: 0420 lr: 0.001 train_loss: 43094.0039 train_distortion: 0.9161 train_mapscore: 0.6851 train_c: -1.0623 train_max_dist: 25.6169 train_imax: 10.5885 train_imin: -11.4756 time: 1.5090s
INFO:root:Epoch: 0425 lr: 0.001 train_loss: 42137.7734 train_distortion: 0.9875 train_mapscore: 0.6969 train_c: -1.0630 train_max_dist: 25.9287 train_imax: 11.2930 train_imin: -12.1638 time: 1.5109s
INFO:root:Epoch: 0430 lr: 0.001 train_loss: 41209.7578 train_distortion: 1.0631 train_mapscore: 0.7036 train_c: -1.0637 train_max_dist: 26.2312 train_imax: 11.7592 train_imin: -12.7076 time: 1.5150s
INFO:root:Epoch: 0435 lr: 0.001 train_loss: 40316.5977 train_distortion: 1.1442 train_mapscore: 0.7099 train_c: -1.0644 train_max_dist: 26.6174 train_imax: 12.5290 train_imin: -13.3852 time: 1.5152s
INFO:root:Epoch: 0440 lr: 0.001 train_loss: 39342.0820 train_distortion: 1.2296 train_mapscore: 0.7234 train_c: -1.0651 train_max_dist: 26.9751 train_imax: 12.5845 train_imin: -13.6713 time: 1.5120s
INFO:root:Epoch: 0445 lr: 0.001 train_loss: 38497.7266 train_distortion: 1.3187 train_mapscore: 0.7265 train_c: -1.0658 train_max_dist: 27.3347 train_imax: 13.6224 train_imin: -14.5933 time: 1.5060s
INFO:root:Epoch: 0450 lr: 0.001 train_loss: 37783.6406 train_distortion: 1.4116 train_mapscore: 0.7190 train_c: -1.0665 train_max_dist: 27.6472 train_imax: 14.3394 train_imin: -14.9918 time: 1.5033s
INFO:root:Epoch: 0455 lr: 0.001 train_loss: 36992.9375 train_distortion: 1.5083 train_mapscore: 0.7282 train_c: -1.0672 train_max_dist: 27.9463 train_imax: 15.0290 train_imin: -16.0174 time: 1.5034s
INFO:root:Epoch: 0460 lr: 0.001 train_loss: 36082.8828 train_distortion: 1.6115 train_mapscore: 0.7479 train_c: -1.0678 train_max_dist: 28.2085 train_imax: 15.0540 train_imin: -15.7789 time: 1.5040s
INFO:root:Epoch: 0465 lr: 0.001 train_loss: 35149.4922 train_distortion: 1.7224 train_mapscore: 0.7584 train_c: -1.0685 train_max_dist: 28.5801 train_imax: 16.3076 train_imin: -17.2948 time: 1.5062s
INFO:root:Epoch: 0470 lr: 0.001 train_loss: 34253.0469 train_distortion: 1.8345 train_mapscore: 0.7657 train_c: -1.0691 train_max_dist: 28.9158 train_imax: 16.4388 train_imin: -16.3128 time: 1.5057s
INFO:root:Epoch: 0475 lr: 0.001 train_loss: 33448.4258 train_distortion: 1.9526 train_mapscore: 0.7823 train_c: -1.0697 train_max_dist: 29.2766 train_imax: 17.5739 train_imin: -16.3633 time: 1.5024s
INFO:root:Epoch: 0480 lr: 0.001 train_loss: 32636.7852 train_distortion: 2.0756 train_mapscore: 0.7841 train_c: -1.0704 train_max_dist: 29.6338 train_imax: 18.3033 train_imin: -16.9845 time: 1.5079s
INFO:root:Epoch: 0485 lr: 0.001 train_loss: 31866.3887 train_distortion: 2.2025 train_mapscore: 0.8022 train_c: -1.0710 train_max_dist: 30.0264 train_imax: 18.7264 train_imin: -17.3171 time: 1.5116s
INFO:root:Epoch: 0490 lr: 0.001 train_loss: 31047.0586 train_distortion: 2.3331 train_mapscore: 0.8086 train_c: -1.0716 train_max_dist: 30.3906 train_imax: 19.1370 train_imin: -17.4527 time: 1.5044s
INFO:root:Epoch: 0495 lr: 0.001 train_loss: 32336.4883 train_distortion: 2.4488 train_mapscore: 0.7323 train_c: -1.0722 train_max_dist: 30.7334 train_imax: 20.2251 train_imin: -18.3587 time: 1.5121s
INFO:root:Epoch: 0500 lr: 0.001 train_loss: 40807.0117 train_distortion: 2.3588 train_mapscore: 0.4779 train_c: -1.0728 train_max_dist: 30.5459 train_imax: 20.6900 train_imin: -17.9756 time: 1.5284s
INFO:root:Epoch: 0505 lr: 0.001 train_loss: 43114.5391 train_distortion: 2.2956 train_mapscore: 0.4067 train_c: -1.0733 train_max_dist: 30.4575 train_imax: 19.2823 train_imin: -21.1166 time: 1.5428s
INFO:root:Epoch: 0510 lr: 0.001 train_loss: 42216.9219 train_distortion: 2.3042 train_mapscore: 0.4090 train_c: -1.0738 train_max_dist: 30.6201 train_imax: 19.6996 train_imin: -23.4111 time: 1.5527s
INFO:root:Epoch: 0515 lr: 0.001 train_loss: 40627.5352 train_distortion: 2.3625 train_mapscore: 0.4337 train_c: -1.0743 train_max_dist: 30.6465 train_imax: 20.5141 train_imin: -25.0260 time: 1.5511s
INFO:root:Epoch: 0520 lr: 0.001 train_loss: 38817.6875 train_distortion: 2.4524 train_mapscore: 0.4660 train_c: -1.0747 train_max_dist: 31.0576 train_imax: 21.3834 train_imin: -25.9819 time: 1.5471s
INFO:root:Epoch: 0525 lr: 0.001 train_loss: 37119.5078 train_distortion: 2.5633 train_mapscore: 0.5062 train_c: -1.0752 train_max_dist: 31.3984 train_imax: 21.7101 train_imin: -26.9723 time: 1.5430s
INFO:root:Epoch: 0530 lr: 0.001 train_loss: 35607.8125 train_distortion: 2.6869 train_mapscore: 0.5458 train_c: -1.0757 train_max_dist: 31.6338 train_imax: 22.0733 train_imin: -27.7469 time: 1.5409s
INFO:root:Epoch: 0535 lr: 0.001 train_loss: 34276.4883 train_distortion: 2.8207 train_mapscore: 0.5888 train_c: -1.0761 train_max_dist: 32.0098 train_imax: 22.4438 train_imin: -28.4866 time: 1.5365s
INFO:root:Epoch: 0540 lr: 0.001 train_loss: 33090.0391 train_distortion: 2.9619 train_mapscore: 0.6292 train_c: -1.0766 train_max_dist: 32.3975 train_imax: 23.0534 train_imin: -28.9962 time: 1.5351s
INFO:root:Epoch: 0545 lr: 0.001 train_loss: 31989.6875 train_distortion: 3.1096 train_mapscore: 0.6617 train_c: -1.0770 train_max_dist: 32.7549 train_imax: 23.5359 train_imin: -29.4704 time: 1.5236s
INFO:root:Epoch: 0550 lr: 0.001 train_loss: 31035.6016 train_distortion: 3.2608 train_mapscore: 0.6894 train_c: -1.0775 train_max_dist: 33.0684 train_imax: 24.2046 train_imin: -29.9652 time: 1.5235s
INFO:root:Epoch: 0555 lr: 0.001 train_loss: 30125.5156 train_distortion: 3.4172 train_mapscore: 0.7140 train_c: -1.0780 train_max_dist: 33.3921 train_imax: 25.1483 train_imin: -30.5051 time: 1.5227s
INFO:root:Epoch: 0560 lr: 0.001 train_loss: 29347.7305 train_distortion: 3.5772 train_mapscore: 0.7316 train_c: -1.0784 train_max_dist: 33.7100 train_imax: 25.8225 train_imin: -30.7016 time: 1.5203s
INFO:root:Epoch: 0565 lr: 0.001 train_loss: 29152.7676 train_distortion: 3.7342 train_mapscore: 0.7165 train_c: -1.0789 train_max_dist: 33.9927 train_imax: 26.5952 train_imin: -31.4225 time: 1.5197s
INFO:root:Epoch: 0570 lr: 0.001 train_loss: 28646.9316 train_distortion: 3.8983 train_mapscore: 0.7355 train_c: -1.0793 train_max_dist: 34.3179 train_imax: 27.2617 train_imin: -32.3848 time: 1.5229s
INFO:root:Epoch: 0575 lr: 0.001 train_loss: 27871.1953 train_distortion: 4.0586 train_mapscore: 0.7522 train_c: -1.0797 train_max_dist: 34.6104 train_imax: 27.6971 train_imin: -32.9911 time: 1.5202s
INFO:root:Epoch: 0580 lr: 0.001 train_loss: 27079.9238 train_distortion: 4.2283 train_mapscore: 0.7724 train_c: -1.0801 train_max_dist: 34.9287 train_imax: 28.4460 train_imin: -33.5465 time: 1.5152s
INFO:root:Epoch: 0585 lr: 0.001 train_loss: 26296.2070 train_distortion: 4.3992 train_mapscore: 0.7893 train_c: -1.0805 train_max_dist: 35.2363 train_imax: 28.7726 train_imin: -33.7948 time: 1.5152s
INFO:root:Epoch: 0590 lr: 0.001 train_loss: 25928.7617 train_distortion: 4.5735 train_mapscore: 0.7927 train_c: -1.0809 train_max_dist: 35.5156 train_imax: 29.2992 train_imin: -34.4244 time: 1.5198s
INFO:root:Epoch: 0595 lr: 0.001 train_loss: 25554.1211 train_distortion: 4.7465 train_mapscore: 0.7958 train_c: -1.0813 train_max_dist: 35.8452 train_imax: 29.5919 train_imin: -35.3012 time: 1.5195s
INFO:root:Epoch: 0600 lr: 0.001 train_loss: 24960.2461 train_distortion: 4.9219 train_mapscore: 0.8058 train_c: -1.0817 train_max_dist: 36.1543 train_imax: 30.0481 train_imin: -36.1897 time: 1.5140s
INFO:root:Epoch: 0605 lr: 0.001 train_loss: 24298.4648 train_distortion: 5.0976 train_mapscore: 0.8182 train_c: -1.0821 train_max_dist: 36.4287 train_imax: 30.9277 train_imin: -36.3440 time: 1.5295s
INFO:root:Epoch: 0610 lr: 0.001 train_loss: 23715.3125 train_distortion: 5.2777 train_mapscore: 0.8300 train_c: -1.0825 train_max_dist: 36.7266 train_imax: 31.5908 train_imin: -36.9294 time: 1.5266s
INFO:root:Epoch: 0615 lr: 0.001 train_loss: 23196.2676 train_distortion: 5.4618 train_mapscore: 0.8398 train_c: -1.0828 train_max_dist: 37.0029 train_imax: 31.9474 train_imin: -37.8000 time: 1.5266s
INFO:root:Epoch: 0620 lr: 0.001 train_loss: 22692.2012 train_distortion: 5.6491 train_mapscore: 0.8530 train_c: -1.0832 train_max_dist: 37.2822 train_imax: 32.5343 train_imin: -38.6068 time: 1.5250s
INFO:root:Epoch: 0625 lr: 0.001 train_loss: 22201.4219 train_distortion: 5.8403 train_mapscore: 0.8616 train_c: -1.0835 train_max_dist: 37.5791 train_imax: 33.1959 train_imin: -39.3125 time: 1.5268s
INFO:root:Epoch: 0630 lr: 0.001 train_loss: 23070.1523 train_distortion: 6.0264 train_mapscore: 0.8196 train_c: -1.0839 train_max_dist: 37.7900 train_imax: 33.5203 train_imin: -39.0780 time: 1.5275s
INFO:root:Epoch: 0635 lr: 0.001 train_loss: 25040.2695 train_distortion: 6.1577 train_mapscore: 0.7322 train_c: -1.0843 train_max_dist: 38.0244 train_imax: 33.5241 train_imin: -42.9165 time: 1.5317s
INFO:root:Epoch: 0640 lr: 0.001 train_loss: 24449.8164 train_distortion: 6.2842 train_mapscore: 0.7337 train_c: -1.0847 train_max_dist: 38.2529 train_imax: 33.3416 train_imin: -44.2598 time: 1.5296s
INFO:root:Epoch: 0645 lr: 0.001 train_loss: 23477.1328 train_distortion: 6.4323 train_mapscore: 0.7585 train_c: -1.0850 train_max_dist: 38.4639 train_imax: 33.3102 train_imin: -44.7530 time: 1.5321s
INFO:root:Epoch: 0650 lr: 0.001 train_loss: 22594.3828 train_distortion: 6.6058 train_mapscore: 0.7828 train_c: -1.0853 train_max_dist: 38.7295 train_imax: 33.6796 train_imin: -45.4557 time: 1.5290s
INFO:root:Epoch: 0655 lr: 0.001 train_loss: 21758.8516 train_distortion: 6.7887 train_mapscore: 0.8078 train_c: -1.0857 train_max_dist: 38.9102 train_imax: 34.4770 train_imin: -46.3570 time: 1.5317s
INFO:root:Epoch: 0660 lr: 0.001 train_loss: 21011.8516 train_distortion: 6.9855 train_mapscore: 0.8357 train_c: -1.0860 train_max_dist: 39.2334 train_imax: 35.7559 train_imin: -47.4428 time: 1.5301s
INFO:root:Epoch: 0665 lr: 0.001 train_loss: 20433.0234 train_distortion: 7.1874 train_mapscore: 0.8504 train_c: -1.0863 train_max_dist: 39.5146 train_imax: 36.7057 train_imin: -48.5151 time: 1.5287s
INFO:root:Epoch: 0670 lr: 0.001 train_loss: 21056.3945 train_distortion: 7.3873 train_mapscore: 0.8252 train_c: -1.0867 train_max_dist: 39.7549 train_imax: 37.6883 train_imin: -49.3938 time: 1.5287s
INFO:root:Epoch: 0675 lr: 0.001 train_loss: 21067.1445 train_distortion: 7.5571 train_mapscore: 0.8107 train_c: -1.0870 train_max_dist: 39.8984 train_imax: 38.2778 train_imin: -50.3595 time: 1.5291s
INFO:root:Epoch: 0680 lr: 0.001 train_loss: 20347.3281 train_distortion: 7.7319 train_mapscore: 0.8271 train_c: -1.0873 train_max_dist: 40.0605 train_imax: 38.8376 train_imin: -51.4646 time: 1.5271s
INFO:root:Epoch: 0685 lr: 0.001 train_loss: 19576.3535 train_distortion: 7.9238 train_mapscore: 0.8478 train_c: -1.0877 train_max_dist: 40.2461 train_imax: 39.1040 train_imin: -52.3228 time: 1.5281s
INFO:root:Epoch: 0690 lr: 0.001 train_loss: 18890.6191 train_distortion: 8.1288 train_mapscore: 0.8695 train_c: -1.0880 train_max_dist: 40.5176 train_imax: 39.7384 train_imin: -53.1392 time: 1.5269s
INFO:root:Epoch: 0695 lr: 0.001 train_loss: 18391.5547 train_distortion: 8.3419 train_mapscore: 0.8869 train_c: -1.0883 train_max_dist: 40.7559 train_imax: 40.2208 train_imin: -54.1707 time: 1.5262s
INFO:root:Epoch: 0700 lr: 0.001 train_loss: 18019.0449 train_distortion: 8.5624 train_mapscore: 0.8963 train_c: -1.0886 train_max_dist: 41.0605 train_imax: 40.8287 train_imin: -55.0388 time: 1.5293s
INFO:root:Epoch: 0705 lr: 0.001 train_loss: 17505.3828 train_distortion: 8.7841 train_mapscore: 0.9066 train_c: -1.0889 train_max_dist: 41.3613 train_imax: 41.1213 train_imin: -55.8609 time: 1.5295s
INFO:root:Epoch: 0710 lr: 0.001 train_loss: 17168.7188 train_distortion: 9.0078 train_mapscore: 0.9106 train_c: -1.0892 train_max_dist: 41.6055 train_imax: 41.7168 train_imin: -56.8246 time: 1.5280s
INFO:root:Epoch: 0715 lr: 0.001 train_loss: 19437.5332 train_distortion: 9.2236 train_mapscore: 0.8745 train_c: -1.0895 train_max_dist: 41.8789 train_imax: 43.6051 train_imin: -57.7771 time: 1.5313s
INFO:root:Epoch: 0720 lr: 0.001 train_loss: 25362.8828 train_distortion: 9.2667 train_mapscore: 0.7417 train_c: -1.0897 train_max_dist: 42.1094 train_imax: 46.5871 train_imin: -58.0648 time: 1.5404s
INFO:root:Epoch: 0725 lr: 0.001 train_loss: 24783.6680 train_distortion: 9.2702 train_mapscore: 0.7364 train_c: -1.0899 train_max_dist: 42.1621 train_imax: 50.0476 train_imin: -63.2921 time: 1.5390s
INFO:root:Epoch: 0730 lr: 0.001 train_loss: 23581.0430 train_distortion: 9.3172 train_mapscore: 0.7578 train_c: -1.0901 train_max_dist: 42.1670 train_imax: 51.6478 train_imin: -64.0845 time: 1.5294s
INFO:root:Epoch: 0735 lr: 0.001 train_loss: 22245.7070 train_distortion: 9.4118 train_mapscore: 0.7905 train_c: -1.0903 train_max_dist: 42.2793 train_imax: 53.2372 train_imin: -63.0335 time: 1.5270s
INFO:root:Epoch: 0740 lr: 0.001 train_loss: 20843.2676 train_distortion: 9.5474 train_mapscore: 0.8239 train_c: -1.0905 train_max_dist: 42.4023 train_imax: 53.5926 train_imin: -60.1159 time: 1.5274s
INFO:root:Epoch: 0745 lr: 0.001 train_loss: 19865.5430 train_distortion: 9.7102 train_mapscore: 0.8495 train_c: -1.0907 train_max_dist: 42.5918 train_imax: 54.0195 train_imin: -60.6705 time: 1.5283s
INFO:root:Epoch: 0750 lr: 0.001 train_loss: 19009.7910 train_distortion: 9.9002 train_mapscore: 0.8719 train_c: -1.0909 train_max_dist: 42.8203 train_imax: 53.7290 train_imin: -61.4365 time: 1.5213s
INFO:root:Epoch: 0755 lr: 0.001 train_loss: 18624.3008 train_distortion: 10.1031 train_mapscore: 0.8842 train_c: -1.0911 train_max_dist: 43.0215 train_imax: 54.1830 train_imin: -62.1845 time: 1.5221s
INFO:root:Epoch: 0760 lr: 0.001 train_loss: 18213.4219 train_distortion: 10.3139 train_mapscore: 0.8965 train_c: -1.0913 train_max_dist: 43.2930 train_imax: 53.8459 train_imin: -63.1691 time: 1.5222s
INFO:root:Epoch: 0765 lr: 0.001 train_loss: 17712.2383 train_distortion: 10.5225 train_mapscore: 0.9043 train_c: -1.0915 train_max_dist: 43.5703 train_imax: 54.7182 train_imin: -64.0470 time: 1.5216s
INFO:root:Epoch: 0770 lr: 0.001 train_loss: 17104.9551 train_distortion: 10.7416 train_mapscore: 0.9153 train_c: -1.0918 train_max_dist: 43.7754 train_imax: 55.9986 train_imin: -65.1314 time: 1.5166s
INFO:root:Epoch: 0775 lr: 0.001 train_loss: 16370.0449 train_distortion: 10.9624 train_mapscore: 0.9268 train_c: -1.0920 train_max_dist: 44.0059 train_imax: 56.5408 train_imin: -66.0738 time: 1.5221s
INFO:root:Epoch: 0780 lr: 0.001 train_loss: 16170.2168 train_distortion: 11.1922 train_mapscore: 0.9285 train_c: -1.0922 train_max_dist: 44.2520 train_imax: 58.1203 train_imin: -67.2308 time: 1.5168s
INFO:root:Epoch: 0785 lr: 0.001 train_loss: 15776.8916 train_distortion: 11.4264 train_mapscore: 0.9308 train_c: -1.0924 train_max_dist: 44.5059 train_imax: 58.5918 train_imin: -68.2655 time: 1.5148s
INFO:root:Epoch: 0790 lr: 0.001 train_loss: 15414.8867 train_distortion: 11.6612 train_mapscore: 0.9376 train_c: -1.0927 train_max_dist: 44.7148 train_imax: 59.2083 train_imin: -69.3111 time: 1.5164s
INFO:root:Epoch: 0795 lr: 0.001 train_loss: 15299.3809 train_distortion: 11.8970 train_mapscore: 0.9427 train_c: -1.0929 train_max_dist: 44.9902 train_imax: 60.1315 train_imin: -70.3185 time: 1.5284s
INFO:root:Epoch: 0800 lr: 0.001 train_loss: 15454.7441 train_distortion: 12.1312 train_mapscore: 0.9387 train_c: -1.0931 train_max_dist: 45.2227 train_imax: 60.6789 train_imin: -71.5729 time: 1.5274s
INFO:root:Epoch: 0805 lr: 0.001 train_loss: 15149.6465 train_distortion: 12.3588 train_mapscore: 0.9407 train_c: -1.0933 train_max_dist: 45.5312 train_imax: 62.0762 train_imin: -72.6410 time: 1.5290s
INFO:root:Epoch: 0810 lr: 0.001 train_loss: 14481.1182 train_distortion: 12.5907 train_mapscore: 0.9476 train_c: -1.0935 train_max_dist: 45.7773 train_imax: 63.2625 train_imin: -73.5402 time: 1.5270s
INFO:root:Epoch: 0815 lr: 0.001 train_loss: 14965.7764 train_distortion: 12.8224 train_mapscore: 0.9430 train_c: -1.0937 train_max_dist: 45.9746 train_imax: 65.0415 train_imin: -74.7177 time: 1.5297s
INFO:root:Epoch: 0820 lr: 0.001 train_loss: 14515.2070 train_distortion: 13.0430 train_mapscore: 0.9463 train_c: -1.0939 train_max_dist: 46.1289 train_imax: 66.3671 train_imin: -75.6390 time: 1.5342s
INFO:root:Epoch: 0825 lr: 0.001 train_loss: 14241.0908 train_distortion: 13.2649 train_mapscore: 0.9492 train_c: -1.0941 train_max_dist: 46.3359 train_imax: 65.9416 train_imin: -76.5342 time: 1.5288s
INFO:root:Epoch: 0830 lr: 0.001 train_loss: 13992.3828 train_distortion: 13.4877 train_mapscore: 0.9535 train_c: -1.0943 train_max_dist: 46.5820 train_imax: 66.5292 train_imin: -77.5619 time: 1.5312s
INFO:root:Epoch: 0835 lr: 0.001 train_loss: 13790.9258 train_distortion: 13.7046 train_mapscore: 0.9543 train_c: -1.0945 train_max_dist: 46.7676 train_imax: 65.6359 train_imin: -78.7701 time: 1.5268s
INFO:root:Epoch: 0840 lr: 0.001 train_loss: 13508.4902 train_distortion: 13.9155 train_mapscore: 0.9531 train_c: -1.0947 train_max_dist: 46.9355 train_imax: 66.9482 train_imin: -79.6868 time: 1.5302s
INFO:root:Epoch: 0845 lr: 0.001 train_loss: 13026.1328 train_distortion: 14.1313 train_mapscore: 0.9588 train_c: -1.0949 train_max_dist: 47.0938 train_imax: 67.5138 train_imin: -80.5496 time: 1.5257s
INFO:root:Epoch: 0850 lr: 0.001 train_loss: 13568.7324 train_distortion: 14.3552 train_mapscore: 0.9562 train_c: -1.0950 train_max_dist: 47.3242 train_imax: 68.8721 train_imin: -81.7050 time: 1.5298s
INFO:root:Epoch: 0855 lr: 0.001 train_loss: 13489.1035 train_distortion: 14.5655 train_mapscore: 0.9538 train_c: -1.0952 train_max_dist: 47.5000 train_imax: 67.7207 train_imin: -82.7671 time: 1.5257s
INFO:root:Epoch: 0860 lr: 0.001 train_loss: 12745.4434 train_distortion: 14.7770 train_mapscore: 0.9620 train_c: -1.0954 train_max_dist: 47.6680 train_imax: 70.9089 train_imin: -83.6436 time: 1.5332s
INFO:root:Epoch: 0865 lr: 0.001 train_loss: 12405.6230 train_distortion: 14.9868 train_mapscore: 0.9630 train_c: -1.0956 train_max_dist: 47.8320 train_imax: 70.9617 train_imin: -84.8892 time: 1.5325s
INFO:root:Epoch: 0870 lr: 0.001 train_loss: 12352.6904 train_distortion: 15.2021 train_mapscore: 0.9654 train_c: -1.0957 train_max_dist: 48.0547 train_imax: 71.3556 train_imin: -85.8078 time: 1.5335s
INFO:root:Epoch: 0875 lr: 0.001 train_loss: 12026.0566 train_distortion: 15.4177 train_mapscore: 0.9659 train_c: -1.0959 train_max_dist: 48.2324 train_imax: 72.2656 train_imin: -87.1168 time: 1.5316s
INFO:root:Epoch: 0880 lr: 0.001 train_loss: 11865.9912 train_distortion: 15.6404 train_mapscore: 0.9667 train_c: -1.0961 train_max_dist: 48.4277 train_imax: 74.2744 train_imin: -88.0863 time: 1.5319s
INFO:root:Epoch: 0885 lr: 0.001 train_loss: 11918.7217 train_distortion: 15.8617 train_mapscore: 0.9670 train_c: -1.0962 train_max_dist: 48.6250 train_imax: 74.8401 train_imin: -89.1831 time: 1.5301s
INFO:root:Epoch: 0890 lr: 0.001 train_loss: 11875.7744 train_distortion: 16.0808 train_mapscore: 0.9674 train_c: -1.0964 train_max_dist: 48.8125 train_imax: 75.3619 train_imin: -90.4232 time: 1.5259s
INFO:root:Epoch: 0895 lr: 0.001 train_loss: 11463.2402 train_distortion: 16.2914 train_mapscore: 0.9697 train_c: -1.0966 train_max_dist: 49.0078 train_imax: 75.8781 train_imin: -91.2879 time: 1.5276s
INFO:root:Epoch: 0900 lr: 0.001 train_loss: 11533.2266 train_distortion: 16.5062 train_mapscore: 0.9681 train_c: -1.0967 train_max_dist: 49.1641 train_imax: 76.3655 train_imin: -92.6166 time: 1.5278s
INFO:root:Epoch: 0905 lr: 0.001 train_loss: 11675.8066 train_distortion: 16.7178 train_mapscore: 0.9683 train_c: -1.0969 train_max_dist: 49.3105 train_imax: 78.9077 train_imin: -93.5955 time: 1.5272s
INFO:root:Epoch: 0910 lr: 0.001 train_loss: 11625.3066 train_distortion: 16.9124 train_mapscore: 0.9673 train_c: -1.0970 train_max_dist: 49.4727 train_imax: 79.6853 train_imin: -94.5267 time: 1.5250s
INFO:root:Epoch: 0915 lr: 0.001 train_loss: 11623.2031 train_distortion: 17.1034 train_mapscore: 0.9670 train_c: -1.0972 train_max_dist: 49.6250 train_imax: 79.5177 train_imin: -95.4064 time: 1.5284s
INFO:root:Epoch: 0920 lr: 0.001 train_loss: 11898.2617 train_distortion: 17.2940 train_mapscore: 0.9616 train_c: -1.0973 train_max_dist: 49.7852 train_imax: 78.5269 train_imin: -96.1112 time: 1.5276s
INFO:root:Epoch: 0925 lr: 0.001 train_loss: 11755.0293 train_distortion: 17.4668 train_mapscore: 0.9639 train_c: -1.0974 train_max_dist: 49.9023 train_imax: 80.4719 train_imin: -96.5075 time: 1.5301s
INFO:root:Epoch: 0930 lr: 0.001 train_loss: 11367.2080 train_distortion: 17.6341 train_mapscore: 0.9679 train_c: -1.0975 train_max_dist: 50.0000 train_imax: 80.3993 train_imin: -97.7076 time: 1.5290s
INFO:root:Epoch: 0935 lr: 0.001 train_loss: 11476.1484 train_distortion: 17.8112 train_mapscore: 0.9644 train_c: -1.0977 train_max_dist: 50.0000 train_imax: 79.6802 train_imin: -98.4110 time: 1.5248s
INFO:root:Epoch: 0940 lr: 0.001 train_loss: 11364.2812 train_distortion: 17.9839 train_mapscore: 0.9685 train_c: -1.0978 train_max_dist: 50.0000 train_imax: 80.5175 train_imin: -99.2387 time: 1.5247s
INFO:root:Epoch: 0945 lr: 0.001 train_loss: 11186.4268 train_distortion: 18.1451 train_mapscore: 0.9674 train_c: -1.0979 train_max_dist: 50.0000 train_imax: 80.7886 train_imin: -99.7339 time: 1.5200s
INFO:root:Epoch: 0950 lr: 0.001 train_loss: 10986.4121 train_distortion: 18.3091 train_mapscore: 0.9688 train_c: -1.0980 train_max_dist: 50.0000 train_imax: 80.9460 train_imin: -101.0306 time: 1.5180s
INFO:root:Epoch: 0955 lr: 0.001 train_loss: 10980.5908 train_distortion: 18.4770 train_mapscore: 0.9682 train_c: -1.0981 train_max_dist: 50.0000 train_imax: 83.6166 train_imin: -101.4418 time: 1.5140s
INFO:root:Epoch: 0960 lr: 0.001 train_loss: 10674.0000 train_distortion: 18.6363 train_mapscore: 0.9713 train_c: -1.0982 train_max_dist: 50.0000 train_imax: 82.9456 train_imin: -102.0422 time: 1.5179s
INFO:root:Epoch: 0965 lr: 0.001 train_loss: 10330.0898 train_distortion: 18.7966 train_mapscore: 0.9727 train_c: -1.0983 train_max_dist: 50.0000 train_imax: 83.7940 train_imin: -103.1361 time: 1.5129s
INFO:root:Epoch: 0970 lr: 0.001 train_loss: 9990.7588 train_distortion: 18.9593 train_mapscore: 0.9750 train_c: -1.0984 train_max_dist: 50.0000 train_imax: 84.0075 train_imin: -103.9843 time: 1.5102s
INFO:root:Epoch: 0975 lr: 0.001 train_loss: 9899.4814 train_distortion: 19.1323 train_mapscore: 0.9757 train_c: -1.0985 train_max_dist: 50.0000 train_imax: 85.9645 train_imin: -104.8167 time: 1.5157s
INFO:root:Epoch: 0980 lr: 0.001 train_loss: 10370.8057 train_distortion: 19.3028 train_mapscore: 0.9728 train_c: -1.0987 train_max_dist: 50.0000 train_imax: 85.7347 train_imin: -105.5933 time: 1.5162s
INFO:root:Epoch: 0985 lr: 0.001 train_loss: 10114.3809 train_distortion: 19.4651 train_mapscore: 0.9739 train_c: -1.0988 train_max_dist: 50.0000 train_imax: 86.7600 train_imin: -106.3490 time: 1.5073s
INFO:root:Epoch: 0990 lr: 0.001 train_loss: 9734.3867 train_distortion: 19.6253 train_mapscore: 0.9751 train_c: -1.0989 train_max_dist: 50.0000 train_imax: 88.0407 train_imin: -106.9250 time: 1.5118s
INFO:root:Epoch: 0995 lr: 0.001 train_loss: 9411.8516 train_distortion: 19.7821 train_mapscore: 0.9774 train_c: -1.0990 train_max_dist: 50.0000 train_imax: 86.5374 train_imin: -107.6063 time: 1.5209s
INFO:root:Epoch: 1000 lr: 0.001 train_loss: 9546.0576 train_distortion: 19.9459 train_mapscore: 0.9765 train_c: -1.0991 train_max_dist: 50.0000 train_imax: 88.0241 train_imin: -108.7433 time: 1.5313s
INFO:root:Epoch: 1005 lr: 0.001 train_loss: 11773.8770 train_distortion: 20.1024 train_mapscore: 0.9593 train_c: -1.0992 train_max_dist: 50.0000 train_imax: 89.7752 train_imin: -109.8567 time: 1.5273s
INFO:root:Epoch: 1010 lr: 0.001 train_loss: 10846.0645 train_distortion: 20.2246 train_mapscore: 0.9667 train_c: -1.0993 train_max_dist: 50.0000 train_imax: 88.1251 train_imin: -109.9752 time: 1.5327s
INFO:root:Epoch: 1015 lr: 0.001 train_loss: 10564.0244 train_distortion: 20.3361 train_mapscore: 0.9696 train_c: -1.0994 train_max_dist: 50.0000 train_imax: 89.4281 train_imin: -110.9453 time: 1.5281s
INFO:root:Epoch: 1020 lr: 0.001 train_loss: 10056.6846 train_distortion: 20.4552 train_mapscore: 0.9718 train_c: -1.0995 train_max_dist: 50.0000 train_imax: 88.6813 train_imin: -111.7014 time: 1.5269s
INFO:root:Epoch: 1025 lr: 0.001 train_loss: 10131.9229 train_distortion: 20.5634 train_mapscore: 0.9707 train_c: -1.0996 train_max_dist: 50.0000 train_imax: 91.3391 train_imin: -112.4891 time: 1.5219s
INFO:root:Epoch: 1030 lr: 0.001 train_loss: 9861.9023 train_distortion: 20.6829 train_mapscore: 0.9745 train_c: -1.0997 train_max_dist: 50.0000 train_imax: 89.5788 train_imin: -112.6814 time: 1.5209s
INFO:root:Epoch: 1035 lr: 0.001 train_loss: 9543.9336 train_distortion: 20.8026 train_mapscore: 0.9764 train_c: -1.0998 train_max_dist: 50.0000 train_imax: 92.0167 train_imin: -113.0511 time: 1.5231s
INFO:root:Epoch: 1040 lr: 0.001 train_loss: 9337.2500 train_distortion: 20.9189 train_mapscore: 0.9770 train_c: -1.0998 train_max_dist: 50.0000 train_imax: 91.8441 train_imin: -113.8314 time: 1.5272s
INFO:root:Epoch: 1045 lr: 0.001 train_loss: 9401.9092 train_distortion: 21.0373 train_mapscore: 0.9755 train_c: -1.0999 train_max_dist: 50.0000 train_imax: 91.5893 train_imin: -114.4685 time: 1.5235s
INFO:root:Epoch: 1050 lr: 0.001 train_loss: 9554.4297 train_distortion: 21.1648 train_mapscore: 0.9729 train_c: -1.1000 train_max_dist: 50.0000 train_imax: 93.0204 train_imin: -115.0575 time: 1.5300s
INFO:root:Epoch: 1055 lr: 0.001 train_loss: 9860.1895 train_distortion: 21.2790 train_mapscore: 0.9719 train_c: -1.1001 train_max_dist: 50.0000 train_imax: 93.3027 train_imin: -115.5668 time: 1.5266s
INFO:root:Epoch: 1060 lr: 0.001 train_loss: 9696.0449 train_distortion: 21.3823 train_mapscore: 0.9729 train_c: -1.1002 train_max_dist: 50.0000 train_imax: 95.4053 train_imin: -115.9893 time: 1.5257s
INFO:root:Epoch: 1065 lr: 0.001 train_loss: 9531.1328 train_distortion: 21.4746 train_mapscore: 0.9777 train_c: -1.1002 train_max_dist: 50.0000 train_imax: 92.3671 train_imin: -116.0059 time: 1.5282s
INFO:root:Epoch: 1070 lr: 0.001 train_loss: 9366.5586 train_distortion: 21.5690 train_mapscore: 0.9782 train_c: -1.1003 train_max_dist: 50.0000 train_imax: 93.4984 train_imin: -116.1782 time: 1.5264s
INFO:root:Epoch: 1075 lr: 0.001 train_loss: 9042.9531 train_distortion: 21.6663 train_mapscore: 0.9776 train_c: -1.1004 train_max_dist: 50.0000 train_imax: 94.1485 train_imin: -116.7570 time: 1.5268s
INFO:root:Epoch: 1080 lr: 0.001 train_loss: 8941.5225 train_distortion: 21.7626 train_mapscore: 0.9773 train_c: -1.1004 train_max_dist: 50.0000 train_imax: 92.8854 train_imin: -116.9338 time: 1.5282s
INFO:root:Epoch: 1085 lr: 0.001 train_loss: 9329.1357 train_distortion: 21.8764 train_mapscore: 0.9755 train_c: -1.1005 train_max_dist: 50.0000 train_imax: 95.2560 train_imin: -117.6544 time: 1.5268s
INFO:root:Epoch: 1090 lr: 0.001 train_loss: 9227.1396 train_distortion: 21.9656 train_mapscore: 0.9749 train_c: -1.1006 train_max_dist: 50.0000 train_imax: 95.9574 train_imin: -117.5092 time: 1.5271s
INFO:root:Epoch: 1095 lr: 0.001 train_loss: 17257.7969 train_distortion: 21.9644 train_mapscore: 0.9176 train_c: -1.1006 train_max_dist: 50.0000 train_imax: 84.1198 train_imin: -228.8032 time: 1.5365s
INFO:root:Epoch: 1100 lr: 0.001 train_loss: 16531.6992 train_distortion: 21.8256 train_mapscore: 0.9142 train_c: -1.1006 train_max_dist: 50.0000 train_imax: 76.4349 train_imin: -253.3998 time: 1.5347s
INFO:root:Epoch: 1105 lr: 0.001 train_loss: 14777.8223 train_distortion: 21.7008 train_mapscore: 0.9299 train_c: -1.1006 train_max_dist: 50.0000 train_imax: 72.5530 train_imin: -258.1222 time: 1.5311s
INFO:root:Epoch: 1110 lr: 0.001 train_loss: 13733.0332 train_distortion: 21.6097 train_mapscore: 0.9417 train_c: -1.1006 train_max_dist: 50.0000 train_imax: 70.4534 train_imin: -255.8072 time: 1.5312s
INFO:root:Epoch: 1115 lr: 0.001 train_loss: 12626.4180 train_distortion: 21.5603 train_mapscore: 0.9523 train_c: -1.1006 train_max_dist: 50.0000 train_imax: 70.1790 train_imin: -251.4651 time: 1.5293s
INFO:root:Epoch: 1120 lr: 0.001 train_loss: 11666.3926 train_distortion: 21.5608 train_mapscore: 0.9602 train_c: -1.1006 train_max_dist: 50.0000 train_imax: 70.4556 train_imin: -246.1121 time: 1.5284s
INFO:root:Epoch: 1125 lr: 0.001 train_loss: 11045.1445 train_distortion: 21.6027 train_mapscore: 0.9649 train_c: -1.1006 train_max_dist: 50.0000 train_imax: 71.0492 train_imin: -241.5626 time: 1.5276s
INFO:root:Epoch: 1130 lr: 0.001 train_loss: 47542.6562 train_distortion: 20.8349 train_mapscore: 0.5505 train_c: -1.1002 train_max_dist: 50.0000 train_imax: 66.0861 train_imin: -234.2686 time: 1.5460s
INFO:root:Epoch: 1135 lr: 0.001 train_loss: 61945.5312 train_distortion: 19.0382 train_mapscore: 0.3730 train_c: -1.0997 train_max_dist: 50.0000 train_imax: 59.5657 train_imin: -219.4335 time: 1.5727s
INFO:root:Epoch: 1140 lr: 0.001 train_loss: 67713.0312 train_distortion: 17.0629 train_mapscore: 0.2868 train_c: -1.0991 train_max_dist: 50.0000 train_imax: 52.3379 train_imin: -198.2277 time: 1.5871s
INFO:root:Epoch: 1145 lr: 0.001 train_loss: 69145.4688 train_distortion: 15.3948 train_mapscore: 0.2509 train_c: -1.0984 train_max_dist: 49.0781 train_imax: 52.3886 train_imin: -180.3682 time: 1.6054s
INFO:root:Epoch: 1150 lr: 0.001 train_loss: 67950.9219 train_distortion: 14.0500 train_mapscore: 0.2489 train_c: -1.0976 train_max_dist: 47.8184 train_imax: 50.5043 train_imin: -165.6003 time: 1.6062s
INFO:root:Epoch: 1155 lr: 0.001 train_loss: 65393.7539 train_distortion: 12.9935 train_mapscore: 0.2563 train_c: -1.0969 train_max_dist: 46.7461 train_imax: 48.2058 train_imin: -153.8281 time: 1.6086s
INFO:root:Epoch: 1160 lr: 0.001 train_loss: 62287.0547 train_distortion: 12.1565 train_mapscore: 0.2710 train_c: -1.0963 train_max_dist: 45.9258 train_imax: 45.5623 train_imin: -144.8627 time: 1.6051s
INFO:root:Epoch: 1165 lr: 0.001 train_loss: 59217.8516 train_distortion: 11.4845 train_mapscore: 0.2915 train_c: -1.0958 train_max_dist: 45.1641 train_imax: 44.0252 train_imin: -138.2372 time: 1.6044s
INFO:root:Epoch: 1170 lr: 0.001 train_loss: 56522.3750 train_distortion: 10.9449 train_mapscore: 0.3164 train_c: -1.0953 train_max_dist: 44.5859 train_imax: 42.7774 train_imin: -132.8059 time: 1.5989s
INFO:root:Epoch: 1175 lr: 0.001 train_loss: 54523.6406 train_distortion: 10.5046 train_mapscore: 0.3365 train_c: -1.0949 train_max_dist: 44.1074 train_imax: 41.7104 train_imin: -128.2531 time: 1.6432s
INFO:root:Epoch: 1180 lr: 0.001 train_loss: 53835.3828 train_distortion: 10.1103 train_mapscore: 0.3337 train_c: -1.0945 train_max_dist: 43.6680 train_imax: 40.7827 train_imin: -124.0834 time: 1.6112s
INFO:root:Epoch: 1185 lr: 0.001 train_loss: 52567.5859 train_distortion: 9.7875 train_mapscore: 0.3479 train_c: -1.0942 train_max_dist: 43.2910 train_imax: 39.8813 train_imin: -120.7654 time: 1.6047s
INFO:root:Epoch: 1190 lr: 0.001 train_loss: 50979.0391 train_distortion: 9.5270 train_mapscore: 0.3703 train_c: -1.0940 train_max_dist: 42.9785 train_imax: 39.1429 train_imin: -118.3113 time: 1.6069s
INFO:root:Epoch: 1195 lr: 0.001 train_loss: 49609.5430 train_distortion: 9.3216 train_mapscore: 0.3922 train_c: -1.0937 train_max_dist: 42.7461 train_imax: 38.2461 train_imin: -116.2831 time: 1.6079s
INFO:root:Epoch: 1200 lr: 0.001 train_loss: 48495.4727 train_distortion: 9.1439 train_mapscore: 0.4086 train_c: -1.0936 train_max_dist: 42.5508 train_imax: 37.6750 train_imin: -114.3399 time: 1.6027s
INFO:root:Epoch: 1205 lr: 0.001 train_loss: 47332.0703 train_distortion: 9.0033 train_mapscore: 0.4254 train_c: -1.0935 train_max_dist: 42.3828 train_imax: 37.1969 train_imin: -112.6918 time: 1.6002s
INFO:root:Epoch: 1210 lr: 0.001 train_loss: 46237.6953 train_distortion: 8.9032 train_mapscore: 0.4515 train_c: -1.0934 train_max_dist: 42.2480 train_imax: 36.7224 train_imin: -111.4706 time: 1.5932s
INFO:root:Epoch: 1215 lr: 0.001 train_loss: 45313.8008 train_distortion: 8.8353 train_mapscore: 0.4732 train_c: -1.0933 train_max_dist: 42.1523 train_imax: 36.3055 train_imin: -110.5980 time: 1.5970s
INFO:root:Epoch: 1220 lr: 0.001 train_loss: 44644.7969 train_distortion: 8.7746 train_mapscore: 0.4783 train_c: -1.0933 train_max_dist: 42.0645 train_imax: 36.1754 train_imin: -109.8817 time: 1.5912s
INFO:root:Epoch: 1225 lr: 0.001 train_loss: 43928.4453 train_distortion: 8.7384 train_mapscore: 0.4923 train_c: -1.0933 train_max_dist: 42.0254 train_imax: 36.0370 train_imin: -109.3678 time: 1.5902s
INFO:root:Epoch: 1230 lr: 0.001 train_loss: 43234.0312 train_distortion: 8.7282 train_mapscore: 0.5118 train_c: -1.0933 train_max_dist: 42.0273 train_imax: 35.9943 train_imin: -109.1243 time: 1.5916s
INFO:root:Epoch: 1235 lr: 0.001 train_loss: 42628.2734 train_distortion: 8.7282 train_mapscore: 0.5257 train_c: -1.0934 train_max_dist: 42.0254 train_imax: 35.8876 train_imin: -108.8519 time: 1.5901s
INFO:root:Epoch: 1240 lr: 0.001 train_loss: 42075.2500 train_distortion: 8.7426 train_mapscore: 0.5389 train_c: -1.0934 train_max_dist: 42.0508 train_imax: 35.8093 train_imin: -108.6502 time: 1.5869s
INFO:root:Epoch: 1245 lr: 0.001 train_loss: 41478.6406 train_distortion: 8.7751 train_mapscore: 0.5516 train_c: -1.0935 train_max_dist: 42.0898 train_imax: 35.8486 train_imin: -108.6427 time: 1.5848s
INFO:root:Epoch: 1250 lr: 0.001 train_loss: 40944.6484 train_distortion: 8.8221 train_mapscore: 0.5643 train_c: -1.0935 train_max_dist: 42.1504 train_imax: 35.9373 train_imin: -108.9310 time: 1.5854s
INFO:root:Epoch: 1255 lr: 0.001 train_loss: 40442.3398 train_distortion: 8.8805 train_mapscore: 0.5795 train_c: -1.0936 train_max_dist: 42.2090 train_imax: 36.2265 train_imin: -109.3093 time: 1.5875s
INFO:root:Epoch: 1260 lr: 0.001 train_loss: 39966.7109 train_distortion: 8.9468 train_mapscore: 0.5883 train_c: -1.0937 train_max_dist: 42.2930 train_imax: 36.4404 train_imin: -109.7503 time: 1.5803s
INFO:root:Epoch: 1265 lr: 0.001 train_loss: 39495.3125 train_distortion: 9.0232 train_mapscore: 0.5986 train_c: -1.0938 train_max_dist: 42.3750 train_imax: 36.6810 train_imin: -110.2314 time: 1.5823s
INFO:root:Epoch: 1270 lr: 0.001 train_loss: 39097.5000 train_distortion: 9.1045 train_mapscore: 0.6010 train_c: -1.0939 train_max_dist: 42.4805 train_imax: 36.9649 train_imin: -110.8485 time: 1.5846s
INFO:root:Epoch: 1275 lr: 0.001 train_loss: 38677.3672 train_distortion: 9.1914 train_mapscore: 0.6109 train_c: -1.0940 train_max_dist: 42.5898 train_imax: 37.2313 train_imin: -111.4910 time: 1.5831s
INFO:root:Epoch: 1280 lr: 0.001 train_loss: 38253.2500 train_distortion: 9.2844 train_mapscore: 0.6184 train_c: -1.0941 train_max_dist: 42.6992 train_imax: 37.5807 train_imin: -112.1931 time: 1.5814s
INFO:root:Epoch: 1285 lr: 0.001 train_loss: 37866.0547 train_distortion: 9.3839 train_mapscore: 0.6265 train_c: -1.0942 train_max_dist: 42.8164 train_imax: 37.7667 train_imin: -112.9587 time: 1.5803s
INFO:root:Epoch: 1290 lr: 0.001 train_loss: 37479.7617 train_distortion: 9.4887 train_mapscore: 0.6338 train_c: -1.0943 train_max_dist: 42.9414 train_imax: 38.0686 train_imin: -113.7553 time: 1.5686s
INFO:root:Epoch: 1295 lr: 0.001 train_loss: 37082.7891 train_distortion: 9.5991 train_mapscore: 0.6402 train_c: -1.0944 train_max_dist: 43.0742 train_imax: 38.2682 train_imin: -114.6007 time: 1.5688s
INFO:root:Epoch: 1300 lr: 0.001 train_loss: 36699.3750 train_distortion: 9.7141 train_mapscore: 0.6504 train_c: -1.0945 train_max_dist: 43.2109 train_imax: 38.6582 train_imin: -115.5166 time: 1.5661s
INFO:root:Epoch: 1305 lr: 0.001 train_loss: 36339.8750 train_distortion: 9.8343 train_mapscore: 0.6557 train_c: -1.0946 train_max_dist: 43.3516 train_imax: 39.1777 train_imin: -116.5627 time: 1.5649s
INFO:root:Epoch: 1310 lr: 0.001 train_loss: 35989.4531 train_distortion: 9.9585 train_mapscore: 0.6636 train_c: -1.0947 train_max_dist: 43.4902 train_imax: 39.6026 train_imin: -117.5432 time: 1.5653s
INFO:root:Epoch: 1315 lr: 0.001 train_loss: 35615.9258 train_distortion: 10.0863 train_mapscore: 0.6701 train_c: -1.0948 train_max_dist: 43.6367 train_imax: 39.9984 train_imin: -118.6315 time: 1.5639s
INFO:root:Epoch: 1320 lr: 0.001 train_loss: 35243.8516 train_distortion: 10.2182 train_mapscore: 0.6728 train_c: -1.0949 train_max_dist: 43.7812 train_imax: 40.1074 train_imin: -119.6992 time: 1.5626s
INFO:root:Epoch: 1325 lr: 0.001 train_loss: 34975.6484 train_distortion: 10.3479 train_mapscore: 0.6741 train_c: -1.0950 train_max_dist: 43.9277 train_imax: 40.5201 train_imin: -120.8479 time: 1.5731s
INFO:root:Epoch: 1330 lr: 0.001 train_loss: 34645.3359 train_distortion: 10.4780 train_mapscore: 0.6770 train_c: -1.0951 train_max_dist: 44.0859 train_imax: 40.7728 train_imin: -121.9275 time: 1.5770s
INFO:root:Epoch: 1335 lr: 0.001 train_loss: 34329.2617 train_distortion: 10.6149 train_mapscore: 0.6841 train_c: -1.0952 train_max_dist: 44.2422 train_imax: 41.2100 train_imin: -123.0107 time: 1.5763s
INFO:root:Epoch: 1340 lr: 0.001 train_loss: 33963.2266 train_distortion: 10.7579 train_mapscore: 0.6916 train_c: -1.0954 train_max_dist: 44.3828 train_imax: 41.8444 train_imin: -124.0627 time: 1.5730s
INFO:root:Epoch: 1345 lr: 0.001 train_loss: 33628.3203 train_distortion: 10.9055 train_mapscore: 0.6964 train_c: -1.0955 train_max_dist: 44.5488 train_imax: 42.4725 train_imin: -125.0950 time: 1.5721s
INFO:root:Epoch: 1350 lr: 0.001 train_loss: 33281.2812 train_distortion: 11.0568 train_mapscore: 0.7029 train_c: -1.0956 train_max_dist: 44.6992 train_imax: 42.8782 train_imin: -126.3707 time: 1.5683s
INFO:root:Epoch: 1355 lr: 0.001 train_loss: 32963.1367 train_distortion: 11.2080 train_mapscore: 0.7062 train_c: -1.0957 train_max_dist: 44.8574 train_imax: 43.4347 train_imin: -127.6338 time: 1.5800s
INFO:root:Epoch: 1360 lr: 0.001 train_loss: 32646.1094 train_distortion: 11.3648 train_mapscore: 0.7121 train_c: -1.0958 train_max_dist: 45.0254 train_imax: 43.9691 train_imin: -129.0171 time: 1.5689s
INFO:root:Epoch: 1365 lr: 0.001 train_loss: 32959.9805 train_distortion: 11.5075 train_mapscore: 0.6871 train_c: -1.0959 train_max_dist: 45.1836 train_imax: 44.0692 train_imin: -130.0446 time: 1.5725s
INFO:root:Epoch: 1370 lr: 0.001 train_loss: 32790.9375 train_distortion: 11.6341 train_mapscore: 0.6858 train_c: -1.0960 train_max_dist: 45.3438 train_imax: 44.8858 train_imin: -131.0228 time: 1.5697s
INFO:root:Epoch: 1375 lr: 0.001 train_loss: 32375.7910 train_distortion: 11.7682 train_mapscore: 0.6986 train_c: -1.0961 train_max_dist: 45.5117 train_imax: 45.4384 train_imin: -132.0885 time: 1.5661s
INFO:root:Epoch: 1380 lr: 0.001 train_loss: 31955.9707 train_distortion: 11.9124 train_mapscore: 0.7123 train_c: -1.0962 train_max_dist: 45.6562 train_imax: 46.0616 train_imin: -133.2374 time: 1.5689s
INFO:root:Epoch: 1385 lr: 0.001 train_loss: 31559.8105 train_distortion: 12.0641 train_mapscore: 0.7208 train_c: -1.0963 train_max_dist: 45.8223 train_imax: 46.5259 train_imin: -134.5458 time: 1.5693s
INFO:root:Epoch: 1390 lr: 0.001 train_loss: 35455.3359 train_distortion: 12.0837 train_mapscore: 0.5625 train_c: -1.0963 train_max_dist: 45.8184 train_imax: 47.8266 train_imin: -134.4960 time: 1.5665s
INFO:root:Epoch: 1395 lr: 0.001 train_loss: 36123.4219 train_distortion: 12.0666 train_mapscore: 0.5406 train_c: -1.0963 train_max_dist: 45.7812 train_imax: 48.2355 train_imin: -134.4149 time: 1.5713s
INFO:root:Epoch: 1400 lr: 0.001 train_loss: 35172.2891 train_distortion: 12.0596 train_mapscore: 0.5590 train_c: -1.0963 train_max_dist: 45.7676 train_imax: 48.5941 train_imin: -134.5256 time: 1.5686s
INFO:root:Epoch: 1405 lr: 0.001 train_loss: 34078.4844 train_distortion: 12.0807 train_mapscore: 0.5861 train_c: -1.0964 train_max_dist: 45.7871 train_imax: 48.9895 train_imin: -134.9846 time: 1.5691s
INFO:root:Epoch: 1410 lr: 0.001 train_loss: 33259.8672 train_distortion: 12.1142 train_mapscore: 0.6099 train_c: -1.0964 train_max_dist: 45.8223 train_imax: 48.6500 train_imin: -135.3889 time: 1.5668s
INFO:root:Epoch: 1415 lr: 0.001 train_loss: 32417.6328 train_distortion: 12.1793 train_mapscore: 0.6419 train_c: -1.0965 train_max_dist: 45.8945 train_imax: 48.5878 train_imin: -135.9175 time: 1.5639s
INFO:root:Epoch: 1420 lr: 0.001 train_loss: 31680.4941 train_distortion: 12.2761 train_mapscore: 0.6672 train_c: -1.0966 train_max_dist: 45.9766 train_imax: 48.8399 train_imin: -136.7964 time: 1.5566s
INFO:root:Epoch: 1425 lr: 0.001 train_loss: 31037.4805 train_distortion: 12.3970 train_mapscore: 0.6909 train_c: -1.0967 train_max_dist: 46.0957 train_imax: 48.9593 train_imin: -137.8604 time: 1.5559s
INFO:root:Epoch: 1430 lr: 0.001 train_loss: 30491.1250 train_distortion: 12.5400 train_mapscore: 0.7082 train_c: -1.0968 train_max_dist: 46.2402 train_imax: 49.5704 train_imin: -139.2110 time: 1.5594s
INFO:root:Epoch: 1435 lr: 0.001 train_loss: 30043.1016 train_distortion: 12.6988 train_mapscore: 0.7244 train_c: -1.0970 train_max_dist: 46.3926 train_imax: 49.8758 train_imin: -140.7764 time: 1.5572s
INFO:root:Epoch: 1440 lr: 0.001 train_loss: 29611.1875 train_distortion: 12.8717 train_mapscore: 0.7369 train_c: -1.0971 train_max_dist: 46.5625 train_imax: 50.3973 train_imin: -142.3257 time: 1.5507s
INFO:root:Epoch: 1445 lr: 0.001 train_loss: 29228.6172 train_distortion: 13.0567 train_mapscore: 0.7501 train_c: -1.0972 train_max_dist: 46.7461 train_imax: 50.9727 train_imin: -144.0255 time: 1.5498s
INFO:root:Epoch: 1450 lr: 0.001 train_loss: 28865.1035 train_distortion: 13.2506 train_mapscore: 0.7588 train_c: -1.0973 train_max_dist: 46.9375 train_imax: 51.5646 train_imin: -145.8237 time: 1.5494s
INFO:root:Epoch: 1455 lr: 0.001 train_loss: 28564.7266 train_distortion: 13.4504 train_mapscore: 0.7662 train_c: -1.0975 train_max_dist: 47.1367 train_imax: 52.1689 train_imin: -147.6868 time: 1.5517s
INFO:root:Epoch: 1460 lr: 0.001 train_loss: 28342.8516 train_distortion: 13.6545 train_mapscore: 0.7714 train_c: -1.0976 train_max_dist: 47.3281 train_imax: 52.8371 train_imin: -149.4440 time: 1.5551s
INFO:root:Epoch: 1465 lr: 0.001 train_loss: 27997.3359 train_distortion: 13.8624 train_mapscore: 0.7786 train_c: -1.0977 train_max_dist: 47.5195 train_imax: 53.5131 train_imin: -151.5024 time: 1.5438s
INFO:root:Epoch: 1470 lr: 0.001 train_loss: 27750.6914 train_distortion: 14.0736 train_mapscore: 0.7815 train_c: -1.0978 train_max_dist: 47.7070 train_imax: 54.1275 train_imin: -153.5227 time: 1.5548s
INFO:root:Epoch: 1475 lr: 0.001 train_loss: 27500.5078 train_distortion: 14.2856 train_mapscore: 0.7888 train_c: -1.0979 train_max_dist: 47.9180 train_imax: 54.9384 train_imin: -155.6104 time: 1.5577s
INFO:root:Epoch: 1480 lr: 0.001 train_loss: 27365.2793 train_distortion: 14.4995 train_mapscore: 0.7886 train_c: -1.0980 train_max_dist: 48.1094 train_imax: 55.6606 train_imin: -157.5483 time: 1.5588s
INFO:root:Epoch: 1485 lr: 0.001 train_loss: 27071.2383 train_distortion: 14.7148 train_mapscore: 0.7954 train_c: -1.0982 train_max_dist: 48.3008 train_imax: 56.3688 train_imin: -159.5640 time: 1.5623s
INFO:root:Epoch: 1490 lr: 0.001 train_loss: 26894.8477 train_distortion: 14.9299 train_mapscore: 0.7962 train_c: -1.0983 train_max_dist: 48.4766 train_imax: 56.8508 train_imin: -161.6493 time: 1.5685s
INFO:root:Epoch: 1495 lr: 0.001 train_loss: 27974.5234 train_distortion: 15.0901 train_mapscore: 0.7450 train_c: -1.0984 train_max_dist: 48.6055 train_imax: 57.3212 train_imin: -162.8832 time: 1.5616s
INFO:root:Epoch: 1500 lr: 0.001 train_loss: 28225.9766 train_distortion: 15.2068 train_mapscore: 0.7273 train_c: -1.0985 train_max_dist: 48.6914 train_imax: 58.1069 train_imin: -163.4379 time: 1.5590s
INFO:root:Epoch: 1505 lr: 0.001 train_loss: 27763.9453 train_distortion: 15.3332 train_mapscore: 0.7395 train_c: -1.0986 train_max_dist: 48.8008 train_imax: 58.2122 train_imin: -164.6039 time: 1.5653s
INFO:root:Epoch: 1510 lr: 0.001 train_loss: 27265.6367 train_distortion: 15.4770 train_mapscore: 0.7567 train_c: -1.0987 train_max_dist: 48.9141 train_imax: 58.2735 train_imin: -166.1115 time: 1.5586s
INFO:root:Epoch: 1515 lr: 0.001 train_loss: 27151.8750 train_distortion: 15.6508 train_mapscore: 0.7578 train_c: -1.0988 train_max_dist: 49.0742 train_imax: 58.4710 train_imin: -167.9521 time: 1.5606s
INFO:root:Epoch: 1520 lr: 0.001 train_loss: 26879.2305 train_distortion: 15.8356 train_mapscore: 0.7698 train_c: -1.0988 train_max_dist: 49.2305 train_imax: 58.9898 train_imin: -169.7532 time: 1.5620s
INFO:root:Epoch: 1525 lr: 0.001 train_loss: 26342.7500 train_distortion: 16.0241 train_mapscore: 0.7843 train_c: -1.0989 train_max_dist: 49.3906 train_imax: 59.9316 train_imin: -171.7468 time: 1.5670s
INFO:root:Epoch: 1530 lr: 0.001 train_loss: 25811.4883 train_distortion: 16.2188 train_mapscore: 0.8019 train_c: -1.0990 train_max_dist: 49.5703 train_imax: 60.7383 train_imin: -173.7239 time: 1.5662s
INFO:root:Epoch: 1535 lr: 0.001 train_loss: 27187.1172 train_distortion: 16.4113 train_mapscore: 0.7517 train_c: -1.0992 train_max_dist: 49.7227 train_imax: 61.4438 train_imin: -175.7867 time: 1.5589s
INFO:root:Epoch: 1540 lr: 0.001 train_loss: 28409.0312 train_distortion: 16.5634 train_mapscore: 0.7058 train_c: -1.0996 train_max_dist: 49.8125 train_imax: 61.4789 train_imin: -177.2554 time: 1.5565s
INFO:root:Epoch: 1545 lr: 0.001 train_loss: 27871.2305 train_distortion: 16.6900 train_mapscore: 0.7160 train_c: -1.0998 train_max_dist: 49.9297 train_imax: 61.9684 train_imin: -178.7662 time: 1.5573s
INFO:root:Epoch: 1550 lr: 0.001 train_loss: 27184.3867 train_distortion: 16.8114 train_mapscore: 0.7368 train_c: -1.0999 train_max_dist: 50.0000 train_imax: 62.0559 train_imin: -179.8358 time: 1.5587s
INFO:root:Epoch: 1555 lr: 0.001 train_loss: 26408.4648 train_distortion: 16.9425 train_mapscore: 0.7639 train_c: -1.1000 train_max_dist: 50.0000 train_imax: 62.7411 train_imin: -180.8619 time: 1.5548s
INFO:root:Epoch: 1560 lr: 0.001 train_loss: 25734.3145 train_distortion: 17.0904 train_mapscore: 0.7865 train_c: -1.1001 train_max_dist: 50.0000 train_imax: 63.2561 train_imin: -182.0867 time: 1.5613s
INFO:root:Epoch: 1565 lr: 0.001 train_loss: 25222.3633 train_distortion: 17.2582 train_mapscore: 0.7995 train_c: -1.1001 train_max_dist: 50.0000 train_imax: 64.0660 train_imin: -183.5514 time: 1.5621s
INFO:root:Epoch: 1570 lr: 0.001 train_loss: 24835.2773 train_distortion: 17.4488 train_mapscore: 0.8122 train_c: -1.1002 train_max_dist: 50.0000 train_imax: 64.7347 train_imin: -185.3331 time: 1.5610s
INFO:root:Epoch: 1575 lr: 0.001 train_loss: 24465.6875 train_distortion: 17.6494 train_mapscore: 0.8206 train_c: -1.1003 train_max_dist: 50.0000 train_imax: 65.2295 train_imin: -187.2224 time: 1.5586s
INFO:root:Epoch: 1580 lr: 0.001 train_loss: 24370.9648 train_distortion: 17.8586 train_mapscore: 0.8231 train_c: -1.1003 train_max_dist: 50.0000 train_imax: 65.8105 train_imin: -189.0199 time: 1.5558s
INFO:root:Epoch: 1585 lr: 0.001 train_loss: 24133.5352 train_distortion: 18.0739 train_mapscore: 0.8286 train_c: -1.1004 train_max_dist: 50.0000 train_imax: 66.7711 train_imin: -191.2474 time: 1.5468s
INFO:root:Epoch: 1590 lr: 0.001 train_loss: 23715.9922 train_distortion: 18.2908 train_mapscore: 0.8360 train_c: -1.1005 train_max_dist: 50.0000 train_imax: 67.3778 train_imin: -193.5315 time: 1.5414s
INFO:root:Epoch: 1595 lr: 0.001 train_loss: 23555.0664 train_distortion: 18.5171 train_mapscore: 0.8404 train_c: -1.1005 train_max_dist: 50.0000 train_imax: 67.9587 train_imin: -195.4585 time: 1.5502s
INFO:root:Epoch: 1600 lr: 0.001 train_loss: 23256.0957 train_distortion: 18.7507 train_mapscore: 0.8450 train_c: -1.1006 train_max_dist: 50.0000 train_imax: 68.7767 train_imin: -197.7974 time: 1.5435s
INFO:root:Epoch: 1605 lr: 0.001 train_loss: 23011.1113 train_distortion: 18.9745 train_mapscore: 0.8506 train_c: -1.1006 train_max_dist: 50.0000 train_imax: 69.5746 train_imin: -200.1282 time: 1.5468s
INFO:root:Epoch: 1610 lr: 0.001 train_loss: 23013.3086 train_distortion: 19.2074 train_mapscore: 0.8498 train_c: -1.1007 train_max_dist: 50.0000 train_imax: 70.2283 train_imin: -202.3071 time: 1.5412s
INFO:root:Epoch: 1615 lr: 0.001 train_loss: 22687.0469 train_distortion: 19.4416 train_mapscore: 0.8542 train_c: -1.1007 train_max_dist: 50.0000 train_imax: 71.0753 train_imin: -204.6906 time: 1.5466s
INFO:root:Epoch: 1620 lr: 0.001 train_loss: 22499.0000 train_distortion: 19.6787 train_mapscore: 0.8571 train_c: -1.1008 train_max_dist: 50.0000 train_imax: 71.8889 train_imin: -207.0689 time: 1.5388s
INFO:root:Epoch: 1625 lr: 0.001 train_loss: 22152.4512 train_distortion: 19.9191 train_mapscore: 0.8623 train_c: -1.1008 train_max_dist: 50.0000 train_imax: 72.5062 train_imin: -209.4236 time: 1.5449s
INFO:root:Epoch: 1630 lr: 0.001 train_loss: 22059.8574 train_distortion: 20.1605 train_mapscore: 0.8615 train_c: -1.1009 train_max_dist: 50.0000 train_imax: 73.1097 train_imin: -212.0558 time: 1.5438s
INFO:root:Epoch: 1635 lr: 0.001 train_loss: 21730.5039 train_distortion: 20.4056 train_mapscore: 0.8669 train_c: -1.1009 train_max_dist: 50.0000 train_imax: 74.1179 train_imin: -214.1766 time: 1.5408s
INFO:root:Epoch: 1640 lr: 0.001 train_loss: 21564.2500 train_distortion: 20.6522 train_mapscore: 0.8680 train_c: -1.1009 train_max_dist: 50.0000 train_imax: 74.8181 train_imin: -216.4792 time: 1.5610s
INFO:root:Epoch: 1645 lr: 0.001 train_loss: 21309.9805 train_distortion: 20.8980 train_mapscore: 0.8704 train_c: -1.1010 train_max_dist: 50.0000 train_imax: 75.8535 train_imin: -219.1803 time: 1.5541s
INFO:root:Epoch: 1650 lr: 0.001 train_loss: 21314.9336 train_distortion: 21.1435 train_mapscore: 0.8709 train_c: -1.1010 train_max_dist: 50.0000 train_imax: 76.4990 train_imin: -221.6791 time: 1.5536s
INFO:root:Epoch: 1655 lr: 0.001 train_loss: 21208.6484 train_distortion: 21.3891 train_mapscore: 0.8729 train_c: -1.1010 train_max_dist: 50.0000 train_imax: 77.2210 train_imin: -224.0342 time: 1.5516s
INFO:root:Epoch: 1660 lr: 0.001 train_loss: 24705.5762 train_distortion: 21.6112 train_mapscore: 0.7942 train_c: -1.1012 train_max_dist: 50.0000 train_imax: 78.6462 train_imin: -226.4548 time: 1.5554s
INFO:root:Epoch: 1665 lr: 0.001 train_loss: 24741.1230 train_distortion: 21.7518 train_mapscore: 0.7762 train_c: -1.1013 train_max_dist: 50.0000 train_imax: 78.6887 train_imin: -227.6753 time: 1.5613s
INFO:root:Epoch: 1670 lr: 0.001 train_loss: 23704.2148 train_distortion: 21.8430 train_mapscore: 0.7993 train_c: -1.1013 train_max_dist: 50.0000 train_imax: 79.5872 train_imin: -228.4933 time: 1.5541s
INFO:root:Epoch: 1675 lr: 0.001 train_loss: 24145.8438 train_distortion: 21.8612 train_mapscore: 0.7894 train_c: -1.1013 train_max_dist: 50.0000 train_imax: 80.1636 train_imin: -228.7104 time: 1.5516s
INFO:root:Epoch: 1680 lr: 0.001 train_loss: 23152.9531 train_distortion: 21.9035 train_mapscore: 0.8085 train_c: -1.1013 train_max_dist: 50.0000 train_imax: 80.3446 train_imin: -229.0826 time: 1.5574s
INFO:root:Epoch: 1685 lr: 0.001 train_loss: 22392.2539 train_distortion: 21.9807 train_mapscore: 0.8278 train_c: -1.1012 train_max_dist: 50.0000 train_imax: 81.1135 train_imin: -229.3098 time: 1.5591s
INFO:root:Epoch: 1690 lr: 0.001 train_loss: 21709.1797 train_distortion: 22.0958 train_mapscore: 0.8500 train_c: -1.1012 train_max_dist: 50.0000 train_imax: 81.4080 train_imin: -230.5649 time: 1.5519s
INFO:root:Epoch: 1695 lr: 0.001 train_loss: 21625.0742 train_distortion: 22.2183 train_mapscore: 0.8521 train_c: -1.1012 train_max_dist: 50.0000 train_imax: 81.6296 train_imin: -232.0201 time: 1.5547s
INFO:root:Epoch: 1700 lr: 0.001 train_loss: 22283.3750 train_distortion: 22.3183 train_mapscore: 0.8381 train_c: -1.1013 train_max_dist: 50.0000 train_imax: 82.0513 train_imin: -233.0382 time: 1.5508s
INFO:root:Epoch: 1705 lr: 0.001 train_loss: 21718.3477 train_distortion: 22.4408 train_mapscore: 0.8509 train_c: -1.1013 train_max_dist: 50.0000 train_imax: 82.6907 train_imin: -234.4961 time: 1.5540s
INFO:root:Epoch: 1710 lr: 0.001 train_loss: 21132.4062 train_distortion: 22.5838 train_mapscore: 0.8638 train_c: -1.1013 train_max_dist: 50.0000 train_imax: 82.8871 train_imin: -236.2062 time: 1.5561s
INFO:root:Epoch: 1715 lr: 0.001 train_loss: 20739.3477 train_distortion: 22.7529 train_mapscore: 0.8735 train_c: -1.1014 train_max_dist: 50.0000 train_imax: 83.8448 train_imin: -237.8062 time: 1.5573s
INFO:root:Epoch: 1720 lr: 0.001 train_loss: 20394.9375 train_distortion: 22.9443 train_mapscore: 0.8787 train_c: -1.1014 train_max_dist: 50.0000 train_imax: 84.6115 train_imin: -240.0547 time: 1.5518s
INFO:root:Epoch: 1725 lr: 0.001 train_loss: 20244.8105 train_distortion: 23.1505 train_mapscore: 0.8813 train_c: -1.1014 train_max_dist: 50.0000 train_imax: 85.2659 train_imin: -242.2400 time: 1.5497s
INFO:root:Epoch: 1730 lr: 0.001 train_loss: 20010.6309 train_distortion: 23.3684 train_mapscore: 0.8858 train_c: -1.1014 train_max_dist: 50.0000 train_imax: 85.6162 train_imin: -244.2698 time: 1.5531s
INFO:root:Epoch: 1735 lr: 0.001 train_loss: 19686.5352 train_distortion: 23.5973 train_mapscore: 0.8891 train_c: -1.1015 train_max_dist: 50.0000 train_imax: 86.5836 train_imin: -246.7231 time: 1.5572s
INFO:root:Epoch: 1740 lr: 0.001 train_loss: 19680.5000 train_distortion: 23.8262 train_mapscore: 0.8898 train_c: -1.1015 train_max_dist: 50.0000 train_imax: 87.3232 train_imin: -249.3765 time: 1.5520s
INFO:root:Epoch: 1745 lr: 0.001 train_loss: 19379.8965 train_distortion: 24.0631 train_mapscore: 0.8932 train_c: -1.1015 train_max_dist: 50.0000 train_imax: 88.2591 train_imin: -251.7773 time: 1.5545s
INFO:root:Epoch: 1750 lr: 0.001 train_loss: 19354.9961 train_distortion: 24.2917 train_mapscore: 0.8944 train_c: -1.1015 train_max_dist: 50.0000 train_imax: 88.4888 train_imin: -254.2523 time: 1.5573s
INFO:root:Epoch: 1755 lr: 0.001 train_loss: 19358.5625 train_distortion: 24.5217 train_mapscore: 0.8951 train_c: -1.1015 train_max_dist: 50.0000 train_imax: 89.3807 train_imin: -256.8188 time: 1.5550s
INFO:root:Epoch: 1760 lr: 0.001 train_loss: 19047.3418 train_distortion: 24.7465 train_mapscore: 0.8973 train_c: -1.1015 train_max_dist: 50.0000 train_imax: 89.5452 train_imin: -259.2688 time: 1.5469s
INFO:root:Epoch: 1765 lr: 0.001 train_loss: 19343.7988 train_distortion: 24.9666 train_mapscore: 0.8957 train_c: -1.1014 train_max_dist: 50.0000 train_imax: 90.8079 train_imin: -261.5880 time: 1.5493s
INFO:root:Epoch: 1770 lr: 0.001 train_loss: 20089.0977 train_distortion: 25.1521 train_mapscore: 0.8868 train_c: -1.1014 train_max_dist: 50.0000 train_imax: 92.0414 train_imin: -263.4023 time: 1.5422s
INFO:root:Epoch: 1775 lr: 0.001 train_loss: 25150.3438 train_distortion: 25.2422 train_mapscore: 0.7991 train_c: -1.1014 train_max_dist: 50.0000 train_imax: 92.2112 train_imin: -264.0360 time: 1.5478s
INFO:root:Epoch: 1780 lr: 0.001 train_loss: 24855.8066 train_distortion: 25.2504 train_mapscore: 0.8043 train_c: -1.1013 train_max_dist: 50.0000 train_imax: 97.1847 train_imin: -263.6929 time: 1.5506s
INFO:root:Epoch: 1785 lr: 0.001 train_loss: 23680.8125 train_distortion: 25.2158 train_mapscore: 0.8227 train_c: -1.1012 train_max_dist: 50.0000 train_imax: 98.5606 train_imin: -263.4255 time: 1.5453s
INFO:root:Epoch: 1790 lr: 0.001 train_loss: 22438.9766 train_distortion: 25.1898 train_mapscore: 0.8440 train_c: -1.1011 train_max_dist: 50.0000 train_imax: 96.2396 train_imin: -263.4446 time: 1.5485s
INFO:root:Epoch: 1795 lr: 0.001 train_loss: 21413.4453 train_distortion: 25.2047 train_mapscore: 0.8620 train_c: -1.1009 train_max_dist: 50.0000 train_imax: 92.7420 train_imin: -263.5129 time: 1.5441s
INFO:root:Epoch: 1800 lr: 0.001 train_loss: 21784.1719 train_distortion: 25.2576 train_mapscore: 0.8621 train_c: -1.1009 train_max_dist: 50.0000 train_imax: 93.7128 train_imin: -264.9075 time: 1.5558s
INFO:root:Epoch: 1805 lr: 0.001 train_loss: 21148.0469 train_distortion: 25.3287 train_mapscore: 0.8740 train_c: -1.1008 train_max_dist: 50.0000 train_imax: 94.2344 train_imin: -265.5801 time: 1.5548s
INFO:root:Epoch: 1810 lr: 0.001 train_loss: 20585.6289 train_distortion: 25.4246 train_mapscore: 0.8812 train_c: -1.1007 train_max_dist: 50.0000 train_imax: 94.5103 train_imin: -266.9801 time: 1.5530s
INFO:root:Epoch: 1815 lr: 0.001 train_loss: 19956.0020 train_distortion: 25.5469 train_mapscore: 0.8865 train_c: -1.1006 train_max_dist: 50.0000 train_imax: 95.1121 train_imin: -268.0859 time: 1.5535s
INFO:root:Epoch: 1820 lr: 0.001 train_loss: 20220.7422 train_distortion: 25.6704 train_mapscore: 0.8860 train_c: -1.1006 train_max_dist: 50.0000 train_imax: 95.0297 train_imin: -269.7174 time: 1.5522s
INFO:root:Epoch: 1825 lr: 0.001 train_loss: 21078.8828 train_distortion: 25.7225 train_mapscore: 0.8674 train_c: -1.1005 train_max_dist: 50.0000 train_imax: 95.8405 train_imin: -269.7743 time: 1.5554s
INFO:root:Epoch: 1830 lr: 0.001 train_loss: 20354.7266 train_distortion: 25.7780 train_mapscore: 0.8741 train_c: -1.1004 train_max_dist: 50.0000 train_imax: 95.7291 train_imin: -270.3490 time: 1.5550s
INFO:root:Epoch: 1835 lr: 0.001 train_loss: 19614.0469 train_distortion: 25.8687 train_mapscore: 0.8881 train_c: -1.1004 train_max_dist: 50.0000 train_imax: 95.7656 train_imin: -271.8680 time: 1.5683s
INFO:root:Epoch: 1840 lr: 0.001 train_loss: 19103.9258 train_distortion: 25.9999 train_mapscore: 0.8929 train_c: -1.1003 train_max_dist: 50.0000 train_imax: 96.7287 train_imin: -273.0236 time: 1.5601s
INFO:root:Epoch: 1845 lr: 0.001 train_loss: 18731.2734 train_distortion: 26.1611 train_mapscore: 0.8985 train_c: -1.1003 train_max_dist: 50.0000 train_imax: 96.8644 train_imin: -274.6731 time: 1.5592s
INFO:root:Epoch: 1850 lr: 0.001 train_loss: 18530.4922 train_distortion: 26.3466 train_mapscore: 0.9011 train_c: -1.1003 train_max_dist: 50.0000 train_imax: 97.4237 train_imin: -276.8008 time: 1.5540s
INFO:root:Epoch: 1855 lr: 0.001 train_loss: 18384.8027 train_distortion: 26.5515 train_mapscore: 0.9043 train_c: -1.1002 train_max_dist: 50.0000 train_imax: 98.5909 train_imin: -279.4503 time: 1.5570s
INFO:root:Epoch: 1860 lr: 0.001 train_loss: 18274.0547 train_distortion: 26.7593 train_mapscore: 0.9060 train_c: -1.1002 train_max_dist: 50.0000 train_imax: 99.3236 train_imin: -281.6337 time: 1.5576s
INFO:root:Epoch: 1865 lr: 0.001 train_loss: 17942.8828 train_distortion: 26.9677 train_mapscore: 0.9100 train_c: -1.1002 train_max_dist: 50.0000 train_imax: 99.4612 train_imin: -283.5734 time: 1.5551s
INFO:root:Epoch: 1870 lr: 0.001 train_loss: 17949.2402 train_distortion: 27.1853 train_mapscore: 0.9105 train_c: -1.1002 train_max_dist: 50.0000 train_imax: 100.3171 train_imin: -286.4604 time: 1.5557s
INFO:root:Epoch: 1875 lr: 0.001 train_loss: 18685.3379 train_distortion: 27.3880 train_mapscore: 0.9017 train_c: -1.1001 train_max_dist: 50.0000 train_imax: 100.9839 train_imin: -288.3246 time: 1.5590s
INFO:root:Epoch: 1880 lr: 0.001 train_loss: 18724.9531 train_distortion: 27.5557 train_mapscore: 0.8965 train_c: -1.1001 train_max_dist: 50.0000 train_imax: 101.7015 train_imin: -289.6295 time: 1.5621s
INFO:root:Epoch: 1885 lr: 0.001 train_loss: 18825.9609 train_distortion: 27.7167 train_mapscore: 0.8985 train_c: -1.1001 train_max_dist: 50.0000 train_imax: 102.0790 train_imin: -291.0989 time: 1.5585s
INFO:root:Epoch: 1890 lr: 0.001 train_loss: 18425.1953 train_distortion: 27.8592 train_mapscore: 0.9030 train_c: -1.1000 train_max_dist: 50.0000 train_imax: 102.5570 train_imin: -292.2817 time: 1.5569s
INFO:root:Epoch: 1895 lr: 0.001 train_loss: 18060.4082 train_distortion: 28.0030 train_mapscore: 0.9073 train_c: -1.0999 train_max_dist: 50.0000 train_imax: 102.8866 train_imin: -294.1553 time: 1.5522s
INFO:root:Epoch: 1900 lr: 0.001 train_loss: 35955.5000 train_distortion: 28.1811 train_mapscore: 0.7093 train_c: -1.0998 train_max_dist: 50.0000 train_imax: 148.9092 train_imin: -302.7744 time: 1.5685s
INFO:root:Epoch: 1905 lr: 0.001 train_loss: 58853.9688 train_distortion: 27.8961 train_mapscore: 0.4287 train_c: -1.0988 train_max_dist: 50.0000 train_imax: 245.4038 train_imin: -305.5555 time: 1.5799s
INFO:root:Epoch: 1910 lr: 0.001 train_loss: 62344.8984 train_distortion: 26.7511 train_mapscore: 0.3879 train_c: -1.0978 train_max_dist: 50.0000 train_imax: 190.1746 train_imin: -295.6705 time: 1.5808s
INFO:root:Epoch: 1915 lr: 0.001 train_loss: 59578.1719 train_distortion: 25.3082 train_mapscore: 0.3929 train_c: -1.0966 train_max_dist: 50.0000 train_imax: 161.6952 train_imin: -281.7299 time: 1.5880s
INFO:root:Epoch: 1920 lr: 0.001 train_loss: 55301.2109 train_distortion: 23.8861 train_mapscore: 0.4256 train_c: -1.0956 train_max_dist: 50.0000 train_imax: 145.1615 train_imin: -267.6005 time: 1.5868s
INFO:root:Epoch: 1925 lr: 0.001 train_loss: 51262.4219 train_distortion: 22.6175 train_mapscore: 0.4613 train_c: -1.0946 train_max_dist: 50.0000 train_imax: 136.5791 train_imin: -254.9041 time: 1.5826s
INFO:root:Epoch: 1930 lr: 0.001 train_loss: 48027.4336 train_distortion: 21.5191 train_mapscore: 0.4977 train_c: -1.0938 train_max_dist: 50.0000 train_imax: 132.2281 train_imin: -243.5137 time: 1.5764s
INFO:root:Epoch: 1935 lr: 0.001 train_loss: 45745.6875 train_distortion: 20.5980 train_mapscore: 0.5199 train_c: -1.0930 train_max_dist: 50.0000 train_imax: 129.3668 train_imin: -233.2568 time: 1.5761s
INFO:root:Epoch: 1940 lr: 0.001 train_loss: 43306.7578 train_distortion: 19.8422 train_mapscore: 0.5550 train_c: -1.0924 train_max_dist: 50.0000 train_imax: 126.6046 train_imin: -224.6195 time: 1.5833s
INFO:root:Epoch: 1945 lr: 0.001 train_loss: 41742.2031 train_distortion: 19.2250 train_mapscore: 0.5709 train_c: -1.0918 train_max_dist: 50.0000 train_imax: 125.2365 train_imin: -217.3964 time: 1.5851s
INFO:root:Epoch: 1950 lr: 0.001 train_loss: 40178.5703 train_distortion: 18.7091 train_mapscore: 0.5974 train_c: -1.0913 train_max_dist: 50.0000 train_imax: 124.6617 train_imin: -211.7585 time: 1.5864s
INFO:root:Epoch: 1955 lr: 0.001 train_loss: 38635.6328 train_distortion: 18.3076 train_mapscore: 0.6210 train_c: -1.0908 train_max_dist: 50.0000 train_imax: 124.4375 train_imin: -207.8640 time: 1.5833s
INFO:root:Epoch: 1960 lr: 0.001 train_loss: 37380.5469 train_distortion: 18.0003 train_mapscore: 0.6501 train_c: -1.0904 train_max_dist: 50.0000 train_imax: 123.9191 train_imin: -205.5036 time: 1.5832s
INFO:root:Epoch: 1965 lr: 0.001 train_loss: 36179.8477 train_distortion: 17.7666 train_mapscore: 0.6706 train_c: -1.0901 train_max_dist: 50.0000 train_imax: 124.0961 train_imin: -202.7328 time: 1.5832s
INFO:root:Epoch: 1970 lr: 0.001 train_loss: 35030.9375 train_distortion: 17.6004 train_mapscore: 0.6934 train_c: -1.0898 train_max_dist: 50.0000 train_imax: 124.7744 train_imin: -200.7419 time: 1.5815s
INFO:root:Epoch: 1975 lr: 0.001 train_loss: 34102.4297 train_distortion: 17.4952 train_mapscore: 0.7115 train_c: -1.0896 train_max_dist: 50.0000 train_imax: 125.6348 train_imin: -199.1243 time: 1.5767s
INFO:root:Epoch: 1980 lr: 0.001 train_loss: 33319.2344 train_distortion: 17.4319 train_mapscore: 0.7275 train_c: -1.0894 train_max_dist: 50.0000 train_imax: 126.6269 train_imin: -197.5891 time: 1.5795s
INFO:root:Epoch: 1985 lr: 0.001 train_loss: 32599.9180 train_distortion: 17.4087 train_mapscore: 0.7440 train_c: -1.0892 train_max_dist: 50.0000 train_imax: 128.2642 train_imin: -196.7145 time: 1.5784s
INFO:root:Epoch: 1990 lr: 0.001 train_loss: 32080.6328 train_distortion: 17.4168 train_mapscore: 0.7505 train_c: -1.0890 train_max_dist: 50.0000 train_imax: 129.6540 train_imin: -196.1691 time: 1.5798s
INFO:root:Epoch: 1995 lr: 0.001 train_loss: 31532.8242 train_distortion: 17.4529 train_mapscore: 0.7604 train_c: -1.0889 train_max_dist: 50.0000 train_imax: 131.3936 train_imin: -196.0676 time: 1.5754s
INFO:root:Epoch: 2000 lr: 0.00025 train_loss: 31211.7988 train_distortion: 17.5006 train_mapscore: 0.7636 train_c: -1.0888 train_max_dist: 50.0000 train_imax: 133.0290 train_imin: -196.0923 time: 1.5797s
INFO:root:Optimization Finished!
INFO:root:Total time elapsed: 3136.1710s
INFO:root:Val set results: val_distortion: 1.0000 val_mapscore: -1.0000 val_c: -1.0000 val_max_dist: 0.0000
INFO:root:Test set results: test_loss: 31052.0293 test_distortion: 17.5129 test_mapscore: 0.7671 test_c: -1.0888 test_max_dist: 50.0000 test_imax: 133.2288 test_imin: -196.1331
INFO:root:Saved model in /workspace/xiongbo/hgcn/logs/md/2021_5_22/12
