INFO:root:Using: cuda:0
INFO:root:Using seed 1234.
INFO:root:MDModel(
  (encoder): HGCN(
    (layers): Sequential(
      (0): HyperbolicGraphConvolution(
        (linear): HypLinear(
          in_features=3032, out_features=10, c=Parameter containing:
          tensor([-1.], requires_grad=True)
        )
        (agg): HypAgg(
          c=Parameter containing:
          tensor([-1.], requires_grad=True)
        )
        (hyp_act): HypAct(
          c_in=Parameter containing:
          tensor([-1.], requires_grad=True), c_out=Parameter containing:
          tensor([-1.], requires_grad=True)
        )
      )
    )
  )
  (decoder): MDDecoder()
)
INFO:root:Total number of parameters: 30332
/workspace/anaconda3/envs/geo/lib/python3.7/site-packages/torch/optim/lr_scheduler.py:370: UserWarning: To get the last learning rate computed by the scheduler, please use `get_last_lr()`.
  "please use `get_last_lr()`.", UserWarning)
INFO:root:Epoch: 0005 lr: 0.01 train_loss: 96909.6094 train_distortion: 0.6527 train_mapscore: 0.1485 train_c: -1.0001 train_max_dist: 2.8832 train_imax: -0.0000 train_imin: -1.1172 time: 1.8306s
INFO:root:Epoch: 0010 lr: 0.01 train_loss: 94493.4688 train_distortion: 0.6152 train_mapscore: 0.2668 train_c: -1.0006 train_max_dist: 3.6657 train_imax: -0.0000 train_imin: -1.1940 time: 1.6881s
INFO:root:Epoch: 0015 lr: 0.01 train_loss: 93388.0156 train_distortion: 0.6000 train_mapscore: 0.3182 train_c: -1.0011 train_max_dist: 4.7503 train_imax: -0.0000 train_imin: -1.2632 time: 1.6460s
INFO:root:Epoch: 0020 lr: 0.01 train_loss: 92564.4922 train_distortion: 0.5875 train_mapscore: 0.3449 train_c: -1.0017 train_max_dist: 4.5870 train_imax: 0.1615 train_imin: -1.2451 time: 1.6212s
INFO:root:Epoch: 0025 lr: 0.01 train_loss: 92233.5234 train_distortion: 0.5754 train_mapscore: 0.3505 train_c: -1.0022 train_max_dist: 4.6439 train_imax: -0.0000 train_imin: -1.2397 time: 1.6257s
INFO:root:Epoch: 0030 lr: 0.01 train_loss: 92157.5781 train_distortion: 0.5634 train_mapscore: 0.3459 train_c: -1.0028 train_max_dist: 4.8267 train_imax: -0.0000 train_imin: -1.2336 time: 1.6002s
INFO:root:Epoch: 0035 lr: 0.01 train_loss: 91926.8828 train_distortion: 0.5505 train_mapscore: 0.3334 train_c: -1.0033 train_max_dist: 6.3198 train_imax: 0.0507 train_imin: -1.1948 time: 1.6479s
INFO:root:Epoch: 0040 lr: 0.01 train_loss: 91360.1562 train_distortion: 0.5368 train_mapscore: 0.3334 train_c: -1.0039 train_max_dist: 5.7475 train_imax: 0.1087 train_imin: -1.2402 time: 1.6156s
INFO:root:Epoch: 0045 lr: 0.01 train_loss: 90700.7500 train_distortion: 0.5206 train_mapscore: 0.3360 train_c: -1.0045 train_max_dist: 7.0415 train_imax: 0.1925 train_imin: -1.2626 time: 1.5985s
INFO:root:Epoch: 0050 lr: 0.01 train_loss: 90296.8516 train_distortion: 0.5053 train_mapscore: 0.3379 train_c: -1.0050 train_max_dist: 8.6315 train_imax: 0.1921 train_imin: -1.2989 time: 1.6303s
INFO:root:Epoch: 0055 lr: 0.01 train_loss: 89488.9219 train_distortion: 0.4877 train_mapscore: 0.3340 train_c: -1.0056 train_max_dist: 9.0607 train_imax: 0.3015 train_imin: -1.2901 time: 1.6032s
INFO:root:Epoch: 0060 lr: 0.01 train_loss: 88777.1953 train_distortion: 0.4685 train_mapscore: 0.3374 train_c: -1.0061 train_max_dist: 9.6357 train_imax: 0.4025 train_imin: -1.3020 time: 1.5878s
INFO:root:Epoch: 0065 lr: 0.01 train_loss: 88201.1875 train_distortion: 0.4479 train_mapscore: 0.3352 train_c: -1.0067 train_max_dist: 9.8906 train_imax: 0.4861 train_imin: -1.3249 time: 1.5852s
INFO:root:Epoch: 0070 lr: 0.01 train_loss: 87176.3906 train_distortion: 0.4236 train_mapscore: 0.3316 train_c: -1.0072 train_max_dist: 9.8281 train_imax: 0.6313 train_imin: -1.2032 time: 1.5755s
INFO:root:Epoch: 0075 lr: 0.01 train_loss: 86147.5000 train_distortion: 0.3963 train_mapscore: 0.3216 train_c: -1.0077 train_max_dist: 10.1250 train_imax: 0.6897 train_imin: -1.1885 time: 1.5835s
INFO:root:Epoch: 0080 lr: 0.01 train_loss: 84902.5156 train_distortion: 0.3650 train_mapscore: 0.3211 train_c: -1.0082 train_max_dist: 9.8594 train_imax: 0.8361 train_imin: -1.1525 time: 1.5707s
INFO:root:Epoch: 0085 lr: 0.01 train_loss: 83491.2969 train_distortion: 0.3272 train_mapscore: 0.3167 train_c: -1.0087 train_max_dist: 9.8750 train_imax: 0.8286 train_imin: -1.1028 time: 1.5760s
INFO:root:Epoch: 0090 lr: 0.01 train_loss: 81804.7188 train_distortion: 0.2835 train_mapscore: 0.3113 train_c: -1.0091 train_max_dist: 9.8281 train_imax: 0.7716 train_imin: -1.1260 time: 1.5738s
INFO:root:Epoch: 0095 lr: 0.01 train_loss: 80279.6484 train_distortion: 0.2384 train_mapscore: 0.3037 train_c: -1.0095 train_max_dist: 9.9688 train_imax: 1.0072 train_imin: -1.2124 time: 1.6305s
INFO:root:Epoch: 0100 lr: 0.01 train_loss: 79037.3281 train_distortion: 0.2085 train_mapscore: 0.2714 train_c: -1.0097 train_max_dist: 10.5000 train_imax: 1.0834 train_imin: -1.3236 time: 1.6968s
INFO:root:Epoch: 0105 lr: 0.01 train_loss: 78688.5156 train_distortion: 0.2147 train_mapscore: 0.2294 train_c: -1.0099 train_max_dist: 10.3952 train_imax: 1.9926 train_imin: -1.3213 time: 1.7920s
INFO:root:Epoch: 0110 lr: 0.01 train_loss: 74370.2031 train_distortion: 0.2250 train_mapscore: 0.2177 train_c: -1.0101 train_max_dist: 11.3282 train_imax: 2.4312 train_imin: -1.4382 time: 1.6472s
INFO:root:Epoch: 0115 lr: 0.01 train_loss: 70576.7031 train_distortion: 0.2697 train_mapscore: 0.2495 train_c: -1.0102 train_max_dist: 13.0000 train_imax: 1.1526 train_imin: -1.2619 time: 1.5930s
INFO:root:Epoch: 0120 lr: 0.01 train_loss: 67129.1250 train_distortion: 0.2330 train_mapscore: 0.3091 train_c: -1.0099 train_max_dist: 13.4583 train_imax: 1.1011 train_imin: -1.2044 time: 1.6371s
INFO:root:Epoch: 0125 lr: 0.01 train_loss: 63355.3438 train_distortion: 0.1966 train_mapscore: 0.3628 train_c: -1.0095 train_max_dist: 14.7673 train_imax: 3.3455 train_imin: -1.3008 time: 1.6663s
INFO:root:Epoch: 0130 lr: 0.01 train_loss: 60624.2422 train_distortion: 0.2203 train_mapscore: 0.3552 train_c: -1.0089 train_max_dist: 16.2298 train_imax: 3.1486 train_imin: -1.3006 time: 1.6873s
INFO:root:Epoch: 0135 lr: 0.01 train_loss: 59101.1875 train_distortion: 0.2865 train_mapscore: 0.3490 train_c: -1.0082 train_max_dist: 16.8755 train_imax: 6.9984 train_imin: -1.3981 time: 1.7437s
INFO:root:Epoch: 0140 lr: 0.01 train_loss: 55410.6484 train_distortion: 0.4155 train_mapscore: 0.3786 train_c: -1.0075 train_max_dist: 22.0000 train_imax: 6.4736 train_imin: -1.4270 time: 1.7420s
INFO:root:Epoch: 0145 lr: 0.01 train_loss: 51555.3359 train_distortion: 0.6176 train_mapscore: 0.4278 train_c: -1.0067 train_max_dist: 18.0863 train_imax: 4.4575 train_imin: -1.3428 time: 1.7180s
INFO:root:Epoch: 0150 lr: 0.01 train_loss: 48963.8242 train_distortion: 0.8728 train_mapscore: 0.4472 train_c: -1.0061 train_max_dist: 19.2806 train_imax: 3.4888 train_imin: -1.3655 time: 1.7226s
INFO:root:Epoch: 0155 lr: 0.01 train_loss: 45681.7891 train_distortion: 1.2341 train_mapscore: 0.4941 train_c: -1.0055 train_max_dist: 20.0592 train_imax: 5.0272 train_imin: -1.4912 time: 1.7257s
INFO:root:Epoch: 0160 lr: 0.01 train_loss: 43872.0391 train_distortion: 1.6251 train_mapscore: 0.5156 train_c: -1.0049 train_max_dist: 20.7215 train_imax: 5.3904 train_imin: -1.4356 time: 1.7200s
INFO:root:Epoch: 0165 lr: 0.01 train_loss: 41984.3047 train_distortion: 2.0738 train_mapscore: 0.5464 train_c: -1.0044 train_max_dist: 21.6508 train_imax: 5.0242 train_imin: -1.5536 time: 1.7323s
INFO:root:Epoch: 0170 lr: 0.01 train_loss: 41445.0625 train_distortion: 2.4975 train_mapscore: 0.5648 train_c: -1.0041 train_max_dist: 22.6166 train_imax: 4.6599 train_imin: -1.3393 time: 1.7332s
INFO:root:Epoch: 0175 lr: 0.01 train_loss: 42490.2188 train_distortion: 2.7853 train_mapscore: 0.5495 train_c: -1.0039 train_max_dist: 22.9612 train_imax: 4.5178 train_imin: -1.3491 time: 1.7410s
INFO:root:Epoch: 0180 lr: 0.01 train_loss: 40322.8984 train_distortion: 3.0584 train_mapscore: 0.5870 train_c: -1.0037 train_max_dist: 23.0491 train_imax: 4.1466 train_imin: -1.4046 time: 1.7357s
INFO:root:Epoch: 0185 lr: 0.01 train_loss: 38681.3828 train_distortion: 3.2041 train_mapscore: 0.6150 train_c: -1.0038 train_max_dist: 23.1752 train_imax: 5.5243 train_imin: -1.4723 time: 1.7308s
INFO:root:Epoch: 0190 lr: 0.01 train_loss: 43755.2500 train_distortion: 2.9876 train_mapscore: 0.5552 train_c: -1.0041 train_max_dist: 23.3175 train_imax: 11.6971 train_imin: -1.3617 time: 1.7550s
INFO:root:Epoch: 0195 lr: 0.01 train_loss: 46007.8750 train_distortion: 2.8745 train_mapscore: 0.5221 train_c: -1.0043 train_max_dist: 23.2826 train_imax: 11.6748 train_imin: -1.3253 time: 1.7645s
INFO:root:Epoch: 0200 lr: 0.01 train_loss: 45097.3945 train_distortion: 2.8434 train_mapscore: 0.5328 train_c: -1.0044 train_max_dist: 23.3805 train_imax: 11.5913 train_imin: -1.3948 time: 1.7641s
INFO:root:Epoch: 0205 lr: 0.01 train_loss: 43809.7578 train_distortion: 2.8246 train_mapscore: 0.5535 train_c: -1.0045 train_max_dist: 23.2565 train_imax: 11.7623 train_imin: -1.5471 time: 1.7553s
INFO:root:Epoch: 0210 lr: 0.01 train_loss: 42037.8281 train_distortion: 2.9220 train_mapscore: 0.5842 train_c: -1.0044 train_max_dist: 22.9837 train_imax: 12.1493 train_imin: -1.5618 time: 1.7498s
INFO:root:Epoch: 0215 lr: 0.01 train_loss: 40045.2578 train_distortion: 3.1163 train_mapscore: 0.6223 train_c: -1.0044 train_max_dist: 22.8449 train_imax: 12.6581 train_imin: -1.5064 time: 1.7415s
INFO:root:Epoch: 0220 lr: 0.01 train_loss: 38611.2969 train_distortion: 3.3299 train_mapscore: 0.6518 train_c: -1.0044 train_max_dist: 22.9877 train_imax: 13.0056 train_imin: -1.5079 time: 1.7408s
INFO:root:Epoch: 0225 lr: 0.01 train_loss: 37925.5859 train_distortion: 3.5629 train_mapscore: 0.6680 train_c: -1.0043 train_max_dist: 23.1649 train_imax: 13.2542 train_imin: -1.4621 time: 1.7410s
INFO:root:Epoch: 0230 lr: 0.01 train_loss: 36732.3164 train_distortion: 3.8348 train_mapscore: 0.6901 train_c: -1.0043 train_max_dist: 23.3675 train_imax: 13.5141 train_imin: -1.4395 time: 1.7329s
INFO:root:Epoch: 0235 lr: 0.01 train_loss: 35304.2500 train_distortion: 4.1302 train_mapscore: 0.7203 train_c: -1.0042 train_max_dist: 23.6356 train_imax: 13.6613 train_imin: -1.4633 time: 1.7315s
INFO:root:Epoch: 0240 lr: 0.01 train_loss: 33857.8906 train_distortion: 4.4060 train_mapscore: 0.7477 train_c: -1.0042 train_max_dist: 23.8548 train_imax: 13.8134 train_imin: -1.4734 time: 1.7266s
INFO:root:Epoch: 0245 lr: 0.01 train_loss: 33769.8867 train_distortion: 4.5987 train_mapscore: 0.7510 train_c: -1.0042 train_max_dist: 23.9400 train_imax: 14.2457 train_imin: -1.4191 time: 1.7273s
INFO:root:Epoch: 0250 lr: 0.01 train_loss: 33258.2969 train_distortion: 4.8209 train_mapscore: 0.7614 train_c: -1.0041 train_max_dist: 24.1030 train_imax: 14.4196 train_imin: -1.3635 time: 1.7276s
INFO:root:Epoch: 0255 lr: 0.01 train_loss: 32218.7363 train_distortion: 5.0500 train_mapscore: 0.7809 train_c: -1.0041 train_max_dist: 24.2551 train_imax: 14.4075 train_imin: -1.3297 time: 1.7239s
INFO:root:Epoch: 0260 lr: 0.01 train_loss: 36154.9141 train_distortion: 4.6352 train_mapscore: 0.7186 train_c: -1.0045 train_max_dist: 23.7160 train_imax: 13.7559 train_imin: -1.5626 time: 1.7342s
INFO:root:Epoch: 0265 lr: 0.01 train_loss: 43516.0781 train_distortion: 4.0240 train_mapscore: 0.5993 train_c: -1.0049 train_max_dist: 22.7619 train_imax: 12.7375 train_imin: -1.6237 time: 1.7553s
INFO:root:Epoch: 0270 lr: 0.01 train_loss: 45809.5547 train_distortion: 3.5631 train_mapscore: 0.5571 train_c: -1.0052 train_max_dist: 21.9251 train_imax: 11.7836 train_imin: -1.5255 time: 1.7673s
INFO:root:Epoch: 0275 lr: 0.01 train_loss: 45610.9180 train_distortion: 3.2536 train_mapscore: 0.5559 train_c: -1.0053 train_max_dist: 21.3117 train_imax: 11.0211 train_imin: -1.4165 time: 1.7634s
INFO:root:Epoch: 0280 lr: 0.01 train_loss: 44550.1641 train_distortion: 3.0967 train_mapscore: 0.5658 train_c: -1.0054 train_max_dist: 20.9344 train_imax: 10.5245 train_imin: -1.4629 time: 1.7503s
INFO:root:Epoch: 0285 lr: 0.01 train_loss: 43400.2461 train_distortion: 3.0407 train_mapscore: 0.5835 train_c: -1.0055 train_max_dist: 20.7607 train_imax: 10.2353 train_imin: -1.5064 time: 1.7499s
INFO:root:Epoch: 0290 lr: 0.01 train_loss: 42556.0156 train_distortion: 3.0412 train_mapscore: 0.5952 train_c: -1.0055 train_max_dist: 20.6604 train_imax: 10.0810 train_imin: -1.4644 time: 1.7435s
INFO:root:Epoch: 0295 lr: 0.01 train_loss: 41702.5312 train_distortion: 3.1196 train_mapscore: 0.6096 train_c: -1.0055 train_max_dist: 20.7124 train_imax: 10.0775 train_imin: -1.3390 time: 1.7441s
INFO:root:Epoch: 0300 lr: 0.01 train_loss: 40796.2500 train_distortion: 3.2353 train_mapscore: 0.6242 train_c: -1.0055 train_max_dist: 20.8518 train_imax: 10.1391 train_imin: -1.3313 time: 1.7415s
INFO:root:Epoch: 0305 lr: 0.01 train_loss: 43222.6484 train_distortion: 2.9296 train_mapscore: 0.5872 train_c: -1.0058 train_max_dist: 20.3866 train_imax: 9.5306 train_imin: -1.4926 time: 1.7460s
INFO:root:Epoch: 0310 lr: 0.01 train_loss: 45615.9141 train_distortion: 2.7071 train_mapscore: 0.5505 train_c: -1.0061 train_max_dist: 19.7467 train_imax: 8.8388 train_imin: -1.4950 time: 1.7555s
INFO:root:Epoch: 0315 lr: 0.01 train_loss: 47016.3672 train_distortion: 2.5562 train_mapscore: 0.5296 train_c: -1.0063 train_max_dist: 19.3579 train_imax: 8.3397 train_imin: -1.4650 time: 1.7624s
INFO:root:Epoch: 0320 lr: 0.01 train_loss: 47194.7773 train_distortion: 2.4727 train_mapscore: 0.5256 train_c: -1.0064 train_max_dist: 19.2181 train_imax: 8.4278 train_imin: -1.3732 time: 1.7582s
INFO:root:Epoch: 0325 lr: 0.01 train_loss: 47272.7070 train_distortion: 2.3383 train_mapscore: 0.5242 train_c: -1.0065 train_max_dist: 18.9862 train_imax: 7.9772 train_imin: -1.4384 time: 1.7664s
INFO:root:Epoch: 0330 lr: 0.01 train_loss: 46894.6406 train_distortion: 2.3228 train_mapscore: 0.5287 train_c: -1.0065 train_max_dist: 20.0000 train_imax: 7.7708 train_imin: -1.4422 time: 1.7651s
INFO:root:Epoch: 0335 lr: 0.01 train_loss: 46233.1797 train_distortion: 2.3987 train_mapscore: 0.5364 train_c: -1.0065 train_max_dist: 19.3057 train_imax: 7.8599 train_imin: -1.4318 time: 1.8003s
INFO:root:Epoch: 0340 lr: 0.01 train_loss: 45370.3594 train_distortion: 2.5300 train_mapscore: 0.5486 train_c: -1.0065 train_max_dist: 19.7087 train_imax: 8.0533 train_imin: -1.4147 time: 1.7563s
INFO:root:Epoch: 0345 lr: 0.01 train_loss: 44458.0156 train_distortion: 2.6946 train_mapscore: 0.5632 train_c: -1.0065 train_max_dist: 20.1594 train_imax: 8.4278 train_imin: -1.3936 time: 1.7524s
INFO:root:Epoch: 0350 lr: 0.01 train_loss: 43470.0625 train_distortion: 2.8754 train_mapscore: 0.5807 train_c: -1.0064 train_max_dist: 20.6152 train_imax: 8.8477 train_imin: -1.3765 time: 1.7485s
INFO:root:Epoch: 0355 lr: 0.01 train_loss: 42533.6953 train_distortion: 3.0599 train_mapscore: 0.5970 train_c: -1.0064 train_max_dist: 21.0482 train_imax: 9.2394 train_imin: -1.3679 time: 1.7513s
INFO:root:Epoch: 0360 lr: 0.01 train_loss: 41629.4805 train_distortion: 3.2296 train_mapscore: 0.6128 train_c: -1.0064 train_max_dist: 21.4361 train_imax: 9.5679 train_imin: -1.3795 time: 1.7484s
INFO:root:Epoch: 0365 lr: 0.01 train_loss: 40800.1797 train_distortion: 3.3845 train_mapscore: 0.6287 train_c: -1.0063 train_max_dist: 21.7519 train_imax: 9.8173 train_imin: -1.3904 time: 1.7394s
INFO:root:Epoch: 0370 lr: 0.01 train_loss: 40080.0781 train_distortion: 3.4469 train_mapscore: 0.6437 train_c: -1.0063 train_max_dist: 21.8551 train_imax: 9.8178 train_imin: -1.3747 time: 1.7466s
INFO:root:Epoch: 0375 lr: 0.01 train_loss: 39485.1836 train_distortion: 3.5256 train_mapscore: 0.6556 train_c: -1.0063 train_max_dist: 21.9737 train_imax: 9.8167 train_imin: -1.3673 time: 1.7398s
INFO:root:Epoch: 0380 lr: 0.01 train_loss: 39025.3438 train_distortion: 3.6068 train_mapscore: 0.6648 train_c: -1.0064 train_max_dist: 22.0283 train_imax: 9.7535 train_imin: -1.3749 time: 1.7375s
INFO:root:Epoch: 0385 lr: 0.01 train_loss: 39043.4258 train_distortion: 3.6552 train_mapscore: 0.6630 train_c: -1.0064 train_max_dist: 21.9772 train_imax: 9.6678 train_imin: -1.3843 time: 1.7354s
INFO:root:Epoch: 0390 lr: 0.01 train_loss: 38933.2461 train_distortion: 3.7497 train_mapscore: 0.6630 train_c: -1.0064 train_max_dist: 22.0535 train_imax: 9.7991 train_imin: -1.3858 time: 1.7374s
INFO:root:Epoch: 0395 lr: 0.01 train_loss: 38578.4844 train_distortion: 3.8693 train_mapscore: 0.6686 train_c: -1.0064 train_max_dist: 22.2038 train_imax: 9.9163 train_imin: -1.3817 time: 1.7379s
INFO:root:Epoch: 0400 lr: 0.01 train_loss: 38006.5078 train_distortion: 3.9947 train_mapscore: 0.6787 train_c: -1.0064 train_max_dist: 22.3897 train_imax: 10.0246 train_imin: -1.3830 time: 1.7343s
INFO:root:Epoch: 0405 lr: 0.01 train_loss: 37412.3477 train_distortion: 4.0977 train_mapscore: 0.6898 train_c: -1.0064 train_max_dist: 22.5238 train_imax: 10.0795 train_imin: -1.3844 time: 1.7325s
INFO:root:Epoch: 0410 lr: 0.01 train_loss: 37145.5625 train_distortion: 3.9699 train_mapscore: 0.6971 train_c: -1.0065 train_max_dist: 22.3219 train_imax: 9.6783 train_imin: -1.3776 time: 1.7359s
INFO:root:Epoch: 0415 lr: 0.01 train_loss: 37959.3125 train_distortion: 3.6883 train_mapscore: 0.6908 train_c: -1.0067 train_max_dist: 21.8733 train_imax: 8.9452 train_imin: -1.3758 time: 1.7340s
INFO:root:Epoch: 0420 lr: 0.01 train_loss: 38513.2031 train_distortion: 3.6006 train_mapscore: 0.6837 train_c: -1.0068 train_max_dist: 21.7112 train_imax: 8.9251 train_imin: -1.4101 time: 1.7339s
INFO:root:Epoch: 0425 lr: 0.01 train_loss: 38786.8477 train_distortion: 3.6200 train_mapscore: 0.6792 train_c: -1.0069 train_max_dist: 21.6693 train_imax: 9.0014 train_imin: -1.7209 time: 1.7375s
INFO:root:Epoch: 0430 lr: 0.01 train_loss: 38777.1250 train_distortion: 3.6849 train_mapscore: 0.6809 train_c: -1.0070 train_max_dist: 21.7207 train_imax: 9.0973 train_imin: -1.7617 time: 1.7338s
INFO:root:Epoch: 0435 lr: 0.01 train_loss: 38304.6523 train_distortion: 3.7990 train_mapscore: 0.6891 train_c: -1.0070 train_max_dist: 21.8957 train_imax: 9.2128 train_imin: -1.7535 time: 1.7284s
INFO:root:Epoch: 0440 lr: 0.01 train_loss: 37635.6914 train_distortion: 3.8712 train_mapscore: 0.6990 train_c: -1.0070 train_max_dist: 22.0062 train_imax: 9.1648 train_imin: -1.7228 time: 1.7286s
INFO:root:Epoch: 0445 lr: 0.01 train_loss: 37111.3633 train_distortion: 3.9711 train_mapscore: 0.7072 train_c: -1.0070 train_max_dist: 22.2126 train_imax: 9.1734 train_imin: -1.6603 time: 1.7217s
INFO:root:Epoch: 0450 lr: 0.01 train_loss: 36536.0312 train_distortion: 4.0886 train_mapscore: 0.7186 train_c: -1.0070 train_max_dist: 40.0000 train_imax: 9.2076 train_imin: -1.5660 time: 1.7213s
INFO:root:Epoch: 0455 lr: 0.01 train_loss: 35987.5820 train_distortion: 4.2177 train_mapscore: 0.7282 train_c: -1.0070 train_max_dist: 22.6790 train_imax: 9.2375 train_imin: -1.4473 time: 1.7194s
INFO:root:Epoch: 0460 lr: 0.01 train_loss: 35449.1562 train_distortion: 4.3747 train_mapscore: 0.7383 train_c: -1.0070 train_max_dist: 22.9280 train_imax: 9.3065 train_imin: -1.3250 time: 1.7237s
INFO:root:Epoch: 0465 lr: 0.01 train_loss: 34905.4766 train_distortion: 4.5440 train_mapscore: 0.7463 train_c: -1.0070 train_max_dist: 23.1765 train_imax: 9.4057 train_imin: -1.3300 time: 1.7164s
INFO:root:Epoch: 0470 lr: 0.01 train_loss: 34725.7578 train_distortion: 4.6437 train_mapscore: 0.7486 train_c: -1.0070 train_max_dist: 23.3425 train_imax: 9.4372 train_imin: -1.3733 time: 1.7174s
INFO:root:Epoch: 0475 lr: 0.01 train_loss: 34837.6562 train_distortion: 4.7228 train_mapscore: 0.7492 train_c: -1.0070 train_max_dist: 23.4596 train_imax: 9.4298 train_imin: -1.4398 time: 1.7178s
INFO:root:Epoch: 0480 lr: 0.01 train_loss: 34667.8008 train_distortion: 4.7917 train_mapscore: 0.7549 train_c: -1.0071 train_max_dist: 23.5513 train_imax: 9.4303 train_imin: -1.3408 time: 1.7158s
INFO:root:Epoch: 0485 lr: 0.01 train_loss: 34364.8906 train_distortion: 4.8759 train_mapscore: 0.7589 train_c: -1.0071 train_max_dist: 23.6549 train_imax: 9.4170 train_imin: -1.3393 time: 1.7251s
INFO:root:Epoch: 0490 lr: 0.01 train_loss: 33902.3281 train_distortion: 4.9666 train_mapscore: 0.7657 train_c: -1.0071 train_max_dist: 23.7625 train_imax: 9.3996 train_imin: -1.3153 time: 1.7230s
INFO:root:Epoch: 0495 lr: 0.01 train_loss: 33407.5195 train_distortion: 5.0672 train_mapscore: 0.7738 train_c: -1.0070 train_max_dist: 32.0000 train_imax: 9.4155 train_imin: -1.3178 time: 1.7210s
INFO:root:Epoch: 0500 lr: 0.01 train_loss: 32866.2461 train_distortion: 5.1634 train_mapscore: 0.7823 train_c: -1.0071 train_max_dist: 23.9998 train_imax: 9.4832 train_imin: -1.3350 time: 1.7280s
INFO:root:Epoch: 0505 lr: 0.01 train_loss: 32856.1094 train_distortion: 5.2336 train_mapscore: 0.7833 train_c: -1.0071 train_max_dist: 23.9816 train_imax: 9.6275 train_imin: -1.3471 time: 1.7234s
INFO:root:Epoch: 0510 lr: 0.01 train_loss: 33434.1562 train_distortion: 5.1356 train_mapscore: 0.7794 train_c: -1.0072 train_max_dist: 23.8101 train_imax: 9.4075 train_imin: -1.3253 time: 1.7222s
INFO:root:Epoch: 0515 lr: 0.01 train_loss: 37649.8867 train_distortion: 4.8129 train_mapscore: 0.7039 train_c: -1.0074 train_max_dist: 22.7801 train_imax: 11.0407 train_imin: -1.3212 time: 1.7332s
INFO:root:Epoch: 0520 lr: 0.01 train_loss: 43148.9609 train_distortion: 4.4530 train_mapscore: 0.6104 train_c: -1.0075 train_max_dist: 22.1321 train_imax: 10.7262 train_imin: -1.4016 time: 1.7444s
INFO:root:Epoch: 0525 lr: 0.01 train_loss: 45100.7656 train_distortion: 4.1247 train_mapscore: 0.5780 train_c: -1.0075 train_max_dist: 21.7376 train_imax: 10.3375 train_imin: -1.5581 time: 1.7526s
INFO:root:Epoch: 0530 lr: 0.01 train_loss: 44887.8945 train_distortion: 3.6616 train_mapscore: 0.5750 train_c: -1.0077 train_max_dist: 21.2284 train_imax: 9.3461 train_imin: -1.5242 time: 1.7572s
INFO:root:Epoch: 0535 lr: 0.01 train_loss: 44194.8203 train_distortion: 3.3476 train_mapscore: 0.5801 train_c: -1.0078 train_max_dist: 20.8545 train_imax: 8.8075 train_imin: -1.5567 time: 1.7508s
INFO:root:Epoch: 0540 lr: 0.01 train_loss: 43434.2383 train_distortion: 3.1893 train_mapscore: 0.5916 train_c: -1.0078 train_max_dist: 20.6910 train_imax: 8.6841 train_imin: -1.5470 time: 1.7514s
INFO:root:Epoch: 0545 lr: 0.01 train_loss: 43503.9297 train_distortion: 2.9434 train_mapscore: 0.5879 train_c: -1.0079 train_max_dist: 20.0880 train_imax: 8.3760 train_imin: -1.5594 time: 1.7472s
INFO:root:Epoch: 0550 lr: 0.01 train_loss: 43635.5312 train_distortion: 2.7646 train_mapscore: 0.5938 train_c: -1.0081 train_max_dist: 24.0000 train_imax: 8.1245 train_imin: -1.5585 time: 1.7493s
INFO:root:Epoch: 0555 lr: 0.01 train_loss: 43259.6797 train_distortion: 2.7885 train_mapscore: 0.6000 train_c: -1.0081 train_max_dist: 19.8797 train_imax: 8.2200 train_imin: -1.5036 time: 1.7463s
INFO:root:Epoch: 0560 lr: 0.01 train_loss: 42683.6172 train_distortion: 2.9220 train_mapscore: 0.6095 train_c: -1.0081 train_max_dist: 20.0803 train_imax: 8.4936 train_imin: -1.4918 time: 1.7477s
INFO:root:Epoch: 0565 lr: 0.01 train_loss: 42020.6875 train_distortion: 3.1080 train_mapscore: 0.6168 train_c: -1.0080 train_max_dist: 20.5040 train_imax: 8.8320 train_imin: -1.4694 time: 1.7432s
INFO:root:Epoch: 0570 lr: 0.01 train_loss: 41346.8125 train_distortion: 3.3129 train_mapscore: 0.6252 train_c: -1.0080 train_max_dist: 20.9285 train_imax: 9.2078 train_imin: -1.4386 time: 1.7429s
INFO:root:Epoch: 0575 lr: 0.01 train_loss: 40664.9570 train_distortion: 3.5041 train_mapscore: 0.6357 train_c: -1.0079 train_max_dist: 21.2959 train_imax: 9.5707 train_imin: -1.4198 time: 1.7402s
INFO:root:Epoch: 0580 lr: 0.01 train_loss: 40030.8750 train_distortion: 3.6801 train_mapscore: 0.6449 train_c: -1.0079 train_max_dist: 21.6242 train_imax: 9.8934 train_imin: -1.4150 time: 1.7394s
INFO:root:Epoch: 0585 lr: 0.01 train_loss: 39364.7891 train_distortion: 3.8306 train_mapscore: 0.6560 train_c: -1.0079 train_max_dist: 21.8850 train_imax: 10.1485 train_imin: -1.4178 time: 1.7363s
INFO:root:Epoch: 0590 lr: 0.01 train_loss: 38690.8594 train_distortion: 3.9555 train_mapscore: 0.6680 train_c: -1.0079 train_max_dist: 22.1097 train_imax: 10.3246 train_imin: -1.4334 time: 1.7311s
INFO:root:Epoch: 0595 lr: 0.01 train_loss: 38254.4180 train_distortion: 4.1316 train_mapscore: 0.6769 train_c: -1.0079 train_max_dist: 22.2641 train_imax: 10.5997 train_imin: -1.4435 time: 1.7301s
INFO:root:Epoch: 0600 lr: 0.01 train_loss: 38016.2031 train_distortion: 4.3327 train_mapscore: 0.6825 train_c: -1.0078 train_max_dist: 22.3517 train_imax: 11.0149 train_imin: -1.4480 time: 1.7282s
INFO:root:Epoch: 0605 lr: 0.01 train_loss: 37623.9570 train_distortion: 4.4566 train_mapscore: 0.6899 train_c: -1.0078 train_max_dist: 22.5364 train_imax: 11.3132 train_imin: -1.4522 time: 1.7272s
INFO:root:Epoch: 0610 lr: 0.01 train_loss: 37134.3672 train_distortion: 4.5506 train_mapscore: 0.6996 train_c: -1.0078 train_max_dist: 22.6787 train_imax: 11.5517 train_imin: -1.4484 time: 1.7238s
INFO:root:Epoch: 0615 lr: 0.01 train_loss: 36633.3828 train_distortion: 4.6294 train_mapscore: 0.7089 train_c: -1.0078 train_max_dist: 22.7997 train_imax: 11.7645 train_imin: -1.4395 time: 1.7242s
INFO:root:Epoch: 0620 lr: 0.01 train_loss: 37258.7109 train_distortion: 4.9603 train_mapscore: 0.6994 train_c: -1.0077 train_max_dist: 23.1468 train_imax: 12.4134 train_imin: -1.3943 time: 1.7231s
INFO:root:Epoch: 0625 lr: 0.01 train_loss: 37786.6797 train_distortion: 5.0903 train_mapscore: 0.6896 train_c: -1.0076 train_max_dist: 23.3733 train_imax: 12.6805 train_imin: -1.4103 time: 1.7308s
INFO:root:Epoch: 0630 lr: 0.01 train_loss: 37602.8906 train_distortion: 5.0292 train_mapscore: 0.6867 train_c: -1.0076 train_max_dist: 23.3557 train_imax: 12.6672 train_imin: -1.4435 time: 1.7309s
INFO:root:Epoch: 0635 lr: 0.01 train_loss: 37476.8672 train_distortion: 4.7962 train_mapscore: 0.6940 train_c: -1.0077 train_max_dist: 23.1551 train_imax: 12.3754 train_imin: -1.3686 time: 1.7291s
INFO:root:Epoch: 0640 lr: 0.01 train_loss: 37605.1484 train_distortion: 4.5193 train_mapscore: 0.6985 train_c: -1.0078 train_max_dist: 22.9463 train_imax: 12.0406 train_imin: -1.4544 time: 1.7303s
INFO:root:Epoch: 0645 lr: 0.01 train_loss: 37303.3594 train_distortion: 4.2924 train_mapscore: 0.7127 train_c: -1.0079 train_max_dist: 22.6994 train_imax: 11.7111 train_imin: -1.4800 time: 1.7317s
INFO:root:Epoch: 0650 lr: 0.01 train_loss: 37579.5234 train_distortion: 4.0975 train_mapscore: 0.7108 train_c: -1.0080 train_max_dist: 22.4117 train_imax: 11.3151 train_imin: -1.4346 time: 1.7302s
INFO:root:Epoch: 0655 lr: 0.01 train_loss: 37526.9453 train_distortion: 4.0299 train_mapscore: 0.7121 train_c: -1.0081 train_max_dist: 22.3264 train_imax: 11.2297 train_imin: -1.4536 time: 1.7343s
INFO:root:Epoch: 0660 lr: 0.01 train_loss: 37390.9844 train_distortion: 4.0606 train_mapscore: 0.7130 train_c: -1.0082 train_max_dist: 22.3773 train_imax: 11.3342 train_imin: -1.3802 time: 1.7314s
INFO:root:Epoch: 0665 lr: 0.01 train_loss: 37094.2070 train_distortion: 4.1149 train_mapscore: 0.7138 train_c: -1.0082 train_max_dist: 22.5473 train_imax: 11.4325 train_imin: -1.3490 time: 1.7284s
INFO:root:Epoch: 0670 lr: 0.01 train_loss: 36786.3594 train_distortion: 4.2452 train_mapscore: 0.7182 train_c: -1.0082 train_max_dist: 24.0000 train_imax: 11.6739 train_imin: -1.3717 time: 1.7298s
INFO:root:Epoch: 0675 lr: 0.01 train_loss: 38095.9844 train_distortion: 3.8355 train_mapscore: 0.7072 train_c: -1.0085 train_max_dist: 24.0000 train_imax: 15.4061 train_imin: -1.3730 time: 1.7372s
INFO:root:Epoch: 0680 lr: 0.01 train_loss: 43426.3594 train_distortion: 3.0194 train_mapscore: 0.6242 train_c: -1.0092 train_max_dist: 20.6616 train_imax: 19.9631 train_imin: -1.7075 time: 1.7673s
INFO:root:Epoch: 0685 lr: 0.01 train_loss: 46872.2344 train_distortion: 2.5921 train_mapscore: 0.5707 train_c: -1.0095 train_max_dist: 19.9833 train_imax: 20.0096 train_imin: -1.7329 time: 1.7852s
INFO:root:Epoch: 0690 lr: 0.01 train_loss: 48506.9727 train_distortion: 2.3711 train_mapscore: 0.5443 train_c: -1.0098 train_max_dist: 19.5524 train_imax: 19.6296 train_imin: -1.6426 time: 1.7829s
INFO:root:Epoch: 0695 lr: 0.01 train_loss: 49092.4648 train_distortion: 2.2879 train_mapscore: 0.5284 train_c: -1.0099 train_max_dist: 32.0000 train_imax: 19.0969 train_imin: -1.5573 time: 1.7823s
INFO:root:Epoch: 0700 lr: 0.01 train_loss: 48869.2812 train_distortion: 2.2747 train_mapscore: 0.5300 train_c: -1.0100 train_max_dist: 24.0000 train_imax: 18.8144 train_imin: -1.4919 time: 1.7830s
INFO:root:Epoch: 0705 lr: 0.01 train_loss: 48277.8047 train_distortion: 2.3424 train_mapscore: 0.5337 train_c: -1.0100 train_max_dist: 19.3632 train_imax: 18.8428 train_imin: -1.4250 time: 1.7691s
INFO:root:Epoch: 0710 lr: 0.01 train_loss: 47873.3945 train_distortion: 2.3360 train_mapscore: 0.5310 train_c: -1.0101 train_max_dist: 19.2662 train_imax: 18.6630 train_imin: -1.4169 time: 1.7657s
INFO:root:Epoch: 0715 lr: 0.01 train_loss: 47543.0859 train_distortion: 2.3790 train_mapscore: 0.5298 train_c: -1.0101 train_max_dist: 20.0000 train_imax: 18.6939 train_imin: -1.4260 time: 1.7651s
INFO:root:Epoch: 0720 lr: 0.01 train_loss: 47015.2109 train_distortion: 2.4520 train_mapscore: 0.5316 train_c: -1.0101 train_max_dist: 19.4684 train_imax: 18.8595 train_imin: -1.4221 time: 1.7608s
INFO:root:Epoch: 0725 lr: 0.01 train_loss: 46410.8516 train_distortion: 2.5377 train_mapscore: 0.5384 train_c: -1.0101 train_max_dist: 19.6252 train_imax: 19.1179 train_imin: -1.4106 time: 1.7574s
INFO:root:Epoch: 0730 lr: 0.01 train_loss: 45777.6797 train_distortion: 2.6442 train_mapscore: 0.5467 train_c: -1.0100 train_max_dist: 19.7830 train_imax: 19.4817 train_imin: -1.3948 time: 1.7516s
INFO:root:Epoch: 0735 lr: 0.01 train_loss: 45164.9727 train_distortion: 2.7597 train_mapscore: 0.5556 train_c: -1.0100 train_max_dist: 19.9447 train_imax: 19.8910 train_imin: -1.3762 time: 1.7551s
INFO:root:Epoch: 0740 lr: 0.01 train_loss: 49218.1094 train_distortion: 2.8440 train_mapscore: 0.4997 train_c: -1.0100 train_max_dist: 20.2543 train_imax: 19.9157 train_imin: -1.6099 time: 1.7824s
INFO:root:Epoch: 0745 lr: 0.01 train_loss: 55150.7969 train_distortion: 2.8379 train_mapscore: 0.4229 train_c: -1.0100 train_max_dist: 20.8938 train_imax: 19.7131 train_imin: -1.5457 time: 1.8164s
INFO:root:Epoch: 0750 lr: 0.01 train_loss: 58510.3281 train_distortion: 2.7487 train_mapscore: 0.3851 train_c: -1.0100 train_max_dist: 24.0000 train_imax: 19.1886 train_imin: -1.5410 time: 1.8418s
INFO:root:Epoch: 0755 lr: 0.01 train_loss: 60059.9961 train_distortion: 2.5644 train_mapscore: 0.3693 train_c: -1.0101 train_max_dist: 20.5882 train_imax: 18.3017 train_imin: -1.6113 time: 1.8643s
INFO:root:Epoch: 0760 lr: 0.01 train_loss: 60349.7930 train_distortion: 2.3551 train_mapscore: 0.3656 train_c: -1.0102 train_max_dist: 20.1097 train_imax: 17.2982 train_imin: -1.6384 time: 1.8711s
INFO:root:Epoch: 0765 lr: 0.01 train_loss: 60029.8125 train_distortion: 2.1516 train_mapscore: 0.3683 train_c: -1.0103 train_max_dist: 19.5517 train_imax: 16.2796 train_imin: -1.6148 time: 1.8703s
INFO:root:Epoch: 0770 lr: 0.01 train_loss: 59682.7812 train_distortion: 1.9980 train_mapscore: 0.3725 train_c: -1.0103 train_max_dist: 19.0935 train_imax: 15.4633 train_imin: -1.6258 time: 1.8652s
INFO:root:Epoch: 0775 lr: 0.01 train_loss: 59277.6562 train_distortion: 1.9029 train_mapscore: 0.3775 train_c: -1.0104 train_max_dist: 18.7881 train_imax: 14.8903 train_imin: -1.6247 time: 1.8656s
INFO:root:Epoch: 0780 lr: 0.01 train_loss: 58775.4609 train_distortion: 1.8155 train_mapscore: 0.3816 train_c: -1.0104 train_max_dist: 18.5231 train_imax: 14.3937 train_imin: -1.6131 time: 1.8633s
INFO:root:Epoch: 0785 lr: 0.01 train_loss: 58324.9453 train_distortion: 1.7663 train_mapscore: 0.3854 train_c: -1.0104 train_max_dist: 24.0000 train_imax: 14.0853 train_imin: -1.5998 time: 1.8548s
INFO:root:Epoch: 0790 lr: 0.01 train_loss: 58047.5469 train_distortion: 1.7125 train_mapscore: 0.3891 train_c: -1.0104 train_max_dist: 18.2386 train_imax: 13.8529 train_imin: -1.5870 time: 1.8554s
INFO:root:Epoch: 0795 lr: 0.01 train_loss: 57676.4453 train_distortion: 1.6740 train_mapscore: 0.3926 train_c: -1.0104 train_max_dist: 18.1502 train_imax: 13.7149 train_imin: -1.5705 time: 1.8538s
INFO:root:Epoch: 0800 lr: 0.01 train_loss: 57241.1445 train_distortion: 1.6737 train_mapscore: 0.3959 train_c: -1.0104 train_max_dist: 18.1437 train_imax: 13.7073 train_imin: -1.5694 time: 1.8498s
INFO:root:Epoch: 0805 lr: 0.01 train_loss: 56814.5273 train_distortion: 1.7057 train_mapscore: 0.3988 train_c: -1.0104 train_max_dist: 18.2217 train_imax: 13.7936 train_imin: -1.5701 time: 1.8572s
INFO:root:Epoch: 0810 lr: 0.01 train_loss: 57091.6562 train_distortion: 2.0157 train_mapscore: 0.3907 train_c: -1.0102 train_max_dist: 18.9401 train_imax: 14.9288 train_imin: -1.5562 time: 1.8694s
INFO:root:Epoch: 0815 lr: 0.01 train_loss: 58253.7930 train_distortion: 2.3734 train_mapscore: 0.3716 train_c: -1.0099 train_max_dist: 19.6394 train_imax: 16.2363 train_imin: -1.7470 time: 1.8913s
INFO:root:Epoch: 0820 lr: 0.01 train_loss: 59040.4922 train_distortion: 2.5364 train_mapscore: 0.3598 train_c: -1.0097 train_max_dist: 19.8692 train_imax: 16.8845 train_imin: -1.7984 time: 1.8808s
INFO:root:Epoch: 0825 lr: 0.01 train_loss: 59093.0625 train_distortion: 2.5277 train_mapscore: 0.3585 train_c: -1.0097 train_max_dist: 19.7475 train_imax: 16.9391 train_imin: -1.7899 time: 1.8753s
INFO:root:Epoch: 0830 lr: 0.01 train_loss: 58657.1055 train_distortion: 2.4369 train_mapscore: 0.3634 train_c: -1.0097 train_max_dist: 19.6565 train_imax: 16.6954 train_imin: -1.7628 time: 1.8735s
INFO:root:Epoch: 0835 lr: 0.01 train_loss: 58078.6797 train_distortion: 2.3495 train_mapscore: 0.3676 train_c: -1.0097 train_max_dist: 24.0000 train_imax: 16.4627 train_imin: -1.7413 time: 1.8536s
INFO:root:Epoch: 0840 lr: 0.01 train_loss: 57473.8438 train_distortion: 2.2855 train_mapscore: 0.3721 train_c: -1.0097 train_max_dist: 19.5131 train_imax: 16.2315 train_imin: -1.7153 time: 1.8519s
INFO:root:Epoch: 0845 lr: 0.01 train_loss: 57076.8516 train_distortion: 2.2121 train_mapscore: 0.3766 train_c: -1.0097 train_max_dist: 19.3529 train_imax: 15.7658 train_imin: -1.7956 time: 1.8509s
INFO:root:Epoch: 0850 lr: 0.01 train_loss: 56520.4453 train_distortion: 2.1556 train_mapscore: 0.3803 train_c: -1.0098 train_max_dist: 19.2466 train_imax: 15.4652 train_imin: -1.7295 time: 1.8419s
INFO:root:Epoch: 0855 lr: 0.01 train_loss: 56208.4727 train_distortion: 2.0653 train_mapscore: 0.3859 train_c: -1.0098 train_max_dist: 20.0000 train_imax: 15.1054 train_imin: -1.6746 time: 1.8432s
INFO:root:Epoch: 0860 lr: 0.01 train_loss: 55807.2500 train_distortion: 2.0109 train_mapscore: 0.3901 train_c: -1.0098 train_max_dist: 18.9998 train_imax: 14.8827 train_imin: -1.6915 time: 1.8405s
INFO:root:Epoch: 0865 lr: 0.01 train_loss: 55538.7422 train_distortion: 1.9785 train_mapscore: 0.3946 train_c: -1.0098 train_max_dist: 24.0000 train_imax: 14.7402 train_imin: -1.7087 time: 1.8388s
INFO:root:Epoch: 0870 lr: 0.01 train_loss: 55205.4805 train_distortion: 1.9674 train_mapscore: 0.3977 train_c: -1.0099 train_max_dist: 18.9672 train_imax: 14.6801 train_imin: -1.7237 time: 1.8311s
INFO:root:Epoch: 0875 lr: 0.01 train_loss: 54976.5820 train_distortion: 1.9955 train_mapscore: 0.4002 train_c: -1.0098 train_max_dist: 19.0242 train_imax: 14.7301 train_imin: -1.7284 time: 1.8350s
INFO:root:Epoch: 0880 lr: 0.01 train_loss: 54706.8359 train_distortion: 2.0461 train_mapscore: 0.4030 train_c: -1.0098 train_max_dist: 19.1114 train_imax: 14.8652 train_imin: -1.7203 time: 1.8289s
INFO:root:Epoch: 0885 lr: 0.01 train_loss: 54469.1133 train_distortion: 2.0805 train_mapscore: 0.4061 train_c: -1.0098 train_max_dist: 19.1619 train_imax: 14.9630 train_imin: -1.7094 time: 1.8402s
INFO:root:Epoch: 0890 lr: 0.01 train_loss: 54901.2500 train_distortion: 2.4420 train_mapscore: 0.4002 train_c: -1.0095 train_max_dist: 19.7724 train_imax: 16.2569 train_imin: -1.6664 time: 1.8522s
INFO:root:Epoch: 0895 lr: 0.01 train_loss: 55215.0391 train_distortion: 2.6046 train_mapscore: 0.3963 train_c: -1.0094 train_max_dist: 20.0469 train_imax: 16.8740 train_imin: -1.6738 time: 1.8534s
INFO:root:Epoch: 0900 lr: 0.01 train_loss: 55420.2617 train_distortion: 2.7143 train_mapscore: 0.3958 train_c: -1.0093 train_max_dist: 32.0000 train_imax: 17.4406 train_imin: -1.6438 time: 1.8602s
INFO:root:Epoch: 0905 lr: 0.01 train_loss: 55178.9219 train_distortion: 2.7242 train_mapscore: 0.3976 train_c: -1.0093 train_max_dist: 20.2129 train_imax: 17.6269 train_imin: -1.6110 time: 1.8729s
INFO:root:Epoch: 0910 lr: 0.01 train_loss: 54760.2969 train_distortion: 2.6817 train_mapscore: 0.4020 train_c: -1.0093 train_max_dist: 20.1538 train_imax: 17.5798 train_imin: -1.5826 time: 1.8686s
INFO:root:Epoch: 0915 lr: 0.01 train_loss: 54234.9219 train_distortion: 2.6107 train_mapscore: 0.4076 train_c: -1.0093 train_max_dist: 20.0214 train_imax: 17.3950 train_imin: -1.5630 time: 1.8610s
INFO:root:Epoch: 0920 lr: 0.01 train_loss: 53862.1250 train_distortion: 2.5407 train_mapscore: 0.4117 train_c: -1.0093 train_max_dist: 20.0000 train_imax: 17.1823 train_imin: -1.5516 time: 1.8481s
INFO:root:Epoch: 0925 lr: 0.01 train_loss: 53478.8359 train_distortion: 2.4941 train_mapscore: 0.4162 train_c: -1.0093 train_max_dist: 19.7583 train_imax: 17.0177 train_imin: -1.5485 time: 1.8372s
INFO:root:Epoch: 0930 lr: 0.01 train_loss: 53098.4688 train_distortion: 2.4562 train_mapscore: 0.4219 train_c: -1.0093 train_max_dist: 19.7032 train_imax: 16.8442 train_imin: -1.5569 time: 1.8355s
INFO:root:Epoch: 0935 lr: 0.01 train_loss: 52730.3828 train_distortion: 2.4498 train_mapscore: 0.4266 train_c: -1.0093 train_max_dist: 19.6984 train_imax: 16.7631 train_imin: -1.5633 time: 1.8319s
INFO:root:Epoch: 0940 lr: 0.01 train_loss: 52400.5938 train_distortion: 2.4740 train_mapscore: 0.4309 train_c: -1.0092 train_max_dist: 19.7407 train_imax: 16.7900 train_imin: -1.5677 time: 1.8272s
INFO:root:Epoch: 0945 lr: 0.01 train_loss: 52107.2891 train_distortion: 2.5073 train_mapscore: 0.4344 train_c: -1.0092 train_max_dist: 19.8038 train_imax: 16.8581 train_imin: -1.5726 time: 1.8288s
INFO:root:Epoch: 0950 lr: 0.01 train_loss: 51835.7344 train_distortion: 2.5391 train_mapscore: 0.4390 train_c: -1.0092 train_max_dist: 19.8819 train_imax: 16.9319 train_imin: -1.5726 time: 1.8244s
INFO:root:Epoch: 0955 lr: 0.01 train_loss: 51593.5234 train_distortion: 2.5725 train_mapscore: 0.4422 train_c: -1.0091 train_max_dist: 19.9618 train_imax: 17.0285 train_imin: -1.5686 time: 1.8224s
INFO:root:Epoch: 0960 lr: 0.01 train_loss: 51372.5938 train_distortion: 2.6080 train_mapscore: 0.4452 train_c: -1.0091 train_max_dist: 20.0393 train_imax: 17.1228 train_imin: -1.5735 time: 1.8225s
INFO:root:Epoch: 0965 lr: 0.01 train_loss: 51022.6953 train_distortion: 2.5506 train_mapscore: 0.4505 train_c: -1.0091 train_max_dist: 19.9394 train_imax: 16.8606 train_imin: -1.5998 time: 1.8201s
INFO:root:Epoch: 0970 lr: 0.01 train_loss: 50752.5312 train_distortion: 2.4911 train_mapscore: 0.4565 train_c: -1.0092 train_max_dist: 19.8271 train_imax: 16.5655 train_imin: -1.6204 time: 1.8183s
INFO:root:Epoch: 0975 lr: 0.01 train_loss: 50547.9727 train_distortion: 2.4842 train_mapscore: 0.4603 train_c: -1.0092 train_max_dist: 19.8094 train_imax: 16.4690 train_imin: -1.6337 time: 1.8163s
INFO:root:Epoch: 0980 lr: 0.01 train_loss: 50343.3047 train_distortion: 2.4793 train_mapscore: 0.4643 train_c: -1.0092 train_max_dist: 20.0000 train_imax: 16.3781 train_imin: -1.6353 time: 1.8190s
INFO:root:Epoch: 0985 lr: 0.01 train_loss: 50146.8281 train_distortion: 2.4984 train_mapscore: 0.4690 train_c: -1.0092 train_max_dist: 19.8226 train_imax: 16.3819 train_imin: -1.6384 time: 1.8317s
INFO:root:Epoch: 0990 lr: 0.01 train_loss: 49917.2148 train_distortion: 2.5298 train_mapscore: 0.4727 train_c: -1.0091 train_max_dist: 20.0000 train_imax: 16.4316 train_imin: -1.6429 time: 1.8051s
INFO:root:Epoch: 0995 lr: 0.01 train_loss: 49728.5898 train_distortion: 2.5556 train_mapscore: 0.4754 train_c: -1.0091 train_max_dist: 19.9013 train_imax: 16.4378 train_imin: -1.6377 time: 1.8032s
INFO:root:Epoch: 1000 lr: 0.01 train_loss: 49567.1289 train_distortion: 2.6052 train_mapscore: 0.4779 train_c: -1.0091 train_max_dist: 19.9775 train_imax: 16.5481 train_imin: -1.6320 time: 1.8040s
INFO:root:Epoch: 1005 lr: 0.01 train_loss: 49400.0156 train_distortion: 2.6520 train_mapscore: 0.4805 train_c: -1.0091 train_max_dist: 20.0482 train_imax: 16.6460 train_imin: -1.6268 time: 1.8049s
INFO:root:Epoch: 1010 lr: 0.01 train_loss: 49229.6328 train_distortion: 2.6996 train_mapscore: 0.4841 train_c: -1.0091 train_max_dist: 20.1205 train_imax: 16.7426 train_imin: -1.6230 time: 1.8043s
INFO:root:Epoch: 1015 lr: 0.01 train_loss: 49028.5312 train_distortion: 2.7126 train_mapscore: 0.4878 train_c: -1.0091 train_max_dist: 20.1481 train_imax: 16.7472 train_imin: -1.6383 time: 1.8006s
INFO:root:Epoch: 1020 lr: 0.01 train_loss: 48834.8906 train_distortion: 2.7313 train_mapscore: 0.4909 train_c: -1.0091 train_max_dist: 20.1894 train_imax: 16.7908 train_imin: -1.6524 time: 1.8005s
INFO:root:Epoch: 1025 lr: 0.01 train_loss: 48654.9375 train_distortion: 2.7678 train_mapscore: 0.4943 train_c: -1.0090 train_max_dist: 20.2543 train_imax: 16.8933 train_imin: -1.6555 time: 1.7998s
INFO:root:Epoch: 1030 lr: 0.01 train_loss: 48478.6406 train_distortion: 2.8156 train_mapscore: 0.4982 train_c: -1.0090 train_max_dist: 20.3311 train_imax: 17.0310 train_imin: -1.6523 time: 1.8081s
INFO:root:Epoch: 1035 lr: 0.01 train_loss: 48313.7266 train_distortion: 2.8699 train_mapscore: 0.5014 train_c: -1.0090 train_max_dist: 20.4141 train_imax: 17.1864 train_imin: -1.6464 time: 1.8110s
INFO:root:Epoch: 1040 lr: 0.01 train_loss: 48138.1172 train_distortion: 2.9168 train_mapscore: 0.5051 train_c: -1.0090 train_max_dist: 20.4857 train_imax: 17.3079 train_imin: -1.6414 time: 1.8086s
INFO:root:Epoch: 1045 lr: 0.01 train_loss: 47946.9961 train_distortion: 2.9572 train_mapscore: 0.5085 train_c: -1.0089 train_max_dist: 20.5523 train_imax: 17.4090 train_imin: -1.6375 time: 1.8069s
INFO:root:Epoch: 1050 lr: 0.01 train_loss: 47759.7305 train_distortion: 2.9957 train_mapscore: 0.5117 train_c: -1.0089 train_max_dist: 20.6220 train_imax: 17.5026 train_imin: -1.6354 time: 1.8108s
INFO:root:Epoch: 1055 lr: 0.01 train_loss: 47585.6328 train_distortion: 3.0353 train_mapscore: 0.5152 train_c: -1.0089 train_max_dist: 20.7115 train_imax: 17.6094 train_imin: -1.6361 time: 1.8103s
INFO:root:Epoch: 1060 lr: 0.01 train_loss: 47573.0312 train_distortion: 2.8876 train_mapscore: 0.5150 train_c: -1.0091 train_max_dist: 20.4414 train_imax: 16.3393 train_imin: -1.5462 time: 1.8026s
INFO:root:Epoch: 1065 lr: 0.01 train_loss: 48503.3672 train_distortion: 2.5806 train_mapscore: 0.4974 train_c: -1.0095 train_max_dist: 19.8307 train_imax: 14.3293 train_imin: -1.4740 time: 1.8006s
INFO:root:Epoch: 1070 lr: 0.01 train_loss: 49233.8477 train_distortion: 2.4370 train_mapscore: 0.4875 train_c: -1.0098 train_max_dist: 19.5235 train_imax: 13.4726 train_imin: -1.4103 time: 1.8072s
INFO:root:Epoch: 1075 lr: 0.01 train_loss: 49417.1094 train_distortion: 2.3912 train_mapscore: 0.4852 train_c: -1.0099 train_max_dist: 19.4111 train_imax: 13.1363 train_imin: -1.4190 time: 1.8078s
INFO:root:Epoch: 1080 lr: 0.01 train_loss: 49267.2969 train_distortion: 2.4134 train_mapscore: 0.4877 train_c: -1.0099 train_max_dist: 19.4366 train_imax: 13.1358 train_imin: -1.4128 time: 1.8197s
INFO:root:Epoch: 1085 lr: 0.01 train_loss: 48987.6875 train_distortion: 2.4790 train_mapscore: 0.4914 train_c: -1.0099 train_max_dist: 19.5520 train_imax: 13.3388 train_imin: -1.3914 time: 1.8033s
INFO:root:Epoch: 1090 lr: 0.01 train_loss: 48686.2344 train_distortion: 2.4816 train_mapscore: 0.4966 train_c: -1.0099 train_max_dist: 19.5223 train_imax: 13.4178 train_imin: -1.4233 time: 1.8044s
INFO:root:Epoch: 1095 lr: 0.01 train_loss: 48471.9922 train_distortion: 2.4246 train_mapscore: 0.4999 train_c: -1.0100 train_max_dist: 20.0000 train_imax: 13.3491 train_imin: -1.4932 time: 1.8045s
INFO:root:Epoch: 1100 lr: 0.01 train_loss: 48257.6562 train_distortion: 2.4421 train_mapscore: 0.5024 train_c: -1.0100 train_max_dist: 19.3756 train_imax: 13.4808 train_imin: -1.5505 time: 1.7980s
INFO:root:Epoch: 1105 lr: 0.01 train_loss: 48044.8672 train_distortion: 2.5041 train_mapscore: 0.5060 train_c: -1.0100 train_max_dist: 19.4967 train_imax: 13.7287 train_imin: -1.5908 time: 1.7980s
INFO:root:Epoch: 1110 lr: 0.01 train_loss: 47900.1484 train_distortion: 2.4720 train_mapscore: 0.5092 train_c: -1.0101 train_max_dist: 19.5959 train_imax: 13.7473 train_imin: -1.6821 time: 1.7888s
INFO:root:Epoch: 1115 lr: 0.01 train_loss: 47814.3594 train_distortion: 2.4991 train_mapscore: 0.5109 train_c: -1.0101 train_max_dist: 20.0000 train_imax: 13.9014 train_imin: -1.6950 time: 1.7909s
INFO:root:Epoch: 1120 lr: 0.01 train_loss: 47730.1094 train_distortion: 2.5699 train_mapscore: 0.5131 train_c: -1.0101 train_max_dist: 19.9447 train_imax: 14.1577 train_imin: -1.6912 time: 1.7893s
INFO:root:Epoch: 1125 lr: 0.01 train_loss: 47523.5234 train_distortion: 2.6373 train_mapscore: 0.5180 train_c: -1.0101 train_max_dist: 20.1051 train_imax: 14.3737 train_imin: -1.7230 time: 1.7919s
INFO:root:Epoch: 1130 lr: 0.01 train_loss: 47333.2461 train_distortion: 2.7012 train_mapscore: 0.5222 train_c: -1.0101 train_max_dist: 20.2411 train_imax: 14.5646 train_imin: -1.6380 time: 1.7895s
INFO:root:Epoch: 1135 lr: 0.01 train_loss: 47136.3125 train_distortion: 2.7701 train_mapscore: 0.5254 train_c: -1.0100 train_max_dist: 20.3727 train_imax: 14.7670 train_imin: -1.5639 time: 1.7918s
INFO:root:Epoch: 1140 lr: 0.01 train_loss: 46952.9219 train_distortion: 2.8445 train_mapscore: 0.5283 train_c: -1.0100 train_max_dist: 20.5030 train_imax: 14.9863 train_imin: -1.5210 time: 1.7960s
INFO:root:Epoch: 1145 lr: 0.01 train_loss: 46939.4453 train_distortion: 2.9924 train_mapscore: 0.5280 train_c: -1.0100 train_max_dist: 20.7234 train_imax: 15.4761 train_imin: -1.4977 time: 1.7995s
INFO:root:Epoch: 1150 lr: 0.01 train_loss: 48980.3281 train_distortion: 3.7774 train_mapscore: 0.4975 train_c: -1.0094 train_max_dist: 22.0455 train_imax: 17.8313 train_imin: -1.4975 time: 1.8094s
INFO:root:Epoch: 1155 lr: 0.01 train_loss: 52137.2500 train_distortion: 4.4785 train_mapscore: 0.4582 train_c: -1.0089 train_max_dist: 23.0805 train_imax: 19.9733 train_imin: -1.4601 time: 1.8215s
INFO:root:Epoch: 1160 lr: 0.01 train_loss: 53415.3828 train_distortion: 4.6537 train_mapscore: 0.4438 train_c: -1.0087 train_max_dist: 24.3961 train_imax: 20.5720 train_imin: -1.4509 time: 1.8284s
INFO:root:Epoch: 1165 lr: 0.01 train_loss: 52851.4844 train_distortion: 4.5463 train_mapscore: 0.4502 train_c: -1.0086 train_max_dist: 24.9322 train_imax: 21.9735 train_imin: -1.4889 time: 1.8272s
INFO:root:Epoch: 1170 lr: 0.01 train_loss: 51529.7891 train_distortion: 4.3171 train_mapscore: 0.4662 train_c: -1.0087 train_max_dist: 24.8871 train_imax: 21.9161 train_imin: -1.5453 time: 1.8219s
INFO:root:Epoch: 1175 lr: 0.01 train_loss: 50330.4219 train_distortion: 4.0667 train_mapscore: 0.4850 train_c: -1.0088 train_max_dist: 24.6164 train_imax: 21.2845 train_imin: -1.5882 time: 1.8258s
INFO:root:Epoch: 1180 lr: 0.01 train_loss: 49226.1484 train_distortion: 3.8220 train_mapscore: 0.5003 train_c: -1.0088 train_max_dist: 24.2468 train_imax: 20.4177 train_imin: -1.6124 time: 1.8229s
INFO:root:Epoch: 1185 lr: 0.01 train_loss: 48460.4531 train_distortion: 3.6222 train_mapscore: 0.5114 train_c: -1.0089 train_max_dist: 23.8925 train_imax: 19.6124 train_imin: -1.6191 time: 1.8217s
INFO:root:Epoch: 1190 lr: 0.01 train_loss: 48372.2500 train_distortion: 3.6072 train_mapscore: 0.5107 train_c: -1.0089 train_max_dist: 32.0000 train_imax: 19.2575 train_imin: -1.6874 time: 1.8176s
INFO:root:Epoch: 1195 lr: 0.01 train_loss: 48309.1250 train_distortion: 3.5757 train_mapscore: 0.5111 train_c: -1.0089 train_max_dist: 23.6353 train_imax: 18.8818 train_imin: -1.7607 time: 1.8173s
INFO:root:Epoch: 1200 lr: 0.01 train_loss: 48088.7188 train_distortion: 3.4952 train_mapscore: 0.5116 train_c: -1.0089 train_max_dist: 23.4237 train_imax: 18.3797 train_imin: -1.7719 time: 1.8156s
INFO:root:Epoch: 1205 lr: 0.01 train_loss: 47759.0156 train_distortion: 3.4299 train_mapscore: 0.5152 train_c: -1.0089 train_max_dist: 23.2504 train_imax: 17.9613 train_imin: -1.7612 time: 1.8121s
INFO:root:Epoch: 1210 lr: 0.01 train_loss: 47405.5391 train_distortion: 3.3957 train_mapscore: 0.5197 train_c: -1.0089 train_max_dist: 23.1374 train_imax: 17.6906 train_imin: -1.7415 time: 1.8092s
INFO:root:Epoch: 1215 lr: 0.01 train_loss: 47064.0234 train_distortion: 3.3865 train_mapscore: 0.5252 train_c: -1.0089 train_max_dist: 23.0689 train_imax: 17.5175 train_imin: -1.7212 time: 1.8052s
INFO:root:Epoch: 1220 lr: 0.01 train_loss: 46770.8984 train_distortion: 3.3909 train_mapscore: 0.5302 train_c: -1.0089 train_max_dist: 23.0239 train_imax: 17.3985 train_imin: -1.7049 time: 1.7997s
INFO:root:Epoch: 1225 lr: 0.01 train_loss: 46501.1836 train_distortion: 3.3947 train_mapscore: 0.5347 train_c: -1.0089 train_max_dist: 22.9767 train_imax: 17.2785 train_imin: -1.6883 time: 1.7950s
INFO:root:Epoch: 1230 lr: 0.01 train_loss: 46200.6875 train_distortion: 3.3946 train_mapscore: 0.5397 train_c: -1.0089 train_max_dist: 22.9198 train_imax: 17.1420 train_imin: -1.6715 time: 1.7899s
INFO:root:Epoch: 1235 lr: 0.01 train_loss: 45960.3594 train_distortion: 3.4052 train_mapscore: 0.5436 train_c: -1.0089 train_max_dist: 24.0000 train_imax: 17.0649 train_imin: -1.6566 time: 1.7860s
INFO:root:Epoch: 1240 lr: 0.01 train_loss: 45817.1484 train_distortion: 3.2701 train_mapscore: 0.5474 train_c: -1.0090 train_max_dist: 22.4536 train_imax: 16.4480 train_imin: -1.6167 time: 1.7874s
INFO:root:Epoch: 1245 lr: 0.01 train_loss: 45739.2109 train_distortion: 3.1970 train_mapscore: 0.5478 train_c: -1.0090 train_max_dist: 22.1976 train_imax: 16.1000 train_imin: -1.5357 time: 1.7920s
INFO:root:Epoch: 1250 lr: 0.01 train_loss: 45625.1328 train_distortion: 3.1137 train_mapscore: 0.5507 train_c: -1.0091 train_max_dist: 21.9707 train_imax: 15.7127 train_imin: -1.5364 time: 1.7901s
INFO:root:Epoch: 1255 lr: 0.01 train_loss: 45505.6797 train_distortion: 3.1259 train_mapscore: 0.5536 train_c: -1.0091 train_max_dist: 21.9436 train_imax: 15.6512 train_imin: -1.5627 time: 1.8012s
INFO:root:Epoch: 1260 lr: 0.01 train_loss: 45408.9648 train_distortion: 3.1418 train_mapscore: 0.5555 train_c: -1.0091 train_max_dist: 21.9331 train_imax: 15.6128 train_imin: -1.5731 time: 1.7987s
INFO:root:Epoch: 1265 lr: 0.01 train_loss: 45337.5352 train_distortion: 3.1546 train_mapscore: 0.5587 train_c: -1.0091 train_max_dist: 21.9405 train_imax: 15.5774 train_imin: -1.5777 time: 1.8045s
INFO:root:Epoch: 1270 lr: 0.01 train_loss: 45223.5469 train_distortion: 3.1644 train_mapscore: 0.5605 train_c: -1.0091 train_max_dist: 21.9416 train_imax: 15.5402 train_imin: -1.5850 time: 1.7974s
INFO:root:Epoch: 1275 lr: 0.01 train_loss: 45113.2617 train_distortion: 3.1655 train_mapscore: 0.5627 train_c: -1.0091 train_max_dist: 21.9339 train_imax: 15.5007 train_imin: -1.5938 time: 1.7966s
INFO:root:Epoch: 1280 lr: 0.01 train_loss: 44927.1328 train_distortion: 3.1893 train_mapscore: 0.5660 train_c: -1.0091 train_max_dist: 21.9631 train_imax: 15.5088 train_imin: -1.5980 time: 1.7972s
INFO:root:Epoch: 1285 lr: 0.01 train_loss: 44743.5625 train_distortion: 3.2291 train_mapscore: 0.5684 train_c: -1.0091 train_max_dist: 22.0257 train_imax: 15.5926 train_imin: -1.5987 time: 1.7948s
INFO:root:Epoch: 1290 lr: 0.01 train_loss: 44540.4609 train_distortion: 3.2751 train_mapscore: 0.5709 train_c: -1.0091 train_max_dist: 32.0000 train_imax: 15.7071 train_imin: -1.5977 time: 1.7926s
INFO:root:Epoch: 1295 lr: 0.01 train_loss: 44377.1562 train_distortion: 3.2884 train_mapscore: 0.5744 train_c: -1.0091 train_max_dist: 22.1011 train_imax: 15.6951 train_imin: -1.5943 time: 1.7915s
INFO:root:Epoch: 1300 lr: 0.01 train_loss: 44168.1484 train_distortion: 3.3002 train_mapscore: 0.5779 train_c: -1.0091 train_max_dist: 22.0915 train_imax: 15.6827 train_imin: -1.5924 time: 1.7912s
INFO:root:Epoch: 1305 lr: 0.01 train_loss: 43986.5547 train_distortion: 3.3287 train_mapscore: 0.5822 train_c: -1.0091 train_max_dist: 22.1094 train_imax: 15.7289 train_imin: -1.5913 time: 1.7906s
INFO:root:Epoch: 1310 lr: 0.01 train_loss: 43803.2969 train_distortion: 3.3695 train_mapscore: 0.5860 train_c: -1.0091 train_max_dist: 22.1502 train_imax: 15.8162 train_imin: -1.5917 time: 1.7922s
INFO:root:Epoch: 1315 lr: 0.01 train_loss: 43651.8633 train_distortion: 3.4144 train_mapscore: 0.5887 train_c: -1.0091 train_max_dist: 22.2020 train_imax: 15.9119 train_imin: -1.5920 time: 1.7887s
INFO:root:Epoch: 1320 lr: 0.01 train_loss: 43510.8906 train_distortion: 3.4408 train_mapscore: 0.5913 train_c: -1.0091 train_max_dist: 22.2391 train_imax: 15.9216 train_imin: -1.5939 time: 1.7912s
INFO:root:Epoch: 1325 lr: 0.01 train_loss: 43357.2266 train_distortion: 3.4777 train_mapscore: 0.5943 train_c: -1.0091 train_max_dist: 24.0000 train_imax: 15.9744 train_imin: -1.5935 time: 1.7888s
INFO:root:Epoch: 1330 lr: 0.01 train_loss: 43228.7734 train_distortion: 3.5234 train_mapscore: 0.5969 train_c: -1.0091 train_max_dist: 22.3285 train_imax: 16.0629 train_imin: -1.5931 time: 1.7852s
INFO:root:Epoch: 1335 lr: 0.01 train_loss: 43075.9062 train_distortion: 3.5754 train_mapscore: 0.6007 train_c: -1.0090 train_max_dist: 22.3843 train_imax: 16.1776 train_imin: -1.5959 time: 1.7838s
INFO:root:Epoch: 1340 lr: 0.01 train_loss: 42945.1797 train_distortion: 3.6306 train_mapscore: 0.6033 train_c: -1.0090 train_max_dist: 22.4408 train_imax: 16.3034 train_imin: -1.5982 time: 1.7818s
INFO:root:Epoch: 1345 lr: 0.01 train_loss: 42803.8945 train_distortion: 3.6873 train_mapscore: 0.6054 train_c: -1.0090 train_max_dist: 22.4945 train_imax: 16.4349 train_imin: -1.6034 time: 1.7753s
INFO:root:Epoch: 1350 lr: 0.01 train_loss: 42739.2227 train_distortion: 3.7620 train_mapscore: 0.6075 train_c: -1.0090 train_max_dist: 22.5683 train_imax: 16.5980 train_imin: -1.6137 time: 1.7746s
INFO:root:Epoch: 1355 lr: 0.01 train_loss: 42600.2383 train_distortion: 3.7313 train_mapscore: 0.6090 train_c: -1.0090 train_max_dist: 22.4626 train_imax: 16.5133 train_imin: -1.6226 time: 1.7751s
INFO:root:Epoch: 1360 lr: 0.01 train_loss: 42485.1406 train_distortion: 3.6495 train_mapscore: 0.6122 train_c: -1.0091 train_max_dist: 22.3211 train_imax: 16.2847 train_imin: -1.6272 time: 1.7731s
INFO:root:Epoch: 1365 lr: 0.01 train_loss: 42415.7930 train_distortion: 3.6236 train_mapscore: 0.6133 train_c: -1.0091 train_max_dist: 22.2632 train_imax: 16.1950 train_imin: -1.6261 time: 1.7743s
INFO:root:Epoch: 1370 lr: 0.01 train_loss: 42340.2734 train_distortion: 3.6426 train_mapscore: 0.6149 train_c: -1.0091 train_max_dist: 22.2676 train_imax: 16.2272 train_imin: -1.6253 time: 1.7726s
INFO:root:Epoch: 1375 lr: 0.01 train_loss: 42230.8281 train_distortion: 3.6860 train_mapscore: 0.6168 train_c: -1.0091 train_max_dist: 22.3025 train_imax: 16.3248 train_imin: -1.6266 time: 1.7706s
INFO:root:Epoch: 1380 lr: 0.01 train_loss: 42113.0586 train_distortion: 3.7432 train_mapscore: 0.6187 train_c: -1.0091 train_max_dist: 22.3565 train_imax: 16.4595 train_imin: -1.6295 time: 1.7718s
INFO:root:Epoch: 1385 lr: 0.01 train_loss: 42084.4219 train_distortion: 3.7416 train_mapscore: 0.6204 train_c: -1.0091 train_max_dist: 22.3338 train_imax: 16.5000 train_imin: -1.6499 time: 1.7742s
INFO:root:Epoch: 1390 lr: 0.01 train_loss: 42141.5586 train_distortion: 3.7876 train_mapscore: 0.6208 train_c: -1.0091 train_max_dist: 22.3766 train_imax: 16.6259 train_imin: -1.6623 time: 1.7828s
INFO:root:Epoch: 1395 lr: 0.01 train_loss: 42197.9375 train_distortion: 3.8987 train_mapscore: 0.6206 train_c: -1.0091 train_max_dist: 22.5228 train_imax: 16.9099 train_imin: -1.6814 time: 1.7807s
INFO:root:Epoch: 1400 lr: 0.01 train_loss: 42169.1523 train_distortion: 3.9695 train_mapscore: 0.6216 train_c: -1.0091 train_max_dist: 22.5906 train_imax: 17.0769 train_imin: -1.6960 time: 1.7890s
INFO:root:Epoch: 1405 lr: 0.01 train_loss: 42077.2148 train_distortion: 3.9553 train_mapscore: 0.6222 train_c: -1.0091 train_max_dist: 22.5110 train_imax: 17.0031 train_imin: -1.7027 time: 1.7897s
INFO:root:Epoch: 1410 lr: 0.01 train_loss: 41955.9062 train_distortion: 3.8812 train_mapscore: 0.6239 train_c: -1.0091 train_max_dist: 22.3292 train_imax: 16.7575 train_imin: -1.7000 time: 1.7881s
INFO:root:Epoch: 1415 lr: 0.01 train_loss: 41825.1367 train_distortion: 3.8399 train_mapscore: 0.6263 train_c: -1.0091 train_max_dist: 22.2096 train_imax: 16.6042 train_imin: -1.6918 time: 1.7808s
INFO:root:Epoch: 1420 lr: 0.01 train_loss: 41672.9375 train_distortion: 3.8344 train_mapscore: 0.6295 train_c: -1.0091 train_max_dist: 22.1913 train_imax: 16.5570 train_imin: -1.6846 time: 1.7813s
INFO:root:Epoch: 1425 lr: 0.01 train_loss: 41494.9531 train_distortion: 3.8565 train_mapscore: 0.6324 train_c: -1.0091 train_max_dist: 22.2311 train_imax: 16.5887 train_imin: -1.6764 time: 1.7808s
INFO:root:Epoch: 1430 lr: 0.01 train_loss: 41329.6055 train_distortion: 3.8979 train_mapscore: 0.6355 train_c: -1.0091 train_max_dist: 22.2953 train_imax: 16.6756 train_imin: -1.6680 time: 1.7822s
INFO:root:Epoch: 1435 lr: 0.01 train_loss: 41167.9219 train_distortion: 3.9452 train_mapscore: 0.6387 train_c: -1.0091 train_max_dist: 22.3685 train_imax: 16.7827 train_imin: -1.6627 time: 1.7811s
INFO:root:Epoch: 1440 lr: 0.01 train_loss: 40998.8203 train_distortion: 3.9852 train_mapscore: 0.6420 train_c: -1.0091 train_max_dist: 22.4256 train_imax: 16.8728 train_imin: -1.6585 time: 1.7812s
INFO:root:Epoch: 1445 lr: 0.01 train_loss: 40835.9766 train_distortion: 4.0109 train_mapscore: 0.6454 train_c: -1.0091 train_max_dist: 22.4626 train_imax: 16.9099 train_imin: -1.6556 time: 1.7789s
INFO:root:Epoch: 1450 lr: 0.01 train_loss: 40668.8125 train_distortion: 4.0383 train_mapscore: 0.6481 train_c: -1.0091 train_max_dist: 22.5040 train_imax: 16.9483 train_imin: -1.6525 time: 1.7834s
INFO:root:Epoch: 1455 lr: 0.01 train_loss: 40517.2578 train_distortion: 4.0070 train_mapscore: 0.6500 train_c: -1.0091 train_max_dist: 22.4569 train_imax: 16.8304 train_imin: -1.6338 time: 1.7793s
INFO:root:Epoch: 1460 lr: 0.01 train_loss: 40351.4453 train_distortion: 3.9505 train_mapscore: 0.6529 train_c: -1.0091 train_max_dist: 22.3760 train_imax: 16.6320 train_imin: -1.6140 time: 1.7815s
INFO:root:Epoch: 1465 lr: 0.01 train_loss: 40238.4375 train_distortion: 3.9469 train_mapscore: 0.6556 train_c: -1.0092 train_max_dist: 22.3703 train_imax: 16.5856 train_imin: -1.6004 time: 1.7728s
INFO:root:Epoch: 1470 lr: 0.01 train_loss: 40098.1602 train_distortion: 3.9744 train_mapscore: 0.6582 train_c: -1.0092 train_max_dist: 22.4089 train_imax: 16.6293 train_imin: -1.5915 time: 1.7667s
INFO:root:Epoch: 1475 lr: 0.01 train_loss: 39985.9570 train_distortion: 4.0147 train_mapscore: 0.6601 train_c: -1.0092 train_max_dist: 22.4667 train_imax: 16.7034 train_imin: -1.5862 time: 1.7666s
INFO:root:Epoch: 1480 lr: 0.01 train_loss: 39867.0039 train_distortion: 4.0469 train_mapscore: 0.6627 train_c: -1.0091 train_max_dist: 22.5102 train_imax: 16.7483 train_imin: -1.5760 time: 1.7647s
INFO:root:Epoch: 1485 lr: 0.01 train_loss: 39769.1211 train_distortion: 4.0707 train_mapscore: 0.6651 train_c: -1.0092 train_max_dist: 22.5383 train_imax: 16.7640 train_imin: -1.5693 time: 1.7722s
INFO:root:Epoch: 1490 lr: 0.01 train_loss: 39693.8672 train_distortion: 4.1408 train_mapscore: 0.6671 train_c: -1.0091 train_max_dist: 22.6452 train_imax: 16.9015 train_imin: -1.5627 time: 1.7657s
INFO:root:Epoch: 1495 lr: 0.01 train_loss: 39577.5508 train_distortion: 4.1624 train_mapscore: 0.6685 train_c: -1.0091 train_max_dist: 22.6781 train_imax: 16.9108 train_imin: -1.5596 time: 1.7665s
INFO:root:Epoch: 1500 lr: 0.01 train_loss: 39481.5820 train_distortion: 4.1969 train_mapscore: 0.6694 train_c: -1.0091 train_max_dist: 22.7294 train_imax: 16.9664 train_imin: -1.5608 time: 1.7679s
INFO:root:Epoch: 1505 lr: 0.01 train_loss: 39356.9414 train_distortion: 4.2338 train_mapscore: 0.6719 train_c: -1.0091 train_max_dist: 22.7826 train_imax: 17.0414 train_imin: -1.5636 time: 1.7675s
INFO:root:Epoch: 1510 lr: 0.01 train_loss: 39235.3867 train_distortion: 4.2668 train_mapscore: 0.6750 train_c: -1.0091 train_max_dist: 22.8327 train_imax: 17.1149 train_imin: -1.5670 time: 1.7655s
INFO:root:Epoch: 1515 lr: 0.01 train_loss: 39100.4648 train_distortion: 4.2708 train_mapscore: 0.6772 train_c: -1.0091 train_max_dist: 22.8480 train_imax: 17.1057 train_imin: -1.5734 time: 1.7669s
INFO:root:Epoch: 1520 lr: 0.01 train_loss: 38954.4688 train_distortion: 4.2750 train_mapscore: 0.6793 train_c: -1.0091 train_max_dist: 22.8618 train_imax: 17.0967 train_imin: -1.5784 time: 1.7605s
INFO:root:Epoch: 1525 lr: 0.01 train_loss: 38824.4922 train_distortion: 4.3018 train_mapscore: 0.6816 train_c: -1.0091 train_max_dist: 22.9045 train_imax: 17.1451 train_imin: -1.5829 time: 1.7702s
INFO:root:Epoch: 1530 lr: 0.01 train_loss: 38711.6328 train_distortion: 4.3450 train_mapscore: 0.6839 train_c: -1.0091 train_max_dist: 22.9672 train_imax: 17.2348 train_imin: -1.5857 time: 1.7722s
INFO:root:Epoch: 1535 lr: 0.01 train_loss: 38598.5781 train_distortion: 4.3961 train_mapscore: 0.6861 train_c: -1.0091 train_max_dist: 23.0394 train_imax: 17.3448 train_imin: -1.5863 time: 1.7744s
INFO:root:Epoch: 1540 lr: 0.01 train_loss: 38485.6250 train_distortion: 4.4469 train_mapscore: 0.6881 train_c: -1.0091 train_max_dist: 23.1105 train_imax: 17.4551 train_imin: -1.5866 time: 1.7766s
INFO:root:Epoch: 1545 lr: 0.01 train_loss: 38368.0234 train_distortion: 4.4841 train_mapscore: 0.6904 train_c: -1.0091 train_max_dist: 23.1595 train_imax: 17.5249 train_imin: -1.5901 time: 1.7700s
INFO:root:Epoch: 1550 lr: 0.01 train_loss: 38219.3750 train_distortion: 4.4377 train_mapscore: 0.6931 train_c: -1.0092 train_max_dist: 23.0767 train_imax: 17.3941 train_imin: -1.6085 time: 1.7701s
INFO:root:Epoch: 1555 lr: 0.01 train_loss: 38112.6016 train_distortion: 4.3995 train_mapscore: 0.6948 train_c: -1.0092 train_max_dist: 23.0042 train_imax: 17.2892 train_imin: -1.6223 time: 1.7713s
INFO:root:Epoch: 1560 lr: 0.01 train_loss: 38010.7109 train_distortion: 4.4063 train_mapscore: 0.6964 train_c: -1.0092 train_max_dist: 23.0037 train_imax: 17.2889 train_imin: -1.6273 time: 1.7714s
INFO:root:Epoch: 1565 lr: 0.01 train_loss: 37916.7500 train_distortion: 4.4432 train_mapscore: 0.6991 train_c: -1.0092 train_max_dist: 23.0444 train_imax: 17.3568 train_imin: -1.6290 time: 1.7680s
INFO:root:Epoch: 1570 lr: 0.01 train_loss: 37845.7500 train_distortion: 4.4463 train_mapscore: 0.6994 train_c: -1.0092 train_max_dist: 23.0438 train_imax: 17.3551 train_imin: -1.6331 time: 1.7688s
INFO:root:Epoch: 1575 lr: 0.01 train_loss: 37807.3633 train_distortion: 4.3651 train_mapscore: 0.7005 train_c: -1.0093 train_max_dist: 22.8983 train_imax: 17.0798 train_imin: -1.6375 time: 1.7717s
INFO:root:Epoch: 1580 lr: 0.01 train_loss: 37777.9141 train_distortion: 4.3127 train_mapscore: 0.7014 train_c: -1.0093 train_max_dist: 22.7235 train_imax: 16.8790 train_imin: -1.6354 time: 1.7707s
INFO:root:Epoch: 1585 lr: 0.01 train_loss: 37739.7656 train_distortion: 4.3109 train_mapscore: 0.7018 train_c: -1.0093 train_max_dist: 22.6528 train_imax: 16.8250 train_imin: -1.6325 time: 1.7682s
INFO:root:Epoch: 1590 lr: 0.01 train_loss: 38738.5625 train_distortion: 3.8319 train_mapscore: 0.6941 train_c: -1.0096 train_max_dist: 22.0509 train_imax: 15.7527 train_imin: -1.6000 time: 1.7741s
INFO:root:Epoch: 1595 lr: 0.01 train_loss: 44790.4336 train_distortion: 2.5676 train_mapscore: 0.5994 train_c: -1.0105 train_max_dist: 20.1541 train_imax: 12.4876 train_imin: -1.6763 time: 1.7823s
INFO:root:Epoch: 1600 lr: 0.01 train_loss: 56062.8984 train_distortion: 1.5668 train_mapscore: 0.4303 train_c: -1.0114 train_max_dist: 17.8983 train_imax: 9.7499 train_imin: -1.7958 time: 1.8339s
INFO:root:Epoch: 1605 lr: 0.01 train_loss: 62950.5703 train_distortion: 1.1124 train_mapscore: 0.3433 train_c: -1.0119 train_max_dist: 16.5152 train_imax: 8.2604 train_imin: -1.8006 time: 1.8882s
INFO:root:Epoch: 1610 lr: 0.01 train_loss: 66737.4375 train_distortion: 0.9065 train_mapscore: 0.3026 train_c: -1.0122 train_max_dist: 16.0000 train_imax: 7.4759 train_imin: -1.7624 time: 1.9307s
INFO:root:Epoch: 1615 lr: 0.01 train_loss: 68340.9922 train_distortion: 0.8111 train_mapscore: 0.2848 train_c: -1.0123 train_max_dist: 15.3618 train_imax: 7.0963 train_imin: -1.7242 time: 1.9533s
INFO:root:Epoch: 1620 lr: 0.01 train_loss: 68894.0547 train_distortion: 0.7708 train_mapscore: 0.2777 train_c: -1.0124 train_max_dist: 18.0000 train_imax: 6.9386 train_imin: -1.6869 time: 1.9511s
INFO:root:Epoch: 1625 lr: 0.01 train_loss: 68910.0312 train_distortion: 0.7588 train_mapscore: 0.2773 train_c: -1.0125 train_max_dist: 15.1221 train_imax: 6.9045 train_imin: -1.6511 time: 1.9596s
INFO:root:Epoch: 1630 lr: 0.01 train_loss: 68623.5391 train_distortion: 0.7611 train_mapscore: 0.2799 train_c: -1.0125 train_max_dist: 15.1353 train_imax: 6.9336 train_imin: -1.6120 time: 1.9538s
INFO:root:Epoch: 1635 lr: 0.01 train_loss: 68195.8359 train_distortion: 0.7725 train_mapscore: 0.2850 train_c: -1.0125 train_max_dist: 15.1898 train_imax: 7.0013 train_imin: -1.6007 time: 1.9453s
INFO:root:Epoch: 1640 lr: 0.01 train_loss: 67674.2734 train_distortion: 0.7865 train_mapscore: 0.2911 train_c: -1.0125 train_max_dist: 16.0000 train_imax: 7.0770 train_imin: -1.5982 time: 1.9432s
INFO:root:Epoch: 1645 lr: 0.01 train_loss: 67153.5156 train_distortion: 0.8031 train_mapscore: 0.2961 train_c: -1.0125 train_max_dist: 15.3222 train_imax: 7.1631 train_imin: -1.5939 time: 1.9399s
INFO:root:Epoch: 1650 lr: 0.01 train_loss: 66663.2969 train_distortion: 0.8213 train_mapscore: 0.3008 train_c: -1.0125 train_max_dist: 24.0000 train_imax: 7.2537 train_imin: -1.5877 time: 1.9348s
INFO:root:Epoch: 1655 lr: 0.01 train_loss: 66120.5703 train_distortion: 0.8372 train_mapscore: 0.3068 train_c: -1.0125 train_max_dist: 18.0000 train_imax: 7.3263 train_imin: -1.5803 time: 1.9233s
INFO:root:Epoch: 1660 lr: 0.01 train_loss: 65620.2734 train_distortion: 0.8551 train_mapscore: 0.3113 train_c: -1.0125 train_max_dist: 16.0000 train_imax: 7.4063 train_imin: -1.5727 time: 1.9182s
INFO:root:Epoch: 1665 lr: 0.01 train_loss: 65174.7266 train_distortion: 0.8749 train_mapscore: 0.3170 train_c: -1.0125 train_max_dist: 16.0000 train_imax: 7.4954 train_imin: -1.5644 time: 1.9178s
INFO:root:Epoch: 1670 lr: 0.01 train_loss: 64734.3125 train_distortion: 0.8950 train_mapscore: 0.3229 train_c: -1.0125 train_max_dist: 18.0000 train_imax: 7.5831 train_imin: -1.5566 time: 1.9174s
INFO:root:Epoch: 1675 lr: 0.01 train_loss: 64306.8438 train_distortion: 0.9147 train_mapscore: 0.3284 train_c: -1.0125 train_max_dist: 15.7263 train_imax: 7.6628 train_imin: -1.5489 time: 1.9114s
INFO:root:Epoch: 1680 lr: 0.01 train_loss: 63909.3984 train_distortion: 0.9155 train_mapscore: 0.3291 train_c: -1.0125 train_max_dist: 16.0000 train_imax: 7.5673 train_imin: -1.6288 time: 1.9039s
INFO:root:Epoch: 1685 lr: 0.01 train_loss: 63711.7188 train_distortion: 0.8970 train_mapscore: 0.3269 train_c: -1.0126 train_max_dist: 32.0000 train_imax: 7.2837 train_imin: -1.5485 time: 1.8950s
INFO:root:Epoch: 1690 lr: 0.01 train_loss: 63649.5820 train_distortion: 0.8915 train_mapscore: 0.3285 train_c: -1.0127 train_max_dist: 16.0477 train_imax: 7.1462 train_imin: -1.4825 time: 1.9117s
INFO:root:Epoch: 1695 lr: 0.01 train_loss: 63458.4062 train_distortion: 0.8967 train_mapscore: 0.3315 train_c: -1.0127 train_max_dist: 16.1116 train_imax: 7.1113 train_imin: -1.4867 time: 1.9106s
INFO:root:Epoch: 1700 lr: 0.01 train_loss: 63246.7227 train_distortion: 0.9080 train_mapscore: 0.3342 train_c: -1.0127 train_max_dist: 16.1596 train_imax: 7.1324 train_imin: -1.4770 time: 1.9082s
INFO:root:Epoch: 1705 lr: 0.01 train_loss: 62909.1797 train_distortion: 0.9216 train_mapscore: 0.3385 train_c: -1.0127 train_max_dist: 16.1894 train_imax: 7.1881 train_imin: -1.4599 time: 1.8996s
INFO:root:Epoch: 1710 lr: 0.01 train_loss: 62595.0117 train_distortion: 0.9376 train_mapscore: 0.3433 train_c: -1.0127 train_max_dist: 16.2093 train_imax: 7.2635 train_imin: -1.4395 time: 1.9020s
INFO:root:Epoch: 1715 lr: 0.01 train_loss: 62314.5859 train_distortion: 0.9560 train_mapscore: 0.3483 train_c: -1.0127 train_max_dist: 16.2320 train_imax: 7.3513 train_imin: -1.4255 time: 1.9056s
INFO:root:Epoch: 1720 lr: 0.01 train_loss: 62031.6719 train_distortion: 0.9754 train_mapscore: 0.3520 train_c: -1.0127 train_max_dist: 20.0000 train_imax: 7.4393 train_imin: -1.4464 time: 1.9026s
INFO:root:Epoch: 1725 lr: 0.01 train_loss: 61763.1641 train_distortion: 0.9945 train_mapscore: 0.3556 train_c: -1.0127 train_max_dist: 16.2862 train_imax: 7.5179 train_imin: -1.4684 time: 1.9068s
INFO:root:Epoch: 1730 lr: 0.01 train_loss: 61478.3594 train_distortion: 1.0134 train_mapscore: 0.3584 train_c: -1.0127 train_max_dist: 16.3169 train_imax: 7.5884 train_imin: -1.4812 time: 1.9053s
INFO:root:Epoch: 1735 lr: 0.01 train_loss: 61211.8984 train_distortion: 1.0314 train_mapscore: 0.3622 train_c: -1.0126 train_max_dist: 16.3496 train_imax: 7.6513 train_imin: -1.4863 time: 1.9029s
INFO:root:Epoch: 1740 lr: 0.01 train_loss: 60942.7344 train_distortion: 1.0498 train_mapscore: 0.3640 train_c: -1.0126 train_max_dist: 16.3859 train_imax: 7.7100 train_imin: -1.4858 time: 1.9001s
INFO:root:Epoch: 1745 lr: 0.01 train_loss: 60708.0508 train_distortion: 1.0684 train_mapscore: 0.3661 train_c: -1.0126 train_max_dist: 16.4240 train_imax: 7.7667 train_imin: -1.4822 time: 1.8988s
INFO:root:Epoch: 1750 lr: 0.01 train_loss: 60472.6992 train_distortion: 1.0872 train_mapscore: 0.3690 train_c: -1.0126 train_max_dist: 16.4641 train_imax: 7.8222 train_imin: -1.4770 time: 1.8956s
INFO:root:Epoch: 1755 lr: 0.01 train_loss: 60245.6445 train_distortion: 1.1055 train_mapscore: 0.3711 train_c: -1.0126 train_max_dist: 16.5043 train_imax: 7.8742 train_imin: -1.4709 time: 1.8900s
INFO:root:Epoch: 1760 lr: 0.01 train_loss: 60031.9766 train_distortion: 1.1231 train_mapscore: 0.3735 train_c: -1.0126 train_max_dist: 16.5435 train_imax: 7.9220 train_imin: -1.4666 time: 1.8907s
INFO:root:Epoch: 1765 lr: 0.01 train_loss: 59807.0391 train_distortion: 1.1381 train_mapscore: 0.3756 train_c: -1.0126 train_max_dist: 16.5731 train_imax: 7.9575 train_imin: -1.4664 time: 1.8884s
INFO:root:Epoch: 1770 lr: 0.01 train_loss: 59585.1250 train_distortion: 1.1501 train_mapscore: 0.3775 train_c: -1.0126 train_max_dist: 16.5951 train_imax: 7.9738 train_imin: -1.4685 time: 1.8893s
INFO:root:Epoch: 1775 lr: 0.01 train_loss: 59370.4844 train_distortion: 1.1626 train_mapscore: 0.3798 train_c: -1.0125 train_max_dist: 16.6239 train_imax: 7.9951 train_imin: -1.4692 time: 1.8852s
INFO:root:Epoch: 1780 lr: 0.01 train_loss: 59152.3945 train_distortion: 1.1731 train_mapscore: 0.3815 train_c: -1.0125 train_max_dist: 16.6607 train_imax: 7.9986 train_imin: -1.4673 time: 1.8808s
INFO:root:Epoch: 1785 lr: 0.01 train_loss: 58931.3828 train_distortion: 1.1848 train_mapscore: 0.3834 train_c: -1.0125 train_max_dist: 16.7019 train_imax: 8.0079 train_imin: -1.4635 time: 1.8782s
INFO:root:Epoch: 1790 lr: 0.01 train_loss: 58760.8828 train_distortion: 1.1993 train_mapscore: 0.3855 train_c: -1.0125 train_max_dist: 16.7436 train_imax: 8.0360 train_imin: -1.4591 time: 1.8798s
INFO:root:Epoch: 1795 lr: 0.01 train_loss: 58568.4414 train_distortion: 1.2131 train_mapscore: 0.3872 train_c: -1.0125 train_max_dist: 16.7778 train_imax: 8.0683 train_imin: -1.4589 time: 1.8642s
INFO:root:Epoch: 1800 lr: 0.01 train_loss: 58379.2812 train_distortion: 1.2230 train_mapscore: 0.3889 train_c: -1.0125 train_max_dist: 16.8096 train_imax: 8.0948 train_imin: -1.4606 time: 1.8641s
INFO:root:Epoch: 1805 lr: 0.01 train_loss: 58197.7109 train_distortion: 1.2325 train_mapscore: 0.3907 train_c: -1.0125 train_max_dist: 16.8465 train_imax: 8.1213 train_imin: -1.4580 time: 1.8711s
INFO:root:Epoch: 1810 lr: 0.01 train_loss: 58028.5273 train_distortion: 1.2462 train_mapscore: 0.3923 train_c: -1.0125 train_max_dist: 16.8873 train_imax: 8.1604 train_imin: -1.4523 time: 1.8607s
INFO:root:Epoch: 1815 lr: 0.01 train_loss: 57870.3047 train_distortion: 1.2615 train_mapscore: 0.3937 train_c: -1.0125 train_max_dist: 16.9276 train_imax: 8.2056 train_imin: -1.4457 time: 1.8625s
INFO:root:Epoch: 1820 lr: 0.01 train_loss: 57702.3516 train_distortion: 1.2790 train_mapscore: 0.3958 train_c: -1.0125 train_max_dist: 16.9529 train_imax: 8.2538 train_imin: -1.4448 time: 1.8593s
INFO:root:Epoch: 1825 lr: 0.01 train_loss: 57563.9961 train_distortion: 1.2951 train_mapscore: 0.3973 train_c: -1.0125 train_max_dist: 16.9736 train_imax: 8.3011 train_imin: -1.4426 time: 1.8586s
INFO:root:Epoch: 1830 lr: 0.01 train_loss: 57407.5703 train_distortion: 1.3116 train_mapscore: 0.3996 train_c: -1.0125 train_max_dist: 18.0000 train_imax: 8.3519 train_imin: -1.4383 time: 1.8599s
INFO:root:Epoch: 1835 lr: 0.01 train_loss: 57256.8242 train_distortion: 1.3298 train_mapscore: 0.4013 train_c: -1.0125 train_max_dist: 17.0433 train_imax: 8.4072 train_imin: -1.4324 time: 1.8558s
INFO:root:Epoch: 1840 lr: 0.01 train_loss: 57092.8906 train_distortion: 1.3403 train_mapscore: 0.4028 train_c: -1.0124 train_max_dist: 17.0574 train_imax: 8.4306 train_imin: -1.4311 time: 1.8527s
INFO:root:Epoch: 1845 lr: 0.01 train_loss: 56941.5000 train_distortion: 1.3531 train_mapscore: 0.4043 train_c: -1.0124 train_max_dist: 17.0815 train_imax: 8.4588 train_imin: -1.4283 time: 1.8531s
INFO:root:Epoch: 1850 lr: 0.01 train_loss: 56777.7266 train_distortion: 1.3662 train_mapscore: 0.4058 train_c: -1.0124 train_max_dist: 17.1100 train_imax: 8.4894 train_imin: -1.4250 time: 1.8622s
INFO:root:Epoch: 1855 lr: 0.01 train_loss: 56608.2500 train_distortion: 1.3768 train_mapscore: 0.4069 train_c: -1.0124 train_max_dist: 17.1344 train_imax: 8.5111 train_imin: -1.4269 time: 1.8652s
INFO:root:Epoch: 1860 lr: 0.01 train_loss: 56451.6875 train_distortion: 1.3849 train_mapscore: 0.4081 train_c: -1.0124 train_max_dist: 17.1531 train_imax: 8.5209 train_imin: -1.4372 time: 1.8573s
INFO:root:Epoch: 1865 lr: 0.01 train_loss: 56303.6758 train_distortion: 1.3964 train_mapscore: 0.4094 train_c: -1.0124 train_max_dist: 17.1803 train_imax: 8.5403 train_imin: -1.4446 time: 1.8603s
INFO:root:Epoch: 1870 lr: 0.01 train_loss: 56163.5078 train_distortion: 1.4095 train_mapscore: 0.4104 train_c: -1.0124 train_max_dist: 17.2158 train_imax: 8.5624 train_imin: -1.4515 time: 1.8549s
INFO:root:Epoch: 1875 lr: 0.01 train_loss: 56007.2617 train_distortion: 1.4230 train_mapscore: 0.4121 train_c: -1.0124 train_max_dist: 18.0000 train_imax: 8.5858 train_imin: -1.4570 time: 1.8574s
INFO:root:Epoch: 1880 lr: 0.01 train_loss: 55851.1875 train_distortion: 1.4375 train_mapscore: 0.4135 train_c: -1.0124 train_max_dist: 17.2874 train_imax: 8.6125 train_imin: -1.4608 time: 1.8618s
INFO:root:Epoch: 1885 lr: 0.01 train_loss: 55698.5391 train_distortion: 1.4531 train_mapscore: 0.4147 train_c: -1.0124 train_max_dist: 17.3277 train_imax: 8.6452 train_imin: -1.4626 time: 1.8553s
INFO:root:Epoch: 1890 lr: 0.01 train_loss: 55548.6523 train_distortion: 1.4668 train_mapscore: 0.4165 train_c: -1.0124 train_max_dist: 17.3621 train_imax: 8.6749 train_imin: -1.4610 time: 1.8498s
INFO:root:Epoch: 1895 lr: 0.01 train_loss: 55400.1953 train_distortion: 1.4797 train_mapscore: 0.4183 train_c: -1.0124 train_max_dist: 17.3941 train_imax: 8.7035 train_imin: -1.4575 time: 1.8451s
INFO:root:Epoch: 1900 lr: 0.01 train_loss: 55259.2109 train_distortion: 1.4942 train_mapscore: 0.4202 train_c: -1.0124 train_max_dist: 17.4302 train_imax: 8.7410 train_imin: -1.4549 time: 1.8484s
INFO:root:Epoch: 1905 lr: 0.01 train_loss: 55119.3906 train_distortion: 1.5090 train_mapscore: 0.4216 train_c: -1.0124 train_max_dist: 17.4649 train_imax: 8.7772 train_imin: -1.4529 time: 1.8512s
INFO:root:Epoch: 1910 lr: 0.01 train_loss: 54983.0000 train_distortion: 1.5241 train_mapscore: 0.4233 train_c: -1.0124 train_max_dist: 17.4994 train_imax: 8.8136 train_imin: -1.4519 time: 1.8473s
INFO:root:Epoch: 1915 lr: 0.01 train_loss: 54840.2500 train_distortion: 1.5403 train_mapscore: 0.4245 train_c: -1.0124 train_max_dist: 17.5375 train_imax: 8.8520 train_imin: -1.4515 time: 1.8447s
INFO:root:Epoch: 1920 lr: 0.01 train_loss: 54714.8125 train_distortion: 1.5567 train_mapscore: 0.4260 train_c: -1.0123 train_max_dist: 40.0000 train_imax: 8.8918 train_imin: -1.4514 time: 1.8439s
INFO:root:Epoch: 1925 lr: 0.01 train_loss: 54576.2422 train_distortion: 1.5719 train_mapscore: 0.4272 train_c: -1.0123 train_max_dist: 17.6118 train_imax: 8.9272 train_imin: -1.4522 time: 1.8461s
INFO:root:Epoch: 1930 lr: 0.01 train_loss: 54429.5625 train_distortion: 1.5844 train_mapscore: 0.4289 train_c: -1.0123 train_max_dist: 17.6336 train_imax: 8.9461 train_imin: -1.4467 time: 1.8430s
INFO:root:Epoch: 1935 lr: 0.01 train_loss: 54296.6953 train_distortion: 1.5916 train_mapscore: 0.4305 train_c: -1.0123 train_max_dist: 18.0000 train_imax: 8.9531 train_imin: -1.4424 time: 1.8442s
INFO:root:Epoch: 1940 lr: 0.01 train_loss: 54163.5469 train_distortion: 1.5997 train_mapscore: 0.4319 train_c: -1.0123 train_max_dist: 17.6604 train_imax: 8.9632 train_imin: -1.4410 time: 1.8390s
INFO:root:Epoch: 1945 lr: 0.01 train_loss: 54023.3750 train_distortion: 1.6103 train_mapscore: 0.4334 train_c: -1.0123 train_max_dist: 17.6822 train_imax: 8.9785 train_imin: -1.4428 time: 1.8390s
INFO:root:Epoch: 1950 lr: 0.01 train_loss: 53895.3359 train_distortion: 1.6156 train_mapscore: 0.4353 train_c: -1.0123 train_max_dist: 20.0000 train_imax: 8.9800 train_imin: -1.4482 time: 1.8355s
INFO:root:Epoch: 1955 lr: 0.01 train_loss: 53771.2969 train_distortion: 1.6212 train_mapscore: 0.4373 train_c: -1.0124 train_max_dist: 17.7124 train_imax: 8.9835 train_imin: -1.4551 time: 1.8378s
INFO:root:Epoch: 1960 lr: 0.01 train_loss: 53653.0234 train_distortion: 1.6314 train_mapscore: 0.4388 train_c: -1.0124 train_max_dist: 17.7389 train_imax: 8.9977 train_imin: -1.4599 time: 1.8381s
INFO:root:Epoch: 1965 lr: 0.01 train_loss: 53522.1016 train_distortion: 1.6451 train_mapscore: 0.4399 train_c: -1.0123 train_max_dist: 17.7705 train_imax: 9.0262 train_imin: -1.4621 time: 1.8305s
INFO:root:Epoch: 1970 lr: 0.01 train_loss: 53407.6562 train_distortion: 1.6632 train_mapscore: 0.4412 train_c: -1.0123 train_max_dist: 20.0000 train_imax: 9.0736 train_imin: -1.4602 time: 1.8270s
INFO:root:Epoch: 1975 lr: 0.01 train_loss: 53294.5312 train_distortion: 1.6808 train_mapscore: 0.4421 train_c: -1.0123 train_max_dist: 17.8535 train_imax: 9.1142 train_imin: -1.4602 time: 1.8247s
INFO:root:Epoch: 1980 lr: 0.01 train_loss: 53175.1055 train_distortion: 1.6979 train_mapscore: 0.4439 train_c: -1.0123 train_max_dist: 17.8928 train_imax: 9.1468 train_imin: -1.4617 time: 1.8245s
INFO:root:Epoch: 1985 lr: 0.01 train_loss: 53072.1406 train_distortion: 1.7135 train_mapscore: 0.4450 train_c: -1.0123 train_max_dist: 17.9298 train_imax: 9.1716 train_imin: -1.4622 time: 1.8259s
INFO:root:Epoch: 1990 lr: 0.01 train_loss: 52926.2773 train_distortion: 1.7258 train_mapscore: 0.4468 train_c: -1.0123 train_max_dist: 17.9545 train_imax: 9.1713 train_imin: -1.4718 time: 1.8213s
INFO:root:Epoch: 1995 lr: 0.01 train_loss: 52795.3906 train_distortion: 1.7349 train_mapscore: 0.4487 train_c: -1.0123 train_max_dist: 17.9700 train_imax: 9.1534 train_imin: -1.4856 time: 1.8202s
INFO:root:Epoch: 2000 lr: 0.0025 train_loss: 52676.4062 train_distortion: 1.7486 train_mapscore: 0.4495 train_c: -1.0123 train_max_dist: 17.9955 train_imax: 9.1649 train_imin: -1.4930 time: 1.8339s
INFO:root:Optimization Finished!
INFO:root:Total time elapsed: 3595.0291s
INFO:root:Val set results: val_distortion: 1.0000 val_mapscore: -1.0000 val_c: -1.0000 val_max_dist: 0.0000
INFO:root:Test set results: test_loss: 52653.0547 test_distortion: 1.7517 test_mapscore: 0.4496 test_c: -1.0123 test_max_dist: 20.0000 test_imax: 9.1704 test_imin: -1.4939
INFO:root:Saved model in /workspace/xiongbo/hgcn/logs/md/2021_5_23/1
