INFO:root:Using: cuda:0
INFO:root:Using seed 1234.
INFO:root:MDModel(
  (encoder): HGCN(
    (layers): Sequential(
      (0): HyperbolicGraphConvolution(
        (linear): HypLinear(
          in_features=3032, out_features=10, c=Parameter containing:
          tensor([-1.], requires_grad=True)
        )
        (agg): HypAgg(
          c=Parameter containing:
          tensor([-1.], requires_grad=True)
        )
        (hyp_act): HypAct(
          c_in=Parameter containing:
          tensor([-1.], requires_grad=True), c_out=Parameter containing:
          tensor([-1.], requires_grad=True)
        )
      )
    )
  )
  (decoder): MDDecoder()
)
INFO:root:Total number of parameters: 30332
/workspace/anaconda3/envs/geo/lib/python3.7/site-packages/torch/optim/lr_scheduler.py:370: UserWarning: To get the last learning rate computed by the scheduler, please use `get_last_lr()`.
  "please use `get_last_lr()`.", UserWarning)
INFO:root:Epoch: 0005 lr: 0.001 train_loss: 102739.0391 train_distortion: 0.8931 train_mapscore: 0.0121 train_c: -1.0004 train_max_dist: 1.5975 train_imax: -0.0000 train_imin: -1.4068 time: 2.4908s
INFO:root:Epoch: 0010 lr: 0.001 train_loss: 102119.3594 train_distortion: 0.8831 train_mapscore: 0.0167 train_c: -1.0009 train_max_dist: 1.7110 train_imax: -0.0000 train_imin: -1.3883 time: 2.3358s
INFO:root:Epoch: 0015 lr: 0.001 train_loss: 101599.8125 train_distortion: 0.8726 train_mapscore: 0.0263 train_c: -1.0014 train_max_dist: 1.7863 train_imax: -0.0000 train_imin: -1.3842 time: 2.1591s
INFO:root:Epoch: 0020 lr: 0.001 train_loss: 101133.0312 train_distortion: 0.8621 train_mapscore: 0.0358 train_c: -1.0020 train_max_dist: 1.8548 train_imax: -0.0000 train_imin: -1.4072 time: 2.0493s
INFO:root:Epoch: 0025 lr: 0.001 train_loss: 100683.6094 train_distortion: 0.8519 train_mapscore: 0.0486 train_c: -1.0025 train_max_dist: 1.9540 train_imax: -0.0000 train_imin: -1.4753 time: 1.9254s
INFO:root:Epoch: 0030 lr: 0.001 train_loss: 100240.5312 train_distortion: 0.8419 train_mapscore: 0.0611 train_c: -1.0031 train_max_dist: 1.9881 train_imax: -0.0000 train_imin: -1.5475 time: 1.8608s
INFO:root:Epoch: 0035 lr: 0.001 train_loss: 99802.2188 train_distortion: 0.8320 train_mapscore: 0.0787 train_c: -1.0038 train_max_dist: 1.9966 train_imax: -0.0000 train_imin: -1.6122 time: 1.7847s
INFO:root:Epoch: 0040 lr: 0.001 train_loss: 99368.7344 train_distortion: 0.8221 train_mapscore: 0.0967 train_c: -1.0044 train_max_dist: 2.1076 train_imax: -0.0000 train_imin: -1.6717 time: 1.7442s
INFO:root:Epoch: 0045 lr: 0.001 train_loss: 98959.3438 train_distortion: 0.8123 train_mapscore: 0.1148 train_c: -1.0050 train_max_dist: 2.2539 train_imax: -0.0000 train_imin: -1.7063 time: 1.7070s
INFO:root:Epoch: 0050 lr: 0.001 train_loss: 98586.9531 train_distortion: 0.8027 train_mapscore: 0.1322 train_c: -1.0057 train_max_dist: 2.3539 train_imax: -0.0000 train_imin: -1.7333 time: 1.6801s
INFO:root:Epoch: 0055 lr: 0.001 train_loss: 98230.7031 train_distortion: 0.7931 train_mapscore: 0.1508 train_c: -1.0064 train_max_dist: 2.4581 train_imax: -0.0000 train_imin: -1.7654 time: 1.6720s
INFO:root:Epoch: 0060 lr: 0.001 train_loss: 97859.8828 train_distortion: 0.7830 train_mapscore: 0.1623 train_c: -1.0071 train_max_dist: 2.7121 train_imax: -0.0000 train_imin: -1.7708 time: 1.6613s
INFO:root:Epoch: 0065 lr: 0.001 train_loss: 97474.0469 train_distortion: 0.7726 train_mapscore: 0.1720 train_c: -1.0078 train_max_dist: 3.0552 train_imax: -0.0000 train_imin: -1.7737 time: 1.6446s
INFO:root:Epoch: 0070 lr: 0.001 train_loss: 97091.9609 train_distortion: 0.7619 train_mapscore: 0.1893 train_c: -1.0084 train_max_dist: 3.4197 train_imax: -0.0000 train_imin: -1.7750 time: 1.6406s
INFO:root:Epoch: 0075 lr: 0.001 train_loss: 96723.4062 train_distortion: 0.7508 train_mapscore: 0.1979 train_c: -1.0091 train_max_dist: 3.7641 train_imax: -0.0000 train_imin: -1.7647 time: 1.6414s
INFO:root:Epoch: 0080 lr: 0.001 train_loss: 96351.1016 train_distortion: 0.7393 train_mapscore: 0.2068 train_c: -1.0098 train_max_dist: 4.1150 train_imax: -0.0000 train_imin: -1.8724 time: 1.6380s
INFO:root:Epoch: 0085 lr: 0.001 train_loss: 95969.4141 train_distortion: 0.7274 train_mapscore: 0.2154 train_c: -1.0105 train_max_dist: 4.4188 train_imax: -0.0000 train_imin: -1.9678 time: 1.6247s
INFO:root:Epoch: 0090 lr: 0.001 train_loss: 95571.4375 train_distortion: 0.7149 train_mapscore: 0.2172 train_c: -1.0112 train_max_dist: 4.7061 train_imax: -0.0000 train_imin: -2.0756 time: 1.6330s
INFO:root:Epoch: 0095 lr: 0.001 train_loss: 95156.2500 train_distortion: 0.7018 train_mapscore: 0.2336 train_c: -1.0119 train_max_dist: 5.0066 train_imax: -0.0000 train_imin: -2.1809 time: 1.6267s
INFO:root:Epoch: 0100 lr: 0.001 train_loss: 94739.6875 train_distortion: 0.6884 train_mapscore: 0.2212 train_c: -1.0127 train_max_dist: 5.5018 train_imax: -0.0000 train_imin: -2.2827 time: 1.6306s
INFO:root:Epoch: 0105 lr: 0.001 train_loss: 94299.6094 train_distortion: 0.6747 train_mapscore: 0.2343 train_c: -1.0134 train_max_dist: 6.7437 train_imax: 0.0093 train_imin: -2.3626 time: 1.6242s
INFO:root:Epoch: 0110 lr: 0.001 train_loss: 93835.4219 train_distortion: 0.6606 train_mapscore: 0.2498 train_c: -1.0141 train_max_dist: 7.0848 train_imax: 0.1240 train_imin: -2.4488 time: 1.6558s
INFO:root:Epoch: 0115 lr: 0.001 train_loss: 93353.8125 train_distortion: 0.6460 train_mapscore: 0.2550 train_c: -1.0148 train_max_dist: 8.7432 train_imax: 0.1985 train_imin: -2.5254 time: 1.6525s
INFO:root:Epoch: 0120 lr: 0.001 train_loss: 92858.8281 train_distortion: 0.6310 train_mapscore: 0.2687 train_c: -1.0155 train_max_dist: 8.6624 train_imax: 0.2949 train_imin: -2.6021 time: 1.6528s
INFO:root:Epoch: 0125 lr: 0.001 train_loss: 92344.9531 train_distortion: 0.6158 train_mapscore: 0.2815 train_c: -1.0163 train_max_dist: 9.2300 train_imax: 0.3577 train_imin: -2.6370 time: 1.6480s
INFO:root:Epoch: 0130 lr: 0.001 train_loss: 91819.8594 train_distortion: 0.6004 train_mapscore: 0.2850 train_c: -1.0170 train_max_dist: 8.1656 train_imax: 0.4485 train_imin: -2.6729 time: 1.6441s
INFO:root:Epoch: 0135 lr: 0.001 train_loss: 91292.9531 train_distortion: 0.5852 train_mapscore: 0.2882 train_c: -1.0177 train_max_dist: 8.4128 train_imax: 0.4895 train_imin: -2.6782 time: 1.6360s
INFO:root:Epoch: 0140 lr: 0.001 train_loss: 90753.9531 train_distortion: 0.5698 train_mapscore: 0.2948 train_c: -1.0185 train_max_dist: 9.6992 train_imax: 0.5452 train_imin: -2.7270 time: 1.6331s
INFO:root:Epoch: 0145 lr: 0.001 train_loss: 90205.5469 train_distortion: 0.5546 train_mapscore: 0.3070 train_c: -1.0192 train_max_dist: 9.5625 train_imax: 0.5437 train_imin: -2.7497 time: 1.6337s
INFO:root:Epoch: 0150 lr: 0.001 train_loss: 89661.1562 train_distortion: 0.5396 train_mapscore: 0.3094 train_c: -1.0200 train_max_dist: 10.2500 train_imax: 0.5773 train_imin: -2.7196 time: 1.6221s
INFO:root:Epoch: 0155 lr: 0.001 train_loss: 89108.7656 train_distortion: 0.5248 train_mapscore: 0.3218 train_c: -1.0207 train_max_dist: 9.7969 train_imax: 0.5676 train_imin: -2.7343 time: 1.6148s
INFO:root:Epoch: 0160 lr: 0.001 train_loss: 88557.7344 train_distortion: 0.5103 train_mapscore: 0.3335 train_c: -1.0215 train_max_dist: 9.9688 train_imax: 0.6063 train_imin: -2.7201 time: 1.6106s
INFO:root:Epoch: 0165 lr: 0.001 train_loss: 88012.0625 train_distortion: 0.4961 train_mapscore: 0.3309 train_c: -1.0222 train_max_dist: 9.8750 train_imax: 0.6270 train_imin: -2.7425 time: 1.6137s
INFO:root:Epoch: 0170 lr: 0.001 train_loss: 87473.6016 train_distortion: 0.4822 train_mapscore: 0.3503 train_c: -1.0230 train_max_dist: 9.9922 train_imax: 0.6062 train_imin: -2.6987 time: 1.6078s
INFO:root:Epoch: 0175 lr: 0.001 train_loss: 86934.3125 train_distortion: 0.4687 train_mapscore: 0.3488 train_c: -1.0237 train_max_dist: 10.1250 train_imax: 0.6325 train_imin: -2.7981 time: 1.5990s
INFO:root:Epoch: 0180 lr: 0.001 train_loss: 86378.4609 train_distortion: 0.4555 train_mapscore: 0.3561 train_c: -1.0245 train_max_dist: 10.0938 train_imax: 0.5742 train_imin: -2.8464 time: 1.6065s
INFO:root:Epoch: 0185 lr: 0.001 train_loss: 85829.7969 train_distortion: 0.4427 train_mapscore: 0.3679 train_c: -1.0252 train_max_dist: 10.0312 train_imax: 0.6224 train_imin: -2.9660 time: 1.5988s
INFO:root:Epoch: 0190 lr: 0.001 train_loss: 85270.7109 train_distortion: 0.4301 train_mapscore: 0.3742 train_c: -1.0260 train_max_dist: 10.1250 train_imax: 0.6147 train_imin: -3.0186 time: 1.5935s
INFO:root:Epoch: 0195 lr: 0.001 train_loss: 84724.4531 train_distortion: 0.4180 train_mapscore: 0.3763 train_c: -1.0268 train_max_dist: 10.0625 train_imax: 0.6393 train_imin: -3.0822 time: 1.5882s
INFO:root:Epoch: 0200 lr: 0.001 train_loss: 84206.7344 train_distortion: 0.4064 train_mapscore: 0.3754 train_c: -1.0275 train_max_dist: 10.1250 train_imax: 0.6450 train_imin: -3.1922 time: 1.5881s
INFO:root:Epoch: 0205 lr: 0.001 train_loss: 83647.3438 train_distortion: 0.3951 train_mapscore: 0.3877 train_c: -1.0283 train_max_dist: 10.1250 train_imax: 0.6762 train_imin: -3.3467 time: 1.6041s
INFO:root:Epoch: 0210 lr: 0.001 train_loss: 83086.4062 train_distortion: 0.3839 train_mapscore: 0.3902 train_c: -1.0290 train_max_dist: 10.5000 train_imax: 0.6962 train_imin: -3.3708 time: 1.6051s
INFO:root:Epoch: 0215 lr: 0.001 train_loss: 82533.2578 train_distortion: 0.3726 train_mapscore: 0.3970 train_c: -1.0298 train_max_dist: 10.5232 train_imax: 0.7278 train_imin: -3.5052 time: 1.5962s
INFO:root:Epoch: 0220 lr: 0.001 train_loss: 81971.5859 train_distortion: 0.3614 train_mapscore: 0.3935 train_c: -1.0306 train_max_dist: 10.7789 train_imax: 0.7330 train_imin: -3.6177 time: 1.5957s
INFO:root:Epoch: 0225 lr: 0.001 train_loss: 81413.8750 train_distortion: 0.3502 train_mapscore: 0.3993 train_c: -1.0313 train_max_dist: 11.0501 train_imax: 0.7603 train_imin: -3.7791 time: 1.5916s
INFO:root:Epoch: 0230 lr: 0.001 train_loss: 80836.8047 train_distortion: 0.3391 train_mapscore: 0.4077 train_c: -1.0321 train_max_dist: 11.2793 train_imax: 0.7469 train_imin: -3.7375 time: 1.5888s
INFO:root:Epoch: 0235 lr: 0.001 train_loss: 80262.8438 train_distortion: 0.3284 train_mapscore: 0.4066 train_c: -1.0329 train_max_dist: 11.5246 train_imax: 0.7535 train_imin: -3.9947 time: 1.5897s
INFO:root:Epoch: 0240 lr: 0.001 train_loss: 79682.8125 train_distortion: 0.3175 train_mapscore: 0.4068 train_c: -1.0336 train_max_dist: 11.8243 train_imax: 0.7545 train_imin: -4.1629 time: 1.5920s
INFO:root:Epoch: 0245 lr: 0.001 train_loss: 79110.1875 train_distortion: 0.3069 train_mapscore: 0.4117 train_c: -1.0344 train_max_dist: 12.1084 train_imax: 0.7690 train_imin: -4.3008 time: 1.5854s
INFO:root:Epoch: 0250 lr: 0.001 train_loss: 78519.9844 train_distortion: 0.2959 train_mapscore: 0.4152 train_c: -1.0352 train_max_dist: 12.3483 train_imax: 0.7485 train_imin: -4.4304 time: 1.5868s
INFO:root:Epoch: 0255 lr: 0.001 train_loss: 77910.5312 train_distortion: 0.2854 train_mapscore: 0.4182 train_c: -1.0359 train_max_dist: 12.6732 train_imax: 0.7669 train_imin: -4.6123 time: 1.5891s
INFO:root:Epoch: 0260 lr: 0.001 train_loss: 77314.7578 train_distortion: 0.2750 train_mapscore: 0.4121 train_c: -1.0367 train_max_dist: 12.9956 train_imax: 0.8281 train_imin: -4.7589 time: 1.5939s
INFO:root:Epoch: 0265 lr: 0.001 train_loss: 76732.5703 train_distortion: 0.2646 train_mapscore: 0.4165 train_c: -1.0374 train_max_dist: 13.2752 train_imax: 0.7143 train_imin: -5.0255 time: 1.5833s
INFO:root:Epoch: 0270 lr: 0.001 train_loss: 76075.0703 train_distortion: 0.2555 train_mapscore: 0.4232 train_c: -1.0382 train_max_dist: 13.6069 train_imax: 0.7676 train_imin: -5.2323 time: 1.5709s
INFO:root:Epoch: 0275 lr: 0.001 train_loss: 75431.8594 train_distortion: 0.2474 train_mapscore: 0.4288 train_c: -1.0389 train_max_dist: 13.8936 train_imax: 0.8102 train_imin: -5.4152 time: 1.5846s
INFO:root:Epoch: 0280 lr: 0.001 train_loss: 74830.2344 train_distortion: 0.2400 train_mapscore: 0.4214 train_c: -1.0397 train_max_dist: 14.2562 train_imax: 0.7464 train_imin: -5.3482 time: 1.5899s
INFO:root:Epoch: 0285 lr: 0.001 train_loss: 74149.4531 train_distortion: 0.2337 train_mapscore: 0.4313 train_c: -1.0404 train_max_dist: 14.5313 train_imax: 0.8640 train_imin: -6.0864 time: 1.5912s
INFO:root:Epoch: 0290 lr: 0.001 train_loss: 73450.9531 train_distortion: 0.2286 train_mapscore: 0.4363 train_c: -1.0412 train_max_dist: 14.8241 train_imax: 0.8071 train_imin: -6.0697 time: 1.5703s
INFO:root:Epoch: 0295 lr: 0.001 train_loss: 72772.6875 train_distortion: 0.2245 train_mapscore: 0.4366 train_c: -1.0419 train_max_dist: 15.1487 train_imax: 0.8501 train_imin: -6.4744 time: 1.5663s
INFO:root:Epoch: 0300 lr: 0.001 train_loss: 72094.6562 train_distortion: 0.2212 train_mapscore: 0.4389 train_c: -1.0427 train_max_dist: 15.4639 train_imax: 0.9068 train_imin: -6.8352 time: 1.5604s
INFO:root:Epoch: 0305 lr: 0.001 train_loss: 71424.8594 train_distortion: 0.2196 train_mapscore: 0.4400 train_c: -1.0434 train_max_dist: 15.8205 train_imax: 0.8107 train_imin: -7.0245 time: 1.5607s
INFO:root:Epoch: 0310 lr: 0.001 train_loss: 70734.1484 train_distortion: 0.2188 train_mapscore: 0.4514 train_c: -1.0442 train_max_dist: 16.0972 train_imax: 0.9649 train_imin: -7.9466 time: 1.5773s
INFO:root:Epoch: 0315 lr: 0.001 train_loss: 70027.1719 train_distortion: 0.2191 train_mapscore: 0.4413 train_c: -1.0449 train_max_dist: 16.3852 train_imax: 0.7688 train_imin: -8.0139 time: 1.5536s
INFO:root:Epoch: 0320 lr: 0.001 train_loss: 69278.7500 train_distortion: 0.2209 train_mapscore: 0.4512 train_c: -1.0457 train_max_dist: 16.6924 train_imax: 0.7616 train_imin: -8.5131 time: 1.5513s
INFO:root:Epoch: 0325 lr: 0.001 train_loss: 68600.6719 train_distortion: 0.2238 train_mapscore: 0.4486 train_c: -1.0464 train_max_dist: 16.9982 train_imax: 0.7822 train_imin: -8.8179 time: 1.5498s
INFO:root:Epoch: 0330 lr: 0.001 train_loss: 67909.3906 train_distortion: 0.2276 train_mapscore: 0.4463 train_c: -1.0472 train_max_dist: 17.2974 train_imax: 0.8102 train_imin: -9.0756 time: 1.5524s
INFO:root:Epoch: 0335 lr: 0.001 train_loss: 67150.2500 train_distortion: 0.2327 train_mapscore: 0.4413 train_c: -1.0479 train_max_dist: 17.6288 train_imax: 0.8332 train_imin: -9.5698 time: 1.5536s
INFO:root:Epoch: 0340 lr: 0.001 train_loss: 66373.6172 train_distortion: 0.2396 train_mapscore: 0.4518 train_c: -1.0487 train_max_dist: 17.9318 train_imax: 0.8664 train_imin: -9.9002 time: 1.5596s
INFO:root:Epoch: 0345 lr: 0.001 train_loss: 65624.5312 train_distortion: 0.2485 train_mapscore: 0.4447 train_c: -1.0494 train_max_dist: 18.2240 train_imax: 0.8814 train_imin: -10.1206 time: 1.5516s
INFO:root:Epoch: 0350 lr: 0.001 train_loss: 64821.2969 train_distortion: 0.2592 train_mapscore: 0.4577 train_c: -1.0501 train_max_dist: 18.5056 train_imax: 1.0817 train_imin: -10.9816 time: 1.5480s
INFO:root:Epoch: 0355 lr: 0.001 train_loss: 64068.0547 train_distortion: 0.2711 train_mapscore: 0.4549 train_c: -1.0509 train_max_dist: 18.8268 train_imax: 1.1120 train_imin: -11.4696 time: 1.5494s
INFO:root:Epoch: 0360 lr: 0.001 train_loss: 63388.0430 train_distortion: 0.2842 train_mapscore: 0.4578 train_c: -1.0516 train_max_dist: 19.1528 train_imax: 0.8131 train_imin: -11.4606 time: 1.5575s
INFO:root:Epoch: 0365 lr: 0.001 train_loss: 62568.0664 train_distortion: 0.2999 train_mapscore: 0.4605 train_c: -1.0523 train_max_dist: 19.5105 train_imax: 1.3593 train_imin: -12.4101 time: 1.5502s
INFO:root:Epoch: 0370 lr: 0.001 train_loss: 64582.1953 train_distortion: 0.3147 train_mapscore: 0.2938 train_c: -1.0529 train_max_dist: 20.6059 train_imax: 19.2239 train_imin: -12.0239 time: 1.5853s
INFO:root:Epoch: 0375 lr: 0.001 train_loss: 64786.2578 train_distortion: 0.3237 train_mapscore: 0.2631 train_c: -1.0534 train_max_dist: 21.1239 train_imax: 22.0574 train_imin: -11.6060 time: 1.6073s
INFO:root:Epoch: 0380 lr: 0.001 train_loss: 63924.0312 train_distortion: 0.3366 train_mapscore: 0.2738 train_c: -1.0540 train_max_dist: 20.9565 train_imax: 22.1111 train_imin: -11.4559 time: 1.6005s
INFO:root:Epoch: 0385 lr: 0.001 train_loss: 62790.7188 train_distortion: 0.3543 train_mapscore: 0.2979 train_c: -1.0546 train_max_dist: 20.5860 train_imax: 21.7226 train_imin: -11.7429 time: 1.5960s
INFO:root:Epoch: 0390 lr: 0.001 train_loss: 61697.9727 train_distortion: 0.3753 train_mapscore: 0.3274 train_c: -1.0553 train_max_dist: 20.6311 train_imax: 20.9198 train_imin: -11.8962 time: 1.5910s
INFO:root:Epoch: 0395 lr: 0.001 train_loss: 60594.0508 train_distortion: 0.3997 train_mapscore: 0.3565 train_c: -1.0559 train_max_dist: 21.0021 train_imax: 20.0445 train_imin: -12.4460 time: 1.5847s
INFO:root:Epoch: 0400 lr: 0.001 train_loss: 59534.5742 train_distortion: 0.4277 train_mapscore: 0.3720 train_c: -1.0566 train_max_dist: 21.3569 train_imax: 19.9134 train_imin: -13.2727 time: 1.5848s
INFO:root:Epoch: 0405 lr: 0.001 train_loss: 58575.6953 train_distortion: 0.4587 train_mapscore: 0.3912 train_c: -1.0572 train_max_dist: 21.6812 train_imax: 19.9081 train_imin: -13.7625 time: 1.5811s
INFO:root:Epoch: 0410 lr: 0.001 train_loss: 57656.6055 train_distortion: 0.4924 train_mapscore: 0.4160 train_c: -1.0579 train_max_dist: 22.0377 train_imax: 20.1506 train_imin: -14.1611 time: 1.5782s
INFO:root:Epoch: 0415 lr: 0.001 train_loss: 56730.6523 train_distortion: 0.5290 train_mapscore: 0.4398 train_c: -1.0586 train_max_dist: 22.4221 train_imax: 20.4507 train_imin: -14.8053 time: 1.5773s
INFO:root:Epoch: 0420 lr: 0.001 train_loss: 55899.3164 train_distortion: 0.5686 train_mapscore: 0.4440 train_c: -1.0592 train_max_dist: 22.8181 train_imax: 20.6995 train_imin: -15.5386 time: 1.5773s
INFO:root:Epoch: 0425 lr: 0.001 train_loss: 55051.1172 train_distortion: 0.6112 train_mapscore: 0.4569 train_c: -1.0599 train_max_dist: 23.1611 train_imax: 21.0186 train_imin: -16.1750 time: 1.5752s
INFO:root:Epoch: 0430 lr: 0.001 train_loss: 54207.4531 train_distortion: 0.6559 train_mapscore: 0.4670 train_c: -1.0606 train_max_dist: 23.4595 train_imax: 21.2939 train_imin: -16.8055 time: 1.5804s
INFO:root:Epoch: 0435 lr: 0.001 train_loss: 53504.3203 train_distortion: 0.7038 train_mapscore: 0.4724 train_c: -1.0612 train_max_dist: 23.8271 train_imax: 21.6623 train_imin: -16.9170 time: 1.5811s
INFO:root:Epoch: 0440 lr: 0.001 train_loss: 52849.7422 train_distortion: 0.7551 train_mapscore: 0.4728 train_c: -1.0619 train_max_dist: 24.1934 train_imax: 22.3207 train_imin: -18.9794 time: 1.5809s
INFO:root:Epoch: 0445 lr: 0.001 train_loss: 52061.1562 train_distortion: 0.8089 train_mapscore: 0.4812 train_c: -1.0626 train_max_dist: 24.5195 train_imax: 22.9400 train_imin: -19.5889 time: 1.5830s
INFO:root:Epoch: 0450 lr: 0.001 train_loss: 51243.3594 train_distortion: 0.8658 train_mapscore: 0.4984 train_c: -1.0632 train_max_dist: 24.8889 train_imax: 23.6590 train_imin: -19.6721 time: 1.5793s
INFO:root:Epoch: 0455 lr: 0.001 train_loss: 50502.1836 train_distortion: 0.9260 train_mapscore: 0.5081 train_c: -1.0639 train_max_dist: 25.2998 train_imax: 24.3653 train_imin: -20.6768 time: 1.5803s
INFO:root:Epoch: 0460 lr: 0.001 train_loss: 49706.0781 train_distortion: 0.9891 train_mapscore: 0.5163 train_c: -1.0646 train_max_dist: 25.6182 train_imax: 25.1382 train_imin: -21.1689 time: 1.5816s
INFO:root:Epoch: 0465 lr: 0.001 train_loss: 48942.4375 train_distortion: 1.0560 train_mapscore: 0.5122 train_c: -1.0652 train_max_dist: 25.9529 train_imax: 25.8931 train_imin: -21.6431 time: 1.5812s
INFO:root:Epoch: 0470 lr: 0.001 train_loss: 48325.0859 train_distortion: 1.1268 train_mapscore: 0.5274 train_c: -1.0659 train_max_dist: 26.3296 train_imax: 26.6492 train_imin: -23.0048 time: 1.5833s
INFO:root:Epoch: 0475 lr: 0.001 train_loss: 47598.8750 train_distortion: 1.2001 train_mapscore: 0.5387 train_c: -1.0665 train_max_dist: 26.6851 train_imax: 27.3698 train_imin: -23.3654 time: 1.5794s
INFO:root:Epoch: 0480 lr: 0.001 train_loss: 47115.6953 train_distortion: 1.2753 train_mapscore: 0.5361 train_c: -1.0672 train_max_dist: 27.0623 train_imax: 28.1189 train_imin: -24.2202 time: 1.5785s
INFO:root:Epoch: 0485 lr: 0.001 train_loss: 46407.4766 train_distortion: 1.3566 train_mapscore: 0.5338 train_c: -1.0678 train_max_dist: 27.3755 train_imax: 28.8376 train_imin: -25.7095 time: 1.5830s
INFO:root:Epoch: 0490 lr: 0.001 train_loss: 45660.1406 train_distortion: 1.4413 train_mapscore: 0.5435 train_c: -1.0685 train_max_dist: 27.7471 train_imax: 29.6429 train_imin: -26.3603 time: 1.5791s
INFO:root:Epoch: 0495 lr: 0.001 train_loss: 44916.1641 train_distortion: 1.5316 train_mapscore: 0.5512 train_c: -1.0691 train_max_dist: 28.0962 train_imax: 30.4551 train_imin: -27.5830 time: 1.5797s
INFO:root:Epoch: 0500 lr: 0.001 train_loss: 44661.2500 train_distortion: 1.6213 train_mapscore: 0.5291 train_c: -1.0697 train_max_dist: 28.4409 train_imax: 31.1763 train_imin: -27.8887 time: 1.5769s
INFO:root:Epoch: 0505 lr: 0.001 train_loss: 44031.6992 train_distortion: 1.7152 train_mapscore: 0.5383 train_c: -1.0704 train_max_dist: 28.7783 train_imax: 32.0314 train_imin: -29.0569 time: 1.5584s
INFO:root:Epoch: 0510 lr: 0.001 train_loss: 43221.9766 train_distortion: 1.8132 train_mapscore: 0.5487 train_c: -1.0710 train_max_dist: 29.1221 train_imax: 33.0601 train_imin: -29.8651 time: 1.5605s
INFO:root:Epoch: 0515 lr: 0.001 train_loss: 42602.8516 train_distortion: 1.9151 train_mapscore: 0.5609 train_c: -1.0716 train_max_dist: 29.4170 train_imax: 33.6727 train_imin: -31.0251 time: 1.5600s
INFO:root:Epoch: 0520 lr: 0.001 train_loss: 41944.8281 train_distortion: 2.0240 train_mapscore: 0.5741 train_c: -1.0722 train_max_dist: 29.7900 train_imax: 34.5656 train_imin: -31.9481 time: 1.5555s
INFO:root:Epoch: 0525 lr: 0.001 train_loss: 41374.2773 train_distortion: 2.1362 train_mapscore: 0.5897 train_c: -1.0728 train_max_dist: 32.0000 train_imax: 35.4801 train_imin: -33.2456 time: 1.5528s
INFO:root:Epoch: 0530 lr: 0.001 train_loss: 42131.1406 train_distortion: 2.2401 train_mapscore: 0.4924 train_c: -1.0734 train_max_dist: 30.5869 train_imax: 36.4709 train_imin: -34.4403 time: 1.5602s
INFO:root:Epoch: 0535 lr: 0.001 train_loss: 41734.8828 train_distortion: 2.3404 train_mapscore: 0.4816 train_c: -1.0740 train_max_dist: 30.8584 train_imax: 37.2842 train_imin: -35.3571 time: 1.5570s
INFO:root:Epoch: 0540 lr: 0.001 train_loss: 40860.4844 train_distortion: 2.4520 train_mapscore: 0.5060 train_c: -1.0746 train_max_dist: 31.1772 train_imax: 38.3304 train_imin: -36.3332 time: 1.5823s
INFO:root:Epoch: 0545 lr: 0.001 train_loss: 40612.7773 train_distortion: 2.5700 train_mapscore: 0.5097 train_c: -1.0752 train_max_dist: 31.5298 train_imax: 39.1876 train_imin: -37.8146 time: 1.5641s
INFO:root:Epoch: 0550 lr: 0.001 train_loss: 40522.4375 train_distortion: 2.6825 train_mapscore: 0.5117 train_c: -1.0758 train_max_dist: 31.8369 train_imax: 40.1311 train_imin: -37.6639 time: 1.5746s
INFO:root:Epoch: 0555 lr: 0.001 train_loss: 39673.3438 train_distortion: 2.8091 train_mapscore: 0.5207 train_c: -1.0763 train_max_dist: 32.1279 train_imax: 41.0756 train_imin: -40.9394 time: 1.5614s
INFO:root:Epoch: 0560 lr: 0.001 train_loss: 41007.4414 train_distortion: 2.9219 train_mapscore: 0.4721 train_c: -1.0769 train_max_dist: 32.3818 train_imax: 41.9233 train_imin: -41.6397 time: 1.5861s
INFO:root:Epoch: 0565 lr: 0.001 train_loss: 40572.7109 train_distortion: 3.0275 train_mapscore: 0.4732 train_c: -1.0774 train_max_dist: 32.7686 train_imax: 42.6090 train_imin: -40.7215 time: 1.5876s
INFO:root:Epoch: 0570 lr: 0.001 train_loss: 39571.7695 train_distortion: 3.1459 train_mapscore: 0.4941 train_c: -1.0779 train_max_dist: 33.2051 train_imax: 43.2816 train_imin: -42.9212 time: 1.5839s
INFO:root:Epoch: 0575 lr: 0.001 train_loss: 38685.7422 train_distortion: 3.2772 train_mapscore: 0.5209 train_c: -1.0784 train_max_dist: 33.4824 train_imax: 44.4225 train_imin: -44.1770 time: 1.5836s
INFO:root:Epoch: 0580 lr: 0.001 train_loss: 37983.7500 train_distortion: 3.4140 train_mapscore: 0.5475 train_c: -1.0789 train_max_dist: 33.7676 train_imax: 45.3745 train_imin: -44.3918 time: 1.5829s
INFO:root:Epoch: 0585 lr: 0.001 train_loss: 37350.0625 train_distortion: 3.5518 train_mapscore: 0.5655 train_c: -1.0793 train_max_dist: 34.1348 train_imax: 46.3277 train_imin: -44.2943 time: 1.5788s
INFO:root:Epoch: 0590 lr: 0.001 train_loss: 37361.5078 train_distortion: 3.6913 train_mapscore: 0.5638 train_c: -1.0798 train_max_dist: 34.3555 train_imax: 47.1991 train_imin: -45.5109 time: 1.5813s
INFO:root:Epoch: 0595 lr: 0.001 train_loss: 36895.2734 train_distortion: 3.8381 train_mapscore: 0.5846 train_c: -1.0803 train_max_dist: 34.7031 train_imax: 48.0282 train_imin: -47.0578 time: 1.5838s
INFO:root:Epoch: 0600 lr: 0.001 train_loss: 36535.1719 train_distortion: 3.9843 train_mapscore: 0.5995 train_c: -1.0808 train_max_dist: 35.0693 train_imax: 49.0858 train_imin: -48.6564 time: 1.5826s
INFO:root:Epoch: 0605 lr: 0.001 train_loss: 35862.8281 train_distortion: 4.1335 train_mapscore: 0.6053 train_c: -1.0812 train_max_dist: 35.4209 train_imax: 50.1938 train_imin: -47.3679 time: 1.5811s
INFO:root:Epoch: 0610 lr: 0.001 train_loss: 35340.4570 train_distortion: 4.2882 train_mapscore: 0.6293 train_c: -1.0817 train_max_dist: 35.7812 train_imax: 51.3226 train_imin: -49.0051 time: 1.5780s
INFO:root:Epoch: 0615 lr: 0.001 train_loss: 34715.0039 train_distortion: 4.4456 train_mapscore: 0.6403 train_c: -1.0821 train_max_dist: 36.0156 train_imax: 52.2641 train_imin: -51.0333 time: 1.5796s
INFO:root:Epoch: 0620 lr: 0.001 train_loss: 34415.5078 train_distortion: 4.6087 train_mapscore: 0.6503 train_c: -1.0826 train_max_dist: 36.3789 train_imax: 53.5548 train_imin: -53.5013 time: 1.6019s
INFO:root:Epoch: 0625 lr: 0.001 train_loss: 34080.5664 train_distortion: 4.7706 train_mapscore: 0.6546 train_c: -1.0830 train_max_dist: 36.5859 train_imax: 54.6310 train_imin: -54.6382 time: 1.5817s
INFO:root:Epoch: 0630 lr: 0.001 train_loss: 33527.2305 train_distortion: 4.9375 train_mapscore: 0.6681 train_c: -1.0835 train_max_dist: 36.9277 train_imax: 55.4631 train_imin: -55.9026 time: 1.5811s
INFO:root:Epoch: 0635 lr: 0.001 train_loss: 34735.1562 train_distortion: 5.0985 train_mapscore: 0.5968 train_c: -1.0839 train_max_dist: 37.2637 train_imax: 56.1891 train_imin: -57.5036 time: 1.5818s
INFO:root:Epoch: 0640 lr: 0.001 train_loss: 34367.4336 train_distortion: 5.2471 train_mapscore: 0.6033 train_c: -1.0843 train_max_dist: 37.5098 train_imax: 57.2886 train_imin: -58.3340 time: 1.5801s
INFO:root:Epoch: 0645 lr: 0.001 train_loss: 34160.1836 train_distortion: 5.4028 train_mapscore: 0.6001 train_c: -1.0847 train_max_dist: 37.7402 train_imax: 58.3357 train_imin: -58.3533 time: 1.5795s
INFO:root:Epoch: 0650 lr: 0.001 train_loss: 33530.9141 train_distortion: 5.5690 train_mapscore: 0.6191 train_c: -1.0850 train_max_dist: 38.0293 train_imax: 59.1515 train_imin: -59.6529 time: 1.5810s
INFO:root:Epoch: 0655 lr: 0.001 train_loss: 33332.3672 train_distortion: 5.7349 train_mapscore: 0.6277 train_c: -1.0854 train_max_dist: 38.3809 train_imax: 60.2805 train_imin: -60.5303 time: 1.5784s
INFO:root:Epoch: 0660 lr: 0.001 train_loss: 32728.7031 train_distortion: 5.9079 train_mapscore: 0.6426 train_c: -1.0858 train_max_dist: 38.6934 train_imax: 61.5486 train_imin: -61.3445 time: 1.5766s
INFO:root:Epoch: 0665 lr: 0.001 train_loss: 32289.5117 train_distortion: 6.0743 train_mapscore: 0.6482 train_c: -1.0861 train_max_dist: 38.9619 train_imax: 62.8445 train_imin: -63.9324 time: 1.5777s
INFO:root:Epoch: 0670 lr: 0.001 train_loss: 31810.5625 train_distortion: 6.2532 train_mapscore: 0.6613 train_c: -1.0865 train_max_dist: 39.1875 train_imax: 64.1930 train_imin: -65.2344 time: 1.5793s
INFO:root:Epoch: 0675 lr: 0.001 train_loss: 32343.1406 train_distortion: 6.4107 train_mapscore: 0.6240 train_c: -1.0869 train_max_dist: 39.4355 train_imax: 65.3961 train_imin: -65.9536 time: 1.5862s
INFO:root:Epoch: 0680 lr: 0.001 train_loss: 32055.1758 train_distortion: 6.5786 train_mapscore: 0.6335 train_c: -1.0872 train_max_dist: 39.7344 train_imax: 66.3405 train_imin: -67.9319 time: 1.5837s
INFO:root:Epoch: 0685 lr: 0.001 train_loss: 33561.9492 train_distortion: 6.7361 train_mapscore: 0.5963 train_c: -1.0875 train_max_dist: 40.0254 train_imax: 67.7635 train_imin: -70.1110 time: 1.5762s
INFO:root:Epoch: 0690 lr: 0.001 train_loss: 40723.7422 train_distortion: 6.8145 train_mapscore: 0.4425 train_c: -1.0878 train_max_dist: 40.0762 train_imax: 68.7512 train_imin: -65.8127 time: 1.6052s
INFO:root:Epoch: 0695 lr: 0.001 train_loss: 41016.8984 train_distortion: 6.7968 train_mapscore: 0.4031 train_c: -1.0881 train_max_dist: 40.0195 train_imax: 68.5849 train_imin: -64.2880 time: 1.6062s
INFO:root:Epoch: 0700 lr: 0.001 train_loss: 39976.2656 train_distortion: 6.7841 train_mapscore: 0.4154 train_c: -1.0883 train_max_dist: 40.0879 train_imax: 68.4461 train_imin: -67.9431 time: 1.6004s
INFO:root:Epoch: 0705 lr: 0.001 train_loss: 38399.8867 train_distortion: 6.8434 train_mapscore: 0.4504 train_c: -1.0884 train_max_dist: 40.2754 train_imax: 69.1459 train_imin: -68.0471 time: 1.5975s
INFO:root:Epoch: 0710 lr: 0.001 train_loss: 36805.1953 train_distortion: 6.9621 train_mapscore: 0.4907 train_c: -1.0886 train_max_dist: 40.4414 train_imax: 69.6445 train_imin: -70.3676 time: 1.5949s
INFO:root:Epoch: 0715 lr: 0.001 train_loss: 35426.4219 train_distortion: 7.1036 train_mapscore: 0.5265 train_c: -1.0887 train_max_dist: 40.7441 train_imax: 70.5496 train_imin: -70.8858 time: 1.5951s
INFO:root:Epoch: 0720 lr: 0.001 train_loss: 34405.0078 train_distortion: 7.2698 train_mapscore: 0.5660 train_c: -1.0889 train_max_dist: 41.0723 train_imax: 71.9246 train_imin: -72.6435 time: 1.5865s
INFO:root:Epoch: 0725 lr: 0.001 train_loss: 33338.1797 train_distortion: 7.4402 train_mapscore: 0.6055 train_c: -1.0891 train_max_dist: 41.2598 train_imax: 73.0522 train_imin: -72.4328 time: 1.5910s
INFO:root:Epoch: 0730 lr: 0.001 train_loss: 32718.4844 train_distortion: 7.6296 train_mapscore: 0.6324 train_c: -1.0893 train_max_dist: 41.5332 train_imax: 74.2033 train_imin: -74.2411 time: 1.5818s
INFO:root:Epoch: 0735 lr: 0.001 train_loss: 32004.4688 train_distortion: 7.8253 train_mapscore: 0.6550 train_c: -1.0896 train_max_dist: 41.8125 train_imax: 75.4117 train_imin: -74.8308 time: 1.5833s
INFO:root:Epoch: 0740 lr: 0.001 train_loss: 33460.3672 train_distortion: 8.0122 train_mapscore: 0.5810 train_c: -1.0898 train_max_dist: 42.1074 train_imax: 76.7402 train_imin: -77.1253 time: 1.5873s
INFO:root:Epoch: 0745 lr: 0.001 train_loss: 32954.8047 train_distortion: 8.1807 train_mapscore: 0.5895 train_c: -1.0900 train_max_dist: 42.3711 train_imax: 77.4562 train_imin: -80.6422 time: 1.5866s
INFO:root:Epoch: 0750 lr: 0.001 train_loss: 32922.9648 train_distortion: 8.3524 train_mapscore: 0.5827 train_c: -1.0903 train_max_dist: 42.6777 train_imax: 78.4223 train_imin: -83.2205 time: 1.5992s
INFO:root:Epoch: 0755 lr: 0.001 train_loss: 32000.5195 train_distortion: 8.5411 train_mapscore: 0.6198 train_c: -1.0905 train_max_dist: 42.9492 train_imax: 79.3488 train_imin: -83.3530 time: 1.5934s
INFO:root:Epoch: 0760 lr: 0.001 train_loss: 40472.3672 train_distortion: 8.6367 train_mapscore: 0.4248 train_c: -1.0907 train_max_dist: 43.1523 train_imax: 79.2047 train_imin: -81.3732 time: 1.6143s
INFO:root:Epoch: 0765 lr: 0.001 train_loss: 43982.2422 train_distortion: 8.5551 train_mapscore: 0.3458 train_c: -1.0909 train_max_dist: 42.9590 train_imax: 81.6907 train_imin: -83.1765 time: 1.6266s
INFO:root:Epoch: 0770 lr: 0.001 train_loss: 42824.6016 train_distortion: 8.5204 train_mapscore: 0.3449 train_c: -1.0909 train_max_dist: 42.8477 train_imax: 83.2477 train_imin: -82.8618 time: 1.6251s
INFO:root:Epoch: 0775 lr: 0.001 train_loss: 41888.4766 train_distortion: 8.5310 train_mapscore: 0.3573 train_c: -1.0909 train_max_dist: 42.8438 train_imax: 84.6006 train_imin: -81.9689 time: 1.6239s
INFO:root:Epoch: 0780 lr: 0.001 train_loss: 39976.6875 train_distortion: 8.5701 train_mapscore: 0.3857 train_c: -1.0909 train_max_dist: 43.0234 train_imax: 85.3793 train_imin: -80.0105 time: 1.6197s
INFO:root:Epoch: 0785 lr: 0.001 train_loss: 38157.9219 train_distortion: 8.6484 train_mapscore: 0.4278 train_c: -1.0910 train_max_dist: 43.2461 train_imax: 86.0569 train_imin: -80.1056 time: 1.6182s
INFO:root:Epoch: 0790 lr: 0.001 train_loss: 38076.3281 train_distortion: 8.7406 train_mapscore: 0.4387 train_c: -1.0910 train_max_dist: 43.3672 train_imax: 78.5401 train_imin: -80.5983 time: 1.6153s
INFO:root:Epoch: 0795 lr: 0.001 train_loss: 37408.6445 train_distortion: 8.8445 train_mapscore: 0.4622 train_c: -1.0912 train_max_dist: 43.5430 train_imax: 73.1391 train_imin: -81.5936 time: 1.6142s
INFO:root:Epoch: 0800 lr: 0.001 train_loss: 35939.0273 train_distortion: 8.9696 train_mapscore: 0.5093 train_c: -1.0912 train_max_dist: 43.6914 train_imax: 74.2565 train_imin: -83.5958 time: 1.6152s
INFO:root:Epoch: 0805 lr: 0.001 train_loss: 34902.7227 train_distortion: 9.1218 train_mapscore: 0.5440 train_c: -1.0914 train_max_dist: 43.8672 train_imax: 75.5610 train_imin: -82.2617 time: 1.6097s
INFO:root:Epoch: 0810 lr: 0.001 train_loss: 34169.5703 train_distortion: 9.2875 train_mapscore: 0.5794 train_c: -1.0915 train_max_dist: 44.0469 train_imax: 76.8470 train_imin: -82.6025 time: 1.6162s
INFO:root:Epoch: 0815 lr: 0.001 train_loss: 33658.9258 train_distortion: 9.4742 train_mapscore: 0.6017 train_c: -1.0916 train_max_dist: 44.2578 train_imax: 78.1197 train_imin: -87.0578 time: 1.6149s
INFO:root:Epoch: 0820 lr: 0.001 train_loss: 33020.0273 train_distortion: 9.6631 train_mapscore: 0.6216 train_c: -1.0918 train_max_dist: 44.5508 train_imax: 79.5423 train_imin: -86.0742 time: 1.6061s
INFO:root:Epoch: 0825 lr: 0.001 train_loss: 38431.7148 train_distortion: 9.8378 train_mapscore: 0.4670 train_c: -1.0920 train_max_dist: 44.7656 train_imax: 80.5054 train_imin: -85.8850 time: 1.6174s
INFO:root:Epoch: 0830 lr: 0.001 train_loss: 58435.1719 train_distortion: 9.4715 train_mapscore: 0.2125 train_c: -1.0926 train_max_dist: 44.1641 train_imax: 78.1153 train_imin: -83.3452 time: 1.6649s
INFO:root:Epoch: 0835 lr: 0.001 train_loss: 69426.6250 train_distortion: 8.6675 train_mapscore: 0.1382 train_c: -1.0929 train_max_dist: 43.1367 train_imax: 74.6866 train_imin: -81.7562 time: 1.7143s
INFO:root:Epoch: 0840 lr: 0.001 train_loss: 74174.8906 train_distortion: 7.8966 train_mapscore: 0.1089 train_c: -1.0928 train_max_dist: 42.2441 train_imax: 69.7674 train_imin: -81.1837 time: 1.7459s
INFO:root:Epoch: 0845 lr: 0.001 train_loss: 73595.8516 train_distortion: 7.3015 train_mapscore: 0.1102 train_c: -1.0925 train_max_dist: 41.3730 train_imax: 65.4216 train_imin: -80.6500 time: 1.7496s
INFO:root:Epoch: 0850 lr: 0.001 train_loss: 70929.0469 train_distortion: 6.8608 train_mapscore: 0.1168 train_c: -1.0921 train_max_dist: 40.6855 train_imax: 62.2440 train_imin: -78.1893 time: 1.7454s
INFO:root:Epoch: 0855 lr: 0.001 train_loss: 68042.3047 train_distortion: 6.5336 train_mapscore: 0.1237 train_c: -1.0916 train_max_dist: 40.1797 train_imax: 59.8943 train_imin: -77.2884 time: 1.7490s
INFO:root:Epoch: 0860 lr: 0.001 train_loss: 65291.3477 train_distortion: 6.2890 train_mapscore: 0.1430 train_c: -1.0911 train_max_dist: 39.8418 train_imax: 57.8178 train_imin: -76.0002 time: 1.7293s
INFO:root:Epoch: 0865 lr: 0.001 train_loss: 62869.6406 train_distortion: 6.1067 train_mapscore: 0.1574 train_c: -1.0907 train_max_dist: 39.5664 train_imax: 56.1571 train_imin: -74.3857 time: 1.7201s
INFO:root:Epoch: 0870 lr: 0.001 train_loss: 60750.1641 train_distortion: 5.9734 train_mapscore: 0.1801 train_c: -1.0903 train_max_dist: 39.4082 train_imax: 54.9374 train_imin: -71.9515 time: 1.7126s
INFO:root:Epoch: 0875 lr: 0.001 train_loss: 59025.1367 train_distortion: 5.8830 train_mapscore: 0.1967 train_c: -1.0900 train_max_dist: 39.2734 train_imax: 53.8140 train_imin: -70.7108 time: 1.7010s
INFO:root:Epoch: 0880 lr: 0.001 train_loss: 57694.3164 train_distortion: 5.8199 train_mapscore: 0.2232 train_c: -1.0898 train_max_dist: 39.2227 train_imax: 53.1695 train_imin: -69.8848 time: 1.7014s
INFO:root:Epoch: 0885 lr: 0.001 train_loss: 56370.3672 train_distortion: 5.7838 train_mapscore: 0.2418 train_c: -1.0896 train_max_dist: 39.1895 train_imax: 52.8830 train_imin: -69.0326 time: 1.6953s
INFO:root:Epoch: 0890 lr: 0.001 train_loss: 57982.2734 train_distortion: 5.6865 train_mapscore: 0.1846 train_c: -1.0895 train_max_dist: 39.0684 train_imax: 53.9539 train_imin: -67.6569 time: 1.6921s
INFO:root:Epoch: 0895 lr: 0.001 train_loss: 58293.0859 train_distortion: 5.5950 train_mapscore: 0.1836 train_c: -1.0894 train_max_dist: 38.9375 train_imax: 53.5355 train_imin: -67.7012 time: 1.6792s
INFO:root:Epoch: 0900 lr: 0.001 train_loss: 57475.6016 train_distortion: 5.5326 train_mapscore: 0.1939 train_c: -1.0893 train_max_dist: 38.8398 train_imax: 53.2325 train_imin: -67.9810 time: 1.6729s
INFO:root:Epoch: 0905 lr: 0.001 train_loss: 56191.1094 train_distortion: 5.4968 train_mapscore: 0.2135 train_c: -1.0892 train_max_dist: 38.7939 train_imax: 52.8415 train_imin: -66.9914 time: 1.6693s
INFO:root:Epoch: 0910 lr: 0.001 train_loss: 54909.3789 train_distortion: 5.4839 train_mapscore: 0.2352 train_c: -1.0890 train_max_dist: 38.7695 train_imax: 52.8884 train_imin: -66.4667 time: 1.6663s
INFO:root:Epoch: 0915 lr: 0.001 train_loss: 53812.2578 train_distortion: 5.4936 train_mapscore: 0.2583 train_c: -1.0889 train_max_dist: 38.8086 train_imax: 52.6877 train_imin: -66.6896 time: 1.6685s
INFO:root:Epoch: 0920 lr: 0.001 train_loss: 53799.0781 train_distortion: 5.5110 train_mapscore: 0.2476 train_c: -1.0889 train_max_dist: 38.8848 train_imax: 52.9903 train_imin: -67.1466 time: 1.6681s
INFO:root:Epoch: 0925 lr: 0.001 train_loss: 53809.7422 train_distortion: 5.5217 train_mapscore: 0.2343 train_c: -1.0888 train_max_dist: 38.9258 train_imax: 52.3094 train_imin: -67.2092 time: 1.6617s
INFO:root:Epoch: 0930 lr: 0.001 train_loss: 53421.9844 train_distortion: 5.5408 train_mapscore: 0.2448 train_c: -1.0888 train_max_dist: 38.9824 train_imax: 52.9076 train_imin: -67.2856 time: 1.6628s
INFO:root:Epoch: 0935 lr: 0.001 train_loss: 52435.9688 train_distortion: 5.5744 train_mapscore: 0.2683 train_c: -1.0888 train_max_dist: 39.0137 train_imax: 53.4080 train_imin: -67.5706 time: 1.6848s
INFO:root:Epoch: 0940 lr: 0.001 train_loss: 51539.3047 train_distortion: 5.6216 train_mapscore: 0.2975 train_c: -1.0887 train_max_dist: 39.1074 train_imax: 53.7431 train_imin: -67.5948 time: 1.6890s
INFO:root:Epoch: 0945 lr: 0.001 train_loss: 50662.6211 train_distortion: 5.6819 train_mapscore: 0.3214 train_c: -1.0887 train_max_dist: 39.2012 train_imax: 54.2803 train_imin: -67.8739 time: 1.6639s
INFO:root:Epoch: 0950 lr: 0.001 train_loss: 49906.6758 train_distortion: 5.7537 train_mapscore: 0.3515 train_c: -1.0887 train_max_dist: 39.3496 train_imax: 54.6317 train_imin: -69.0721 time: 1.6549s
INFO:root:Epoch: 0955 lr: 0.001 train_loss: 49774.7891 train_distortion: 5.8389 train_mapscore: 0.3333 train_c: -1.0888 train_max_dist: 39.4941 train_imax: 55.2291 train_imin: -70.4795 time: 1.6476s
INFO:root:Epoch: 0960 lr: 0.001 train_loss: 49091.2031 train_distortion: 5.9272 train_mapscore: 0.3581 train_c: -1.0888 train_max_dist: 39.6230 train_imax: 55.7899 train_imin: -70.9916 time: 1.6805s
INFO:root:Epoch: 0965 lr: 0.001 train_loss: 48572.2617 train_distortion: 6.0166 train_mapscore: 0.3757 train_c: -1.0889 train_max_dist: 39.7676 train_imax: 56.3773 train_imin: -71.4116 time: 1.6599s
INFO:root:Epoch: 0970 lr: 0.001 train_loss: 47976.0898 train_distortion: 6.1119 train_mapscore: 0.4058 train_c: -1.0890 train_max_dist: 39.9277 train_imax: 57.0863 train_imin: -72.5625 time: 1.6759s
INFO:root:Epoch: 0975 lr: 0.001 train_loss: 47471.2109 train_distortion: 6.2114 train_mapscore: 0.4243 train_c: -1.0890 train_max_dist: 40.0723 train_imax: 57.7043 train_imin: -73.6536 time: 1.7250s
INFO:root:Epoch: 0980 lr: 0.001 train_loss: 46957.3438 train_distortion: 6.3174 train_mapscore: 0.4508 train_c: -1.0891 train_max_dist: 40.2578 train_imax: 58.3022 train_imin: -74.1772 time: 1.6665s
INFO:root:Epoch: 0985 lr: 0.001 train_loss: 46449.0703 train_distortion: 6.4299 train_mapscore: 0.4693 train_c: -1.0892 train_max_dist: 40.4570 train_imax: 59.0119 train_imin: -75.3748 time: 1.6661s
INFO:root:Epoch: 0990 lr: 0.001 train_loss: 45982.4531 train_distortion: 6.5465 train_mapscore: 0.4862 train_c: -1.0893 train_max_dist: 40.6484 train_imax: 59.8580 train_imin: -75.9116 time: 1.6685s
INFO:root:Epoch: 0995 lr: 0.001 train_loss: 45542.0742 train_distortion: 6.6717 train_mapscore: 0.5087 train_c: -1.0894 train_max_dist: 40.8535 train_imax: 60.7202 train_imin: -77.2524 time: 1.6638s
INFO:root:Epoch: 1000 lr: 0.001 train_loss: 45175.7188 train_distortion: 6.7995 train_mapscore: 0.5177 train_c: -1.0895 train_max_dist: 41.0312 train_imax: 61.3483 train_imin: -78.1986 time: 1.6711s
INFO:root:Epoch: 1005 lr: 0.001 train_loss: 44854.5039 train_distortion: 6.9315 train_mapscore: 0.5111 train_c: -1.0897 train_max_dist: 41.2578 train_imax: 62.2886 train_imin: -79.5852 time: 1.6594s
INFO:root:Epoch: 1010 lr: 0.001 train_loss: 46062.4375 train_distortion: 7.0585 train_mapscore: 0.4295 train_c: -1.0898 train_max_dist: 41.4297 train_imax: 63.3363 train_imin: -80.0567 time: 1.6662s
INFO:root:Epoch: 1015 lr: 0.001 train_loss: 45907.7773 train_distortion: 7.1806 train_mapscore: 0.4350 train_c: -1.0900 train_max_dist: 41.6191 train_imax: 63.9956 train_imin: -81.1750 time: 1.6696s
INFO:root:Epoch: 1020 lr: 0.001 train_loss: 45634.8984 train_distortion: 7.2980 train_mapscore: 0.4467 train_c: -1.0901 train_max_dist: 41.7793 train_imax: 64.7364 train_imin: -82.0151 time: 1.6653s
INFO:root:Epoch: 1025 lr: 0.001 train_loss: 45140.5625 train_distortion: 7.4179 train_mapscore: 0.4757 train_c: -1.0901 train_max_dist: 41.9805 train_imax: 65.5845 train_imin: -82.5010 time: 1.6637s
INFO:root:Epoch: 1030 lr: 0.001 train_loss: 44464.0859 train_distortion: 7.5454 train_mapscore: 0.4999 train_c: -1.0902 train_max_dist: 42.1602 train_imax: 66.4196 train_imin: -83.8020 time: 1.6632s
INFO:root:Epoch: 1035 lr: 0.001 train_loss: 44110.8477 train_distortion: 7.6808 train_mapscore: 0.5213 train_c: -1.0903 train_max_dist: 42.3457 train_imax: 67.4757 train_imin: -83.9323 time: 1.6618s
INFO:root:Epoch: 1040 lr: 0.001 train_loss: 43561.0898 train_distortion: 7.8208 train_mapscore: 0.5458 train_c: -1.0903 train_max_dist: 42.5527 train_imax: 68.2697 train_imin: -85.7502 time: 1.6567s
INFO:root:Epoch: 1045 lr: 0.001 train_loss: 43223.3711 train_distortion: 7.9655 train_mapscore: 0.5622 train_c: -1.0904 train_max_dist: 42.7324 train_imax: 69.1225 train_imin: -87.1844 time: 1.6604s
INFO:root:Epoch: 1050 lr: 0.001 train_loss: 42778.3047 train_distortion: 8.1144 train_mapscore: 0.5737 train_c: -1.0905 train_max_dist: 42.9219 train_imax: 70.5532 train_imin: -87.9513 time: 1.6584s
INFO:root:Epoch: 1055 lr: 0.001 train_loss: 42416.7656 train_distortion: 8.2693 train_mapscore: 0.5803 train_c: -1.0905 train_max_dist: 43.1367 train_imax: 71.4343 train_imin: -89.9113 time: 1.6565s
INFO:root:Epoch: 1060 lr: 0.001 train_loss: 41993.6641 train_distortion: 8.4258 train_mapscore: 0.5997 train_c: -1.0906 train_max_dist: 43.3477 train_imax: 72.4529 train_imin: -90.9874 time: 1.6514s
INFO:root:Epoch: 1065 lr: 0.001 train_loss: 41689.0547 train_distortion: 8.5881 train_mapscore: 0.6028 train_c: -1.0907 train_max_dist: 43.5488 train_imax: 73.6940 train_imin: -92.6447 time: 1.6542s
INFO:root:Epoch: 1070 lr: 0.001 train_loss: 41527.7070 train_distortion: 8.7549 train_mapscore: 0.6115 train_c: -1.0907 train_max_dist: 43.7637 train_imax: 74.6916 train_imin: -94.5378 time: 1.6571s
INFO:root:Epoch: 1075 lr: 0.001 train_loss: 41211.0508 train_distortion: 8.9239 train_mapscore: 0.6076 train_c: -1.0908 train_max_dist: 43.9883 train_imax: 75.9869 train_imin: -95.5978 time: 1.6523s
INFO:root:Epoch: 1080 lr: 0.001 train_loss: 41062.0234 train_distortion: 9.0955 train_mapscore: 0.6057 train_c: -1.0909 train_max_dist: 44.1953 train_imax: 77.3072 train_imin: -97.0574 time: 1.6634s
INFO:root:Epoch: 1085 lr: 0.001 train_loss: 41042.8203 train_distortion: 9.2641 train_mapscore: 0.5971 train_c: -1.0909 train_max_dist: 44.3281 train_imax: 78.3889 train_imin: -99.2121 time: 1.6526s
INFO:root:Epoch: 1090 lr: 0.001 train_loss: 40861.0664 train_distortion: 9.4334 train_mapscore: 0.5959 train_c: -1.0910 train_max_dist: 44.5586 train_imax: 79.8953 train_imin: -100.0346 time: 1.6487s
INFO:root:Epoch: 1095 lr: 0.001 train_loss: 40639.8594 train_distortion: 9.6070 train_mapscore: 0.5856 train_c: -1.0910 train_max_dist: 50.0000 train_imax: 80.7533 train_imin: -101.4198 time: 1.6513s
INFO:root:Epoch: 1100 lr: 0.001 train_loss: 40328.9961 train_distortion: 9.7785 train_mapscore: 0.5988 train_c: -1.0911 train_max_dist: 44.9980 train_imax: 81.7299 train_imin: -103.3950 time: 1.6467s
INFO:root:Epoch: 1105 lr: 0.001 train_loss: 39800.6875 train_distortion: 9.9534 train_mapscore: 0.6169 train_c: -1.0911 train_max_dist: 45.2422 train_imax: 83.2831 train_imin: -104.1837 time: 1.6491s
INFO:root:Epoch: 1110 lr: 0.001 train_loss: 39438.8594 train_distortion: 10.1361 train_mapscore: 0.6310 train_c: -1.0912 train_max_dist: 45.4531 train_imax: 84.7720 train_imin: -105.7096 time: 1.6466s
INFO:root:Epoch: 1115 lr: 0.001 train_loss: 39443.4609 train_distortion: 10.3246 train_mapscore: 0.6261 train_c: -1.0912 train_max_dist: 45.6562 train_imax: 85.7773 train_imin: -107.7510 time: 1.6322s
INFO:root:Epoch: 1120 lr: 0.001 train_loss: 39341.3203 train_distortion: 10.5089 train_mapscore: 0.6181 train_c: -1.0912 train_max_dist: 45.8730 train_imax: 87.3820 train_imin: -109.1709 time: 1.6392s
INFO:root:Epoch: 1125 lr: 0.001 train_loss: 39388.7656 train_distortion: 10.6846 train_mapscore: 0.5800 train_c: -1.0913 train_max_dist: 46.0879 train_imax: 88.6378 train_imin: -110.9182 time: 1.6355s
INFO:root:Epoch: 1130 lr: 0.001 train_loss: 38990.1250 train_distortion: 10.8679 train_mapscore: 0.5982 train_c: -1.0914 train_max_dist: 46.2734 train_imax: 89.9955 train_imin: -112.1477 time: 1.6357s
INFO:root:Epoch: 1135 lr: 0.001 train_loss: 38492.7812 train_distortion: 11.0545 train_mapscore: 0.6266 train_c: -1.0914 train_max_dist: 46.4961 train_imax: 91.4855 train_imin: -113.1039 time: 1.6264s
INFO:root:Epoch: 1140 lr: 0.001 train_loss: 38096.3477 train_distortion: 11.2506 train_mapscore: 0.6476 train_c: -1.0914 train_max_dist: 46.7188 train_imax: 92.7437 train_imin: -114.8147 time: 1.6318s
INFO:root:Epoch: 1145 lr: 0.001 train_loss: 37776.7969 train_distortion: 11.4546 train_mapscore: 0.6634 train_c: -1.0915 train_max_dist: 46.9336 train_imax: 94.0309 train_imin: -117.3395 time: 1.6336s
INFO:root:Epoch: 1150 lr: 0.001 train_loss: 37729.3164 train_distortion: 11.6631 train_mapscore: 0.6632 train_c: -1.0915 train_max_dist: 47.1719 train_imax: 95.7085 train_imin: -118.2467 time: 1.6355s
INFO:root:Epoch: 1155 lr: 0.001 train_loss: 37438.8594 train_distortion: 11.8774 train_mapscore: 0.6742 train_c: -1.0915 train_max_dist: 47.4102 train_imax: 97.2355 train_imin: -120.7347 time: 1.6333s
INFO:root:Epoch: 1160 lr: 0.001 train_loss: 37033.4727 train_distortion: 12.0939 train_mapscore: 0.6947 train_c: -1.0916 train_max_dist: 47.6562 train_imax: 98.8492 train_imin: -122.2898 time: 1.6438s
INFO:root:Epoch: 1165 lr: 0.001 train_loss: 36768.1328 train_distortion: 12.3065 train_mapscore: 0.6963 train_c: -1.0916 train_max_dist: 47.8516 train_imax: 100.5057 train_imin: -124.0511 time: 1.6412s
INFO:root:Epoch: 1170 lr: 0.001 train_loss: 37116.3438 train_distortion: 12.5166 train_mapscore: 0.6541 train_c: -1.0916 train_max_dist: 48.0625 train_imax: 102.2447 train_imin: -125.6509 time: 1.6461s
INFO:root:Epoch: 1175 lr: 0.001 train_loss: 37352.6250 train_distortion: 12.7314 train_mapscore: 0.6311 train_c: -1.0916 train_max_dist: 48.3125 train_imax: 103.4103 train_imin: -129.1788 time: 1.6451s
INFO:root:Epoch: 1180 lr: 0.001 train_loss: 37946.0469 train_distortion: 12.9302 train_mapscore: 0.5893 train_c: -1.0917 train_max_dist: 48.5078 train_imax: 105.1257 train_imin: -128.9277 time: 1.6442s
INFO:root:Epoch: 1185 lr: 0.001 train_loss: 37366.8164 train_distortion: 13.1280 train_mapscore: 0.6123 train_c: -1.0917 train_max_dist: 48.7461 train_imax: 106.5717 train_imin: -131.3422 time: 1.6450s
INFO:root:Epoch: 1190 lr: 0.001 train_loss: 37037.8984 train_distortion: 13.3199 train_mapscore: 0.6288 train_c: -1.0917 train_max_dist: 48.9297 train_imax: 107.9946 train_imin: -131.3868 time: 1.6453s
INFO:root:Epoch: 1195 lr: 0.001 train_loss: 36596.7266 train_distortion: 13.5101 train_mapscore: 0.6468 train_c: -1.0917 train_max_dist: 49.1445 train_imax: 108.8162 train_imin: -134.1479 time: 1.6424s
INFO:root:Epoch: 1200 lr: 0.001 train_loss: 36201.4453 train_distortion: 13.7132 train_mapscore: 0.6731 train_c: -1.0917 train_max_dist: 49.3320 train_imax: 110.4402 train_imin: -134.9581 time: 1.6432s
INFO:root:Epoch: 1205 lr: 0.001 train_loss: 35962.2031 train_distortion: 13.9271 train_mapscore: 0.6814 train_c: -1.0917 train_max_dist: 49.5469 train_imax: 111.9413 train_imin: -137.2855 time: 1.6415s
INFO:root:Epoch: 1210 lr: 0.001 train_loss: 35738.1797 train_distortion: 14.1409 train_mapscore: 0.6882 train_c: -1.0916 train_max_dist: 49.7812 train_imax: 113.5699 train_imin: -139.3369 time: 1.6413s
INFO:root:Epoch: 1215 lr: 0.001 train_loss: 35426.4453 train_distortion: 14.3569 train_mapscore: 0.7047 train_c: -1.0916 train_max_dist: 49.9883 train_imax: 115.4737 train_imin: -140.4936 time: 1.6420s
INFO:root:Epoch: 1220 lr: 0.001 train_loss: 35029.4375 train_distortion: 14.5791 train_mapscore: 0.7207 train_c: -1.0916 train_max_dist: 50.0000 train_imax: 117.5917 train_imin: -142.2535 time: 1.6384s
INFO:root:Epoch: 1225 lr: 0.001 train_loss: 34813.6797 train_distortion: 14.8146 train_mapscore: 0.7183 train_c: -1.0916 train_max_dist: 50.0000 train_imax: 118.8929 train_imin: -143.9067 time: 1.6419s
INFO:root:Epoch: 1230 lr: 0.001 train_loss: 35388.9062 train_distortion: 15.0413 train_mapscore: 0.6790 train_c: -1.0916 train_max_dist: 50.0000 train_imax: 120.4429 train_imin: -145.8884 time: 1.6423s
INFO:root:Epoch: 1235 lr: 0.001 train_loss: 35171.8438 train_distortion: 15.2737 train_mapscore: 0.6896 train_c: -1.0916 train_max_dist: 50.0000 train_imax: 122.4430 train_imin: -148.4035 time: 1.6489s
INFO:root:Epoch: 1240 lr: 0.001 train_loss: 34704.3125 train_distortion: 15.5042 train_mapscore: 0.7042 train_c: -1.0916 train_max_dist: 50.0000 train_imax: 124.8529 train_imin: -148.9767 time: 1.6413s
INFO:root:Epoch: 1245 lr: 0.001 train_loss: 34576.6172 train_distortion: 15.7361 train_mapscore: 0.7047 train_c: -1.0916 train_max_dist: 50.0000 train_imax: 126.2441 train_imin: -152.6450 time: 1.6406s
INFO:root:Epoch: 1250 lr: 0.001 train_loss: 34360.7070 train_distortion: 15.9677 train_mapscore: 0.7075 train_c: -1.0915 train_max_dist: 50.0000 train_imax: 128.0688 train_imin: -154.8649 time: 1.6390s
INFO:root:Epoch: 1255 lr: 0.001 train_loss: 34020.3281 train_distortion: 16.2016 train_mapscore: 0.7230 train_c: -1.0915 train_max_dist: 50.0000 train_imax: 129.8251 train_imin: -156.8641 time: 1.6397s
INFO:root:Epoch: 1260 lr: 0.001 train_loss: 33916.9336 train_distortion: 16.4398 train_mapscore: 0.7210 train_c: -1.0915 train_max_dist: 50.0000 train_imax: 132.4365 train_imin: -158.7818 time: 1.6391s
INFO:root:Epoch: 1265 lr: 0.001 train_loss: 33817.0234 train_distortion: 16.6808 train_mapscore: 0.7299 train_c: -1.0915 train_max_dist: 50.0000 train_imax: 133.1317 train_imin: -161.2059 time: 1.6304s
INFO:root:Epoch: 1270 lr: 0.001 train_loss: 34236.3750 train_distortion: 16.9167 train_mapscore: 0.7046 train_c: -1.0914 train_max_dist: 50.0000 train_imax: 136.3602 train_imin: -162.1897 time: 1.6264s
INFO:root:Epoch: 1275 lr: 0.001 train_loss: 34355.7930 train_distortion: 17.1455 train_mapscore: 0.7060 train_c: -1.0914 train_max_dist: 50.0000 train_imax: 137.8090 train_imin: -166.0311 time: 1.6268s
INFO:root:Epoch: 1280 lr: 0.001 train_loss: 34081.3633 train_distortion: 17.3738 train_mapscore: 0.7055 train_c: -1.0913 train_max_dist: 50.0000 train_imax: 138.0219 train_imin: -166.4781 time: 1.6269s
INFO:root:Epoch: 1285 lr: 0.001 train_loss: 33887.1172 train_distortion: 17.5960 train_mapscore: 0.7111 train_c: -1.0913 train_max_dist: 50.0000 train_imax: 140.2410 train_imin: -170.3132 time: 1.6242s
INFO:root:Epoch: 1290 lr: 0.001 train_loss: 33813.2344 train_distortion: 17.8223 train_mapscore: 0.7234 train_c: -1.0913 train_max_dist: 50.0000 train_imax: 141.6522 train_imin: -171.8362 time: 1.6239s
INFO:root:Epoch: 1295 lr: 0.001 train_loss: 33767.6094 train_distortion: 18.0405 train_mapscore: 0.7242 train_c: -1.0912 train_max_dist: 50.0000 train_imax: 144.6493 train_imin: -173.2415 time: 1.6241s
INFO:root:Epoch: 1300 lr: 0.001 train_loss: 33766.7422 train_distortion: 18.2611 train_mapscore: 0.7236 train_c: -1.0911 train_max_dist: 50.0000 train_imax: 146.0443 train_imin: -176.0667 time: 1.6384s
INFO:root:Epoch: 1305 lr: 0.001 train_loss: 33764.0664 train_distortion: 18.4816 train_mapscore: 0.7218 train_c: -1.0910 train_max_dist: 50.0000 train_imax: 148.2784 train_imin: -175.6619 time: 1.6277s
INFO:root:Epoch: 1310 lr: 0.001 train_loss: 41672.8516 train_distortion: 18.6577 train_mapscore: 0.4746 train_c: -1.0910 train_max_dist: 50.0000 train_imax: 149.7888 train_imin: -179.2917 time: 1.6439s
INFO:root:Epoch: 1315 lr: 0.001 train_loss: 46882.8203 train_distortion: 18.6161 train_mapscore: 0.3575 train_c: -1.0909 train_max_dist: 50.0000 train_imax: 148.3448 train_imin: -179.2489 time: 1.6409s
INFO:root:Epoch: 1320 lr: 0.001 train_loss: 47854.1641 train_distortion: 18.4705 train_mapscore: 0.3205 train_c: -1.0906 train_max_dist: 50.0000 train_imax: 150.1522 train_imin: -165.1657 time: 1.6485s
INFO:root:Epoch: 1325 lr: 0.001 train_loss: 52364.5898 train_distortion: 18.2106 train_mapscore: 0.2613 train_c: -1.0902 train_max_dist: 50.0000 train_imax: 143.1542 train_imin: -165.9429 time: 1.6548s
INFO:root:Epoch: 1330 lr: 0.001 train_loss: 51649.2344 train_distortion: 17.9097 train_mapscore: 0.2571 train_c: -1.0897 train_max_dist: 50.0000 train_imax: 141.1123 train_imin: -167.7753 time: 1.6744s
INFO:root:Epoch: 1335 lr: 0.001 train_loss: 50212.0391 train_distortion: 17.6305 train_mapscore: 0.2722 train_c: -1.0893 train_max_dist: 50.0000 train_imax: 140.0339 train_imin: -166.0856 time: 1.6764s
INFO:root:Epoch: 1340 lr: 0.001 train_loss: 47748.1719 train_distortion: 17.3730 train_mapscore: 0.3087 train_c: -1.0888 train_max_dist: 50.0000 train_imax: 138.4212 train_imin: -165.3199 time: 1.6651s
INFO:root:Epoch: 1345 lr: 0.001 train_loss: 45229.5156 train_distortion: 17.1589 train_mapscore: 0.3475 train_c: -1.0885 train_max_dist: 50.0000 train_imax: 137.7438 train_imin: -164.0781 time: 1.6582s
INFO:root:Epoch: 1350 lr: 0.001 train_loss: 46455.3125 train_distortion: 16.9879 train_mapscore: 0.3302 train_c: -1.0881 train_max_dist: 50.0000 train_imax: 136.3395 train_imin: -161.3782 time: 1.6612s
INFO:root:Epoch: 1355 lr: 0.001 train_loss: 54055.9453 train_distortion: 16.6602 train_mapscore: 0.2418 train_c: -1.0878 train_max_dist: 50.0000 train_imax: 133.7468 train_imin: -159.0255 time: 1.6755s
INFO:root:Epoch: 1360 lr: 0.001 train_loss: 53574.7031 train_distortion: 16.2537 train_mapscore: 0.2484 train_c: -1.0874 train_max_dist: 50.0000 train_imax: 132.9442 train_imin: -153.3949 time: 1.6690s
INFO:root:Epoch: 1365 lr: 0.001 train_loss: 50995.1172 train_distortion: 15.8971 train_mapscore: 0.2740 train_c: -1.0870 train_max_dist: 50.0000 train_imax: 133.0331 train_imin: -150.6500 time: 1.6726s
INFO:root:Epoch: 1370 lr: 0.001 train_loss: 48282.2539 train_distortion: 15.6231 train_mapscore: 0.3095 train_c: -1.0866 train_max_dist: 50.0000 train_imax: 132.2172 train_imin: -147.6749 time: 1.6610s
INFO:root:Epoch: 1375 lr: 0.001 train_loss: 45921.1797 train_distortion: 15.4236 train_mapscore: 0.3489 train_c: -1.0863 train_max_dist: 50.0000 train_imax: 130.7803 train_imin: -145.3772 time: 1.6640s
INFO:root:Epoch: 1380 lr: 0.001 train_loss: 44042.6875 train_distortion: 15.3059 train_mapscore: 0.3963 train_c: -1.0860 train_max_dist: 50.0000 train_imax: 131.0244 train_imin: -142.3884 time: 1.6635s
INFO:root:Epoch: 1385 lr: 0.001 train_loss: 42398.9492 train_distortion: 15.2491 train_mapscore: 0.4291 train_c: -1.0858 train_max_dist: 50.0000 train_imax: 130.5406 train_imin: -142.3802 time: 1.6562s
INFO:root:Epoch: 1390 lr: 0.001 train_loss: 41270.5000 train_distortion: 15.2543 train_mapscore: 0.4694 train_c: -1.0856 train_max_dist: 50.0000 train_imax: 130.7926 train_imin: -141.9681 time: 1.6537s
INFO:root:Epoch: 1395 lr: 0.001 train_loss: 40152.5000 train_distortion: 15.3066 train_mapscore: 0.5153 train_c: -1.0855 train_max_dist: 50.0000 train_imax: 131.4758 train_imin: -143.2791 time: 1.6522s
INFO:root:Epoch: 1400 lr: 0.001 train_loss: 39678.6172 train_distortion: 15.3906 train_mapscore: 0.5323 train_c: -1.0853 train_max_dist: 50.0000 train_imax: 131.4390 train_imin: -144.4587 time: 1.6535s
INFO:root:Epoch: 1405 lr: 0.001 train_loss: 39424.4492 train_distortion: 15.4879 train_mapscore: 0.5386 train_c: -1.0853 train_max_dist: 50.0000 train_imax: 132.7167 train_imin: -145.2409 time: 1.6518s
INFO:root:Epoch: 1410 lr: 0.001 train_loss: 38936.5703 train_distortion: 15.6212 train_mapscore: 0.5561 train_c: -1.0852 train_max_dist: 50.0000 train_imax: 133.3105 train_imin: -147.2753 time: 1.6508s
INFO:root:Epoch: 1415 lr: 0.001 train_loss: 38223.6562 train_distortion: 15.7816 train_mapscore: 0.5882 train_c: -1.0852 train_max_dist: 50.0000 train_imax: 135.0356 train_imin: -148.4531 time: 1.6480s
INFO:root:Epoch: 1420 lr: 0.001 train_loss: 37599.2266 train_distortion: 15.9707 train_mapscore: 0.6069 train_c: -1.0851 train_max_dist: 50.0000 train_imax: 136.0073 train_imin: -151.2198 time: 1.6485s
INFO:root:Epoch: 1425 lr: 0.001 train_loss: 37205.0625 train_distortion: 16.1771 train_mapscore: 0.6287 train_c: -1.0850 train_max_dist: 50.0000 train_imax: 137.8344 train_imin: -154.0780 time: 1.6485s
INFO:root:Epoch: 1430 lr: 0.001 train_loss: 36617.1641 train_distortion: 16.3965 train_mapscore: 0.6508 train_c: -1.0850 train_max_dist: 50.0000 train_imax: 139.5685 train_imin: -155.5263 time: 1.6473s
INFO:root:Epoch: 1435 lr: 0.001 train_loss: 36206.3789 train_distortion: 16.6237 train_mapscore: 0.6696 train_c: -1.0849 train_max_dist: 50.0000 train_imax: 141.6146 train_imin: -157.7391 time: 1.6507s
INFO:root:Epoch: 1440 lr: 0.001 train_loss: 35804.5312 train_distortion: 16.8649 train_mapscore: 0.6847 train_c: -1.0849 train_max_dist: 50.0000 train_imax: 143.0253 train_imin: -159.2367 time: 1.6452s
INFO:root:Epoch: 1445 lr: 0.001 train_loss: 35594.6680 train_distortion: 17.1159 train_mapscore: 0.6935 train_c: -1.0848 train_max_dist: 50.0000 train_imax: 144.5760 train_imin: -163.6690 time: 1.6414s
INFO:root:Epoch: 1450 lr: 0.001 train_loss: 35294.0234 train_distortion: 17.3733 train_mapscore: 0.7010 train_c: -1.0848 train_max_dist: 50.0000 train_imax: 146.2418 train_imin: -163.6848 time: 1.6471s
INFO:root:Epoch: 1455 lr: 0.001 train_loss: 35469.3359 train_distortion: 17.6349 train_mapscore: 0.6963 train_c: -1.0847 train_max_dist: 50.0000 train_imax: 148.3418 train_imin: -166.9456 time: 1.6542s
INFO:root:Epoch: 1460 lr: 0.001 train_loss: 35088.8125 train_distortion: 17.8872 train_mapscore: 0.7036 train_c: -1.0847 train_max_dist: 50.0000 train_imax: 150.0490 train_imin: -168.8851 time: 1.6452s
INFO:root:Epoch: 1465 lr: 0.001 train_loss: 37310.7812 train_distortion: 18.1172 train_mapscore: 0.5687 train_c: -1.0847 train_max_dist: 50.0000 train_imax: 152.8372 train_imin: -172.2368 time: 1.6331s
INFO:root:Epoch: 1470 lr: 0.001 train_loss: 51109.3516 train_distortion: 18.2120 train_mapscore: 0.3079 train_c: -1.0849 train_max_dist: 50.0000 train_imax: 152.3347 train_imin: -181.5146 time: 1.6514s
INFO:root:Epoch: 1475 lr: 0.001 train_loss: 82960.0234 train_distortion: 17.5124 train_mapscore: 0.1273 train_c: -1.0860 train_max_dist: 50.0000 train_imax: 141.4224 train_imin: -195.2301 time: 1.7273s
INFO:root:Epoch: 1480 lr: 0.001 train_loss: 98631.6250 train_distortion: 16.3812 train_mapscore: 0.0817 train_c: -1.0867 train_max_dist: 50.0000 train_imax: 129.7018 train_imin: -185.1511 time: 1.7912s
INFO:root:Epoch: 1485 lr: 0.001 train_loss: 104314.8594 train_distortion: 15.2104 train_mapscore: 0.0666 train_c: -1.0870 train_max_dist: 50.0000 train_imax: 122.4515 train_imin: -168.6370 time: 1.8325s
INFO:root:Epoch: 1490 lr: 0.001 train_loss: 104309.1719 train_distortion: 14.1897 train_mapscore: 0.0685 train_c: -1.0869 train_max_dist: 50.0000 train_imax: 116.4155 train_imin: -153.9247 time: 1.8487s
INFO:root:Epoch: 1495 lr: 0.001 train_loss: 101618.7031 train_distortion: 13.3190 train_mapscore: 0.0696 train_c: -1.0866 train_max_dist: 49.0508 train_imax: 113.0807 train_imin: -142.0881 time: 1.8481s
INFO:root:Epoch: 1500 lr: 0.001 train_loss: 97907.3750 train_distortion: 12.5819 train_mapscore: 0.0763 train_c: -1.0862 train_max_dist: 48.1914 train_imax: 109.5420 train_imin: -133.8330 time: 1.8507s
INFO:root:Epoch: 1505 lr: 0.001 train_loss: 93927.3672 train_distortion: 11.9638 train_mapscore: 0.0846 train_c: -1.0859 train_max_dist: 47.5234 train_imax: 105.9001 train_imin: -128.7833 time: 1.8363s
INFO:root:Epoch: 1510 lr: 0.001 train_loss: 91751.9531 train_distortion: 11.4844 train_mapscore: 0.0901 train_c: -1.0855 train_max_dist: 46.9766 train_imax: 103.5049 train_imin: -125.5458 time: 1.8454s
INFO:root:Epoch: 1515 lr: 0.001 train_loss: 89982.6953 train_distortion: 11.0650 train_mapscore: 0.0913 train_c: -1.0851 train_max_dist: 46.5538 train_imax: 100.4581 train_imin: -123.4707 time: 1.8447s
INFO:root:Epoch: 1520 lr: 0.001 train_loss: 91883.0078 train_distortion: 10.5287 train_mapscore: 0.0762 train_c: -1.0851 train_max_dist: 45.8867 train_imax: 97.6799 train_imin: -120.9862 time: 1.8440s
INFO:root:Epoch: 1525 lr: 0.001 train_loss: 96169.4375 train_distortion: 9.7847 train_mapscore: 0.0606 train_c: -1.0852 train_max_dist: 45.0977 train_imax: 94.5721 train_imin: -116.7738 time: 1.8666s
INFO:root:Epoch: 1530 lr: 0.001 train_loss: 96465.8438 train_distortion: 9.1429 train_mapscore: 0.0602 train_c: -1.0852 train_max_dist: 44.3633 train_imax: 91.1719 train_imin: -111.7908 time: 1.8720s
INFO:root:Epoch: 1535 lr: 0.001 train_loss: 95217.6719 train_distortion: 8.6321 train_mapscore: 0.0601 train_c: -1.0850 train_max_dist: 43.6992 train_imax: 88.3379 train_imin: -106.8313 time: 1.8821s
INFO:root:Epoch: 1540 lr: 0.001 train_loss: 93031.7734 train_distortion: 8.2093 train_mapscore: 0.0638 train_c: -1.0847 train_max_dist: 43.0898 train_imax: 85.5909 train_imin: -101.9448 time: 1.8744s
INFO:root:Epoch: 1545 lr: 0.001 train_loss: 91023.8594 train_distortion: 7.8536 train_mapscore: 0.0694 train_c: -1.0845 train_max_dist: 42.6133 train_imax: 83.6141 train_imin: -98.2709 time: 1.8835s
INFO:root:Epoch: 1550 lr: 0.001 train_loss: 88676.3906 train_distortion: 7.5465 train_mapscore: 0.0764 train_c: -1.0842 train_max_dist: 42.1582 train_imax: 81.5810 train_imin: -95.2279 time: 1.8653s
INFO:root:Epoch: 1555 lr: 0.001 train_loss: 86640.0781 train_distortion: 7.2863 train_mapscore: 0.0868 train_c: -1.0840 train_max_dist: 41.7500 train_imax: 79.2064 train_imin: -92.8331 time: 1.8618s
INFO:root:Epoch: 1560 lr: 0.001 train_loss: 84958.4844 train_distortion: 7.0518 train_mapscore: 0.0925 train_c: -1.0837 train_max_dist: 41.3809 train_imax: 77.1702 train_imin: -90.5690 time: 1.8582s
INFO:root:Epoch: 1565 lr: 0.001 train_loss: 83398.2891 train_distortion: 6.8523 train_mapscore: 0.1034 train_c: -1.0835 train_max_dist: 41.0566 train_imax: 75.5092 train_imin: -88.5939 time: 1.8545s
INFO:root:Epoch: 1570 lr: 0.001 train_loss: 82089.6250 train_distortion: 6.6790 train_mapscore: 0.1138 train_c: -1.0833 train_max_dist: 40.7715 train_imax: 74.4130 train_imin: -86.0013 time: 1.8536s
INFO:root:Epoch: 1575 lr: 0.001 train_loss: 80868.7656 train_distortion: 6.5283 train_mapscore: 0.1247 train_c: -1.0831 train_max_dist: 40.5449 train_imax: 73.3876 train_imin: -83.8324 time: 1.8400s
INFO:root:Epoch: 1580 lr: 0.001 train_loss: 79749.8438 train_distortion: 6.3919 train_mapscore: 0.1397 train_c: -1.0829 train_max_dist: 40.3711 train_imax: 72.2237 train_imin: -82.8430 time: 1.8434s
INFO:root:Epoch: 1585 lr: 0.001 train_loss: 78743.2031 train_distortion: 6.2708 train_mapscore: 0.1511 train_c: -1.0827 train_max_dist: 40.1758 train_imax: 70.8751 train_imin: -81.3593 time: 1.8353s
INFO:root:Epoch: 1590 lr: 0.001 train_loss: 77835.6094 train_distortion: 6.1641 train_mapscore: 0.1684 train_c: -1.0826 train_max_dist: 40.0234 train_imax: 69.6178 train_imin: -80.1328 time: 1.8296s
INFO:root:Epoch: 1595 lr: 0.001 train_loss: 77005.1719 train_distortion: 6.0671 train_mapscore: 0.1791 train_c: -1.0824 train_max_dist: 39.8867 train_imax: 68.6612 train_imin: -79.0991 time: 1.8266s
INFO:root:Epoch: 1600 lr: 0.001 train_loss: 76317.9375 train_distortion: 5.9809 train_mapscore: 0.1910 train_c: -1.0823 train_max_dist: 39.7695 train_imax: 67.8326 train_imin: -78.2434 time: 1.8223s
INFO:root:Epoch: 1605 lr: 0.001 train_loss: 76371.1719 train_distortion: 5.9437 train_mapscore: 0.1458 train_c: -1.0821 train_max_dist: 39.6914 train_imax: 67.3036 train_imin: -77.8662 time: 1.8144s
INFO:root:Epoch: 1610 lr: 0.001 train_loss: 76209.2344 train_distortion: 5.9011 train_mapscore: 0.1465 train_c: -1.0820 train_max_dist: 39.6348 train_imax: 66.8027 train_imin: -77.4922 time: 1.8156s
INFO:root:Epoch: 1615 lr: 0.001 train_loss: 75595.8750 train_distortion: 5.8489 train_mapscore: 0.1584 train_c: -1.0818 train_max_dist: 39.5645 train_imax: 66.3129 train_imin: -77.0752 time: 1.8039s
INFO:root:Epoch: 1620 lr: 0.001 train_loss: 74927.7500 train_distortion: 5.7945 train_mapscore: 0.1688 train_c: -1.0817 train_max_dist: 39.4648 train_imax: 65.8358 train_imin: -76.1745 time: 1.8016s
INFO:root:Epoch: 1625 lr: 0.001 train_loss: 74262.2812 train_distortion: 5.7396 train_mapscore: 0.1776 train_c: -1.0816 train_max_dist: 39.3789 train_imax: 65.3921 train_imin: -75.8734 time: 1.8022s
INFO:root:Epoch: 1630 lr: 0.001 train_loss: 73673.4531 train_distortion: 5.6864 train_mapscore: 0.1940 train_c: -1.0814 train_max_dist: 39.3047 train_imax: 64.7498 train_imin: -75.3722 time: 1.7935s
INFO:root:Epoch: 1635 lr: 0.001 train_loss: 73131.6953 train_distortion: 5.6376 train_mapscore: 0.2081 train_c: -1.0813 train_max_dist: 39.2461 train_imax: 64.3924 train_imin: -75.0066 time: 1.7952s
INFO:root:Epoch: 1640 lr: 0.001 train_loss: 72697.6406 train_distortion: 5.5880 train_mapscore: 0.2145 train_c: -1.0812 train_max_dist: 39.1914 train_imax: 63.8830 train_imin: -74.6238 time: 1.7917s
INFO:root:Epoch: 1645 lr: 0.001 train_loss: 72913.2969 train_distortion: 5.5298 train_mapscore: 0.1777 train_c: -1.0812 train_max_dist: 39.2383 train_imax: 63.1606 train_imin: -73.9475 time: 1.7909s
INFO:root:Epoch: 1650 lr: 0.001 train_loss: 72599.2109 train_distortion: 5.4794 train_mapscore: 0.1860 train_c: -1.0811 train_max_dist: 39.1914 train_imax: 62.5369 train_imin: -73.4578 time: 1.7879s
INFO:root:Epoch: 1655 lr: 0.001 train_loss: 72122.6406 train_distortion: 5.4339 train_mapscore: 0.1950 train_c: -1.0810 train_max_dist: 39.1367 train_imax: 61.9120 train_imin: -73.0373 time: 1.7844s
INFO:root:Epoch: 1660 lr: 0.001 train_loss: 71586.6094 train_distortion: 5.3955 train_mapscore: 0.2124 train_c: -1.0809 train_max_dist: 39.0898 train_imax: 61.6808 train_imin: -72.8361 time: 1.7854s
INFO:root:Epoch: 1665 lr: 0.001 train_loss: 71129.8125 train_distortion: 5.3611 train_mapscore: 0.2291 train_c: -1.0808 train_max_dist: 39.0332 train_imax: 61.5276 train_imin: -72.4786 time: 1.7969s
INFO:root:Epoch: 1670 lr: 0.001 train_loss: 70692.0625 train_distortion: 5.3300 train_mapscore: 0.2479 train_c: -1.0807 train_max_dist: 38.9805 train_imax: 61.4470 train_imin: -72.0960 time: 1.7895s
INFO:root:Epoch: 1675 lr: 0.001 train_loss: 70642.0078 train_distortion: 5.2903 train_mapscore: 0.2120 train_c: -1.0807 train_max_dist: 38.9141 train_imax: 61.0528 train_imin: -71.5270 time: 1.7851s
INFO:root:Epoch: 1680 lr: 0.001 train_loss: 70834.7031 train_distortion: 5.2411 train_mapscore: 0.1937 train_c: -1.0807 train_max_dist: 38.8223 train_imax: 61.0395 train_imin: -70.6427 time: 1.7913s
INFO:root:Epoch: 1685 lr: 0.001 train_loss: 70603.0859 train_distortion: 5.2033 train_mapscore: 0.2069 train_c: -1.0807 train_max_dist: 38.7539 train_imax: 61.2643 train_imin: -70.0027 time: 1.7851s
INFO:root:Epoch: 1690 lr: 0.001 train_loss: 70109.8047 train_distortion: 5.1720 train_mapscore: 0.2220 train_c: -1.0806 train_max_dist: 38.6875 train_imax: 61.1618 train_imin: -69.5935 time: 1.7807s
INFO:root:Epoch: 1695 lr: 0.001 train_loss: 69775.5703 train_distortion: 5.1482 train_mapscore: 0.2320 train_c: -1.0805 train_max_dist: 38.6367 train_imax: 60.8321 train_imin: -69.2481 time: 1.7840s
INFO:root:Epoch: 1700 lr: 0.001 train_loss: 69389.2188 train_distortion: 5.1284 train_mapscore: 0.2504 train_c: -1.0805 train_max_dist: 38.5957 train_imax: 60.7289 train_imin: -69.0421 time: 1.7948s
INFO:root:Epoch: 1705 lr: 0.001 train_loss: 69423.6016 train_distortion: 5.1104 train_mapscore: 0.2136 train_c: -1.0804 train_max_dist: 38.5801 train_imax: 60.3769 train_imin: -68.6117 time: 1.7872s
INFO:root:Epoch: 1710 lr: 0.001 train_loss: 69524.6172 train_distortion: 5.0907 train_mapscore: 0.1990 train_c: -1.0804 train_max_dist: 38.5488 train_imax: 60.3301 train_imin: -68.4485 time: 1.7773s
INFO:root:Epoch: 1715 lr: 0.001 train_loss: 69256.2188 train_distortion: 5.0738 train_mapscore: 0.2147 train_c: -1.0803 train_max_dist: 38.5430 train_imax: 60.2321 train_imin: -68.2319 time: 1.7763s
INFO:root:Epoch: 1720 lr: 0.001 train_loss: 68782.7969 train_distortion: 5.0593 train_mapscore: 0.2276 train_c: -1.0802 train_max_dist: 38.5312 train_imax: 60.1246 train_imin: -67.9304 time: 1.7729s
INFO:root:Epoch: 1725 lr: 0.001 train_loss: 68298.6328 train_distortion: 5.0498 train_mapscore: 0.2472 train_c: -1.0802 train_max_dist: 38.5234 train_imax: 60.1547 train_imin: -67.7357 time: 1.7757s
INFO:root:Epoch: 1730 lr: 0.001 train_loss: 67880.6094 train_distortion: 5.0449 train_mapscore: 0.2656 train_c: -1.0801 train_max_dist: 38.5293 train_imax: 60.2598 train_imin: -67.5976 time: 1.7743s
INFO:root:Epoch: 1735 lr: 0.001 train_loss: 67505.8828 train_distortion: 5.0438 train_mapscore: 0.2802 train_c: -1.0801 train_max_dist: 38.5352 train_imax: 60.2927 train_imin: -67.6052 time: 1.7857s
INFO:root:Epoch: 1740 lr: 0.001 train_loss: 67167.9219 train_distortion: 5.0452 train_mapscore: 0.3007 train_c: -1.0800 train_max_dist: 38.5488 train_imax: 60.2970 train_imin: -67.7617 time: 1.7677s
INFO:root:Epoch: 1745 lr: 0.001 train_loss: 67088.2812 train_distortion: 5.0627 train_mapscore: 0.2674 train_c: -1.0799 train_max_dist: 38.5840 train_imax: 60.4817 train_imin: -67.9374 time: 1.7662s
INFO:root:Epoch: 1750 lr: 0.001 train_loss: 67157.2812 train_distortion: 5.0916 train_mapscore: 0.2527 train_c: -1.0799 train_max_dist: 38.6465 train_imax: 60.6748 train_imin: -68.2825 time: 1.7628s
INFO:root:Epoch: 1755 lr: 0.001 train_loss: 66951.5312 train_distortion: 5.1100 train_mapscore: 0.2649 train_c: -1.0798 train_max_dist: 38.6758 train_imax: 60.9533 train_imin: -68.4429 time: 1.7635s
INFO:root:Epoch: 1760 lr: 0.001 train_loss: 66756.6328 train_distortion: 5.1197 train_mapscore: 0.2744 train_c: -1.0798 train_max_dist: 38.6875 train_imax: 61.0563 train_imin: -68.5314 time: 1.7641s
INFO:root:Epoch: 1765 lr: 0.001 train_loss: 66668.4609 train_distortion: 5.1271 train_mapscore: 0.2821 train_c: -1.0797 train_max_dist: 38.6953 train_imax: 61.0923 train_imin: -66.3295 time: 1.7667s
INFO:root:Epoch: 1770 lr: 0.001 train_loss: 66380.5469 train_distortion: 5.1361 train_mapscore: 0.3035 train_c: -1.0797 train_max_dist: 38.7031 train_imax: 61.1281 train_imin: -64.7867 time: 1.7664s
INFO:root:Epoch: 1775 lr: 0.001 train_loss: 66059.5781 train_distortion: 5.1458 train_mapscore: 0.3244 train_c: -1.0796 train_max_dist: 38.7285 train_imax: 61.1837 train_imin: -64.4000 time: 1.7595s
INFO:root:Epoch: 1780 lr: 0.001 train_loss: 65711.2109 train_distortion: 5.1564 train_mapscore: 0.3428 train_c: -1.0796 train_max_dist: 38.7539 train_imax: 61.2557 train_imin: -64.5884 time: 1.7606s
INFO:root:Epoch: 1785 lr: 0.001 train_loss: 65411.5781 train_distortion: 5.1699 train_mapscore: 0.3609 train_c: -1.0795 train_max_dist: 38.7832 train_imax: 61.3459 train_imin: -64.9241 time: 1.7573s
INFO:root:Epoch: 1790 lr: 0.001 train_loss: 65139.8008 train_distortion: 5.1864 train_mapscore: 0.3754 train_c: -1.0795 train_max_dist: 38.8203 train_imax: 61.4919 train_imin: -65.2025 time: 1.7579s
INFO:root:Epoch: 1795 lr: 0.001 train_loss: 64906.6250 train_distortion: 5.2052 train_mapscore: 0.3871 train_c: -1.0794 train_max_dist: 38.8672 train_imax: 61.6859 train_imin: -65.4016 time: 1.7380s
INFO:root:Epoch: 1800 lr: 0.001 train_loss: 64682.3008 train_distortion: 5.2266 train_mapscore: 0.4016 train_c: -1.0794 train_max_dist: 38.9141 train_imax: 61.8445 train_imin: -65.8488 time: 1.7372s
INFO:root:Epoch: 1805 lr: 0.001 train_loss: 64570.1016 train_distortion: 5.2493 train_mapscore: 0.3867 train_c: -1.0794 train_max_dist: 38.9551 train_imax: 61.9355 train_imin: -66.0483 time: 1.7410s
INFO:root:Epoch: 1810 lr: 0.001 train_loss: 64488.8906 train_distortion: 5.2684 train_mapscore: 0.3396 train_c: -1.0793 train_max_dist: 39.0000 train_imax: 61.9080 train_imin: -66.2817 time: 1.7355s
INFO:root:Epoch: 1815 lr: 0.001 train_loss: 64275.2812 train_distortion: 5.2893 train_mapscore: 0.3576 train_c: -1.0793 train_max_dist: 39.0352 train_imax: 62.0538 train_imin: -66.5215 time: 1.7387s
INFO:root:Epoch: 1820 lr: 0.001 train_loss: 64054.9219 train_distortion: 5.3121 train_mapscore: 0.3780 train_c: -1.0793 train_max_dist: 39.0781 train_imax: 62.2701 train_imin: -66.6326 time: 1.7389s
INFO:root:Epoch: 1825 lr: 0.001 train_loss: 63809.7695 train_distortion: 5.3364 train_mapscore: 0.3921 train_c: -1.0792 train_max_dist: 39.1270 train_imax: 62.4342 train_imin: -66.7923 time: 1.7354s
INFO:root:Epoch: 1830 lr: 0.001 train_loss: 63538.6016 train_distortion: 5.3623 train_mapscore: 0.4059 train_c: -1.0792 train_max_dist: 40.0000 train_imax: 62.6210 train_imin: -66.8707 time: 1.7330s
INFO:root:Epoch: 1835 lr: 0.001 train_loss: 63407.3750 train_distortion: 5.3890 train_mapscore: 0.4167 train_c: -1.0792 train_max_dist: 39.2910 train_imax: 62.8334 train_imin: -67.1512 time: 1.7325s
INFO:root:Epoch: 1840 lr: 0.001 train_loss: 63261.8750 train_distortion: 5.4164 train_mapscore: 0.4292 train_c: -1.0791 train_max_dist: 39.3926 train_imax: 63.0780 train_imin: -67.3735 time: 1.7320s
INFO:root:Epoch: 1845 lr: 0.001 train_loss: 63046.3203 train_distortion: 5.4472 train_mapscore: 0.4263 train_c: -1.0791 train_max_dist: 39.3867 train_imax: 63.3253 train_imin: -67.6375 time: 1.7267s
INFO:root:Epoch: 1850 lr: 0.001 train_loss: 62854.8906 train_distortion: 5.4808 train_mapscore: 0.4290 train_c: -1.0790 train_max_dist: 39.3555 train_imax: 63.5386 train_imin: -67.9722 time: 1.7236s
INFO:root:Epoch: 1855 lr: 0.001 train_loss: 62637.2344 train_distortion: 5.5156 train_mapscore: 0.4436 train_c: -1.0790 train_max_dist: 39.4023 train_imax: 63.7082 train_imin: -68.2358 time: 1.7366s
INFO:root:Epoch: 1860 lr: 0.001 train_loss: 62412.7969 train_distortion: 5.5512 train_mapscore: 0.4540 train_c: -1.0790 train_max_dist: 39.4844 train_imax: 63.9615 train_imin: -68.5503 time: 1.7397s
INFO:root:Epoch: 1865 lr: 0.001 train_loss: 62211.3711 train_distortion: 5.5881 train_mapscore: 0.4567 train_c: -1.0789 train_max_dist: 39.5430 train_imax: 64.2859 train_imin: -68.8404 time: 1.7377s
INFO:root:Epoch: 1870 lr: 0.001 train_loss: 62015.3906 train_distortion: 5.6263 train_mapscore: 0.4703 train_c: -1.0789 train_max_dist: 39.6133 train_imax: 64.5941 train_imin: -69.1877 time: 1.7421s
INFO:root:Epoch: 1875 lr: 0.001 train_loss: 61836.6133 train_distortion: 5.6651 train_mapscore: 0.4793 train_c: -1.0789 train_max_dist: 39.6914 train_imax: 64.9612 train_imin: -69.4799 time: 1.7341s
INFO:root:Epoch: 1880 lr: 0.001 train_loss: 61679.9766 train_distortion: 5.7053 train_mapscore: 0.4860 train_c: -1.0789 train_max_dist: 39.7617 train_imax: 65.2496 train_imin: -69.8839 time: 1.7372s
INFO:root:Epoch: 1885 lr: 0.001 train_loss: 61498.3047 train_distortion: 5.7457 train_mapscore: 0.4846 train_c: -1.0788 train_max_dist: 39.8418 train_imax: 65.6581 train_imin: -70.1975 time: 1.7343s
INFO:root:Epoch: 1890 lr: 0.001 train_loss: 61441.5117 train_distortion: 5.7878 train_mapscore: 0.4750 train_c: -1.0788 train_max_dist: 39.9141 train_imax: 66.0659 train_imin: -70.1673 time: 1.7371s
INFO:root:Epoch: 1895 lr: 0.001 train_loss: 61246.5703 train_distortion: 5.8337 train_mapscore: 0.4716 train_c: -1.0788 train_max_dist: 40.0039 train_imax: 66.3582 train_imin: -71.4558 time: 1.7295s
INFO:root:Epoch: 1900 lr: 0.001 train_loss: 61032.3516 train_distortion: 5.8790 train_mapscore: 0.4858 train_c: -1.0787 train_max_dist: 40.0898 train_imax: 66.8181 train_imin: -71.5415 time: 1.7342s
INFO:root:Epoch: 1905 lr: 0.001 train_loss: 60860.7188 train_distortion: 5.9253 train_mapscore: 0.4947 train_c: -1.0787 train_max_dist: 40.1699 train_imax: 67.0830 train_imin: -71.9937 time: 1.7352s
INFO:root:Epoch: 1910 lr: 0.001 train_loss: 60664.8242 train_distortion: 5.9727 train_mapscore: 0.5000 train_c: -1.0787 train_max_dist: 40.2559 train_imax: 67.3974 train_imin: -72.4029 time: 1.7342s
INFO:root:Epoch: 1915 lr: 0.001 train_loss: 60576.2500 train_distortion: 6.0191 train_mapscore: 0.4910 train_c: -1.0786 train_max_dist: 40.3359 train_imax: 67.7627 train_imin: -72.7466 time: 1.7348s
INFO:root:Epoch: 1920 lr: 0.001 train_loss: 60510.9219 train_distortion: 6.0643 train_mapscore: 0.4647 train_c: -1.0786 train_max_dist: 40.3945 train_imax: 68.0908 train_imin: -73.0324 time: 1.7303s
INFO:root:Epoch: 1925 lr: 0.001 train_loss: 60335.6250 train_distortion: 6.1122 train_mapscore: 0.4821 train_c: -1.0786 train_max_dist: 40.4688 train_imax: 68.4172 train_imin: -73.5484 time: 1.7321s
INFO:root:Epoch: 1930 lr: 0.001 train_loss: 60171.6641 train_distortion: 6.1619 train_mapscore: 0.4894 train_c: -1.0786 train_max_dist: 40.5488 train_imax: 68.8385 train_imin: -74.0842 time: 1.7316s
INFO:root:Epoch: 1935 lr: 0.001 train_loss: 59978.3477 train_distortion: 6.2128 train_mapscore: 0.5007 train_c: -1.0785 train_max_dist: 40.6426 train_imax: 69.2171 train_imin: -74.4683 time: 1.7296s
INFO:root:Epoch: 1940 lr: 0.001 train_loss: 59815.4492 train_distortion: 6.2648 train_mapscore: 0.4961 train_c: -1.0785 train_max_dist: 40.7344 train_imax: 69.6179 train_imin: -74.9843 time: 1.7292s
INFO:root:Epoch: 1945 lr: 0.001 train_loss: 59640.5703 train_distortion: 6.3184 train_mapscore: 0.5093 train_c: -1.0785 train_max_dist: 40.8301 train_imax: 70.0089 train_imin: -75.5540 time: 1.7299s
INFO:root:Epoch: 1950 lr: 0.001 train_loss: 59433.4219 train_distortion: 6.3726 train_mapscore: 0.5188 train_c: -1.0784 train_max_dist: 40.9102 train_imax: 70.3823 train_imin: -75.9899 time: 1.7271s
INFO:root:Epoch: 1955 lr: 0.001 train_loss: 59299.1016 train_distortion: 6.4286 train_mapscore: 0.5204 train_c: -1.0784 train_max_dist: 41.0000 train_imax: 70.8236 train_imin: -76.5935 time: 1.7244s
INFO:root:Epoch: 1960 lr: 0.001 train_loss: 59175.5234 train_distortion: 6.4878 train_mapscore: 0.5067 train_c: -1.0784 train_max_dist: 41.1016 train_imax: 71.2517 train_imin: -77.0051 time: 1.7246s
INFO:root:Epoch: 1965 lr: 0.001 train_loss: 59376.8750 train_distortion: 6.5479 train_mapscore: 0.4913 train_c: -1.0783 train_max_dist: 40.9570 train_imax: 71.8402 train_imin: -77.6272 time: 1.7315s
INFO:root:Epoch: 1970 lr: 0.001 train_loss: 59019.1953 train_distortion: 6.6063 train_mapscore: 0.5053 train_c: -1.0783 train_max_dist: 41.2539 train_imax: 72.2162 train_imin: -78.0547 time: 1.7253s
INFO:root:Epoch: 1975 lr: 0.001 train_loss: 58803.2109 train_distortion: 6.6655 train_mapscore: 0.5111 train_c: -1.0783 train_max_dist: 41.5527 train_imax: 72.7415 train_imin: -78.6300 time: 1.7227s
INFO:root:Epoch: 1980 lr: 0.001 train_loss: 59576.8867 train_distortion: 6.7196 train_mapscore: 0.4275 train_c: -1.0783 train_max_dist: 50.0000 train_imax: 73.0388 train_imin: -79.2711 time: 1.7274s
INFO:root:Epoch: 1985 lr: 0.001 train_loss: 59403.6953 train_distortion: 6.7744 train_mapscore: 0.4395 train_c: -1.0782 train_max_dist: 41.5312 train_imax: 73.4427 train_imin: -79.6325 time: 1.7280s
INFO:root:Epoch: 1990 lr: 0.001 train_loss: 59173.3359 train_distortion: 6.8277 train_mapscore: 0.4547 train_c: -1.0782 train_max_dist: 41.6426 train_imax: 73.8419 train_imin: -80.2276 time: 1.7232s
INFO:root:Epoch: 1995 lr: 0.001 train_loss: 58889.0234 train_distortion: 6.8811 train_mapscore: 0.4758 train_c: -1.0782 train_max_dist: 41.7617 train_imax: 74.4146 train_imin: -80.8745 time: 1.7161s
INFO:root:Epoch: 2000 lr: 0.00025 train_loss: 58682.9844 train_distortion: 6.9352 train_mapscore: 0.4894 train_c: -1.0781 train_max_dist: 41.8398 train_imax: 74.9707 train_imin: -81.4166 time: 1.7139s
INFO:root:Optimization Finished!
INFO:root:Total time elapsed: 3359.8570s
INFO:root:Val set results: val_distortion: 1.0000 val_mapscore: -1.0000 val_c: -1.0000 val_max_dist: 0.0000
INFO:root:Test set results: test_loss: 58604.6250 test_distortion: 6.9462 test_mapscore: 0.4918 test_c: -1.0781 test_max_dist: 41.8516 test_imax: 75.0980 test_imin: -81.4371
INFO:root:Saved model in /workspace/xiongbo/hgcn/logs/md/2021_5_22/13
