INFO:root:Using: cuda:0
INFO:root:Using seed 1234.
INFO:root:MDModel(
  (encoder): HGCN(
    (layers): Sequential(
      (0): HyperbolicGraphConvolution(
        (linear): HypLinear(
          in_features=3032, out_features=10, c=Parameter containing:
          tensor([-1.], requires_grad=True)
        )
        (agg): HypAgg(
          c=Parameter containing:
          tensor([-1.], requires_grad=True)
        )
        (hyp_act): HypAct(
          c_in=Parameter containing:
          tensor([-1.], requires_grad=True), c_out=Parameter containing:
          tensor([-1.], requires_grad=True)
        )
      )
    )
  )
  (decoder): MDDecoder()
)
INFO:root:Total number of parameters: 30332
/workspace/anaconda3/envs/geo/lib/python3.7/site-packages/torch/optim/lr_scheduler.py:370: UserWarning: To get the last learning rate computed by the scheduler, please use `get_last_lr()`.
  "please use `get_last_lr()`.", UserWarning)
INFO:root:Epoch: 0005 lr: 0.01 train_loss: 98433.6719 train_distortion: 0.7259 train_mapscore: 0.0575 train_c: -1.0001 train_max_dist: 2.8465 train_imax: -0.0000 train_imin: -1.2011 time: 1.9337s
INFO:root:Epoch: 0010 lr: 0.01 train_loss: 95554.0156 train_distortion: 0.6474 train_mapscore: 0.1345 train_c: -1.0006 train_max_dist: 3.3365 train_imax: -0.0000 train_imin: -1.1788 time: 1.7435s
INFO:root:Epoch: 0015 lr: 0.01 train_loss: 94376.3672 train_distortion: 0.6199 train_mapscore: 0.1804 train_c: -1.0011 train_max_dist: 3.7689 train_imax: -0.0000 train_imin: -1.2227 time: 1.6910s
INFO:root:Epoch: 0020 lr: 0.01 train_loss: 93211.1094 train_distortion: 0.5997 train_mapscore: 0.2122 train_c: -1.0017 train_max_dist: 5.9187 train_imax: -0.0000 train_imin: -1.1923 time: 1.6690s
INFO:root:Epoch: 0025 lr: 0.01 train_loss: 92481.8203 train_distortion: 0.5802 train_mapscore: 0.2301 train_c: -1.0022 train_max_dist: 6.2475 train_imax: -0.0000 train_imin: -1.1905 time: 1.6550s
INFO:root:Epoch: 0030 lr: 0.01 train_loss: 92198.8438 train_distortion: 0.5595 train_mapscore: 0.2441 train_c: -1.0028 train_max_dist: 7.9984 train_imax: -0.0000 train_imin: -1.1967 time: 1.7028s
INFO:root:Epoch: 0035 lr: 0.01 train_loss: 91290.0156 train_distortion: 0.5346 train_mapscore: 0.2470 train_c: -1.0034 train_max_dist: 9.7305 train_imax: 0.0000 train_imin: -1.3200 time: 1.6472s
INFO:root:Epoch: 0040 lr: 0.01 train_loss: 90330.1562 train_distortion: 0.5064 train_mapscore: 0.2576 train_c: -1.0039 train_max_dist: 9.7617 train_imax: 0.1845 train_imin: -1.3465 time: 1.6374s
INFO:root:Epoch: 0045 lr: 0.01 train_loss: 89558.7500 train_distortion: 0.4719 train_mapscore: 0.2541 train_c: -1.0045 train_max_dist: 9.7969 train_imax: 0.1568 train_imin: -1.5151 time: 1.6468s
INFO:root:Epoch: 0050 lr: 0.01 train_loss: 87743.3281 train_distortion: 0.4295 train_mapscore: 0.2562 train_c: -1.0050 train_max_dist: 9.9688 train_imax: 0.1684 train_imin: -1.5970 time: 1.6042s
INFO:root:Epoch: 0055 lr: 0.01 train_loss: 85653.7344 train_distortion: 0.3788 train_mapscore: 0.2592 train_c: -1.0055 train_max_dist: 9.8281 train_imax: 0.1319 train_imin: -1.5782 time: 1.5777s
INFO:root:Epoch: 0060 lr: 0.01 train_loss: 83381.8281 train_distortion: 0.3170 train_mapscore: 0.2668 train_c: -1.0060 train_max_dist: 9.8750 train_imax: 0.0332 train_imin: -1.6836 time: 1.5954s
INFO:root:Epoch: 0065 lr: 0.01 train_loss: 80901.5234 train_distortion: 0.2618 train_mapscore: 0.2679 train_c: -1.0064 train_max_dist: 10.2500 train_imax: 1.0994 train_imin: -1.9887 time: 1.6554s
INFO:root:Epoch: 0070 lr: 0.01 train_loss: 78367.6953 train_distortion: 0.2719 train_mapscore: 0.2474 train_c: -1.0067 train_max_dist: 11.3696 train_imax: 2.0118 train_imin: -3.0475 time: 1.7101s
INFO:root:Epoch: 0075 lr: 0.01 train_loss: 75614.0938 train_distortion: 0.2840 train_mapscore: 0.2244 train_c: -1.0070 train_max_dist: 12.8309 train_imax: 3.8049 train_imin: -3.8082 time: 1.7517s
INFO:root:Epoch: 0080 lr: 0.01 train_loss: 70608.8281 train_distortion: 0.2454 train_mapscore: 0.2367 train_c: -1.0071 train_max_dist: 14.6685 train_imax: 3.7378 train_imin: -4.5898 time: 1.7399s
INFO:root:Epoch: 0085 lr: 0.01 train_loss: 64866.0234 train_distortion: 0.2560 train_mapscore: 0.2636 train_c: -1.0069 train_max_dist: 16.2474 train_imax: 4.9960 train_imin: -5.2579 time: 1.7267s
INFO:root:Epoch: 0090 lr: 0.01 train_loss: 57865.4922 train_distortion: 0.4141 train_mapscore: 0.3183 train_c: -1.0065 train_max_dist: 18.4797 train_imax: 1.7486 train_imin: -6.5422 time: 1.7145s
INFO:root:Epoch: 0095 lr: 0.01 train_loss: 51130.0898 train_distortion: 0.8199 train_mapscore: 0.3786 train_c: -1.0058 train_max_dist: 19.9613 train_imax: 2.9714 train_imin: -8.3321 time: 1.7169s
INFO:root:Epoch: 0100 lr: 0.01 train_loss: 44271.8789 train_distortion: 1.5470 train_mapscore: 0.4657 train_c: -1.0051 train_max_dist: 22.6984 train_imax: 3.8170 train_imin: -10.8343 time: 1.7158s
INFO:root:Epoch: 0105 lr: 0.01 train_loss: 38843.4297 train_distortion: 2.6055 train_mapscore: 0.5155 train_c: -1.0044 train_max_dist: 25.2306 train_imax: 5.7486 train_imin: -15.0625 time: 1.7199s
INFO:root:Epoch: 0110 lr: 0.01 train_loss: 34580.5000 train_distortion: 3.9558 train_mapscore: 0.5766 train_c: -1.0038 train_max_dist: 32.0000 train_imax: 7.7590 train_imin: -18.2706 time: 1.7189s
INFO:root:Epoch: 0115 lr: 0.01 train_loss: 34464.9648 train_distortion: 5.2407 train_mapscore: 0.5402 train_c: -1.0033 train_max_dist: 28.8125 train_imax: 9.7247 train_imin: -21.0998 time: 1.7259s
INFO:root:Epoch: 0120 lr: 0.01 train_loss: 31601.0117 train_distortion: 6.5530 train_mapscore: 0.6027 train_c: -1.0028 train_max_dist: 30.3948 train_imax: 11.8351 train_imin: -24.7642 time: 1.7232s
INFO:root:Epoch: 0125 lr: 0.01 train_loss: 27388.2188 train_distortion: 7.8574 train_mapscore: 0.6949 train_c: -1.0024 train_max_dist: 31.8791 train_imax: 13.9859 train_imin: -27.6080 time: 1.7214s
INFO:root:Epoch: 0130 lr: 0.01 train_loss: 27853.2930 train_distortion: 9.0376 train_mapscore: 0.6779 train_c: -1.0021 train_max_dist: 33.1832 train_imax: 16.3106 train_imin: -29.7111 time: 1.7242s
INFO:root:Epoch: 0135 lr: 0.01 train_loss: 25747.1152 train_distortion: 9.9646 train_mapscore: 0.7211 train_c: -1.0018 train_max_dist: 33.9452 train_imax: 18.2000 train_imin: -31.2836 time: 1.7229s
INFO:root:Epoch: 0140 lr: 0.01 train_loss: 22674.7656 train_distortion: 10.8178 train_mapscore: 0.7933 train_c: -1.0015 train_max_dist: 34.6217 train_imax: 19.9980 train_imin: -33.5751 time: 1.7218s
INFO:root:Epoch: 0145 lr: 0.01 train_loss: 20998.5098 train_distortion: 11.7391 train_mapscore: 0.8395 train_c: -1.0012 train_max_dist: 35.4877 train_imax: 22.4983 train_imin: -36.2345 time: 1.7215s
INFO:root:Epoch: 0150 lr: 0.01 train_loss: 20701.5664 train_distortion: 12.5344 train_mapscore: 0.8528 train_c: -1.0010 train_max_dist: 35.8936 train_imax: 24.4175 train_imin: -35.5298 time: 1.7221s
INFO:root:Epoch: 0155 lr: 0.01 train_loss: 21824.2539 train_distortion: 13.1343 train_mapscore: 0.8152 train_c: -1.0008 train_max_dist: 36.3003 train_imax: 25.0708 train_imin: -35.8888 time: 1.7111s
INFO:root:Epoch: 0160 lr: 0.01 train_loss: 19311.6250 train_distortion: 13.6917 train_mapscore: 0.8632 train_c: -1.0006 train_max_dist: 36.7265 train_imax: 25.6356 train_imin: -37.3914 time: 1.7072s
INFO:root:Epoch: 0165 lr: 0.01 train_loss: 17860.1484 train_distortion: 14.3270 train_mapscore: 0.8963 train_c: -1.0003 train_max_dist: 37.0865 train_imax: 27.0670 train_imin: -37.3249 time: 1.7118s
INFO:root:Epoch: 0170 lr: 0.01 train_loss: 28828.0859 train_distortion: 13.9715 train_mapscore: 0.6879 train_c: -1.0004 train_max_dist: 36.8279 train_imax: 26.8355 train_imin: -36.3746 time: 1.7122s
INFO:root:Epoch: 0175 lr: 0.01 train_loss: 28280.1680 train_distortion: 13.2492 train_mapscore: 0.7059 train_c: -1.0003 train_max_dist: 36.1943 train_imax: 27.6628 train_imin: -29.1530 time: 1.7233s
INFO:root:Epoch: 0180 lr: 0.01 train_loss: 28128.4609 train_distortion: 12.5231 train_mapscore: 0.6797 train_c: -1.0002 train_max_dist: 35.2908 train_imax: 24.1407 train_imin: -27.6458 time: 1.7166s
INFO:root:Epoch: 0185 lr: 0.01 train_loss: 24905.1816 train_distortion: 12.0598 train_mapscore: 0.7419 train_c: -1.0000 train_max_dist: 34.4210 train_imax: 23.0608 train_imin: -26.4074 time: 1.7130s
INFO:root:Epoch: 0190 lr: 0.01 train_loss: 22890.8359 train_distortion: 12.0251 train_mapscore: 0.7778 train_c: -0.9999 train_max_dist: 34.0984 train_imax: 22.9041 train_imin: -26.4208 time: 1.7130s
INFO:root:Epoch: 0195 lr: 0.01 train_loss: 20304.1660 train_distortion: 12.4993 train_mapscore: 0.8377 train_c: -0.9997 train_max_dist: 34.3930 train_imax: 23.4720 train_imin: -26.9524 time: 1.7140s
INFO:root:Epoch: 0200 lr: 0.01 train_loss: 18322.0625 train_distortion: 13.4177 train_mapscore: 0.8742 train_c: -0.9994 train_max_dist: 35.0321 train_imax: 25.1797 train_imin: -29.1177 time: 1.7270s
INFO:root:Epoch: 0205 lr: 0.01 train_loss: 18119.0586 train_distortion: 14.5657 train_mapscore: 0.8799 train_c: -0.9992 train_max_dist: 35.8098 train_imax: 27.2109 train_imin: -29.6536 time: 1.7023s
INFO:root:Epoch: 0210 lr: 0.01 train_loss: 16484.0664 train_distortion: 15.7701 train_mapscore: 0.9061 train_c: -0.9990 train_max_dist: 36.6847 train_imax: 29.3843 train_imin: -32.2724 time: 1.6970s
INFO:root:Epoch: 0215 lr: 0.01 train_loss: 15422.1738 train_distortion: 16.9930 train_mapscore: 0.9281 train_c: -0.9988 train_max_dist: 37.4981 train_imax: 31.2392 train_imin: -33.1769 time: 1.7087s
INFO:root:Epoch: 0220 lr: 0.01 train_loss: 18857.3965 train_distortion: 18.0148 train_mapscore: 0.8838 train_c: -0.9986 train_max_dist: 38.0740 train_imax: 33.3454 train_imin: -34.3795 time: 1.7085s
INFO:root:Epoch: 0225 lr: 0.01 train_loss: 24962.2324 train_distortion: 17.8566 train_mapscore: 0.7555 train_c: -0.9986 train_max_dist: 37.7390 train_imax: 33.3683 train_imin: -34.2832 time: 1.7125s
INFO:root:Epoch: 0230 lr: 0.01 train_loss: 22876.0078 train_distortion: 16.9992 train_mapscore: 0.7864 train_c: -0.9985 train_max_dist: 37.3434 train_imax: 31.2817 train_imin: -33.1424 time: 1.7130s
INFO:root:Epoch: 0235 lr: 0.01 train_loss: 19903.7344 train_distortion: 16.3137 train_mapscore: 0.8416 train_c: -0.9985 train_max_dist: 36.8657 train_imax: 29.6567 train_imin: -31.8660 time: 1.7099s
INFO:root:Epoch: 0240 lr: 0.01 train_loss: 18081.3457 train_distortion: 16.1700 train_mapscore: 0.8746 train_c: -0.9983 train_max_dist: 36.6326 train_imax: 29.2497 train_imin: -30.2040 time: 1.7080s
INFO:root:Epoch: 0245 lr: 0.01 train_loss: 31646.0254 train_distortion: 16.7596 train_mapscore: 0.6241 train_c: -0.9981 train_max_dist: 37.1171 train_imax: 31.3685 train_imin: -32.8827 time: 1.7132s
INFO:root:Epoch: 0250 lr: 0.01 train_loss: 31594.1484 train_distortion: 15.9987 train_mapscore: 0.6064 train_c: -0.9979 train_max_dist: 36.8712 train_imax: 30.8472 train_imin: -31.4827 time: 1.7327s
INFO:root:Epoch: 0255 lr: 0.01 train_loss: 27708.0938 train_distortion: 14.8123 train_mapscore: 0.6646 train_c: -0.9978 train_max_dist: 36.1244 train_imax: 28.8004 train_imin: -28.2755 time: 1.7138s
INFO:root:Epoch: 0260 lr: 0.01 train_loss: 34770.5078 train_distortion: 14.0432 train_mapscore: 0.5514 train_c: -0.9976 train_max_dist: 35.3227 train_imax: 27.8505 train_imin: -25.6417 time: 1.7189s
INFO:root:Epoch: 0265 lr: 0.01 train_loss: 41177.4609 train_distortion: 12.5087 train_mapscore: 0.4428 train_c: -0.9976 train_max_dist: 34.5959 train_imax: 27.8654 train_imin: -23.6676 time: 1.7277s
INFO:root:Epoch: 0270 lr: 0.01 train_loss: 39041.2773 train_distortion: 10.7304 train_mapscore: 0.4539 train_c: -0.9975 train_max_dist: 33.3748 train_imax: 24.7809 train_imin: -20.5409 time: 1.7269s
INFO:root:Epoch: 0275 lr: 0.01 train_loss: 36668.6953 train_distortion: 9.4037 train_mapscore: 0.4862 train_c: -0.9975 train_max_dist: 32.4356 train_imax: 23.1301 train_imin: -19.7590 time: 1.7356s
INFO:root:Epoch: 0280 lr: 0.01 train_loss: 34844.8516 train_distortion: 8.7411 train_mapscore: 0.5254 train_c: -0.9975 train_max_dist: 31.6132 train_imax: 21.3496 train_imin: -19.2768 time: 1.7264s
INFO:root:Epoch: 0285 lr: 0.01 train_loss: 32676.8418 train_distortion: 8.6923 train_mapscore: 0.5797 train_c: -0.9974 train_max_dist: 31.4700 train_imax: 21.3252 train_imin: -19.0197 time: 1.7249s
INFO:root:Epoch: 0290 lr: 0.01 train_loss: 30162.1602 train_distortion: 9.2366 train_mapscore: 0.6437 train_c: -0.9972 train_max_dist: 31.9987 train_imax: 22.4416 train_imin: -19.6857 time: 1.7212s
INFO:root:Epoch: 0295 lr: 0.01 train_loss: 27793.0859 train_distortion: 10.2764 train_mapscore: 0.7084 train_c: -0.9969 train_max_dist: 33.0015 train_imax: 24.4519 train_imin: -20.9822 time: 1.7213s
INFO:root:Epoch: 0300 lr: 0.01 train_loss: 25475.2656 train_distortion: 11.6908 train_mapscore: 0.7643 train_c: -0.9966 train_max_dist: 48.0000 train_imax: 26.8141 train_imin: -23.2668 time: 1.7185s
INFO:root:Epoch: 0305 lr: 0.01 train_loss: 24194.0117 train_distortion: 13.3751 train_mapscore: 0.7848 train_c: -0.9963 train_max_dist: 35.6144 train_imax: 29.4815 train_imin: -26.1347 time: 1.7205s
INFO:root:Epoch: 0310 lr: 0.01 train_loss: 22365.2969 train_distortion: 15.1125 train_mapscore: 0.8239 train_c: -0.9961 train_max_dist: 36.9743 train_imax: 32.1155 train_imin: -29.0730 time: 1.7194s
INFO:root:Epoch: 0315 lr: 0.01 train_loss: 22822.0508 train_distortion: 16.6621 train_mapscore: 0.8023 train_c: -0.9959 train_max_dist: 38.1795 train_imax: 34.9707 train_imin: -32.4221 time: 1.7469s
INFO:root:Epoch: 0320 lr: 0.01 train_loss: 21311.5781 train_distortion: 17.9662 train_mapscore: 0.8426 train_c: -0.9957 train_max_dist: 39.0694 train_imax: 38.1317 train_imin: -34.6249 time: 1.7102s
INFO:root:Epoch: 0325 lr: 0.01 train_loss: 24721.6523 train_distortion: 18.9064 train_mapscore: 0.7565 train_c: -0.9955 train_max_dist: 39.7576 train_imax: 38.9783 train_imin: -35.2488 time: 1.7156s
INFO:root:Epoch: 0330 lr: 0.01 train_loss: 25202.3691 train_distortion: 18.9720 train_mapscore: 0.7481 train_c: -0.9954 train_max_dist: 39.8453 train_imax: 62.6914 train_imin: -36.1922 time: 1.7091s
INFO:root:Epoch: 0335 lr: 0.01 train_loss: 23123.4648 train_distortion: 18.7770 train_mapscore: 0.7991 train_c: -0.9953 train_max_dist: 39.7075 train_imax: 68.9003 train_imin: -36.3877 time: 1.7112s
INFO:root:Epoch: 0340 lr: 0.01 train_loss: 20976.1445 train_distortion: 18.8006 train_mapscore: 0.8407 train_c: -0.9952 train_max_dist: 39.6604 train_imax: 70.5979 train_imin: -35.2043 time: 1.7140s
INFO:root:Epoch: 0345 lr: 0.01 train_loss: 24913.1797 train_distortion: 19.0487 train_mapscore: 0.7705 train_c: -0.9951 train_max_dist: 39.7627 train_imax: 71.9184 train_imin: -32.7346 time: 1.7117s
INFO:root:Epoch: 0350 lr: 0.01 train_loss: 33886.6953 train_distortion: 18.7228 train_mapscore: 0.6090 train_c: -0.9950 train_max_dist: 39.5156 train_imax: 60.6452 train_imin: -38.6836 time: 1.7186s
INFO:root:Epoch: 0355 lr: 0.01 train_loss: 41213.0586 train_distortion: 16.3943 train_mapscore: 0.4764 train_c: -0.9952 train_max_dist: 38.0725 train_imax: 52.4792 train_imin: -41.6078 time: 1.7283s
INFO:root:Epoch: 0360 lr: 0.01 train_loss: 38262.1953 train_distortion: 13.7576 train_mapscore: 0.5002 train_c: -0.9952 train_max_dist: 36.3012 train_imax: 42.4767 train_imin: -27.6684 time: 1.7462s
INFO:root:Epoch: 0365 lr: 0.01 train_loss: 35049.8672 train_distortion: 11.8822 train_mapscore: 0.5428 train_c: -0.9951 train_max_dist: 34.8931 train_imax: 35.8662 train_imin: -24.5488 time: 1.7274s
INFO:root:Epoch: 0370 lr: 0.01 train_loss: 33489.8281 train_distortion: 10.8692 train_mapscore: 0.5691 train_c: -0.9950 train_max_dist: 33.9742 train_imax: 32.1019 train_imin: -22.3617 time: 1.7342s
INFO:root:Epoch: 0375 lr: 0.01 train_loss: 33185.9375 train_distortion: 10.4386 train_mapscore: 0.5668 train_c: -0.9948 train_max_dist: 33.6071 train_imax: 30.9290 train_imin: -21.2910 time: 1.7340s
INFO:root:Epoch: 0380 lr: 0.01 train_loss: 31092.9062 train_distortion: 10.6958 train_mapscore: 0.6205 train_c: -0.9946 train_max_dist: 34.0354 train_imax: 31.1968 train_imin: -21.5359 time: 1.7320s
INFO:root:Epoch: 0385 lr: 0.01 train_loss: 28746.5977 train_distortion: 11.5068 train_mapscore: 0.6903 train_c: -0.9943 train_max_dist: 34.6864 train_imax: 33.0923 train_imin: -22.6733 time: 1.7295s
INFO:root:Epoch: 0390 lr: 0.01 train_loss: 26515.2578 train_distortion: 12.7292 train_mapscore: 0.7508 train_c: -0.9940 train_max_dist: 35.8129 train_imax: 36.1109 train_imin: -24.8487 time: 1.7329s
INFO:root:Epoch: 0395 lr: 0.01 train_loss: 38416.1445 train_distortion: 13.1798 train_mapscore: 0.4780 train_c: -0.9940 train_max_dist: 36.3609 train_imax: 39.2939 train_imin: -25.9403 time: 1.7332s
INFO:root:Epoch: 0400 lr: 0.01 train_loss: 70711.1094 train_distortion: 9.4899 train_mapscore: 0.1629 train_c: -0.9947 train_max_dist: 33.4970 train_imax: 46.5940 train_imin: -21.9373 time: 1.8014s
INFO:root:Epoch: 0405 lr: 0.01 train_loss: 77885.8906 train_distortion: 6.7521 train_mapscore: 0.1098 train_c: -0.9952 train_max_dist: 30.6761 train_imax: 37.3017 train_imin: -21.1016 time: 1.8552s
INFO:root:Epoch: 0410 lr: 0.01 train_loss: 78446.5000 train_distortion: 4.7749 train_mapscore: 0.0927 train_c: -0.9956 train_max_dist: 28.2887 train_imax: 29.5256 train_imin: -18.5082 time: 1.8894s
INFO:root:Epoch: 0415 lr: 0.01 train_loss: 76888.5859 train_distortion: 3.5743 train_mapscore: 0.0915 train_c: -0.9959 train_max_dist: 26.3917 train_imax: 23.8701 train_imin: -16.3943 time: 1.8968s
INFO:root:Epoch: 0420 lr: 0.01 train_loss: 74992.7344 train_distortion: 2.8388 train_mapscore: 0.0966 train_c: -0.9960 train_max_dist: 24.9595 train_imax: 20.0605 train_imin: -14.8344 time: 1.8962s
INFO:root:Epoch: 0425 lr: 0.01 train_loss: 73219.3047 train_distortion: 2.3749 train_mapscore: 0.1015 train_c: -0.9961 train_max_dist: 23.8632 train_imax: 17.6091 train_imin: -13.5482 time: 1.8914s
INFO:root:Epoch: 0430 lr: 0.01 train_loss: 71553.8516 train_distortion: 2.0773 train_mapscore: 0.1090 train_c: -0.9961 train_max_dist: 23.0423 train_imax: 16.1071 train_imin: -12.4765 time: 1.8727s
INFO:root:Epoch: 0435 lr: 0.01 train_loss: 70272.0469 train_distortion: 1.8932 train_mapscore: 0.1164 train_c: -0.9961 train_max_dist: 22.4995 train_imax: 15.2184 train_imin: -11.6639 time: 1.8669s
INFO:root:Epoch: 0440 lr: 0.01 train_loss: 69039.8828 train_distortion: 1.7938 train_mapscore: 0.1261 train_c: -0.9961 train_max_dist: 22.1287 train_imax: 14.6289 train_imin: -11.1932 time: 1.8613s
INFO:root:Epoch: 0445 lr: 0.01 train_loss: 67987.2188 train_distortion: 1.7448 train_mapscore: 0.1309 train_c: -0.9961 train_max_dist: 21.8872 train_imax: 14.3039 train_imin: -10.9736 time: 1.8503s
INFO:root:Epoch: 0450 lr: 0.01 train_loss: 66929.2500 train_distortion: 1.7406 train_mapscore: 0.1398 train_c: -0.9960 train_max_dist: 21.8342 train_imax: 14.2411 train_imin: -10.8985 time: 1.8367s
INFO:root:Epoch: 0455 lr: 0.01 train_loss: 65975.5938 train_distortion: 1.7746 train_mapscore: 0.1504 train_c: -0.9959 train_max_dist: 21.9191 train_imax: 14.3429 train_imin: -10.9049 time: 1.8353s
INFO:root:Epoch: 0460 lr: 0.01 train_loss: 65079.7422 train_distortion: 1.8374 train_mapscore: 0.1640 train_c: -0.9959 train_max_dist: 22.0714 train_imax: 14.5978 train_imin: -10.9726 time: 1.8292s
INFO:root:Epoch: 0465 lr: 0.01 train_loss: 64205.7578 train_distortion: 1.9131 train_mapscore: 0.1714 train_c: -0.9958 train_max_dist: 22.2215 train_imax: 14.8923 train_imin: -11.0203 time: 1.8217s
INFO:root:Epoch: 0470 lr: 0.01 train_loss: 63397.4258 train_distortion: 2.0136 train_mapscore: 0.1835 train_c: -0.9957 train_max_dist: 24.0000 train_imax: 15.3164 train_imin: -11.1454 time: 1.8198s
INFO:root:Epoch: 0475 lr: 0.01 train_loss: 62649.9570 train_distortion: 2.1085 train_mapscore: 0.1909 train_c: -0.9956 train_max_dist: 22.6235 train_imax: 15.6904 train_imin: -11.2493 time: 1.8142s
INFO:root:Epoch: 0480 lr: 0.01 train_loss: 61901.1406 train_distortion: 2.2165 train_mapscore: 0.1985 train_c: -0.9955 train_max_dist: 22.8258 train_imax: 16.1296 train_imin: -11.3515 time: 1.8065s
INFO:root:Epoch: 0485 lr: 0.01 train_loss: 61153.6758 train_distortion: 2.3369 train_mapscore: 0.2128 train_c: -0.9954 train_max_dist: 24.0000 train_imax: 16.6202 train_imin: -11.5044 time: 1.8100s
INFO:root:Epoch: 0490 lr: 0.01 train_loss: 60418.2969 train_distortion: 2.4659 train_mapscore: 0.2274 train_c: -0.9953 train_max_dist: 23.3480 train_imax: 17.1038 train_imin: -11.6659 time: 1.7925s
INFO:root:Epoch: 0495 lr: 0.01 train_loss: 59704.3516 train_distortion: 2.6023 train_mapscore: 0.2446 train_c: -0.9952 train_max_dist: 23.6224 train_imax: 17.6272 train_imin: -11.8687 time: 1.7867s
INFO:root:Epoch: 0500 lr: 0.01 train_loss: 58965.2656 train_distortion: 2.7449 train_mapscore: 0.2607 train_c: -0.9951 train_max_dist: 23.9017 train_imax: 18.1984 train_imin: -12.1309 time: 1.7908s
INFO:root:Epoch: 0505 lr: 0.01 train_loss: 58245.5156 train_distortion: 2.8960 train_mapscore: 0.2814 train_c: -0.9951 train_max_dist: 24.1886 train_imax: 18.7674 train_imin: -12.3766 time: 1.7881s
INFO:root:Epoch: 0510 lr: 0.01 train_loss: 57512.1250 train_distortion: 3.0518 train_mapscore: 0.3007 train_c: -0.9950 train_max_dist: 24.4877 train_imax: 19.3785 train_imin: -12.5802 time: 1.7873s
INFO:root:Epoch: 0515 lr: 0.01 train_loss: 56835.9766 train_distortion: 3.2066 train_mapscore: 0.3139 train_c: -0.9949 train_max_dist: 32.0000 train_imax: 20.0050 train_imin: -12.7768 time: 1.7833s
INFO:root:Epoch: 0520 lr: 0.01 train_loss: 56146.7578 train_distortion: 3.3532 train_mapscore: 0.3269 train_c: -0.9949 train_max_dist: 25.0534 train_imax: 20.6344 train_imin: -12.9789 time: 1.7926s
INFO:root:Epoch: 0525 lr: 0.01 train_loss: 55528.9531 train_distortion: 3.5047 train_mapscore: 0.3347 train_c: -0.9948 train_max_dist: 25.3304 train_imax: 21.2238 train_imin: -13.1589 time: 1.7899s
INFO:root:Epoch: 0530 lr: 0.01 train_loss: 54897.5078 train_distortion: 3.6475 train_mapscore: 0.3460 train_c: -0.9948 train_max_dist: 25.5838 train_imax: 21.7931 train_imin: -13.2765 time: 1.7930s
INFO:root:Epoch: 0535 lr: 0.01 train_loss: 54316.1172 train_distortion: 3.7893 train_mapscore: 0.3583 train_c: -0.9947 train_max_dist: 25.8320 train_imax: 22.3699 train_imin: -13.4012 time: 1.7883s
INFO:root:Epoch: 0540 lr: 0.01 train_loss: 53728.0234 train_distortion: 3.9457 train_mapscore: 0.3691 train_c: -0.9947 train_max_dist: 26.1022 train_imax: 22.9804 train_imin: -13.5620 time: 1.7874s
INFO:root:Epoch: 0545 lr: 0.01 train_loss: 53163.9609 train_distortion: 4.1092 train_mapscore: 0.3846 train_c: -0.9946 train_max_dist: 26.3582 train_imax: 23.5655 train_imin: -13.7127 time: 1.7858s
INFO:root:Epoch: 0550 lr: 0.01 train_loss: 52507.1328 train_distortion: 4.2846 train_mapscore: 0.4005 train_c: -0.9946 train_max_dist: 26.5858 train_imax: 24.1519 train_imin: -13.9497 time: 1.7848s
INFO:root:Epoch: 0555 lr: 0.01 train_loss: 51908.8203 train_distortion: 4.4693 train_mapscore: 0.4192 train_c: -0.9945 train_max_dist: 26.8203 train_imax: 24.7693 train_imin: -14.1576 time: 1.7814s
INFO:root:Epoch: 0560 lr: 0.01 train_loss: 51414.0547 train_distortion: 4.6406 train_mapscore: 0.4016 train_c: -0.9945 train_max_dist: 40.0000 train_imax: 25.3686 train_imin: -14.3586 time: 1.7821s
INFO:root:Epoch: 0565 lr: 0.01 train_loss: 51106.3086 train_distortion: 4.7690 train_mapscore: 0.3901 train_c: -0.9945 train_max_dist: 27.2025 train_imax: 25.7155 train_imin: -14.4546 time: 1.7786s
INFO:root:Epoch: 0570 lr: 0.01 train_loss: 50734.4609 train_distortion: 4.9245 train_mapscore: 0.3801 train_c: -0.9945 train_max_dist: 27.4298 train_imax: 26.3403 train_imin: -14.5622 time: 1.7806s
INFO:root:Epoch: 0575 lr: 0.01 train_loss: 50818.6602 train_distortion: 5.0423 train_mapscore: 0.3477 train_c: -0.9945 train_max_dist: 27.5517 train_imax: 26.8919 train_imin: -14.6771 time: 1.7765s
INFO:root:Epoch: 0580 lr: 0.01 train_loss: 50337.4766 train_distortion: 5.1999 train_mapscore: 0.3624 train_c: -0.9945 train_max_dist: 27.7480 train_imax: 27.3809 train_imin: -14.8685 time: 1.7769s
INFO:root:Epoch: 0585 lr: 0.01 train_loss: 49773.9453 train_distortion: 5.3737 train_mapscore: 0.3778 train_c: -0.9945 train_max_dist: 27.9784 train_imax: 27.8487 train_imin: -15.0961 time: 1.7781s
INFO:root:Epoch: 0590 lr: 0.01 train_loss: 49110.1562 train_distortion: 5.5684 train_mapscore: 0.4080 train_c: -0.9944 train_max_dist: 28.2598 train_imax: 28.4413 train_imin: -15.2632 time: 1.7779s
INFO:root:Epoch: 0595 lr: 0.01 train_loss: 48438.1719 train_distortion: 5.7808 train_mapscore: 0.4439 train_c: -0.9944 train_max_dist: 28.5485 train_imax: 29.0601 train_imin: -15.4335 time: 1.7655s
INFO:root:Epoch: 0600 lr: 0.01 train_loss: 47797.2383 train_distortion: 6.0194 train_mapscore: 0.4764 train_c: -0.9943 train_max_dist: 28.8477 train_imax: 29.8418 train_imin: -15.6475 time: 1.7694s
INFO:root:Epoch: 0605 lr: 0.01 train_loss: 47192.6992 train_distortion: 6.2678 train_mapscore: 0.4976 train_c: -0.9943 train_max_dist: 29.1600 train_imax: 30.7172 train_imin: -16.0588 time: 1.7667s
INFO:root:Epoch: 0610 lr: 0.01 train_loss: 46851.6328 train_distortion: 6.5169 train_mapscore: 0.4722 train_c: -0.9943 train_max_dist: 29.4438 train_imax: 31.5239 train_imin: -16.5676 time: 1.7705s
INFO:root:Epoch: 0615 lr: 0.01 train_loss: 48669.5547 train_distortion: 6.6903 train_mapscore: 0.3333 train_c: -0.9942 train_max_dist: 29.5045 train_imax: 32.0967 train_imin: -17.2325 time: 1.7604s
INFO:root:Epoch: 0620 lr: 0.01 train_loss: 50666.2773 train_distortion: 6.7323 train_mapscore: 0.2881 train_c: -0.9942 train_max_dist: 29.4664 train_imax: 32.7194 train_imin: -17.7906 time: 1.7623s
INFO:root:Epoch: 0625 lr: 0.01 train_loss: 50171.3125 train_distortion: 6.7446 train_mapscore: 0.3022 train_c: -0.9942 train_max_dist: 29.4611 train_imax: 33.1300 train_imin: -18.2429 time: 1.7625s
INFO:root:Epoch: 0630 lr: 0.01 train_loss: 49025.1367 train_distortion: 6.7688 train_mapscore: 0.3367 train_c: -0.9941 train_max_dist: 29.4448 train_imax: 33.3566 train_imin: -18.4780 time: 1.7547s
INFO:root:Epoch: 0635 lr: 0.01 train_loss: 47829.3789 train_distortion: 6.8345 train_mapscore: 0.3730 train_c: -0.9941 train_max_dist: 29.4385 train_imax: 33.5408 train_imin: -18.6963 time: 1.7533s
INFO:root:Epoch: 0640 lr: 0.01 train_loss: 46802.5781 train_distortion: 6.9633 train_mapscore: 0.4113 train_c: -0.9940 train_max_dist: 29.5535 train_imax: 33.8949 train_imin: -18.8789 time: 1.7674s
INFO:root:Epoch: 0645 lr: 0.01 train_loss: 45966.7422 train_distortion: 7.1438 train_mapscore: 0.4379 train_c: -0.9939 train_max_dist: 29.7743 train_imax: 34.3298 train_imin: -19.0226 time: 1.7716s
INFO:root:Epoch: 0650 lr: 0.01 train_loss: 45340.5859 train_distortion: 7.3466 train_mapscore: 0.4610 train_c: -0.9939 train_max_dist: 30.0065 train_imax: 35.0158 train_imin: -19.3032 time: 1.7567s
INFO:root:Epoch: 0655 lr: 0.01 train_loss: 47933.5000 train_distortion: 7.5574 train_mapscore: 0.3273 train_c: -0.9938 train_max_dist: 30.4877 train_imax: 35.9005 train_imin: -19.0119 time: 1.7562s
INFO:root:Epoch: 0660 lr: 0.01 train_loss: 50901.7578 train_distortion: 7.6691 train_mapscore: 0.2914 train_c: -0.9938 train_max_dist: 30.7277 train_imax: 36.5317 train_imin: -18.6768 time: 1.7643s
INFO:root:Epoch: 0665 lr: 0.01 train_loss: 51358.7266 train_distortion: 7.5519 train_mapscore: 0.2949 train_c: -0.9938 train_max_dist: 30.6704 train_imax: 36.2189 train_imin: -18.8573 time: 1.7623s
INFO:root:Epoch: 0670 lr: 0.01 train_loss: 50633.6094 train_distortion: 7.3171 train_mapscore: 0.3079 train_c: -0.9937 train_max_dist: 30.4516 train_imax: 35.5323 train_imin: -18.4891 time: 1.7655s
INFO:root:Epoch: 0675 lr: 0.01 train_loss: 49495.0938 train_distortion: 7.1184 train_mapscore: 0.3388 train_c: -0.9937 train_max_dist: 32.0000 train_imax: 34.7646 train_imin: -17.8824 time: 1.7553s
INFO:root:Epoch: 0680 lr: 0.01 train_loss: 48429.0234 train_distortion: 6.9948 train_mapscore: 0.3633 train_c: -0.9937 train_max_dist: 30.0732 train_imax: 34.1656 train_imin: -17.6373 time: 1.7749s
INFO:root:Epoch: 0685 lr: 0.01 train_loss: 47855.6875 train_distortion: 6.9495 train_mapscore: 0.3633 train_c: -0.9937 train_max_dist: 30.0022 train_imax: 33.7517 train_imin: -17.8742 time: 1.7723s
INFO:root:Epoch: 0690 lr: 0.01 train_loss: 46935.8711 train_distortion: 7.0078 train_mapscore: 0.3873 train_c: -0.9936 train_max_dist: 30.1276 train_imax: 33.8231 train_imin: -17.9877 time: 1.7608s
INFO:root:Epoch: 0695 lr: 0.01 train_loss: 45961.4688 train_distortion: 7.1434 train_mapscore: 0.4225 train_c: -0.9936 train_max_dist: 30.3179 train_imax: 34.1185 train_imin: -18.1595 time: 1.7620s
INFO:root:Epoch: 0700 lr: 0.01 train_loss: 45348.5469 train_distortion: 7.3325 train_mapscore: 0.4276 train_c: -0.9935 train_max_dist: 30.6182 train_imax: 34.6437 train_imin: -18.4534 time: 1.7619s
INFO:root:Epoch: 0705 lr: 0.01 train_loss: 44777.3125 train_distortion: 7.5926 train_mapscore: 0.4430 train_c: -0.9935 train_max_dist: 31.0380 train_imax: 35.7422 train_imin: -18.6458 time: 1.7554s
INFO:root:Epoch: 0710 lr: 0.01 train_loss: 43965.7500 train_distortion: 7.9001 train_mapscore: 0.4772 train_c: -0.9934 train_max_dist: 31.4583 train_imax: 36.8990 train_imin: -19.0922 time: 1.7571s
INFO:root:Epoch: 0715 lr: 0.01 train_loss: 43133.1914 train_distortion: 8.2380 train_mapscore: 0.5106 train_c: -0.9933 train_max_dist: 31.8534 train_imax: 37.9815 train_imin: -19.6438 time: 1.7537s
INFO:root:Epoch: 0720 lr: 0.01 train_loss: 42308.0781 train_distortion: 8.6229 train_mapscore: 0.5472 train_c: -0.9933 train_max_dist: 32.2418 train_imax: 39.1634 train_imin: -20.0490 time: 1.7542s
INFO:root:Epoch: 0725 lr: 0.01 train_loss: 41504.0469 train_distortion: 9.0539 train_mapscore: 0.5855 train_c: -0.9932 train_max_dist: 32.6763 train_imax: 40.5750 train_imin: -20.5899 time: 1.7603s
INFO:root:Epoch: 0730 lr: 0.01 train_loss: 41567.2109 train_distortion: 9.4297 train_mapscore: 0.5317 train_c: -0.9931 train_max_dist: 33.0800 train_imax: 42.0669 train_imin: -21.0004 time: 1.7511s
INFO:root:Epoch: 0735 lr: 0.01 train_loss: 43351.5820 train_distortion: 9.5773 train_mapscore: 0.4477 train_c: -0.9932 train_max_dist: 33.2295 train_imax: 43.0636 train_imin: -21.1589 time: 1.7547s
INFO:root:Epoch: 0740 lr: 0.01 train_loss: 42938.4805 train_distortion: 9.7378 train_mapscore: 0.4596 train_c: -0.9931 train_max_dist: 33.4033 train_imax: 43.5107 train_imin: -22.1673 time: 1.7577s
INFO:root:Epoch: 0745 lr: 0.01 train_loss: 41851.7266 train_distortion: 9.9563 train_mapscore: 0.4977 train_c: -0.9931 train_max_dist: 33.6317 train_imax: 44.2255 train_imin: -22.6414 time: 1.7556s
INFO:root:Epoch: 0750 lr: 0.01 train_loss: 40847.5234 train_distortion: 10.2414 train_mapscore: 0.5389 train_c: -0.9931 train_max_dist: 33.8685 train_imax: 44.9989 train_imin: -23.1523 time: 1.7521s
INFO:root:Epoch: 0755 lr: 0.01 train_loss: 40060.9883 train_distortion: 10.5915 train_mapscore: 0.5625 train_c: -0.9930 train_max_dist: 34.1960 train_imax: 45.9460 train_imin: -23.8599 time: 1.7706s
INFO:root:Epoch: 0760 lr: 0.01 train_loss: 39924.7812 train_distortion: 10.9800 train_mapscore: 0.5383 train_c: -0.9930 train_max_dist: 34.5749 train_imax: 47.2160 train_imin: -24.5034 time: 1.7508s
INFO:root:Epoch: 0765 lr: 0.01 train_loss: 42042.0039 train_distortion: 11.1691 train_mapscore: 0.4440 train_c: -0.9930 train_max_dist: 34.9557 train_imax: 47.8839 train_imin: -24.4873 time: 1.7586s
INFO:root:Epoch: 0770 lr: 0.01 train_loss: 41505.7266 train_distortion: 11.2807 train_mapscore: 0.4634 train_c: -0.9929 train_max_dist: 35.1210 train_imax: 47.9440 train_imin: -24.1679 time: 1.7548s
INFO:root:Epoch: 0775 lr: 0.01 train_loss: 40375.0312 train_distortion: 11.4256 train_mapscore: 0.5094 train_c: -0.9929 train_max_dist: 35.3082 train_imax: 47.5535 train_imin: -23.7564 time: 1.7553s
INFO:root:Epoch: 0780 lr: 0.01 train_loss: 39471.8555 train_distortion: 11.6632 train_mapscore: 0.5373 train_c: -0.9928 train_max_dist: 35.5051 train_imax: 47.5423 train_imin: -23.9086 time: 1.7551s
INFO:root:Epoch: 0785 lr: 0.01 train_loss: 38439.8320 train_distortion: 11.9966 train_mapscore: 0.5919 train_c: -0.9928 train_max_dist: 35.8148 train_imax: 48.1823 train_imin: -24.4110 time: 1.7534s
INFO:root:Epoch: 0790 lr: 0.01 train_loss: 37385.9141 train_distortion: 12.4381 train_mapscore: 0.6341 train_c: -0.9927 train_max_dist: 36.2229 train_imax: 49.5138 train_imin: -25.1119 time: 1.7553s
INFO:root:Epoch: 0795 lr: 0.01 train_loss: 37193.7578 train_distortion: 12.9887 train_mapscore: 0.6078 train_c: -0.9926 train_max_dist: 36.7140 train_imax: 51.3901 train_imin: -26.0300 time: 1.7716s
INFO:root:Epoch: 0800 lr: 0.01 train_loss: 36449.0547 train_distortion: 13.5797 train_mapscore: 0.6441 train_c: -0.9925 train_max_dist: 37.2255 train_imax: 53.2190 train_imin: -27.1962 time: 1.7533s
INFO:root:Epoch: 0805 lr: 0.01 train_loss: 35766.0469 train_distortion: 14.1689 train_mapscore: 0.6658 train_c: -0.9925 train_max_dist: 37.7545 train_imax: 55.0353 train_imin: -28.6387 time: 1.7562s
INFO:root:Epoch: 0810 lr: 0.01 train_loss: 35044.6367 train_distortion: 14.8033 train_mapscore: 0.6940 train_c: -0.9924 train_max_dist: 38.2912 train_imax: 57.0422 train_imin: -30.3775 time: 1.7465s
INFO:root:Epoch: 0815 lr: 0.01 train_loss: 35763.7578 train_distortion: 15.3442 train_mapscore: 0.6371 train_c: -0.9923 train_max_dist: 38.6769 train_imax: 58.8280 train_imin: -32.3097 time: 1.7451s
INFO:root:Epoch: 0820 lr: 0.01 train_loss: 34878.9844 train_distortion: 15.8797 train_mapscore: 0.6708 train_c: -0.9923 train_max_dist: 39.0972 train_imax: 60.8219 train_imin: -32.6968 time: 1.7411s
INFO:root:Epoch: 0825 lr: 0.01 train_loss: 34193.0781 train_distortion: 16.4371 train_mapscore: 0.7012 train_c: -0.9922 train_max_dist: 39.5044 train_imax: 62.7725 train_imin: -33.5374 time: 1.7400s
INFO:root:Epoch: 0830 lr: 0.01 train_loss: 33650.3906 train_distortion: 17.0197 train_mapscore: 0.7233 train_c: -0.9922 train_max_dist: 39.8988 train_imax: 64.2448 train_imin: -35.3191 time: 1.7429s
INFO:root:Epoch: 0835 lr: 0.01 train_loss: 32834.8750 train_distortion: 17.6681 train_mapscore: 0.7447 train_c: -0.9921 train_max_dist: 40.4221 train_imax: 66.3168 train_imin: -36.3802 time: 1.7410s
INFO:root:Epoch: 0840 lr: 0.01 train_loss: 32297.8516 train_distortion: 18.3640 train_mapscore: 0.7682 train_c: -0.9920 train_max_dist: 40.9484 train_imax: 69.0285 train_imin: -37.5046 time: 1.7343s
INFO:root:Epoch: 0845 lr: 0.01 train_loss: 31767.3965 train_distortion: 19.0928 train_mapscore: 0.7775 train_c: -0.9920 train_max_dist: 41.4614 train_imax: 71.2794 train_imin: -39.4394 time: 1.7359s
INFO:root:Epoch: 0850 lr: 0.01 train_loss: 31412.8594 train_distortion: 19.8381 train_mapscore: 0.7887 train_c: -0.9919 train_max_dist: 41.9999 train_imax: 73.9618 train_imin: -40.7677 time: 1.7321s
INFO:root:Epoch: 0855 lr: 0.01 train_loss: 32394.9141 train_distortion: 20.5351 train_mapscore: 0.7366 train_c: -0.9918 train_max_dist: 48.0000 train_imax: 76.5824 train_imin: -42.3449 time: 1.7337s
INFO:root:Epoch: 0860 lr: 0.01 train_loss: 32468.1406 train_distortion: 21.1016 train_mapscore: 0.7204 train_c: -0.9917 train_max_dist: 42.7790 train_imax: 78.3562 train_imin: -43.1736 time: 1.7374s
INFO:root:Epoch: 0865 lr: 0.01 train_loss: 31864.9883 train_distortion: 21.5972 train_mapscore: 0.7488 train_c: -0.9917 train_max_dist: 50.0000 train_imax: 80.2889 train_imin: -44.1833 time: 1.7368s
INFO:root:Epoch: 0870 lr: 0.01 train_loss: 33097.3203 train_distortion: 22.0925 train_mapscore: 0.6924 train_c: -0.9916 train_max_dist: 43.3871 train_imax: 81.9270 train_imin: -44.2873 time: 1.7489s
INFO:root:Epoch: 0875 lr: 0.01 train_loss: 32527.4512 train_distortion: 22.4754 train_mapscore: 0.7083 train_c: -0.9915 train_max_dist: 43.7102 train_imax: 83.3102 train_imin: -45.5410 time: 1.7443s
INFO:root:Epoch: 0880 lr: 0.01 train_loss: 33815.3242 train_distortion: 22.6163 train_mapscore: 0.6617 train_c: -0.9914 train_max_dist: 43.7502 train_imax: 82.1249 train_imin: -46.6227 time: 1.7492s
INFO:root:Epoch: 0885 lr: 0.01 train_loss: 33190.4102 train_distortion: 22.6161 train_mapscore: 0.6839 train_c: -0.9914 train_max_dist: 43.7359 train_imax: 82.0751 train_imin: -46.9766 time: 1.7455s
INFO:root:Epoch: 0890 lr: 0.01 train_loss: 31859.0078 train_distortion: 22.6419 train_mapscore: 0.7245 train_c: -0.9913 train_max_dist: 43.7294 train_imax: 81.8985 train_imin: -47.8142 time: 1.7468s
INFO:root:Epoch: 0895 lr: 0.01 train_loss: 31015.6914 train_distortion: 22.7988 train_mapscore: 0.7591 train_c: -0.9912 train_max_dist: 43.7274 train_imax: 82.3531 train_imin: -47.5611 time: 1.7501s
INFO:root:Epoch: 0900 lr: 0.01 train_loss: 30642.2734 train_distortion: 23.1031 train_mapscore: 0.7698 train_c: -0.9911 train_max_dist: 43.8977 train_imax: 82.8992 train_imin: -48.9662 time: 1.7447s
INFO:root:Epoch: 0905 lr: 0.01 train_loss: 30133.1250 train_distortion: 23.5403 train_mapscore: 0.7878 train_c: -0.9911 train_max_dist: 44.1666 train_imax: 84.5368 train_imin: -50.1577 time: 1.7454s
INFO:root:Epoch: 0910 lr: 0.01 train_loss: 29986.2617 train_distortion: 24.0564 train_mapscore: 0.7921 train_c: -0.9910 train_max_dist: 44.4809 train_imax: 86.3889 train_imin: -50.8790 time: 1.7465s
INFO:root:Epoch: 0915 lr: 0.01 train_loss: 29543.5781 train_distortion: 24.6093 train_mapscore: 0.8021 train_c: -0.9909 train_max_dist: 44.7679 train_imax: 87.7302 train_imin: -52.0662 time: 1.7469s
INFO:root:Epoch: 0920 lr: 0.01 train_loss: 28969.4648 train_distortion: 25.1717 train_mapscore: 0.8230 train_c: -0.9908 train_max_dist: 45.1027 train_imax: 89.1565 train_imin: -52.9711 time: 1.7452s
INFO:root:Epoch: 0925 lr: 0.01 train_loss: 30523.8574 train_distortion: 25.7142 train_mapscore: 0.7816 train_c: -0.9907 train_max_dist: 48.0000 train_imax: 91.2150 train_imin: -54.6270 time: 1.7423s
INFO:root:Epoch: 0930 lr: 0.01 train_loss: 31106.7930 train_distortion: 26.0545 train_mapscore: 0.7603 train_c: -0.9906 train_max_dist: 45.5604 train_imax: 91.7047 train_imin: -55.8256 time: 1.7434s
INFO:root:Epoch: 0935 lr: 0.01 train_loss: 30031.1016 train_distortion: 26.2935 train_mapscore: 0.7841 train_c: -0.9905 train_max_dist: 45.7028 train_imax: 92.8074 train_imin: -56.8046 time: 1.7487s
INFO:root:Epoch: 0940 lr: 0.01 train_loss: 29625.0742 train_distortion: 26.5135 train_mapscore: 0.8039 train_c: -0.9904 train_max_dist: 45.7593 train_imax: 93.4218 train_imin: -57.1020 time: 1.7489s
INFO:root:Epoch: 0945 lr: 0.01 train_loss: 28730.7246 train_distortion: 26.8169 train_mapscore: 0.8284 train_c: -0.9903 train_max_dist: 45.8607 train_imax: 93.6345 train_imin: -57.6720 time: 1.7480s
INFO:root:Epoch: 0950 lr: 0.01 train_loss: 35151.2383 train_distortion: 27.0922 train_mapscore: 0.6312 train_c: -0.9902 train_max_dist: 46.0403 train_imax: 94.2522 train_imin: -57.8442 time: 1.7517s
INFO:root:Epoch: 0955 lr: 0.01 train_loss: 40986.0547 train_distortion: 26.6947 train_mapscore: 0.4937 train_c: -0.9901 train_max_dist: 45.9014 train_imax: 92.9319 train_imin: -60.4045 time: 1.7523s
INFO:root:Epoch: 0960 lr: 0.01 train_loss: 39847.2266 train_distortion: 25.4741 train_mapscore: 0.5060 train_c: -0.9900 train_max_dist: 45.1268 train_imax: 87.1410 train_imin: -60.3990 time: 1.7509s
INFO:root:Epoch: 0965 lr: 0.01 train_loss: 37203.7422 train_distortion: 24.0556 train_mapscore: 0.5495 train_c: -0.9899 train_max_dist: 44.2370 train_imax: 79.8424 train_imin: -58.5497 time: 1.7499s
INFO:root:Epoch: 0970 lr: 0.01 train_loss: 38204.4219 train_distortion: 22.7468 train_mapscore: 0.5356 train_c: -0.9899 train_max_dist: 43.4088 train_imax: 73.7201 train_imin: -60.1173 time: 1.7577s
INFO:root:Epoch: 0975 lr: 0.01 train_loss: 36015.1445 train_distortion: 21.7736 train_mapscore: 0.5875 train_c: -0.9898 train_max_dist: 42.8286 train_imax: 69.5839 train_imin: -56.3871 time: 1.7512s
INFO:root:Epoch: 0980 lr: 0.01 train_loss: 33678.4219 train_distortion: 21.2148 train_mapscore: 0.6553 train_c: -0.9897 train_max_dist: 42.4788 train_imax: 67.3259 train_imin: -55.1482 time: 1.7549s
INFO:root:Epoch: 0985 lr: 0.01 train_loss: 32228.4785 train_distortion: 21.0995 train_mapscore: 0.7075 train_c: -0.9896 train_max_dist: 42.4162 train_imax: 66.6769 train_imin: -55.1573 time: 1.7518s
INFO:root:Epoch: 0990 lr: 0.01 train_loss: 32828.5430 train_distortion: 21.3637 train_mapscore: 0.6676 train_c: -0.9895 train_max_dist: 42.5396 train_imax: 68.4504 train_imin: -56.2554 time: 1.7509s
INFO:root:Epoch: 0995 lr: 0.01 train_loss: 33006.9297 train_distortion: 21.7046 train_mapscore: 0.6590 train_c: -0.9894 train_max_dist: 42.7148 train_imax: 70.6957 train_imin: -57.1711 time: 1.7519s
INFO:root:Epoch: 1000 lr: 0.01 train_loss: 46414.3594 train_distortion: 21.4458 train_mapscore: 0.4072 train_c: -0.9895 train_max_dist: 42.3301 train_imax: 70.8918 train_imin: -58.0242 time: 1.7458s
INFO:root:Epoch: 1005 lr: 0.01 train_loss: 44874.2930 train_distortion: 20.2495 train_mapscore: 0.4156 train_c: -0.9894 train_max_dist: 41.4545 train_imax: 66.9772 train_imin: -53.7229 time: 1.7510s
INFO:root:Epoch: 1010 lr: 0.01 train_loss: 41906.1094 train_distortion: 18.8659 train_mapscore: 0.4622 train_c: -0.9894 train_max_dist: 40.4041 train_imax: 62.6625 train_imin: -49.8792 time: 1.7424s
INFO:root:Epoch: 1015 lr: 0.01 train_loss: 39112.6484 train_distortion: 17.8222 train_mapscore: 0.5189 train_c: -0.9893 train_max_dist: 39.5129 train_imax: 59.0391 train_imin: -45.5683 time: 1.7433s
INFO:root:Epoch: 1020 lr: 0.01 train_loss: 36984.7734 train_distortion: 17.2546 train_mapscore: 0.5744 train_c: -0.9892 train_max_dist: 38.9449 train_imax: 57.1187 train_imin: -43.5539 time: 1.7361s
INFO:root:Epoch: 1025 lr: 0.01 train_loss: 35181.3672 train_distortion: 17.1477 train_mapscore: 0.6397 train_c: -0.9891 train_max_dist: 38.7895 train_imax: 56.3313 train_imin: -43.6098 time: 1.7358s
INFO:root:Epoch: 1030 lr: 0.01 train_loss: 33688.6758 train_distortion: 17.4628 train_mapscore: 0.6927 train_c: -0.9890 train_max_dist: 38.9441 train_imax: 57.0517 train_imin: -44.2734 time: 1.7383s
INFO:root:Epoch: 1035 lr: 0.01 train_loss: 32490.4902 train_distortion: 18.1313 train_mapscore: 0.7346 train_c: -0.9889 train_max_dist: 39.3907 train_imax: 59.2419 train_imin: -45.9711 time: 1.7364s
INFO:root:Epoch: 1040 lr: 0.01 train_loss: 31578.1484 train_distortion: 19.0565 train_mapscore: 0.7608 train_c: -0.9888 train_max_dist: 40.0243 train_imax: 62.5564 train_imin: -48.3423 time: 1.7474s
INFO:root:Epoch: 1045 lr: 0.01 train_loss: 30796.5742 train_distortion: 20.1723 train_mapscore: 0.7860 train_c: -0.9886 train_max_dist: 50.0000 train_imax: 66.4065 train_imin: -51.4298 time: 1.7422s
INFO:root:Epoch: 1050 lr: 0.01 train_loss: 29876.0234 train_distortion: 21.4311 train_mapscore: 0.8072 train_c: -0.9885 train_max_dist: 41.6059 train_imax: 70.7859 train_imin: -54.5254 time: 1.7498s
INFO:root:Epoch: 1055 lr: 0.01 train_loss: 29954.2305 train_distortion: 22.7184 train_mapscore: 0.7882 train_c: -0.9884 train_max_dist: 42.3225 train_imax: 75.6194 train_imin: -57.6403 time: 1.7461s
INFO:root:Epoch: 1060 lr: 0.01 train_loss: 31397.8594 train_distortion: 23.9335 train_mapscore: 0.7297 train_c: -0.9883 train_max_dist: 43.0138 train_imax: 80.0847 train_imin: -60.2940 time: 1.7453s
INFO:root:Epoch: 1065 lr: 0.01 train_loss: 34122.5625 train_distortion: 24.6713 train_mapscore: 0.6562 train_c: -0.9882 train_max_dist: 43.2871 train_imax: 83.4985 train_imin: -62.3763 time: 1.7512s
INFO:root:Epoch: 1070 lr: 0.01 train_loss: 32591.7715 train_distortion: 25.0025 train_mapscore: 0.6999 train_c: -0.9881 train_max_dist: 43.4158 train_imax: 85.7549 train_imin: -62.6254 time: 1.7494s
INFO:root:Epoch: 1075 lr: 0.01 train_loss: 34001.3125 train_distortion: 25.2573 train_mapscore: 0.6441 train_c: -0.9880 train_max_dist: 43.4293 train_imax: 88.0095 train_imin: -64.0145 time: 1.7500s
INFO:root:Epoch: 1080 lr: 0.01 train_loss: 32802.7773 train_distortion: 25.2739 train_mapscore: 0.6797 train_c: -0.9879 train_max_dist: 43.4350 train_imax: 88.3384 train_imin: -64.3307 time: 1.7490s
INFO:root:Epoch: 1085 lr: 0.01 train_loss: 31252.9180 train_distortion: 25.3345 train_mapscore: 0.7298 train_c: -0.9877 train_max_dist: 43.5090 train_imax: 88.8071 train_imin: -64.9660 time: 1.7560s
INFO:root:Epoch: 1090 lr: 0.01 train_loss: 29744.4941 train_distortion: 25.5919 train_mapscore: 0.7821 train_c: -0.9876 train_max_dist: 43.6836 train_imax: 89.9754 train_imin: -65.5011 time: 1.7482s
INFO:root:Epoch: 1095 lr: 0.01 train_loss: 57483.9297 train_distortion: 25.0526 train_mapscore: 0.3148 train_c: -0.9876 train_max_dist: 43.4502 train_imax: 86.6345 train_imin: -62.3108 time: 1.7630s
INFO:root:Epoch: 1100 lr: 0.01 train_loss: 62697.4297 train_distortion: 22.0175 train_mapscore: 0.2684 train_c: -0.9875 train_max_dist: 41.8837 train_imax: 74.5903 train_imin: -53.3820 time: 1.7776s
INFO:root:Epoch: 1105 lr: 0.01 train_loss: 78249.1406 train_distortion: 16.0690 train_mapscore: 0.1464 train_c: -0.9884 train_max_dist: 38.4553 train_imax: 55.2063 train_imin: -82.0582 time: 1.8184s
INFO:root:Epoch: 1110 lr: 0.01 train_loss: 77741.9375 train_distortion: 11.4113 train_mapscore: 0.1284 train_c: -0.9888 train_max_dist: 34.9628 train_imax: 40.9576 train_imin: -58.3658 time: 1.8482s
INFO:root:Epoch: 1115 lr: 0.01 train_loss: 73885.1875 train_distortion: 8.1598 train_mapscore: 0.1245 train_c: -0.9890 train_max_dist: 31.8517 train_imax: 34.1260 train_imin: -42.5807 time: 1.8693s
INFO:root:Epoch: 1120 lr: 0.01 train_loss: 70146.8750 train_distortion: 6.0329 train_mapscore: 0.1353 train_c: -0.9890 train_max_dist: 29.3045 train_imax: 28.0492 train_imin: -33.6020 time: 1.8651s
INFO:root:Epoch: 1125 lr: 0.01 train_loss: 67235.9922 train_distortion: 4.7054 train_mapscore: 0.1417 train_c: -0.9890 train_max_dist: 27.3589 train_imax: 22.8056 train_imin: -27.6161 time: 1.8839s
INFO:root:Epoch: 1130 lr: 0.01 train_loss: 64894.5156 train_distortion: 3.8876 train_mapscore: 0.1599 train_c: -0.9890 train_max_dist: 25.9217 train_imax: 19.1254 train_imin: -23.7845 time: 1.8624s
INFO:root:Epoch: 1135 lr: 0.01 train_loss: 63243.4805 train_distortion: 3.4007 train_mapscore: 0.1694 train_c: -0.9890 train_max_dist: 24.9300 train_imax: 17.5089 train_imin: -21.3736 time: 1.8224s
INFO:root:Epoch: 1140 lr: 0.01 train_loss: 61838.0117 train_distortion: 3.1418 train_mapscore: 0.1833 train_c: -0.9890 train_max_dist: 24.3749 train_imax: 16.6390 train_imin: -19.9537 time: 1.8142s
INFO:root:Epoch: 1145 lr: 0.01 train_loss: 60714.8086 train_distortion: 3.0421 train_mapscore: 0.1968 train_c: -0.9889 train_max_dist: 24.1409 train_imax: 16.3100 train_imin: -19.2169 time: 1.8073s
INFO:root:Epoch: 1150 lr: 0.01 train_loss: 59752.2383 train_distortion: 3.0433 train_mapscore: 0.2112 train_c: -0.9888 train_max_dist: 24.0751 train_imax: 16.3686 train_imin: -18.8498 time: 1.7993s
INFO:root:Epoch: 1155 lr: 0.01 train_loss: 58771.0430 train_distortion: 3.1198 train_mapscore: 0.2276 train_c: -0.9887 train_max_dist: 24.1590 train_imax: 16.6990 train_imin: -18.7695 time: 1.7868s
INFO:root:Epoch: 1160 lr: 0.01 train_loss: 57816.4062 train_distortion: 3.2622 train_mapscore: 0.2474 train_c: -0.9886 train_max_dist: 24.3870 train_imax: 17.2421 train_imin: -18.9321 time: 1.7943s
INFO:root:Epoch: 1165 lr: 0.01 train_loss: 56914.1484 train_distortion: 3.4090 train_mapscore: 0.2605 train_c: -0.9886 train_max_dist: 24.6038 train_imax: 17.8396 train_imin: -19.1078 time: 1.7836s
INFO:root:Epoch: 1170 lr: 0.01 train_loss: 56122.7891 train_distortion: 3.5804 train_mapscore: 0.2747 train_c: -0.9885 train_max_dist: 24.8903 train_imax: 18.4794 train_imin: -19.3718 time: 1.7833s
INFO:root:Epoch: 1175 lr: 0.01 train_loss: 55342.3906 train_distortion: 3.7854 train_mapscore: 0.2944 train_c: -0.9885 train_max_dist: 25.2445 train_imax: 19.0348 train_imin: -19.7712 time: 1.7848s
INFO:root:Epoch: 1180 lr: 0.01 train_loss: 54553.4883 train_distortion: 4.0115 train_mapscore: 0.3098 train_c: -0.9884 train_max_dist: 28.0000 train_imax: 19.6954 train_imin: -20.2375 time: 1.7856s
INFO:root:Epoch: 1185 lr: 0.01 train_loss: 53771.9219 train_distortion: 4.2642 train_mapscore: 0.3331 train_c: -0.9883 train_max_dist: 26.0036 train_imax: 20.5544 train_imin: -20.8105 time: 1.7862s
INFO:root:Epoch: 1190 lr: 0.01 train_loss: 53326.7383 train_distortion: 4.4524 train_mapscore: 0.3115 train_c: -0.9883 train_max_dist: 26.2767 train_imax: 21.3115 train_imin: -21.1650 time: 1.7824s
INFO:root:Epoch: 1195 lr: 0.01 train_loss: 52652.8008 train_distortion: 4.6872 train_mapscore: 0.3310 train_c: -0.9882 train_max_dist: 26.6238 train_imax: 22.1768 train_imin: -21.6304 time: 1.7789s
INFO:root:Epoch: 1200 lr: 0.01 train_loss: 51906.7344 train_distortion: 4.9530 train_mapscore: 0.3556 train_c: -0.9882 train_max_dist: 27.0158 train_imax: 23.1140 train_imin: -22.1414 time: 1.7815s
INFO:root:Epoch: 1205 lr: 0.01 train_loss: 51240.5156 train_distortion: 5.2274 train_mapscore: 0.3772 train_c: -0.9881 train_max_dist: 27.3981 train_imax: 24.0629 train_imin: -22.6806 time: 1.7790s
INFO:root:Epoch: 1210 lr: 0.01 train_loss: 50510.4883 train_distortion: 5.4971 train_mapscore: 0.3995 train_c: -0.9881 train_max_dist: 27.7693 train_imax: 25.0339 train_imin: -23.2304 time: 1.7789s
INFO:root:Epoch: 1215 lr: 0.01 train_loss: 49801.1250 train_distortion: 5.7744 train_mapscore: 0.4235 train_c: -0.9880 train_max_dist: 32.0000 train_imax: 26.0465 train_imin: -23.7901 time: 1.7788s
INFO:root:Epoch: 1220 lr: 0.01 train_loss: 50020.7656 train_distortion: 5.9970 train_mapscore: 0.3536 train_c: -0.9880 train_max_dist: 28.4804 train_imax: 27.0009 train_imin: -24.2135 time: 1.7744s
INFO:root:Epoch: 1225 lr: 0.01 train_loss: 50548.2891 train_distortion: 6.1378 train_mapscore: 0.3172 train_c: -0.9881 train_max_dist: 28.6680 train_imax: 27.7280 train_imin: -24.3778 time: 1.7734s
INFO:root:Epoch: 1230 lr: 0.01 train_loss: 50191.9688 train_distortion: 6.2867 train_mapscore: 0.3342 train_c: -0.9881 train_max_dist: 28.8382 train_imax: 28.3181 train_imin: -24.5383 time: 1.7725s
INFO:root:Epoch: 1235 lr: 0.01 train_loss: 49439.8750 train_distortion: 6.4500 train_mapscore: 0.3587 train_c: -0.9881 train_max_dist: 32.0000 train_imax: 28.9638 train_imin: -24.7500 time: 1.7721s
INFO:root:Epoch: 1240 lr: 0.01 train_loss: 48554.4922 train_distortion: 6.6549 train_mapscore: 0.3833 train_c: -0.9880 train_max_dist: 29.3347 train_imax: 29.7477 train_imin: -24.9770 time: 1.7668s
INFO:root:Epoch: 1245 lr: 0.01 train_loss: 47662.8906 train_distortion: 6.8936 train_mapscore: 0.4148 train_c: -0.9880 train_max_dist: 40.0000 train_imax: 30.6002 train_imin: -25.3761 time: 1.7648s
INFO:root:Epoch: 1250 lr: 0.01 train_loss: 46914.1875 train_distortion: 7.1507 train_mapscore: 0.4378 train_c: -0.9880 train_max_dist: 29.9205 train_imax: 31.4699 train_imin: -25.9987 time: 1.7658s
INFO:root:Epoch: 1255 lr: 0.01 train_loss: 46265.1172 train_distortion: 7.4125 train_mapscore: 0.4656 train_c: -0.9879 train_max_dist: 30.2057 train_imax: 32.4685 train_imin: -26.5492 time: 1.7636s
INFO:root:Epoch: 1260 lr: 0.01 train_loss: 45511.4375 train_distortion: 7.7166 train_mapscore: 0.4960 train_c: -0.9879 train_max_dist: 32.0000 train_imax: 33.5520 train_imin: -27.1244 time: 1.7637s
INFO:root:Epoch: 1265 lr: 0.01 train_loss: 44900.9609 train_distortion: 8.0486 train_mapscore: 0.5046 train_c: -0.9879 train_max_dist: 30.9346 train_imax: 34.7437 train_imin: -27.8221 time: 1.7651s
INFO:root:Epoch: 1270 lr: 0.01 train_loss: 44227.0898 train_distortion: 8.4147 train_mapscore: 0.5306 train_c: -0.9878 train_max_dist: 31.3431 train_imax: 36.1400 train_imin: -28.6045 time: 1.7601s
INFO:root:Epoch: 1275 lr: 0.01 train_loss: 43634.1250 train_distortion: 8.8494 train_mapscore: 0.5466 train_c: -0.9878 train_max_dist: 31.8064 train_imax: 37.7543 train_imin: -29.5529 time: 1.7602s
INFO:root:Epoch: 1280 lr: 0.01 train_loss: 43223.5703 train_distortion: 9.2985 train_mapscore: 0.5309 train_c: -0.9878 train_max_dist: 32.2703 train_imax: 39.3577 train_imin: -30.4447 time: 1.7502s
INFO:root:Epoch: 1285 lr: 0.01 train_loss: 43371.1094 train_distortion: 9.7180 train_mapscore: 0.4897 train_c: -0.9877 train_max_dist: 32.7099 train_imax: 40.7775 train_imin: -31.0037 time: 1.7487s
INFO:root:Epoch: 1290 lr: 0.01 train_loss: 42700.2266 train_distortion: 10.1204 train_mapscore: 0.5249 train_c: -0.9877 train_max_dist: 33.1139 train_imax: 42.3335 train_imin: -31.7336 time: 1.7517s
INFO:root:Epoch: 1295 lr: 0.01 train_loss: 41939.4336 train_distortion: 10.5157 train_mapscore: 0.5565 train_c: -0.9877 train_max_dist: 33.5279 train_imax: 43.7932 train_imin: -32.4977 time: 1.7469s
INFO:root:Epoch: 1300 lr: 0.01 train_loss: 41423.7539 train_distortion: 10.8799 train_mapscore: 0.5700 train_c: -0.9876 train_max_dist: 33.8916 train_imax: 45.1768 train_imin: -33.2792 time: 1.7499s
INFO:root:Epoch: 1305 lr: 0.01 train_loss: 40752.5273 train_distortion: 11.2779 train_mapscore: 0.6014 train_c: -0.9876 train_max_dist: 34.2764 train_imax: 46.5256 train_imin: -33.9932 time: 1.7595s
INFO:root:Epoch: 1310 lr: 0.01 train_loss: 40061.2930 train_distortion: 11.7448 train_mapscore: 0.6352 train_c: -0.9876 train_max_dist: 34.6557 train_imax: 48.0713 train_imin: -35.0685 time: 1.7441s
INFO:root:Epoch: 1315 lr: 0.01 train_loss: 39506.1953 train_distortion: 12.2478 train_mapscore: 0.6447 train_c: -0.9876 train_max_dist: 35.0714 train_imax: 49.7511 train_imin: -36.2634 time: 1.7438s
INFO:root:Epoch: 1320 lr: 0.01 train_loss: 39218.9141 train_distortion: 12.7564 train_mapscore: 0.6411 train_c: -0.9875 train_max_dist: 35.5009 train_imax: 51.4574 train_imin: -37.6822 time: 1.7432s
INFO:root:Epoch: 1325 lr: 0.01 train_loss: 38825.5000 train_distortion: 13.2694 train_mapscore: 0.6499 train_c: -0.9875 train_max_dist: 35.9332 train_imax: 53.0196 train_imin: -39.1107 time: 1.7510s
INFO:root:Epoch: 1330 lr: 0.01 train_loss: 38894.1094 train_distortion: 13.7477 train_mapscore: 0.6211 train_c: -0.9875 train_max_dist: 36.3494 train_imax: 54.5320 train_imin: -40.2876 time: 1.7528s
INFO:root:Epoch: 1335 lr: 0.01 train_loss: 38394.9141 train_distortion: 14.2101 train_mapscore: 0.6406 train_c: -0.9874 train_max_dist: 36.7185 train_imax: 56.4963 train_imin: -41.3236 time: 1.7517s
INFO:root:Epoch: 1340 lr: 0.01 train_loss: 37960.0781 train_distortion: 14.6760 train_mapscore: 0.6482 train_c: -0.9874 train_max_dist: 37.0949 train_imax: 58.3165 train_imin: -42.5150 time: 1.7521s
INFO:root:Epoch: 1345 lr: 0.01 train_loss: 37160.9023 train_distortion: 15.1937 train_mapscore: 0.6859 train_c: -0.9874 train_max_dist: 37.4850 train_imax: 60.1971 train_imin: -43.7324 time: 1.7662s
INFO:root:Epoch: 1350 lr: 0.01 train_loss: 36903.8516 train_distortion: 15.7313 train_mapscore: 0.6823 train_c: -0.9873 train_max_dist: 37.8506 train_imax: 62.0394 train_imin: -45.1950 time: 1.7530s
INFO:root:Epoch: 1355 lr: 0.01 train_loss: 36441.5508 train_distortion: 16.2803 train_mapscore: 0.6967 train_c: -0.9873 train_max_dist: 38.2012 train_imax: 63.8338 train_imin: -46.6336 time: 1.7542s
INFO:root:Epoch: 1360 lr: 0.01 train_loss: 35858.5781 train_distortion: 16.8894 train_mapscore: 0.7185 train_c: -0.9873 train_max_dist: 38.7455 train_imax: 65.9202 train_imin: -48.5697 time: 1.7509s
INFO:root:Epoch: 1365 lr: 0.01 train_loss: 35467.2500 train_distortion: 17.5355 train_mapscore: 0.7247 train_c: -0.9872 train_max_dist: 39.2503 train_imax: 67.9894 train_imin: -50.4194 time: 1.7550s
INFO:root:Epoch: 1370 lr: 0.01 train_loss: 35518.4570 train_distortion: 18.1420 train_mapscore: 0.7094 train_c: -0.9872 train_max_dist: 39.6399 train_imax: 70.0767 train_imin: -52.1509 time: 1.7525s
INFO:root:Epoch: 1375 lr: 0.01 train_loss: 34826.9531 train_distortion: 18.7666 train_mapscore: 0.7349 train_c: -0.9871 train_max_dist: 40.0315 train_imax: 72.5616 train_imin: -53.7954 time: 1.7487s
INFO:root:Epoch: 1380 lr: 0.01 train_loss: 34335.6367 train_distortion: 19.4398 train_mapscore: 0.7557 train_c: -0.9871 train_max_dist: 50.0000 train_imax: 75.2224 train_imin: -55.6542 time: 1.7541s
INFO:root:Epoch: 1385 lr: 0.01 train_loss: 33880.9844 train_distortion: 20.1593 train_mapscore: 0.7612 train_c: -0.9870 train_max_dist: 40.8770 train_imax: 78.1019 train_imin: -57.9290 time: 1.7540s
INFO:root:Epoch: 1390 lr: 0.01 train_loss: 33709.8164 train_distortion: 20.8797 train_mapscore: 0.7603 train_c: -0.9870 train_max_dist: 41.3242 train_imax: 81.1879 train_imin: -59.8861 time: 1.7505s
INFO:root:Epoch: 1395 lr: 0.01 train_loss: 38506.1406 train_distortion: 21.4680 train_mapscore: 0.5652 train_c: -0.9869 train_max_dist: 41.7538 train_imax: 82.9976 train_imin: -62.3126 time: 1.7553s
INFO:root:Epoch: 1400 lr: 0.01 train_loss: 43097.2266 train_distortion: 21.4049 train_mapscore: 0.4609 train_c: -0.9868 train_max_dist: 41.8259 train_imax: 82.0854 train_imin: -62.1905 time: 1.7588s
INFO:root:Epoch: 1405 lr: 0.01 train_loss: 42008.0000 train_distortion: 20.8516 train_mapscore: 0.4964 train_c: -0.9868 train_max_dist: 41.4293 train_imax: 79.8322 train_imin: -60.2714 time: 1.7605s
INFO:root:Epoch: 1410 lr: 0.01 train_loss: 39974.2188 train_distortion: 20.1709 train_mapscore: 0.5506 train_c: -0.9867 train_max_dist: 41.0191 train_imax: 77.0156 train_imin: -58.4331 time: 1.7612s
INFO:root:Epoch: 1415 lr: 0.01 train_loss: 74866.9844 train_distortion: 19.9638 train_mapscore: 0.1754 train_c: -0.9866 train_max_dist: 41.3162 train_imax: 73.7779 train_imin: -56.4366 time: 1.7904s
INFO:root:Epoch: 1420 lr: 0.01 train_loss: 92132.1172 train_distortion: 16.9393 train_mapscore: 0.1174 train_c: -0.9865 train_max_dist: 39.6418 train_imax: 58.2175 train_imin: -56.6131 time: 1.8557s
INFO:root:Epoch: 1425 lr: 0.01 train_loss: 92191.4375 train_distortion: 12.8774 train_mapscore: 0.1068 train_c: -0.9864 train_max_dist: 36.7662 train_imax: 43.4268 train_imin: -50.9331 time: 1.8970s
INFO:root:Epoch: 1430 lr: 0.01 train_loss: 86603.5391 train_distortion: 9.3215 train_mapscore: 0.1080 train_c: -0.9863 train_max_dist: 33.5917 train_imax: 32.8097 train_imin: -40.0267 time: 1.9110s
INFO:root:Epoch: 1435 lr: 0.01 train_loss: 81134.3047 train_distortion: 6.4730 train_mapscore: 0.1105 train_c: -0.9862 train_max_dist: 30.2044 train_imax: 25.1193 train_imin: -30.0712 time: 1.9100s
INFO:root:Epoch: 1440 lr: 0.01 train_loss: 77036.4531 train_distortion: 4.5306 train_mapscore: 0.1102 train_c: -0.9862 train_max_dist: 27.3254 train_imax: 19.5719 train_imin: -23.0034 time: 1.9124s
INFO:root:Epoch: 1445 lr: 0.01 train_loss: 74644.4922 train_distortion: 3.3009 train_mapscore: 0.1109 train_c: -0.9862 train_max_dist: 25.0459 train_imax: 15.7635 train_imin: -18.2163 time: 1.9185s
INFO:root:Epoch: 1450 lr: 0.01 train_loss: 73091.5469 train_distortion: 2.5766 train_mapscore: 0.1177 train_c: -0.9862 train_max_dist: 23.4528 train_imax: 13.4768 train_imin: -15.3446 time: 1.9075s
INFO:root:Epoch: 1455 lr: 0.01 train_loss: 71934.6484 train_distortion: 2.1428 train_mapscore: 0.1270 train_c: -0.9862 train_max_dist: 22.3279 train_imax: 11.9739 train_imin: -13.5954 time: 1.8989s
INFO:root:Epoch: 1460 lr: 0.01 train_loss: 70966.6250 train_distortion: 1.8888 train_mapscore: 0.1307 train_c: -0.9861 train_max_dist: 21.5610 train_imax: 11.0054 train_imin: -12.5752 time: 1.8876s
INFO:root:Epoch: 1465 lr: 0.01 train_loss: 70228.0312 train_distortion: 1.7363 train_mapscore: 0.1408 train_c: -0.9861 train_max_dist: 21.0201 train_imax: 10.3807 train_imin: -11.9053 time: 1.8841s
INFO:root:Epoch: 1470 lr: 0.01 train_loss: 69516.2500 train_distortion: 1.6342 train_mapscore: 0.1458 train_c: -0.9861 train_max_dist: 20.6382 train_imax: 9.9065 train_imin: -11.3813 time: 1.8725s
INFO:root:Epoch: 1475 lr: 0.01 train_loss: 68929.6094 train_distortion: 1.7028 train_mapscore: 0.1430 train_c: -0.9859 train_max_dist: 20.7404 train_imax: 10.1116 train_imin: -11.3550 time: 1.8705s
INFO:root:Epoch: 1480 lr: 0.01 train_loss: 69609.4062 train_distortion: 2.0825 train_mapscore: 0.1220 train_c: -0.9855 train_max_dist: 21.5855 train_imax: 21.2425 train_imin: -12.8317 time: 1.8798s
INFO:root:Epoch: 1485 lr: 0.01 train_loss: 69967.8047 train_distortion: 2.3140 train_mapscore: 0.1203 train_c: -0.9852 train_max_dist: 23.8228 train_imax: 30.8216 train_imin: -13.4046 time: 1.8917s
INFO:root:Epoch: 1490 lr: 0.01 train_loss: 69220.7812 train_distortion: 2.4282 train_mapscore: 0.1281 train_c: -0.9851 train_max_dist: 32.0000 train_imax: 35.0146 train_imin: -13.4171 time: 1.8833s
INFO:root:Epoch: 1495 lr: 0.01 train_loss: 68220.1250 train_distortion: 2.4628 train_mapscore: 0.1385 train_c: -0.9851 train_max_dist: 25.0215 train_imax: 36.5925 train_imin: -13.1376 time: 1.8651s
INFO:root:Epoch: 1500 lr: 0.01 train_loss: 67319.6172 train_distortion: 2.4621 train_mapscore: 0.1441 train_c: -0.9850 train_max_dist: 32.0000 train_imax: 36.9911 train_imin: -13.1014 time: 1.8731s
INFO:root:Epoch: 1505 lr: 0.01 train_loss: 66532.3984 train_distortion: 2.4605 train_mapscore: 0.1560 train_c: -0.9850 train_max_dist: 25.0579 train_imax: 37.0296 train_imin: -13.1008 time: 1.8544s
INFO:root:Epoch: 1510 lr: 0.01 train_loss: 65791.0312 train_distortion: 2.4617 train_mapscore: 0.1646 train_c: -0.9850 train_max_dist: 25.0160 train_imax: 36.9063 train_imin: -13.0283 time: 1.8460s
INFO:root:Epoch: 1515 lr: 0.01 train_loss: 65103.7422 train_distortion: 2.4797 train_mapscore: 0.1764 train_c: -0.9849 train_max_dist: 25.0131 train_imax: 36.9029 train_imin: -12.9667 time: 1.8385s
INFO:root:Epoch: 1520 lr: 0.01 train_loss: 64455.3906 train_distortion: 2.5218 train_mapscore: 0.1894 train_c: -0.9848 train_max_dist: 25.0721 train_imax: 37.1367 train_imin: -12.9419 time: 1.8375s
INFO:root:Epoch: 1525 lr: 0.01 train_loss: 63849.2734 train_distortion: 2.5857 train_mapscore: 0.2040 train_c: -0.9847 train_max_dist: 25.1771 train_imax: 37.5606 train_imin: -13.0095 time: 1.8312s
INFO:root:Epoch: 1530 lr: 0.01 train_loss: 63298.8398 train_distortion: 2.6729 train_mapscore: 0.2171 train_c: -0.9847 train_max_dist: 25.3261 train_imax: 38.1677 train_imin: -13.1354 time: 1.8422s
INFO:root:Epoch: 1535 lr: 0.01 train_loss: 62742.6641 train_distortion: 2.7680 train_mapscore: 0.2336 train_c: -0.9846 train_max_dist: 25.4769 train_imax: 38.7995 train_imin: -13.3068 time: 1.8371s
INFO:root:Epoch: 1540 lr: 0.01 train_loss: 62223.9844 train_distortion: 2.8703 train_mapscore: 0.2467 train_c: -0.9845 train_max_dist: 25.6377 train_imax: 39.4803 train_imin: -13.5244 time: 1.8351s
INFO:root:Epoch: 1545 lr: 0.01 train_loss: 61716.0078 train_distortion: 2.9763 train_mapscore: 0.2610 train_c: -0.9844 train_max_dist: 25.8075 train_imax: 40.1846 train_imin: -13.7392 time: 1.8364s
INFO:root:Epoch: 1550 lr: 0.01 train_loss: 61221.7461 train_distortion: 3.0805 train_mapscore: 0.2778 train_c: -0.9843 train_max_dist: 25.9732 train_imax: 40.8863 train_imin: -13.9282 time: 1.8323s
INFO:root:Epoch: 1555 lr: 0.01 train_loss: 60757.2656 train_distortion: 3.1694 train_mapscore: 0.2810 train_c: -0.9843 train_max_dist: 26.1003 train_imax: 41.4814 train_imin: -14.0532 time: 1.8340s
INFO:root:Epoch: 1560 lr: 0.01 train_loss: 60292.0430 train_distortion: 3.2702 train_mapscore: 0.2956 train_c: -0.9842 train_max_dist: 26.2440 train_imax: 42.1526 train_imin: -14.2209 time: 1.8311s
INFO:root:Epoch: 1565 lr: 0.01 train_loss: 60287.3984 train_distortion: 3.2885 train_mapscore: 0.2470 train_c: -0.9842 train_max_dist: 26.2390 train_imax: 42.0943 train_imin: -13.9799 time: 1.8290s
INFO:root:Epoch: 1570 lr: 0.01 train_loss: 61312.0742 train_distortion: 3.0834 train_mapscore: 0.1881 train_c: -0.9843 train_max_dist: 25.8714 train_imax: 40.1002 train_imin: -12.8465 time: 1.8201s
INFO:root:Epoch: 1575 lr: 0.01 train_loss: 61312.4453 train_distortion: 3.0374 train_mapscore: 0.1941 train_c: -0.9843 train_max_dist: 25.7860 train_imax: 39.4346 train_imin: -12.7497 time: 1.8218s
INFO:root:Epoch: 1580 lr: 0.01 train_loss: 60922.4570 train_distortion: 3.0873 train_mapscore: 0.2067 train_c: -0.9843 train_max_dist: 25.8509 train_imax: 39.5647 train_imin: -12.8832 time: 1.8271s
INFO:root:Epoch: 1585 lr: 0.01 train_loss: 60404.5273 train_distortion: 3.1533 train_mapscore: 0.2169 train_c: -0.9843 train_max_dist: 25.9244 train_imax: 39.8138 train_imin: -13.0448 time: 1.8181s
INFO:root:Epoch: 1590 lr: 0.01 train_loss: 59869.1719 train_distortion: 3.2468 train_mapscore: 0.2304 train_c: -0.9842 train_max_dist: 26.0481 train_imax: 40.2974 train_imin: -13.2672 time: 1.8010s
INFO:root:Epoch: 1595 lr: 0.01 train_loss: 59306.9805 train_distortion: 3.3614 train_mapscore: 0.2446 train_c: -0.9842 train_max_dist: 26.2155 train_imax: 40.9797 train_imin: -13.5288 time: 1.7999s
INFO:root:Epoch: 1600 lr: 0.01 train_loss: 58883.8750 train_distortion: 3.4593 train_mapscore: 0.2352 train_c: -0.9841 train_max_dist: 32.0000 train_imax: 41.5408 train_imin: -13.7811 time: 1.8003s
INFO:root:Epoch: 1605 lr: 0.01 train_loss: 58466.1406 train_distortion: 3.5746 train_mapscore: 0.2482 train_c: -0.9841 train_max_dist: 26.4783 train_imax: 42.2386 train_imin: -14.0899 time: 1.7953s
INFO:root:Epoch: 1610 lr: 0.01 train_loss: 57947.6172 train_distortion: 3.7101 train_mapscore: 0.2685 train_c: -0.9840 train_max_dist: 26.6614 train_imax: 43.0952 train_imin: -14.4294 time: 1.7959s
INFO:root:Epoch: 1615 lr: 0.01 train_loss: 57440.6328 train_distortion: 3.8485 train_mapscore: 0.2861 train_c: -0.9840 train_max_dist: 26.8361 train_imax: 43.9357 train_imin: -14.7733 time: 1.7966s
INFO:root:Epoch: 1620 lr: 0.01 train_loss: 56959.4414 train_distortion: 3.9870 train_mapscore: 0.3106 train_c: -0.9840 train_max_dist: 27.0086 train_imax: 44.7750 train_imin: -15.0914 time: 1.7899s
INFO:root:Epoch: 1625 lr: 0.01 train_loss: 56458.7734 train_distortion: 4.1328 train_mapscore: 0.3400 train_c: -0.9839 train_max_dist: 27.1775 train_imax: 45.6482 train_imin: -15.4101 time: 1.7932s
INFO:root:Epoch: 1630 lr: 0.01 train_loss: 56170.4141 train_distortion: 4.2443 train_mapscore: 0.3369 train_c: -0.9839 train_max_dist: 27.2494 train_imax: 46.1556 train_imin: -15.6051 time: 1.7930s
INFO:root:Epoch: 1635 lr: 0.01 train_loss: 55808.4648 train_distortion: 4.3625 train_mapscore: 0.3577 train_c: -0.9839 train_max_dist: 27.3836 train_imax: 46.8809 train_imin: -15.7655 time: 1.8039s
INFO:root:Epoch: 1640 lr: 0.01 train_loss: 55373.9688 train_distortion: 4.5088 train_mapscore: 0.3810 train_c: -0.9839 train_max_dist: 27.5744 train_imax: 47.8501 train_imin: -16.0388 time: 1.8030s
INFO:root:Epoch: 1645 lr: 0.01 train_loss: 54930.0430 train_distortion: 4.6697 train_mapscore: 0.4055 train_c: -0.9839 train_max_dist: 27.7800 train_imax: 48.9066 train_imin: -16.3493 time: 1.7991s
INFO:root:Epoch: 1650 lr: 0.01 train_loss: 54500.4844 train_distortion: 4.8365 train_mapscore: 0.4242 train_c: -0.9838 train_max_dist: 32.0000 train_imax: 49.9699 train_imin: -16.6874 time: 1.7977s
INFO:root:Epoch: 1655 lr: 0.01 train_loss: 54139.3438 train_distortion: 4.9730 train_mapscore: 0.4244 train_c: -0.9838 train_max_dist: 28.1075 train_imax: 50.7283 train_imin: -17.0223 time: 1.7996s
INFO:root:Epoch: 1660 lr: 0.01 train_loss: 53953.1875 train_distortion: 5.0452 train_mapscore: 0.3999 train_c: -0.9838 train_max_dist: 28.1376 train_imax: 50.9460 train_imin: -17.2229 time: 1.7999s
INFO:root:Epoch: 1665 lr: 0.01 train_loss: 53574.0000 train_distortion: 5.1596 train_mapscore: 0.4138 train_c: -0.9838 train_max_dist: 28.2528 train_imax: 51.5702 train_imin: -17.4527 time: 1.7950s
INFO:root:Epoch: 1670 lr: 0.01 train_loss: 53199.1875 train_distortion: 5.2897 train_mapscore: 0.4297 train_c: -0.9838 train_max_dist: 32.0000 train_imax: 52.3256 train_imin: -17.7567 time: 1.7951s
INFO:root:Epoch: 1675 lr: 0.01 train_loss: 52853.6758 train_distortion: 5.4500 train_mapscore: 0.4435 train_c: -0.9838 train_max_dist: 28.5669 train_imax: 53.2654 train_imin: -18.0998 time: 1.7914s
INFO:root:Epoch: 1680 lr: 0.01 train_loss: 52467.5117 train_distortion: 5.6315 train_mapscore: 0.4599 train_c: -0.9837 train_max_dist: 28.7704 train_imax: 54.3986 train_imin: -18.4941 time: 1.7930s
INFO:root:Epoch: 1685 lr: 0.01 train_loss: 52078.5117 train_distortion: 5.8232 train_mapscore: 0.4831 train_c: -0.9837 train_max_dist: 28.9781 train_imax: 55.5712 train_imin: -18.9323 time: 1.7953s
INFO:root:Epoch: 1690 lr: 0.01 train_loss: 51721.1094 train_distortion: 6.0086 train_mapscore: 0.4956 train_c: -0.9837 train_max_dist: 29.1701 train_imax: 56.6708 train_imin: -19.2853 time: 1.7950s
INFO:root:Epoch: 1695 lr: 0.01 train_loss: 51381.5469 train_distortion: 6.2024 train_mapscore: 0.5080 train_c: -0.9837 train_max_dist: 29.3665 train_imax: 57.8420 train_imin: -19.6467 time: 1.7879s
INFO:root:Epoch: 1700 lr: 0.01 train_loss: 51007.6406 train_distortion: 6.4128 train_mapscore: 0.5249 train_c: -0.9836 train_max_dist: 29.5907 train_imax: 59.1781 train_imin: -20.0810 time: 1.7898s
INFO:root:Epoch: 1705 lr: 0.01 train_loss: 50669.4219 train_distortion: 6.6156 train_mapscore: 0.5346 train_c: -0.9836 train_max_dist: 32.0000 train_imax: 60.4715 train_imin: -20.4431 time: 1.7916s
INFO:root:Epoch: 1710 lr: 0.01 train_loss: 50965.8672 train_distortion: 6.8270 train_mapscore: 0.4507 train_c: -0.9836 train_max_dist: 30.0470 train_imax: 61.7870 train_imin: -20.8210 time: 1.7888s
INFO:root:Epoch: 1715 lr: 0.01 train_loss: 50715.5938 train_distortion: 6.9993 train_mapscore: 0.4589 train_c: -0.9836 train_max_dist: 30.2152 train_imax: 62.8811 train_imin: -20.9639 time: 1.7791s
INFO:root:Epoch: 1720 lr: 0.01 train_loss: 50378.6680 train_distortion: 7.1317 train_mapscore: 0.4693 train_c: -0.9836 train_max_dist: 30.3192 train_imax: 63.5746 train_imin: -21.1896 time: 1.7751s
INFO:root:Epoch: 1725 lr: 0.01 train_loss: 50075.3203 train_distortion: 7.2797 train_mapscore: 0.4980 train_c: -0.9836 train_max_dist: 32.0000 train_imax: 64.4295 train_imin: -21.4407 time: 1.7738s
INFO:root:Epoch: 1730 lr: 0.01 train_loss: 53827.4141 train_distortion: 7.3522 train_mapscore: 0.2783 train_c: -0.9840 train_max_dist: 30.3941 train_imax: 65.1341 train_imin: -21.8580 time: 1.7813s
INFO:root:Epoch: 1735 lr: 0.01 train_loss: 54230.1250 train_distortion: 7.2561 train_mapscore: 0.2733 train_c: -0.9841 train_max_dist: 32.0000 train_imax: 64.2778 train_imin: -21.4963 time: 1.7805s
INFO:root:Epoch: 1740 lr: 0.01 train_loss: 53414.0234 train_distortion: 7.0645 train_mapscore: 0.2874 train_c: -0.9841 train_max_dist: 32.0000 train_imax: 62.6391 train_imin: -20.7947 time: 1.7798s
INFO:root:Epoch: 1745 lr: 0.01 train_loss: 52585.0000 train_distortion: 6.8675 train_mapscore: 0.3106 train_c: -0.9841 train_max_dist: 29.7179 train_imax: 60.9301 train_imin: -20.2471 time: 1.7750s
INFO:root:Epoch: 1750 lr: 0.01 train_loss: 51724.9297 train_distortion: 6.7873 train_mapscore: 0.3382 train_c: -0.9841 train_max_dist: 29.5837 train_imax: 60.1012 train_imin: -20.0053 time: 1.7717s
INFO:root:Epoch: 1755 lr: 0.01 train_loss: 51809.6406 train_distortion: 6.7559 train_mapscore: 0.3288 train_c: -0.9841 train_max_dist: 29.5424 train_imax: 59.6618 train_imin: -19.8121 time: 1.7707s
INFO:root:Epoch: 1760 lr: 0.01 train_loss: 51198.9453 train_distortion: 6.8082 train_mapscore: 0.3548 train_c: -0.9840 train_max_dist: 29.5783 train_imax: 59.7246 train_imin: -19.7346 time: 1.7878s
INFO:root:Epoch: 1765 lr: 0.01 train_loss: 50534.1641 train_distortion: 6.9555 train_mapscore: 0.3788 train_c: -0.9840 train_max_dist: 29.7402 train_imax: 60.5107 train_imin: -19.9595 time: 1.7802s
INFO:root:Epoch: 1770 lr: 0.01 train_loss: 50303.2266 train_distortion: 7.1849 train_mapscore: 0.3751 train_c: -0.9839 train_max_dist: 30.0239 train_imax: 62.0543 train_imin: -20.3339 time: 1.7802s
INFO:root:Epoch: 1775 lr: 0.01 train_loss: 50176.5469 train_distortion: 7.4298 train_mapscore: 0.3842 train_c: -0.9839 train_max_dist: 48.0000 train_imax: 63.4804 train_imin: -20.6795 time: 1.7790s
INFO:root:Epoch: 1780 lr: 0.01 train_loss: 49605.8711 train_distortion: 7.6511 train_mapscore: 0.4181 train_c: -0.9838 train_max_dist: 32.0000 train_imax: 64.8212 train_imin: -20.9862 time: 1.7792s
INFO:root:Epoch: 1785 lr: 0.01 train_loss: 48940.7500 train_distortion: 7.8991 train_mapscore: 0.4526 train_c: -0.9837 train_max_dist: 30.7040 train_imax: 66.3328 train_imin: -21.5042 time: 1.7794s
INFO:root:Epoch: 1790 lr: 0.01 train_loss: 48293.7305 train_distortion: 8.1723 train_mapscore: 0.4877 train_c: -0.9837 train_max_dist: 30.9560 train_imax: 68.0064 train_imin: -22.1414 time: 1.7894s
INFO:root:Epoch: 1795 lr: 0.01 train_loss: 47773.0625 train_distortion: 8.4424 train_mapscore: 0.5027 train_c: -0.9837 train_max_dist: 32.0000 train_imax: 69.6456 train_imin: -22.6738 time: 1.7780s
INFO:root:Epoch: 1800 lr: 0.01 train_loss: 47287.3438 train_distortion: 8.7265 train_mapscore: 0.5300 train_c: -0.9836 train_max_dist: 48.0000 train_imax: 71.3857 train_imin: -23.2652 time: 1.7786s
INFO:root:Epoch: 1805 lr: 0.01 train_loss: 46744.8359 train_distortion: 9.0299 train_mapscore: 0.5624 train_c: -0.9836 train_max_dist: 31.7578 train_imax: 73.2607 train_imin: -23.9432 time: 1.7938s
INFO:root:Epoch: 1810 lr: 0.01 train_loss: 46210.8203 train_distortion: 9.3840 train_mapscore: 0.5888 train_c: -0.9835 train_max_dist: 32.0541 train_imax: 75.3804 train_imin: -24.7560 time: 1.7805s
INFO:root:Epoch: 1815 lr: 0.01 train_loss: 45980.0156 train_distortion: 9.7096 train_mapscore: 0.5646 train_c: -0.9835 train_max_dist: 32.3326 train_imax: 77.3961 train_imin: -25.4141 time: 1.7770s
INFO:root:Epoch: 1820 lr: 0.01 train_loss: 45691.0977 train_distortion: 9.9958 train_mapscore: 0.5821 train_c: -0.9835 train_max_dist: 32.5760 train_imax: 79.2027 train_imin: -25.8316 time: 1.7798s
INFO:root:Epoch: 1825 lr: 0.01 train_loss: 45310.1641 train_distortion: 10.2969 train_mapscore: 0.6023 train_c: -0.9835 train_max_dist: 32.8362 train_imax: 81.0883 train_imin: -26.4010 time: 1.7743s
INFO:root:Epoch: 1830 lr: 0.01 train_loss: 45010.8477 train_distortion: 10.5835 train_mapscore: 0.6078 train_c: -0.9834 train_max_dist: 33.0869 train_imax: 82.9351 train_imin: -27.0697 time: 1.7753s
INFO:root:Epoch: 1835 lr: 0.01 train_loss: 44648.3828 train_distortion: 10.8860 train_mapscore: 0.6239 train_c: -0.9834 train_max_dist: 33.3381 train_imax: 84.8817 train_imin: -27.6127 time: 1.7772s
INFO:root:Epoch: 1840 lr: 0.01 train_loss: 44366.9961 train_distortion: 11.2498 train_mapscore: 0.6299 train_c: -0.9834 train_max_dist: 33.6359 train_imax: 87.1851 train_imin: -28.2697 time: 1.7671s
INFO:root:Epoch: 1845 lr: 0.01 train_loss: 44291.6250 train_distortion: 11.5925 train_mapscore: 0.5992 train_c: -0.9833 train_max_dist: 33.8868 train_imax: 89.1829 train_imin: -28.8997 time: 1.7678s
INFO:root:Epoch: 1850 lr: 0.01 train_loss: 44895.2109 train_distortion: 11.8481 train_mapscore: 0.5353 train_c: -0.9833 train_max_dist: 34.0503 train_imax: 90.6125 train_imin: -29.4543 time: 1.7672s
INFO:root:Epoch: 1855 lr: 0.01 train_loss: 44568.9141 train_distortion: 12.1122 train_mapscore: 0.5409 train_c: -0.9833 train_max_dist: 34.2275 train_imax: 92.1031 train_imin: -30.1916 time: 1.7581s
INFO:root:Epoch: 1860 lr: 0.01 train_loss: 43941.9570 train_distortion: 12.3762 train_mapscore: 0.5760 train_c: -0.9833 train_max_dist: 34.4121 train_imax: 93.6964 train_imin: -30.5650 time: 1.7658s
INFO:root:Epoch: 1865 lr: 0.01 train_loss: 59150.7148 train_distortion: 12.6059 train_mapscore: 0.2236 train_c: -0.9834 train_max_dist: 34.8909 train_imax: 97.6626 train_imin: -30.5115 time: 1.7787s
INFO:root:Epoch: 1870 lr: 0.01 train_loss: 67034.6172 train_distortion: 11.6017 train_mapscore: 0.1799 train_c: -0.9836 train_max_dist: 34.4039 train_imax: 92.6105 train_imin: -27.7113 time: 1.7983s
INFO:root:Epoch: 1875 lr: 0.01 train_loss: 66303.7031 train_distortion: 9.7669 train_mapscore: 0.1761 train_c: -0.9837 train_max_dist: 32.8974 train_imax: 79.8919 train_imin: -26.4490 time: 1.8046s
INFO:root:Epoch: 1880 lr: 0.01 train_loss: 63776.4414 train_distortion: 8.0239 train_mapscore: 0.1889 train_c: -0.9838 train_max_dist: 31.2283 train_imax: 67.7163 train_imin: -23.4243 time: 1.8000s
INFO:root:Epoch: 1885 lr: 0.01 train_loss: 61546.6641 train_distortion: 6.6478 train_mapscore: 0.1970 train_c: -0.9838 train_max_dist: 29.6800 train_imax: 57.9501 train_imin: -20.3288 time: 1.8054s
INFO:root:Epoch: 1890 lr: 0.01 train_loss: 59925.7969 train_distortion: 5.7189 train_mapscore: 0.2114 train_c: -0.9838 train_max_dist: 28.4820 train_imax: 51.2861 train_imin: -17.9113 time: 1.8072s
INFO:root:Epoch: 1895 lr: 0.01 train_loss: 58679.7539 train_distortion: 5.1549 train_mapscore: 0.2255 train_c: -0.9838 train_max_dist: 27.6782 train_imax: 47.1920 train_imin: -16.2601 time: 1.8030s
INFO:root:Epoch: 1900 lr: 0.01 train_loss: 57717.0820 train_distortion: 4.7880 train_mapscore: 0.2466 train_c: -0.9837 train_max_dist: 27.0820 train_imax: 44.3526 train_imin: -15.1468 time: 1.8172s
INFO:root:Epoch: 1905 lr: 0.01 train_loss: 56800.1406 train_distortion: 4.6226 train_mapscore: 0.2633 train_c: -0.9836 train_max_dist: 26.7733 train_imax: 42.9230 train_imin: -14.5047 time: 1.7933s
INFO:root:Epoch: 1910 lr: 0.01 train_loss: 56002.1445 train_distortion: 4.5733 train_mapscore: 0.2834 train_c: -0.9836 train_max_dist: 26.6691 train_imax: 42.3750 train_imin: -14.0912 time: 1.7867s
INFO:root:Epoch: 1915 lr: 0.01 train_loss: 55281.1836 train_distortion: 4.6386 train_mapscore: 0.2978 train_c: -0.9835 train_max_dist: 26.7316 train_imax: 42.6011 train_imin: -13.9763 time: 1.7867s
INFO:root:Epoch: 1920 lr: 0.01 train_loss: 54538.2812 train_distortion: 4.8031 train_mapscore: 0.3249 train_c: -0.9834 train_max_dist: 26.9347 train_imax: 43.4512 train_imin: -14.1058 time: 1.7850s
INFO:root:Epoch: 1925 lr: 0.01 train_loss: 53775.4062 train_distortion: 5.0359 train_mapscore: 0.3486 train_c: -0.9833 train_max_dist: 27.2437 train_imax: 44.8085 train_imin: -14.3762 time: 1.7831s
INFO:root:Epoch: 1930 lr: 0.01 train_loss: 53064.3516 train_distortion: 5.2922 train_mapscore: 0.3747 train_c: -0.9832 train_max_dist: 27.5714 train_imax: 46.3095 train_imin: -14.6958 time: 1.7791s
INFO:root:Epoch: 1935 lr: 0.01 train_loss: 52401.1484 train_distortion: 5.5738 train_mapscore: 0.4015 train_c: -0.9831 train_max_dist: 27.9182 train_imax: 47.9563 train_imin: -15.0872 time: 1.7804s
INFO:root:Epoch: 1940 lr: 0.01 train_loss: 51799.2812 train_distortion: 5.8817 train_mapscore: 0.4174 train_c: -0.9831 train_max_dist: 28.2895 train_imax: 49.7778 train_imin: -15.5725 time: 1.7751s
INFO:root:Epoch: 1945 lr: 0.01 train_loss: 51247.3281 train_distortion: 6.2031 train_mapscore: 0.4297 train_c: -0.9830 train_max_dist: 28.6623 train_imax: 51.6754 train_imin: -16.0407 time: 1.7818s
INFO:root:Epoch: 1950 lr: 0.01 train_loss: 50655.7188 train_distortion: 6.5404 train_mapscore: 0.4546 train_c: -0.9829 train_max_dist: 29.0463 train_imax: 53.6624 train_imin: -16.4852 time: 1.7760s
INFO:root:Epoch: 1955 lr: 0.01 train_loss: 50071.1055 train_distortion: 6.8732 train_mapscore: 0.4739 train_c: -0.9829 train_max_dist: 29.4151 train_imax: 55.6288 train_imin: -17.0448 time: 1.7750s
INFO:root:Epoch: 1960 lr: 0.01 train_loss: 49856.1250 train_distortion: 7.0938 train_mapscore: 0.4517 train_c: -0.9829 train_max_dist: 48.0000 train_imax: 56.5494 train_imin: -17.3827 time: 1.7786s
INFO:root:Epoch: 1965 lr: 0.01 train_loss: 49458.2500 train_distortion: 7.3311 train_mapscore: 0.4725 train_c: -0.9829 train_max_dist: 29.7688 train_imax: 57.6523 train_imin: -17.7773 time: 1.7744s
INFO:root:Epoch: 1970 lr: 0.01 train_loss: 48918.5938 train_distortion: 7.5903 train_mapscore: 0.5003 train_c: -0.9828 train_max_dist: 29.9954 train_imax: 58.9739 train_imin: -18.2649 time: 1.7720s
INFO:root:Epoch: 1975 lr: 0.01 train_loss: 48403.1172 train_distortion: 7.8632 train_mapscore: 0.5028 train_c: -0.9828 train_max_dist: 30.2321 train_imax: 60.3792 train_imin: -18.7671 time: 1.7706s
INFO:root:Epoch: 1980 lr: 0.01 train_loss: 47952.1484 train_distortion: 8.1369 train_mapscore: 0.5137 train_c: -0.9828 train_max_dist: 32.0000 train_imax: 61.7320 train_imin: -19.2437 time: 1.7597s
INFO:root:Epoch: 1985 lr: 0.01 train_loss: 47648.2461 train_distortion: 8.3595 train_mapscore: 0.5122 train_c: -0.9828 train_max_dist: 32.0000 train_imax: 62.7664 train_imin: -19.5796 time: 1.7601s
INFO:root:Epoch: 1990 lr: 0.01 train_loss: 47118.1016 train_distortion: 8.6720 train_mapscore: 0.5459 train_c: -0.9827 train_max_dist: 30.9122 train_imax: 64.5623 train_imin: -20.1345 time: 1.7637s
INFO:root:Epoch: 1995 lr: 0.01 train_loss: 46918.1094 train_distortion: 9.0462 train_mapscore: 0.5185 train_c: -0.9827 train_max_dist: 48.0000 train_imax: 66.8674 train_imin: -20.8301 time: 1.7606s
INFO:root:Epoch: 2000 lr: 0.0025 train_loss: 46695.5430 train_distortion: 9.4149 train_mapscore: 0.5114 train_c: -0.9827 train_max_dist: 31.6055 train_imax: 69.0627 train_imin: -21.8018 time: 1.7544s
INFO:root:Optimization Finished!
INFO:root:Total time elapsed: 3555.6456s
INFO:root:Val set results: val_distortion: 1.0000 val_mapscore: -1.0000 val_c: -1.0000 val_max_dist: 0.0000
INFO:root:Test set results: test_loss: 46611.4414 test_distortion: 9.4880 test_mapscore: 0.5141 test_c: -0.9827 test_max_dist: 31.6694 test_imax: 69.4750 test_imin: -21.9727
INFO:root:Saved model in /workspace/xiongbo/hgcn/logs/md/2021_5_22/15
