INFO:root:Using: cuda:0
INFO:root:Using seed 1234.
INFO:root:MDModel(
  (encoder): HGCN(
    (layers): Sequential(
      (0): HyperbolicGraphConvolution(
        (linear): HypLinear(
          in_features=3032, out_features=10, c=Parameter containing:
          tensor([-1.], requires_grad=True)
        )
        (agg): HypAgg(
          c=Parameter containing:
          tensor([-1.], requires_grad=True)
        )
        (hyp_act): HypAct(
          c_in=Parameter containing:
          tensor([-1.], requires_grad=True), c_out=Parameter containing:
          tensor([-1.], requires_grad=True)
        )
      )
    )
  )
  (decoder): MDDecoder()
)
INFO:root:Total number of parameters: 30332
/workspace/anaconda3/envs/geo/lib/python3.7/site-packages/torch/optim/lr_scheduler.py:370: UserWarning: To get the last learning rate computed by the scheduler, please use `get_last_lr()`.
  "please use `get_last_lr()`.", UserWarning)
INFO:root:Epoch: 0005 lr: 0.01 train_loss: 99995.5625 train_distortion: 0.8015 train_mapscore: 0.0261 train_c: -1.0001 train_max_dist: 2.1743 train_imax: -0.0000 train_imin: -1.2801 time: 2.0829s
INFO:root:Epoch: 0010 lr: 0.01 train_loss: 97062.0625 train_distortion: 0.7137 train_mapscore: 0.0756 train_c: -1.0006 train_max_dist: 2.9437 train_imax: -0.0000 train_imin: -1.2042 time: 1.8498s
INFO:root:Epoch: 0015 lr: 0.01 train_loss: 95589.1406 train_distortion: 0.6624 train_mapscore: 0.1087 train_c: -1.0011 train_max_dist: 3.8576 train_imax: -0.0000 train_imin: -1.1589 time: 1.7667s
INFO:root:Epoch: 0020 lr: 0.01 train_loss: 94515.0156 train_distortion: 0.6322 train_mapscore: 0.1363 train_c: -1.0017 train_max_dist: 4.1889 train_imax: -0.0000 train_imin: -1.1242 time: 1.7202s
INFO:root:Epoch: 0025 lr: 0.01 train_loss: 93557.0391 train_distortion: 0.6084 train_mapscore: 0.1542 train_c: -1.0023 train_max_dist: 6.3288 train_imax: 0.2239 train_imin: -1.1447 time: 1.7094s
INFO:root:Epoch: 0030 lr: 0.01 train_loss: 92773.8906 train_distortion: 0.5846 train_mapscore: 0.1758 train_c: -1.0028 train_max_dist: 9.2955 train_imax: 0.1662 train_imin: -1.1240 time: 1.7258s
INFO:root:Epoch: 0035 lr: 0.01 train_loss: 91894.1484 train_distortion: 0.5591 train_mapscore: 0.1807 train_c: -1.0034 train_max_dist: 9.8359 train_imax: 0.1557 train_imin: -1.3382 time: 1.6832s
INFO:root:Epoch: 0040 lr: 0.01 train_loss: 90726.7969 train_distortion: 0.5273 train_mapscore: 0.1883 train_c: -1.0040 train_max_dist: 9.8203 train_imax: 0.1486 train_imin: -1.1862 time: 1.6868s
INFO:root:Epoch: 0045 lr: 0.01 train_loss: 89429.8438 train_distortion: 0.4876 train_mapscore: 0.1997 train_c: -1.0046 train_max_dist: 9.7812 train_imax: 0.2642 train_imin: -1.2891 time: 1.6632s
INFO:root:Epoch: 0050 lr: 0.01 train_loss: 87999.3516 train_distortion: 0.4385 train_mapscore: 0.2057 train_c: -1.0051 train_max_dist: 9.8125 train_imax: 0.5659 train_imin: -1.2878 time: 1.6389s
INFO:root:Epoch: 0055 lr: 0.01 train_loss: 85797.6719 train_distortion: 0.3788 train_mapscore: 0.2136 train_c: -1.0056 train_max_dist: 9.8750 train_imax: 1.0308 train_imin: -1.3407 time: 1.6424s
INFO:root:Epoch: 0060 lr: 0.01 train_loss: 83566.0938 train_distortion: 0.3161 train_mapscore: 0.2046 train_c: -1.0061 train_max_dist: 10.1250 train_imax: 1.2821 train_imin: -2.0500 time: 1.6690s
INFO:root:Epoch: 0065 lr: 0.01 train_loss: 80314.8125 train_distortion: 0.2934 train_mapscore: 0.1995 train_c: -1.0064 train_max_dist: 10.8142 train_imax: 2.3636 train_imin: -1.5233 time: 1.6661s
INFO:root:Epoch: 0070 lr: 0.01 train_loss: 76603.5625 train_distortion: 0.2917 train_mapscore: 0.1981 train_c: -1.0067 train_max_dist: 12.6776 train_imax: 2.8158 train_imin: -2.0298 time: 1.6970s
INFO:root:Epoch: 0075 lr: 0.01 train_loss: 72783.6953 train_distortion: 0.2567 train_mapscore: 0.2043 train_c: -1.0067 train_max_dist: 14.7609 train_imax: 3.9984 train_imin: -2.4708 time: 1.7758s
INFO:root:Epoch: 0080 lr: 0.01 train_loss: 67621.6328 train_distortion: 0.3126 train_mapscore: 0.2252 train_c: -1.0065 train_max_dist: 16.6024 train_imax: 4.8399 train_imin: -2.7888 time: 1.7921s
INFO:root:Epoch: 0085 lr: 0.01 train_loss: 62124.0938 train_distortion: 0.5352 train_mapscore: 0.2244 train_c: -1.0062 train_max_dist: 20.0000 train_imax: 7.0959 train_imin: -2.8543 time: 1.7706s
INFO:root:Epoch: 0090 lr: 0.01 train_loss: 55598.1953 train_distortion: 1.0342 train_mapscore: 0.2543 train_c: -1.0057 train_max_dist: 21.8865 train_imax: 8.5539 train_imin: -2.5974 time: 1.7492s
INFO:root:Epoch: 0095 lr: 0.01 train_loss: 49843.2500 train_distortion: 1.9272 train_mapscore: 0.2921 train_c: -1.0051 train_max_dist: 24.4626 train_imax: 10.2903 train_imin: -4.5016 time: 1.7403s
INFO:root:Epoch: 0100 lr: 0.01 train_loss: 45455.1562 train_distortion: 3.2301 train_mapscore: 0.3258 train_c: -1.0044 train_max_dist: 27.0247 train_imax: 14.0022 train_imin: -9.0297 time: 1.7404s
INFO:root:Epoch: 0105 lr: 0.01 train_loss: 42270.3477 train_distortion: 4.7519 train_mapscore: 0.3489 train_c: -1.0039 train_max_dist: 29.7365 train_imax: 18.4179 train_imin: -12.4287 time: 1.7360s
INFO:root:Epoch: 0110 lr: 0.01 train_loss: 39368.1172 train_distortion: 6.3643 train_mapscore: 0.3989 train_c: -1.0034 train_max_dist: 31.4790 train_imax: 23.5085 train_imin: -16.5977 time: 1.7333s
INFO:root:Epoch: 0115 lr: 0.01 train_loss: 36914.7344 train_distortion: 7.9270 train_mapscore: 0.4553 train_c: -1.0031 train_max_dist: 33.1042 train_imax: 25.0967 train_imin: -16.8816 time: 1.7331s
INFO:root:Epoch: 0120 lr: 0.01 train_loss: 41010.4688 train_distortion: 9.1070 train_mapscore: 0.3728 train_c: -1.0029 train_max_dist: 34.0632 train_imax: 28.5663 train_imin: -36.0070 time: 1.7424s
INFO:root:Epoch: 0125 lr: 0.01 train_loss: 40121.6211 train_distortion: 9.6744 train_mapscore: 0.3703 train_c: -1.0027 train_max_dist: 34.2499 train_imax: 30.8359 train_imin: -23.3878 time: 1.7394s
INFO:root:Epoch: 0130 lr: 0.01 train_loss: 38685.0352 train_distortion: 9.8153 train_mapscore: 0.3895 train_c: -1.0025 train_max_dist: 34.2754 train_imax: 29.9416 train_imin: -20.3632 time: 1.7376s
INFO:root:Epoch: 0135 lr: 0.01 train_loss: 35469.0234 train_distortion: 10.1055 train_mapscore: 0.4631 train_c: -1.0023 train_max_dist: 34.5397 train_imax: 30.2378 train_imin: -17.8777 time: 1.7344s
INFO:root:Epoch: 0140 lr: 0.01 train_loss: 32572.3125 train_distortion: 10.7881 train_mapscore: 0.5226 train_c: -1.0020 train_max_dist: 35.0749 train_imax: 31.4073 train_imin: -17.1200 time: 1.7270s
INFO:root:Epoch: 0145 lr: 0.01 train_loss: 32053.9219 train_distortion: 11.8135 train_mapscore: 0.5352 train_c: -1.0017 train_max_dist: 35.8582 train_imax: 33.2294 train_imin: -17.0709 time: 1.7316s
INFO:root:Epoch: 0150 lr: 0.01 train_loss: 30037.8828 train_distortion: 13.0742 train_mapscore: 0.5873 train_c: -1.0014 train_max_dist: 36.7503 train_imax: 36.3293 train_imin: -21.2151 time: 1.7309s
INFO:root:Epoch: 0155 lr: 0.01 train_loss: 29385.8027 train_distortion: 14.3691 train_mapscore: 0.6152 train_c: -1.0012 train_max_dist: 37.9081 train_imax: 39.9816 train_imin: -25.8891 time: 1.7282s
INFO:root:Epoch: 0160 lr: 0.01 train_loss: 28960.6836 train_distortion: 15.6953 train_mapscore: 0.6324 train_c: -1.0009 train_max_dist: 38.6630 train_imax: 43.9361 train_imin: -32.9030 time: 1.7296s
INFO:root:Epoch: 0165 lr: 0.01 train_loss: 29725.7227 train_distortion: 16.7770 train_mapscore: 0.6248 train_c: -1.0006 train_max_dist: 39.7520 train_imax: 46.2828 train_imin: -36.6711 time: 1.7272s
INFO:root:Epoch: 0170 lr: 0.01 train_loss: 35182.0234 train_distortion: 17.5678 train_mapscore: 0.5334 train_c: -1.0003 train_max_dist: 40.2377 train_imax: 47.5158 train_imin: -36.2777 time: 1.7255s
INFO:root:Epoch: 0175 lr: 0.01 train_loss: 37245.1680 train_distortion: 17.2031 train_mapscore: 0.4918 train_c: -0.9999 train_max_dist: 40.2625 train_imax: 46.8496 train_imin: -32.3692 time: 1.7425s
INFO:root:Epoch: 0180 lr: 0.01 train_loss: 33914.2891 train_distortion: 16.2776 train_mapscore: 0.5410 train_c: -0.9996 train_max_dist: 39.6117 train_imax: 44.8542 train_imin: -26.9103 time: 1.7383s
INFO:root:Epoch: 0185 lr: 0.01 train_loss: 32902.9453 train_distortion: 15.7370 train_mapscore: 0.5583 train_c: -0.9994 train_max_dist: 39.3349 train_imax: 43.7877 train_imin: -23.4659 time: 1.7418s
INFO:root:Epoch: 0190 lr: 0.01 train_loss: 29708.8633 train_distortion: 15.7167 train_mapscore: 0.6273 train_c: -0.9991 train_max_dist: 39.2906 train_imax: 43.1452 train_imin: -26.3480 time: 1.7396s
INFO:root:Epoch: 0195 lr: 0.01 train_loss: 27139.4336 train_distortion: 16.4038 train_mapscore: 0.6903 train_c: -0.9988 train_max_dist: 39.7560 train_imax: 44.7693 train_imin: -25.3556 time: 1.7339s
INFO:root:Epoch: 0200 lr: 0.01 train_loss: 25095.2871 train_distortion: 17.7954 train_mapscore: 0.7390 train_c: -0.9986 train_max_dist: 40.7155 train_imax: 48.5429 train_imin: -24.7811 time: 1.7323s
INFO:root:Epoch: 0205 lr: 0.01 train_loss: 24042.6406 train_distortion: 19.6574 train_mapscore: 0.7752 train_c: -0.9983 train_max_dist: 41.7532 train_imax: 53.1585 train_imin: -26.3870 time: 1.7325s
INFO:root:Epoch: 0210 lr: 0.01 train_loss: 28260.4062 train_distortion: 21.3652 train_mapscore: 0.7129 train_c: -0.9982 train_max_dist: 43.0313 train_imax: 56.9555 train_imin: -43.2366 time: 1.7356s
INFO:root:Epoch: 0215 lr: 0.01 train_loss: 27219.4883 train_distortion: 22.1452 train_mapscore: 0.7372 train_c: -0.9980 train_max_dist: 43.3943 train_imax: 59.2807 train_imin: -46.7684 time: 1.7342s
INFO:root:Epoch: 0220 lr: 0.01 train_loss: 27223.3301 train_distortion: 22.2583 train_mapscore: 0.7446 train_c: -0.9979 train_max_dist: 43.4664 train_imax: 57.0829 train_imin: -39.7214 time: 1.7364s
INFO:root:Epoch: 0225 lr: 0.01 train_loss: 25271.7617 train_distortion: 22.1423 train_mapscore: 0.7702 train_c: -0.9978 train_max_dist: 43.1225 train_imax: 56.9025 train_imin: -37.7405 time: 1.7324s
INFO:root:Epoch: 0230 lr: 0.01 train_loss: 31499.4180 train_distortion: 21.6034 train_mapscore: 0.6097 train_c: -0.9977 train_max_dist: 42.8381 train_imax: 62.3258 train_imin: -37.4581 time: 1.7341s
INFO:root:Epoch: 0235 lr: 0.01 train_loss: 33522.6094 train_distortion: 20.4330 train_mapscore: 0.5604 train_c: -0.9975 train_max_dist: 42.3731 train_imax: 76.3816 train_imin: -35.3864 time: 1.7603s
INFO:root:Epoch: 0240 lr: 0.01 train_loss: 37223.3633 train_distortion: 18.8605 train_mapscore: 0.4743 train_c: -0.9973 train_max_dist: 41.5193 train_imax: 73.8972 train_imin: -33.2056 time: 1.7406s
INFO:root:Epoch: 0245 lr: 0.01 train_loss: 35181.5117 train_distortion: 17.0261 train_mapscore: 0.4947 train_c: -0.9972 train_max_dist: 40.2153 train_imax: 66.1501 train_imin: -27.6522 time: 1.7327s
INFO:root:Epoch: 0250 lr: 0.01 train_loss: 37516.6875 train_distortion: 15.6415 train_mapscore: 0.4532 train_c: -0.9971 train_max_dist: 39.3783 train_imax: 60.9309 train_imin: -31.0912 time: 1.7278s
INFO:root:Epoch: 0255 lr: 0.01 train_loss: 48691.5430 train_distortion: 13.6346 train_mapscore: 0.3085 train_c: -0.9973 train_max_dist: 36.9693 train_imax: 54.3640 train_imin: -31.4027 time: 1.7452s
INFO:root:Epoch: 0260 lr: 0.01 train_loss: 48511.3125 train_distortion: 11.6491 train_mapscore: 0.3131 train_c: -0.9972 train_max_dist: 35.5357 train_imax: 47.1639 train_imin: -33.7542 time: 1.7679s
INFO:root:Epoch: 0265 lr: 0.01 train_loss: 45214.6953 train_distortion: 10.3032 train_mapscore: 0.3576 train_c: -0.9971 train_max_dist: 34.6117 train_imax: 43.3167 train_imin: -29.7039 time: 1.7643s
INFO:root:Epoch: 0270 lr: 0.01 train_loss: 43954.8438 train_distortion: 9.6697 train_mapscore: 0.3645 train_c: -0.9970 train_max_dist: 34.1032 train_imax: 39.7337 train_imin: -26.4534 time: 1.7589s
INFO:root:Epoch: 0275 lr: 0.01 train_loss: 42352.6875 train_distortion: 9.5752 train_mapscore: 0.4015 train_c: -0.9968 train_max_dist: 34.0151 train_imax: 38.0764 train_imin: -30.0545 time: 1.7540s
INFO:root:Epoch: 0280 lr: 0.01 train_loss: 39805.2422 train_distortion: 10.0431 train_mapscore: 0.4595 train_c: -0.9966 train_max_dist: 34.4669 train_imax: 39.1987 train_imin: -32.5157 time: 1.7700s
INFO:root:Epoch: 0285 lr: 0.01 train_loss: 37662.2266 train_distortion: 10.9917 train_mapscore: 0.5108 train_c: -0.9964 train_max_dist: 35.4544 train_imax: 41.6861 train_imin: -34.8826 time: 1.7631s
INFO:root:Epoch: 0290 lr: 0.01 train_loss: 35547.5859 train_distortion: 12.3576 train_mapscore: 0.5626 train_c: -0.9962 train_max_dist: 36.8241 train_imax: 45.8146 train_imin: -38.3065 time: 1.7592s
INFO:root:Epoch: 0295 lr: 0.01 train_loss: 33060.4688 train_distortion: 14.1208 train_mapscore: 0.6264 train_c: -0.9960 train_max_dist: 38.1998 train_imax: 52.7674 train_imin: -43.0047 time: 1.7582s
INFO:root:Epoch: 0300 lr: 0.01 train_loss: 31241.7734 train_distortion: 16.1980 train_mapscore: 0.6694 train_c: -0.9958 train_max_dist: 39.7365 train_imax: 60.4057 train_imin: -48.8189 time: 1.7558s
INFO:root:Epoch: 0305 lr: 0.01 train_loss: 30290.3125 train_distortion: 18.5379 train_mapscore: 0.6769 train_c: -0.9955 train_max_dist: 41.3299 train_imax: 69.1648 train_imin: -55.5365 time: 1.7549s
INFO:root:Epoch: 0310 lr: 0.01 train_loss: 34984.3047 train_distortion: 20.1492 train_mapscore: 0.5397 train_c: -0.9954 train_max_dist: 42.4712 train_imax: 76.2092 train_imin: -60.4940 time: 1.7536s
INFO:root:Epoch: 0315 lr: 0.01 train_loss: 32895.1016 train_distortion: 20.8900 train_mapscore: 0.5842 train_c: -0.9952 train_max_dist: 43.0892 train_imax: 79.1579 train_imin: -62.3432 time: 1.7478s
INFO:root:Epoch: 0320 lr: 0.01 train_loss: 30823.1602 train_distortion: 21.4254 train_mapscore: 0.6443 train_c: -0.9951 train_max_dist: 43.3643 train_imax: 81.4524 train_imin: -63.6901 time: 1.7502s
INFO:root:Epoch: 0325 lr: 0.01 train_loss: 29120.0391 train_distortion: 22.2003 train_mapscore: 0.6982 train_c: -0.9949 train_max_dist: 43.7410 train_imax: 84.5508 train_imin: -65.7757 time: 1.7516s
INFO:root:Epoch: 0330 lr: 0.01 train_loss: 30692.4062 train_distortion: 23.2230 train_mapscore: 0.6581 train_c: -0.9948 train_max_dist: 44.3228 train_imax: 73.9929 train_imin: -69.1233 time: 1.7538s
INFO:root:Epoch: 0335 lr: 0.01 train_loss: 34819.8672 train_distortion: 23.4589 train_mapscore: 0.5604 train_c: -0.9948 train_max_dist: 44.6344 train_imax: 73.2048 train_imin: -69.1194 time: 1.7483s
INFO:root:Epoch: 0340 lr: 0.01 train_loss: 32599.6172 train_distortion: 22.9786 train_mapscore: 0.6003 train_c: -0.9947 train_max_dist: 44.1695 train_imax: 70.9835 train_imin: -66.7111 time: 1.7498s
INFO:root:Epoch: 0345 lr: 0.01 train_loss: 30510.3262 train_distortion: 22.5868 train_mapscore: 0.6563 train_c: -0.9946 train_max_dist: 43.8129 train_imax: 69.2308 train_imin: -65.0478 time: 1.7477s
INFO:root:Epoch: 0350 lr: 0.01 train_loss: 31346.9414 train_distortion: 22.5342 train_mapscore: 0.6140 train_c: -0.9945 train_max_dist: 43.6896 train_imax: 67.6707 train_imin: -64.2348 time: 1.7444s
INFO:root:Epoch: 0355 lr: 0.01 train_loss: 30359.9941 train_distortion: 22.6163 train_mapscore: 0.6459 train_c: -0.9944 train_max_dist: 43.6836 train_imax: 66.4153 train_imin: -63.9081 time: 1.7486s
INFO:root:Epoch: 0360 lr: 0.01 train_loss: 28216.4727 train_distortion: 23.1070 train_mapscore: 0.7054 train_c: -0.9943 train_max_dist: 43.9284 train_imax: 67.8824 train_imin: -65.0946 time: 1.7448s
INFO:root:Epoch: 0365 lr: 0.01 train_loss: 26477.8262 train_distortion: 24.1344 train_mapscore: 0.7542 train_c: -0.9941 train_max_dist: 44.4526 train_imax: 71.1984 train_imin: -68.1862 time: 1.7417s
INFO:root:Epoch: 0370 lr: 0.01 train_loss: 25438.8750 train_distortion: 25.6003 train_mapscore: 0.7950 train_c: -0.9939 train_max_dist: 45.2550 train_imax: 76.4382 train_imin: -72.6885 time: 1.7459s
INFO:root:Epoch: 0375 lr: 0.01 train_loss: 26241.8887 train_distortion: 27.0943 train_mapscore: 0.7987 train_c: -0.9938 train_max_dist: 45.8994 train_imax: 81.0113 train_imin: -77.7541 time: 1.7442s
INFO:root:Epoch: 0380 lr: 0.01 train_loss: 27293.7031 train_distortion: 28.1383 train_mapscore: 0.7777 train_c: -0.9936 train_max_dist: 46.3816 train_imax: 85.4711 train_imin: -81.4605 time: 1.7418s
INFO:root:Epoch: 0385 lr: 0.01 train_loss: 34377.8750 train_distortion: 27.8479 train_mapscore: 0.5963 train_c: -0.9935 train_max_dist: 46.1646 train_imax: 85.1515 train_imin: -81.6012 time: 1.7553s
INFO:root:Epoch: 0390 lr: 0.01 train_loss: 32253.9414 train_distortion: 26.1856 train_mapscore: 0.6294 train_c: -0.9934 train_max_dist: 45.2054 train_imax: 77.2800 train_imin: -76.0798 time: 1.7460s
INFO:root:Epoch: 0395 lr: 0.01 train_loss: 29524.5703 train_distortion: 24.6314 train_mapscore: 0.6697 train_c: -0.9933 train_max_dist: 44.4279 train_imax: 70.5576 train_imin: -70.8352 time: 1.7458s
INFO:root:Epoch: 0400 lr: 0.01 train_loss: 38484.2773 train_distortion: 22.9409 train_mapscore: 0.4801 train_c: -0.9932 train_max_dist: 48.0000 train_imax: 65.8110 train_imin: -65.1515 time: 1.7498s
INFO:root:Epoch: 0405 lr: 0.01 train_loss: 43733.3594 train_distortion: 20.0314 train_mapscore: 0.3994 train_c: -0.9931 train_max_dist: 42.0780 train_imax: 54.6388 train_imin: -94.3370 time: 1.7695s
INFO:root:Epoch: 0410 lr: 0.01 train_loss: 40522.0820 train_distortion: 17.3529 train_mapscore: 0.4406 train_c: -0.9930 train_max_dist: 40.1715 train_imax: 47.2826 train_imin: -66.1603 time: 1.7849s
INFO:root:Epoch: 0415 lr: 0.01 train_loss: 37589.7969 train_distortion: 15.7931 train_mapscore: 0.4925 train_c: -0.9928 train_max_dist: 38.7739 train_imax: 41.9192 train_imin: -48.5726 time: 1.7520s
INFO:root:Epoch: 0420 lr: 0.01 train_loss: 34725.7422 train_distortion: 15.4925 train_mapscore: 0.5582 train_c: -0.9927 train_max_dist: 38.2551 train_imax: 41.4449 train_imin: -45.1271 time: 1.7524s
INFO:root:Epoch: 0425 lr: 0.01 train_loss: 32023.2598 train_distortion: 16.3757 train_mapscore: 0.6384 train_c: -0.9925 train_max_dist: 38.8075 train_imax: 43.8879 train_imin: -45.7487 time: 1.7513s
INFO:root:Epoch: 0430 lr: 0.01 train_loss: 29680.3047 train_distortion: 18.2763 train_mapscore: 0.7035 train_c: -0.9923 train_max_dist: 50.0000 train_imax: 48.9637 train_imin: -50.4501 time: 1.7490s
INFO:root:Epoch: 0435 lr: 0.01 train_loss: 29559.1621 train_distortion: 21.0210 train_mapscore: 0.6934 train_c: -0.9920 train_max_dist: 41.8800 train_imax: 55.9647 train_imin: -58.1928 time: 1.7518s
INFO:root:Epoch: 0440 lr: 0.01 train_loss: 28571.9102 train_distortion: 23.8439 train_mapscore: 0.7224 train_c: -0.9918 train_max_dist: 50.0000 train_imax: 64.5298 train_imin: -69.7949 time: 1.7499s
INFO:root:Epoch: 0445 lr: 0.01 train_loss: 33059.0000 train_distortion: 26.0527 train_mapscore: 0.6190 train_c: -0.9916 train_max_dist: 44.8062 train_imax: 71.7739 train_imin: -78.2967 time: 1.7514s
INFO:root:Epoch: 0450 lr: 0.01 train_loss: 38215.4688 train_distortion: 27.2347 train_mapscore: 0.5132 train_c: -0.9915 train_max_dist: 45.4642 train_imax: 73.7633 train_imin: -81.3050 time: 1.7540s
INFO:root:Epoch: 0455 lr: 0.01 train_loss: 43632.0078 train_distortion: 26.1163 train_mapscore: 0.4368 train_c: -0.9913 train_max_dist: 44.7080 train_imax: 68.5600 train_imin: -77.0573 time: 1.7540s
INFO:root:Epoch: 0460 lr: 0.01 train_loss: 41229.9609 train_distortion: 22.8959 train_mapscore: 0.4507 train_c: -0.9912 train_max_dist: 42.7274 train_imax: 60.3622 train_imin: -66.3791 time: 1.7573s
INFO:root:Epoch: 0465 lr: 0.01 train_loss: 38619.5391 train_distortion: 20.0323 train_mapscore: 0.4966 train_c: -0.9911 train_max_dist: 50.0000 train_imax: 51.6486 train_imin: -57.3055 time: 1.7525s
INFO:root:Epoch: 0470 lr: 0.01 train_loss: 36818.2695 train_distortion: 18.2750 train_mapscore: 0.5419 train_c: -0.9910 train_max_dist: 39.7574 train_imax: 45.9113 train_imin: -51.6756 time: 1.7488s
INFO:root:Epoch: 0475 lr: 0.01 train_loss: 49812.7578 train_distortion: 16.5787 train_mapscore: 0.3329 train_c: -0.9912 train_max_dist: 38.3557 train_imax: 41.4736 train_imin: -47.9316 time: 1.7566s
INFO:root:Epoch: 0480 lr: 0.01 train_loss: 49446.0156 train_distortion: 14.0538 train_mapscore: 0.3307 train_c: -0.9912 train_max_dist: 36.3899 train_imax: 34.8042 train_imin: -43.3419 time: 1.7746s
INFO:root:Epoch: 0485 lr: 0.01 train_loss: 46656.4180 train_distortion: 11.9830 train_mapscore: 0.3520 train_c: -0.9911 train_max_dist: 34.6530 train_imax: 29.0797 train_imin: -37.8866 time: 1.7562s
INFO:root:Epoch: 0490 lr: 0.01 train_loss: 44101.6562 train_distortion: 10.8168 train_mapscore: 0.3942 train_c: -0.9910 train_max_dist: 33.5786 train_imax: 26.5509 train_imin: -33.9954 time: 1.7500s
INFO:root:Epoch: 0495 lr: 0.01 train_loss: 42367.6875 train_distortion: 10.5168 train_mapscore: 0.4223 train_c: -0.9909 train_max_dist: 33.2053 train_imax: 25.9348 train_imin: -31.2628 time: 1.7478s
INFO:root:Epoch: 0500 lr: 0.01 train_loss: 40901.1250 train_distortion: 10.8630 train_mapscore: 0.4651 train_c: -0.9908 train_max_dist: 33.4239 train_imax: 26.6271 train_imin: -30.1892 time: 1.7460s
INFO:root:Epoch: 0505 lr: 0.01 train_loss: 38707.6680 train_distortion: 11.8582 train_mapscore: 0.5132 train_c: -0.9906 train_max_dist: 34.3053 train_imax: 28.9842 train_imin: -31.7057 time: 1.7428s
INFO:root:Epoch: 0510 lr: 0.01 train_loss: 37656.6328 train_distortion: 13.2418 train_mapscore: 0.5240 train_c: -0.9904 train_max_dist: 40.0000 train_imax: 32.3641 train_imin: -34.8109 time: 1.7434s
INFO:root:Epoch: 0515 lr: 0.01 train_loss: 35064.6758 train_distortion: 15.0435 train_mapscore: 0.5978 train_c: -0.9902 train_max_dist: 36.8366 train_imax: 36.8594 train_imin: -39.0354 time: 1.7539s
INFO:root:Epoch: 0520 lr: 0.01 train_loss: 32508.4785 train_distortion: 17.3080 train_mapscore: 0.6654 train_c: -0.9900 train_max_dist: 38.4988 train_imax: 42.6395 train_imin: -44.4261 time: 1.7392s
INFO:root:Epoch: 0525 lr: 0.01 train_loss: 30643.9375 train_distortion: 20.0023 train_mapscore: 0.7203 train_c: -0.9897 train_max_dist: 40.4145 train_imax: 49.4494 train_imin: -51.3151 time: 1.7412s
INFO:root:Epoch: 0530 lr: 0.01 train_loss: 32243.2480 train_distortion: 22.8038 train_mapscore: 0.6429 train_c: -0.9895 train_max_dist: 42.1309 train_imax: 56.7043 train_imin: -59.0894 time: 1.7485s
INFO:root:Epoch: 0535 lr: 0.01 train_loss: 32848.3516 train_distortion: 25.0311 train_mapscore: 0.6182 train_c: -0.9893 train_max_dist: 43.3533 train_imax: 63.5517 train_imin: -65.2530 time: 1.7508s
INFO:root:Epoch: 0540 lr: 0.01 train_loss: 31680.7461 train_distortion: 26.3690 train_mapscore: 0.6621 train_c: -0.9891 train_max_dist: 44.0853 train_imax: 67.5369 train_imin: -68.8376 time: 1.7521s
INFO:root:Epoch: 0545 lr: 0.01 train_loss: 29169.1367 train_distortion: 27.3050 train_mapscore: 0.7341 train_c: -0.9889 train_max_dist: 44.5206 train_imax: 69.0121 train_imin: -71.9055 time: 1.7503s
INFO:root:Epoch: 0550 lr: 0.01 train_loss: 29697.3574 train_distortion: 28.1501 train_mapscore: 0.7157 train_c: -0.9887 train_max_dist: 44.8425 train_imax: 72.5071 train_imin: -74.5093 time: 1.7530s
INFO:root:Epoch: 0555 lr: 0.01 train_loss: 28419.3516 train_distortion: 28.8848 train_mapscore: 0.7603 train_c: -0.9885 train_max_dist: 45.3159 train_imax: 73.9293 train_imin: -76.3703 time: 1.7510s
INFO:root:Epoch: 0560 lr: 0.01 train_loss: 27964.2480 train_distortion: 29.6074 train_mapscore: 0.7866 train_c: -0.9884 train_max_dist: 45.5598 train_imax: 73.2981 train_imin: -78.1199 time: 1.7504s
INFO:root:Epoch: 0565 lr: 0.01 train_loss: 31087.6641 train_distortion: 29.9372 train_mapscore: 0.7212 train_c: -0.9882 train_max_dist: 45.5624 train_imax: 75.4191 train_imin: -78.2952 time: 1.7546s
INFO:root:Epoch: 0570 lr: 0.01 train_loss: 30352.3770 train_distortion: 29.7406 train_mapscore: 0.7368 train_c: -0.9880 train_max_dist: 45.5299 train_imax: 73.4388 train_imin: -77.4484 time: 1.7564s
INFO:root:Epoch: 0575 lr: 0.01 train_loss: 49490.2891 train_distortion: 29.0056 train_mapscore: 0.4057 train_c: -0.9878 train_max_dist: 50.0000 train_imax: 73.2231 train_imin: -75.7158 time: 1.7745s
INFO:root:Epoch: 0580 lr: 0.01 train_loss: 65924.7891 train_distortion: 22.9760 train_mapscore: 0.2509 train_c: -0.9879 train_max_dist: 41.8471 train_imax: 56.8122 train_imin: -81.7911 time: 1.7776s
INFO:root:Epoch: 0585 lr: 0.01 train_loss: 76107.8828 train_distortion: 16.2885 train_mapscore: 0.1549 train_c: -0.9875 train_max_dist: 37.4504 train_imax: 85.1804 train_imin: -76.5691 time: 1.8127s
INFO:root:Epoch: 0590 lr: 0.01 train_loss: 90533.1562 train_distortion: 11.2702 train_mapscore: 0.0846 train_c: -0.9868 train_max_dist: 34.6647 train_imax: 88.2168 train_imin: -60.5341 time: 1.8937s
INFO:root:Epoch: 0595 lr: 0.01 train_loss: 90482.6094 train_distortion: 7.2263 train_mapscore: 0.0679 train_c: -0.9864 train_max_dist: 31.2794 train_imax: 64.7052 train_imin: -42.7966 time: 1.9574s
INFO:root:Epoch: 0600 lr: 0.01 train_loss: 94662.7031 train_distortion: 6.1197 train_mapscore: 0.0533 train_c: -0.9861 train_max_dist: 32.0000 train_imax: 59.4226 train_imin: -40.6211 time: 2.0032s
INFO:root:Epoch: 0605 lr: 0.01 train_loss: 94245.8281 train_distortion: 4.6338 train_mapscore: 0.0495 train_c: -0.9859 train_max_dist: 27.9555 train_imax: 49.0540 train_imin: -34.4103 time: 2.0390s
INFO:root:Epoch: 0610 lr: 0.01 train_loss: 91542.7344 train_distortion: 3.3557 train_mapscore: 0.0457 train_c: -0.9858 train_max_dist: 25.9528 train_imax: 39.1100 train_imin: -28.5810 time: 2.0535s
INFO:root:Epoch: 0615 lr: 0.01 train_loss: 88635.7812 train_distortion: 2.4140 train_mapscore: 0.0474 train_c: -0.9857 train_max_dist: 24.0181 train_imax: 31.2932 train_imin: -23.9309 time: 2.0782s
INFO:root:Epoch: 0620 lr: 0.01 train_loss: 86059.2812 train_distortion: 1.7576 train_mapscore: 0.0500 train_c: -0.9857 train_max_dist: 22.3048 train_imax: 25.5000 train_imin: -20.0802 time: 2.0621s
INFO:root:Epoch: 0625 lr: 0.01 train_loss: 84070.7891 train_distortion: 1.3318 train_mapscore: 0.0531 train_c: -0.9856 train_max_dist: 20.9227 train_imax: 21.4773 train_imin: -17.2987 time: 2.0446s
INFO:root:Epoch: 0630 lr: 0.01 train_loss: 82727.6484 train_distortion: 1.0646 train_mapscore: 0.0548 train_c: -0.9856 train_max_dist: 24.0000 train_imax: 18.7602 train_imin: -15.3845 time: 2.0369s
INFO:root:Epoch: 0635 lr: 0.01 train_loss: 82119.2812 train_distortion: 0.9470 train_mapscore: 0.0562 train_c: -0.9854 train_max_dist: 19.3720 train_imax: 17.2739 train_imin: -14.2747 time: 2.0553s
INFO:root:Epoch: 0640 lr: 0.01 train_loss: 82637.6094 train_distortion: 0.9098 train_mapscore: 0.0556 train_c: -0.9851 train_max_dist: 19.3807 train_imax: 16.5226 train_imin: -13.6785 time: 2.0349s
INFO:root:Epoch: 0645 lr: 0.01 train_loss: 82562.4062 train_distortion: 0.8737 train_mapscore: 0.0545 train_c: -0.9850 train_max_dist: 19.2443 train_imax: 15.9421 train_imin: -13.2250 time: 2.0271s
INFO:root:Epoch: 0650 lr: 0.01 train_loss: 82056.0391 train_distortion: 0.8456 train_mapscore: 0.0558 train_c: -0.9849 train_max_dist: 19.0817 train_imax: 15.5656 train_imin: -12.9190 time: 2.0201s
INFO:root:Epoch: 0655 lr: 0.01 train_loss: 81489.0781 train_distortion: 0.8272 train_mapscore: 0.0596 train_c: -0.9849 train_max_dist: 18.9350 train_imax: 15.3636 train_imin: -12.7446 time: 1.9987s
INFO:root:Epoch: 0660 lr: 0.01 train_loss: 80887.5781 train_distortion: 0.8149 train_mapscore: 0.0623 train_c: -0.9849 train_max_dist: 18.8007 train_imax: 15.2597 train_imin: -12.6296 time: 1.9921s
INFO:root:Epoch: 0665 lr: 0.01 train_loss: 80263.7891 train_distortion: 0.8076 train_mapscore: 0.0653 train_c: -0.9849 train_max_dist: 18.7003 train_imax: 15.2182 train_imin: -12.5532 time: 1.9752s
INFO:root:Epoch: 0670 lr: 0.01 train_loss: 79673.4531 train_distortion: 0.8061 train_mapscore: 0.0694 train_c: -0.9849 train_max_dist: 20.0000 train_imax: 15.2326 train_imin: -12.5059 time: 1.9816s
INFO:root:Epoch: 0675 lr: 0.01 train_loss: 79150.7109 train_distortion: 0.8101 train_mapscore: 0.0718 train_c: -0.9848 train_max_dist: 18.6521 train_imax: 15.2979 train_imin: -12.4920 time: 1.9804s
INFO:root:Epoch: 0680 lr: 0.01 train_loss: 78604.6250 train_distortion: 0.8222 train_mapscore: 0.0776 train_c: -0.9848 train_max_dist: 18.7101 train_imax: 15.4439 train_imin: -12.5336 time: 1.9662s
INFO:root:Epoch: 0685 lr: 0.01 train_loss: 78143.3281 train_distortion: 0.8416 train_mapscore: 0.0836 train_c: -0.9848 train_max_dist: 18.8156 train_imax: 15.6603 train_imin: -12.6272 time: 1.9658s
INFO:root:Epoch: 0690 lr: 0.01 train_loss: 77634.4688 train_distortion: 0.8677 train_mapscore: 0.0900 train_c: -0.9848 train_max_dist: 18.9614 train_imax: 15.9406 train_imin: -12.7706 time: 1.9581s
INFO:root:Epoch: 0695 lr: 0.01 train_loss: 77160.6094 train_distortion: 0.8987 train_mapscore: 0.0946 train_c: -0.9847 train_max_dist: 19.1268 train_imax: 16.2680 train_imin: -12.9490 time: 1.9627s
INFO:root:Epoch: 0700 lr: 0.01 train_loss: 76681.2188 train_distortion: 0.9329 train_mapscore: 0.1005 train_c: -0.9847 train_max_dist: 19.3036 train_imax: 16.6190 train_imin: -13.1365 time: 1.9592s
INFO:root:Epoch: 0705 lr: 0.01 train_loss: 76223.7656 train_distortion: 0.9704 train_mapscore: 0.1073 train_c: -0.9847 train_max_dist: 19.4843 train_imax: 16.9963 train_imin: -13.3433 time: 1.9557s
INFO:root:Epoch: 0710 lr: 0.01 train_loss: 75764.4688 train_distortion: 1.0113 train_mapscore: 0.1179 train_c: -0.9846 train_max_dist: 19.6590 train_imax: 17.4009 train_imin: -13.5581 time: 1.9650s
INFO:root:Epoch: 0715 lr: 0.01 train_loss: 75300.3828 train_distortion: 1.0547 train_mapscore: 0.1267 train_c: -0.9846 train_max_dist: 19.8387 train_imax: 17.8219 train_imin: -13.7745 time: 1.9361s
INFO:root:Epoch: 0720 lr: 0.01 train_loss: 74863.4141 train_distortion: 1.0990 train_mapscore: 0.1324 train_c: -0.9846 train_max_dist: 20.0165 train_imax: 18.2435 train_imin: -13.9957 time: 1.9348s
INFO:root:Epoch: 0725 lr: 0.01 train_loss: 74416.5234 train_distortion: 1.1402 train_mapscore: 0.1285 train_c: -0.9845 train_max_dist: 20.1801 train_imax: 18.6334 train_imin: -14.1930 time: 1.9313s
INFO:root:Epoch: 0730 lr: 0.01 train_loss: 74083.1328 train_distortion: 1.1667 train_mapscore: 0.1203 train_c: -0.9845 train_max_dist: 20.2853 train_imax: 18.8991 train_imin: -14.2731 time: 1.9215s
INFO:root:Epoch: 0735 lr: 0.01 train_loss: 73697.8906 train_distortion: 1.2040 train_mapscore: 0.1275 train_c: -0.9845 train_max_dist: 20.4275 train_imax: 19.2477 train_imin: -14.4003 time: 1.9204s
INFO:root:Epoch: 0740 lr: 0.01 train_loss: 73286.5391 train_distortion: 1.2510 train_mapscore: 0.1383 train_c: -0.9845 train_max_dist: 20.6078 train_imax: 19.6719 train_imin: -14.5880 time: 1.9137s
INFO:root:Epoch: 0745 lr: 0.01 train_loss: 72855.7812 train_distortion: 1.3048 train_mapscore: 0.1491 train_c: -0.9844 train_max_dist: 20.8052 train_imax: 20.1533 train_imin: -14.8079 time: 1.9164s
INFO:root:Epoch: 0750 lr: 0.01 train_loss: 72441.9609 train_distortion: 1.3616 train_mapscore: 0.1613 train_c: -0.9844 train_max_dist: 20.9998 train_imax: 20.6558 train_imin: -15.0210 time: 1.9122s
INFO:root:Epoch: 0755 lr: 0.01 train_loss: 72005.0625 train_distortion: 1.4168 train_mapscore: 0.1705 train_c: -0.9844 train_max_dist: 21.1892 train_imax: 21.1335 train_imin: -15.2116 time: 1.9043s
INFO:root:Epoch: 0760 lr: 0.01 train_loss: 71583.3516 train_distortion: 1.4702 train_mapscore: 0.1835 train_c: -0.9843 train_max_dist: 21.3667 train_imax: 21.5926 train_imin: -15.3741 time: 1.9304s
INFO:root:Epoch: 0765 lr: 0.01 train_loss: 71164.1406 train_distortion: 1.5237 train_mapscore: 0.1999 train_c: -0.9843 train_max_dist: 21.5359 train_imax: 22.0429 train_imin: -15.5280 time: 1.9167s
INFO:root:Epoch: 0770 lr: 0.01 train_loss: 70725.9062 train_distortion: 1.5797 train_mapscore: 0.2083 train_c: -0.9843 train_max_dist: 21.7085 train_imax: 22.5023 train_imin: -15.7012 time: 1.9106s
INFO:root:Epoch: 0775 lr: 0.01 train_loss: 70328.6875 train_distortion: 1.6339 train_mapscore: 0.2130 train_c: -0.9843 train_max_dist: 21.8702 train_imax: 22.9416 train_imin: -15.8593 time: 1.9091s
INFO:root:Epoch: 0780 lr: 0.01 train_loss: 69901.8750 train_distortion: 1.6887 train_mapscore: 0.2226 train_c: -0.9842 train_max_dist: 22.0269 train_imax: 23.3786 train_imin: -16.0002 time: 1.9049s
INFO:root:Epoch: 0785 lr: 0.01 train_loss: 69508.2578 train_distortion: 1.7415 train_mapscore: 0.2213 train_c: -0.9842 train_max_dist: 22.1721 train_imax: 23.7946 train_imin: -16.0956 time: 1.9065s
INFO:root:Epoch: 0790 lr: 0.01 train_loss: 69095.2188 train_distortion: 1.7986 train_mapscore: 0.2267 train_c: -0.9842 train_max_dist: 22.3134 train_imax: 24.2448 train_imin: -16.1991 time: 1.9039s
INFO:root:Epoch: 0795 lr: 0.01 train_loss: 68702.2812 train_distortion: 1.8632 train_mapscore: 0.2415 train_c: -0.9842 train_max_dist: 22.4807 train_imax: 24.7497 train_imin: -16.3802 time: 1.9050s
INFO:root:Epoch: 0800 lr: 0.01 train_loss: 68272.5703 train_distortion: 1.9290 train_mapscore: 0.2565 train_c: -0.9841 train_max_dist: 22.6422 train_imax: 25.2579 train_imin: -16.5900 time: 1.8916s
INFO:root:Epoch: 0805 lr: 0.01 train_loss: 67855.9922 train_distortion: 1.9959 train_mapscore: 0.2622 train_c: -0.9841 train_max_dist: 22.8013 train_imax: 25.7700 train_imin: -16.7503 time: 1.8933s
INFO:root:Epoch: 0810 lr: 0.01 train_loss: 67432.8281 train_distortion: 2.0648 train_mapscore: 0.2768 train_c: -0.9841 train_max_dist: 22.9711 train_imax: 26.2985 train_imin: -16.9112 time: 1.8868s
INFO:root:Epoch: 0815 lr: 0.01 train_loss: 67009.5469 train_distortion: 2.1334 train_mapscore: 0.2859 train_c: -0.9840 train_max_dist: 23.1360 train_imax: 26.8177 train_imin: -17.1009 time: 1.8790s
INFO:root:Epoch: 0820 lr: 0.01 train_loss: 66629.0234 train_distortion: 2.2060 train_mapscore: 0.2971 train_c: -0.9840 train_max_dist: 23.3083 train_imax: 27.3612 train_imin: -17.3095 time: 1.8830s
INFO:root:Epoch: 0825 lr: 0.01 train_loss: 66202.1719 train_distortion: 2.2838 train_mapscore: 0.3041 train_c: -0.9840 train_max_dist: 23.4901 train_imax: 27.9410 train_imin: -17.5377 time: 1.8773s
INFO:root:Epoch: 0830 lr: 0.01 train_loss: 65797.9219 train_distortion: 2.3656 train_mapscore: 0.3178 train_c: -0.9840 train_max_dist: 23.6744 train_imax: 28.5468 train_imin: -17.7894 time: 1.8767s
INFO:root:Epoch: 0835 lr: 0.01 train_loss: 65393.5625 train_distortion: 2.4499 train_mapscore: 0.3196 train_c: -0.9839 train_max_dist: 23.8648 train_imax: 29.1653 train_imin: -18.0614 time: 1.8683s
INFO:root:Epoch: 0840 lr: 0.01 train_loss: 65001.0898 train_distortion: 2.5348 train_mapscore: 0.3250 train_c: -0.9839 train_max_dist: 24.0540 train_imax: 29.7872 train_imin: -18.3179 time: 1.8700s
INFO:root:Epoch: 0845 lr: 0.01 train_loss: 64640.8398 train_distortion: 2.6299 train_mapscore: 0.3268 train_c: -0.9839 train_max_dist: 24.2577 train_imax: 30.4813 train_imin: -18.6398 time: 1.8705s
INFO:root:Epoch: 0850 lr: 0.01 train_loss: 64265.3750 train_distortion: 2.7145 train_mapscore: 0.3296 train_c: -0.9839 train_max_dist: 24.4411 train_imax: 31.0917 train_imin: -18.9314 time: 1.8798s
INFO:root:Epoch: 0855 lr: 0.01 train_loss: 63855.0234 train_distortion: 2.8037 train_mapscore: 0.3403 train_c: -0.9838 train_max_dist: 24.6294 train_imax: 31.7289 train_imin: -19.2913 time: 1.8713s
INFO:root:Epoch: 0860 lr: 0.01 train_loss: 63458.3594 train_distortion: 2.8907 train_mapscore: 0.3451 train_c: -0.9838 train_max_dist: 24.8123 train_imax: 32.3484 train_imin: -19.6278 time: 1.8525s
INFO:root:Epoch: 0865 lr: 0.01 train_loss: 63061.7656 train_distortion: 2.9819 train_mapscore: 0.3581 train_c: -0.9838 train_max_dist: 25.0018 train_imax: 32.9946 train_imin: -19.9627 time: 1.8494s
INFO:root:Epoch: 0870 lr: 0.01 train_loss: 62658.7383 train_distortion: 3.0784 train_mapscore: 0.3723 train_c: -0.9838 train_max_dist: 25.2002 train_imax: 33.6777 train_imin: -20.3303 time: 1.8446s
INFO:root:Epoch: 0875 lr: 0.01 train_loss: 62254.3242 train_distortion: 3.1752 train_mapscore: 0.3747 train_c: -0.9838 train_max_dist: 25.4011 train_imax: 34.3587 train_imin: -20.6879 time: 1.8586s
INFO:root:Epoch: 0880 lr: 0.01 train_loss: 61875.8750 train_distortion: 3.2800 train_mapscore: 0.3808 train_c: -0.9837 train_max_dist: 25.6103 train_imax: 35.0928 train_imin: -21.0724 time: 1.8463s
INFO:root:Epoch: 0885 lr: 0.01 train_loss: 61500.9453 train_distortion: 3.3867 train_mapscore: 0.3892 train_c: -0.9837 train_max_dist: 25.8224 train_imax: 35.8320 train_imin: -21.4423 time: 1.8533s
INFO:root:Epoch: 0890 lr: 0.01 train_loss: 61122.9102 train_distortion: 3.4983 train_mapscore: 0.4002 train_c: -0.9837 train_max_dist: 26.0388 train_imax: 36.6086 train_imin: -21.8383 time: 1.8457s
INFO:root:Epoch: 0895 lr: 0.01 train_loss: 60721.4023 train_distortion: 3.6155 train_mapscore: 0.4057 train_c: -0.9837 train_max_dist: 26.2618 train_imax: 37.4255 train_imin: -22.2509 time: 1.8396s
INFO:root:Epoch: 0900 lr: 0.01 train_loss: 60326.0859 train_distortion: 3.7344 train_mapscore: 0.4187 train_c: -0.9836 train_max_dist: 26.4824 train_imax: 38.2572 train_imin: -22.6806 time: 1.8453s
INFO:root:Epoch: 0905 lr: 0.01 train_loss: 59964.5781 train_distortion: 3.8629 train_mapscore: 0.4193 train_c: -0.9836 train_max_dist: 26.7148 train_imax: 39.1630 train_imin: -23.1336 time: 1.8351s
INFO:root:Epoch: 0910 lr: 0.01 train_loss: 59615.8438 train_distortion: 3.9940 train_mapscore: 0.4250 train_c: -0.9836 train_max_dist: 26.9458 train_imax: 40.0870 train_imin: -23.5649 time: 1.8434s
INFO:root:Epoch: 0915 lr: 0.01 train_loss: 59237.0469 train_distortion: 4.1339 train_mapscore: 0.4361 train_c: -0.9836 train_max_dist: 27.1892 train_imax: 41.0722 train_imin: -24.0001 time: 1.8378s
INFO:root:Epoch: 0920 lr: 0.01 train_loss: 58847.8555 train_distortion: 4.2825 train_mapscore: 0.4564 train_c: -0.9836 train_max_dist: 27.4452 train_imax: 42.1052 train_imin: -24.4171 time: 1.8301s
INFO:root:Epoch: 0925 lr: 0.01 train_loss: 58449.4570 train_distortion: 4.4352 train_mapscore: 0.4699 train_c: -0.9835 train_max_dist: 27.7020 train_imax: 43.1688 train_imin: -24.8392 time: 1.8254s
INFO:root:Epoch: 0930 lr: 0.01 train_loss: 58051.3359 train_distortion: 4.5896 train_mapscore: 0.4794 train_c: -0.9835 train_max_dist: 27.9463 train_imax: 44.2431 train_imin: -25.3141 time: 1.8164s
INFO:root:Epoch: 0935 lr: 0.01 train_loss: 57654.6562 train_distortion: 4.7518 train_mapscore: 0.4841 train_c: -0.9835 train_max_dist: 28.2010 train_imax: 45.3809 train_imin: -25.8017 time: 1.8160s
INFO:root:Epoch: 0940 lr: 0.01 train_loss: 57268.8438 train_distortion: 4.9168 train_mapscore: 0.4932 train_c: -0.9835 train_max_dist: 28.4597 train_imax: 46.5252 train_imin: -26.3181 time: 1.8087s
INFO:root:Epoch: 0945 lr: 0.01 train_loss: 56967.7773 train_distortion: 5.0684 train_mapscore: 0.4559 train_c: -0.9834 train_max_dist: 28.6959 train_imax: 47.5672 train_imin: -26.9543 time: 1.8105s
INFO:root:Epoch: 0950 lr: 0.01 train_loss: 56689.5547 train_distortion: 5.2411 train_mapscore: 0.4424 train_c: -0.9834 train_max_dist: 28.9499 train_imax: 48.7552 train_imin: -27.5143 time: 1.8089s
INFO:root:Epoch: 0955 lr: 0.01 train_loss: 56315.3945 train_distortion: 5.4165 train_mapscore: 0.4525 train_c: -0.9834 train_max_dist: 29.2013 train_imax: 49.9646 train_imin: -28.0231 time: 1.8049s
INFO:root:Epoch: 0960 lr: 0.01 train_loss: 55907.6641 train_distortion: 5.5978 train_mapscore: 0.4771 train_c: -0.9834 train_max_dist: 32.0000 train_imax: 51.2176 train_imin: -28.5946 time: 1.8061s
INFO:root:Epoch: 0965 lr: 0.01 train_loss: 55471.2969 train_distortion: 5.7816 train_mapscore: 0.4926 train_c: -0.9833 train_max_dist: 29.7181 train_imax: 52.4760 train_imin: -29.2665 time: 1.8030s
INFO:root:Epoch: 0970 lr: 0.01 train_loss: 55720.2344 train_distortion: 5.9752 train_mapscore: 0.3602 train_c: -0.9833 train_max_dist: 30.0115 train_imax: 53.8665 train_imin: -30.2043 time: 1.8167s
INFO:root:Epoch: 0975 lr: 0.01 train_loss: 57875.5391 train_distortion: 6.1410 train_mapscore: 0.2442 train_c: -0.9833 train_max_dist: 30.2236 train_imax: 55.2079 train_imin: -31.4374 time: 1.8243s
INFO:root:Epoch: 0980 lr: 0.01 train_loss: 58114.5078 train_distortion: 6.2071 train_mapscore: 0.2525 train_c: -0.9833 train_max_dist: 30.3046 train_imax: 55.7309 train_imin: -31.6999 time: 1.8232s
INFO:root:Epoch: 0985 lr: 0.01 train_loss: 57561.2500 train_distortion: 6.2147 train_mapscore: 0.2713 train_c: -0.9832 train_max_dist: 32.0000 train_imax: 55.8116 train_imin: -31.4867 time: 1.8215s
INFO:root:Epoch: 0990 lr: 0.01 train_loss: 56750.6602 train_distortion: 6.2157 train_mapscore: 0.2923 train_c: -0.9832 train_max_dist: 30.3001 train_imax: 55.8160 train_imin: -31.2471 time: 1.8128s
INFO:root:Epoch: 0995 lr: 0.01 train_loss: 56047.2148 train_distortion: 6.2252 train_mapscore: 0.3133 train_c: -0.9832 train_max_dist: 30.2989 train_imax: 55.8846 train_imin: -31.1446 time: 1.8126s
INFO:root:Epoch: 1000 lr: 0.01 train_loss: 55351.1719 train_distortion: 6.2919 train_mapscore: 0.3445 train_c: -0.9831 train_max_dist: 30.3631 train_imax: 56.3769 train_imin: -31.3629 time: 1.8119s
INFO:root:Epoch: 1005 lr: 0.01 train_loss: 54985.7422 train_distortion: 6.3891 train_mapscore: 0.3301 train_c: -0.9831 train_max_dist: 30.4460 train_imax: 57.0309 train_imin: -31.9910 time: 1.8132s
INFO:root:Epoch: 1010 lr: 0.01 train_loss: 54475.4219 train_distortion: 6.5424 train_mapscore: 0.3501 train_c: -0.9831 train_max_dist: 30.6042 train_imax: 58.0849 train_imin: -32.7092 time: 1.8109s
INFO:root:Epoch: 1015 lr: 0.01 train_loss: 53826.3242 train_distortion: 6.7679 train_mapscore: 0.3974 train_c: -0.9830 train_max_dist: 30.8819 train_imax: 59.6792 train_imin: -33.4212 time: 1.8056s
INFO:root:Epoch: 1020 lr: 0.01 train_loss: 53249.3477 train_distortion: 7.0348 train_mapscore: 0.4180 train_c: -0.9830 train_max_dist: 31.2215 train_imax: 61.5919 train_imin: -34.2380 time: 1.8096s
INFO:root:Epoch: 1025 lr: 0.01 train_loss: 52867.2578 train_distortion: 7.3123 train_mapscore: 0.4154 train_c: -0.9830 train_max_dist: 31.5608 train_imax: 63.5509 train_imin: -34.9935 time: 1.8228s
INFO:root:Epoch: 1030 lr: 0.01 train_loss: 52989.3359 train_distortion: 7.5993 train_mapscore: 0.3928 train_c: -0.9829 train_max_dist: 31.8752 train_imax: 65.5348 train_imin: -35.7820 time: 1.8055s
INFO:root:Epoch: 1035 lr: 0.01 train_loss: 53146.1562 train_distortion: 7.8567 train_mapscore: 0.3937 train_c: -0.9829 train_max_dist: 32.0768 train_imax: 67.3136 train_imin: -36.5409 time: 1.8085s
INFO:root:Epoch: 1040 lr: 0.01 train_loss: 52576.1094 train_distortion: 8.1148 train_mapscore: 0.4301 train_c: -0.9829 train_max_dist: 32.3563 train_imax: 69.1346 train_imin: -37.0513 time: 1.8115s
INFO:root:Epoch: 1045 lr: 0.01 train_loss: 52346.7695 train_distortion: 8.3391 train_mapscore: 0.3948 train_c: -0.9829 train_max_dist: 32.5926 train_imax: 70.7196 train_imin: -37.2023 time: 1.8091s
INFO:root:Epoch: 1050 lr: 0.01 train_loss: 51772.1797 train_distortion: 8.6019 train_mapscore: 0.4234 train_c: -0.9828 train_max_dist: 32.8984 train_imax: 72.5680 train_imin: -37.4234 time: 1.8071s
INFO:root:Epoch: 1055 lr: 0.01 train_loss: 51364.3438 train_distortion: 8.8582 train_mapscore: 0.4109 train_c: -0.9828 train_max_dist: 33.1779 train_imax: 74.3851 train_imin: -38.3143 time: 1.8035s
INFO:root:Epoch: 1060 lr: 0.01 train_loss: 50759.4922 train_distortion: 9.1424 train_mapscore: 0.4461 train_c: -0.9827 train_max_dist: 48.0000 train_imax: 76.4452 train_imin: -39.5335 time: 1.8006s
INFO:root:Epoch: 1065 lr: 0.01 train_loss: 50149.7656 train_distortion: 9.4962 train_mapscore: 0.4651 train_c: -0.9827 train_max_dist: 33.8613 train_imax: 79.0045 train_imin: -41.1497 time: 1.7980s
INFO:root:Epoch: 1070 lr: 0.01 train_loss: 49428.2305 train_distortion: 9.8921 train_mapscore: 0.5049 train_c: -0.9826 train_max_dist: 34.2717 train_imax: 81.8883 train_imin: -42.9340 time: 1.8003s
INFO:root:Epoch: 1075 lr: 0.01 train_loss: 48703.0781 train_distortion: 10.3408 train_mapscore: 0.5456 train_c: -0.9826 train_max_dist: 34.7186 train_imax: 85.2332 train_imin: -44.5080 time: 1.7905s
INFO:root:Epoch: 1080 lr: 0.01 train_loss: 48136.3477 train_distortion: 10.8484 train_mapscore: 0.5741 train_c: -0.9825 train_max_dist: 35.2283 train_imax: 89.0763 train_imin: -46.0007 time: 1.7868s
INFO:root:Epoch: 1085 lr: 0.01 train_loss: 47531.2695 train_distortion: 11.3943 train_mapscore: 0.5910 train_c: -0.9825 train_max_dist: 35.7419 train_imax: 93.2876 train_imin: -47.8606 time: 1.7881s
INFO:root:Epoch: 1090 lr: 0.01 train_loss: 46934.9414 train_distortion: 11.9724 train_mapscore: 0.6204 train_c: -0.9824 train_max_dist: 36.2701 train_imax: 97.7306 train_imin: -50.0044 time: 1.7829s
INFO:root:Epoch: 1095 lr: 0.01 train_loss: 46399.7812 train_distortion: 12.5670 train_mapscore: 0.6312 train_c: -0.9824 train_max_dist: 36.8012 train_imax: 102.3641 train_imin: -52.2740 time: 1.7936s
INFO:root:Epoch: 1100 lr: 0.01 train_loss: 45826.6445 train_distortion: 13.2137 train_mapscore: 0.6532 train_c: -0.9823 train_max_dist: 37.3637 train_imax: 107.4517 train_imin: -54.7811 time: 1.7958s
INFO:root:Epoch: 1105 lr: 0.01 train_loss: 45441.0703 train_distortion: 13.8798 train_mapscore: 0.6569 train_c: -0.9822 train_max_dist: 37.9182 train_imax: 112.7329 train_imin: -57.0434 time: 1.7953s
INFO:root:Epoch: 1110 lr: 0.01 train_loss: 45000.1953 train_distortion: 14.5694 train_mapscore: 0.6610 train_c: -0.9822 train_max_dist: 38.4846 train_imax: 118.2705 train_imin: -59.7010 time: 1.7958s
INFO:root:Epoch: 1115 lr: 0.01 train_loss: 44741.5781 train_distortion: 15.2729 train_mapscore: 0.6546 train_c: -0.9821 train_max_dist: 39.0269 train_imax: 124.0236 train_imin: -62.5213 time: 1.7932s
INFO:root:Epoch: 1120 lr: 0.01 train_loss: 44130.1250 train_distortion: 16.0010 train_mapscore: 0.6631 train_c: -0.9821 train_max_dist: 39.6035 train_imax: 130.0640 train_imin: -65.6268 time: 1.7938s
INFO:root:Epoch: 1125 lr: 0.01 train_loss: 43735.4961 train_distortion: 16.7726 train_mapscore: 0.6695 train_c: -0.9820 train_max_dist: 40.2108 train_imax: 136.5388 train_imin: -68.4494 time: 1.7948s
INFO:root:Epoch: 1130 lr: 0.01 train_loss: 43392.5391 train_distortion: 17.6086 train_mapscore: 0.6687 train_c: -0.9819 train_max_dist: 40.8494 train_imax: 143.6679 train_imin: -71.5856 time: 1.7933s
INFO:root:Epoch: 1135 lr: 0.01 train_loss: 43366.1211 train_distortion: 18.4152 train_mapscore: 0.6600 train_c: -0.9818 train_max_dist: 41.4508 train_imax: 150.6961 train_imin: -75.5721 time: 1.7912s
INFO:root:Epoch: 1140 lr: 0.01 train_loss: 43304.1367 train_distortion: 19.2020 train_mapscore: 0.6474 train_c: -0.9818 train_max_dist: 41.9839 train_imax: 157.5920 train_imin: -78.5380 time: 1.7920s
INFO:root:Epoch: 1145 lr: 0.01 train_loss: 42961.4844 train_distortion: 19.9563 train_mapscore: 0.6620 train_c: -0.9817 train_max_dist: 42.5268 train_imax: 164.2479 train_imin: -82.0487 time: 1.7899s
INFO:root:Epoch: 1150 lr: 0.01 train_loss: 42932.6953 train_distortion: 20.7156 train_mapscore: 0.6522 train_c: -0.9816 train_max_dist: 43.0794 train_imax: 171.0013 train_imin: -85.4065 time: 1.7869s
INFO:root:Epoch: 1155 lr: 0.01 train_loss: 42345.0000 train_distortion: 21.4955 train_mapscore: 0.6674 train_c: -0.9815 train_max_dist: 43.5500 train_imax: 178.1858 train_imin: -88.7168 time: 1.7814s
INFO:root:Epoch: 1160 lr: 0.01 train_loss: 42136.5156 train_distortion: 22.2809 train_mapscore: 0.6651 train_c: -0.9815 train_max_dist: 44.0928 train_imax: 185.3483 train_imin: -91.8752 time: 1.7793s
INFO:root:Epoch: 1165 lr: 0.01 train_loss: 41541.5898 train_distortion: 23.0849 train_mapscore: 0.6910 train_c: -0.9814 train_max_dist: 44.5526 train_imax: 192.9588 train_imin: -96.0237 time: 1.7771s
INFO:root:Epoch: 1170 lr: 0.01 train_loss: 41581.8203 train_distortion: 23.8751 train_mapscore: 0.6715 train_c: -0.9813 train_max_dist: 44.9919 train_imax: 200.4246 train_imin: -99.2556 time: 1.7954s
INFO:root:Epoch: 1175 lr: 0.01 train_loss: 41719.9531 train_distortion: 24.5372 train_mapscore: 0.6552 train_c: -0.9812 train_max_dist: 45.4000 train_imax: 206.5252 train_imin: -103.7140 time: 1.7945s
INFO:root:Epoch: 1180 lr: 0.01 train_loss: 41200.8477 train_distortion: 25.1564 train_mapscore: 0.6804 train_c: -0.9811 train_max_dist: 45.7485 train_imax: 212.4206 train_imin: -106.5443 time: 1.8010s
INFO:root:Epoch: 1185 lr: 0.01 train_loss: 41932.8398 train_distortion: 25.7240 train_mapscore: 0.6276 train_c: -0.9810 train_max_dist: 46.0257 train_imax: 218.0215 train_imin: -109.1682 time: 1.7927s
INFO:root:Epoch: 1190 lr: 0.01 train_loss: 42106.3594 train_distortion: 26.1672 train_mapscore: 0.6272 train_c: -0.9809 train_max_dist: 46.2404 train_imax: 222.6035 train_imin: -110.6195 time: 1.7937s
INFO:root:Epoch: 1195 lr: 0.01 train_loss: 41737.3125 train_distortion: 26.5096 train_mapscore: 0.6401 train_c: -0.9809 train_max_dist: 46.4942 train_imax: 226.0953 train_imin: -112.9235 time: 1.7957s
INFO:root:Epoch: 1200 lr: 0.01 train_loss: 41651.1367 train_distortion: 26.9077 train_mapscore: 0.6435 train_c: -0.9808 train_max_dist: 46.7675 train_imax: 229.9117 train_imin: -114.9865 time: 1.7899s
INFO:root:Epoch: 1205 lr: 0.01 train_loss: 41453.6172 train_distortion: 27.2460 train_mapscore: 0.6452 train_c: -0.9807 train_max_dist: 50.0000 train_imax: 233.1721 train_imin: -115.6176 time: 1.7964s
INFO:root:Epoch: 1210 lr: 0.01 train_loss: 43079.1719 train_distortion: 27.5124 train_mapscore: 0.5703 train_c: -0.9806 train_max_dist: 47.0807 train_imax: 235.9881 train_imin: -118.3809 time: 1.7898s
INFO:root:Epoch: 1215 lr: 0.01 train_loss: 42029.0117 train_distortion: 27.6180 train_mapscore: 0.6178 train_c: -0.9805 train_max_dist: 47.1655 train_imax: 237.1156 train_imin: -118.7708 time: 1.7832s
INFO:root:Epoch: 1220 lr: 0.01 train_loss: 40710.6016 train_distortion: 27.7604 train_mapscore: 0.6642 train_c: -0.9804 train_max_dist: 47.3148 train_imax: 238.1669 train_imin: -117.2479 time: 1.7813s
INFO:root:Epoch: 1225 lr: 0.01 train_loss: 40060.8984 train_distortion: 28.0873 train_mapscore: 0.6815 train_c: -0.9803 train_max_dist: 47.4425 train_imax: 241.2231 train_imin: -120.1216 time: 1.7788s
INFO:root:Epoch: 1230 lr: 0.01 train_loss: 49181.8008 train_distortion: 27.6536 train_mapscore: 0.4021 train_c: -0.9802 train_max_dist: 47.2315 train_imax: 237.4613 train_imin: -116.4700 time: 1.7832s
INFO:root:Epoch: 1235 lr: 0.01 train_loss: 48366.0938 train_distortion: 26.5482 train_mapscore: 0.4162 train_c: -0.9802 train_max_dist: 46.5947 train_imax: 226.1050 train_imin: -109.6877 time: 1.7873s
INFO:root:Epoch: 1240 lr: 0.01 train_loss: 46852.9961 train_distortion: 25.2697 train_mapscore: 0.4403 train_c: -0.9801 train_max_dist: 45.9188 train_imax: 213.3738 train_imin: -102.4344 time: 1.7782s
INFO:root:Epoch: 1245 lr: 0.01 train_loss: 45135.9766 train_distortion: 24.1999 train_mapscore: 0.4791 train_c: -0.9801 train_max_dist: 45.3279 train_imax: 203.0743 train_imin: -97.0116 time: 1.7784s
INFO:root:Epoch: 1250 lr: 0.01 train_loss: 43237.1406 train_distortion: 23.5620 train_mapscore: 0.5431 train_c: -0.9800 train_max_dist: 45.0183 train_imax: 197.2091 train_imin: -94.2081 time: 1.7800s
INFO:root:Epoch: 1255 lr: 0.01 train_loss: 41639.7422 train_distortion: 23.4370 train_mapscore: 0.5985 train_c: -0.9800 train_max_dist: 44.9283 train_imax: 195.9297 train_imin: -93.6453 time: 1.7706s
INFO:root:Epoch: 1260 lr: 0.01 train_loss: 40343.7266 train_distortion: 23.8012 train_mapscore: 0.6528 train_c: -0.9799 train_max_dist: 45.0913 train_imax: 199.3462 train_imin: -94.8720 time: 1.7880s
INFO:root:Epoch: 1265 lr: 0.01 train_loss: 39610.1172 train_distortion: 24.5324 train_mapscore: 0.6885 train_c: -0.9798 train_max_dist: 45.5902 train_imax: 206.3201 train_imin: -98.4061 time: 1.7862s
INFO:root:Epoch: 1270 lr: 0.01 train_loss: 39209.5664 train_distortion: 25.5577 train_mapscore: 0.6959 train_c: -0.9797 train_max_dist: 48.0000 train_imax: 216.4030 train_imin: -102.2118 time: 1.7894s
INFO:root:Epoch: 1275 lr: 0.01 train_loss: 42068.5391 train_distortion: 26.5668 train_mapscore: 0.5521 train_c: -0.9796 train_max_dist: 50.0000 train_imax: 226.6746 train_imin: -109.3400 time: 1.7917s
INFO:root:Epoch: 1280 lr: 0.01 train_loss: 41552.6992 train_distortion: 27.2440 train_mapscore: 0.5806 train_c: -0.9795 train_max_dist: 47.1405 train_imax: 233.6196 train_imin: -114.2991 time: 1.7880s
INFO:root:Epoch: 1285 lr: 0.01 train_loss: 40904.4688 train_distortion: 27.7923 train_mapscore: 0.6071 train_c: -0.9795 train_max_dist: 47.5232 train_imax: 239.0724 train_imin: -117.8310 time: 1.7871s
INFO:root:Epoch: 1290 lr: 0.01 train_loss: 41113.4297 train_distortion: 28.0651 train_mapscore: 0.6055 train_c: -0.9794 train_max_dist: 47.8434 train_imax: 241.6579 train_imin: -119.0192 time: 1.7882s
INFO:root:Epoch: 1295 lr: 0.01 train_loss: 78840.3594 train_distortion: 27.6129 train_mapscore: 0.1750 train_c: -0.9797 train_max_dist: 47.6057 train_imax: 240.2010 train_imin: -124.5217 time: 1.8285s
INFO:root:Epoch: 1300 lr: 0.01 train_loss: 83732.5781 train_distortion: 23.4732 train_mapscore: 0.1608 train_c: -0.9800 train_max_dist: 50.0000 train_imax: 201.6824 train_imin: -105.2949 time: 1.8584s
INFO:root:Epoch: 1305 lr: 0.01 train_loss: 78793.3203 train_distortion: 18.4274 train_mapscore: 0.1653 train_c: -0.9801 train_max_dist: 42.2577 train_imax: 155.1567 train_imin: -80.0992 time: 1.8740s
INFO:root:Epoch: 1310 lr: 0.01 train_loss: 72296.1875 train_distortion: 14.1807 train_mapscore: 0.1800 train_c: -0.9802 train_max_dist: 50.0000 train_imax: 122.3843 train_imin: -62.1224 time: 1.8715s
INFO:root:Epoch: 1315 lr: 0.01 train_loss: 67903.3438 train_distortion: 11.1410 train_mapscore: 0.1918 train_c: -0.9803 train_max_dist: 36.4317 train_imax: 101.0484 train_imin: -49.7817 time: 1.8660s
INFO:root:Epoch: 1320 lr: 0.01 train_loss: 64952.2266 train_distortion: 9.0853 train_mapscore: 0.2125 train_c: -0.9803 train_max_dist: 34.4493 train_imax: 84.6858 train_imin: -41.4461 time: 1.8613s
INFO:root:Epoch: 1325 lr: 0.01 train_loss: 62805.5664 train_distortion: 7.7277 train_mapscore: 0.2245 train_c: -0.9803 train_max_dist: 32.9406 train_imax: 73.2487 train_imin: -36.1223 time: 1.8532s
INFO:root:Epoch: 1330 lr: 0.01 train_loss: 61327.3203 train_distortion: 6.8737 train_mapscore: 0.2449 train_c: -0.9803 train_max_dist: 31.9201 train_imax: 65.7256 train_imin: -33.0103 time: 1.8452s
INFO:root:Epoch: 1335 lr: 0.01 train_loss: 60169.2656 train_distortion: 6.3716 train_mapscore: 0.2697 train_c: -0.9803 train_max_dist: 31.2677 train_imax: 61.0667 train_imin: -31.0051 time: 1.8421s
INFO:root:Epoch: 1340 lr: 0.01 train_loss: 59140.0859 train_distortion: 6.1305 train_mapscore: 0.3012 train_c: -0.9803 train_max_dist: 30.9159 train_imax: 58.5558 train_imin: -29.8888 time: 1.8433s
INFO:root:Epoch: 1345 lr: 0.01 train_loss: 58243.7812 train_distortion: 6.1156 train_mapscore: 0.3298 train_c: -0.9802 train_max_dist: 30.8790 train_imax: 57.7239 train_imin: -29.6188 time: 1.8314s
INFO:root:Epoch: 1350 lr: 0.01 train_loss: 57419.4414 train_distortion: 6.2590 train_mapscore: 0.3543 train_c: -0.9802 train_max_dist: 31.0698 train_imax: 58.1438 train_imin: -29.9236 time: 1.8244s
INFO:root:Epoch: 1355 lr: 0.01 train_loss: 56581.0469 train_distortion: 6.4974 train_mapscore: 0.3957 train_c: -0.9801 train_max_dist: 31.3622 train_imax: 59.3246 train_imin: -30.5014 time: 1.8180s
INFO:root:Epoch: 1360 lr: 0.01 train_loss: 55818.7969 train_distortion: 6.8093 train_mapscore: 0.4267 train_c: -0.9801 train_max_dist: 31.7342 train_imax: 61.2232 train_imin: -31.2905 time: 1.8117s
INFO:root:Epoch: 1365 lr: 0.01 train_loss: 55069.1719 train_distortion: 7.1772 train_mapscore: 0.4599 train_c: -0.9800 train_max_dist: 32.1569 train_imax: 63.4391 train_imin: -32.4850 time: 1.8130s
INFO:root:Epoch: 1370 lr: 0.01 train_loss: 54346.4141 train_distortion: 7.5863 train_mapscore: 0.4870 train_c: -0.9799 train_max_dist: 32.6402 train_imax: 66.1321 train_imin: -33.9060 time: 1.8125s
INFO:root:Epoch: 1375 lr: 0.01 train_loss: 53629.8164 train_distortion: 8.0323 train_mapscore: 0.5174 train_c: -0.9799 train_max_dist: 33.1469 train_imax: 69.1106 train_imin: -35.5785 time: 1.8079s
INFO:root:Epoch: 1380 lr: 0.01 train_loss: 53063.4531 train_distortion: 8.5011 train_mapscore: 0.5238 train_c: -0.9798 train_max_dist: 33.6742 train_imax: 72.2149 train_imin: -37.3798 time: 1.8047s
INFO:root:Epoch: 1385 lr: 0.01 train_loss: 52481.3867 train_distortion: 8.9794 train_mapscore: 0.5336 train_c: -0.9797 train_max_dist: 34.2309 train_imax: 75.3315 train_imin: -39.1556 time: 1.8180s
INFO:root:Epoch: 1390 lr: 0.01 train_loss: 51841.9141 train_distortion: 9.5004 train_mapscore: 0.5616 train_c: -0.9797 train_max_dist: 34.7804 train_imax: 78.8515 train_imin: -41.0604 time: 1.8151s
INFO:root:Epoch: 1395 lr: 0.01 train_loss: 51218.2734 train_distortion: 10.0492 train_mapscore: 0.5846 train_c: -0.9796 train_max_dist: 35.3330 train_imax: 82.9459 train_imin: -42.9230 time: 1.8146s
INFO:root:Epoch: 1400 lr: 0.01 train_loss: 50635.4688 train_distortion: 10.6174 train_mapscore: 0.5940 train_c: -0.9795 train_max_dist: 35.9081 train_imax: 87.2083 train_imin: -44.9465 time: 1.8148s
INFO:root:Epoch: 1405 lr: 0.01 train_loss: 50113.1875 train_distortion: 11.1951 train_mapscore: 0.6047 train_c: -0.9794 train_max_dist: 36.4558 train_imax: 91.6021 train_imin: -47.0173 time: 1.8149s
INFO:root:Epoch: 1410 lr: 0.01 train_loss: 49970.7383 train_distortion: 11.7245 train_mapscore: 0.5548 train_c: -0.9794 train_max_dist: 36.9400 train_imax: 95.6195 train_imin: -49.2800 time: 1.8139s
INFO:root:Epoch: 1415 lr: 0.01 train_loss: 49560.5312 train_distortion: 12.2205 train_mapscore: 0.5705 train_c: -0.9793 train_max_dist: 40.0000 train_imax: 99.4618 train_imin: -51.2240 time: 1.8132s
INFO:root:Epoch: 1420 lr: 0.01 train_loss: 48928.5859 train_distortion: 12.7891 train_mapscore: 0.5898 train_c: -0.9792 train_max_dist: 48.0000 train_imax: 103.8457 train_imin: -53.1703 time: 1.8131s
INFO:root:Epoch: 1425 lr: 0.01 train_loss: 48508.4609 train_distortion: 13.3830 train_mapscore: 0.5997 train_c: -0.9791 train_max_dist: 50.0000 train_imax: 108.5610 train_imin: -55.3062 time: 1.8107s
INFO:root:Epoch: 1430 lr: 0.01 train_loss: 48018.0312 train_distortion: 13.9868 train_mapscore: 0.6178 train_c: -0.9790 train_max_dist: 38.9078 train_imax: 113.4184 train_imin: -56.7985 time: 1.8097s
INFO:root:Epoch: 1435 lr: 0.01 train_loss: 47596.8750 train_distortion: 14.6640 train_mapscore: 0.6085 train_c: -0.9789 train_max_dist: 39.4599 train_imax: 119.0037 train_imin: -59.5387 time: 1.8085s
INFO:root:Epoch: 1440 lr: 0.01 train_loss: 47565.4258 train_distortion: 15.3180 train_mapscore: 0.5810 train_c: -0.9789 train_max_dist: 40.0067 train_imax: 124.4478 train_imin: -62.7079 time: 1.8051s
INFO:root:Epoch: 1445 lr: 0.01 train_loss: 46843.8789 train_distortion: 15.9803 train_mapscore: 0.6140 train_c: -0.9788 train_max_dist: 40.5309 train_imax: 129.9685 train_imin: -65.3639 time: 1.8079s
INFO:root:Epoch: 1450 lr: 0.01 train_loss: 46155.0859 train_distortion: 16.7027 train_mapscore: 0.6417 train_c: -0.9787 train_max_dist: 41.0454 train_imax: 136.0135 train_imin: -68.2819 time: 1.8095s
INFO:root:Epoch: 1455 lr: 0.01 train_loss: 46378.9453 train_distortion: 17.5081 train_mapscore: 0.5913 train_c: -0.9786 train_max_dist: 41.6449 train_imax: 142.8168 train_imin: -71.4807 time: 1.8097s
INFO:root:Epoch: 1460 lr: 0.01 train_loss: 46401.2734 train_distortion: 18.2649 train_mapscore: 0.5985 train_c: -0.9785 train_max_dist: 42.1945 train_imax: 149.3053 train_imin: -75.2089 time: 1.8064s
INFO:root:Epoch: 1465 lr: 0.01 train_loss: 46436.5156 train_distortion: 18.9349 train_mapscore: 0.5706 train_c: -0.9784 train_max_dist: 42.6504 train_imax: 155.0946 train_imin: -78.1782 time: 1.8044s
INFO:root:Epoch: 1470 lr: 0.01 train_loss: 46317.6172 train_distortion: 19.5035 train_mapscore: 0.5697 train_c: -0.9783 train_max_dist: 43.1161 train_imax: 160.1985 train_imin: -80.6774 time: 1.8231s
INFO:root:Epoch: 1475 lr: 0.01 train_loss: 45481.1094 train_distortion: 20.0491 train_mapscore: 0.6054 train_c: -0.9782 train_max_dist: 43.5330 train_imax: 165.0248 train_imin: -83.0361 time: 1.7933s
INFO:root:Epoch: 1480 lr: 0.01 train_loss: 44803.9219 train_distortion: 20.6536 train_mapscore: 0.6410 train_c: -0.9781 train_max_dist: 43.9527 train_imax: 170.2839 train_imin: -85.7659 time: 1.7912s
INFO:root:Epoch: 1485 lr: 0.01 train_loss: 43970.7109 train_distortion: 21.3461 train_mapscore: 0.6826 train_c: -0.9780 train_max_dist: 50.0000 train_imax: 176.5834 train_imin: -88.4309 time: 1.7911s
INFO:root:Epoch: 1490 lr: 0.01 train_loss: 58192.1289 train_distortion: 21.5144 train_mapscore: 0.2844 train_c: -0.9781 train_max_dist: 44.3316 train_imax: 179.2125 train_imin: -92.1969 time: 1.8059s
INFO:root:Epoch: 1495 lr: 0.01 train_loss: 61340.5859 train_distortion: 20.2569 train_mapscore: 0.2607 train_c: -0.9782 train_max_dist: 48.0000 train_imax: 168.9062 train_imin: -86.8337 time: 1.8179s
INFO:root:Epoch: 1500 lr: 0.01 train_loss: 58916.8203 train_distortion: 18.2979 train_mapscore: 0.2799 train_c: -0.9783 train_max_dist: 42.0565 train_imax: 151.8331 train_imin: -77.8662 time: 1.8297s
INFO:root:Epoch: 1505 lr: 0.01 train_loss: 56059.3828 train_distortion: 16.5072 train_mapscore: 0.3184 train_c: -0.9783 train_max_dist: 50.0000 train_imax: 136.4230 train_imin: -71.2754 time: 1.8264s
INFO:root:Epoch: 1510 lr: 0.01 train_loss: 53711.3359 train_distortion: 15.2364 train_mapscore: 0.3588 train_c: -0.9783 train_max_dist: 39.8671 train_imax: 125.5349 train_imin: -65.7383 time: 1.8215s
INFO:root:Epoch: 1515 lr: 0.01 train_loss: 51964.6875 train_distortion: 14.4736 train_mapscore: 0.4052 train_c: -0.9783 train_max_dist: 50.0000 train_imax: 119.0716 train_imin: -61.6772 time: 1.8196s
INFO:root:Epoch: 1520 lr: 0.01 train_loss: 50915.8359 train_distortion: 14.0876 train_mapscore: 0.4440 train_c: -0.9783 train_max_dist: 38.9647 train_imax: 115.7465 train_imin: -59.0763 time: 1.8204s
INFO:root:Epoch: 1525 lr: 0.01 train_loss: 49832.7852 train_distortion: 14.0550 train_mapscore: 0.4848 train_c: -0.9782 train_max_dist: 38.9715 train_imax: 115.3420 train_imin: -58.6213 time: 1.8130s
INFO:root:Epoch: 1530 lr: 0.01 train_loss: 48711.2812 train_distortion: 14.3202 train_mapscore: 0.5333 train_c: -0.9782 train_max_dist: 39.2243 train_imax: 117.4029 train_imin: -59.7055 time: 1.8112s
INFO:root:Epoch: 1535 lr: 0.01 train_loss: 47821.3047 train_distortion: 14.8490 train_mapscore: 0.5666 train_c: -0.9781 train_max_dist: 39.6636 train_imax: 121.6982 train_imin: -62.6755 time: 1.8114s
INFO:root:Epoch: 1540 lr: 0.01 train_loss: 52329.1406 train_distortion: 15.2532 train_mapscore: 0.3535 train_c: -0.9781 train_max_dist: 40.1461 train_imax: 125.2977 train_imin: -63.7787 time: 1.8325s
INFO:root:Epoch: 1545 lr: 0.01 train_loss: 51533.7344 train_distortion: 15.3751 train_mapscore: 0.3848 train_c: -0.9781 train_max_dist: 48.0000 train_imax: 126.2253 train_imin: -63.1273 time: 1.8300s
INFO:root:Epoch: 1550 lr: 0.01 train_loss: 49960.1719 train_distortion: 15.4696 train_mapscore: 0.4366 train_c: -0.9780 train_max_dist: 40.3920 train_imax: 126.8259 train_imin: -63.2799 time: 1.8146s
INFO:root:Epoch: 1555 lr: 0.01 train_loss: 48796.7109 train_distortion: 15.6575 train_mapscore: 0.4776 train_c: -0.9779 train_max_dist: 40.5403 train_imax: 128.2403 train_imin: -64.3204 time: 1.8225s
INFO:root:Epoch: 1560 lr: 0.01 train_loss: 47621.2188 train_distortion: 16.0277 train_mapscore: 0.5248 train_c: -0.9779 train_max_dist: 40.8449 train_imax: 131.3047 train_imin: -66.2883 time: 1.8087s
INFO:root:Epoch: 1565 lr: 0.01 train_loss: 46686.8555 train_distortion: 16.5749 train_mapscore: 0.5644 train_c: -0.9778 train_max_dist: 48.0000 train_imax: 135.9047 train_imin: -68.3841 time: 1.8082s
INFO:root:Epoch: 1570 lr: 0.01 train_loss: 45649.5156 train_distortion: 17.2824 train_mapscore: 0.6095 train_c: -0.9777 train_max_dist: 41.7274 train_imax: 141.9462 train_imin: -71.0251 time: 1.8050s
INFO:root:Epoch: 1575 lr: 0.01 train_loss: 44734.8438 train_distortion: 18.1472 train_mapscore: 0.6437 train_c: -0.9776 train_max_dist: 42.3493 train_imax: 149.4065 train_imin: -74.5920 time: 1.8071s
INFO:root:Epoch: 1580 lr: 0.01 train_loss: 43925.8594 train_distortion: 19.1695 train_mapscore: 0.6744 train_c: -0.9775 train_max_dist: 43.0787 train_imax: 158.3753 train_imin: -78.8862 time: 1.8107s
INFO:root:Epoch: 1585 lr: 0.01 train_loss: 43648.0078 train_distortion: 20.3075 train_mapscore: 0.6780 train_c: -0.9774 train_max_dist: 43.8324 train_imax: 168.6168 train_imin: -84.2926 time: 1.8098s
INFO:root:Epoch: 1590 lr: 0.01 train_loss: 43202.4531 train_distortion: 21.4757 train_mapscore: 0.6932 train_c: -0.9772 train_max_dist: 44.5822 train_imax: 179.2816 train_imin: -89.6977 time: 1.7951s
INFO:root:Epoch: 1595 lr: 0.01 train_loss: 43524.5469 train_distortion: 22.6754 train_mapscore: 0.6491 train_c: -0.9771 train_max_dist: 45.3984 train_imax: 190.4211 train_imin: -94.4413 time: 1.7967s
INFO:root:Epoch: 1600 lr: 0.01 train_loss: 63387.6992 train_distortion: 23.0073 train_mapscore: 0.2678 train_c: -0.9771 train_max_dist: 45.7108 train_imax: 225.3593 train_imin: -96.4871 time: 1.8241s
INFO:root:Epoch: 1605 lr: 0.01 train_loss: 67194.9062 train_distortion: 21.1212 train_mapscore: 0.2432 train_c: -0.9770 train_max_dist: 44.7498 train_imax: 205.4220 train_imin: -89.8159 time: 1.8341s
INFO:root:Epoch: 1610 lr: 0.01 train_loss: 64080.7734 train_distortion: 18.3715 train_mapscore: 0.2526 train_c: -0.9770 train_max_dist: 48.0000 train_imax: 176.6221 train_imin: -77.2383 time: 1.8312s
INFO:root:Epoch: 1615 lr: 0.01 train_loss: 60553.6953 train_distortion: 15.9103 train_mapscore: 0.2838 train_c: -0.9769 train_max_dist: 41.0094 train_imax: 151.8522 train_imin: -66.3222 time: 1.8306s
INFO:root:Epoch: 1620 lr: 0.01 train_loss: 58046.2539 train_distortion: 14.0990 train_mapscore: 0.3120 train_c: -0.9769 train_max_dist: 39.5152 train_imax: 133.9477 train_imin: -59.2513 time: 1.8277s
INFO:root:Epoch: 1625 lr: 0.01 train_loss: 56184.3672 train_distortion: 12.9113 train_mapscore: 0.3464 train_c: -0.9769 train_max_dist: 40.0000 train_imax: 122.2462 train_imin: -54.8581 time: 1.8229s
INFO:root:Epoch: 1630 lr: 0.01 train_loss: 54822.2109 train_distortion: 12.1883 train_mapscore: 0.3786 train_c: -0.9768 train_max_dist: 37.8032 train_imax: 114.9866 train_imin: -51.8789 time: 1.8330s
INFO:root:Epoch: 1635 lr: 0.01 train_loss: 53522.1719 train_distortion: 11.8436 train_mapscore: 0.4241 train_c: -0.9768 train_max_dist: 37.4437 train_imax: 111.1780 train_imin: -50.2110 time: 1.8291s
INFO:root:Epoch: 1640 lr: 0.01 train_loss: 65519.4922 train_distortion: 10.8330 train_mapscore: 0.1788 train_c: -0.9768 train_max_dist: 36.7279 train_imax: 101.9068 train_imin: -59.2769 time: 1.8538s
INFO:root:Epoch: 1645 lr: 0.01 train_loss: 69133.2188 train_distortion: 9.3595 train_mapscore: 0.1549 train_c: -0.9768 train_max_dist: 35.5209 train_imax: 89.6492 train_imin: -50.5779 time: 1.8654s
INFO:root:Epoch: 1650 lr: 0.01 train_loss: 68368.5781 train_distortion: 7.8691 train_mapscore: 0.1604 train_c: -0.9768 train_max_dist: 34.1249 train_imax: 77.2928 train_imin: -42.0083 time: 1.8667s
INFO:root:Epoch: 1655 lr: 0.01 train_loss: 69714.5547 train_distortion: 7.1609 train_mapscore: 0.1275 train_c: -0.9767 train_max_dist: 33.3006 train_imax: 71.1367 train_imin: -37.4363 time: 1.8709s
INFO:root:Epoch: 1660 lr: 0.01 train_loss: 69861.1875 train_distortion: 6.3600 train_mapscore: 0.1245 train_c: -0.9766 train_max_dist: 32.3586 train_imax: 64.4007 train_imin: -33.4669 time: 1.8794s
INFO:root:Epoch: 1665 lr: 0.01 train_loss: 68369.7109 train_distortion: 5.5516 train_mapscore: 0.1311 train_c: -0.9766 train_max_dist: 31.3119 train_imax: 57.6257 train_imin: -30.1593 time: 1.8738s
INFO:root:Epoch: 1670 lr: 0.01 train_loss: 66693.3281 train_distortion: 4.9203 train_mapscore: 0.1454 train_c: -0.9766 train_max_dist: 30.3600 train_imax: 52.2624 train_imin: -27.3204 time: 1.8713s
INFO:root:Epoch: 1675 lr: 0.01 train_loss: 65309.4883 train_distortion: 4.4634 train_mapscore: 0.1563 train_c: -0.9766 train_max_dist: 29.6388 train_imax: 48.2966 train_imin: -25.0923 time: 1.8622s
INFO:root:Epoch: 1680 lr: 0.01 train_loss: 64222.0938 train_distortion: 4.2127 train_mapscore: 0.1700 train_c: -0.9765 train_max_dist: 29.2262 train_imax: 45.9441 train_imin: -23.6851 time: 1.8535s
INFO:root:Epoch: 1685 lr: 0.01 train_loss: 63207.8828 train_distortion: 4.1264 train_mapscore: 0.1938 train_c: -0.9765 train_max_dist: 29.0927 train_imax: 44.8842 train_imin: -22.9621 time: 1.8540s
INFO:root:Epoch: 1690 lr: 0.01 train_loss: 62250.5508 train_distortion: 4.1676 train_mapscore: 0.2190 train_c: -0.9764 train_max_dist: 48.0000 train_imax: 44.7731 train_imin: -22.8291 time: 1.8491s
INFO:root:Epoch: 1695 lr: 0.01 train_loss: 61404.8438 train_distortion: 4.2950 train_mapscore: 0.2373 train_c: -0.9764 train_max_dist: 29.3811 train_imax: 45.2821 train_imin: -23.1438 time: 1.8453s
INFO:root:Epoch: 1700 lr: 0.01 train_loss: 60667.3750 train_distortion: 4.4843 train_mapscore: 0.2558 train_c: -0.9763 train_max_dist: 29.6745 train_imax: 46.2244 train_imin: -23.6008 time: 1.8699s
INFO:root:Epoch: 1705 lr: 0.01 train_loss: 60028.9414 train_distortion: 4.7027 train_mapscore: 0.2612 train_c: -0.9762 train_max_dist: 30.0059 train_imax: 47.4122 train_imin: -24.1434 time: 1.8373s
INFO:root:Epoch: 1710 lr: 0.01 train_loss: 59326.2812 train_distortion: 4.9704 train_mapscore: 0.2919 train_c: -0.9762 train_max_dist: 30.4045 train_imax: 48.9220 train_imin: -24.8751 time: 1.8325s
INFO:root:Epoch: 1715 lr: 0.01 train_loss: 58529.7852 train_distortion: 5.2843 train_mapscore: 0.3244 train_c: -0.9761 train_max_dist: 32.0000 train_imax: 50.7170 train_imin: -25.7090 time: 1.8272s
INFO:root:Epoch: 1720 lr: 0.01 train_loss: 57716.2969 train_distortion: 5.6438 train_mapscore: 0.3616 train_c: -0.9760 train_max_dist: 31.3835 train_imax: 52.7901 train_imin: -26.7014 time: 1.8222s
INFO:root:Epoch: 1725 lr: 0.01 train_loss: 56924.4531 train_distortion: 6.0383 train_mapscore: 0.3881 train_c: -0.9759 train_max_dist: 31.9187 train_imax: 55.0530 train_imin: -27.7598 time: 1.8145s
INFO:root:Epoch: 1730 lr: 0.01 train_loss: 56165.6758 train_distortion: 6.4596 train_mapscore: 0.4186 train_c: -0.9758 train_max_dist: 32.4794 train_imax: 57.5181 train_imin: -28.9863 time: 1.8149s
INFO:root:Epoch: 1735 lr: 0.01 train_loss: 55463.7305 train_distortion: 6.9037 train_mapscore: 0.4294 train_c: -0.9757 train_max_dist: 33.0408 train_imax: 60.0437 train_imin: -30.3100 time: 1.8147s
INFO:root:Epoch: 1740 lr: 0.01 train_loss: 54842.7891 train_distortion: 7.3288 train_mapscore: 0.4457 train_c: -0.9757 train_max_dist: 33.5543 train_imax: 62.4223 train_imin: -31.6260 time: 1.8029s
INFO:root:Epoch: 1745 lr: 0.01 train_loss: 54172.1602 train_distortion: 7.7524 train_mapscore: 0.4668 train_c: -0.9756 train_max_dist: 34.0503 train_imax: 64.7689 train_imin: -33.0092 time: 1.8083s
INFO:root:Epoch: 1750 lr: 0.01 train_loss: 53502.3125 train_distortion: 8.2085 train_mapscore: 0.4971 train_c: -0.9755 train_max_dist: 34.5795 train_imax: 67.3065 train_imin: -34.4614 time: 1.8081s
INFO:root:Epoch: 1755 lr: 0.01 train_loss: 52971.1562 train_distortion: 8.6768 train_mapscore: 0.5012 train_c: -0.9754 train_max_dist: 35.0901 train_imax: 70.6281 train_imin: -36.0029 time: 1.8024s
INFO:root:Epoch: 1760 lr: 0.01 train_loss: 52276.8516 train_distortion: 9.1945 train_mapscore: 0.5213 train_c: -0.9753 train_max_dist: 35.6280 train_imax: 74.3675 train_imin: -37.7342 time: 1.8013s
INFO:root:Epoch: 1765 lr: 0.01 train_loss: 51564.0039 train_distortion: 9.7554 train_mapscore: 0.5505 train_c: -0.9753 train_max_dist: 36.2041 train_imax: 78.4523 train_imin: -39.3599 time: 1.8124s
INFO:root:Epoch: 1770 lr: 0.01 train_loss: 50880.4453 train_distortion: 10.3614 train_mapscore: 0.5671 train_c: -0.9752 train_max_dist: 36.8172 train_imax: 82.9048 train_imin: -41.2307 time: 1.8146s
INFO:root:Epoch: 1775 lr: 0.01 train_loss: 50209.6211 train_distortion: 11.0008 train_mapscore: 0.5879 train_c: -0.9751 train_max_dist: 37.4562 train_imax: 87.6526 train_imin: -43.1223 time: 1.8154s
INFO:root:Epoch: 1780 lr: 0.01 train_loss: 50153.9453 train_distortion: 11.5864 train_mapscore: 0.5139 train_c: -0.9750 train_max_dist: 38.0200 train_imax: 92.0427 train_imin: -45.5610 time: 1.8129s
INFO:root:Epoch: 1785 lr: 0.01 train_loss: 49625.7734 train_distortion: 12.1425 train_mapscore: 0.5268 train_c: -0.9749 train_max_dist: 38.5326 train_imax: 96.2325 train_imin: -47.7888 time: 1.8113s
INFO:root:Epoch: 1790 lr: 0.01 train_loss: 48858.1953 train_distortion: 12.7384 train_mapscore: 0.5670 train_c: -0.9748 train_max_dist: 39.0598 train_imax: 100.7517 train_imin: -49.4157 time: 1.8146s
INFO:root:Epoch: 1795 lr: 0.01 train_loss: 48084.8398 train_distortion: 13.4219 train_mapscore: 0.6037 train_c: -0.9747 train_max_dist: 39.6588 train_imax: 105.9697 train_imin: -51.8066 time: 1.8058s
INFO:root:Epoch: 1800 lr: 0.01 train_loss: 47325.0391 train_distortion: 14.1435 train_mapscore: 0.6267 train_c: -0.9746 train_max_dist: 40.2812 train_imax: 111.5257 train_imin: -54.2238 time: 1.8178s
INFO:root:Epoch: 1805 lr: 0.01 train_loss: 46818.1328 train_distortion: 14.9126 train_mapscore: 0.6268 train_c: -0.9745 train_max_dist: 40.9373 train_imax: 117.6704 train_imin: -57.1104 time: 1.8073s
INFO:root:Epoch: 1810 lr: 0.01 train_loss: 46623.2188 train_distortion: 15.7530 train_mapscore: 0.6207 train_c: -0.9744 train_max_dist: 41.6227 train_imax: 124.3767 train_imin: -59.7651 time: 1.8075s
INFO:root:Epoch: 1815 lr: 0.01 train_loss: 45967.5898 train_distortion: 16.5791 train_mapscore: 0.6410 train_c: -0.9743 train_max_dist: 42.2729 train_imax: 131.0847 train_imin: -62.1515 time: 1.8222s
INFO:root:Epoch: 1820 lr: 0.01 train_loss: 45650.2383 train_distortion: 17.4245 train_mapscore: 0.6339 train_c: -0.9742 train_max_dist: 42.9309 train_imax: 138.1497 train_imin: -65.5818 time: 1.8033s
INFO:root:Epoch: 1825 lr: 0.01 train_loss: 45468.9141 train_distortion: 18.2300 train_mapscore: 0.6211 train_c: -0.9741 train_max_dist: 43.5070 train_imax: 144.9770 train_imin: -68.3887 time: 1.8042s
INFO:root:Epoch: 1830 lr: 0.01 train_loss: 44786.0430 train_distortion: 19.0120 train_mapscore: 0.6427 train_c: -0.9740 train_max_dist: 44.0390 train_imax: 151.6983 train_imin: -71.1969 time: 1.7952s
INFO:root:Epoch: 1835 lr: 0.01 train_loss: 44205.1914 train_distortion: 19.8564 train_mapscore: 0.6625 train_c: -0.9739 train_max_dist: 44.6238 train_imax: 159.0426 train_imin: -74.5367 time: 1.7921s
INFO:root:Epoch: 1840 lr: 0.01 train_loss: 44841.0234 train_distortion: 20.6842 train_mapscore: 0.5887 train_c: -0.9738 train_max_dist: 45.2174 train_imax: 166.3027 train_imin: -77.5879 time: 1.7932s
INFO:root:Epoch: 1845 lr: 0.01 train_loss: 44276.0938 train_distortion: 21.4501 train_mapscore: 0.6163 train_c: -0.9737 train_max_dist: 45.7123 train_imax: 173.0459 train_imin: -80.8195 time: 1.7930s
INFO:root:Epoch: 1850 lr: 0.01 train_loss: 43827.9766 train_distortion: 22.1796 train_mapscore: 0.6350 train_c: -0.9736 train_max_dist: 46.1780 train_imax: 179.4887 train_imin: -83.9305 time: 1.7900s
INFO:root:Epoch: 1855 lr: 0.01 train_loss: 43207.0156 train_distortion: 22.9511 train_mapscore: 0.6567 train_c: -0.9735 train_max_dist: 46.6583 train_imax: 186.5038 train_imin: -87.1784 time: 1.7860s
INFO:root:Epoch: 1860 lr: 0.01 train_loss: 42369.7617 train_distortion: 23.8091 train_mapscore: 0.6841 train_c: -0.9734 train_max_dist: 50.0000 train_imax: 194.3368 train_imin: -90.4399 time: 1.7876s
INFO:root:Epoch: 1865 lr: 0.01 train_loss: 46730.7734 train_distortion: 24.6293 train_mapscore: 0.4888 train_c: -0.9733 train_max_dist: 47.6111 train_imax: 202.1364 train_imin: -94.3037 time: 1.7911s
INFO:root:Epoch: 1870 lr: 0.01 train_loss: 46380.5664 train_distortion: 24.8915 train_mapscore: 0.4930 train_c: -0.9732 train_max_dist: 48.0000 train_imax: 204.4361 train_imin: -96.0523 time: 1.7886s
INFO:root:Epoch: 1875 lr: 0.01 train_loss: 45442.1328 train_distortion: 24.8762 train_mapscore: 0.5181 train_c: -0.9731 train_max_dist: 47.7983 train_imax: 203.8520 train_imin: -96.1880 time: 1.7827s
INFO:root:Epoch: 1880 lr: 0.01 train_loss: 44269.7148 train_distortion: 24.7881 train_mapscore: 0.5579 train_c: -0.9730 train_max_dist: 47.7396 train_imax: 202.8513 train_imin: -95.8816 time: 1.7782s
INFO:root:Epoch: 1885 lr: 0.01 train_loss: 42935.5156 train_distortion: 24.9255 train_mapscore: 0.6052 train_c: -0.9729 train_max_dist: 47.8370 train_imax: 204.1255 train_imin: -96.3526 time: 1.7720s
INFO:root:Epoch: 1890 lr: 0.01 train_loss: 41993.2578 train_distortion: 25.3149 train_mapscore: 0.6417 train_c: -0.9728 train_max_dist: 48.0478 train_imax: 207.8414 train_imin: -97.9455 time: 1.7698s
INFO:root:Epoch: 1895 lr: 0.01 train_loss: 41902.2148 train_distortion: 25.9582 train_mapscore: 0.6492 train_c: -0.9727 train_max_dist: 48.4051 train_imax: 214.0490 train_imin: -100.8508 time: 1.7732s
INFO:root:Epoch: 1900 lr: 0.01 train_loss: 64126.9688 train_distortion: 26.1074 train_mapscore: 0.2339 train_c: -0.9730 train_max_dist: 48.6848 train_imax: 218.6476 train_imin: -129.0665 time: 1.8025s
INFO:root:Epoch: 1905 lr: 0.01 train_loss: 68411.7656 train_distortion: 23.0677 train_mapscore: 0.2075 train_c: -0.9731 train_max_dist: 47.1968 train_imax: 191.2946 train_imin: -118.5454 time: 1.8083s
INFO:root:Epoch: 1910 lr: 0.01 train_loss: 64550.6484 train_distortion: 19.1092 train_mapscore: 0.2260 train_c: -0.9732 train_max_dist: 44.7672 train_imax: 155.5893 train_imin: -95.8727 time: 1.8120s
INFO:root:Epoch: 1915 lr: 0.01 train_loss: 60420.2930 train_distortion: 15.7777 train_mapscore: 0.2458 train_c: -0.9732 train_max_dist: 42.3805 train_imax: 126.8588 train_imin: -77.2139 time: 1.8109s
INFO:root:Epoch: 1920 lr: 0.01 train_loss: 58675.3945 train_distortion: 13.4495 train_mapscore: 0.2563 train_c: -0.9733 train_max_dist: 40.4958 train_imax: 107.8098 train_imin: -64.9497 time: 1.8154s
INFO:root:Epoch: 1925 lr: 0.01 train_loss: 57118.8125 train_distortion: 11.8801 train_mapscore: 0.2779 train_c: -0.9733 train_max_dist: 39.0740 train_imax: 95.5574 train_imin: -56.8957 time: 1.8139s
INFO:root:Epoch: 1930 lr: 0.01 train_loss: 58544.7656 train_distortion: 10.8316 train_mapscore: 0.2397 train_c: -0.9732 train_max_dist: 37.9869 train_imax: 87.3368 train_imin: -51.1973 time: 1.8970s
INFO:root:Epoch: 1935 lr: 0.01 train_loss: 58358.8125 train_distortion: 10.0949 train_mapscore: 0.2424 train_c: -0.9731 train_max_dist: 37.1762 train_imax: 81.7086 train_imin: -47.5680 time: 1.8245s
INFO:root:Epoch: 1940 lr: 0.01 train_loss: 57251.1602 train_distortion: 9.5158 train_mapscore: 0.2604 train_c: -0.9731 train_max_dist: 36.5619 train_imax: 77.3497 train_imin: -44.7698 time: 1.8160s
INFO:root:Epoch: 1945 lr: 0.01 train_loss: 55834.9805 train_distortion: 9.2062 train_mapscore: 0.3005 train_c: -0.9730 train_max_dist: 36.2517 train_imax: 74.9441 train_imin: -43.1916 time: 1.8118s
INFO:root:Epoch: 1950 lr: 0.01 train_loss: 54519.1328 train_distortion: 9.1529 train_mapscore: 0.3425 train_c: -0.9729 train_max_dist: 36.2072 train_imax: 74.4235 train_imin: -42.7095 time: 1.8066s
INFO:root:Epoch: 1955 lr: 0.01 train_loss: 53314.7031 train_distortion: 9.3561 train_mapscore: 0.3872 train_c: -0.9728 train_max_dist: 36.4141 train_imax: 75.7394 train_imin: -43.2980 time: 1.8041s
INFO:root:Epoch: 1960 lr: 0.01 train_loss: 52156.9648 train_distortion: 9.7440 train_mapscore: 0.4350 train_c: -0.9728 train_max_dist: 36.7992 train_imax: 78.4636 train_imin: -44.6571 time: 1.8055s
INFO:root:Epoch: 1965 lr: 0.01 train_loss: 51086.7539 train_distortion: 10.2900 train_mapscore: 0.4830 train_c: -0.9726 train_max_dist: 37.3512 train_imax: 82.3794 train_imin: -46.6545 time: 1.7999s
INFO:root:Epoch: 1970 lr: 0.01 train_loss: 50191.6953 train_distortion: 10.9940 train_mapscore: 0.4992 train_c: -0.9725 train_max_dist: 38.0420 train_imax: 87.5184 train_imin: -49.3066 time: 1.8171s
INFO:root:Epoch: 1975 lr: 0.01 train_loss: 49313.4297 train_distortion: 11.8266 train_mapscore: 0.5244 train_c: -0.9724 train_max_dist: 38.8225 train_imax: 93.7207 train_imin: -52.5566 time: 1.7949s
INFO:root:Epoch: 1980 lr: 0.01 train_loss: 48300.7773 train_distortion: 12.7423 train_mapscore: 0.5671 train_c: -0.9723 train_max_dist: 39.6529 train_imax: 100.6187 train_imin: -56.1990 time: 1.7945s
INFO:root:Epoch: 1985 lr: 0.01 train_loss: 47342.8789 train_distortion: 13.7523 train_mapscore: 0.6053 train_c: -0.9721 train_max_dist: 40.5194 train_imax: 108.3883 train_imin: -60.2756 time: 1.7910s
INFO:root:Epoch: 1990 lr: 0.01 train_loss: 58305.5000 train_distortion: 14.7231 train_mapscore: 0.2444 train_c: -0.9720 train_max_dist: 41.2321 train_imax: 116.3278 train_imin: -64.9615 time: 1.8097s
INFO:root:Epoch: 1995 lr: 0.01 train_loss: 61012.0273 train_distortion: 14.4486 train_mapscore: 0.2244 train_c: -0.9720 train_max_dist: 40.9468 train_imax: 114.1965 train_imin: -64.5746 time: 1.8147s
INFO:root:Epoch: 2000 lr: 0.0025 train_loss: 59338.8203 train_distortion: 13.1901 train_mapscore: 0.2395 train_c: -0.9719 train_max_dist: 39.8701 train_imax: 104.2318 train_imin: -59.3015 time: 1.8243s
INFO:root:Optimization Finished!
INFO:root:Total time elapsed: 3637.9684s
INFO:root:Val set results: val_distortion: 1.0000 val_mapscore: -1.0000 val_c: -1.0000 val_max_dist: 0.0000
INFO:root:Test set results: test_loss: 58909.4688 test_distortion: 12.9315 test_mapscore: 0.2419 test_c: -0.9719 test_max_dist: 39.6469 test_imax: 102.2105 test_imin: -58.2109
INFO:root:Saved model in /workspace/xiongbo/hgcn/logs/md/2021_5_22/14
