INFO:root:Using: cuda:0
INFO:root:Using seed 1234.
INFO:root:MDModel(
  (encoder): HGCN(
    (layers): Sequential(
      (0): HyperbolicGraphConvolution(
        (linear): HypLinear(
          in_features=2641, out_features=10, c=Parameter containing:
          tensor([-1.], requires_grad=True)
        )
        (agg): HypAgg(
          c=Parameter containing:
          tensor([-1.], requires_grad=True)
        )
        (hyp_act): HypAct(
          c_in=Parameter containing:
          tensor([-1.], requires_grad=True), c_out=Parameter containing:
          tensor([-1.], requires_grad=True)
        )
      )
    )
  )
  (decoder): MDDecoder()
)
INFO:root:Total number of parameters: 26422
/workspace/anaconda3/envs/geo/lib/python3.7/site-packages/torch/optim/lr_scheduler.py:370: UserWarning: To get the last learning rate computed by the scheduler, please use `get_last_lr()`.
  "please use `get_last_lr()`.", UserWarning)
INFO:root:Epoch: 0005 lr: 0.01 train_loss: 49737.7734 train_distortion: 0.9651 train_mapscore: 0.0436 train_c: -1.0004 train_max_dist: 2.0444 train_imax: -0.0000 train_imin: -1.3070 time: 1.2088s
INFO:root:Epoch: 0010 lr: 0.01 train_loss: 47680.2266 train_distortion: 0.9374 train_mapscore: 0.0796 train_c: -1.0009 train_max_dist: 2.8325 train_imax: -0.0000 train_imin: -1.4438 time: 1.1318s
INFO:root:Epoch: 0015 lr: 0.01 train_loss: 45988.5391 train_distortion: 0.9144 train_mapscore: 0.1135 train_c: -1.0014 train_max_dist: 3.3341 train_imax: -0.0000 train_imin: -1.5791 time: 1.0866s
INFO:root:Epoch: 0020 lr: 0.01 train_loss: 44349.8359 train_distortion: 0.8916 train_mapscore: 0.1558 train_c: -1.0019 train_max_dist: 4.2006 train_imax: -0.0000 train_imin: -1.6538 time: 1.0730s
INFO:root:Epoch: 0025 lr: 0.01 train_loss: 42614.0859 train_distortion: 0.8673 train_mapscore: 0.2164 train_c: -1.0025 train_max_dist: 5.4614 train_imax: -0.0000 train_imin: -1.6807 time: 1.0531s
INFO:root:Epoch: 0030 lr: 0.01 train_loss: 40663.8516 train_distortion: 0.8396 train_mapscore: 0.2727 train_c: -1.0031 train_max_dist: 9.7266 train_imax: -0.0000 train_imin: -1.8042 time: 1.0730s
INFO:root:Epoch: 0035 lr: 0.01 train_loss: 38378.7422 train_distortion: 0.8061 train_mapscore: 0.3442 train_c: -1.0037 train_max_dist: 9.8125 train_imax: -0.0000 train_imin: -2.0124 time: 1.0768s
INFO:root:Epoch: 0040 lr: 0.01 train_loss: 35679.9609 train_distortion: 0.7650 train_mapscore: 0.4331 train_c: -1.0044 train_max_dist: 9.8438 train_imax: 0.0521 train_imin: -2.2239 time: 1.0799s
INFO:root:Epoch: 0045 lr: 0.01 train_loss: 32541.0000 train_distortion: 0.7157 train_mapscore: 0.5254 train_c: -1.0050 train_max_dist: 10.2750 train_imax: 0.4157 train_imin: -2.7204 time: 1.0705s
INFO:root:Epoch: 0050 lr: 0.01 train_loss: 29004.0527 train_distortion: 0.6601 train_mapscore: 0.6377 train_c: -1.0057 train_max_dist: 12.1919 train_imax: 0.5801 train_imin: -3.4912 time: 1.0700s
INFO:root:Epoch: 0055 lr: 0.01 train_loss: 25107.2148 train_distortion: 0.5980 train_mapscore: 0.7475 train_c: -1.0064 train_max_dist: 14.3125 train_imax: 0.7480 train_imin: -4.2459 time: 1.0705s
INFO:root:Epoch: 0060 lr: 0.01 train_loss: 20961.4082 train_distortion: 0.5306 train_mapscore: 0.8239 train_c: -1.0071 train_max_dist: 16.7970 train_imax: 0.8027 train_imin: -4.6188 time: 1.0943s
INFO:root:Epoch: 0065 lr: 0.01 train_loss: 16792.8027 train_distortion: 0.4633 train_mapscore: 0.8885 train_c: -1.0077 train_max_dist: 19.5909 train_imax: 0.8002 train_imin: -4.7558 time: 1.0633s
INFO:root:Epoch: 0070 lr: 0.01 train_loss: 12795.7070 train_distortion: 0.4014 train_mapscore: 0.9286 train_c: -1.0084 train_max_dist: 22.6388 train_imax: 3.3969 train_imin: -5.0510 time: 1.0682s
INFO:root:Epoch: 0075 lr: 0.01 train_loss: 9530.7324 train_distortion: 0.3526 train_mapscore: 0.9471 train_c: -1.0091 train_max_dist: 25.4465 train_imax: 6.1761 train_imin: -5.7462 time: 1.0689s
INFO:root:Epoch: 0080 lr: 0.01 train_loss: 7147.1826 train_distortion: 0.3220 train_mapscore: 0.9677 train_c: -1.0097 train_max_dist: 28.5884 train_imax: 9.4045 train_imin: -8.7840 time: 1.0659s
INFO:root:Epoch: 0085 lr: 0.01 train_loss: 5984.0444 train_distortion: 0.3089 train_mapscore: 0.9736 train_c: -1.0102 train_max_dist: 31.3120 train_imax: 10.9425 train_imin: -10.3551 time: 1.0539s
INFO:root:Epoch: 0090 lr: 0.01 train_loss: 5451.3018 train_distortion: 0.3083 train_mapscore: 0.9781 train_c: -1.0106 train_max_dist: 33.4609 train_imax: 12.2822 train_imin: -11.9000 time: 1.0652s
INFO:root:Epoch: 0095 lr: 0.01 train_loss: 5097.6025 train_distortion: 0.3121 train_mapscore: 0.9845 train_c: -1.0109 train_max_dist: 34.8784 train_imax: 11.6796 train_imin: -13.9580 time: 1.0467s
INFO:root:Epoch: 0100 lr: 0.01 train_loss: 4862.8281 train_distortion: 0.3155 train_mapscore: 0.9859 train_c: -1.0111 train_max_dist: 35.6914 train_imax: 11.5545 train_imin: -12.9075 time: 1.0652s
INFO:root:Epoch: 0105 lr: 0.01 train_loss: 4581.7090 train_distortion: 0.3164 train_mapscore: 0.9872 train_c: -1.0112 train_max_dist: 36.0508 train_imax: 11.3017 train_imin: -12.2759 time: 1.0543s
INFO:root:Epoch: 0110 lr: 0.01 train_loss: 4271.3076 train_distortion: 0.3153 train_mapscore: 0.9891 train_c: -1.0113 train_max_dist: 36.1270 train_imax: 9.7025 train_imin: -11.5290 time: 1.0596s
INFO:root:Epoch: 0115 lr: 0.01 train_loss: 4057.1650 train_distortion: 0.3138 train_mapscore: 0.9923 train_c: -1.0114 train_max_dist: 36.0332 train_imax: 8.0220 train_imin: -10.7952 time: 1.0897s
INFO:root:Epoch: 0120 lr: 0.01 train_loss: 3766.6819 train_distortion: 0.3131 train_mapscore: 0.9947 train_c: -1.0115 train_max_dist: 35.8828 train_imax: 7.1041 train_imin: -10.0506 time: 1.0511s
INFO:root:Epoch: 0125 lr: 0.01 train_loss: 3600.0544 train_distortion: 0.3129 train_mapscore: 0.9949 train_c: -1.0116 train_max_dist: 35.9258 train_imax: 6.8572 train_imin: -9.2161 time: 1.0539s
INFO:root:Epoch: 0130 lr: 0.01 train_loss: 3327.7778 train_distortion: 0.3136 train_mapscore: 0.9956 train_c: -1.0117 train_max_dist: 35.9502 train_imax: 6.9402 train_imin: -9.5085 time: 1.0588s
INFO:root:Epoch: 0135 lr: 0.01 train_loss: 3252.1680 train_distortion: 0.3141 train_mapscore: 0.9964 train_c: -1.0118 train_max_dist: 36.1221 train_imax: 6.1975 train_imin: -8.7355 time: 1.0461s
INFO:root:Epoch: 0140 lr: 0.01 train_loss: 3160.6216 train_distortion: 0.3154 train_mapscore: 0.9967 train_c: -1.0119 train_max_dist: 50.0000 train_imax: 6.2506 train_imin: -8.0194 time: 1.0532s
INFO:root:Epoch: 0145 lr: 0.01 train_loss: 3073.1523 train_distortion: 0.3164 train_mapscore: 0.9969 train_c: -1.0119 train_max_dist: 36.3984 train_imax: 6.3878 train_imin: -7.8831 time: 1.0516s
INFO:root:Epoch: 0150 lr: 0.01 train_loss: 2941.5562 train_distortion: 0.3176 train_mapscore: 0.9974 train_c: -1.0120 train_max_dist: 36.6465 train_imax: 6.6040 train_imin: -8.0073 time: 1.0501s
INFO:root:Epoch: 0155 lr: 0.01 train_loss: 2849.7686 train_distortion: 0.3191 train_mapscore: 0.9977 train_c: -1.0121 train_max_dist: 36.7607 train_imax: 6.1442 train_imin: -7.5720 time: 1.0571s
INFO:root:Epoch: 0160 lr: 0.01 train_loss: 2817.6338 train_distortion: 0.3202 train_mapscore: 0.9977 train_c: -1.0122 train_max_dist: 36.9482 train_imax: 6.2229 train_imin: -7.5042 time: 1.0571s
INFO:root:Epoch: 0165 lr: 0.01 train_loss: 4908.9795 train_distortion: 0.3197 train_mapscore: 0.9715 train_c: -1.0124 train_max_dist: 36.7666 train_imax: 32.7385 train_imin: -42.3907 time: 1.0522s
INFO:root:Epoch: 0170 lr: 0.01 train_loss: 4658.2432 train_distortion: 0.3159 train_mapscore: 0.9770 train_c: -1.0125 train_max_dist: 36.3311 train_imax: 28.8870 train_imin: -45.6089 time: 1.0920s
INFO:root:Epoch: 0175 lr: 0.01 train_loss: 4280.4775 train_distortion: 0.3150 train_mapscore: 0.9831 train_c: -1.0126 train_max_dist: 36.4492 train_imax: 31.0239 train_imin: -46.3695 time: 1.0491s
INFO:root:Epoch: 0180 lr: 0.01 train_loss: 3821.5791 train_distortion: 0.3169 train_mapscore: 0.9896 train_c: -1.0127 train_max_dist: 36.6123 train_imax: 32.8805 train_imin: -48.1148 time: 1.0520s
INFO:root:Epoch: 0185 lr: 0.01 train_loss: 3395.1870 train_distortion: 0.3210 train_mapscore: 0.9934 train_c: -1.0129 train_max_dist: 36.9707 train_imax: 32.9267 train_imin: -50.5145 time: 1.0489s
INFO:root:Epoch: 0190 lr: 0.01 train_loss: 3280.5312 train_distortion: 0.3260 train_mapscore: 0.9916 train_c: -1.0130 train_max_dist: 37.4648 train_imax: 32.6270 train_imin: -53.3387 time: 1.0667s
INFO:root:Epoch: 0195 lr: 0.01 train_loss: 3128.7173 train_distortion: 0.3309 train_mapscore: 0.9930 train_c: -1.0131 train_max_dist: 37.8936 train_imax: 33.7701 train_imin: -55.3660 time: 1.0604s
INFO:root:Epoch: 0200 lr: 0.01 train_loss: 2990.9167 train_distortion: 0.3345 train_mapscore: 0.9954 train_c: -1.0133 train_max_dist: 38.1699 train_imax: 33.4620 train_imin: -56.8283 time: 1.0565s
INFO:root:Epoch: 0205 lr: 0.01 train_loss: 2952.6597 train_distortion: 0.3366 train_mapscore: 0.9957 train_c: -1.0134 train_max_dist: 38.4248 train_imax: 33.1719 train_imin: -57.7579 time: 1.0563s
INFO:root:Epoch: 0210 lr: 0.01 train_loss: 2859.8789 train_distortion: 0.3372 train_mapscore: 0.9959 train_c: -1.0134 train_max_dist: 38.5283 train_imax: 32.5430 train_imin: -58.1298 time: 1.0630s
INFO:root:Epoch: 0215 lr: 0.01 train_loss: 2755.2349 train_distortion: 0.3373 train_mapscore: 0.9959 train_c: -1.0135 train_max_dist: 38.5166 train_imax: 32.4282 train_imin: -58.4439 time: 1.0569s
INFO:root:Epoch: 0220 lr: 0.01 train_loss: 2687.0415 train_distortion: 0.3362 train_mapscore: 0.9965 train_c: -1.0136 train_max_dist: 38.5303 train_imax: 31.4344 train_imin: -57.7449 time: 1.0526s
INFO:root:Epoch: 0225 lr: 0.01 train_loss: 2644.0474 train_distortion: 0.3353 train_mapscore: 0.9968 train_c: -1.0136 train_max_dist: 38.4756 train_imax: 31.3235 train_imin: -56.9958 time: 1.0835s
INFO:root:Epoch: 0230 lr: 0.01 train_loss: 2635.2437 train_distortion: 0.3348 train_mapscore: 0.9966 train_c: -1.0137 train_max_dist: 38.4238 train_imax: 30.9906 train_imin: -56.0430 time: 1.0652s
INFO:root:Epoch: 0235 lr: 0.01 train_loss: 2584.9155 train_distortion: 0.3342 train_mapscore: 0.9972 train_c: -1.0138 train_max_dist: 38.4951 train_imax: 30.3754 train_imin: -55.1433 time: 1.0572s
INFO:root:Epoch: 0240 lr: 0.01 train_loss: 2605.3506 train_distortion: 0.3342 train_mapscore: 0.9956 train_c: -1.0139 train_max_dist: 38.4219 train_imax: 30.4722 train_imin: -54.5468 time: 1.0498s
INFO:root:Epoch: 0245 lr: 0.01 train_loss: 2580.5425 train_distortion: 0.3340 train_mapscore: 0.9955 train_c: -1.0139 train_max_dist: 38.4746 train_imax: 29.6919 train_imin: -53.5495 time: 1.0506s
INFO:root:Epoch: 0250 lr: 0.01 train_loss: 2528.2534 train_distortion: 0.3337 train_mapscore: 0.9964 train_c: -1.0140 train_max_dist: 38.5352 train_imax: 29.4150 train_imin: -52.7248 time: 1.0521s
INFO:root:Epoch: 0255 lr: 0.01 train_loss: 2495.2009 train_distortion: 0.3340 train_mapscore: 0.9969 train_c: -1.0141 train_max_dist: 38.5840 train_imax: 29.3090 train_imin: -51.8396 time: 1.0466s
INFO:root:Epoch: 0260 lr: 0.01 train_loss: 2433.3381 train_distortion: 0.3348 train_mapscore: 0.9973 train_c: -1.0142 train_max_dist: 38.6670 train_imax: 29.1084 train_imin: -51.2672 time: 1.0529s
INFO:root:Epoch: 0265 lr: 0.01 train_loss: 2350.0920 train_distortion: 0.3356 train_mapscore: 0.9972 train_c: -1.0142 train_max_dist: 38.7764 train_imax: 28.9315 train_imin: -50.4258 time: 1.0531s
INFO:root:Epoch: 0270 lr: 0.01 train_loss: 2317.1343 train_distortion: 0.3365 train_mapscore: 0.9977 train_c: -1.0143 train_max_dist: 38.8086 train_imax: 28.4879 train_imin: -50.0980 time: 1.0650s
INFO:root:Epoch: 0275 lr: 0.01 train_loss: 2241.2532 train_distortion: 0.3374 train_mapscore: 0.9977 train_c: -1.0144 train_max_dist: 38.9160 train_imax: 28.1758 train_imin: -49.8296 time: 1.0635s
INFO:root:Epoch: 0280 lr: 0.01 train_loss: 2220.6338 train_distortion: 0.3382 train_mapscore: 0.9976 train_c: -1.0145 train_max_dist: 38.9600 train_imax: 28.5284 train_imin: -49.2585 time: 1.0878s
INFO:root:Epoch: 0285 lr: 0.01 train_loss: 2293.3645 train_distortion: 0.3389 train_mapscore: 0.9979 train_c: -1.0145 train_max_dist: 39.0078 train_imax: 28.1041 train_imin: -48.6267 time: 1.0663s
INFO:root:Epoch: 0290 lr: 0.01 train_loss: 2811.8044 train_distortion: 0.3384 train_mapscore: 0.9908 train_c: -1.0146 train_max_dist: 38.9570 train_imax: 27.0391 train_imin: -48.2679 time: 1.0522s
INFO:root:Epoch: 0295 lr: 0.01 train_loss: 2667.1284 train_distortion: 0.3370 train_mapscore: 0.9939 train_c: -1.0146 train_max_dist: 38.9307 train_imax: 26.3925 train_imin: -47.3392 time: 1.0595s
INFO:root:Epoch: 0300 lr: 0.01 train_loss: 12369.6387 train_distortion: 0.3323 train_mapscore: 0.8091 train_c: -1.0153 train_max_dist: 38.3213 train_imax: 14.0900 train_imin: -54.9600 time: 1.0682s
INFO:root:Epoch: 0305 lr: 0.01 train_loss: 13881.6953 train_distortion: 0.3201 train_mapscore: 0.7364 train_c: -1.0156 train_max_dist: 36.4209 train_imax: 19.0045 train_imin: -51.9596 time: 1.0681s
INFO:root:Epoch: 0310 lr: 0.01 train_loss: 13614.2129 train_distortion: 0.3165 train_mapscore: 0.7390 train_c: -1.0158 train_max_dist: 34.5850 train_imax: 17.7038 train_imin: -47.2950 time: 1.0722s
INFO:root:Epoch: 0315 lr: 0.01 train_loss: 12669.2246 train_distortion: 0.3173 train_mapscore: 0.7783 train_c: -1.0159 train_max_dist: 33.5020 train_imax: 17.0795 train_imin: -44.1910 time: 1.0657s
INFO:root:Epoch: 0320 lr: 0.01 train_loss: 11449.1260 train_distortion: 0.3173 train_mapscore: 0.8340 train_c: -1.0160 train_max_dist: 33.3447 train_imax: 17.5152 train_imin: -43.2854 time: 1.0720s
INFO:root:Epoch: 0325 lr: 0.01 train_loss: 10160.0000 train_distortion: 0.3154 train_mapscore: 0.8685 train_c: -1.0160 train_max_dist: 33.8438 train_imax: 18.9757 train_imin: -44.8152 time: 1.0610s
INFO:root:Epoch: 0330 lr: 0.01 train_loss: 8801.8193 train_distortion: 0.3138 train_mapscore: 0.9013 train_c: -1.0161 train_max_dist: 34.8232 train_imax: 20.7433 train_imin: -48.5425 time: 1.0718s
INFO:root:Epoch: 0335 lr: 0.01 train_loss: 7565.5024 train_distortion: 0.3154 train_mapscore: 0.9230 train_c: -1.0161 train_max_dist: 36.1240 train_imax: 22.3407 train_imin: -53.7937 time: 1.0952s
INFO:root:Epoch: 0340 lr: 0.01 train_loss: 6506.1094 train_distortion: 0.3214 train_mapscore: 0.9390 train_c: -1.0162 train_max_dist: 37.5752 train_imax: 24.6008 train_imin: -59.8988 time: 1.0728s
INFO:root:Epoch: 0345 lr: 0.01 train_loss: 5757.5444 train_distortion: 0.3319 train_mapscore: 0.9505 train_c: -1.0162 train_max_dist: 38.9512 train_imax: 27.3188 train_imin: -66.4143 time: 1.0751s
INFO:root:Epoch: 0350 lr: 0.01 train_loss: 5180.6494 train_distortion: 0.3444 train_mapscore: 0.9591 train_c: -1.0163 train_max_dist: 40.1699 train_imax: 29.5278 train_imin: -72.3588 time: 1.0664s
INFO:root:Epoch: 0355 lr: 0.01 train_loss: 4743.4858 train_distortion: 0.3575 train_mapscore: 0.9656 train_c: -1.0163 train_max_dist: 41.1270 train_imax: 31.5025 train_imin: -77.6347 time: 1.0641s
INFO:root:Epoch: 0360 lr: 0.01 train_loss: 4452.7217 train_distortion: 0.3689 train_mapscore: 0.9713 train_c: -1.0163 train_max_dist: 50.0000 train_imax: 32.6443 train_imin: -81.9929 time: 1.0591s
INFO:root:Epoch: 0365 lr: 0.01 train_loss: 4435.9819 train_distortion: 0.3782 train_mapscore: 0.9732 train_c: -1.0164 train_max_dist: 42.3184 train_imax: 33.5285 train_imin: -85.0541 time: 1.0617s
INFO:root:Epoch: 0370 lr: 0.01 train_loss: 4243.5356 train_distortion: 0.3842 train_mapscore: 0.9773 train_c: -1.0164 train_max_dist: 42.6621 train_imax: 33.5073 train_imin: -86.9964 time: 1.1001s
INFO:root:Epoch: 0375 lr: 0.01 train_loss: 4109.1104 train_distortion: 0.3878 train_mapscore: 0.9804 train_c: -1.0164 train_max_dist: 42.9043 train_imax: 33.0761 train_imin: -88.3334 time: 1.0665s
INFO:root:Epoch: 0380 lr: 0.01 train_loss: 3868.3955 train_distortion: 0.3901 train_mapscore: 0.9830 train_c: -1.0164 train_max_dist: 43.0156 train_imax: 32.6841 train_imin: -88.7812 time: 1.0681s
INFO:root:Epoch: 0385 lr: 0.01 train_loss: 3750.3804 train_distortion: 0.3913 train_mapscore: 0.9860 train_c: -1.0164 train_max_dist: 43.1016 train_imax: 32.3783 train_imin: -89.0834 time: 1.0617s
INFO:root:Epoch: 0390 lr: 0.01 train_loss: 3684.4153 train_distortion: 0.3920 train_mapscore: 0.9862 train_c: -1.0164 train_max_dist: 43.0879 train_imax: 32.7607 train_imin: -89.4242 time: 1.0944s
INFO:root:Epoch: 0395 lr: 0.01 train_loss: 3463.0149 train_distortion: 0.3928 train_mapscore: 0.9879 train_c: -1.0164 train_max_dist: 43.0938 train_imax: 32.2792 train_imin: -89.6482 time: 1.0627s
INFO:root:Epoch: 0400 lr: 0.01 train_loss: 3404.7087 train_distortion: 0.3935 train_mapscore: 0.9889 train_c: -1.0164 train_max_dist: 43.1152 train_imax: 32.5181 train_imin: -89.7529 time: 1.0618s
INFO:root:Epoch: 0405 lr: 0.01 train_loss: 3306.7061 train_distortion: 0.3945 train_mapscore: 0.9895 train_c: -1.0164 train_max_dist: 43.2090 train_imax: 31.7615 train_imin: -90.0889 time: 1.0586s
INFO:root:Epoch: 0410 lr: 0.01 train_loss: 3260.9038 train_distortion: 0.3957 train_mapscore: 0.9906 train_c: -1.0164 train_max_dist: 43.2207 train_imax: 31.0796 train_imin: -90.1139 time: 1.0709s
INFO:root:Epoch: 0415 lr: 0.01 train_loss: 3184.5962 train_distortion: 0.3972 train_mapscore: 0.9917 train_c: -1.0165 train_max_dist: 43.2969 train_imax: 31.1658 train_imin: -90.4323 time: 1.0577s
INFO:root:Epoch: 0420 lr: 0.01 train_loss: 3128.0574 train_distortion: 0.3981 train_mapscore: 0.9920 train_c: -1.0165 train_max_dist: 43.3184 train_imax: 31.4079 train_imin: -90.6614 time: 1.0543s
INFO:root:Epoch: 0425 lr: 0.01 train_loss: 3044.9878 train_distortion: 0.3993 train_mapscore: 0.9917 train_c: -1.0165 train_max_dist: 43.3750 train_imax: 30.7601 train_imin: -91.0235 time: 1.0531s
INFO:root:Epoch: 0430 lr: 0.01 train_loss: 2990.0078 train_distortion: 0.4009 train_mapscore: 0.9927 train_c: -1.0165 train_max_dist: 43.4336 train_imax: 30.3929 train_imin: -91.0453 time: 1.0594s
INFO:root:Epoch: 0435 lr: 0.01 train_loss: 2971.2578 train_distortion: 0.4020 train_mapscore: 0.9932 train_c: -1.0165 train_max_dist: 43.4570 train_imax: 30.3858 train_imin: -90.9699 time: 1.0559s
INFO:root:Epoch: 0440 lr: 0.01 train_loss: 2935.1289 train_distortion: 0.4030 train_mapscore: 0.9932 train_c: -1.0165 train_max_dist: 43.5312 train_imax: 29.5724 train_imin: -91.2587 time: 1.0572s
INFO:root:Epoch: 0445 lr: 0.01 train_loss: 2914.9888 train_distortion: 0.4036 train_mapscore: 0.9937 train_c: -1.0165 train_max_dist: 43.5645 train_imax: 29.1529 train_imin: -90.9250 time: 1.0836s
INFO:root:Epoch: 0450 lr: 0.01 train_loss: 2931.6699 train_distortion: 0.4041 train_mapscore: 0.9933 train_c: -1.0165 train_max_dist: 43.6270 train_imax: 29.0528 train_imin: -90.8123 time: 1.0604s
INFO:root:Epoch: 0455 lr: 0.01 train_loss: 2912.1074 train_distortion: 0.4041 train_mapscore: 0.9937 train_c: -1.0165 train_max_dist: 43.5645 train_imax: 28.7505 train_imin: -90.7337 time: 1.0533s
INFO:root:Epoch: 0460 lr: 0.01 train_loss: 2855.8657 train_distortion: 0.4042 train_mapscore: 0.9940 train_c: -1.0166 train_max_dist: 43.6016 train_imax: 28.2672 train_imin: -90.4142 time: 1.0558s
INFO:root:Epoch: 0465 lr: 0.01 train_loss: 2957.4790 train_distortion: 0.4048 train_mapscore: 0.9922 train_c: -1.0166 train_max_dist: 43.6660 train_imax: 27.5181 train_imin: -90.2343 time: 1.0595s
INFO:root:Epoch: 0470 lr: 0.01 train_loss: 3086.2832 train_distortion: 0.4044 train_mapscore: 0.9907 train_c: -1.0166 train_max_dist: 43.7207 train_imax: 26.8946 train_imin: -89.8482 time: 1.0518s
INFO:root:Epoch: 0475 lr: 0.01 train_loss: 3001.1235 train_distortion: 0.4034 train_mapscore: 0.9910 train_c: -1.0166 train_max_dist: 43.7422 train_imax: 26.6735 train_imin: -89.0885 time: 1.0975s
INFO:root:Epoch: 0480 lr: 0.01 train_loss: 2924.0220 train_distortion: 0.4035 train_mapscore: 0.9929 train_c: -1.0166 train_max_dist: 43.6816 train_imax: 26.6413 train_imin: -89.2149 time: 1.0933s
INFO:root:Epoch: 0485 lr: 0.01 train_loss: 2828.6333 train_distortion: 0.4041 train_mapscore: 0.9938 train_c: -1.0166 train_max_dist: 43.7520 train_imax: 26.1665 train_imin: -89.1890 time: 1.1002s
INFO:root:Epoch: 0490 lr: 0.01 train_loss: 2711.7178 train_distortion: 0.4056 train_mapscore: 0.9939 train_c: -1.0166 train_max_dist: 43.8496 train_imax: 26.5275 train_imin: -89.3295 time: 1.0769s
INFO:root:Epoch: 0495 lr: 0.01 train_loss: 2722.0881 train_distortion: 0.4073 train_mapscore: 0.9942 train_c: -1.0166 train_max_dist: 43.9180 train_imax: 26.0790 train_imin: -89.7699 time: 1.0980s
INFO:root:Epoch: 0500 lr: 0.01 train_loss: 2707.2764 train_distortion: 0.4094 train_mapscore: 0.9950 train_c: -1.0167 train_max_dist: 44.0020 train_imax: 26.5299 train_imin: -89.8700 time: 1.1502s
INFO:root:Epoch: 0505 lr: 0.01 train_loss: 2753.5811 train_distortion: 0.4109 train_mapscore: 0.9952 train_c: -1.0167 train_max_dist: 44.0664 train_imax: 25.7613 train_imin: -89.9601 time: 1.0821s
INFO:root:Epoch: 0510 lr: 0.01 train_loss: 2722.3325 train_distortion: 0.4114 train_mapscore: 0.9956 train_c: -1.0167 train_max_dist: 44.1113 train_imax: 25.5412 train_imin: -90.0103 time: 1.0923s
INFO:root:Epoch: 0515 lr: 0.01 train_loss: 2617.1292 train_distortion: 0.4120 train_mapscore: 0.9957 train_c: -1.0167 train_max_dist: 44.1426 train_imax: 25.9803 train_imin: -89.8623 time: 1.0842s
INFO:root:Epoch: 0520 lr: 0.01 train_loss: 2612.9668 train_distortion: 0.4122 train_mapscore: 0.9961 train_c: -1.0167 train_max_dist: 44.1738 train_imax: 25.3834 train_imin: -89.6903 time: 1.0943s
INFO:root:Epoch: 0525 lr: 0.01 train_loss: 2626.0356 train_distortion: 0.4123 train_mapscore: 0.9961 train_c: -1.0167 train_max_dist: 44.1738 train_imax: 25.1320 train_imin: -89.5197 time: 1.0619s
INFO:root:Epoch: 0530 lr: 0.01 train_loss: 2583.3301 train_distortion: 0.4121 train_mapscore: 0.9961 train_c: -1.0167 train_max_dist: 44.1641 train_imax: 25.0746 train_imin: -89.4046 time: 1.0466s
INFO:root:Epoch: 0535 lr: 0.01 train_loss: 2541.9028 train_distortion: 0.4124 train_mapscore: 0.9961 train_c: -1.0167 train_max_dist: 44.1797 train_imax: 24.9981 train_imin: -89.0273 time: 1.0665s
INFO:root:Epoch: 0540 lr: 0.01 train_loss: 2596.7903 train_distortion: 0.4121 train_mapscore: 0.9960 train_c: -1.0168 train_max_dist: 44.1074 train_imax: 24.5314 train_imin: -88.9074 time: 1.0626s
INFO:root:Epoch: 0545 lr: 0.01 train_loss: 2590.8511 train_distortion: 0.4120 train_mapscore: 0.9960 train_c: -1.0168 train_max_dist: 44.1250 train_imax: 25.2376 train_imin: -88.2569 time: 1.0679s
INFO:root:Epoch: 0550 lr: 0.01 train_loss: 2602.9448 train_distortion: 0.4116 train_mapscore: 0.9957 train_c: -1.0168 train_max_dist: 44.1035 train_imax: 24.4494 train_imin: -88.1206 time: 1.0511s
INFO:root:Epoch: 0555 lr: 0.01 train_loss: 13148.6914 train_distortion: 0.4023 train_mapscore: 0.8012 train_c: -1.0170 train_max_dist: 44.0527 train_imax: 29.3513 train_imin: -83.4836 time: 1.0920s
INFO:root:Epoch: 0560 lr: 0.01 train_loss: 13421.5977 train_distortion: 0.3608 train_mapscore: 0.7554 train_c: -1.0170 train_max_dist: 41.5352 train_imax: 27.5279 train_imin: -67.6001 time: 1.0502s
INFO:root:Epoch: 0565 lr: 0.01 train_loss: 12106.9707 train_distortion: 0.3305 train_mapscore: 0.7890 train_c: -1.0171 train_max_dist: 38.7520 train_imax: 23.6284 train_imin: -54.2293 time: 1.0563s
INFO:root:Epoch: 0570 lr: 0.01 train_loss: 11684.4629 train_distortion: 0.3184 train_mapscore: 0.8029 train_c: -1.0171 train_max_dist: 36.8389 train_imax: 20.1117 train_imin: -45.9483 time: 1.0530s
INFO:root:Epoch: 0575 lr: 0.01 train_loss: 11428.7480 train_distortion: 0.3151 train_mapscore: 0.8099 train_c: -1.0171 train_max_dist: 35.7910 train_imax: 18.5424 train_imin: -41.5422 time: 1.0561s
INFO:root:Epoch: 0580 lr: 0.01 train_loss: 10294.2852 train_distortion: 0.3144 train_mapscore: 0.8583 train_c: -1.0171 train_max_dist: 35.4453 train_imax: 18.1512 train_imin: -40.7060 time: 1.0556s
INFO:root:Epoch: 0585 lr: 0.01 train_loss: 9007.6709 train_distortion: 0.3147 train_mapscore: 0.8970 train_c: -1.0172 train_max_dist: 35.7861 train_imax: 18.8313 train_imin: -42.5519 time: 1.0514s
INFO:root:Epoch: 0590 lr: 0.01 train_loss: 7694.6475 train_distortion: 0.3185 train_mapscore: 0.9281 train_c: -1.0172 train_max_dist: 36.8965 train_imax: 20.9743 train_imin: -46.3028 time: 1.0567s
INFO:root:Epoch: 0595 lr: 0.01 train_loss: 6549.7144 train_distortion: 0.3281 train_mapscore: 0.9457 train_c: -1.0173 train_max_dist: 38.4004 train_imax: 23.8841 train_imin: -51.6034 time: 1.0561s
INFO:root:Epoch: 0600 lr: 0.01 train_loss: 5588.5728 train_distortion: 0.3439 train_mapscore: 0.9585 train_c: -1.0173 train_max_dist: 39.9414 train_imax: 26.4158 train_imin: -57.5625 time: 1.0469s
INFO:root:Epoch: 0605 lr: 0.01 train_loss: 4917.1685 train_distortion: 0.3642 train_mapscore: 0.9645 train_c: -1.0174 train_max_dist: 41.3438 train_imax: 29.1622 train_imin: -63.7251 time: 1.0548s
INFO:root:Epoch: 0610 lr: 0.01 train_loss: 4426.5928 train_distortion: 0.3856 train_mapscore: 0.9723 train_c: -1.0174 train_max_dist: 42.5938 train_imax: 31.6142 train_imin: -69.4549 time: 1.0827s
INFO:root:Epoch: 0615 lr: 0.01 train_loss: 4172.1572 train_distortion: 0.4051 train_mapscore: 0.9750 train_c: -1.0174 train_max_dist: 43.5566 train_imax: 33.6011 train_imin: -74.2758 time: 1.0440s
INFO:root:Epoch: 0620 lr: 0.01 train_loss: 4009.8188 train_distortion: 0.4206 train_mapscore: 0.9783 train_c: -1.0175 train_max_dist: 44.3184 train_imax: 35.4911 train_imin: -77.8254 time: 1.0536s
INFO:root:Epoch: 0625 lr: 0.01 train_loss: 3863.4531 train_distortion: 0.4312 train_mapscore: 0.9818 train_c: -1.0175 train_max_dist: 44.7578 train_imax: 35.9173 train_imin: -80.1209 time: 1.0433s
INFO:root:Epoch: 0630 lr: 0.01 train_loss: 4070.2498 train_distortion: 0.4374 train_mapscore: 0.9819 train_c: -1.0175 train_max_dist: 44.9336 train_imax: 35.6319 train_imin: -81.1110 time: 1.0571s
INFO:root:Epoch: 0635 lr: 0.01 train_loss: 3951.8035 train_distortion: 0.4388 train_mapscore: 0.9813 train_c: -1.0175 train_max_dist: 44.9824 train_imax: 35.9467 train_imin: -81.3297 time: 1.0536s
INFO:root:Epoch: 0640 lr: 0.01 train_loss: 3834.5327 train_distortion: 0.4379 train_mapscore: 0.9828 train_c: -1.0175 train_max_dist: 45.0039 train_imax: 35.4959 train_imin: -80.7263 time: 1.0494s
INFO:root:Epoch: 0645 lr: 0.01 train_loss: 3766.1240 train_distortion: 0.4357 train_mapscore: 0.9843 train_c: -1.0175 train_max_dist: 44.9727 train_imax: 34.9415 train_imin: -80.0226 time: 1.0528s
INFO:root:Epoch: 0650 lr: 0.01 train_loss: 3618.6550 train_distortion: 0.4341 train_mapscore: 0.9853 train_c: -1.0175 train_max_dist: 44.9375 train_imax: 35.6156 train_imin: -79.4409 time: 1.0686s
INFO:root:Epoch: 0655 lr: 0.01 train_loss: 3478.8481 train_distortion: 0.4334 train_mapscore: 0.9862 train_c: -1.0175 train_max_dist: 44.8965 train_imax: 34.9742 train_imin: -78.7874 time: 1.0441s
INFO:root:Epoch: 0660 lr: 0.01 train_loss: 3378.5024 train_distortion: 0.4338 train_mapscore: 0.9870 train_c: -1.0175 train_max_dist: 44.8867 train_imax: 35.6386 train_imin: -78.9038 time: 1.0436s
INFO:root:Epoch: 0665 lr: 0.01 train_loss: 4423.9785 train_distortion: 0.4305 train_mapscore: 0.9811 train_c: -1.0175 train_max_dist: 44.7305 train_imax: 35.7327 train_imin: -78.1122 time: 1.0823s
INFO:root:Epoch: 0670 lr: 0.01 train_loss: 4077.5530 train_distortion: 0.4238 train_mapscore: 0.9819 train_c: -1.0175 train_max_dist: 44.3965 train_imax: 34.7916 train_imin: -76.7145 time: 1.0624s
INFO:root:Epoch: 0675 lr: 0.01 train_loss: 3972.5806 train_distortion: 0.4200 train_mapscore: 0.9834 train_c: -1.0176 train_max_dist: 44.2461 train_imax: 34.1664 train_imin: -76.0843 time: 1.0586s
INFO:root:Epoch: 0680 lr: 0.01 train_loss: 4143.1328 train_distortion: 0.4180 train_mapscore: 0.9800 train_c: -1.0176 train_max_dist: 44.1914 train_imax: 33.9885 train_imin: -75.3276 time: 1.0547s
INFO:root:Epoch: 0685 lr: 0.01 train_loss: 4094.1777 train_distortion: 0.4149 train_mapscore: 0.9797 train_c: -1.0176 train_max_dist: 44.0957 train_imax: 33.0329 train_imin: -74.4090 time: 1.0517s
INFO:root:Epoch: 0690 lr: 0.01 train_loss: 3787.6499 train_distortion: 0.4163 train_mapscore: 0.9825 train_c: -1.0176 train_max_dist: 44.0977 train_imax: 32.8167 train_imin: -74.4172 time: 1.0566s
INFO:root:Epoch: 0695 lr: 0.01 train_loss: 3704.5852 train_distortion: 0.4209 train_mapscore: 0.9822 train_c: -1.0176 train_max_dist: 44.3398 train_imax: 33.9129 train_imin: -75.0955 time: 1.0462s
INFO:root:Epoch: 0700 lr: 0.01 train_loss: 8987.5615 train_distortion: 0.4255 train_mapscore: 0.9027 train_c: -1.0176 train_max_dist: 44.5117 train_imax: 35.6629 train_imin: -76.3474 time: 1.0504s
INFO:root:Epoch: 0705 lr: 0.01 train_loss: 17614.5391 train_distortion: 0.3883 train_mapscore: 0.6294 train_c: -1.0177 train_max_dist: 42.6094 train_imax: 32.9532 train_imin: -68.1864 time: 1.0621s
INFO:root:Epoch: 0710 lr: 0.01 train_loss: 17113.8672 train_distortion: 0.3360 train_mapscore: 0.5967 train_c: -1.0177 train_max_dist: 39.0195 train_imax: 25.3317 train_imin: -51.6635 time: 1.0501s
INFO:root:Epoch: 0715 lr: 0.01 train_loss: 16013.9570 train_distortion: 0.3197 train_mapscore: 0.6315 train_c: -1.0176 train_max_dist: 35.6279 train_imax: 19.7309 train_imin: -39.8759 time: 1.0503s
INFO:root:Epoch: 0720 lr: 0.01 train_loss: 15170.5312 train_distortion: 0.3222 train_mapscore: 0.6741 train_c: -1.0176 train_max_dist: 33.4111 train_imax: 16.8495 train_imin: -33.5359 time: 1.1003s
INFO:root:Epoch: 0725 lr: 0.01 train_loss: 14343.1982 train_distortion: 0.3245 train_mapscore: 0.7209 train_c: -1.0176 train_max_dist: 32.6519 train_imax: 16.1653 train_imin: -31.6055 time: 1.0618s
INFO:root:Epoch: 0730 lr: 0.01 train_loss: 13255.2715 train_distortion: 0.3214 train_mapscore: 0.7684 train_c: -1.0176 train_max_dist: 33.0879 train_imax: 17.2035 train_imin: -32.8496 time: 1.0756s
INFO:root:Epoch: 0735 lr: 0.01 train_loss: 13014.5488 train_distortion: 0.3172 train_mapscore: 0.7523 train_c: -1.0177 train_max_dist: 34.2676 train_imax: 19.1795 train_imin: -35.2846 time: 1.0704s
INFO:root:Epoch: 0740 lr: 0.01 train_loss: 11922.0625 train_distortion: 0.3163 train_mapscore: 0.7923 train_c: -1.0177 train_max_dist: 35.6465 train_imax: 21.4814 train_imin: -38.6723 time: 1.0709s
INFO:root:Epoch: 0745 lr: 0.01 train_loss: 10656.5508 train_distortion: 0.3197 train_mapscore: 0.8416 train_c: -1.0178 train_max_dist: 37.0430 train_imax: 23.4064 train_imin: -42.9927 time: 1.0622s
INFO:root:Epoch: 0750 lr: 0.01 train_loss: 9544.6514 train_distortion: 0.3275 train_mapscore: 0.8747 train_c: -1.0179 train_max_dist: 38.4609 train_imax: 25.5799 train_imin: -48.2626 time: 1.0598s
INFO:root:Epoch: 0755 lr: 0.01 train_loss: 8529.1758 train_distortion: 0.3393 train_mapscore: 0.8973 train_c: -1.0179 train_max_dist: 39.7188 train_imax: 27.9484 train_imin: -53.7915 time: 1.0550s
INFO:root:Epoch: 0760 lr: 0.01 train_loss: 7720.4375 train_distortion: 0.3538 train_mapscore: 0.9135 train_c: -1.0180 train_max_dist: 40.9082 train_imax: 29.6732 train_imin: -59.7906 time: 1.0587s
INFO:root:Epoch: 0765 lr: 0.01 train_loss: 7058.7046 train_distortion: 0.3697 train_mapscore: 0.9263 train_c: -1.0180 train_max_dist: 41.9570 train_imax: 31.7193 train_imin: -65.0858 time: 1.0577s
INFO:root:Epoch: 0770 lr: 0.01 train_loss: 6897.1064 train_distortion: 0.3849 train_mapscore: 0.9296 train_c: -1.0180 train_max_dist: 42.8555 train_imax: 33.2416 train_imin: -69.8118 time: 1.0712s
INFO:root:Epoch: 0775 lr: 0.01 train_loss: 6814.9941 train_distortion: 0.3954 train_mapscore: 0.9329 train_c: -1.0181 train_max_dist: 43.4062 train_imax: 33.6521 train_imin: -72.7510 time: 1.0841s
INFO:root:Epoch: 0780 lr: 0.01 train_loss: 10181.1133 train_distortion: 0.3986 train_mapscore: 0.8544 train_c: -1.0181 train_max_dist: 43.7441 train_imax: 34.3189 train_imin: -73.2086 time: 1.0653s
INFO:root:Epoch: 0785 lr: 0.01 train_loss: 16591.5391 train_distortion: 0.3708 train_mapscore: 0.6447 train_c: -1.0182 train_max_dist: 42.5176 train_imax: 29.5043 train_imin: -64.9479 time: 1.0713s
INFO:root:Epoch: 0790 lr: 0.01 train_loss: 15941.2266 train_distortion: 0.3382 train_mapscore: 0.6459 train_c: -1.0182 train_max_dist: 39.8965 train_imax: 22.2658 train_imin: -53.5194 time: 1.0608s
INFO:root:Epoch: 0795 lr: 0.01 train_loss: 14938.9980 train_distortion: 0.3232 train_mapscore: 0.6774 train_c: -1.0182 train_max_dist: 37.4355 train_imax: 17.1791 train_imin: -44.7584 time: 1.0588s
INFO:root:Epoch: 0800 lr: 0.01 train_loss: 13978.1270 train_distortion: 0.3198 train_mapscore: 0.7219 train_c: -1.0181 train_max_dist: 35.9434 train_imax: 15.1271 train_imin: -39.8579 time: 1.0580s
INFO:root:Epoch: 0805 lr: 0.01 train_loss: 13072.7637 train_distortion: 0.3191 train_mapscore: 0.7643 train_c: -1.0181 train_max_dist: 35.5000 train_imax: 15.1542 train_imin: -38.5331 time: 1.0615s
INFO:root:Epoch: 0810 lr: 0.01 train_loss: 11994.6201 train_distortion: 0.3181 train_mapscore: 0.8098 train_c: -1.0182 train_max_dist: 35.9336 train_imax: 16.4525 train_imin: -39.9609 time: 1.0582s
INFO:root:Epoch: 0815 lr: 0.01 train_loss: 10869.8760 train_distortion: 0.3189 train_mapscore: 0.8446 train_c: -1.0182 train_max_dist: 36.9814 train_imax: 18.0305 train_imin: -43.6787 time: 1.0935s
INFO:root:Epoch: 0820 lr: 0.01 train_loss: 9775.8672 train_distortion: 0.3241 train_mapscore: 0.8718 train_c: -1.0183 train_max_dist: 38.4111 train_imax: 19.9677 train_imin: -49.2652 time: 1.0536s
INFO:root:Epoch: 0825 lr: 0.01 train_loss: 8804.9502 train_distortion: 0.3355 train_mapscore: 0.8940 train_c: -1.0184 train_max_dist: 40.0117 train_imax: 23.2307 train_imin: -55.8453 time: 1.0562s
INFO:root:Epoch: 0830 lr: 0.01 train_loss: 8120.0522 train_distortion: 0.3517 train_mapscore: 0.9063 train_c: -1.0184 train_max_dist: 41.4941 train_imax: 26.0151 train_imin: -62.6614 time: 1.0814s
INFO:root:Epoch: 0835 lr: 0.01 train_loss: 7476.2061 train_distortion: 0.3708 train_mapscore: 0.9180 train_c: -1.0185 train_max_dist: 42.8242 train_imax: 28.8412 train_imin: -69.6190 time: 1.0672s
INFO:root:Epoch: 0840 lr: 0.01 train_loss: 6972.1162 train_distortion: 0.3904 train_mapscore: 0.9284 train_c: -1.0185 train_max_dist: 43.9590 train_imax: 31.5312 train_imin: -75.8217 time: 1.0602s
INFO:root:Epoch: 0845 lr: 0.01 train_loss: 6780.3311 train_distortion: 0.4074 train_mapscore: 0.9320 train_c: -1.0185 train_max_dist: 44.8203 train_imax: 33.7447 train_imin: -81.1716 time: 1.0621s
INFO:root:Epoch: 0850 lr: 0.01 train_loss: 11839.9863 train_distortion: 0.4222 train_mapscore: 0.8165 train_c: -1.0185 train_max_dist: 45.3594 train_imax: 35.0781 train_imin: -83.6853 time: 1.0743s
INFO:root:Epoch: 0855 lr: 0.01 train_loss: 18282.8652 train_distortion: 0.4224 train_mapscore: 0.6264 train_c: -1.0182 train_max_dist: 44.3789 train_imax: 31.8956 train_imin: -76.8040 time: 1.0691s
INFO:root:Epoch: 0860 lr: 0.01 train_loss: 18794.2695 train_distortion: 0.3765 train_mapscore: 0.5822 train_c: -1.0180 train_max_dist: 41.6211 train_imax: 25.2182 train_imin: -61.3593 time: 1.0628s
INFO:root:Epoch: 0865 lr: 0.01 train_loss: 16932.3145 train_distortion: 0.3400 train_mapscore: 0.6170 train_c: -1.0178 train_max_dist: 38.5430 train_imax: 19.6181 train_imin: -47.8378 time: 1.0591s
INFO:root:Epoch: 0870 lr: 0.01 train_loss: 15461.0566 train_distortion: 0.3260 train_mapscore: 0.6670 train_c: -1.0176 train_max_dist: 36.1152 train_imax: 15.4482 train_imin: -39.2224 time: 1.0646s
INFO:root:Epoch: 0875 lr: 0.01 train_loss: 14447.7559 train_distortion: 0.3230 train_mapscore: 0.7151 train_c: -1.0175 train_max_dist: 34.7148 train_imax: 13.1183 train_imin: -34.7477 time: 1.0741s
INFO:root:Epoch: 0880 lr: 0.01 train_loss: 13546.3594 train_distortion: 0.3225 train_mapscore: 0.7623 train_c: -1.0175 train_max_dist: 34.2764 train_imax: 12.4648 train_imin: -33.3244 time: 1.0649s
INFO:root:Epoch: 0885 lr: 0.01 train_loss: 13821.7441 train_distortion: 0.3222 train_mapscore: 0.7341 train_c: -1.0175 train_max_dist: 34.2217 train_imax: 11.9480 train_imin: -33.0234 time: 1.1087s
INFO:root:Epoch: 0890 lr: 0.01 train_loss: 13523.4131 train_distortion: 0.3216 train_mapscore: 0.7428 train_c: -1.0176 train_max_dist: 35.5264 train_imax: 11.8107 train_imin: -34.0522 time: 1.0795s
INFO:root:Epoch: 0895 lr: 0.01 train_loss: 12621.7578 train_distortion: 0.3214 train_mapscore: 0.7842 train_c: -1.0176 train_max_dist: 50.0000 train_imax: 11.8465 train_imin: -36.0627 time: 1.0562s
INFO:root:Epoch: 0900 lr: 0.01 train_loss: 11571.7432 train_distortion: 0.3230 train_mapscore: 0.8203 train_c: -1.0177 train_max_dist: 37.4502 train_imax: 12.1418 train_imin: -38.8683 time: 1.0454s
INFO:root:Epoch: 0905 lr: 0.01 train_loss: 10510.8672 train_distortion: 0.3275 train_mapscore: 0.8564 train_c: -1.0177 train_max_dist: 38.5459 train_imax: 12.8770 train_imin: -42.5221 time: 1.0504s
INFO:root:Epoch: 0910 lr: 0.01 train_loss: 11185.0107 train_distortion: 0.3356 train_mapscore: 0.8194 train_c: -1.0178 train_max_dist: 39.7227 train_imax: 14.0149 train_imin: -47.1132 time: 1.0464s
INFO:root:Epoch: 0915 lr: 0.01 train_loss: 11126.8652 train_distortion: 0.3439 train_mapscore: 0.8212 train_c: -1.0178 train_max_dist: 40.5859 train_imax: 15.4547 train_imin: -50.8497 time: 1.0473s
INFO:root:Epoch: 0920 lr: 0.01 train_loss: 10113.6992 train_distortion: 0.3502 train_mapscore: 0.8585 train_c: -1.0179 train_max_dist: 41.1641 train_imax: 16.5391 train_imin: -53.2704 time: 1.0533s
INFO:root:Epoch: 0925 lr: 0.01 train_loss: 9123.6309 train_distortion: 0.3562 train_mapscore: 0.8893 train_c: -1.0179 train_max_dist: 41.6621 train_imax: 17.2171 train_imin: -55.6766 time: 1.0528s
INFO:root:Epoch: 0930 lr: 0.01 train_loss: 14503.5840 train_distortion: 0.3636 train_mapscore: 0.7049 train_c: -1.0179 train_max_dist: 42.0293 train_imax: 16.9158 train_imin: -59.6008 time: 1.0554s
INFO:root:Epoch: 0935 lr: 0.01 train_loss: 20684.5938 train_distortion: 0.3643 train_mapscore: 0.5146 train_c: -1.0179 train_max_dist: 41.4336 train_imax: 36.5205 train_imin: -61.5631 time: 1.0574s
INFO:root:Epoch: 0940 lr: 0.01 train_loss: 26776.3164 train_distortion: 0.3680 train_mapscore: 0.3524 train_c: -1.0176 train_max_dist: 40.9395 train_imax: 24.5582 train_imin: -63.5053 time: 1.0971s
INFO:root:Epoch: 0945 lr: 0.01 train_loss: 26943.9395 train_distortion: 0.3493 train_mapscore: 0.3317 train_c: -1.0174 train_max_dist: 38.6699 train_imax: 16.0098 train_imin: -53.1589 time: 1.0665s
INFO:root:Epoch: 0950 lr: 0.01 train_loss: 25672.9922 train_distortion: 0.3407 train_mapscore: 0.3291 train_c: -1.0173 train_max_dist: 35.6904 train_imax: 13.9285 train_imin: -41.7073 time: 1.0693s
INFO:root:Epoch: 0955 lr: 0.01 train_loss: 24413.7773 train_distortion: 0.3485 train_mapscore: 0.3540 train_c: -1.0172 train_max_dist: 33.0459 train_imax: 11.0691 train_imin: -33.1258 time: 1.0763s
INFO:root:Epoch: 0960 lr: 0.01 train_loss: 23687.6465 train_distortion: 0.3631 train_mapscore: 0.3748 train_c: -1.0171 train_max_dist: 31.0654 train_imax: 8.8961 train_imin: -27.4344 time: 1.0721s
INFO:root:Epoch: 0965 lr: 0.01 train_loss: 23209.3418 train_distortion: 0.3758 train_mapscore: 0.3976 train_c: -1.0171 train_max_dist: 29.8184 train_imax: 7.5037 train_imin: -24.2855 time: 1.0717s
INFO:root:Epoch: 0970 lr: 0.01 train_loss: 22740.2305 train_distortion: 0.3829 train_mapscore: 0.4239 train_c: -1.0171 train_max_dist: 29.1772 train_imax: 6.7333 train_imin: -22.8019 time: 1.0650s
INFO:root:Epoch: 0975 lr: 0.01 train_loss: 22167.4062 train_distortion: 0.3838 train_mapscore: 0.4576 train_c: -1.0171 train_max_dist: 29.0176 train_imax: 6.4519 train_imin: -22.4377 time: 1.0657s
INFO:root:Epoch: 0980 lr: 0.01 train_loss: 21525.6641 train_distortion: 0.3795 train_mapscore: 0.4896 train_c: -1.0172 train_max_dist: 29.2505 train_imax: 6.4740 train_imin: -22.9162 time: 1.0613s
INFO:root:Epoch: 0985 lr: 0.01 train_loss: 20855.9727 train_distortion: 0.3721 train_mapscore: 0.5173 train_c: -1.0172 train_max_dist: 29.7666 train_imax: 6.7513 train_imin: -24.0319 time: 1.0659s
INFO:root:Epoch: 0990 lr: 0.01 train_loss: 20181.1328 train_distortion: 0.3632 train_mapscore: 0.5455 train_c: -1.0173 train_max_dist: 30.5098 train_imax: 7.1989 train_imin: -25.6531 time: 1.0630s
INFO:root:Epoch: 0995 lr: 0.01 train_loss: 19499.1211 train_distortion: 0.3545 train_mapscore: 0.5741 train_c: -1.0174 train_max_dist: 31.3633 train_imax: 7.6991 train_imin: -27.5733 time: 1.0937s
INFO:root:Epoch: 1000 lr: 0.01 train_loss: 18835.2422 train_distortion: 0.3469 train_mapscore: 0.6047 train_c: -1.0174 train_max_dist: 32.2637 train_imax: 8.2195 train_imin: -29.7326 time: 1.0645s
INFO:root:Epoch: 1005 lr: 0.01 train_loss: 18251.8047 train_distortion: 0.3405 train_mapscore: 0.6306 train_c: -1.0175 train_max_dist: 33.2217 train_imax: 12.6304 train_imin: -32.2378 time: 1.0721s
INFO:root:Epoch: 1010 lr: 0.01 train_loss: 20800.0449 train_distortion: 0.3378 train_mapscore: 0.4566 train_c: -1.0176 train_max_dist: 34.0684 train_imax: 15.6355 train_imin: -33.6357 time: 1.0701s
INFO:root:Epoch: 1015 lr: 0.01 train_loss: 21587.1250 train_distortion: 0.3382 train_mapscore: 0.4307 train_c: -1.0176 train_max_dist: 34.2158 train_imax: 16.0825 train_imin: -33.5729 time: 1.1186s
INFO:root:Epoch: 1020 lr: 0.01 train_loss: 21221.5254 train_distortion: 0.3398 train_mapscore: 0.4528 train_c: -1.0177 train_max_dist: 33.9062 train_imax: 15.3566 train_imin: -32.7276 time: 1.0661s
INFO:root:Epoch: 1025 lr: 0.01 train_loss: 20481.5801 train_distortion: 0.3415 train_mapscore: 0.4888 train_c: -1.0177 train_max_dist: 33.4873 train_imax: 14.3037 train_imin: -31.7550 time: 1.0570s
INFO:root:Epoch: 1030 lr: 0.01 train_loss: 19756.4980 train_distortion: 0.3429 train_mapscore: 0.5271 train_c: -1.0177 train_max_dist: 33.1699 train_imax: 13.4158 train_imin: -31.0873 time: 1.0571s
INFO:root:Epoch: 1035 lr: 0.01 train_loss: 19089.3906 train_distortion: 0.3427 train_mapscore: 0.5646 train_c: -1.0177 train_max_dist: 33.1230 train_imax: 13.0369 train_imin: -31.0384 time: 1.0673s
INFO:root:Epoch: 1040 lr: 0.01 train_loss: 18422.4297 train_distortion: 0.3410 train_mapscore: 0.6006 train_c: -1.0178 train_max_dist: 33.3291 train_imax: 13.0151 train_imin: -31.7406 time: 1.0622s
INFO:root:Epoch: 1045 lr: 0.01 train_loss: 17793.0781 train_distortion: 0.3382 train_mapscore: 0.6352 train_c: -1.0178 train_max_dist: 33.7510 train_imax: 13.2558 train_imin: -33.0721 time: 1.0628s
INFO:root:Epoch: 1050 lr: 0.01 train_loss: 17161.6797 train_distortion: 0.3350 train_mapscore: 0.6629 train_c: -1.0179 train_max_dist: 34.3506 train_imax: 13.9122 train_imin: -34.9400 time: 1.0844s
INFO:root:Epoch: 1055 lr: 0.01 train_loss: 16546.4883 train_distortion: 0.3324 train_mapscore: 0.6901 train_c: -1.0179 train_max_dist: 35.0566 train_imax: 14.5972 train_imin: -37.2047 time: 1.0617s
INFO:root:Epoch: 1060 lr: 0.01 train_loss: 15961.7441 train_distortion: 0.3309 train_mapscore: 0.7148 train_c: -1.0179 train_max_dist: 35.8271 train_imax: 15.5200 train_imin: -39.8764 time: 1.0567s
INFO:root:Epoch: 1065 lr: 0.01 train_loss: 15433.9297 train_distortion: 0.3307 train_mapscore: 0.7327 train_c: -1.0180 train_max_dist: 36.6299 train_imax: 16.4212 train_imin: -42.7307 time: 1.0609s
INFO:root:Epoch: 1070 lr: 0.01 train_loss: 14929.3867 train_distortion: 0.3317 train_mapscore: 0.7487 train_c: -1.0180 train_max_dist: 37.4121 train_imax: 17.4043 train_imin: -45.6866 time: 1.0633s
INFO:root:Epoch: 1075 lr: 0.01 train_loss: 14465.0225 train_distortion: 0.3340 train_mapscore: 0.7620 train_c: -1.0181 train_max_dist: 38.1797 train_imax: 18.5018 train_imin: -48.7280 time: 1.0950s
INFO:root:Epoch: 1080 lr: 0.01 train_loss: 14015.1152 train_distortion: 0.3374 train_mapscore: 0.7736 train_c: -1.0181 train_max_dist: 38.9121 train_imax: 19.4738 train_imin: -51.8719 time: 1.1039s
INFO:root:Epoch: 1085 lr: 0.01 train_loss: 13617.1992 train_distortion: 0.3416 train_mapscore: 0.7830 train_c: -1.0181 train_max_dist: 39.5879 train_imax: 20.5267 train_imin: -54.8788 time: 1.0907s
INFO:root:Epoch: 1090 lr: 0.01 train_loss: 13255.0322 train_distortion: 0.3464 train_mapscore: 0.7936 train_c: -1.0181 train_max_dist: 40.2188 train_imax: 19.7426 train_imin: -57.8729 time: 1.1004s
INFO:root:Epoch: 1095 lr: 0.01 train_loss: 12887.1807 train_distortion: 0.3517 train_mapscore: 0.8033 train_c: -1.0181 train_max_dist: 40.8125 train_imax: 20.2918 train_imin: -60.6763 time: 1.1180s
INFO:root:Epoch: 1100 lr: 0.01 train_loss: 12557.8281 train_distortion: 0.3575 train_mapscore: 0.8110 train_c: -1.0181 train_max_dist: 41.3516 train_imax: 21.0098 train_imin: -63.4214 time: 1.0664s
INFO:root:Epoch: 1105 lr: 0.01 train_loss: 12238.0225 train_distortion: 0.3634 train_mapscore: 0.8178 train_c: -1.0181 train_max_dist: 41.8633 train_imax: 21.6628 train_imin: -66.0427 time: 1.0904s
INFO:root:Epoch: 1110 lr: 0.01 train_loss: 11993.7686 train_distortion: 0.3693 train_mapscore: 0.8230 train_c: -1.0181 train_max_dist: 42.3223 train_imax: 22.2322 train_imin: -68.4316 time: 1.0628s
INFO:root:Epoch: 1115 lr: 0.01 train_loss: 11959.7012 train_distortion: 0.3750 train_mapscore: 0.8240 train_c: -1.0181 train_max_dist: 42.7266 train_imax: 22.7198 train_imin: -70.7377 time: 1.0531s
INFO:root:Epoch: 1120 lr: 0.01 train_loss: 11922.0469 train_distortion: 0.3801 train_mapscore: 0.8276 train_c: -1.0180 train_max_dist: 43.0449 train_imax: 23.0590 train_imin: -72.7822 time: 1.0662s
INFO:root:Epoch: 1125 lr: 0.01 train_loss: 11626.2871 train_distortion: 0.3844 train_mapscore: 0.8340 train_c: -1.0180 train_max_dist: 43.3066 train_imax: 23.1581 train_imin: -74.4679 time: 1.0676s
INFO:root:Epoch: 1130 lr: 0.01 train_loss: 11307.1777 train_distortion: 0.3886 train_mapscore: 0.8409 train_c: -1.0180 train_max_dist: 43.6074 train_imax: 23.5200 train_imin: -76.0358 time: 1.0592s
INFO:root:Epoch: 1135 lr: 0.01 train_loss: 11111.6396 train_distortion: 0.3932 train_mapscore: 0.8454 train_c: -1.0180 train_max_dist: 43.8887 train_imax: 23.6873 train_imin: -77.7941 time: 1.0510s
INFO:root:Epoch: 1140 lr: 0.01 train_loss: 10878.4844 train_distortion: 0.3985 train_mapscore: 0.8498 train_c: -1.0179 train_max_dist: 44.2070 train_imax: 23.9153 train_imin: -79.7067 time: 1.0636s
INFO:root:Epoch: 1145 lr: 0.01 train_loss: 11979.8711 train_distortion: 0.3993 train_mapscore: 0.8286 train_c: -1.0179 train_max_dist: 44.2422 train_imax: 29.2281 train_imin: -80.1956 time: 1.0575s
INFO:root:Epoch: 1150 lr: 0.01 train_loss: 12324.7129 train_distortion: 0.3949 train_mapscore: 0.8169 train_c: -1.0180 train_max_dist: 43.8457 train_imax: 31.7170 train_imin: -78.5517 time: 1.0539s
INFO:root:Epoch: 1155 lr: 0.01 train_loss: 11754.0156 train_distortion: 0.3913 train_mapscore: 0.8378 train_c: -1.0179 train_max_dist: 43.5918 train_imax: 32.9584 train_imin: -77.3788 time: 1.0458s
INFO:root:Epoch: 1160 lr: 0.01 train_loss: 11179.8057 train_distortion: 0.3903 train_mapscore: 0.8489 train_c: -1.0179 train_max_dist: 43.4824 train_imax: 33.6648 train_imin: -77.1311 time: 1.0803s
INFO:root:Epoch: 1165 lr: 0.01 train_loss: 10741.4766 train_distortion: 0.3927 train_mapscore: 0.8587 train_c: -1.0179 train_max_dist: 43.6191 train_imax: 34.4031 train_imin: -78.1648 time: 1.0557s
INFO:root:Epoch: 1170 lr: 0.01 train_loss: 10411.0742 train_distortion: 0.3979 train_mapscore: 0.8644 train_c: -1.0179 train_max_dist: 43.8906 train_imax: 35.3458 train_imin: -79.8975 time: 1.0574s
INFO:root:Epoch: 1175 lr: 0.01 train_loss: 10177.3887 train_distortion: 0.4053 train_mapscore: 0.8662 train_c: -1.0179 train_max_dist: 44.2812 train_imax: 36.5358 train_imin: -82.3300 time: 1.0459s
INFO:root:Epoch: 1180 lr: 0.01 train_loss: 10285.9268 train_distortion: 0.4134 train_mapscore: 0.8655 train_c: -1.0178 train_max_dist: 44.6562 train_imax: 37.9410 train_imin: -84.8181 time: 1.0613s
INFO:root:Epoch: 1185 lr: 0.01 train_loss: 10111.9023 train_distortion: 0.4205 train_mapscore: 0.8695 train_c: -1.0178 train_max_dist: 44.9531 train_imax: 39.0903 train_imin: -86.4842 time: 1.0613s
INFO:root:Epoch: 1190 lr: 0.01 train_loss: 9779.4473 train_distortion: 0.4270 train_mapscore: 0.8776 train_c: -1.0178 train_max_dist: 45.2266 train_imax: 39.9541 train_imin: -88.0674 time: 1.0581s
INFO:root:Epoch: 1195 lr: 0.01 train_loss: 9465.0234 train_distortion: 0.4333 train_mapscore: 0.8836 train_c: -1.0178 train_max_dist: 45.5000 train_imax: 40.6723 train_imin: -89.9015 time: 1.0550s
INFO:root:Epoch: 1200 lr: 0.01 train_loss: 10215.5762 train_distortion: 0.4396 train_mapscore: 0.8717 train_c: -1.0177 train_max_dist: 45.8047 train_imax: 41.3506 train_imin: -91.9169 time: 1.0671s
INFO:root:Epoch: 1205 lr: 0.01 train_loss: 10254.3184 train_distortion: 0.4435 train_mapscore: 0.8698 train_c: -1.0176 train_max_dist: 45.9727 train_imax: 41.6215 train_imin: -93.7606 time: 1.0598s
INFO:root:Epoch: 1210 lr: 0.01 train_loss: 9806.4629 train_distortion: 0.4446 train_mapscore: 0.8817 train_c: -1.0176 train_max_dist: 45.9648 train_imax: 41.4986 train_imin: -94.3698 time: 1.0534s
INFO:root:Epoch: 1215 lr: 0.01 train_loss: 9565.9609 train_distortion: 0.4451 train_mapscore: 0.8846 train_c: -1.0175 train_max_dist: 45.9766 train_imax: 41.3369 train_imin: -94.3573 time: 1.0789s
INFO:root:Epoch: 1220 lr: 0.01 train_loss: 9144.3848 train_distortion: 0.4467 train_mapscore: 0.8919 train_c: -1.0175 train_max_dist: 46.0312 train_imax: 41.5266 train_imin: -94.3573 time: 1.0601s
INFO:root:Epoch: 1225 lr: 0.01 train_loss: 8951.6504 train_distortion: 0.4513 train_mapscore: 0.8946 train_c: -1.0174 train_max_dist: 46.2344 train_imax: 42.0614 train_imin: -95.3688 time: 1.0642s
INFO:root:Epoch: 1230 lr: 0.01 train_loss: 8697.8740 train_distortion: 0.4567 train_mapscore: 0.8982 train_c: -1.0174 train_max_dist: 46.4688 train_imax: 42.6924 train_imin: -96.6596 time: 1.0548s
INFO:root:Epoch: 1235 lr: 0.01 train_loss: 10446.1816 train_distortion: 0.4602 train_mapscore: 0.8671 train_c: -1.0174 train_max_dist: 48.0000 train_imax: 43.0087 train_imin: -97.3562 time: 1.0522s
INFO:root:Epoch: 1240 lr: 0.01 train_loss: 10383.7402 train_distortion: 0.4560 train_mapscore: 0.8699 train_c: -1.0174 train_max_dist: 46.3789 train_imax: 42.4494 train_imin: -95.9762 time: 1.0593s
INFO:root:Epoch: 1245 lr: 0.01 train_loss: 9802.6133 train_distortion: 0.4495 train_mapscore: 0.8848 train_c: -1.0173 train_max_dist: 46.1172 train_imax: 41.6499 train_imin: -93.8526 time: 1.0586s
INFO:root:Epoch: 1250 lr: 0.01 train_loss: 9228.9414 train_distortion: 0.4470 train_mapscore: 0.8931 train_c: -1.0173 train_max_dist: 46.0352 train_imax: 41.2978 train_imin: -92.8698 time: 1.0503s
INFO:root:Epoch: 1255 lr: 0.01 train_loss: 8763.7031 train_distortion: 0.4491 train_mapscore: 0.9013 train_c: -1.0173 train_max_dist: 46.1367 train_imax: 41.5324 train_imin: -93.1092 time: 1.0519s
INFO:root:Epoch: 1260 lr: 0.01 train_loss: 8362.8057 train_distortion: 0.4557 train_mapscore: 0.9087 train_c: -1.0172 train_max_dist: 46.3945 train_imax: 42.2574 train_imin: -94.9348 time: 1.0588s
INFO:root:Epoch: 1265 lr: 0.01 train_loss: 8057.6582 train_distortion: 0.4656 train_mapscore: 0.9127 train_c: -1.0172 train_max_dist: 46.7930 train_imax: 43.4501 train_imin: -97.8589 time: 1.0494s
INFO:root:Epoch: 1270 lr: 0.01 train_loss: 8184.3008 train_distortion: 0.4778 train_mapscore: 0.9115 train_c: -1.0172 train_max_dist: 47.2734 train_imax: 44.7953 train_imin: -101.1130 time: 1.0827s
INFO:root:Epoch: 1275 lr: 0.01 train_loss: 8760.4463 train_distortion: 0.4868 train_mapscore: 0.9035 train_c: -1.0172 train_max_dist: 47.6367 train_imax: 45.6411 train_imin: -102.9790 time: 1.0517s
INFO:root:Epoch: 1280 lr: 0.01 train_loss: 8533.6191 train_distortion: 0.4917 train_mapscore: 0.9059 train_c: -1.0172 train_max_dist: 47.8203 train_imax: 46.0791 train_imin: -104.1786 time: 1.0472s
INFO:root:Epoch: 1285 lr: 0.01 train_loss: 8216.3359 train_distortion: 0.4948 train_mapscore: 0.9114 train_c: -1.0172 train_max_dist: 47.9141 train_imax: 46.4292 train_imin: -105.2562 time: 1.0466s
INFO:root:Epoch: 1290 lr: 0.01 train_loss: 7889.4092 train_distortion: 0.4988 train_mapscore: 0.9178 train_c: -1.0172 train_max_dist: 48.1094 train_imax: 46.9493 train_imin: -106.6991 time: 1.0597s
INFO:root:Epoch: 1295 lr: 0.01 train_loss: 8017.7114 train_distortion: 0.5022 train_mapscore: 0.9163 train_c: -1.0171 train_max_dist: 48.2539 train_imax: 47.3968 train_imin: -107.7789 time: 1.0513s
INFO:root:Epoch: 1300 lr: 0.01 train_loss: 7881.9399 train_distortion: 0.5046 train_mapscore: 0.9176 train_c: -1.0171 train_max_dist: 48.3359 train_imax: 47.7430 train_imin: -107.7963 time: 1.0680s
INFO:root:Epoch: 1305 lr: 0.01 train_loss: 7636.4199 train_distortion: 0.5077 train_mapscore: 0.9211 train_c: -1.0171 train_max_dist: 48.4336 train_imax: 48.1057 train_imin: -107.9693 time: 1.0478s
INFO:root:Epoch: 1310 lr: 0.01 train_loss: 7504.4111 train_distortion: 0.5117 train_mapscore: 0.9231 train_c: -1.0170 train_max_dist: 50.0000 train_imax: 48.6905 train_imin: -108.4754 time: 1.0494s
INFO:root:Epoch: 1315 lr: 0.01 train_loss: 7353.7788 train_distortion: 0.5173 train_mapscore: 0.9246 train_c: -1.0170 train_max_dist: 48.7422 train_imax: 49.3471 train_imin: -109.9197 time: 1.0498s
INFO:root:Epoch: 1320 lr: 0.01 train_loss: 7195.0146 train_distortion: 0.5228 train_mapscore: 0.9283 train_c: -1.0170 train_max_dist: 48.9375 train_imax: 50.0436 train_imin: -111.2242 time: 1.0485s
INFO:root:Epoch: 1325 lr: 0.01 train_loss: 7970.5122 train_distortion: 0.5288 train_mapscore: 0.9218 train_c: -1.0170 train_max_dist: 49.1094 train_imax: 50.6325 train_imin: -112.6296 time: 1.0831s
INFO:root:Epoch: 1330 lr: 0.01 train_loss: 9373.6328 train_distortion: 0.5291 train_mapscore: 0.8997 train_c: -1.0170 train_max_dist: 48.9336 train_imax: 50.4822 train_imin: -112.3614 time: 1.0523s
INFO:root:Epoch: 1335 lr: 0.01 train_loss: 9685.5459 train_distortion: 0.5230 train_mapscore: 0.8945 train_c: -1.0169 train_max_dist: 48.6836 train_imax: 49.9066 train_imin: -110.5778 time: 1.0604s
INFO:root:Epoch: 1340 lr: 0.01 train_loss: 9003.4873 train_distortion: 0.5107 train_mapscore: 0.9064 train_c: -1.0168 train_max_dist: 48.3438 train_imax: 48.5499 train_imin: -107.3965 time: 1.0557s
INFO:root:Epoch: 1345 lr: 0.01 train_loss: 9106.4004 train_distortion: 0.4980 train_mapscore: 0.9045 train_c: -1.0168 train_max_dist: 47.9688 train_imax: 46.9084 train_imin: -104.0638 time: 1.0483s
INFO:root:Epoch: 1350 lr: 0.01 train_loss: 8700.6250 train_distortion: 0.4879 train_mapscore: 0.9104 train_c: -1.0168 train_max_dist: 47.7031 train_imax: 45.6006 train_imin: -101.3186 time: 1.0615s
INFO:root:Epoch: 1355 lr: 0.01 train_loss: 8412.8564 train_distortion: 0.4826 train_mapscore: 0.9148 train_c: -1.0168 train_max_dist: 47.6367 train_imax: 45.0345 train_imin: -99.5830 time: 1.0807s
INFO:root:Epoch: 1360 lr: 0.01 train_loss: 8090.9434 train_distortion: 0.4827 train_mapscore: 0.9184 train_c: -1.0167 train_max_dist: 47.6758 train_imax: 44.9870 train_imin: -99.5474 time: 1.0582s
INFO:root:Epoch: 1365 lr: 0.01 train_loss: 7852.6011 train_distortion: 0.4855 train_mapscore: 0.9207 train_c: -1.0167 train_max_dist: 47.8359 train_imax: 45.2481 train_imin: -99.7008 time: 1.0626s
INFO:root:Epoch: 1370 lr: 0.01 train_loss: 27383.7461 train_distortion: 0.4128 train_mapscore: 0.3722 train_c: -1.0172 train_max_dist: 43.5117 train_imax: 31.4070 train_imin: -78.3246 time: 1.0623s
INFO:root:Epoch: 1375 lr: 0.01 train_loss: 31182.6406 train_distortion: 0.3519 train_mapscore: 0.2272 train_c: -1.0180 train_max_dist: 36.3105 train_imax: 15.5760 train_imin: -43.5726 time: 1.0825s
INFO:root:Epoch: 1380 lr: 0.01 train_loss: 31376.4375 train_distortion: 0.3690 train_mapscore: 0.1786 train_c: -1.0184 train_max_dist: 31.1562 train_imax: 8.8039 train_imin: -27.3998 time: 1.1290s
INFO:root:Epoch: 1385 lr: 0.01 train_loss: 31113.7891 train_distortion: 0.4074 train_mapscore: 0.1616 train_c: -1.0186 train_max_dist: 27.5999 train_imax: 5.6470 train_imin: -19.4874 time: 1.0851s
INFO:root:Epoch: 1390 lr: 0.01 train_loss: 31084.5938 train_distortion: 0.4438 train_mapscore: 0.1572 train_c: -1.0187 train_max_dist: 25.2739 train_imax: 4.0489 train_imin: -15.3621 time: 1.1035s
INFO:root:Epoch: 1395 lr: 0.01 train_loss: 31097.7891 train_distortion: 0.4713 train_mapscore: 0.1545 train_c: -1.0187 train_max_dist: 23.7441 train_imax: 3.1911 train_imin: -13.1091 time: 1.1075s
INFO:root:Epoch: 1400 lr: 0.01 train_loss: 31115.7832 train_distortion: 0.4893 train_mapscore: 0.1564 train_c: -1.0187 train_max_dist: 22.7949 train_imax: 2.7240 train_imin: -11.8673 time: 1.1033s
INFO:root:Epoch: 1405 lr: 0.01 train_loss: 31093.3672 train_distortion: 0.4996 train_mapscore: 0.1581 train_c: -1.0187 train_max_dist: 22.2615 train_imax: 2.4729 train_imin: -11.2014 time: 1.0971s
INFO:root:Epoch: 1410 lr: 0.01 train_loss: 31023.9883 train_distortion: 0.5041 train_mapscore: 0.1604 train_c: -1.0188 train_max_dist: 22.0190 train_imax: 2.3541 train_imin: -10.8953 time: 1.1112s
INFO:root:Epoch: 1415 lr: 0.01 train_loss: 30899.0703 train_distortion: 0.5045 train_mapscore: 0.1652 train_c: -1.0188 train_max_dist: 21.9839 train_imax: 2.3216 train_imin: -10.8201 time: 1.0942s
INFO:root:Epoch: 1420 lr: 0.01 train_loss: 30761.1875 train_distortion: 0.5021 train_mapscore: 0.1694 train_c: -1.0188 train_max_dist: 22.0796 train_imax: 2.3432 train_imin: -10.8899 time: 1.1093s
INFO:root:Epoch: 1425 lr: 0.01 train_loss: 30599.8086 train_distortion: 0.4981 train_mapscore: 0.1743 train_c: -1.0189 train_max_dist: 22.2568 train_imax: 2.3974 train_imin: -11.0521 time: 1.0929s
INFO:root:Epoch: 1430 lr: 0.01 train_loss: 30429.3320 train_distortion: 0.4932 train_mapscore: 0.1799 train_c: -1.0189 train_max_dist: 22.4819 train_imax: 2.4707 train_imin: -11.2669 time: 1.0967s
INFO:root:Epoch: 1435 lr: 0.01 train_loss: 30262.5664 train_distortion: 0.4880 train_mapscore: 0.1873 train_c: -1.0189 train_max_dist: 22.7263 train_imax: 2.5555 train_imin: -11.5097 time: 1.1280s
INFO:root:Epoch: 1440 lr: 0.01 train_loss: 30087.5664 train_distortion: 0.4830 train_mapscore: 0.1925 train_c: -1.0189 train_max_dist: 22.9641 train_imax: 2.6378 train_imin: -11.7507 time: 1.0902s
INFO:root:Epoch: 1445 lr: 0.01 train_loss: 29921.6582 train_distortion: 0.4782 train_mapscore: 0.1990 train_c: -1.0190 train_max_dist: 23.1904 train_imax: 2.7195 train_imin: -11.9870 time: 1.0903s
INFO:root:Epoch: 1450 lr: 0.01 train_loss: 29755.3164 train_distortion: 0.4737 train_mapscore: 0.2065 train_c: -1.0190 train_max_dist: 23.4073 train_imax: 2.7994 train_imin: -12.2122 time: 1.0920s
INFO:root:Epoch: 1455 lr: 0.01 train_loss: 29588.0312 train_distortion: 0.4695 train_mapscore: 0.2124 train_c: -1.0190 train_max_dist: 23.6077 train_imax: 2.8734 train_imin: -12.4234 time: 1.0946s
INFO:root:Epoch: 1460 lr: 0.01 train_loss: 29423.9238 train_distortion: 0.4657 train_mapscore: 0.2182 train_c: -1.0190 train_max_dist: 23.7898 train_imax: 2.9394 train_imin: -12.6129 time: 1.1066s
INFO:root:Epoch: 1465 lr: 0.01 train_loss: 29263.9238 train_distortion: 0.4623 train_mapscore: 0.2271 train_c: -1.0191 train_max_dist: 23.9563 train_imax: 2.9974 train_imin: -12.7901 time: 1.0950s
INFO:root:Epoch: 1470 lr: 0.01 train_loss: 29111.8125 train_distortion: 0.4590 train_mapscore: 0.2321 train_c: -1.0191 train_max_dist: 24.1116 train_imax: 3.0499 train_imin: -12.9585 time: 1.1044s
INFO:root:Epoch: 1475 lr: 0.01 train_loss: 28948.5312 train_distortion: 0.4560 train_mapscore: 0.2388 train_c: -1.0191 train_max_dist: 24.2546 train_imax: 3.0957 train_imin: -13.1177 time: 1.0904s
INFO:root:Epoch: 1480 lr: 0.01 train_loss: 28786.6523 train_distortion: 0.4530 train_mapscore: 0.2468 train_c: -1.0191 train_max_dist: 24.3926 train_imax: 3.1396 train_imin: -13.2730 time: 1.1036s
INFO:root:Epoch: 1485 lr: 0.01 train_loss: 28638.8516 train_distortion: 0.4504 train_mapscore: 0.2529 train_c: -1.0191 train_max_dist: 24.5220 train_imax: 3.1773 train_imin: -13.4154 time: 1.0916s
INFO:root:Epoch: 1490 lr: 0.01 train_loss: 28480.6953 train_distortion: 0.4481 train_mapscore: 0.2569 train_c: -1.0191 train_max_dist: 24.6216 train_imax: 3.2026 train_imin: -13.5127 time: 1.1250s
INFO:root:Epoch: 1495 lr: 0.01 train_loss: 28323.3848 train_distortion: 0.4458 train_mapscore: 0.2632 train_c: -1.0191 train_max_dist: 24.7346 train_imax: 3.2368 train_imin: -13.6321 time: 1.1020s
INFO:root:Epoch: 1500 lr: 0.01 train_loss: 28164.6250 train_distortion: 0.4432 train_mapscore: 0.2703 train_c: -1.0191 train_max_dist: 24.8564 train_imax: 3.2773 train_imin: -13.7591 time: 1.0900s
INFO:root:Epoch: 1505 lr: 0.01 train_loss: 28008.5195 train_distortion: 0.4407 train_mapscore: 0.2785 train_c: -1.0192 train_max_dist: 24.9749 train_imax: 3.3186 train_imin: -13.8854 time: 1.1002s
INFO:root:Epoch: 1510 lr: 0.01 train_loss: 27858.6289 train_distortion: 0.4382 train_mapscore: 0.2842 train_c: -1.0192 train_max_dist: 25.0950 train_imax: 3.3631 train_imin: -14.0127 time: 1.0890s
INFO:root:Epoch: 1515 lr: 0.01 train_loss: 27707.8867 train_distortion: 0.4357 train_mapscore: 0.2904 train_c: -1.0192 train_max_dist: 25.2207 train_imax: 3.4071 train_imin: -14.1396 time: 1.0983s
INFO:root:Epoch: 1520 lr: 0.01 train_loss: 27557.4531 train_distortion: 0.4332 train_mapscore: 0.2992 train_c: -1.0192 train_max_dist: 25.3489 train_imax: 3.4541 train_imin: -14.2764 time: 1.0874s
INFO:root:Epoch: 1525 lr: 0.01 train_loss: 27422.9766 train_distortion: 0.4318 train_mapscore: 0.3030 train_c: -1.0192 train_max_dist: 25.4114 train_imax: 3.4632 train_imin: -14.3333 time: 1.0873s
INFO:root:Epoch: 1530 lr: 0.01 train_loss: 27276.4883 train_distortion: 0.4310 train_mapscore: 0.3072 train_c: -1.0192 train_max_dist: 25.4333 train_imax: 3.4514 train_imin: -14.3388 time: 1.0941s
INFO:root:Epoch: 1535 lr: 0.01 train_loss: 27135.0391 train_distortion: 0.4293 train_mapscore: 0.3148 train_c: -1.0192 train_max_dist: 25.5190 train_imax: 3.4722 train_imin: -14.4302 time: 1.0859s
INFO:root:Epoch: 1540 lr: 0.01 train_loss: 26991.2031 train_distortion: 0.4270 train_mapscore: 0.3223 train_c: -1.0192 train_max_dist: 25.6426 train_imax: 3.5143 train_imin: -14.5764 time: 1.0801s
INFO:root:Epoch: 1545 lr: 0.01 train_loss: 26846.9902 train_distortion: 0.4244 train_mapscore: 0.3293 train_c: -1.0192 train_max_dist: 25.7866 train_imax: 3.5677 train_imin: -14.7518 time: 1.1228s
INFO:root:Epoch: 1550 lr: 0.01 train_loss: 26704.2656 train_distortion: 0.4216 train_mapscore: 0.3344 train_c: -1.0192 train_max_dist: 25.9390 train_imax: 3.6243 train_imin: -14.9418 time: 1.0923s
INFO:root:Epoch: 1555 lr: 0.01 train_loss: 26590.4961 train_distortion: 0.4201 train_mapscore: 0.3373 train_c: -1.0193 train_max_dist: 26.0134 train_imax: 3.6392 train_imin: -15.0300 time: 1.0937s
INFO:root:Epoch: 1560 lr: 0.01 train_loss: 26471.2578 train_distortion: 0.4184 train_mapscore: 0.3426 train_c: -1.0193 train_max_dist: 26.0906 train_imax: 3.6626 train_imin: -15.1190 time: 1.0832s
INFO:root:Epoch: 1565 lr: 0.01 train_loss: 26337.4492 train_distortion: 0.4162 train_mapscore: 0.3513 train_c: -1.0193 train_max_dist: 26.2131 train_imax: 3.7092 train_imin: -15.2698 time: 1.0976s
INFO:root:Epoch: 1570 lr: 0.01 train_loss: 26201.5508 train_distortion: 0.4139 train_mapscore: 0.3580 train_c: -1.0193 train_max_dist: 26.3420 train_imax: 3.7590 train_imin: -15.4324 time: 1.0887s
INFO:root:Epoch: 1575 lr: 0.01 train_loss: 26063.9121 train_distortion: 0.4118 train_mapscore: 0.3628 train_c: -1.0193 train_max_dist: 26.4624 train_imax: 3.8038 train_imin: -15.5818 time: 1.0816s
INFO:root:Epoch: 1580 lr: 0.01 train_loss: 25930.3652 train_distortion: 0.4096 train_mapscore: 0.3697 train_c: -1.0193 train_max_dist: 26.5923 train_imax: 3.8534 train_imin: -15.7507 time: 1.0813s
INFO:root:Epoch: 1585 lr: 0.01 train_loss: 25792.1582 train_distortion: 0.4073 train_mapscore: 0.3752 train_c: -1.0193 train_max_dist: 26.7314 train_imax: 3.9076 train_imin: -15.9346 time: 1.0839s
INFO:root:Epoch: 1590 lr: 0.01 train_loss: 25649.7891 train_distortion: 0.4050 train_mapscore: 0.3826 train_c: -1.0193 train_max_dist: 26.8755 train_imax: 3.9654 train_imin: -16.1256 time: 1.0793s
INFO:root:Epoch: 1595 lr: 0.01 train_loss: 25512.6172 train_distortion: 0.4027 train_mapscore: 0.3882 train_c: -1.0194 train_max_dist: 27.0176 train_imax: 4.0276 train_imin: -16.3209 time: 1.0920s
INFO:root:Epoch: 1600 lr: 0.01 train_loss: 25466.2070 train_distortion: 0.4005 train_mapscore: 0.3732 train_c: -1.0194 train_max_dist: 27.1421 train_imax: 4.1137 train_imin: -16.5908 time: 1.1205s
INFO:root:Epoch: 1605 lr: 0.01 train_loss: 25375.7656 train_distortion: 0.3984 train_mapscore: 0.3739 train_c: -1.0194 train_max_dist: 27.2861 train_imax: 4.1779 train_imin: -16.8039 time: 1.0825s
INFO:root:Epoch: 1610 lr: 0.01 train_loss: 25245.9316 train_distortion: 0.3966 train_mapscore: 0.3817 train_c: -1.0194 train_max_dist: 27.4292 train_imax: 4.2252 train_imin: -16.9657 time: 1.0789s
INFO:root:Epoch: 1615 lr: 0.01 train_loss: 25096.1309 train_distortion: 0.3948 train_mapscore: 0.3915 train_c: -1.0194 train_max_dist: 27.5605 train_imax: 4.2629 train_imin: -17.1126 time: 1.0823s
INFO:root:Epoch: 1620 lr: 0.01 train_loss: 24945.3828 train_distortion: 0.3933 train_mapscore: 0.4038 train_c: -1.0194 train_max_dist: 27.6655 train_imax: 4.2917 train_imin: -17.2432 time: 1.0874s
INFO:root:Epoch: 1625 lr: 0.01 train_loss: 24797.8203 train_distortion: 0.3916 train_mapscore: 0.4135 train_c: -1.0194 train_max_dist: 27.7793 train_imax: 4.3318 train_imin: -17.3996 time: 1.0880s
INFO:root:Epoch: 1630 lr: 0.01 train_loss: 24650.6758 train_distortion: 0.3898 train_mapscore: 0.4212 train_c: -1.0194 train_max_dist: 27.9072 train_imax: 4.3775 train_imin: -17.5623 time: 1.0777s
INFO:root:Epoch: 1635 lr: 0.01 train_loss: 24775.0273 train_distortion: 0.3928 train_mapscore: 0.3846 train_c: -1.0195 train_max_dist: 27.6055 train_imax: 4.1984 train_imin: -16.5637 time: 1.0790s
INFO:root:Epoch: 1640 lr: 0.01 train_loss: 24753.1367 train_distortion: 0.3937 train_mapscore: 0.3788 train_c: -1.0196 train_max_dist: 27.5020 train_imax: 4.1350 train_imin: -16.0937 time: 1.0767s
INFO:root:Epoch: 1645 lr: 0.01 train_loss: 24651.0215 train_distortion: 0.3934 train_mapscore: 0.3834 train_c: -1.0197 train_max_dist: 27.5005 train_imax: 4.1262 train_imin: -15.9087 time: 1.0866s
INFO:root:Epoch: 1650 lr: 0.01 train_loss: 24510.8516 train_distortion: 0.3924 train_mapscore: 0.3960 train_c: -1.0197 train_max_dist: 27.5615 train_imax: 4.1441 train_imin: -15.8783 time: 1.0865s
INFO:root:Epoch: 1655 lr: 0.01 train_loss: 24343.2773 train_distortion: 0.3907 train_mapscore: 0.4093 train_c: -1.0198 train_max_dist: 27.6787 train_imax: 4.1912 train_imin: -15.9668 time: 1.1135s
INFO:root:Epoch: 1660 lr: 0.01 train_loss: 24170.2051 train_distortion: 0.3886 train_mapscore: 0.4217 train_c: -1.0198 train_max_dist: 27.8330 train_imax: 4.2591 train_imin: -16.1318 time: 1.0739s
INFO:root:Epoch: 1665 lr: 0.01 train_loss: 23992.5938 train_distortion: 0.3864 train_mapscore: 0.4324 train_c: -1.0198 train_max_dist: 28.0020 train_imax: 4.3301 train_imin: -16.3371 time: 1.0760s
INFO:root:Epoch: 1670 lr: 0.01 train_loss: 23820.6641 train_distortion: 0.3840 train_mapscore: 0.4421 train_c: -1.0198 train_max_dist: 28.1841 train_imax: 4.4073 train_imin: -16.5883 time: 1.0909s
INFO:root:Epoch: 1675 lr: 0.01 train_loss: 23651.5957 train_distortion: 0.3815 train_mapscore: 0.4532 train_c: -1.0198 train_max_dist: 28.3770 train_imax: 4.4858 train_imin: -16.8558 time: 1.0723s
INFO:root:Epoch: 1680 lr: 0.01 train_loss: 23486.5938 train_distortion: 0.3791 train_mapscore: 0.4629 train_c: -1.0198 train_max_dist: 28.5708 train_imax: 4.5619 train_imin: -17.1227 time: 1.0813s
INFO:root:Epoch: 1685 lr: 0.01 train_loss: 23330.7051 train_distortion: 0.3768 train_mapscore: 0.4692 train_c: -1.0198 train_max_dist: 28.7666 train_imax: 4.6413 train_imin: -17.3856 time: 1.0820s
INFO:root:Epoch: 1690 lr: 0.01 train_loss: 23208.8457 train_distortion: 0.3748 train_mapscore: 0.4744 train_c: -1.0198 train_max_dist: 28.9307 train_imax: 4.7118 train_imin: -17.6258 time: 1.0771s
INFO:root:Epoch: 1695 lr: 0.01 train_loss: 23067.9961 train_distortion: 0.3727 train_mapscore: 0.4826 train_c: -1.0198 train_max_dist: 29.1162 train_imax: 4.7910 train_imin: -17.9008 time: 1.0761s
INFO:root:Epoch: 1700 lr: 0.01 train_loss: 22919.9297 train_distortion: 0.3708 train_mapscore: 0.4889 train_c: -1.0198 train_max_dist: 29.2983 train_imax: 4.8650 train_imin: -18.1625 time: 1.0669s
INFO:root:Epoch: 1705 lr: 0.01 train_loss: 22779.3164 train_distortion: 0.3690 train_mapscore: 0.4954 train_c: -1.0198 train_max_dist: 29.4644 train_imax: 4.9312 train_imin: -18.4028 time: 1.0719s
INFO:root:Epoch: 1710 lr: 0.01 train_loss: 22637.5840 train_distortion: 0.3672 train_mapscore: 0.4995 train_c: -1.0198 train_max_dist: 29.6328 train_imax: 5.0008 train_imin: -18.6552 time: 1.1021s
INFO:root:Epoch: 1715 lr: 0.01 train_loss: 22499.5566 train_distortion: 0.3655 train_mapscore: 0.5065 train_c: -1.0198 train_max_dist: 29.8003 train_imax: 5.0706 train_imin: -18.9093 time: 1.0762s
INFO:root:Epoch: 1720 lr: 0.01 train_loss: 22364.6406 train_distortion: 0.3639 train_mapscore: 0.5126 train_c: -1.0198 train_max_dist: 29.9692 train_imax: 5.1434 train_imin: -19.1712 time: 1.0744s
INFO:root:Epoch: 1725 lr: 0.01 train_loss: 22233.8105 train_distortion: 0.3623 train_mapscore: 0.5187 train_c: -1.0198 train_max_dist: 30.1294 train_imax: 5.2220 train_imin: -19.4361 time: 1.0689s
INFO:root:Epoch: 1730 lr: 0.01 train_loss: 22107.4238 train_distortion: 0.3608 train_mapscore: 0.5239 train_c: -1.0198 train_max_dist: 30.2920 train_imax: 5.3038 train_imin: -19.7003 time: 1.0754s
INFO:root:Epoch: 1735 lr: 0.01 train_loss: 21982.3418 train_distortion: 0.3594 train_mapscore: 0.5297 train_c: -1.0198 train_max_dist: 30.4443 train_imax: 5.3794 train_imin: -19.9614 time: 1.0757s
INFO:root:Epoch: 1740 lr: 0.01 train_loss: 21860.1465 train_distortion: 0.3580 train_mapscore: 0.5334 train_c: -1.0198 train_max_dist: 30.5879 train_imax: 5.4530 train_imin: -20.2237 time: 1.0831s
INFO:root:Epoch: 1745 lr: 0.01 train_loss: 21868.9023 train_distortion: 0.3574 train_mapscore: 0.5279 train_c: -1.0198 train_max_dist: 30.6416 train_imax: 5.4752 train_imin: -20.3214 time: 1.0776s
INFO:root:Epoch: 1750 lr: 0.01 train_loss: 21976.9492 train_distortion: 0.3588 train_mapscore: 0.5120 train_c: -1.0199 train_max_dist: 30.4365 train_imax: 5.3581 train_imin: -20.0725 time: 1.0712s
INFO:root:Epoch: 1755 lr: 0.01 train_loss: 21890.5234 train_distortion: 0.3588 train_mapscore: 0.5140 train_c: -1.0199 train_max_dist: 30.4004 train_imax: 5.3436 train_imin: -20.0713 time: 1.0716s
INFO:root:Epoch: 1760 lr: 0.01 train_loss: 21722.3555 train_distortion: 0.3583 train_mapscore: 0.5269 train_c: -1.0199 train_max_dist: 30.4399 train_imax: 5.3606 train_imin: -20.1798 time: 1.0932s
INFO:root:Epoch: 1765 lr: 0.01 train_loss: 21563.7148 train_distortion: 0.3572 train_mapscore: 0.5357 train_c: -1.0198 train_max_dist: 30.5488 train_imax: 5.4143 train_imin: -20.3891 time: 1.1090s
INFO:root:Epoch: 1770 lr: 0.01 train_loss: 21401.5234 train_distortion: 0.3560 train_mapscore: 0.5458 train_c: -1.0198 train_max_dist: 30.6934 train_imax: 5.4794 train_imin: -20.6334 time: 1.0818s
INFO:root:Epoch: 1775 lr: 0.01 train_loss: 21241.2109 train_distortion: 0.3545 train_mapscore: 0.5545 train_c: -1.0198 train_max_dist: 30.8643 train_imax: 5.5592 train_imin: -20.9268 time: 1.0732s
INFO:root:Epoch: 1780 lr: 0.01 train_loss: 21133.2129 train_distortion: 0.3532 train_mapscore: 0.5583 train_c: -1.0198 train_max_dist: 31.0283 train_imax: 5.6363 train_imin: -21.2113 time: 1.0777s
INFO:root:Epoch: 1785 lr: 0.01 train_loss: 21138.5195 train_distortion: 0.3514 train_mapscore: 0.5476 train_c: -1.0198 train_max_dist: 31.1948 train_imax: 5.7391 train_imin: -21.5233 time: 1.0739s
INFO:root:Epoch: 1790 lr: 0.01 train_loss: 21175.8477 train_distortion: 0.3505 train_mapscore: 0.5416 train_c: -1.0198 train_max_dist: 31.2617 train_imax: 5.7701 train_imin: -21.7102 time: 1.0747s
INFO:root:Epoch: 1795 lr: 0.01 train_loss: 21077.9746 train_distortion: 0.3497 train_mapscore: 0.5467 train_c: -1.0198 train_max_dist: 31.3838 train_imax: 5.7959 train_imin: -21.8933 time: 1.0720s
INFO:root:Epoch: 1800 lr: 0.01 train_loss: 20902.1523 train_distortion: 0.3490 train_mapscore: 0.5609 train_c: -1.0197 train_max_dist: 31.4795 train_imax: 5.8334 train_imin: -22.0764 time: 1.0783s
INFO:root:Epoch: 1805 lr: 0.01 train_loss: 20726.5840 train_distortion: 0.3483 train_mapscore: 0.5706 train_c: -1.0197 train_max_dist: 31.5635 train_imax: 5.8801 train_imin: -22.2503 time: 1.0721s
INFO:root:Epoch: 1810 lr: 0.01 train_loss: 20553.2070 train_distortion: 0.3475 train_mapscore: 0.5775 train_c: -1.0197 train_max_dist: 31.6665 train_imax: 5.9373 train_imin: -22.4411 time: 1.0743s
INFO:root:Epoch: 1815 lr: 0.01 train_loss: 20389.7422 train_distortion: 0.3466 train_mapscore: 0.5854 train_c: -1.0197 train_max_dist: 31.7969 train_imax: 6.0071 train_imin: -22.6789 time: 1.0693s
INFO:root:Epoch: 1820 lr: 0.01 train_loss: 20228.4277 train_distortion: 0.3457 train_mapscore: 0.5914 train_c: -1.0197 train_max_dist: 31.9326 train_imax: 6.0856 train_imin: -22.9366 time: 1.1079s
INFO:root:Epoch: 1825 lr: 0.01 train_loss: 20078.4785 train_distortion: 0.3448 train_mapscore: 0.5957 train_c: -1.0196 train_max_dist: 32.0986 train_imax: 6.1756 train_imin: -23.2285 time: 1.0769s
INFO:root:Epoch: 1830 lr: 0.01 train_loss: 19933.6680 train_distortion: 0.3438 train_mapscore: 0.6019 train_c: -1.0196 train_max_dist: 32.2710 train_imax: 6.2711 train_imin: -23.5336 time: 1.0711s
INFO:root:Epoch: 1835 lr: 0.01 train_loss: 19798.0469 train_distortion: 0.3430 train_mapscore: 0.6068 train_c: -1.0196 train_max_dist: 32.4463 train_imax: 6.3707 train_imin: -23.8526 time: 1.0640s
INFO:root:Epoch: 1840 lr: 0.01 train_loss: 19671.3613 train_distortion: 0.3422 train_mapscore: 0.6109 train_c: -1.0196 train_max_dist: 32.6162 train_imax: 6.4601 train_imin: -24.1491 time: 1.0662s
INFO:root:Epoch: 1845 lr: 0.01 train_loss: 19562.6172 train_distortion: 0.3414 train_mapscore: 0.6149 train_c: -1.0196 train_max_dist: 32.7900 train_imax: 6.5572 train_imin: -24.4625 time: 1.0684s
INFO:root:Epoch: 1850 lr: 0.01 train_loss: 19438.4727 train_distortion: 0.3407 train_mapscore: 0.6180 train_c: -1.0196 train_max_dist: 32.9629 train_imax: 6.6713 train_imin: -24.7617 time: 1.0718s
INFO:root:Epoch: 1855 lr: 0.01 train_loss: 19345.0312 train_distortion: 0.3401 train_mapscore: 0.6203 train_c: -1.0195 train_max_dist: 33.1211 train_imax: 6.7525 train_imin: -25.0594 time: 1.0704s
INFO:root:Epoch: 1860 lr: 0.01 train_loss: 19241.2383 train_distortion: 0.3396 train_mapscore: 0.6242 train_c: -1.0195 train_max_dist: 33.2686 train_imax: 6.8267 train_imin: -25.3396 time: 1.0781s
INFO:root:Epoch: 1865 lr: 0.01 train_loss: 19149.3008 train_distortion: 0.3391 train_mapscore: 0.6269 train_c: -1.0195 train_max_dist: 33.3955 train_imax: 6.8949 train_imin: -25.5677 time: 1.1046s
INFO:root:Epoch: 1870 lr: 0.01 train_loss: 19055.4883 train_distortion: 0.3387 train_mapscore: 0.6301 train_c: -1.0195 train_max_dist: 33.5312 train_imax: 6.9792 train_imin: -25.8147 time: 1.0691s
INFO:root:Epoch: 1875 lr: 0.01 train_loss: 18962.5312 train_distortion: 0.3383 train_mapscore: 0.6334 train_c: -1.0194 train_max_dist: 33.6611 train_imax: 7.0653 train_imin: -26.0659 time: 1.0908s
INFO:root:Epoch: 1880 lr: 0.01 train_loss: 18864.7461 train_distortion: 0.3379 train_mapscore: 0.6366 train_c: -1.0194 train_max_dist: 33.7920 train_imax: 7.1506 train_imin: -26.3201 time: 1.0673s
INFO:root:Epoch: 1885 lr: 0.01 train_loss: 19112.2148 train_distortion: 0.3381 train_mapscore: 0.6249 train_c: -1.0194 train_max_dist: 34.1895 train_imax: 7.0780 train_imin: -26.0746 time: 1.0770s
INFO:root:Epoch: 1890 lr: 0.01 train_loss: 19086.3848 train_distortion: 0.3380 train_mapscore: 0.6254 train_c: -1.0194 train_max_dist: 34.4893 train_imax: 7.0965 train_imin: -26.1239 time: 1.0768s
INFO:root:Epoch: 1895 lr: 0.01 train_loss: 18953.4668 train_distortion: 0.3379 train_mapscore: 0.6327 train_c: -1.0194 train_max_dist: 34.6572 train_imax: 7.1089 train_imin: -26.2048 time: 1.0690s
INFO:root:Epoch: 1900 lr: 0.01 train_loss: 18802.4375 train_distortion: 0.3376 train_mapscore: 0.6382 train_c: -1.0194 train_max_dist: 34.8008 train_imax: 7.1463 train_imin: -26.3629 time: 1.0694s
INFO:root:Epoch: 1905 lr: 0.01 train_loss: 18654.2520 train_distortion: 0.3373 train_mapscore: 0.6420 train_c: -1.0193 train_max_dist: 34.9287 train_imax: 7.2108 train_imin: -26.5328 time: 1.0738s
INFO:root:Epoch: 1910 lr: 0.01 train_loss: 18534.9844 train_distortion: 0.3369 train_mapscore: 0.6452 train_c: -1.0193 train_max_dist: 35.0508 train_imax: 7.2961 train_imin: -26.7157 time: 1.0738s
INFO:root:Epoch: 1915 lr: 0.01 train_loss: 18481.8887 train_distortion: 0.3366 train_mapscore: 0.6446 train_c: -1.0193 train_max_dist: 35.2256 train_imax: 7.4125 train_imin: -26.9794 time: 1.0762s
INFO:root:Epoch: 1920 lr: 0.01 train_loss: 18361.0820 train_distortion: 0.3363 train_mapscore: 0.6486 train_c: -1.0193 train_max_dist: 35.3740 train_imax: 7.4954 train_imin: -27.2402 time: 1.0681s
INFO:root:Epoch: 1925 lr: 0.01 train_loss: 18237.1289 train_distortion: 0.3361 train_mapscore: 0.6518 train_c: -1.0192 train_max_dist: 35.5107 train_imax: 7.5872 train_imin: -27.4961 time: 1.0689s
INFO:root:Epoch: 1930 lr: 0.01 train_loss: 18118.1816 train_distortion: 0.3359 train_mapscore: 0.6558 train_c: -1.0192 train_max_dist: 35.6416 train_imax: 7.6883 train_imin: -27.7675 time: 1.1006s
INFO:root:Epoch: 1935 lr: 0.01 train_loss: 18004.8613 train_distortion: 0.3358 train_mapscore: 0.6605 train_c: -1.0192 train_max_dist: 35.7764 train_imax: 7.7833 train_imin: -28.0273 time: 1.0655s
INFO:root:Epoch: 1940 lr: 0.01 train_loss: 17964.8008 train_distortion: 0.3356 train_mapscore: 0.6625 train_c: -1.0192 train_max_dist: 35.8975 train_imax: 7.8699 train_imin: -28.2933 time: 1.0791s
INFO:root:Epoch: 1945 lr: 0.01 train_loss: 17912.1953 train_distortion: 0.3355 train_mapscore: 0.6620 train_c: -1.0191 train_max_dist: 36.0078 train_imax: 7.9500 train_imin: -28.5307 time: 1.0670s
INFO:root:Epoch: 1950 lr: 0.01 train_loss: 17805.5234 train_distortion: 0.3354 train_mapscore: 0.6661 train_c: -1.0191 train_max_dist: 36.1113 train_imax: 8.0311 train_imin: -28.7371 time: 1.0651s
INFO:root:Epoch: 1955 lr: 0.01 train_loss: 17758.4160 train_distortion: 0.3354 train_mapscore: 0.6707 train_c: -1.0191 train_max_dist: 36.1836 train_imax: 8.0766 train_imin: -28.8654 time: 1.0763s
INFO:root:Epoch: 1960 lr: 0.01 train_loss: 17683.5293 train_distortion: 0.3353 train_mapscore: 0.6718 train_c: -1.0190 train_max_dist: 36.2344 train_imax: 8.1204 train_imin: -28.9759 time: 1.0621s
INFO:root:Epoch: 1965 lr: 0.01 train_loss: 17588.3848 train_distortion: 0.3353 train_mapscore: 0.6754 train_c: -1.0190 train_max_dist: 36.3066 train_imax: 8.1706 train_imin: -29.1222 time: 1.0606s
INFO:root:Epoch: 1970 lr: 0.01 train_loss: 17487.0078 train_distortion: 0.3353 train_mapscore: 0.6776 train_c: -1.0190 train_max_dist: 36.3936 train_imax: 8.2443 train_imin: -29.3174 time: 1.0682s
INFO:root:Epoch: 1975 lr: 0.01 train_loss: 17393.0742 train_distortion: 0.3353 train_mapscore: 0.6812 train_c: -1.0189 train_max_dist: 36.4980 train_imax: 8.3120 train_imin: -29.4962 time: 1.0618s
INFO:root:Epoch: 1980 lr: 0.01 train_loss: 17304.5176 train_distortion: 0.3354 train_mapscore: 0.6841 train_c: -1.0189 train_max_dist: 36.6064 train_imax: 8.4033 train_imin: -29.7033 time: 1.0686s
INFO:root:Epoch: 1985 lr: 0.01 train_loss: 17215.2188 train_distortion: 0.3355 train_mapscore: 0.6873 train_c: -1.0188 train_max_dist: 36.7227 train_imax: 8.4942 train_imin: -29.9112 time: 1.0864s
INFO:root:Epoch: 1990 lr: 0.01 train_loss: 17130.2285 train_distortion: 0.3356 train_mapscore: 0.6894 train_c: -1.0188 train_max_dist: 36.8369 train_imax: 8.5785 train_imin: -30.1218 time: 1.0600s
INFO:root:Epoch: 1995 lr: 0.01 train_loss: 17046.8438 train_distortion: 0.3357 train_mapscore: 0.6912 train_c: -1.0188 train_max_dist: 36.9531 train_imax: 8.6715 train_imin: -30.3452 time: 1.0665s
INFO:root:Epoch: 2000 lr: 0.0025 train_loss: 16966.3164 train_distortion: 0.3359 train_mapscore: 0.6939 train_c: -1.0187 train_max_dist: 37.0664 train_imax: 8.7695 train_imin: -30.5823 time: 1.0661s
INFO:root:Optimization Finished!
INFO:root:Total time elapsed: 2145.1348s
INFO:root:Val set results: val_distortion: 1.0000 val_mapscore: -1.0000 val_c: -1.0000 val_max_dist: 0.0000
INFO:root:Test set results: test_loss: 16971.7305 test_distortion: 0.3360 test_mapscore: 0.6932 test_c: -1.0187 test_max_dist: 37.0830 test_imax: 8.7837 test_imin: -30.6191
INFO:root:Saved model in /workspace/xiongbo/hgcn/logs/md/2021_5_27/3
