INFO:root:Using: cuda:0
INFO:root:Using seed 1234.
INFO:root:MDModel(
  (encoder): HGCN(
    (layers): Sequential(
      (0): HyperbolicGraphConvolution(
        (linear): HypLinear(
          in_features=2641, out_features=10, c=Parameter containing:
          tensor([-1.], requires_grad=True)
        )
        (agg): HypAgg(
          c=Parameter containing:
          tensor([-1.], requires_grad=True)
        )
        (hyp_act): HypAct(
          c_in=Parameter containing:
          tensor([-1.], requires_grad=True), c_out=Parameter containing:
          tensor([-1.], requires_grad=True)
        )
      )
    )
  )
  (decoder): MDDecoder()
)
INFO:root:Total number of parameters: 26422
/workspace/anaconda3/envs/geo/lib/python3.7/site-packages/torch/optim/lr_scheduler.py:370: UserWarning: To get the last learning rate computed by the scheduler, please use `get_last_lr()`.
  "please use `get_last_lr()`.", UserWarning)
INFO:root:Epoch: 0005 lr: 0.01 train_loss: 49218.4805 train_distortion: 0.9571 train_mapscore: 0.0825 train_c: -1.0004 train_max_dist: 2.1175 train_imax: -0.0000 train_imin: -1.3365 time: 1.1646s
INFO:root:Epoch: 0010 lr: 0.01 train_loss: 46910.7656 train_distortion: 0.9271 train_mapscore: 0.1669 train_c: -1.0009 train_max_dist: 2.8048 train_imax: -0.0000 train_imin: -1.4819 time: 1.0793s
INFO:root:Epoch: 0015 lr: 0.01 train_loss: 44979.8672 train_distortion: 0.9019 train_mapscore: 0.2214 train_c: -1.0014 train_max_dist: 3.5940 train_imax: -0.0000 train_imin: -1.6075 time: 1.0616s
INFO:root:Epoch: 0020 lr: 0.01 train_loss: 43112.7383 train_distortion: 0.8769 train_mapscore: 0.2789 train_c: -1.0019 train_max_dist: 4.4610 train_imax: -0.0000 train_imin: -1.7805 time: 1.0625s
INFO:root:Epoch: 0025 lr: 0.01 train_loss: 41108.3672 train_distortion: 0.8499 train_mapscore: 0.3708 train_c: -1.0025 train_max_dist: 5.4430 train_imax: -0.0000 train_imin: -1.9192 time: 1.0479s
INFO:root:Epoch: 0030 lr: 0.01 train_loss: 38765.9766 train_distortion: 0.8179 train_mapscore: 0.4660 train_c: -1.0031 train_max_dist: 7.8023 train_imax: -0.0000 train_imin: -1.9639 time: 1.0981s
INFO:root:Epoch: 0035 lr: 0.01 train_loss: 35918.8320 train_distortion: 0.7782 train_mapscore: 0.5597 train_c: -1.0037 train_max_dist: 9.6953 train_imax: -0.0000 train_imin: -2.0530 time: 1.0621s
INFO:root:Epoch: 0040 lr: 0.01 train_loss: 32466.8008 train_distortion: 0.7287 train_mapscore: 0.6482 train_c: -1.0044 train_max_dist: 10.0000 train_imax: -0.0000 train_imin: -2.3754 time: 1.0588s
INFO:root:Epoch: 0045 lr: 0.01 train_loss: 28406.2539 train_distortion: 0.6691 train_mapscore: 0.7366 train_c: -1.0050 train_max_dist: 11.4549 train_imax: 0.2234 train_imin: -2.8604 time: 1.0582s
INFO:root:Epoch: 0050 lr: 0.01 train_loss: 23881.9375 train_distortion: 0.6017 train_mapscore: 0.8095 train_c: -1.0057 train_max_dist: 13.6697 train_imax: 0.5656 train_imin: -3.3159 time: 1.0587s
INFO:root:Epoch: 0055 lr: 0.01 train_loss: 18976.9648 train_distortion: 0.5299 train_mapscore: 0.8910 train_c: -1.0064 train_max_dist: 16.3048 train_imax: 0.8498 train_imin: -3.7792 time: 1.0723s
INFO:root:Epoch: 0060 lr: 0.01 train_loss: 13987.0059 train_distortion: 0.4584 train_mapscore: 0.9535 train_c: -1.0071 train_max_dist: 18.9829 train_imax: 1.0081 train_imin: -4.0476 time: 1.0822s
INFO:root:Epoch: 0065 lr: 0.01 train_loss: 9451.3906 train_distortion: 0.3937 train_mapscore: 0.9802 train_c: -1.0077 train_max_dist: 21.7482 train_imax: 2.4525 train_imin: -4.1070 time: 1.0601s
INFO:root:Epoch: 0070 lr: 0.01 train_loss: 6336.6030 train_distortion: 0.3442 train_mapscore: 0.9910 train_c: -1.0083 train_max_dist: 24.4896 train_imax: 5.4088 train_imin: -4.0977 time: 1.0582s
INFO:root:Epoch: 0075 lr: 0.01 train_loss: 4775.6416 train_distortion: 0.3155 train_mapscore: 0.9943 train_c: -1.0089 train_max_dist: 27.2703 train_imax: 6.0368 train_imin: -3.9176 time: 1.0641s
INFO:root:Epoch: 0080 lr: 0.01 train_loss: 4186.4771 train_distortion: 0.3043 train_mapscore: 0.9958 train_c: -1.0093 train_max_dist: 29.4990 train_imax: 6.4946 train_imin: -3.7956 time: 1.0606s
INFO:root:Epoch: 0085 lr: 0.01 train_loss: 3941.5500 train_distortion: 0.3017 train_mapscore: 0.9970 train_c: -1.0095 train_max_dist: 31.0190 train_imax: 7.1022 train_imin: -2.9212 time: 1.0557s
INFO:root:Epoch: 0090 lr: 0.01 train_loss: 3705.1855 train_distortion: 0.3016 train_mapscore: 0.9972 train_c: -1.0097 train_max_dist: 31.7192 train_imax: 8.0635 train_imin: -3.0783 time: 1.0493s
INFO:root:Epoch: 0095 lr: 0.01 train_loss: 3503.7749 train_distortion: 0.3011 train_mapscore: 0.9977 train_c: -1.0099 train_max_dist: 32.0840 train_imax: 7.8571 train_imin: -2.8565 time: 1.0642s
INFO:root:Epoch: 0100 lr: 0.01 train_loss: 3245.6436 train_distortion: 0.3000 train_mapscore: 0.9985 train_c: -1.0099 train_max_dist: 32.0005 train_imax: 7.7869 train_imin: -3.1288 time: 1.0617s
INFO:root:Epoch: 0105 lr: 0.01 train_loss: 2950.2063 train_distortion: 0.2991 train_mapscore: 0.9991 train_c: -1.0100 train_max_dist: 31.9985 train_imax: 7.7266 train_imin: -2.4422 time: 1.0535s
INFO:root:Epoch: 0110 lr: 0.01 train_loss: 2753.9604 train_distortion: 0.2984 train_mapscore: 0.9989 train_c: -1.0101 train_max_dist: 31.9517 train_imax: 7.5373 train_imin: -2.3330 time: 1.0647s
INFO:root:Epoch: 0115 lr: 0.01 train_loss: 2598.1621 train_distortion: 0.2982 train_mapscore: 0.9988 train_c: -1.0101 train_max_dist: 31.8418 train_imax: 7.4433 train_imin: -2.3187 time: 1.0848s
INFO:root:Epoch: 0120 lr: 0.01 train_loss: 2443.2283 train_distortion: 0.2982 train_mapscore: 0.9991 train_c: -1.0102 train_max_dist: 31.8579 train_imax: 7.7065 train_imin: -2.0228 time: 1.0666s
INFO:root:Epoch: 0125 lr: 0.01 train_loss: 2337.9128 train_distortion: 0.2985 train_mapscore: 0.9992 train_c: -1.0102 train_max_dist: 31.8394 train_imax: 7.5062 train_imin: -2.1138 time: 1.0532s
INFO:root:Epoch: 0130 lr: 0.01 train_loss: 2241.3447 train_distortion: 0.2989 train_mapscore: 0.9992 train_c: -1.0103 train_max_dist: 31.9834 train_imax: 7.4654 train_imin: -2.0144 time: 1.0590s
INFO:root:Epoch: 0135 lr: 0.01 train_loss: 2145.5063 train_distortion: 0.2994 train_mapscore: 0.9992 train_c: -1.0104 train_max_dist: 32.0342 train_imax: 7.6273 train_imin: -1.9791 time: 1.0819s
INFO:root:Epoch: 0140 lr: 0.01 train_loss: 2099.4626 train_distortion: 0.2999 train_mapscore: 0.9992 train_c: -1.0105 train_max_dist: 32.2461 train_imax: 7.6759 train_imin: -1.9628 time: 1.0657s
INFO:root:Epoch: 0145 lr: 0.01 train_loss: 2067.1860 train_distortion: 0.3002 train_mapscore: 0.9992 train_c: -1.0105 train_max_dist: 32.3525 train_imax: 7.5757 train_imin: -2.1552 time: 1.0581s
INFO:root:Epoch: 0150 lr: 0.01 train_loss: 1985.9141 train_distortion: 0.3006 train_mapscore: 0.9992 train_c: -1.0106 train_max_dist: 32.4385 train_imax: 7.7485 train_imin: -1.8156 time: 1.0651s
INFO:root:Epoch: 0155 lr: 0.01 train_loss: 1994.9813 train_distortion: 0.3009 train_mapscore: 0.9992 train_c: -1.0107 train_max_dist: 32.6094 train_imax: 7.6155 train_imin: -1.9446 time: 1.0884s
INFO:root:Epoch: 0160 lr: 0.01 train_loss: 1979.4740 train_distortion: 0.3010 train_mapscore: 0.9992 train_c: -1.0107 train_max_dist: 32.5669 train_imax: 7.7342 train_imin: -1.8477 time: 1.0775s
INFO:root:Epoch: 0165 lr: 0.01 train_loss: 1898.8870 train_distortion: 0.3010 train_mapscore: 0.9992 train_c: -1.0108 train_max_dist: 32.6958 train_imax: 7.7227 train_imin: -1.8680 time: 1.0702s
INFO:root:Epoch: 0170 lr: 0.01 train_loss: 1906.1597 train_distortion: 0.3011 train_mapscore: 0.9992 train_c: -1.0109 train_max_dist: 32.6768 train_imax: 7.7282 train_imin: -1.8608 time: 1.0880s
INFO:root:Epoch: 0175 lr: 0.01 train_loss: 1876.3346 train_distortion: 0.3012 train_mapscore: 0.9992 train_c: -1.0109 train_max_dist: 32.7646 train_imax: 7.6685 train_imin: -1.8638 time: 1.0638s
INFO:root:Epoch: 0180 lr: 0.01 train_loss: 1870.2330 train_distortion: 0.3012 train_mapscore: 0.9992 train_c: -1.0110 train_max_dist: 32.7393 train_imax: 7.6379 train_imin: -1.9931 time: 1.0566s
INFO:root:Epoch: 0185 lr: 0.01 train_loss: 1839.0920 train_distortion: 0.3013 train_mapscore: 0.9992 train_c: -1.0111 train_max_dist: 32.7603 train_imax: 7.7144 train_imin: -1.8163 time: 1.0654s
INFO:root:Epoch: 0190 lr: 0.01 train_loss: 1810.8779 train_distortion: 0.3014 train_mapscore: 0.9990 train_c: -1.0111 train_max_dist: 32.8423 train_imax: 7.8162 train_imin: -1.8598 time: 1.0613s
INFO:root:Epoch: 0195 lr: 0.01 train_loss: 1805.2922 train_distortion: 0.3016 train_mapscore: 0.9992 train_c: -1.0112 train_max_dist: 32.8535 train_imax: 7.8009 train_imin: -1.8707 time: 1.0642s
INFO:root:Epoch: 0200 lr: 0.01 train_loss: 1767.3331 train_distortion: 0.3017 train_mapscore: 0.9992 train_c: -1.0113 train_max_dist: 32.8931 train_imax: 7.6668 train_imin: -1.8382 time: 1.0592s
INFO:root:Epoch: 0205 lr: 0.01 train_loss: 1771.8383 train_distortion: 0.3018 train_mapscore: 0.9992 train_c: -1.0113 train_max_dist: 32.9575 train_imax: 7.6125 train_imin: -1.7496 time: 1.0729s
INFO:root:Epoch: 0210 lr: 0.01 train_loss: 1756.4136 train_distortion: 0.3019 train_mapscore: 0.9992 train_c: -1.0114 train_max_dist: 32.9727 train_imax: 7.6292 train_imin: -1.8592 time: 1.0628s
INFO:root:Epoch: 0215 lr: 0.01 train_loss: 1705.2925 train_distortion: 0.3020 train_mapscore: 0.9992 train_c: -1.0114 train_max_dist: 33.0161 train_imax: 7.5994 train_imin: -1.9469 time: 1.0686s
INFO:root:Epoch: 0220 lr: 0.01 train_loss: 1702.9141 train_distortion: 0.3021 train_mapscore: 0.9992 train_c: -1.0115 train_max_dist: 33.0625 train_imax: 7.7021 train_imin: -1.7660 time: 1.0704s
INFO:root:Epoch: 0225 lr: 0.01 train_loss: 1730.4524 train_distortion: 0.3022 train_mapscore: 0.9992 train_c: -1.0116 train_max_dist: 33.1030 train_imax: 7.6529 train_imin: -1.8417 time: 1.1041s
INFO:root:Epoch: 0230 lr: 0.01 train_loss: 1682.5127 train_distortion: 0.3023 train_mapscore: 0.9992 train_c: -1.0116 train_max_dist: 33.1450 train_imax: 7.5518 train_imin: -1.7201 time: 1.0692s
INFO:root:Epoch: 0235 lr: 0.01 train_loss: 1652.7648 train_distortion: 0.3024 train_mapscore: 0.9992 train_c: -1.0117 train_max_dist: 33.1738 train_imax: 7.5692 train_imin: -1.7499 time: 1.0564s
INFO:root:Epoch: 0240 lr: 0.01 train_loss: 1640.5134 train_distortion: 0.3024 train_mapscore: 0.9992 train_c: -1.0118 train_max_dist: 33.1978 train_imax: 7.6481 train_imin: -1.7452 time: 1.0513s
INFO:root:Epoch: 0245 lr: 0.01 train_loss: 1614.1736 train_distortion: 0.3026 train_mapscore: 0.9992 train_c: -1.0118 train_max_dist: 33.1914 train_imax: 7.8323 train_imin: -1.8433 time: 1.0592s
INFO:root:Epoch: 0250 lr: 0.01 train_loss: 1593.4519 train_distortion: 0.3025 train_mapscore: 0.9992 train_c: -1.0119 train_max_dist: 33.2749 train_imax: 7.6460 train_imin: -1.7650 time: 1.0645s
INFO:root:Epoch: 0255 lr: 0.01 train_loss: 1610.6050 train_distortion: 0.3026 train_mapscore: 0.9992 train_c: -1.0120 train_max_dist: 33.3286 train_imax: 7.7745 train_imin: -1.7354 time: 1.0461s
INFO:root:Epoch: 0260 lr: 0.01 train_loss: 1571.8518 train_distortion: 0.3027 train_mapscore: 0.9992 train_c: -1.0120 train_max_dist: 33.3545 train_imax: 7.7092 train_imin: -1.7686 time: 1.0493s
INFO:root:Epoch: 0265 lr: 0.01 train_loss: 1564.4032 train_distortion: 0.3029 train_mapscore: 0.9992 train_c: -1.0121 train_max_dist: 33.3911 train_imax: 7.6492 train_imin: -1.6823 time: 1.0535s
INFO:root:Epoch: 0270 lr: 0.01 train_loss: 1564.6730 train_distortion: 0.3030 train_mapscore: 0.9992 train_c: -1.0122 train_max_dist: 33.4395 train_imax: 7.5973 train_imin: -1.6995 time: 1.0573s
INFO:root:Epoch: 0275 lr: 0.01 train_loss: 1536.9614 train_distortion: 0.3030 train_mapscore: 0.9992 train_c: -1.0122 train_max_dist: 33.4346 train_imax: 7.5230 train_imin: -1.7298 time: 1.0605s
INFO:root:Epoch: 0280 lr: 0.01 train_loss: 1538.4729 train_distortion: 0.3031 train_mapscore: 0.9992 train_c: -1.0123 train_max_dist: 33.4966 train_imax: 7.6916 train_imin: -1.6866 time: 1.0863s
INFO:root:Epoch: 0285 lr: 0.01 train_loss: 1533.3258 train_distortion: 0.3032 train_mapscore: 0.9992 train_c: -1.0124 train_max_dist: 33.5176 train_imax: 7.6108 train_imin: -1.8205 time: 1.0554s
INFO:root:Epoch: 0290 lr: 0.01 train_loss: 1523.0789 train_distortion: 0.3033 train_mapscore: 0.9992 train_c: -1.0124 train_max_dist: 33.5654 train_imax: 7.5715 train_imin: -1.6527 time: 1.0627s
INFO:root:Epoch: 0295 lr: 0.01 train_loss: 1529.0643 train_distortion: 0.3032 train_mapscore: 0.9992 train_c: -1.0125 train_max_dist: 33.6104 train_imax: 7.5401 train_imin: -1.6833 time: 1.0699s
INFO:root:Epoch: 0300 lr: 0.01 train_loss: 1517.9119 train_distortion: 0.3033 train_mapscore: 0.9990 train_c: -1.0126 train_max_dist: 33.6216 train_imax: 7.6169 train_imin: -1.7485 time: 1.0634s
INFO:root:Epoch: 0305 lr: 0.01 train_loss: 1510.8479 train_distortion: 0.3033 train_mapscore: 0.9992 train_c: -1.0126 train_max_dist: 33.6621 train_imax: 7.4475 train_imin: -1.7666 time: 1.0473s
INFO:root:Epoch: 0310 lr: 0.01 train_loss: 1482.8716 train_distortion: 0.3034 train_mapscore: 0.9992 train_c: -1.0127 train_max_dist: 33.6523 train_imax: 7.3904 train_imin: -1.6938 time: 1.0541s
INFO:root:Epoch: 0315 lr: 0.01 train_loss: 1458.6445 train_distortion: 0.3034 train_mapscore: 0.9992 train_c: -1.0128 train_max_dist: 33.6982 train_imax: 7.5593 train_imin: -1.6518 time: 1.0597s
INFO:root:Epoch: 0320 lr: 0.01 train_loss: 1450.3762 train_distortion: 0.3035 train_mapscore: 0.9992 train_c: -1.0128 train_max_dist: 33.7485 train_imax: 7.5454 train_imin: -1.6990 time: 1.0501s
INFO:root:Epoch: 0325 lr: 0.01 train_loss: 1456.8005 train_distortion: 0.3036 train_mapscore: 0.9992 train_c: -1.0129 train_max_dist: 33.7881 train_imax: 7.4430 train_imin: -1.6946 time: 1.0543s
INFO:root:Epoch: 0330 lr: 0.01 train_loss: 1450.5116 train_distortion: 0.3038 train_mapscore: 0.9992 train_c: -1.0130 train_max_dist: 33.7954 train_imax: 7.5068 train_imin: -1.6996 time: 1.0598s
INFO:root:Epoch: 0335 lr: 0.01 train_loss: 1427.0389 train_distortion: 0.3040 train_mapscore: 0.9992 train_c: -1.0130 train_max_dist: 33.8296 train_imax: 7.5042 train_imin: -1.7057 time: 1.0994s
INFO:root:Epoch: 0340 lr: 0.01 train_loss: 1432.9951 train_distortion: 0.3039 train_mapscore: 0.9992 train_c: -1.0131 train_max_dist: 33.8726 train_imax: 7.3727 train_imin: -1.6903 time: 1.0546s
INFO:root:Epoch: 0345 lr: 0.01 train_loss: 1439.2616 train_distortion: 0.3041 train_mapscore: 0.9992 train_c: -1.0132 train_max_dist: 33.9023 train_imax: 7.4130 train_imin: -1.7643 time: 1.0568s
INFO:root:Epoch: 0350 lr: 0.01 train_loss: 1414.8503 train_distortion: 0.3041 train_mapscore: 0.9992 train_c: -1.0132 train_max_dist: 33.9067 train_imax: 7.3436 train_imin: -1.6497 time: 1.0531s
INFO:root:Epoch: 0355 lr: 0.01 train_loss: 1412.2771 train_distortion: 0.3041 train_mapscore: 0.9992 train_c: -1.0133 train_max_dist: 33.9072 train_imax: 7.3474 train_imin: -1.7019 time: 1.0510s
INFO:root:Epoch: 0360 lr: 0.01 train_loss: 1404.3735 train_distortion: 0.3042 train_mapscore: 0.9992 train_c: -1.0134 train_max_dist: 34.0156 train_imax: 7.4028 train_imin: -1.6183 time: 1.0609s
INFO:root:Epoch: 0365 lr: 0.01 train_loss: 1401.5160 train_distortion: 0.3043 train_mapscore: 0.9992 train_c: -1.0134 train_max_dist: 34.0112 train_imax: 7.5489 train_imin: -1.7045 time: 1.0462s
INFO:root:Epoch: 0370 lr: 0.01 train_loss: 1384.4470 train_distortion: 0.3043 train_mapscore: 0.9992 train_c: -1.0135 train_max_dist: 34.0303 train_imax: 7.4800 train_imin: -1.7085 time: 1.0631s
INFO:root:Epoch: 0375 lr: 0.01 train_loss: 1373.9630 train_distortion: 0.3043 train_mapscore: 0.9992 train_c: -1.0136 train_max_dist: 34.0854 train_imax: 7.3177 train_imin: -1.6460 time: 1.0610s
INFO:root:Epoch: 0380 lr: 0.01 train_loss: 1382.5709 train_distortion: 0.3045 train_mapscore: 0.9992 train_c: -1.0136 train_max_dist: 34.0898 train_imax: 7.2230 train_imin: -1.6679 time: 1.0549s
INFO:root:Epoch: 0385 lr: 0.01 train_loss: 1367.5181 train_distortion: 0.3045 train_mapscore: 0.9992 train_c: -1.0137 train_max_dist: 34.0947 train_imax: 7.2675 train_imin: -1.7301 time: 1.0704s
INFO:root:Epoch: 0390 lr: 0.01 train_loss: 1356.4419 train_distortion: 0.3045 train_mapscore: 0.9992 train_c: -1.0138 train_max_dist: 34.1147 train_imax: 7.3103 train_imin: -1.6350 time: 1.0958s
INFO:root:Epoch: 0395 lr: 0.01 train_loss: 1365.9510 train_distortion: 0.3045 train_mapscore: 0.9992 train_c: -1.0138 train_max_dist: 34.1460 train_imax: 7.1131 train_imin: -1.6743 time: 1.0532s
INFO:root:Epoch: 0400 lr: 0.01 train_loss: 1365.1305 train_distortion: 0.3047 train_mapscore: 0.9992 train_c: -1.0139 train_max_dist: 34.1562 train_imax: 7.2416 train_imin: -1.6435 time: 1.0605s
INFO:root:Epoch: 0405 lr: 0.01 train_loss: 1381.5780 train_distortion: 0.3048 train_mapscore: 0.9992 train_c: -1.0140 train_max_dist: 34.2539 train_imax: 7.1724 train_imin: -1.6346 time: 1.0680s
INFO:root:Epoch: 0410 lr: 0.01 train_loss: 1351.8140 train_distortion: 0.3048 train_mapscore: 0.9990 train_c: -1.0141 train_max_dist: 34.1919 train_imax: 7.1875 train_imin: -1.6710 time: 1.0585s
INFO:root:Epoch: 0415 lr: 0.01 train_loss: 1330.5674 train_distortion: 0.3047 train_mapscore: 0.9992 train_c: -1.0141 train_max_dist: 34.2402 train_imax: 7.1031 train_imin: -1.6499 time: 1.0651s
INFO:root:Epoch: 0420 lr: 0.01 train_loss: 1347.5886 train_distortion: 0.3048 train_mapscore: 0.9992 train_c: -1.0142 train_max_dist: 34.2197 train_imax: 7.2150 train_imin: -1.6413 time: 1.0523s
INFO:root:Epoch: 0425 lr: 0.01 train_loss: 1329.9938 train_distortion: 0.3048 train_mapscore: 0.9992 train_c: -1.0143 train_max_dist: 34.2695 train_imax: 7.1520 train_imin: -1.7240 time: 1.0530s
INFO:root:Epoch: 0430 lr: 0.01 train_loss: 1327.7739 train_distortion: 0.3049 train_mapscore: 0.9992 train_c: -1.0143 train_max_dist: 34.2896 train_imax: 6.9416 train_imin: -1.5929 time: 1.0590s
INFO:root:Epoch: 0435 lr: 0.01 train_loss: 1323.9287 train_distortion: 0.3049 train_mapscore: 0.9992 train_c: -1.0144 train_max_dist: 34.2769 train_imax: 7.0331 train_imin: -1.7104 time: 1.0584s
INFO:root:Epoch: 0440 lr: 0.01 train_loss: 1309.1238 train_distortion: 0.3049 train_mapscore: 0.9992 train_c: -1.0145 train_max_dist: 34.3286 train_imax: 6.9425 train_imin: -1.6614 time: 1.0610s
INFO:root:Epoch: 0445 lr: 0.01 train_loss: 1302.8029 train_distortion: 0.3051 train_mapscore: 0.9992 train_c: -1.0146 train_max_dist: 34.3433 train_imax: 6.9434 train_imin: -1.7795 time: 1.0994s
INFO:root:Epoch: 0450 lr: 0.01 train_loss: 1288.9204 train_distortion: 0.3053 train_mapscore: 0.9992 train_c: -1.0146 train_max_dist: 34.3765 train_imax: 6.9466 train_imin: -1.6667 time: 1.0565s
INFO:root:Epoch: 0455 lr: 0.01 train_loss: 1300.2853 train_distortion: 0.3054 train_mapscore: 0.9987 train_c: -1.0147 train_max_dist: 34.4131 train_imax: 6.8776 train_imin: -1.6823 time: 1.0511s
INFO:root:Epoch: 0460 lr: 0.01 train_loss: 1302.8640 train_distortion: 0.3054 train_mapscore: 0.9993 train_c: -1.0148 train_max_dist: 34.4131 train_imax: 6.8803 train_imin: -1.6894 time: 1.0538s
INFO:root:Epoch: 0465 lr: 0.01 train_loss: 1287.0347 train_distortion: 0.3054 train_mapscore: 0.9993 train_c: -1.0148 train_max_dist: 34.4580 train_imax: 6.9147 train_imin: -1.6105 time: 1.0651s
INFO:root:Epoch: 0470 lr: 0.01 train_loss: 1271.5117 train_distortion: 0.3055 train_mapscore: 0.9992 train_c: -1.0149 train_max_dist: 34.4253 train_imax: 6.7912 train_imin: -1.6497 time: 1.0698s
INFO:root:Epoch: 0475 lr: 0.01 train_loss: 1296.2808 train_distortion: 0.3056 train_mapscore: 0.9988 train_c: -1.0150 train_max_dist: 34.4521 train_imax: 6.7706 train_imin: -1.6460 time: 1.0562s
INFO:root:Epoch: 0480 lr: 0.01 train_loss: 1278.1608 train_distortion: 0.3057 train_mapscore: 0.9993 train_c: -1.0151 train_max_dist: 34.4443 train_imax: 6.7518 train_imin: -1.7100 time: 1.0526s
INFO:root:Epoch: 0485 lr: 0.01 train_loss: 1255.3518 train_distortion: 0.3057 train_mapscore: 0.9992 train_c: -1.0151 train_max_dist: 34.4634 train_imax: 6.7900 train_imin: -1.6045 time: 1.0549s
INFO:root:Epoch: 0490 lr: 0.01 train_loss: 1263.0677 train_distortion: 0.3057 train_mapscore: 0.9993 train_c: -1.0152 train_max_dist: 34.4443 train_imax: 6.6127 train_imin: -1.6469 time: 1.0617s
INFO:root:Epoch: 0495 lr: 0.01 train_loss: 1282.8801 train_distortion: 0.3057 train_mapscore: 0.9992 train_c: -1.0153 train_max_dist: 34.4707 train_imax: 6.6185 train_imin: -1.6725 time: 1.0622s
INFO:root:Epoch: 0500 lr: 0.01 train_loss: 1278.9585 train_distortion: 0.3057 train_mapscore: 0.9992 train_c: -1.0153 train_max_dist: 34.4590 train_imax: 6.7440 train_imin: -1.5898 time: 1.0794s
INFO:root:Epoch: 0505 lr: 0.01 train_loss: 1295.0791 train_distortion: 0.3058 train_mapscore: 0.9993 train_c: -1.0154 train_max_dist: 34.5146 train_imax: 6.6415 train_imin: -1.6281 time: 1.0656s
INFO:root:Epoch: 0510 lr: 0.01 train_loss: 1251.5031 train_distortion: 0.3057 train_mapscore: 0.9993 train_c: -1.0155 train_max_dist: 34.5029 train_imax: 6.6717 train_imin: -1.6769 time: 1.0541s
INFO:root:Epoch: 0515 lr: 0.01 train_loss: 1259.0515 train_distortion: 0.3058 train_mapscore: 0.9993 train_c: -1.0156 train_max_dist: 34.4775 train_imax: 6.5611 train_imin: -1.6805 time: 1.0607s
INFO:root:Epoch: 0520 lr: 0.01 train_loss: 1258.8196 train_distortion: 0.3059 train_mapscore: 0.9993 train_c: -1.0156 train_max_dist: 34.5161 train_imax: 6.6410 train_imin: -1.6070 time: 1.0549s
INFO:root:Epoch: 0525 lr: 0.01 train_loss: 1236.5199 train_distortion: 0.3060 train_mapscore: 0.9993 train_c: -1.0157 train_max_dist: 34.5117 train_imax: 6.5882 train_imin: -1.6180 time: 1.0566s
INFO:root:Epoch: 0530 lr: 0.01 train_loss: 1245.8031 train_distortion: 0.3063 train_mapscore: 0.9993 train_c: -1.0158 train_max_dist: 34.5908 train_imax: 6.6278 train_imin: -1.5885 time: 1.0551s
INFO:root:Epoch: 0535 lr: 0.01 train_loss: 1208.8757 train_distortion: 0.3063 train_mapscore: 0.9993 train_c: -1.0159 train_max_dist: 34.5713 train_imax: 6.5698 train_imin: -1.5899 time: 1.0612s
INFO:root:Epoch: 0540 lr: 0.01 train_loss: 1233.0874 train_distortion: 0.3065 train_mapscore: 0.9993 train_c: -1.0159 train_max_dist: 34.6226 train_imax: 6.6488 train_imin: -1.6743 time: 1.0806s
INFO:root:Epoch: 0545 lr: 0.01 train_loss: 1202.5782 train_distortion: 0.3066 train_mapscore: 0.9990 train_c: -1.0160 train_max_dist: 34.6318 train_imax: 6.5193 train_imin: -1.6003 time: 1.0577s
INFO:root:Epoch: 0550 lr: 0.01 train_loss: 1225.3916 train_distortion: 0.3066 train_mapscore: 0.9993 train_c: -1.0161 train_max_dist: 34.6348 train_imax: 6.5929 train_imin: -1.5867 time: 1.0625s
INFO:root:Epoch: 0555 lr: 0.01 train_loss: 1240.5103 train_distortion: 0.3066 train_mapscore: 0.9993 train_c: -1.0162 train_max_dist: 34.6577 train_imax: 6.5014 train_imin: -1.7316 time: 1.0866s
INFO:root:Epoch: 0560 lr: 0.01 train_loss: 1240.4850 train_distortion: 0.3065 train_mapscore: 0.9993 train_c: -1.0162 train_max_dist: 34.6479 train_imax: 6.4570 train_imin: -1.7988 time: 1.0539s
INFO:root:Epoch: 0565 lr: 0.01 train_loss: 1259.0234 train_distortion: 0.3064 train_mapscore: 0.9993 train_c: -1.0163 train_max_dist: 34.6680 train_imax: 6.4905 train_imin: -1.6259 time: 1.0565s
INFO:root:Epoch: 0570 lr: 0.01 train_loss: 1264.2974 train_distortion: 0.3062 train_mapscore: 0.9993 train_c: -1.0164 train_max_dist: 34.6201 train_imax: 6.3427 train_imin: -1.6031 time: 1.0561s
INFO:root:Epoch: 0575 lr: 0.01 train_loss: 1234.6029 train_distortion: 0.3061 train_mapscore: 0.9990 train_c: -1.0165 train_max_dist: 34.6421 train_imax: 6.2456 train_imin: -1.6571 time: 1.0687s
INFO:root:Epoch: 0580 lr: 0.01 train_loss: 1222.5012 train_distortion: 0.3059 train_mapscore: 0.9990 train_c: -1.0165 train_max_dist: 34.6079 train_imax: 6.2702 train_imin: -1.6147 time: 1.0516s
INFO:root:Epoch: 0585 lr: 0.01 train_loss: 1208.7074 train_distortion: 0.3060 train_mapscore: 0.9993 train_c: -1.0166 train_max_dist: 34.6465 train_imax: 6.3124 train_imin: -1.6316 time: 1.0614s
INFO:root:Epoch: 0590 lr: 0.01 train_loss: 1202.6106 train_distortion: 0.3061 train_mapscore: 0.9993 train_c: -1.0167 train_max_dist: 34.6787 train_imax: 6.2766 train_imin: -1.6209 time: 1.0580s
INFO:root:Epoch: 0595 lr: 0.01 train_loss: 1199.4766 train_distortion: 0.3064 train_mapscore: 0.9993 train_c: -1.0168 train_max_dist: 34.7075 train_imax: 6.2970 train_imin: -1.6210 time: 1.0687s
INFO:root:Epoch: 0600 lr: 0.01 train_loss: 1173.0669 train_distortion: 0.3066 train_mapscore: 0.9990 train_c: -1.0169 train_max_dist: 34.7354 train_imax: 6.3544 train_imin: -1.6289 time: 1.0513s
INFO:root:Epoch: 0605 lr: 0.01 train_loss: 1186.8622 train_distortion: 0.3068 train_mapscore: 0.9993 train_c: -1.0169 train_max_dist: 34.7725 train_imax: 6.3764 train_imin: -1.6719 time: 1.0585s
INFO:root:Epoch: 0610 lr: 0.01 train_loss: 1178.9893 train_distortion: 0.3068 train_mapscore: 0.9993 train_c: -1.0170 train_max_dist: 34.8076 train_imax: 6.2864 train_imin: -1.6570 time: 1.1563s
INFO:root:Epoch: 0615 lr: 0.01 train_loss: 1171.7754 train_distortion: 0.3070 train_mapscore: 0.9993 train_c: -1.0171 train_max_dist: 34.8105 train_imax: 6.2676 train_imin: -1.6007 time: 1.0546s
INFO:root:Epoch: 0620 lr: 0.01 train_loss: 1163.9205 train_distortion: 0.3070 train_mapscore: 0.9993 train_c: -1.0172 train_max_dist: 34.8369 train_imax: 6.2503 train_imin: -1.6029 time: 1.0628s
INFO:root:Epoch: 0625 lr: 0.01 train_loss: 1185.3082 train_distortion: 0.3071 train_mapscore: 0.9993 train_c: -1.0172 train_max_dist: 34.8340 train_imax: 6.2994 train_imin: -1.5891 time: 1.0641s
INFO:root:Epoch: 0630 lr: 0.01 train_loss: 1171.6565 train_distortion: 0.3072 train_mapscore: 0.9993 train_c: -1.0173 train_max_dist: 34.8867 train_imax: 6.1959 train_imin: -1.6329 time: 1.0477s
INFO:root:Epoch: 0635 lr: 0.01 train_loss: 1180.8636 train_distortion: 0.3072 train_mapscore: 0.9993 train_c: -1.0174 train_max_dist: 34.8730 train_imax: 6.1193 train_imin: -1.6312 time: 1.0525s
INFO:root:Epoch: 0640 lr: 0.01 train_loss: 1181.3632 train_distortion: 0.3072 train_mapscore: 0.9993 train_c: -1.0175 train_max_dist: 34.8857 train_imax: 6.1597 train_imin: -1.5760 time: 1.0388s
INFO:root:Epoch: 0645 lr: 0.01 train_loss: 1167.1320 train_distortion: 0.3072 train_mapscore: 0.9993 train_c: -1.0176 train_max_dist: 34.8711 train_imax: 6.0140 train_imin: -1.5992 time: 1.0576s
INFO:root:Epoch: 0650 lr: 0.01 train_loss: 1165.5254 train_distortion: 0.3072 train_mapscore: 0.9993 train_c: -1.0176 train_max_dist: 34.8066 train_imax: 6.0791 train_imin: -1.6334 time: 1.0572s
INFO:root:Epoch: 0655 lr: 0.01 train_loss: 1170.8884 train_distortion: 0.3071 train_mapscore: 0.9993 train_c: -1.0177 train_max_dist: 34.8486 train_imax: 6.0458 train_imin: -1.6232 time: 1.0585s
INFO:root:Epoch: 0660 lr: 0.01 train_loss: 1156.0614 train_distortion: 0.3072 train_mapscore: 0.9993 train_c: -1.0178 train_max_dist: 34.8506 train_imax: 5.9489 train_imin: -1.5693 time: 1.0540s
INFO:root:Epoch: 0665 lr: 0.01 train_loss: 1161.2654 train_distortion: 0.3072 train_mapscore: 0.9993 train_c: -1.0179 train_max_dist: 34.8809 train_imax: 6.0115 train_imin: -1.6217 time: 1.0942s
INFO:root:Epoch: 0670 lr: 0.01 train_loss: 1151.5818 train_distortion: 0.3073 train_mapscore: 0.9993 train_c: -1.0180 train_max_dist: 34.8823 train_imax: 5.9341 train_imin: -1.6208 time: 1.0618s
INFO:root:Epoch: 0675 lr: 0.01 train_loss: 1161.4026 train_distortion: 0.3073 train_mapscore: 0.9993 train_c: -1.0180 train_max_dist: 34.8979 train_imax: 5.9116 train_imin: -1.5944 time: 1.0447s
INFO:root:Epoch: 0680 lr: 0.01 train_loss: 1175.2145 train_distortion: 0.3073 train_mapscore: 0.9987 train_c: -1.0181 train_max_dist: 34.8730 train_imax: 5.9748 train_imin: -1.5760 time: 1.0531s
INFO:root:Epoch: 0685 lr: 0.01 train_loss: 1152.0452 train_distortion: 0.3072 train_mapscore: 0.9993 train_c: -1.0182 train_max_dist: 34.8848 train_imax: 5.8706 train_imin: -1.6167 time: 1.0628s
INFO:root:Epoch: 0690 lr: 0.01 train_loss: 1158.4863 train_distortion: 0.3072 train_mapscore: 0.9993 train_c: -1.0183 train_max_dist: 34.8838 train_imax: 5.8409 train_imin: -1.5978 time: 1.0586s
INFO:root:Epoch: 0695 lr: 0.01 train_loss: 1193.1732 train_distortion: 0.3071 train_mapscore: 0.9993 train_c: -1.0184 train_max_dist: 34.8721 train_imax: 5.8667 train_imin: -1.6039 time: 1.0590s
INFO:root:Epoch: 0700 lr: 0.01 train_loss: 1141.7109 train_distortion: 0.3071 train_mapscore: 0.9993 train_c: -1.0184 train_max_dist: 34.8867 train_imax: 5.9056 train_imin: -1.6313 time: 1.0552s
INFO:root:Epoch: 0705 lr: 0.01 train_loss: 1142.2053 train_distortion: 0.3070 train_mapscore: 0.9993 train_c: -1.0185 train_max_dist: 34.8760 train_imax: 5.8054 train_imin: -1.5903 time: 1.0636s
INFO:root:Epoch: 0710 lr: 0.01 train_loss: 1146.1199 train_distortion: 0.3072 train_mapscore: 0.9993 train_c: -1.0186 train_max_dist: 34.9023 train_imax: 5.7082 train_imin: -1.5789 time: 1.0631s
INFO:root:Epoch: 0715 lr: 0.01 train_loss: 1150.1621 train_distortion: 0.3073 train_mapscore: 0.9993 train_c: -1.0187 train_max_dist: 34.8965 train_imax: 5.8254 train_imin: -1.6650 time: 1.0454s
INFO:root:Epoch: 0720 lr: 0.01 train_loss: 1124.4709 train_distortion: 0.3074 train_mapscore: 0.9993 train_c: -1.0188 train_max_dist: 34.9609 train_imax: 5.8348 train_imin: -1.6878 time: 1.0945s
INFO:root:Epoch: 0725 lr: 0.01 train_loss: 1146.8499 train_distortion: 0.3075 train_mapscore: 0.9993 train_c: -1.0189 train_max_dist: 34.9453 train_imax: 5.7773 train_imin: -1.6733 time: 1.0496s
INFO:root:Epoch: 0730 lr: 0.01 train_loss: 1144.8657 train_distortion: 0.3076 train_mapscore: 0.9993 train_c: -1.0189 train_max_dist: 35.0059 train_imax: 5.7534 train_imin: -1.6334 time: 1.1208s
INFO:root:Epoch: 0735 lr: 0.01 train_loss: 1139.7610 train_distortion: 0.3077 train_mapscore: 0.9993 train_c: -1.0190 train_max_dist: 34.9893 train_imax: 5.8103 train_imin: -1.6016 time: 1.0595s
INFO:root:Epoch: 0740 lr: 0.01 train_loss: 1107.6201 train_distortion: 0.3079 train_mapscore: 0.9993 train_c: -1.0191 train_max_dist: 35.0215 train_imax: 5.8152 train_imin: -1.5542 time: 1.0743s
INFO:root:Epoch: 0745 lr: 0.01 train_loss: 1123.4705 train_distortion: 0.3079 train_mapscore: 0.9993 train_c: -1.0192 train_max_dist: 35.0625 train_imax: 5.7635 train_imin: -1.5796 time: 1.0796s
INFO:root:Epoch: 0750 lr: 0.01 train_loss: 1114.6953 train_distortion: 0.3079 train_mapscore: 0.9991 train_c: -1.0193 train_max_dist: 35.0474 train_imax: 5.7815 train_imin: -1.5623 time: 1.0721s
INFO:root:Epoch: 0755 lr: 0.01 train_loss: 1105.0209 train_distortion: 0.3080 train_mapscore: 0.9993 train_c: -1.0194 train_max_dist: 35.0635 train_imax: 5.6429 train_imin: -1.6021 time: 1.0801s
INFO:root:Epoch: 0760 lr: 0.01 train_loss: 1089.3778 train_distortion: 0.3081 train_mapscore: 0.9985 train_c: -1.0194 train_max_dist: 35.0752 train_imax: 5.7629 train_imin: -1.6341 time: 1.0603s
INFO:root:Epoch: 0765 lr: 0.01 train_loss: 1122.9034 train_distortion: 0.3081 train_mapscore: 0.9993 train_c: -1.0195 train_max_dist: 35.0791 train_imax: 5.5598 train_imin: -1.5986 time: 1.0696s
INFO:root:Epoch: 0770 lr: 0.01 train_loss: 1135.7478 train_distortion: 0.3080 train_mapscore: 0.9993 train_c: -1.0196 train_max_dist: 35.0449 train_imax: 5.6234 train_imin: -1.6178 time: 1.0735s
INFO:root:Epoch: 0775 lr: 0.01 train_loss: 1141.9521 train_distortion: 0.3081 train_mapscore: 0.9993 train_c: -1.0197 train_max_dist: 35.0674 train_imax: 5.6101 train_imin: -1.6219 time: 1.0909s
INFO:root:Epoch: 0780 lr: 0.01 train_loss: 1112.1971 train_distortion: 0.3079 train_mapscore: 0.9993 train_c: -1.0198 train_max_dist: 35.0439 train_imax: 5.5662 train_imin: -1.5650 time: 1.0682s
INFO:root:Epoch: 0785 lr: 0.01 train_loss: 1122.2649 train_distortion: 0.3079 train_mapscore: 0.9993 train_c: -1.0199 train_max_dist: 35.0586 train_imax: 5.5562 train_imin: -1.5646 time: 1.0664s
INFO:root:Epoch: 0790 lr: 0.01 train_loss: 1089.1893 train_distortion: 0.3078 train_mapscore: 0.9993 train_c: -1.0199 train_max_dist: 35.0483 train_imax: 5.5015 train_imin: -1.5860 time: 1.0702s
INFO:root:Epoch: 0795 lr: 0.01 train_loss: 1080.6215 train_distortion: 0.3079 train_mapscore: 0.9993 train_c: -1.0200 train_max_dist: 35.0254 train_imax: 5.4595 train_imin: -1.5701 time: 1.0632s
INFO:root:Epoch: 0800 lr: 0.01 train_loss: 1091.6090 train_distortion: 0.3082 train_mapscore: 0.9993 train_c: -1.0201 train_max_dist: 35.1025 train_imax: 5.5255 train_imin: -1.5399 time: 1.0812s
INFO:root:Epoch: 0805 lr: 0.01 train_loss: 1100.2139 train_distortion: 0.3085 train_mapscore: 0.9993 train_c: -1.0202 train_max_dist: 35.1055 train_imax: 5.4808 train_imin: -1.6509 time: 1.0732s
INFO:root:Epoch: 0810 lr: 0.01 train_loss: 1102.2323 train_distortion: 0.3086 train_mapscore: 0.9993 train_c: -1.0203 train_max_dist: 35.1670 train_imax: 5.4592 train_imin: -1.6253 time: 1.0587s
INFO:root:Epoch: 0815 lr: 0.01 train_loss: 1091.5479 train_distortion: 0.3086 train_mapscore: 0.9993 train_c: -1.0204 train_max_dist: 35.1309 train_imax: 5.4691 train_imin: -1.6284 time: 1.0635s
INFO:root:Epoch: 0820 lr: 0.01 train_loss: 1099.8473 train_distortion: 0.3087 train_mapscore: 0.9993 train_c: -1.0205 train_max_dist: 35.1475 train_imax: 5.4377 train_imin: -1.5689 time: 1.0841s
INFO:root:Epoch: 0825 lr: 0.01 train_loss: 1111.6852 train_distortion: 0.3087 train_mapscore: 0.9993 train_c: -1.0205 train_max_dist: 35.1548 train_imax: 5.4135 train_imin: -1.6090 time: 1.0502s
INFO:root:Epoch: 0830 lr: 0.01 train_loss: 1081.5679 train_distortion: 0.3085 train_mapscore: 0.9993 train_c: -1.0206 train_max_dist: 35.0845 train_imax: 5.4712 train_imin: -1.5780 time: 1.1038s
INFO:root:Epoch: 0835 lr: 0.01 train_loss: 1073.4384 train_distortion: 0.3085 train_mapscore: 0.9993 train_c: -1.0207 train_max_dist: 35.1313 train_imax: 5.2685 train_imin: -1.5930 time: 1.0682s
INFO:root:Epoch: 0840 lr: 0.01 train_loss: 1089.2490 train_distortion: 0.3086 train_mapscore: 0.9993 train_c: -1.0208 train_max_dist: 35.1104 train_imax: 5.3864 train_imin: -1.5916 time: 1.0741s
INFO:root:Epoch: 0845 lr: 0.01 train_loss: 1064.3701 train_distortion: 0.3086 train_mapscore: 0.9993 train_c: -1.0209 train_max_dist: 35.1162 train_imax: 5.3989 train_imin: -1.5733 time: 1.0614s
INFO:root:Epoch: 0850 lr: 0.01 train_loss: 1081.0894 train_distortion: 0.3088 train_mapscore: 0.9993 train_c: -1.0210 train_max_dist: 35.1504 train_imax: 5.3101 train_imin: -1.5928 time: 1.0759s
INFO:root:Epoch: 0855 lr: 0.01 train_loss: 1096.3629 train_distortion: 0.3088 train_mapscore: 0.9993 train_c: -1.0211 train_max_dist: 35.1396 train_imax: 5.3548 train_imin: -1.5785 time: 1.0651s
INFO:root:Epoch: 0860 lr: 0.01 train_loss: 1063.8735 train_distortion: 0.3088 train_mapscore: 0.9994 train_c: -1.0211 train_max_dist: 35.1621 train_imax: 5.1656 train_imin: -1.5919 time: 1.0630s
INFO:root:Epoch: 0865 lr: 0.01 train_loss: 1079.3955 train_distortion: 0.3088 train_mapscore: 0.9994 train_c: -1.0212 train_max_dist: 35.1665 train_imax: 5.2560 train_imin: -1.5638 time: 1.0959s
INFO:root:Epoch: 0870 lr: 0.01 train_loss: 1079.4703 train_distortion: 0.3088 train_mapscore: 0.9994 train_c: -1.0213 train_max_dist: 35.1572 train_imax: 5.2176 train_imin: -1.6324 time: 1.0810s
INFO:root:Epoch: 0875 lr: 0.01 train_loss: 1108.5100 train_distortion: 0.3086 train_mapscore: 0.9989 train_c: -1.0214 train_max_dist: 35.1567 train_imax: 5.1156 train_imin: -1.6129 time: 1.0903s
INFO:root:Epoch: 0880 lr: 0.01 train_loss: 1088.5134 train_distortion: 0.3087 train_mapscore: 0.9993 train_c: -1.0215 train_max_dist: 35.1855 train_imax: 5.1949 train_imin: -1.6042 time: 1.1066s
INFO:root:Epoch: 0885 lr: 0.01 train_loss: 1075.4041 train_distortion: 0.3087 train_mapscore: 0.9996 train_c: -1.0216 train_max_dist: 35.1675 train_imax: 5.0055 train_imin: -1.5654 time: 1.1295s
INFO:root:Epoch: 0890 lr: 0.01 train_loss: 1055.2006 train_distortion: 0.3089 train_mapscore: 0.9990 train_c: -1.0217 train_max_dist: 35.1738 train_imax: 5.1728 train_imin: -1.5730 time: 1.0801s
INFO:root:Epoch: 0895 lr: 0.01 train_loss: 1061.2911 train_distortion: 0.3092 train_mapscore: 0.9994 train_c: -1.0218 train_max_dist: 35.2334 train_imax: 5.0920 train_imin: -1.5937 time: 1.0750s
INFO:root:Epoch: 0900 lr: 0.01 train_loss: 1056.2406 train_distortion: 0.3096 train_mapscore: 0.9995 train_c: -1.0219 train_max_dist: 35.2642 train_imax: 5.1422 train_imin: -1.5585 time: 1.0555s
INFO:root:Epoch: 0905 lr: 0.01 train_loss: 1061.0127 train_distortion: 0.3097 train_mapscore: 0.9992 train_c: -1.0219 train_max_dist: 35.2969 train_imax: 5.0057 train_imin: -1.7420 time: 1.0693s
INFO:root:Epoch: 0910 lr: 0.01 train_loss: 1049.9380 train_distortion: 0.3098 train_mapscore: 0.9995 train_c: -1.0220 train_max_dist: 35.3013 train_imax: 5.0950 train_imin: -1.5700 time: 1.0885s
INFO:root:Epoch: 0915 lr: 0.01 train_loss: 1044.9915 train_distortion: 0.3099 train_mapscore: 0.9996 train_c: -1.0221 train_max_dist: 35.3125 train_imax: 4.9837 train_imin: -1.5594 time: 1.0787s
INFO:root:Epoch: 0920 lr: 0.01 train_loss: 1065.8147 train_distortion: 0.3099 train_mapscore: 0.9995 train_c: -1.0222 train_max_dist: 35.3062 train_imax: 4.9418 train_imin: -1.5594 time: 1.0843s
INFO:root:Epoch: 0925 lr: 0.01 train_loss: 1072.6998 train_distortion: 0.3098 train_mapscore: 0.9996 train_c: -1.0223 train_max_dist: 35.2910 train_imax: 4.9486 train_imin: -1.5999 time: 1.0796s
INFO:root:Epoch: 0930 lr: 0.01 train_loss: 1064.3391 train_distortion: 0.3097 train_mapscore: 0.9996 train_c: -1.0224 train_max_dist: 35.2764 train_imax: 5.0586 train_imin: -1.6184 time: 1.0709s
INFO:root:Epoch: 0935 lr: 0.01 train_loss: 1059.9640 train_distortion: 0.3094 train_mapscore: 0.9996 train_c: -1.0225 train_max_dist: 35.2656 train_imax: 5.0128 train_imin: -1.5592 time: 1.0770s
INFO:root:Epoch: 0940 lr: 0.01 train_loss: 1062.9590 train_distortion: 0.3094 train_mapscore: 0.9995 train_c: -1.0225 train_max_dist: 35.2646 train_imax: 4.9157 train_imin: -1.5152 time: 1.1050s
INFO:root:Epoch: 0945 lr: 0.01 train_loss: 1043.4255 train_distortion: 0.3093 train_mapscore: 0.9996 train_c: -1.0226 train_max_dist: 35.2476 train_imax: 4.9197 train_imin: -1.5387 time: 1.0679s
INFO:root:Epoch: 0950 lr: 0.01 train_loss: 1035.6046 train_distortion: 0.3094 train_mapscore: 0.9996 train_c: -1.0227 train_max_dist: 35.2451 train_imax: 5.0051 train_imin: -1.5946 time: 1.0643s
INFO:root:Epoch: 0955 lr: 0.01 train_loss: 1051.0704 train_distortion: 0.3095 train_mapscore: 0.9996 train_c: -1.0228 train_max_dist: 35.2749 train_imax: 4.8280 train_imin: -1.5993 time: 1.0565s
INFO:root:Epoch: 0960 lr: 0.01 train_loss: 1063.4340 train_distortion: 0.3097 train_mapscore: 0.9996 train_c: -1.0229 train_max_dist: 35.2964 train_imax: 4.8482 train_imin: -1.6059 time: 1.0822s
INFO:root:Epoch: 0965 lr: 0.01 train_loss: 1032.0256 train_distortion: 0.3098 train_mapscore: 0.9993 train_c: -1.0230 train_max_dist: 35.2949 train_imax: 4.8433 train_imin: -1.5918 time: 1.0636s
INFO:root:Epoch: 0970 lr: 0.01 train_loss: 1029.2441 train_distortion: 0.3100 train_mapscore: 0.9996 train_c: -1.0231 train_max_dist: 35.3076 train_imax: 4.8149 train_imin: -1.5777 time: 1.0686s
INFO:root:Epoch: 0975 lr: 0.01 train_loss: 1059.6875 train_distortion: 0.3101 train_mapscore: 0.9996 train_c: -1.0232 train_max_dist: 35.3228 train_imax: 4.7630 train_imin: -1.5561 time: 1.0760s
INFO:root:Epoch: 0980 lr: 0.01 train_loss: 1038.0923 train_distortion: 0.3100 train_mapscore: 0.9996 train_c: -1.0232 train_max_dist: 35.3262 train_imax: 4.7924 train_imin: -1.6285 time: 1.0706s
INFO:root:Epoch: 0985 lr: 0.01 train_loss: 1069.3367 train_distortion: 0.3099 train_mapscore: 0.9996 train_c: -1.0233 train_max_dist: 35.3013 train_imax: 4.7552 train_imin: -1.5803 time: 1.0625s
INFO:root:Epoch: 0990 lr: 0.01 train_loss: 1036.1462 train_distortion: 0.3098 train_mapscore: 0.9996 train_c: -1.0234 train_max_dist: 35.2871 train_imax: 4.7458 train_imin: -1.6062 time: 1.0559s
INFO:root:Epoch: 0995 lr: 0.01 train_loss: 1040.3043 train_distortion: 0.3099 train_mapscore: 0.9996 train_c: -1.0235 train_max_dist: 35.2900 train_imax: 4.6930 train_imin: -1.5641 time: 1.0951s
INFO:root:Epoch: 1000 lr: 0.01 train_loss: 1012.8922 train_distortion: 0.3101 train_mapscore: 0.9996 train_c: -1.0236 train_max_dist: 35.3188 train_imax: 4.7948 train_imin: -1.5727 time: 1.0660s
INFO:root:Epoch: 1005 lr: 0.01 train_loss: 1042.7517 train_distortion: 0.3103 train_mapscore: 0.9996 train_c: -1.0237 train_max_dist: 35.3672 train_imax: 4.7782 train_imin: -1.6044 time: 1.0734s
INFO:root:Epoch: 1010 lr: 0.01 train_loss: 1040.9363 train_distortion: 0.3105 train_mapscore: 0.9996 train_c: -1.0238 train_max_dist: 35.3481 train_imax: 4.8125 train_imin: -1.5786 time: 1.0656s
INFO:root:Epoch: 1015 lr: 0.01 train_loss: 1031.0386 train_distortion: 0.3106 train_mapscore: 0.9996 train_c: -1.0239 train_max_dist: 35.4033 train_imax: 4.8242 train_imin: -1.6421 time: 1.0602s
INFO:root:Epoch: 1020 lr: 0.01 train_loss: 1045.8970 train_distortion: 0.3106 train_mapscore: 0.9996 train_c: -1.0240 train_max_dist: 35.3682 train_imax: 4.6919 train_imin: -1.5903 time: 1.0568s
INFO:root:Epoch: 1025 lr: 0.01 train_loss: 1030.8347 train_distortion: 0.3104 train_mapscore: 0.9996 train_c: -1.0240 train_max_dist: 35.3496 train_imax: 4.7091 train_imin: -1.5996 time: 1.0667s
INFO:root:Epoch: 1030 lr: 0.01 train_loss: 1028.0139 train_distortion: 0.3102 train_mapscore: 0.9996 train_c: -1.0241 train_max_dist: 35.3228 train_imax: 4.6940 train_imin: -1.5986 time: 1.0518s
INFO:root:Epoch: 1035 lr: 0.01 train_loss: 1000.1243 train_distortion: 0.3102 train_mapscore: 0.9996 train_c: -1.0242 train_max_dist: 35.2764 train_imax: 4.5599 train_imin: -1.6436 time: 1.0568s
INFO:root:Epoch: 1040 lr: 0.01 train_loss: 995.0103 train_distortion: 0.3103 train_mapscore: 0.9996 train_c: -1.0243 train_max_dist: 35.3164 train_imax: 4.6256 train_imin: -1.5650 time: 1.0667s
INFO:root:Epoch: 1045 lr: 0.01 train_loss: 1006.3937 train_distortion: 0.3105 train_mapscore: 0.9996 train_c: -1.0244 train_max_dist: 35.3525 train_imax: 4.5288 train_imin: -1.5971 time: 1.0577s
INFO:root:Epoch: 1050 lr: 0.01 train_loss: 1000.7957 train_distortion: 0.3108 train_mapscore: 0.9996 train_c: -1.0245 train_max_dist: 35.3574 train_imax: 4.7052 train_imin: -1.5173 time: 1.0781s
INFO:root:Epoch: 1055 lr: 0.01 train_loss: 1006.0132 train_distortion: 0.3111 train_mapscore: 0.9994 train_c: -1.0246 train_max_dist: 35.4023 train_imax: 4.5835 train_imin: -1.5358 time: 1.0564s
INFO:root:Epoch: 1060 lr: 0.01 train_loss: 1016.9086 train_distortion: 0.3112 train_mapscore: 0.9991 train_c: -1.0247 train_max_dist: 35.3970 train_imax: 4.6284 train_imin: -1.5716 time: 1.0610s
INFO:root:Epoch: 1065 lr: 0.01 train_loss: 982.0987 train_distortion: 0.3112 train_mapscore: 0.9996 train_c: -1.0248 train_max_dist: 35.3975 train_imax: 4.5762 train_imin: -1.5731 time: 1.0524s
INFO:root:Epoch: 1070 lr: 0.01 train_loss: 996.1672 train_distortion: 0.3112 train_mapscore: 0.9996 train_c: -1.0249 train_max_dist: 35.4287 train_imax: 4.5693 train_imin: -1.5258 time: 1.0619s
INFO:root:Epoch: 1075 lr: 0.01 train_loss: 991.9645 train_distortion: 0.3113 train_mapscore: 0.9996 train_c: -1.0250 train_max_dist: 35.4082 train_imax: 4.5802 train_imin: -1.5685 time: 1.0559s
INFO:root:Epoch: 1080 lr: 0.01 train_loss: 1003.9840 train_distortion: 0.3112 train_mapscore: 0.9996 train_c: -1.0250 train_max_dist: 35.4316 train_imax: 4.4920 train_imin: -1.6135 time: 1.0651s
INFO:root:Epoch: 1085 lr: 0.01 train_loss: 1006.7635 train_distortion: 0.3110 train_mapscore: 0.9996 train_c: -1.0251 train_max_dist: 35.4111 train_imax: 4.4761 train_imin: -1.5445 time: 1.0545s
INFO:root:Epoch: 1090 lr: 0.01 train_loss: 1001.3920 train_distortion: 0.3109 train_mapscore: 0.9994 train_c: -1.0252 train_max_dist: 35.4482 train_imax: 4.4691 train_imin: -1.5788 time: 1.0396s
INFO:root:Epoch: 1095 lr: 0.01 train_loss: 1007.7396 train_distortion: 0.3108 train_mapscore: 0.9996 train_c: -1.0253 train_max_dist: 35.3955 train_imax: 4.4564 train_imin: -1.5622 time: 1.0454s
INFO:root:Epoch: 1100 lr: 0.01 train_loss: 996.6432 train_distortion: 0.3107 train_mapscore: 0.9996 train_c: -1.0254 train_max_dist: 35.3867 train_imax: 4.4803 train_imin: -1.6031 time: 1.0505s
INFO:root:Epoch: 1105 lr: 0.01 train_loss: 988.0948 train_distortion: 0.3107 train_mapscore: 0.9996 train_c: -1.0255 train_max_dist: 35.3838 train_imax: 4.4467 train_imin: -1.5733 time: 1.0992s
INFO:root:Epoch: 1110 lr: 0.01 train_loss: 1008.2783 train_distortion: 0.3106 train_mapscore: 0.9990 train_c: -1.0256 train_max_dist: 35.3740 train_imax: 4.3477 train_imin: -1.5950 time: 1.0468s
INFO:root:Epoch: 1115 lr: 0.01 train_loss: 1027.8221 train_distortion: 0.3106 train_mapscore: 0.9996 train_c: -1.0257 train_max_dist: 35.3945 train_imax: 4.4845 train_imin: -1.5930 time: 1.0423s
INFO:root:Epoch: 1120 lr: 0.01 train_loss: 1014.6920 train_distortion: 0.3106 train_mapscore: 0.9996 train_c: -1.0258 train_max_dist: 35.3457 train_imax: 4.3414 train_imin: -1.5605 time: 1.0398s
INFO:root:Epoch: 1125 lr: 0.01 train_loss: 993.4662 train_distortion: 0.3104 train_mapscore: 0.9996 train_c: -1.0259 train_max_dist: 35.3701 train_imax: 4.3953 train_imin: -1.5733 time: 1.0380s
INFO:root:Epoch: 1130 lr: 0.01 train_loss: 991.3858 train_distortion: 0.3105 train_mapscore: 0.9996 train_c: -1.0260 train_max_dist: 35.3574 train_imax: 4.3965 train_imin: -1.6135 time: 1.0421s
INFO:root:Epoch: 1135 lr: 0.01 train_loss: 995.2095 train_distortion: 0.3108 train_mapscore: 0.9996 train_c: -1.0261 train_max_dist: 35.3848 train_imax: 4.3668 train_imin: -1.5237 time: 1.0496s
INFO:root:Epoch: 1140 lr: 0.01 train_loss: 996.4759 train_distortion: 0.3110 train_mapscore: 0.9996 train_c: -1.0262 train_max_dist: 35.4268 train_imax: 4.3104 train_imin: -1.5835 time: 1.0443s
INFO:root:Epoch: 1145 lr: 0.01 train_loss: 992.5698 train_distortion: 0.3110 train_mapscore: 0.9996 train_c: -1.0263 train_max_dist: 35.4277 train_imax: 4.3256 train_imin: -1.6211 time: 1.0578s
INFO:root:Epoch: 1150 lr: 0.01 train_loss: 982.5653 train_distortion: 0.3112 train_mapscore: 0.9996 train_c: -1.0264 train_max_dist: 35.4385 train_imax: 4.2823 train_imin: -1.5896 time: 1.0506s
INFO:root:Epoch: 1155 lr: 0.01 train_loss: 979.5972 train_distortion: 0.3111 train_mapscore: 0.9996 train_c: -1.0264 train_max_dist: 35.4570 train_imax: 4.2791 train_imin: -1.6047 time: 1.0511s
INFO:root:Epoch: 1160 lr: 0.01 train_loss: 983.0397 train_distortion: 0.3110 train_mapscore: 0.9996 train_c: -1.0265 train_max_dist: 35.4346 train_imax: 4.2223 train_imin: -1.5770 time: 1.0835s
INFO:root:Epoch: 1165 lr: 0.01 train_loss: 976.3527 train_distortion: 0.3112 train_mapscore: 0.9996 train_c: -1.0266 train_max_dist: 35.4443 train_imax: 4.2086 train_imin: -1.5500 time: 1.0382s
INFO:root:Epoch: 1170 lr: 0.01 train_loss: 969.6468 train_distortion: 0.3113 train_mapscore: 0.9996 train_c: -1.0267 train_max_dist: 35.4561 train_imax: 4.2747 train_imin: -1.5856 time: 1.0409s
INFO:root:Epoch: 1175 lr: 0.01 train_loss: 982.3995 train_distortion: 0.3113 train_mapscore: 0.9996 train_c: -1.0268 train_max_dist: 35.4717 train_imax: 4.3177 train_imin: -1.5898 time: 1.0465s
INFO:root:Epoch: 1180 lr: 0.01 train_loss: 1000.9861 train_distortion: 0.3114 train_mapscore: 0.9996 train_c: -1.0269 train_max_dist: 35.5098 train_imax: 4.1765 train_imin: -1.5357 time: 1.0584s
INFO:root:Epoch: 1185 lr: 0.01 train_loss: 987.7485 train_distortion: 0.3112 train_mapscore: 0.9996 train_c: -1.0270 train_max_dist: 35.4697 train_imax: 4.2905 train_imin: -1.5329 time: 1.0384s
INFO:root:Epoch: 1190 lr: 0.01 train_loss: 983.5094 train_distortion: 0.3112 train_mapscore: 0.9996 train_c: -1.0271 train_max_dist: 35.4492 train_imax: 4.2209 train_imin: -1.5436 time: 1.0533s
INFO:root:Epoch: 1195 lr: 0.01 train_loss: 976.1364 train_distortion: 0.3111 train_mapscore: 0.9996 train_c: -1.0272 train_max_dist: 35.4404 train_imax: 4.2105 train_imin: -1.6061 time: 1.0409s
INFO:root:Epoch: 1200 lr: 0.01 train_loss: 965.2518 train_distortion: 0.3112 train_mapscore: 0.9996 train_c: -1.0273 train_max_dist: 35.4434 train_imax: 4.0917 train_imin: -1.5613 time: 1.0567s
INFO:root:Epoch: 1205 lr: 0.01 train_loss: 937.6460 train_distortion: 0.3115 train_mapscore: 0.9996 train_c: -1.0274 train_max_dist: 35.4795 train_imax: 4.2686 train_imin: -1.5902 time: 1.0489s
INFO:root:Epoch: 1210 lr: 0.01 train_loss: 947.0670 train_distortion: 0.3118 train_mapscore: 0.9996 train_c: -1.0275 train_max_dist: 35.5215 train_imax: 4.2235 train_imin: -1.5643 time: 1.0421s
INFO:root:Epoch: 1215 lr: 0.01 train_loss: 959.7449 train_distortion: 0.3122 train_mapscore: 0.9994 train_c: -1.0276 train_max_dist: 35.5371 train_imax: 4.1204 train_imin: -1.5304 time: 1.0678s
INFO:root:Epoch: 1220 lr: 0.01 train_loss: 957.8951 train_distortion: 0.3122 train_mapscore: 0.9994 train_c: -1.0277 train_max_dist: 35.5791 train_imax: 4.0919 train_imin: -1.5303 time: 1.0472s
INFO:root:Epoch: 1225 lr: 0.01 train_loss: 952.1583 train_distortion: 0.3122 train_mapscore: 0.9988 train_c: -1.0278 train_max_dist: 35.5693 train_imax: 4.1922 train_imin: -1.5439 time: 1.0524s
INFO:root:Epoch: 1230 lr: 0.01 train_loss: 966.3972 train_distortion: 0.3122 train_mapscore: 0.9996 train_c: -1.0279 train_max_dist: 35.5547 train_imax: 4.1642 train_imin: -1.5314 time: 1.0422s
INFO:root:Epoch: 1235 lr: 0.01 train_loss: 977.1657 train_distortion: 0.3119 train_mapscore: 0.9996 train_c: -1.0280 train_max_dist: 35.5205 train_imax: 4.1115 train_imin: -1.5590 time: 1.0404s
INFO:root:Epoch: 1240 lr: 0.01 train_loss: 977.1692 train_distortion: 0.3117 train_mapscore: 0.9996 train_c: -1.0281 train_max_dist: 35.4854 train_imax: 4.0471 train_imin: -1.5201 time: 1.0438s
INFO:root:Epoch: 1245 lr: 0.01 train_loss: 969.5899 train_distortion: 0.3116 train_mapscore: 0.9996 train_c: -1.0282 train_max_dist: 35.4727 train_imax: 3.9770 train_imin: -1.7875 time: 1.0471s
INFO:root:Epoch: 1250 lr: 0.01 train_loss: 982.4545 train_distortion: 0.3114 train_mapscore: 0.9996 train_c: -1.0283 train_max_dist: 35.4707 train_imax: 4.0115 train_imin: -1.5491 time: 1.0455s
INFO:root:Epoch: 1255 lr: 0.01 train_loss: 959.6992 train_distortion: 0.3113 train_mapscore: 0.9996 train_c: -1.0284 train_max_dist: 35.4463 train_imax: 4.0343 train_imin: -1.5152 time: 1.0577s
INFO:root:Epoch: 1260 lr: 0.01 train_loss: 953.5314 train_distortion: 0.3114 train_mapscore: 0.9991 train_c: -1.0285 train_max_dist: 35.4902 train_imax: 4.0497 train_imin: -1.5677 time: 1.0465s
INFO:root:Epoch: 1265 lr: 0.01 train_loss: 937.5806 train_distortion: 0.3115 train_mapscore: 0.9996 train_c: -1.0286 train_max_dist: 35.4775 train_imax: 3.9855 train_imin: -1.5365 time: 1.0504s
INFO:root:Epoch: 1270 lr: 0.01 train_loss: 941.9625 train_distortion: 0.3118 train_mapscore: 0.9996 train_c: -1.0287 train_max_dist: 35.5205 train_imax: 4.0560 train_imin: -1.6019 time: 1.0744s
INFO:root:Epoch: 1275 lr: 0.01 train_loss: 944.0629 train_distortion: 0.3121 train_mapscore: 0.9996 train_c: -1.0288 train_max_dist: 35.5518 train_imax: 4.0161 train_imin: -1.5903 time: 1.0449s
INFO:root:Epoch: 1280 lr: 0.01 train_loss: 958.8731 train_distortion: 0.3122 train_mapscore: 0.9996 train_c: -1.0289 train_max_dist: 35.5264 train_imax: 4.0288 train_imin: -1.5264 time: 1.0521s
INFO:root:Epoch: 1285 lr: 0.01 train_loss: 943.0375 train_distortion: 0.3122 train_mapscore: 0.9996 train_c: -1.0290 train_max_dist: 35.5410 train_imax: 3.9137 train_imin: -1.5649 time: 1.0575s
INFO:root:Epoch: 1290 lr: 0.01 train_loss: 937.0686 train_distortion: 0.3123 train_mapscore: 0.9996 train_c: -1.0291 train_max_dist: 35.5566 train_imax: 3.9850 train_imin: -1.5590 time: 1.0502s
INFO:root:Epoch: 1295 lr: 0.01 train_loss: 951.0968 train_distortion: 0.3123 train_mapscore: 0.9996 train_c: -1.0292 train_max_dist: 35.5127 train_imax: 3.9265 train_imin: -1.5872 time: 1.0526s
INFO:root:Epoch: 1300 lr: 0.01 train_loss: 959.9239 train_distortion: 0.3122 train_mapscore: 0.9996 train_c: -1.0292 train_max_dist: 35.5273 train_imax: 3.9054 train_imin: -1.5907 time: 1.0475s
INFO:root:Epoch: 1305 lr: 0.01 train_loss: 949.8422 train_distortion: 0.3121 train_mapscore: 0.9993 train_c: -1.0293 train_max_dist: 35.5264 train_imax: 3.8693 train_imin: -1.5180 time: 1.0482s
INFO:root:Epoch: 1310 lr: 0.01 train_loss: 964.0730 train_distortion: 0.3120 train_mapscore: 0.9996 train_c: -1.0294 train_max_dist: 35.5029 train_imax: 3.8298 train_imin: -1.5511 time: 1.0620s
INFO:root:Epoch: 1315 lr: 0.01 train_loss: 965.7766 train_distortion: 0.3118 train_mapscore: 0.9996 train_c: -1.0295 train_max_dist: 35.4824 train_imax: 3.8105 train_imin: -1.5789 time: 1.0606s
INFO:root:Epoch: 1320 lr: 0.01 train_loss: 953.6512 train_distortion: 0.3118 train_mapscore: 0.9988 train_c: -1.0296 train_max_dist: 35.4697 train_imax: 3.8325 train_imin: -1.7497 time: 1.0663s
INFO:root:Epoch: 1325 lr: 0.01 train_loss: 947.2357 train_distortion: 0.3120 train_mapscore: 0.9996 train_c: -1.0297 train_max_dist: 35.4902 train_imax: 3.7832 train_imin: -1.5522 time: 1.0843s
INFO:root:Epoch: 1330 lr: 0.01 train_loss: 949.0920 train_distortion: 0.3122 train_mapscore: 0.9996 train_c: -1.0298 train_max_dist: 35.5059 train_imax: 3.8932 train_imin: -1.5540 time: 1.0532s
INFO:root:Epoch: 1335 lr: 0.01 train_loss: 951.3583 train_distortion: 0.3122 train_mapscore: 0.9996 train_c: -1.0299 train_max_dist: 35.4951 train_imax: 4.0429 train_imin: -1.6065 time: 1.0567s
INFO:root:Epoch: 1340 lr: 0.01 train_loss: 945.4951 train_distortion: 0.3123 train_mapscore: 0.9996 train_c: -1.0300 train_max_dist: 35.5049 train_imax: 3.8995 train_imin: -1.5397 time: 1.0606s
INFO:root:Epoch: 1345 lr: 0.01 train_loss: 938.8571 train_distortion: 0.3122 train_mapscore: 0.9996 train_c: -1.0301 train_max_dist: 35.4863 train_imax: 3.9271 train_imin: -1.5225 time: 1.0476s
INFO:root:Epoch: 1350 lr: 0.01 train_loss: 940.9768 train_distortion: 0.3123 train_mapscore: 0.9996 train_c: -1.0303 train_max_dist: 35.5244 train_imax: 3.8065 train_imin: -1.5747 time: 1.0478s
INFO:root:Epoch: 1355 lr: 0.01 train_loss: 936.0715 train_distortion: 0.3123 train_mapscore: 0.9996 train_c: -1.0304 train_max_dist: 35.5010 train_imax: 3.8726 train_imin: -1.6612 time: 1.0575s
INFO:root:Epoch: 1360 lr: 0.01 train_loss: 955.0400 train_distortion: 0.3124 train_mapscore: 0.9996 train_c: -1.0305 train_max_dist: 35.5312 train_imax: 3.7828 train_imin: -1.5805 time: 1.0462s
INFO:root:Epoch: 1365 lr: 0.01 train_loss: 933.7556 train_distortion: 0.3127 train_mapscore: 0.9994 train_c: -1.0306 train_max_dist: 35.5605 train_imax: 3.7625 train_imin: -1.5111 time: 1.0634s
INFO:root:Epoch: 1370 lr: 0.01 train_loss: 962.6946 train_distortion: 0.3125 train_mapscore: 0.9996 train_c: -1.0307 train_max_dist: 35.5420 train_imax: 3.7076 train_imin: -1.6036 time: 1.0484s
INFO:root:Epoch: 1375 lr: 0.01 train_loss: 950.9630 train_distortion: 0.3125 train_mapscore: 0.9996 train_c: -1.0308 train_max_dist: 35.5312 train_imax: 3.7294 train_imin: -1.5387 time: 1.0493s
INFO:root:Epoch: 1380 lr: 0.01 train_loss: 933.9865 train_distortion: 0.3122 train_mapscore: 0.9996 train_c: -1.0309 train_max_dist: 35.4482 train_imax: 3.7284 train_imin: -1.5441 time: 1.1006s
INFO:root:Epoch: 1385 lr: 0.01 train_loss: 924.3095 train_distortion: 0.3122 train_mapscore: 0.9996 train_c: -1.0310 train_max_dist: 35.5000 train_imax: 3.6687 train_imin: -1.5869 time: 1.0471s
INFO:root:Epoch: 1390 lr: 0.01 train_loss: 916.4583 train_distortion: 0.3123 train_mapscore: 0.9996 train_c: -1.0311 train_max_dist: 35.4785 train_imax: 3.6007 train_imin: -1.6543 time: 1.0546s
INFO:root:Epoch: 1395 lr: 0.01 train_loss: 916.2737 train_distortion: 0.3126 train_mapscore: 0.9991 train_c: -1.0312 train_max_dist: 35.4951 train_imax: 3.7016 train_imin: -1.5528 time: 1.0466s
INFO:root:Epoch: 1400 lr: 0.01 train_loss: 912.4715 train_distortion: 0.3130 train_mapscore: 0.9996 train_c: -1.0313 train_max_dist: 35.5156 train_imax: 3.6797 train_imin: -1.5263 time: 1.0515s
INFO:root:Epoch: 1405 lr: 0.01 train_loss: 910.7535 train_distortion: 0.3133 train_mapscore: 0.9996 train_c: -1.0314 train_max_dist: 35.5449 train_imax: 3.6677 train_imin: -1.5501 time: 1.0439s
INFO:root:Epoch: 1410 lr: 0.01 train_loss: 920.1144 train_distortion: 0.3134 train_mapscore: 0.9996 train_c: -1.0315 train_max_dist: 35.5723 train_imax: 3.6453 train_imin: -1.5798 time: 1.0634s
INFO:root:Epoch: 1415 lr: 0.01 train_loss: 907.0443 train_distortion: 0.3135 train_mapscore: 0.9996 train_c: -1.0316 train_max_dist: 35.5068 train_imax: 3.6394 train_imin: -1.5461 time: 1.0486s
INFO:root:Epoch: 1420 lr: 0.01 train_loss: 925.4186 train_distortion: 0.3134 train_mapscore: 0.9993 train_c: -1.0317 train_max_dist: 35.5186 train_imax: 3.7310 train_imin: -1.5516 time: 1.0588s
INFO:root:Epoch: 1425 lr: 0.01 train_loss: 930.3644 train_distortion: 0.3132 train_mapscore: 0.9993 train_c: -1.0318 train_max_dist: 35.5039 train_imax: 3.6054 train_imin: -1.5347 time: 1.0662s
INFO:root:Epoch: 1430 lr: 0.01 train_loss: 926.3502 train_distortion: 0.3130 train_mapscore: 0.9996 train_c: -1.0319 train_max_dist: 35.4756 train_imax: 3.6614 train_imin: -1.5677 time: 1.0572s
INFO:root:Epoch: 1435 lr: 0.01 train_loss: 946.3967 train_distortion: 0.3128 train_mapscore: 0.9996 train_c: -1.0320 train_max_dist: 35.4375 train_imax: 3.5861 train_imin: -1.5589 time: 1.0945s
INFO:root:Epoch: 1440 lr: 0.01 train_loss: 916.3948 train_distortion: 0.3127 train_mapscore: 0.9996 train_c: -1.0321 train_max_dist: 35.4258 train_imax: 3.5932 train_imin: -1.5248 time: 1.0459s
INFO:root:Epoch: 1445 lr: 0.01 train_loss: 910.2018 train_distortion: 0.3127 train_mapscore: 0.9996 train_c: -1.0322 train_max_dist: 35.4111 train_imax: 3.5401 train_imin: -1.5109 time: 1.0635s
INFO:root:Epoch: 1450 lr: 0.01 train_loss: 933.0641 train_distortion: 0.3128 train_mapscore: 0.9996 train_c: -1.0323 train_max_dist: 35.4004 train_imax: 3.6008 train_imin: -1.5891 time: 1.0554s
INFO:root:Epoch: 1455 lr: 0.01 train_loss: 914.8823 train_distortion: 0.3130 train_mapscore: 0.9996 train_c: -1.0324 train_max_dist: 35.4365 train_imax: 3.5929 train_imin: -1.5425 time: 1.0551s
INFO:root:Epoch: 1460 lr: 0.01 train_loss: 905.9618 train_distortion: 0.3132 train_mapscore: 0.9993 train_c: -1.0325 train_max_dist: 35.4346 train_imax: 3.4187 train_imin: -1.5425 time: 1.0601s
INFO:root:Epoch: 1465 lr: 0.01 train_loss: 933.1138 train_distortion: 0.3132 train_mapscore: 0.9996 train_c: -1.0326 train_max_dist: 35.4512 train_imax: 3.5453 train_imin: -1.5795 time: 1.0539s
INFO:root:Epoch: 1470 lr: 0.01 train_loss: 911.4449 train_distortion: 0.3132 train_mapscore: 0.9996 train_c: -1.0327 train_max_dist: 35.3984 train_imax: 3.4990 train_imin: -1.5169 time: 1.0447s
INFO:root:Epoch: 1475 lr: 0.01 train_loss: 912.2742 train_distortion: 0.3131 train_mapscore: 0.9996 train_c: -1.0328 train_max_dist: 35.4346 train_imax: 3.4623 train_imin: -1.5589 time: 1.0525s
INFO:root:Epoch: 1480 lr: 0.01 train_loss: 905.9540 train_distortion: 0.3131 train_mapscore: 0.9996 train_c: -1.0329 train_max_dist: 35.3955 train_imax: 3.4958 train_imin: -1.5215 time: 1.0566s
INFO:root:Epoch: 1485 lr: 0.01 train_loss: 902.0962 train_distortion: 0.3133 train_mapscore: 0.9993 train_c: -1.0330 train_max_dist: 35.4365 train_imax: 3.4856 train_imin: -1.5506 time: 1.0599s
INFO:root:Epoch: 1490 lr: 0.01 train_loss: 921.7087 train_distortion: 0.3132 train_mapscore: 0.9996 train_c: -1.0331 train_max_dist: 35.4404 train_imax: 3.4510 train_imin: -1.5487 time: 1.0853s
INFO:root:Epoch: 1495 lr: 0.01 train_loss: 895.4494 train_distortion: 0.3134 train_mapscore: 0.9996 train_c: -1.0332 train_max_dist: 35.4473 train_imax: 3.4250 train_imin: -1.5624 time: 1.0705s
INFO:root:Epoch: 1500 lr: 0.01 train_loss: 897.1069 train_distortion: 0.3136 train_mapscore: 0.9996 train_c: -1.0334 train_max_dist: 35.4717 train_imax: 3.4806 train_imin: -1.5308 time: 1.0594s
INFO:root:Epoch: 1505 lr: 0.01 train_loss: 916.3447 train_distortion: 0.3136 train_mapscore: 0.9996 train_c: -1.0334 train_max_dist: 35.4990 train_imax: 3.4908 train_imin: -1.5362 time: 1.0536s
INFO:root:Epoch: 1510 lr: 0.01 train_loss: 917.5240 train_distortion: 0.3135 train_mapscore: 0.9996 train_c: -1.0336 train_max_dist: 35.4443 train_imax: 3.4586 train_imin: -1.5431 time: 1.0619s
INFO:root:Epoch: 1515 lr: 0.01 train_loss: 917.8054 train_distortion: 0.3133 train_mapscore: 0.9996 train_c: -1.0337 train_max_dist: 35.4590 train_imax: 3.2890 train_imin: -1.5372 time: 1.0549s
INFO:root:Epoch: 1520 lr: 0.01 train_loss: 916.7640 train_distortion: 0.3130 train_mapscore: 0.9991 train_c: -1.0338 train_max_dist: 35.4180 train_imax: 3.3663 train_imin: -1.5372 time: 1.0515s
INFO:root:Epoch: 1525 lr: 0.01 train_loss: 906.4324 train_distortion: 0.3130 train_mapscore: 0.9996 train_c: -1.0339 train_max_dist: 35.4014 train_imax: 3.4090 train_imin: -1.5400 time: 1.0422s
INFO:root:Epoch: 1530 lr: 0.01 train_loss: 898.3180 train_distortion: 0.3129 train_mapscore: 0.9996 train_c: -1.0340 train_max_dist: 35.4014 train_imax: 3.3758 train_imin: -1.5411 time: 1.0565s
INFO:root:Epoch: 1535 lr: 0.01 train_loss: 899.5072 train_distortion: 0.3131 train_mapscore: 0.9993 train_c: -1.0341 train_max_dist: 35.4229 train_imax: 3.3186 train_imin: -1.5486 time: 1.0398s
INFO:root:Epoch: 1540 lr: 0.01 train_loss: 885.6381 train_distortion: 0.3135 train_mapscore: 0.9991 train_c: -1.0342 train_max_dist: 35.4717 train_imax: 3.3378 train_imin: -1.5605 time: 1.0454s
INFO:root:Epoch: 1545 lr: 0.01 train_loss: 881.4483 train_distortion: 0.3138 train_mapscore: 0.9996 train_c: -1.0343 train_max_dist: 35.4990 train_imax: 3.4052 train_imin: -1.5547 time: 1.0825s
INFO:root:Epoch: 1550 lr: 0.01 train_loss: 900.8311 train_distortion: 0.3142 train_mapscore: 0.9996 train_c: -1.0344 train_max_dist: 35.5107 train_imax: 3.3665 train_imin: -1.5577 time: 1.0616s
INFO:root:Epoch: 1555 lr: 0.01 train_loss: 884.8722 train_distortion: 0.3141 train_mapscore: 0.9992 train_c: -1.0345 train_max_dist: 35.5039 train_imax: 3.3818 train_imin: -1.5166 time: 1.0521s
INFO:root:Epoch: 1560 lr: 0.01 train_loss: 873.6246 train_distortion: 0.3140 train_mapscore: 0.9996 train_c: -1.0346 train_max_dist: 35.4863 train_imax: 3.3640 train_imin: -1.5662 time: 1.0546s
INFO:root:Epoch: 1565 lr: 0.01 train_loss: 889.5609 train_distortion: 0.3138 train_mapscore: 0.9996 train_c: -1.0347 train_max_dist: 35.4814 train_imax: 3.3004 train_imin: -1.5354 time: 1.0592s
INFO:root:Epoch: 1570 lr: 0.01 train_loss: 874.1627 train_distortion: 0.3139 train_mapscore: 0.9996 train_c: -1.0348 train_max_dist: 35.4551 train_imax: 3.2781 train_imin: -1.5090 time: 1.0581s
INFO:root:Epoch: 1575 lr: 0.01 train_loss: 882.1322 train_distortion: 0.3139 train_mapscore: 0.9996 train_c: -1.0350 train_max_dist: 35.4795 train_imax: 3.3177 train_imin: -1.5370 time: 1.0568s
INFO:root:Epoch: 1580 lr: 0.01 train_loss: 890.8333 train_distortion: 0.3141 train_mapscore: 0.9996 train_c: -1.0351 train_max_dist: 35.5020 train_imax: 3.2380 train_imin: -1.5335 time: 1.0631s
INFO:root:Epoch: 1585 lr: 0.01 train_loss: 882.0841 train_distortion: 0.3142 train_mapscore: 0.9996 train_c: -1.0352 train_max_dist: 35.4434 train_imax: 3.2258 train_imin: -1.5910 time: 1.0515s
INFO:root:Epoch: 1590 lr: 0.01 train_loss: 877.4366 train_distortion: 0.3141 train_mapscore: 0.9996 train_c: -1.0353 train_max_dist: 35.4922 train_imax: 3.2887 train_imin: -1.5578 time: 1.0593s
INFO:root:Epoch: 1595 lr: 0.01 train_loss: 882.1143 train_distortion: 0.3141 train_mapscore: 0.9996 train_c: -1.0354 train_max_dist: 35.4414 train_imax: 3.2938 train_imin: -1.5411 time: 1.0490s
INFO:root:Epoch: 1600 lr: 0.01 train_loss: 897.7241 train_distortion: 0.3141 train_mapscore: 0.9996 train_c: -1.0355 train_max_dist: 35.4316 train_imax: 3.1752 train_imin: -1.5841 time: 1.0885s
INFO:root:Epoch: 1605 lr: 0.01 train_loss: 894.6488 train_distortion: 0.3138 train_mapscore: 0.9996 train_c: -1.0356 train_max_dist: 35.3887 train_imax: 3.2758 train_imin: -1.6003 time: 1.0681s
INFO:root:Epoch: 1610 lr: 0.01 train_loss: 887.8684 train_distortion: 0.3137 train_mapscore: 0.9996 train_c: -1.0357 train_max_dist: 35.3896 train_imax: 3.2337 train_imin: -1.5831 time: 1.0560s
INFO:root:Epoch: 1615 lr: 0.01 train_loss: 871.4677 train_distortion: 0.3136 train_mapscore: 0.9996 train_c: -1.0358 train_max_dist: 35.3662 train_imax: 3.1867 train_imin: -1.5946 time: 1.0618s
INFO:root:Epoch: 1620 lr: 0.01 train_loss: 863.1976 train_distortion: 0.3138 train_mapscore: 0.9996 train_c: -1.0359 train_max_dist: 35.3867 train_imax: 3.2476 train_imin: -1.5307 time: 1.0600s
INFO:root:Epoch: 1625 lr: 0.01 train_loss: 873.9150 train_distortion: 0.3142 train_mapscore: 0.9996 train_c: -1.0360 train_max_dist: 35.4033 train_imax: 3.2486 train_imin: -1.5963 time: 1.0625s
INFO:root:Epoch: 1630 lr: 0.01 train_loss: 871.2867 train_distortion: 0.3144 train_mapscore: 0.9991 train_c: -1.0362 train_max_dist: 35.4414 train_imax: 3.1852 train_imin: -1.5170 time: 1.0545s
INFO:root:Epoch: 1635 lr: 0.01 train_loss: 874.0105 train_distortion: 0.3145 train_mapscore: 0.9996 train_c: -1.0363 train_max_dist: 35.4404 train_imax: 3.1992 train_imin: -1.5603 time: 1.0558s
INFO:root:Epoch: 1640 lr: 0.01 train_loss: 883.3735 train_distortion: 0.3144 train_mapscore: 0.9996 train_c: -1.0364 train_max_dist: 35.4512 train_imax: 3.2343 train_imin: -1.5069 time: 1.0523s
INFO:root:Epoch: 1645 lr: 0.01 train_loss: 883.4600 train_distortion: 0.3142 train_mapscore: 0.9996 train_c: -1.0365 train_max_dist: 35.4297 train_imax: 3.1034 train_imin: -1.5500 time: 1.0647s
INFO:root:Epoch: 1650 lr: 0.01 train_loss: 888.0729 train_distortion: 0.3140 train_mapscore: 0.9996 train_c: -1.0366 train_max_dist: 35.4199 train_imax: 3.1916 train_imin: -1.5329 time: 1.0786s
INFO:root:Epoch: 1655 lr: 0.01 train_loss: 856.2351 train_distortion: 0.3140 train_mapscore: 0.9996 train_c: -1.0367 train_max_dist: 35.4258 train_imax: 3.1349 train_imin: -1.5038 time: 1.0916s
INFO:root:Epoch: 1660 lr: 0.01 train_loss: 873.5084 train_distortion: 0.3141 train_mapscore: 0.9996 train_c: -1.0368 train_max_dist: 35.4492 train_imax: 3.1242 train_imin: -1.5537 time: 1.0485s
INFO:root:Epoch: 1665 lr: 0.01 train_loss: 871.8483 train_distortion: 0.3144 train_mapscore: 0.9991 train_c: -1.0369 train_max_dist: 35.4873 train_imax: 3.1257 train_imin: -1.5496 time: 1.0767s
INFO:root:Epoch: 1670 lr: 0.01 train_loss: 864.8657 train_distortion: 0.3146 train_mapscore: 0.9996 train_c: -1.0370 train_max_dist: 35.5078 train_imax: 3.0573 train_imin: -1.5524 time: 1.0815s
INFO:root:Epoch: 1675 lr: 0.01 train_loss: 870.4858 train_distortion: 0.3148 train_mapscore: 0.9996 train_c: -1.0372 train_max_dist: 35.5488 train_imax: 3.1361 train_imin: -1.5596 time: 1.0779s
INFO:root:Epoch: 1680 lr: 0.01 train_loss: 869.4707 train_distortion: 0.3148 train_mapscore: 0.9994 train_c: -1.0373 train_max_dist: 35.5283 train_imax: 3.0466 train_imin: -1.5361 time: 1.0780s
INFO:root:Epoch: 1685 lr: 0.01 train_loss: 870.5632 train_distortion: 0.3148 train_mapscore: 0.9996 train_c: -1.0374 train_max_dist: 35.5469 train_imax: 3.0399 train_imin: -1.5694 time: 1.0854s
INFO:root:Epoch: 1690 lr: 0.01 train_loss: 860.1747 train_distortion: 0.3145 train_mapscore: 0.9996 train_c: -1.0375 train_max_dist: 35.5264 train_imax: 3.0038 train_imin: -1.5275 time: 1.0725s
INFO:root:Epoch: 1695 lr: 0.01 train_loss: 859.8548 train_distortion: 0.3145 train_mapscore: 0.9996 train_c: -1.0376 train_max_dist: 35.4980 train_imax: 3.1533 train_imin: -1.5629 time: 1.0699s
INFO:root:Epoch: 1700 lr: 0.01 train_loss: 870.3323 train_distortion: 0.3146 train_mapscore: 0.9996 train_c: -1.0377 train_max_dist: 35.5127 train_imax: 2.9977 train_imin: -1.5404 time: 1.0651s
INFO:root:Epoch: 1705 lr: 0.01 train_loss: 889.1716 train_distortion: 0.3144 train_mapscore: 0.9996 train_c: -1.0378 train_max_dist: 35.5000 train_imax: 3.0607 train_imin: -1.5654 time: 1.0668s
INFO:root:Epoch: 1710 lr: 0.01 train_loss: 873.3907 train_distortion: 0.3143 train_mapscore: 0.9996 train_c: -1.0379 train_max_dist: 35.4834 train_imax: 3.0087 train_imin: -1.5434 time: 1.1109s
INFO:root:Epoch: 1715 lr: 0.01 train_loss: 843.0216 train_distortion: 0.3142 train_mapscore: 0.9996 train_c: -1.0380 train_max_dist: 35.4844 train_imax: 2.9928 train_imin: -1.5467 time: 1.0636s
INFO:root:Epoch: 1720 lr: 0.01 train_loss: 857.9520 train_distortion: 0.3142 train_mapscore: 0.9996 train_c: -1.0381 train_max_dist: 35.5107 train_imax: 2.9177 train_imin: -1.5802 time: 1.0652s
INFO:root:Epoch: 1725 lr: 0.01 train_loss: 854.2015 train_distortion: 0.3145 train_mapscore: 0.9996 train_c: -1.0383 train_max_dist: 35.4971 train_imax: 3.0219 train_imin: -1.5387 time: 1.0589s
INFO:root:Epoch: 1730 lr: 0.01 train_loss: 847.9682 train_distortion: 0.3149 train_mapscore: 0.9996 train_c: -1.0384 train_max_dist: 35.5947 train_imax: 3.0137 train_imin: -1.5342 time: 1.0644s
INFO:root:Epoch: 1735 lr: 0.01 train_loss: 854.8819 train_distortion: 0.3149 train_mapscore: 0.9996 train_c: -1.0385 train_max_dist: 35.5605 train_imax: 2.9859 train_imin: -1.5637 time: 1.0626s
INFO:root:Epoch: 1740 lr: 0.01 train_loss: 869.2433 train_distortion: 0.3150 train_mapscore: 0.9996 train_c: -1.0386 train_max_dist: 35.5908 train_imax: 2.9903 train_imin: -1.6506 time: 1.0617s
INFO:root:Epoch: 1745 lr: 0.01 train_loss: 868.2405 train_distortion: 0.3150 train_mapscore: 0.9996 train_c: -1.0387 train_max_dist: 35.5596 train_imax: 2.9299 train_imin: -1.5696 time: 1.0620s
INFO:root:Epoch: 1750 lr: 0.01 train_loss: 876.9104 train_distortion: 0.3147 train_mapscore: 0.9996 train_c: -1.0388 train_max_dist: 35.5430 train_imax: 2.9265 train_imin: -1.5440 time: 1.0747s
INFO:root:Epoch: 1755 lr: 0.01 train_loss: 870.3729 train_distortion: 0.3146 train_mapscore: 0.9996 train_c: -1.0389 train_max_dist: 35.5195 train_imax: 2.9291 train_imin: -1.5818 time: 1.0706s
INFO:root:Epoch: 1760 lr: 0.01 train_loss: 848.4970 train_distortion: 0.3143 train_mapscore: 0.9996 train_c: -1.0390 train_max_dist: 35.5312 train_imax: 2.8828 train_imin: -1.5306 time: 1.0579s
INFO:root:Epoch: 1765 lr: 0.01 train_loss: 872.1382 train_distortion: 0.3145 train_mapscore: 0.9996 train_c: -1.0392 train_max_dist: 35.5107 train_imax: 2.8572 train_imin: -1.5346 time: 1.0846s
INFO:root:Epoch: 1770 lr: 0.01 train_loss: 865.0233 train_distortion: 0.3147 train_mapscore: 0.9996 train_c: -1.0393 train_max_dist: 35.5332 train_imax: 2.9606 train_imin: -1.5437 time: 1.0466s
INFO:root:Epoch: 1775 lr: 0.01 train_loss: 863.6169 train_distortion: 0.3148 train_mapscore: 0.9996 train_c: -1.0394 train_max_dist: 35.5615 train_imax: 2.9017 train_imin: -1.5414 time: 1.0626s
INFO:root:Epoch: 1780 lr: 0.01 train_loss: 853.9131 train_distortion: 0.3148 train_mapscore: 0.9996 train_c: -1.0395 train_max_dist: 35.5527 train_imax: 2.7809 train_imin: -1.5371 time: 1.0617s
INFO:root:Epoch: 1785 lr: 0.01 train_loss: 871.8629 train_distortion: 0.3147 train_mapscore: 0.9996 train_c: -1.0396 train_max_dist: 35.5645 train_imax: 2.8658 train_imin: -1.5440 time: 1.0505s
INFO:root:Epoch: 1790 lr: 0.01 train_loss: 862.1311 train_distortion: 0.3146 train_mapscore: 0.9996 train_c: -1.0397 train_max_dist: 35.5645 train_imax: 2.8284 train_imin: -1.6362 time: 1.0664s
INFO:root:Epoch: 1795 lr: 0.01 train_loss: 866.6280 train_distortion: 0.3148 train_mapscore: 0.9996 train_c: -1.0399 train_max_dist: 35.5791 train_imax: 2.8439 train_imin: -1.5281 time: 1.0660s
INFO:root:Epoch: 1800 lr: 0.01 train_loss: 878.6185 train_distortion: 0.3148 train_mapscore: 0.9996 train_c: -1.0400 train_max_dist: 35.6016 train_imax: 2.8527 train_imin: -1.5366 time: 1.0617s
INFO:root:Epoch: 1805 lr: 0.01 train_loss: 849.9380 train_distortion: 0.3151 train_mapscore: 0.9996 train_c: -1.0401 train_max_dist: 35.6074 train_imax: 2.8984 train_imin: -1.5387 time: 1.0588s
INFO:root:Epoch: 1810 lr: 0.01 train_loss: 858.4155 train_distortion: 0.3152 train_mapscore: 0.9996 train_c: -1.0402 train_max_dist: 35.6240 train_imax: 2.8007 train_imin: -1.5293 time: 1.0780s
INFO:root:Epoch: 1815 lr: 0.01 train_loss: 843.1578 train_distortion: 0.3154 train_mapscore: 0.9996 train_c: -1.0403 train_max_dist: 35.6475 train_imax: 2.8316 train_imin: -1.4976 time: 1.2334s
INFO:root:Epoch: 1820 lr: 0.01 train_loss: 851.0063 train_distortion: 0.3154 train_mapscore: 0.9996 train_c: -1.0404 train_max_dist: 35.6641 train_imax: 2.8632 train_imin: -1.5386 time: 1.1430s
INFO:root:Epoch: 1825 lr: 0.01 train_loss: 850.1108 train_distortion: 0.3156 train_mapscore: 0.9996 train_c: -1.0406 train_max_dist: 35.6777 train_imax: 2.8920 train_imin: -1.5328 time: 1.0621s
INFO:root:Epoch: 1830 lr: 0.01 train_loss: 855.0102 train_distortion: 0.3158 train_mapscore: 0.9996 train_c: -1.0407 train_max_dist: 35.7061 train_imax: 2.8428 train_imin: -1.5790 time: 1.0593s
INFO:root:Epoch: 1835 lr: 0.01 train_loss: 856.3984 train_distortion: 0.3155 train_mapscore: 0.9996 train_c: -1.0408 train_max_dist: 35.6523 train_imax: 2.8948 train_imin: -1.5296 time: 1.0499s
INFO:root:Epoch: 1840 lr: 0.01 train_loss: 860.8829 train_distortion: 0.3153 train_mapscore: 0.9991 train_c: -1.0409 train_max_dist: 35.6523 train_imax: 2.8017 train_imin: -1.5736 time: 1.0541s
INFO:root:Epoch: 1845 lr: 0.01 train_loss: 860.9196 train_distortion: 0.3150 train_mapscore: 0.9996 train_c: -1.0410 train_max_dist: 35.6338 train_imax: 2.6780 train_imin: -1.5690 time: 1.0568s
INFO:root:Epoch: 1850 lr: 0.01 train_loss: 851.4978 train_distortion: 0.3149 train_mapscore: 0.9996 train_c: -1.0411 train_max_dist: 35.6455 train_imax: 2.7531 train_imin: -1.5467 time: 1.0591s
INFO:root:Epoch: 1855 lr: 0.01 train_loss: 853.4220 train_distortion: 0.3147 train_mapscore: 0.9996 train_c: -1.0413 train_max_dist: 35.6182 train_imax: 2.6832 train_imin: -1.5249 time: 1.0634s
INFO:root:Epoch: 1860 lr: 0.01 train_loss: 844.9555 train_distortion: 0.3151 train_mapscore: 0.9996 train_c: -1.0414 train_max_dist: 35.6650 train_imax: 2.7859 train_imin: -1.5499 time: 1.0616s
INFO:root:Epoch: 1865 lr: 0.01 train_loss: 843.0316 train_distortion: 0.3153 train_mapscore: 0.9993 train_c: -1.0415 train_max_dist: 35.6895 train_imax: 2.7320 train_imin: -1.6429 time: 1.0686s
INFO:root:Epoch: 1870 lr: 0.01 train_loss: 857.5405 train_distortion: 0.3152 train_mapscore: 0.9996 train_c: -1.0416 train_max_dist: 35.6719 train_imax: 2.7089 train_imin: -1.5413 time: 1.0675s
INFO:root:Epoch: 1875 lr: 0.01 train_loss: 864.6733 train_distortion: 0.3151 train_mapscore: 0.9996 train_c: -1.0417 train_max_dist: 35.7041 train_imax: 2.7316 train_imin: -1.5071 time: 1.0840s
INFO:root:Epoch: 1880 lr: 0.01 train_loss: 851.7707 train_distortion: 0.3152 train_mapscore: 0.9996 train_c: -1.0419 train_max_dist: 35.6641 train_imax: 2.7668 train_imin: -1.5375 time: 1.0521s
INFO:root:Epoch: 1885 lr: 0.01 train_loss: 854.9106 train_distortion: 0.3152 train_mapscore: 0.9996 train_c: -1.0420 train_max_dist: 35.7109 train_imax: 2.6295 train_imin: -1.5480 time: 1.0591s
INFO:root:Epoch: 1890 lr: 0.01 train_loss: 856.1686 train_distortion: 0.3151 train_mapscore: 0.9996 train_c: -1.0421 train_max_dist: 35.7061 train_imax: 2.7120 train_imin: -1.7949 time: 1.0521s
INFO:root:Epoch: 1895 lr: 0.01 train_loss: 823.5454 train_distortion: 0.3152 train_mapscore: 0.9994 train_c: -1.0422 train_max_dist: 35.7109 train_imax: 2.7037 train_imin: -1.5373 time: 1.0599s
INFO:root:Epoch: 1900 lr: 0.01 train_loss: 834.5845 train_distortion: 0.3155 train_mapscore: 0.9996 train_c: -1.0423 train_max_dist: 35.7197 train_imax: 2.6356 train_imin: -1.5458 time: 1.0600s
INFO:root:Epoch: 1905 lr: 0.01 train_loss: 851.0143 train_distortion: 0.3155 train_mapscore: 0.9996 train_c: -1.0424 train_max_dist: 35.7334 train_imax: 2.7724 train_imin: -1.5242 time: 1.0553s
INFO:root:Epoch: 1910 lr: 0.01 train_loss: 830.5001 train_distortion: 0.3157 train_mapscore: 0.9996 train_c: -1.0426 train_max_dist: 35.7744 train_imax: 2.6207 train_imin: -1.5214 time: 1.0543s
INFO:root:Epoch: 1915 lr: 0.01 train_loss: 842.3429 train_distortion: 0.3157 train_mapscore: 0.9996 train_c: -1.0427 train_max_dist: 35.7559 train_imax: 2.6972 train_imin: -1.5348 time: 1.0535s
INFO:root:Epoch: 1920 lr: 0.01 train_loss: 823.3319 train_distortion: 0.3159 train_mapscore: 0.9996 train_c: -1.0428 train_max_dist: 35.8066 train_imax: 2.6560 train_imin: -1.5331 time: 1.0471s
INFO:root:Epoch: 1925 lr: 0.01 train_loss: 839.7545 train_distortion: 0.3160 train_mapscore: 0.9996 train_c: -1.0429 train_max_dist: 35.7764 train_imax: 2.6988 train_imin: -1.5441 time: 1.0947s
INFO:root:Epoch: 1930 lr: 0.01 train_loss: 827.8269 train_distortion: 0.3159 train_mapscore: 0.9996 train_c: -1.0430 train_max_dist: 35.8105 train_imax: 2.5471 train_imin: -1.5744 time: 1.1520s
INFO:root:Epoch: 1935 lr: 0.01 train_loss: 833.5070 train_distortion: 0.3159 train_mapscore: 0.9996 train_c: -1.0432 train_max_dist: 35.8027 train_imax: 2.7239 train_imin: -1.5776 time: 1.0936s
INFO:root:Epoch: 1940 lr: 0.01 train_loss: 827.1584 train_distortion: 0.3159 train_mapscore: 0.9996 train_c: -1.0433 train_max_dist: 35.7988 train_imax: 2.6662 train_imin: -1.6720 time: 1.1048s
INFO:root:Epoch: 1945 lr: 0.01 train_loss: 820.0019 train_distortion: 0.3162 train_mapscore: 0.9996 train_c: -1.0434 train_max_dist: 35.8486 train_imax: 2.6084 train_imin: -1.5275 time: 1.0807s
INFO:root:Epoch: 1950 lr: 0.01 train_loss: 826.5979 train_distortion: 0.3164 train_mapscore: 0.9992 train_c: -1.0435 train_max_dist: 35.8447 train_imax: 2.5699 train_imin: -1.5267 time: 1.0928s
INFO:root:Epoch: 1955 lr: 0.01 train_loss: 837.1611 train_distortion: 0.3164 train_mapscore: 0.9996 train_c: -1.0436 train_max_dist: 35.8457 train_imax: 2.5903 train_imin: -1.6066 time: 1.0881s
INFO:root:Epoch: 1960 lr: 0.01 train_loss: 815.2657 train_distortion: 0.3162 train_mapscore: 0.9996 train_c: -1.0438 train_max_dist: 35.8477 train_imax: 2.6251 train_imin: -1.5406 time: 1.0823s
INFO:root:Epoch: 1965 lr: 0.01 train_loss: 826.9445 train_distortion: 0.3162 train_mapscore: 0.9996 train_c: -1.0439 train_max_dist: 35.8574 train_imax: 2.5950 train_imin: -1.5310 time: 1.0832s
INFO:root:Epoch: 1970 lr: 0.01 train_loss: 832.4197 train_distortion: 0.3163 train_mapscore: 0.9996 train_c: -1.0440 train_max_dist: 35.8428 train_imax: 2.5262 train_imin: -1.5456 time: 1.0700s
INFO:root:Epoch: 1975 lr: 0.01 train_loss: 832.3638 train_distortion: 0.3162 train_mapscore: 0.9996 train_c: -1.0441 train_max_dist: 35.8604 train_imax: 2.5536 train_imin: -1.5222 time: 1.0614s
INFO:root:Epoch: 1980 lr: 0.01 train_loss: 835.6179 train_distortion: 0.3161 train_mapscore: 0.9994 train_c: -1.0442 train_max_dist: 35.8262 train_imax: 2.5501 train_imin: -1.5386 time: 1.0668s
INFO:root:Epoch: 1985 lr: 0.01 train_loss: 837.9202 train_distortion: 0.3159 train_mapscore: 0.9996 train_c: -1.0443 train_max_dist: 35.8008 train_imax: 2.4755 train_imin: -1.7366 time: 1.1049s
INFO:root:Epoch: 1990 lr: 0.01 train_loss: 821.1597 train_distortion: 0.3158 train_mapscore: 0.9996 train_c: -1.0445 train_max_dist: 35.7930 train_imax: 2.4412 train_imin: -1.5599 time: 1.0664s
INFO:root:Epoch: 1995 lr: 0.01 train_loss: 826.0858 train_distortion: 0.3158 train_mapscore: 0.9996 train_c: -1.0446 train_max_dist: 35.8047 train_imax: 2.5023 train_imin: -1.5754 time: 1.0659s
INFO:root:Epoch: 2000 lr: 0.0025 train_loss: 820.3904 train_distortion: 0.3161 train_mapscore: 0.9996 train_c: -1.0447 train_max_dist: 35.8203 train_imax: 2.5561 train_imin: -1.5573 time: 1.0601s
INFO:root:Optimization Finished!
INFO:root:Total time elapsed: 2130.5146s
INFO:root:Val set results: val_distortion: 1.0000 val_mapscore: -1.0000 val_c: -1.0000 val_max_dist: 0.0000
INFO:root:Test set results: test_loss: 830.0197 test_distortion: 0.3161 test_mapscore: 0.9996 test_c: -1.0447 test_max_dist: 35.8223 test_imax: 2.5162 test_imin: -1.5509
INFO:root:Saved model in /workspace/xiongbo/hgcn/logs/md/2021_5_27/2
