INFO:root:Using: cuda:0
INFO:root:Using seed 1234.
INFO:root:MDModel(
  (encoder): HGCN(
    (layers): Sequential(
      (0): HyperbolicGraphConvolution(
        (linear): HypLinear(
          in_features=2641, out_features=10, c=Parameter containing:
          tensor([-1.], requires_grad=True)
        )
        (agg): HypAgg(
          c=Parameter containing:
          tensor([-1.], requires_grad=True)
        )
        (hyp_act): HypAct(
          c_in=Parameter containing:
          tensor([-1.], requires_grad=True), c_out=Parameter containing:
          tensor([-1.], requires_grad=True)
        )
      )
    )
  )
  (decoder): MDDecoder()
)
INFO:root:Total number of parameters: 26422
/workspace/anaconda3/envs/geo/lib/python3.7/site-packages/torch/optim/lr_scheduler.py:370: UserWarning: To get the last learning rate computed by the scheduler, please use `get_last_lr()`.
  "please use `get_last_lr()`.", UserWarning)
INFO:root:Epoch: 0005 lr: 0.01 train_loss: 50303.5547 train_distortion: 0.9746 train_mapscore: 0.0362 train_c: -1.0004 train_max_dist: 2.1521 train_imax: -0.0000 train_imin: -1.1917 time: 1.2812s
INFO:root:Epoch: 0010 lr: 0.01 train_loss: 48959.5547 train_distortion: 0.9569 train_mapscore: 0.0609 train_c: -1.0009 train_max_dist: 2.6398 train_imax: -0.0000 train_imin: -1.3137 time: 1.1745s
INFO:root:Epoch: 0015 lr: 0.01 train_loss: 47744.7852 train_distortion: 0.9402 train_mapscore: 0.0821 train_c: -1.0014 train_max_dist: 3.5052 train_imax: -0.0000 train_imin: -1.3235 time: 1.1689s
INFO:root:Epoch: 0020 lr: 0.01 train_loss: 46530.9570 train_distortion: 0.9222 train_mapscore: 0.0958 train_c: -1.0019 train_max_dist: 6.2154 train_imax: -0.0000 train_imin: -1.3458 time: 1.1327s
INFO:root:Epoch: 0025 lr: 0.01 train_loss: 45221.9688 train_distortion: 0.9010 train_mapscore: 0.1163 train_c: -1.0025 train_max_dist: 9.7812 train_imax: -0.0000 train_imin: -1.4074 time: 1.1571s
INFO:root:Epoch: 0030 lr: 0.01 train_loss: 43759.4375 train_distortion: 0.8764 train_mapscore: 0.1299 train_c: -1.0031 train_max_dist: 10.2500 train_imax: -0.0000 train_imin: -1.5132 time: 1.1418s
INFO:root:Epoch: 0035 lr: 0.01 train_loss: 42057.9805 train_distortion: 0.8481 train_mapscore: 0.1596 train_c: -1.0038 train_max_dist: 10.1250 train_imax: 0.0107 train_imin: -1.5787 time: 1.1536s
INFO:root:Epoch: 0040 lr: 0.01 train_loss: 40079.1016 train_distortion: 0.8145 train_mapscore: 0.2012 train_c: -1.0044 train_max_dist: 10.1250 train_imax: 0.0776 train_imin: -1.7141 time: 1.1263s
INFO:root:Epoch: 0045 lr: 0.01 train_loss: 37839.0234 train_distortion: 0.7760 train_mapscore: 0.2531 train_c: -1.0051 train_max_dist: 10.5000 train_imax: 0.2978 train_imin: -1.9026 time: 1.1106s
INFO:root:Epoch: 0050 lr: 0.01 train_loss: 35413.8125 train_distortion: 0.7345 train_mapscore: 0.3110 train_c: -1.0057 train_max_dist: 12.0000 train_imax: 0.2115 train_imin: -2.2674 time: 1.1247s
INFO:root:Epoch: 0055 lr: 0.01 train_loss: 32829.7695 train_distortion: 0.6886 train_mapscore: 0.3789 train_c: -1.0064 train_max_dist: 12.9747 train_imax: 0.5147 train_imin: -2.6178 time: 1.1347s
INFO:root:Epoch: 0060 lr: 0.01 train_loss: 30125.6191 train_distortion: 0.6376 train_mapscore: 0.4341 train_c: -1.0071 train_max_dist: 15.0106 train_imax: 0.5357 train_imin: -3.0304 time: 1.1521s
INFO:root:Epoch: 0065 lr: 0.01 train_loss: 27688.4746 train_distortion: 0.5853 train_mapscore: 0.4531 train_c: -1.0078 train_max_dist: 17.1237 train_imax: 0.6048 train_imin: -3.4822 time: 1.1182s
INFO:root:Epoch: 0070 lr: 0.01 train_loss: 25083.3105 train_distortion: 0.5312 train_mapscore: 0.5133 train_c: -1.0085 train_max_dist: 19.5692 train_imax: 0.7155 train_imin: -4.0965 time: 1.1089s
INFO:root:Epoch: 0075 lr: 0.01 train_loss: 22507.2148 train_distortion: 0.4780 train_mapscore: 0.5569 train_c: -1.0091 train_max_dist: 22.2954 train_imax: 3.5522 train_imin: -5.0096 time: 1.0912s
INFO:root:Epoch: 0080 lr: 0.01 train_loss: 20424.8203 train_distortion: 0.4330 train_mapscore: 0.5890 train_c: -1.0098 train_max_dist: 25.2334 train_imax: 2.8116 train_imin: -16.3974 time: 1.0971s
INFO:root:Epoch: 0085 lr: 0.01 train_loss: 18232.4141 train_distortion: 0.3964 train_mapscore: 0.6342 train_c: -1.0104 train_max_dist: 28.1694 train_imax: 2.7461 train_imin: -16.6768 time: 1.1002s
INFO:root:Epoch: 0090 lr: 0.01 train_loss: 16448.7520 train_distortion: 0.3723 train_mapscore: 0.6648 train_c: -1.0110 train_max_dist: 30.9688 train_imax: 4.8197 train_imin: -14.0202 time: 1.0837s
INFO:root:Epoch: 0095 lr: 0.01 train_loss: 19306.6445 train_distortion: 0.3681 train_mapscore: 0.4831 train_c: -1.0116 train_max_dist: 32.1538 train_imax: 4.6090 train_imin: -15.3363 time: 1.0883s
INFO:root:Epoch: 0100 lr: 0.01 train_loss: 19774.7773 train_distortion: 0.3676 train_mapscore: 0.4696 train_c: -1.0120 train_max_dist: 32.7500 train_imax: 6.4827 train_imin: -16.8348 time: 1.0855s
INFO:root:Epoch: 0105 lr: 0.01 train_loss: 19841.1445 train_distortion: 0.3678 train_mapscore: 0.4509 train_c: -1.0123 train_max_dist: 33.6494 train_imax: 6.8994 train_imin: -17.9190 time: 1.1061s
INFO:root:Epoch: 0110 lr: 0.01 train_loss: 19026.7168 train_distortion: 0.3679 train_mapscore: 0.4894 train_c: -1.0125 train_max_dist: 34.2246 train_imax: 6.5060 train_imin: -18.2786 time: 1.1029s
INFO:root:Epoch: 0115 lr: 0.01 train_loss: 17639.3789 train_distortion: 0.3678 train_mapscore: 0.5593 train_c: -1.0127 train_max_dist: 34.9746 train_imax: 7.9335 train_imin: -18.4943 time: 1.1318s
INFO:root:Epoch: 0120 lr: 0.01 train_loss: 16355.2207 train_distortion: 0.3703 train_mapscore: 0.6219 train_c: -1.0128 train_max_dist: 36.0371 train_imax: 11.7828 train_imin: -19.0250 time: 1.0897s
INFO:root:Epoch: 0125 lr: 0.01 train_loss: 18383.0020 train_distortion: 0.3785 train_mapscore: 0.5073 train_c: -1.0131 train_max_dist: 37.5566 train_imax: 13.5225 train_imin: -23.8667 time: 1.1063s
INFO:root:Epoch: 0130 lr: 0.01 train_loss: 18972.4727 train_distortion: 0.3846 train_mapscore: 0.4861 train_c: -1.0132 train_max_dist: 38.2930 train_imax: 16.9298 train_imin: -27.8410 time: 1.0918s
INFO:root:Epoch: 0135 lr: 0.01 train_loss: 17704.1055 train_distortion: 0.3871 train_mapscore: 0.5663 train_c: -1.0133 train_max_dist: 38.7764 train_imax: 19.1959 train_imin: -30.7334 time: 1.1066s
INFO:root:Epoch: 0140 lr: 0.01 train_loss: 16324.0869 train_distortion: 0.3904 train_mapscore: 0.6228 train_c: -1.0134 train_max_dist: 39.5293 train_imax: 19.9857 train_imin: -31.7436 time: 1.1025s
INFO:root:Epoch: 0145 lr: 0.01 train_loss: 15319.1523 train_distortion: 0.3974 train_mapscore: 0.6554 train_c: -1.0134 train_max_dist: 40.3301 train_imax: 20.5231 train_imin: -33.6821 time: 1.0852s
INFO:root:Epoch: 0150 lr: 0.01 train_loss: 14766.1855 train_distortion: 0.4087 train_mapscore: 0.6767 train_c: -1.0135 train_max_dist: 41.2715 train_imax: 22.0004 train_imin: -35.9132 time: 1.0817s
INFO:root:Epoch: 0155 lr: 0.01 train_loss: 13606.4385 train_distortion: 0.4234 train_mapscore: 0.7208 train_c: -1.0136 train_max_dist: 42.2734 train_imax: 24.0906 train_imin: -36.9547 time: 1.0941s
INFO:root:Epoch: 0160 lr: 0.01 train_loss: 18869.6836 train_distortion: 0.4438 train_mapscore: 0.4941 train_c: -1.0135 train_max_dist: 43.2734 train_imax: 27.3280 train_imin: -37.5964 time: 1.1142s
INFO:root:Epoch: 0165 lr: 0.01 train_loss: 20479.2227 train_distortion: 0.4452 train_mapscore: 0.4519 train_c: -1.0133 train_max_dist: 43.2090 train_imax: 27.4859 train_imin: -35.6072 time: 1.1031s
INFO:root:Epoch: 0170 lr: 0.01 train_loss: 19659.7031 train_distortion: 0.4320 train_mapscore: 0.4782 train_c: -1.0130 train_max_dist: 42.5723 train_imax: 28.0774 train_imin: -32.8850 time: 1.1321s
INFO:root:Epoch: 0175 lr: 0.01 train_loss: 18190.6680 train_distortion: 0.4196 train_mapscore: 0.5349 train_c: -1.0128 train_max_dist: 42.1660 train_imax: 26.3732 train_imin: -31.5490 time: 1.1003s
INFO:root:Epoch: 0180 lr: 0.01 train_loss: 18090.4180 train_distortion: 0.4123 train_mapscore: 0.5358 train_c: -1.0127 train_max_dist: 41.7148 train_imax: 26.5008 train_imin: -31.6611 time: 1.0888s
INFO:root:Epoch: 0185 lr: 0.01 train_loss: 17308.3223 train_distortion: 0.4095 train_mapscore: 0.5821 train_c: -1.0126 train_max_dist: 41.4980 train_imax: 25.5947 train_imin: -31.6900 time: 1.0933s
INFO:root:Epoch: 0190 lr: 0.01 train_loss: 18035.9941 train_distortion: 0.4125 train_mapscore: 0.5373 train_c: -1.0125 train_max_dist: 41.4863 train_imax: 25.8852 train_imin: -30.4630 time: 1.0935s
INFO:root:Epoch: 0195 lr: 0.01 train_loss: 16699.0371 train_distortion: 0.4170 train_mapscore: 0.6070 train_c: -1.0124 train_max_dist: 41.5430 train_imax: 27.1520 train_imin: -31.9073 time: 1.0944s
INFO:root:Epoch: 0200 lr: 0.01 train_loss: 15329.2139 train_distortion: 0.4260 train_mapscore: 0.6729 train_c: -1.0124 train_max_dist: 42.1152 train_imax: 28.5616 train_imin: -32.5535 time: 1.0896s
INFO:root:Epoch: 0205 lr: 0.01 train_loss: 14006.4004 train_distortion: 0.4435 train_mapscore: 0.7273 train_c: -1.0124 train_max_dist: 43.1680 train_imax: 31.4844 train_imin: -35.3209 time: 1.0901s
INFO:root:Epoch: 0210 lr: 0.01 train_loss: 12974.8076 train_distortion: 0.4711 train_mapscore: 0.7769 train_c: -1.0125 train_max_dist: 44.5020 train_imax: 35.1741 train_imin: -39.8664 time: 1.0883s
INFO:root:Epoch: 0215 lr: 0.01 train_loss: 13173.7012 train_distortion: 0.5085 train_mapscore: 0.7564 train_c: -1.0125 train_max_dist: 46.1055 train_imax: 39.5735 train_imin: -43.8133 time: 1.0951s
INFO:root:Epoch: 0220 lr: 0.01 train_loss: 16346.7324 train_distortion: 0.5418 train_mapscore: 0.6163 train_c: -1.0126 train_max_dist: 47.3438 train_imax: 44.4393 train_imin: -47.0048 time: 1.0947s
INFO:root:Epoch: 0225 lr: 0.01 train_loss: 16550.9004 train_distortion: 0.5469 train_mapscore: 0.6196 train_c: -1.0126 train_max_dist: 47.7266 train_imax: 47.8196 train_imin: -47.1839 time: 1.1325s
INFO:root:Epoch: 0230 lr: 0.01 train_loss: 15618.0645 train_distortion: 0.5367 train_mapscore: 0.6535 train_c: -1.0125 train_max_dist: 47.3008 train_imax: 43.0024 train_imin: -44.4385 time: 1.0912s
INFO:root:Epoch: 0235 lr: 0.01 train_loss: 14763.1748 train_distortion: 0.5255 train_mapscore: 0.6884 train_c: -1.0124 train_max_dist: 46.8945 train_imax: 42.3833 train_imin: -44.1764 time: 1.1038s
INFO:root:Epoch: 0240 lr: 0.01 train_loss: 13864.5332 train_distortion: 0.5214 train_mapscore: 0.7352 train_c: -1.0124 train_max_dist: 46.8750 train_imax: 41.9181 train_imin: -45.5297 time: 1.0939s
INFO:root:Epoch: 0245 lr: 0.01 train_loss: 13013.9707 train_distortion: 0.5276 train_mapscore: 0.7689 train_c: -1.0123 train_max_dist: 47.1836 train_imax: 41.2934 train_imin: -45.0519 time: 1.0973s
INFO:root:Epoch: 0250 lr: 0.01 train_loss: 12860.1123 train_distortion: 0.5416 train_mapscore: 0.7661 train_c: -1.0124 train_max_dist: 47.6953 train_imax: 43.8856 train_imin: -46.2110 time: 1.0921s
INFO:root:Epoch: 0255 lr: 0.01 train_loss: 12612.7207 train_distortion: 0.5592 train_mapscore: 0.7787 train_c: -1.0124 train_max_dist: 48.4688 train_imax: 46.5685 train_imin: -47.2038 time: 1.0872s
INFO:root:Epoch: 0260 lr: 0.01 train_loss: 12562.2861 train_distortion: 0.5795 train_mapscore: 0.7714 train_c: -1.0124 train_max_dist: 49.1289 train_imax: 49.6759 train_imin: -48.5345 time: 1.0873s
INFO:root:Epoch: 0265 lr: 0.01 train_loss: 14166.4395 train_distortion: 0.5968 train_mapscore: 0.7053 train_c: -1.0125 train_max_dist: 49.6641 train_imax: 51.6094 train_imin: -70.5994 time: 1.1078s
INFO:root:Epoch: 0270 lr: 0.01 train_loss: 14891.3047 train_distortion: 0.5967 train_mapscore: 0.6826 train_c: -1.0126 train_max_dist: 49.6445 train_imax: 52.0385 train_imin: -86.7194 time: 1.1023s
INFO:root:Epoch: 0275 lr: 0.01 train_loss: 14398.5254 train_distortion: 0.5827 train_mapscore: 0.7003 train_c: -1.0125 train_max_dist: 49.2266 train_imax: 51.4225 train_imin: -87.6492 time: 1.0879s
INFO:root:Epoch: 0280 lr: 0.01 train_loss: 13998.3936 train_distortion: 0.5702 train_mapscore: 0.7177 train_c: -1.0125 train_max_dist: 48.8828 train_imax: 52.1059 train_imin: -89.4114 time: 1.1251s
INFO:root:Epoch: 0285 lr: 0.01 train_loss: 13742.1680 train_distortion: 0.5634 train_mapscore: 0.7383 train_c: -1.0124 train_max_dist: 48.7773 train_imax: 49.3767 train_imin: -84.5950 time: 1.0960s
INFO:root:Epoch: 0290 lr: 0.01 train_loss: 13156.6094 train_distortion: 0.5635 train_mapscore: 0.7574 train_c: -1.0124 train_max_dist: 48.8047 train_imax: 49.1196 train_imin: -85.1665 time: 1.0807s
INFO:root:Epoch: 0295 lr: 0.01 train_loss: 13383.8135 train_distortion: 0.5710 train_mapscore: 0.7562 train_c: -1.0124 train_max_dist: 49.0586 train_imax: 55.4916 train_imin: -84.5869 time: 1.1045s
INFO:root:Epoch: 0300 lr: 0.01 train_loss: 19830.8281 train_distortion: 0.5803 train_mapscore: 0.5120 train_c: -1.0122 train_max_dist: 49.4531 train_imax: 53.2399 train_imin: -85.5736 time: 1.0946s
INFO:root:Epoch: 0305 lr: 0.01 train_loss: 22711.4434 train_distortion: 0.5418 train_mapscore: 0.4240 train_c: -1.0118 train_max_dist: 48.5195 train_imax: 51.8170 train_imin: -72.0866 time: 1.1024s
INFO:root:Epoch: 0310 lr: 0.01 train_loss: 21419.1582 train_distortion: 0.4812 train_mapscore: 0.4577 train_c: -1.0114 train_max_dist: 46.3750 train_imax: 42.3876 train_imin: -51.4836 time: 1.1131s
INFO:root:Epoch: 0315 lr: 0.01 train_loss: 19727.8066 train_distortion: 0.4378 train_mapscore: 0.5118 train_c: -1.0110 train_max_dist: 44.2715 train_imax: 36.5998 train_imin: -46.6290 time: 1.1091s
INFO:root:Epoch: 0320 lr: 0.01 train_loss: 19925.1992 train_distortion: 0.4162 train_mapscore: 0.4829 train_c: -1.0108 train_max_dist: 43.0527 train_imax: 32.3142 train_imin: -44.2404 time: 1.1018s
INFO:root:Epoch: 0325 lr: 0.01 train_loss: 19146.6055 train_distortion: 0.4059 train_mapscore: 0.5173 train_c: -1.0106 train_max_dist: 42.4102 train_imax: 31.1422 train_imin: -43.2107 time: 1.1130s
INFO:root:Epoch: 0330 lr: 0.01 train_loss: 17862.0039 train_distortion: 0.4038 train_mapscore: 0.5916 train_c: -1.0105 train_max_dist: 42.3594 train_imax: 29.7672 train_imin: -43.2646 time: 1.0895s
INFO:root:Epoch: 0335 lr: 0.01 train_loss: 16908.2266 train_distortion: 0.4100 train_mapscore: 0.6362 train_c: -1.0105 train_max_dist: 42.8789 train_imax: 31.5056 train_imin: -44.5061 time: 1.1190s
INFO:root:Epoch: 0340 lr: 0.01 train_loss: 16166.2695 train_distortion: 0.4254 train_mapscore: 0.6725 train_c: -1.0105 train_max_dist: 43.9746 train_imax: 34.9153 train_imin: -48.1028 time: 1.0988s
INFO:root:Epoch: 0345 lr: 0.01 train_loss: 15044.1748 train_distortion: 0.4515 train_mapscore: 0.7281 train_c: -1.0105 train_max_dist: 45.4805 train_imax: 39.3468 train_imin: -53.4751 time: 1.0972s
INFO:root:Epoch: 0350 lr: 0.01 train_loss: 14682.0791 train_distortion: 0.4902 train_mapscore: 0.7360 train_c: -1.0106 train_max_dist: 47.2695 train_imax: 45.6800 train_imin: -60.1408 time: 1.0918s
INFO:root:Epoch: 0355 lr: 0.01 train_loss: 13855.2773 train_distortion: 0.5368 train_mapscore: 0.7714 train_c: -1.0107 train_max_dist: 49.1523 train_imax: 52.3297 train_imin: -67.4456 time: 1.0888s
INFO:root:Epoch: 0360 lr: 0.01 train_loss: 13237.4727 train_distortion: 0.5888 train_mapscore: 0.7919 train_c: -1.0107 train_max_dist: 50.0000 train_imax: 59.8152 train_imin: -73.9155 time: 1.0939s
INFO:root:Epoch: 0365 lr: 0.01 train_loss: 19190.5723 train_distortion: 0.6227 train_mapscore: 0.5478 train_c: -1.0108 train_max_dist: 50.0000 train_imax: 63.7041 train_imin: -83.1275 time: 1.0915s
INFO:root:Epoch: 0370 lr: 0.01 train_loss: 19493.0664 train_distortion: 0.6042 train_mapscore: 0.5472 train_c: -1.0109 train_max_dist: 50.0000 train_imax: 58.1388 train_imin: -80.1711 time: 1.0880s
INFO:root:Epoch: 0375 lr: 0.01 train_loss: 18361.3789 train_distortion: 0.5609 train_mapscore: 0.5798 train_c: -1.0108 train_max_dist: 50.0000 train_imax: 51.6463 train_imin: -71.1752 time: 1.0804s
INFO:root:Epoch: 0380 lr: 0.01 train_loss: 17035.2012 train_distortion: 0.5254 train_mapscore: 0.6282 train_c: -1.0107 train_max_dist: 48.6484 train_imax: 46.9423 train_imin: -65.5840 time: 1.0978s
INFO:root:Epoch: 0385 lr: 0.01 train_loss: 16358.2949 train_distortion: 0.5052 train_mapscore: 0.6628 train_c: -1.0106 train_max_dist: 47.8945 train_imax: 43.3051 train_imin: -61.4611 time: 1.0912s
INFO:root:Epoch: 0390 lr: 0.01 train_loss: 16294.8428 train_distortion: 0.5016 train_mapscore: 0.6582 train_c: -1.0106 train_max_dist: 47.5547 train_imax: 43.3526 train_imin: -58.7276 time: 1.1248s
INFO:root:Epoch: 0395 lr: 0.01 train_loss: 19509.1992 train_distortion: 0.5048 train_mapscore: 0.5157 train_c: -1.0107 train_max_dist: 47.6172 train_imax: 44.5422 train_imin: -56.8574 time: 1.1006s
INFO:root:Epoch: 0400 lr: 0.01 train_loss: 20767.5918 train_distortion: 0.4917 train_mapscore: 0.4795 train_c: -1.0108 train_max_dist: 50.0000 train_imax: 51.0428 train_imin: -53.3927 time: 1.1113s
INFO:root:Epoch: 0405 lr: 0.01 train_loss: 19520.6836 train_distortion: 0.4708 train_mapscore: 0.5326 train_c: -1.0108 train_max_dist: 45.8945 train_imax: 43.5609 train_imin: -50.1092 time: 1.0864s
INFO:root:Epoch: 0410 lr: 0.01 train_loss: 29119.4297 train_distortion: 0.4488 train_mapscore: 0.2514 train_c: -1.0108 train_max_dist: 44.3008 train_imax: 38.9826 train_imin: -45.4488 time: 1.1025s
INFO:root:Epoch: 0415 lr: 0.01 train_loss: 31150.8359 train_distortion: 0.4083 train_mapscore: 0.1964 train_c: -1.0108 train_max_dist: 40.6602 train_imax: 29.8305 train_imin: -40.8025 time: 1.1150s
INFO:root:Epoch: 0420 lr: 0.01 train_loss: 30388.0938 train_distortion: 0.3930 train_mapscore: 0.1972 train_c: -1.0105 train_max_dist: 36.6953 train_imax: 21.3482 train_imin: -32.7852 time: 1.1192s
INFO:root:Epoch: 0425 lr: 0.01 train_loss: 29487.1309 train_distortion: 0.4005 train_mapscore: 0.2077 train_c: -1.0101 train_max_dist: 33.4678 train_imax: 16.1532 train_imin: -25.9912 time: 1.1172s
INFO:root:Epoch: 0430 lr: 0.01 train_loss: 28869.8438 train_distortion: 0.4150 train_mapscore: 0.2314 train_c: -1.0099 train_max_dist: 31.2793 train_imax: 13.4071 train_imin: -21.8323 time: 1.1128s
INFO:root:Epoch: 0435 lr: 0.01 train_loss: 28326.5859 train_distortion: 0.4258 train_mapscore: 0.2588 train_c: -1.0097 train_max_dist: 30.0508 train_imax: 12.1896 train_imin: -19.6449 time: 1.1193s
INFO:root:Epoch: 0440 lr: 0.01 train_loss: 27808.6953 train_distortion: 0.4295 train_mapscore: 0.2950 train_c: -1.0096 train_max_dist: 29.6025 train_imax: 11.7550 train_imin: -18.7959 time: 1.1200s
INFO:root:Epoch: 0445 lr: 0.01 train_loss: 27234.4668 train_distortion: 0.4267 train_mapscore: 0.3323 train_c: -1.0095 train_max_dist: 29.7734 train_imax: 11.9330 train_imin: -18.9143 time: 1.1260s
INFO:root:Epoch: 0450 lr: 0.01 train_loss: 26537.9531 train_distortion: 0.4192 train_mapscore: 0.3711 train_c: -1.0095 train_max_dist: 32.0000 train_imax: 12.6933 train_imin: -19.7728 time: 1.1052s
INFO:root:Epoch: 0455 lr: 0.01 train_loss: 25780.1680 train_distortion: 0.4094 train_mapscore: 0.4245 train_c: -1.0095 train_max_dist: 31.4355 train_imax: 13.9186 train_imin: -21.3259 time: 1.1131s
INFO:root:Epoch: 0460 lr: 0.01 train_loss: 24980.0938 train_distortion: 0.3996 train_mapscore: 0.4706 train_c: -1.0095 train_max_dist: 32.7109 train_imax: 15.5852 train_imin: -23.4801 time: 1.1046s
INFO:root:Epoch: 0465 lr: 0.01 train_loss: 24204.2812 train_distortion: 0.3920 train_mapscore: 0.5074 train_c: -1.0096 train_max_dist: 34.1484 train_imax: 17.5039 train_imin: -26.1040 time: 1.1671s
INFO:root:Epoch: 0470 lr: 0.01 train_loss: 23434.6992 train_distortion: 0.3877 train_mapscore: 0.5371 train_c: -1.0096 train_max_dist: 35.6904 train_imax: 19.7217 train_imin: -29.0792 time: 1.0889s
INFO:root:Epoch: 0475 lr: 0.01 train_loss: 22639.7305 train_distortion: 0.3876 train_mapscore: 0.5786 train_c: -1.0097 train_max_dist: 37.2549 train_imax: 22.3779 train_imin: -32.4677 time: 1.1019s
INFO:root:Epoch: 0480 lr: 0.01 train_loss: 22066.8496 train_distortion: 0.3922 train_mapscore: 0.5747 train_c: -1.0097 train_max_dist: 38.8633 train_imax: 25.4861 train_imin: -36.5308 time: 1.1047s
INFO:root:Epoch: 0485 lr: 0.01 train_loss: 21752.0039 train_distortion: 0.4013 train_mapscore: 0.5772 train_c: -1.0098 train_max_dist: 40.3867 train_imax: 28.7612 train_imin: -40.5629 time: 1.1119s
INFO:root:Epoch: 0490 lr: 0.01 train_loss: 20941.5137 train_distortion: 0.4140 train_mapscore: 0.6184 train_c: -1.0098 train_max_dist: 41.8789 train_imax: 31.9347 train_imin: -44.9485 time: 1.0955s
INFO:root:Epoch: 0495 lr: 0.01 train_loss: 21165.1250 train_distortion: 0.4297 train_mapscore: 0.5773 train_c: -1.0099 train_max_dist: 43.3008 train_imax: 35.4492 train_imin: -49.5281 time: 1.1008s
INFO:root:Epoch: 0500 lr: 0.01 train_loss: 22665.7539 train_distortion: 0.4414 train_mapscore: 0.4749 train_c: -1.0100 train_max_dist: 44.2852 train_imax: 38.1211 train_imin: -52.0490 time: 1.1288s
INFO:root:Epoch: 0505 lr: 0.01 train_loss: 22100.0117 train_distortion: 0.4453 train_mapscore: 0.5173 train_c: -1.0100 train_max_dist: 44.6875 train_imax: 38.6773 train_imin: -52.4937 time: 1.0949s
INFO:root:Epoch: 0510 lr: 0.01 train_loss: 21643.9453 train_distortion: 0.4455 train_mapscore: 0.5417 train_c: -1.0101 train_max_dist: 50.0000 train_imax: 38.3565 train_imin: -51.9327 time: 1.1034s
INFO:root:Epoch: 0515 lr: 0.01 train_loss: 20752.0664 train_distortion: 0.4478 train_mapscore: 0.5921 train_c: -1.0100 train_max_dist: 45.0039 train_imax: 38.1862 train_imin: -52.2190 time: 1.0829s
INFO:root:Epoch: 0520 lr: 0.01 train_loss: 19831.0605 train_distortion: 0.4544 train_mapscore: 0.6380 train_c: -1.0100 train_max_dist: 45.4492 train_imax: 39.0106 train_imin: -53.4315 time: 1.1014s
INFO:root:Epoch: 0525 lr: 0.01 train_loss: 19175.5391 train_distortion: 0.4668 train_mapscore: 0.6659 train_c: -1.0100 train_max_dist: 46.2188 train_imax: 40.8989 train_imin: -56.3475 time: 1.1006s
INFO:root:Epoch: 0530 lr: 0.01 train_loss: 18574.5078 train_distortion: 0.4854 train_mapscore: 0.6888 train_c: -1.0099 train_max_dist: 47.2539 train_imax: 43.9633 train_imin: -60.2665 time: 1.1012s
INFO:root:Epoch: 0535 lr: 0.01 train_loss: 18170.9844 train_distortion: 0.5097 train_mapscore: 0.7056 train_c: -1.0099 train_max_dist: 48.3477 train_imax: 48.0144 train_imin: -64.1516 time: 1.0910s
INFO:root:Epoch: 0540 lr: 0.01 train_loss: 18175.5078 train_distortion: 0.5395 train_mapscore: 0.6964 train_c: -1.0099 train_max_dist: 49.5195 train_imax: 51.8691 train_imin: -68.1768 time: 1.0841s
INFO:root:Epoch: 0545 lr: 0.01 train_loss: 18747.0273 train_distortion: 0.5674 train_mapscore: 0.6745 train_c: -1.0099 train_max_dist: 50.0000 train_imax: 56.2546 train_imin: -73.2253 time: 1.0927s
INFO:root:Epoch: 0550 lr: 0.01 train_loss: 18178.4609 train_distortion: 0.5871 train_mapscore: 0.6945 train_c: -1.0099 train_max_dist: 50.0000 train_imax: 60.0381 train_imin: -76.2252 time: 1.0799s
INFO:root:Epoch: 0555 lr: 0.01 train_loss: 18567.1094 train_distortion: 0.5983 train_mapscore: 0.6674 train_c: -1.0098 train_max_dist: 50.0000 train_imax: 61.1342 train_imin: -78.5784 time: 1.1124s
INFO:root:Epoch: 0560 lr: 0.01 train_loss: 19668.7461 train_distortion: 0.5958 train_mapscore: 0.6024 train_c: -1.0098 train_max_dist: 50.0000 train_imax: 60.5285 train_imin: -77.3474 time: 1.0926s
INFO:root:Epoch: 0565 lr: 0.01 train_loss: 19080.1641 train_distortion: 0.5823 train_mapscore: 0.6341 train_c: -1.0097 train_max_dist: 50.0000 train_imax: 58.2886 train_imin: -72.4227 time: 1.0987s
INFO:root:Epoch: 0570 lr: 0.01 train_loss: 22933.0137 train_distortion: 0.5647 train_mapscore: 0.4487 train_c: -1.0096 train_max_dist: 50.0000 train_imax: 58.1982 train_imin: -67.4575 time: 1.0955s
INFO:root:Epoch: 0575 lr: 0.01 train_loss: 23988.8809 train_distortion: 0.5225 train_mapscore: 0.4099 train_c: -1.0096 train_max_dist: 48.7266 train_imax: 52.4832 train_imin: -59.0654 time: 1.0971s
INFO:root:Epoch: 0580 lr: 0.01 train_loss: 22748.9551 train_distortion: 0.4771 train_mapscore: 0.4406 train_c: -1.0094 train_max_dist: 46.5938 train_imax: 46.3635 train_imin: -51.4157 time: 1.1029s
INFO:root:Epoch: 0585 lr: 0.01 train_loss: 21500.0488 train_distortion: 0.4472 train_mapscore: 0.4977 train_c: -1.0092 train_max_dist: 44.8359 train_imax: 41.6700 train_imin: -45.3965 time: 1.0915s
INFO:root:Epoch: 0590 lr: 0.01 train_loss: 21475.6973 train_distortion: 0.4343 train_mapscore: 0.4881 train_c: -1.0089 train_max_dist: 43.7500 train_imax: 36.7868 train_imin: -42.1316 time: 1.2251s
INFO:root:Epoch: 0595 lr: 0.01 train_loss: 20597.1953 train_distortion: 0.4285 train_mapscore: 0.5404 train_c: -1.0088 train_max_dist: 43.2383 train_imax: 35.5045 train_imin: -40.7143 time: 1.1016s
INFO:root:Epoch: 0600 lr: 0.01 train_loss: 24667.2344 train_distortion: 0.4285 train_mapscore: 0.3299 train_c: -1.0087 train_max_dist: 43.2422 train_imax: 33.8424 train_imin: -40.1340 time: 1.0992s
INFO:root:Epoch: 0605 lr: 0.01 train_loss: 24880.3711 train_distortion: 0.4193 train_mapscore: 0.3320 train_c: -1.0085 train_max_dist: 42.4648 train_imax: 33.8015 train_imin: -37.2385 time: 1.0956s
INFO:root:Epoch: 0610 lr: 0.01 train_loss: 23981.1367 train_distortion: 0.4083 train_mapscore: 0.3665 train_c: -1.0084 train_max_dist: 50.0000 train_imax: 33.5636 train_imin: -33.5954 time: 1.1138s
INFO:root:Epoch: 0615 lr: 0.01 train_loss: 22944.6504 train_distortion: 0.4017 train_mapscore: 0.4243 train_c: -1.0083 train_max_dist: 40.5781 train_imax: 31.6819 train_imin: -31.2384 time: 1.1056s
INFO:root:Epoch: 0620 lr: 0.01 train_loss: 22010.8398 train_distortion: 0.3998 train_mapscore: 0.4853 train_c: -1.0082 train_max_dist: 40.3496 train_imax: 29.5520 train_imin: -30.3723 time: 1.1041s
INFO:root:Epoch: 0625 lr: 0.01 train_loss: 21060.2520 train_distortion: 0.4022 train_mapscore: 0.5503 train_c: -1.0081 train_max_dist: 40.7383 train_imax: 29.5943 train_imin: -31.0205 time: 1.0934s
INFO:root:Epoch: 0630 lr: 0.01 train_loss: 19984.5547 train_distortion: 0.4101 train_mapscore: 0.6109 train_c: -1.0081 train_max_dist: 41.7520 train_imax: 31.7017 train_imin: -33.3302 time: 1.1041s
INFO:root:Epoch: 0635 lr: 0.01 train_loss: 19143.7305 train_distortion: 0.4257 train_mapscore: 0.6453 train_c: -1.0081 train_max_dist: 43.2734 train_imax: 35.8662 train_imin: -37.2032 time: 1.0968s
INFO:root:Epoch: 0640 lr: 0.01 train_loss: 18369.6504 train_distortion: 0.4512 train_mapscore: 0.6850 train_c: -1.0081 train_max_dist: 45.0859 train_imax: 41.4205 train_imin: -42.2953 time: 1.1007s
INFO:root:Epoch: 0645 lr: 0.01 train_loss: 18462.2539 train_distortion: 0.4849 train_mapscore: 0.6647 train_c: -1.0082 train_max_dist: 46.9570 train_imax: 47.2603 train_imin: -52.0081 time: 1.0966s
INFO:root:Epoch: 0650 lr: 0.01 train_loss: 17495.5586 train_distortion: 0.5250 train_mapscore: 0.7067 train_c: -1.0083 train_max_dist: 48.7188 train_imax: 53.9779 train_imin: -60.9021 time: 1.0825s
INFO:root:Epoch: 0655 lr: 0.01 train_loss: 24296.4531 train_distortion: 0.5588 train_mapscore: 0.3813 train_c: -1.0085 train_max_dist: 49.8047 train_imax: 57.0625 train_imin: -72.7530 time: 1.1077s
INFO:root:Epoch: 0660 lr: 0.01 train_loss: 25150.4277 train_distortion: 0.5371 train_mapscore: 0.3632 train_c: -1.0085 train_max_dist: 48.8750 train_imax: 46.8151 train_imin: -69.4879 time: 1.0932s
INFO:root:Epoch: 0665 lr: 0.01 train_loss: 23663.5059 train_distortion: 0.4917 train_mapscore: 0.4143 train_c: -1.0084 train_max_dist: 46.9180 train_imax: 38.7255 train_imin: -55.7148 time: 1.1192s
INFO:root:Epoch: 0670 lr: 0.01 train_loss: 22327.5977 train_distortion: 0.4571 train_mapscore: 0.4582 train_c: -1.0082 train_max_dist: 45.0469 train_imax: 31.6726 train_imin: -45.7851 time: 1.0986s
INFO:root:Epoch: 0675 lr: 0.01 train_loss: 21080.6172 train_distortion: 0.4389 train_mapscore: 0.5243 train_c: -1.0081 train_max_dist: 43.8945 train_imax: 29.0688 train_imin: -41.3506 time: 1.0920s
INFO:root:Epoch: 0680 lr: 0.01 train_loss: 20049.7070 train_distortion: 0.4341 train_mapscore: 0.5850 train_c: -1.0080 train_max_dist: 43.6680 train_imax: 28.1915 train_imin: -40.6789 time: 1.0948s
INFO:root:Epoch: 0685 lr: 0.01 train_loss: 19262.2363 train_distortion: 0.4401 train_mapscore: 0.6297 train_c: -1.0079 train_max_dist: 44.2266 train_imax: 29.3912 train_imin: -42.3532 time: 1.1001s
INFO:root:Epoch: 0690 lr: 0.01 train_loss: 19839.7871 train_distortion: 0.4549 train_mapscore: 0.5775 train_c: -1.0080 train_max_dist: 45.0703 train_imax: 31.1006 train_imin: -45.3303 time: 1.0874s
INFO:root:Epoch: 0695 lr: 0.01 train_loss: 19111.3848 train_distortion: 0.4745 train_mapscore: 0.6260 train_c: -1.0081 train_max_dist: 45.9688 train_imax: 32.3584 train_imin: -48.8816 time: 1.0865s
INFO:root:Epoch: 0700 lr: 0.01 train_loss: 18109.0078 train_distortion: 0.5008 train_mapscore: 0.6827 train_c: -1.0081 train_max_dist: 47.1562 train_imax: 36.8058 train_imin: -53.4244 time: 1.0911s
INFO:root:Epoch: 0705 lr: 0.01 train_loss: 17700.4668 train_distortion: 0.5347 train_mapscore: 0.6988 train_c: -1.0082 train_max_dist: 48.5664 train_imax: 41.5945 train_imin: -61.1166 time: 1.0945s
INFO:root:Epoch: 0710 lr: 0.01 train_loss: 17072.6914 train_distortion: 0.5746 train_mapscore: 0.7242 train_c: -1.0082 train_max_dist: 50.0000 train_imax: 45.3739 train_imin: -68.6608 time: 1.1036s
INFO:root:Epoch: 0715 lr: 0.01 train_loss: 17334.4961 train_distortion: 0.6166 train_mapscore: 0.7028 train_c: -1.0082 train_max_dist: 50.0000 train_imax: 50.8810 train_imin: -75.7953 time: 1.0847s
INFO:root:Epoch: 0720 lr: 0.01 train_loss: 16867.8535 train_distortion: 0.6524 train_mapscore: 0.7267 train_c: -1.0082 train_max_dist: 50.0000 train_imax: 55.1049 train_imin: -81.4509 time: 1.1155s
INFO:root:Epoch: 0725 lr: 0.01 train_loss: 16859.9648 train_distortion: 0.6813 train_mapscore: 0.7262 train_c: -1.0081 train_max_dist: 50.0000 train_imax: 58.4120 train_imin: -85.8379 time: 1.0984s
INFO:root:Epoch: 0730 lr: 0.01 train_loss: 16672.1035 train_distortion: 0.7030 train_mapscore: 0.7352 train_c: -1.0080 train_max_dist: 50.0000 train_imax: 61.7631 train_imin: -89.2203 time: 1.0840s
INFO:root:Epoch: 0735 lr: 0.01 train_loss: 16758.9434 train_distortion: 0.7176 train_mapscore: 0.7294 train_c: -1.0079 train_max_dist: 50.0000 train_imax: 61.7913 train_imin: -91.1993 time: 1.0829s
INFO:root:Epoch: 0740 lr: 0.01 train_loss: 18819.2852 train_distortion: 0.7171 train_mapscore: 0.6410 train_c: -1.0079 train_max_dist: 50.0000 train_imax: 60.2025 train_imin: -90.7928 time: 1.0955s
INFO:root:Epoch: 0745 lr: 0.01 train_loss: 18750.7422 train_distortion: 0.6947 train_mapscore: 0.6429 train_c: -1.0079 train_max_dist: 50.0000 train_imax: 59.2382 train_imin: -86.8754 time: 1.0889s
INFO:root:Epoch: 0750 lr: 0.01 train_loss: 19387.0762 train_distortion: 0.6615 train_mapscore: 0.6123 train_c: -1.0078 train_max_dist: 50.0000 train_imax: 55.7094 train_imin: -81.2990 time: 1.0939s
INFO:root:Epoch: 0755 lr: 0.01 train_loss: 18936.8711 train_distortion: 0.6262 train_mapscore: 0.6330 train_c: -1.0078 train_max_dist: 50.0000 train_imax: 51.5521 train_imin: -76.0313 time: 1.0993s
INFO:root:Epoch: 0760 lr: 0.01 train_loss: 18272.0195 train_distortion: 0.6007 train_mapscore: 0.6706 train_c: -1.0077 train_max_dist: 50.0000 train_imax: 48.8794 train_imin: -72.3488 time: 1.0931s
INFO:root:Epoch: 0765 lr: 0.01 train_loss: 17378.1660 train_distortion: 0.5921 train_mapscore: 0.7081 train_c: -1.0077 train_max_dist: 50.0000 train_imax: 48.2902 train_imin: -70.8427 time: 1.0962s
INFO:root:Epoch: 0770 lr: 0.01 train_loss: 16660.1797 train_distortion: 0.6012 train_mapscore: 0.7458 train_c: -1.0076 train_max_dist: 50.0000 train_imax: 48.4362 train_imin: -72.0583 time: 1.0933s
INFO:root:Epoch: 0775 lr: 0.01 train_loss: 17657.7246 train_distortion: 0.6243 train_mapscore: 0.6867 train_c: -1.0075 train_max_dist: 50.0000 train_imax: 49.4489 train_imin: -75.4774 time: 1.1172s
INFO:root:Epoch: 0780 lr: 0.01 train_loss: 17256.7695 train_distortion: 0.6439 train_mapscore: 0.7147 train_c: -1.0074 train_max_dist: 50.0000 train_imax: 50.6886 train_imin: -78.6892 time: 1.0930s
INFO:root:Epoch: 0785 lr: 0.01 train_loss: 16741.5039 train_distortion: 0.6618 train_mapscore: 0.7295 train_c: -1.0073 train_max_dist: 50.0000 train_imax: 52.0323 train_imin: -81.9276 time: 1.0967s
INFO:root:Epoch: 0790 lr: 0.01 train_loss: 16637.8203 train_distortion: 0.6849 train_mapscore: 0.7353 train_c: -1.0072 train_max_dist: 50.0000 train_imax: 54.5975 train_imin: -85.6265 time: 1.0848s
INFO:root:Epoch: 0795 lr: 0.01 train_loss: 16542.6973 train_distortion: 0.7030 train_mapscore: 0.7436 train_c: -1.0071 train_max_dist: 50.0000 train_imax: 57.2141 train_imin: -88.7057 time: 1.0940s
INFO:root:Epoch: 0800 lr: 0.01 train_loss: 18377.7793 train_distortion: 0.7112 train_mapscore: 0.6498 train_c: -1.0071 train_max_dist: 50.0000 train_imax: 59.0404 train_imin: -90.8135 time: 1.0879s
INFO:root:Epoch: 0805 lr: 0.01 train_loss: 19434.5996 train_distortion: 0.6931 train_mapscore: 0.6112 train_c: -1.0071 train_max_dist: 50.0000 train_imax: 56.7970 train_imin: -88.6189 time: 1.0935s
INFO:root:Epoch: 0810 lr: 0.01 train_loss: 19610.5547 train_distortion: 0.6588 train_mapscore: 0.6027 train_c: -1.0071 train_max_dist: 50.0000 train_imax: 52.2545 train_imin: -82.1681 time: 1.0899s
INFO:root:Epoch: 0815 lr: 0.01 train_loss: 18901.3457 train_distortion: 0.6239 train_mapscore: 0.6412 train_c: -1.0070 train_max_dist: 50.0000 train_imax: 49.1447 train_imin: -76.2592 time: 1.1001s
INFO:root:Epoch: 0820 lr: 0.01 train_loss: 18067.1055 train_distortion: 0.6013 train_mapscore: 0.6783 train_c: -1.0069 train_max_dist: 50.0000 train_imax: 47.2128 train_imin: -72.4367 time: 1.0938s
INFO:root:Epoch: 0825 lr: 0.01 train_loss: 17202.1758 train_distortion: 0.5960 train_mapscore: 0.7227 train_c: -1.0068 train_max_dist: 50.0000 train_imax: 47.2853 train_imin: -71.5881 time: 1.1041s
INFO:root:Epoch: 0830 lr: 0.01 train_loss: 16821.1797 train_distortion: 0.6079 train_mapscore: 0.7459 train_c: -1.0068 train_max_dist: 50.0000 train_imax: 48.6754 train_imin: -73.1611 time: 1.1265s
INFO:root:Epoch: 0835 lr: 0.01 train_loss: 16276.9688 train_distortion: 0.6346 train_mapscore: 0.7671 train_c: -1.0067 train_max_dist: 50.0000 train_imax: 51.5293 train_imin: -77.4746 time: 1.1063s
INFO:root:Epoch: 0840 lr: 0.01 train_loss: 15911.5986 train_distortion: 0.6703 train_mapscore: 0.7790 train_c: -1.0067 train_max_dist: 50.0000 train_imax: 54.9042 train_imin: -83.0187 time: 1.0964s
INFO:root:Epoch: 0845 lr: 0.01 train_loss: 15599.4941 train_distortion: 0.7105 train_mapscore: 0.7866 train_c: -1.0066 train_max_dist: 50.0000 train_imax: 58.8231 train_imin: -88.9277 time: 1.0913s
INFO:root:Epoch: 0850 lr: 0.01 train_loss: 15788.2383 train_distortion: 0.7497 train_mapscore: 0.7757 train_c: -1.0065 train_max_dist: 50.0000 train_imax: 63.5883 train_imin: -94.9324 time: 1.0852s
INFO:root:Epoch: 0855 lr: 0.01 train_loss: 16920.4590 train_distortion: 0.7761 train_mapscore: 0.7280 train_c: -1.0065 train_max_dist: 50.0000 train_imax: 65.9205 train_imin: -98.1777 time: 1.1114s
INFO:root:Epoch: 0860 lr: 0.01 train_loss: 37495.6641 train_distortion: 0.6848 train_mapscore: 0.2099 train_c: -1.0069 train_max_dist: 50.0000 train_imax: 74.9463 train_imin: -78.3612 time: 1.1006s
INFO:root:Epoch: 0865 lr: 0.01 train_loss: 44984.2930 train_distortion: 0.5173 train_mapscore: 0.1081 train_c: -1.0077 train_max_dist: 45.8906 train_imax: 41.3116 train_imin: -48.7106 time: 1.1501s
INFO:root:Epoch: 0870 lr: 0.01 train_loss: 43899.8906 train_distortion: 0.4401 train_mapscore: 0.0801 train_c: -1.0082 train_max_dist: 39.2314 train_imax: 33.4659 train_imin: -33.8730 time: 1.1798s
INFO:root:Epoch: 0875 lr: 0.01 train_loss: 42512.0391 train_distortion: 0.4314 train_mapscore: 0.0621 train_c: -1.0084 train_max_dist: 34.0957 train_imax: 24.7139 train_imin: -23.9972 time: 1.1956s
INFO:root:Epoch: 0880 lr: 0.01 train_loss: 40945.5703 train_distortion: 0.4575 train_mapscore: 0.0566 train_c: -1.0085 train_max_dist: 32.0000 train_imax: 17.0111 train_imin: -17.8067 time: 1.1933s
INFO:root:Epoch: 0885 lr: 0.01 train_loss: 39797.0547 train_distortion: 0.4939 train_mapscore: 0.0583 train_c: -1.0085 train_max_dist: 26.8901 train_imax: 12.1360 train_imin: -13.8191 time: 1.2242s
INFO:root:Epoch: 0890 lr: 0.01 train_loss: 38949.5859 train_distortion: 0.5282 train_mapscore: 0.0592 train_c: -1.0086 train_max_dist: 50.0000 train_imax: 9.2367 train_imin: -11.2922 time: 1.2046s
INFO:root:Epoch: 0895 lr: 0.01 train_loss: 38531.2344 train_distortion: 0.5558 train_mapscore: 0.0596 train_c: -1.0086 train_max_dist: 22.9236 train_imax: 7.6746 train_imin: -9.7179 time: 1.2049s
INFO:root:Epoch: 0900 lr: 0.01 train_loss: 38296.0078 train_distortion: 0.5760 train_mapscore: 0.0639 train_c: -1.0087 train_max_dist: 24.0000 train_imax: 6.6957 train_imin: -8.7229 time: 1.1990s
INFO:root:Epoch: 0905 lr: 0.01 train_loss: 38166.7812 train_distortion: 0.5903 train_mapscore: 0.0652 train_c: -1.0087 train_max_dist: 21.0311 train_imax: 6.0612 train_imin: -8.0878 time: 1.1941s
INFO:root:Epoch: 0910 lr: 0.01 train_loss: 37967.5195 train_distortion: 0.5997 train_mapscore: 0.0692 train_c: -1.0087 train_max_dist: 20.5255 train_imax: 5.6399 train_imin: -7.6860 time: 1.1836s
INFO:root:Epoch: 0915 lr: 0.01 train_loss: 37814.2461 train_distortion: 0.6056 train_mapscore: 0.0755 train_c: -1.0087 train_max_dist: 20.2150 train_imax: 5.3750 train_imin: -7.4334 time: 1.1920s
INFO:root:Epoch: 0920 lr: 0.01 train_loss: 37653.3672 train_distortion: 0.6081 train_mapscore: 0.0780 train_c: -1.0087 train_max_dist: 20.0806 train_imax: 5.2349 train_imin: -7.3060 time: 1.1862s
INFO:root:Epoch: 0925 lr: 0.01 train_loss: 37486.2070 train_distortion: 0.6077 train_mapscore: 0.0831 train_c: -1.0088 train_max_dist: 20.0796 train_imax: 5.1959 train_imin: -7.2726 time: 1.1894s
INFO:root:Epoch: 0930 lr: 0.01 train_loss: 37313.5156 train_distortion: 0.6059 train_mapscore: 0.0885 train_c: -1.0088 train_max_dist: 20.1547 train_imax: 5.2089 train_imin: -7.2910 time: 1.1638s
INFO:root:Epoch: 0935 lr: 0.01 train_loss: 37141.8672 train_distortion: 0.6027 train_mapscore: 0.0957 train_c: -1.0088 train_max_dist: 20.3054 train_imax: 5.2622 train_imin: -7.3643 time: 1.1619s
INFO:root:Epoch: 0940 lr: 0.01 train_loss: 36968.5586 train_distortion: 0.5985 train_mapscore: 0.1054 train_c: -1.0088 train_max_dist: 20.5024 train_imax: 5.3567 train_imin: -7.4636 time: 1.2041s
INFO:root:Epoch: 0945 lr: 0.01 train_loss: 36796.3750 train_distortion: 0.5940 train_mapscore: 0.1121 train_c: -1.0088 train_max_dist: 20.7190 train_imax: 5.4455 train_imin: -7.5838 time: 1.1877s
INFO:root:Epoch: 0950 lr: 0.01 train_loss: 36626.2891 train_distortion: 0.5889 train_mapscore: 0.1210 train_c: -1.0088 train_max_dist: 20.9575 train_imax: 5.5378 train_imin: -7.7316 time: 1.1761s
INFO:root:Epoch: 0955 lr: 0.01 train_loss: 36458.3906 train_distortion: 0.5838 train_mapscore: 0.1298 train_c: -1.0089 train_max_dist: 21.2004 train_imax: 5.6324 train_imin: -7.8916 time: 1.1778s
INFO:root:Epoch: 0960 lr: 0.01 train_loss: 36280.6797 train_distortion: 0.5787 train_mapscore: 0.1372 train_c: -1.0089 train_max_dist: 21.4424 train_imax: 5.7251 train_imin: -8.0521 time: 1.1787s
INFO:root:Epoch: 0965 lr: 0.01 train_loss: 36104.2812 train_distortion: 0.5738 train_mapscore: 0.1478 train_c: -1.0089 train_max_dist: 21.6764 train_imax: 5.8557 train_imin: -8.2069 time: 1.1790s
INFO:root:Epoch: 0970 lr: 0.01 train_loss: 35932.9180 train_distortion: 0.5689 train_mapscore: 0.1571 train_c: -1.0089 train_max_dist: 21.9214 train_imax: 6.0301 train_imin: -8.3624 time: 1.1658s
INFO:root:Epoch: 0975 lr: 0.01 train_loss: 35750.6250 train_distortion: 0.5640 train_mapscore: 0.1697 train_c: -1.0089 train_max_dist: 22.1667 train_imax: 6.2045 train_imin: -8.5207 time: 1.1653s
INFO:root:Epoch: 0980 lr: 0.01 train_loss: 35581.4609 train_distortion: 0.5594 train_mapscore: 0.1794 train_c: -1.0089 train_max_dist: 22.4075 train_imax: 6.3780 train_imin: -8.6741 time: 1.1638s
INFO:root:Epoch: 0985 lr: 0.01 train_loss: 35404.9531 train_distortion: 0.5552 train_mapscore: 0.1816 train_c: -1.0090 train_max_dist: 22.6191 train_imax: 6.5059 train_imin: -8.8036 time: 1.1715s
INFO:root:Epoch: 0990 lr: 0.01 train_loss: 35228.1094 train_distortion: 0.5508 train_mapscore: 0.1898 train_c: -1.0090 train_max_dist: 22.8496 train_imax: 6.6578 train_imin: -8.9430 time: 1.1633s
INFO:root:Epoch: 0995 lr: 0.01 train_loss: 35062.7031 train_distortion: 0.5464 train_mapscore: 0.2019 train_c: -1.0090 train_max_dist: 23.0886 train_imax: 6.8178 train_imin: -9.0930 time: 1.1908s
INFO:root:Epoch: 1000 lr: 0.01 train_loss: 34895.0547 train_distortion: 0.5422 train_mapscore: 0.2125 train_c: -1.0090 train_max_dist: 24.0000 train_imax: 6.9681 train_imin: -9.2391 time: 1.1578s
INFO:root:Epoch: 1005 lr: 0.01 train_loss: 34708.6758 train_distortion: 0.5379 train_mapscore: 0.2193 train_c: -1.0090 train_max_dist: 23.5549 train_imax: 7.1358 train_imin: -9.3873 time: 1.1540s
INFO:root:Epoch: 1010 lr: 0.01 train_loss: 34561.7266 train_distortion: 0.5336 train_mapscore: 0.1944 train_c: -1.0090 train_max_dist: 23.8020 train_imax: 7.3567 train_imin: -9.5635 time: 1.1593s
INFO:root:Epoch: 1015 lr: 0.01 train_loss: 34397.9688 train_distortion: 0.5288 train_mapscore: 0.2018 train_c: -1.0091 train_max_dist: 24.0793 train_imax: 7.6113 train_imin: -9.7623 time: 1.1532s
INFO:root:Epoch: 1020 lr: 0.01 train_loss: 34221.0430 train_distortion: 0.5242 train_mapscore: 0.2144 train_c: -1.0091 train_max_dist: 24.3447 train_imax: 7.8490 train_imin: -9.9482 time: 1.1582s
INFO:root:Epoch: 1025 lr: 0.01 train_loss: 34120.4375 train_distortion: 0.5206 train_mapscore: 0.1867 train_c: -1.0091 train_max_dist: 24.5259 train_imax: 7.9321 train_imin: -10.1461 time: 1.1501s
INFO:root:Epoch: 1030 lr: 0.01 train_loss: 33976.6758 train_distortion: 0.5175 train_mapscore: 0.1953 train_c: -1.0091 train_max_dist: 24.6838 train_imax: 8.0354 train_imin: -10.2790 time: 1.1613s
INFO:root:Epoch: 1035 lr: 0.01 train_loss: 33806.3594 train_distortion: 0.5140 train_mapscore: 0.2084 train_c: -1.0091 train_max_dist: 24.8757 train_imax: 8.1847 train_imin: -10.4117 time: 1.1518s
INFO:root:Epoch: 1040 lr: 0.01 train_loss: 33614.5117 train_distortion: 0.5103 train_mapscore: 0.2271 train_c: -1.0091 train_max_dist: 25.1035 train_imax: 8.3428 train_imin: -10.5571 time: 1.1434s
INFO:root:Epoch: 1045 lr: 0.01 train_loss: 33418.0859 train_distortion: 0.5064 train_mapscore: 0.2457 train_c: -1.0092 train_max_dist: 25.3420 train_imax: 8.4925 train_imin: -10.7247 time: 1.1475s
INFO:root:Epoch: 1050 lr: 0.01 train_loss: 33223.5859 train_distortion: 0.5025 train_mapscore: 0.2633 train_c: -1.0092 train_max_dist: 25.5955 train_imax: 8.6609 train_imin: -10.8998 time: 1.1642s
INFO:root:Epoch: 1055 lr: 0.01 train_loss: 33031.3906 train_distortion: 0.4985 train_mapscore: 0.2797 train_c: -1.0092 train_max_dist: 25.8616 train_imax: 8.8682 train_imin: -11.0961 time: 1.1488s
INFO:root:Epoch: 1060 lr: 0.01 train_loss: 32837.1367 train_distortion: 0.4944 train_mapscore: 0.2970 train_c: -1.0092 train_max_dist: 26.1384 train_imax: 9.0773 train_imin: -11.3180 time: 1.1444s
INFO:root:Epoch: 1065 lr: 0.01 train_loss: 32645.0098 train_distortion: 0.4903 train_mapscore: 0.3119 train_c: -1.0092 train_max_dist: 26.4106 train_imax: 9.3016 train_imin: -11.5561 time: 1.1371s
INFO:root:Epoch: 1070 lr: 0.01 train_loss: 32450.4531 train_distortion: 0.4862 train_mapscore: 0.3244 train_c: -1.0092 train_max_dist: 26.7046 train_imax: 9.5514 train_imin: -11.8174 time: 1.1535s
INFO:root:Epoch: 1075 lr: 0.01 train_loss: 32260.8711 train_distortion: 0.4821 train_mapscore: 0.3360 train_c: -1.0092 train_max_dist: 26.9941 train_imax: 9.7673 train_imin: -12.0830 time: 1.1287s
INFO:root:Epoch: 1080 lr: 0.01 train_loss: 32080.0195 train_distortion: 0.4783 train_mapscore: 0.3420 train_c: -1.0092 train_max_dist: 27.2812 train_imax: 9.9992 train_imin: -12.3534 time: 1.1309s
INFO:root:Epoch: 1085 lr: 0.01 train_loss: 31892.5430 train_distortion: 0.4744 train_mapscore: 0.3487 train_c: -1.0093 train_max_dist: 27.5713 train_imax: 10.2385 train_imin: -12.6529 time: 1.1290s
INFO:root:Epoch: 1090 lr: 0.01 train_loss: 31724.1172 train_distortion: 0.4706 train_mapscore: 0.3507 train_c: -1.0093 train_max_dist: 27.8623 train_imax: 10.5163 train_imin: -12.9881 time: 1.1347s
INFO:root:Epoch: 1095 lr: 0.01 train_loss: 31541.5332 train_distortion: 0.4667 train_mapscore: 0.3678 train_c: -1.0093 train_max_dist: 28.1680 train_imax: 10.8169 train_imin: -13.3233 time: 1.1196s
INFO:root:Epoch: 1100 lr: 0.01 train_loss: 31374.0469 train_distortion: 0.4629 train_mapscore: 0.3552 train_c: -1.0093 train_max_dist: 40.0000 train_imax: 11.0974 train_imin: -13.6550 time: 1.1311s
INFO:root:Epoch: 1105 lr: 0.01 train_loss: 31259.0859 train_distortion: 0.4594 train_mapscore: 0.3411 train_c: -1.0093 train_max_dist: 28.7461 train_imax: 11.4495 train_imin: -13.9935 time: 1.1575s
INFO:root:Epoch: 1110 lr: 0.01 train_loss: 31074.0957 train_distortion: 0.4559 train_mapscore: 0.3580 train_c: -1.0093 train_max_dist: 29.0400 train_imax: 11.8022 train_imin: -14.3314 time: 1.1332s
INFO:root:Epoch: 1115 lr: 0.01 train_loss: 30877.7188 train_distortion: 0.4527 train_mapscore: 0.3805 train_c: -1.0093 train_max_dist: 29.3135 train_imax: 12.0976 train_imin: -14.6437 time: 1.1442s
INFO:root:Epoch: 1120 lr: 0.01 train_loss: 30781.2109 train_distortion: 0.4492 train_mapscore: 0.3529 train_c: -1.0093 train_max_dist: 29.6411 train_imax: 12.4675 train_imin: -15.0212 time: 1.1207s
INFO:root:Epoch: 1125 lr: 0.01 train_loss: 30581.8496 train_distortion: 0.4460 train_mapscore: 0.3700 train_c: -1.0093 train_max_dist: 29.9619 train_imax: 12.8195 train_imin: -15.3760 time: 1.1330s
INFO:root:Epoch: 1130 lr: 0.01 train_loss: 30367.4727 train_distortion: 0.4432 train_mapscore: 0.3855 train_c: -1.0093 train_max_dist: 30.2554 train_imax: 13.0957 train_imin: -15.6850 time: 1.1297s
INFO:root:Epoch: 1135 lr: 0.01 train_loss: 30195.4375 train_distortion: 0.4407 train_mapscore: 0.4027 train_c: -1.0093 train_max_dist: 30.5181 train_imax: 13.3831 train_imin: -15.9572 time: 1.1375s
INFO:root:Epoch: 1140 lr: 0.01 train_loss: 29988.7969 train_distortion: 0.4379 train_mapscore: 0.4276 train_c: -1.0094 train_max_dist: 30.8247 train_imax: 13.7423 train_imin: -16.3852 time: 1.1325s
INFO:root:Epoch: 1145 lr: 0.01 train_loss: 29786.5605 train_distortion: 0.4351 train_mapscore: 0.4388 train_c: -1.0094 train_max_dist: 31.1426 train_imax: 14.1172 train_imin: -16.8958 time: 1.1218s
INFO:root:Epoch: 1150 lr: 0.01 train_loss: 29592.4453 train_distortion: 0.4324 train_mapscore: 0.4462 train_c: -1.0094 train_max_dist: 31.4785 train_imax: 14.5673 train_imin: -17.3166 time: 1.1232s
INFO:root:Epoch: 1155 lr: 0.01 train_loss: 29382.6133 train_distortion: 0.4297 train_mapscore: 0.4600 train_c: -1.0094 train_max_dist: 31.8457 train_imax: 15.0493 train_imin: -17.7476 time: 1.1186s
INFO:root:Epoch: 1160 lr: 0.01 train_loss: 29167.5273 train_distortion: 0.4269 train_mapscore: 0.4769 train_c: -1.0094 train_max_dist: 32.2236 train_imax: 15.5564 train_imin: -18.1921 time: 1.1575s
INFO:root:Epoch: 1165 lr: 0.01 train_loss: 28944.7168 train_distortion: 0.4243 train_mapscore: 0.4903 train_c: -1.0094 train_max_dist: 32.6221 train_imax: 16.0728 train_imin: -18.6619 time: 1.1274s
INFO:root:Epoch: 1170 lr: 0.01 train_loss: 28723.9258 train_distortion: 0.4219 train_mapscore: 0.5058 train_c: -1.0094 train_max_dist: 48.0000 train_imax: 16.6076 train_imin: -19.1828 time: 1.1211s
INFO:root:Epoch: 1175 lr: 0.01 train_loss: 28502.3691 train_distortion: 0.4198 train_mapscore: 0.5100 train_c: -1.0094 train_max_dist: 33.4326 train_imax: 17.1566 train_imin: -19.7573 time: 1.1328s
INFO:root:Epoch: 1180 lr: 0.01 train_loss: 28288.1309 train_distortion: 0.4178 train_mapscore: 0.5245 train_c: -1.0094 train_max_dist: 33.8516 train_imax: 17.7427 train_imin: -20.3829 time: 1.1357s
INFO:root:Epoch: 1185 lr: 0.01 train_loss: 28072.6816 train_distortion: 0.4162 train_mapscore: 0.5309 train_c: -1.0094 train_max_dist: 34.2793 train_imax: 18.4104 train_imin: -21.0773 time: 1.1141s
INFO:root:Epoch: 1190 lr: 0.01 train_loss: 28723.1836 train_distortion: 0.4148 train_mapscore: 0.3547 train_c: -1.0094 train_max_dist: 34.7568 train_imax: 19.3743 train_imin: -21.7883 time: 1.1156s
INFO:root:Epoch: 1195 lr: 0.01 train_loss: 29094.8535 train_distortion: 0.4140 train_mapscore: 0.3238 train_c: -1.0094 train_max_dist: 35.1055 train_imax: 20.2914 train_imin: -22.2155 time: 1.1134s
INFO:root:Epoch: 1200 lr: 0.01 train_loss: 28883.0059 train_distortion: 0.4135 train_mapscore: 0.3468 train_c: -1.0094 train_max_dist: 35.2842 train_imax: 20.8689 train_imin: -22.2950 time: 1.1251s
INFO:root:Epoch: 1205 lr: 0.01 train_loss: 28461.1660 train_distortion: 0.4132 train_mapscore: 0.3811 train_c: -1.0093 train_max_dist: 35.4141 train_imax: 21.2874 train_imin: -22.3564 time: 1.1195s
INFO:root:Epoch: 1210 lr: 0.01 train_loss: 28056.6289 train_distortion: 0.4128 train_mapscore: 0.4194 train_c: -1.0093 train_max_dist: 48.0000 train_imax: 21.5717 train_imin: -22.5699 time: 1.1248s
INFO:root:Epoch: 1215 lr: 0.01 train_loss: 27721.6211 train_distortion: 0.4123 train_mapscore: 0.4459 train_c: -1.0093 train_max_dist: 35.7598 train_imax: 21.8450 train_imin: -22.9007 time: 1.1458s
INFO:root:Epoch: 1220 lr: 0.01 train_loss: 27452.1992 train_distortion: 0.4119 train_mapscore: 0.4635 train_c: -1.0093 train_max_dist: 36.0029 train_imax: 22.2566 train_imin: -23.2873 time: 1.1253s
INFO:root:Epoch: 1225 lr: 0.01 train_loss: 27183.4258 train_distortion: 0.4116 train_mapscore: 0.4778 train_c: -1.0093 train_max_dist: 36.2949 train_imax: 22.7120 train_imin: -23.9238 time: 1.1194s
INFO:root:Epoch: 1230 lr: 0.01 train_loss: 26877.8672 train_distortion: 0.4116 train_mapscore: 0.5166 train_c: -1.0093 train_max_dist: 36.6074 train_imax: 23.2028 train_imin: -24.6606 time: 1.1212s
INFO:root:Epoch: 1235 lr: 0.01 train_loss: 26573.6953 train_distortion: 0.4118 train_mapscore: 0.5372 train_c: -1.0093 train_max_dist: 36.9854 train_imax: 23.8825 train_imin: -25.5305 time: 1.1237s
INFO:root:Epoch: 1240 lr: 0.01 train_loss: 26271.9922 train_distortion: 0.4124 train_mapscore: 0.5575 train_c: -1.0093 train_max_dist: 37.3945 train_imax: 24.6158 train_imin: -26.3510 time: 1.1176s
INFO:root:Epoch: 1245 lr: 0.01 train_loss: 26048.1797 train_distortion: 0.4134 train_mapscore: 0.5623 train_c: -1.0093 train_max_dist: 37.8398 train_imax: 25.4317 train_imin: -27.3259 time: 1.1113s
INFO:root:Epoch: 1250 lr: 0.01 train_loss: 25901.2598 train_distortion: 0.4148 train_mapscore: 0.5567 train_c: -1.0093 train_max_dist: 38.2715 train_imax: 26.4062 train_imin: -28.5195 time: 1.1216s
INFO:root:Epoch: 1255 lr: 0.01 train_loss: 25718.4316 train_distortion: 0.4169 train_mapscore: 0.5710 train_c: -1.0093 train_max_dist: 38.7383 train_imax: 27.4036 train_imin: -29.6688 time: 1.1229s
INFO:root:Epoch: 1260 lr: 0.01 train_loss: 25425.0977 train_distortion: 0.4195 train_mapscore: 0.5950 train_c: -1.0093 train_max_dist: 39.2422 train_imax: 28.5288 train_imin: -30.9235 time: 1.1277s
INFO:root:Epoch: 1265 lr: 0.01 train_loss: 25081.0000 train_distortion: 0.4228 train_mapscore: 0.6139 train_c: -1.0093 train_max_dist: 39.7793 train_imax: 29.8055 train_imin: -32.3937 time: 1.1127s
INFO:root:Epoch: 1270 lr: 0.01 train_loss: 24807.6465 train_distortion: 0.4269 train_mapscore: 0.6236 train_c: -1.0092 train_max_dist: 40.3203 train_imax: 31.2501 train_imin: -33.8340 time: 1.1362s
INFO:root:Epoch: 1275 lr: 0.01 train_loss: 24652.2266 train_distortion: 0.4320 train_mapscore: 0.6281 train_c: -1.0092 train_max_dist: 40.8867 train_imax: 32.7615 train_imin: -35.3026 time: 1.1021s
INFO:root:Epoch: 1280 lr: 0.01 train_loss: 24427.7910 train_distortion: 0.4379 train_mapscore: 0.6391 train_c: -1.0092 train_max_dist: 41.4766 train_imax: 34.3773 train_imin: -37.0377 time: 1.1069s
INFO:root:Epoch: 1285 lr: 0.01 train_loss: 24353.6289 train_distortion: 0.4444 train_mapscore: 0.6263 train_c: -1.0092 train_max_dist: 42.0645 train_imax: 35.8869 train_imin: -38.7484 time: 1.1192s
INFO:root:Epoch: 1290 lr: 0.01 train_loss: 24559.3203 train_distortion: 0.4509 train_mapscore: 0.5995 train_c: -1.0092 train_max_dist: 42.6094 train_imax: 37.4159 train_imin: -40.2891 time: 1.1219s
INFO:root:Epoch: 1295 lr: 0.01 train_loss: 24638.2109 train_distortion: 0.4569 train_mapscore: 0.5920 train_c: -1.0092 train_max_dist: 43.0254 train_imax: 38.2476 train_imin: -41.8242 time: 1.1213s
INFO:root:Epoch: 1300 lr: 0.01 train_loss: 24476.9336 train_distortion: 0.4624 train_mapscore: 0.6042 train_c: -1.0092 train_max_dist: 43.4180 train_imax: 39.1580 train_imin: -43.4110 time: 1.1053s
INFO:root:Epoch: 1305 lr: 0.01 train_loss: 25183.0137 train_distortion: 0.4672 train_mapscore: 0.5207 train_c: -1.0092 train_max_dist: 48.0000 train_imax: 40.2597 train_imin: -43.9346 time: 1.1213s
INFO:root:Epoch: 1310 lr: 0.01 train_loss: 25093.3906 train_distortion: 0.4704 train_mapscore: 0.5343 train_c: -1.0092 train_max_dist: 43.9355 train_imax: 40.0950 train_imin: -44.5255 time: 1.0958s
INFO:root:Epoch: 1315 lr: 0.01 train_loss: 24585.2070 train_distortion: 0.4726 train_mapscore: 0.5813 train_c: -1.0092 train_max_dist: 48.0000 train_imax: 40.1277 train_imin: -44.9534 time: 1.1177s
INFO:root:Epoch: 1320 lr: 0.01 train_loss: 24898.3867 train_distortion: 0.4734 train_mapscore: 0.5367 train_c: -1.0092 train_max_dist: 44.2344 train_imax: 40.5136 train_imin: -44.7612 time: 1.1085s
INFO:root:Epoch: 1325 lr: 0.01 train_loss: 24496.4297 train_distortion: 0.4750 train_mapscore: 0.5691 train_c: -1.0091 train_max_dist: 44.3223 train_imax: 40.5003 train_imin: -44.5383 time: 1.1442s
INFO:root:Epoch: 1330 lr: 0.01 train_loss: 23953.1367 train_distortion: 0.4775 train_mapscore: 0.6195 train_c: -1.0091 train_max_dist: 44.4961 train_imax: 40.8814 train_imin: -45.1581 time: 1.1182s
INFO:root:Epoch: 1335 lr: 0.01 train_loss: 23979.1250 train_distortion: 0.4778 train_mapscore: 0.5939 train_c: -1.0090 train_max_dist: 44.4766 train_imax: 40.8146 train_imin: -45.2339 time: 1.1024s
INFO:root:Epoch: 1340 lr: 0.01 train_loss: 23704.9102 train_distortion: 0.4803 train_mapscore: 0.6147 train_c: -1.0090 train_max_dist: 50.0000 train_imax: 40.9973 train_imin: -45.6606 time: 1.1111s
INFO:root:Epoch: 1345 lr: 0.01 train_loss: 23776.8008 train_distortion: 0.4839 train_mapscore: 0.6083 train_c: -1.0090 train_max_dist: 44.8125 train_imax: 41.2275 train_imin: -47.0513 time: 1.1066s
INFO:root:Epoch: 1350 lr: 0.01 train_loss: 23394.4668 train_distortion: 0.4889 train_mapscore: 0.6442 train_c: -1.0090 train_max_dist: 45.0352 train_imax: 41.9685 train_imin: -48.3522 time: 1.1263s
INFO:root:Epoch: 1355 lr: 0.01 train_loss: 23255.3125 train_distortion: 0.4955 train_mapscore: 0.6437 train_c: -1.0090 train_max_dist: 45.3359 train_imax: 43.3725 train_imin: -49.2605 time: 1.1167s
INFO:root:Epoch: 1360 lr: 0.01 train_loss: 23293.5039 train_distortion: 0.5027 train_mapscore: 0.6387 train_c: -1.0089 train_max_dist: 50.0000 train_imax: 44.2990 train_imin: -50.5018 time: 1.1091s
INFO:root:Epoch: 1365 lr: 0.01 train_loss: 22983.1406 train_distortion: 0.5109 train_mapscore: 0.6549 train_c: -1.0089 train_max_dist: 46.1211 train_imax: 45.4922 train_imin: -51.4886 time: 1.1066s
INFO:root:Epoch: 1370 lr: 0.01 train_loss: 22780.3750 train_distortion: 0.5195 train_mapscore: 0.6710 train_c: -1.0089 train_max_dist: 46.4961 train_imax: 46.8697 train_imin: -52.6603 time: 1.1231s
INFO:root:Epoch: 1375 lr: 0.01 train_loss: 23549.5586 train_distortion: 0.5270 train_mapscore: 0.5965 train_c: -1.0089 train_max_dist: 48.0000 train_imax: 47.3018 train_imin: -53.6541 time: 1.1118s
INFO:root:Epoch: 1380 lr: 0.01 train_loss: 23181.3887 train_distortion: 0.5324 train_mapscore: 0.6274 train_c: -1.0088 train_max_dist: 47.1719 train_imax: 47.8376 train_imin: -53.8779 time: 1.1414s
INFO:root:Epoch: 1385 lr: 0.01 train_loss: 23165.9961 train_distortion: 0.5377 train_mapscore: 0.6258 train_c: -1.0088 train_max_dist: 47.3789 train_imax: 48.5267 train_imin: -54.3309 time: 1.1061s
INFO:root:Epoch: 1390 lr: 0.01 train_loss: 22749.5508 train_distortion: 0.5428 train_mapscore: 0.6629 train_c: -1.0087 train_max_dist: 47.5273 train_imax: 48.9626 train_imin: -55.1670 time: 1.1033s
INFO:root:Epoch: 1395 lr: 0.01 train_loss: 22574.6133 train_distortion: 0.5495 train_mapscore: 0.6676 train_c: -1.0087 train_max_dist: 47.7539 train_imax: 49.5881 train_imin: -56.3591 time: 1.0947s
INFO:root:Epoch: 1400 lr: 0.01 train_loss: 26914.9805 train_distortion: 0.5520 train_mapscore: 0.3848 train_c: -1.0088 train_max_dist: 47.9414 train_imax: 49.2734 train_imin: -57.3698 time: 1.1149s
INFO:root:Epoch: 1405 lr: 0.01 train_loss: 28283.1094 train_distortion: 0.5354 train_mapscore: 0.3265 train_c: -1.0089 train_max_dist: 47.3789 train_imax: 46.0350 train_imin: -54.9498 time: 1.1114s
INFO:root:Epoch: 1410 lr: 0.01 train_loss: 28183.6562 train_distortion: 0.5082 train_mapscore: 0.3270 train_c: -1.0090 train_max_dist: 48.0000 train_imax: 43.7692 train_imin: -49.9612 time: 1.1314s
INFO:root:Epoch: 1415 lr: 0.01 train_loss: 27072.0625 train_distortion: 0.4845 train_mapscore: 0.3816 train_c: -1.0090 train_max_dist: 45.0996 train_imax: 44.9120 train_imin: -45.7092 time: 1.1103s
INFO:root:Epoch: 1420 lr: 0.01 train_loss: 26121.0430 train_distortion: 0.4672 train_mapscore: 0.4260 train_c: -1.0089 train_max_dist: 44.0566 train_imax: 42.0338 train_imin: -42.5486 time: 1.1214s
INFO:root:Epoch: 1425 lr: 0.01 train_loss: 25261.5000 train_distortion: 0.4565 train_mapscore: 0.4885 train_c: -1.0089 train_max_dist: 50.0000 train_imax: 40.1455 train_imin: -40.6776 time: 1.1111s
INFO:root:Epoch: 1430 lr: 0.01 train_loss: 24670.9141 train_distortion: 0.4513 train_mapscore: 0.5139 train_c: -1.0088 train_max_dist: 43.0957 train_imax: 39.3618 train_imin: -39.7979 time: 1.1164s
INFO:root:Epoch: 1435 lr: 0.01 train_loss: 24135.7656 train_distortion: 0.4503 train_mapscore: 0.5653 train_c: -1.0088 train_max_dist: 43.0547 train_imax: 39.1786 train_imin: -39.6679 time: 1.1440s
INFO:root:Epoch: 1440 lr: 0.01 train_loss: 23589.4277 train_distortion: 0.4528 train_mapscore: 0.6071 train_c: -1.0087 train_max_dist: 50.0000 train_imax: 39.7916 train_imin: -40.1307 time: 1.1010s
INFO:root:Epoch: 1445 lr: 0.01 train_loss: 23808.4297 train_distortion: 0.4574 train_mapscore: 0.5797 train_c: -1.0088 train_max_dist: 43.6992 train_imax: 40.7274 train_imin: -40.7548 time: 1.1080s
INFO:root:Epoch: 1450 lr: 0.01 train_loss: 23481.8594 train_distortion: 0.4637 train_mapscore: 0.6074 train_c: -1.0087 train_max_dist: 44.2324 train_imax: 41.9801 train_imin: -41.9701 time: 1.1080s
INFO:root:Epoch: 1455 lr: 0.01 train_loss: 22993.7520 train_distortion: 0.4719 train_mapscore: 0.6414 train_c: -1.0087 train_max_dist: 44.7656 train_imax: 43.7340 train_imin: -43.9483 time: 1.1107s
INFO:root:Epoch: 1460 lr: 0.01 train_loss: 22600.6719 train_distortion: 0.4819 train_mapscore: 0.6605 train_c: -1.0087 train_max_dist: 45.3633 train_imax: 45.4718 train_imin: -45.8828 time: 1.1120s
INFO:root:Epoch: 1465 lr: 0.01 train_loss: 30004.1211 train_distortion: 0.4937 train_mapscore: 0.2492 train_c: -1.0087 train_max_dist: 50.0000 train_imax: 44.5088 train_imin: -46.1219 time: 1.1256s
INFO:root:Epoch: 1470 lr: 0.01 train_loss: 32301.7207 train_distortion: 0.4848 train_mapscore: 0.2102 train_c: -1.0087 train_max_dist: 50.0000 train_imax: 40.6134 train_imin: -42.5060 time: 1.1312s
INFO:root:Epoch: 1475 lr: 0.01 train_loss: 31345.9004 train_distortion: 0.4600 train_mapscore: 0.2300 train_c: -1.0086 train_max_dist: 43.7500 train_imax: 37.4955 train_imin: -37.4401 time: 1.1265s
INFO:root:Epoch: 1480 lr: 0.01 train_loss: 29928.6504 train_distortion: 0.4386 train_mapscore: 0.2635 train_c: -1.0085 train_max_dist: 41.9297 train_imax: 33.1978 train_imin: -32.4111 time: 1.1077s
INFO:root:Epoch: 1485 lr: 0.01 train_loss: 28776.5703 train_distortion: 0.4249 train_mapscore: 0.3014 train_c: -1.0084 train_max_dist: 50.0000 train_imax: 29.0021 train_imin: -28.9239 time: 1.1214s
INFO:root:Epoch: 1490 lr: 0.01 train_loss: 27901.7188 train_distortion: 0.4177 train_mapscore: 0.3382 train_c: -1.0083 train_max_dist: 39.2305 train_imax: 26.1600 train_imin: -26.9659 time: 1.1371s
INFO:root:Epoch: 1495 lr: 0.01 train_loss: 27195.2227 train_distortion: 0.4142 train_mapscore: 0.3853 train_c: -1.0082 train_max_dist: 38.5352 train_imax: 24.3194 train_imin: -25.7478 time: 1.1253s
INFO:root:Epoch: 1500 lr: 0.01 train_loss: 26558.2910 train_distortion: 0.4128 train_mapscore: 0.4355 train_c: -1.0081 train_max_dist: 38.2266 train_imax: 23.5085 train_imin: -25.1890 time: 1.1163s
INFO:root:Epoch: 1505 lr: 0.01 train_loss: 25979.5176 train_distortion: 0.4125 train_mapscore: 0.4832 train_c: -1.0081 train_max_dist: 38.2402 train_imax: 23.4328 train_imin: -25.1527 time: 1.1130s
INFO:root:Epoch: 1510 lr: 0.01 train_loss: 25504.6992 train_distortion: 0.4131 train_mapscore: 0.5176 train_c: -1.0080 train_max_dist: 38.5176 train_imax: 23.9842 train_imin: -25.6309 time: 1.1009s
INFO:root:Epoch: 1515 lr: 0.01 train_loss: 25055.8770 train_distortion: 0.4149 train_mapscore: 0.5531 train_c: -1.0080 train_max_dist: 39.0312 train_imax: 24.9903 train_imin: -26.5807 time: 1.1083s
INFO:root:Epoch: 1520 lr: 0.01 train_loss: 24794.9395 train_distortion: 0.4178 train_mapscore: 0.5528 train_c: -1.0080 train_max_dist: 39.6191 train_imax: 26.0966 train_imin: -30.4117 time: 1.1071s
INFO:root:Epoch: 1525 lr: 0.01 train_loss: 24363.7988 train_distortion: 0.4220 train_mapscore: 0.5899 train_c: -1.0080 train_max_dist: 40.3184 train_imax: 27.3445 train_imin: -34.1757 time: 1.1103s
INFO:root:Epoch: 1530 lr: 0.01 train_loss: 24146.2031 train_distortion: 0.4277 train_mapscore: 0.5802 train_c: -1.0080 train_max_dist: 50.0000 train_imax: 28.6880 train_imin: -37.0891 time: 1.1139s
INFO:root:Epoch: 1535 lr: 0.01 train_loss: 23954.6602 train_distortion: 0.4349 train_mapscore: 0.5852 train_c: -1.0080 train_max_dist: 41.8828 train_imax: 29.8508 train_imin: -39.4259 time: 1.1073s
INFO:root:Epoch: 1540 lr: 0.01 train_loss: 23458.8906 train_distortion: 0.4435 train_mapscore: 0.6213 train_c: -1.0080 train_max_dist: 42.6816 train_imax: 31.5512 train_imin: -41.6498 time: 1.1126s
INFO:root:Epoch: 1545 lr: 0.01 train_loss: 23222.0352 train_distortion: 0.4531 train_mapscore: 0.6142 train_c: -1.0080 train_max_dist: 43.4980 train_imax: 33.2519 train_imin: -43.3866 time: 1.1500s
INFO:root:Epoch: 1550 lr: 0.01 train_loss: 22708.5117 train_distortion: 0.4645 train_mapscore: 0.6524 train_c: -1.0080 train_max_dist: 44.2461 train_imax: 35.2488 train_imin: -45.7873 time: 1.1041s
INFO:root:Epoch: 1555 lr: 0.01 train_loss: 23656.0938 train_distortion: 0.4760 train_mapscore: 0.5362 train_c: -1.0081 train_max_dist: 44.9844 train_imax: 37.1784 train_imin: -48.8438 time: 1.1137s
INFO:root:Epoch: 1560 lr: 0.01 train_loss: 23283.6016 train_distortion: 0.4860 train_mapscore: 0.5660 train_c: -1.0081 train_max_dist: 45.5430 train_imax: 38.5615 train_imin: -50.8630 time: 1.1108s
INFO:root:Epoch: 1565 lr: 0.01 train_loss: 22739.5176 train_distortion: 0.4954 train_mapscore: 0.6130 train_c: -1.0080 train_max_dist: 48.0000 train_imax: 40.0935 train_imin: -52.0876 time: 1.0965s
INFO:root:Epoch: 1570 lr: 0.01 train_loss: 22621.2852 train_distortion: 0.5069 train_mapscore: 0.6101 train_c: -1.0080 train_max_dist: 46.4961 train_imax: 42.4036 train_imin: -54.1338 time: 1.1121s
INFO:root:Epoch: 1575 lr: 0.01 train_loss: 22109.3711 train_distortion: 0.5183 train_mapscore: 0.6438 train_c: -1.0080 train_max_dist: 46.9531 train_imax: 43.7171 train_imin: -55.9329 time: 1.1084s
INFO:root:Epoch: 1580 lr: 0.01 train_loss: 22061.3926 train_distortion: 0.5304 train_mapscore: 0.6428 train_c: -1.0079 train_max_dist: 50.0000 train_imax: 45.7978 train_imin: -57.3525 time: 1.1075s
INFO:root:Epoch: 1585 lr: 0.01 train_loss: 21732.0234 train_distortion: 0.5431 train_mapscore: 0.6565 train_c: -1.0079 train_max_dist: 48.1367 train_imax: 47.6772 train_imin: -59.1173 time: 1.1121s
INFO:root:Epoch: 1590 lr: 0.01 train_loss: 22219.6523 train_distortion: 0.5556 train_mapscore: 0.6197 train_c: -1.0079 train_max_dist: 48.6328 train_imax: 48.8129 train_imin: -61.1766 time: 1.0940s
INFO:root:Epoch: 1595 lr: 0.01 train_loss: 22089.3398 train_distortion: 0.5657 train_mapscore: 0.6314 train_c: -1.0079 train_max_dist: 49.0234 train_imax: 48.6978 train_imin: -63.0109 time: 1.1027s
INFO:root:Epoch: 1600 lr: 0.01 train_loss: 23136.5215 train_distortion: 0.5741 train_mapscore: 0.5570 train_c: -1.0080 train_max_dist: 49.2969 train_imax: 50.0237 train_imin: -65.2308 time: 1.1195s
INFO:root:Epoch: 1605 lr: 0.01 train_loss: 22988.5176 train_distortion: 0.5773 train_mapscore: 0.5687 train_c: -1.0080 train_max_dist: 49.3984 train_imax: 49.6454 train_imin: -65.6898 time: 1.1063s
INFO:root:Epoch: 1610 lr: 0.01 train_loss: 22980.2812 train_distortion: 0.5755 train_mapscore: 0.5650 train_c: -1.0079 train_max_dist: 49.3945 train_imax: 48.4417 train_imin: -65.2232 time: 1.1280s
INFO:root:Epoch: 1615 lr: 0.01 train_loss: 25142.6602 train_distortion: 0.5736 train_mapscore: 0.4250 train_c: -1.0079 train_max_dist: 49.2383 train_imax: 47.5882 train_imin: -65.1317 time: 1.1046s
INFO:root:Epoch: 1620 lr: 0.01 train_loss: 30218.3203 train_distortion: 0.5580 train_mapscore: 0.2685 train_c: -1.0079 train_max_dist: 48.6719 train_imax: 44.0305 train_imin: -62.8763 time: 1.1437s
INFO:root:Epoch: 1625 lr: 0.01 train_loss: 29218.9609 train_distortion: 0.5192 train_mapscore: 0.2893 train_c: -1.0078 train_max_dist: 47.2070 train_imax: 39.2598 train_imin: -55.3690 time: 1.1207s
INFO:root:Epoch: 1630 lr: 0.01 train_loss: 27821.0156 train_distortion: 0.4834 train_mapscore: 0.3252 train_c: -1.0077 train_max_dist: 45.4062 train_imax: 34.6085 train_imin: -48.4743 time: 1.1163s
INFO:root:Epoch: 1635 lr: 0.01 train_loss: 26611.7676 train_distortion: 0.4592 train_mapscore: 0.3681 train_c: -1.0076 train_max_dist: 43.8984 train_imax: 30.8575 train_imin: -44.1387 time: 1.1119s
INFO:root:Epoch: 1640 lr: 0.01 train_loss: 25645.2617 train_distortion: 0.4443 train_mapscore: 0.4130 train_c: -1.0075 train_max_dist: 42.7793 train_imax: 27.9728 train_imin: -41.1499 time: 1.1159s
INFO:root:Epoch: 1645 lr: 0.01 train_loss: 25104.5703 train_distortion: 0.4369 train_mapscore: 0.4418 train_c: -1.0074 train_max_dist: 42.1074 train_imax: 26.2433 train_imin: -39.4710 time: 1.0962s
INFO:root:Epoch: 1650 lr: 0.01 train_loss: 24839.6211 train_distortion: 0.4336 train_mapscore: 0.4515 train_c: -1.0074 train_max_dist: 41.7441 train_imax: 25.5703 train_imin: -38.7844 time: 1.1137s
INFO:root:Epoch: 1655 lr: 0.01 train_loss: 24233.3652 train_distortion: 0.4327 train_mapscore: 0.5007 train_c: -1.0074 train_max_dist: 41.6270 train_imax: 25.5480 train_imin: -38.8516 time: 1.1318s
INFO:root:Epoch: 1660 lr: 0.01 train_loss: 23720.7949 train_distortion: 0.4347 train_mapscore: 0.5410 train_c: -1.0073 train_max_dist: 41.7793 train_imax: 25.8810 train_imin: -39.6315 time: 1.1303s
INFO:root:Epoch: 1665 lr: 0.01 train_loss: 23215.9102 train_distortion: 0.4393 train_mapscore: 0.5792 train_c: -1.0073 train_max_dist: 42.2148 train_imax: 26.7054 train_imin: -40.8705 time: 1.1130s
INFO:root:Epoch: 1670 lr: 0.01 train_loss: 22634.9219 train_distortion: 0.4464 train_mapscore: 0.6163 train_c: -1.0073 train_max_dist: 42.8359 train_imax: 27.9459 train_imin: -42.6510 time: 1.1006s
INFO:root:Epoch: 1675 lr: 0.01 train_loss: 21961.9238 train_distortion: 0.4566 train_mapscore: 0.6575 train_c: -1.0073 train_max_dist: 43.6484 train_imax: 29.7623 train_imin: -45.1364 time: 1.0943s
INFO:root:Epoch: 1680 lr: 0.01 train_loss: 21461.7578 train_distortion: 0.4705 train_mapscore: 0.6825 train_c: -1.0073 train_max_dist: 44.6055 train_imax: 31.8674 train_imin: -48.3892 time: 1.1016s
INFO:root:Epoch: 1685 lr: 0.01 train_loss: 20975.6055 train_distortion: 0.4883 train_mapscore: 0.7030 train_c: -1.0073 train_max_dist: 45.6562 train_imax: 34.3865 train_imin: -52.2279 time: 1.1199s
INFO:root:Epoch: 1690 lr: 0.01 train_loss: 21617.4141 train_distortion: 0.5095 train_mapscore: 0.6164 train_c: -1.0074 train_max_dist: 46.7500 train_imax: 38.1859 train_imin: -56.3943 time: 1.0966s
INFO:root:Epoch: 1695 lr: 0.01 train_loss: 21244.5957 train_distortion: 0.5300 train_mapscore: 0.6452 train_c: -1.0074 train_max_dist: 47.7266 train_imax: 41.6536 train_imin: -60.3666 time: 1.0910s
INFO:root:Epoch: 1700 lr: 0.01 train_loss: 20709.9766 train_distortion: 0.5505 train_mapscore: 0.6768 train_c: -1.0074 train_max_dist: 48.5977 train_imax: 45.6292 train_imin: -64.1888 time: 1.1035s
INFO:root:Epoch: 1705 lr: 0.01 train_loss: 20320.6816 train_distortion: 0.5720 train_mapscore: 0.6968 train_c: -1.0074 train_max_dist: 49.4766 train_imax: 48.6494 train_imin: -68.2457 time: 1.0980s
INFO:root:Epoch: 1710 lr: 0.01 train_loss: 21943.1953 train_distortion: 0.5902 train_mapscore: 0.5820 train_c: -1.0074 train_max_dist: 50.0000 train_imax: 50.3721 train_imin: -71.4862 time: 1.1172s
INFO:root:Epoch: 1715 lr: 0.01 train_loss: 21277.8418 train_distortion: 0.6023 train_mapscore: 0.6235 train_c: -1.0074 train_max_dist: 50.0000 train_imax: 52.3670 train_imin: -73.4208 time: 1.0960s
INFO:root:Epoch: 1720 lr: 0.01 train_loss: 20941.6328 train_distortion: 0.6136 train_mapscore: 0.6504 train_c: -1.0074 train_max_dist: 50.0000 train_imax: 54.4918 train_imin: -75.4520 time: 1.1063s
INFO:root:Epoch: 1725 lr: 0.01 train_loss: 22227.3848 train_distortion: 0.6230 train_mapscore: 0.5629 train_c: -1.0074 train_max_dist: 50.0000 train_imax: 55.7363 train_imin: -76.8312 time: 1.0861s
INFO:root:Epoch: 1730 lr: 0.01 train_loss: 21683.1797 train_distortion: 0.6252 train_mapscore: 0.6065 train_c: -1.0074 train_max_dist: 50.0000 train_imax: 55.4124 train_imin: -77.3366 time: 1.1238s
INFO:root:Epoch: 1735 lr: 0.01 train_loss: 20866.5020 train_distortion: 0.6262 train_mapscore: 0.6553 train_c: -1.0073 train_max_dist: 50.0000 train_imax: 56.1498 train_imin: -77.6018 time: 1.0975s
INFO:root:Epoch: 1740 lr: 0.01 train_loss: 20352.4219 train_distortion: 0.6308 train_mapscore: 0.6789 train_c: -1.0072 train_max_dist: 50.0000 train_imax: 56.9803 train_imin: -78.5374 time: 1.0785s
INFO:root:Epoch: 1745 lr: 0.01 train_loss: 19796.1387 train_distortion: 0.6407 train_mapscore: 0.7096 train_c: -1.0072 train_max_dist: 50.0000 train_imax: 57.9589 train_imin: -80.1979 time: 1.0972s
INFO:root:Epoch: 1750 lr: 0.01 train_loss: 27399.8828 train_distortion: 0.6464 train_mapscore: 0.3399 train_c: -1.0072 train_max_dist: 50.0000 train_imax: 58.4839 train_imin: -82.2879 time: 1.1107s
INFO:root:Epoch: 1755 lr: 0.01 train_loss: 28012.6621 train_distortion: 0.6091 train_mapscore: 0.3338 train_c: -1.0073 train_max_dist: 50.0000 train_imax: 54.9292 train_imin: -78.4094 time: 1.1012s
INFO:root:Epoch: 1760 lr: 0.01 train_loss: 26426.6992 train_distortion: 0.5623 train_mapscore: 0.3696 train_c: -1.0072 train_max_dist: 48.9922 train_imax: 49.3245 train_imin: -70.9911 time: 1.1171s
INFO:root:Epoch: 1765 lr: 0.01 train_loss: 25483.5078 train_distortion: 0.5222 train_mapscore: 0.3951 train_c: -1.0072 train_max_dist: 47.3438 train_imax: 43.9565 train_imin: -63.4196 time: 1.1385s
INFO:root:Epoch: 1770 lr: 0.01 train_loss: 24342.1152 train_distortion: 0.4963 train_mapscore: 0.4496 train_c: -1.0071 train_max_dist: 46.1172 train_imax: 40.3325 train_imin: -57.7701 time: 1.1133s
INFO:root:Epoch: 1775 lr: 0.01 train_loss: 23345.6836 train_distortion: 0.4818 train_mapscore: 0.5114 train_c: -1.0071 train_max_dist: 45.3750 train_imax: 37.8409 train_imin: -54.5010 time: 1.1053s
INFO:root:Epoch: 1780 lr: 0.01 train_loss: 22639.4414 train_distortion: 0.4758 train_mapscore: 0.5562 train_c: -1.0070 train_max_dist: 45.0430 train_imax: 36.4449 train_imin: -53.1039 time: 1.0941s
INFO:root:Epoch: 1785 lr: 0.01 train_loss: 21964.2090 train_distortion: 0.4773 train_mapscore: 0.6154 train_c: -1.0070 train_max_dist: 45.1484 train_imax: 36.7775 train_imin: -53.4142 time: 1.1120s
INFO:root:Epoch: 1790 lr: 0.01 train_loss: 21285.2500 train_distortion: 0.4851 train_mapscore: 0.6531 train_c: -1.0070 train_max_dist: 45.6055 train_imax: 38.1833 train_imin: -55.0717 time: 1.1004s
INFO:root:Epoch: 1795 lr: 0.01 train_loss: 20980.5938 train_distortion: 0.4985 train_mapscore: 0.6626 train_c: -1.0069 train_max_dist: 50.0000 train_imax: 40.4051 train_imin: -57.9261 time: 1.0867s
INFO:root:Epoch: 1800 lr: 0.01 train_loss: 20653.1797 train_distortion: 0.5161 train_mapscore: 0.6807 train_c: -1.0069 train_max_dist: 47.2344 train_imax: 42.8595 train_imin: -61.4686 time: 1.0901s
INFO:root:Epoch: 1805 lr: 0.01 train_loss: 20080.0195 train_distortion: 0.5383 train_mapscore: 0.7062 train_c: -1.0069 train_max_dist: 50.0000 train_imax: 46.1265 train_imin: -65.7996 time: 1.1057s
INFO:root:Epoch: 1810 lr: 0.01 train_loss: 20435.5137 train_distortion: 0.5628 train_mapscore: 0.6599 train_c: -1.0070 train_max_dist: 49.1992 train_imax: 49.5976 train_imin: -70.7351 time: 1.1026s
INFO:root:Epoch: 1815 lr: 0.01 train_loss: 20428.6270 train_distortion: 0.5885 train_mapscore: 0.6683 train_c: -1.0070 train_max_dist: 50.0000 train_imax: 53.3850 train_imin: -75.3778 time: 1.1020s
INFO:root:Epoch: 1820 lr: 0.01 train_loss: 20105.4883 train_distortion: 0.6128 train_mapscore: 0.6885 train_c: -1.0070 train_max_dist: 50.0000 train_imax: 56.5220 train_imin: -79.3666 time: 1.1362s
INFO:root:Epoch: 1825 lr: 0.01 train_loss: 20332.7598 train_distortion: 0.6253 train_mapscore: 0.6607 train_c: -1.0070 train_max_dist: 50.0000 train_imax: 57.6801 train_imin: -81.5889 time: 1.1011s
INFO:root:Epoch: 1830 lr: 0.01 train_loss: 20151.5547 train_distortion: 0.6385 train_mapscore: 0.6806 train_c: -1.0070 train_max_dist: 50.0000 train_imax: 59.6043 train_imin: -83.8614 time: 1.1040s
INFO:root:Epoch: 1835 lr: 0.01 train_loss: 20992.8867 train_distortion: 0.6510 train_mapscore: 0.6180 train_c: -1.0070 train_max_dist: 50.0000 train_imax: 60.5809 train_imin: -85.9388 time: 1.1052s
INFO:root:Epoch: 1840 lr: 0.01 train_loss: 22656.2891 train_distortion: 0.6571 train_mapscore: 0.5420 train_c: -1.0069 train_max_dist: 50.0000 train_imax: 60.5237 train_imin: -86.4297 time: 1.1076s
INFO:root:Epoch: 1845 lr: 0.01 train_loss: 26459.7012 train_distortion: 0.6433 train_mapscore: 0.3741 train_c: -1.0072 train_max_dist: 50.0000 train_imax: 59.4464 train_imin: -84.4056 time: 1.0921s
INFO:root:Epoch: 1850 lr: 0.01 train_loss: 25847.6133 train_distortion: 0.6118 train_mapscore: 0.4054 train_c: -1.0073 train_max_dist: 50.0000 train_imax: 56.3047 train_imin: -78.8616 time: 1.1086s
INFO:root:Epoch: 1855 lr: 0.01 train_loss: 25638.4844 train_distortion: 0.5780 train_mapscore: 0.4059 train_c: -1.0073 train_max_dist: 49.3281 train_imax: 51.5099 train_imin: -72.9371 time: 1.1069s
INFO:root:Epoch: 1860 lr: 0.01 train_loss: 24280.1680 train_distortion: 0.5491 train_mapscore: 0.4790 train_c: -1.0072 train_max_dist: 48.2656 train_imax: 49.0444 train_imin: -67.5780 time: 1.0986s
INFO:root:Epoch: 1865 lr: 0.01 train_loss: 23169.6211 train_distortion: 0.5305 train_mapscore: 0.5388 train_c: -1.0072 train_max_dist: 47.5352 train_imax: 51.7758 train_imin: -64.0594 time: 1.1042s
INFO:root:Epoch: 1870 lr: 0.01 train_loss: 22166.4453 train_distortion: 0.5233 train_mapscore: 0.6145 train_c: -1.0071 train_max_dist: 47.2344 train_imax: 53.9179 train_imin: -62.7494 time: 1.1045s
INFO:root:Epoch: 1875 lr: 0.01 train_loss: 21747.1914 train_distortion: 0.5253 train_mapscore: 0.6375 train_c: -1.0071 train_max_dist: 48.0000 train_imax: 56.0955 train_imin: -62.9194 time: 1.1304s
INFO:root:Epoch: 1880 lr: 0.01 train_loss: 21295.8145 train_distortion: 0.5339 train_mapscore: 0.6812 train_c: -1.0071 train_max_dist: 47.6406 train_imax: 58.5026 train_imin: -64.2808 time: 1.0961s
INFO:root:Epoch: 1885 lr: 0.01 train_loss: 20693.3340 train_distortion: 0.5486 train_mapscore: 0.7149 train_c: -1.0070 train_max_dist: 48.2383 train_imax: 61.9388 train_imin: -67.0313 time: 1.1107s
INFO:root:Epoch: 1890 lr: 0.01 train_loss: 20166.0352 train_distortion: 0.5697 train_mapscore: 0.7370 train_c: -1.0070 train_max_dist: 49.1172 train_imax: 65.9252 train_imin: -70.9761 time: 1.1037s
INFO:root:Epoch: 1895 lr: 0.01 train_loss: 20346.8828 train_distortion: 0.5952 train_mapscore: 0.7193 train_c: -1.0070 train_max_dist: 50.0000 train_imax: 70.8080 train_imin: -75.6166 time: 1.1247s
INFO:root:Epoch: 1900 lr: 0.01 train_loss: 21265.4727 train_distortion: 0.6191 train_mapscore: 0.6581 train_c: -1.0070 train_max_dist: 50.0000 train_imax: 73.9916 train_imin: -79.4349 time: 1.1158s
INFO:root:Epoch: 1905 lr: 0.01 train_loss: 20700.2383 train_distortion: 0.6400 train_mapscore: 0.6985 train_c: -1.0070 train_max_dist: 50.0000 train_imax: 77.1076 train_imin: -82.9609 time: 1.1101s
INFO:root:Epoch: 1910 lr: 0.01 train_loss: 20008.2109 train_distortion: 0.6613 train_mapscore: 0.7377 train_c: -1.0070 train_max_dist: 50.0000 train_imax: 79.9946 train_imin: -86.7943 time: 1.1012s
INFO:root:Epoch: 1915 lr: 0.01 train_loss: 20362.1797 train_distortion: 0.6858 train_mapscore: 0.7070 train_c: -1.0069 train_max_dist: 50.0000 train_imax: 83.9742 train_imin: -90.9259 time: 1.0930s
INFO:root:Epoch: 1920 lr: 0.01 train_loss: 23015.5352 train_distortion: 0.7046 train_mapscore: 0.5659 train_c: -1.0069 train_max_dist: 50.0000 train_imax: 84.5654 train_imin: -93.0136 time: 1.1111s
INFO:root:Epoch: 1925 lr: 0.01 train_loss: 22755.2070 train_distortion: 0.7028 train_mapscore: 0.5745 train_c: -1.0069 train_max_dist: 50.0000 train_imax: 83.7283 train_imin: -92.3263 time: 1.1005s
INFO:root:Epoch: 1930 lr: 0.01 train_loss: 22122.8320 train_distortion: 0.6911 train_mapscore: 0.6096 train_c: -1.0069 train_max_dist: 50.0000 train_imax: 81.8700 train_imin: -90.6250 time: 1.1237s
INFO:root:Epoch: 1935 lr: 0.01 train_loss: 21352.0566 train_distortion: 0.6792 train_mapscore: 0.6579 train_c: -1.0068 train_max_dist: 50.0000 train_imax: 79.8790 train_imin: -88.9452 time: 1.1031s
INFO:root:Epoch: 1940 lr: 0.01 train_loss: 20622.4395 train_distortion: 0.6749 train_mapscore: 0.6965 train_c: -1.0067 train_max_dist: 50.0000 train_imax: 79.5937 train_imin: -88.5118 time: 1.1093s
INFO:root:Epoch: 1945 lr: 0.01 train_loss: 20479.6738 train_distortion: 0.6782 train_mapscore: 0.6997 train_c: -1.0067 train_max_dist: 50.0000 train_imax: 80.1813 train_imin: -89.0189 time: 1.0881s
INFO:root:Epoch: 1950 lr: 0.01 train_loss: 20231.1484 train_distortion: 0.6863 train_mapscore: 0.7152 train_c: -1.0066 train_max_dist: 50.0000 train_imax: 81.0089 train_imin: -92.0480 time: 1.1004s
INFO:root:Epoch: 1955 lr: 0.01 train_loss: 20159.8281 train_distortion: 0.6963 train_mapscore: 0.7182 train_c: -1.0066 train_max_dist: 50.0000 train_imax: 81.9133 train_imin: -96.1213 time: 1.1124s
INFO:root:Epoch: 1960 lr: 0.01 train_loss: 20572.0195 train_distortion: 0.7047 train_mapscore: 0.6957 train_c: -1.0065 train_max_dist: 50.0000 train_imax: 82.7039 train_imin: -98.9550 time: 1.1039s
INFO:root:Epoch: 1965 lr: 0.01 train_loss: 20202.2129 train_distortion: 0.7118 train_mapscore: 0.7285 train_c: -1.0065 train_max_dist: 50.0000 train_imax: 83.7574 train_imin: -101.8629 time: 1.0844s
INFO:root:Epoch: 1970 lr: 0.01 train_loss: 19889.4102 train_distortion: 0.7196 train_mapscore: 0.7367 train_c: -1.0064 train_max_dist: 50.0000 train_imax: 84.4382 train_imin: -103.8083 time: 1.1085s
INFO:root:Epoch: 1975 lr: 0.01 train_loss: 20386.6992 train_distortion: 0.7289 train_mapscore: 0.6985 train_c: -1.0064 train_max_dist: 50.0000 train_imax: 85.6311 train_imin: -105.9795 time: 1.0994s
INFO:root:Epoch: 1980 lr: 0.01 train_loss: 21869.4727 train_distortion: 0.7302 train_mapscore: 0.6409 train_c: -1.0063 train_max_dist: 50.0000 train_imax: 85.8269 train_imin: -106.7533 time: 1.0991s
INFO:root:Epoch: 1985 lr: 0.01 train_loss: 21880.9023 train_distortion: 0.7242 train_mapscore: 0.6393 train_c: -1.0063 train_max_dist: 50.0000 train_imax: 84.5782 train_imin: -105.7633 time: 1.1327s
INFO:root:Epoch: 1990 lr: 0.01 train_loss: 21389.1270 train_distortion: 0.7136 train_mapscore: 0.6708 train_c: -1.0062 train_max_dist: 50.0000 train_imax: 83.6700 train_imin: -103.7740 time: 1.0998s
INFO:root:Epoch: 1995 lr: 0.01 train_loss: 21069.0215 train_distortion: 0.7036 train_mapscore: 0.6825 train_c: -1.0061 train_max_dist: 50.0000 train_imax: 81.7506 train_imin: -101.7289 time: 1.0922s
INFO:root:Epoch: 2000 lr: 0.0025 train_loss: 21587.4375 train_distortion: 0.6955 train_mapscore: 0.6504 train_c: -1.0061 train_max_dist: 50.0000 train_imax: 79.7592 train_imin: -99.9282 time: 1.1103s
INFO:root:Optimization Finished!
INFO:root:Total time elapsed: 2234.0995s
INFO:root:Val set results: val_distortion: 1.0000 val_mapscore: -1.0000 val_c: -1.0000 val_max_dist: 0.0000
INFO:root:Test set results: test_loss: 21419.5098 test_distortion: 0.6941 test_mapscore: 0.6566 test_c: -1.0061 test_max_dist: 50.0000 test_imax: 79.3043 test_imin: -99.7060
INFO:root:Saved model in /workspace/xiongbo/hgcn/logs/md/2021_5_27/4
