INFO:root:Using: cuda:0
INFO:root:Using seed 1234.
INFO:root:MDModel(
  (encoder): HGCN(
    (layers): Sequential(
      (0): HyperbolicGraphConvolution(
        (linear): HypLinear(
          in_features=2641, out_features=10, c=Parameter containing:
          tensor([-1.], requires_grad=True)
        )
        (agg): HypAgg(
          c=Parameter containing:
          tensor([-1.], requires_grad=True)
        )
        (hyp_act): HypAct(
          c_in=Parameter containing:
          tensor([-1.], requires_grad=True), c_out=Parameter containing:
          tensor([-1.], requires_grad=True)
        )
      )
    )
  )
  (decoder): MDDecoder()
)
INFO:root:Total number of parameters: 26422
/workspace/anaconda3/envs/geo/lib/python3.7/site-packages/torch/optim/lr_scheduler.py:370: UserWarning: To get the last learning rate computed by the scheduler, please use `get_last_lr()`.
  "please use `get_last_lr()`.", UserWarning)
INFO:root:Epoch: 0005 lr: 0.01 train_loss: 48944.1094 train_distortion: 0.9537 train_mapscore: 0.1776 train_c: -1.0000 train_max_dist: 1.9417 train_imax: -0.0000 train_imin: -1.0103 time: 1.1145s
INFO:root:Epoch: 0010 lr: 0.01 train_loss: 47442.1797 train_distortion: 0.9358 train_mapscore: 0.2393 train_c: -1.0005 train_max_dist: 2.0940 train_imax: -0.0000 train_imin: -1.0008 time: 1.0344s
INFO:root:Epoch: 0015 lr: 0.01 train_loss: 46769.5078 train_distortion: 0.9283 train_mapscore: 0.2512 train_c: -1.0010 train_max_dist: 2.2036 train_imax: -0.0000 train_imin: -1.0010 time: 1.0333s
INFO:root:Epoch: 0020 lr: 0.01 train_loss: 46395.0781 train_distortion: 0.9243 train_mapscore: 0.2557 train_c: -1.0015 train_max_dist: 2.2466 train_imax: -0.0000 train_imin: -1.0015 time: 1.0357s
INFO:root:Epoch: 0025 lr: 0.01 train_loss: 46115.9375 train_distortion: 0.9212 train_mapscore: 0.2504 train_c: -1.0021 train_max_dist: 2.2701 train_imax: -0.0000 train_imin: -1.0021 time: 1.0198s
INFO:root:Epoch: 0030 lr: 0.01 train_loss: 45877.3594 train_distortion: 0.9184 train_mapscore: 0.2344 train_c: -1.0027 train_max_dist: 2.2674 train_imax: -0.0000 train_imin: -1.0027 time: 1.0383s
INFO:root:Epoch: 0035 lr: 0.01 train_loss: 45655.5000 train_distortion: 0.9157 train_mapscore: 0.2180 train_c: -1.0032 train_max_dist: 2.2780 train_imax: -0.0000 train_imin: -1.0032 time: 1.0345s
INFO:root:Epoch: 0040 lr: 0.01 train_loss: 45447.7578 train_distortion: 0.9131 train_mapscore: 0.1995 train_c: -1.0038 train_max_dist: 2.3137 train_imax: -0.0000 train_imin: -1.0038 time: 1.0280s
INFO:root:Epoch: 0045 lr: 0.01 train_loss: 45249.0859 train_distortion: 0.9105 train_mapscore: 0.1881 train_c: -1.0044 train_max_dist: 2.3256 train_imax: -0.0000 train_imin: -1.0044 time: 1.0225s
INFO:root:Epoch: 0050 lr: 0.01 train_loss: 45055.4102 train_distortion: 0.9080 train_mapscore: 0.1793 train_c: -1.0050 train_max_dist: 2.3431 train_imax: -0.0000 train_imin: -1.0050 time: 1.0175s
INFO:root:Epoch: 0055 lr: 0.01 train_loss: 44864.2188 train_distortion: 0.9055 train_mapscore: 0.1703 train_c: -1.0057 train_max_dist: 2.3565 train_imax: -0.0000 train_imin: -1.0057 time: 1.0853s
INFO:root:Epoch: 0060 lr: 0.01 train_loss: 44673.9531 train_distortion: 0.9029 train_mapscore: 0.1632 train_c: -1.0063 train_max_dist: 2.3916 train_imax: -0.0000 train_imin: -1.0063 time: 1.0182s
INFO:root:Epoch: 0065 lr: 0.01 train_loss: 44488.1406 train_distortion: 0.9003 train_mapscore: 0.1561 train_c: -1.0069 train_max_dist: 2.4158 train_imax: -0.0000 train_imin: -1.0069 time: 1.0478s
INFO:root:Epoch: 0070 lr: 0.01 train_loss: 44309.9883 train_distortion: 0.8979 train_mapscore: 0.1494 train_c: -1.0075 train_max_dist: 2.4259 train_imax: -0.0000 train_imin: -1.0075 time: 1.0251s
INFO:root:Epoch: 0075 lr: 0.01 train_loss: 44142.0117 train_distortion: 0.8955 train_mapscore: 0.1421 train_c: -1.0082 train_max_dist: 2.4392 train_imax: -0.0000 train_imin: -1.0082 time: 1.0579s
INFO:root:Epoch: 0080 lr: 0.01 train_loss: 43985.9766 train_distortion: 0.8933 train_mapscore: 0.1361 train_c: -1.0089 train_max_dist: 2.4526 train_imax: -0.0000 train_imin: -1.0089 time: 1.0654s
INFO:root:Epoch: 0085 lr: 0.01 train_loss: 43842.8203 train_distortion: 0.8913 train_mapscore: 0.1309 train_c: -1.0095 train_max_dist: 2.4614 train_imax: -0.0000 train_imin: -1.0095 time: 1.0479s
INFO:root:Epoch: 0090 lr: 0.01 train_loss: 43713.8984 train_distortion: 0.8894 train_mapscore: 0.1299 train_c: -1.0102 train_max_dist: 2.4711 train_imax: -0.0000 train_imin: -1.0102 time: 1.0538s
INFO:root:Epoch: 0095 lr: 0.01 train_loss: 43599.5469 train_distortion: 0.8878 train_mapscore: 0.1270 train_c: -1.0109 train_max_dist: 2.4785 train_imax: -0.0000 train_imin: -1.0109 time: 1.0798s
INFO:root:Epoch: 0100 lr: 0.01 train_loss: 43496.9453 train_distortion: 0.8863 train_mapscore: 0.1238 train_c: -1.0115 train_max_dist: 2.4858 train_imax: -0.0000 train_imin: -1.0115 time: 1.0626s
INFO:root:Epoch: 0105 lr: 0.01 train_loss: 43406.5898 train_distortion: 0.8850 train_mapscore: 0.1211 train_c: -1.0122 train_max_dist: 2.4903 train_imax: -0.0000 train_imin: -1.0122 time: 1.0626s
INFO:root:Epoch: 0110 lr: 0.01 train_loss: 43325.7617 train_distortion: 0.8839 train_mapscore: 0.1192 train_c: -1.0129 train_max_dist: 2.4956 train_imax: -0.0000 train_imin: -1.0129 time: 1.0625s
INFO:root:Epoch: 0115 lr: 0.01 train_loss: 43254.1172 train_distortion: 0.8829 train_mapscore: 0.1174 train_c: -1.0136 train_max_dist: 2.4991 train_imax: -0.0000 train_imin: -1.0136 time: 1.0677s
INFO:root:Epoch: 0120 lr: 0.01 train_loss: 43189.9375 train_distortion: 0.8820 train_mapscore: 0.1126 train_c: -1.0143 train_max_dist: 2.5016 train_imax: -0.0000 train_imin: -1.0143 time: 1.0743s
INFO:root:Epoch: 0125 lr: 0.01 train_loss: 43131.5312 train_distortion: 0.8812 train_mapscore: 0.1130 train_c: -1.0149 train_max_dist: 2.5036 train_imax: -0.0000 train_imin: -1.0149 time: 1.0660s
INFO:root:Epoch: 0130 lr: 0.01 train_loss: 43078.4141 train_distortion: 0.8805 train_mapscore: 0.1117 train_c: -1.0156 train_max_dist: 2.5056 train_imax: -0.0000 train_imin: -1.0156 time: 1.0938s
INFO:root:Epoch: 0135 lr: 0.01 train_loss: 43029.7617 train_distortion: 0.8798 train_mapscore: 0.1101 train_c: -1.0163 train_max_dist: 2.5073 train_imax: -0.0000 train_imin: -1.0163 time: 1.0611s
INFO:root:Epoch: 0140 lr: 0.01 train_loss: 42985.1211 train_distortion: 0.8792 train_mapscore: 0.1050 train_c: -1.0170 train_max_dist: 2.5089 train_imax: -0.0000 train_imin: -1.0170 time: 1.0648s
INFO:root:Epoch: 0145 lr: 0.01 train_loss: 42944.6445 train_distortion: 0.8787 train_mapscore: 0.1025 train_c: -1.0176 train_max_dist: 2.5108 train_imax: -0.0000 train_imin: -1.0176 time: 1.0862s
INFO:root:Epoch: 0150 lr: 0.01 train_loss: 42907.9570 train_distortion: 0.8783 train_mapscore: 0.1004 train_c: -1.0183 train_max_dist: 2.5460 train_imax: -0.0000 train_imin: -1.0183 time: 1.0677s
INFO:root:Epoch: 0155 lr: 0.01 train_loss: 42874.8008 train_distortion: 0.8779 train_mapscore: 0.0989 train_c: -1.0189 train_max_dist: 2.5631 train_imax: -0.0000 train_imin: -1.0189 time: 1.0750s
INFO:root:Epoch: 0160 lr: 0.01 train_loss: 42844.5234 train_distortion: 0.8775 train_mapscore: 0.0992 train_c: -1.0196 train_max_dist: 2.5731 train_imax: -0.0000 train_imin: -1.0196 time: 1.0849s
INFO:root:Epoch: 0165 lr: 0.01 train_loss: 42816.0625 train_distortion: 0.8772 train_mapscore: 0.0962 train_c: -1.0202 train_max_dist: 2.5909 train_imax: -0.0000 train_imin: -1.0202 time: 1.0747s
INFO:root:Epoch: 0170 lr: 0.01 train_loss: 42790.0234 train_distortion: 0.8769 train_mapscore: 0.0972 train_c: -1.0209 train_max_dist: 2.6199 train_imax: -0.0000 train_imin: -1.0209 time: 1.0717s
INFO:root:Epoch: 0175 lr: 0.01 train_loss: 42765.3828 train_distortion: 0.8766 train_mapscore: 0.0968 train_c: -1.0215 train_max_dist: 2.6302 train_imax: -0.0000 train_imin: -1.0215 time: 1.0746s
INFO:root:Epoch: 0180 lr: 0.01 train_loss: 42742.1914 train_distortion: 0.8764 train_mapscore: 0.0957 train_c: -1.0222 train_max_dist: 2.6586 train_imax: -0.0000 train_imin: -1.0222 time: 1.0756s
INFO:root:Epoch: 0185 lr: 0.01 train_loss: 42719.7539 train_distortion: 0.8762 train_mapscore: 0.0951 train_c: -1.0228 train_max_dist: 2.6787 train_imax: -0.0000 train_imin: -1.0228 time: 1.1152s
INFO:root:Epoch: 0190 lr: 0.01 train_loss: 42699.0000 train_distortion: 0.8759 train_mapscore: 0.0930 train_c: -1.0234 train_max_dist: 2.7099 train_imax: -0.0000 train_imin: -1.0234 time: 1.0727s
INFO:root:Epoch: 0195 lr: 0.01 train_loss: 42679.2070 train_distortion: 0.8757 train_mapscore: 0.0898 train_c: -1.0241 train_max_dist: 2.7248 train_imax: -0.0000 train_imin: -1.0241 time: 1.0774s
INFO:root:Epoch: 0200 lr: 0.01 train_loss: 42661.1875 train_distortion: 0.8756 train_mapscore: 0.0902 train_c: -1.0247 train_max_dist: 2.7372 train_imax: -0.0000 train_imin: -1.0247 time: 1.0794s
INFO:root:Epoch: 0205 lr: 0.01 train_loss: 42643.8984 train_distortion: 0.8754 train_mapscore: 0.0901 train_c: -1.0253 train_max_dist: 2.7547 train_imax: -0.0000 train_imin: -1.0253 time: 1.0716s
INFO:root:Epoch: 0210 lr: 0.01 train_loss: 42627.2812 train_distortion: 0.8753 train_mapscore: 0.0897 train_c: -1.0259 train_max_dist: 2.7700 train_imax: -0.0000 train_imin: -1.0259 time: 1.0863s
INFO:root:Epoch: 0215 lr: 0.01 train_loss: 42611.2734 train_distortion: 0.8751 train_mapscore: 0.0896 train_c: -1.0265 train_max_dist: 2.7713 train_imax: -0.0000 train_imin: -1.0265 time: 1.0871s
INFO:root:Epoch: 0220 lr: 0.01 train_loss: 42596.8516 train_distortion: 0.8750 train_mapscore: 0.0916 train_c: -1.0272 train_max_dist: 2.7704 train_imax: -0.0000 train_imin: -1.0272 time: 1.0870s
INFO:root:Epoch: 0225 lr: 0.01 train_loss: 42583.0977 train_distortion: 0.8749 train_mapscore: 0.0915 train_c: -1.0278 train_max_dist: 2.7691 train_imax: -0.0000 train_imin: -1.0278 time: 1.0862s
INFO:root:Epoch: 0230 lr: 0.01 train_loss: 42569.5312 train_distortion: 0.8748 train_mapscore: 0.0910 train_c: -1.0284 train_max_dist: 2.7675 train_imax: -0.0000 train_imin: -1.0284 time: 1.0980s
INFO:root:Epoch: 0235 lr: 0.01 train_loss: 42556.5469 train_distortion: 0.8747 train_mapscore: 0.0920 train_c: -1.0290 train_max_dist: 2.7623 train_imax: -0.0000 train_imin: -1.0290 time: 1.1076s
INFO:root:Epoch: 0240 lr: 0.01 train_loss: 42542.9766 train_distortion: 0.8746 train_mapscore: 0.0930 train_c: -1.0296 train_max_dist: 2.7573 train_imax: -0.0000 train_imin: -1.0296 time: 1.1131s
INFO:root:Epoch: 0245 lr: 0.01 train_loss: 42529.2969 train_distortion: 0.8745 train_mapscore: 0.0928 train_c: -1.0302 train_max_dist: 2.7491 train_imax: -0.0000 train_imin: -1.0302 time: 1.0956s
INFO:root:Epoch: 0250 lr: 0.01 train_loss: 42514.5859 train_distortion: 0.8743 train_mapscore: 0.0908 train_c: -1.0308 train_max_dist: 2.7387 train_imax: -0.0000 train_imin: -1.0308 time: 1.1019s
INFO:root:Epoch: 0255 lr: 0.01 train_loss: 42499.4570 train_distortion: 0.8742 train_mapscore: 0.0911 train_c: -1.0314 train_max_dist: 2.7197 train_imax: -0.0000 train_imin: -1.0314 time: 1.0826s
INFO:root:Epoch: 0260 lr: 0.01 train_loss: 42484.2422 train_distortion: 0.8741 train_mapscore: 0.0908 train_c: -1.0320 train_max_dist: 2.7073 train_imax: -0.0000 train_imin: -1.0320 time: 1.0904s
INFO:root:Epoch: 0265 lr: 0.01 train_loss: 42470.1289 train_distortion: 0.8740 train_mapscore: 0.0906 train_c: -1.0326 train_max_dist: 2.7063 train_imax: -0.0000 train_imin: -1.0326 time: 1.1024s
INFO:root:Epoch: 0270 lr: 0.01 train_loss: 42457.0000 train_distortion: 0.8739 train_mapscore: 0.0916 train_c: -1.0331 train_max_dist: 2.7271 train_imax: -0.0000 train_imin: -1.0331 time: 1.0814s
INFO:root:Epoch: 0275 lr: 0.01 train_loss: 42444.6328 train_distortion: 0.8738 train_mapscore: 0.0923 train_c: -1.0337 train_max_dist: 2.7572 train_imax: -0.0000 train_imin: -1.0337 time: 1.0769s
INFO:root:Epoch: 0280 lr: 0.01 train_loss: 42432.6250 train_distortion: 0.8736 train_mapscore: 0.0941 train_c: -1.0343 train_max_dist: 2.7637 train_imax: -0.0000 train_imin: -1.0343 time: 1.0804s
INFO:root:Epoch: 0285 lr: 0.01 train_loss: 42421.3359 train_distortion: 0.8735 train_mapscore: 0.0930 train_c: -1.0349 train_max_dist: 2.7703 train_imax: -0.0000 train_imin: -1.0349 time: 1.0920s
INFO:root:Epoch: 0290 lr: 0.01 train_loss: 42410.6328 train_distortion: 0.8734 train_mapscore: 0.0952 train_c: -1.0355 train_max_dist: 2.7743 train_imax: -0.0000 train_imin: -1.0355 time: 1.0791s
INFO:root:Epoch: 0295 lr: 0.01 train_loss: 42400.3359 train_distortion: 0.8734 train_mapscore: 0.0959 train_c: -1.0360 train_max_dist: 2.7656 train_imax: -0.0000 train_imin: -1.0360 time: 1.1910s
INFO:root:Epoch: 0300 lr: 0.01 train_loss: 42390.0703 train_distortion: 0.8733 train_mapscore: 0.0950 train_c: -1.0366 train_max_dist: 2.7604 train_imax: -0.0000 train_imin: -1.0366 time: 1.0760s
INFO:root:Epoch: 0305 lr: 0.01 train_loss: 42379.8828 train_distortion: 0.8732 train_mapscore: 0.0946 train_c: -1.0372 train_max_dist: 2.7412 train_imax: -0.0000 train_imin: -1.0372 time: 1.0916s
INFO:root:Epoch: 0310 lr: 0.01 train_loss: 42369.5312 train_distortion: 0.8731 train_mapscore: 0.0922 train_c: -1.0378 train_max_dist: 2.7401 train_imax: -0.0000 train_imin: -1.0378 time: 1.0822s
INFO:root:Epoch: 0315 lr: 0.01 train_loss: 42359.6797 train_distortion: 0.8730 train_mapscore: 0.0930 train_c: -1.0383 train_max_dist: 2.7201 train_imax: -0.0000 train_imin: -1.0383 time: 1.0770s
INFO:root:Epoch: 0320 lr: 0.01 train_loss: 42350.4648 train_distortion: 0.8729 train_mapscore: 0.0936 train_c: -1.0389 train_max_dist: 2.7408 train_imax: -0.0000 train_imin: -1.0389 time: 1.0810s
INFO:root:Epoch: 0325 lr: 0.01 train_loss: 42341.5117 train_distortion: 0.8729 train_mapscore: 0.0928 train_c: -1.0395 train_max_dist: 2.7730 train_imax: -0.0000 train_imin: -1.0395 time: 1.0842s
INFO:root:Epoch: 0330 lr: 0.01 train_loss: 42332.9883 train_distortion: 0.8728 train_mapscore: 0.0943 train_c: -1.0400 train_max_dist: 2.7886 train_imax: -0.0000 train_imin: -1.0400 time: 1.0781s
INFO:root:Epoch: 0335 lr: 0.01 train_loss: 42324.6719 train_distortion: 0.8727 train_mapscore: 0.0939 train_c: -1.0406 train_max_dist: 2.8032 train_imax: -0.0000 train_imin: -1.0406 time: 1.0723s
INFO:root:Epoch: 0340 lr: 0.01 train_loss: 42316.6719 train_distortion: 0.8726 train_mapscore: 0.0934 train_c: -1.0411 train_max_dist: 2.8139 train_imax: -0.0000 train_imin: -1.0411 time: 1.0745s
INFO:root:Epoch: 0345 lr: 0.01 train_loss: 42308.8672 train_distortion: 0.8726 train_mapscore: 0.0918 train_c: -1.0417 train_max_dist: 2.7992 train_imax: -0.0000 train_imin: -1.0417 time: 1.1290s
INFO:root:Epoch: 0350 lr: 0.01 train_loss: 42301.7773 train_distortion: 0.8725 train_mapscore: 0.0924 train_c: -1.0423 train_max_dist: 2.8011 train_imax: -0.0000 train_imin: -1.0423 time: 1.1269s
INFO:root:Epoch: 0355 lr: 0.01 train_loss: 42294.5391 train_distortion: 0.8724 train_mapscore: 0.0923 train_c: -1.0428 train_max_dist: 2.7890 train_imax: -0.0000 train_imin: -1.0428 time: 1.0891s
INFO:root:Epoch: 0360 lr: 0.01 train_loss: 42287.5508 train_distortion: 0.8724 train_mapscore: 0.0925 train_c: -1.0434 train_max_dist: 2.7825 train_imax: -0.0000 train_imin: -1.0434 time: 1.0769s
INFO:root:Epoch: 0365 lr: 0.01 train_loss: 42280.6992 train_distortion: 0.8723 train_mapscore: 0.0933 train_c: -1.0439 train_max_dist: 2.7484 train_imax: -0.0000 train_imin: -1.0439 time: 1.0754s
INFO:root:Epoch: 0370 lr: 0.01 train_loss: 42274.4141 train_distortion: 0.8722 train_mapscore: 0.0920 train_c: -1.0445 train_max_dist: 2.7351 train_imax: -0.0000 train_imin: -1.0445 time: 1.0834s
INFO:root:Epoch: 0375 lr: 0.01 train_loss: 42268.6445 train_distortion: 0.8722 train_mapscore: 0.0923 train_c: -1.0450 train_max_dist: 2.7367 train_imax: -0.0000 train_imin: -1.0450 time: 1.0857s
INFO:root:Epoch: 0380 lr: 0.01 train_loss: 42262.9609 train_distortion: 0.8721 train_mapscore: 0.0933 train_c: -1.0456 train_max_dist: 2.7396 train_imax: -0.0000 train_imin: -1.0456 time: 1.0871s
INFO:root:Epoch: 0385 lr: 0.01 train_loss: 42257.3438 train_distortion: 0.8721 train_mapscore: 0.0936 train_c: -1.0461 train_max_dist: 2.7372 train_imax: -0.0000 train_imin: -1.0461 time: 1.0797s
INFO:root:Epoch: 0390 lr: 0.01 train_loss: 42252.3008 train_distortion: 0.8720 train_mapscore: 0.0951 train_c: -1.0467 train_max_dist: 2.7382 train_imax: -0.0000 train_imin: -1.0467 time: 1.0910s
INFO:root:Epoch: 0395 lr: 0.01 train_loss: 42247.5195 train_distortion: 0.8720 train_mapscore: 0.0941 train_c: -1.0472 train_max_dist: 2.7442 train_imax: -0.0000 train_imin: -1.0472 time: 1.0925s
INFO:root:Epoch: 0400 lr: 0.01 train_loss: 42242.2656 train_distortion: 0.8719 train_mapscore: 0.0959 train_c: -1.0478 train_max_dist: 2.7429 train_imax: -0.0000 train_imin: -1.0478 time: 1.0822s
INFO:root:Epoch: 0405 lr: 0.01 train_loss: 42237.4141 train_distortion: 0.8719 train_mapscore: 0.0926 train_c: -1.0483 train_max_dist: 2.7629 train_imax: -0.0000 train_imin: -1.0483 time: 1.1160s
INFO:root:Epoch: 0410 lr: 0.01 train_loss: 42232.2891 train_distortion: 0.8718 train_mapscore: 0.0946 train_c: -1.0489 train_max_dist: 2.7811 train_imax: -0.0000 train_imin: -1.0489 time: 1.0836s
INFO:root:Epoch: 0415 lr: 0.01 train_loss: 42227.0352 train_distortion: 0.8717 train_mapscore: 0.0937 train_c: -1.0494 train_max_dist: 2.7965 train_imax: -0.0000 train_imin: -1.0494 time: 1.1071s
INFO:root:Epoch: 0420 lr: 0.01 train_loss: 42222.1797 train_distortion: 0.8717 train_mapscore: 0.0943 train_c: -1.0500 train_max_dist: 2.8048 train_imax: -0.0000 train_imin: -1.0500 time: 1.0846s
INFO:root:Epoch: 0425 lr: 0.01 train_loss: 42217.3438 train_distortion: 0.8716 train_mapscore: 0.0944 train_c: -1.0505 train_max_dist: 2.8004 train_imax: -0.0000 train_imin: -1.0505 time: 1.0816s
INFO:root:Epoch: 0430 lr: 0.01 train_loss: 42212.1953 train_distortion: 0.8716 train_mapscore: 0.0933 train_c: -1.0510 train_max_dist: 2.7990 train_imax: -0.0000 train_imin: -1.0510 time: 1.1183s
INFO:root:Epoch: 0435 lr: 0.01 train_loss: 42207.4688 train_distortion: 0.8716 train_mapscore: 0.0932 train_c: -1.0516 train_max_dist: 2.8100 train_imax: -0.0000 train_imin: -1.0516 time: 1.0814s
INFO:root:Epoch: 0440 lr: 0.01 train_loss: 42202.2422 train_distortion: 0.8715 train_mapscore: 0.0937 train_c: -1.0521 train_max_dist: 2.8109 train_imax: -0.0000 train_imin: -1.0521 time: 1.0841s
INFO:root:Epoch: 0445 lr: 0.01 train_loss: 42197.2617 train_distortion: 0.8715 train_mapscore: 0.0928 train_c: -1.0527 train_max_dist: 2.7977 train_imax: -0.0000 train_imin: -1.0527 time: 1.0780s
INFO:root:Epoch: 0450 lr: 0.01 train_loss: 42192.1445 train_distortion: 0.8714 train_mapscore: 0.0933 train_c: -1.0532 train_max_dist: 2.7942 train_imax: -0.0000 train_imin: -1.0532 time: 1.0866s
INFO:root:Epoch: 0455 lr: 0.01 train_loss: 42186.8828 train_distortion: 0.8714 train_mapscore: 0.0930 train_c: -1.0537 train_max_dist: 2.7901 train_imax: -0.0000 train_imin: -1.0537 time: 1.0860s
INFO:root:Epoch: 0460 lr: 0.01 train_loss: 42181.8125 train_distortion: 0.8713 train_mapscore: 0.0943 train_c: -1.0543 train_max_dist: 2.7820 train_imax: -0.0000 train_imin: -1.0543 time: 1.1226s
INFO:root:Epoch: 0465 lr: 0.01 train_loss: 42176.8477 train_distortion: 0.8713 train_mapscore: 0.0922 train_c: -1.0548 train_max_dist: 2.7945 train_imax: -0.0000 train_imin: -1.0548 time: 1.1336s
INFO:root:Epoch: 0470 lr: 0.01 train_loss: 42171.7539 train_distortion: 0.8712 train_mapscore: 0.0937 train_c: -1.0553 train_max_dist: 2.8081 train_imax: -0.0000 train_imin: -1.0553 time: 1.0814s
INFO:root:Epoch: 0475 lr: 0.01 train_loss: 42166.8711 train_distortion: 0.8712 train_mapscore: 0.0923 train_c: -1.0559 train_max_dist: 2.8160 train_imax: -0.0000 train_imin: -1.0559 time: 1.0775s
INFO:root:Epoch: 0480 lr: 0.01 train_loss: 42162.0234 train_distortion: 0.8712 train_mapscore: 0.0916 train_c: -1.0564 train_max_dist: 2.8213 train_imax: -0.0000 train_imin: -1.0564 time: 1.0918s
INFO:root:Epoch: 0485 lr: 0.01 train_loss: 42157.1094 train_distortion: 0.8711 train_mapscore: 0.0925 train_c: -1.0569 train_max_dist: 2.8240 train_imax: -0.0000 train_imin: -1.0569 time: 1.0871s
INFO:root:Epoch: 0490 lr: 0.01 train_loss: 42151.8320 train_distortion: 0.8711 train_mapscore: 0.0959 train_c: -1.0575 train_max_dist: 2.8335 train_imax: -0.0000 train_imin: -1.0575 time: 1.0818s
INFO:root:Epoch: 0495 lr: 0.01 train_loss: 42146.2109 train_distortion: 0.8711 train_mapscore: 0.0915 train_c: -1.0580 train_max_dist: 2.8288 train_imax: -0.0000 train_imin: -1.0580 time: 1.0830s
INFO:root:Epoch: 0500 lr: 0.01 train_loss: 42140.6367 train_distortion: 0.8710 train_mapscore: 0.0941 train_c: -1.0585 train_max_dist: 2.8342 train_imax: -0.0000 train_imin: -1.0585 time: 1.0803s
INFO:root:Epoch: 0505 lr: 0.01 train_loss: 42134.7891 train_distortion: 0.8710 train_mapscore: 0.0928 train_c: -1.0590 train_max_dist: 2.8286 train_imax: -0.0000 train_imin: -1.0590 time: 1.0894s
INFO:root:Epoch: 0510 lr: 0.01 train_loss: 42128.5195 train_distortion: 0.8710 train_mapscore: 0.0919 train_c: -1.0596 train_max_dist: 2.8265 train_imax: -0.0000 train_imin: -1.0596 time: 1.0928s
INFO:root:Epoch: 0515 lr: 0.01 train_loss: 42122.5391 train_distortion: 0.8710 train_mapscore: 0.0928 train_c: -1.0601 train_max_dist: 2.8254 train_imax: -0.0000 train_imin: -1.0601 time: 1.1335s
INFO:root:Epoch: 0520 lr: 0.01 train_loss: 42116.1289 train_distortion: 0.8709 train_mapscore: 0.0926 train_c: -1.0606 train_max_dist: 2.8298 train_imax: -0.0000 train_imin: -1.0606 time: 1.0848s
INFO:root:Epoch: 0525 lr: 0.01 train_loss: 42109.5625 train_distortion: 0.8709 train_mapscore: 0.0922 train_c: -1.0611 train_max_dist: 2.8247 train_imax: -0.0000 train_imin: -1.0611 time: 1.0827s
INFO:root:Epoch: 0530 lr: 0.01 train_loss: 42102.6719 train_distortion: 0.8709 train_mapscore: 0.0926 train_c: -1.0617 train_max_dist: 2.8178 train_imax: -0.0000 train_imin: -1.0617 time: 1.0905s
INFO:root:Epoch: 0535 lr: 0.01 train_loss: 42096.0273 train_distortion: 0.8708 train_mapscore: 0.0911 train_c: -1.0622 train_max_dist: 2.8146 train_imax: -0.0000 train_imin: -1.0622 time: 1.0855s
INFO:root:Epoch: 0540 lr: 0.01 train_loss: 42091.0625 train_distortion: 0.8708 train_mapscore: 0.0937 train_c: -1.0627 train_max_dist: 2.8177 train_imax: -0.0000 train_imin: -1.0627 time: 1.0878s
INFO:root:Epoch: 0545 lr: 0.01 train_loss: 42086.5859 train_distortion: 0.8707 train_mapscore: 0.0910 train_c: -1.0632 train_max_dist: 2.7961 train_imax: -0.0000 train_imin: -1.0632 time: 1.0813s
INFO:root:Epoch: 0550 lr: 0.01 train_loss: 42082.6211 train_distortion: 0.8707 train_mapscore: 0.0909 train_c: -1.0637 train_max_dist: 2.7889 train_imax: -0.0000 train_imin: -1.0637 time: 1.0911s
INFO:root:Epoch: 0555 lr: 0.01 train_loss: 42078.4375 train_distortion: 0.8706 train_mapscore: 0.0924 train_c: -1.0643 train_max_dist: 2.7907 train_imax: -0.0000 train_imin: -1.0643 time: 1.0845s
INFO:root:Epoch: 0560 lr: 0.01 train_loss: 42074.6406 train_distortion: 0.8706 train_mapscore: 0.0914 train_c: -1.0648 train_max_dist: 2.7858 train_imax: -0.0000 train_imin: -1.0648 time: 1.0804s
INFO:root:Epoch: 0565 lr: 0.01 train_loss: 42070.6016 train_distortion: 0.8706 train_mapscore: 0.0894 train_c: -1.0653 train_max_dist: 2.7904 train_imax: -0.0000 train_imin: -1.0653 time: 1.0788s
INFO:root:Epoch: 0570 lr: 0.01 train_loss: 42066.7461 train_distortion: 0.8705 train_mapscore: 0.0888 train_c: -1.0658 train_max_dist: 2.7893 train_imax: -0.0000 train_imin: -1.0658 time: 1.1137s
INFO:root:Epoch: 0575 lr: 0.01 train_loss: 42063.1211 train_distortion: 0.8705 train_mapscore: 0.0896 train_c: -1.0663 train_max_dist: 2.7927 train_imax: -0.0000 train_imin: -1.0663 time: 1.0862s
INFO:root:Epoch: 0580 lr: 0.01 train_loss: 42059.5625 train_distortion: 0.8704 train_mapscore: 0.0893 train_c: -1.0669 train_max_dist: 2.7833 train_imax: -0.0000 train_imin: -1.0669 time: 1.0883s
INFO:root:Epoch: 0585 lr: 0.01 train_loss: 42056.1016 train_distortion: 0.8704 train_mapscore: 0.0894 train_c: -1.0674 train_max_dist: 2.7840 train_imax: -0.0000 train_imin: -1.0674 time: 1.0902s
INFO:root:Epoch: 0590 lr: 0.01 train_loss: 42053.1250 train_distortion: 0.8704 train_mapscore: 0.0913 train_c: -1.0679 train_max_dist: 2.7831 train_imax: -0.0000 train_imin: -1.0679 time: 1.0935s
INFO:root:Epoch: 0595 lr: 0.01 train_loss: 42049.6484 train_distortion: 0.8703 train_mapscore: 0.0893 train_c: -1.0684 train_max_dist: 2.7838 train_imax: -0.0000 train_imin: -1.0684 time: 1.0861s
INFO:root:Epoch: 0600 lr: 0.01 train_loss: 42046.5078 train_distortion: 0.8703 train_mapscore: 0.0914 train_c: -1.0689 train_max_dist: 2.7865 train_imax: -0.0000 train_imin: -1.0689 time: 1.0909s
INFO:root:Epoch: 0605 lr: 0.01 train_loss: 42043.0234 train_distortion: 0.8702 train_mapscore: 0.0886 train_c: -1.0694 train_max_dist: 2.7913 train_imax: -0.0000 train_imin: -1.0694 time: 1.0768s
INFO:root:Epoch: 0610 lr: 0.01 train_loss: 42039.7734 train_distortion: 0.8702 train_mapscore: 0.0904 train_c: -1.0699 train_max_dist: 2.7870 train_imax: -0.0000 train_imin: -1.0699 time: 1.0718s
INFO:root:Epoch: 0615 lr: 0.01 train_loss: 42036.4023 train_distortion: 0.8701 train_mapscore: 0.0895 train_c: -1.0705 train_max_dist: 2.7892 train_imax: -0.0000 train_imin: -1.0705 time: 1.0858s
INFO:root:Epoch: 0620 lr: 0.01 train_loss: 42033.4609 train_distortion: 0.8701 train_mapscore: 0.0871 train_c: -1.0710 train_max_dist: 2.7892 train_imax: -0.0000 train_imin: -1.0710 time: 1.0790s
INFO:root:Epoch: 0625 lr: 0.01 train_loss: 42030.3008 train_distortion: 0.8701 train_mapscore: 0.0898 train_c: -1.0715 train_max_dist: 2.7955 train_imax: -0.0000 train_imin: -1.0715 time: 1.1208s
INFO:root:Epoch: 0630 lr: 0.01 train_loss: 42027.6484 train_distortion: 0.8700 train_mapscore: 0.0910 train_c: -1.0720 train_max_dist: 2.7988 train_imax: -0.0000 train_imin: -1.0720 time: 1.0939s
INFO:root:Epoch: 0635 lr: 0.01 train_loss: 42024.7109 train_distortion: 0.8700 train_mapscore: 0.0891 train_c: -1.0725 train_max_dist: 2.7997 train_imax: -0.0000 train_imin: -1.0725 time: 1.0795s
INFO:root:Epoch: 0640 lr: 0.01 train_loss: 42021.5859 train_distortion: 0.8699 train_mapscore: 0.0895 train_c: -1.0730 train_max_dist: 2.7981 train_imax: -0.0000 train_imin: -1.0730 time: 1.0801s
INFO:root:Epoch: 0645 lr: 0.01 train_loss: 42018.6602 train_distortion: 0.8699 train_mapscore: 0.0891 train_c: -1.0735 train_max_dist: 2.8091 train_imax: -0.0000 train_imin: -1.0735 time: 1.0896s
INFO:root:Epoch: 0650 lr: 0.01 train_loss: 42015.7422 train_distortion: 0.8699 train_mapscore: 0.0908 train_c: -1.0740 train_max_dist: 2.8182 train_imax: -0.0000 train_imin: -1.0740 time: 1.0759s
INFO:root:Epoch: 0655 lr: 0.01 train_loss: 42012.8672 train_distortion: 0.8698 train_mapscore: 0.0895 train_c: -1.0745 train_max_dist: 2.8062 train_imax: -0.0000 train_imin: -1.0745 time: 1.0900s
INFO:root:Epoch: 0660 lr: 0.01 train_loss: 42010.0352 train_distortion: 0.8698 train_mapscore: 0.0911 train_c: -1.0751 train_max_dist: 2.8117 train_imax: -0.0000 train_imin: -1.0751 time: 1.0854s
INFO:root:Epoch: 0665 lr: 0.01 train_loss: 42007.2500 train_distortion: 0.8698 train_mapscore: 0.0898 train_c: -1.0756 train_max_dist: 2.8182 train_imax: -0.0000 train_imin: -1.0756 time: 1.0705s
INFO:root:Epoch: 0670 lr: 0.01 train_loss: 42004.4609 train_distortion: 0.8697 train_mapscore: 0.0914 train_c: -1.0761 train_max_dist: 2.8279 train_imax: -0.0000 train_imin: -1.0761 time: 1.0890s
INFO:root:Epoch: 0675 lr: 0.01 train_loss: 42001.7109 train_distortion: 0.8697 train_mapscore: 0.0895 train_c: -1.0766 train_max_dist: 2.8248 train_imax: -0.0000 train_imin: -1.0766 time: 1.0824s
INFO:root:Epoch: 0680 lr: 0.01 train_loss: 41998.8281 train_distortion: 0.8697 train_mapscore: 0.0906 train_c: -1.0771 train_max_dist: 2.8194 train_imax: -0.0000 train_imin: -1.0771 time: 1.1190s
INFO:root:Epoch: 0685 lr: 0.01 train_loss: 41995.8203 train_distortion: 0.8696 train_mapscore: 0.0902 train_c: -1.0776 train_max_dist: 2.8275 train_imax: -0.0000 train_imin: -1.0776 time: 1.0863s
INFO:root:Epoch: 0690 lr: 0.01 train_loss: 41992.9688 train_distortion: 0.8696 train_mapscore: 0.0912 train_c: -1.0781 train_max_dist: 2.8387 train_imax: -0.0000 train_imin: -1.0781 time: 1.0795s
INFO:root:Epoch: 0695 lr: 0.01 train_loss: 41989.8789 train_distortion: 0.8696 train_mapscore: 0.0912 train_c: -1.0786 train_max_dist: 2.8371 train_imax: -0.0000 train_imin: -1.0786 time: 1.0883s
INFO:root:Epoch: 0700 lr: 0.01 train_loss: 41987.1641 train_distortion: 0.8695 train_mapscore: 0.0903 train_c: -1.0791 train_max_dist: 2.8404 train_imax: -0.0000 train_imin: -1.0791 time: 1.0953s
INFO:root:Epoch: 0705 lr: 0.01 train_loss: 41984.2578 train_distortion: 0.8695 train_mapscore: 0.0916 train_c: -1.0796 train_max_dist: 2.8406 train_imax: -0.0000 train_imin: -1.0796 time: 1.0777s
INFO:root:Epoch: 0710 lr: 0.01 train_loss: 41981.1094 train_distortion: 0.8695 train_mapscore: 0.0894 train_c: -1.0801 train_max_dist: 2.8536 train_imax: -0.0000 train_imin: -1.0801 time: 1.0782s
INFO:root:Epoch: 0715 lr: 0.01 train_loss: 41978.4297 train_distortion: 0.8694 train_mapscore: 0.0907 train_c: -1.0806 train_max_dist: 2.8458 train_imax: -0.0000 train_imin: -1.0806 time: 1.0716s
INFO:root:Epoch: 0720 lr: 0.01 train_loss: 41975.3789 train_distortion: 0.8694 train_mapscore: 0.0910 train_c: -1.0811 train_max_dist: 2.8596 train_imax: -0.0000 train_imin: -1.0811 time: 1.0760s
INFO:root:Epoch: 0725 lr: 0.01 train_loss: 41972.7070 train_distortion: 0.8694 train_mapscore: 0.0915 train_c: -1.0816 train_max_dist: 2.8614 train_imax: -0.0000 train_imin: -1.0816 time: 1.0663s
INFO:root:Epoch: 0730 lr: 0.01 train_loss: 41970.1094 train_distortion: 0.8694 train_mapscore: 0.0916 train_c: -1.0821 train_max_dist: 2.8563 train_imax: -0.0000 train_imin: -1.0821 time: 1.0799s
INFO:root:Epoch: 0735 lr: 0.01 train_loss: 41967.1719 train_distortion: 0.8693 train_mapscore: 0.0917 train_c: -1.0827 train_max_dist: 2.8606 train_imax: -0.0000 train_imin: -1.0827 time: 1.1132s
INFO:root:Epoch: 0740 lr: 0.01 train_loss: 41964.5156 train_distortion: 0.8693 train_mapscore: 0.0929 train_c: -1.0832 train_max_dist: 2.8643 train_imax: -0.0000 train_imin: -1.0832 time: 1.0759s
INFO:root:Epoch: 0745 lr: 0.01 train_loss: 41961.8125 train_distortion: 0.8693 train_mapscore: 0.0922 train_c: -1.0837 train_max_dist: 2.8589 train_imax: -0.0000 train_imin: -1.0837 time: 1.0816s
INFO:root:Epoch: 0750 lr: 0.01 train_loss: 41959.3906 train_distortion: 0.8693 train_mapscore: 0.0942 train_c: -1.0842 train_max_dist: 2.8829 train_imax: -0.0000 train_imin: -1.0842 time: 1.0840s
INFO:root:Epoch: 0755 lr: 0.01 train_loss: 41956.5039 train_distortion: 0.8692 train_mapscore: 0.0944 train_c: -1.0847 train_max_dist: 2.8870 train_imax: -0.0000 train_imin: -1.0847 time: 1.0790s
INFO:root:Epoch: 0760 lr: 0.01 train_loss: 41953.3750 train_distortion: 0.8692 train_mapscore: 0.0927 train_c: -1.0852 train_max_dist: 2.8935 train_imax: -0.0000 train_imin: -1.0852 time: 1.0696s
INFO:root:Epoch: 0765 lr: 0.01 train_loss: 41950.5703 train_distortion: 0.8692 train_mapscore: 0.0947 train_c: -1.0857 train_max_dist: 2.9056 train_imax: -0.0000 train_imin: -1.0857 time: 1.0750s
INFO:root:Epoch: 0770 lr: 0.01 train_loss: 41947.6523 train_distortion: 0.8691 train_mapscore: 0.0930 train_c: -1.0862 train_max_dist: 2.9178 train_imax: -0.0000 train_imin: -1.0862 time: 1.0788s
INFO:root:Epoch: 0775 lr: 0.01 train_loss: 41944.6758 train_distortion: 0.8691 train_mapscore: 0.0949 train_c: -1.0867 train_max_dist: 2.9214 train_imax: -0.0000 train_imin: -1.0867 time: 1.0801s
INFO:root:Epoch: 0780 lr: 0.01 train_loss: 41941.8906 train_distortion: 0.8691 train_mapscore: 0.0920 train_c: -1.0872 train_max_dist: 2.9342 train_imax: -0.0000 train_imin: -1.0872 time: 1.0707s
INFO:root:Epoch: 0785 lr: 0.01 train_loss: 41939.0078 train_distortion: 0.8691 train_mapscore: 0.0925 train_c: -1.0877 train_max_dist: 2.9398 train_imax: -0.0000 train_imin: -1.0877 time: 1.0770s
INFO:root:Epoch: 0790 lr: 0.01 train_loss: 41936.1562 train_distortion: 0.8690 train_mapscore: 0.0924 train_c: -1.0882 train_max_dist: 2.9644 train_imax: -0.0000 train_imin: -1.0882 time: 1.0975s
INFO:root:Epoch: 0795 lr: 0.01 train_loss: 41933.0859 train_distortion: 0.8690 train_mapscore: 0.0907 train_c: -1.0887 train_max_dist: 2.9703 train_imax: -0.0000 train_imin: -1.0887 time: 1.0843s
INFO:root:Epoch: 0800 lr: 0.01 train_loss: 41929.9922 train_distortion: 0.8690 train_mapscore: 0.0924 train_c: -1.0892 train_max_dist: 2.9808 train_imax: -0.0000 train_imin: -1.0892 time: 1.0813s
INFO:root:Epoch: 0805 lr: 0.01 train_loss: 41926.7734 train_distortion: 0.8689 train_mapscore: 0.0920 train_c: -1.0897 train_max_dist: 2.9896 train_imax: -0.0000 train_imin: -1.0897 time: 1.0862s
INFO:root:Epoch: 0810 lr: 0.01 train_loss: 41923.0625 train_distortion: 0.8689 train_mapscore: 0.0922 train_c: -1.0902 train_max_dist: 3.0089 train_imax: -0.0000 train_imin: -1.0902 time: 1.0968s
INFO:root:Epoch: 0815 lr: 0.01 train_loss: 41919.5938 train_distortion: 0.8689 train_mapscore: 0.0918 train_c: -1.0907 train_max_dist: 3.0265 train_imax: -0.0000 train_imin: -1.0907 time: 1.0796s
INFO:root:Epoch: 0820 lr: 0.01 train_loss: 41916.3906 train_distortion: 0.8688 train_mapscore: 0.0927 train_c: -1.0912 train_max_dist: 3.0205 train_imax: -0.0000 train_imin: -1.0912 time: 1.0849s
INFO:root:Epoch: 0825 lr: 0.01 train_loss: 41913.1328 train_distortion: 0.8688 train_mapscore: 0.0916 train_c: -1.0917 train_max_dist: 3.0398 train_imax: -0.0000 train_imin: -1.0917 time: 1.0896s
INFO:root:Epoch: 0830 lr: 0.01 train_loss: 41909.9688 train_distortion: 0.8688 train_mapscore: 0.0917 train_c: -1.0922 train_max_dist: 3.0576 train_imax: -0.0000 train_imin: -1.0922 time: 1.0877s
INFO:root:Epoch: 0835 lr: 0.01 train_loss: 41906.8398 train_distortion: 0.8688 train_mapscore: 0.0905 train_c: -1.0927 train_max_dist: 3.0663 train_imax: -0.0000 train_imin: -1.0927 time: 1.0879s
INFO:root:Epoch: 0840 lr: 0.01 train_loss: 41903.5703 train_distortion: 0.8688 train_mapscore: 0.0914 train_c: -1.0932 train_max_dist: 3.0724 train_imax: -0.0000 train_imin: -1.0932 time: 1.0902s
INFO:root:Epoch: 0845 lr: 0.01 train_loss: 41900.2695 train_distortion: 0.8687 train_mapscore: 0.0911 train_c: -1.0937 train_max_dist: 3.0818 train_imax: -0.0000 train_imin: -1.0937 time: 1.1102s
INFO:root:Epoch: 0850 lr: 0.01 train_loss: 41897.0312 train_distortion: 0.8687 train_mapscore: 0.0895 train_c: -1.0942 train_max_dist: 3.0821 train_imax: -0.0000 train_imin: -1.0942 time: 1.0881s
INFO:root:Epoch: 0855 lr: 0.01 train_loss: 41894.2031 train_distortion: 0.8687 train_mapscore: 0.0904 train_c: -1.0947 train_max_dist: 3.0864 train_imax: -0.0000 train_imin: -1.0947 time: 1.0932s
INFO:root:Epoch: 0860 lr: 0.01 train_loss: 41891.6094 train_distortion: 0.8687 train_mapscore: 0.0910 train_c: -1.0952 train_max_dist: 3.0879 train_imax: -0.0000 train_imin: -1.0952 time: 1.0768s
INFO:root:Epoch: 0865 lr: 0.01 train_loss: 41888.6289 train_distortion: 0.8686 train_mapscore: 0.0908 train_c: -1.0957 train_max_dist: 3.0884 train_imax: -0.0000 train_imin: -1.0957 time: 1.0754s
INFO:root:Epoch: 0870 lr: 0.01 train_loss: 41886.1172 train_distortion: 0.8686 train_mapscore: 0.0924 train_c: -1.0962 train_max_dist: 3.0868 train_imax: -0.0000 train_imin: -1.0962 time: 1.0778s
INFO:root:Epoch: 0875 lr: 0.01 train_loss: 41883.4453 train_distortion: 0.8686 train_mapscore: 0.0924 train_c: -1.0967 train_max_dist: 3.0850 train_imax: -0.0000 train_imin: -1.0967 time: 1.0740s
INFO:root:Epoch: 0880 lr: 0.01 train_loss: 41880.9766 train_distortion: 0.8686 train_mapscore: 0.0903 train_c: -1.0972 train_max_dist: 3.0888 train_imax: -0.0000 train_imin: -1.0972 time: 1.0786s
INFO:root:Epoch: 0885 lr: 0.01 train_loss: 41878.4883 train_distortion: 0.8685 train_mapscore: 0.0904 train_c: -1.0976 train_max_dist: 3.0819 train_imax: -0.0000 train_imin: -1.0976 time: 1.0793s
INFO:root:Epoch: 0890 lr: 0.01 train_loss: 41875.8359 train_distortion: 0.8685 train_mapscore: 0.0934 train_c: -1.0981 train_max_dist: 3.0842 train_imax: -0.0000 train_imin: -1.0981 time: 1.0799s
INFO:root:Epoch: 0895 lr: 0.01 train_loss: 41873.4766 train_distortion: 0.8685 train_mapscore: 0.0921 train_c: -1.0986 train_max_dist: 3.0845 train_imax: -0.0000 train_imin: -1.0986 time: 1.0855s
INFO:root:Epoch: 0900 lr: 0.01 train_loss: 41870.8047 train_distortion: 0.8684 train_mapscore: 0.0930 train_c: -1.0991 train_max_dist: 3.0825 train_imax: -0.0000 train_imin: -1.0991 time: 1.1083s
INFO:root:Epoch: 0905 lr: 0.01 train_loss: 41868.0938 train_distortion: 0.8684 train_mapscore: 0.0921 train_c: -1.0996 train_max_dist: 3.0823 train_imax: -0.0000 train_imin: -1.0996 time: 1.0820s
INFO:root:Epoch: 0910 lr: 0.01 train_loss: 41865.2656 train_distortion: 0.8684 train_mapscore: 0.0947 train_c: -1.1001 train_max_dist: 3.0823 train_imax: -0.0000 train_imin: -1.1001 time: 1.0865s
INFO:root:Epoch: 0915 lr: 0.01 train_loss: 41862.4297 train_distortion: 0.8683 train_mapscore: 0.0934 train_c: -1.1006 train_max_dist: 3.0796 train_imax: -0.0000 train_imin: -1.1006 time: 1.0917s
INFO:root:Epoch: 0920 lr: 0.01 train_loss: 41859.5391 train_distortion: 0.8683 train_mapscore: 0.0924 train_c: -1.1011 train_max_dist: 3.0820 train_imax: -0.0000 train_imin: -1.1011 time: 1.0924s
INFO:root:Epoch: 0925 lr: 0.01 train_loss: 41856.1953 train_distortion: 0.8683 train_mapscore: 0.0917 train_c: -1.1016 train_max_dist: 3.0800 train_imax: -0.0000 train_imin: -1.1016 time: 1.0845s
INFO:root:Epoch: 0930 lr: 0.01 train_loss: 41852.8359 train_distortion: 0.8682 train_mapscore: 0.0920 train_c: -1.1021 train_max_dist: 3.0847 train_imax: -0.0000 train_imin: -1.1021 time: 1.0860s
INFO:root:Epoch: 0935 lr: 0.01 train_loss: 41849.8711 train_distortion: 0.8682 train_mapscore: 0.0924 train_c: -1.1026 train_max_dist: 3.0814 train_imax: -0.0000 train_imin: -1.1026 time: 1.0796s
INFO:root:Epoch: 0940 lr: 0.01 train_loss: 41846.7031 train_distortion: 0.8682 train_mapscore: 0.0922 train_c: -1.1031 train_max_dist: 3.0807 train_imax: -0.0000 train_imin: -1.1031 time: 1.0969s
INFO:root:Epoch: 0945 lr: 0.01 train_loss: 41844.2656 train_distortion: 0.8682 train_mapscore: 0.0933 train_c: -1.1036 train_max_dist: 3.0869 train_imax: -0.0000 train_imin: -1.1036 time: 1.0786s
INFO:root:Epoch: 0950 lr: 0.01 train_loss: 41841.5664 train_distortion: 0.8681 train_mapscore: 0.0933 train_c: -1.1040 train_max_dist: 3.0872 train_imax: -0.0000 train_imin: -1.1040 time: 1.0920s
INFO:root:Epoch: 0955 lr: 0.01 train_loss: 41839.2266 train_distortion: 0.8681 train_mapscore: 0.0947 train_c: -1.1045 train_max_dist: 3.0855 train_imax: -0.0000 train_imin: -1.1045 time: 1.1171s
INFO:root:Epoch: 0960 lr: 0.01 train_loss: 41836.4961 train_distortion: 0.8681 train_mapscore: 0.0923 train_c: -1.1050 train_max_dist: 3.0924 train_imax: -0.0000 train_imin: -1.1050 time: 1.0835s
INFO:root:Epoch: 0965 lr: 0.01 train_loss: 41833.7734 train_distortion: 0.8681 train_mapscore: 0.0937 train_c: -1.1055 train_max_dist: 3.0927 train_imax: -0.0000 train_imin: -1.1055 time: 1.0869s
INFO:root:Epoch: 0970 lr: 0.01 train_loss: 41831.0312 train_distortion: 0.8680 train_mapscore: 0.0943 train_c: -1.1060 train_max_dist: 3.0902 train_imax: -0.0000 train_imin: -1.1060 time: 1.0791s
INFO:root:Epoch: 0975 lr: 0.01 train_loss: 41827.9883 train_distortion: 0.8680 train_mapscore: 0.0945 train_c: -1.1065 train_max_dist: 3.0887 train_imax: -0.0000 train_imin: -1.1065 time: 1.0754s
INFO:root:Epoch: 0980 lr: 0.01 train_loss: 41825.6641 train_distortion: 0.8680 train_mapscore: 0.0930 train_c: -1.1070 train_max_dist: 3.0935 train_imax: -0.0000 train_imin: -1.1070 time: 1.0915s
INFO:root:Epoch: 0985 lr: 0.01 train_loss: 41823.2070 train_distortion: 0.8680 train_mapscore: 0.0936 train_c: -1.1075 train_max_dist: 3.0955 train_imax: -0.0000 train_imin: -1.1075 time: 1.0783s
INFO:root:Epoch: 0990 lr: 0.01 train_loss: 41820.8281 train_distortion: 0.8679 train_mapscore: 0.0937 train_c: -1.1079 train_max_dist: 3.0955 train_imax: -0.0000 train_imin: -1.1079 time: 1.0835s
INFO:root:Epoch: 0995 lr: 0.01 train_loss: 41818.2422 train_distortion: 0.8679 train_mapscore: 0.0947 train_c: -1.1084 train_max_dist: 3.1020 train_imax: -0.0000 train_imin: -1.1084 time: 1.0931s
INFO:root:Epoch: 1000 lr: 0.01 train_loss: 41816.0078 train_distortion: 0.8679 train_mapscore: 0.0937 train_c: -1.1089 train_max_dist: 3.1022 train_imax: -0.0000 train_imin: -1.1089 time: 1.0918s
INFO:root:Epoch: 1005 lr: 0.01 train_loss: 41813.8594 train_distortion: 0.8679 train_mapscore: 0.0952 train_c: -1.1094 train_max_dist: 3.0980 train_imax: -0.0000 train_imin: -1.1094 time: 1.0871s
INFO:root:Epoch: 1010 lr: 0.01 train_loss: 41811.4766 train_distortion: 0.8679 train_mapscore: 0.0950 train_c: -1.1099 train_max_dist: 3.0979 train_imax: -0.0000 train_imin: -1.1099 time: 1.1115s
INFO:root:Epoch: 1015 lr: 0.01 train_loss: 41808.8359 train_distortion: 0.8678 train_mapscore: 0.0953 train_c: -1.1104 train_max_dist: 3.0946 train_imax: -0.0000 train_imin: -1.1104 time: 1.0835s
INFO:root:Epoch: 1020 lr: 0.01 train_loss: 41806.3984 train_distortion: 0.8678 train_mapscore: 0.0950 train_c: -1.1109 train_max_dist: 3.1019 train_imax: -0.0000 train_imin: -1.1109 time: 1.0805s
INFO:root:Epoch: 1025 lr: 0.01 train_loss: 41803.7578 train_distortion: 0.8678 train_mapscore: 0.0952 train_c: -1.1113 train_max_dist: 3.0957 train_imax: -0.0000 train_imin: -1.1113 time: 1.0741s
INFO:root:Epoch: 1030 lr: 0.01 train_loss: 41801.3008 train_distortion: 0.8678 train_mapscore: 0.0932 train_c: -1.1118 train_max_dist: 3.0963 train_imax: -0.0000 train_imin: -1.1118 time: 1.0773s
INFO:root:Epoch: 1035 lr: 0.01 train_loss: 41798.8555 train_distortion: 0.8678 train_mapscore: 0.0948 train_c: -1.1123 train_max_dist: 3.1004 train_imax: -0.0000 train_imin: -1.1123 time: 1.0855s
INFO:root:Epoch: 1040 lr: 0.01 train_loss: 41796.0586 train_distortion: 0.8677 train_mapscore: 0.0945 train_c: -1.1128 train_max_dist: 3.0993 train_imax: -0.0000 train_imin: -1.1128 time: 1.0852s
INFO:root:Epoch: 1045 lr: 0.01 train_loss: 41793.4023 train_distortion: 0.8677 train_mapscore: 0.0942 train_c: -1.1133 train_max_dist: 3.1058 train_imax: -0.0000 train_imin: -1.1133 time: 1.0786s
INFO:root:Epoch: 1050 lr: 0.01 train_loss: 41791.0469 train_distortion: 0.8677 train_mapscore: 0.0939 train_c: -1.1138 train_max_dist: 3.1032 train_imax: -0.0000 train_imin: -1.1138 time: 1.0865s
INFO:root:Epoch: 1055 lr: 0.01 train_loss: 41788.8555 train_distortion: 0.8677 train_mapscore: 0.0943 train_c: -1.1143 train_max_dist: 3.1004 train_imax: -0.0000 train_imin: -1.1143 time: 1.0880s
INFO:root:Epoch: 1060 lr: 0.01 train_loss: 41786.5664 train_distortion: 0.8676 train_mapscore: 0.0949 train_c: -1.1147 train_max_dist: 3.1047 train_imax: -0.0000 train_imin: -1.1147 time: 1.0816s
INFO:root:Epoch: 1065 lr: 0.01 train_loss: 41784.2539 train_distortion: 0.8676 train_mapscore: 0.0949 train_c: -1.1152 train_max_dist: 3.1018 train_imax: -0.0000 train_imin: -1.1152 time: 1.1122s
INFO:root:Epoch: 1070 lr: 0.01 train_loss: 41782.1953 train_distortion: 0.8676 train_mapscore: 0.0937 train_c: -1.1157 train_max_dist: 3.1021 train_imax: -0.0000 train_imin: -1.1157 time: 1.0794s
INFO:root:Epoch: 1075 lr: 0.01 train_loss: 41780.1367 train_distortion: 0.8675 train_mapscore: 0.0949 train_c: -1.1162 train_max_dist: 3.1056 train_imax: -0.0000 train_imin: -1.1162 time: 1.0886s
INFO:root:Epoch: 1080 lr: 0.01 train_loss: 41777.8711 train_distortion: 0.8675 train_mapscore: 0.0937 train_c: -1.1167 train_max_dist: 3.1032 train_imax: -0.0000 train_imin: -1.1167 time: 1.0865s
INFO:root:Epoch: 1085 lr: 0.01 train_loss: 41775.7383 train_distortion: 0.8675 train_mapscore: 0.0946 train_c: -1.1172 train_max_dist: 3.1004 train_imax: -0.0000 train_imin: -1.1172 time: 1.0791s
INFO:root:Epoch: 1090 lr: 0.01 train_loss: 41773.6016 train_distortion: 0.8675 train_mapscore: 0.0939 train_c: -1.1176 train_max_dist: 3.1050 train_imax: -0.0000 train_imin: -1.1176 time: 1.0786s
INFO:root:Epoch: 1095 lr: 0.01 train_loss: 41771.6953 train_distortion: 0.8674 train_mapscore: 0.0955 train_c: -1.1181 train_max_dist: 3.1000 train_imax: -0.0000 train_imin: -1.1181 time: 1.0786s
INFO:root:Epoch: 1100 lr: 0.01 train_loss: 41769.5625 train_distortion: 0.8674 train_mapscore: 0.0957 train_c: -1.1186 train_max_dist: 3.1096 train_imax: -0.0000 train_imin: -1.1186 time: 1.0880s
INFO:root:Epoch: 1105 lr: 0.01 train_loss: 41767.5391 train_distortion: 0.8674 train_mapscore: 0.0947 train_c: -1.1191 train_max_dist: 3.1070 train_imax: -0.0000 train_imin: -1.1191 time: 1.0903s
INFO:root:Epoch: 1110 lr: 0.01 train_loss: 41765.3984 train_distortion: 0.8673 train_mapscore: 0.0938 train_c: -1.1196 train_max_dist: 3.1098 train_imax: -0.0000 train_imin: -1.1196 time: 1.0807s
INFO:root:Epoch: 1115 lr: 0.01 train_loss: 41763.3320 train_distortion: 0.8673 train_mapscore: 0.0948 train_c: -1.1200 train_max_dist: 3.1083 train_imax: -0.0000 train_imin: -1.1200 time: 1.0857s
INFO:root:Epoch: 1120 lr: 0.01 train_loss: 41761.2891 train_distortion: 0.8673 train_mapscore: 0.0933 train_c: -1.1205 train_max_dist: 3.1147 train_imax: -0.0000 train_imin: -1.1205 time: 1.1166s
INFO:root:Epoch: 1125 lr: 0.01 train_loss: 41759.2695 train_distortion: 0.8673 train_mapscore: 0.0956 train_c: -1.1210 train_max_dist: 3.1095 train_imax: -0.0000 train_imin: -1.1210 time: 1.0966s
INFO:root:Epoch: 1130 lr: 0.01 train_loss: 41757.1172 train_distortion: 0.8672 train_mapscore: 0.0931 train_c: -1.1215 train_max_dist: 3.1088 train_imax: -0.0000 train_imin: -1.1215 time: 1.0839s
INFO:root:Epoch: 1135 lr: 0.01 train_loss: 41755.1836 train_distortion: 0.8672 train_mapscore: 0.0951 train_c: -1.1220 train_max_dist: 3.1154 train_imax: -0.0000 train_imin: -1.1220 time: 1.0747s
INFO:root:Epoch: 1140 lr: 0.01 train_loss: 41753.1406 train_distortion: 0.8672 train_mapscore: 0.0960 train_c: -1.1224 train_max_dist: 3.1153 train_imax: -0.0000 train_imin: -1.1224 time: 1.0778s
INFO:root:Epoch: 1145 lr: 0.01 train_loss: 41750.7891 train_distortion: 0.8671 train_mapscore: 0.0942 train_c: -1.1229 train_max_dist: 3.1140 train_imax: -0.0000 train_imin: -1.1229 time: 1.0821s
INFO:root:Epoch: 1150 lr: 0.01 train_loss: 41748.8438 train_distortion: 0.8671 train_mapscore: 0.0941 train_c: -1.1234 train_max_dist: 3.1116 train_imax: -0.0000 train_imin: -1.1234 time: 1.0763s
INFO:root:Epoch: 1155 lr: 0.01 train_loss: 41746.7188 train_distortion: 0.8671 train_mapscore: 0.0957 train_c: -1.1239 train_max_dist: 3.1143 train_imax: -0.0000 train_imin: -1.1239 time: 1.0765s
INFO:root:Epoch: 1160 lr: 0.01 train_loss: 41744.6211 train_distortion: 0.8671 train_mapscore: 0.0938 train_c: -1.1244 train_max_dist: 3.1089 train_imax: -0.0000 train_imin: -1.1244 time: 1.0763s
INFO:root:Epoch: 1165 lr: 0.01 train_loss: 41742.5469 train_distortion: 0.8670 train_mapscore: 0.0943 train_c: -1.1248 train_max_dist: 3.1094 train_imax: -0.0000 train_imin: -1.1248 time: 1.0690s
INFO:root:Epoch: 1170 lr: 0.01 train_loss: 41740.4688 train_distortion: 0.8670 train_mapscore: 0.0943 train_c: -1.1253 train_max_dist: 3.1125 train_imax: -0.0000 train_imin: -1.1253 time: 1.0786s
INFO:root:Epoch: 1175 lr: 0.01 train_loss: 41738.1328 train_distortion: 0.8670 train_mapscore: 0.0929 train_c: -1.1258 train_max_dist: 3.1182 train_imax: -0.0000 train_imin: -1.1258 time: 1.1095s
INFO:root:Epoch: 1180 lr: 0.01 train_loss: 41736.1836 train_distortion: 0.8670 train_mapscore: 0.0943 train_c: -1.1263 train_max_dist: 3.1183 train_imax: -0.0000 train_imin: -1.1263 time: 1.0778s
INFO:root:Epoch: 1185 lr: 0.01 train_loss: 41734.0898 train_distortion: 0.8669 train_mapscore: 0.0929 train_c: -1.1268 train_max_dist: 3.1207 train_imax: -0.0000 train_imin: -1.1268 time: 1.0896s
INFO:root:Epoch: 1190 lr: 0.01 train_loss: 41732.0391 train_distortion: 0.8669 train_mapscore: 0.0930 train_c: -1.1272 train_max_dist: 3.1141 train_imax: -0.0000 train_imin: -1.1272 time: 1.0996s
INFO:root:Epoch: 1195 lr: 0.01 train_loss: 41730.0078 train_distortion: 0.8669 train_mapscore: 0.0946 train_c: -1.1277 train_max_dist: 3.1202 train_imax: -0.0000 train_imin: -1.1277 time: 1.0716s
INFO:root:Epoch: 1200 lr: 0.01 train_loss: 41727.8281 train_distortion: 0.8669 train_mapscore: 0.0947 train_c: -1.1282 train_max_dist: 3.1167 train_imax: -0.0000 train_imin: -1.1282 time: 1.0876s
INFO:root:Epoch: 1205 lr: 0.01 train_loss: 41725.7773 train_distortion: 0.8668 train_mapscore: 0.0921 train_c: -1.1287 train_max_dist: 3.1237 train_imax: -0.0000 train_imin: -1.1287 time: 1.0790s
INFO:root:Epoch: 1210 lr: 0.01 train_loss: 41723.7969 train_distortion: 0.8668 train_mapscore: 0.0950 train_c: -1.1291 train_max_dist: 3.1172 train_imax: -0.0000 train_imin: -1.1292 time: 1.0780s
INFO:root:Epoch: 1215 lr: 0.01 train_loss: 41721.5078 train_distortion: 0.8668 train_mapscore: 0.0942 train_c: -1.1296 train_max_dist: 3.1121 train_imax: -0.0000 train_imin: -1.1296 time: 1.0930s
INFO:root:Epoch: 1220 lr: 0.01 train_loss: 41719.4531 train_distortion: 0.8668 train_mapscore: 0.0948 train_c: -1.1301 train_max_dist: 3.1205 train_imax: -0.0000 train_imin: -1.1301 time: 1.0757s
INFO:root:Epoch: 1225 lr: 0.01 train_loss: 41717.2031 train_distortion: 0.8667 train_mapscore: 0.0938 train_c: -1.1306 train_max_dist: 3.1222 train_imax: -0.0000 train_imin: -1.1306 time: 1.0900s
INFO:root:Epoch: 1230 lr: 0.01 train_loss: 41715.2188 train_distortion: 0.8667 train_mapscore: 0.0931 train_c: -1.1311 train_max_dist: 3.1160 train_imax: -0.0000 train_imin: -1.1311 time: 1.1136s
INFO:root:Epoch: 1235 lr: 0.01 train_loss: 41713.0078 train_distortion: 0.8667 train_mapscore: 0.0943 train_c: -1.1315 train_max_dist: 3.1238 train_imax: -0.0000 train_imin: -1.1315 time: 1.0798s
INFO:root:Epoch: 1240 lr: 0.01 train_loss: 41710.8906 train_distortion: 0.8667 train_mapscore: 0.0950 train_c: -1.1320 train_max_dist: 3.1262 train_imax: -0.0000 train_imin: -1.1320 time: 1.0795s
INFO:root:Epoch: 1245 lr: 0.01 train_loss: 41708.6836 train_distortion: 0.8666 train_mapscore: 0.0945 train_c: -1.1325 train_max_dist: 3.1225 train_imax: -0.0000 train_imin: -1.1325 time: 1.0900s
INFO:root:Epoch: 1250 lr: 0.01 train_loss: 41706.4922 train_distortion: 0.8666 train_mapscore: 0.0947 train_c: -1.1330 train_max_dist: 3.1232 train_imax: -0.0000 train_imin: -1.1330 time: 1.0715s
INFO:root:Epoch: 1255 lr: 0.01 train_loss: 41704.4805 train_distortion: 0.8666 train_mapscore: 0.0939 train_c: -1.1334 train_max_dist: 3.1234 train_imax: -0.0000 train_imin: -1.1334 time: 1.0883s
INFO:root:Epoch: 1260 lr: 0.01 train_loss: 41702.1797 train_distortion: 0.8666 train_mapscore: 0.0915 train_c: -1.1339 train_max_dist: 3.1233 train_imax: -0.0000 train_imin: -1.1339 time: 1.0680s
INFO:root:Epoch: 1265 lr: 0.01 train_loss: 41699.9609 train_distortion: 0.8666 train_mapscore: 0.0921 train_c: -1.1344 train_max_dist: 3.1274 train_imax: -0.0000 train_imin: -1.1344 time: 1.0895s
INFO:root:Epoch: 1270 lr: 0.01 train_loss: 41697.8750 train_distortion: 0.8665 train_mapscore: 0.0931 train_c: -1.1349 train_max_dist: 3.1255 train_imax: -0.0000 train_imin: -1.1349 time: 1.0848s
INFO:root:Epoch: 1275 lr: 0.01 train_loss: 41695.6289 train_distortion: 0.8665 train_mapscore: 0.0933 train_c: -1.1353 train_max_dist: 3.1266 train_imax: -0.0000 train_imin: -1.1353 time: 1.0856s
INFO:root:Epoch: 1280 lr: 0.01 train_loss: 41693.3555 train_distortion: 0.8665 train_mapscore: 0.0931 train_c: -1.1358 train_max_dist: 3.1330 train_imax: -0.0000 train_imin: -1.1358 time: 1.0789s
INFO:root:Epoch: 1285 lr: 0.01 train_loss: 41691.1680 train_distortion: 0.8664 train_mapscore: 0.0927 train_c: -1.1363 train_max_dist: 3.1300 train_imax: -0.0000 train_imin: -1.1363 time: 1.1158s
INFO:root:Epoch: 1290 lr: 0.01 train_loss: 41688.8125 train_distortion: 0.8664 train_mapscore: 0.0929 train_c: -1.1368 train_max_dist: 3.1309 train_imax: -0.0000 train_imin: -1.1368 time: 1.0849s
INFO:root:Epoch: 1295 lr: 0.01 train_loss: 41686.5625 train_distortion: 0.8664 train_mapscore: 0.0925 train_c: -1.1372 train_max_dist: 3.1308 train_imax: -0.0000 train_imin: -1.1372 time: 1.0956s
INFO:root:Epoch: 1300 lr: 0.01 train_loss: 41684.4609 train_distortion: 0.8663 train_mapscore: 0.0941 train_c: -1.1377 train_max_dist: 3.1304 train_imax: -0.0000 train_imin: -1.1377 time: 1.0841s
INFO:root:Epoch: 1305 lr: 0.01 train_loss: 41682.3750 train_distortion: 0.8663 train_mapscore: 0.0921 train_c: -1.1382 train_max_dist: 3.1382 train_imax: -0.0000 train_imin: -1.1382 time: 1.0906s
INFO:root:Epoch: 1310 lr: 0.01 train_loss: 41680.0820 train_distortion: 0.8663 train_mapscore: 0.0939 train_c: -1.1387 train_max_dist: 3.1351 train_imax: -0.0000 train_imin: -1.1387 time: 1.1202s
INFO:root:Epoch: 1315 lr: 0.01 train_loss: 41677.6914 train_distortion: 0.8663 train_mapscore: 0.0941 train_c: -1.1391 train_max_dist: 3.1358 train_imax: -0.0000 train_imin: -1.1391 time: 1.1065s
INFO:root:Epoch: 1320 lr: 0.01 train_loss: 41675.6953 train_distortion: 0.8663 train_mapscore: 0.0931 train_c: -1.1396 train_max_dist: 3.1348 train_imax: -0.0000 train_imin: -1.1396 time: 1.1193s
INFO:root:Epoch: 1325 lr: 0.01 train_loss: 41673.5586 train_distortion: 0.8662 train_mapscore: 0.0921 train_c: -1.1401 train_max_dist: 3.1382 train_imax: -0.0000 train_imin: -1.1401 time: 1.1358s
INFO:root:Epoch: 1330 lr: 0.01 train_loss: 41671.1836 train_distortion: 0.8662 train_mapscore: 0.0941 train_c: -1.1406 train_max_dist: 3.1434 train_imax: -0.0000 train_imin: -1.1406 time: 1.1178s
INFO:root:Epoch: 1335 lr: 0.01 train_loss: 41668.9688 train_distortion: 0.8662 train_mapscore: 0.0933 train_c: -1.1410 train_max_dist: 3.1346 train_imax: -0.0000 train_imin: -1.1410 time: 1.1162s
INFO:root:Epoch: 1340 lr: 0.01 train_loss: 41666.9531 train_distortion: 0.8662 train_mapscore: 0.0955 train_c: -1.1415 train_max_dist: 3.1336 train_imax: -0.0000 train_imin: -1.1415 time: 1.1681s
INFO:root:Epoch: 1345 lr: 0.01 train_loss: 41664.7383 train_distortion: 0.8661 train_mapscore: 0.0938 train_c: -1.1420 train_max_dist: 3.1367 train_imax: -0.0000 train_imin: -1.1420 time: 1.1149s
INFO:root:Epoch: 1350 lr: 0.01 train_loss: 41662.4531 train_distortion: 0.8661 train_mapscore: 0.0933 train_c: -1.1425 train_max_dist: 3.1378 train_imax: -0.0000 train_imin: -1.1425 time: 1.1240s
INFO:root:Epoch: 1355 lr: 0.01 train_loss: 41660.3594 train_distortion: 0.8661 train_mapscore: 0.0944 train_c: -1.1429 train_max_dist: 3.1345 train_imax: -0.0000 train_imin: -1.1429 time: 1.1133s
INFO:root:Epoch: 1360 lr: 0.01 train_loss: 41658.3398 train_distortion: 0.8660 train_mapscore: 0.0945 train_c: -1.1434 train_max_dist: 3.1387 train_imax: -0.0000 train_imin: -1.1434 time: 1.0948s
INFO:root:Epoch: 1365 lr: 0.01 train_loss: 41656.3711 train_distortion: 0.8660 train_mapscore: 0.0936 train_c: -1.1439 train_max_dist: 3.1412 train_imax: -0.0000 train_imin: -1.1439 time: 1.0924s
INFO:root:Epoch: 1370 lr: 0.01 train_loss: 41654.3047 train_distortion: 0.8660 train_mapscore: 0.0942 train_c: -1.1443 train_max_dist: 3.1377 train_imax: -0.0000 train_imin: -1.1443 time: 1.0852s
INFO:root:Epoch: 1375 lr: 0.01 train_loss: 41652.1680 train_distortion: 0.8660 train_mapscore: 0.0955 train_c: -1.1448 train_max_dist: 3.1428 train_imax: -0.0000 train_imin: -1.1448 time: 1.0891s
INFO:root:Epoch: 1380 lr: 0.01 train_loss: 41650.0703 train_distortion: 0.8659 train_mapscore: 0.0959 train_c: -1.1453 train_max_dist: 3.1385 train_imax: -0.0000 train_imin: -1.1453 time: 1.0819s
INFO:root:Epoch: 1385 lr: 0.01 train_loss: 41647.8828 train_distortion: 0.8659 train_mapscore: 0.0948 train_c: -1.1458 train_max_dist: 3.1449 train_imax: -0.0000 train_imin: -1.1458 time: 1.0897s
INFO:root:Epoch: 1390 lr: 0.01 train_loss: 41645.8750 train_distortion: 0.8659 train_mapscore: 0.0954 train_c: -1.1462 train_max_dist: 3.1406 train_imax: -0.0000 train_imin: -1.1462 time: 1.0863s
INFO:root:Epoch: 1395 lr: 0.01 train_loss: 41643.6680 train_distortion: 0.8659 train_mapscore: 0.0957 train_c: -1.1467 train_max_dist: 3.1515 train_imax: -0.0000 train_imin: -1.1467 time: 1.1210s
INFO:root:Epoch: 1400 lr: 0.01 train_loss: 41641.5859 train_distortion: 0.8658 train_mapscore: 0.0941 train_c: -1.1472 train_max_dist: 3.1454 train_imax: -0.0000 train_imin: -1.1472 time: 1.0986s
INFO:root:Epoch: 1405 lr: 0.01 train_loss: 41639.4688 train_distortion: 0.8658 train_mapscore: 0.0937 train_c: -1.1476 train_max_dist: 3.1505 train_imax: -0.0000 train_imin: -1.1476 time: 1.0882s
INFO:root:Epoch: 1410 lr: 0.01 train_loss: 41637.1719 train_distortion: 0.8658 train_mapscore: 0.0939 train_c: -1.1481 train_max_dist: 3.1489 train_imax: -0.0000 train_imin: -1.1481 time: 1.0787s
INFO:root:Epoch: 1415 lr: 0.01 train_loss: 41635.1016 train_distortion: 0.8658 train_mapscore: 0.0953 train_c: -1.1486 train_max_dist: 3.1518 train_imax: -0.0000 train_imin: -1.1486 time: 1.0797s
INFO:root:Epoch: 1420 lr: 0.01 train_loss: 41632.6953 train_distortion: 0.8657 train_mapscore: 0.0951 train_c: -1.1491 train_max_dist: 3.1467 train_imax: -0.0000 train_imin: -1.1491 time: 1.0880s
INFO:root:Epoch: 1425 lr: 0.01 train_loss: 41630.7109 train_distortion: 0.8657 train_mapscore: 0.0951 train_c: -1.1495 train_max_dist: 3.1425 train_imax: -0.0000 train_imin: -1.1495 time: 1.0778s
INFO:root:Epoch: 1430 lr: 0.01 train_loss: 41628.2188 train_distortion: 0.8657 train_mapscore: 0.0944 train_c: -1.1500 train_max_dist: 3.1474 train_imax: -0.0000 train_imin: -1.1500 time: 1.0812s
INFO:root:Epoch: 1435 lr: 0.01 train_loss: 41625.6367 train_distortion: 0.8657 train_mapscore: 0.0949 train_c: -1.1505 train_max_dist: 3.1467 train_imax: -0.0000 train_imin: -1.1505 time: 1.0877s
INFO:root:Epoch: 1440 lr: 0.01 train_loss: 41622.8320 train_distortion: 0.8656 train_mapscore: 0.0954 train_c: -1.1509 train_max_dist: 3.1490 train_imax: -0.0000 train_imin: -1.1509 time: 1.0901s
INFO:root:Epoch: 1445 lr: 0.01 train_loss: 41620.1875 train_distortion: 0.8656 train_mapscore: 0.0935 train_c: -1.1514 train_max_dist: 3.1447 train_imax: -0.0000 train_imin: -1.1514 time: 1.0918s
INFO:root:Epoch: 1450 lr: 0.01 train_loss: 41616.8789 train_distortion: 0.8655 train_mapscore: 0.0946 train_c: -1.1519 train_max_dist: 3.1451 train_imax: -0.0000 train_imin: -1.1519 time: 1.1913s
INFO:root:Epoch: 1455 lr: 0.01 train_loss: 41613.7500 train_distortion: 0.8655 train_mapscore: 0.0946 train_c: -1.1524 train_max_dist: 3.1549 train_imax: -0.0000 train_imin: -1.1524 time: 1.1106s
INFO:root:Epoch: 1460 lr: 0.01 train_loss: 41611.1641 train_distortion: 0.8655 train_mapscore: 0.0941 train_c: -1.1528 train_max_dist: 3.1514 train_imax: -0.0000 train_imin: -1.1528 time: 1.1236s
INFO:root:Epoch: 1465 lr: 0.01 train_loss: 41608.1445 train_distortion: 0.8655 train_mapscore: 0.0924 train_c: -1.1533 train_max_dist: 3.1491 train_imax: -0.0000 train_imin: -1.1533 time: 1.1142s
INFO:root:Epoch: 1470 lr: 0.01 train_loss: 41605.3203 train_distortion: 0.8654 train_mapscore: 0.0939 train_c: -1.1538 train_max_dist: 3.1563 train_imax: -0.0000 train_imin: -1.1538 time: 1.1196s
INFO:root:Epoch: 1475 lr: 0.01 train_loss: 41601.8359 train_distortion: 0.8654 train_mapscore: 0.0934 train_c: -1.1542 train_max_dist: 3.1518 train_imax: -0.0000 train_imin: -1.1542 time: 1.1108s
INFO:root:Epoch: 1480 lr: 0.01 train_loss: 41598.7812 train_distortion: 0.8654 train_mapscore: 0.0941 train_c: -1.1547 train_max_dist: 3.1422 train_imax: -0.0000 train_imin: -1.1547 time: 1.0868s
INFO:root:Epoch: 1485 lr: 0.01 train_loss: 41595.8672 train_distortion: 0.8653 train_mapscore: 0.0946 train_c: -1.1552 train_max_dist: 3.1514 train_imax: -0.0000 train_imin: -1.1552 time: 1.0912s
INFO:root:Epoch: 1490 lr: 0.01 train_loss: 41593.5273 train_distortion: 0.8653 train_mapscore: 0.0950 train_c: -1.1556 train_max_dist: 3.1531 train_imax: -0.0000 train_imin: -1.1556 time: 1.1035s
INFO:root:Epoch: 1495 lr: 0.01 train_loss: 41591.0547 train_distortion: 0.8653 train_mapscore: 0.0941 train_c: -1.1561 train_max_dist: 3.1553 train_imax: -0.0000 train_imin: -1.1561 time: 1.0910s
INFO:root:Epoch: 1500 lr: 0.01 train_loss: 41588.7500 train_distortion: 0.8653 train_mapscore: 0.0949 train_c: -1.1566 train_max_dist: 3.1518 train_imax: -0.0000 train_imin: -1.1566 time: 1.0905s
INFO:root:Epoch: 1505 lr: 0.01 train_loss: 41586.3984 train_distortion: 0.8653 train_mapscore: 0.0947 train_c: -1.1570 train_max_dist: 3.1517 train_imax: -0.0000 train_imin: -1.1570 time: 1.1162s
INFO:root:Epoch: 1510 lr: 0.01 train_loss: 41584.2656 train_distortion: 0.8653 train_mapscore: 0.0943 train_c: -1.1575 train_max_dist: 3.1566 train_imax: -0.0000 train_imin: -1.1575 time: 1.0883s
INFO:root:Epoch: 1515 lr: 0.01 train_loss: 41581.8594 train_distortion: 0.8652 train_mapscore: 0.0946 train_c: -1.1580 train_max_dist: 3.1499 train_imax: -0.0000 train_imin: -1.1580 time: 1.0856s
INFO:root:Epoch: 1520 lr: 0.01 train_loss: 41579.4531 train_distortion: 0.8652 train_mapscore: 0.0937 train_c: -1.1585 train_max_dist: 3.1537 train_imax: -0.0000 train_imin: -1.1585 time: 1.0856s
INFO:root:Epoch: 1525 lr: 0.01 train_loss: 41577.3789 train_distortion: 0.8652 train_mapscore: 0.0951 train_c: -1.1589 train_max_dist: 3.1528 train_imax: -0.0000 train_imin: -1.1589 time: 1.0751s
INFO:root:Epoch: 1530 lr: 0.01 train_loss: 41574.8828 train_distortion: 0.8652 train_mapscore: 0.0948 train_c: -1.1594 train_max_dist: 3.1565 train_imax: -0.0000 train_imin: -1.1594 time: 1.0889s
INFO:root:Epoch: 1535 lr: 0.01 train_loss: 41572.7578 train_distortion: 0.8652 train_mapscore: 0.0952 train_c: -1.1599 train_max_dist: 3.1569 train_imax: -0.0000 train_imin: -1.1599 time: 1.0820s
INFO:root:Epoch: 1540 lr: 0.01 train_loss: 41570.7656 train_distortion: 0.8652 train_mapscore: 0.0941 train_c: -1.1603 train_max_dist: 3.1610 train_imax: -0.0000 train_imin: -1.1603 time: 1.0830s
INFO:root:Epoch: 1545 lr: 0.01 train_loss: 41568.6250 train_distortion: 0.8651 train_mapscore: 0.0948 train_c: -1.1608 train_max_dist: 3.1568 train_imax: -0.0000 train_imin: -1.1608 time: 1.0983s
INFO:root:Epoch: 1550 lr: 0.01 train_loss: 41566.4883 train_distortion: 0.8651 train_mapscore: 0.0951 train_c: -1.1613 train_max_dist: 3.1607 train_imax: -0.0000 train_imin: -1.1613 time: 1.0757s
INFO:root:Epoch: 1555 lr: 0.01 train_loss: 41564.2305 train_distortion: 0.8651 train_mapscore: 0.0955 train_c: -1.1617 train_max_dist: 3.1656 train_imax: -0.0000 train_imin: -1.1617 time: 1.0941s
INFO:root:Epoch: 1560 lr: 0.01 train_loss: 41562.0430 train_distortion: 0.8651 train_mapscore: 0.0950 train_c: -1.1622 train_max_dist: 3.1645 train_imax: -0.0000 train_imin: -1.1622 time: 1.1020s
INFO:root:Epoch: 1565 lr: 0.01 train_loss: 41560.1250 train_distortion: 0.8651 train_mapscore: 0.0957 train_c: -1.1627 train_max_dist: 3.1618 train_imax: -0.0000 train_imin: -1.1627 time: 1.1597s
INFO:root:Epoch: 1570 lr: 0.01 train_loss: 41557.9141 train_distortion: 0.8650 train_mapscore: 0.0948 train_c: -1.1631 train_max_dist: 3.1625 train_imax: -0.0000 train_imin: -1.1631 time: 1.0907s
INFO:root:Epoch: 1575 lr: 0.01 train_loss: 41555.4375 train_distortion: 0.8650 train_mapscore: 0.0958 train_c: -1.1636 train_max_dist: 3.1591 train_imax: -0.0000 train_imin: -1.1636 time: 1.0798s
INFO:root:Epoch: 1580 lr: 0.01 train_loss: 41553.1211 train_distortion: 0.8650 train_mapscore: 0.0958 train_c: -1.1641 train_max_dist: 3.1645 train_imax: -0.0000 train_imin: -1.1641 time: 1.0805s
INFO:root:Epoch: 1585 lr: 0.01 train_loss: 41550.9688 train_distortion: 0.8650 train_mapscore: 0.0970 train_c: -1.1646 train_max_dist: 3.1621 train_imax: -0.0000 train_imin: -1.1646 time: 1.0865s
INFO:root:Epoch: 1590 lr: 0.01 train_loss: 41548.7070 train_distortion: 0.8649 train_mapscore: 0.0965 train_c: -1.1650 train_max_dist: 3.1588 train_imax: -0.0000 train_imin: -1.1650 time: 1.0679s
INFO:root:Epoch: 1595 lr: 0.01 train_loss: 41546.4453 train_distortion: 0.8649 train_mapscore: 0.0971 train_c: -1.1655 train_max_dist: 3.1577 train_imax: -0.0000 train_imin: -1.1655 time: 1.0922s
INFO:root:Epoch: 1600 lr: 0.01 train_loss: 41544.3047 train_distortion: 0.8649 train_mapscore: 0.0968 train_c: -1.1660 train_max_dist: 3.1618 train_imax: -0.0000 train_imin: -1.1660 time: 1.0732s
INFO:root:Epoch: 1605 lr: 0.01 train_loss: 41541.9570 train_distortion: 0.8649 train_mapscore: 0.0965 train_c: -1.1664 train_max_dist: 3.1619 train_imax: -0.0000 train_imin: -1.1664 time: 1.0873s
INFO:root:Epoch: 1610 lr: 0.01 train_loss: 41539.8203 train_distortion: 0.8648 train_mapscore: 0.0964 train_c: -1.1669 train_max_dist: 3.1709 train_imax: -0.0000 train_imin: -1.1669 time: 1.0668s
INFO:root:Epoch: 1615 lr: 0.01 train_loss: 41537.7656 train_distortion: 0.8648 train_mapscore: 0.0967 train_c: -1.1674 train_max_dist: 3.1594 train_imax: -0.0000 train_imin: -1.1674 time: 1.1113s
INFO:root:Epoch: 1620 lr: 0.01 train_loss: 41535.5156 train_distortion: 0.8648 train_mapscore: 0.0947 train_c: -1.1678 train_max_dist: 3.1638 train_imax: -0.0000 train_imin: -1.1678 time: 1.0788s
INFO:root:Epoch: 1625 lr: 0.01 train_loss: 41533.6758 train_distortion: 0.8647 train_mapscore: 0.0960 train_c: -1.1683 train_max_dist: 3.1706 train_imax: -0.0000 train_imin: -1.1683 time: 1.0746s
INFO:root:Epoch: 1630 lr: 0.01 train_loss: 41531.6484 train_distortion: 0.8647 train_mapscore: 0.0960 train_c: -1.1688 train_max_dist: 3.1691 train_imax: -0.0000 train_imin: -1.1688 time: 1.0755s
INFO:root:Epoch: 1635 lr: 0.01 train_loss: 41529.6328 train_distortion: 0.8647 train_mapscore: 0.0970 train_c: -1.1693 train_max_dist: 3.1687 train_imax: -0.0000 train_imin: -1.1693 time: 1.0675s
INFO:root:Epoch: 1640 lr: 0.01 train_loss: 41527.5586 train_distortion: 0.8646 train_mapscore: 0.0962 train_c: -1.1697 train_max_dist: 3.1734 train_imax: -0.0000 train_imin: -1.1697 time: 1.0673s
INFO:root:Epoch: 1645 lr: 0.01 train_loss: 41525.7344 train_distortion: 0.8646 train_mapscore: 0.0963 train_c: -1.1702 train_max_dist: 3.1717 train_imax: -0.0000 train_imin: -1.1702 time: 1.0810s
INFO:root:Epoch: 1650 lr: 0.01 train_loss: 41523.5117 train_distortion: 0.8646 train_mapscore: 0.0970 train_c: -1.1707 train_max_dist: 3.1715 train_imax: -0.0000 train_imin: -1.1707 time: 1.0806s
INFO:root:Epoch: 1655 lr: 0.01 train_loss: 41521.4648 train_distortion: 0.8645 train_mapscore: 0.0965 train_c: -1.1711 train_max_dist: 3.1669 train_imax: -0.0000 train_imin: -1.1711 time: 1.0723s
INFO:root:Epoch: 1660 lr: 0.01 train_loss: 41519.4570 train_distortion: 0.8645 train_mapscore: 0.0969 train_c: -1.1716 train_max_dist: 3.1739 train_imax: -0.0000 train_imin: -1.1716 time: 1.0869s
INFO:root:Epoch: 1665 lr: 0.01 train_loss: 41517.5430 train_distortion: 0.8645 train_mapscore: 0.0967 train_c: -1.1721 train_max_dist: 3.1730 train_imax: -0.0000 train_imin: -1.1721 time: 1.0799s
INFO:root:Epoch: 1670 lr: 0.01 train_loss: 41515.6836 train_distortion: 0.8645 train_mapscore: 0.0966 train_c: -1.1725 train_max_dist: 3.1758 train_imax: -0.0000 train_imin: -1.1725 time: 1.1089s
INFO:root:Epoch: 1675 lr: 0.01 train_loss: 41513.7461 train_distortion: 0.8644 train_mapscore: 0.0967 train_c: -1.1730 train_max_dist: 3.1731 train_imax: -0.0000 train_imin: -1.1730 time: 1.0820s
INFO:root:Epoch: 1680 lr: 0.01 train_loss: 41511.6328 train_distortion: 0.8644 train_mapscore: 0.0975 train_c: -1.1735 train_max_dist: 3.1731 train_imax: -0.0000 train_imin: -1.1735 time: 1.0781s
INFO:root:Epoch: 1685 lr: 0.01 train_loss: 41509.7188 train_distortion: 0.8644 train_mapscore: 0.0969 train_c: -1.1739 train_max_dist: 3.1758 train_imax: -0.0000 train_imin: -1.1739 time: 1.0946s
INFO:root:Epoch: 1690 lr: 0.01 train_loss: 41507.7852 train_distortion: 0.8643 train_mapscore: 0.0976 train_c: -1.1744 train_max_dist: 3.1744 train_imax: -0.0000 train_imin: -1.1744 time: 1.0770s
INFO:root:Epoch: 1695 lr: 0.01 train_loss: 41505.7969 train_distortion: 0.8643 train_mapscore: 0.0977 train_c: -1.1749 train_max_dist: 3.1726 train_imax: -0.0000 train_imin: -1.1749 time: 1.0625s
INFO:root:Epoch: 1700 lr: 0.01 train_loss: 41503.9453 train_distortion: 0.8643 train_mapscore: 0.0969 train_c: -1.1753 train_max_dist: 3.1767 train_imax: -0.0000 train_imin: -1.1753 time: 1.0783s
INFO:root:Epoch: 1705 lr: 0.01 train_loss: 41501.9375 train_distortion: 0.8642 train_mapscore: 0.0978 train_c: -1.1758 train_max_dist: 3.1752 train_imax: -0.0000 train_imin: -1.1758 time: 1.0815s
INFO:root:Epoch: 1710 lr: 0.01 train_loss: 41499.9922 train_distortion: 0.8642 train_mapscore: 0.0976 train_c: -1.1763 train_max_dist: 3.1791 train_imax: -0.0000 train_imin: -1.1763 time: 1.0710s
INFO:root:Epoch: 1715 lr: 0.01 train_loss: 41497.9609 train_distortion: 0.8642 train_mapscore: 0.0969 train_c: -1.1767 train_max_dist: 3.1811 train_imax: -0.0000 train_imin: -1.1767 time: 1.1100s
INFO:root:Epoch: 1720 lr: 0.01 train_loss: 41495.8633 train_distortion: 0.8641 train_mapscore: 0.0961 train_c: -1.1772 train_max_dist: 3.1723 train_imax: -0.0000 train_imin: -1.1772 time: 1.0769s
INFO:root:Epoch: 1725 lr: 0.01 train_loss: 41493.9336 train_distortion: 0.8641 train_mapscore: 0.0970 train_c: -1.1777 train_max_dist: 3.1774 train_imax: -0.0000 train_imin: -1.1777 time: 1.0951s
INFO:root:Epoch: 1730 lr: 0.01 train_loss: 41492.0898 train_distortion: 0.8641 train_mapscore: 0.0983 train_c: -1.1781 train_max_dist: 3.1781 train_imax: -0.0000 train_imin: -1.1781 time: 1.0703s
INFO:root:Epoch: 1735 lr: 0.01 train_loss: 41490.0820 train_distortion: 0.8641 train_mapscore: 0.0973 train_c: -1.1786 train_max_dist: 3.1799 train_imax: -0.0000 train_imin: -1.1786 time: 1.0748s
INFO:root:Epoch: 1740 lr: 0.01 train_loss: 41488.2812 train_distortion: 0.8640 train_mapscore: 0.0975 train_c: -1.1791 train_max_dist: 3.1832 train_imax: -0.0000 train_imin: -1.1791 time: 1.0743s
INFO:root:Epoch: 1745 lr: 0.01 train_loss: 41486.2070 train_distortion: 0.8640 train_mapscore: 0.0971 train_c: -1.1795 train_max_dist: 3.1811 train_imax: -0.0000 train_imin: -1.1795 time: 1.0699s
INFO:root:Epoch: 1750 lr: 0.01 train_loss: 41484.0547 train_distortion: 0.8640 train_mapscore: 0.0971 train_c: -1.1800 train_max_dist: 3.1833 train_imax: -0.0000 train_imin: -1.1800 time: 1.0763s
INFO:root:Epoch: 1755 lr: 0.01 train_loss: 41482.1914 train_distortion: 0.8639 train_mapscore: 0.0980 train_c: -1.1804 train_max_dist: 3.1861 train_imax: -0.0000 train_imin: -1.1804 time: 1.0745s
INFO:root:Epoch: 1760 lr: 0.01 train_loss: 41480.2578 train_distortion: 0.8639 train_mapscore: 0.0960 train_c: -1.1809 train_max_dist: 3.1883 train_imax: -0.0000 train_imin: -1.1809 time: 1.0981s
INFO:root:Epoch: 1765 lr: 0.01 train_loss: 41478.0430 train_distortion: 0.8639 train_mapscore: 0.0995 train_c: -1.1814 train_max_dist: 3.1836 train_imax: -0.0000 train_imin: -1.1814 time: 1.0908s
INFO:root:Epoch: 1770 lr: 0.01 train_loss: 41476.2344 train_distortion: 0.8638 train_mapscore: 0.0982 train_c: -1.1818 train_max_dist: 3.1884 train_imax: -0.0000 train_imin: -1.1818 time: 1.0766s
INFO:root:Epoch: 1775 lr: 0.01 train_loss: 41473.9609 train_distortion: 0.8638 train_mapscore: 0.0995 train_c: -1.1823 train_max_dist: 3.1891 train_imax: -0.0000 train_imin: -1.1823 time: 1.0720s
INFO:root:Epoch: 1780 lr: 0.01 train_loss: 41472.0000 train_distortion: 0.8637 train_mapscore: 0.0981 train_c: -1.1828 train_max_dist: 3.1855 train_imax: -0.0000 train_imin: -1.1828 time: 1.1205s
INFO:root:Epoch: 1785 lr: 0.01 train_loss: 41469.5938 train_distortion: 0.8637 train_mapscore: 0.0995 train_c: -1.1832 train_max_dist: 3.1873 train_imax: -0.0000 train_imin: -1.1832 time: 1.0882s
INFO:root:Epoch: 1790 lr: 0.01 train_loss: 41467.5547 train_distortion: 0.8637 train_mapscore: 0.0996 train_c: -1.1837 train_max_dist: 3.1902 train_imax: -0.0000 train_imin: -1.1837 time: 1.0788s
INFO:root:Epoch: 1795 lr: 0.01 train_loss: 41465.2305 train_distortion: 0.8636 train_mapscore: 0.0978 train_c: -1.1842 train_max_dist: 3.1900 train_imax: -0.0000 train_imin: -1.1842 time: 1.0850s
INFO:root:Epoch: 1800 lr: 0.01 train_loss: 41463.0703 train_distortion: 0.8636 train_mapscore: 0.0987 train_c: -1.1846 train_max_dist: 3.1914 train_imax: -0.0000 train_imin: -1.1846 time: 1.0885s
INFO:root:Epoch: 1805 lr: 0.01 train_loss: 41460.7422 train_distortion: 0.8636 train_mapscore: 0.0971 train_c: -1.1851 train_max_dist: 3.1901 train_imax: -0.0000 train_imin: -1.1851 time: 1.0792s
INFO:root:Epoch: 1810 lr: 0.01 train_loss: 41458.4219 train_distortion: 0.8635 train_mapscore: 0.0985 train_c: -1.1856 train_max_dist: 3.1956 train_imax: -0.0000 train_imin: -1.1856 time: 1.0696s
INFO:root:Epoch: 1815 lr: 0.01 train_loss: 41456.0508 train_distortion: 0.8635 train_mapscore: 0.0969 train_c: -1.1860 train_max_dist: 3.1966 train_imax: -0.0000 train_imin: -1.1860 time: 1.0906s
INFO:root:Epoch: 1820 lr: 0.01 train_loss: 41453.5781 train_distortion: 0.8634 train_mapscore: 0.0978 train_c: -1.1865 train_max_dist: 3.1984 train_imax: -0.0000 train_imin: -1.1865 time: 1.1188s
INFO:root:Epoch: 1825 lr: 0.01 train_loss: 41451.1836 train_distortion: 0.8634 train_mapscore: 0.0973 train_c: -1.1869 train_max_dist: 3.1988 train_imax: -0.0000 train_imin: -1.1869 time: 1.0660s
INFO:root:Epoch: 1830 lr: 0.01 train_loss: 41448.8672 train_distortion: 0.8633 train_mapscore: 0.0971 train_c: -1.1874 train_max_dist: 3.1948 train_imax: -0.0000 train_imin: -1.1874 time: 1.0779s
INFO:root:Epoch: 1835 lr: 0.01 train_loss: 41446.8398 train_distortion: 0.8633 train_mapscore: 0.0989 train_c: -1.1879 train_max_dist: 3.1985 train_imax: -0.0000 train_imin: -1.1879 time: 1.1072s
INFO:root:Epoch: 1840 lr: 0.01 train_loss: 41444.7656 train_distortion: 0.8633 train_mapscore: 0.0977 train_c: -1.1883 train_max_dist: 3.1961 train_imax: -0.0000 train_imin: -1.1883 time: 1.0879s
INFO:root:Epoch: 1845 lr: 0.01 train_loss: 41442.4531 train_distortion: 0.8632 train_mapscore: 0.0985 train_c: -1.1888 train_max_dist: 3.1992 train_imax: -0.0000 train_imin: -1.1888 time: 1.0842s
INFO:root:Epoch: 1850 lr: 0.01 train_loss: 41440.5508 train_distortion: 0.8632 train_mapscore: 0.0974 train_c: -1.1892 train_max_dist: 3.1963 train_imax: -0.0000 train_imin: -1.1892 time: 1.0750s
INFO:root:Epoch: 1855 lr: 0.01 train_loss: 41438.5000 train_distortion: 0.8632 train_mapscore: 0.0997 train_c: -1.1897 train_max_dist: 3.1959 train_imax: -0.0000 train_imin: -1.1897 time: 1.0897s
INFO:root:Epoch: 1860 lr: 0.01 train_loss: 41436.5234 train_distortion: 0.8632 train_mapscore: 0.0997 train_c: -1.1902 train_max_dist: 3.2018 train_imax: -0.0000 train_imin: -1.1902 time: 1.0691s
INFO:root:Epoch: 1865 lr: 0.01 train_loss: 41434.5508 train_distortion: 0.8631 train_mapscore: 0.0980 train_c: -1.1906 train_max_dist: 3.1958 train_imax: -0.0000 train_imin: -1.1906 time: 1.0840s
INFO:root:Epoch: 1870 lr: 0.01 train_loss: 41432.3906 train_distortion: 0.8631 train_mapscore: 0.0988 train_c: -1.1911 train_max_dist: 3.2048 train_imax: -0.0000 train_imin: -1.1911 time: 1.0874s
INFO:root:Epoch: 1875 lr: 0.01 train_loss: 41430.7031 train_distortion: 0.8631 train_mapscore: 0.1011 train_c: -1.1916 train_max_dist: 3.2076 train_imax: -0.0000 train_imin: -1.1916 time: 1.0860s
INFO:root:Epoch: 1880 lr: 0.01 train_loss: 41428.4609 train_distortion: 0.8630 train_mapscore: 0.0991 train_c: -1.1920 train_max_dist: 3.2044 train_imax: -0.0000 train_imin: -1.1920 time: 1.0937s
INFO:root:Epoch: 1885 lr: 0.01 train_loss: 41426.3281 train_distortion: 0.8630 train_mapscore: 0.0989 train_c: -1.1925 train_max_dist: 3.2014 train_imax: -0.0000 train_imin: -1.1925 time: 1.0786s
INFO:root:Epoch: 1890 lr: 0.01 train_loss: 41424.2109 train_distortion: 0.8630 train_mapscore: 0.0979 train_c: -1.1929 train_max_dist: 3.2040 train_imax: -0.0000 train_imin: -1.1929 time: 1.1225s
INFO:root:Epoch: 1895 lr: 0.01 train_loss: 41422.1523 train_distortion: 0.8629 train_mapscore: 0.0986 train_c: -1.1934 train_max_dist: 3.2093 train_imax: -0.0000 train_imin: -1.1934 time: 1.0884s
INFO:root:Epoch: 1900 lr: 0.01 train_loss: 41419.6523 train_distortion: 0.8629 train_mapscore: 0.0980 train_c: -1.1939 train_max_dist: 3.2026 train_imax: -0.0000 train_imin: -1.1939 time: 1.0811s
INFO:root:Epoch: 1905 lr: 0.01 train_loss: 41417.9297 train_distortion: 0.8629 train_mapscore: 0.0978 train_c: -1.1943 train_max_dist: 3.2025 train_imax: -0.0000 train_imin: -1.1943 time: 1.0697s
INFO:root:Epoch: 1910 lr: 0.01 train_loss: 41415.8320 train_distortion: 0.8628 train_mapscore: 0.0980 train_c: -1.1948 train_max_dist: 3.2107 train_imax: -0.0000 train_imin: -1.1948 time: 1.0764s
INFO:root:Epoch: 1915 lr: 0.01 train_loss: 41413.7539 train_distortion: 0.8628 train_mapscore: 0.0975 train_c: -1.1952 train_max_dist: 3.2134 train_imax: -0.0000 train_imin: -1.1952 time: 1.0888s
INFO:root:Epoch: 1920 lr: 0.01 train_loss: 41411.7969 train_distortion: 0.8628 train_mapscore: 0.0973 train_c: -1.1957 train_max_dist: 3.2118 train_imax: -0.0000 train_imin: -1.1957 time: 1.0765s
INFO:root:Epoch: 1925 lr: 0.01 train_loss: 41409.8711 train_distortion: 0.8627 train_mapscore: 0.0986 train_c: -1.1962 train_max_dist: 3.2115 train_imax: -0.0000 train_imin: -1.1962 time: 1.0780s
INFO:root:Epoch: 1930 lr: 0.01 train_loss: 41407.9688 train_distortion: 0.8627 train_mapscore: 0.0973 train_c: -1.1966 train_max_dist: 3.2066 train_imax: -0.0000 train_imin: -1.1966 time: 1.0925s
INFO:root:Epoch: 1935 lr: 0.01 train_loss: 41406.0938 train_distortion: 0.8627 train_mapscore: 0.0983 train_c: -1.1971 train_max_dist: 3.2115 train_imax: -0.0000 train_imin: -1.1971 time: 1.0851s
INFO:root:Epoch: 1940 lr: 0.01 train_loss: 41404.0625 train_distortion: 0.8626 train_mapscore: 0.0975 train_c: -1.1975 train_max_dist: 3.2137 train_imax: -0.0000 train_imin: -1.1975 time: 1.0791s
INFO:root:Epoch: 1945 lr: 0.01 train_loss: 41402.1562 train_distortion: 0.8626 train_mapscore: 0.0983 train_c: -1.1980 train_max_dist: 3.2176 train_imax: -0.0000 train_imin: -1.1980 time: 1.1113s
INFO:root:Epoch: 1950 lr: 0.01 train_loss: 41400.2539 train_distortion: 0.8626 train_mapscore: 0.0977 train_c: -1.1985 train_max_dist: 3.2165 train_imax: -0.0000 train_imin: -1.1985 time: 1.0774s
INFO:root:Epoch: 1955 lr: 0.01 train_loss: 41398.0469 train_distortion: 0.8625 train_mapscore: 0.0970 train_c: -1.1989 train_max_dist: 3.2124 train_imax: -0.0000 train_imin: -1.1989 time: 1.0760s
INFO:root:Epoch: 1960 lr: 0.01 train_loss: 41396.5664 train_distortion: 0.8625 train_mapscore: 0.0977 train_c: -1.1994 train_max_dist: 3.2177 train_imax: -0.0000 train_imin: -1.1994 time: 1.1216s
INFO:root:Epoch: 1965 lr: 0.01 train_loss: 41394.3086 train_distortion: 0.8625 train_mapscore: 0.0983 train_c: -1.1998 train_max_dist: 3.2190 train_imax: -0.0000 train_imin: -1.1998 time: 1.0803s
INFO:root:Epoch: 1970 lr: 0.01 train_loss: 41392.6016 train_distortion: 0.8624 train_mapscore: 0.0972 train_c: -1.2003 train_max_dist: 3.2215 train_imax: -0.0000 train_imin: -1.2003 time: 1.0680s
INFO:root:Epoch: 1975 lr: 0.01 train_loss: 41390.5195 train_distortion: 0.8624 train_mapscore: 0.0980 train_c: -1.2008 train_max_dist: 3.2212 train_imax: -0.0000 train_imin: -1.2008 time: 1.0784s
INFO:root:Epoch: 1980 lr: 0.01 train_loss: 41388.6797 train_distortion: 0.8624 train_mapscore: 0.0994 train_c: -1.2012 train_max_dist: 3.2187 train_imax: -0.0000 train_imin: -1.2012 time: 1.0810s
INFO:root:Epoch: 1985 lr: 0.01 train_loss: 41386.4805 train_distortion: 0.8623 train_mapscore: 0.0987 train_c: -1.2017 train_max_dist: 3.2199 train_imax: -0.0000 train_imin: -1.2017 time: 1.0727s
INFO:root:Epoch: 1990 lr: 0.01 train_loss: 41384.7734 train_distortion: 0.8623 train_mapscore: 0.1002 train_c: -1.2021 train_max_dist: 3.2197 train_imax: -0.0000 train_imin: -1.2021 time: 1.0795s
INFO:root:Epoch: 1995 lr: 0.01 train_loss: 41382.6602 train_distortion: 0.8623 train_mapscore: 0.0982 train_c: -1.2026 train_max_dist: 3.2183 train_imax: -0.0000 train_imin: -1.2026 time: 1.0674s
INFO:root:Epoch: 2000 lr: 0.0025 train_loss: 41380.8438 train_distortion: 0.8622 train_mapscore: 0.0991 train_c: -1.2031 train_max_dist: 3.2210 train_imax: -0.0000 train_imin: -1.2031 time: 1.1169s
INFO:root:Optimization Finished!
INFO:root:Total time elapsed: 2173.4641s
INFO:root:Val set results: val_distortion: 1.0000 val_mapscore: -1.0000 val_c: -1.0000 val_max_dist: 0.0000
INFO:root:Test set results: test_loss: 41380.3516 test_distortion: 0.8622 test_mapscore: 0.0988 test_c: -1.2031 test_max_dist: 3.2201 test_imax: -0.0000 test_imin: -1.2031
INFO:root:Saved model in /workspace/xiongbo/hgcn/logs/md/2021_5_27/8
