INFO:root:Using: cuda:0
INFO:root:Using seed 1234.
INFO:root:MDModel(
  (encoder): HGCN(
    (layers): Sequential(
      (0): HyperbolicGraphConvolution(
        (linear): HypLinear(
          in_features=2641, out_features=10, c=Parameter containing:
          tensor([-1.], requires_grad=True)
        )
        (agg): HypAgg(
          c=Parameter containing:
          tensor([-1.], requires_grad=True)
        )
        (hyp_act): HypAct(
          c_in=Parameter containing:
          tensor([-1.], requires_grad=True), c_out=Parameter containing:
          tensor([-1.], requires_grad=True)
        )
      )
    )
  )
  (decoder): MDDecoder()
)
INFO:root:Total number of parameters: 26422
/workspace/anaconda3/envs/geo/lib/python3.7/site-packages/torch/optim/lr_scheduler.py:370: UserWarning: To get the last learning rate computed by the scheduler, please use `get_last_lr()`.
  "please use `get_last_lr()`.", UserWarning)
INFO:root:Epoch: 0005 lr: 0.01 train_loss: 48493.6797 train_distortion: 0.9469 train_mapscore: 0.2376 train_c: -1.0004 train_max_dist: 2.2298 train_imax: -0.0000 train_imin: -1.3659 time: 1.0043s
INFO:root:Epoch: 0010 lr: 0.01 train_loss: 45895.6328 train_distortion: 0.9149 train_mapscore: 0.3515 train_c: -1.0009 train_max_dist: 2.9012 train_imax: -0.0000 train_imin: -1.5137 time: 0.9640s
INFO:root:Epoch: 0015 lr: 0.01 train_loss: 43659.5898 train_distortion: 0.8874 train_mapscore: 0.4548 train_c: -1.0014 train_max_dist: 3.7529 train_imax: -0.0000 train_imin: -1.6090 time: 0.9594s
INFO:root:Epoch: 0020 lr: 0.01 train_loss: 41344.5469 train_distortion: 0.8587 train_mapscore: 0.5622 train_c: -1.0020 train_max_dist: 4.5379 train_imax: -0.0000 train_imin: -1.6296 time: 0.9530s
INFO:root:Epoch: 0025 lr: 0.01 train_loss: 38676.8672 train_distortion: 0.8254 train_mapscore: 0.6677 train_c: -1.0025 train_max_dist: 5.6262 train_imax: -0.0000 train_imin: -1.7430 time: 0.9473s
INFO:root:Epoch: 0030 lr: 0.01 train_loss: 35364.9844 train_distortion: 0.7834 train_mapscore: 0.7552 train_c: -1.0031 train_max_dist: 6.9511 train_imax: -0.0000 train_imin: -1.8128 time: 0.9451s
INFO:root:Epoch: 0035 lr: 0.01 train_loss: 31189.5527 train_distortion: 0.7295 train_mapscore: 0.8092 train_c: -1.0038 train_max_dist: 8.7498 train_imax: -0.0000 train_imin: -1.9188 time: 0.9415s
INFO:root:Epoch: 0040 lr: 0.01 train_loss: 26154.2891 train_distortion: 0.6623 train_mapscore: 0.8453 train_c: -1.0044 train_max_dist: 10.9527 train_imax: -0.0000 train_imin: -2.0813 time: 0.9393s
INFO:root:Epoch: 0045 lr: 0.01 train_loss: 20578.2891 train_distortion: 0.5836 train_mapscore: 0.8854 train_c: -1.0051 train_max_dist: 13.4984 train_imax: -0.0000 train_imin: -2.4942 time: 0.9675s
INFO:root:Epoch: 0050 lr: 0.01 train_loss: 15194.2148 train_distortion: 0.5000 train_mapscore: 0.9371 train_c: -1.0057 train_max_dist: 16.2624 train_imax: -0.0000 train_imin: -2.9620 time: 0.9397s
INFO:root:Epoch: 0055 lr: 0.01 train_loss: 11373.4717 train_distortion: 0.4228 train_mapscore: 0.9703 train_c: -1.0064 train_max_dist: 19.3404 train_imax: -0.0000 train_imin: -3.1437 time: 0.9521s
INFO:root:Epoch: 0060 lr: 0.01 train_loss: 9924.8750 train_distortion: 0.3648 train_mapscore: 0.9856 train_c: -1.0069 train_max_dist: 22.0620 train_imax: -0.0000 train_imin: -2.9802 time: 0.9545s
INFO:root:Epoch: 0065 lr: 0.01 train_loss: 9572.1855 train_distortion: 0.3287 train_mapscore: 0.9893 train_c: -1.0073 train_max_dist: 23.9988 train_imax: -0.0000 train_imin: -3.1997 time: 0.9528s
INFO:root:Epoch: 0070 lr: 0.01 train_loss: 9374.4492 train_distortion: 0.3086 train_mapscore: 0.9900 train_c: -1.0076 train_max_dist: 25.0964 train_imax: -0.0000 train_imin: -3.0263 time: 0.9502s
INFO:root:Epoch: 0075 lr: 0.01 train_loss: 9222.5742 train_distortion: 0.2984 train_mapscore: 0.9926 train_c: -1.0077 train_max_dist: 25.5625 train_imax: -0.0000 train_imin: -2.6733 time: 0.9499s
INFO:root:Epoch: 0080 lr: 0.01 train_loss: 9116.1523 train_distortion: 0.2935 train_mapscore: 0.9936 train_c: -1.0078 train_max_dist: 25.7114 train_imax: -0.0000 train_imin: -2.4831 time: 0.9500s
INFO:root:Epoch: 0085 lr: 0.01 train_loss: 9038.1211 train_distortion: 0.2911 train_mapscore: 0.9938 train_c: -1.0079 train_max_dist: 25.7271 train_imax: -0.0000 train_imin: -2.3760 time: 0.9540s
INFO:root:Epoch: 0090 lr: 0.01 train_loss: 8980.2363 train_distortion: 0.2898 train_mapscore: 0.9944 train_c: -1.0080 train_max_dist: 25.7046 train_imax: -0.0000 train_imin: -2.3697 time: 0.9497s
INFO:root:Epoch: 0095 lr: 0.01 train_loss: 8936.1523 train_distortion: 0.2890 train_mapscore: 0.9948 train_c: -1.0081 train_max_dist: 25.6729 train_imax: -0.0000 train_imin: -2.3801 time: 0.9513s
INFO:root:Epoch: 0100 lr: 0.01 train_loss: 8900.2031 train_distortion: 0.2884 train_mapscore: 0.9950 train_c: -1.0082 train_max_dist: 25.5864 train_imax: -0.0000 train_imin: -2.3328 time: 0.9497s
INFO:root:Epoch: 0105 lr: 0.01 train_loss: 8870.0479 train_distortion: 0.2879 train_mapscore: 0.9952 train_c: -1.0082 train_max_dist: 25.5725 train_imax: -0.0000 train_imin: -2.2716 time: 0.9511s
INFO:root:Epoch: 0110 lr: 0.01 train_loss: 8844.5605 train_distortion: 0.2874 train_mapscore: 0.9955 train_c: -1.0083 train_max_dist: 25.6753 train_imax: -0.0000 train_imin: -2.2423 time: 0.9777s
INFO:root:Epoch: 0115 lr: 0.01 train_loss: 8822.3457 train_distortion: 0.2868 train_mapscore: 0.9957 train_c: -1.0084 train_max_dist: 25.7911 train_imax: -0.0000 train_imin: -2.2271 time: 0.9518s
INFO:root:Epoch: 0120 lr: 0.01 train_loss: 8802.5059 train_distortion: 0.2860 train_mapscore: 0.9958 train_c: -1.0085 train_max_dist: 25.8835 train_imax: -0.0000 train_imin: -2.2246 time: 0.9506s
INFO:root:Epoch: 0125 lr: 0.01 train_loss: 8784.3633 train_distortion: 0.2853 train_mapscore: 0.9959 train_c: -1.0085 train_max_dist: 25.9543 train_imax: -0.0000 train_imin: -2.2051 time: 0.9494s
INFO:root:Epoch: 0130 lr: 0.01 train_loss: 8767.9863 train_distortion: 0.2845 train_mapscore: 0.9961 train_c: -1.0086 train_max_dist: 26.0159 train_imax: -0.0000 train_imin: -2.2050 time: 0.9546s
INFO:root:Epoch: 0135 lr: 0.01 train_loss: 8753.0957 train_distortion: 0.2837 train_mapscore: 0.9958 train_c: -1.0087 train_max_dist: 26.0703 train_imax: -0.0000 train_imin: -2.1987 time: 0.9511s
INFO:root:Epoch: 0140 lr: 0.01 train_loss: 8738.6455 train_distortion: 0.2829 train_mapscore: 0.9962 train_c: -1.0088 train_max_dist: 26.2024 train_imax: -0.0000 train_imin: -2.2001 time: 0.9505s
INFO:root:Epoch: 0145 lr: 0.01 train_loss: 8725.2852 train_distortion: 0.2821 train_mapscore: 0.9962 train_c: -1.0089 train_max_dist: 26.3345 train_imax: -0.0000 train_imin: -2.1944 time: 0.9544s
INFO:root:Epoch: 0150 lr: 0.01 train_loss: 8712.9141 train_distortion: 0.2813 train_mapscore: 0.9963 train_c: -1.0090 train_max_dist: 26.4604 train_imax: -0.0000 train_imin: -2.1922 time: 0.9538s
INFO:root:Epoch: 0155 lr: 0.01 train_loss: 8701.6348 train_distortion: 0.2805 train_mapscore: 0.9963 train_c: -1.0091 train_max_dist: 26.5862 train_imax: -0.0000 train_imin: -2.1972 time: 0.9529s
INFO:root:Epoch: 0160 lr: 0.01 train_loss: 8690.1191 train_distortion: 0.2797 train_mapscore: 0.9963 train_c: -1.0091 train_max_dist: 26.7068 train_imax: -0.0000 train_imin: -2.1801 time: 0.9526s
INFO:root:Epoch: 0165 lr: 0.01 train_loss: 8679.6592 train_distortion: 0.2788 train_mapscore: 0.9963 train_c: -1.0092 train_max_dist: 26.8274 train_imax: -0.0000 train_imin: -2.1734 time: 0.9530s
INFO:root:Epoch: 0170 lr: 0.01 train_loss: 8669.1699 train_distortion: 0.2780 train_mapscore: 0.9965 train_c: -1.0093 train_max_dist: 26.9490 train_imax: -0.0000 train_imin: -2.1780 time: 0.9659s
INFO:root:Epoch: 0175 lr: 0.01 train_loss: 8659.5283 train_distortion: 0.2772 train_mapscore: 0.9965 train_c: -1.0094 train_max_dist: 27.0754 train_imax: -0.0000 train_imin: -2.1587 time: 1.0435s
INFO:root:Epoch: 0180 lr: 0.01 train_loss: 8650.4648 train_distortion: 0.2763 train_mapscore: 0.9966 train_c: -1.0095 train_max_dist: 27.2036 train_imax: -0.0000 train_imin: -2.1776 time: 0.9687s
INFO:root:Epoch: 0185 lr: 0.01 train_loss: 8641.7832 train_distortion: 0.2755 train_mapscore: 0.9966 train_c: -1.0096 train_max_dist: 27.3354 train_imax: -0.0000 train_imin: -2.1699 time: 0.9709s
INFO:root:Epoch: 0190 lr: 0.01 train_loss: 8633.7568 train_distortion: 0.2747 train_mapscore: 0.9966 train_c: -1.0097 train_max_dist: 27.4668 train_imax: -0.0000 train_imin: -2.1800 time: 0.9695s
INFO:root:Epoch: 0195 lr: 0.01 train_loss: 8625.2637 train_distortion: 0.2739 train_mapscore: 0.9967 train_c: -1.0098 train_max_dist: 27.6033 train_imax: -0.0000 train_imin: -2.1640 time: 0.9612s
INFO:root:Epoch: 0200 lr: 0.01 train_loss: 8617.4434 train_distortion: 0.2731 train_mapscore: 0.9967 train_c: -1.0099 train_max_dist: 27.7468 train_imax: -0.0000 train_imin: -2.1620 time: 0.9529s
INFO:root:Epoch: 0205 lr: 0.01 train_loss: 8609.8867 train_distortion: 0.2723 train_mapscore: 0.9968 train_c: -1.0100 train_max_dist: 27.8872 train_imax: -0.0000 train_imin: -2.1680 time: 0.9529s
INFO:root:Epoch: 0210 lr: 0.01 train_loss: 8602.9121 train_distortion: 0.2715 train_mapscore: 0.9967 train_c: -1.0101 train_max_dist: 28.0337 train_imax: -0.0000 train_imin: -2.1652 time: 0.9527s
INFO:root:Epoch: 0215 lr: 0.01 train_loss: 8596.1270 train_distortion: 0.2707 train_mapscore: 0.9968 train_c: -1.0102 train_max_dist: 28.1797 train_imax: -0.0000 train_imin: -2.1662 time: 0.9535s
INFO:root:Epoch: 0220 lr: 0.01 train_loss: 8590.4160 train_distortion: 0.2700 train_mapscore: 0.9968 train_c: -1.0103 train_max_dist: 28.3254 train_imax: -0.0000 train_imin: -2.1627 time: 0.9563s
INFO:root:Epoch: 0225 lr: 0.01 train_loss: 8583.4912 train_distortion: 0.2692 train_mapscore: 0.9968 train_c: -1.0104 train_max_dist: 28.4595 train_imax: -0.0000 train_imin: -2.1646 time: 0.9518s
INFO:root:Epoch: 0230 lr: 0.01 train_loss: 8577.1934 train_distortion: 0.2685 train_mapscore: 0.9969 train_c: -1.0105 train_max_dist: 28.5996 train_imax: -0.0000 train_imin: -2.1668 time: 0.9513s
INFO:root:Epoch: 0235 lr: 0.01 train_loss: 8571.4561 train_distortion: 0.2678 train_mapscore: 0.9970 train_c: -1.0106 train_max_dist: 28.7336 train_imax: -0.0000 train_imin: -2.1677 time: 0.9527s
INFO:root:Epoch: 0240 lr: 0.01 train_loss: 8566.1338 train_distortion: 0.2670 train_mapscore: 0.9970 train_c: -1.0107 train_max_dist: 28.8745 train_imax: -0.0000 train_imin: -2.1479 time: 0.9881s
INFO:root:Epoch: 0245 lr: 0.01 train_loss: 8560.1699 train_distortion: 0.2663 train_mapscore: 0.9970 train_c: -1.0108 train_max_dist: 29.0137 train_imax: -0.0000 train_imin: -2.1475 time: 0.9491s
INFO:root:Epoch: 0250 lr: 0.01 train_loss: 8554.7461 train_distortion: 0.2656 train_mapscore: 0.9970 train_c: -1.0109 train_max_dist: 29.1431 train_imax: -0.0000 train_imin: -2.1490 time: 0.9549s
INFO:root:Epoch: 0255 lr: 0.01 train_loss: 8549.8730 train_distortion: 0.2649 train_mapscore: 0.9969 train_c: -1.0110 train_max_dist: 29.2749 train_imax: -0.0000 train_imin: -2.1454 time: 0.9514s
INFO:root:Epoch: 0260 lr: 0.01 train_loss: 8545.2178 train_distortion: 0.2643 train_mapscore: 0.9970 train_c: -1.0111 train_max_dist: 29.4023 train_imax: -0.0000 train_imin: -2.1621 time: 0.9505s
INFO:root:Epoch: 0265 lr: 0.01 train_loss: 8540.0527 train_distortion: 0.2636 train_mapscore: 0.9970 train_c: -1.0112 train_max_dist: 29.5269 train_imax: -0.0000 train_imin: -2.1488 time: 0.9534s
INFO:root:Epoch: 0270 lr: 0.01 train_loss: 8535.4238 train_distortion: 0.2629 train_mapscore: 0.9969 train_c: -1.0113 train_max_dist: 29.6572 train_imax: -0.0000 train_imin: -2.1577 time: 0.9559s
INFO:root:Epoch: 0275 lr: 0.01 train_loss: 8531.5391 train_distortion: 0.2623 train_mapscore: 0.9970 train_c: -1.0114 train_max_dist: 29.7852 train_imax: -0.0000 train_imin: -2.1614 time: 0.9510s
INFO:root:Epoch: 0280 lr: 0.01 train_loss: 8526.8262 train_distortion: 0.2616 train_mapscore: 0.9970 train_c: -1.0115 train_max_dist: 29.9028 train_imax: -0.0000 train_imin: -2.1620 time: 0.9519s
INFO:root:Epoch: 0285 lr: 0.01 train_loss: 8522.5957 train_distortion: 0.2610 train_mapscore: 0.9970 train_c: -1.0116 train_max_dist: 30.0205 train_imax: -0.0000 train_imin: -2.1523 time: 0.9525s
INFO:root:Epoch: 0290 lr: 0.01 train_loss: 8519.3848 train_distortion: 0.2603 train_mapscore: 0.9970 train_c: -1.0117 train_max_dist: 30.1406 train_imax: -0.0000 train_imin: -2.1487 time: 0.9522s
INFO:root:Epoch: 0295 lr: 0.01 train_loss: 8516.7031 train_distortion: 0.2597 train_mapscore: 0.9970 train_c: -1.0118 train_max_dist: 30.2485 train_imax: -0.0000 train_imin: -2.1345 time: 0.9506s
INFO:root:Epoch: 0300 lr: 0.01 train_loss: 8512.3770 train_distortion: 0.2591 train_mapscore: 0.9971 train_c: -1.0119 train_max_dist: 30.3511 train_imax: -0.0000 train_imin: -2.1307 time: 0.9507s
INFO:root:Epoch: 0305 lr: 0.01 train_loss: 8508.0664 train_distortion: 0.2585 train_mapscore: 0.9970 train_c: -1.0121 train_max_dist: 30.4609 train_imax: -0.0000 train_imin: -2.1351 time: 0.9799s
INFO:root:Epoch: 0310 lr: 0.01 train_loss: 8504.3760 train_distortion: 0.2579 train_mapscore: 0.9970 train_c: -1.0122 train_max_dist: 30.5713 train_imax: -0.0000 train_imin: -2.1420 time: 0.9510s
INFO:root:Epoch: 0315 lr: 0.01 train_loss: 8500.6807 train_distortion: 0.2573 train_mapscore: 0.9970 train_c: -1.0123 train_max_dist: 30.6841 train_imax: -0.0000 train_imin: -2.1403 time: 0.9537s
INFO:root:Epoch: 0320 lr: 0.01 train_loss: 8497.4775 train_distortion: 0.2567 train_mapscore: 0.9970 train_c: -1.0124 train_max_dist: 30.7896 train_imax: -0.0000 train_imin: -2.1401 time: 0.9503s
INFO:root:Epoch: 0325 lr: 0.01 train_loss: 8494.9258 train_distortion: 0.2561 train_mapscore: 0.9971 train_c: -1.0125 train_max_dist: 30.9131 train_imax: -0.0000 train_imin: -2.1442 time: 0.9507s
INFO:root:Epoch: 0330 lr: 0.01 train_loss: 8492.2031 train_distortion: 0.2555 train_mapscore: 0.9970 train_c: -1.0126 train_max_dist: 31.0186 train_imax: -0.0000 train_imin: -2.1321 time: 0.9518s
INFO:root:Epoch: 0335 lr: 0.01 train_loss: 8488.6641 train_distortion: 0.2550 train_mapscore: 0.9971 train_c: -1.0127 train_max_dist: 31.1270 train_imax: -0.0000 train_imin: -2.1326 time: 0.9490s
INFO:root:Epoch: 0340 lr: 0.01 train_loss: 8486.6641 train_distortion: 0.2544 train_mapscore: 0.9970 train_c: -1.0128 train_max_dist: 31.2461 train_imax: -0.0000 train_imin: -2.1441 time: 0.9533s
INFO:root:Epoch: 0345 lr: 0.01 train_loss: 8483.3828 train_distortion: 0.2538 train_mapscore: 0.9971 train_c: -1.0129 train_max_dist: 31.3486 train_imax: -0.0000 train_imin: -2.1325 time: 0.9537s
INFO:root:Epoch: 0350 lr: 0.01 train_loss: 8480.4199 train_distortion: 0.2533 train_mapscore: 0.9971 train_c: -1.0131 train_max_dist: 31.4536 train_imax: -0.0000 train_imin: -2.1108 time: 0.9533s
INFO:root:Epoch: 0355 lr: 0.01 train_loss: 8478.5381 train_distortion: 0.2527 train_mapscore: 0.9971 train_c: -1.0132 train_max_dist: 31.5562 train_imax: -0.0000 train_imin: -2.1411 time: 0.9540s
INFO:root:Epoch: 0360 lr: 0.01 train_loss: 8475.8262 train_distortion: 0.2522 train_mapscore: 0.9971 train_c: -1.0133 train_max_dist: 31.6782 train_imax: -0.0000 train_imin: -2.1122 time: 0.9510s
INFO:root:Epoch: 0365 lr: 0.01 train_loss: 8472.3867 train_distortion: 0.2517 train_mapscore: 0.9970 train_c: -1.0134 train_max_dist: 31.7852 train_imax: -0.0000 train_imin: -2.1361 time: 0.9514s
INFO:root:Epoch: 0370 lr: 0.01 train_loss: 8469.2539 train_distortion: 0.2512 train_mapscore: 0.9970 train_c: -1.0135 train_max_dist: 31.8940 train_imax: -0.0000 train_imin: -2.1472 time: 0.9808s
INFO:root:Epoch: 0375 lr: 0.01 train_loss: 8467.0654 train_distortion: 0.2507 train_mapscore: 0.9971 train_c: -1.0136 train_max_dist: 32.0039 train_imax: -0.0000 train_imin: -2.1203 time: 0.9515s
INFO:root:Epoch: 0380 lr: 0.01 train_loss: 8464.9326 train_distortion: 0.2502 train_mapscore: 0.9971 train_c: -1.0137 train_max_dist: 32.1074 train_imax: -0.0000 train_imin: -2.1325 time: 0.9537s
INFO:root:Epoch: 0385 lr: 0.01 train_loss: 8463.8115 train_distortion: 0.2497 train_mapscore: 0.9970 train_c: -1.0139 train_max_dist: 32.2163 train_imax: -0.0000 train_imin: -2.1034 time: 0.9515s
INFO:root:Epoch: 0390 lr: 0.01 train_loss: 8461.2539 train_distortion: 0.2492 train_mapscore: 0.9970 train_c: -1.0140 train_max_dist: 32.3242 train_imax: -0.0000 train_imin: -2.1059 time: 0.9544s
INFO:root:Epoch: 0395 lr: 0.01 train_loss: 8458.2021 train_distortion: 0.2488 train_mapscore: 0.9971 train_c: -1.0141 train_max_dist: 32.4258 train_imax: -0.0000 train_imin: -2.1360 time: 0.9521s
INFO:root:Epoch: 0400 lr: 0.01 train_loss: 8456.4727 train_distortion: 0.2483 train_mapscore: 0.9971 train_c: -1.0142 train_max_dist: 32.5303 train_imax: -0.0000 train_imin: -2.1090 time: 0.9536s
INFO:root:Epoch: 0405 lr: 0.01 train_loss: 8453.8125 train_distortion: 0.2478 train_mapscore: 0.9971 train_c: -1.0143 train_max_dist: 32.6401 train_imax: -0.0000 train_imin: -2.1085 time: 0.9544s
INFO:root:Epoch: 0410 lr: 0.01 train_loss: 8451.8965 train_distortion: 0.2474 train_mapscore: 0.9971 train_c: -1.0144 train_max_dist: 32.7344 train_imax: -0.0000 train_imin: -2.1275 time: 0.9518s
INFO:root:Epoch: 0415 lr: 0.01 train_loss: 8451.4932 train_distortion: 0.2469 train_mapscore: 0.9971 train_c: -1.0146 train_max_dist: 32.8516 train_imax: -0.0000 train_imin: -2.1058 time: 0.9555s
INFO:root:Epoch: 0420 lr: 0.01 train_loss: 8451.2432 train_distortion: 0.2465 train_mapscore: 0.9971 train_c: -1.0147 train_max_dist: 32.9561 train_imax: -0.0000 train_imin: -2.1089 time: 0.9522s
INFO:root:Epoch: 0425 lr: 0.01 train_loss: 8447.2812 train_distortion: 0.2461 train_mapscore: 0.9971 train_c: -1.0148 train_max_dist: 33.0728 train_imax: -0.0000 train_imin: -2.1632 time: 0.9498s
INFO:root:Epoch: 0430 lr: 0.01 train_loss: 8444.6973 train_distortion: 0.2457 train_mapscore: 0.9971 train_c: -1.0149 train_max_dist: 33.1641 train_imax: -0.0000 train_imin: -2.1522 time: 0.9523s
INFO:root:Epoch: 0435 lr: 0.01 train_loss: 8442.1328 train_distortion: 0.2452 train_mapscore: 0.9971 train_c: -1.0151 train_max_dist: 33.2739 train_imax: -0.0000 train_imin: -2.1474 time: 0.9807s
INFO:root:Epoch: 0440 lr: 0.01 train_loss: 8440.0293 train_distortion: 0.2448 train_mapscore: 0.9972 train_c: -1.0152 train_max_dist: 33.3677 train_imax: -0.0000 train_imin: -2.1315 time: 0.9532s
INFO:root:Epoch: 0445 lr: 0.01 train_loss: 8438.8418 train_distortion: 0.2444 train_mapscore: 0.9970 train_c: -1.0153 train_max_dist: 33.4497 train_imax: -0.0000 train_imin: -2.1304 time: 0.9587s
INFO:root:Epoch: 0450 lr: 0.01 train_loss: 8439.9229 train_distortion: 0.2439 train_mapscore: 0.9971 train_c: -1.0154 train_max_dist: 33.5293 train_imax: -0.0000 train_imin: -2.1184 time: 0.9507s
INFO:root:Epoch: 0455 lr: 0.01 train_loss: 8437.9785 train_distortion: 0.2435 train_mapscore: 0.9972 train_c: -1.0155 train_max_dist: 33.6108 train_imax: -0.0000 train_imin: -2.1045 time: 0.9528s
INFO:root:Epoch: 0460 lr: 0.01 train_loss: 8435.2451 train_distortion: 0.2432 train_mapscore: 0.9971 train_c: -1.0157 train_max_dist: 33.6865 train_imax: -0.0000 train_imin: -2.1045 time: 0.9500s
INFO:root:Epoch: 0465 lr: 0.01 train_loss: 8433.5723 train_distortion: 0.2428 train_mapscore: 0.9972 train_c: -1.0158 train_max_dist: 33.7783 train_imax: -0.0000 train_imin: -2.1171 time: 0.9497s
INFO:root:Epoch: 0470 lr: 0.01 train_loss: 8431.0469 train_distortion: 0.2424 train_mapscore: 0.9972 train_c: -1.0159 train_max_dist: 33.8525 train_imax: -0.0000 train_imin: -2.0963 time: 0.9556s
INFO:root:Epoch: 0475 lr: 0.01 train_loss: 8428.6191 train_distortion: 0.2420 train_mapscore: 0.9972 train_c: -1.0160 train_max_dist: 33.9404 train_imax: -0.0000 train_imin: -2.0945 time: 0.9540s
INFO:root:Epoch: 0480 lr: 0.01 train_loss: 8426.9395 train_distortion: 0.2416 train_mapscore: 0.9972 train_c: -1.0162 train_max_dist: 34.0400 train_imax: -0.0000 train_imin: -2.1008 time: 0.9490s
INFO:root:Epoch: 0485 lr: 0.01 train_loss: 8426.5723 train_distortion: 0.2412 train_mapscore: 0.9972 train_c: -1.0163 train_max_dist: 34.1221 train_imax: -0.0000 train_imin: -2.1084 time: 0.9506s
INFO:root:Epoch: 0490 lr: 0.01 train_loss: 8427.7324 train_distortion: 0.2408 train_mapscore: 0.9971 train_c: -1.0164 train_max_dist: 34.2119 train_imax: -0.0000 train_imin: -2.0887 time: 0.9545s
INFO:root:Epoch: 0495 lr: 0.01 train_loss: 8424.6533 train_distortion: 0.2405 train_mapscore: 0.9971 train_c: -1.0166 train_max_dist: 34.2949 train_imax: -0.0000 train_imin: -2.1240 time: 0.9497s
INFO:root:Epoch: 0500 lr: 0.01 train_loss: 8425.2910 train_distortion: 0.2401 train_mapscore: 0.9972 train_c: -1.0167 train_max_dist: 34.3643 train_imax: -0.0000 train_imin: -2.1331 time: 0.9811s
INFO:root:Epoch: 0505 lr: 0.01 train_loss: 8421.5371 train_distortion: 0.2398 train_mapscore: 0.9972 train_c: -1.0168 train_max_dist: 34.4521 train_imax: -0.0000 train_imin: -2.1099 time: 0.9530s
INFO:root:Epoch: 0510 lr: 0.01 train_loss: 8418.6621 train_distortion: 0.2395 train_mapscore: 0.9971 train_c: -1.0169 train_max_dist: 34.5361 train_imax: -0.0000 train_imin: -2.1015 time: 0.9543s
INFO:root:Epoch: 0515 lr: 0.01 train_loss: 8417.4766 train_distortion: 0.2391 train_mapscore: 0.9971 train_c: -1.0171 train_max_dist: 34.6201 train_imax: -0.0000 train_imin: -2.0921 time: 0.9536s
INFO:root:Epoch: 0520 lr: 0.01 train_loss: 8417.0186 train_distortion: 0.2388 train_mapscore: 0.9971 train_c: -1.0172 train_max_dist: 34.7031 train_imax: -0.0000 train_imin: -2.0933 time: 0.9515s
INFO:root:Epoch: 0525 lr: 0.01 train_loss: 8418.0039 train_distortion: 0.2385 train_mapscore: 0.9970 train_c: -1.0173 train_max_dist: 34.7871 train_imax: -0.0000 train_imin: -2.0896 time: 0.9523s
INFO:root:Epoch: 0530 lr: 0.01 train_loss: 8417.1543 train_distortion: 0.2381 train_mapscore: 0.9970 train_c: -1.0175 train_max_dist: 34.8613 train_imax: -0.0000 train_imin: -2.1019 time: 0.9544s
INFO:root:Epoch: 0535 lr: 0.01 train_loss: 8414.3984 train_distortion: 0.2378 train_mapscore: 0.9971 train_c: -1.0176 train_max_dist: 34.9326 train_imax: -0.0000 train_imin: -2.0904 time: 0.9545s
INFO:root:Epoch: 0540 lr: 0.01 train_loss: 8414.0957 train_distortion: 0.2375 train_mapscore: 0.9971 train_c: -1.0177 train_max_dist: 35.0166 train_imax: -0.0000 train_imin: -2.1060 time: 0.9525s
INFO:root:Epoch: 0545 lr: 0.01 train_loss: 8411.1572 train_distortion: 0.2372 train_mapscore: 0.9971 train_c: -1.0179 train_max_dist: 35.0801 train_imax: -0.0000 train_imin: -2.0899 time: 0.9519s
INFO:root:Epoch: 0550 lr: 0.01 train_loss: 8409.4531 train_distortion: 0.2369 train_mapscore: 0.9971 train_c: -1.0180 train_max_dist: 35.1660 train_imax: -0.0000 train_imin: -2.0944 time: 0.9507s
INFO:root:Epoch: 0555 lr: 0.01 train_loss: 8408.4336 train_distortion: 0.2366 train_mapscore: 0.9972 train_c: -1.0181 train_max_dist: 35.2705 train_imax: -0.0000 train_imin: -2.0974 time: 0.9524s
INFO:root:Epoch: 0560 lr: 0.01 train_loss: 8409.8223 train_distortion: 0.2363 train_mapscore: 0.9971 train_c: -1.0183 train_max_dist: 35.3525 train_imax: -0.0000 train_imin: -2.0802 time: 0.9524s
INFO:root:Epoch: 0565 lr: 0.01 train_loss: 8408.9473 train_distortion: 0.2360 train_mapscore: 0.9971 train_c: -1.0184 train_max_dist: 35.4512 train_imax: -0.0000 train_imin: -2.1520 time: 0.9832s
INFO:root:Epoch: 0570 lr: 0.01 train_loss: 8405.9746 train_distortion: 0.2357 train_mapscore: 0.9971 train_c: -1.0185 train_max_dist: 35.5391 train_imax: -0.0000 train_imin: -2.0879 time: 0.9538s
INFO:root:Epoch: 0575 lr: 0.01 train_loss: 8404.6992 train_distortion: 0.2354 train_mapscore: 0.9971 train_c: -1.0187 train_max_dist: 35.6211 train_imax: -0.0000 train_imin: -2.0720 time: 0.9509s
INFO:root:Epoch: 0580 lr: 0.01 train_loss: 8403.4609 train_distortion: 0.2351 train_mapscore: 0.9972 train_c: -1.0188 train_max_dist: 35.6777 train_imax: -0.0000 train_imin: -2.1048 time: 0.9533s
INFO:root:Epoch: 0585 lr: 0.01 train_loss: 8403.8750 train_distortion: 0.2348 train_mapscore: 0.9971 train_c: -1.0189 train_max_dist: 35.7695 train_imax: -0.0000 train_imin: -2.1309 time: 0.9545s
INFO:root:Epoch: 0590 lr: 0.01 train_loss: 8403.1582 train_distortion: 0.2345 train_mapscore: 0.9970 train_c: -1.0191 train_max_dist: 35.8486 train_imax: -0.0000 train_imin: -2.0925 time: 0.9493s
INFO:root:Epoch: 0595 lr: 0.01 train_loss: 8401.2949 train_distortion: 0.2342 train_mapscore: 0.9972 train_c: -1.0192 train_max_dist: 35.9111 train_imax: -0.0000 train_imin: -2.0921 time: 0.9502s
INFO:root:Epoch: 0600 lr: 0.01 train_loss: 8399.4453 train_distortion: 0.2339 train_mapscore: 0.9970 train_c: -1.0194 train_max_dist: 35.9775 train_imax: -0.0000 train_imin: -2.0873 time: 0.9527s
INFO:root:Epoch: 0605 lr: 0.01 train_loss: 8399.6523 train_distortion: 0.2336 train_mapscore: 0.9972 train_c: -1.0195 train_max_dist: 36.0322 train_imax: -0.0000 train_imin: -2.1105 time: 0.9498s
INFO:root:Epoch: 0610 lr: 0.01 train_loss: 8398.6211 train_distortion: 0.2333 train_mapscore: 0.9971 train_c: -1.0196 train_max_dist: 36.0928 train_imax: -0.0000 train_imin: -2.0838 time: 0.9532s
INFO:root:Epoch: 0615 lr: 0.01 train_loss: 8398.5312 train_distortion: 0.2330 train_mapscore: 0.9970 train_c: -1.0198 train_max_dist: 36.1650 train_imax: -0.0000 train_imin: -2.1010 time: 0.9508s
INFO:root:Epoch: 0620 lr: 0.01 train_loss: 8398.1523 train_distortion: 0.2328 train_mapscore: 0.9972 train_c: -1.0199 train_max_dist: 36.2236 train_imax: -0.0000 train_imin: -2.0906 time: 0.9502s
INFO:root:Epoch: 0625 lr: 0.01 train_loss: 8395.8604 train_distortion: 0.2325 train_mapscore: 0.9971 train_c: -1.0201 train_max_dist: 36.2832 train_imax: -0.0000 train_imin: -2.1161 time: 0.9507s
INFO:root:Epoch: 0630 lr: 0.01 train_loss: 8393.5137 train_distortion: 0.2323 train_mapscore: 0.9970 train_c: -1.0202 train_max_dist: 36.3750 train_imax: -0.0000 train_imin: -2.0777 time: 0.9808s
INFO:root:Epoch: 0635 lr: 0.01 train_loss: 8392.2363 train_distortion: 0.2320 train_mapscore: 0.9971 train_c: -1.0203 train_max_dist: 36.4473 train_imax: -0.0000 train_imin: -2.0855 time: 0.9527s
INFO:root:Epoch: 0640 lr: 0.01 train_loss: 8391.8555 train_distortion: 0.2317 train_mapscore: 0.9972 train_c: -1.0205 train_max_dist: 36.5225 train_imax: -0.0000 train_imin: -2.1274 time: 0.9519s
INFO:root:Epoch: 0645 lr: 0.01 train_loss: 8392.2402 train_distortion: 0.2314 train_mapscore: 0.9972 train_c: -1.0206 train_max_dist: 36.6016 train_imax: -0.0000 train_imin: -2.0778 time: 0.9516s
INFO:root:Epoch: 0650 lr: 0.01 train_loss: 8392.8184 train_distortion: 0.2312 train_mapscore: 0.9971 train_c: -1.0208 train_max_dist: 36.6719 train_imax: -0.0000 train_imin: -2.0919 time: 0.9502s
INFO:root:Epoch: 0655 lr: 0.01 train_loss: 8392.6299 train_distortion: 0.2309 train_mapscore: 0.9972 train_c: -1.0209 train_max_dist: 36.7402 train_imax: -0.0000 train_imin: -2.1315 time: 0.9517s
INFO:root:Epoch: 0660 lr: 0.01 train_loss: 8390.8223 train_distortion: 0.2307 train_mapscore: 0.9972 train_c: -1.0211 train_max_dist: 36.8184 train_imax: -0.0000 train_imin: -2.0844 time: 0.9517s
INFO:root:Epoch: 0665 lr: 0.01 train_loss: 8390.6211 train_distortion: 0.2304 train_mapscore: 0.9972 train_c: -1.0212 train_max_dist: 36.8906 train_imax: -0.0000 train_imin: -2.1055 time: 0.9529s
INFO:root:Epoch: 0670 lr: 0.01 train_loss: 8387.8682 train_distortion: 0.2302 train_mapscore: 0.9972 train_c: -1.0214 train_max_dist: 36.9531 train_imax: -0.0000 train_imin: -2.0988 time: 0.9506s
INFO:root:Epoch: 0675 lr: 0.01 train_loss: 8386.1094 train_distortion: 0.2299 train_mapscore: 0.9971 train_c: -1.0215 train_max_dist: 37.0293 train_imax: -0.0000 train_imin: -2.0962 time: 0.9508s
INFO:root:Epoch: 0680 lr: 0.01 train_loss: 8385.2617 train_distortion: 0.2297 train_mapscore: 0.9971 train_c: -1.0216 train_max_dist: 37.0957 train_imax: -0.0000 train_imin: -2.0825 time: 0.9522s
INFO:root:Epoch: 0685 lr: 0.01 train_loss: 8385.7793 train_distortion: 0.2294 train_mapscore: 0.9971 train_c: -1.0218 train_max_dist: 37.1748 train_imax: -0.0000 train_imin: -2.1301 time: 0.9496s
INFO:root:Epoch: 0690 lr: 0.01 train_loss: 8388.2598 train_distortion: 0.2292 train_mapscore: 0.9971 train_c: -1.0219 train_max_dist: 37.2412 train_imax: -0.0000 train_imin: -2.0787 time: 0.9494s
INFO:root:Epoch: 0695 lr: 0.01 train_loss: 8386.7871 train_distortion: 0.2289 train_mapscore: 0.9971 train_c: -1.0221 train_max_dist: 37.3350 train_imax: -0.0000 train_imin: -2.0906 time: 0.9812s
INFO:root:Epoch: 0700 lr: 0.01 train_loss: 8383.7852 train_distortion: 0.2287 train_mapscore: 0.9971 train_c: -1.0222 train_max_dist: 37.3887 train_imax: -0.0000 train_imin: -2.0895 time: 0.9747s
INFO:root:Epoch: 0705 lr: 0.01 train_loss: 8381.4014 train_distortion: 0.2285 train_mapscore: 0.9971 train_c: -1.0224 train_max_dist: 37.4580 train_imax: -0.0000 train_imin: -2.0776 time: 0.9562s
INFO:root:Epoch: 0710 lr: 0.01 train_loss: 8381.0410 train_distortion: 0.2282 train_mapscore: 0.9972 train_c: -1.0225 train_max_dist: 37.5225 train_imax: -0.0000 train_imin: -2.0885 time: 0.9532s
INFO:root:Epoch: 0715 lr: 0.01 train_loss: 8381.1152 train_distortion: 0.2280 train_mapscore: 0.9971 train_c: -1.0227 train_max_dist: 37.6035 train_imax: -0.0000 train_imin: -2.0821 time: 0.9522s
INFO:root:Epoch: 0720 lr: 0.01 train_loss: 8384.5996 train_distortion: 0.2278 train_mapscore: 0.9971 train_c: -1.0228 train_max_dist: 37.6641 train_imax: -0.0000 train_imin: -2.1122 time: 0.9532s
INFO:root:Epoch: 0725 lr: 0.01 train_loss: 8381.9170 train_distortion: 0.2275 train_mapscore: 0.9971 train_c: -1.0230 train_max_dist: 37.7227 train_imax: -0.0000 train_imin: -2.0884 time: 0.9523s
INFO:root:Epoch: 0730 lr: 0.01 train_loss: 8380.7812 train_distortion: 0.2273 train_mapscore: 0.9971 train_c: -1.0231 train_max_dist: 37.7861 train_imax: -0.0000 train_imin: -2.0975 time: 0.9531s
INFO:root:Epoch: 0735 lr: 0.01 train_loss: 8379.2314 train_distortion: 0.2271 train_mapscore: 0.9971 train_c: -1.0233 train_max_dist: 37.8330 train_imax: -0.0000 train_imin: -2.0921 time: 0.9565s
INFO:root:Epoch: 0740 lr: 0.01 train_loss: 8379.1484 train_distortion: 0.2269 train_mapscore: 0.9972 train_c: -1.0234 train_max_dist: 37.8848 train_imax: -0.0000 train_imin: -2.0911 time: 0.9523s
INFO:root:Epoch: 0745 lr: 0.01 train_loss: 8377.5312 train_distortion: 0.2267 train_mapscore: 0.9971 train_c: -1.0236 train_max_dist: 37.9541 train_imax: -0.0000 train_imin: -2.0919 time: 0.9532s
INFO:root:Epoch: 0750 lr: 0.01 train_loss: 8377.1816 train_distortion: 0.2264 train_mapscore: 0.9971 train_c: -1.0237 train_max_dist: 38.0176 train_imax: -0.0000 train_imin: -2.0854 time: 0.9541s
INFO:root:Epoch: 0755 lr: 0.01 train_loss: 8376.4404 train_distortion: 0.2262 train_mapscore: 0.9972 train_c: -1.0239 train_max_dist: 38.0908 train_imax: -0.0000 train_imin: -2.0773 time: 0.9510s
INFO:root:Epoch: 0760 lr: 0.01 train_loss: 8375.2881 train_distortion: 0.2260 train_mapscore: 0.9971 train_c: -1.0241 train_max_dist: 38.1602 train_imax: -0.0000 train_imin: -2.1012 time: 0.9829s
INFO:root:Epoch: 0765 lr: 0.01 train_loss: 8374.9668 train_distortion: 0.2257 train_mapscore: 0.9972 train_c: -1.0242 train_max_dist: 38.2178 train_imax: -0.0000 train_imin: -2.0710 time: 0.9529s
INFO:root:Epoch: 0770 lr: 0.01 train_loss: 8374.5273 train_distortion: 0.2255 train_mapscore: 0.9971 train_c: -1.0244 train_max_dist: 38.2695 train_imax: -0.0000 train_imin: -2.1065 time: 0.9525s
INFO:root:Epoch: 0775 lr: 0.01 train_loss: 8375.5039 train_distortion: 0.2253 train_mapscore: 0.9972 train_c: -1.0245 train_max_dist: 38.3447 train_imax: -0.0000 train_imin: -2.0780 time: 0.9510s
INFO:root:Epoch: 0780 lr: 0.01 train_loss: 8374.4473 train_distortion: 0.2251 train_mapscore: 0.9971 train_c: -1.0247 train_max_dist: 38.4023 train_imax: -0.0000 train_imin: -2.1393 time: 0.9507s
INFO:root:Epoch: 0785 lr: 0.01 train_loss: 8376.3828 train_distortion: 0.2249 train_mapscore: 0.9972 train_c: -1.0248 train_max_dist: 38.4678 train_imax: -0.0000 train_imin: -2.0810 time: 0.9517s
INFO:root:Epoch: 0790 lr: 0.01 train_loss: 8372.2969 train_distortion: 0.2248 train_mapscore: 0.9971 train_c: -1.0250 train_max_dist: 38.5400 train_imax: -0.0000 train_imin: -2.0853 time: 0.9521s
INFO:root:Epoch: 0795 lr: 0.01 train_loss: 8371.5273 train_distortion: 0.2246 train_mapscore: 0.9971 train_c: -1.0252 train_max_dist: 38.6006 train_imax: -0.0000 train_imin: -2.0918 time: 0.9512s
INFO:root:Epoch: 0800 lr: 0.01 train_loss: 8369.5801 train_distortion: 0.2243 train_mapscore: 0.9972 train_c: -1.0253 train_max_dist: 38.6611 train_imax: -0.0000 train_imin: -2.0776 time: 0.9525s
INFO:root:Epoch: 0805 lr: 0.01 train_loss: 8370.0557 train_distortion: 0.2241 train_mapscore: 0.9972 train_c: -1.0255 train_max_dist: 38.7432 train_imax: -0.0000 train_imin: -2.1066 time: 0.9534s
INFO:root:Epoch: 0810 lr: 0.01 train_loss: 8370.3057 train_distortion: 0.2239 train_mapscore: 0.9972 train_c: -1.0256 train_max_dist: 38.8213 train_imax: -0.0000 train_imin: -2.0850 time: 0.9529s
INFO:root:Epoch: 0815 lr: 0.01 train_loss: 8370.3975 train_distortion: 0.2238 train_mapscore: 0.9971 train_c: -1.0258 train_max_dist: 38.8711 train_imax: -0.0000 train_imin: -2.1280 time: 0.9546s
INFO:root:Epoch: 0820 lr: 0.01 train_loss: 8368.9209 train_distortion: 0.2236 train_mapscore: 0.9972 train_c: -1.0259 train_max_dist: 38.9277 train_imax: -0.0000 train_imin: -2.0836 time: 0.9526s
INFO:root:Epoch: 0825 lr: 0.01 train_loss: 8368.8545 train_distortion: 0.2234 train_mapscore: 0.9972 train_c: -1.0261 train_max_dist: 38.9922 train_imax: -0.0000 train_imin: -2.0839 time: 0.9821s
INFO:root:Epoch: 0830 lr: 0.01 train_loss: 8367.0781 train_distortion: 0.2232 train_mapscore: 0.9972 train_c: -1.0263 train_max_dist: 39.0469 train_imax: -0.0000 train_imin: -2.0871 time: 0.9547s
INFO:root:Epoch: 0835 lr: 0.01 train_loss: 8367.8047 train_distortion: 0.2230 train_mapscore: 0.9971 train_c: -1.0264 train_max_dist: 39.1074 train_imax: -0.0000 train_imin: -2.1042 time: 0.9529s
INFO:root:Epoch: 0840 lr: 0.01 train_loss: 8368.4941 train_distortion: 0.2229 train_mapscore: 0.9972 train_c: -1.0266 train_max_dist: 39.1777 train_imax: -0.0000 train_imin: -2.0760 time: 0.9648s
INFO:root:Epoch: 0845 lr: 0.01 train_loss: 8366.6807 train_distortion: 0.2227 train_mapscore: 0.9971 train_c: -1.0268 train_max_dist: 39.2305 train_imax: -0.0000 train_imin: -2.1195 time: 0.9676s
INFO:root:Epoch: 0850 lr: 0.01 train_loss: 8365.5625 train_distortion: 0.2225 train_mapscore: 0.9972 train_c: -1.0269 train_max_dist: 39.2910 train_imax: -0.0000 train_imin: -2.0856 time: 0.9668s
INFO:root:Epoch: 0855 lr: 0.01 train_loss: 8365.3018 train_distortion: 0.2224 train_mapscore: 0.9972 train_c: -1.0271 train_max_dist: 39.3105 train_imax: -0.0000 train_imin: -2.0987 time: 0.9678s
INFO:root:Epoch: 0860 lr: 0.01 train_loss: 8364.3711 train_distortion: 0.2222 train_mapscore: 0.9971 train_c: -1.0272 train_max_dist: 39.3594 train_imax: -0.0000 train_imin: -2.0969 time: 0.9683s
INFO:root:Epoch: 0865 lr: 0.01 train_loss: 8365.2197 train_distortion: 0.2220 train_mapscore: 0.9972 train_c: -1.0274 train_max_dist: 39.4307 train_imax: -0.0000 train_imin: -2.1355 time: 0.9662s
INFO:root:Epoch: 0870 lr: 0.01 train_loss: 8365.2070 train_distortion: 0.2218 train_mapscore: 0.9971 train_c: -1.0276 train_max_dist: 39.4648 train_imax: -0.0000 train_imin: -2.0839 time: 0.9648s
INFO:root:Epoch: 0875 lr: 0.01 train_loss: 8364.3145 train_distortion: 0.2217 train_mapscore: 0.9972 train_c: -1.0277 train_max_dist: 39.5156 train_imax: -0.0000 train_imin: -2.0934 time: 0.9708s
INFO:root:Epoch: 0880 lr: 0.01 train_loss: 8364.1465 train_distortion: 0.2215 train_mapscore: 0.9971 train_c: -1.0279 train_max_dist: 39.5703 train_imax: -0.0000 train_imin: -2.0958 time: 0.9738s
INFO:root:Epoch: 0885 lr: 0.01 train_loss: 8363.4873 train_distortion: 0.2214 train_mapscore: 0.9971 train_c: -1.0281 train_max_dist: 39.6270 train_imax: -0.0000 train_imin: -2.0974 time: 0.9671s
INFO:root:Epoch: 0890 lr: 0.01 train_loss: 8361.7109 train_distortion: 0.2212 train_mapscore: 0.9971 train_c: -1.0282 train_max_dist: 39.6973 train_imax: -0.0000 train_imin: -2.1155 time: 1.0364s
INFO:root:Epoch: 0895 lr: 0.01 train_loss: 8361.8965 train_distortion: 0.2210 train_mapscore: 0.9971 train_c: -1.0284 train_max_dist: 39.7422 train_imax: -0.0000 train_imin: -2.0997 time: 0.9685s
INFO:root:Epoch: 0900 lr: 0.01 train_loss: 8360.6826 train_distortion: 0.2209 train_mapscore: 0.9971 train_c: -1.0286 train_max_dist: 39.7734 train_imax: -0.0000 train_imin: -2.1281 time: 0.9702s
INFO:root:Epoch: 0905 lr: 0.01 train_loss: 8361.4629 train_distortion: 0.2207 train_mapscore: 0.9972 train_c: -1.0287 train_max_dist: 39.8262 train_imax: -0.0000 train_imin: -2.0630 time: 0.9706s
INFO:root:Epoch: 0910 lr: 0.01 train_loss: 8362.2070 train_distortion: 0.2206 train_mapscore: 0.9971 train_c: -1.0289 train_max_dist: 39.8691 train_imax: -0.0000 train_imin: -2.1203 time: 0.9774s
INFO:root:Epoch: 0915 lr: 0.01 train_loss: 8361.6543 train_distortion: 0.2204 train_mapscore: 0.9972 train_c: -1.0291 train_max_dist: 39.9355 train_imax: -0.0000 train_imin: -2.0958 time: 0.9556s
INFO:root:Epoch: 0920 lr: 0.01 train_loss: 8359.7061 train_distortion: 0.2202 train_mapscore: 0.9972 train_c: -1.0293 train_max_dist: 39.9746 train_imax: -0.0000 train_imin: -2.0750 time: 0.9567s
INFO:root:Epoch: 0925 lr: 0.01 train_loss: 8358.4404 train_distortion: 0.2201 train_mapscore: 0.9972 train_c: -1.0294 train_max_dist: 40.0098 train_imax: -0.0000 train_imin: -2.0844 time: 0.9524s
INFO:root:Epoch: 0930 lr: 0.01 train_loss: 8357.5449 train_distortion: 0.2199 train_mapscore: 0.9971 train_c: -1.0296 train_max_dist: 40.0527 train_imax: -0.0000 train_imin: -2.1209 time: 0.9556s
INFO:root:Epoch: 0935 lr: 0.01 train_loss: 8357.4033 train_distortion: 0.2198 train_mapscore: 0.9972 train_c: -1.0298 train_max_dist: 40.1133 train_imax: -0.0000 train_imin: -2.0919 time: 0.9539s
INFO:root:Epoch: 0940 lr: 0.01 train_loss: 8358.9639 train_distortion: 0.2196 train_mapscore: 0.9972 train_c: -1.0299 train_max_dist: 40.1445 train_imax: -0.0000 train_imin: -2.0879 time: 0.9541s
INFO:root:Epoch: 0945 lr: 0.01 train_loss: 8361.8848 train_distortion: 0.2195 train_mapscore: 0.9971 train_c: -1.0301 train_max_dist: 40.1660 train_imax: -0.0000 train_imin: -2.0857 time: 0.9522s
INFO:root:Epoch: 0950 lr: 0.01 train_loss: 8358.6533 train_distortion: 0.2193 train_mapscore: 0.9972 train_c: -1.0303 train_max_dist: 40.2031 train_imax: -0.0000 train_imin: -2.0998 time: 0.9494s
INFO:root:Epoch: 0955 lr: 0.01 train_loss: 8358.3438 train_distortion: 0.2192 train_mapscore: 0.9971 train_c: -1.0305 train_max_dist: 40.2363 train_imax: -0.0000 train_imin: -2.0968 time: 0.9812s
INFO:root:Epoch: 0960 lr: 0.01 train_loss: 8355.7207 train_distortion: 0.2191 train_mapscore: 0.9972 train_c: -1.0306 train_max_dist: 40.2793 train_imax: -0.0000 train_imin: -2.0785 time: 0.9541s
INFO:root:Epoch: 0965 lr: 0.01 train_loss: 8356.0547 train_distortion: 0.2189 train_mapscore: 0.9972 train_c: -1.0308 train_max_dist: 40.3164 train_imax: -0.0000 train_imin: -2.1018 time: 0.9480s
INFO:root:Epoch: 0970 lr: 0.01 train_loss: 8354.6826 train_distortion: 0.2188 train_mapscore: 0.9972 train_c: -1.0310 train_max_dist: 40.3574 train_imax: -0.0000 train_imin: -2.0760 time: 0.9510s
INFO:root:Epoch: 0975 lr: 0.01 train_loss: 8354.9346 train_distortion: 0.2186 train_mapscore: 0.9972 train_c: -1.0311 train_max_dist: 40.4004 train_imax: -0.0000 train_imin: -2.0776 time: 0.9512s
INFO:root:Epoch: 0980 lr: 0.01 train_loss: 8356.7627 train_distortion: 0.2185 train_mapscore: 0.9971 train_c: -1.0313 train_max_dist: 40.4062 train_imax: -0.0000 train_imin: -2.1109 time: 0.9520s
INFO:root:Epoch: 0985 lr: 0.01 train_loss: 8356.4414 train_distortion: 0.2184 train_mapscore: 0.9972 train_c: -1.0315 train_max_dist: 40.4492 train_imax: -0.0000 train_imin: -2.1164 time: 0.9499s
INFO:root:Epoch: 0990 lr: 0.01 train_loss: 8356.4902 train_distortion: 0.2182 train_mapscore: 0.9972 train_c: -1.0317 train_max_dist: 40.4980 train_imax: -0.0000 train_imin: -2.1020 time: 0.9515s
INFO:root:Epoch: 0995 lr: 0.01 train_loss: 8355.0674 train_distortion: 0.2181 train_mapscore: 0.9971 train_c: -1.0319 train_max_dist: 40.5352 train_imax: -0.0000 train_imin: -2.0786 time: 0.9530s
INFO:root:Epoch: 1000 lr: 0.01 train_loss: 8353.2695 train_distortion: 0.2180 train_mapscore: 0.9972 train_c: -1.0320 train_max_dist: 40.5625 train_imax: -0.0000 train_imin: -2.0783 time: 0.9489s
INFO:root:Epoch: 1005 lr: 0.01 train_loss: 8352.1338 train_distortion: 0.2179 train_mapscore: 0.9972 train_c: -1.0322 train_max_dist: 40.6074 train_imax: -0.0000 train_imin: -2.0861 time: 0.9525s
INFO:root:Epoch: 1010 lr: 0.01 train_loss: 8351.8818 train_distortion: 0.2177 train_mapscore: 0.9972 train_c: -1.0324 train_max_dist: 40.6426 train_imax: -0.0000 train_imin: -2.1044 time: 0.9544s
INFO:root:Epoch: 1015 lr: 0.01 train_loss: 8352.8027 train_distortion: 0.2176 train_mapscore: 0.9972 train_c: -1.0326 train_max_dist: 40.6934 train_imax: -0.0000 train_imin: -2.0836 time: 0.9512s
INFO:root:Epoch: 1020 lr: 0.01 train_loss: 8353.4980 train_distortion: 0.2174 train_mapscore: 0.9971 train_c: -1.0327 train_max_dist: 40.7148 train_imax: -0.0000 train_imin: -2.1142 time: 0.9830s
INFO:root:Epoch: 1025 lr: 0.01 train_loss: 8354.1602 train_distortion: 0.2173 train_mapscore: 0.9971 train_c: -1.0329 train_max_dist: 40.7520 train_imax: -0.0000 train_imin: -2.1089 time: 0.9535s
INFO:root:Epoch: 1030 lr: 0.01 train_loss: 8354.2520 train_distortion: 0.2172 train_mapscore: 0.9972 train_c: -1.0331 train_max_dist: 40.7852 train_imax: -0.0000 train_imin: -2.0943 time: 0.9522s
INFO:root:Epoch: 1035 lr: 0.01 train_loss: 8351.2305 train_distortion: 0.2171 train_mapscore: 0.9972 train_c: -1.0333 train_max_dist: 40.8066 train_imax: -0.0000 train_imin: -2.0971 time: 0.9518s
INFO:root:Epoch: 1040 lr: 0.01 train_loss: 8350.3379 train_distortion: 0.2170 train_mapscore: 0.9972 train_c: -1.0335 train_max_dist: 40.8301 train_imax: -0.0000 train_imin: -2.1201 time: 0.9514s
INFO:root:Epoch: 1045 lr: 0.01 train_loss: 8349.5430 train_distortion: 0.2169 train_mapscore: 0.9972 train_c: -1.0336 train_max_dist: 40.8926 train_imax: -0.0000 train_imin: -2.0874 time: 0.9515s
INFO:root:Epoch: 1050 lr: 0.01 train_loss: 8349.0342 train_distortion: 0.2167 train_mapscore: 0.9972 train_c: -1.0338 train_max_dist: 40.8926 train_imax: -0.0000 train_imin: -2.0825 time: 0.9525s
INFO:root:Epoch: 1055 lr: 0.01 train_loss: 8349.8467 train_distortion: 0.2166 train_mapscore: 0.9971 train_c: -1.0340 train_max_dist: 40.9453 train_imax: -0.0000 train_imin: -2.0956 time: 0.9528s
INFO:root:Epoch: 1060 lr: 0.01 train_loss: 8351.1738 train_distortion: 0.2165 train_mapscore: 0.9972 train_c: -1.0342 train_max_dist: 40.9551 train_imax: -0.0000 train_imin: -2.0699 time: 0.9542s
INFO:root:Epoch: 1065 lr: 0.01 train_loss: 8350.1406 train_distortion: 0.2164 train_mapscore: 0.9971 train_c: -1.0344 train_max_dist: 40.9863 train_imax: -0.0000 train_imin: -2.1268 time: 0.9548s
INFO:root:Epoch: 1070 lr: 0.01 train_loss: 8350.4316 train_distortion: 0.2163 train_mapscore: 0.9972 train_c: -1.0346 train_max_dist: 41.0000 train_imax: -0.0000 train_imin: -2.0686 time: 0.9514s
INFO:root:Epoch: 1075 lr: 0.01 train_loss: 8349.8760 train_distortion: 0.2162 train_mapscore: 0.9971 train_c: -1.0347 train_max_dist: 41.0020 train_imax: -0.0000 train_imin: -2.0827 time: 0.9707s
INFO:root:Epoch: 1080 lr: 0.01 train_loss: 8347.7324 train_distortion: 0.2161 train_mapscore: 0.9972 train_c: -1.0349 train_max_dist: 41.0352 train_imax: -0.0000 train_imin: -2.0941 time: 0.9557s
INFO:root:Epoch: 1085 lr: 0.01 train_loss: 8347.7871 train_distortion: 0.2160 train_mapscore: 0.9972 train_c: -1.0351 train_max_dist: 41.0820 train_imax: -0.0000 train_imin: -2.0767 time: 0.9831s
INFO:root:Epoch: 1090 lr: 0.01 train_loss: 8347.0488 train_distortion: 0.2159 train_mapscore: 0.9971 train_c: -1.0353 train_max_dist: 41.0781 train_imax: -0.0000 train_imin: -2.1019 time: 0.9543s
INFO:root:Epoch: 1095 lr: 0.01 train_loss: 8346.7324 train_distortion: 0.2158 train_mapscore: 0.9972 train_c: -1.0355 train_max_dist: 41.1172 train_imax: -0.0000 train_imin: -2.0992 time: 0.9529s
INFO:root:Epoch: 1100 lr: 0.01 train_loss: 8347.2207 train_distortion: 0.2157 train_mapscore: 0.9971 train_c: -1.0357 train_max_dist: 41.1562 train_imax: -0.0000 train_imin: -2.0815 time: 0.9514s
INFO:root:Epoch: 1105 lr: 0.01 train_loss: 8348.1963 train_distortion: 0.2156 train_mapscore: 0.9972 train_c: -1.0359 train_max_dist: 41.1660 train_imax: -0.0000 train_imin: -2.0960 time: 0.9480s
INFO:root:Epoch: 1110 lr: 0.01 train_loss: 8347.8936 train_distortion: 0.2155 train_mapscore: 0.9971 train_c: -1.0361 train_max_dist: 41.1992 train_imax: -0.0000 train_imin: -2.0827 time: 0.9459s
INFO:root:Epoch: 1115 lr: 0.01 train_loss: 8351.0645 train_distortion: 0.2154 train_mapscore: 0.9972 train_c: -1.0362 train_max_dist: 41.1973 train_imax: -0.0000 train_imin: -2.0843 time: 0.9474s
INFO:root:Epoch: 1120 lr: 0.01 train_loss: 8347.8398 train_distortion: 0.2153 train_mapscore: 0.9972 train_c: -1.0364 train_max_dist: 41.2168 train_imax: -0.0000 train_imin: -2.0970 time: 0.9449s
INFO:root:Epoch: 1125 lr: 0.01 train_loss: 8347.3887 train_distortion: 0.2152 train_mapscore: 0.9971 train_c: -1.0366 train_max_dist: 41.2344 train_imax: -0.0000 train_imin: -2.1142 time: 0.9475s
INFO:root:Epoch: 1130 lr: 0.01 train_loss: 8345.2119 train_distortion: 0.2152 train_mapscore: 0.9972 train_c: -1.0368 train_max_dist: 41.2656 train_imax: -0.0000 train_imin: -2.0998 time: 0.9459s
INFO:root:Epoch: 1135 lr: 0.01 train_loss: 8344.2764 train_distortion: 0.2151 train_mapscore: 0.9972 train_c: -1.0370 train_max_dist: 41.2793 train_imax: -0.0000 train_imin: -2.0962 time: 0.9467s
INFO:root:Epoch: 1140 lr: 0.01 train_loss: 8344.2100 train_distortion: 0.2150 train_mapscore: 0.9972 train_c: -1.0372 train_max_dist: 41.2969 train_imax: -0.0000 train_imin: -2.0884 time: 0.9442s
INFO:root:Epoch: 1145 lr: 0.01 train_loss: 8344.0615 train_distortion: 0.2149 train_mapscore: 0.9971 train_c: -1.0374 train_max_dist: 41.3418 train_imax: -0.0000 train_imin: -2.0922 time: 0.9458s
INFO:root:Epoch: 1150 lr: 0.01 train_loss: 8344.4746 train_distortion: 0.2148 train_mapscore: 0.9971 train_c: -1.0376 train_max_dist: 41.3750 train_imax: -0.0000 train_imin: -2.0817 time: 0.9807s
INFO:root:Epoch: 1155 lr: 0.01 train_loss: 8344.7188 train_distortion: 0.2147 train_mapscore: 0.9972 train_c: -1.0378 train_max_dist: 41.3965 train_imax: -0.0000 train_imin: -2.1018 time: 0.9480s
INFO:root:Epoch: 1160 lr: 0.01 train_loss: 8344.2910 train_distortion: 0.2146 train_mapscore: 0.9971 train_c: -1.0380 train_max_dist: 41.4062 train_imax: -0.0000 train_imin: -2.0920 time: 0.9447s
INFO:root:Epoch: 1165 lr: 0.01 train_loss: 8343.1582 train_distortion: 0.2145 train_mapscore: 0.9972 train_c: -1.0381 train_max_dist: 41.4395 train_imax: -0.0000 train_imin: -2.0889 time: 0.9454s
INFO:root:Epoch: 1170 lr: 0.01 train_loss: 8342.6816 train_distortion: 0.2144 train_mapscore: 0.9971 train_c: -1.0383 train_max_dist: 41.4648 train_imax: -0.0000 train_imin: -2.0937 time: 0.9459s
INFO:root:Epoch: 1175 lr: 0.01 train_loss: 8342.5654 train_distortion: 0.2143 train_mapscore: 0.9971 train_c: -1.0385 train_max_dist: 41.4707 train_imax: -0.0000 train_imin: -2.0842 time: 0.9485s
INFO:root:Epoch: 1180 lr: 0.01 train_loss: 8342.1426 train_distortion: 0.2142 train_mapscore: 0.9972 train_c: -1.0387 train_max_dist: 41.5078 train_imax: -0.0000 train_imin: -2.0942 time: 0.9481s
INFO:root:Epoch: 1185 lr: 0.01 train_loss: 8343.0098 train_distortion: 0.2142 train_mapscore: 0.9972 train_c: -1.0389 train_max_dist: 41.5000 train_imax: -0.0000 train_imin: -2.1166 time: 0.9479s
INFO:root:Epoch: 1190 lr: 0.01 train_loss: 8342.5889 train_distortion: 0.2141 train_mapscore: 0.9971 train_c: -1.0391 train_max_dist: 41.5430 train_imax: -0.0000 train_imin: -2.0942 time: 0.9490s
INFO:root:Epoch: 1195 lr: 0.01 train_loss: 8342.1064 train_distortion: 0.2140 train_mapscore: 0.9971 train_c: -1.0393 train_max_dist: 41.5547 train_imax: -0.0000 train_imin: -2.0932 time: 0.9460s
INFO:root:Epoch: 1200 lr: 0.01 train_loss: 8341.6797 train_distortion: 0.2139 train_mapscore: 0.9971 train_c: -1.0395 train_max_dist: 41.5586 train_imax: -0.0000 train_imin: -2.1089 time: 0.9471s
INFO:root:Epoch: 1205 lr: 0.01 train_loss: 8341.5264 train_distortion: 0.2138 train_mapscore: 0.9972 train_c: -1.0397 train_max_dist: 41.5996 train_imax: -0.0000 train_imin: -2.0758 time: 0.9465s
INFO:root:Epoch: 1210 lr: 0.01 train_loss: 8342.5977 train_distortion: 0.2138 train_mapscore: 0.9972 train_c: -1.0399 train_max_dist: 41.6055 train_imax: -0.0000 train_imin: -2.1366 time: 0.9458s
INFO:root:Epoch: 1215 lr: 0.01 train_loss: 8341.9541 train_distortion: 0.2137 train_mapscore: 0.9971 train_c: -1.0401 train_max_dist: 41.6289 train_imax: -0.0000 train_imin: -2.1092 time: 0.9746s
INFO:root:Epoch: 1220 lr: 0.01 train_loss: 8341.5420 train_distortion: 0.2137 train_mapscore: 0.9972 train_c: -1.0403 train_max_dist: 41.6484 train_imax: -0.0000 train_imin: -2.1136 time: 0.9487s
INFO:root:Epoch: 1225 lr: 0.01 train_loss: 8341.1230 train_distortion: 0.2136 train_mapscore: 0.9972 train_c: -1.0405 train_max_dist: 41.6523 train_imax: -0.0000 train_imin: -2.1028 time: 0.9473s
INFO:root:Epoch: 1230 lr: 0.01 train_loss: 8340.0791 train_distortion: 0.2135 train_mapscore: 0.9971 train_c: -1.0407 train_max_dist: 41.6660 train_imax: -0.0000 train_imin: -2.0863 time: 0.9476s
INFO:root:Epoch: 1235 lr: 0.01 train_loss: 8340.3652 train_distortion: 0.2134 train_mapscore: 0.9971 train_c: -1.0409 train_max_dist: 41.6836 train_imax: -0.0000 train_imin: -2.1273 time: 0.9465s
INFO:root:Epoch: 1240 lr: 0.01 train_loss: 8339.5928 train_distortion: 0.2134 train_mapscore: 0.9972 train_c: -1.0411 train_max_dist: 41.7207 train_imax: -0.0000 train_imin: -2.1213 time: 0.9479s
INFO:root:Epoch: 1245 lr: 0.01 train_loss: 8338.7246 train_distortion: 0.2133 train_mapscore: 0.9971 train_c: -1.0413 train_max_dist: 41.7070 train_imax: -0.0000 train_imin: -2.1011 time: 0.9455s
INFO:root:Epoch: 1250 lr: 0.01 train_loss: 8338.4082 train_distortion: 0.2132 train_mapscore: 0.9971 train_c: -1.0415 train_max_dist: 41.7383 train_imax: -0.0000 train_imin: -2.1002 time: 0.9481s
INFO:root:Epoch: 1255 lr: 0.01 train_loss: 8338.4834 train_distortion: 0.2131 train_mapscore: 0.9972 train_c: -1.0417 train_max_dist: 41.7695 train_imax: -0.0000 train_imin: -2.0943 time: 0.9483s
INFO:root:Epoch: 1260 lr: 0.01 train_loss: 8338.1084 train_distortion: 0.2131 train_mapscore: 0.9972 train_c: -1.0419 train_max_dist: 41.7949 train_imax: -0.0000 train_imin: -2.0931 time: 0.9474s
INFO:root:Epoch: 1265 lr: 0.01 train_loss: 8338.9062 train_distortion: 0.2130 train_mapscore: 0.9971 train_c: -1.0421 train_max_dist: 41.8086 train_imax: -0.0000 train_imin: -2.1070 time: 0.9483s
INFO:root:Epoch: 1270 lr: 0.01 train_loss: 8339.1572 train_distortion: 0.2129 train_mapscore: 0.9972 train_c: -1.0423 train_max_dist: 41.8125 train_imax: -0.0000 train_imin: -2.0772 time: 0.9470s
INFO:root:Epoch: 1275 lr: 0.01 train_loss: 8339.3203 train_distortion: 0.2129 train_mapscore: 0.9971 train_c: -1.0425 train_max_dist: 41.8457 train_imax: -0.0000 train_imin: -2.1186 time: 0.9511s
INFO:root:Epoch: 1280 lr: 0.01 train_loss: 8338.1318 train_distortion: 0.2128 train_mapscore: 0.9971 train_c: -1.0427 train_max_dist: 41.8672 train_imax: -0.0000 train_imin: -2.0817 time: 0.9823s
INFO:root:Epoch: 1285 lr: 0.01 train_loss: 8337.3887 train_distortion: 0.2128 train_mapscore: 0.9972 train_c: -1.0429 train_max_dist: 41.8574 train_imax: -0.0000 train_imin: -2.0932 time: 0.9517s
INFO:root:Epoch: 1290 lr: 0.01 train_loss: 8336.3730 train_distortion: 0.2127 train_mapscore: 0.9971 train_c: -1.0431 train_max_dist: 41.8867 train_imax: -0.0000 train_imin: -2.1041 time: 0.9541s
INFO:root:Epoch: 1295 lr: 0.01 train_loss: 8335.8984 train_distortion: 0.2126 train_mapscore: 0.9972 train_c: -1.0433 train_max_dist: 41.9121 train_imax: -0.0000 train_imin: -2.0730 time: 0.9534s
INFO:root:Epoch: 1300 lr: 0.01 train_loss: 8336.6045 train_distortion: 0.2125 train_mapscore: 0.9971 train_c: -1.0435 train_max_dist: 41.9434 train_imax: -0.0000 train_imin: -2.1196 time: 0.9527s
INFO:root:Epoch: 1305 lr: 0.01 train_loss: 8337.2988 train_distortion: 0.2124 train_mapscore: 0.9972 train_c: -1.0437 train_max_dist: 41.9609 train_imax: -0.0000 train_imin: -2.1009 time: 0.9526s
INFO:root:Epoch: 1310 lr: 0.01 train_loss: 8335.9170 train_distortion: 0.2124 train_mapscore: 0.9971 train_c: -1.0440 train_max_dist: 41.9824 train_imax: -0.0000 train_imin: -2.1154 time: 0.9516s
INFO:root:Epoch: 1315 lr: 0.01 train_loss: 8334.9131 train_distortion: 0.2123 train_mapscore: 0.9972 train_c: -1.0442 train_max_dist: 41.9961 train_imax: -0.0000 train_imin: -2.0907 time: 0.9530s
INFO:root:Epoch: 1320 lr: 0.01 train_loss: 8334.9307 train_distortion: 0.2122 train_mapscore: 0.9972 train_c: -1.0444 train_max_dist: 42.0117 train_imax: -0.0000 train_imin: -2.0986 time: 0.9531s
INFO:root:Epoch: 1325 lr: 0.01 train_loss: 8335.6016 train_distortion: 0.2122 train_mapscore: 0.9971 train_c: -1.0446 train_max_dist: 42.0254 train_imax: -0.0000 train_imin: -2.0977 time: 0.9529s
INFO:root:Epoch: 1330 lr: 0.01 train_loss: 8335.3457 train_distortion: 0.2121 train_mapscore: 0.9972 train_c: -1.0448 train_max_dist: 42.0430 train_imax: -0.0000 train_imin: -2.1060 time: 0.9529s
INFO:root:Epoch: 1335 lr: 0.01 train_loss: 8334.9658 train_distortion: 0.2120 train_mapscore: 0.9971 train_c: -1.0450 train_max_dist: 42.0664 train_imax: -0.0000 train_imin: -2.0884 time: 0.9534s
INFO:root:Epoch: 1340 lr: 0.01 train_loss: 8334.3125 train_distortion: 0.2120 train_mapscore: 0.9972 train_c: -1.0452 train_max_dist: 42.0664 train_imax: -0.0000 train_imin: -2.0904 time: 0.9540s
INFO:root:Epoch: 1345 lr: 0.01 train_loss: 8335.2227 train_distortion: 0.2119 train_mapscore: 0.9971 train_c: -1.0454 train_max_dist: 42.0918 train_imax: -0.0000 train_imin: -2.1012 time: 0.9819s
INFO:root:Epoch: 1350 lr: 0.01 train_loss: 8336.0469 train_distortion: 0.2119 train_mapscore: 0.9971 train_c: -1.0456 train_max_dist: 42.1172 train_imax: -0.0000 train_imin: -2.0963 time: 0.9527s
INFO:root:Epoch: 1355 lr: 0.01 train_loss: 8333.9219 train_distortion: 0.2118 train_mapscore: 0.9971 train_c: -1.0458 train_max_dist: 42.1270 train_imax: -0.0000 train_imin: -2.1142 time: 0.9516s
INFO:root:Epoch: 1360 lr: 0.01 train_loss: 8333.9111 train_distortion: 0.2118 train_mapscore: 0.9972 train_c: -1.0460 train_max_dist: 42.1309 train_imax: -0.0000 train_imin: -2.0918 time: 0.9515s
INFO:root:Epoch: 1365 lr: 0.01 train_loss: 8333.6230 train_distortion: 0.2117 train_mapscore: 0.9971 train_c: -1.0463 train_max_dist: 42.1543 train_imax: -0.0000 train_imin: -2.0836 time: 0.9519s
INFO:root:Epoch: 1370 lr: 0.01 train_loss: 8334.0029 train_distortion: 0.2117 train_mapscore: 0.9972 train_c: -1.0465 train_max_dist: 42.1543 train_imax: -0.0000 train_imin: -2.0933 time: 0.9698s
INFO:root:Epoch: 1375 lr: 0.01 train_loss: 8333.1309 train_distortion: 0.2116 train_mapscore: 0.9971 train_c: -1.0467 train_max_dist: 42.1582 train_imax: -0.0000 train_imin: -2.1054 time: 0.9721s
INFO:root:Epoch: 1380 lr: 0.01 train_loss: 8333.2793 train_distortion: 0.2116 train_mapscore: 0.9972 train_c: -1.0469 train_max_dist: 42.1797 train_imax: -0.0000 train_imin: -2.0775 time: 0.9696s
INFO:root:Epoch: 1385 lr: 0.01 train_loss: 8332.3330 train_distortion: 0.2115 train_mapscore: 0.9972 train_c: -1.0471 train_max_dist: 42.1895 train_imax: -0.0000 train_imin: -2.1045 time: 0.9733s
INFO:root:Epoch: 1390 lr: 0.01 train_loss: 8330.9209 train_distortion: 0.2114 train_mapscore: 0.9971 train_c: -1.0473 train_max_dist: 42.2090 train_imax: -0.0000 train_imin: -2.0927 time: 0.9801s
INFO:root:Epoch: 1395 lr: 0.01 train_loss: 8330.8838 train_distortion: 0.2114 train_mapscore: 0.9972 train_c: -1.0475 train_max_dist: 42.2129 train_imax: -0.0000 train_imin: -2.0975 time: 0.9709s
INFO:root:Epoch: 1400 lr: 0.01 train_loss: 8331.2656 train_distortion: 0.2113 train_mapscore: 0.9971 train_c: -1.0478 train_max_dist: 42.2363 train_imax: -0.0000 train_imin: -2.1109 time: 0.9685s
INFO:root:Epoch: 1405 lr: 0.01 train_loss: 8332.0459 train_distortion: 0.2113 train_mapscore: 0.9972 train_c: -1.0480 train_max_dist: 42.2461 train_imax: -0.0000 train_imin: -2.1153 time: 0.9681s
INFO:root:Epoch: 1410 lr: 0.01 train_loss: 8331.8213 train_distortion: 0.2112 train_mapscore: 0.9972 train_c: -1.0482 train_max_dist: 42.2676 train_imax: -0.0000 train_imin: -2.1190 time: 1.0235s
INFO:root:Epoch: 1415 lr: 0.01 train_loss: 8330.2920 train_distortion: 0.2111 train_mapscore: 0.9971 train_c: -1.0484 train_max_dist: 42.2910 train_imax: -0.0000 train_imin: -2.1057 time: 0.9709s
INFO:root:Epoch: 1420 lr: 0.01 train_loss: 8330.2998 train_distortion: 0.2111 train_mapscore: 0.9971 train_c: -1.0486 train_max_dist: 42.2910 train_imax: -0.0000 train_imin: -2.1006 time: 0.9661s
INFO:root:Epoch: 1425 lr: 0.01 train_loss: 8330.0225 train_distortion: 0.2110 train_mapscore: 0.9971 train_c: -1.0488 train_max_dist: 42.3027 train_imax: -0.0000 train_imin: -2.0811 time: 0.9669s
INFO:root:Epoch: 1430 lr: 0.01 train_loss: 8330.5420 train_distortion: 0.2110 train_mapscore: 0.9972 train_c: -1.0491 train_max_dist: 42.3164 train_imax: -0.0000 train_imin: -2.1243 time: 0.9685s
INFO:root:Epoch: 1435 lr: 0.01 train_loss: 8332.6348 train_distortion: 0.2109 train_mapscore: 0.9971 train_c: -1.0493 train_max_dist: 42.3496 train_imax: -0.0000 train_imin: -2.0748 time: 0.9706s
INFO:root:Epoch: 1440 lr: 0.01 train_loss: 8331.0273 train_distortion: 0.2109 train_mapscore: 0.9972 train_c: -1.0495 train_max_dist: 42.3438 train_imax: -0.0000 train_imin: -2.1198 time: 0.9672s
INFO:root:Epoch: 1445 lr: 0.01 train_loss: 8329.6211 train_distortion: 0.2108 train_mapscore: 0.9971 train_c: -1.0497 train_max_dist: 42.3398 train_imax: -0.0000 train_imin: -2.1139 time: 0.9703s
INFO:root:Epoch: 1450 lr: 0.01 train_loss: 8329.6855 train_distortion: 0.2108 train_mapscore: 0.9972 train_c: -1.0499 train_max_dist: 42.3574 train_imax: -0.0000 train_imin: -2.0774 time: 0.9669s
INFO:root:Epoch: 1455 lr: 0.01 train_loss: 8328.0293 train_distortion: 0.2108 train_mapscore: 0.9971 train_c: -1.0501 train_max_dist: 42.3633 train_imax: -0.0000 train_imin: -2.1085 time: 0.9726s
INFO:root:Epoch: 1460 lr: 0.01 train_loss: 8327.5176 train_distortion: 0.2107 train_mapscore: 0.9972 train_c: -1.0504 train_max_dist: 42.3770 train_imax: -0.0000 train_imin: -2.1472 time: 0.9728s
INFO:root:Epoch: 1465 lr: 0.01 train_loss: 8327.1719 train_distortion: 0.2106 train_mapscore: 0.9972 train_c: -1.0506 train_max_dist: 42.3848 train_imax: -0.0000 train_imin: -2.1129 time: 0.9684s
INFO:root:Epoch: 1470 lr: 0.01 train_loss: 8327.1113 train_distortion: 0.2106 train_mapscore: 0.9972 train_c: -1.0508 train_max_dist: 42.4102 train_imax: -0.0000 train_imin: -2.0877 time: 0.9710s
INFO:root:Epoch: 1475 lr: 0.01 train_loss: 8327.4121 train_distortion: 0.2105 train_mapscore: 0.9971 train_c: -1.0510 train_max_dist: 42.4355 train_imax: -0.0000 train_imin: -2.0931 time: 1.0360s
INFO:root:Epoch: 1480 lr: 0.01 train_loss: 8329.3340 train_distortion: 0.2105 train_mapscore: 0.9971 train_c: -1.0513 train_max_dist: 42.4648 train_imax: -0.0000 train_imin: -2.1124 time: 0.9725s
INFO:root:Epoch: 1485 lr: 0.01 train_loss: 8331.7305 train_distortion: 0.2104 train_mapscore: 0.9972 train_c: -1.0515 train_max_dist: 42.4863 train_imax: -0.0000 train_imin: -2.1310 time: 0.9726s
INFO:root:Epoch: 1490 lr: 0.01 train_loss: 8328.4297 train_distortion: 0.2104 train_mapscore: 0.9971 train_c: -1.0517 train_max_dist: 42.4844 train_imax: -0.0000 train_imin: -2.1107 time: 0.9690s
INFO:root:Epoch: 1495 lr: 0.01 train_loss: 8327.4443 train_distortion: 0.2104 train_mapscore: 0.9971 train_c: -1.0519 train_max_dist: 42.4922 train_imax: -0.0000 train_imin: -2.1193 time: 0.9715s
INFO:root:Epoch: 1500 lr: 0.01 train_loss: 8326.1084 train_distortion: 0.2103 train_mapscore: 0.9971 train_c: -1.0522 train_max_dist: 42.4824 train_imax: -0.0000 train_imin: -2.1242 time: 0.9751s
INFO:root:Epoch: 1505 lr: 0.01 train_loss: 8325.6543 train_distortion: 0.2103 train_mapscore: 0.9972 train_c: -1.0524 train_max_dist: 42.5098 train_imax: -0.0000 train_imin: -2.1007 time: 0.9724s
INFO:root:Epoch: 1510 lr: 0.01 train_loss: 8324.8672 train_distortion: 0.2102 train_mapscore: 0.9971 train_c: -1.0526 train_max_dist: 42.5312 train_imax: -0.0000 train_imin: -2.0923 time: 0.9762s
INFO:root:Epoch: 1515 lr: 0.01 train_loss: 8324.9072 train_distortion: 0.2102 train_mapscore: 0.9972 train_c: -1.0528 train_max_dist: 42.5469 train_imax: -0.0000 train_imin: -2.0820 time: 0.9770s
INFO:root:Epoch: 1520 lr: 0.01 train_loss: 8325.0137 train_distortion: 0.2101 train_mapscore: 0.9972 train_c: -1.0531 train_max_dist: 42.5605 train_imax: -0.0000 train_imin: -2.1067 time: 0.9456s
INFO:root:Epoch: 1525 lr: 0.01 train_loss: 8325.5898 train_distortion: 0.2100 train_mapscore: 0.9972 train_c: -1.0533 train_max_dist: 42.5762 train_imax: -0.0000 train_imin: -2.0975 time: 0.9478s
INFO:root:Epoch: 1530 lr: 0.01 train_loss: 8326.4336 train_distortion: 0.2100 train_mapscore: 0.9971 train_c: -1.0535 train_max_dist: 42.6016 train_imax: -0.0000 train_imin: -2.1019 time: 0.9489s
INFO:root:Epoch: 1535 lr: 0.01 train_loss: 8325.6426 train_distortion: 0.2100 train_mapscore: 0.9972 train_c: -1.0537 train_max_dist: 42.5957 train_imax: -0.0000 train_imin: -2.1035 time: 0.9459s
INFO:root:Epoch: 1540 lr: 0.01 train_loss: 8325.3779 train_distortion: 0.2099 train_mapscore: 0.9971 train_c: -1.0540 train_max_dist: 42.6230 train_imax: -0.0000 train_imin: -2.1247 time: 0.9747s
INFO:root:Epoch: 1545 lr: 0.01 train_loss: 8326.0801 train_distortion: 0.2099 train_mapscore: 0.9972 train_c: -1.0542 train_max_dist: 42.6113 train_imax: -0.0000 train_imin: -2.0902 time: 0.9456s
INFO:root:Epoch: 1550 lr: 0.01 train_loss: 8325.2383 train_distortion: 0.2099 train_mapscore: 0.9971 train_c: -1.0544 train_max_dist: 42.6113 train_imax: -0.0000 train_imin: -2.1397 time: 0.9465s
INFO:root:Epoch: 1555 lr: 0.01 train_loss: 8325.0234 train_distortion: 0.2098 train_mapscore: 0.9972 train_c: -1.0547 train_max_dist: 42.6309 train_imax: -0.0000 train_imin: -2.1200 time: 0.9476s
INFO:root:Epoch: 1560 lr: 0.01 train_loss: 8323.7656 train_distortion: 0.2098 train_mapscore: 0.9972 train_c: -1.0549 train_max_dist: 42.6426 train_imax: -0.0000 train_imin: -2.0935 time: 0.9462s
INFO:root:Epoch: 1565 lr: 0.01 train_loss: 8323.6641 train_distortion: 0.2097 train_mapscore: 0.9971 train_c: -1.0551 train_max_dist: 42.6562 train_imax: -0.0000 train_imin: -2.1129 time: 0.9451s
INFO:root:Epoch: 1570 lr: 0.01 train_loss: 8324.0537 train_distortion: 0.2097 train_mapscore: 0.9972 train_c: -1.0553 train_max_dist: 42.6582 train_imax: -0.0000 train_imin: -2.0947 time: 0.9481s
INFO:root:Epoch: 1575 lr: 0.01 train_loss: 8323.5977 train_distortion: 0.2097 train_mapscore: 0.9971 train_c: -1.0556 train_max_dist: 42.6543 train_imax: -0.0000 train_imin: -2.1157 time: 0.9447s
INFO:root:Epoch: 1580 lr: 0.01 train_loss: 8323.5000 train_distortion: 0.2096 train_mapscore: 0.9972 train_c: -1.0558 train_max_dist: 42.6719 train_imax: -0.0000 train_imin: -2.1290 time: 0.9445s
INFO:root:Epoch: 1585 lr: 0.01 train_loss: 8322.9414 train_distortion: 0.2096 train_mapscore: 0.9972 train_c: -1.0560 train_max_dist: 42.6895 train_imax: -0.0000 train_imin: -2.1135 time: 0.9475s
INFO:root:Epoch: 1590 lr: 0.01 train_loss: 8322.1797 train_distortion: 0.2096 train_mapscore: 0.9971 train_c: -1.0563 train_max_dist: 42.7051 train_imax: -0.0000 train_imin: -2.1014 time: 0.9465s
INFO:root:Epoch: 1595 lr: 0.01 train_loss: 8322.4609 train_distortion: 0.2095 train_mapscore: 0.9972 train_c: -1.0565 train_max_dist: 42.7188 train_imax: -0.0000 train_imin: -2.0986 time: 0.9428s
INFO:root:Epoch: 1600 lr: 0.01 train_loss: 8322.5557 train_distortion: 0.2095 train_mapscore: 0.9971 train_c: -1.0567 train_max_dist: 42.7227 train_imax: -0.0000 train_imin: -2.0914 time: 0.9435s
INFO:root:Epoch: 1605 lr: 0.01 train_loss: 8321.6250 train_distortion: 0.2094 train_mapscore: 0.9972 train_c: -1.0570 train_max_dist: 42.7461 train_imax: -0.0000 train_imin: -2.1090 time: 0.9731s
INFO:root:Epoch: 1610 lr: 0.01 train_loss: 8320.4971 train_distortion: 0.2094 train_mapscore: 0.9972 train_c: -1.0572 train_max_dist: 42.7578 train_imax: -0.0000 train_imin: -2.1159 time: 0.9431s
INFO:root:Epoch: 1615 lr: 0.01 train_loss: 8321.0039 train_distortion: 0.2093 train_mapscore: 0.9971 train_c: -1.0574 train_max_dist: 42.7715 train_imax: -0.0000 train_imin: -2.0904 time: 0.9452s
INFO:root:Epoch: 1620 lr: 0.01 train_loss: 8321.6289 train_distortion: 0.2093 train_mapscore: 0.9972 train_c: -1.0577 train_max_dist: 42.7852 train_imax: -0.0000 train_imin: -2.1033 time: 0.9432s
INFO:root:Epoch: 1625 lr: 0.01 train_loss: 8321.5508 train_distortion: 0.2093 train_mapscore: 0.9972 train_c: -1.0579 train_max_dist: 42.7910 train_imax: -0.0000 train_imin: -2.1157 time: 0.9420s
INFO:root:Epoch: 1630 lr: 0.01 train_loss: 8322.0625 train_distortion: 0.2092 train_mapscore: 0.9972 train_c: -1.0581 train_max_dist: 42.7949 train_imax: -0.0000 train_imin: -2.1068 time: 0.9443s
INFO:root:Epoch: 1635 lr: 0.01 train_loss: 8321.5322 train_distortion: 0.2092 train_mapscore: 0.9972 train_c: -1.0584 train_max_dist: 42.7949 train_imax: -0.0000 train_imin: -2.1048 time: 0.9440s
INFO:root:Epoch: 1640 lr: 0.01 train_loss: 8320.2559 train_distortion: 0.2092 train_mapscore: 0.9971 train_c: -1.0586 train_max_dist: 42.8066 train_imax: -0.0000 train_imin: -2.1172 time: 0.9421s
INFO:root:Epoch: 1645 lr: 0.01 train_loss: 8320.3809 train_distortion: 0.2091 train_mapscore: 0.9972 train_c: -1.0589 train_max_dist: 42.8027 train_imax: -0.0000 train_imin: -2.1317 time: 0.9455s
INFO:root:Epoch: 1650 lr: 0.01 train_loss: 8320.6602 train_distortion: 0.2091 train_mapscore: 0.9971 train_c: -1.0591 train_max_dist: 42.8145 train_imax: -0.0000 train_imin: -2.1062 time: 0.9458s
INFO:root:Epoch: 1655 lr: 0.01 train_loss: 8319.9629 train_distortion: 0.2091 train_mapscore: 0.9972 train_c: -1.0593 train_max_dist: 42.8457 train_imax: -0.0000 train_imin: -2.1000 time: 0.9451s
INFO:root:Epoch: 1660 lr: 0.01 train_loss: 8319.7422 train_distortion: 0.2091 train_mapscore: 0.9972 train_c: -1.0596 train_max_dist: 42.8438 train_imax: -0.0000 train_imin: -2.1253 time: 0.9445s
INFO:root:Epoch: 1665 lr: 0.01 train_loss: 8319.6719 train_distortion: 0.2090 train_mapscore: 0.9971 train_c: -1.0598 train_max_dist: 42.8613 train_imax: -0.0000 train_imin: -2.0844 time: 0.9460s
INFO:root:Epoch: 1670 lr: 0.01 train_loss: 8319.5078 train_distortion: 0.2090 train_mapscore: 0.9971 train_c: -1.0601 train_max_dist: 42.8633 train_imax: -0.0000 train_imin: -2.1194 time: 0.9749s
INFO:root:Epoch: 1675 lr: 0.01 train_loss: 8318.8926 train_distortion: 0.2090 train_mapscore: 0.9972 train_c: -1.0603 train_max_dist: 42.8828 train_imax: -0.0000 train_imin: -2.0941 time: 0.9477s
INFO:root:Epoch: 1680 lr: 0.01 train_loss: 8318.2324 train_distortion: 0.2089 train_mapscore: 0.9972 train_c: -1.0605 train_max_dist: 42.9004 train_imax: -0.0000 train_imin: -2.0995 time: 0.9460s
INFO:root:Epoch: 1685 lr: 0.01 train_loss: 8318.1973 train_distortion: 0.2089 train_mapscore: 0.9971 train_c: -1.0608 train_max_dist: 42.8887 train_imax: -0.0000 train_imin: -2.1269 time: 0.9507s
INFO:root:Epoch: 1690 lr: 0.01 train_loss: 8318.5566 train_distortion: 0.2089 train_mapscore: 0.9972 train_c: -1.0610 train_max_dist: 42.9121 train_imax: -0.0000 train_imin: -2.1118 time: 0.9463s
INFO:root:Epoch: 1695 lr: 0.01 train_loss: 8318.7559 train_distortion: 0.2088 train_mapscore: 0.9972 train_c: -1.0613 train_max_dist: 42.9043 train_imax: -0.0000 train_imin: -2.1095 time: 0.9468s
INFO:root:Epoch: 1700 lr: 0.01 train_loss: 8318.5195 train_distortion: 0.2088 train_mapscore: 0.9972 train_c: -1.0615 train_max_dist: 42.9160 train_imax: -0.0000 train_imin: -2.1100 time: 0.9453s
INFO:root:Epoch: 1705 lr: 0.01 train_loss: 8318.3525 train_distortion: 0.2088 train_mapscore: 0.9971 train_c: -1.0617 train_max_dist: 42.9277 train_imax: -0.0000 train_imin: -2.1125 time: 0.9546s
INFO:root:Epoch: 1710 lr: 0.01 train_loss: 8317.7012 train_distortion: 0.2088 train_mapscore: 0.9972 train_c: -1.0620 train_max_dist: 42.9375 train_imax: -0.0000 train_imin: -2.1001 time: 0.9529s
INFO:root:Epoch: 1715 lr: 0.01 train_loss: 8317.4795 train_distortion: 0.2087 train_mapscore: 0.9971 train_c: -1.0622 train_max_dist: 42.9375 train_imax: -0.0000 train_imin: -2.1223 time: 0.9533s
INFO:root:Epoch: 1720 lr: 0.01 train_loss: 8317.0771 train_distortion: 0.2087 train_mapscore: 0.9974 train_c: -1.0625 train_max_dist: 42.9688 train_imax: -0.0000 train_imin: -2.0943 time: 0.9540s
INFO:root:Epoch: 1725 lr: 0.01 train_loss: 8316.1348 train_distortion: 0.2087 train_mapscore: 0.9971 train_c: -1.0627 train_max_dist: 42.9648 train_imax: -0.0000 train_imin: -2.1085 time: 0.9579s
INFO:root:Epoch: 1730 lr: 0.01 train_loss: 8315.3203 train_distortion: 0.2086 train_mapscore: 0.9972 train_c: -1.0630 train_max_dist: 42.9668 train_imax: -0.0000 train_imin: -2.0983 time: 0.9537s
INFO:root:Epoch: 1735 lr: 0.01 train_loss: 8315.1465 train_distortion: 0.2086 train_mapscore: 0.9972 train_c: -1.0632 train_max_dist: 42.9844 train_imax: -0.0000 train_imin: -2.1057 time: 0.9818s
INFO:root:Epoch: 1740 lr: 0.01 train_loss: 8314.9980 train_distortion: 0.2086 train_mapscore: 0.9972 train_c: -1.0635 train_max_dist: 42.9980 train_imax: -0.0000 train_imin: -2.1184 time: 0.9550s
INFO:root:Epoch: 1745 lr: 0.01 train_loss: 8315.5078 train_distortion: 0.2085 train_mapscore: 0.9971 train_c: -1.0637 train_max_dist: 43.0117 train_imax: -0.0000 train_imin: -2.1064 time: 0.9563s
INFO:root:Epoch: 1750 lr: 0.01 train_loss: 8316.7529 train_distortion: 0.2085 train_mapscore: 0.9972 train_c: -1.0640 train_max_dist: 43.0215 train_imax: -0.0000 train_imin: -2.1028 time: 0.9570s
INFO:root:Epoch: 1755 lr: 0.01 train_loss: 8317.4648 train_distortion: 0.2085 train_mapscore: 0.9974 train_c: -1.0642 train_max_dist: 43.0293 train_imax: -0.0000 train_imin: -2.0938 time: 0.9525s
INFO:root:Epoch: 1760 lr: 0.01 train_loss: 8316.3496 train_distortion: 0.2085 train_mapscore: 0.9972 train_c: -1.0644 train_max_dist: 43.0254 train_imax: -0.0000 train_imin: -2.1363 time: 0.9546s
INFO:root:Epoch: 1765 lr: 0.01 train_loss: 8315.1172 train_distortion: 0.2085 train_mapscore: 0.9972 train_c: -1.0647 train_max_dist: 43.0449 train_imax: -0.0000 train_imin: -2.0975 time: 0.9566s
INFO:root:Epoch: 1770 lr: 0.01 train_loss: 8314.3750 train_distortion: 0.2084 train_mapscore: 0.9971 train_c: -1.0649 train_max_dist: 43.0566 train_imax: -0.0000 train_imin: -2.1143 time: 0.9533s
INFO:root:Epoch: 1775 lr: 0.01 train_loss: 8314.1992 train_distortion: 0.2084 train_mapscore: 0.9972 train_c: -1.0652 train_max_dist: 43.0566 train_imax: -0.0000 train_imin: -2.1032 time: 0.9536s
INFO:root:Epoch: 1780 lr: 0.01 train_loss: 8313.6211 train_distortion: 0.2084 train_mapscore: 0.9972 train_c: -1.0654 train_max_dist: 43.0566 train_imax: -0.0000 train_imin: -2.1032 time: 0.9499s
INFO:root:Epoch: 1785 lr: 0.01 train_loss: 8314.0596 train_distortion: 0.2083 train_mapscore: 0.9974 train_c: -1.0657 train_max_dist: 43.0820 train_imax: -0.0000 train_imin: -2.1013 time: 0.9500s
INFO:root:Epoch: 1790 lr: 0.01 train_loss: 8315.4727 train_distortion: 0.2083 train_mapscore: 0.9971 train_c: -1.0659 train_max_dist: 43.0820 train_imax: -0.0000 train_imin: -2.1040 time: 0.9499s
INFO:root:Epoch: 1795 lr: 0.01 train_loss: 8316.1660 train_distortion: 0.2083 train_mapscore: 0.9972 train_c: -1.0662 train_max_dist: 43.0918 train_imax: -0.0000 train_imin: -2.1001 time: 0.9523s
INFO:root:Epoch: 1800 lr: 0.01 train_loss: 8313.2861 train_distortion: 0.2083 train_mapscore: 0.9972 train_c: -1.0664 train_max_dist: 43.0977 train_imax: -0.0000 train_imin: -2.1293 time: 0.9805s
INFO:root:Epoch: 1805 lr: 0.01 train_loss: 8314.1074 train_distortion: 0.2083 train_mapscore: 0.9973 train_c: -1.0667 train_max_dist: 43.1035 train_imax: -0.0000 train_imin: -2.0851 time: 0.9527s
INFO:root:Epoch: 1810 lr: 0.01 train_loss: 8312.6084 train_distortion: 0.2083 train_mapscore: 0.9973 train_c: -1.0669 train_max_dist: 43.1055 train_imax: -0.0000 train_imin: -2.1306 time: 0.9527s
INFO:root:Epoch: 1815 lr: 0.01 train_loss: 8312.1641 train_distortion: 0.2083 train_mapscore: 0.9971 train_c: -1.0672 train_max_dist: 43.1152 train_imax: -0.0000 train_imin: -2.1180 time: 0.9515s
INFO:root:Epoch: 1820 lr: 0.01 train_loss: 8311.6816 train_distortion: 0.2082 train_mapscore: 0.9972 train_c: -1.0675 train_max_dist: 43.1270 train_imax: -0.0000 train_imin: -2.0998 time: 0.9497s
INFO:root:Epoch: 1825 lr: 0.01 train_loss: 8311.4189 train_distortion: 0.2082 train_mapscore: 0.9972 train_c: -1.0677 train_max_dist: 43.1348 train_imax: -0.0000 train_imin: -2.1124 time: 0.9527s
INFO:root:Epoch: 1830 lr: 0.01 train_loss: 8311.2607 train_distortion: 0.2082 train_mapscore: 0.9972 train_c: -1.0680 train_max_dist: 43.1504 train_imax: -0.0000 train_imin: -2.1194 time: 0.9514s
INFO:root:Epoch: 1835 lr: 0.01 train_loss: 8311.1582 train_distortion: 0.2081 train_mapscore: 0.9971 train_c: -1.0682 train_max_dist: 43.1543 train_imax: -0.0000 train_imin: -2.1232 time: 0.9524s
INFO:root:Epoch: 1840 lr: 0.01 train_loss: 8312.0859 train_distortion: 0.2081 train_mapscore: 0.9972 train_c: -1.0685 train_max_dist: 43.1836 train_imax: -0.0000 train_imin: -2.1457 time: 0.9523s
INFO:root:Epoch: 1845 lr: 0.01 train_loss: 8313.9424 train_distortion: 0.2081 train_mapscore: 0.9972 train_c: -1.0687 train_max_dist: 43.1719 train_imax: -0.0000 train_imin: -2.1505 time: 0.9517s
INFO:root:Epoch: 1850 lr: 0.01 train_loss: 8313.3125 train_distortion: 0.2081 train_mapscore: 0.9972 train_c: -1.0690 train_max_dist: 43.1719 train_imax: -0.0000 train_imin: -2.1090 time: 0.9519s
INFO:root:Epoch: 1855 lr: 0.01 train_loss: 8311.5410 train_distortion: 0.2081 train_mapscore: 0.9973 train_c: -1.0692 train_max_dist: 43.1758 train_imax: -0.0000 train_imin: -2.1185 time: 0.9521s
INFO:root:Epoch: 1860 lr: 0.01 train_loss: 8311.2422 train_distortion: 0.2081 train_mapscore: 0.9972 train_c: -1.0695 train_max_dist: 43.1875 train_imax: -0.0000 train_imin: -2.1205 time: 0.9504s
INFO:root:Epoch: 1865 lr: 0.01 train_loss: 8309.5371 train_distortion: 0.2080 train_mapscore: 0.9971 train_c: -1.0697 train_max_dist: 43.1855 train_imax: -0.0000 train_imin: -2.1160 time: 0.9808s
INFO:root:Epoch: 1870 lr: 0.01 train_loss: 8309.4121 train_distortion: 0.2080 train_mapscore: 0.9973 train_c: -1.0700 train_max_dist: 43.2070 train_imax: -0.0000 train_imin: -2.1134 time: 0.9499s
INFO:root:Epoch: 1875 lr: 0.01 train_loss: 8309.1738 train_distortion: 0.2080 train_mapscore: 0.9972 train_c: -1.0703 train_max_dist: 43.2148 train_imax: -0.0000 train_imin: -2.0975 time: 0.9520s
INFO:root:Epoch: 1880 lr: 0.01 train_loss: 8309.0879 train_distortion: 0.2079 train_mapscore: 0.9971 train_c: -1.0705 train_max_dist: 43.2285 train_imax: -0.0000 train_imin: -2.1372 time: 0.9520s
INFO:root:Epoch: 1885 lr: 0.01 train_loss: 8308.9277 train_distortion: 0.2079 train_mapscore: 0.9972 train_c: -1.0708 train_max_dist: 43.2422 train_imax: -0.0000 train_imin: -2.1053 time: 0.9526s
INFO:root:Epoch: 1890 lr: 0.01 train_loss: 8309.5449 train_distortion: 0.2079 train_mapscore: 0.9972 train_c: -1.0710 train_max_dist: 43.2402 train_imax: -0.0000 train_imin: -2.1087 time: 0.9512s
INFO:root:Epoch: 1895 lr: 0.01 train_loss: 8310.4434 train_distortion: 0.2078 train_mapscore: 0.9973 train_c: -1.0713 train_max_dist: 43.2480 train_imax: -0.0000 train_imin: -2.1192 time: 0.9518s
INFO:root:Epoch: 1900 lr: 0.01 train_loss: 8311.1211 train_distortion: 0.2078 train_mapscore: 0.9971 train_c: -1.0716 train_max_dist: 43.2676 train_imax: -0.0000 train_imin: -2.1248 time: 0.9525s
INFO:root:Epoch: 1905 lr: 0.01 train_loss: 8310.1191 train_distortion: 0.2078 train_mapscore: 0.9972 train_c: -1.0718 train_max_dist: 43.2598 train_imax: -0.0000 train_imin: -2.1161 time: 0.9524s
INFO:root:Epoch: 1910 lr: 0.01 train_loss: 8308.2051 train_distortion: 0.2078 train_mapscore: 0.9972 train_c: -1.0721 train_max_dist: 43.2656 train_imax: -0.0000 train_imin: -2.1053 time: 0.9521s
INFO:root:Epoch: 1915 lr: 0.01 train_loss: 8307.7725 train_distortion: 0.2078 train_mapscore: 0.9973 train_c: -1.0723 train_max_dist: 43.2676 train_imax: -0.0000 train_imin: -2.1295 time: 0.9507s
INFO:root:Epoch: 1920 lr: 0.01 train_loss: 8307.2031 train_distortion: 0.2078 train_mapscore: 0.9972 train_c: -1.0726 train_max_dist: 43.2773 train_imax: -0.0000 train_imin: -2.1248 time: 0.9522s
INFO:root:Epoch: 1925 lr: 0.01 train_loss: 8306.7285 train_distortion: 0.2077 train_mapscore: 0.9972 train_c: -1.0729 train_max_dist: 43.3086 train_imax: -0.0000 train_imin: -2.1021 time: 0.9511s
INFO:root:Epoch: 1930 lr: 0.01 train_loss: 8306.6387 train_distortion: 0.2077 train_mapscore: 0.9971 train_c: -1.0731 train_max_dist: 43.2988 train_imax: -0.0000 train_imin: -2.1087 time: 0.9808s
INFO:root:Epoch: 1935 lr: 0.01 train_loss: 8306.7588 train_distortion: 0.2077 train_mapscore: 0.9971 train_c: -1.0734 train_max_dist: 43.3066 train_imax: -0.0000 train_imin: -2.1235 time: 0.9511s
INFO:root:Epoch: 1940 lr: 0.01 train_loss: 8307.8154 train_distortion: 0.2076 train_mapscore: 0.9973 train_c: -1.0737 train_max_dist: 43.3203 train_imax: -0.0000 train_imin: -2.1230 time: 0.9484s
INFO:root:Epoch: 1945 lr: 0.01 train_loss: 8308.3262 train_distortion: 0.2076 train_mapscore: 0.9974 train_c: -1.0739 train_max_dist: 43.3359 train_imax: -0.0000 train_imin: -2.1077 time: 0.9523s
INFO:root:Epoch: 1950 lr: 0.01 train_loss: 8306.2480 train_distortion: 0.2076 train_mapscore: 0.9972 train_c: -1.0742 train_max_dist: 43.3438 train_imax: -0.0000 train_imin: -2.1250 time: 0.9527s
INFO:root:Epoch: 1955 lr: 0.01 train_loss: 8307.0693 train_distortion: 0.2076 train_mapscore: 0.9974 train_c: -1.0744 train_max_dist: 43.3438 train_imax: -0.0000 train_imin: -2.1098 time: 0.9528s
INFO:root:Epoch: 1960 lr: 0.01 train_loss: 8307.0684 train_distortion: 0.2076 train_mapscore: 0.9972 train_c: -1.0747 train_max_dist: 43.3496 train_imax: -0.0000 train_imin: -2.1086 time: 0.9503s
INFO:root:Epoch: 1965 lr: 0.01 train_loss: 8305.9609 train_distortion: 0.2076 train_mapscore: 0.9972 train_c: -1.0750 train_max_dist: 43.3535 train_imax: -0.0000 train_imin: -2.1167 time: 0.9524s
INFO:root:Epoch: 1970 lr: 0.01 train_loss: 8305.2266 train_distortion: 0.2075 train_mapscore: 0.9972 train_c: -1.0752 train_max_dist: 43.3691 train_imax: -0.0000 train_imin: -2.1246 time: 0.9519s
INFO:root:Epoch: 1975 lr: 0.01 train_loss: 8304.8057 train_distortion: 0.2075 train_mapscore: 0.9972 train_c: -1.0755 train_max_dist: 43.3828 train_imax: -0.0000 train_imin: -2.1025 time: 0.9502s
INFO:root:Epoch: 1980 lr: 0.01 train_loss: 8304.9521 train_distortion: 0.2075 train_mapscore: 0.9974 train_c: -1.0758 train_max_dist: 43.3691 train_imax: -0.0000 train_imin: -2.1192 time: 0.9503s
INFO:root:Epoch: 1985 lr: 0.01 train_loss: 8304.4648 train_distortion: 0.2075 train_mapscore: 0.9972 train_c: -1.0760 train_max_dist: 43.4023 train_imax: -0.0000 train_imin: -2.1017 time: 0.9513s
INFO:root:Epoch: 1990 lr: 0.01 train_loss: 8304.1953 train_distortion: 0.2074 train_mapscore: 0.9971 train_c: -1.0763 train_max_dist: 43.3906 train_imax: -0.0000 train_imin: -2.1245 time: 0.9506s
INFO:root:Epoch: 1995 lr: 0.01 train_loss: 8304.8164 train_distortion: 0.2074 train_mapscore: 0.9974 train_c: -1.0766 train_max_dist: 43.3984 train_imax: -0.0000 train_imin: -2.1284 time: 0.9849s
INFO:root:Epoch: 2000 lr: 0.0025 train_loss: 8305.1289 train_distortion: 0.2074 train_mapscore: 0.9971 train_c: -1.0768 train_max_dist: 43.3965 train_imax: -0.0000 train_imin: -2.1242 time: 0.9509s
INFO:root:Optimization Finished!
INFO:root:Total time elapsed: 1913.7617s
INFO:root:Val set results: val_distortion: 1.0000 val_mapscore: -1.0000 val_c: -1.0000 val_max_dist: 0.0000
INFO:root:Test set results: test_loss: 8305.1465 test_distortion: 0.2074 test_mapscore: 0.9974 test_c: -1.0769 test_max_dist: 43.4102 test_imax: -0.0000 test_imin: -2.1163
INFO:root:Saved model in /workspace/xiongbo/hgcn/logs/md/2021_5_27/0
