INFO:root:Using: cuda:0
INFO:root:Using seed 1234.
INFO:root:MDModel(
  (encoder): HGCN(
    (layers): Sequential(
      (0): HyperbolicGraphConvolution(
        (linear): HypLinear(
          in_features=2641, out_features=10, c=Parameter containing:
          tensor([-1.], requires_grad=True)
        )
        (agg): HypAgg(
          c=Parameter containing:
          tensor([-1.], requires_grad=True)
        )
        (hyp_act): HypAct(
          c_in=Parameter containing:
          tensor([-1.], requires_grad=True), c_out=Parameter containing:
          tensor([-1.], requires_grad=True)
        )
      )
    )
  )
  (decoder): MDDecoder()
)
INFO:root:Total number of parameters: 26422
/workspace/anaconda3/envs/geo/lib/python3.7/site-packages/torch/optim/lr_scheduler.py:370: UserWarning: To get the last learning rate computed by the scheduler, please use `get_last_lr()`.
  "please use `get_last_lr()`.", UserWarning)
INFO:root:Epoch: 0005 lr: 0.01 train_loss: 49623.0312 train_distortion: 0.9629 train_mapscore: 0.0749 train_c: -0.9998 train_max_dist: 1.9915 train_imax: -0.0000 train_imin: -1.0896 time: 1.2276s
INFO:root:Epoch: 0010 lr: 0.01 train_loss: 48073.1523 train_distortion: 0.9426 train_mapscore: 0.1131 train_c: -1.0002 train_max_dist: 2.1800 train_imax: -0.0000 train_imin: -1.0375 time: 1.1243s
INFO:root:Epoch: 0015 lr: 0.01 train_loss: 47299.0156 train_distortion: 0.9330 train_mapscore: 0.1307 train_c: -1.0007 train_max_dist: 2.2740 train_imax: -0.0000 train_imin: -1.0078 time: 1.1063s
INFO:root:Epoch: 0020 lr: 0.01 train_loss: 46839.0508 train_distortion: 0.9276 train_mapscore: 0.1391 train_c: -1.0013 train_max_dist: 2.3630 train_imax: -0.0000 train_imin: -1.0013 time: 1.0770s
INFO:root:Epoch: 0025 lr: 0.01 train_loss: 46497.0781 train_distortion: 0.9235 train_mapscore: 0.1436 train_c: -1.0018 train_max_dist: 2.4936 train_imax: -0.0000 train_imin: -1.0018 time: 1.0813s
INFO:root:Epoch: 0030 lr: 0.01 train_loss: 46187.7734 train_distortion: 0.9195 train_mapscore: 0.1459 train_c: -1.0024 train_max_dist: 2.5786 train_imax: -0.0000 train_imin: -1.0024 time: 1.0600s
INFO:root:Epoch: 0035 lr: 0.01 train_loss: 45893.3906 train_distortion: 0.9155 train_mapscore: 0.1400 train_c: -1.0031 train_max_dist: 2.5359 train_imax: -0.0000 train_imin: -1.0031 time: 1.0572s
INFO:root:Epoch: 0040 lr: 0.01 train_loss: 45614.6016 train_distortion: 0.9116 train_mapscore: 0.1348 train_c: -1.0037 train_max_dist: 2.5493 train_imax: -0.0000 train_imin: -1.0037 time: 1.0654s
INFO:root:Epoch: 0045 lr: 0.01 train_loss: 45353.1836 train_distortion: 0.9077 train_mapscore: 0.1289 train_c: -1.0043 train_max_dist: 2.5732 train_imax: -0.0000 train_imin: -1.0043 time: 1.0674s
INFO:root:Epoch: 0050 lr: 0.01 train_loss: 45114.0234 train_distortion: 0.9042 train_mapscore: 0.1243 train_c: -1.0050 train_max_dist: 2.6182 train_imax: -0.0000 train_imin: -1.0050 time: 1.0749s
INFO:root:Epoch: 0055 lr: 0.01 train_loss: 44900.6875 train_distortion: 0.9009 train_mapscore: 0.1182 train_c: -1.0056 train_max_dist: 2.6405 train_imax: -0.0000 train_imin: -1.0056 time: 1.0812s
INFO:root:Epoch: 0060 lr: 0.01 train_loss: 44713.8125 train_distortion: 0.8981 train_mapscore: 0.1109 train_c: -1.0063 train_max_dist: 2.6263 train_imax: -0.0000 train_imin: -1.0063 time: 1.1061s
INFO:root:Epoch: 0065 lr: 0.01 train_loss: 44551.8438 train_distortion: 0.8956 train_mapscore: 0.1056 train_c: -1.0070 train_max_dist: 2.6705 train_imax: -0.0000 train_imin: -1.0070 time: 1.0804s
INFO:root:Epoch: 0070 lr: 0.01 train_loss: 44412.5859 train_distortion: 0.8935 train_mapscore: 0.1023 train_c: -1.0077 train_max_dist: 2.6779 train_imax: -0.0000 train_imin: -1.0077 time: 1.0766s
INFO:root:Epoch: 0075 lr: 0.01 train_loss: 44295.5234 train_distortion: 0.8917 train_mapscore: 0.1006 train_c: -1.0083 train_max_dist: 2.6915 train_imax: -0.0000 train_imin: -1.0083 time: 1.0884s
INFO:root:Epoch: 0080 lr: 0.01 train_loss: 44197.2539 train_distortion: 0.8902 train_mapscore: 0.0970 train_c: -1.0090 train_max_dist: 2.6964 train_imax: -0.0000 train_imin: -1.0090 time: 1.0743s
INFO:root:Epoch: 0085 lr: 0.01 train_loss: 44112.4727 train_distortion: 0.8889 train_mapscore: 0.0927 train_c: -1.0097 train_max_dist: 2.6924 train_imax: -0.0000 train_imin: -1.0097 time: 1.0766s
INFO:root:Epoch: 0090 lr: 0.01 train_loss: 44039.3320 train_distortion: 0.8878 train_mapscore: 0.0892 train_c: -1.0103 train_max_dist: 2.7059 train_imax: -0.0000 train_imin: -1.0103 time: 1.0868s
INFO:root:Epoch: 0095 lr: 0.01 train_loss: 43975.9219 train_distortion: 0.8869 train_mapscore: 0.0863 train_c: -1.0110 train_max_dist: 2.6689 train_imax: -0.0000 train_imin: -1.0110 time: 1.0909s
INFO:root:Epoch: 0100 lr: 0.01 train_loss: 43921.1875 train_distortion: 0.8861 train_mapscore: 0.0832 train_c: -1.0117 train_max_dist: 2.6719 train_imax: -0.0000 train_imin: -1.0117 time: 1.0868s
INFO:root:Epoch: 0105 lr: 0.01 train_loss: 43872.4883 train_distortion: 0.8854 train_mapscore: 0.0802 train_c: -1.0123 train_max_dist: 2.6807 train_imax: -0.0000 train_imin: -1.0123 time: 1.1107s
INFO:root:Epoch: 0110 lr: 0.01 train_loss: 43828.6719 train_distortion: 0.8848 train_mapscore: 0.0790 train_c: -1.0129 train_max_dist: 2.7129 train_imax: -0.0000 train_imin: -1.0129 time: 1.0982s
INFO:root:Epoch: 0115 lr: 0.01 train_loss: 43790.1016 train_distortion: 0.8842 train_mapscore: 0.0791 train_c: -1.0136 train_max_dist: 2.7587 train_imax: -0.0000 train_imin: -1.0136 time: 1.1228s
INFO:root:Epoch: 0120 lr: 0.01 train_loss: 43754.9062 train_distortion: 0.8838 train_mapscore: 0.0775 train_c: -1.0142 train_max_dist: 2.7631 train_imax: -0.0000 train_imin: -1.0142 time: 1.0976s
INFO:root:Epoch: 0125 lr: 0.01 train_loss: 43724.2969 train_distortion: 0.8833 train_mapscore: 0.0738 train_c: -1.0148 train_max_dist: 2.7676 train_imax: -0.0000 train_imin: -1.0148 time: 1.1004s
INFO:root:Epoch: 0130 lr: 0.01 train_loss: 43696.3672 train_distortion: 0.8830 train_mapscore: 0.0714 train_c: -1.0155 train_max_dist: 2.7969 train_imax: -0.0000 train_imin: -1.0155 time: 1.0992s
INFO:root:Epoch: 0135 lr: 0.01 train_loss: 43671.7969 train_distortion: 0.8826 train_mapscore: 0.0718 train_c: -1.0161 train_max_dist: 2.8169 train_imax: -0.0000 train_imin: -1.0161 time: 1.0933s
INFO:root:Epoch: 0140 lr: 0.01 train_loss: 43648.3438 train_distortion: 0.8823 train_mapscore: 0.0699 train_c: -1.0167 train_max_dist: 2.8305 train_imax: -0.0000 train_imin: -1.0167 time: 1.1008s
INFO:root:Epoch: 0145 lr: 0.01 train_loss: 43625.6797 train_distortion: 0.8820 train_mapscore: 0.0673 train_c: -1.0173 train_max_dist: 2.8209 train_imax: -0.0000 train_imin: -1.0173 time: 1.0870s
INFO:root:Epoch: 0150 lr: 0.01 train_loss: 43604.4609 train_distortion: 0.8818 train_mapscore: 0.0653 train_c: -1.0179 train_max_dist: 2.8178 train_imax: -0.0000 train_imin: -1.0179 time: 1.1190s
INFO:root:Epoch: 0155 lr: 0.01 train_loss: 43583.6484 train_distortion: 0.8815 train_mapscore: 0.0645 train_c: -1.0185 train_max_dist: 2.8153 train_imax: -0.0000 train_imin: -1.0185 time: 1.1013s
INFO:root:Epoch: 0160 lr: 0.01 train_loss: 43564.3750 train_distortion: 0.8813 train_mapscore: 0.0658 train_c: -1.0191 train_max_dist: 2.8057 train_imax: -0.0000 train_imin: -1.0191 time: 1.1047s
INFO:root:Epoch: 0165 lr: 0.01 train_loss: 43546.0703 train_distortion: 0.8811 train_mapscore: 0.0657 train_c: -1.0197 train_max_dist: 2.8257 train_imax: -0.0000 train_imin: -1.0197 time: 1.1118s
INFO:root:Epoch: 0170 lr: 0.01 train_loss: 43529.2891 train_distortion: 0.8810 train_mapscore: 0.0672 train_c: -1.0203 train_max_dist: 2.8414 train_imax: -0.0000 train_imin: -1.0203 time: 1.1268s
INFO:root:Epoch: 0175 lr: 0.01 train_loss: 43513.2227 train_distortion: 0.8808 train_mapscore: 0.0678 train_c: -1.0209 train_max_dist: 2.8740 train_imax: -0.0000 train_imin: -1.0209 time: 1.1086s
INFO:root:Epoch: 0180 lr: 0.01 train_loss: 43497.0781 train_distortion: 0.8807 train_mapscore: 0.0664 train_c: -1.0215 train_max_dist: 2.9006 train_imax: -0.0000 train_imin: -1.0215 time: 1.0985s
INFO:root:Epoch: 0185 lr: 0.01 train_loss: 43481.4883 train_distortion: 0.8805 train_mapscore: 0.0689 train_c: -1.0221 train_max_dist: 2.9111 train_imax: -0.0000 train_imin: -1.0221 time: 1.1034s
INFO:root:Epoch: 0190 lr: 0.01 train_loss: 43466.8398 train_distortion: 0.8804 train_mapscore: 0.0680 train_c: -1.0226 train_max_dist: 2.8976 train_imax: -0.0000 train_imin: -1.0226 time: 1.0999s
INFO:root:Epoch: 0195 lr: 0.01 train_loss: 43452.7578 train_distortion: 0.8803 train_mapscore: 0.0655 train_c: -1.0232 train_max_dist: 2.9236 train_imax: -0.0000 train_imin: -1.0232 time: 1.1091s
INFO:root:Epoch: 0200 lr: 0.01 train_loss: 43439.2812 train_distortion: 0.8802 train_mapscore: 0.0662 train_c: -1.0238 train_max_dist: 2.9501 train_imax: -0.0000 train_imin: -1.0238 time: 1.0870s
INFO:root:Epoch: 0205 lr: 0.01 train_loss: 43426.5430 train_distortion: 0.8801 train_mapscore: 0.0667 train_c: -1.0244 train_max_dist: 2.9625 train_imax: -0.0000 train_imin: -1.0244 time: 1.0973s
INFO:root:Epoch: 0210 lr: 0.01 train_loss: 43413.6406 train_distortion: 0.8800 train_mapscore: 0.0662 train_c: -1.0250 train_max_dist: 2.9745 train_imax: -0.0000 train_imin: -1.0250 time: 1.1147s
INFO:root:Epoch: 0215 lr: 0.01 train_loss: 43401.0234 train_distortion: 0.8799 train_mapscore: 0.0652 train_c: -1.0255 train_max_dist: 2.9599 train_imax: -0.0000 train_imin: -1.0255 time: 1.1027s
INFO:root:Epoch: 0220 lr: 0.01 train_loss: 43389.2969 train_distortion: 0.8798 train_mapscore: 0.0675 train_c: -1.0261 train_max_dist: 2.9697 train_imax: -0.0000 train_imin: -1.0261 time: 1.1015s
INFO:root:Epoch: 0225 lr: 0.01 train_loss: 43378.1602 train_distortion: 0.8797 train_mapscore: 0.0669 train_c: -1.0267 train_max_dist: 2.9765 train_imax: -0.0000 train_imin: -1.0267 time: 1.1238s
INFO:root:Epoch: 0230 lr: 0.01 train_loss: 43366.6250 train_distortion: 0.8796 train_mapscore: 0.0671 train_c: -1.0272 train_max_dist: 2.9504 train_imax: -0.0000 train_imin: -1.0272 time: 1.1232s
INFO:root:Epoch: 0235 lr: 0.01 train_loss: 43355.0078 train_distortion: 0.8795 train_mapscore: 0.0661 train_c: -1.0278 train_max_dist: 2.8990 train_imax: -0.0000 train_imin: -1.0278 time: 1.1014s
INFO:root:Epoch: 0240 lr: 0.01 train_loss: 43343.4805 train_distortion: 0.8794 train_mapscore: 0.0651 train_c: -1.0284 train_max_dist: 2.8879 train_imax: -0.0000 train_imin: -1.0284 time: 1.1055s
INFO:root:Epoch: 0245 lr: 0.01 train_loss: 43332.2891 train_distortion: 0.8793 train_mapscore: 0.0650 train_c: -1.0289 train_max_dist: 2.8718 train_imax: -0.0000 train_imin: -1.0289 time: 1.1233s
INFO:root:Epoch: 0250 lr: 0.01 train_loss: 43321.3672 train_distortion: 0.8792 train_mapscore: 0.0658 train_c: -1.0295 train_max_dist: 2.8654 train_imax: -0.0000 train_imin: -1.0295 time: 1.1112s
INFO:root:Epoch: 0255 lr: 0.01 train_loss: 43310.5938 train_distortion: 0.8791 train_mapscore: 0.0662 train_c: -1.0301 train_max_dist: 2.8993 train_imax: -0.0000 train_imin: -1.0301 time: 1.1044s
INFO:root:Epoch: 0260 lr: 0.01 train_loss: 43300.9336 train_distortion: 0.8790 train_mapscore: 0.0649 train_c: -1.0306 train_max_dist: 2.9150 train_imax: -0.0000 train_imin: -1.0306 time: 1.0997s
INFO:root:Epoch: 0265 lr: 0.01 train_loss: 43292.4648 train_distortion: 0.8789 train_mapscore: 0.0650 train_c: -1.0312 train_max_dist: 2.8999 train_imax: -0.0000 train_imin: -1.0312 time: 1.0999s
INFO:root:Epoch: 0270 lr: 0.01 train_loss: 43284.4297 train_distortion: 0.8788 train_mapscore: 0.0651 train_c: -1.0317 train_max_dist: 2.8782 train_imax: -0.0000 train_imin: -1.0317 time: 1.1138s
INFO:root:Epoch: 0275 lr: 0.01 train_loss: 43276.4102 train_distortion: 0.8787 train_mapscore: 0.0656 train_c: -1.0323 train_max_dist: 2.8829 train_imax: -0.0000 train_imin: -1.0323 time: 1.1055s
INFO:root:Epoch: 0280 lr: 0.01 train_loss: 43268.8438 train_distortion: 0.8787 train_mapscore: 0.0662 train_c: -1.0328 train_max_dist: 2.9058 train_imax: -0.0000 train_imin: -1.0328 time: 1.1270s
INFO:root:Epoch: 0285 lr: 0.01 train_loss: 43262.0469 train_distortion: 0.8786 train_mapscore: 0.0668 train_c: -1.0334 train_max_dist: 2.9257 train_imax: -0.0000 train_imin: -1.0334 time: 1.1096s
INFO:root:Epoch: 0290 lr: 0.01 train_loss: 43255.8516 train_distortion: 0.8785 train_mapscore: 0.0664 train_c: -1.0339 train_max_dist: 2.9374 train_imax: -0.0000 train_imin: -1.0339 time: 1.0990s
INFO:root:Epoch: 0295 lr: 0.01 train_loss: 43249.5078 train_distortion: 0.8785 train_mapscore: 0.0665 train_c: -1.0345 train_max_dist: 2.9616 train_imax: -0.0000 train_imin: -1.0345 time: 1.1052s
INFO:root:Epoch: 0300 lr: 0.01 train_loss: 43243.1562 train_distortion: 0.8784 train_mapscore: 0.0662 train_c: -1.0350 train_max_dist: 2.9575 train_imax: -0.0000 train_imin: -1.0350 time: 1.1120s
INFO:root:Epoch: 0305 lr: 0.01 train_loss: 43236.2969 train_distortion: 0.8783 train_mapscore: 0.0659 train_c: -1.0356 train_max_dist: 2.9650 train_imax: -0.0000 train_imin: -1.0356 time: 1.0859s
INFO:root:Epoch: 0310 lr: 0.01 train_loss: 43230.4258 train_distortion: 0.8783 train_mapscore: 0.0661 train_c: -1.0361 train_max_dist: 2.9751 train_imax: -0.0000 train_imin: -1.0361 time: 1.1052s
INFO:root:Epoch: 0315 lr: 0.01 train_loss: 43224.7734 train_distortion: 0.8782 train_mapscore: 0.0646 train_c: -1.0366 train_max_dist: 2.9779 train_imax: -0.0000 train_imin: -1.0366 time: 1.1037s
INFO:root:Epoch: 0320 lr: 0.01 train_loss: 43219.7344 train_distortion: 0.8782 train_mapscore: 0.0648 train_c: -1.0372 train_max_dist: 2.9720 train_imax: -0.0000 train_imin: -1.0372 time: 1.1128s
INFO:root:Epoch: 0325 lr: 0.01 train_loss: 43214.4258 train_distortion: 0.8781 train_mapscore: 0.0656 train_c: -1.0377 train_max_dist: 2.9790 train_imax: -0.0000 train_imin: -1.0377 time: 1.1045s
INFO:root:Epoch: 0330 lr: 0.01 train_loss: 43209.0703 train_distortion: 0.8781 train_mapscore: 0.0656 train_c: -1.0383 train_max_dist: 2.9828 train_imax: -0.0000 train_imin: -1.0383 time: 1.0981s
INFO:root:Epoch: 0335 lr: 0.01 train_loss: 43204.2812 train_distortion: 0.8780 train_mapscore: 0.0656 train_c: -1.0388 train_max_dist: 2.9786 train_imax: -0.0000 train_imin: -1.0388 time: 1.1311s
INFO:root:Epoch: 0340 lr: 0.01 train_loss: 43199.5156 train_distortion: 0.8780 train_mapscore: 0.0643 train_c: -1.0393 train_max_dist: 2.9733 train_imax: -0.0000 train_imin: -1.0393 time: 1.1052s
INFO:root:Epoch: 0345 lr: 0.01 train_loss: 43194.7539 train_distortion: 0.8779 train_mapscore: 0.0653 train_c: -1.0399 train_max_dist: 2.9770 train_imax: -0.0000 train_imin: -1.0399 time: 1.1058s
INFO:root:Epoch: 0350 lr: 0.01 train_loss: 43190.1758 train_distortion: 0.8779 train_mapscore: 0.0660 train_c: -1.0404 train_max_dist: 2.9677 train_imax: -0.0000 train_imin: -1.0404 time: 1.0945s
INFO:root:Epoch: 0355 lr: 0.01 train_loss: 43184.6914 train_distortion: 0.8779 train_mapscore: 0.0656 train_c: -1.0409 train_max_dist: 2.9656 train_imax: -0.0000 train_imin: -1.0409 time: 1.1014s
INFO:root:Epoch: 0360 lr: 0.01 train_loss: 43179.8828 train_distortion: 0.8778 train_mapscore: 0.0643 train_c: -1.0415 train_max_dist: 2.9780 train_imax: -0.0000 train_imin: -1.0415 time: 1.1221s
INFO:root:Epoch: 0365 lr: 0.01 train_loss: 43175.0234 train_distortion: 0.8777 train_mapscore: 0.0661 train_c: -1.0420 train_max_dist: 2.9735 train_imax: -0.0000 train_imin: -1.0420 time: 1.1054s
INFO:root:Epoch: 0370 lr: 0.01 train_loss: 43170.2266 train_distortion: 0.8777 train_mapscore: 0.0652 train_c: -1.0425 train_max_dist: 2.9804 train_imax: -0.0000 train_imin: -1.0425 time: 1.1010s
INFO:root:Epoch: 0375 lr: 0.01 train_loss: 43165.5625 train_distortion: 0.8776 train_mapscore: 0.0642 train_c: -1.0431 train_max_dist: 2.9874 train_imax: -0.0000 train_imin: -1.0431 time: 1.1118s
INFO:root:Epoch: 0380 lr: 0.01 train_loss: 43161.2109 train_distortion: 0.8776 train_mapscore: 0.0642 train_c: -1.0436 train_max_dist: 2.9853 train_imax: -0.0000 train_imin: -1.0436 time: 1.1007s
INFO:root:Epoch: 0385 lr: 0.01 train_loss: 43156.5430 train_distortion: 0.8775 train_mapscore: 0.0644 train_c: -1.0441 train_max_dist: 2.9772 train_imax: -0.0000 train_imin: -1.0441 time: 1.0978s
INFO:root:Epoch: 0390 lr: 0.01 train_loss: 43152.3203 train_distortion: 0.8775 train_mapscore: 0.0636 train_c: -1.0447 train_max_dist: 2.9760 train_imax: -0.0000 train_imin: -1.0447 time: 1.1286s
INFO:root:Epoch: 0395 lr: 0.01 train_loss: 43147.6719 train_distortion: 0.8774 train_mapscore: 0.0643 train_c: -1.0452 train_max_dist: 2.9778 train_imax: -0.0000 train_imin: -1.0452 time: 1.0919s
INFO:root:Epoch: 0400 lr: 0.01 train_loss: 43143.4531 train_distortion: 0.8774 train_mapscore: 0.0644 train_c: -1.0457 train_max_dist: 2.9668 train_imax: -0.0000 train_imin: -1.0457 time: 1.0954s
INFO:root:Epoch: 0405 lr: 0.01 train_loss: 43139.0859 train_distortion: 0.8774 train_mapscore: 0.0637 train_c: -1.0462 train_max_dist: 2.9791 train_imax: -0.0000 train_imin: -1.0462 time: 1.1104s
INFO:root:Epoch: 0410 lr: 0.01 train_loss: 43134.9102 train_distortion: 0.8773 train_mapscore: 0.0631 train_c: -1.0468 train_max_dist: 2.9797 train_imax: -0.0000 train_imin: -1.0468 time: 1.1127s
INFO:root:Epoch: 0415 lr: 0.01 train_loss: 43130.8164 train_distortion: 0.8773 train_mapscore: 0.0634 train_c: -1.0473 train_max_dist: 2.9620 train_imax: -0.0000 train_imin: -1.0473 time: 1.0972s
INFO:root:Epoch: 0420 lr: 0.01 train_loss: 43126.5742 train_distortion: 0.8773 train_mapscore: 0.0635 train_c: -1.0478 train_max_dist: 2.9505 train_imax: -0.0000 train_imin: -1.0478 time: 1.1074s
INFO:root:Epoch: 0425 lr: 0.01 train_loss: 43122.7227 train_distortion: 0.8773 train_mapscore: 0.0641 train_c: -1.0483 train_max_dist: 2.9464 train_imax: -0.0000 train_imin: -1.0483 time: 1.0990s
INFO:root:Epoch: 0430 lr: 0.01 train_loss: 43118.4844 train_distortion: 0.8772 train_mapscore: 0.0635 train_c: -1.0488 train_max_dist: 2.9525 train_imax: -0.0000 train_imin: -1.0488 time: 1.1052s
INFO:root:Epoch: 0435 lr: 0.01 train_loss: 43114.4531 train_distortion: 0.8772 train_mapscore: 0.0640 train_c: -1.0494 train_max_dist: 2.9613 train_imax: -0.0000 train_imin: -1.0494 time: 1.1042s
INFO:root:Epoch: 0440 lr: 0.01 train_loss: 43110.8711 train_distortion: 0.8772 train_mapscore: 0.0642 train_c: -1.0499 train_max_dist: 2.9562 train_imax: -0.0000 train_imin: -1.0499 time: 1.1200s
INFO:root:Epoch: 0445 lr: 0.01 train_loss: 43106.6094 train_distortion: 0.8771 train_mapscore: 0.0633 train_c: -1.0504 train_max_dist: 2.9504 train_imax: -0.0000 train_imin: -1.0504 time: 1.1413s
INFO:root:Epoch: 0450 lr: 0.01 train_loss: 43102.3281 train_distortion: 0.8771 train_mapscore: 0.0623 train_c: -1.0509 train_max_dist: 2.9604 train_imax: -0.0000 train_imin: -1.0509 time: 1.1075s
INFO:root:Epoch: 0455 lr: 0.01 train_loss: 43098.8633 train_distortion: 0.8771 train_mapscore: 0.0632 train_c: -1.0514 train_max_dist: 2.9623 train_imax: -0.0000 train_imin: -1.0514 time: 1.0979s
INFO:root:Epoch: 0460 lr: 0.01 train_loss: 43095.2969 train_distortion: 0.8770 train_mapscore: 0.0630 train_c: -1.0520 train_max_dist: 2.9704 train_imax: -0.0000 train_imin: -1.0520 time: 1.1058s
INFO:root:Epoch: 0465 lr: 0.01 train_loss: 43091.5156 train_distortion: 0.8770 train_mapscore: 0.0628 train_c: -1.0525 train_max_dist: 2.9684 train_imax: -0.0000 train_imin: -1.0525 time: 1.1068s
INFO:root:Epoch: 0470 lr: 0.01 train_loss: 43087.6484 train_distortion: 0.8770 train_mapscore: 0.0631 train_c: -1.0530 train_max_dist: 2.9775 train_imax: -0.0000 train_imin: -1.0530 time: 1.1037s
INFO:root:Epoch: 0475 lr: 0.01 train_loss: 43084.0156 train_distortion: 0.8769 train_mapscore: 0.0632 train_c: -1.0535 train_max_dist: 2.9706 train_imax: -0.0000 train_imin: -1.0535 time: 1.0996s
INFO:root:Epoch: 0480 lr: 0.01 train_loss: 43079.7734 train_distortion: 0.8769 train_mapscore: 0.0640 train_c: -1.0540 train_max_dist: 2.9712 train_imax: -0.0000 train_imin: -1.0540 time: 1.1190s
INFO:root:Epoch: 0485 lr: 0.01 train_loss: 43075.9961 train_distortion: 0.8769 train_mapscore: 0.0646 train_c: -1.0545 train_max_dist: 2.9673 train_imax: -0.0000 train_imin: -1.0545 time: 1.1093s
INFO:root:Epoch: 0490 lr: 0.01 train_loss: 43072.3594 train_distortion: 0.8768 train_mapscore: 0.0647 train_c: -1.0550 train_max_dist: 2.9740 train_imax: -0.0000 train_imin: -1.0550 time: 1.1000s
INFO:root:Epoch: 0495 lr: 0.01 train_loss: 43068.6875 train_distortion: 0.8768 train_mapscore: 0.0631 train_c: -1.0556 train_max_dist: 2.9676 train_imax: -0.0000 train_imin: -1.0556 time: 1.1043s
INFO:root:Epoch: 0500 lr: 0.01 train_loss: 43065.2031 train_distortion: 0.8768 train_mapscore: 0.0650 train_c: -1.0561 train_max_dist: 2.9769 train_imax: -0.0000 train_imin: -1.0561 time: 1.1333s
INFO:root:Epoch: 0505 lr: 0.01 train_loss: 43061.3984 train_distortion: 0.8767 train_mapscore: 0.0651 train_c: -1.0566 train_max_dist: 2.9709 train_imax: -0.0000 train_imin: -1.0566 time: 1.1094s
INFO:root:Epoch: 0510 lr: 0.01 train_loss: 43057.8906 train_distortion: 0.8767 train_mapscore: 0.0652 train_c: -1.0571 train_max_dist: 2.9806 train_imax: -0.0000 train_imin: -1.0571 time: 1.1138s
INFO:root:Epoch: 0515 lr: 0.01 train_loss: 43054.5195 train_distortion: 0.8767 train_mapscore: 0.0653 train_c: -1.0576 train_max_dist: 2.9832 train_imax: -0.0000 train_imin: -1.0576 time: 1.1134s
INFO:root:Epoch: 0520 lr: 0.01 train_loss: 43051.1133 train_distortion: 0.8766 train_mapscore: 0.0656 train_c: -1.0581 train_max_dist: 2.9818 train_imax: -0.0000 train_imin: -1.0581 time: 1.0983s
INFO:root:Epoch: 0525 lr: 0.01 train_loss: 43047.7500 train_distortion: 0.8766 train_mapscore: 0.0654 train_c: -1.0586 train_max_dist: 2.9740 train_imax: -0.0000 train_imin: -1.0586 time: 1.1024s
INFO:root:Epoch: 0530 lr: 0.01 train_loss: 43044.4844 train_distortion: 0.8766 train_mapscore: 0.0652 train_c: -1.0591 train_max_dist: 2.9720 train_imax: -0.0000 train_imin: -1.0591 time: 1.1088s
INFO:root:Epoch: 0535 lr: 0.01 train_loss: 43040.9297 train_distortion: 0.8765 train_mapscore: 0.0648 train_c: -1.0596 train_max_dist: 2.9761 train_imax: -0.0000 train_imin: -1.0596 time: 1.1103s
INFO:root:Epoch: 0540 lr: 0.01 train_loss: 43037.6797 train_distortion: 0.8765 train_mapscore: 0.0648 train_c: -1.0602 train_max_dist: 2.9782 train_imax: -0.0000 train_imin: -1.0602 time: 1.1051s
INFO:root:Epoch: 0545 lr: 0.01 train_loss: 43034.2344 train_distortion: 0.8765 train_mapscore: 0.0639 train_c: -1.0607 train_max_dist: 2.9803 train_imax: -0.0000 train_imin: -1.0607 time: 1.1027s
INFO:root:Epoch: 0550 lr: 0.01 train_loss: 43031.0195 train_distortion: 0.8764 train_mapscore: 0.0655 train_c: -1.0612 train_max_dist: 2.9730 train_imax: -0.0000 train_imin: -1.0612 time: 1.1050s
INFO:root:Epoch: 0555 lr: 0.01 train_loss: 43028.2227 train_distortion: 0.8764 train_mapscore: 0.0642 train_c: -1.0617 train_max_dist: 2.9720 train_imax: -0.0000 train_imin: -1.0617 time: 1.1388s
INFO:root:Epoch: 0560 lr: 0.01 train_loss: 43700.8711 train_distortion: 0.8886 train_mapscore: 0.0706 train_c: -1.0622 train_max_dist: 2.7673 train_imax: -0.0000 train_imin: -1.0622 time: 1.1069s
INFO:root:Epoch: 0565 lr: 0.01 train_loss: 44136.0859 train_distortion: 0.8959 train_mapscore: 0.0769 train_c: -1.0626 train_max_dist: 2.6199 train_imax: -0.0000 train_imin: -1.0626 time: 1.1061s
INFO:root:Epoch: 0570 lr: 0.01 train_loss: 43947.5391 train_distortion: 0.8931 train_mapscore: 0.0831 train_c: -1.0631 train_max_dist: 2.6827 train_imax: -0.0000 train_imin: -1.0631 time: 1.1153s
INFO:root:Epoch: 0575 lr: 0.01 train_loss: 43717.8828 train_distortion: 0.8893 train_mapscore: 0.0790 train_c: -1.0635 train_max_dist: 2.8511 train_imax: -0.0000 train_imin: -1.0635 time: 1.0995s
INFO:root:Epoch: 0580 lr: 0.01 train_loss: 43538.0703 train_distortion: 0.8863 train_mapscore: 0.0756 train_c: -1.0639 train_max_dist: 2.8601 train_imax: -0.0000 train_imin: -1.0639 time: 1.0949s
INFO:root:Epoch: 0585 lr: 0.01 train_loss: 43406.7422 train_distortion: 0.8840 train_mapscore: 0.0740 train_c: -1.0643 train_max_dist: 2.8482 train_imax: -0.0000 train_imin: -1.0643 time: 1.0982s
INFO:root:Epoch: 0590 lr: 0.01 train_loss: 43310.2305 train_distortion: 0.8823 train_mapscore: 0.0722 train_c: -1.0647 train_max_dist: 2.8312 train_imax: -0.0000 train_imin: -1.0647 time: 1.1114s
INFO:root:Epoch: 0595 lr: 0.01 train_loss: 43239.1406 train_distortion: 0.8810 train_mapscore: 0.0716 train_c: -1.0651 train_max_dist: 2.8125 train_imax: -0.0000 train_imin: -1.0651 time: 1.1068s
INFO:root:Epoch: 0600 lr: 0.01 train_loss: 43186.7266 train_distortion: 0.8800 train_mapscore: 0.0704 train_c: -1.0656 train_max_dist: 2.8382 train_imax: -0.0000 train_imin: -1.0656 time: 1.0974s
INFO:root:Epoch: 0605 lr: 0.01 train_loss: 43147.6055 train_distortion: 0.8792 train_mapscore: 0.0690 train_c: -1.0660 train_max_dist: 2.8604 train_imax: -0.0000 train_imin: -1.0660 time: 1.1002s
INFO:root:Epoch: 0610 lr: 0.01 train_loss: 43117.4180 train_distortion: 0.8786 train_mapscore: 0.0682 train_c: -1.0665 train_max_dist: 2.8904 train_imax: -0.0000 train_imin: -1.0665 time: 1.1323s
INFO:root:Epoch: 0615 lr: 0.01 train_loss: 43093.9062 train_distortion: 0.8782 train_mapscore: 0.0687 train_c: -1.0670 train_max_dist: 2.9044 train_imax: -0.0000 train_imin: -1.0670 time: 1.0962s
INFO:root:Epoch: 0620 lr: 0.01 train_loss: 43075.5508 train_distortion: 0.8778 train_mapscore: 0.0689 train_c: -1.0674 train_max_dist: 2.9227 train_imax: -0.0000 train_imin: -1.0674 time: 1.0946s
INFO:root:Epoch: 0625 lr: 0.01 train_loss: 43060.5781 train_distortion: 0.8775 train_mapscore: 0.0683 train_c: -1.0679 train_max_dist: 2.9306 train_imax: -0.0000 train_imin: -1.0679 time: 1.1092s
INFO:root:Epoch: 0630 lr: 0.01 train_loss: 43048.3828 train_distortion: 0.8773 train_mapscore: 0.0682 train_c: -1.0684 train_max_dist: 2.9455 train_imax: -0.0000 train_imin: -1.0684 time: 1.0944s
INFO:root:Epoch: 0635 lr: 0.01 train_loss: 43038.0000 train_distortion: 0.8771 train_mapscore: 0.0666 train_c: -1.0689 train_max_dist: 2.9494 train_imax: -0.0000 train_imin: -1.0689 time: 1.0954s
INFO:root:Epoch: 0640 lr: 0.01 train_loss: 43028.9766 train_distortion: 0.8769 train_mapscore: 0.0658 train_c: -1.0694 train_max_dist: 2.9534 train_imax: -0.0000 train_imin: -1.0694 time: 1.1181s
INFO:root:Epoch: 0645 lr: 0.01 train_loss: 43021.7734 train_distortion: 0.8768 train_mapscore: 0.0656 train_c: -1.0699 train_max_dist: 2.9578 train_imax: -0.0000 train_imin: -1.0699 time: 1.0947s
INFO:root:Epoch: 0650 lr: 0.01 train_loss: 43014.9570 train_distortion: 0.8766 train_mapscore: 0.0647 train_c: -1.0704 train_max_dist: 2.9584 train_imax: -0.0000 train_imin: -1.0704 time: 1.1017s
INFO:root:Epoch: 0655 lr: 0.01 train_loss: 43009.1797 train_distortion: 0.8765 train_mapscore: 0.0648 train_c: -1.0709 train_max_dist: 2.9596 train_imax: -0.0000 train_imin: -1.0709 time: 1.1067s
INFO:root:Epoch: 0660 lr: 0.01 train_loss: 43004.1484 train_distortion: 0.8764 train_mapscore: 0.0647 train_c: -1.0714 train_max_dist: 2.9624 train_imax: -0.0000 train_imin: -1.0714 time: 1.1247s
INFO:root:Epoch: 0665 lr: 0.01 train_loss: 42999.2969 train_distortion: 0.8763 train_mapscore: 0.0655 train_c: -1.0719 train_max_dist: 2.9646 train_imax: -0.0000 train_imin: -1.0719 time: 1.1471s
INFO:root:Epoch: 0670 lr: 0.01 train_loss: 42994.9258 train_distortion: 0.8762 train_mapscore: 0.0655 train_c: -1.0723 train_max_dist: 2.9675 train_imax: -0.0000 train_imin: -1.0723 time: 1.0931s
INFO:root:Epoch: 0675 lr: 0.01 train_loss: 42990.6797 train_distortion: 0.8761 train_mapscore: 0.0661 train_c: -1.0728 train_max_dist: 2.9714 train_imax: -0.0000 train_imin: -1.0728 time: 1.1042s
INFO:root:Epoch: 0680 lr: 0.01 train_loss: 42986.7812 train_distortion: 0.8761 train_mapscore: 0.0643 train_c: -1.0733 train_max_dist: 2.9734 train_imax: -0.0000 train_imin: -1.0733 time: 1.1064s
INFO:root:Epoch: 0685 lr: 0.01 train_loss: 42982.9297 train_distortion: 0.8760 train_mapscore: 0.0634 train_c: -1.0738 train_max_dist: 2.9817 train_imax: -0.0000 train_imin: -1.0738 time: 1.1002s
INFO:root:Epoch: 0690 lr: 0.01 train_loss: 42979.2344 train_distortion: 0.8759 train_mapscore: 0.0644 train_c: -1.0743 train_max_dist: 2.9847 train_imax: -0.0000 train_imin: -1.0743 time: 1.1201s
INFO:root:Epoch: 0695 lr: 0.01 train_loss: 42975.9453 train_distortion: 0.8759 train_mapscore: 0.0645 train_c: -1.0748 train_max_dist: 2.9883 train_imax: -0.0000 train_imin: -1.0748 time: 1.1141s
INFO:root:Epoch: 0700 lr: 0.01 train_loss: 42972.6367 train_distortion: 0.8758 train_mapscore: 0.0644 train_c: -1.0753 train_max_dist: 2.9901 train_imax: -0.0000 train_imin: -1.0753 time: 1.1073s
INFO:root:Epoch: 0705 lr: 0.01 train_loss: 42969.6172 train_distortion: 0.8758 train_mapscore: 0.0640 train_c: -1.0758 train_max_dist: 2.9938 train_imax: -0.0000 train_imin: -1.0758 time: 1.1133s
INFO:root:Epoch: 0710 lr: 0.01 train_loss: 42966.4453 train_distortion: 0.8757 train_mapscore: 0.0632 train_c: -1.0763 train_max_dist: 2.9952 train_imax: -0.0000 train_imin: -1.0763 time: 1.0907s
INFO:root:Epoch: 0715 lr: 0.01 train_loss: 42963.5781 train_distortion: 0.8757 train_mapscore: 0.0641 train_c: -1.0768 train_max_dist: 2.9965 train_imax: -0.0000 train_imin: -1.0768 time: 1.0928s
INFO:root:Epoch: 0720 lr: 0.01 train_loss: 42960.6328 train_distortion: 0.8756 train_mapscore: 0.0630 train_c: -1.0773 train_max_dist: 2.9982 train_imax: -0.0000 train_imin: -1.0773 time: 1.1203s
INFO:root:Epoch: 0725 lr: 0.01 train_loss: 42958.1094 train_distortion: 0.8756 train_mapscore: 0.0634 train_c: -1.0778 train_max_dist: 3.0011 train_imax: -0.0000 train_imin: -1.0778 time: 1.1071s
INFO:root:Epoch: 0730 lr: 0.01 train_loss: 42955.3438 train_distortion: 0.8755 train_mapscore: 0.0634 train_c: -1.0783 train_max_dist: 3.0051 train_imax: -0.0000 train_imin: -1.0783 time: 1.1050s
INFO:root:Epoch: 0735 lr: 0.01 train_loss: 42952.7031 train_distortion: 0.8755 train_mapscore: 0.0643 train_c: -1.0788 train_max_dist: 3.0032 train_imax: -0.0000 train_imin: -1.0788 time: 1.0966s
INFO:root:Epoch: 0740 lr: 0.01 train_loss: 42950.3203 train_distortion: 0.8754 train_mapscore: 0.0636 train_c: -1.0793 train_max_dist: 3.0074 train_imax: -0.0000 train_imin: -1.0793 time: 1.1080s
INFO:root:Epoch: 0745 lr: 0.01 train_loss: 42947.8672 train_distortion: 0.8754 train_mapscore: 0.0631 train_c: -1.0798 train_max_dist: 3.0068 train_imax: -0.0000 train_imin: -1.0798 time: 1.0991s
INFO:root:Epoch: 0750 lr: 0.01 train_loss: 42945.3398 train_distortion: 0.8753 train_mapscore: 0.0633 train_c: -1.0803 train_max_dist: 3.0081 train_imax: -0.0000 train_imin: -1.0803 time: 1.0998s
INFO:root:Epoch: 0755 lr: 0.01 train_loss: 42943.0625 train_distortion: 0.8753 train_mapscore: 0.0645 train_c: -1.0808 train_max_dist: 3.0080 train_imax: -0.0000 train_imin: -1.0808 time: 1.1052s
INFO:root:Epoch: 0760 lr: 0.01 train_loss: 42940.7188 train_distortion: 0.8753 train_mapscore: 0.0635 train_c: -1.0813 train_max_dist: 3.0126 train_imax: -0.0000 train_imin: -1.0813 time: 1.1019s
INFO:root:Epoch: 0765 lr: 0.01 train_loss: 42938.5078 train_distortion: 0.8752 train_mapscore: 0.0642 train_c: -1.0818 train_max_dist: 3.0091 train_imax: -0.0000 train_imin: -1.0818 time: 1.1147s
INFO:root:Epoch: 0770 lr: 0.01 train_loss: 42936.3242 train_distortion: 0.8752 train_mapscore: 0.0627 train_c: -1.0823 train_max_dist: 3.0087 train_imax: -0.0000 train_imin: -1.0823 time: 1.0957s
INFO:root:Epoch: 0775 lr: 0.01 train_loss: 42934.0586 train_distortion: 0.8752 train_mapscore: 0.0630 train_c: -1.0828 train_max_dist: 3.0090 train_imax: -0.0000 train_imin: -1.0828 time: 1.1253s
INFO:root:Epoch: 0780 lr: 0.01 train_loss: 42931.7500 train_distortion: 0.8751 train_mapscore: 0.0639 train_c: -1.0833 train_max_dist: 3.0114 train_imax: -0.0000 train_imin: -1.0833 time: 1.1053s
INFO:root:Epoch: 0785 lr: 0.01 train_loss: 42929.6719 train_distortion: 0.8751 train_mapscore: 0.0641 train_c: -1.0838 train_max_dist: 3.0152 train_imax: -0.0000 train_imin: -1.0838 time: 1.1064s
INFO:root:Epoch: 0790 lr: 0.01 train_loss: 42927.5234 train_distortion: 0.8751 train_mapscore: 0.0643 train_c: -1.0843 train_max_dist: 3.0114 train_imax: -0.0000 train_imin: -1.0843 time: 1.1081s
INFO:root:Epoch: 0795 lr: 0.01 train_loss: 42925.3203 train_distortion: 0.8750 train_mapscore: 0.0639 train_c: -1.0848 train_max_dist: 3.0158 train_imax: -0.0000 train_imin: -1.0848 time: 1.0935s
INFO:root:Epoch: 0800 lr: 0.01 train_loss: 42923.0312 train_distortion: 0.8750 train_mapscore: 0.0639 train_c: -1.0853 train_max_dist: 3.0148 train_imax: -0.0000 train_imin: -1.0853 time: 1.0977s
INFO:root:Epoch: 0805 lr: 0.01 train_loss: 42920.8594 train_distortion: 0.8750 train_mapscore: 0.0639 train_c: -1.0858 train_max_dist: 3.0155 train_imax: -0.0000 train_imin: -1.0858 time: 1.1018s
INFO:root:Epoch: 0810 lr: 0.01 train_loss: 42918.6484 train_distortion: 0.8749 train_mapscore: 0.0648 train_c: -1.0863 train_max_dist: 3.0154 train_imax: -0.0000 train_imin: -1.0863 time: 1.1062s
INFO:root:Epoch: 0815 lr: 0.01 train_loss: 42916.3125 train_distortion: 0.8749 train_mapscore: 0.0642 train_c: -1.0867 train_max_dist: 3.0129 train_imax: -0.0000 train_imin: -1.0867 time: 1.1113s
INFO:root:Epoch: 0820 lr: 0.01 train_loss: 42914.2266 train_distortion: 0.8749 train_mapscore: 0.0639 train_c: -1.0872 train_max_dist: 3.0126 train_imax: -0.0000 train_imin: -1.0872 time: 1.0985s
INFO:root:Epoch: 0825 lr: 0.01 train_loss: 42912.0625 train_distortion: 0.8748 train_mapscore: 0.0650 train_c: -1.0877 train_max_dist: 3.0181 train_imax: -0.0000 train_imin: -1.0877 time: 1.1133s
INFO:root:Epoch: 0830 lr: 0.01 train_loss: 42909.8516 train_distortion: 0.8748 train_mapscore: 0.0637 train_c: -1.0882 train_max_dist: 3.0187 train_imax: -0.0000 train_imin: -1.0882 time: 1.1208s
INFO:root:Epoch: 0835 lr: 0.01 train_loss: 42907.6641 train_distortion: 0.8748 train_mapscore: 0.0641 train_c: -1.0887 train_max_dist: 3.0189 train_imax: -0.0000 train_imin: -1.0887 time: 1.1059s
INFO:root:Epoch: 0840 lr: 0.01 train_loss: 42905.6250 train_distortion: 0.8747 train_mapscore: 0.0644 train_c: -1.0892 train_max_dist: 3.0225 train_imax: -0.0000 train_imin: -1.0892 time: 1.1113s
INFO:root:Epoch: 0845 lr: 0.01 train_loss: 42903.6797 train_distortion: 0.8747 train_mapscore: 0.0632 train_c: -1.0897 train_max_dist: 3.0189 train_imax: -0.0000 train_imin: -1.0897 time: 1.1089s
INFO:root:Epoch: 0850 lr: 0.01 train_loss: 42901.4375 train_distortion: 0.8747 train_mapscore: 0.0645 train_c: -1.0902 train_max_dist: 3.0213 train_imax: -0.0000 train_imin: -1.0902 time: 1.0984s
INFO:root:Epoch: 0855 lr: 0.01 train_loss: 42899.3242 train_distortion: 0.8747 train_mapscore: 0.0630 train_c: -1.0907 train_max_dist: 3.0253 train_imax: -0.0000 train_imin: -1.0907 time: 1.1103s
INFO:root:Epoch: 0860 lr: 0.01 train_loss: 42897.2852 train_distortion: 0.8746 train_mapscore: 0.0643 train_c: -1.0912 train_max_dist: 3.0154 train_imax: -0.0000 train_imin: -1.0912 time: 1.1075s
INFO:root:Epoch: 0865 lr: 0.01 train_loss: 42895.2578 train_distortion: 0.8746 train_mapscore: 0.0628 train_c: -1.0917 train_max_dist: 3.0200 train_imax: -0.0000 train_imin: -1.0917 time: 1.1029s
INFO:root:Epoch: 0870 lr: 0.01 train_loss: 42893.2891 train_distortion: 0.8746 train_mapscore: 0.0645 train_c: -1.0922 train_max_dist: 3.0222 train_imax: -0.0000 train_imin: -1.0922 time: 1.1005s
INFO:root:Epoch: 0875 lr: 0.01 train_loss: 42891.2031 train_distortion: 0.8745 train_mapscore: 0.0640 train_c: -1.0926 train_max_dist: 3.0210 train_imax: -0.0000 train_imin: -1.0926 time: 1.0844s
INFO:root:Epoch: 0880 lr: 0.01 train_loss: 42889.2188 train_distortion: 0.8745 train_mapscore: 0.0640 train_c: -1.0931 train_max_dist: 3.0227 train_imax: -0.0000 train_imin: -1.0931 time: 1.1066s
INFO:root:Epoch: 0885 lr: 0.01 train_loss: 42887.3398 train_distortion: 0.8745 train_mapscore: 0.0648 train_c: -1.0936 train_max_dist: 3.0243 train_imax: -0.0000 train_imin: -1.0936 time: 1.1381s
INFO:root:Epoch: 0890 lr: 0.01 train_loss: 42885.1133 train_distortion: 0.8744 train_mapscore: 0.0635 train_c: -1.0941 train_max_dist: 3.0195 train_imax: -0.0000 train_imin: -1.0941 time: 1.1047s
INFO:root:Epoch: 0895 lr: 0.01 train_loss: 42883.3438 train_distortion: 0.8744 train_mapscore: 0.0646 train_c: -1.0946 train_max_dist: 3.0242 train_imax: -0.0000 train_imin: -1.0946 time: 1.1019s
INFO:root:Epoch: 0900 lr: 0.01 train_loss: 42881.2344 train_distortion: 0.8744 train_mapscore: 0.0641 train_c: -1.0951 train_max_dist: 3.0209 train_imax: -0.0000 train_imin: -1.0951 time: 1.1240s
INFO:root:Epoch: 0905 lr: 0.01 train_loss: 42879.4453 train_distortion: 0.8744 train_mapscore: 0.0637 train_c: -1.0956 train_max_dist: 3.0258 train_imax: -0.0000 train_imin: -1.0956 time: 1.1126s
INFO:root:Epoch: 0910 lr: 0.01 train_loss: 42877.6328 train_distortion: 0.8743 train_mapscore: 0.0642 train_c: -1.0961 train_max_dist: 3.0219 train_imax: -0.0000 train_imin: -1.0961 time: 1.1100s
INFO:root:Epoch: 0915 lr: 0.01 train_loss: 42875.5781 train_distortion: 0.8743 train_mapscore: 0.0639 train_c: -1.0965 train_max_dist: 3.0194 train_imax: -0.0000 train_imin: -1.0965 time: 1.0936s
INFO:root:Epoch: 0920 lr: 0.01 train_loss: 42873.5742 train_distortion: 0.8743 train_mapscore: 0.0645 train_c: -1.0970 train_max_dist: 3.0220 train_imax: -0.0000 train_imin: -1.0970 time: 1.1002s
INFO:root:Epoch: 0925 lr: 0.01 train_loss: 42871.6641 train_distortion: 0.8742 train_mapscore: 0.0651 train_c: -1.0975 train_max_dist: 3.0244 train_imax: -0.0000 train_imin: -1.0975 time: 1.1061s
INFO:root:Epoch: 0930 lr: 0.01 train_loss: 42869.8359 train_distortion: 0.8742 train_mapscore: 0.0641 train_c: -1.0980 train_max_dist: 3.0185 train_imax: -0.0000 train_imin: -1.0980 time: 1.1050s
INFO:root:Epoch: 0935 lr: 0.01 train_loss: 42867.7891 train_distortion: 0.8742 train_mapscore: 0.0640 train_c: -1.0985 train_max_dist: 3.0221 train_imax: -0.0000 train_imin: -1.0985 time: 1.1108s
INFO:root:Epoch: 0940 lr: 0.01 train_loss: 42865.8242 train_distortion: 0.8741 train_mapscore: 0.0643 train_c: -1.0990 train_max_dist: 3.0221 train_imax: -0.0000 train_imin: -1.0990 time: 1.1369s
INFO:root:Epoch: 0945 lr: 0.01 train_loss: 42863.7500 train_distortion: 0.8741 train_mapscore: 0.0631 train_c: -1.0995 train_max_dist: 3.0221 train_imax: -0.0000 train_imin: -1.0995 time: 1.1031s
INFO:root:Epoch: 0950 lr: 0.01 train_loss: 42861.6680 train_distortion: 0.8741 train_mapscore: 0.0626 train_c: -1.1000 train_max_dist: 3.0271 train_imax: -0.0000 train_imin: -1.1000 time: 1.1037s
INFO:root:Epoch: 0955 lr: 0.01 train_loss: 42859.6914 train_distortion: 0.8741 train_mapscore: 0.0639 train_c: -1.1004 train_max_dist: 3.0272 train_imax: -0.0000 train_imin: -1.1004 time: 1.1112s
INFO:root:Epoch: 0960 lr: 0.01 train_loss: 42857.7031 train_distortion: 0.8740 train_mapscore: 0.0643 train_c: -1.1009 train_max_dist: 3.0230 train_imax: -0.0000 train_imin: -1.1009 time: 1.0943s
INFO:root:Epoch: 0965 lr: 0.01 train_loss: 42855.5195 train_distortion: 0.8740 train_mapscore: 0.0637 train_c: -1.1014 train_max_dist: 3.0197 train_imax: -0.0000 train_imin: -1.1014 time: 1.1064s
INFO:root:Epoch: 0970 lr: 0.01 train_loss: 42853.4219 train_distortion: 0.8740 train_mapscore: 0.0631 train_c: -1.1019 train_max_dist: 3.0209 train_imax: -0.0000 train_imin: -1.1019 time: 1.1170s
INFO:root:Epoch: 0975 lr: 0.01 train_loss: 42851.3789 train_distortion: 0.8739 train_mapscore: 0.0647 train_c: -1.1024 train_max_dist: 3.0238 train_imax: -0.0000 train_imin: -1.1024 time: 1.0980s
INFO:root:Epoch: 0980 lr: 0.01 train_loss: 42849.2227 train_distortion: 0.8739 train_mapscore: 0.0632 train_c: -1.1029 train_max_dist: 3.0247 train_imax: -0.0000 train_imin: -1.1029 time: 1.1100s
INFO:root:Epoch: 0985 lr: 0.01 train_loss: 42846.9883 train_distortion: 0.8739 train_mapscore: 0.0627 train_c: -1.1033 train_max_dist: 3.0213 train_imax: -0.0000 train_imin: -1.1033 time: 1.1089s
INFO:root:Epoch: 0990 lr: 0.01 train_loss: 42844.8359 train_distortion: 0.8739 train_mapscore: 0.0639 train_c: -1.1038 train_max_dist: 3.0228 train_imax: -0.0000 train_imin: -1.1038 time: 1.0991s
INFO:root:Epoch: 0995 lr: 0.01 train_loss: 42842.7148 train_distortion: 0.8738 train_mapscore: 0.0638 train_c: -1.1043 train_max_dist: 3.0259 train_imax: -0.0000 train_imin: -1.1043 time: 1.1391s
INFO:root:Epoch: 1000 lr: 0.01 train_loss: 42840.7227 train_distortion: 0.8738 train_mapscore: 0.0636 train_c: -1.1048 train_max_dist: 3.0282 train_imax: -0.0000 train_imin: -1.1048 time: 1.1173s
INFO:root:Epoch: 1005 lr: 0.01 train_loss: 42838.5430 train_distortion: 0.8738 train_mapscore: 0.0630 train_c: -1.1053 train_max_dist: 3.0239 train_imax: -0.0000 train_imin: -1.1053 time: 1.1132s
INFO:root:Epoch: 1010 lr: 0.01 train_loss: 42836.5000 train_distortion: 0.8738 train_mapscore: 0.0627 train_c: -1.1058 train_max_dist: 3.0295 train_imax: -0.0000 train_imin: -1.1058 time: 1.0933s
INFO:root:Epoch: 1015 lr: 0.01 train_loss: 42834.4688 train_distortion: 0.8737 train_mapscore: 0.0629 train_c: -1.1062 train_max_dist: 3.0281 train_imax: -0.0000 train_imin: -1.1062 time: 1.0956s
INFO:root:Epoch: 1020 lr: 0.01 train_loss: 42832.5859 train_distortion: 0.8737 train_mapscore: 0.0620 train_c: -1.1067 train_max_dist: 3.0286 train_imax: -0.0000 train_imin: -1.1067 time: 1.1010s
INFO:root:Epoch: 1025 lr: 0.01 train_loss: 42830.6172 train_distortion: 0.8737 train_mapscore: 0.0632 train_c: -1.1072 train_max_dist: 3.0281 train_imax: -0.0000 train_imin: -1.1072 time: 1.0995s
INFO:root:Epoch: 1030 lr: 0.01 train_loss: 42828.7422 train_distortion: 0.8737 train_mapscore: 0.0630 train_c: -1.1077 train_max_dist: 3.0257 train_imax: -0.0000 train_imin: -1.1077 time: 1.1106s
INFO:root:Epoch: 1035 lr: 0.01 train_loss: 42826.8242 train_distortion: 0.8736 train_mapscore: 0.0627 train_c: -1.1082 train_max_dist: 3.0284 train_imax: -0.0000 train_imin: -1.1082 time: 1.1096s
INFO:root:Epoch: 1040 lr: 0.01 train_loss: 42824.6094 train_distortion: 0.8736 train_mapscore: 0.0642 train_c: -1.1086 train_max_dist: 3.0293 train_imax: -0.0000 train_imin: -1.1086 time: 1.1061s
INFO:root:Epoch: 1045 lr: 0.01 train_loss: 42822.7109 train_distortion: 0.8736 train_mapscore: 0.0631 train_c: -1.1091 train_max_dist: 3.0274 train_imax: -0.0000 train_imin: -1.1091 time: 1.1051s
INFO:root:Epoch: 1050 lr: 0.01 train_loss: 42820.7109 train_distortion: 0.8736 train_mapscore: 0.0627 train_c: -1.1096 train_max_dist: 3.0304 train_imax: -0.0000 train_imin: -1.1096 time: 1.1498s
INFO:root:Epoch: 1055 lr: 0.01 train_loss: 42818.8594 train_distortion: 0.8735 train_mapscore: 0.0625 train_c: -1.1101 train_max_dist: 3.0291 train_imax: -0.0000 train_imin: -1.1101 time: 1.1277s
INFO:root:Epoch: 1060 lr: 0.01 train_loss: 42816.6406 train_distortion: 0.8735 train_mapscore: 0.0624 train_c: -1.1106 train_max_dist: 3.0287 train_imax: -0.0000 train_imin: -1.1106 time: 1.1064s
INFO:root:Epoch: 1065 lr: 0.01 train_loss: 42814.2539 train_distortion: 0.8735 train_mapscore: 0.0628 train_c: -1.1110 train_max_dist: 3.0321 train_imax: -0.0000 train_imin: -1.1110 time: 1.0972s
INFO:root:Epoch: 1070 lr: 0.01 train_loss: 42811.8906 train_distortion: 0.8735 train_mapscore: 0.0630 train_c: -1.1115 train_max_dist: 3.0468 train_imax: -0.0000 train_imin: -1.1115 time: 1.1087s
INFO:root:Epoch: 1075 lr: 0.01 train_loss: 42809.5625 train_distortion: 0.8734 train_mapscore: 0.0645 train_c: -1.1120 train_max_dist: 3.0584 train_imax: -0.0000 train_imin: -1.1120 time: 1.1064s
INFO:root:Epoch: 1080 lr: 0.01 train_loss: 42807.1562 train_distortion: 0.8734 train_mapscore: 0.0632 train_c: -1.1125 train_max_dist: 3.0737 train_imax: -0.0000 train_imin: -1.1125 time: 1.1045s
INFO:root:Epoch: 1085 lr: 0.01 train_loss: 42805.1172 train_distortion: 0.8734 train_mapscore: 0.0636 train_c: -1.1130 train_max_dist: 3.0890 train_imax: -0.0000 train_imin: -1.1130 time: 1.1021s
INFO:root:Epoch: 1090 lr: 0.01 train_loss: 42802.8047 train_distortion: 0.8734 train_mapscore: 0.0640 train_c: -1.1134 train_max_dist: 3.0996 train_imax: -0.0000 train_imin: -1.1134 time: 1.1122s
INFO:root:Epoch: 1095 lr: 0.01 train_loss: 42800.5938 train_distortion: 0.8734 train_mapscore: 0.0634 train_c: -1.1139 train_max_dist: 3.1092 train_imax: -0.0000 train_imin: -1.1139 time: 1.0892s
INFO:root:Epoch: 1100 lr: 0.01 train_loss: 42798.4766 train_distortion: 0.8733 train_mapscore: 0.0644 train_c: -1.1144 train_max_dist: 3.1230 train_imax: -0.0000 train_imin: -1.1144 time: 1.1137s
INFO:root:Epoch: 1105 lr: 0.01 train_loss: 42796.2305 train_distortion: 0.8733 train_mapscore: 0.0630 train_c: -1.1149 train_max_dist: 3.1325 train_imax: -0.0000 train_imin: -1.1149 time: 1.1349s
INFO:root:Epoch: 1110 lr: 0.01 train_loss: 42794.0234 train_distortion: 0.8733 train_mapscore: 0.0645 train_c: -1.1154 train_max_dist: 3.1403 train_imax: -0.0000 train_imin: -1.1154 time: 1.1057s
INFO:root:Epoch: 1115 lr: 0.01 train_loss: 42791.9570 train_distortion: 0.8733 train_mapscore: 0.0632 train_c: -1.1158 train_max_dist: 3.1458 train_imax: -0.0000 train_imin: -1.1158 time: 1.1005s
INFO:root:Epoch: 1120 lr: 0.01 train_loss: 42789.8906 train_distortion: 0.8733 train_mapscore: 0.0639 train_c: -1.1163 train_max_dist: 3.1524 train_imax: -0.0000 train_imin: -1.1163 time: 1.0882s
INFO:root:Epoch: 1125 lr: 0.01 train_loss: 42787.8281 train_distortion: 0.8732 train_mapscore: 0.0631 train_c: -1.1168 train_max_dist: 3.1510 train_imax: -0.0000 train_imin: -1.1168 time: 1.0957s
INFO:root:Epoch: 1130 lr: 0.01 train_loss: 42785.8164 train_distortion: 0.8732 train_mapscore: 0.0640 train_c: -1.1173 train_max_dist: 3.1586 train_imax: -0.0000 train_imin: -1.1173 time: 1.1118s
INFO:root:Epoch: 1135 lr: 0.01 train_loss: 42783.9609 train_distortion: 0.8732 train_mapscore: 0.0632 train_c: -1.1178 train_max_dist: 3.1638 train_imax: -0.0000 train_imin: -1.1178 time: 1.1114s
INFO:root:Epoch: 1140 lr: 0.01 train_loss: 42781.9219 train_distortion: 0.8732 train_mapscore: 0.0633 train_c: -1.1182 train_max_dist: 3.1663 train_imax: -0.0000 train_imin: -1.1182 time: 1.1084s
INFO:root:Epoch: 1145 lr: 0.01 train_loss: 42779.8672 train_distortion: 0.8732 train_mapscore: 0.0638 train_c: -1.1187 train_max_dist: 3.1697 train_imax: -0.0000 train_imin: -1.1187 time: 1.1048s
INFO:root:Epoch: 1150 lr: 0.01 train_loss: 42777.9336 train_distortion: 0.8731 train_mapscore: 0.0635 train_c: -1.1192 train_max_dist: 3.1713 train_imax: -0.0000 train_imin: -1.1192 time: 1.0948s
INFO:root:Epoch: 1155 lr: 0.01 train_loss: 42775.9609 train_distortion: 0.8731 train_mapscore: 0.0624 train_c: -1.1197 train_max_dist: 3.1743 train_imax: -0.0000 train_imin: -1.1197 time: 1.0920s
INFO:root:Epoch: 1160 lr: 0.01 train_loss: 42773.9219 train_distortion: 0.8731 train_mapscore: 0.0643 train_c: -1.1202 train_max_dist: 3.1748 train_imax: -0.0000 train_imin: -1.1202 time: 1.1320s
INFO:root:Epoch: 1165 lr: 0.01 train_loss: 42772.0352 train_distortion: 0.8731 train_mapscore: 0.0619 train_c: -1.1206 train_max_dist: 3.1756 train_imax: -0.0000 train_imin: -1.1206 time: 1.0957s
INFO:root:Epoch: 1170 lr: 0.01 train_loss: 42770.2344 train_distortion: 0.8731 train_mapscore: 0.0631 train_c: -1.1211 train_max_dist: 3.1798 train_imax: -0.0000 train_imin: -1.1211 time: 1.0968s
INFO:root:Epoch: 1175 lr: 0.01 train_loss: 42768.3594 train_distortion: 0.8731 train_mapscore: 0.0637 train_c: -1.1216 train_max_dist: 3.1760 train_imax: -0.0000 train_imin: -1.1216 time: 1.1148s
INFO:root:Epoch: 1180 lr: 0.01 train_loss: 42766.4961 train_distortion: 0.8730 train_mapscore: 0.0643 train_c: -1.1221 train_max_dist: 3.1792 train_imax: -0.0000 train_imin: -1.1221 time: 1.1162s
INFO:root:Epoch: 1185 lr: 0.01 train_loss: 42764.5156 train_distortion: 0.8730 train_mapscore: 0.0643 train_c: -1.1225 train_max_dist: 3.1792 train_imax: -0.0000 train_imin: -1.1225 time: 1.0966s
INFO:root:Epoch: 1190 lr: 0.01 train_loss: 42762.7422 train_distortion: 0.8730 train_mapscore: 0.0642 train_c: -1.1230 train_max_dist: 3.1825 train_imax: -0.0000 train_imin: -1.1230 time: 1.0928s
INFO:root:Epoch: 1195 lr: 0.01 train_loss: 42760.8477 train_distortion: 0.8730 train_mapscore: 0.0633 train_c: -1.1235 train_max_dist: 3.1825 train_imax: -0.0000 train_imin: -1.1235 time: 1.1059s
INFO:root:Epoch: 1200 lr: 0.01 train_loss: 42758.8594 train_distortion: 0.8730 train_mapscore: 0.0647 train_c: -1.1240 train_max_dist: 3.1833 train_imax: -0.0000 train_imin: -1.1240 time: 1.0993s
INFO:root:Epoch: 1205 lr: 0.01 train_loss: 42757.0391 train_distortion: 0.8729 train_mapscore: 0.0635 train_c: -1.1245 train_max_dist: 3.1867 train_imax: -0.0000 train_imin: -1.1245 time: 1.0986s
INFO:root:Epoch: 1210 lr: 0.01 train_loss: 42755.1641 train_distortion: 0.8729 train_mapscore: 0.0653 train_c: -1.1249 train_max_dist: 3.1795 train_imax: -0.0000 train_imin: -1.1249 time: 1.0955s
INFO:root:Epoch: 1215 lr: 0.01 train_loss: 42753.4336 train_distortion: 0.8729 train_mapscore: 0.0636 train_c: -1.1254 train_max_dist: 3.1857 train_imax: -0.0000 train_imin: -1.1254 time: 1.1229s
INFO:root:Epoch: 1220 lr: 0.01 train_loss: 42751.5625 train_distortion: 0.8729 train_mapscore: 0.0643 train_c: -1.1259 train_max_dist: 3.1847 train_imax: -0.0000 train_imin: -1.1259 time: 1.0933s
INFO:root:Epoch: 1225 lr: 0.01 train_loss: 42749.7109 train_distortion: 0.8729 train_mapscore: 0.0647 train_c: -1.1264 train_max_dist: 3.1831 train_imax: -0.0000 train_imin: -1.1264 time: 1.0981s
INFO:root:Epoch: 1230 lr: 0.01 train_loss: 42747.8438 train_distortion: 0.8728 train_mapscore: 0.0639 train_c: -1.1268 train_max_dist: 3.1778 train_imax: -0.0000 train_imin: -1.1268 time: 1.1041s
INFO:root:Epoch: 1235 lr: 0.01 train_loss: 42745.9883 train_distortion: 0.8728 train_mapscore: 0.0645 train_c: -1.1273 train_max_dist: 3.1810 train_imax: -0.0000 train_imin: -1.1273 time: 1.0903s
INFO:root:Epoch: 1240 lr: 0.01 train_loss: 42744.0625 train_distortion: 0.8728 train_mapscore: 0.0646 train_c: -1.1278 train_max_dist: 3.1768 train_imax: -0.0000 train_imin: -1.1278 time: 1.0962s
INFO:root:Epoch: 1245 lr: 0.01 train_loss: 42742.2656 train_distortion: 0.8728 train_mapscore: 0.0653 train_c: -1.1283 train_max_dist: 3.1751 train_imax: -0.0000 train_imin: -1.1283 time: 1.0902s
INFO:root:Epoch: 1250 lr: 0.01 train_loss: 42740.4414 train_distortion: 0.8728 train_mapscore: 0.0651 train_c: -1.1287 train_max_dist: 3.1759 train_imax: -0.0000 train_imin: -1.1287 time: 1.1072s
INFO:root:Epoch: 1255 lr: 0.01 train_loss: 42738.6484 train_distortion: 0.8727 train_mapscore: 0.0661 train_c: -1.1292 train_max_dist: 3.1710 train_imax: -0.0000 train_imin: -1.1292 time: 1.1030s
INFO:root:Epoch: 1260 lr: 0.01 train_loss: 42736.5469 train_distortion: 0.8727 train_mapscore: 0.0663 train_c: -1.1297 train_max_dist: 3.1692 train_imax: -0.0000 train_imin: -1.1297 time: 1.1168s
INFO:root:Epoch: 1265 lr: 0.01 train_loss: 42734.6328 train_distortion: 0.8727 train_mapscore: 0.0654 train_c: -1.1302 train_max_dist: 3.1663 train_imax: -0.0000 train_imin: -1.1302 time: 1.0891s
INFO:root:Epoch: 1270 lr: 0.01 train_loss: 42732.7969 train_distortion: 0.8727 train_mapscore: 0.0661 train_c: -1.1306 train_max_dist: 3.1605 train_imax: -0.0000 train_imin: -1.1306 time: 1.1276s
INFO:root:Epoch: 1275 lr: 0.01 train_loss: 42730.6797 train_distortion: 0.8726 train_mapscore: 0.0658 train_c: -1.1311 train_max_dist: 3.1484 train_imax: -0.0000 train_imin: -1.1311 time: 1.0861s
INFO:root:Epoch: 1280 lr: 0.01 train_loss: 42728.9297 train_distortion: 0.8726 train_mapscore: 0.0658 train_c: -1.1316 train_max_dist: 3.1438 train_imax: -0.0000 train_imin: -1.1316 time: 1.1132s
INFO:root:Epoch: 1285 lr: 0.01 train_loss: 42726.9023 train_distortion: 0.8726 train_mapscore: 0.0660 train_c: -1.1321 train_max_dist: 3.1300 train_imax: -0.0000 train_imin: -1.1321 time: 1.0882s
INFO:root:Epoch: 1290 lr: 0.01 train_loss: 42724.9531 train_distortion: 0.8726 train_mapscore: 0.0655 train_c: -1.1325 train_max_dist: 3.1167 train_imax: -0.0000 train_imin: -1.1325 time: 1.0925s
INFO:root:Epoch: 1295 lr: 0.01 train_loss: 42722.9961 train_distortion: 0.8726 train_mapscore: 0.0661 train_c: -1.1330 train_max_dist: 3.1028 train_imax: -0.0000 train_imin: -1.1330 time: 1.1076s
INFO:root:Epoch: 1300 lr: 0.01 train_loss: 42721.1719 train_distortion: 0.8725 train_mapscore: 0.0656 train_c: -1.1335 train_max_dist: 3.0971 train_imax: -0.0000 train_imin: -1.1335 time: 1.1008s
INFO:root:Epoch: 1305 lr: 0.01 train_loss: 42719.3320 train_distortion: 0.8725 train_mapscore: 0.0658 train_c: -1.1339 train_max_dist: 3.0934 train_imax: -0.0000 train_imin: -1.1339 time: 1.0894s
INFO:root:Epoch: 1310 lr: 0.01 train_loss: 42717.5156 train_distortion: 0.8725 train_mapscore: 0.0646 train_c: -1.1344 train_max_dist: 3.0786 train_imax: -0.0000 train_imin: -1.1344 time: 1.1004s
INFO:root:Epoch: 1315 lr: 0.01 train_loss: 42715.6836 train_distortion: 0.8725 train_mapscore: 0.0655 train_c: -1.1349 train_max_dist: 3.0732 train_imax: -0.0000 train_imin: -1.1349 time: 1.1110s
INFO:root:Epoch: 1320 lr: 0.01 train_loss: 42713.7109 train_distortion: 0.8724 train_mapscore: 0.0657 train_c: -1.1354 train_max_dist: 3.0784 train_imax: -0.0000 train_imin: -1.1354 time: 1.1127s
INFO:root:Epoch: 1325 lr: 0.01 train_loss: 42711.8359 train_distortion: 0.8724 train_mapscore: 0.0654 train_c: -1.1358 train_max_dist: 3.0724 train_imax: -0.0000 train_imin: -1.1358 time: 1.1300s
INFO:root:Epoch: 1330 lr: 0.01 train_loss: 42709.9531 train_distortion: 0.8724 train_mapscore: 0.0651 train_c: -1.1363 train_max_dist: 3.0784 train_imax: -0.0000 train_imin: -1.1363 time: 1.1046s
INFO:root:Epoch: 1335 lr: 0.01 train_loss: 42708.1484 train_distortion: 0.8724 train_mapscore: 0.0637 train_c: -1.1368 train_max_dist: 3.0797 train_imax: -0.0000 train_imin: -1.1368 time: 1.0966s
INFO:root:Epoch: 1340 lr: 0.01 train_loss: 42706.1133 train_distortion: 0.8723 train_mapscore: 0.0653 train_c: -1.1372 train_max_dist: 3.0854 train_imax: -0.0000 train_imin: -1.1372 time: 1.0940s
INFO:root:Epoch: 1345 lr: 0.01 train_loss: 42704.0742 train_distortion: 0.8723 train_mapscore: 0.0651 train_c: -1.1377 train_max_dist: 3.0826 train_imax: -0.0000 train_imin: -1.1377 time: 1.0996s
INFO:root:Epoch: 1350 lr: 0.01 train_loss: 42702.2656 train_distortion: 0.8723 train_mapscore: 0.0637 train_c: -1.1382 train_max_dist: 3.0849 train_imax: -0.0000 train_imin: -1.1382 time: 1.0947s
INFO:root:Epoch: 1355 lr: 0.01 train_loss: 42700.3203 train_distortion: 0.8722 train_mapscore: 0.0642 train_c: -1.1387 train_max_dist: 3.0829 train_imax: -0.0000 train_imin: -1.1387 time: 1.1027s
INFO:root:Epoch: 1360 lr: 0.01 train_loss: 42698.5938 train_distortion: 0.8722 train_mapscore: 0.0645 train_c: -1.1391 train_max_dist: 3.0898 train_imax: -0.0000 train_imin: -1.1391 time: 1.1054s
INFO:root:Epoch: 1365 lr: 0.01 train_loss: 42696.4922 train_distortion: 0.8722 train_mapscore: 0.0643 train_c: -1.1396 train_max_dist: 3.0892 train_imax: -0.0000 train_imin: -1.1396 time: 1.0926s
INFO:root:Epoch: 1370 lr: 0.01 train_loss: 42694.7031 train_distortion: 0.8722 train_mapscore: 0.0639 train_c: -1.1401 train_max_dist: 3.0896 train_imax: -0.0000 train_imin: -1.1401 time: 1.0994s
INFO:root:Epoch: 1375 lr: 0.01 train_loss: 42692.9648 train_distortion: 0.8721 train_mapscore: 0.0646 train_c: -1.1405 train_max_dist: 3.0950 train_imax: -0.0000 train_imin: -1.1405 time: 1.1035s
INFO:root:Epoch: 1380 lr: 0.01 train_loss: 42691.0000 train_distortion: 0.8721 train_mapscore: 0.0651 train_c: -1.1410 train_max_dist: 3.0964 train_imax: -0.0000 train_imin: -1.1410 time: 1.1176s
INFO:root:Epoch: 1385 lr: 0.01 train_loss: 42689.1484 train_distortion: 0.8721 train_mapscore: 0.0637 train_c: -1.1415 train_max_dist: 3.0925 train_imax: -0.0000 train_imin: -1.1415 time: 1.1101s
INFO:root:Epoch: 1390 lr: 0.01 train_loss: 42687.2383 train_distortion: 0.8720 train_mapscore: 0.0647 train_c: -1.1419 train_max_dist: 3.0965 train_imax: -0.0000 train_imin: -1.1419 time: 1.1059s
INFO:root:Epoch: 1395 lr: 0.01 train_loss: 42685.5586 train_distortion: 0.8720 train_mapscore: 0.0641 train_c: -1.1424 train_max_dist: 3.0944 train_imax: -0.0000 train_imin: -1.1424 time: 1.1080s
INFO:root:Epoch: 1400 lr: 0.01 train_loss: 42683.8398 train_distortion: 0.8720 train_mapscore: 0.0644 train_c: -1.1429 train_max_dist: 3.0915 train_imax: -0.0000 train_imin: -1.1429 time: 1.0934s
INFO:root:Epoch: 1405 lr: 0.01 train_loss: 42682.0391 train_distortion: 0.8720 train_mapscore: 0.0639 train_c: -1.1433 train_max_dist: 3.0940 train_imax: -0.0000 train_imin: -1.1433 time: 1.0863s
INFO:root:Epoch: 1410 lr: 0.01 train_loss: 42680.3008 train_distortion: 0.8719 train_mapscore: 0.0653 train_c: -1.1438 train_max_dist: 3.0961 train_imax: -0.0000 train_imin: -1.1438 time: 1.1115s
INFO:root:Epoch: 1415 lr: 0.01 train_loss: 42678.5195 train_distortion: 0.8719 train_mapscore: 0.0647 train_c: -1.1443 train_max_dist: 3.0936 train_imax: -0.0000 train_imin: -1.1443 time: 1.0985s
INFO:root:Epoch: 1420 lr: 0.01 train_loss: 42676.8281 train_distortion: 0.8719 train_mapscore: 0.0655 train_c: -1.1447 train_max_dist: 3.0959 train_imax: -0.0000 train_imin: -1.1447 time: 1.1036s
INFO:root:Epoch: 1425 lr: 0.01 train_loss: 42675.0742 train_distortion: 0.8719 train_mapscore: 0.0655 train_c: -1.1452 train_max_dist: 3.0969 train_imax: -0.0000 train_imin: -1.1452 time: 1.0957s
INFO:root:Epoch: 1430 lr: 0.01 train_loss: 42673.1562 train_distortion: 0.8718 train_mapscore: 0.0654 train_c: -1.1457 train_max_dist: 3.1014 train_imax: -0.0000 train_imin: -1.1457 time: 1.0965s
INFO:root:Epoch: 1435 lr: 0.01 train_loss: 42671.4609 train_distortion: 0.8718 train_mapscore: 0.0652 train_c: -1.1461 train_max_dist: 3.0991 train_imax: -0.0000 train_imin: -1.1461 time: 1.1263s
INFO:root:Epoch: 1440 lr: 0.01 train_loss: 42669.6602 train_distortion: 0.8718 train_mapscore: 0.0652 train_c: -1.1466 train_max_dist: 3.1061 train_imax: -0.0000 train_imin: -1.1466 time: 1.1035s
INFO:root:Epoch: 1445 lr: 0.01 train_loss: 42667.9844 train_distortion: 0.8718 train_mapscore: 0.0654 train_c: -1.1471 train_max_dist: 3.1065 train_imax: -0.0000 train_imin: -1.1471 time: 1.0899s
INFO:root:Epoch: 1450 lr: 0.01 train_loss: 42666.2188 train_distortion: 0.8717 train_mapscore: 0.0655 train_c: -1.1475 train_max_dist: 3.1048 train_imax: -0.0000 train_imin: -1.1475 time: 1.0948s
INFO:root:Epoch: 1455 lr: 0.01 train_loss: 42664.6016 train_distortion: 0.8717 train_mapscore: 0.0660 train_c: -1.1480 train_max_dist: 3.1082 train_imax: -0.0000 train_imin: -1.1480 time: 1.0828s
INFO:root:Epoch: 1460 lr: 0.01 train_loss: 42662.7578 train_distortion: 0.8717 train_mapscore: 0.0661 train_c: -1.1485 train_max_dist: 3.1057 train_imax: -0.0000 train_imin: -1.1485 time: 1.0821s
INFO:root:Epoch: 1465 lr: 0.01 train_loss: 42661.2344 train_distortion: 0.8717 train_mapscore: 0.0661 train_c: -1.1489 train_max_dist: 3.1037 train_imax: -0.0000 train_imin: -1.1489 time: 1.1078s
INFO:root:Epoch: 1470 lr: 0.01 train_loss: 42659.5312 train_distortion: 0.8717 train_mapscore: 0.0655 train_c: -1.1494 train_max_dist: 3.1051 train_imax: -0.0000 train_imin: -1.1494 time: 1.0944s
INFO:root:Epoch: 1475 lr: 0.01 train_loss: 42657.8125 train_distortion: 0.8716 train_mapscore: 0.0653 train_c: -1.1499 train_max_dist: 3.1041 train_imax: -0.0000 train_imin: -1.1499 time: 1.0894s
INFO:root:Epoch: 1480 lr: 0.01 train_loss: 42656.1797 train_distortion: 0.8716 train_mapscore: 0.0649 train_c: -1.1503 train_max_dist: 3.1049 train_imax: -0.0000 train_imin: -1.1503 time: 1.0975s
INFO:root:Epoch: 1485 lr: 0.01 train_loss: 42654.5625 train_distortion: 0.8716 train_mapscore: 0.0657 train_c: -1.1508 train_max_dist: 3.1041 train_imax: -0.0000 train_imin: -1.1508 time: 1.0998s
INFO:root:Epoch: 1490 lr: 0.01 train_loss: 42652.9883 train_distortion: 0.8716 train_mapscore: 0.0650 train_c: -1.1513 train_max_dist: 3.1063 train_imax: -0.0000 train_imin: -1.1513 time: 1.1288s
INFO:root:Epoch: 1495 lr: 0.01 train_loss: 42651.2656 train_distortion: 0.8715 train_mapscore: 0.0652 train_c: -1.1517 train_max_dist: 3.1056 train_imax: -0.0000 train_imin: -1.1517 time: 1.0852s
INFO:root:Epoch: 1500 lr: 0.01 train_loss: 42649.6641 train_distortion: 0.8715 train_mapscore: 0.0664 train_c: -1.1522 train_max_dist: 3.1054 train_imax: -0.0000 train_imin: -1.1522 time: 1.0929s
INFO:root:Epoch: 1505 lr: 0.01 train_loss: 42647.9805 train_distortion: 0.8715 train_mapscore: 0.0667 train_c: -1.1527 train_max_dist: 3.1055 train_imax: -0.0000 train_imin: -1.1527 time: 1.1095s
INFO:root:Epoch: 1510 lr: 0.01 train_loss: 42646.3516 train_distortion: 0.8715 train_mapscore: 0.0666 train_c: -1.1531 train_max_dist: 3.1059 train_imax: -0.0000 train_imin: -1.1531 time: 1.1190s
INFO:root:Epoch: 1515 lr: 0.01 train_loss: 42644.7344 train_distortion: 0.8715 train_mapscore: 0.0666 train_c: -1.1536 train_max_dist: 3.1074 train_imax: -0.0000 train_imin: -1.1536 time: 1.0840s
INFO:root:Epoch: 1520 lr: 0.01 train_loss: 42642.8633 train_distortion: 0.8714 train_mapscore: 0.0663 train_c: -1.1541 train_max_dist: 3.1078 train_imax: -0.0000 train_imin: -1.1541 time: 1.0919s
INFO:root:Epoch: 1525 lr: 0.01 train_loss: 42641.2812 train_distortion: 0.8714 train_mapscore: 0.0656 train_c: -1.1545 train_max_dist: 3.1085 train_imax: -0.0000 train_imin: -1.1545 time: 1.0948s
INFO:root:Epoch: 1530 lr: 0.01 train_loss: 42639.5625 train_distortion: 0.8714 train_mapscore: 0.0666 train_c: -1.1550 train_max_dist: 3.1095 train_imax: -0.0000 train_imin: -1.1550 time: 1.0926s
INFO:root:Epoch: 1535 lr: 0.01 train_loss: 42637.8359 train_distortion: 0.8714 train_mapscore: 0.0663 train_c: -1.1555 train_max_dist: 3.1092 train_imax: -0.0000 train_imin: -1.1555 time: 1.0864s
INFO:root:Epoch: 1540 lr: 0.01 train_loss: 42636.3711 train_distortion: 0.8713 train_mapscore: 0.0662 train_c: -1.1559 train_max_dist: 3.1096 train_imax: -0.0000 train_imin: -1.1559 time: 1.1009s
INFO:root:Epoch: 1545 lr: 0.01 train_loss: 42634.5664 train_distortion: 0.8713 train_mapscore: 0.0660 train_c: -1.1564 train_max_dist: 3.1120 train_imax: -0.0000 train_imin: -1.1564 time: 1.1299s
INFO:root:Epoch: 1550 lr: 0.01 train_loss: 42632.7109 train_distortion: 0.8713 train_mapscore: 0.0667 train_c: -1.1569 train_max_dist: 3.1116 train_imax: -0.0000 train_imin: -1.1569 time: 1.0899s
INFO:root:Epoch: 1555 lr: 0.01 train_loss: 42631.0234 train_distortion: 0.8713 train_mapscore: 0.0669 train_c: -1.1573 train_max_dist: 3.1054 train_imax: -0.0000 train_imin: -1.1573 time: 1.0988s
INFO:root:Epoch: 1560 lr: 0.01 train_loss: 42629.2695 train_distortion: 0.8713 train_mapscore: 0.0667 train_c: -1.1578 train_max_dist: 3.1104 train_imax: -0.0000 train_imin: -1.1578 time: 1.0909s
INFO:root:Epoch: 1565 lr: 0.01 train_loss: 42627.6406 train_distortion: 0.8712 train_mapscore: 0.0672 train_c: -1.1582 train_max_dist: 3.1080 train_imax: -0.0000 train_imin: -1.1582 time: 1.1041s
INFO:root:Epoch: 1570 lr: 0.01 train_loss: 42625.7188 train_distortion: 0.8712 train_mapscore: 0.0664 train_c: -1.1587 train_max_dist: 3.1097 train_imax: -0.0000 train_imin: -1.1587 time: 1.1092s
INFO:root:Epoch: 1575 lr: 0.01 train_loss: 42623.9766 train_distortion: 0.8712 train_mapscore: 0.0675 train_c: -1.1592 train_max_dist: 3.1097 train_imax: -0.0000 train_imin: -1.1592 time: 1.0913s
INFO:root:Epoch: 1580 lr: 0.01 train_loss: 42622.2891 train_distortion: 0.8712 train_mapscore: 0.0669 train_c: -1.1596 train_max_dist: 3.1105 train_imax: -0.0000 train_imin: -1.1596 time: 1.0925s
INFO:root:Epoch: 1585 lr: 0.01 train_loss: 42620.4531 train_distortion: 0.8711 train_mapscore: 0.0669 train_c: -1.1601 train_max_dist: 3.1135 train_imax: -0.0000 train_imin: -1.1601 time: 1.1001s
INFO:root:Epoch: 1590 lr: 0.01 train_loss: 42618.6719 train_distortion: 0.8711 train_mapscore: 0.0673 train_c: -1.1606 train_max_dist: 3.1129 train_imax: -0.0000 train_imin: -1.1606 time: 1.0923s
INFO:root:Epoch: 1595 lr: 0.01 train_loss: 42617.0156 train_distortion: 0.8711 train_mapscore: 0.0659 train_c: -1.1610 train_max_dist: 3.1059 train_imax: -0.0000 train_imin: -1.1610 time: 1.1135s
INFO:root:Epoch: 1600 lr: 0.01 train_loss: 42615.2969 train_distortion: 0.8711 train_mapscore: 0.0663 train_c: -1.1615 train_max_dist: 3.1130 train_imax: -0.0000 train_imin: -1.1615 time: 1.1311s
INFO:root:Epoch: 1605 lr: 0.01 train_loss: 42613.6328 train_distortion: 0.8711 train_mapscore: 0.0650 train_c: -1.1620 train_max_dist: 3.1191 train_imax: -0.0000 train_imin: -1.1620 time: 1.1138s
INFO:root:Epoch: 1610 lr: 0.01 train_loss: 42611.8750 train_distortion: 0.8710 train_mapscore: 0.0668 train_c: -1.1624 train_max_dist: 3.1174 train_imax: -0.0000 train_imin: -1.1624 time: 1.1127s
INFO:root:Epoch: 1615 lr: 0.01 train_loss: 42610.1484 train_distortion: 0.8710 train_mapscore: 0.0666 train_c: -1.1629 train_max_dist: 3.1164 train_imax: -0.0000 train_imin: -1.1629 time: 1.0968s
INFO:root:Epoch: 1620 lr: 0.01 train_loss: 42608.4922 train_distortion: 0.8710 train_mapscore: 0.0667 train_c: -1.1634 train_max_dist: 3.1131 train_imax: -0.0000 train_imin: -1.1634 time: 1.1071s
INFO:root:Epoch: 1625 lr: 0.01 train_loss: 42606.7578 train_distortion: 0.8710 train_mapscore: 0.0675 train_c: -1.1638 train_max_dist: 3.1190 train_imax: -0.0000 train_imin: -1.1638 time: 1.0940s
INFO:root:Epoch: 1630 lr: 0.01 train_loss: 42605.0703 train_distortion: 0.8709 train_mapscore: 0.0675 train_c: -1.1643 train_max_dist: 3.1197 train_imax: -0.0000 train_imin: -1.1643 time: 1.0925s
INFO:root:Epoch: 1635 lr: 0.01 train_loss: 42603.4141 train_distortion: 0.8709 train_mapscore: 0.0665 train_c: -1.1647 train_max_dist: 3.1181 train_imax: -0.0000 train_imin: -1.1647 time: 1.0935s
INFO:root:Epoch: 1640 lr: 0.01 train_loss: 42601.6328 train_distortion: 0.8709 train_mapscore: 0.0677 train_c: -1.1652 train_max_dist: 3.1199 train_imax: -0.0000 train_imin: -1.1652 time: 1.1037s
INFO:root:Epoch: 1645 lr: 0.01 train_loss: 42600.0078 train_distortion: 0.8708 train_mapscore: 0.0676 train_c: -1.1657 train_max_dist: 3.1239 train_imax: -0.0000 train_imin: -1.1657 time: 1.1057s
INFO:root:Epoch: 1650 lr: 0.01 train_loss: 42598.3281 train_distortion: 0.8708 train_mapscore: 0.0664 train_c: -1.1661 train_max_dist: 3.1217 train_imax: -0.0000 train_imin: -1.1661 time: 1.0996s
INFO:root:Epoch: 1655 lr: 0.01 train_loss: 42596.6758 train_distortion: 0.8708 train_mapscore: 0.0668 train_c: -1.1666 train_max_dist: 3.1223 train_imax: -0.0000 train_imin: -1.1666 time: 1.1252s
INFO:root:Epoch: 1660 lr: 0.01 train_loss: 42594.8594 train_distortion: 0.8708 train_mapscore: 0.0670 train_c: -1.1671 train_max_dist: 3.1229 train_imax: -0.0000 train_imin: -1.1671 time: 1.0889s
INFO:root:Epoch: 1665 lr: 0.01 train_loss: 42593.2695 train_distortion: 0.8707 train_mapscore: 0.0669 train_c: -1.1675 train_max_dist: 3.1224 train_imax: -0.0000 train_imin: -1.1675 time: 1.1144s
INFO:root:Epoch: 1670 lr: 0.01 train_loss: 42591.7148 train_distortion: 0.8707 train_mapscore: 0.0671 train_c: -1.1680 train_max_dist: 3.1225 train_imax: -0.0000 train_imin: -1.1680 time: 1.0894s
INFO:root:Epoch: 1675 lr: 0.01 train_loss: 42590.2344 train_distortion: 0.8707 train_mapscore: 0.0671 train_c: -1.1685 train_max_dist: 3.1243 train_imax: -0.0000 train_imin: -1.1685 time: 1.0956s
INFO:root:Epoch: 1680 lr: 0.01 train_loss: 42588.4297 train_distortion: 0.8707 train_mapscore: 0.0677 train_c: -1.1689 train_max_dist: 3.1250 train_imax: -0.0000 train_imin: -1.1689 time: 1.1021s
INFO:root:Epoch: 1685 lr: 0.01 train_loss: 42586.7578 train_distortion: 0.8706 train_mapscore: 0.0670 train_c: -1.1694 train_max_dist: 3.1250 train_imax: -0.0000 train_imin: -1.1694 time: 1.0857s
INFO:root:Epoch: 1690 lr: 0.01 train_loss: 42585.1484 train_distortion: 0.8706 train_mapscore: 0.0665 train_c: -1.1698 train_max_dist: 3.1296 train_imax: -0.0000 train_imin: -1.1698 time: 1.1013s
INFO:root:Epoch: 1695 lr: 0.01 train_loss: 42583.5078 train_distortion: 0.8706 train_mapscore: 0.0670 train_c: -1.1703 train_max_dist: 3.1281 train_imax: -0.0000 train_imin: -1.1703 time: 1.1023s
INFO:root:Epoch: 1700 lr: 0.01 train_loss: 42581.8359 train_distortion: 0.8705 train_mapscore: 0.0681 train_c: -1.1708 train_max_dist: 3.1301 train_imax: -0.0000 train_imin: -1.1708 time: 1.1040s
INFO:root:Epoch: 1705 lr: 0.01 train_loss: 42580.3125 train_distortion: 0.8705 train_mapscore: 0.0666 train_c: -1.1712 train_max_dist: 3.1316 train_imax: -0.0000 train_imin: -1.1712 time: 1.0908s
INFO:root:Epoch: 1710 lr: 0.01 train_loss: 42578.6172 train_distortion: 0.8705 train_mapscore: 0.0673 train_c: -1.1717 train_max_dist: 3.1287 train_imax: -0.0000 train_imin: -1.1717 time: 1.1249s
INFO:root:Epoch: 1715 lr: 0.01 train_loss: 42576.8203 train_distortion: 0.8705 train_mapscore: 0.0681 train_c: -1.1722 train_max_dist: 3.1322 train_imax: -0.0000 train_imin: -1.1722 time: 1.1005s
INFO:root:Epoch: 1720 lr: 0.01 train_loss: 42575.1133 train_distortion: 0.8704 train_mapscore: 0.0678 train_c: -1.1726 train_max_dist: 3.1339 train_imax: -0.0000 train_imin: -1.1726 time: 1.1052s
INFO:root:Epoch: 1725 lr: 0.01 train_loss: 42573.4062 train_distortion: 0.8704 train_mapscore: 0.0677 train_c: -1.1731 train_max_dist: 3.1349 train_imax: -0.0000 train_imin: -1.1731 time: 1.1040s
INFO:root:Epoch: 1730 lr: 0.01 train_loss: 42571.6328 train_distortion: 0.8704 train_mapscore: 0.0678 train_c: -1.1735 train_max_dist: 3.1346 train_imax: -0.0000 train_imin: -1.1735 time: 1.0987s
INFO:root:Epoch: 1735 lr: 0.01 train_loss: 42569.8477 train_distortion: 0.8703 train_mapscore: 0.0665 train_c: -1.1740 train_max_dist: 3.1382 train_imax: -0.0000 train_imin: -1.1740 time: 1.1048s
INFO:root:Epoch: 1740 lr: 0.01 train_loss: 42568.1680 train_distortion: 0.8703 train_mapscore: 0.0682 train_c: -1.1745 train_max_dist: 3.1363 train_imax: -0.0000 train_imin: -1.1745 time: 1.0940s
INFO:root:Epoch: 1745 lr: 0.01 train_loss: 42566.4062 train_distortion: 0.8703 train_mapscore: 0.0679 train_c: -1.1749 train_max_dist: 3.1396 train_imax: -0.0000 train_imin: -1.1749 time: 1.1129s
INFO:root:Epoch: 1750 lr: 0.01 train_loss: 42564.5703 train_distortion: 0.8702 train_mapscore: 0.0668 train_c: -1.1754 train_max_dist: 3.1411 train_imax: -0.0000 train_imin: -1.1754 time: 1.1011s
INFO:root:Epoch: 1755 lr: 0.01 train_loss: 42562.8398 train_distortion: 0.8702 train_mapscore: 0.0671 train_c: -1.1758 train_max_dist: 3.1406 train_imax: -0.0000 train_imin: -1.1758 time: 1.0968s
INFO:root:Epoch: 1760 lr: 0.01 train_loss: 42561.1172 train_distortion: 0.8702 train_mapscore: 0.0677 train_c: -1.1763 train_max_dist: 3.1397 train_imax: -0.0000 train_imin: -1.1763 time: 1.1167s
INFO:root:Epoch: 1765 lr: 0.01 train_loss: 42559.1797 train_distortion: 0.8702 train_mapscore: 0.0672 train_c: -1.1768 train_max_dist: 3.1423 train_imax: -0.0000 train_imin: -1.1768 time: 1.1190s
INFO:root:Epoch: 1770 lr: 0.01 train_loss: 42557.2539 train_distortion: 0.8701 train_mapscore: 0.0676 train_c: -1.1772 train_max_dist: 3.1418 train_imax: -0.0000 train_imin: -1.1772 time: 1.0944s
INFO:root:Epoch: 1775 lr: 0.01 train_loss: 42555.4961 train_distortion: 0.8701 train_mapscore: 0.0660 train_c: -1.1777 train_max_dist: 3.1414 train_imax: -0.0000 train_imin: -1.1777 time: 1.0946s
INFO:root:Epoch: 1780 lr: 0.01 train_loss: 42553.4219 train_distortion: 0.8701 train_mapscore: 0.0667 train_c: -1.1781 train_max_dist: 3.1463 train_imax: -0.0000 train_imin: -1.1781 time: 1.0876s
INFO:root:Epoch: 1785 lr: 0.01 train_loss: 42551.4922 train_distortion: 0.8700 train_mapscore: 0.0665 train_c: -1.1786 train_max_dist: 3.1452 train_imax: -0.0000 train_imin: -1.1786 time: 1.0921s
INFO:root:Epoch: 1790 lr: 0.01 train_loss: 42549.8359 train_distortion: 0.8700 train_mapscore: 0.0680 train_c: -1.1791 train_max_dist: 3.1473 train_imax: -0.0000 train_imin: -1.1791 time: 1.1005s
INFO:root:Epoch: 1795 lr: 0.01 train_loss: 42548.0234 train_distortion: 0.8700 train_mapscore: 0.0682 train_c: -1.1795 train_max_dist: 3.1447 train_imax: -0.0000 train_imin: -1.1795 time: 1.1021s
INFO:root:Epoch: 1800 lr: 0.01 train_loss: 42546.3477 train_distortion: 0.8700 train_mapscore: 0.0673 train_c: -1.1800 train_max_dist: 3.1438 train_imax: -0.0000 train_imin: -1.1800 time: 1.0991s
INFO:root:Epoch: 1805 lr: 0.01 train_loss: 42544.6797 train_distortion: 0.8699 train_mapscore: 0.0673 train_c: -1.1804 train_max_dist: 3.1429 train_imax: -0.0000 train_imin: -1.1804 time: 1.1033s
INFO:root:Epoch: 1810 lr: 0.01 train_loss: 42542.9961 train_distortion: 0.8699 train_mapscore: 0.0672 train_c: -1.1809 train_max_dist: 3.1421 train_imax: -0.0000 train_imin: -1.1809 time: 1.1006s
INFO:root:Epoch: 1815 lr: 0.01 train_loss: 42541.3438 train_distortion: 0.8699 train_mapscore: 0.0679 train_c: -1.1814 train_max_dist: 3.1446 train_imax: -0.0000 train_imin: -1.1814 time: 1.1060s
INFO:root:Epoch: 1820 lr: 0.01 train_loss: 42539.8047 train_distortion: 0.8699 train_mapscore: 0.0676 train_c: -1.1818 train_max_dist: 3.1454 train_imax: -0.0000 train_imin: -1.1818 time: 1.1242s
INFO:root:Epoch: 1825 lr: 0.01 train_loss: 42538.0938 train_distortion: 0.8698 train_mapscore: 0.0667 train_c: -1.1823 train_max_dist: 3.1483 train_imax: -0.0000 train_imin: -1.1823 time: 1.0957s
INFO:root:Epoch: 1830 lr: 0.01 train_loss: 42536.5547 train_distortion: 0.8698 train_mapscore: 0.0671 train_c: -1.1827 train_max_dist: 3.1476 train_imax: -0.0000 train_imin: -1.1827 time: 1.0919s
INFO:root:Epoch: 1835 lr: 0.01 train_loss: 42534.9609 train_distortion: 0.8698 train_mapscore: 0.0667 train_c: -1.1832 train_max_dist: 3.1442 train_imax: -0.0000 train_imin: -1.1832 time: 1.0830s
INFO:root:Epoch: 1840 lr: 0.01 train_loss: 42533.2422 train_distortion: 0.8698 train_mapscore: 0.0670 train_c: -1.1837 train_max_dist: 3.1497 train_imax: -0.0000 train_imin: -1.1837 time: 1.0968s
INFO:root:Epoch: 1845 lr: 0.01 train_loss: 42531.6133 train_distortion: 0.8697 train_mapscore: 0.0672 train_c: -1.1841 train_max_dist: 3.1505 train_imax: -0.0000 train_imin: -1.1841 time: 1.0973s
INFO:root:Epoch: 1850 lr: 0.01 train_loss: 42530.1562 train_distortion: 0.8697 train_mapscore: 0.0675 train_c: -1.1846 train_max_dist: 3.1485 train_imax: -0.0000 train_imin: -1.1846 time: 1.0950s
INFO:root:Epoch: 1855 lr: 0.01 train_loss: 42528.4453 train_distortion: 0.8697 train_mapscore: 0.0671 train_c: -1.1850 train_max_dist: 3.1550 train_imax: -0.0000 train_imin: -1.1850 time: 1.1150s
INFO:root:Epoch: 1860 lr: 0.01 train_loss: 42527.1562 train_distortion: 0.8697 train_mapscore: 0.0696 train_c: -1.1855 train_max_dist: 3.1546 train_imax: -0.0000 train_imin: -1.1855 time: 1.0814s
INFO:root:Epoch: 1865 lr: 0.01 train_loss: 42525.4531 train_distortion: 0.8696 train_mapscore: 0.0675 train_c: -1.1860 train_max_dist: 3.1532 train_imax: -0.0000 train_imin: -1.1860 time: 1.0921s
INFO:root:Epoch: 1870 lr: 0.01 train_loss: 42523.8281 train_distortion: 0.8696 train_mapscore: 0.0678 train_c: -1.1864 train_max_dist: 3.1533 train_imax: -0.0000 train_imin: -1.1864 time: 1.1063s
INFO:root:Epoch: 1875 lr: 0.01 train_loss: 42522.0781 train_distortion: 0.8696 train_mapscore: 0.0671 train_c: -1.1869 train_max_dist: 3.1514 train_imax: -0.0000 train_imin: -1.1869 time: 1.1229s
INFO:root:Epoch: 1880 lr: 0.01 train_loss: 42520.5859 train_distortion: 0.8696 train_mapscore: 0.0686 train_c: -1.1873 train_max_dist: 3.1533 train_imax: -0.0000 train_imin: -1.1873 time: 1.1099s
INFO:root:Epoch: 1885 lr: 0.01 train_loss: 42518.8359 train_distortion: 0.8695 train_mapscore: 0.0678 train_c: -1.1878 train_max_dist: 3.1545 train_imax: -0.0000 train_imin: -1.1878 time: 1.0997s
INFO:root:Epoch: 1890 lr: 0.01 train_loss: 42517.1641 train_distortion: 0.8695 train_mapscore: 0.0678 train_c: -1.1882 train_max_dist: 3.1573 train_imax: -0.0000 train_imin: -1.1883 time: 1.1124s
INFO:root:Epoch: 1895 lr: 0.01 train_loss: 42515.3047 train_distortion: 0.8695 train_mapscore: 0.0693 train_c: -1.1887 train_max_dist: 3.1601 train_imax: -0.0000 train_imin: -1.1887 time: 1.1099s
INFO:root:Epoch: 1900 lr: 0.01 train_loss: 42513.6094 train_distortion: 0.8695 train_mapscore: 0.0684 train_c: -1.1892 train_max_dist: 3.1593 train_imax: -0.0000 train_imin: -1.1892 time: 1.1116s
INFO:root:Epoch: 1905 lr: 0.01 train_loss: 42512.0000 train_distortion: 0.8694 train_mapscore: 0.0687 train_c: -1.1896 train_max_dist: 3.1583 train_imax: -0.0000 train_imin: -1.1896 time: 1.0876s
INFO:root:Epoch: 1910 lr: 0.01 train_loss: 42510.3945 train_distortion: 0.8694 train_mapscore: 0.0698 train_c: -1.1901 train_max_dist: 3.1643 train_imax: -0.0000 train_imin: -1.1901 time: 1.1022s
INFO:root:Epoch: 1915 lr: 0.01 train_loss: 42508.6992 train_distortion: 0.8694 train_mapscore: 0.0686 train_c: -1.1905 train_max_dist: 3.1606 train_imax: -0.0000 train_imin: -1.1905 time: 1.0966s
INFO:root:Epoch: 1920 lr: 0.01 train_loss: 42506.7734 train_distortion: 0.8694 train_mapscore: 0.0677 train_c: -1.1910 train_max_dist: 3.1611 train_imax: -0.0000 train_imin: -1.1910 time: 1.1073s
INFO:root:Epoch: 1925 lr: 0.01 train_loss: 42505.0156 train_distortion: 0.8693 train_mapscore: 0.0679 train_c: -1.1915 train_max_dist: 3.1598 train_imax: -0.0000 train_imin: -1.1915 time: 1.0972s
INFO:root:Epoch: 1930 lr: 0.01 train_loss: 42503.2969 train_distortion: 0.8693 train_mapscore: 0.0674 train_c: -1.1919 train_max_dist: 3.1649 train_imax: -0.0000 train_imin: -1.1919 time: 1.1189s
INFO:root:Epoch: 1935 lr: 0.01 train_loss: 42501.6328 train_distortion: 0.8693 train_mapscore: 0.0681 train_c: -1.1924 train_max_dist: 3.1644 train_imax: -0.0000 train_imin: -1.1924 time: 1.0954s
INFO:root:Epoch: 1940 lr: 0.01 train_loss: 42500.0508 train_distortion: 0.8693 train_mapscore: 0.0684 train_c: -1.1928 train_max_dist: 3.1611 train_imax: -0.0000 train_imin: -1.1928 time: 1.0958s
INFO:root:Epoch: 1945 lr: 0.01 train_loss: 42498.3828 train_distortion: 0.8692 train_mapscore: 0.0684 train_c: -1.1933 train_max_dist: 3.1681 train_imax: -0.0000 train_imin: -1.1933 time: 1.1021s
INFO:root:Epoch: 1950 lr: 0.01 train_loss: 42496.6328 train_distortion: 0.8692 train_mapscore: 0.0690 train_c: -1.1938 train_max_dist: 3.1648 train_imax: -0.0000 train_imin: -1.1938 time: 1.1089s
INFO:root:Epoch: 1955 lr: 0.01 train_loss: 42494.9688 train_distortion: 0.8692 train_mapscore: 0.0689 train_c: -1.1942 train_max_dist: 3.1647 train_imax: -0.0000 train_imin: -1.1942 time: 1.1036s
INFO:root:Epoch: 1960 lr: 0.01 train_loss: 42493.4492 train_distortion: 0.8692 train_mapscore: 0.0697 train_c: -1.1947 train_max_dist: 3.1677 train_imax: -0.0000 train_imin: -1.1947 time: 1.0863s
INFO:root:Epoch: 1965 lr: 0.01 train_loss: 42491.7812 train_distortion: 0.8691 train_mapscore: 0.0684 train_c: -1.1951 train_max_dist: 3.1640 train_imax: -0.0000 train_imin: -1.1951 time: 1.0967s
INFO:root:Epoch: 1970 lr: 0.01 train_loss: 42490.2773 train_distortion: 0.8691 train_mapscore: 0.0687 train_c: -1.1956 train_max_dist: 3.1664 train_imax: -0.0000 train_imin: -1.1956 time: 1.0978s
INFO:root:Epoch: 1975 lr: 0.01 train_loss: 42488.5547 train_distortion: 0.8691 train_mapscore: 0.0688 train_c: -1.1961 train_max_dist: 3.1695 train_imax: -0.0000 train_imin: -1.1961 time: 1.0991s
INFO:root:Epoch: 1980 lr: 0.01 train_loss: 42487.0703 train_distortion: 0.8691 train_mapscore: 0.0677 train_c: -1.1965 train_max_dist: 3.1719 train_imax: -0.0000 train_imin: -1.1965 time: 1.1107s
INFO:root:Epoch: 1985 lr: 0.01 train_loss: 42485.3320 train_distortion: 0.8690 train_mapscore: 0.0694 train_c: -1.1970 train_max_dist: 3.1703 train_imax: -0.0000 train_imin: -1.1970 time: 1.1420s
INFO:root:Epoch: 1990 lr: 0.01 train_loss: 42483.6211 train_distortion: 0.8690 train_mapscore: 0.0695 train_c: -1.1974 train_max_dist: 3.1673 train_imax: -0.0000 train_imin: -1.1974 time: 1.0917s
INFO:root:Epoch: 1995 lr: 0.01 train_loss: 42482.1094 train_distortion: 0.8690 train_mapscore: 0.0690 train_c: -1.1979 train_max_dist: 3.1643 train_imax: -0.0000 train_imin: -1.1979 time: 1.1116s
INFO:root:Epoch: 2000 lr: 0.0025 train_loss: 42480.4922 train_distortion: 0.8690 train_mapscore: 0.0702 train_c: -1.1983 train_max_dist: 3.1701 train_imax: -0.0000 train_imin: -1.1983 time: 1.0943s
INFO:root:Optimization Finished!
INFO:root:Total time elapsed: 2209.4320s
INFO:root:Val set results: val_distortion: 1.0000 val_mapscore: -1.0000 val_c: -1.0000 val_max_dist: 0.0000
INFO:root:Test set results: test_loss: 42480.0703 test_distortion: 0.8690 test_mapscore: 0.0688 test_c: -1.1984 test_max_dist: 3.1692 test_imax: -0.0000 test_imin: -1.1984
INFO:root:Saved model in /workspace/xiongbo/hgcn/logs/md/2021_5_27/6
