INFO:root:Using: cuda:0
INFO:root:Using seed 1234.
INFO:root:MDModel(
  (encoder): HGCN(
    (layers): Sequential(
      (0): HyperbolicGraphConvolution(
        (linear): HypLinear(
          in_features=2641, out_features=10, c=Parameter containing:
          tensor([-1.], requires_grad=True)
        )
        (agg): HypAgg(
          c=Parameter containing:
          tensor([-1.], requires_grad=True)
        )
        (hyp_act): HypAct(
          c_in=Parameter containing:
          tensor([-1.], requires_grad=True), c_out=Parameter containing:
          tensor([-1.], requires_grad=True)
        )
      )
    )
  )
  (decoder): MDDecoder()
)
INFO:root:Total number of parameters: 26422
/workspace/anaconda3/envs/geo/lib/python3.7/site-packages/torch/optim/lr_scheduler.py:370: UserWarning: To get the last learning rate computed by the scheduler, please use `get_last_lr()`.
  "please use `get_last_lr()`.", UserWarning)
INFO:root:Epoch: 0005 lr: 0.01 train_loss: 48712.9062 train_distortion: 0.9507 train_mapscore: 0.2354 train_c: -1.0004 train_max_dist: 1.9169 train_imax: -0.0000 train_imin: -1.0004 time: 0.9880s
INFO:root:Epoch: 0010 lr: 0.01 train_loss: 47232.9219 train_distortion: 0.9337 train_mapscore: 0.3050 train_c: -1.0008 train_max_dist: 2.1022 train_imax: -0.0000 train_imin: -1.0008 time: 0.9588s
INFO:root:Epoch: 0015 lr: 0.01 train_loss: 46581.0859 train_distortion: 0.9268 train_mapscore: 0.3333 train_c: -1.0013 train_max_dist: 2.1965 train_imax: -0.0000 train_imin: -1.0012 time: 0.9427s
INFO:root:Epoch: 0020 lr: 0.01 train_loss: 46212.4141 train_distortion: 0.9229 train_mapscore: 0.3317 train_c: -1.0019 train_max_dist: 2.2358 train_imax: -0.0000 train_imin: -1.0018 time: 0.9828s
INFO:root:Epoch: 0025 lr: 0.01 train_loss: 45938.8906 train_distortion: 0.9200 train_mapscore: 0.3146 train_c: -1.0024 train_max_dist: 2.2269 train_imax: -0.0000 train_imin: -1.0023 time: 0.9538s
INFO:root:Epoch: 0030 lr: 0.01 train_loss: 45714.4688 train_distortion: 0.9175 train_mapscore: 0.2932 train_c: -1.0030 train_max_dist: 2.2629 train_imax: -0.0000 train_imin: -1.0030 time: 0.9496s
INFO:root:Epoch: 0035 lr: 0.01 train_loss: 45531.6602 train_distortion: 0.9154 train_mapscore: 0.2681 train_c: -1.0036 train_max_dist: 2.2844 train_imax: -0.0000 train_imin: -1.0035 time: 0.9657s
INFO:root:Epoch: 0040 lr: 0.01 train_loss: 45382.2812 train_distortion: 0.9137 train_mapscore: 0.2460 train_c: -1.0042 train_max_dist: 2.2920 train_imax: -0.0000 train_imin: -1.0042 time: 0.9489s
INFO:root:Epoch: 0045 lr: 0.01 train_loss: 45258.1680 train_distortion: 0.9124 train_mapscore: 0.2294 train_c: -1.0048 train_max_dist: 2.2922 train_imax: -0.0000 train_imin: -1.0047 time: 0.9554s
INFO:root:Epoch: 0050 lr: 0.01 train_loss: 45152.8047 train_distortion: 0.9113 train_mapscore: 0.2180 train_c: -1.0053 train_max_dist: 2.2899 train_imax: -0.0000 train_imin: -1.0053 time: 0.9665s
INFO:root:Epoch: 0055 lr: 0.01 train_loss: 45061.7812 train_distortion: 0.9104 train_mapscore: 0.2114 train_c: -1.0059 train_max_dist: 2.2845 train_imax: -0.0000 train_imin: -1.0059 time: 0.9629s
INFO:root:Epoch: 0060 lr: 0.01 train_loss: 44981.2500 train_distortion: 0.9097 train_mapscore: 0.2047 train_c: -1.0065 train_max_dist: 2.2825 train_imax: -0.0000 train_imin: -1.0065 time: 0.9570s
INFO:root:Epoch: 0065 lr: 0.01 train_loss: 44909.6992 train_distortion: 0.9090 train_mapscore: 0.1994 train_c: -1.0071 train_max_dist: 2.2807 train_imax: -0.0000 train_imin: -1.0071 time: 0.9815s
INFO:root:Epoch: 0070 lr: 0.01 train_loss: 44844.6094 train_distortion: 0.9084 train_mapscore: 0.1946 train_c: -1.0077 train_max_dist: 2.2768 train_imax: -0.0000 train_imin: -1.0076 time: 0.9695s
INFO:root:Epoch: 0075 lr: 0.01 train_loss: 44783.1641 train_distortion: 0.9079 train_mapscore: 0.1892 train_c: -1.0082 train_max_dist: 2.2775 train_imax: -0.0000 train_imin: -1.0082 time: 0.9630s
INFO:root:Epoch: 0080 lr: 0.01 train_loss: 44726.7891 train_distortion: 0.9074 train_mapscore: 0.1820 train_c: -1.0088 train_max_dist: 2.2745 train_imax: -0.0000 train_imin: -1.0088 time: 0.9585s
INFO:root:Epoch: 0085 lr: 0.01 train_loss: 44673.0273 train_distortion: 0.9069 train_mapscore: 0.1774 train_c: -1.0094 train_max_dist: 2.2667 train_imax: -0.0000 train_imin: -1.0094 time: 0.9963s
INFO:root:Epoch: 0090 lr: 0.01 train_loss: 44625.3281 train_distortion: 0.9065 train_mapscore: 0.1734 train_c: -1.0099 train_max_dist: 2.2650 train_imax: -0.0000 train_imin: -1.0099 time: 0.9615s
INFO:root:Epoch: 0095 lr: 0.01 train_loss: 44582.5859 train_distortion: 0.9062 train_mapscore: 0.1692 train_c: -1.0105 train_max_dist: 2.2705 train_imax: -0.0000 train_imin: -1.0105 time: 0.9624s
INFO:root:Epoch: 0100 lr: 0.01 train_loss: 44543.9844 train_distortion: 0.9058 train_mapscore: 0.1633 train_c: -1.0111 train_max_dist: 2.2682 train_imax: -0.0000 train_imin: -1.0111 time: 0.9798s
INFO:root:Epoch: 0105 lr: 0.01 train_loss: 44509.1992 train_distortion: 0.9055 train_mapscore: 0.1575 train_c: -1.0116 train_max_dist: 2.2685 train_imax: -0.0000 train_imin: -1.0116 time: 0.9622s
INFO:root:Epoch: 0110 lr: 0.01 train_loss: 44477.3633 train_distortion: 0.9053 train_mapscore: 0.1510 train_c: -1.0122 train_max_dist: 2.2656 train_imax: -0.0000 train_imin: -1.0122 time: 0.9797s
INFO:root:Epoch: 0115 lr: 0.01 train_loss: 44448.3125 train_distortion: 0.9050 train_mapscore: 0.1454 train_c: -1.0127 train_max_dist: 2.2693 train_imax: -0.0000 train_imin: -1.0127 time: 0.9810s
INFO:root:Epoch: 0120 lr: 0.01 train_loss: 44421.4922 train_distortion: 0.9048 train_mapscore: 0.1409 train_c: -1.0133 train_max_dist: 2.2648 train_imax: -0.0000 train_imin: -1.0133 time: 0.9993s
INFO:root:Epoch: 0125 lr: 0.01 train_loss: 44396.7891 train_distortion: 0.9046 train_mapscore: 0.1389 train_c: -1.0138 train_max_dist: 2.2659 train_imax: -0.0000 train_imin: -1.0138 time: 0.9829s
INFO:root:Epoch: 0130 lr: 0.01 train_loss: 44374.5664 train_distortion: 0.9045 train_mapscore: 0.1364 train_c: -1.0144 train_max_dist: 2.2669 train_imax: -0.0000 train_imin: -1.0144 time: 0.9856s
INFO:root:Epoch: 0135 lr: 0.01 train_loss: 44354.6641 train_distortion: 0.9043 train_mapscore: 0.1375 train_c: -1.0149 train_max_dist: 2.2726 train_imax: -0.0000 train_imin: -1.0149 time: 0.9777s
INFO:root:Epoch: 0140 lr: 0.01 train_loss: 44336.3984 train_distortion: 0.9042 train_mapscore: 0.1359 train_c: -1.0155 train_max_dist: 2.2804 train_imax: -0.0000 train_imin: -1.0155 time: 0.9731s
INFO:root:Epoch: 0145 lr: 0.01 train_loss: 44318.9414 train_distortion: 0.9041 train_mapscore: 0.1334 train_c: -1.0160 train_max_dist: 2.2796 train_imax: -0.0000 train_imin: -1.0160 time: 0.9865s
INFO:root:Epoch: 0150 lr: 0.01 train_loss: 44303.3359 train_distortion: 0.9040 train_mapscore: 0.1318 train_c: -1.0166 train_max_dist: 2.2837 train_imax: -0.0000 train_imin: -1.0166 time: 1.0251s
INFO:root:Epoch: 0155 lr: 0.01 train_loss: 44288.5117 train_distortion: 0.9039 train_mapscore: 0.1326 train_c: -1.0171 train_max_dist: 2.2803 train_imax: -0.0000 train_imin: -1.0171 time: 0.9853s
INFO:root:Epoch: 0160 lr: 0.01 train_loss: 44274.1797 train_distortion: 0.9038 train_mapscore: 0.1318 train_c: -1.0177 train_max_dist: 2.2812 train_imax: -0.0000 train_imin: -1.0177 time: 0.9772s
INFO:root:Epoch: 0165 lr: 0.01 train_loss: 44260.0703 train_distortion: 0.9037 train_mapscore: 0.1308 train_c: -1.0182 train_max_dist: 2.2788 train_imax: -0.0000 train_imin: -1.0182 time: 0.9852s
INFO:root:Epoch: 0170 lr: 0.01 train_loss: 44247.0703 train_distortion: 0.9037 train_mapscore: 0.1302 train_c: -1.0187 train_max_dist: 2.2776 train_imax: -0.0000 train_imin: -1.0187 time: 0.9917s
INFO:root:Epoch: 0175 lr: 0.01 train_loss: 44234.9141 train_distortion: 0.9036 train_mapscore: 0.1311 train_c: -1.0193 train_max_dist: 2.2815 train_imax: -0.0000 train_imin: -1.0193 time: 1.0224s
INFO:root:Epoch: 0180 lr: 0.01 train_loss: 44224.5117 train_distortion: 0.9036 train_mapscore: 0.1315 train_c: -1.0198 train_max_dist: 2.2830 train_imax: -0.0000 train_imin: -1.0198 time: 0.9959s
INFO:root:Epoch: 0185 lr: 0.01 train_loss: 44214.4531 train_distortion: 0.9035 train_mapscore: 0.1309 train_c: -1.0204 train_max_dist: 2.2905 train_imax: -0.0000 train_imin: -1.0204 time: 0.9900s
INFO:root:Epoch: 0190 lr: 0.01 train_loss: 44204.1328 train_distortion: 0.9035 train_mapscore: 0.1310 train_c: -1.0209 train_max_dist: 2.2877 train_imax: -0.0000 train_imin: -1.0209 time: 0.9797s
INFO:root:Epoch: 0195 lr: 0.01 train_loss: 44194.4531 train_distortion: 0.9035 train_mapscore: 0.1285 train_c: -1.0214 train_max_dist: 2.2913 train_imax: -0.0000 train_imin: -1.0214 time: 0.9886s
INFO:root:Epoch: 0200 lr: 0.01 train_loss: 44185.1562 train_distortion: 0.9034 train_mapscore: 0.1281 train_c: -1.0220 train_max_dist: 2.2962 train_imax: -0.0000 train_imin: -1.0220 time: 0.9904s
INFO:root:Epoch: 0205 lr: 0.01 train_loss: 44176.3320 train_distortion: 0.9034 train_mapscore: 0.1277 train_c: -1.0225 train_max_dist: 2.2968 train_imax: -0.0000 train_imin: -1.0225 time: 0.9754s
INFO:root:Epoch: 0210 lr: 0.01 train_loss: 44167.5195 train_distortion: 0.9034 train_mapscore: 0.1245 train_c: -1.0230 train_max_dist: 2.2964 train_imax: -0.0000 train_imin: -1.0230 time: 0.9922s
INFO:root:Epoch: 0215 lr: 0.01 train_loss: 44159.3828 train_distortion: 0.9034 train_mapscore: 0.1253 train_c: -1.0236 train_max_dist: 2.2997 train_imax: -0.0000 train_imin: -1.0236 time: 1.0235s
INFO:root:Epoch: 0220 lr: 0.01 train_loss: 44150.2812 train_distortion: 0.9034 train_mapscore: 0.1249 train_c: -1.0241 train_max_dist: 2.3006 train_imax: -0.0000 train_imin: -1.0241 time: 0.9816s
INFO:root:Epoch: 0225 lr: 0.01 train_loss: 44142.2344 train_distortion: 0.9034 train_mapscore: 0.1253 train_c: -1.0246 train_max_dist: 2.3004 train_imax: -0.0000 train_imin: -1.0246 time: 0.9936s
INFO:root:Epoch: 0230 lr: 0.01 train_loss: 44134.9609 train_distortion: 0.9034 train_mapscore: 0.1278 train_c: -1.0251 train_max_dist: 2.3038 train_imax: -0.0000 train_imin: -1.0251 time: 1.0224s
INFO:root:Epoch: 0235 lr: 0.01 train_loss: 44127.0547 train_distortion: 0.9034 train_mapscore: 0.1263 train_c: -1.0257 train_max_dist: 2.3085 train_imax: -0.0000 train_imin: -1.0257 time: 0.9908s
INFO:root:Epoch: 0240 lr: 0.01 train_loss: 44119.8516 train_distortion: 0.9034 train_mapscore: 0.1279 train_c: -1.0262 train_max_dist: 2.3145 train_imax: -0.0000 train_imin: -1.0262 time: 1.0004s
INFO:root:Epoch: 0245 lr: 0.01 train_loss: 44112.3086 train_distortion: 0.9034 train_mapscore: 0.1260 train_c: -1.0267 train_max_dist: 2.3174 train_imax: -0.0000 train_imin: -1.0267 time: 0.9815s
INFO:root:Epoch: 0250 lr: 0.01 train_loss: 44106.2188 train_distortion: 0.9034 train_mapscore: 0.1283 train_c: -1.0272 train_max_dist: 2.3170 train_imax: -0.0000 train_imin: -1.0272 time: 1.0028s
INFO:root:Epoch: 0255 lr: 0.01 train_loss: 44097.0469 train_distortion: 0.9034 train_mapscore: 0.1277 train_c: -1.0278 train_max_dist: 2.3208 train_imax: -0.0000 train_imin: -1.0278 time: 0.9976s
INFO:root:Epoch: 0260 lr: 0.01 train_loss: 44090.0898 train_distortion: 0.9034 train_mapscore: 0.1287 train_c: -1.0283 train_max_dist: 2.3254 train_imax: -0.0000 train_imin: -1.0283 time: 1.0037s
INFO:root:Epoch: 0265 lr: 0.01 train_loss: 44081.9375 train_distortion: 0.9034 train_mapscore: 0.1281 train_c: -1.0288 train_max_dist: 2.3269 train_imax: -0.0000 train_imin: -1.0288 time: 0.9817s
INFO:root:Epoch: 0270 lr: 0.01 train_loss: 44075.6172 train_distortion: 0.9034 train_mapscore: 0.1256 train_c: -1.0293 train_max_dist: 2.3302 train_imax: -0.0000 train_imin: -1.0293 time: 0.9923s
INFO:root:Epoch: 0275 lr: 0.01 train_loss: 44067.3594 train_distortion: 0.9034 train_mapscore: 0.1234 train_c: -1.0299 train_max_dist: 2.3306 train_imax: -0.0000 train_imin: -1.0299 time: 1.0043s
INFO:root:Epoch: 0280 lr: 0.01 train_loss: 44060.2656 train_distortion: 0.9034 train_mapscore: 0.1249 train_c: -1.0304 train_max_dist: 2.3274 train_imax: -0.0000 train_imin: -1.0304 time: 1.0266s
INFO:root:Epoch: 0285 lr: 0.01 train_loss: 44051.8789 train_distortion: 0.9034 train_mapscore: 0.1210 train_c: -1.0309 train_max_dist: 2.3384 train_imax: -0.0000 train_imin: -1.0309 time: 0.9981s
INFO:root:Epoch: 0290 lr: 0.01 train_loss: 44044.3594 train_distortion: 0.9034 train_mapscore: 0.1196 train_c: -1.0314 train_max_dist: 2.3435 train_imax: -0.0000 train_imin: -1.0314 time: 1.0117s
INFO:root:Epoch: 0295 lr: 0.01 train_loss: 44037.6875 train_distortion: 0.9034 train_mapscore: 0.1199 train_c: -1.0319 train_max_dist: 2.3445 train_imax: -0.0000 train_imin: -1.0319 time: 1.0049s
INFO:root:Epoch: 0300 lr: 0.01 train_loss: 44029.2031 train_distortion: 0.9033 train_mapscore: 0.1199 train_c: -1.0324 train_max_dist: 2.3412 train_imax: -0.0000 train_imin: -1.0324 time: 0.9882s
INFO:root:Epoch: 0305 lr: 0.01 train_loss: 44022.3359 train_distortion: 0.9033 train_mapscore: 0.1197 train_c: -1.0330 train_max_dist: 2.3419 train_imax: -0.0000 train_imin: -1.0330 time: 0.9829s
INFO:root:Epoch: 0310 lr: 0.01 train_loss: 44015.1719 train_distortion: 0.9033 train_mapscore: 0.1185 train_c: -1.0335 train_max_dist: 2.3396 train_imax: -0.0000 train_imin: -1.0335 time: 1.0006s
INFO:root:Epoch: 0315 lr: 0.01 train_loss: 44008.0391 train_distortion: 0.9033 train_mapscore: 0.1183 train_c: -1.0340 train_max_dist: 2.3349 train_imax: -0.0000 train_imin: -1.0340 time: 1.0064s
INFO:root:Epoch: 0320 lr: 0.01 train_loss: 44003.1094 train_distortion: 0.9033 train_mapscore: 0.1198 train_c: -1.0345 train_max_dist: 2.3404 train_imax: -0.0000 train_imin: -1.0345 time: 1.0165s
INFO:root:Epoch: 0325 lr: 0.01 train_loss: 43996.0898 train_distortion: 0.9033 train_mapscore: 0.1178 train_c: -1.0350 train_max_dist: 2.3396 train_imax: -0.0000 train_imin: -1.0350 time: 0.9907s
INFO:root:Epoch: 0330 lr: 0.01 train_loss: 43990.8242 train_distortion: 0.9033 train_mapscore: 0.1193 train_c: -1.0355 train_max_dist: 2.3398 train_imax: -0.0000 train_imin: -1.0355 time: 1.0046s
INFO:root:Epoch: 0335 lr: 0.01 train_loss: 43984.2656 train_distortion: 0.9032 train_mapscore: 0.1178 train_c: -1.0360 train_max_dist: 2.3386 train_imax: -0.0000 train_imin: -1.0360 time: 0.9935s
INFO:root:Epoch: 0340 lr: 0.01 train_loss: 43978.3203 train_distortion: 0.9032 train_mapscore: 0.1201 train_c: -1.0365 train_max_dist: 2.3360 train_imax: -0.0000 train_imin: -1.0365 time: 0.9907s
INFO:root:Epoch: 0345 lr: 0.01 train_loss: 43971.7891 train_distortion: 0.9032 train_mapscore: 0.1164 train_c: -1.0370 train_max_dist: 2.3367 train_imax: -0.0000 train_imin: -1.0370 time: 1.0513s
INFO:root:Epoch: 0350 lr: 0.01 train_loss: 43966.1484 train_distortion: 0.9032 train_mapscore: 0.1185 train_c: -1.0376 train_max_dist: 2.3348 train_imax: -0.0000 train_imin: -1.0376 time: 0.9996s
INFO:root:Epoch: 0355 lr: 0.01 train_loss: 43960.2812 train_distortion: 0.9031 train_mapscore: 0.1160 train_c: -1.0381 train_max_dist: 2.3340 train_imax: -0.0000 train_imin: -1.0381 time: 0.9998s
INFO:root:Epoch: 0360 lr: 0.01 train_loss: 43953.7109 train_distortion: 0.9031 train_mapscore: 0.1161 train_c: -1.0386 train_max_dist: 2.3278 train_imax: -0.0000 train_imin: -1.0386 time: 1.0044s
INFO:root:Epoch: 0365 lr: 0.01 train_loss: 43946.8477 train_distortion: 0.9031 train_mapscore: 0.1150 train_c: -1.0391 train_max_dist: 2.3337 train_imax: -0.0000 train_imin: -1.0391 time: 1.0158s
INFO:root:Epoch: 0370 lr: 0.01 train_loss: 43941.8594 train_distortion: 0.9031 train_mapscore: 0.1174 train_c: -1.0396 train_max_dist: 2.3375 train_imax: -0.0000 train_imin: -1.0396 time: 1.0080s
INFO:root:Epoch: 0375 lr: 0.01 train_loss: 43934.4062 train_distortion: 0.9030 train_mapscore: 0.1156 train_c: -1.0401 train_max_dist: 2.3413 train_imax: -0.0000 train_imin: -1.0401 time: 1.0040s
INFO:root:Epoch: 0380 lr: 0.01 train_loss: 43929.0820 train_distortion: 0.9030 train_mapscore: 0.1161 train_c: -1.0406 train_max_dist: 2.3383 train_imax: -0.0000 train_imin: -1.0406 time: 1.0093s
INFO:root:Epoch: 0385 lr: 0.01 train_loss: 43921.6016 train_distortion: 0.9029 train_mapscore: 0.1128 train_c: -1.0411 train_max_dist: 2.3377 train_imax: -0.0000 train_imin: -1.0411 time: 1.0120s
INFO:root:Epoch: 0390 lr: 0.01 train_loss: 43915.8438 train_distortion: 0.9029 train_mapscore: 0.1149 train_c: -1.0416 train_max_dist: 2.3412 train_imax: -0.0000 train_imin: -1.0416 time: 1.0561s
INFO:root:Epoch: 0395 lr: 0.01 train_loss: 43908.9844 train_distortion: 0.9029 train_mapscore: 0.1137 train_c: -1.0421 train_max_dist: 2.3392 train_imax: -0.0000 train_imin: -1.0421 time: 1.0046s
INFO:root:Epoch: 0400 lr: 0.01 train_loss: 43903.4375 train_distortion: 0.9028 train_mapscore: 0.1129 train_c: -1.0426 train_max_dist: 2.3442 train_imax: -0.0000 train_imin: -1.0426 time: 1.0100s
INFO:root:Epoch: 0405 lr: 0.01 train_loss: 43899.5352 train_distortion: 0.9028 train_mapscore: 0.1144 train_c: -1.0431 train_max_dist: 2.3445 train_imax: -0.0000 train_imin: -1.0431 time: 1.0026s
INFO:root:Epoch: 0410 lr: 0.01 train_loss: 43894.0234 train_distortion: 0.9028 train_mapscore: 0.1148 train_c: -1.0436 train_max_dist: 2.3449 train_imax: -0.0000 train_imin: -1.0436 time: 1.0342s
INFO:root:Epoch: 0415 lr: 0.01 train_loss: 43889.3750 train_distortion: 0.9028 train_mapscore: 0.1126 train_c: -1.0441 train_max_dist: 2.3467 train_imax: -0.0000 train_imin: -1.0441 time: 1.0022s
INFO:root:Epoch: 0420 lr: 0.01 train_loss: 43884.9922 train_distortion: 0.9028 train_mapscore: 0.1100 train_c: -1.0446 train_max_dist: 2.3472 train_imax: -0.0000 train_imin: -1.0446 time: 0.9994s
INFO:root:Epoch: 0425 lr: 0.01 train_loss: 43880.9062 train_distortion: 0.9028 train_mapscore: 0.1111 train_c: -1.0451 train_max_dist: 2.3437 train_imax: -0.0000 train_imin: -1.0451 time: 1.0193s
INFO:root:Epoch: 0430 lr: 0.01 train_loss: 43876.4844 train_distortion: 0.9027 train_mapscore: 0.1106 train_c: -1.0456 train_max_dist: 2.3430 train_imax: -0.0000 train_imin: -1.0456 time: 1.0138s
INFO:root:Epoch: 0435 lr: 0.01 train_loss: 43872.1406 train_distortion: 0.9027 train_mapscore: 0.1107 train_c: -1.0461 train_max_dist: 2.3486 train_imax: -0.0000 train_imin: -1.0461 time: 1.0104s
INFO:root:Epoch: 0440 lr: 0.01 train_loss: 43868.1094 train_distortion: 0.9027 train_mapscore: 0.1088 train_c: -1.0466 train_max_dist: 2.3503 train_imax: -0.0000 train_imin: -1.0466 time: 1.0149s
INFO:root:Epoch: 0445 lr: 0.01 train_loss: 43864.4375 train_distortion: 0.9027 train_mapscore: 0.1068 train_c: -1.0471 train_max_dist: 2.3552 train_imax: -0.0000 train_imin: -1.0471 time: 1.0181s
INFO:root:Epoch: 0450 lr: 0.01 train_loss: 43863.2852 train_distortion: 0.9028 train_mapscore: 0.1095 train_c: -1.0475 train_max_dist: 2.3483 train_imax: -0.0000 train_imin: -1.0475 time: 1.0037s
INFO:root:Epoch: 0455 lr: 0.01 train_loss: 43857.2930 train_distortion: 0.9027 train_mapscore: 0.1047 train_c: -1.0480 train_max_dist: 2.3531 train_imax: -0.0000 train_imin: -1.0480 time: 0.9978s
INFO:root:Epoch: 0460 lr: 0.01 train_loss: 43853.5312 train_distortion: 0.9027 train_mapscore: 0.1030 train_c: -1.0485 train_max_dist: 2.3496 train_imax: -0.0000 train_imin: -1.0485 time: 1.0160s
INFO:root:Epoch: 0465 lr: 0.01 train_loss: 43850.0938 train_distortion: 0.9027 train_mapscore: 0.1053 train_c: -1.0490 train_max_dist: 2.3519 train_imax: -0.0000 train_imin: -1.0490 time: 1.0136s
INFO:root:Epoch: 0470 lr: 0.01 train_loss: 43847.0312 train_distortion: 0.9027 train_mapscore: 0.1036 train_c: -1.0495 train_max_dist: 2.3523 train_imax: -0.0000 train_imin: -1.0495 time: 1.0202s
INFO:root:Epoch: 0475 lr: 0.01 train_loss: 43844.3906 train_distortion: 0.9027 train_mapscore: 0.1054 train_c: -1.0500 train_max_dist: 2.3575 train_imax: -0.0000 train_imin: -1.0500 time: 1.0426s
INFO:root:Epoch: 0480 lr: 0.01 train_loss: 43841.5703 train_distortion: 0.9027 train_mapscore: 0.1023 train_c: -1.0505 train_max_dist: 2.3536 train_imax: -0.0000 train_imin: -1.0505 time: 1.0152s
INFO:root:Epoch: 0485 lr: 0.01 train_loss: 43840.9219 train_distortion: 0.9027 train_mapscore: 0.1069 train_c: -1.0510 train_max_dist: 2.3582 train_imax: -0.0000 train_imin: -1.0510 time: 1.0103s
INFO:root:Epoch: 0490 lr: 0.01 train_loss: 43837.2734 train_distortion: 0.9027 train_mapscore: 0.1047 train_c: -1.0515 train_max_dist: 2.3556 train_imax: -0.0000 train_imin: -1.0515 time: 1.0127s
INFO:root:Epoch: 0495 lr: 0.01 train_loss: 43834.7930 train_distortion: 0.9027 train_mapscore: 0.1048 train_c: -1.0520 train_max_dist: 2.3576 train_imax: -0.0000 train_imin: -1.0520 time: 1.0133s
INFO:root:Epoch: 0500 lr: 0.01 train_loss: 43832.1250 train_distortion: 0.9027 train_mapscore: 0.1043 train_c: -1.0525 train_max_dist: 2.3571 train_imax: -0.0000 train_imin: -1.0525 time: 1.0257s
INFO:root:Epoch: 0505 lr: 0.01 train_loss: 43830.0781 train_distortion: 0.9027 train_mapscore: 0.1055 train_c: -1.0530 train_max_dist: 2.3595 train_imax: -0.0000 train_imin: -1.0530 time: 1.0194s
INFO:root:Epoch: 0510 lr: 0.01 train_loss: 43827.4531 train_distortion: 0.9027 train_mapscore: 0.1017 train_c: -1.0534 train_max_dist: 2.3583 train_imax: -0.0000 train_imin: -1.0534 time: 1.0206s
INFO:root:Epoch: 0515 lr: 0.01 train_loss: 43826.0820 train_distortion: 0.9027 train_mapscore: 0.1046 train_c: -1.0539 train_max_dist: 2.3595 train_imax: -0.0000 train_imin: -1.0539 time: 1.0034s
INFO:root:Epoch: 0520 lr: 0.01 train_loss: 43822.8828 train_distortion: 0.9027 train_mapscore: 0.1026 train_c: -1.0544 train_max_dist: 2.3616 train_imax: -0.0000 train_imin: -1.0544 time: 1.0209s
INFO:root:Epoch: 0525 lr: 0.01 train_loss: 43820.5625 train_distortion: 0.9026 train_mapscore: 0.1019 train_c: -1.0549 train_max_dist: 2.3564 train_imax: -0.0000 train_imin: -1.0549 time: 1.0252s
INFO:root:Epoch: 0530 lr: 0.01 train_loss: 43817.9219 train_distortion: 0.9026 train_mapscore: 0.0992 train_c: -1.0554 train_max_dist: 2.3613 train_imax: -0.0000 train_imin: -1.0554 time: 1.0214s
INFO:root:Epoch: 0535 lr: 0.01 train_loss: 43816.0703 train_distortion: 0.9026 train_mapscore: 0.1011 train_c: -1.0559 train_max_dist: 2.3597 train_imax: -0.0000 train_imin: -1.0559 time: 1.0178s
INFO:root:Epoch: 0540 lr: 0.01 train_loss: 43814.2109 train_distortion: 0.9026 train_mapscore: 0.0990 train_c: -1.0564 train_max_dist: 2.3595 train_imax: -0.0000 train_imin: -1.0564 time: 1.0491s
INFO:root:Epoch: 0545 lr: 0.01 train_loss: 43813.4375 train_distortion: 0.9026 train_mapscore: 0.1025 train_c: -1.0569 train_max_dist: 2.3624 train_imax: -0.0000 train_imin: -1.0569 time: 1.0243s
INFO:root:Epoch: 0550 lr: 0.01 train_loss: 43810.6055 train_distortion: 0.9026 train_mapscore: 0.0995 train_c: -1.0574 train_max_dist: 2.3608 train_imax: -0.0000 train_imin: -1.0574 time: 1.0259s
INFO:root:Epoch: 0555 lr: 0.01 train_loss: 43808.8711 train_distortion: 0.9026 train_mapscore: 0.1012 train_c: -1.0578 train_max_dist: 2.3642 train_imax: -0.0000 train_imin: -1.0578 time: 1.0110s
INFO:root:Epoch: 0560 lr: 0.01 train_loss: 43807.5078 train_distortion: 0.9026 train_mapscore: 0.1057 train_c: -1.0583 train_max_dist: 2.3611 train_imax: -0.0000 train_imin: -1.0583 time: 1.0133s
INFO:root:Epoch: 0565 lr: 0.01 train_loss: 43806.3047 train_distortion: 0.9026 train_mapscore: 0.1025 train_c: -1.0588 train_max_dist: 2.3648 train_imax: -0.0000 train_imin: -1.0588 time: 1.0003s
INFO:root:Epoch: 0570 lr: 0.01 train_loss: 43803.7812 train_distortion: 0.9026 train_mapscore: 0.1027 train_c: -1.0593 train_max_dist: 2.3631 train_imax: -0.0000 train_imin: -1.0593 time: 1.0098s
INFO:root:Epoch: 0575 lr: 0.01 train_loss: 43802.2070 train_distortion: 0.9026 train_mapscore: 0.1025 train_c: -1.0598 train_max_dist: 2.3581 train_imax: -0.0000 train_imin: -1.0598 time: 1.0199s
INFO:root:Epoch: 0580 lr: 0.01 train_loss: 43800.4141 train_distortion: 0.9026 train_mapscore: 0.1009 train_c: -1.0603 train_max_dist: 2.3637 train_imax: -0.0000 train_imin: -1.0603 time: 1.0183s
INFO:root:Epoch: 0585 lr: 0.01 train_loss: 43798.4766 train_distortion: 0.9026 train_mapscore: 0.1027 train_c: -1.0608 train_max_dist: 2.3670 train_imax: -0.0000 train_imin: -1.0608 time: 1.0205s
INFO:root:Epoch: 0590 lr: 0.01 train_loss: 43797.3125 train_distortion: 0.9026 train_mapscore: 0.1018 train_c: -1.0612 train_max_dist: 2.3651 train_imax: -0.0000 train_imin: -1.0612 time: 1.0040s
INFO:root:Epoch: 0595 lr: 0.01 train_loss: 43795.1523 train_distortion: 0.9026 train_mapscore: 0.1036 train_c: -1.0617 train_max_dist: 2.3662 train_imax: -0.0000 train_imin: -1.0617 time: 1.0205s
INFO:root:Epoch: 0600 lr: 0.01 train_loss: 43793.4453 train_distortion: 0.9026 train_mapscore: 0.1072 train_c: -1.0622 train_max_dist: 2.3686 train_imax: -0.0000 train_imin: -1.0622 time: 1.0235s
INFO:root:Epoch: 0605 lr: 0.01 train_loss: 43791.4688 train_distortion: 0.9026 train_mapscore: 0.1044 train_c: -1.0627 train_max_dist: 2.3677 train_imax: -0.0000 train_imin: -1.0627 time: 1.0347s
INFO:root:Epoch: 0610 lr: 0.01 train_loss: 43789.5312 train_distortion: 0.9026 train_mapscore: 0.1043 train_c: -1.0632 train_max_dist: 2.3684 train_imax: -0.0000 train_imin: -1.0632 time: 1.0118s
INFO:root:Epoch: 0615 lr: 0.01 train_loss: 43788.6484 train_distortion: 0.9026 train_mapscore: 0.1019 train_c: -1.0637 train_max_dist: 2.3661 train_imax: -0.0000 train_imin: -1.0637 time: 1.0042s
INFO:root:Epoch: 0620 lr: 0.01 train_loss: 43787.1719 train_distortion: 0.9026 train_mapscore: 0.1052 train_c: -1.0642 train_max_dist: 2.3555 train_imax: -0.0000 train_imin: -1.0642 time: 1.0126s
INFO:root:Epoch: 0625 lr: 0.01 train_loss: 43785.9102 train_distortion: 0.9026 train_mapscore: 0.1052 train_c: -1.0646 train_max_dist: 2.3660 train_imax: -0.0000 train_imin: -1.0646 time: 1.0059s
INFO:root:Epoch: 0630 lr: 0.01 train_loss: 43783.6992 train_distortion: 0.9025 train_mapscore: 0.1033 train_c: -1.0651 train_max_dist: 2.3672 train_imax: -0.0000 train_imin: -1.0651 time: 1.0209s
INFO:root:Epoch: 0635 lr: 0.01 train_loss: 43782.1562 train_distortion: 0.9025 train_mapscore: 0.1054 train_c: -1.0656 train_max_dist: 2.3687 train_imax: -0.0000 train_imin: -1.0656 time: 1.0169s
INFO:root:Epoch: 0640 lr: 0.01 train_loss: 43780.2578 train_distortion: 0.9025 train_mapscore: 0.1032 train_c: -1.0661 train_max_dist: 2.3686 train_imax: -0.0000 train_imin: -1.0661 time: 1.0179s
INFO:root:Epoch: 0645 lr: 0.01 train_loss: 43779.0234 train_distortion: 0.9025 train_mapscore: 0.1027 train_c: -1.0666 train_max_dist: 2.3674 train_imax: -0.0000 train_imin: -1.0666 time: 1.0115s
INFO:root:Epoch: 0650 lr: 0.01 train_loss: 43777.4961 train_distortion: 0.9025 train_mapscore: 0.1023 train_c: -1.0671 train_max_dist: 2.3650 train_imax: -0.0000 train_imin: -1.0671 time: 1.0151s
INFO:root:Epoch: 0655 lr: 0.01 train_loss: 43775.9102 train_distortion: 0.9025 train_mapscore: 0.1047 train_c: -1.0675 train_max_dist: 2.3681 train_imax: -0.0000 train_imin: -1.0675 time: 1.0072s
INFO:root:Epoch: 0660 lr: 0.01 train_loss: 43773.6719 train_distortion: 0.9025 train_mapscore: 0.1029 train_c: -1.0680 train_max_dist: 2.3632 train_imax: -0.0000 train_imin: -1.0680 time: 1.0190s
INFO:root:Epoch: 0665 lr: 0.01 train_loss: 43772.1641 train_distortion: 0.9025 train_mapscore: 0.1037 train_c: -1.0685 train_max_dist: 2.3627 train_imax: -0.0000 train_imin: -1.0685 time: 1.0087s
INFO:root:Epoch: 0670 lr: 0.01 train_loss: 43771.0117 train_distortion: 0.9025 train_mapscore: 0.1038 train_c: -1.0690 train_max_dist: 2.3629 train_imax: -0.0000 train_imin: -1.0690 time: 1.0418s
INFO:root:Epoch: 0675 lr: 0.01 train_loss: 43769.5312 train_distortion: 0.9025 train_mapscore: 0.1010 train_c: -1.0695 train_max_dist: 2.3638 train_imax: -0.0000 train_imin: -1.0695 time: 1.0155s
INFO:root:Epoch: 0680 lr: 0.01 train_loss: 43768.1562 train_distortion: 0.9025 train_mapscore: 0.1009 train_c: -1.0699 train_max_dist: 2.3627 train_imax: -0.0000 train_imin: -1.0699 time: 1.0173s
INFO:root:Epoch: 0685 lr: 0.01 train_loss: 43766.8750 train_distortion: 0.9025 train_mapscore: 0.1000 train_c: -1.0704 train_max_dist: 2.3653 train_imax: -0.0000 train_imin: -1.0704 time: 1.0171s
INFO:root:Epoch: 0690 lr: 0.01 train_loss: 43764.9297 train_distortion: 0.9025 train_mapscore: 0.1012 train_c: -1.0709 train_max_dist: 2.3699 train_imax: -0.0000 train_imin: -1.0709 time: 1.0087s
INFO:root:Epoch: 0695 lr: 0.01 train_loss: 43763.9297 train_distortion: 0.9025 train_mapscore: 0.1013 train_c: -1.0714 train_max_dist: 2.3702 train_imax: -0.0000 train_imin: -1.0714 time: 1.0108s
INFO:root:Epoch: 0700 lr: 0.01 train_loss: 43762.0938 train_distortion: 0.9024 train_mapscore: 0.0987 train_c: -1.0719 train_max_dist: 2.3689 train_imax: -0.0000 train_imin: -1.0719 time: 1.0099s
INFO:root:Epoch: 0705 lr: 0.01 train_loss: 43761.4844 train_distortion: 0.9024 train_mapscore: 0.1051 train_c: -1.0724 train_max_dist: 2.3701 train_imax: -0.0000 train_imin: -1.0724 time: 1.0214s
INFO:root:Epoch: 0710 lr: 0.01 train_loss: 43759.1328 train_distortion: 0.9024 train_mapscore: 0.0994 train_c: -1.0728 train_max_dist: 2.3702 train_imax: -0.0000 train_imin: -1.0728 time: 1.0412s
INFO:root:Epoch: 0715 lr: 0.01 train_loss: 43758.7188 train_distortion: 0.9024 train_mapscore: 0.1034 train_c: -1.0733 train_max_dist: 2.3696 train_imax: -0.0000 train_imin: -1.0733 time: 1.0256s
INFO:root:Epoch: 0720 lr: 0.01 train_loss: 43756.6133 train_distortion: 0.9024 train_mapscore: 0.1010 train_c: -1.0738 train_max_dist: 2.3709 train_imax: -0.0000 train_imin: -1.0738 time: 1.0035s
INFO:root:Epoch: 0725 lr: 0.01 train_loss: 43756.1602 train_distortion: 0.9024 train_mapscore: 0.1039 train_c: -1.0743 train_max_dist: 2.3752 train_imax: -0.0000 train_imin: -1.0743 time: 1.0226s
INFO:root:Epoch: 0730 lr: 0.01 train_loss: 43753.9727 train_distortion: 0.9024 train_mapscore: 0.0985 train_c: -1.0747 train_max_dist: 2.3778 train_imax: -0.0000 train_imin: -1.0747 time: 1.0099s
INFO:root:Epoch: 0735 lr: 0.01 train_loss: 43753.6875 train_distortion: 0.9024 train_mapscore: 0.1047 train_c: -1.0752 train_max_dist: 2.3807 train_imax: -0.0000 train_imin: -1.0752 time: 1.0648s
INFO:root:Epoch: 0740 lr: 0.01 train_loss: 43751.7969 train_distortion: 0.9024 train_mapscore: 0.1005 train_c: -1.0757 train_max_dist: 2.3792 train_imax: -0.0000 train_imin: -1.0757 time: 1.0138s
INFO:root:Epoch: 0745 lr: 0.01 train_loss: 43750.5273 train_distortion: 0.9024 train_mapscore: 0.1034 train_c: -1.0762 train_max_dist: 2.3821 train_imax: -0.0000 train_imin: -1.0762 time: 1.0298s
INFO:root:Epoch: 0750 lr: 0.01 train_loss: 43749.1328 train_distortion: 0.9024 train_mapscore: 0.1008 train_c: -1.0767 train_max_dist: 2.3828 train_imax: -0.0000 train_imin: -1.0767 time: 1.0232s
INFO:root:Epoch: 0755 lr: 0.01 train_loss: 43746.8477 train_distortion: 0.9024 train_mapscore: 0.0999 train_c: -1.0771 train_max_dist: 2.3854 train_imax: -0.0000 train_imin: -1.0771 time: 1.0159s
INFO:root:Epoch: 0760 lr: 0.01 train_loss: 43746.6016 train_distortion: 0.9024 train_mapscore: 0.1021 train_c: -1.0776 train_max_dist: 2.3876 train_imax: -0.0000 train_imin: -1.0776 time: 1.0098s
INFO:root:Epoch: 0765 lr: 0.01 train_loss: 43744.3203 train_distortion: 0.9024 train_mapscore: 0.1006 train_c: -1.0781 train_max_dist: 2.3865 train_imax: -0.0000 train_imin: -1.0781 time: 1.0290s
INFO:root:Epoch: 0770 lr: 0.01 train_loss: 43742.9062 train_distortion: 0.9024 train_mapscore: 0.1043 train_c: -1.0786 train_max_dist: 2.3883 train_imax: -0.0000 train_imin: -1.0786 time: 1.0007s
INFO:root:Epoch: 0775 lr: 0.01 train_loss: 43742.1914 train_distortion: 0.9024 train_mapscore: 0.0980 train_c: -1.0790 train_max_dist: 2.3877 train_imax: -0.0000 train_imin: -1.0790 time: 1.0004s
INFO:root:Epoch: 0780 lr: 0.01 train_loss: 43740.8594 train_distortion: 0.9024 train_mapscore: 0.1002 train_c: -1.0795 train_max_dist: 2.3906 train_imax: -0.0000 train_imin: -1.0795 time: 1.0265s
INFO:root:Epoch: 0785 lr: 0.01 train_loss: 43739.0586 train_distortion: 0.9023 train_mapscore: 0.1002 train_c: -1.0800 train_max_dist: 2.3912 train_imax: -0.0000 train_imin: -1.0800 time: 1.0367s
INFO:root:Epoch: 0790 lr: 0.01 train_loss: 43738.4844 train_distortion: 0.9024 train_mapscore: 0.1021 train_c: -1.0805 train_max_dist: 2.3929 train_imax: -0.0000 train_imin: -1.0805 time: 1.0324s
INFO:root:Epoch: 0795 lr: 0.01 train_loss: 43736.1914 train_distortion: 0.9023 train_mapscore: 0.1006 train_c: -1.0809 train_max_dist: 2.3940 train_imax: -0.0000 train_imin: -1.0809 time: 1.0188s
INFO:root:Epoch: 0800 lr: 0.01 train_loss: 43735.9766 train_distortion: 0.9023 train_mapscore: 0.1032 train_c: -1.0814 train_max_dist: 2.4013 train_imax: -0.0000 train_imin: -1.0814 time: 1.0552s
INFO:root:Epoch: 0805 lr: 0.01 train_loss: 43734.5156 train_distortion: 0.9023 train_mapscore: 0.0993 train_c: -1.0819 train_max_dist: 2.4024 train_imax: -0.0000 train_imin: -1.0819 time: 1.0229s
INFO:root:Epoch: 0810 lr: 0.01 train_loss: 43733.8672 train_distortion: 0.9023 train_mapscore: 0.1028 train_c: -1.0824 train_max_dist: 2.4063 train_imax: -0.0000 train_imin: -1.0824 time: 1.0145s
INFO:root:Epoch: 0815 lr: 0.01 train_loss: 43731.8477 train_distortion: 0.9023 train_mapscore: 0.1011 train_c: -1.0829 train_max_dist: 2.4230 train_imax: -0.0000 train_imin: -1.0828 time: 1.0120s
INFO:root:Epoch: 0820 lr: 0.01 train_loss: 43730.3242 train_distortion: 0.9023 train_mapscore: 0.0994 train_c: -1.0833 train_max_dist: 2.4190 train_imax: -0.0000 train_imin: -1.0833 time: 1.0190s
INFO:root:Epoch: 0825 lr: 0.01 train_loss: 43729.8828 train_distortion: 0.9023 train_mapscore: 0.1053 train_c: -1.0838 train_max_dist: 2.4185 train_imax: -0.0000 train_imin: -1.0838 time: 1.0263s
INFO:root:Epoch: 0830 lr: 0.01 train_loss: 43727.6406 train_distortion: 0.9023 train_mapscore: 0.1029 train_c: -1.0843 train_max_dist: 2.4273 train_imax: -0.0000 train_imin: -1.0843 time: 1.0099s
INFO:root:Epoch: 0835 lr: 0.01 train_loss: 43725.7227 train_distortion: 0.9023 train_mapscore: 0.1037 train_c: -1.0847 train_max_dist: 2.4229 train_imax: -0.0000 train_imin: -1.0847 time: 1.0196s
INFO:root:Epoch: 0840 lr: 0.01 train_loss: 43724.3672 train_distortion: 0.9023 train_mapscore: 0.1036 train_c: -1.0852 train_max_dist: 2.4269 train_imax: -0.0000 train_imin: -1.0852 time: 1.0197s
INFO:root:Epoch: 0845 lr: 0.01 train_loss: 43723.1797 train_distortion: 0.9023 train_mapscore: 0.1023 train_c: -1.0857 train_max_dist: 2.4274 train_imax: -0.0000 train_imin: -1.0857 time: 1.0067s
INFO:root:Epoch: 0850 lr: 0.01 train_loss: 43721.4453 train_distortion: 0.9023 train_mapscore: 0.1021 train_c: -1.0862 train_max_dist: 2.4291 train_imax: -0.0000 train_imin: -1.0862 time: 1.0179s
INFO:root:Epoch: 0855 lr: 0.01 train_loss: 43719.4609 train_distortion: 0.9023 train_mapscore: 0.1030 train_c: -1.0866 train_max_dist: 2.4293 train_imax: -0.0000 train_imin: -1.0866 time: 1.0146s
INFO:root:Epoch: 0860 lr: 0.01 train_loss: 43718.0859 train_distortion: 0.9023 train_mapscore: 0.1007 train_c: -1.0871 train_max_dist: 2.4299 train_imax: -0.0000 train_imin: -1.0871 time: 1.0408s
INFO:root:Epoch: 0865 lr: 0.01 train_loss: 43718.2461 train_distortion: 0.9023 train_mapscore: 0.1054 train_c: -1.0876 train_max_dist: 2.4313 train_imax: -0.0000 train_imin: -1.0876 time: 1.0429s
INFO:root:Epoch: 0870 lr: 0.01 train_loss: 43716.2188 train_distortion: 0.9023 train_mapscore: 0.1016 train_c: -1.0881 train_max_dist: 2.4311 train_imax: -0.0000 train_imin: -1.0881 time: 1.0094s
INFO:root:Epoch: 0875 lr: 0.01 train_loss: 43714.5000 train_distortion: 0.9023 train_mapscore: 0.1040 train_c: -1.0885 train_max_dist: 2.4318 train_imax: -0.0000 train_imin: -1.0885 time: 1.0171s
INFO:root:Epoch: 0880 lr: 0.01 train_loss: 43712.7695 train_distortion: 0.9023 train_mapscore: 0.1038 train_c: -1.0890 train_max_dist: 2.4322 train_imax: -0.0000 train_imin: -1.0890 time: 1.0056s
INFO:root:Epoch: 0885 lr: 0.01 train_loss: 43712.7617 train_distortion: 0.9023 train_mapscore: 0.1004 train_c: -1.0895 train_max_dist: 2.4326 train_imax: -0.0000 train_imin: -1.0895 time: 1.0173s
INFO:root:Epoch: 0890 lr: 0.01 train_loss: 43710.3125 train_distortion: 0.9023 train_mapscore: 0.1015 train_c: -1.0899 train_max_dist: 2.4343 train_imax: -0.0000 train_imin: -1.0899 time: 1.0342s
INFO:root:Epoch: 0895 lr: 0.01 train_loss: 43710.2734 train_distortion: 0.9023 train_mapscore: 0.1040 train_c: -1.0904 train_max_dist: 2.4357 train_imax: -0.0000 train_imin: -1.0904 time: 1.0211s
INFO:root:Epoch: 0900 lr: 0.01 train_loss: 43707.6797 train_distortion: 0.9022 train_mapscore: 0.1030 train_c: -1.0909 train_max_dist: 2.4356 train_imax: -0.0000 train_imin: -1.0909 time: 1.0119s
INFO:root:Epoch: 0905 lr: 0.01 train_loss: 43706.0781 train_distortion: 0.9022 train_mapscore: 0.1037 train_c: -1.0914 train_max_dist: 2.4355 train_imax: -0.0000 train_imin: -1.0914 time: 1.0177s
INFO:root:Epoch: 0910 lr: 0.01 train_loss: 43706.4883 train_distortion: 0.9023 train_mapscore: 0.1002 train_c: -1.0918 train_max_dist: 2.4346 train_imax: -0.0000 train_imin: -1.0918 time: 1.0303s
INFO:root:Epoch: 0915 lr: 0.01 train_loss: 43703.4531 train_distortion: 0.9022 train_mapscore: 0.1036 train_c: -1.0923 train_max_dist: 2.4370 train_imax: -0.0000 train_imin: -1.0923 time: 1.0242s
INFO:root:Epoch: 0920 lr: 0.01 train_loss: 43702.7812 train_distortion: 0.9022 train_mapscore: 0.1071 train_c: -1.0928 train_max_dist: 2.4369 train_imax: -0.0000 train_imin: -1.0928 time: 1.0385s
INFO:root:Epoch: 0925 lr: 0.01 train_loss: 43700.1484 train_distortion: 0.9022 train_mapscore: 0.1028 train_c: -1.0932 train_max_dist: 2.4357 train_imax: -0.0000 train_imin: -1.0932 time: 1.0323s
INFO:root:Epoch: 0930 lr: 0.01 train_loss: 43698.8398 train_distortion: 0.9022 train_mapscore: 0.1045 train_c: -1.0937 train_max_dist: 2.4388 train_imax: -0.0000 train_imin: -1.0937 time: 1.0579s
INFO:root:Epoch: 0935 lr: 0.01 train_loss: 43698.1562 train_distortion: 0.9022 train_mapscore: 0.1025 train_c: -1.0942 train_max_dist: 2.4355 train_imax: -0.0000 train_imin: -1.0942 time: 1.0214s
INFO:root:Epoch: 0940 lr: 0.01 train_loss: 43696.8203 train_distortion: 0.9022 train_mapscore: 0.1064 train_c: -1.0946 train_max_dist: 2.4318 train_imax: -0.0000 train_imin: -1.0946 time: 1.0145s
INFO:root:Epoch: 0945 lr: 0.01 train_loss: 43694.4336 train_distortion: 0.9022 train_mapscore: 0.1033 train_c: -1.0951 train_max_dist: 2.4370 train_imax: -0.0000 train_imin: -1.0951 time: 1.0152s
INFO:root:Epoch: 0950 lr: 0.01 train_loss: 43693.1016 train_distortion: 0.9022 train_mapscore: 0.1008 train_c: -1.0956 train_max_dist: 2.4380 train_imax: -0.0000 train_imin: -1.0956 time: 1.0200s
INFO:root:Epoch: 0955 lr: 0.01 train_loss: 43692.4414 train_distortion: 0.9022 train_mapscore: 0.1040 train_c: -1.0961 train_max_dist: 2.4388 train_imax: -0.0000 train_imin: -1.0961 time: 1.0284s
INFO:root:Epoch: 0960 lr: 0.01 train_loss: 43690.9922 train_distortion: 0.9022 train_mapscore: 0.1028 train_c: -1.0965 train_max_dist: 2.4405 train_imax: -0.0000 train_imin: -1.0965 time: 1.0126s
INFO:root:Epoch: 0965 lr: 0.01 train_loss: 43689.1094 train_distortion: 0.9022 train_mapscore: 0.1013 train_c: -1.0970 train_max_dist: 2.4398 train_imax: -0.0000 train_imin: -1.0970 time: 1.0143s
INFO:root:Epoch: 0970 lr: 0.01 train_loss: 43689.2070 train_distortion: 0.9022 train_mapscore: 0.1037 train_c: -1.0975 train_max_dist: 2.4407 train_imax: -0.0000 train_imin: -1.0975 time: 1.0192s
INFO:root:Epoch: 0975 lr: 0.01 train_loss: 43686.9023 train_distortion: 0.9022 train_mapscore: 0.0985 train_c: -1.0979 train_max_dist: 2.4415 train_imax: -0.0000 train_imin: -1.0979 time: 1.0228s
INFO:root:Epoch: 0980 lr: 0.01 train_loss: 43685.6250 train_distortion: 0.9022 train_mapscore: 0.1005 train_c: -1.0984 train_max_dist: 2.4421 train_imax: -0.0000 train_imin: -1.0984 time: 1.0145s
INFO:root:Epoch: 0985 lr: 0.01 train_loss: 43684.0469 train_distortion: 0.9022 train_mapscore: 0.1018 train_c: -1.0989 train_max_dist: 2.4425 train_imax: -0.0000 train_imin: -1.0989 time: 1.0188s
INFO:root:Epoch: 0990 lr: 0.01 train_loss: 43682.8320 train_distortion: 0.9022 train_mapscore: 0.0997 train_c: -1.0993 train_max_dist: 2.4432 train_imax: -0.0000 train_imin: -1.0993 time: 1.0166s
INFO:root:Epoch: 0995 lr: 0.01 train_loss: 43681.4219 train_distortion: 0.9022 train_mapscore: 0.1005 train_c: -1.0998 train_max_dist: 2.4422 train_imax: -0.0000 train_imin: -1.0998 time: 1.0521s
INFO:root:Epoch: 1000 lr: 0.01 train_loss: 43681.0430 train_distortion: 0.9022 train_mapscore: 0.1004 train_c: -1.1003 train_max_dist: 2.4438 train_imax: -0.0000 train_imin: -1.1003 time: 1.0305s
INFO:root:Epoch: 1005 lr: 0.01 train_loss: 43679.3789 train_distortion: 0.9022 train_mapscore: 0.0986 train_c: -1.1007 train_max_dist: 2.4428 train_imax: -0.0000 train_imin: -1.1007 time: 1.0198s
INFO:root:Epoch: 1010 lr: 0.01 train_loss: 43678.6758 train_distortion: 0.9022 train_mapscore: 0.1030 train_c: -1.1012 train_max_dist: 2.4438 train_imax: -0.0000 train_imin: -1.1012 time: 1.0131s
INFO:root:Epoch: 1015 lr: 0.01 train_loss: 43676.5312 train_distortion: 0.9022 train_mapscore: 0.0993 train_c: -1.1017 train_max_dist: 2.4437 train_imax: -0.0000 train_imin: -1.1017 time: 1.0299s
INFO:root:Epoch: 1020 lr: 0.01 train_loss: 43674.9727 train_distortion: 0.9021 train_mapscore: 0.0973 train_c: -1.1021 train_max_dist: 2.4448 train_imax: -0.0000 train_imin: -1.1021 time: 1.0161s
INFO:root:Epoch: 1025 lr: 0.01 train_loss: 43674.5547 train_distortion: 0.9021 train_mapscore: 0.0999 train_c: -1.1026 train_max_dist: 2.4461 train_imax: -0.0000 train_imin: -1.1026 time: 1.0187s
INFO:root:Epoch: 1030 lr: 0.01 train_loss: 43673.3242 train_distortion: 0.9021 train_mapscore: 0.0975 train_c: -1.1031 train_max_dist: 2.4438 train_imax: -0.0000 train_imin: -1.1031 time: 1.0094s
INFO:root:Epoch: 1035 lr: 0.01 train_loss: 43672.1719 train_distortion: 0.9021 train_mapscore: 0.0991 train_c: -1.1035 train_max_dist: 2.4484 train_imax: -0.0000 train_imin: -1.1035 time: 1.0319s
INFO:root:Epoch: 1040 lr: 0.01 train_loss: 43671.5938 train_distortion: 0.9021 train_mapscore: 0.0964 train_c: -1.1040 train_max_dist: 2.4474 train_imax: -0.0000 train_imin: -1.1040 time: 1.0194s
INFO:root:Epoch: 1045 lr: 0.01 train_loss: 43670.0859 train_distortion: 0.9021 train_mapscore: 0.0987 train_c: -1.1044 train_max_dist: 2.4492 train_imax: -0.0000 train_imin: -1.1044 time: 1.0565s
INFO:root:Epoch: 1050 lr: 0.01 train_loss: 43668.2969 train_distortion: 0.9021 train_mapscore: 0.0982 train_c: -1.1049 train_max_dist: 2.4500 train_imax: -0.0000 train_imin: -1.1049 time: 1.0203s
INFO:root:Epoch: 1055 lr: 0.01 train_loss: 43667.5586 train_distortion: 0.9021 train_mapscore: 0.0988 train_c: -1.1054 train_max_dist: 2.4512 train_imax: -0.0000 train_imin: -1.1054 time: 1.0287s
INFO:root:Epoch: 1060 lr: 0.01 train_loss: 43667.3789 train_distortion: 0.9021 train_mapscore: 0.0951 train_c: -1.1058 train_max_dist: 2.4500 train_imax: -0.0000 train_imin: -1.1058 time: 1.0463s
INFO:root:Epoch: 1065 lr: 0.01 train_loss: 43666.1094 train_distortion: 0.9021 train_mapscore: 0.0986 train_c: -1.1063 train_max_dist: 2.4521 train_imax: -0.0000 train_imin: -1.1063 time: 1.0249s
INFO:root:Epoch: 1070 lr: 0.01 train_loss: 43664.7344 train_distortion: 0.9021 train_mapscore: 0.0964 train_c: -1.1068 train_max_dist: 2.4517 train_imax: -0.0000 train_imin: -1.1068 time: 1.0260s
INFO:root:Epoch: 1075 lr: 0.01 train_loss: 43663.4375 train_distortion: 0.9021 train_mapscore: 0.0985 train_c: -1.1072 train_max_dist: 2.4509 train_imax: -0.0000 train_imin: -1.1072 time: 1.0160s
INFO:root:Epoch: 1080 lr: 0.01 train_loss: 43662.2812 train_distortion: 0.9021 train_mapscore: 0.0950 train_c: -1.1077 train_max_dist: 2.4525 train_imax: -0.0000 train_imin: -1.1077 time: 1.0183s
INFO:root:Epoch: 1085 lr: 0.01 train_loss: 43662.4219 train_distortion: 0.9021 train_mapscore: 0.0977 train_c: -1.1082 train_max_dist: 2.4533 train_imax: -0.0000 train_imin: -1.1082 time: 1.0340s
INFO:root:Epoch: 1090 lr: 0.01 train_loss: 43660.5859 train_distortion: 0.9021 train_mapscore: 0.0938 train_c: -1.1086 train_max_dist: 2.4550 train_imax: -0.0000 train_imin: -1.1086 time: 1.0216s
INFO:root:Epoch: 1095 lr: 0.01 train_loss: 43660.0000 train_distortion: 0.9021 train_mapscore: 0.0967 train_c: -1.1091 train_max_dist: 2.4559 train_imax: -0.0000 train_imin: -1.1091 time: 1.0299s
INFO:root:Epoch: 1100 lr: 0.01 train_loss: 43658.4805 train_distortion: 0.9021 train_mapscore: 0.0935 train_c: -1.1095 train_max_dist: 2.4550 train_imax: -0.0000 train_imin: -1.1095 time: 1.0254s
INFO:root:Epoch: 1105 lr: 0.01 train_loss: 43658.0117 train_distortion: 0.9021 train_mapscore: 0.0950 train_c: -1.1100 train_max_dist: 2.4535 train_imax: -0.0000 train_imin: -1.1100 time: 1.0391s
INFO:root:Epoch: 1110 lr: 0.01 train_loss: 43656.5117 train_distortion: 0.9020 train_mapscore: 0.0946 train_c: -1.1105 train_max_dist: 2.4549 train_imax: -0.0000 train_imin: -1.1105 time: 1.0263s
INFO:root:Epoch: 1115 lr: 0.01 train_loss: 43655.2305 train_distortion: 0.9020 train_mapscore: 0.0925 train_c: -1.1109 train_max_dist: 2.4560 train_imax: -0.0000 train_imin: -1.1109 time: 1.0200s
INFO:root:Epoch: 1120 lr: 0.01 train_loss: 43655.6836 train_distortion: 0.9020 train_mapscore: 0.0972 train_c: -1.1114 train_max_dist: 2.4584 train_imax: -0.0000 train_imin: -1.1114 time: 1.0171s
INFO:root:Epoch: 1125 lr: 0.01 train_loss: 43653.2148 train_distortion: 0.9020 train_mapscore: 0.0932 train_c: -1.1119 train_max_dist: 2.4569 train_imax: -0.0000 train_imin: -1.1119 time: 1.0577s
INFO:root:Epoch: 1130 lr: 0.01 train_loss: 43653.1875 train_distortion: 0.9020 train_mapscore: 0.0948 train_c: -1.1123 train_max_dist: 2.4586 train_imax: -0.0000 train_imin: -1.1123 time: 1.0225s
INFO:root:Epoch: 1135 lr: 0.01 train_loss: 43651.8398 train_distortion: 0.9020 train_mapscore: 0.0933 train_c: -1.1128 train_max_dist: 2.4577 train_imax: -0.0000 train_imin: -1.1128 time: 1.0195s
INFO:root:Epoch: 1140 lr: 0.01 train_loss: 43650.8750 train_distortion: 0.9020 train_mapscore: 0.0957 train_c: -1.1132 train_max_dist: 2.4562 train_imax: -0.0000 train_imin: -1.1132 time: 1.0320s
INFO:root:Epoch: 1145 lr: 0.01 train_loss: 43649.8750 train_distortion: 0.9020 train_mapscore: 0.0921 train_c: -1.1137 train_max_dist: 2.4590 train_imax: -0.0000 train_imin: -1.1137 time: 1.0344s
INFO:root:Epoch: 1150 lr: 0.01 train_loss: 43648.7500 train_distortion: 0.9020 train_mapscore: 0.0926 train_c: -1.1142 train_max_dist: 2.4617 train_imax: -0.0000 train_imin: -1.1142 time: 1.0420s
INFO:root:Epoch: 1155 lr: 0.01 train_loss: 43647.2969 train_distortion: 0.9020 train_mapscore: 0.0935 train_c: -1.1146 train_max_dist: 2.4627 train_imax: -0.0000 train_imin: -1.1146 time: 1.0183s
INFO:root:Epoch: 1160 lr: 0.01 train_loss: 43646.1523 train_distortion: 0.9020 train_mapscore: 0.0945 train_c: -1.1151 train_max_dist: 2.4614 train_imax: -0.0000 train_imin: -1.1151 time: 1.0321s
INFO:root:Epoch: 1165 lr: 0.01 train_loss: 43646.5156 train_distortion: 0.9020 train_mapscore: 0.0920 train_c: -1.1155 train_max_dist: 2.4609 train_imax: -0.0000 train_imin: -1.1155 time: 1.0198s
INFO:root:Epoch: 1170 lr: 0.01 train_loss: 43644.8867 train_distortion: 0.9020 train_mapscore: 0.0946 train_c: -1.1160 train_max_dist: 2.4631 train_imax: -0.0000 train_imin: -1.1160 time: 1.0283s
INFO:root:Epoch: 1175 lr: 0.01 train_loss: 43644.3828 train_distortion: 0.9020 train_mapscore: 0.0975 train_c: -1.1165 train_max_dist: 2.4627 train_imax: -0.0000 train_imin: -1.1165 time: 1.0195s
INFO:root:Epoch: 1180 lr: 0.01 train_loss: 43643.3750 train_distortion: 0.9020 train_mapscore: 0.0915 train_c: -1.1169 train_max_dist: 2.4618 train_imax: -0.0000 train_imin: -1.1169 time: 1.0190s
INFO:root:Epoch: 1185 lr: 0.01 train_loss: 43641.9922 train_distortion: 0.9020 train_mapscore: 0.0944 train_c: -1.1174 train_max_dist: 2.4640 train_imax: -0.0000 train_imin: -1.1174 time: 1.0247s
INFO:root:Epoch: 1190 lr: 0.01 train_loss: 43640.5234 train_distortion: 0.9019 train_mapscore: 0.0925 train_c: -1.1178 train_max_dist: 2.4646 train_imax: -0.0000 train_imin: -1.1178 time: 1.0539s
INFO:root:Epoch: 1195 lr: 0.01 train_loss: 43642.4844 train_distortion: 0.9020 train_mapscore: 0.0969 train_c: -1.1183 train_max_dist: 2.4665 train_imax: -0.0000 train_imin: -1.1183 time: 1.0285s
INFO:root:Epoch: 1200 lr: 0.01 train_loss: 43640.0742 train_distortion: 0.9019 train_mapscore: 0.0954 train_c: -1.1188 train_max_dist: 2.4663 train_imax: -0.0000 train_imin: -1.1188 time: 1.0212s
INFO:root:Epoch: 1205 lr: 0.01 train_loss: 43638.8945 train_distortion: 0.9019 train_mapscore: 0.0927 train_c: -1.1192 train_max_dist: 2.4649 train_imax: -0.0000 train_imin: -1.1192 time: 1.0260s
INFO:root:Epoch: 1210 lr: 0.01 train_loss: 43637.5547 train_distortion: 0.9019 train_mapscore: 0.0929 train_c: -1.1197 train_max_dist: 2.4662 train_imax: -0.0000 train_imin: -1.1197 time: 1.0172s
INFO:root:Epoch: 1215 lr: 0.01 train_loss: 43638.2578 train_distortion: 0.9019 train_mapscore: 0.0975 train_c: -1.1201 train_max_dist: 2.4674 train_imax: -0.0000 train_imin: -1.1201 time: 1.0203s
INFO:root:Epoch: 1220 lr: 0.01 train_loss: 43636.1484 train_distortion: 0.9019 train_mapscore: 0.0944 train_c: -1.1206 train_max_dist: 2.4679 train_imax: -0.0000 train_imin: -1.1206 time: 1.0108s
INFO:root:Epoch: 1225 lr: 0.01 train_loss: 43634.9219 train_distortion: 0.9019 train_mapscore: 0.0937 train_c: -1.1211 train_max_dist: 2.4697 train_imax: -0.0000 train_imin: -1.1211 time: 1.0178s
INFO:root:Epoch: 1230 lr: 0.01 train_loss: 43635.7188 train_distortion: 0.9019 train_mapscore: 0.0976 train_c: -1.1215 train_max_dist: 2.4707 train_imax: -0.0000 train_imin: -1.1215 time: 1.0239s
INFO:root:Epoch: 1235 lr: 0.01 train_loss: 43633.1133 train_distortion: 0.9019 train_mapscore: 0.0917 train_c: -1.1220 train_max_dist: 2.4693 train_imax: -0.0000 train_imin: -1.1220 time: 1.0175s
INFO:root:Epoch: 1240 lr: 0.01 train_loss: 43633.3359 train_distortion: 0.9019 train_mapscore: 0.0975 train_c: -1.1224 train_max_dist: 2.4728 train_imax: -0.0000 train_imin: -1.1224 time: 1.0404s
INFO:root:Epoch: 1245 lr: 0.01 train_loss: 43632.2617 train_distortion: 0.9019 train_mapscore: 0.0936 train_c: -1.1229 train_max_dist: 2.4685 train_imax: -0.0000 train_imin: -1.1229 time: 1.0309s
INFO:root:Epoch: 1250 lr: 0.01 train_loss: 43630.8047 train_distortion: 0.9019 train_mapscore: 0.0942 train_c: -1.1233 train_max_dist: 2.4727 train_imax: -0.0000 train_imin: -1.1233 time: 1.0298s
INFO:root:Epoch: 1255 lr: 0.01 train_loss: 43629.7500 train_distortion: 0.9019 train_mapscore: 0.0923 train_c: -1.1238 train_max_dist: 2.4716 train_imax: -0.0000 train_imin: -1.1238 time: 1.0486s
INFO:root:Epoch: 1260 lr: 0.01 train_loss: 43630.6797 train_distortion: 0.9019 train_mapscore: 0.0957 train_c: -1.1243 train_max_dist: 2.4730 train_imax: -0.0000 train_imin: -1.1243 time: 1.0151s
INFO:root:Epoch: 1265 lr: 0.01 train_loss: 43628.7305 train_distortion: 0.9019 train_mapscore: 0.0944 train_c: -1.1247 train_max_dist: 2.4740 train_imax: -0.0000 train_imin: -1.1247 time: 1.0258s
INFO:root:Epoch: 1270 lr: 0.01 train_loss: 43627.0078 train_distortion: 0.9019 train_mapscore: 0.0922 train_c: -1.1252 train_max_dist: 2.4749 train_imax: -0.0000 train_imin: -1.1252 time: 1.0174s
INFO:root:Epoch: 1275 lr: 0.01 train_loss: 43629.0586 train_distortion: 0.9019 train_mapscore: 0.0974 train_c: -1.1256 train_max_dist: 2.4767 train_imax: -0.0000 train_imin: -1.1256 time: 1.0255s
INFO:root:Epoch: 1280 lr: 0.01 train_loss: 43626.1914 train_distortion: 0.9019 train_mapscore: 0.0948 train_c: -1.1261 train_max_dist: 2.4751 train_imax: -0.0000 train_imin: -1.1261 time: 1.0395s
INFO:root:Epoch: 1285 lr: 0.01 train_loss: 43625.2344 train_distortion: 0.9019 train_mapscore: 0.0933 train_c: -1.1265 train_max_dist: 2.4742 train_imax: -0.0000 train_imin: -1.1265 time: 1.0196s
INFO:root:Epoch: 1290 lr: 0.01 train_loss: 43624.5703 train_distortion: 0.9019 train_mapscore: 0.0948 train_c: -1.1270 train_max_dist: 2.4765 train_imax: -0.0000 train_imin: -1.1270 time: 1.0202s
INFO:root:Epoch: 1295 lr: 0.01 train_loss: 43622.6289 train_distortion: 0.9019 train_mapscore: 0.0934 train_c: -1.1275 train_max_dist: 2.4761 train_imax: -0.0000 train_imin: -1.1275 time: 1.0192s
INFO:root:Epoch: 1300 lr: 0.01 train_loss: 43621.9375 train_distortion: 0.9019 train_mapscore: 0.0930 train_c: -1.1279 train_max_dist: 2.4771 train_imax: -0.0000 train_imin: -1.1279 time: 1.0192s
INFO:root:Epoch: 1305 lr: 0.01 train_loss: 43622.0391 train_distortion: 0.9019 train_mapscore: 0.0958 train_c: -1.1284 train_max_dist: 2.4793 train_imax: -0.0000 train_imin: -1.1284 time: 1.0308s
INFO:root:Epoch: 1310 lr: 0.01 train_loss: 43619.8398 train_distortion: 0.9018 train_mapscore: 0.0917 train_c: -1.1288 train_max_dist: 2.4772 train_imax: -0.0000 train_imin: -1.1288 time: 1.0133s
INFO:root:Epoch: 1315 lr: 0.01 train_loss: 43618.5156 train_distortion: 0.9018 train_mapscore: 0.0941 train_c: -1.1293 train_max_dist: 2.4788 train_imax: -0.0000 train_imin: -1.1293 time: 1.0245s
INFO:root:Epoch: 1320 lr: 0.01 train_loss: 43617.9219 train_distortion: 0.9018 train_mapscore: 0.0932 train_c: -1.1297 train_max_dist: 2.4793 train_imax: -0.0000 train_imin: -1.1297 time: 1.0504s
INFO:root:Epoch: 1325 lr: 0.01 train_loss: 43616.5625 train_distortion: 0.9018 train_mapscore: 0.0913 train_c: -1.1302 train_max_dist: 2.4807 train_imax: -0.0000 train_imin: -1.1302 time: 1.0235s
INFO:root:Epoch: 1330 lr: 0.01 train_loss: 43615.8906 train_distortion: 0.9018 train_mapscore: 0.0920 train_c: -1.1306 train_max_dist: 2.4810 train_imax: -0.0000 train_imin: -1.1306 time: 1.0312s
INFO:root:Epoch: 1335 lr: 0.01 train_loss: 43614.1328 train_distortion: 0.9018 train_mapscore: 0.0907 train_c: -1.1311 train_max_dist: 2.4814 train_imax: -0.0000 train_imin: -1.1311 time: 1.0169s
INFO:root:Epoch: 1340 lr: 0.01 train_loss: 43612.9062 train_distortion: 0.9018 train_mapscore: 0.0907 train_c: -1.1316 train_max_dist: 2.4811 train_imax: -0.0000 train_imin: -1.1316 time: 1.0235s
INFO:root:Epoch: 1345 lr: 0.01 train_loss: 43612.0312 train_distortion: 0.9018 train_mapscore: 0.0898 train_c: -1.1320 train_max_dist: 2.4833 train_imax: -0.0000 train_imin: -1.1320 time: 1.0283s
INFO:root:Epoch: 1350 lr: 0.01 train_loss: 43612.4766 train_distortion: 0.9018 train_mapscore: 0.0941 train_c: -1.1325 train_max_dist: 2.4836 train_imax: -0.0000 train_imin: -1.1325 time: 1.0128s
INFO:root:Epoch: 1355 lr: 0.01 train_loss: 43610.1875 train_distortion: 0.9018 train_mapscore: 0.0918 train_c: -1.1329 train_max_dist: 2.4849 train_imax: -0.0000 train_imin: -1.1329 time: 1.0140s
INFO:root:Epoch: 1360 lr: 0.01 train_loss: 43609.6406 train_distortion: 0.9018 train_mapscore: 0.0887 train_c: -1.1334 train_max_dist: 2.4835 train_imax: -0.0000 train_imin: -1.1334 time: 1.0290s
INFO:root:Epoch: 1365 lr: 0.01 train_loss: 43609.2656 train_distortion: 0.9018 train_mapscore: 0.0906 train_c: -1.1338 train_max_dist: 2.4865 train_imax: -0.0000 train_imin: -1.1338 time: 1.0251s
INFO:root:Epoch: 1370 lr: 0.01 train_loss: 43608.1484 train_distortion: 0.9018 train_mapscore: 0.0906 train_c: -1.1343 train_max_dist: 2.4853 train_imax: -0.0000 train_imin: -1.1343 time: 1.0211s
INFO:root:Epoch: 1375 lr: 0.01 train_loss: 43607.6094 train_distortion: 0.9018 train_mapscore: 0.0924 train_c: -1.1347 train_max_dist: 2.4873 train_imax: -0.0000 train_imin: -1.1347 time: 1.0365s
INFO:root:Epoch: 1380 lr: 0.01 train_loss: 43606.3750 train_distortion: 0.9018 train_mapscore: 0.0914 train_c: -1.1352 train_max_dist: 2.4860 train_imax: -0.0000 train_imin: -1.1352 time: 1.0145s
INFO:root:Epoch: 1385 lr: 0.01 train_loss: 43606.5391 train_distortion: 0.9018 train_mapscore: 0.0938 train_c: -1.1356 train_max_dist: 2.4879 train_imax: -0.0000 train_imin: -1.1356 time: 1.0493s
INFO:root:Epoch: 1390 lr: 0.01 train_loss: 43604.8281 train_distortion: 0.9018 train_mapscore: 0.0884 train_c: -1.1361 train_max_dist: 2.4870 train_imax: -0.0000 train_imin: -1.1361 time: 1.0225s
INFO:root:Epoch: 1395 lr: 0.01 train_loss: 43604.8164 train_distortion: 0.9018 train_mapscore: 0.0954 train_c: -1.1365 train_max_dist: 2.4893 train_imax: -0.0000 train_imin: -1.1365 time: 1.0170s
INFO:root:Epoch: 1400 lr: 0.01 train_loss: 43603.0391 train_distortion: 0.9018 train_mapscore: 0.0914 train_c: -1.1370 train_max_dist: 2.4894 train_imax: -0.0000 train_imin: -1.1370 time: 1.0139s
INFO:root:Epoch: 1405 lr: 0.01 train_loss: 43602.0625 train_distortion: 0.9018 train_mapscore: 0.0910 train_c: -1.1375 train_max_dist: 2.4885 train_imax: -0.0000 train_imin: -1.1375 time: 1.0189s
INFO:root:Epoch: 1410 lr: 0.01 train_loss: 43602.2422 train_distortion: 0.9018 train_mapscore: 0.0938 train_c: -1.1379 train_max_dist: 2.4870 train_imax: -0.0000 train_imin: -1.1379 time: 1.0268s
INFO:root:Epoch: 1415 lr: 0.01 train_loss: 43600.4805 train_distortion: 0.9018 train_mapscore: 0.0917 train_c: -1.1384 train_max_dist: 2.4899 train_imax: -0.0000 train_imin: -1.1384 time: 1.0292s
INFO:root:Epoch: 1420 lr: 0.01 train_loss: 43599.5547 train_distortion: 0.9018 train_mapscore: 0.0929 train_c: -1.1388 train_max_dist: 2.4896 train_imax: -0.0000 train_imin: -1.1388 time: 1.0699s
INFO:root:Epoch: 1425 lr: 0.01 train_loss: 43598.2578 train_distortion: 0.9018 train_mapscore: 0.0933 train_c: -1.1393 train_max_dist: 2.4907 train_imax: -0.0000 train_imin: -1.1393 time: 1.0186s
INFO:root:Epoch: 1430 lr: 0.01 train_loss: 43597.3633 train_distortion: 0.9018 train_mapscore: 0.0929 train_c: -1.1397 train_max_dist: 2.4918 train_imax: -0.0000 train_imin: -1.1397 time: 1.0305s
INFO:root:Epoch: 1435 lr: 0.01 train_loss: 43596.4922 train_distortion: 0.9018 train_mapscore: 0.0937 train_c: -1.1402 train_max_dist: 2.4909 train_imax: -0.0000 train_imin: -1.1402 time: 1.0116s
INFO:root:Epoch: 1440 lr: 0.01 train_loss: 43595.3594 train_distortion: 0.9018 train_mapscore: 0.0941 train_c: -1.1406 train_max_dist: 2.4924 train_imax: -0.0000 train_imin: -1.1406 time: 1.0283s
INFO:root:Epoch: 1445 lr: 0.01 train_loss: 43594.7344 train_distortion: 0.9018 train_mapscore: 0.0938 train_c: -1.1411 train_max_dist: 2.4924 train_imax: -0.0000 train_imin: -1.1411 time: 1.0210s
INFO:root:Epoch: 1450 lr: 0.01 train_loss: 43594.2617 train_distortion: 0.9018 train_mapscore: 0.0917 train_c: -1.1415 train_max_dist: 2.4925 train_imax: -0.0000 train_imin: -1.1415 time: 1.0717s
INFO:root:Epoch: 1455 lr: 0.01 train_loss: 43592.9844 train_distortion: 0.9017 train_mapscore: 0.0928 train_c: -1.1420 train_max_dist: 2.4944 train_imax: -0.0000 train_imin: -1.1420 time: 1.0102s
INFO:root:Epoch: 1460 lr: 0.01 train_loss: 43591.8359 train_distortion: 0.9017 train_mapscore: 0.0928 train_c: -1.1424 train_max_dist: 2.4939 train_imax: -0.0000 train_imin: -1.1424 time: 1.0197s
INFO:root:Epoch: 1465 lr: 0.01 train_loss: 43591.0117 train_distortion: 0.9017 train_mapscore: 0.0938 train_c: -1.1429 train_max_dist: 2.4944 train_imax: -0.0000 train_imin: -1.1429 time: 1.0361s
INFO:root:Epoch: 1470 lr: 0.01 train_loss: 43590.2891 train_distortion: 0.9017 train_mapscore: 0.0917 train_c: -1.1433 train_max_dist: 2.4946 train_imax: -0.0000 train_imin: -1.1433 time: 1.0142s
INFO:root:Epoch: 1475 lr: 0.01 train_loss: 43588.6602 train_distortion: 0.9017 train_mapscore: 0.0943 train_c: -1.1438 train_max_dist: 2.4956 train_imax: -0.0000 train_imin: -1.1438 time: 1.0232s
INFO:root:Epoch: 1480 lr: 0.01 train_loss: 43588.6328 train_distortion: 0.9017 train_mapscore: 0.0966 train_c: -1.1442 train_max_dist: 2.4976 train_imax: -0.0000 train_imin: -1.1442 time: 1.0281s
INFO:root:Epoch: 1485 lr: 0.01 train_loss: 43586.8516 train_distortion: 0.9017 train_mapscore: 0.0906 train_c: -1.1447 train_max_dist: 2.4969 train_imax: -0.0000 train_imin: -1.1447 time: 1.0487s
INFO:root:Epoch: 1490 lr: 0.01 train_loss: 43586.2344 train_distortion: 0.9017 train_mapscore: 0.0961 train_c: -1.1451 train_max_dist: 2.4976 train_imax: -0.0000 train_imin: -1.1451 time: 1.0197s
INFO:root:Epoch: 1495 lr: 0.01 train_loss: 43584.4141 train_distortion: 0.9017 train_mapscore: 0.0923 train_c: -1.1456 train_max_dist: 2.4981 train_imax: -0.0000 train_imin: -1.1456 time: 1.0168s
INFO:root:Epoch: 1500 lr: 0.01 train_loss: 43582.7891 train_distortion: 0.9017 train_mapscore: 0.0934 train_c: -1.1461 train_max_dist: 2.4987 train_imax: -0.0000 train_imin: -1.1461 time: 1.0286s
INFO:root:Epoch: 1505 lr: 0.01 train_loss: 43581.8633 train_distortion: 0.9017 train_mapscore: 0.0887 train_c: -1.1465 train_max_dist: 2.4982 train_imax: -0.0000 train_imin: -1.1465 time: 1.0213s
INFO:root:Epoch: 1510 lr: 0.01 train_loss: 43580.5898 train_distortion: 0.9017 train_mapscore: 0.0927 train_c: -1.1470 train_max_dist: 2.4987 train_imax: -0.0000 train_imin: -1.1470 time: 1.0232s
INFO:root:Epoch: 1515 lr: 0.01 train_loss: 43579.3320 train_distortion: 0.9017 train_mapscore: 0.0917 train_c: -1.1474 train_max_dist: 2.4989 train_imax: -0.0000 train_imin: -1.1474 time: 1.0598s
INFO:root:Epoch: 1520 lr: 0.01 train_loss: 43578.5312 train_distortion: 0.9017 train_mapscore: 0.0952 train_c: -1.1479 train_max_dist: 2.5011 train_imax: -0.0000 train_imin: -1.1479 time: 1.0237s
INFO:root:Epoch: 1525 lr: 0.01 train_loss: 43577.3828 train_distortion: 0.9017 train_mapscore: 0.0915 train_c: -1.1483 train_max_dist: 2.5016 train_imax: -0.0000 train_imin: -1.1483 time: 1.0104s
INFO:root:Epoch: 1530 lr: 0.01 train_loss: 43577.0859 train_distortion: 0.9017 train_mapscore: 0.0935 train_c: -1.1488 train_max_dist: 2.5028 train_imax: -0.0000 train_imin: -1.1488 time: 1.0327s
INFO:root:Epoch: 1535 lr: 0.01 train_loss: 43575.9922 train_distortion: 0.9016 train_mapscore: 0.0918 train_c: -1.1492 train_max_dist: 2.5024 train_imax: -0.0000 train_imin: -1.1492 time: 1.0132s
INFO:root:Epoch: 1540 lr: 0.01 train_loss: 43574.8945 train_distortion: 0.9016 train_mapscore: 0.0930 train_c: -1.1497 train_max_dist: 2.5028 train_imax: -0.0000 train_imin: -1.1497 time: 1.0466s
INFO:root:Epoch: 1545 lr: 0.01 train_loss: 43574.4062 train_distortion: 0.9016 train_mapscore: 0.0928 train_c: -1.1501 train_max_dist: 2.5022 train_imax: -0.0000 train_imin: -1.1501 time: 1.0153s
INFO:root:Epoch: 1550 lr: 0.01 train_loss: 43573.3594 train_distortion: 0.9016 train_mapscore: 0.0932 train_c: -1.1506 train_max_dist: 2.5027 train_imax: -0.0000 train_imin: -1.1506 time: 1.0299s
INFO:root:Epoch: 1555 lr: 0.01 train_loss: 43572.5312 train_distortion: 0.9016 train_mapscore: 0.0928 train_c: -1.1510 train_max_dist: 2.5022 train_imax: -0.0000 train_imin: -1.1510 time: 1.0205s
INFO:root:Epoch: 1560 lr: 0.01 train_loss: 43571.9570 train_distortion: 0.9016 train_mapscore: 0.0945 train_c: -1.1515 train_max_dist: 2.5059 train_imax: -0.0000 train_imin: -1.1515 time: 1.0459s
INFO:root:Epoch: 1565 lr: 0.01 train_loss: 43570.6758 train_distortion: 0.9016 train_mapscore: 0.0934 train_c: -1.1519 train_max_dist: 2.5040 train_imax: -0.0000 train_imin: -1.1519 time: 1.0383s
INFO:root:Epoch: 1570 lr: 0.01 train_loss: 43570.6484 train_distortion: 0.9016 train_mapscore: 0.0949 train_c: -1.1524 train_max_dist: 2.5008 train_imax: -0.0000 train_imin: -1.1524 time: 1.0387s
INFO:root:Epoch: 1575 lr: 0.01 train_loss: 43569.3320 train_distortion: 0.9016 train_mapscore: 0.0919 train_c: -1.1528 train_max_dist: 2.5051 train_imax: -0.0000 train_imin: -1.1528 time: 1.0356s
INFO:root:Epoch: 1580 lr: 0.01 train_loss: 43568.0625 train_distortion: 0.9016 train_mapscore: 0.0920 train_c: -1.1533 train_max_dist: 2.5062 train_imax: -0.0000 train_imin: -1.1533 time: 1.0603s
INFO:root:Epoch: 1585 lr: 0.01 train_loss: 43567.4766 train_distortion: 0.9016 train_mapscore: 0.0907 train_c: -1.1537 train_max_dist: 2.5063 train_imax: -0.0000 train_imin: -1.1537 time: 1.0151s
INFO:root:Epoch: 1590 lr: 0.01 train_loss: 43567.4922 train_distortion: 0.9016 train_mapscore: 0.0945 train_c: -1.1542 train_max_dist: 2.5061 train_imax: -0.0000 train_imin: -1.1542 time: 1.0170s
INFO:root:Epoch: 1595 lr: 0.01 train_loss: 43566.5781 train_distortion: 0.9016 train_mapscore: 0.0951 train_c: -1.1546 train_max_dist: 2.5053 train_imax: -0.0000 train_imin: -1.1546 time: 1.0283s
INFO:root:Epoch: 1600 lr: 0.01 train_loss: 43565.6641 train_distortion: 0.9016 train_mapscore: 0.0939 train_c: -1.1551 train_max_dist: 2.5066 train_imax: -0.0000 train_imin: -1.1551 time: 1.0221s
INFO:root:Epoch: 1605 lr: 0.01 train_loss: 43564.6836 train_distortion: 0.9016 train_mapscore: 0.0954 train_c: -1.1555 train_max_dist: 2.5060 train_imax: -0.0000 train_imin: -1.1555 time: 1.0431s
INFO:root:Epoch: 1610 lr: 0.01 train_loss: 43563.3594 train_distortion: 0.9016 train_mapscore: 0.0920 train_c: -1.1560 train_max_dist: 2.5077 train_imax: -0.0000 train_imin: -1.1560 time: 1.0241s
INFO:root:Epoch: 1615 lr: 0.01 train_loss: 43562.8477 train_distortion: 0.9016 train_mapscore: 0.0928 train_c: -1.1564 train_max_dist: 2.5099 train_imax: -0.0000 train_imin: -1.1564 time: 1.0313s
INFO:root:Epoch: 1620 lr: 0.01 train_loss: 43562.4297 train_distortion: 0.9016 train_mapscore: 0.0914 train_c: -1.1569 train_max_dist: 2.5089 train_imax: -0.0000 train_imin: -1.1569 time: 1.0158s
INFO:root:Epoch: 1625 lr: 0.01 train_loss: 43561.0508 train_distortion: 0.9015 train_mapscore: 0.0898 train_c: -1.1573 train_max_dist: 2.5090 train_imax: -0.0000 train_imin: -1.1573 time: 1.0152s
INFO:root:Epoch: 1630 lr: 0.01 train_loss: 43560.7344 train_distortion: 0.9015 train_mapscore: 0.0931 train_c: -1.1577 train_max_dist: 2.5099 train_imax: -0.0000 train_imin: -1.1577 time: 1.0297s
INFO:root:Epoch: 1635 lr: 0.01 train_loss: 43559.4453 train_distortion: 0.9015 train_mapscore: 0.0907 train_c: -1.1582 train_max_dist: 2.5103 train_imax: -0.0000 train_imin: -1.1582 time: 1.0201s
INFO:root:Epoch: 1640 lr: 0.01 train_loss: 43559.3398 train_distortion: 0.9015 train_mapscore: 0.0924 train_c: -1.1586 train_max_dist: 2.5124 train_imax: -0.0000 train_imin: -1.1586 time: 1.0409s
INFO:root:Epoch: 1645 lr: 0.01 train_loss: 43558.4492 train_distortion: 0.9015 train_mapscore: 0.0908 train_c: -1.1591 train_max_dist: 2.5116 train_imax: -0.0000 train_imin: -1.1591 time: 1.0497s
INFO:root:Epoch: 1650 lr: 0.01 train_loss: 43557.4609 train_distortion: 0.9015 train_mapscore: 0.0929 train_c: -1.1595 train_max_dist: 2.5135 train_imax: -0.0000 train_imin: -1.1595 time: 1.0278s
INFO:root:Epoch: 1655 lr: 0.01 train_loss: 43556.2344 train_distortion: 0.9015 train_mapscore: 0.0917 train_c: -1.1600 train_max_dist: 2.5114 train_imax: -0.0000 train_imin: -1.1600 time: 1.0222s
INFO:root:Epoch: 1660 lr: 0.01 train_loss: 43555.3984 train_distortion: 0.9015 train_mapscore: 0.0936 train_c: -1.1604 train_max_dist: 2.5152 train_imax: -0.0000 train_imin: -1.1604 time: 1.0169s
INFO:root:Epoch: 1665 lr: 0.01 train_loss: 43555.4766 train_distortion: 0.9015 train_mapscore: 0.0911 train_c: -1.1609 train_max_dist: 2.5126 train_imax: -0.0000 train_imin: -1.1609 time: 1.0270s
INFO:root:Epoch: 1670 lr: 0.01 train_loss: 43554.2422 train_distortion: 0.9015 train_mapscore: 0.0923 train_c: -1.1613 train_max_dist: 2.5116 train_imax: -0.0000 train_imin: -1.1613 time: 1.0296s
INFO:root:Epoch: 1675 lr: 0.01 train_loss: 43553.6328 train_distortion: 0.9015 train_mapscore: 0.0924 train_c: -1.1618 train_max_dist: 2.5151 train_imax: -0.0000 train_imin: -1.1618 time: 1.0323s
INFO:root:Epoch: 1680 lr: 0.01 train_loss: 43552.6055 train_distortion: 0.9015 train_mapscore: 0.0907 train_c: -1.1622 train_max_dist: 2.5154 train_imax: -0.0000 train_imin: -1.1622 time: 1.0295s
INFO:root:Epoch: 1685 lr: 0.01 train_loss: 43552.1250 train_distortion: 0.9015 train_mapscore: 0.0922 train_c: -1.1627 train_max_dist: 2.5154 train_imax: -0.0000 train_imin: -1.1627 time: 1.0378s
INFO:root:Epoch: 1690 lr: 0.01 train_loss: 43551.2266 train_distortion: 0.9015 train_mapscore: 0.0910 train_c: -1.1631 train_max_dist: 2.5110 train_imax: -0.0000 train_imin: -1.1631 time: 1.0211s
INFO:root:Epoch: 1695 lr: 0.01 train_loss: 43549.9492 train_distortion: 0.9014 train_mapscore: 0.0914 train_c: -1.1636 train_max_dist: 2.5178 train_imax: -0.0000 train_imin: -1.1636 time: 1.0269s
INFO:root:Epoch: 1700 lr: 0.01 train_loss: 43550.6484 train_distortion: 0.9015 train_mapscore: 0.0900 train_c: -1.1640 train_max_dist: 2.5158 train_imax: -0.0000 train_imin: -1.1640 time: 1.0106s
INFO:root:Epoch: 1705 lr: 0.01 train_loss: 43549.0430 train_distortion: 0.9014 train_mapscore: 0.0932 train_c: -1.1645 train_max_dist: 2.5171 train_imax: -0.0000 train_imin: -1.1645 time: 1.0225s
INFO:root:Epoch: 1710 lr: 0.01 train_loss: 43548.3672 train_distortion: 0.9014 train_mapscore: 0.0931 train_c: -1.1649 train_max_dist: 2.5178 train_imax: -0.0000 train_imin: -1.1649 time: 1.0575s
INFO:root:Epoch: 1715 lr: 0.01 train_loss: 43547.3789 train_distortion: 0.9014 train_mapscore: 0.0900 train_c: -1.1654 train_max_dist: 2.5172 train_imax: -0.0000 train_imin: -1.1654 time: 1.0167s
INFO:root:Epoch: 1720 lr: 0.01 train_loss: 43547.4531 train_distortion: 0.9014 train_mapscore: 0.0930 train_c: -1.1658 train_max_dist: 2.5190 train_imax: -0.0000 train_imin: -1.1658 time: 1.0266s
INFO:root:Epoch: 1725 lr: 0.01 train_loss: 43545.8750 train_distortion: 0.9014 train_mapscore: 0.0911 train_c: -1.1663 train_max_dist: 2.5175 train_imax: -0.0000 train_imin: -1.1663 time: 1.0272s
INFO:root:Epoch: 1730 lr: 0.01 train_loss: 43545.2344 train_distortion: 0.9014 train_mapscore: 0.0908 train_c: -1.1667 train_max_dist: 2.5204 train_imax: -0.0000 train_imin: -1.1667 time: 1.0415s
INFO:root:Epoch: 1735 lr: 0.01 train_loss: 43544.7578 train_distortion: 0.9014 train_mapscore: 0.0898 train_c: -1.1672 train_max_dist: 2.5174 train_imax: -0.0000 train_imin: -1.1672 time: 1.0221s
INFO:root:Epoch: 1740 lr: 0.01 train_loss: 43543.5234 train_distortion: 0.9014 train_mapscore: 0.0926 train_c: -1.1676 train_max_dist: 2.5197 train_imax: -0.0000 train_imin: -1.1676 time: 1.0272s
INFO:root:Epoch: 1745 lr: 0.01 train_loss: 43542.5469 train_distortion: 0.9014 train_mapscore: 0.0907 train_c: -1.1680 train_max_dist: 2.5204 train_imax: -0.0000 train_imin: -1.1680 time: 1.0220s
INFO:root:Epoch: 1750 lr: 0.01 train_loss: 43541.7773 train_distortion: 0.9014 train_mapscore: 0.0902 train_c: -1.1685 train_max_dist: 2.5214 train_imax: -0.0000 train_imin: -1.1685 time: 1.0231s
INFO:root:Epoch: 1755 lr: 0.01 train_loss: 43540.8242 train_distortion: 0.9014 train_mapscore: 0.0902 train_c: -1.1689 train_max_dist: 2.5206 train_imax: -0.0000 train_imin: -1.1689 time: 1.0389s
INFO:root:Epoch: 1760 lr: 0.01 train_loss: 43541.7188 train_distortion: 0.9014 train_mapscore: 0.0945 train_c: -1.1694 train_max_dist: 2.5194 train_imax: -0.0000 train_imin: -1.1694 time: 1.0344s
INFO:root:Epoch: 1765 lr: 0.01 train_loss: 43539.6875 train_distortion: 0.9013 train_mapscore: 0.0920 train_c: -1.1698 train_max_dist: 2.5225 train_imax: -0.0000 train_imin: -1.1698 time: 1.0168s
INFO:root:Epoch: 1770 lr: 0.01 train_loss: 43540.3633 train_distortion: 0.9014 train_mapscore: 0.0882 train_c: -1.1703 train_max_dist: 2.5202 train_imax: -0.0000 train_imin: -1.1703 time: 1.0214s
INFO:root:Epoch: 1775 lr: 0.01 train_loss: 43538.1289 train_distortion: 0.9013 train_mapscore: 0.0916 train_c: -1.1707 train_max_dist: 2.5223 train_imax: -0.0000 train_imin: -1.1707 time: 1.0508s
INFO:root:Epoch: 1780 lr: 0.01 train_loss: 43537.9219 train_distortion: 0.9013 train_mapscore: 0.0921 train_c: -1.1712 train_max_dist: 2.5252 train_imax: -0.0000 train_imin: -1.1712 time: 1.0382s
INFO:root:Epoch: 1785 lr: 0.01 train_loss: 43537.0508 train_distortion: 0.9013 train_mapscore: 0.0886 train_c: -1.1716 train_max_dist: 2.5218 train_imax: -0.0000 train_imin: -1.1716 time: 1.0273s
INFO:root:Epoch: 1790 lr: 0.01 train_loss: 43536.2695 train_distortion: 0.9013 train_mapscore: 0.0931 train_c: -1.1721 train_max_dist: 2.5218 train_imax: -0.0000 train_imin: -1.1721 time: 1.0139s
INFO:root:Epoch: 1795 lr: 0.01 train_loss: 43535.0195 train_distortion: 0.9013 train_mapscore: 0.0893 train_c: -1.1725 train_max_dist: 2.5236 train_imax: -0.0000 train_imin: -1.1725 time: 1.0289s
INFO:root:Epoch: 1800 lr: 0.01 train_loss: 43535.3867 train_distortion: 0.9013 train_mapscore: 0.0926 train_c: -1.1730 train_max_dist: 2.5262 train_imax: -0.0000 train_imin: -1.1730 time: 1.0308s
INFO:root:Epoch: 1805 lr: 0.01 train_loss: 43533.5117 train_distortion: 0.9013 train_mapscore: 0.0914 train_c: -1.1734 train_max_dist: 2.5240 train_imax: -0.0000 train_imin: -1.1734 time: 1.0198s
INFO:root:Epoch: 1810 lr: 0.01 train_loss: 43532.8438 train_distortion: 0.9013 train_mapscore: 0.0925 train_c: -1.1738 train_max_dist: 2.5250 train_imax: -0.0000 train_imin: -1.1738 time: 1.0229s
INFO:root:Epoch: 1815 lr: 0.01 train_loss: 43532.8477 train_distortion: 0.9013 train_mapscore: 0.0916 train_c: -1.1743 train_max_dist: 2.5245 train_imax: -0.0000 train_imin: -1.1743 time: 1.0282s
INFO:root:Epoch: 1820 lr: 0.01 train_loss: 43531.5625 train_distortion: 0.9013 train_mapscore: 0.0928 train_c: -1.1747 train_max_dist: 2.5253 train_imax: -0.0000 train_imin: -1.1747 time: 1.0193s
INFO:root:Epoch: 1825 lr: 0.01 train_loss: 43530.8008 train_distortion: 0.9013 train_mapscore: 0.0906 train_c: -1.1752 train_max_dist: 2.5253 train_imax: -0.0000 train_imin: -1.1752 time: 1.0108s
INFO:root:Epoch: 1830 lr: 0.01 train_loss: 43530.8438 train_distortion: 0.9013 train_mapscore: 0.0931 train_c: -1.1756 train_max_dist: 2.5274 train_imax: -0.0000 train_imin: -1.1756 time: 1.0322s
INFO:root:Epoch: 1835 lr: 0.01 train_loss: 43529.0547 train_distortion: 0.9013 train_mapscore: 0.0915 train_c: -1.1761 train_max_dist: 2.5263 train_imax: -0.0000 train_imin: -1.1761 time: 1.0195s
INFO:root:Epoch: 1840 lr: 0.01 train_loss: 43528.2578 train_distortion: 0.9012 train_mapscore: 0.0919 train_c: -1.1765 train_max_dist: 2.5271 train_imax: -0.0000 train_imin: -1.1765 time: 1.0629s
INFO:root:Epoch: 1845 lr: 0.01 train_loss: 43527.5625 train_distortion: 0.9012 train_mapscore: 0.0920 train_c: -1.1770 train_max_dist: 2.5290 train_imax: -0.0000 train_imin: -1.1770 time: 1.0338s
INFO:root:Epoch: 1850 lr: 0.01 train_loss: 43526.7656 train_distortion: 0.9012 train_mapscore: 0.0913 train_c: -1.1774 train_max_dist: 2.5281 train_imax: -0.0000 train_imin: -1.1774 time: 1.0133s
INFO:root:Epoch: 1855 lr: 0.01 train_loss: 43527.1484 train_distortion: 0.9012 train_mapscore: 0.0934 train_c: -1.1779 train_max_dist: 2.5291 train_imax: -0.0000 train_imin: -1.1779 time: 1.0300s
INFO:root:Epoch: 1860 lr: 0.01 train_loss: 43525.8750 train_distortion: 0.9012 train_mapscore: 0.0909 train_c: -1.1783 train_max_dist: 2.5286 train_imax: -0.0000 train_imin: -1.1783 time: 1.0465s
INFO:root:Epoch: 1865 lr: 0.01 train_loss: 43524.9062 train_distortion: 0.9012 train_mapscore: 0.0928 train_c: -1.1787 train_max_dist: 2.5312 train_imax: -0.0000 train_imin: -1.1787 time: 1.0267s
INFO:root:Epoch: 1870 lr: 0.01 train_loss: 43524.6094 train_distortion: 0.9012 train_mapscore: 0.0906 train_c: -1.1792 train_max_dist: 2.5301 train_imax: -0.0000 train_imin: -1.1792 time: 1.0109s
INFO:root:Epoch: 1875 lr: 0.01 train_loss: 43523.4531 train_distortion: 0.9012 train_mapscore: 0.0941 train_c: -1.1796 train_max_dist: 2.5291 train_imax: -0.0000 train_imin: -1.1796 time: 1.0141s
INFO:root:Epoch: 1880 lr: 0.01 train_loss: 43522.0000 train_distortion: 0.9012 train_mapscore: 0.0924 train_c: -1.1801 train_max_dist: 2.5313 train_imax: -0.0000 train_imin: -1.1801 time: 1.0151s
INFO:root:Epoch: 1885 lr: 0.01 train_loss: 43521.2539 train_distortion: 0.9012 train_mapscore: 0.0918 train_c: -1.1805 train_max_dist: 2.5311 train_imax: -0.0000 train_imin: -1.1805 time: 1.0185s
INFO:root:Epoch: 1890 lr: 0.01 train_loss: 43521.0078 train_distortion: 0.9012 train_mapscore: 0.0936 train_c: -1.1810 train_max_dist: 2.5324 train_imax: -0.0000 train_imin: -1.1810 time: 1.0360s
INFO:root:Epoch: 1895 lr: 0.01 train_loss: 43520.1133 train_distortion: 0.9012 train_mapscore: 0.0957 train_c: -1.1814 train_max_dist: 2.5324 train_imax: -0.0000 train_imin: -1.1814 time: 1.0201s
INFO:root:Epoch: 1900 lr: 0.01 train_loss: 43519.3359 train_distortion: 0.9012 train_mapscore: 0.0913 train_c: -1.1819 train_max_dist: 2.5323 train_imax: -0.0000 train_imin: -1.1819 time: 1.0207s
INFO:root:Epoch: 1905 lr: 0.01 train_loss: 43519.4414 train_distortion: 0.9012 train_mapscore: 0.0948 train_c: -1.1823 train_max_dist: 2.5304 train_imax: -0.0000 train_imin: -1.1823 time: 1.0559s
INFO:root:Epoch: 1910 lr: 0.01 train_loss: 43518.6172 train_distortion: 0.9012 train_mapscore: 0.0908 train_c: -1.1827 train_max_dist: 2.5321 train_imax: -0.0000 train_imin: -1.1827 time: 1.0138s
INFO:root:Epoch: 1915 lr: 0.01 train_loss: 43517.6094 train_distortion: 0.9012 train_mapscore: 0.0943 train_c: -1.1832 train_max_dist: 2.5347 train_imax: -0.0000 train_imin: -1.1832 time: 1.0275s
INFO:root:Epoch: 1920 lr: 0.01 train_loss: 43516.9844 train_distortion: 0.9012 train_mapscore: 0.0908 train_c: -1.1836 train_max_dist: 2.5322 train_imax: -0.0000 train_imin: -1.1836 time: 1.0116s
INFO:root:Epoch: 1925 lr: 0.01 train_loss: 43515.9961 train_distortion: 0.9012 train_mapscore: 0.0928 train_c: -1.1841 train_max_dist: 2.5339 train_imax: -0.0000 train_imin: -1.1841 time: 1.0376s
INFO:root:Epoch: 1930 lr: 0.01 train_loss: 43514.5078 train_distortion: 0.9011 train_mapscore: 0.0918 train_c: -1.1845 train_max_dist: 2.5349 train_imax: -0.0000 train_imin: -1.1845 time: 1.0225s
INFO:root:Epoch: 1935 lr: 0.01 train_loss: 43513.9727 train_distortion: 0.9011 train_mapscore: 0.0914 train_c: -1.1850 train_max_dist: 2.5341 train_imax: -0.0000 train_imin: -1.1850 time: 1.0240s
INFO:root:Epoch: 1940 lr: 0.01 train_loss: 43514.6992 train_distortion: 0.9011 train_mapscore: 0.0964 train_c: -1.1854 train_max_dist: 2.5344 train_imax: -0.0000 train_imin: -1.1854 time: 1.0264s
INFO:root:Epoch: 1945 lr: 0.01 train_loss: 43512.3320 train_distortion: 0.9011 train_mapscore: 0.0928 train_c: -1.1858 train_max_dist: 2.5360 train_imax: -0.0000 train_imin: -1.1858 time: 1.0271s
INFO:root:Epoch: 1950 lr: 0.01 train_loss: 43511.1602 train_distortion: 0.9011 train_mapscore: 0.0910 train_c: -1.1863 train_max_dist: 2.5342 train_imax: -0.0000 train_imin: -1.1863 time: 1.0213s
INFO:root:Epoch: 1955 lr: 0.01 train_loss: 43511.6328 train_distortion: 0.9011 train_mapscore: 0.0931 train_c: -1.1867 train_max_dist: 2.5347 train_imax: -0.0000 train_imin: -1.1867 time: 1.0232s
INFO:root:Epoch: 1960 lr: 0.01 train_loss: 43510.4453 train_distortion: 0.9011 train_mapscore: 0.0934 train_c: -1.1872 train_max_dist: 2.5395 train_imax: -0.0000 train_imin: -1.1872 time: 1.0243s
INFO:root:Epoch: 1965 lr: 0.01 train_loss: 43509.4648 train_distortion: 0.9011 train_mapscore: 0.0917 train_c: -1.1876 train_max_dist: 2.5369 train_imax: -0.0000 train_imin: -1.1876 time: 1.0343s
INFO:root:Epoch: 1970 lr: 0.01 train_loss: 43508.2500 train_distortion: 0.9011 train_mapscore: 0.0940 train_c: -1.1881 train_max_dist: 2.5386 train_imax: -0.0000 train_imin: -1.1881 time: 1.0388s
INFO:root:Epoch: 1975 lr: 0.01 train_loss: 43507.2773 train_distortion: 0.9011 train_mapscore: 0.0947 train_c: -1.1885 train_max_dist: 2.5388 train_imax: -0.0000 train_imin: -1.1885 time: 1.0206s
INFO:root:Epoch: 1980 lr: 0.01 train_loss: 43507.3555 train_distortion: 0.9011 train_mapscore: 0.0922 train_c: -1.1889 train_max_dist: 2.5403 train_imax: -0.0000 train_imin: -1.1889 time: 1.0082s
INFO:root:Epoch: 1985 lr: 0.01 train_loss: 43506.4141 train_distortion: 0.9011 train_mapscore: 0.0912 train_c: -1.1894 train_max_dist: 2.5384 train_imax: -0.0000 train_imin: -1.1894 time: 1.0248s
INFO:root:Epoch: 1990 lr: 0.01 train_loss: 43506.0742 train_distortion: 0.9011 train_mapscore: 0.0942 train_c: -1.1898 train_max_dist: 2.5391 train_imax: -0.0000 train_imin: -1.1898 time: 1.0150s
INFO:root:Epoch: 1995 lr: 0.01 train_loss: 43505.0508 train_distortion: 0.9011 train_mapscore: 0.0933 train_c: -1.1903 train_max_dist: 2.5400 train_imax: -0.0000 train_imin: -1.1903 time: 1.0115s
INFO:root:Epoch: 2000 lr: 0.0025 train_loss: 43504.7188 train_distortion: 0.9011 train_mapscore: 0.0968 train_c: -1.1907 train_max_dist: 2.5416 train_imax: -0.0000 train_imin: -1.1907 time: 1.0164s
INFO:root:Optimization Finished!
INFO:root:Total time elapsed: 2035.1066s
INFO:root:Val set results: val_distortion: 1.0000 val_mapscore: -1.0000 val_c: -1.0000 val_max_dist: 0.0000
INFO:root:Test set results: test_loss: 43504.3906 test_distortion: 0.9011 test_mapscore: 0.0929 test_c: -1.1908 test_max_dist: 2.5388 test_imax: -0.0000 test_imin: -1.1908
INFO:root:Saved model in /workspace/xiongbo/hgcn/logs/md/2021_5_27/9
