INFO:root:Using: cuda:0
INFO:root:Using seed 1234.
INFO:root:MDModel(
  (encoder): HGCN(
    (layers): Sequential(
      (0): HyperbolicGraphConvolution(
        (linear): HypLinear(
          in_features=2641, out_features=10, c=Parameter containing:
          tensor([-1.], requires_grad=True)
        )
        (agg): HypAgg(
          c=Parameter containing:
          tensor([-1.], requires_grad=True)
        )
        (hyp_act): HypAct(
          c_in=Parameter containing:
          tensor([-1.], requires_grad=True), c_out=Parameter containing:
          tensor([-1.], requires_grad=True)
        )
      )
    )
  )
  (decoder): MDDecoder()
)
INFO:root:Total number of parameters: 26422
/workspace/anaconda3/envs/geo/lib/python3.7/site-packages/torch/optim/lr_scheduler.py:370: UserWarning: To get the last learning rate computed by the scheduler, please use `get_last_lr()`.
  "please use `get_last_lr()`.", UserWarning)
INFO:root:Epoch: 0005 lr: 0.01 train_loss: 49226.3281 train_distortion: 0.9574 train_mapscore: 0.1228 train_c: -0.9999 train_max_dist: 1.9042 train_imax: -0.0000 train_imin: -1.0332 time: 1.1569s
INFO:root:Epoch: 0010 lr: 0.01 train_loss: 47717.8672 train_distortion: 0.9386 train_mapscore: 0.1678 train_c: -1.0003 train_max_dist: 2.1074 train_imax: -0.0000 train_imin: -1.0028 time: 1.0868s
INFO:root:Epoch: 0015 lr: 0.01 train_loss: 47022.0508 train_distortion: 0.9305 train_mapscore: 0.1846 train_c: -1.0008 train_max_dist: 2.2451 train_imax: -0.0000 train_imin: -1.0014 time: 1.0703s
INFO:root:Epoch: 0020 lr: 0.01 train_loss: 46619.9062 train_distortion: 0.9260 train_mapscore: 0.1883 train_c: -1.0014 train_max_dist: 2.3010 train_imax: -0.0000 train_imin: -1.0014 time: 1.0375s
INFO:root:Epoch: 0025 lr: 0.01 train_loss: 46317.6406 train_distortion: 0.9226 train_mapscore: 0.1869 train_c: -1.0019 train_max_dist: 2.3175 train_imax: -0.0000 train_imin: -1.0019 time: 1.0237s
INFO:root:Epoch: 0030 lr: 0.01 train_loss: 46046.5938 train_distortion: 0.9193 train_mapscore: 0.1853 train_c: -1.0025 train_max_dist: 2.3233 train_imax: -0.0000 train_imin: -1.0025 time: 1.0290s
INFO:root:Epoch: 0035 lr: 0.01 train_loss: 45780.3789 train_distortion: 0.9159 train_mapscore: 0.1775 train_c: -1.0031 train_max_dist: 2.3870 train_imax: -0.0000 train_imin: -1.0031 time: 1.0267s
INFO:root:Epoch: 0040 lr: 0.01 train_loss: 45519.5000 train_distortion: 0.9124 train_mapscore: 0.1668 train_c: -1.0037 train_max_dist: 2.4134 train_imax: -0.0000 train_imin: -1.0037 time: 1.0788s
INFO:root:Epoch: 0045 lr: 0.01 train_loss: 45262.1172 train_distortion: 0.9088 train_mapscore: 0.1560 train_c: -1.0043 train_max_dist: 2.4258 train_imax: -0.0000 train_imin: -1.0043 time: 1.0431s
INFO:root:Epoch: 0050 lr: 0.01 train_loss: 45013.0234 train_distortion: 0.9054 train_mapscore: 0.1484 train_c: -1.0050 train_max_dist: 2.4472 train_imax: -0.0000 train_imin: -1.0050 time: 1.0624s
INFO:root:Epoch: 0055 lr: 0.01 train_loss: 44778.3047 train_distortion: 0.9020 train_mapscore: 0.1403 train_c: -1.0056 train_max_dist: 2.4523 train_imax: -0.0000 train_imin: -1.0056 time: 1.0603s
INFO:root:Epoch: 0060 lr: 0.01 train_loss: 44560.2891 train_distortion: 0.8989 train_mapscore: 0.1336 train_c: -1.0063 train_max_dist: 2.4657 train_imax: -0.0000 train_imin: -1.0063 time: 1.0627s
INFO:root:Epoch: 0065 lr: 0.01 train_loss: 44362.8867 train_distortion: 0.8960 train_mapscore: 0.1239 train_c: -1.0069 train_max_dist: 2.4719 train_imax: -0.0000 train_imin: -1.0069 time: 1.0594s
INFO:root:Epoch: 0070 lr: 0.01 train_loss: 44191.0859 train_distortion: 0.8934 train_mapscore: 0.1178 train_c: -1.0076 train_max_dist: 2.4798 train_imax: -0.0000 train_imin: -1.0076 time: 1.0729s
INFO:root:Epoch: 0075 lr: 0.01 train_loss: 44042.2461 train_distortion: 0.8912 train_mapscore: 0.1092 train_c: -1.0083 train_max_dist: 2.4856 train_imax: -0.0000 train_imin: -1.0083 time: 1.0702s
INFO:root:Epoch: 0080 lr: 0.01 train_loss: 43915.1094 train_distortion: 0.8893 train_mapscore: 0.1041 train_c: -1.0089 train_max_dist: 2.5052 train_imax: -0.0000 train_imin: -1.0089 time: 1.0701s
INFO:root:Epoch: 0085 lr: 0.01 train_loss: 43805.6172 train_distortion: 0.8878 train_mapscore: 0.1021 train_c: -1.0096 train_max_dist: 2.5445 train_imax: -0.0000 train_imin: -1.0096 time: 1.0700s
INFO:root:Epoch: 0090 lr: 0.01 train_loss: 43712.1797 train_distortion: 0.8864 train_mapscore: 0.0969 train_c: -1.0103 train_max_dist: 2.5773 train_imax: -0.0000 train_imin: -1.0103 time: 1.0827s
INFO:root:Epoch: 0095 lr: 0.01 train_loss: 43630.3281 train_distortion: 0.8853 train_mapscore: 0.0938 train_c: -1.0110 train_max_dist: 2.6057 train_imax: -0.0000 train_imin: -1.0110 time: 1.1029s
INFO:root:Epoch: 0100 lr: 0.01 train_loss: 43559.5312 train_distortion: 0.8844 train_mapscore: 0.0915 train_c: -1.0117 train_max_dist: 2.6068 train_imax: -0.0000 train_imin: -1.0117 time: 1.0960s
INFO:root:Epoch: 0105 lr: 0.01 train_loss: 43497.8164 train_distortion: 0.8836 train_mapscore: 0.0889 train_c: -1.0123 train_max_dist: 2.6621 train_imax: -0.0000 train_imin: -1.0123 time: 1.1234s
INFO:root:Epoch: 0110 lr: 0.01 train_loss: 43443.3750 train_distortion: 0.8829 train_mapscore: 0.0890 train_c: -1.0130 train_max_dist: 2.7087 train_imax: -0.0000 train_imin: -1.0130 time: 1.0950s
INFO:root:Epoch: 0115 lr: 0.01 train_loss: 43395.1875 train_distortion: 0.8824 train_mapscore: 0.0890 train_c: -1.0137 train_max_dist: 2.7624 train_imax: -0.0000 train_imin: -1.0137 time: 1.0895s
INFO:root:Epoch: 0120 lr: 0.01 train_loss: 43352.8672 train_distortion: 0.8819 train_mapscore: 0.0866 train_c: -1.0143 train_max_dist: 2.7759 train_imax: -0.0000 train_imin: -1.0143 time: 1.0851s
INFO:root:Epoch: 0125 lr: 0.01 train_loss: 43314.0234 train_distortion: 0.8814 train_mapscore: 0.0861 train_c: -1.0150 train_max_dist: 2.8055 train_imax: -0.0000 train_imin: -1.0150 time: 1.0893s
INFO:root:Epoch: 0130 lr: 0.01 train_loss: 43278.8203 train_distortion: 0.8810 train_mapscore: 0.0835 train_c: -1.0156 train_max_dist: 2.8088 train_imax: -0.0000 train_imin: -1.0156 time: 1.1010s
INFO:root:Epoch: 0135 lr: 0.01 train_loss: 43245.7656 train_distortion: 0.8807 train_mapscore: 0.0855 train_c: -1.0163 train_max_dist: 2.7914 train_imax: -0.0000 train_imin: -1.0163 time: 1.0824s
INFO:root:Epoch: 0140 lr: 0.01 train_loss: 43215.0430 train_distortion: 0.8803 train_mapscore: 0.0834 train_c: -1.0169 train_max_dist: 2.7731 train_imax: -0.0000 train_imin: -1.0169 time: 1.0857s
INFO:root:Epoch: 0145 lr: 0.01 train_loss: 43186.1797 train_distortion: 0.8800 train_mapscore: 0.0833 train_c: -1.0176 train_max_dist: 2.8003 train_imax: -0.0000 train_imin: -1.0176 time: 1.0851s
INFO:root:Epoch: 0150 lr: 0.01 train_loss: 43159.7578 train_distortion: 0.8797 train_mapscore: 0.0833 train_c: -1.0182 train_max_dist: 2.8211 train_imax: -0.0000 train_imin: -1.0182 time: 1.0906s
INFO:root:Epoch: 0155 lr: 0.01 train_loss: 43133.9414 train_distortion: 0.8794 train_mapscore: 0.0815 train_c: -1.0188 train_max_dist: 2.8525 train_imax: -0.0000 train_imin: -1.0188 time: 1.1049s
INFO:root:Epoch: 0160 lr: 0.01 train_loss: 43110.0859 train_distortion: 0.8792 train_mapscore: 0.0814 train_c: -1.0194 train_max_dist: 2.8590 train_imax: -0.0000 train_imin: -1.0194 time: 1.1471s
INFO:root:Epoch: 0165 lr: 0.01 train_loss: 43087.4453 train_distortion: 0.8789 train_mapscore: 0.0794 train_c: -1.0200 train_max_dist: 2.8780 train_imax: -0.0000 train_imin: -1.0200 time: 1.0901s
INFO:root:Epoch: 0170 lr: 0.01 train_loss: 43065.3945 train_distortion: 0.8787 train_mapscore: 0.0797 train_c: -1.0207 train_max_dist: 2.8787 train_imax: -0.0000 train_imin: -1.0207 time: 1.1023s
INFO:root:Epoch: 0175 lr: 0.01 train_loss: 43043.7812 train_distortion: 0.8785 train_mapscore: 0.0791 train_c: -1.0213 train_max_dist: 2.8862 train_imax: -0.0000 train_imin: -1.0213 time: 1.0994s
INFO:root:Epoch: 0180 lr: 0.01 train_loss: 43023.8438 train_distortion: 0.8784 train_mapscore: 0.0775 train_c: -1.0219 train_max_dist: 2.8847 train_imax: -0.0000 train_imin: -1.0219 time: 1.0905s
INFO:root:Epoch: 0185 lr: 0.01 train_loss: 43004.3867 train_distortion: 0.8782 train_mapscore: 0.0762 train_c: -1.0225 train_max_dist: 2.8868 train_imax: -0.0000 train_imin: -1.0225 time: 1.1077s
INFO:root:Epoch: 0190 lr: 0.01 train_loss: 42985.8281 train_distortion: 0.8780 train_mapscore: 0.0767 train_c: -1.0231 train_max_dist: 2.8866 train_imax: -0.0000 train_imin: -1.0231 time: 1.0935s
INFO:root:Epoch: 0195 lr: 0.01 train_loss: 42968.5000 train_distortion: 0.8779 train_mapscore: 0.0778 train_c: -1.0237 train_max_dist: 2.8869 train_imax: -0.0000 train_imin: -1.0237 time: 1.0970s
INFO:root:Epoch: 0200 lr: 0.01 train_loss: 42952.0938 train_distortion: 0.8778 train_mapscore: 0.0758 train_c: -1.0242 train_max_dist: 2.8870 train_imax: -0.0000 train_imin: -1.0242 time: 1.0954s
INFO:root:Epoch: 0205 lr: 0.01 train_loss: 42936.6914 train_distortion: 0.8776 train_mapscore: 0.0777 train_c: -1.0248 train_max_dist: 2.8771 train_imax: -0.0000 train_imin: -1.0248 time: 1.1004s
INFO:root:Epoch: 0210 lr: 0.01 train_loss: 42921.6445 train_distortion: 0.8775 train_mapscore: 0.0761 train_c: -1.0254 train_max_dist: 2.8733 train_imax: -0.0000 train_imin: -1.0254 time: 1.0979s
INFO:root:Epoch: 0215 lr: 0.01 train_loss: 42907.8945 train_distortion: 0.8773 train_mapscore: 0.0766 train_c: -1.0260 train_max_dist: 2.8601 train_imax: -0.0000 train_imin: -1.0260 time: 1.1279s
INFO:root:Epoch: 0220 lr: 0.01 train_loss: 42895.0000 train_distortion: 0.8772 train_mapscore: 0.0767 train_c: -1.0266 train_max_dist: 2.8461 train_imax: -0.0000 train_imin: -1.0266 time: 1.0973s
INFO:root:Epoch: 0225 lr: 0.01 train_loss: 42882.6953 train_distortion: 0.8771 train_mapscore: 0.0770 train_c: -1.0272 train_max_dist: 2.8703 train_imax: -0.0000 train_imin: -1.0272 time: 1.0895s
INFO:root:Epoch: 0230 lr: 0.01 train_loss: 42870.8906 train_distortion: 0.8770 train_mapscore: 0.0771 train_c: -1.0278 train_max_dist: 2.8801 train_imax: -0.0000 train_imin: -1.0278 time: 1.0948s
INFO:root:Epoch: 0235 lr: 0.01 train_loss: 42859.1992 train_distortion: 0.8769 train_mapscore: 0.0757 train_c: -1.0283 train_max_dist: 2.9085 train_imax: -0.0000 train_imin: -1.0283 time: 1.0933s
INFO:root:Epoch: 0240 lr: 0.01 train_loss: 42848.0586 train_distortion: 0.8768 train_mapscore: 0.0773 train_c: -1.0289 train_max_dist: 2.9074 train_imax: -0.0000 train_imin: -1.0289 time: 1.1052s
INFO:root:Epoch: 0245 lr: 0.01 train_loss: 42837.4766 train_distortion: 0.8767 train_mapscore: 0.0759 train_c: -1.0295 train_max_dist: 2.8987 train_imax: -0.0000 train_imin: -1.0295 time: 1.0931s
INFO:root:Epoch: 0250 lr: 0.01 train_loss: 42827.7812 train_distortion: 0.8766 train_mapscore: 0.0776 train_c: -1.0301 train_max_dist: 2.8763 train_imax: -0.0000 train_imin: -1.0301 time: 1.0972s
INFO:root:Epoch: 0255 lr: 0.01 train_loss: 42818.3125 train_distortion: 0.8765 train_mapscore: 0.0780 train_c: -1.0306 train_max_dist: 2.8736 train_imax: -0.0000 train_imin: -1.0306 time: 1.0960s
INFO:root:Epoch: 0260 lr: 0.01 train_loss: 42808.7734 train_distortion: 0.8764 train_mapscore: 0.0770 train_c: -1.0312 train_max_dist: 2.8747 train_imax: -0.0000 train_imin: -1.0312 time: 1.0951s
INFO:root:Epoch: 0265 lr: 0.01 train_loss: 42799.6484 train_distortion: 0.8763 train_mapscore: 0.0763 train_c: -1.0318 train_max_dist: 2.8772 train_imax: -0.0000 train_imin: -1.0318 time: 1.1114s
INFO:root:Epoch: 0270 lr: 0.01 train_loss: 42791.4062 train_distortion: 0.8762 train_mapscore: 0.0747 train_c: -1.0323 train_max_dist: 2.8754 train_imax: -0.0000 train_imin: -1.0323 time: 1.1367s
INFO:root:Epoch: 0275 lr: 0.01 train_loss: 42782.3711 train_distortion: 0.8761 train_mapscore: 0.0740 train_c: -1.0329 train_max_dist: 2.9052 train_imax: -0.0000 train_imin: -1.0329 time: 1.0961s
INFO:root:Epoch: 0280 lr: 0.01 train_loss: 42774.0625 train_distortion: 0.8760 train_mapscore: 0.0744 train_c: -1.0335 train_max_dist: 2.8892 train_imax: -0.0000 train_imin: -1.0335 time: 1.1709s
INFO:root:Epoch: 0285 lr: 0.01 train_loss: 42765.8672 train_distortion: 0.8759 train_mapscore: 0.0742 train_c: -1.0340 train_max_dist: 2.8860 train_imax: -0.0000 train_imin: -1.0340 time: 1.0976s
INFO:root:Epoch: 0290 lr: 0.01 train_loss: 42757.8516 train_distortion: 0.8758 train_mapscore: 0.0740 train_c: -1.0346 train_max_dist: 2.8952 train_imax: -0.0000 train_imin: -1.0346 time: 1.1002s
INFO:root:Epoch: 0295 lr: 0.01 train_loss: 42750.4844 train_distortion: 0.8757 train_mapscore: 0.0741 train_c: -1.0351 train_max_dist: 2.8898 train_imax: -0.0000 train_imin: -1.0351 time: 1.0994s
INFO:root:Epoch: 0300 lr: 0.01 train_loss: 42743.2266 train_distortion: 0.8756 train_mapscore: 0.0728 train_c: -1.0357 train_max_dist: 2.8957 train_imax: -0.0000 train_imin: -1.0357 time: 1.1124s
INFO:root:Epoch: 0305 lr: 0.01 train_loss: 42736.2891 train_distortion: 0.8755 train_mapscore: 0.0724 train_c: -1.0362 train_max_dist: 2.9045 train_imax: -0.0000 train_imin: -1.0362 time: 1.1123s
INFO:root:Epoch: 0310 lr: 0.01 train_loss: 42729.6328 train_distortion: 0.8755 train_mapscore: 0.0737 train_c: -1.0368 train_max_dist: 2.8971 train_imax: -0.0000 train_imin: -1.0368 time: 1.1078s
INFO:root:Epoch: 0315 lr: 0.01 train_loss: 42722.9609 train_distortion: 0.8754 train_mapscore: 0.0734 train_c: -1.0373 train_max_dist: 2.9019 train_imax: -0.0000 train_imin: -1.0373 time: 1.1205s
INFO:root:Epoch: 0320 lr: 0.01 train_loss: 42716.0820 train_distortion: 0.8753 train_mapscore: 0.0724 train_c: -1.0379 train_max_dist: 2.9040 train_imax: -0.0000 train_imin: -1.0379 time: 1.1122s
INFO:root:Epoch: 0325 lr: 0.01 train_loss: 42709.1289 train_distortion: 0.8752 train_mapscore: 0.0733 train_c: -1.0384 train_max_dist: 2.9053 train_imax: -0.0000 train_imin: -1.0384 time: 1.1421s
INFO:root:Epoch: 0330 lr: 0.01 train_loss: 42702.5195 train_distortion: 0.8751 train_mapscore: 0.0727 train_c: -1.0390 train_max_dist: 2.8958 train_imax: -0.0000 train_imin: -1.0390 time: 1.1031s
INFO:root:Epoch: 0335 lr: 0.01 train_loss: 42695.8281 train_distortion: 0.8750 train_mapscore: 0.0719 train_c: -1.0395 train_max_dist: 2.8991 train_imax: -0.0000 train_imin: -1.0395 time: 1.1129s
INFO:root:Epoch: 0340 lr: 0.01 train_loss: 42690.3867 train_distortion: 0.8750 train_mapscore: 0.0711 train_c: -1.0401 train_max_dist: 2.9092 train_imax: -0.0000 train_imin: -1.0401 time: 1.1139s
INFO:root:Epoch: 0345 lr: 0.01 train_loss: 42684.8633 train_distortion: 0.8749 train_mapscore: 0.0693 train_c: -1.0406 train_max_dist: 2.9161 train_imax: -0.0000 train_imin: -1.0406 time: 1.1163s
INFO:root:Epoch: 0350 lr: 0.01 train_loss: 42680.4375 train_distortion: 0.8748 train_mapscore: 0.0707 train_c: -1.0411 train_max_dist: 2.9143 train_imax: -0.0000 train_imin: -1.0411 time: 1.1066s
INFO:root:Epoch: 0355 lr: 0.01 train_loss: 42676.2930 train_distortion: 0.8748 train_mapscore: 0.0716 train_c: -1.0417 train_max_dist: 2.9114 train_imax: -0.0000 train_imin: -1.0417 time: 1.0968s
INFO:root:Epoch: 0360 lr: 0.01 train_loss: 42672.2852 train_distortion: 0.8747 train_mapscore: 0.0710 train_c: -1.0422 train_max_dist: 2.9188 train_imax: -0.0000 train_imin: -1.0422 time: 1.1033s
INFO:root:Epoch: 0365 lr: 0.01 train_loss: 42668.1875 train_distortion: 0.8747 train_mapscore: 0.0709 train_c: -1.0428 train_max_dist: 2.9306 train_imax: -0.0000 train_imin: -1.0428 time: 1.0930s
INFO:root:Epoch: 0370 lr: 0.01 train_loss: 42664.5391 train_distortion: 0.8746 train_mapscore: 0.0707 train_c: -1.0433 train_max_dist: 2.9289 train_imax: -0.0000 train_imin: -1.0433 time: 1.1030s
INFO:root:Epoch: 0375 lr: 0.01 train_loss: 42660.6484 train_distortion: 0.8746 train_mapscore: 0.0709 train_c: -1.0438 train_max_dist: 2.9348 train_imax: -0.0000 train_imin: -1.0438 time: 1.0942s
INFO:root:Epoch: 0380 lr: 0.01 train_loss: 42657.1914 train_distortion: 0.8746 train_mapscore: 0.0720 train_c: -1.0444 train_max_dist: 2.9271 train_imax: -0.0000 train_imin: -1.0444 time: 1.1332s
INFO:root:Epoch: 0385 lr: 0.01 train_loss: 42653.4688 train_distortion: 0.8745 train_mapscore: 0.0725 train_c: -1.0449 train_max_dist: 2.9364 train_imax: -0.0000 train_imin: -1.0449 time: 1.0880s
INFO:root:Epoch: 0390 lr: 0.01 train_loss: 42649.7930 train_distortion: 0.8744 train_mapscore: 0.0724 train_c: -1.0454 train_max_dist: 2.9459 train_imax: -0.0000 train_imin: -1.0454 time: 1.0826s
INFO:root:Epoch: 0395 lr: 0.01 train_loss: 42646.2422 train_distortion: 0.8744 train_mapscore: 0.0724 train_c: -1.0460 train_max_dist: 2.9318 train_imax: -0.0000 train_imin: -1.0460 time: 1.0833s
INFO:root:Epoch: 0400 lr: 0.01 train_loss: 42642.8750 train_distortion: 0.8744 train_mapscore: 0.0732 train_c: -1.0465 train_max_dist: 2.9431 train_imax: -0.0000 train_imin: -1.0465 time: 1.0983s
INFO:root:Epoch: 0405 lr: 0.01 train_loss: 42639.0508 train_distortion: 0.8743 train_mapscore: 0.0728 train_c: -1.0470 train_max_dist: 2.9528 train_imax: -0.0000 train_imin: -1.0470 time: 1.0989s
INFO:root:Epoch: 0410 lr: 0.01 train_loss: 42635.7852 train_distortion: 0.8743 train_mapscore: 0.0726 train_c: -1.0476 train_max_dist: 2.9480 train_imax: -0.0000 train_imin: -1.0476 time: 1.0962s
INFO:root:Epoch: 0415 lr: 0.01 train_loss: 42632.1562 train_distortion: 0.8742 train_mapscore: 0.0721 train_c: -1.0481 train_max_dist: 2.9514 train_imax: -0.0000 train_imin: -1.0481 time: 1.1191s
INFO:root:Epoch: 0420 lr: 0.01 train_loss: 42628.6992 train_distortion: 0.8742 train_mapscore: 0.0726 train_c: -1.0486 train_max_dist: 2.9559 train_imax: -0.0000 train_imin: -1.0486 time: 1.1081s
INFO:root:Epoch: 0425 lr: 0.01 train_loss: 42625.3047 train_distortion: 0.8741 train_mapscore: 0.0728 train_c: -1.0491 train_max_dist: 2.9590 train_imax: -0.0000 train_imin: -1.0491 time: 1.1162s
INFO:root:Epoch: 0430 lr: 0.01 train_loss: 42622.1953 train_distortion: 0.8741 train_mapscore: 0.0716 train_c: -1.0497 train_max_dist: 2.9419 train_imax: -0.0000 train_imin: -1.0497 time: 1.1128s
INFO:root:Epoch: 0435 lr: 0.01 train_loss: 42619.4062 train_distortion: 0.8740 train_mapscore: 0.0719 train_c: -1.0502 train_max_dist: 2.9474 train_imax: -0.0000 train_imin: -1.0502 time: 1.1276s
INFO:root:Epoch: 0440 lr: 0.01 train_loss: 42616.0859 train_distortion: 0.8740 train_mapscore: 0.0716 train_c: -1.0507 train_max_dist: 2.9532 train_imax: -0.0000 train_imin: -1.0507 time: 1.1140s
INFO:root:Epoch: 0445 lr: 0.01 train_loss: 42612.9414 train_distortion: 0.8739 train_mapscore: 0.0733 train_c: -1.0512 train_max_dist: 2.9560 train_imax: -0.0000 train_imin: -1.0512 time: 1.1116s
INFO:root:Epoch: 0450 lr: 0.01 train_loss: 42610.1797 train_distortion: 0.8739 train_mapscore: 0.0743 train_c: -1.0518 train_max_dist: 2.9424 train_imax: -0.0000 train_imin: -1.0518 time: 1.0956s
INFO:root:Epoch: 0455 lr: 0.01 train_loss: 42606.8984 train_distortion: 0.8738 train_mapscore: 0.0729 train_c: -1.0523 train_max_dist: 2.9556 train_imax: -0.0000 train_imin: -1.0523 time: 1.1039s
INFO:root:Epoch: 0460 lr: 0.01 train_loss: 42603.5547 train_distortion: 0.8738 train_mapscore: 0.0713 train_c: -1.0528 train_max_dist: 2.9528 train_imax: -0.0000 train_imin: -1.0528 time: 1.1086s
INFO:root:Epoch: 0465 lr: 0.01 train_loss: 42600.0234 train_distortion: 0.8737 train_mapscore: 0.0727 train_c: -1.0533 train_max_dist: 2.9586 train_imax: -0.0000 train_imin: -1.0533 time: 1.1074s
INFO:root:Epoch: 0470 lr: 0.01 train_loss: 42596.5859 train_distortion: 0.8737 train_mapscore: 0.0720 train_c: -1.0539 train_max_dist: 2.9503 train_imax: -0.0000 train_imin: -1.0539 time: 1.0975s
INFO:root:Epoch: 0475 lr: 0.01 train_loss: 42593.0469 train_distortion: 0.8736 train_mapscore: 0.0721 train_c: -1.0544 train_max_dist: 2.9540 train_imax: -0.0000 train_imin: -1.0544 time: 1.0909s
INFO:root:Epoch: 0480 lr: 0.01 train_loss: 42589.6641 train_distortion: 0.8736 train_mapscore: 0.0711 train_c: -1.0549 train_max_dist: 2.9391 train_imax: -0.0000 train_imin: -1.0549 time: 1.0985s
INFO:root:Epoch: 0485 lr: 0.01 train_loss: 42586.8125 train_distortion: 0.8736 train_mapscore: 0.0704 train_c: -1.0554 train_max_dist: 2.9483 train_imax: -0.0000 train_imin: -1.0554 time: 1.1072s
INFO:root:Epoch: 0490 lr: 0.01 train_loss: 42583.7969 train_distortion: 0.8735 train_mapscore: 0.0709 train_c: -1.0559 train_max_dist: 2.9503 train_imax: -0.0000 train_imin: -1.0559 time: 1.1386s
INFO:root:Epoch: 0495 lr: 0.01 train_loss: 42581.1562 train_distortion: 0.8735 train_mapscore: 0.0714 train_c: -1.0564 train_max_dist: 2.9565 train_imax: -0.0000 train_imin: -1.0564 time: 1.0978s
INFO:root:Epoch: 0500 lr: 0.01 train_loss: 42578.4062 train_distortion: 0.8735 train_mapscore: 0.0719 train_c: -1.0570 train_max_dist: 2.9485 train_imax: -0.0000 train_imin: -1.0570 time: 1.1007s
INFO:root:Epoch: 0505 lr: 0.01 train_loss: 42575.4805 train_distortion: 0.8734 train_mapscore: 0.0730 train_c: -1.0575 train_max_dist: 2.9538 train_imax: -0.0000 train_imin: -1.0575 time: 1.0985s
INFO:root:Epoch: 0510 lr: 0.01 train_loss: 42572.9102 train_distortion: 0.8734 train_mapscore: 0.0732 train_c: -1.0580 train_max_dist: 2.9486 train_imax: -0.0000 train_imin: -1.0580 time: 1.0884s
INFO:root:Epoch: 0515 lr: 0.01 train_loss: 42570.1484 train_distortion: 0.8734 train_mapscore: 0.0725 train_c: -1.0585 train_max_dist: 2.9580 train_imax: -0.0000 train_imin: -1.0585 time: 1.0978s
INFO:root:Epoch: 0520 lr: 0.01 train_loss: 42567.3789 train_distortion: 0.8734 train_mapscore: 0.0721 train_c: -1.0590 train_max_dist: 2.9534 train_imax: -0.0000 train_imin: -1.0590 time: 1.0916s
INFO:root:Epoch: 0525 lr: 0.01 train_loss: 42564.5312 train_distortion: 0.8733 train_mapscore: 0.0720 train_c: -1.0595 train_max_dist: 2.9507 train_imax: -0.0000 train_imin: -1.0595 time: 1.0962s
INFO:root:Epoch: 0530 lr: 0.01 train_loss: 42562.0039 train_distortion: 0.8733 train_mapscore: 0.0722 train_c: -1.0601 train_max_dist: 2.9634 train_imax: -0.0000 train_imin: -1.0601 time: 1.0929s
INFO:root:Epoch: 0535 lr: 0.01 train_loss: 42559.4062 train_distortion: 0.8733 train_mapscore: 0.0707 train_c: -1.0606 train_max_dist: 2.9553 train_imax: -0.0000 train_imin: -1.0606 time: 1.1918s
INFO:root:Epoch: 0540 lr: 0.01 train_loss: 42556.7656 train_distortion: 0.8732 train_mapscore: 0.0718 train_c: -1.0611 train_max_dist: 2.9609 train_imax: -0.0000 train_imin: -1.0611 time: 1.0951s
INFO:root:Epoch: 0545 lr: 0.01 train_loss: 42554.2031 train_distortion: 0.8732 train_mapscore: 0.0714 train_c: -1.0616 train_max_dist: 2.9624 train_imax: -0.0000 train_imin: -1.0616 time: 1.1319s
INFO:root:Epoch: 0550 lr: 0.01 train_loss: 42551.6172 train_distortion: 0.8732 train_mapscore: 0.0715 train_c: -1.0621 train_max_dist: 2.9601 train_imax: -0.0000 train_imin: -1.0621 time: 1.1091s
INFO:root:Epoch: 0555 lr: 0.01 train_loss: 42548.8828 train_distortion: 0.8731 train_mapscore: 0.0723 train_c: -1.0626 train_max_dist: 2.9627 train_imax: -0.0000 train_imin: -1.0626 time: 1.0868s
INFO:root:Epoch: 0560 lr: 0.01 train_loss: 42546.0547 train_distortion: 0.8731 train_mapscore: 0.0711 train_c: -1.0631 train_max_dist: 2.9668 train_imax: -0.0000 train_imin: -1.0631 time: 1.0984s
INFO:root:Epoch: 0565 lr: 0.01 train_loss: 42543.7383 train_distortion: 0.8731 train_mapscore: 0.0711 train_c: -1.0637 train_max_dist: 2.9665 train_imax: -0.0000 train_imin: -1.0637 time: 1.0930s
INFO:root:Epoch: 0570 lr: 0.01 train_loss: 42540.8906 train_distortion: 0.8730 train_mapscore: 0.0709 train_c: -1.0642 train_max_dist: 2.9688 train_imax: -0.0000 train_imin: -1.0642 time: 1.1070s
INFO:root:Epoch: 0575 lr: 0.01 train_loss: 42538.4922 train_distortion: 0.8730 train_mapscore: 0.0721 train_c: -1.0647 train_max_dist: 2.9609 train_imax: -0.0000 train_imin: -1.0647 time: 1.1475s
INFO:root:Epoch: 0580 lr: 0.01 train_loss: 42535.6328 train_distortion: 0.8730 train_mapscore: 0.0722 train_c: -1.0652 train_max_dist: 2.9639 train_imax: -0.0000 train_imin: -1.0652 time: 1.0978s
INFO:root:Epoch: 0585 lr: 0.01 train_loss: 42533.2617 train_distortion: 0.8729 train_mapscore: 0.0723 train_c: -1.0657 train_max_dist: 2.9668 train_imax: -0.0000 train_imin: -1.0657 time: 1.1073s
INFO:root:Epoch: 0590 lr: 0.01 train_loss: 42530.4766 train_distortion: 0.8729 train_mapscore: 0.0713 train_c: -1.0662 train_max_dist: 2.9710 train_imax: -0.0000 train_imin: -1.0662 time: 1.0888s
INFO:root:Epoch: 0595 lr: 0.01 train_loss: 42527.9844 train_distortion: 0.8729 train_mapscore: 0.0723 train_c: -1.0667 train_max_dist: 2.9669 train_imax: -0.0000 train_imin: -1.0667 time: 1.1124s
INFO:root:Epoch: 0600 lr: 0.01 train_loss: 42525.4648 train_distortion: 0.8729 train_mapscore: 0.0729 train_c: -1.0672 train_max_dist: 2.9665 train_imax: -0.0000 train_imin: -1.0672 time: 1.1263s
INFO:root:Epoch: 0605 lr: 0.01 train_loss: 42522.7578 train_distortion: 0.8728 train_mapscore: 0.0738 train_c: -1.0677 train_max_dist: 2.9701 train_imax: -0.0000 train_imin: -1.0677 time: 1.0989s
INFO:root:Epoch: 0610 lr: 0.01 train_loss: 42520.3320 train_distortion: 0.8728 train_mapscore: 0.0724 train_c: -1.0682 train_max_dist: 2.9716 train_imax: -0.0000 train_imin: -1.0682 time: 1.0994s
INFO:root:Epoch: 0615 lr: 0.01 train_loss: 42517.9453 train_distortion: 0.8728 train_mapscore: 0.0732 train_c: -1.0687 train_max_dist: 2.9638 train_imax: -0.0000 train_imin: -1.0687 time: 1.1008s
INFO:root:Epoch: 0620 lr: 0.01 train_loss: 42515.4570 train_distortion: 0.8727 train_mapscore: 0.0738 train_c: -1.0692 train_max_dist: 2.9676 train_imax: -0.0000 train_imin: -1.0692 time: 1.0922s
INFO:root:Epoch: 0625 lr: 0.01 train_loss: 42513.1250 train_distortion: 0.8727 train_mapscore: 0.0754 train_c: -1.0698 train_max_dist: 2.9592 train_imax: -0.0000 train_imin: -1.0698 time: 1.0939s
INFO:root:Epoch: 0630 lr: 0.01 train_loss: 42510.4062 train_distortion: 0.8727 train_mapscore: 0.0738 train_c: -1.0703 train_max_dist: 2.9608 train_imax: -0.0000 train_imin: -1.0703 time: 1.0965s
INFO:root:Epoch: 0635 lr: 0.01 train_loss: 42507.8125 train_distortion: 0.8726 train_mapscore: 0.0745 train_c: -1.0708 train_max_dist: 2.9622 train_imax: -0.0000 train_imin: -1.0708 time: 1.0969s
INFO:root:Epoch: 0640 lr: 0.01 train_loss: 42505.4219 train_distortion: 0.8726 train_mapscore: 0.0760 train_c: -1.0713 train_max_dist: 2.9593 train_imax: -0.0000 train_imin: -1.0713 time: 1.1079s
INFO:root:Epoch: 0645 lr: 0.01 train_loss: 42502.7188 train_distortion: 0.8726 train_mapscore: 0.0755 train_c: -1.0718 train_max_dist: 2.9663 train_imax: -0.0000 train_imin: -1.0718 time: 1.1058s
INFO:root:Epoch: 0650 lr: 0.01 train_loss: 42499.8203 train_distortion: 0.8725 train_mapscore: 0.0751 train_c: -1.0723 train_max_dist: 2.9708 train_imax: -0.0000 train_imin: -1.0723 time: 1.1003s
INFO:root:Epoch: 0655 lr: 0.01 train_loss: 42496.8906 train_distortion: 0.8725 train_mapscore: 0.0752 train_c: -1.0728 train_max_dist: 2.9618 train_imax: -0.0000 train_imin: -1.0728 time: 1.1254s
INFO:root:Epoch: 0660 lr: 0.01 train_loss: 42493.2891 train_distortion: 0.8725 train_mapscore: 0.0741 train_c: -1.0733 train_max_dist: 2.9603 train_imax: -0.0000 train_imin: -1.0733 time: 1.1169s
INFO:root:Epoch: 0665 lr: 0.01 train_loss: 42489.9727 train_distortion: 0.8724 train_mapscore: 0.0752 train_c: -1.0738 train_max_dist: 2.9683 train_imax: -0.0000 train_imin: -1.0738 time: 1.1024s
INFO:root:Epoch: 0670 lr: 0.01 train_loss: 42486.9453 train_distortion: 0.8724 train_mapscore: 0.0746 train_c: -1.0743 train_max_dist: 2.9685 train_imax: -0.0000 train_imin: -1.0743 time: 1.0962s
INFO:root:Epoch: 0675 lr: 0.01 train_loss: 42484.3594 train_distortion: 0.8724 train_mapscore: 0.0742 train_c: -1.0748 train_max_dist: 2.9771 train_imax: -0.0000 train_imin: -1.0748 time: 1.1047s
INFO:root:Epoch: 0680 lr: 0.01 train_loss: 42481.5117 train_distortion: 0.8723 train_mapscore: 0.0743 train_c: -1.0753 train_max_dist: 2.9691 train_imax: -0.0000 train_imin: -1.0753 time: 1.0981s
INFO:root:Epoch: 0685 lr: 0.01 train_loss: 42478.9375 train_distortion: 0.8723 train_mapscore: 0.0760 train_c: -1.0758 train_max_dist: 2.9677 train_imax: -0.0000 train_imin: -1.0758 time: 1.0953s
INFO:root:Epoch: 0690 lr: 0.01 train_loss: 42475.7617 train_distortion: 0.8723 train_mapscore: 0.0741 train_c: -1.0763 train_max_dist: 2.9753 train_imax: -0.0000 train_imin: -1.0763 time: 1.1198s
INFO:root:Epoch: 0695 lr: 0.01 train_loss: 42472.9180 train_distortion: 0.8722 train_mapscore: 0.0728 train_c: -1.0768 train_max_dist: 2.9757 train_imax: -0.0000 train_imin: -1.0768 time: 1.0979s
INFO:root:Epoch: 0700 lr: 0.01 train_loss: 42470.3203 train_distortion: 0.8722 train_mapscore: 0.0738 train_c: -1.0773 train_max_dist: 2.9742 train_imax: -0.0000 train_imin: -1.0773 time: 1.1131s
INFO:root:Epoch: 0705 lr: 0.01 train_loss: 42467.8594 train_distortion: 0.8722 train_mapscore: 0.0748 train_c: -1.0778 train_max_dist: 2.9738 train_imax: -0.0000 train_imin: -1.0778 time: 1.0971s
INFO:root:Epoch: 0710 lr: 0.01 train_loss: 42465.5742 train_distortion: 0.8722 train_mapscore: 0.0738 train_c: -1.0783 train_max_dist: 2.9838 train_imax: -0.0000 train_imin: -1.0783 time: 1.1230s
INFO:root:Epoch: 0715 lr: 0.01 train_loss: 42463.1875 train_distortion: 0.8721 train_mapscore: 0.0744 train_c: -1.0788 train_max_dist: 2.9803 train_imax: -0.0000 train_imin: -1.0788 time: 1.0892s
INFO:root:Epoch: 0720 lr: 0.01 train_loss: 42460.6562 train_distortion: 0.8721 train_mapscore: 0.0757 train_c: -1.0793 train_max_dist: 2.9811 train_imax: -0.0000 train_imin: -1.0793 time: 1.0846s
INFO:root:Epoch: 0725 lr: 0.01 train_loss: 42458.6445 train_distortion: 0.8721 train_mapscore: 0.0748 train_c: -1.0798 train_max_dist: 2.9771 train_imax: -0.0000 train_imin: -1.0798 time: 1.0986s
INFO:root:Epoch: 0730 lr: 0.01 train_loss: 42456.3164 train_distortion: 0.8721 train_mapscore: 0.0762 train_c: -1.0803 train_max_dist: 2.9791 train_imax: -0.0000 train_imin: -1.0803 time: 1.0941s
INFO:root:Epoch: 0735 lr: 0.01 train_loss: 42453.7383 train_distortion: 0.8721 train_mapscore: 0.0774 train_c: -1.0808 train_max_dist: 2.9814 train_imax: -0.0000 train_imin: -1.0808 time: 1.0906s
INFO:root:Epoch: 0740 lr: 0.01 train_loss: 42451.1680 train_distortion: 0.8721 train_mapscore: 0.0760 train_c: -1.0813 train_max_dist: 2.9622 train_imax: -0.0000 train_imin: -1.0813 time: 1.0807s
INFO:root:Epoch: 0745 lr: 0.01 train_loss: 42448.6484 train_distortion: 0.8721 train_mapscore: 0.0751 train_c: -1.0817 train_max_dist: 2.9815 train_imax: -0.0000 train_imin: -1.0817 time: 1.0885s
INFO:root:Epoch: 0750 lr: 0.01 train_loss: 42446.1094 train_distortion: 0.8721 train_mapscore: 0.0745 train_c: -1.0822 train_max_dist: 2.9631 train_imax: -0.0000 train_imin: -1.0822 time: 1.0832s
INFO:root:Epoch: 0755 lr: 0.01 train_loss: 42443.3438 train_distortion: 0.8720 train_mapscore: 0.0750 train_c: -1.0827 train_max_dist: 2.9751 train_imax: -0.0000 train_imin: -1.0827 time: 1.0821s
INFO:root:Epoch: 0760 lr: 0.01 train_loss: 42440.8008 train_distortion: 0.8720 train_mapscore: 0.0745 train_c: -1.0832 train_max_dist: 2.9715 train_imax: -0.0000 train_imin: -1.0832 time: 1.0987s
INFO:root:Epoch: 0765 lr: 0.01 train_loss: 42438.2266 train_distortion: 0.8720 train_mapscore: 0.0757 train_c: -1.0837 train_max_dist: 2.9781 train_imax: -0.0000 train_imin: -1.0837 time: 1.1305s
INFO:root:Epoch: 0770 lr: 0.01 train_loss: 42435.3203 train_distortion: 0.8720 train_mapscore: 0.0764 train_c: -1.0842 train_max_dist: 2.9700 train_imax: -0.0000 train_imin: -1.0842 time: 1.0836s
INFO:root:Epoch: 0775 lr: 0.01 train_loss: 42432.8516 train_distortion: 0.8720 train_mapscore: 0.0756 train_c: -1.0847 train_max_dist: 2.9714 train_imax: -0.0000 train_imin: -1.0847 time: 1.0988s
INFO:root:Epoch: 0780 lr: 0.01 train_loss: 42430.4375 train_distortion: 0.8719 train_mapscore: 0.0757 train_c: -1.0852 train_max_dist: 2.9753 train_imax: -0.0000 train_imin: -1.0852 time: 1.0827s
INFO:root:Epoch: 0785 lr: 0.01 train_loss: 42428.0742 train_distortion: 0.8719 train_mapscore: 0.0761 train_c: -1.0857 train_max_dist: 2.9718 train_imax: -0.0000 train_imin: -1.0857 time: 1.1001s
INFO:root:Epoch: 0790 lr: 0.01 train_loss: 42426.0273 train_distortion: 0.8719 train_mapscore: 0.0770 train_c: -1.0862 train_max_dist: 2.9753 train_imax: -0.0000 train_imin: -1.0862 time: 1.0920s
INFO:root:Epoch: 0795 lr: 0.01 train_loss: 42423.7812 train_distortion: 0.8719 train_mapscore: 0.0755 train_c: -1.0867 train_max_dist: 2.9789 train_imax: -0.0000 train_imin: -1.0867 time: 1.1072s
INFO:root:Epoch: 0800 lr: 0.01 train_loss: 42421.7148 train_distortion: 0.8719 train_mapscore: 0.0761 train_c: -1.0872 train_max_dist: 2.9818 train_imax: -0.0000 train_imin: -1.0872 time: 1.0822s
INFO:root:Epoch: 0805 lr: 0.01 train_loss: 42419.5312 train_distortion: 0.8718 train_mapscore: 0.0781 train_c: -1.0877 train_max_dist: 2.9809 train_imax: -0.0000 train_imin: -1.0877 time: 1.0943s
INFO:root:Epoch: 0810 lr: 0.01 train_loss: 42417.4023 train_distortion: 0.8718 train_mapscore: 0.0761 train_c: -1.0882 train_max_dist: 2.9870 train_imax: -0.0000 train_imin: -1.0882 time: 1.0965s
INFO:root:Epoch: 0815 lr: 0.01 train_loss: 42415.3242 train_distortion: 0.8718 train_mapscore: 0.0776 train_c: -1.0887 train_max_dist: 2.9848 train_imax: -0.0000 train_imin: -1.0887 time: 1.0949s
INFO:root:Epoch: 0820 lr: 0.01 train_loss: 42413.0664 train_distortion: 0.8718 train_mapscore: 0.0767 train_c: -1.0892 train_max_dist: 2.9806 train_imax: -0.0000 train_imin: -1.0892 time: 1.1170s
INFO:root:Epoch: 0825 lr: 0.01 train_loss: 42411.2031 train_distortion: 0.8718 train_mapscore: 0.0783 train_c: -1.0897 train_max_dist: 2.9806 train_imax: -0.0000 train_imin: -1.0897 time: 1.0856s
INFO:root:Epoch: 0830 lr: 0.01 train_loss: 42409.0664 train_distortion: 0.8718 train_mapscore: 0.0778 train_c: -1.0902 train_max_dist: 2.9892 train_imax: -0.0000 train_imin: -1.0902 time: 1.0878s
INFO:root:Epoch: 0835 lr: 0.01 train_loss: 42406.9492 train_distortion: 0.8717 train_mapscore: 0.0785 train_c: -1.0906 train_max_dist: 2.9818 train_imax: -0.0000 train_imin: -1.0906 time: 1.0867s
INFO:root:Epoch: 0840 lr: 0.01 train_loss: 42404.7773 train_distortion: 0.8717 train_mapscore: 0.0791 train_c: -1.0911 train_max_dist: 2.9892 train_imax: -0.0000 train_imin: -1.0911 time: 1.0844s
INFO:root:Epoch: 0845 lr: 0.01 train_loss: 42402.4922 train_distortion: 0.8717 train_mapscore: 0.0779 train_c: -1.0916 train_max_dist: 2.9915 train_imax: -0.0000 train_imin: -1.0916 time: 1.0827s
INFO:root:Epoch: 0850 lr: 0.01 train_loss: 42400.4258 train_distortion: 0.8717 train_mapscore: 0.0776 train_c: -1.0921 train_max_dist: 2.9851 train_imax: -0.0000 train_imin: -1.0921 time: 1.0833s
INFO:root:Epoch: 0855 lr: 0.01 train_loss: 42398.1914 train_distortion: 0.8717 train_mapscore: 0.0785 train_c: -1.0926 train_max_dist: 2.9881 train_imax: -0.0000 train_imin: -1.0926 time: 1.0831s
INFO:root:Epoch: 0860 lr: 0.01 train_loss: 42395.8438 train_distortion: 0.8717 train_mapscore: 0.0775 train_c: -1.0931 train_max_dist: 2.9911 train_imax: -0.0000 train_imin: -1.0931 time: 1.0831s
INFO:root:Epoch: 0865 lr: 0.01 train_loss: 42393.4375 train_distortion: 0.8716 train_mapscore: 0.0779 train_c: -1.0936 train_max_dist: 2.9818 train_imax: -0.0000 train_imin: -1.0936 time: 1.0988s
INFO:root:Epoch: 0870 lr: 0.01 train_loss: 42391.3203 train_distortion: 0.8716 train_mapscore: 0.0785 train_c: -1.0941 train_max_dist: 2.9914 train_imax: -0.0000 train_imin: -1.0941 time: 1.1051s
INFO:root:Epoch: 0875 lr: 0.01 train_loss: 42389.1562 train_distortion: 0.8716 train_mapscore: 0.0791 train_c: -1.0946 train_max_dist: 2.9894 train_imax: -0.0000 train_imin: -1.0946 time: 1.1192s
INFO:root:Epoch: 0880 lr: 0.01 train_loss: 42386.8750 train_distortion: 0.8716 train_mapscore: 0.0777 train_c: -1.0951 train_max_dist: 2.9992 train_imax: -0.0000 train_imin: -1.0951 time: 1.0980s
INFO:root:Epoch: 0885 lr: 0.01 train_loss: 42384.4766 train_distortion: 0.8716 train_mapscore: 0.0778 train_c: -1.0956 train_max_dist: 2.9860 train_imax: -0.0000 train_imin: -1.0956 time: 1.0916s
INFO:root:Epoch: 0890 lr: 0.01 train_loss: 42382.1406 train_distortion: 0.8715 train_mapscore: 0.0786 train_c: -1.0961 train_max_dist: 2.9849 train_imax: -0.0000 train_imin: -1.0961 time: 1.0986s
INFO:root:Epoch: 0895 lr: 0.01 train_loss: 42379.4258 train_distortion: 0.8715 train_mapscore: 0.0786 train_c: -1.0965 train_max_dist: 2.9910 train_imax: -0.0000 train_imin: -1.0965 time: 1.0930s
INFO:root:Epoch: 0900 lr: 0.01 train_loss: 42377.1875 train_distortion: 0.8715 train_mapscore: 0.0789 train_c: -1.0970 train_max_dist: 2.9852 train_imax: -0.0000 train_imin: -1.0970 time: 1.0872s
INFO:root:Epoch: 0905 lr: 0.01 train_loss: 42374.8047 train_distortion: 0.8715 train_mapscore: 0.0788 train_c: -1.0975 train_max_dist: 2.9857 train_imax: -0.0000 train_imin: -1.0975 time: 1.0994s
INFO:root:Epoch: 0910 lr: 0.01 train_loss: 42372.8125 train_distortion: 0.8715 train_mapscore: 0.0798 train_c: -1.0980 train_max_dist: 2.9901 train_imax: -0.0000 train_imin: -1.0980 time: 1.0848s
INFO:root:Epoch: 0915 lr: 0.01 train_loss: 42370.7344 train_distortion: 0.8715 train_mapscore: 0.0800 train_c: -1.0985 train_max_dist: 2.9924 train_imax: -0.0000 train_imin: -1.0985 time: 1.0835s
INFO:root:Epoch: 0920 lr: 0.01 train_loss: 42368.4453 train_distortion: 0.8714 train_mapscore: 0.0784 train_c: -1.0990 train_max_dist: 2.9823 train_imax: -0.0000 train_imin: -1.0990 time: 1.1122s
INFO:root:Epoch: 0925 lr: 0.01 train_loss: 42366.3047 train_distortion: 0.8714 train_mapscore: 0.0805 train_c: -1.0995 train_max_dist: 2.9943 train_imax: -0.0000 train_imin: -1.0995 time: 1.1052s
INFO:root:Epoch: 0930 lr: 0.01 train_loss: 42364.1406 train_distortion: 0.8714 train_mapscore: 0.0792 train_c: -1.1000 train_max_dist: 2.9886 train_imax: -0.0000 train_imin: -1.1000 time: 1.1203s
INFO:root:Epoch: 0935 lr: 0.01 train_loss: 42362.0742 train_distortion: 0.8714 train_mapscore: 0.0822 train_c: -1.1005 train_max_dist: 2.9801 train_imax: -0.0000 train_imin: -1.1005 time: 1.0959s
INFO:root:Epoch: 0940 lr: 0.01 train_loss: 42360.2070 train_distortion: 0.8714 train_mapscore: 0.0832 train_c: -1.1009 train_max_dist: 2.9829 train_imax: -0.0000 train_imin: -1.1009 time: 1.0935s
INFO:root:Epoch: 0945 lr: 0.01 train_loss: 42357.8984 train_distortion: 0.8714 train_mapscore: 0.0822 train_c: -1.1014 train_max_dist: 2.9991 train_imax: -0.0000 train_imin: -1.1014 time: 1.0947s
INFO:root:Epoch: 0950 lr: 0.01 train_loss: 42355.8008 train_distortion: 0.8713 train_mapscore: 0.0818 train_c: -1.1019 train_max_dist: 2.9988 train_imax: -0.0000 train_imin: -1.1019 time: 1.0873s
INFO:root:Epoch: 0955 lr: 0.01 train_loss: 42353.6250 train_distortion: 0.8713 train_mapscore: 0.0815 train_c: -1.1024 train_max_dist: 2.9933 train_imax: -0.0000 train_imin: -1.1024 time: 1.0876s
INFO:root:Epoch: 0960 lr: 0.01 train_loss: 42351.4688 train_distortion: 0.8713 train_mapscore: 0.0832 train_c: -1.1029 train_max_dist: 2.9939 train_imax: -0.0000 train_imin: -1.1029 time: 1.0862s
INFO:root:Epoch: 0965 lr: 0.01 train_loss: 42348.9570 train_distortion: 0.8713 train_mapscore: 0.0823 train_c: -1.1034 train_max_dist: 2.9974 train_imax: -0.0000 train_imin: -1.1034 time: 1.0876s
INFO:root:Epoch: 0970 lr: 0.01 train_loss: 42346.6797 train_distortion: 0.8713 train_mapscore: 0.0821 train_c: -1.1039 train_max_dist: 2.9938 train_imax: -0.0000 train_imin: -1.1039 time: 1.0962s
INFO:root:Epoch: 0975 lr: 0.01 train_loss: 42344.3750 train_distortion: 0.8713 train_mapscore: 0.0833 train_c: -1.1044 train_max_dist: 2.9966 train_imax: -0.0000 train_imin: -1.1044 time: 1.0941s
INFO:root:Epoch: 0980 lr: 0.01 train_loss: 42342.1523 train_distortion: 0.8713 train_mapscore: 0.0842 train_c: -1.1048 train_max_dist: 3.0004 train_imax: -0.0000 train_imin: -1.1048 time: 1.0915s
INFO:root:Epoch: 0985 lr: 0.01 train_loss: 42339.9766 train_distortion: 0.8713 train_mapscore: 0.0836 train_c: -1.1053 train_max_dist: 3.0030 train_imax: -0.0000 train_imin: -1.1053 time: 1.1100s
INFO:root:Epoch: 0990 lr: 0.01 train_loss: 42337.8320 train_distortion: 0.8712 train_mapscore: 0.0846 train_c: -1.1058 train_max_dist: 2.9932 train_imax: -0.0000 train_imin: -1.1058 time: 1.0905s
INFO:root:Epoch: 0995 lr: 0.01 train_loss: 42335.4766 train_distortion: 0.8712 train_mapscore: 0.0849 train_c: -1.1063 train_max_dist: 2.9954 train_imax: -0.0000 train_imin: -1.1063 time: 1.0886s
INFO:root:Epoch: 1000 lr: 0.01 train_loss: 42333.2930 train_distortion: 0.8712 train_mapscore: 0.0855 train_c: -1.1068 train_max_dist: 3.0017 train_imax: -0.0000 train_imin: -1.1068 time: 1.0868s
INFO:root:Epoch: 1005 lr: 0.01 train_loss: 42330.8047 train_distortion: 0.8712 train_mapscore: 0.0848 train_c: -1.1073 train_max_dist: 2.9982 train_imax: -0.0000 train_imin: -1.1073 time: 1.0953s
INFO:root:Epoch: 1010 lr: 0.01 train_loss: 42328.6562 train_distortion: 0.8712 train_mapscore: 0.0850 train_c: -1.1078 train_max_dist: 3.0011 train_imax: -0.0000 train_imin: -1.1078 time: 1.0870s
INFO:root:Epoch: 1015 lr: 0.01 train_loss: 42326.4453 train_distortion: 0.8711 train_mapscore: 0.0852 train_c: -1.1083 train_max_dist: 3.0024 train_imax: -0.0000 train_imin: -1.1083 time: 1.1053s
INFO:root:Epoch: 1020 lr: 0.01 train_loss: 42324.0312 train_distortion: 0.8711 train_mapscore: 0.0853 train_c: -1.1087 train_max_dist: 3.0045 train_imax: -0.0000 train_imin: -1.1087 time: 1.0881s
INFO:root:Epoch: 1025 lr: 0.01 train_loss: 42321.7812 train_distortion: 0.8711 train_mapscore: 0.0841 train_c: -1.1092 train_max_dist: 3.0041 train_imax: -0.0000 train_imin: -1.1092 time: 1.0970s
INFO:root:Epoch: 1030 lr: 0.01 train_loss: 42319.6914 train_distortion: 0.8711 train_mapscore: 0.0843 train_c: -1.1097 train_max_dist: 3.0070 train_imax: -0.0000 train_imin: -1.1097 time: 1.0788s
INFO:root:Epoch: 1035 lr: 0.01 train_loss: 42317.3203 train_distortion: 0.8711 train_mapscore: 0.0852 train_c: -1.1102 train_max_dist: 3.0112 train_imax: -0.0000 train_imin: -1.1102 time: 1.0924s
INFO:root:Epoch: 1040 lr: 0.01 train_loss: 42315.1836 train_distortion: 0.8711 train_mapscore: 0.0846 train_c: -1.1107 train_max_dist: 3.0114 train_imax: -0.0000 train_imin: -1.1107 time: 1.1160s
INFO:root:Epoch: 1045 lr: 0.01 train_loss: 42313.1016 train_distortion: 0.8710 train_mapscore: 0.0843 train_c: -1.1112 train_max_dist: 3.0142 train_imax: -0.0000 train_imin: -1.1112 time: 1.0840s
INFO:root:Epoch: 1050 lr: 0.01 train_loss: 42310.7266 train_distortion: 0.8710 train_mapscore: 0.0838 train_c: -1.1117 train_max_dist: 3.0175 train_imax: -0.0000 train_imin: -1.1117 time: 1.0836s
INFO:root:Epoch: 1055 lr: 0.01 train_loss: 42308.2500 train_distortion: 0.8710 train_mapscore: 0.0841 train_c: -1.1121 train_max_dist: 3.0153 train_imax: -0.0000 train_imin: -1.1121 time: 1.0754s
INFO:root:Epoch: 1060 lr: 0.01 train_loss: 42305.7656 train_distortion: 0.8710 train_mapscore: 0.0841 train_c: -1.1126 train_max_dist: 3.0201 train_imax: -0.0000 train_imin: -1.1126 time: 1.0813s
INFO:root:Epoch: 1065 lr: 0.01 train_loss: 42303.0781 train_distortion: 0.8709 train_mapscore: 0.0808 train_c: -1.1131 train_max_dist: 3.0170 train_imax: -0.0000 train_imin: -1.1131 time: 1.0800s
INFO:root:Epoch: 1070 lr: 0.01 train_loss: 42300.8906 train_distortion: 0.8709 train_mapscore: 0.0821 train_c: -1.1136 train_max_dist: 3.0170 train_imax: -0.0000 train_imin: -1.1136 time: 1.0891s
INFO:root:Epoch: 1075 lr: 0.01 train_loss: 42298.5000 train_distortion: 0.8709 train_mapscore: 0.0822 train_c: -1.1141 train_max_dist: 3.0179 train_imax: -0.0000 train_imin: -1.1141 time: 1.0995s
INFO:root:Epoch: 1080 lr: 0.01 train_loss: 42296.4844 train_distortion: 0.8709 train_mapscore: 0.0829 train_c: -1.1146 train_max_dist: 3.0101 train_imax: -0.0000 train_imin: -1.1146 time: 1.0726s
INFO:root:Epoch: 1085 lr: 0.01 train_loss: 42294.7422 train_distortion: 0.8708 train_mapscore: 0.0828 train_c: -1.1150 train_max_dist: 3.0157 train_imax: -0.0000 train_imin: -1.1150 time: 1.0872s
INFO:root:Epoch: 1090 lr: 0.01 train_loss: 42292.5508 train_distortion: 0.8708 train_mapscore: 0.0833 train_c: -1.1155 train_max_dist: 3.0208 train_imax: -0.0000 train_imin: -1.1155 time: 1.0873s
INFO:root:Epoch: 1095 lr: 0.01 train_loss: 42290.5312 train_distortion: 0.8708 train_mapscore: 0.0844 train_c: -1.1160 train_max_dist: 3.0281 train_imax: -0.0000 train_imin: -1.1160 time: 1.1143s
INFO:root:Epoch: 1100 lr: 0.01 train_loss: 42288.6484 train_distortion: 0.8708 train_mapscore: 0.0838 train_c: -1.1165 train_max_dist: 3.0305 train_imax: -0.0000 train_imin: -1.1165 time: 1.0721s
INFO:root:Epoch: 1105 lr: 0.01 train_loss: 42286.6680 train_distortion: 0.8707 train_mapscore: 0.0827 train_c: -1.1170 train_max_dist: 3.0202 train_imax: -0.0000 train_imin: -1.1170 time: 1.0713s
INFO:root:Epoch: 1110 lr: 0.01 train_loss: 42284.9766 train_distortion: 0.8707 train_mapscore: 0.0840 train_c: -1.1175 train_max_dist: 3.0214 train_imax: -0.0000 train_imin: -1.1175 time: 1.0917s
INFO:root:Epoch: 1115 lr: 0.01 train_loss: 42282.6797 train_distortion: 0.8707 train_mapscore: 0.0840 train_c: -1.1179 train_max_dist: 3.0171 train_imax: -0.0000 train_imin: -1.1179 time: 1.0866s
INFO:root:Epoch: 1120 lr: 0.01 train_loss: 42280.6836 train_distortion: 0.8707 train_mapscore: 0.0818 train_c: -1.1184 train_max_dist: 3.0190 train_imax: -0.0000 train_imin: -1.1184 time: 1.0890s
INFO:root:Epoch: 1125 lr: 0.01 train_loss: 42278.7500 train_distortion: 0.8707 train_mapscore: 0.0828 train_c: -1.1189 train_max_dist: 3.0293 train_imax: -0.0000 train_imin: -1.1189 time: 1.0765s
INFO:root:Epoch: 1130 lr: 0.01 train_loss: 42276.8750 train_distortion: 0.8707 train_mapscore: 0.0831 train_c: -1.1194 train_max_dist: 3.0351 train_imax: -0.0000 train_imin: -1.1194 time: 1.0900s
INFO:root:Epoch: 1135 lr: 0.01 train_loss: 42274.7188 train_distortion: 0.8706 train_mapscore: 0.0829 train_c: -1.1199 train_max_dist: 3.0312 train_imax: -0.0000 train_imin: -1.1199 time: 1.0747s
INFO:root:Epoch: 1140 lr: 0.01 train_loss: 42272.9883 train_distortion: 0.8706 train_mapscore: 0.0843 train_c: -1.1204 train_max_dist: 3.0315 train_imax: -0.0000 train_imin: -1.1204 time: 1.0854s
INFO:root:Epoch: 1145 lr: 0.01 train_loss: 42270.8477 train_distortion: 0.8706 train_mapscore: 0.0828 train_c: -1.1208 train_max_dist: 3.0305 train_imax: -0.0000 train_imin: -1.1208 time: 1.0781s
INFO:root:Epoch: 1150 lr: 0.01 train_loss: 42268.7734 train_distortion: 0.8706 train_mapscore: 0.0839 train_c: -1.1213 train_max_dist: 3.0272 train_imax: -0.0000 train_imin: -1.1213 time: 1.1128s
INFO:root:Epoch: 1155 lr: 0.01 train_loss: 42266.5430 train_distortion: 0.8706 train_mapscore: 0.0848 train_c: -1.1218 train_max_dist: 3.0267 train_imax: -0.0000 train_imin: -1.1218 time: 1.0789s
INFO:root:Epoch: 1160 lr: 0.01 train_loss: 42264.3516 train_distortion: 0.8706 train_mapscore: 0.0855 train_c: -1.1223 train_max_dist: 3.0364 train_imax: -0.0000 train_imin: -1.1223 time: 1.0806s
INFO:root:Epoch: 1165 lr: 0.01 train_loss: 42262.3516 train_distortion: 0.8706 train_mapscore: 0.0864 train_c: -1.1228 train_max_dist: 3.0368 train_imax: -0.0000 train_imin: -1.1228 time: 1.1008s
INFO:root:Epoch: 1170 lr: 0.01 train_loss: 42260.2500 train_distortion: 0.8706 train_mapscore: 0.0861 train_c: -1.1232 train_max_dist: 3.0430 train_imax: -0.0000 train_imin: -1.1232 time: 1.0837s
INFO:root:Epoch: 1175 lr: 0.01 train_loss: 42257.7969 train_distortion: 0.8705 train_mapscore: 0.0871 train_c: -1.1237 train_max_dist: 3.0391 train_imax: -0.0000 train_imin: -1.1237 time: 1.0762s
INFO:root:Epoch: 1180 lr: 0.01 train_loss: 42255.7383 train_distortion: 0.8705 train_mapscore: 0.0858 train_c: -1.1242 train_max_dist: 3.0360 train_imax: -0.0000 train_imin: -1.1242 time: 1.0978s
INFO:root:Epoch: 1185 lr: 0.01 train_loss: 42253.6719 train_distortion: 0.8705 train_mapscore: 0.0864 train_c: -1.1247 train_max_dist: 3.0346 train_imax: -0.0000 train_imin: -1.1247 time: 1.0898s
INFO:root:Epoch: 1190 lr: 0.01 train_loss: 42251.5352 train_distortion: 0.8705 train_mapscore: 0.0874 train_c: -1.1252 train_max_dist: 3.0417 train_imax: -0.0000 train_imin: -1.1252 time: 1.0803s
INFO:root:Epoch: 1195 lr: 0.01 train_loss: 42249.4531 train_distortion: 0.8705 train_mapscore: 0.0852 train_c: -1.1256 train_max_dist: 3.0387 train_imax: -0.0000 train_imin: -1.1256 time: 1.0782s
INFO:root:Epoch: 1200 lr: 0.01 train_loss: 42247.2383 train_distortion: 0.8705 train_mapscore: 0.0868 train_c: -1.1261 train_max_dist: 3.0308 train_imax: -0.0000 train_imin: -1.1261 time: 1.0732s
INFO:root:Epoch: 1205 lr: 0.01 train_loss: 42245.1523 train_distortion: 0.8704 train_mapscore: 0.0874 train_c: -1.1266 train_max_dist: 3.0406 train_imax: -0.0000 train_imin: -1.1266 time: 1.1114s
INFO:root:Epoch: 1210 lr: 0.01 train_loss: 42242.8906 train_distortion: 0.8704 train_mapscore: 0.0873 train_c: -1.1271 train_max_dist: 3.0327 train_imax: -0.0000 train_imin: -1.1271 time: 1.0757s
INFO:root:Epoch: 1215 lr: 0.01 train_loss: 42240.9531 train_distortion: 0.8704 train_mapscore: 0.0868 train_c: -1.1276 train_max_dist: 3.0443 train_imax: -0.0000 train_imin: -1.1276 time: 1.0884s
INFO:root:Epoch: 1220 lr: 0.01 train_loss: 42238.8359 train_distortion: 0.8704 train_mapscore: 0.0872 train_c: -1.1280 train_max_dist: 3.0400 train_imax: -0.0000 train_imin: -1.1280 time: 1.0838s
INFO:root:Epoch: 1225 lr: 0.01 train_loss: 42236.4297 train_distortion: 0.8704 train_mapscore: 0.0874 train_c: -1.1285 train_max_dist: 3.0395 train_imax: -0.0000 train_imin: -1.1285 time: 1.0880s
INFO:root:Epoch: 1230 lr: 0.01 train_loss: 42234.3984 train_distortion: 0.8703 train_mapscore: 0.0884 train_c: -1.1290 train_max_dist: 3.0509 train_imax: -0.0000 train_imin: -1.1290 time: 1.0796s
INFO:root:Epoch: 1235 lr: 0.01 train_loss: 42232.1758 train_distortion: 0.8703 train_mapscore: 0.0869 train_c: -1.1295 train_max_dist: 3.0468 train_imax: -0.0000 train_imin: -1.1295 time: 1.0761s
INFO:root:Epoch: 1240 lr: 0.01 train_loss: 42230.1953 train_distortion: 0.8703 train_mapscore: 0.0874 train_c: -1.1300 train_max_dist: 3.0471 train_imax: -0.0000 train_imin: -1.1300 time: 1.0983s
INFO:root:Epoch: 1245 lr: 0.01 train_loss: 42228.0547 train_distortion: 0.8703 train_mapscore: 0.0869 train_c: -1.1304 train_max_dist: 3.0488 train_imax: -0.0000 train_imin: -1.1304 time: 1.0888s
INFO:root:Epoch: 1250 lr: 0.01 train_loss: 42225.8281 train_distortion: 0.8702 train_mapscore: 0.0867 train_c: -1.1309 train_max_dist: 3.0433 train_imax: -0.0000 train_imin: -1.1309 time: 1.0914s
INFO:root:Epoch: 1255 lr: 0.01 train_loss: 42223.4688 train_distortion: 0.8702 train_mapscore: 0.0869 train_c: -1.1314 train_max_dist: 3.0507 train_imax: -0.0000 train_imin: -1.1314 time: 1.0803s
INFO:root:Epoch: 1260 lr: 0.01 train_loss: 42221.4219 train_distortion: 0.8702 train_mapscore: 0.0865 train_c: -1.1319 train_max_dist: 3.0515 train_imax: -0.0000 train_imin: -1.1319 time: 1.1074s
INFO:root:Epoch: 1265 lr: 0.01 train_loss: 42219.2734 train_distortion: 0.8701 train_mapscore: 0.0860 train_c: -1.1323 train_max_dist: 3.0463 train_imax: -0.0000 train_imin: -1.1323 time: 1.0709s
INFO:root:Epoch: 1270 lr: 0.01 train_loss: 42217.2227 train_distortion: 0.8701 train_mapscore: 0.0852 train_c: -1.1328 train_max_dist: 3.0493 train_imax: -0.0000 train_imin: -1.1328 time: 1.0880s
INFO:root:Epoch: 1275 lr: 0.01 train_loss: 42215.0078 train_distortion: 0.8701 train_mapscore: 0.0855 train_c: -1.1333 train_max_dist: 3.0525 train_imax: -0.0000 train_imin: -1.1333 time: 1.0847s
INFO:root:Epoch: 1280 lr: 0.01 train_loss: 42212.8594 train_distortion: 0.8701 train_mapscore: 0.0840 train_c: -1.1338 train_max_dist: 3.0508 train_imax: -0.0000 train_imin: -1.1338 time: 1.0900s
INFO:root:Epoch: 1285 lr: 0.01 train_loss: 42210.8320 train_distortion: 0.8700 train_mapscore: 0.0865 train_c: -1.1342 train_max_dist: 3.0540 train_imax: -0.0000 train_imin: -1.1342 time: 1.0822s
INFO:root:Epoch: 1290 lr: 0.01 train_loss: 42209.0938 train_distortion: 0.8700 train_mapscore: 0.0841 train_c: -1.1347 train_max_dist: 3.0580 train_imax: -0.0000 train_imin: -1.1347 time: 1.0809s
INFO:root:Epoch: 1295 lr: 0.01 train_loss: 42206.9180 train_distortion: 0.8700 train_mapscore: 0.0862 train_c: -1.1352 train_max_dist: 3.0486 train_imax: -0.0000 train_imin: -1.1352 time: 1.0739s
INFO:root:Epoch: 1300 lr: 0.01 train_loss: 42204.8984 train_distortion: 0.8700 train_mapscore: 0.0849 train_c: -1.1357 train_max_dist: 3.0538 train_imax: -0.0000 train_imin: -1.1357 time: 1.1061s
INFO:root:Epoch: 1305 lr: 0.01 train_loss: 42202.5703 train_distortion: 0.8699 train_mapscore: 0.0854 train_c: -1.1362 train_max_dist: 3.0527 train_imax: -0.0000 train_imin: -1.1362 time: 1.0910s
INFO:root:Epoch: 1310 lr: 0.01 train_loss: 42200.3125 train_distortion: 0.8699 train_mapscore: 0.0863 train_c: -1.1366 train_max_dist: 3.0517 train_imax: -0.0000 train_imin: -1.1366 time: 1.0860s
INFO:root:Epoch: 1315 lr: 0.01 train_loss: 42198.5234 train_distortion: 0.8699 train_mapscore: 0.0878 train_c: -1.1371 train_max_dist: 3.0597 train_imax: -0.0000 train_imin: -1.1371 time: 1.1048s
INFO:root:Epoch: 1320 lr: 0.01 train_loss: 42196.4766 train_distortion: 0.8699 train_mapscore: 0.0866 train_c: -1.1376 train_max_dist: 3.0507 train_imax: -0.0000 train_imin: -1.1376 time: 1.0801s
INFO:root:Epoch: 1325 lr: 0.01 train_loss: 42194.2500 train_distortion: 0.8699 train_mapscore: 0.0862 train_c: -1.1381 train_max_dist: 3.0567 train_imax: -0.0000 train_imin: -1.1381 time: 1.0857s
INFO:root:Epoch: 1330 lr: 0.01 train_loss: 42192.2344 train_distortion: 0.8699 train_mapscore: 0.0893 train_c: -1.1385 train_max_dist: 3.0533 train_imax: -0.0000 train_imin: -1.1385 time: 1.0819s
INFO:root:Epoch: 1335 lr: 0.01 train_loss: 42190.4375 train_distortion: 0.8698 train_mapscore: 0.0872 train_c: -1.1390 train_max_dist: 3.0488 train_imax: -0.0000 train_imin: -1.1390 time: 1.0697s
INFO:root:Epoch: 1340 lr: 0.01 train_loss: 42188.2031 train_distortion: 0.8698 train_mapscore: 0.0887 train_c: -1.1395 train_max_dist: 3.0571 train_imax: -0.0000 train_imin: -1.1395 time: 1.0952s
INFO:root:Epoch: 1345 lr: 0.01 train_loss: 42185.9453 train_distortion: 0.8698 train_mapscore: 0.0869 train_c: -1.1399 train_max_dist: 3.0568 train_imax: -0.0000 train_imin: -1.1399 time: 1.1071s
INFO:root:Epoch: 1350 lr: 0.01 train_loss: 42183.7852 train_distortion: 0.8697 train_mapscore: 0.0886 train_c: -1.1404 train_max_dist: 3.0546 train_imax: -0.0000 train_imin: -1.1404 time: 1.0919s
INFO:root:Epoch: 1355 lr: 0.01 train_loss: 42181.7656 train_distortion: 0.8697 train_mapscore: 0.0879 train_c: -1.1409 train_max_dist: 3.0625 train_imax: -0.0000 train_imin: -1.1409 time: 1.0771s
INFO:root:Epoch: 1360 lr: 0.01 train_loss: 42179.5703 train_distortion: 0.8697 train_mapscore: 0.0890 train_c: -1.1414 train_max_dist: 3.0531 train_imax: -0.0000 train_imin: -1.1414 time: 1.0897s
INFO:root:Epoch: 1365 lr: 0.01 train_loss: 42177.2500 train_distortion: 0.8697 train_mapscore: 0.0878 train_c: -1.1418 train_max_dist: 3.0510 train_imax: -0.0000 train_imin: -1.1418 time: 1.0806s
INFO:root:Epoch: 1370 lr: 0.01 train_loss: 42175.0430 train_distortion: 0.8696 train_mapscore: 0.0878 train_c: -1.1423 train_max_dist: 3.0600 train_imax: -0.0000 train_imin: -1.1423 time: 1.1146s
INFO:root:Epoch: 1375 lr: 0.01 train_loss: 42172.8750 train_distortion: 0.8696 train_mapscore: 0.0882 train_c: -1.1428 train_max_dist: 3.0562 train_imax: -0.0000 train_imin: -1.1428 time: 1.0912s
INFO:root:Epoch: 1380 lr: 0.01 train_loss: 42170.6133 train_distortion: 0.8696 train_mapscore: 0.0877 train_c: -1.1433 train_max_dist: 3.0646 train_imax: -0.0000 train_imin: -1.1433 time: 1.0878s
INFO:root:Epoch: 1385 lr: 0.01 train_loss: 42168.3281 train_distortion: 0.8695 train_mapscore: 0.0893 train_c: -1.1437 train_max_dist: 3.0665 train_imax: -0.0000 train_imin: -1.1437 time: 1.0912s
INFO:root:Epoch: 1390 lr: 0.01 train_loss: 42165.8086 train_distortion: 0.8695 train_mapscore: 0.0890 train_c: -1.1442 train_max_dist: 3.0729 train_imax: -0.0000 train_imin: -1.1442 time: 1.0877s
INFO:root:Epoch: 1395 lr: 0.01 train_loss: 42163.5586 train_distortion: 0.8695 train_mapscore: 0.0863 train_c: -1.1447 train_max_dist: 3.0710 train_imax: -0.0000 train_imin: -1.1447 time: 1.1010s
INFO:root:Epoch: 1400 lr: 0.01 train_loss: 42161.3594 train_distortion: 0.8694 train_mapscore: 0.0869 train_c: -1.1451 train_max_dist: 3.0626 train_imax: -0.0000 train_imin: -1.1451 time: 1.0778s
INFO:root:Epoch: 1405 lr: 0.01 train_loss: 42159.4180 train_distortion: 0.8694 train_mapscore: 0.0866 train_c: -1.1456 train_max_dist: 3.0679 train_imax: -0.0000 train_imin: -1.1456 time: 1.0832s
INFO:root:Epoch: 1410 lr: 0.01 train_loss: 42157.2773 train_distortion: 0.8694 train_mapscore: 0.0881 train_c: -1.1461 train_max_dist: 3.0661 train_imax: -0.0000 train_imin: -1.1461 time: 1.0819s
INFO:root:Epoch: 1415 lr: 0.01 train_loss: 42155.0664 train_distortion: 0.8694 train_mapscore: 0.0878 train_c: -1.1466 train_max_dist: 3.0678 train_imax: -0.0000 train_imin: -1.1466 time: 1.0782s
INFO:root:Epoch: 1420 lr: 0.01 train_loss: 42152.8008 train_distortion: 0.8693 train_mapscore: 0.0871 train_c: -1.1470 train_max_dist: 3.0694 train_imax: -0.0000 train_imin: -1.1470 time: 1.0906s
INFO:root:Epoch: 1425 lr: 0.01 train_loss: 42150.6641 train_distortion: 0.8693 train_mapscore: 0.0874 train_c: -1.1475 train_max_dist: 3.0568 train_imax: -0.0000 train_imin: -1.1475 time: 1.0980s
INFO:root:Epoch: 1430 lr: 0.01 train_loss: 42148.6094 train_distortion: 0.8693 train_mapscore: 0.0862 train_c: -1.1480 train_max_dist: 3.0627 train_imax: -0.0000 train_imin: -1.1480 time: 1.0975s
INFO:root:Epoch: 1435 lr: 0.01 train_loss: 42146.5547 train_distortion: 0.8693 train_mapscore: 0.0870 train_c: -1.1484 train_max_dist: 3.0664 train_imax: -0.0000 train_imin: -1.1484 time: 1.0976s
INFO:root:Epoch: 1440 lr: 0.01 train_loss: 42144.1641 train_distortion: 0.8693 train_mapscore: 0.0868 train_c: -1.1489 train_max_dist: 3.0634 train_imax: -0.0000 train_imin: -1.1489 time: 1.0720s
INFO:root:Epoch: 1445 lr: 0.01 train_loss: 42142.0039 train_distortion: 0.8693 train_mapscore: 0.0876 train_c: -1.1494 train_max_dist: 3.0686 train_imax: -0.0000 train_imin: -1.1494 time: 1.0921s
INFO:root:Epoch: 1450 lr: 0.01 train_loss: 42139.7188 train_distortion: 0.8692 train_mapscore: 0.0870 train_c: -1.1498 train_max_dist: 3.0565 train_imax: -0.0000 train_imin: -1.1498 time: 1.0876s
INFO:root:Epoch: 1455 lr: 0.01 train_loss: 42137.5391 train_distortion: 0.8692 train_mapscore: 0.0868 train_c: -1.1503 train_max_dist: 3.0617 train_imax: -0.0000 train_imin: -1.1503 time: 1.0775s
INFO:root:Epoch: 1460 lr: 0.01 train_loss: 42135.1406 train_distortion: 0.8692 train_mapscore: 0.0865 train_c: -1.1508 train_max_dist: 3.0665 train_imax: -0.0000 train_imin: -1.1508 time: 1.0776s
INFO:root:Epoch: 1465 lr: 0.01 train_loss: 42132.8359 train_distortion: 0.8692 train_mapscore: 0.0867 train_c: -1.1512 train_max_dist: 3.0650 train_imax: -0.0000 train_imin: -1.1512 time: 1.0924s
INFO:root:Epoch: 1470 lr: 0.01 train_loss: 42130.7109 train_distortion: 0.8692 train_mapscore: 0.0872 train_c: -1.1517 train_max_dist: 3.0634 train_imax: -0.0000 train_imin: -1.1517 time: 1.0908s
INFO:root:Epoch: 1475 lr: 0.01 train_loss: 42128.3555 train_distortion: 0.8691 train_mapscore: 0.0874 train_c: -1.1522 train_max_dist: 3.0632 train_imax: -0.0000 train_imin: -1.1522 time: 1.0922s
INFO:root:Epoch: 1480 lr: 0.01 train_loss: 42126.1523 train_distortion: 0.8691 train_mapscore: 0.0861 train_c: -1.1527 train_max_dist: 3.0601 train_imax: -0.0000 train_imin: -1.1527 time: 1.1158s
INFO:root:Epoch: 1485 lr: 0.01 train_loss: 42124.0391 train_distortion: 0.8691 train_mapscore: 0.0853 train_c: -1.1531 train_max_dist: 3.0565 train_imax: -0.0000 train_imin: -1.1531 time: 1.0828s
INFO:root:Epoch: 1490 lr: 0.01 train_loss: 42122.0664 train_distortion: 0.8691 train_mapscore: 0.0872 train_c: -1.1536 train_max_dist: 3.0473 train_imax: -0.0000 train_imin: -1.1536 time: 1.0904s
INFO:root:Epoch: 1495 lr: 0.01 train_loss: 42119.9180 train_distortion: 0.8691 train_mapscore: 0.0865 train_c: -1.1541 train_max_dist: 3.0486 train_imax: -0.0000 train_imin: -1.1541 time: 1.0768s
INFO:root:Epoch: 1500 lr: 0.01 train_loss: 42117.9531 train_distortion: 0.8690 train_mapscore: 0.0869 train_c: -1.1545 train_max_dist: 3.0506 train_imax: -0.0000 train_imin: -1.1545 time: 1.0742s
INFO:root:Epoch: 1505 lr: 0.01 train_loss: 42115.9258 train_distortion: 0.8690 train_mapscore: 0.0863 train_c: -1.1550 train_max_dist: 3.0440 train_imax: -0.0000 train_imin: -1.1550 time: 1.1121s
INFO:root:Epoch: 1510 lr: 0.01 train_loss: 42113.9180 train_distortion: 0.8690 train_mapscore: 0.0864 train_c: -1.1555 train_max_dist: 3.0432 train_imax: -0.0000 train_imin: -1.1555 time: 1.0709s
INFO:root:Epoch: 1515 lr: 0.01 train_loss: 42112.0547 train_distortion: 0.8690 train_mapscore: 0.0867 train_c: -1.1559 train_max_dist: 3.0435 train_imax: -0.0000 train_imin: -1.1559 time: 1.1006s
INFO:root:Epoch: 1520 lr: 0.01 train_loss: 42109.8828 train_distortion: 0.8690 train_mapscore: 0.0845 train_c: -1.1564 train_max_dist: 3.0378 train_imax: -0.0000 train_imin: -1.1564 time: 1.0902s
INFO:root:Epoch: 1525 lr: 0.01 train_loss: 42107.7148 train_distortion: 0.8690 train_mapscore: 0.0883 train_c: -1.1569 train_max_dist: 3.0349 train_imax: -0.0000 train_imin: -1.1569 time: 1.0880s
INFO:root:Epoch: 1530 lr: 0.01 train_loss: 42105.6484 train_distortion: 0.8689 train_mapscore: 0.0888 train_c: -1.1573 train_max_dist: 3.0450 train_imax: -0.0000 train_imin: -1.1573 time: 1.0990s
INFO:root:Epoch: 1535 lr: 0.01 train_loss: 42103.4609 train_distortion: 0.8689 train_mapscore: 0.0873 train_c: -1.1578 train_max_dist: 3.0456 train_imax: -0.0000 train_imin: -1.1578 time: 1.1122s
INFO:root:Epoch: 1540 lr: 0.01 train_loss: 42101.5000 train_distortion: 0.8689 train_mapscore: 0.0873 train_c: -1.1583 train_max_dist: 3.0382 train_imax: -0.0000 train_imin: -1.1583 time: 1.0742s
INFO:root:Epoch: 1545 lr: 0.01 train_loss: 42099.5625 train_distortion: 0.8689 train_mapscore: 0.0891 train_c: -1.1587 train_max_dist: 3.0538 train_imax: -0.0000 train_imin: -1.1587 time: 1.0871s
INFO:root:Epoch: 1550 lr: 0.01 train_loss: 42097.4648 train_distortion: 0.8689 train_mapscore: 0.0874 train_c: -1.1592 train_max_dist: 3.0409 train_imax: -0.0000 train_imin: -1.1592 time: 1.0921s
INFO:root:Epoch: 1555 lr: 0.01 train_loss: 42095.3867 train_distortion: 0.8688 train_mapscore: 0.0857 train_c: -1.1597 train_max_dist: 3.0459 train_imax: -0.0000 train_imin: -1.1597 time: 1.0765s
INFO:root:Epoch: 1560 lr: 0.01 train_loss: 42093.5391 train_distortion: 0.8688 train_mapscore: 0.0883 train_c: -1.1601 train_max_dist: 3.0584 train_imax: -0.0000 train_imin: -1.1601 time: 1.0773s
INFO:root:Epoch: 1565 lr: 0.01 train_loss: 42091.3281 train_distortion: 0.8688 train_mapscore: 0.0879 train_c: -1.1606 train_max_dist: 3.0484 train_imax: -0.0000 train_imin: -1.1606 time: 1.0774s
INFO:root:Epoch: 1570 lr: 0.01 train_loss: 42089.2969 train_distortion: 0.8688 train_mapscore: 0.0894 train_c: -1.1611 train_max_dist: 3.0521 train_imax: -0.0000 train_imin: -1.1611 time: 1.0694s
INFO:root:Epoch: 1575 lr: 0.01 train_loss: 42087.2344 train_distortion: 0.8687 train_mapscore: 0.0882 train_c: -1.1615 train_max_dist: 3.0572 train_imax: -0.0000 train_imin: -1.1615 time: 1.0916s
INFO:root:Epoch: 1580 lr: 0.01 train_loss: 42085.3945 train_distortion: 0.8687 train_mapscore: 0.0877 train_c: -1.1620 train_max_dist: 3.0643 train_imax: -0.0000 train_imin: -1.1620 time: 1.0824s
INFO:root:Epoch: 1585 lr: 0.01 train_loss: 42083.3242 train_distortion: 0.8687 train_mapscore: 0.0883 train_c: -1.1625 train_max_dist: 3.0613 train_imax: -0.0000 train_imin: -1.1625 time: 1.0992s
INFO:root:Epoch: 1590 lr: 0.01 train_loss: 42081.5391 train_distortion: 0.8687 train_mapscore: 0.0896 train_c: -1.1629 train_max_dist: 3.0596 train_imax: -0.0000 train_imin: -1.1629 time: 1.1127s
INFO:root:Epoch: 1595 lr: 0.01 train_loss: 42079.4570 train_distortion: 0.8686 train_mapscore: 0.0894 train_c: -1.1634 train_max_dist: 3.0681 train_imax: -0.0000 train_imin: -1.1634 time: 1.0795s
INFO:root:Epoch: 1600 lr: 0.01 train_loss: 42077.3789 train_distortion: 0.8686 train_mapscore: 0.0892 train_c: -1.1639 train_max_dist: 3.0742 train_imax: -0.0000 train_imin: -1.1639 time: 1.0718s
INFO:root:Epoch: 1605 lr: 0.01 train_loss: 42075.4062 train_distortion: 0.8686 train_mapscore: 0.0904 train_c: -1.1643 train_max_dist: 3.0705 train_imax: -0.0000 train_imin: -1.1643 time: 1.0823s
INFO:root:Epoch: 1610 lr: 0.01 train_loss: 42073.6172 train_distortion: 0.8686 train_mapscore: 0.0887 train_c: -1.1648 train_max_dist: 3.0741 train_imax: -0.0000 train_imin: -1.1648 time: 1.1065s
INFO:root:Epoch: 1615 lr: 0.01 train_loss: 42071.7227 train_distortion: 0.8685 train_mapscore: 0.0896 train_c: -1.1653 train_max_dist: 3.0749 train_imax: -0.0000 train_imin: -1.1653 time: 1.1041s
INFO:root:Epoch: 1620 lr: 0.01 train_loss: 42069.7812 train_distortion: 0.8685 train_mapscore: 0.0903 train_c: -1.1657 train_max_dist: 3.0725 train_imax: -0.0000 train_imin: -1.1657 time: 1.0900s
INFO:root:Epoch: 1625 lr: 0.01 train_loss: 42067.5352 train_distortion: 0.8685 train_mapscore: 0.0903 train_c: -1.1662 train_max_dist: 3.0759 train_imax: -0.0000 train_imin: -1.1662 time: 1.0838s
INFO:root:Epoch: 1630 lr: 0.01 train_loss: 42065.7500 train_distortion: 0.8685 train_mapscore: 0.0890 train_c: -1.1667 train_max_dist: 3.0803 train_imax: -0.0000 train_imin: -1.1667 time: 1.0705s
INFO:root:Epoch: 1635 lr: 0.01 train_loss: 42063.9922 train_distortion: 0.8684 train_mapscore: 0.0893 train_c: -1.1671 train_max_dist: 3.0697 train_imax: -0.0000 train_imin: -1.1671 time: 1.0770s
INFO:root:Epoch: 1640 lr: 0.01 train_loss: 42062.3008 train_distortion: 0.8684 train_mapscore: 0.0897 train_c: -1.1676 train_max_dist: 3.0775 train_imax: -0.0000 train_imin: -1.1676 time: 1.0834s
INFO:root:Epoch: 1645 lr: 0.01 train_loss: 42060.3164 train_distortion: 0.8684 train_mapscore: 0.0897 train_c: -1.1681 train_max_dist: 3.0813 train_imax: -0.0000 train_imin: -1.1681 time: 1.1193s
INFO:root:Epoch: 1650 lr: 0.01 train_loss: 42058.2891 train_distortion: 0.8683 train_mapscore: 0.0890 train_c: -1.1685 train_max_dist: 3.0764 train_imax: -0.0000 train_imin: -1.1685 time: 1.0772s
INFO:root:Epoch: 1655 lr: 0.01 train_loss: 42056.5703 train_distortion: 0.8683 train_mapscore: 0.0882 train_c: -1.1690 train_max_dist: 3.0806 train_imax: -0.0000 train_imin: -1.1690 time: 1.0810s
INFO:root:Epoch: 1660 lr: 0.01 train_loss: 42054.5938 train_distortion: 0.8683 train_mapscore: 0.0892 train_c: -1.1695 train_max_dist: 3.0645 train_imax: -0.0000 train_imin: -1.1695 time: 1.0752s
INFO:root:Epoch: 1665 lr: 0.01 train_loss: 42052.5859 train_distortion: 0.8683 train_mapscore: 0.0904 train_c: -1.1699 train_max_dist: 3.0765 train_imax: -0.0000 train_imin: -1.1699 time: 1.1122s
INFO:root:Epoch: 1670 lr: 0.01 train_loss: 42050.6797 train_distortion: 0.8682 train_mapscore: 0.0903 train_c: -1.1704 train_max_dist: 3.0811 train_imax: -0.0000 train_imin: -1.1704 time: 1.0716s
INFO:root:Epoch: 1675 lr: 0.01 train_loss: 42048.5859 train_distortion: 0.8682 train_mapscore: 0.0886 train_c: -1.1709 train_max_dist: 3.0922 train_imax: -0.0000 train_imin: -1.1709 time: 1.0780s
INFO:root:Epoch: 1680 lr: 0.01 train_loss: 42046.7109 train_distortion: 0.8682 train_mapscore: 0.0906 train_c: -1.1713 train_max_dist: 3.0881 train_imax: -0.0000 train_imin: -1.1713 time: 1.0800s
INFO:root:Epoch: 1685 lr: 0.01 train_loss: 42044.9336 train_distortion: 0.8682 train_mapscore: 0.0902 train_c: -1.1718 train_max_dist: 3.0901 train_imax: -0.0000 train_imin: -1.1718 time: 1.0849s
INFO:root:Epoch: 1690 lr: 0.01 train_loss: 42042.6523 train_distortion: 0.8681 train_mapscore: 0.0891 train_c: -1.1723 train_max_dist: 3.0901 train_imax: -0.0000 train_imin: -1.1723 time: 1.0925s
INFO:root:Epoch: 1695 lr: 0.01 train_loss: 42040.3555 train_distortion: 0.8681 train_mapscore: 0.0897 train_c: -1.1727 train_max_dist: 3.0944 train_imax: -0.0000 train_imin: -1.1727 time: 1.0896s
INFO:root:Epoch: 1700 lr: 0.01 train_loss: 42038.3281 train_distortion: 0.8681 train_mapscore: 0.0920 train_c: -1.1732 train_max_dist: 3.0962 train_imax: -0.0000 train_imin: -1.1732 time: 1.1197s
INFO:root:Epoch: 1705 lr: 0.01 train_loss: 42036.3203 train_distortion: 0.8681 train_mapscore: 0.0920 train_c: -1.1737 train_max_dist: 3.0974 train_imax: -0.0000 train_imin: -1.1737 time: 1.0814s
INFO:root:Epoch: 1710 lr: 0.01 train_loss: 42034.0234 train_distortion: 0.8681 train_mapscore: 0.0893 train_c: -1.1741 train_max_dist: 3.0956 train_imax: -0.0000 train_imin: -1.1741 time: 1.0801s
INFO:root:Epoch: 1715 lr: 0.01 train_loss: 42031.9609 train_distortion: 0.8680 train_mapscore: 0.0884 train_c: -1.1746 train_max_dist: 3.0876 train_imax: -0.0000 train_imin: -1.1746 time: 1.0797s
INFO:root:Epoch: 1720 lr: 0.01 train_loss: 42030.0625 train_distortion: 0.8680 train_mapscore: 0.0905 train_c: -1.1751 train_max_dist: 3.0835 train_imax: -0.0000 train_imin: -1.1751 time: 1.0845s
INFO:root:Epoch: 1725 lr: 0.01 train_loss: 42027.8828 train_distortion: 0.8680 train_mapscore: 0.0903 train_c: -1.1755 train_max_dist: 3.0842 train_imax: -0.0000 train_imin: -1.1755 time: 1.0769s
INFO:root:Epoch: 1730 lr: 0.01 train_loss: 42025.8438 train_distortion: 0.8680 train_mapscore: 0.0897 train_c: -1.1760 train_max_dist: 3.0750 train_imax: -0.0000 train_imin: -1.1760 time: 1.0694s
INFO:root:Epoch: 1735 lr: 0.01 train_loss: 42023.9453 train_distortion: 0.8679 train_mapscore: 0.0910 train_c: -1.1765 train_max_dist: 3.0783 train_imax: -0.0000 train_imin: -1.1765 time: 1.0799s
INFO:root:Epoch: 1740 lr: 0.01 train_loss: 42021.7617 train_distortion: 0.8679 train_mapscore: 0.0894 train_c: -1.1769 train_max_dist: 3.0746 train_imax: -0.0000 train_imin: -1.1769 time: 1.0827s
INFO:root:Epoch: 1745 lr: 0.01 train_loss: 42019.8125 train_distortion: 0.8679 train_mapscore: 0.0890 train_c: -1.1774 train_max_dist: 3.0753 train_imax: -0.0000 train_imin: -1.1774 time: 1.0788s
INFO:root:Epoch: 1750 lr: 0.01 train_loss: 42017.4648 train_distortion: 0.8679 train_mapscore: 0.0885 train_c: -1.1779 train_max_dist: 3.0875 train_imax: -0.0000 train_imin: -1.1779 time: 1.0676s
INFO:root:Epoch: 1755 lr: 0.01 train_loss: 42015.3359 train_distortion: 0.8678 train_mapscore: 0.0878 train_c: -1.1783 train_max_dist: 3.0825 train_imax: -0.0000 train_imin: -1.1783 time: 1.1106s
INFO:root:Epoch: 1760 lr: 0.01 train_loss: 42013.0586 train_distortion: 0.8678 train_mapscore: 0.0894 train_c: -1.1788 train_max_dist: 3.0774 train_imax: -0.0000 train_imin: -1.1788 time: 1.0732s
INFO:root:Epoch: 1765 lr: 0.01 train_loss: 42010.9688 train_distortion: 0.8678 train_mapscore: 0.0875 train_c: -1.1793 train_max_dist: 3.0771 train_imax: -0.0000 train_imin: -1.1793 time: 1.0892s
INFO:root:Epoch: 1770 lr: 0.01 train_loss: 42008.4844 train_distortion: 0.8677 train_mapscore: 0.0894 train_c: -1.1797 train_max_dist: 3.0862 train_imax: -0.0000 train_imin: -1.1797 time: 1.0833s
INFO:root:Epoch: 1775 lr: 0.01 train_loss: 42005.8789 train_distortion: 0.8677 train_mapscore: 0.0887 train_c: -1.1802 train_max_dist: 3.0850 train_imax: -0.0000 train_imin: -1.1802 time: 1.0809s
INFO:root:Epoch: 1780 lr: 0.01 train_loss: 42003.5391 train_distortion: 0.8677 train_mapscore: 0.0888 train_c: -1.1807 train_max_dist: 3.0845 train_imax: -0.0000 train_imin: -1.1807 time: 1.0961s
INFO:root:Epoch: 1785 lr: 0.01 train_loss: 42001.2500 train_distortion: 0.8676 train_mapscore: 0.0868 train_c: -1.1811 train_max_dist: 3.0806 train_imax: -0.0000 train_imin: -1.1811 time: 1.0833s
INFO:root:Epoch: 1790 lr: 0.01 train_loss: 41998.9766 train_distortion: 0.8676 train_mapscore: 0.0880 train_c: -1.1816 train_max_dist: 3.0765 train_imax: -0.0000 train_imin: -1.1816 time: 1.0705s
INFO:root:Epoch: 1795 lr: 0.01 train_loss: 41996.9531 train_distortion: 0.8676 train_mapscore: 0.0884 train_c: -1.1821 train_max_dist: 3.0793 train_imax: -0.0000 train_imin: -1.1821 time: 1.0826s
INFO:root:Epoch: 1800 lr: 0.01 train_loss: 41994.8242 train_distortion: 0.8675 train_mapscore: 0.0883 train_c: -1.1825 train_max_dist: 3.0769 train_imax: -0.0000 train_imin: -1.1825 time: 1.0877s
INFO:root:Epoch: 1805 lr: 0.01 train_loss: 41992.4688 train_distortion: 0.8675 train_mapscore: 0.0876 train_c: -1.1830 train_max_dist: 3.0761 train_imax: -0.0000 train_imin: -1.1830 time: 1.0752s
INFO:root:Epoch: 1810 lr: 0.01 train_loss: 41990.2578 train_distortion: 0.8674 train_mapscore: 0.0896 train_c: -1.1834 train_max_dist: 3.0828 train_imax: -0.0000 train_imin: -1.1834 time: 1.1128s
INFO:root:Epoch: 1815 lr: 0.01 train_loss: 41987.7656 train_distortion: 0.8674 train_mapscore: 0.0887 train_c: -1.1839 train_max_dist: 3.0671 train_imax: -0.0000 train_imin: -1.1839 time: 1.0741s
INFO:root:Epoch: 1820 lr: 0.01 train_loss: 41985.3594 train_distortion: 0.8674 train_mapscore: 0.0883 train_c: -1.1844 train_max_dist: 3.0666 train_imax: -0.0000 train_imin: -1.1844 time: 1.0855s
INFO:root:Epoch: 1825 lr: 0.01 train_loss: 41983.2266 train_distortion: 0.8673 train_mapscore: 0.0881 train_c: -1.1848 train_max_dist: 3.0735 train_imax: -0.0000 train_imin: -1.1848 time: 1.0812s
INFO:root:Epoch: 1830 lr: 0.01 train_loss: 41981.0820 train_distortion: 0.8673 train_mapscore: 0.0881 train_c: -1.1853 train_max_dist: 3.0699 train_imax: -0.0000 train_imin: -1.1853 time: 1.0759s
INFO:root:Epoch: 1835 lr: 0.01 train_loss: 41978.9414 train_distortion: 0.8673 train_mapscore: 0.0881 train_c: -1.1858 train_max_dist: 3.0759 train_imax: -0.0000 train_imin: -1.1858 time: 1.0801s
INFO:root:Epoch: 1840 lr: 0.01 train_loss: 41977.0156 train_distortion: 0.8672 train_mapscore: 0.0884 train_c: -1.1862 train_max_dist: 3.0792 train_imax: -0.0000 train_imin: -1.1862 time: 1.0832s
INFO:root:Epoch: 1845 lr: 0.01 train_loss: 41975.1523 train_distortion: 0.8672 train_mapscore: 0.0886 train_c: -1.1867 train_max_dist: 3.0766 train_imax: -0.0000 train_imin: -1.1867 time: 1.0879s
INFO:root:Epoch: 1850 lr: 0.01 train_loss: 41973.0977 train_distortion: 0.8672 train_mapscore: 0.0890 train_c: -1.1872 train_max_dist: 3.0808 train_imax: -0.0000 train_imin: -1.1872 time: 1.0786s
INFO:root:Epoch: 1855 lr: 0.01 train_loss: 41971.2695 train_distortion: 0.8672 train_mapscore: 0.0891 train_c: -1.1876 train_max_dist: 3.0825 train_imax: -0.0000 train_imin: -1.1876 time: 1.0676s
INFO:root:Epoch: 1860 lr: 0.01 train_loss: 41969.4375 train_distortion: 0.8671 train_mapscore: 0.0898 train_c: -1.1881 train_max_dist: 3.0697 train_imax: -0.0000 train_imin: -1.1881 time: 1.0828s
INFO:root:Epoch: 1865 lr: 0.01 train_loss: 41967.5000 train_distortion: 0.8671 train_mapscore: 0.0916 train_c: -1.1886 train_max_dist: 3.0751 train_imax: -0.0000 train_imin: -1.1886 time: 1.0970s
INFO:root:Epoch: 1870 lr: 0.01 train_loss: 41965.6211 train_distortion: 0.8671 train_mapscore: 0.0880 train_c: -1.1890 train_max_dist: 3.0739 train_imax: -0.0000 train_imin: -1.1890 time: 1.0810s
INFO:root:Epoch: 1875 lr: 0.01 train_loss: 41963.8281 train_distortion: 0.8670 train_mapscore: 0.0888 train_c: -1.1895 train_max_dist: 3.0831 train_imax: -0.0000 train_imin: -1.1895 time: 1.0841s
INFO:root:Epoch: 1880 lr: 0.01 train_loss: 41961.9531 train_distortion: 0.8670 train_mapscore: 0.0881 train_c: -1.1899 train_max_dist: 3.0803 train_imax: -0.0000 train_imin: -1.1899 time: 1.0942s
INFO:root:Epoch: 1885 lr: 0.01 train_loss: 41960.3594 train_distortion: 0.8670 train_mapscore: 0.0897 train_c: -1.1904 train_max_dist: 3.0794 train_imax: -0.0000 train_imin: -1.1904 time: 1.0765s
INFO:root:Epoch: 1890 lr: 0.01 train_loss: 41958.4609 train_distortion: 0.8670 train_mapscore: 0.0893 train_c: -1.1909 train_max_dist: 3.0844 train_imax: -0.0000 train_imin: -1.1909 time: 1.0821s
INFO:root:Epoch: 1895 lr: 0.01 train_loss: 41956.6523 train_distortion: 0.8669 train_mapscore: 0.0875 train_c: -1.1913 train_max_dist: 3.0883 train_imax: -0.0000 train_imin: -1.1913 time: 1.0877s
INFO:root:Epoch: 1900 lr: 0.01 train_loss: 41954.9180 train_distortion: 0.8669 train_mapscore: 0.0904 train_c: -1.1918 train_max_dist: 3.0851 train_imax: -0.0000 train_imin: -1.1918 time: 1.0737s
INFO:root:Epoch: 1905 lr: 0.01 train_loss: 41953.0977 train_distortion: 0.8669 train_mapscore: 0.0894 train_c: -1.1923 train_max_dist: 3.0842 train_imax: -0.0000 train_imin: -1.1923 time: 1.0758s
INFO:root:Epoch: 1910 lr: 0.01 train_loss: 41951.4766 train_distortion: 0.8668 train_mapscore: 0.0901 train_c: -1.1927 train_max_dist: 3.0824 train_imax: -0.0000 train_imin: -1.1927 time: 1.0764s
INFO:root:Epoch: 1915 lr: 0.01 train_loss: 41949.4297 train_distortion: 0.8668 train_mapscore: 0.0900 train_c: -1.1932 train_max_dist: 3.0904 train_imax: -0.0000 train_imin: -1.1932 time: 1.0724s
INFO:root:Epoch: 1920 lr: 0.01 train_loss: 41947.5391 train_distortion: 0.8668 train_mapscore: 0.0902 train_c: -1.1936 train_max_dist: 3.0884 train_imax: -0.0000 train_imin: -1.1936 time: 1.1045s
INFO:root:Epoch: 1925 lr: 0.01 train_loss: 41945.9688 train_distortion: 0.8668 train_mapscore: 0.0901 train_c: -1.1941 train_max_dist: 3.0899 train_imax: -0.0000 train_imin: -1.1941 time: 1.0730s
INFO:root:Epoch: 1930 lr: 0.01 train_loss: 41943.9648 train_distortion: 0.8667 train_mapscore: 0.0904 train_c: -1.1946 train_max_dist: 3.0893 train_imax: -0.0000 train_imin: -1.1946 time: 1.0802s
INFO:root:Epoch: 1935 lr: 0.01 train_loss: 41942.2578 train_distortion: 0.8667 train_mapscore: 0.0905 train_c: -1.1950 train_max_dist: 3.0886 train_imax: -0.0000 train_imin: -1.1950 time: 1.0916s
INFO:root:Epoch: 1940 lr: 0.01 train_loss: 41940.4531 train_distortion: 0.8667 train_mapscore: 0.0903 train_c: -1.1955 train_max_dist: 3.0868 train_imax: -0.0000 train_imin: -1.1955 time: 1.0819s
INFO:root:Epoch: 1945 lr: 0.01 train_loss: 41938.7461 train_distortion: 0.8666 train_mapscore: 0.0908 train_c: -1.1960 train_max_dist: 3.0840 train_imax: -0.0000 train_imin: -1.1960 time: 1.0876s
INFO:root:Epoch: 1950 lr: 0.01 train_loss: 41936.7734 train_distortion: 0.8666 train_mapscore: 0.0900 train_c: -1.1964 train_max_dist: 3.0915 train_imax: -0.0000 train_imin: -1.1964 time: 1.0793s
INFO:root:Epoch: 1955 lr: 0.01 train_loss: 41934.9375 train_distortion: 0.8666 train_mapscore: 0.0891 train_c: -1.1969 train_max_dist: 3.0814 train_imax: -0.0000 train_imin: -1.1969 time: 1.0838s
INFO:root:Epoch: 1960 lr: 0.01 train_loss: 41933.3984 train_distortion: 0.8666 train_mapscore: 0.0907 train_c: -1.1973 train_max_dist: 3.0942 train_imax: -0.0000 train_imin: -1.1973 time: 1.0819s
INFO:root:Epoch: 1965 lr: 0.01 train_loss: 41931.4688 train_distortion: 0.8665 train_mapscore: 0.0909 train_c: -1.1978 train_max_dist: 3.0985 train_imax: -0.0000 train_imin: -1.1978 time: 1.0836s
INFO:root:Epoch: 1970 lr: 0.01 train_loss: 41929.4922 train_distortion: 0.8665 train_mapscore: 0.0896 train_c: -1.1983 train_max_dist: 3.0937 train_imax: -0.0000 train_imin: -1.1983 time: 1.0769s
INFO:root:Epoch: 1975 lr: 0.01 train_loss: 41927.8594 train_distortion: 0.8665 train_mapscore: 0.0907 train_c: -1.1987 train_max_dist: 3.0904 train_imax: -0.0000 train_imin: -1.1987 time: 1.1137s
INFO:root:Epoch: 1980 lr: 0.01 train_loss: 41925.9492 train_distortion: 0.8664 train_mapscore: 0.0893 train_c: -1.1992 train_max_dist: 3.1000 train_imax: -0.0000 train_imin: -1.1992 time: 1.1075s
INFO:root:Epoch: 1985 lr: 0.01 train_loss: 41924.1211 train_distortion: 0.8664 train_mapscore: 0.0918 train_c: -1.1997 train_max_dist: 3.0949 train_imax: -0.0000 train_imin: -1.1997 time: 1.0779s
INFO:root:Epoch: 1990 lr: 0.01 train_loss: 41922.1953 train_distortion: 0.8664 train_mapscore: 0.0897 train_c: -1.2001 train_max_dist: 3.1047 train_imax: -0.0000 train_imin: -1.2001 time: 1.0898s
INFO:root:Epoch: 1995 lr: 0.01 train_loss: 41920.3125 train_distortion: 0.8663 train_mapscore: 0.0897 train_c: -1.2006 train_max_dist: 3.1030 train_imax: -0.0000 train_imin: -1.2006 time: 1.0952s
INFO:root:Epoch: 2000 lr: 0.0025 train_loss: 41918.6250 train_distortion: 0.8663 train_mapscore: 0.0902 train_c: -1.2010 train_max_dist: 3.0969 train_imax: -0.0000 train_imin: -1.2010 time: 1.0968s
INFO:root:Optimization Finished!
INFO:root:Total time elapsed: 2186.1258s
INFO:root:Val set results: val_distortion: 1.0000 val_mapscore: -1.0000 val_c: -1.0000 val_max_dist: 0.0000
INFO:root:Test set results: test_loss: 41918.4492 test_distortion: 0.8663 test_mapscore: 0.0898 test_c: -1.2011 test_max_dist: 3.1004 test_imax: -0.0000 test_imin: -1.2011
INFO:root:Saved model in /workspace/xiongbo/hgcn/logs/md/2021_5_27/7
