INFO:root:Using: cuda:0
INFO:root:Using seed 1234.
INFO:root:MDModel(
  (encoder): HGCN(
    (layers): Sequential(
      (0): HyperbolicGraphConvolution(
        (linear): HypLinear(
          in_features=2641, out_features=10, c=Parameter containing:
          tensor([-1.], requires_grad=True)
        )
        (agg): HypAgg(
          c=Parameter containing:
          tensor([-1.], requires_grad=True)
        )
        (hyp_act): HypAct(
          c_in=Parameter containing:
          tensor([-1.], requires_grad=True), c_out=Parameter containing:
          tensor([-1.], requires_grad=True)
        )
      )
    )
  )
  (decoder): MDDecoder()
)
INFO:root:Total number of parameters: 26422
/workspace/anaconda3/envs/geo/lib/python3.7/site-packages/torch/optim/lr_scheduler.py:370: UserWarning: To get the last learning rate computed by the scheduler, please use `get_last_lr()`.
  "please use `get_last_lr()`.", UserWarning)
INFO:root:Epoch: 0005 lr: 0.01 train_loss: 50198.9727 train_distortion: 0.9725 train_mapscore: 0.0469 train_c: -1.0004 train_max_dist: 1.9227 train_imax: -0.0000 train_imin: -1.1634 time: 1.2780s
INFO:root:Epoch: 0010 lr: 0.01 train_loss: 48769.3906 train_distortion: 0.9538 train_mapscore: 0.0738 train_c: -1.0009 train_max_dist: 2.4284 train_imax: -0.0000 train_imin: -1.1152 time: 1.1953s
INFO:root:Epoch: 0015 lr: 0.01 train_loss: 47722.3047 train_distortion: 0.9396 train_mapscore: 0.0987 train_c: -1.0014 train_max_dist: 3.2745 train_imax: -0.0000 train_imin: -1.0784 time: 1.1574s
INFO:root:Epoch: 0020 lr: 0.01 train_loss: 46746.1758 train_distortion: 0.9251 train_mapscore: 0.1214 train_c: -1.0020 train_max_dist: 5.2228 train_imax: -0.0000 train_imin: -1.0773 time: 1.1366s
INFO:root:Epoch: 0025 lr: 0.01 train_loss: 45585.6797 train_distortion: 0.9058 train_mapscore: 0.1447 train_c: -1.0025 train_max_dist: 9.7383 train_imax: -0.0000 train_imin: -1.1173 time: 1.1625s
INFO:root:Epoch: 0030 lr: 0.01 train_loss: 44094.0781 train_distortion: 0.8765 train_mapscore: 0.1658 train_c: -1.0031 train_max_dist: 10.0000 train_imax: -0.0000 train_imin: -1.1731 time: 1.1568s
INFO:root:Epoch: 0035 lr: 0.01 train_loss: 42335.0898 train_distortion: 0.8369 train_mapscore: 0.1723 train_c: -1.0037 train_max_dist: 10.5000 train_imax: -0.0000 train_imin: -1.1682 time: 1.1469s
INFO:root:Epoch: 0040 lr: 0.01 train_loss: 40498.6133 train_distortion: 0.7974 train_mapscore: 0.1811 train_c: -1.0040 train_max_dist: 11.0000 train_imax: -0.0000 train_imin: -1.1291 time: 1.1410s
INFO:root:Epoch: 0045 lr: 0.01 train_loss: 38558.2031 train_distortion: 0.7661 train_mapscore: 0.1942 train_c: -1.0040 train_max_dist: 12.0000 train_imax: -0.0000 train_imin: -1.1710 time: 1.1467s
INFO:root:Epoch: 0050 lr: 0.01 train_loss: 36420.8047 train_distortion: 0.7384 train_mapscore: 0.2119 train_c: -1.0038 train_max_dist: 11.0024 train_imax: 0.1141 train_imin: -1.2265 time: 1.1484s
INFO:root:Epoch: 0055 lr: 0.01 train_loss: 34045.9922 train_distortion: 0.7033 train_mapscore: 0.2561 train_c: -1.0033 train_max_dist: 13.0000 train_imax: 0.1021 train_imin: -1.3749 time: 1.1750s
INFO:root:Epoch: 0060 lr: 0.01 train_loss: 31487.6816 train_distortion: 0.6603 train_mapscore: 0.3014 train_c: -1.0028 train_max_dist: 14.0000 train_imax: 0.0350 train_imin: -1.4474 time: 1.2080s
INFO:root:Epoch: 0065 lr: 0.01 train_loss: 29086.8438 train_distortion: 0.6141 train_mapscore: 0.3377 train_c: -1.0023 train_max_dist: 16.0236 train_imax: 0.2430 train_imin: -1.5793 time: 1.1762s
INFO:root:Epoch: 0070 lr: 0.01 train_loss: 26570.2656 train_distortion: 0.5655 train_mapscore: 0.3931 train_c: -1.0018 train_max_dist: 18.2036 train_imax: 0.4227 train_imin: -1.7940 time: 1.1893s
INFO:root:Epoch: 0075 lr: 0.01 train_loss: 24962.7812 train_distortion: 0.5226 train_mapscore: 0.3893 train_c: -1.0017 train_max_dist: 20.1987 train_imax: 1.7478 train_imin: -2.9671 time: 1.1857s
INFO:root:Epoch: 0080 lr: 0.01 train_loss: 24478.1211 train_distortion: 0.4962 train_mapscore: 0.3736 train_c: -1.0019 train_max_dist: 21.6018 train_imax: 1.3923 train_imin: -3.5089 time: 1.1858s
INFO:root:Epoch: 0085 lr: 0.01 train_loss: 22680.3516 train_distortion: 0.4641 train_mapscore: 0.4256 train_c: -1.0021 train_max_dist: 23.3121 train_imax: 1.5163 train_imin: -4.6115 time: 1.1994s
INFO:root:Epoch: 0090 lr: 0.01 train_loss: 20456.5859 train_distortion: 0.4318 train_mapscore: 0.5036 train_c: -1.0022 train_max_dist: 25.5116 train_imax: 1.5481 train_imin: -4.5139 time: 1.1819s
INFO:root:Epoch: 0095 lr: 0.01 train_loss: 19299.2188 train_distortion: 0.4067 train_mapscore: 0.5238 train_c: -1.0023 train_max_dist: 27.5802 train_imax: 4.2386 train_imin: -6.0209 time: 1.1948s
INFO:root:Epoch: 0100 lr: 0.01 train_loss: 17993.2578 train_distortion: 0.3900 train_mapscore: 0.5684 train_c: -1.0023 train_max_dist: 29.3396 train_imax: 6.3833 train_imin: -5.5800 time: 1.1883s
INFO:root:Epoch: 0105 lr: 0.01 train_loss: 17404.3359 train_distortion: 0.3800 train_mapscore: 0.5642 train_c: -1.0025 train_max_dist: 30.8623 train_imax: 9.9938 train_imin: -5.0658 time: 1.1809s
INFO:root:Epoch: 0110 lr: 0.01 train_loss: 16428.1562 train_distortion: 0.3751 train_mapscore: 0.5933 train_c: -1.0025 train_max_dist: 32.3487 train_imax: 14.0700 train_imin: -5.3083 time: 1.2118s
INFO:root:Epoch: 0115 lr: 0.01 train_loss: 16672.8809 train_distortion: 0.3748 train_mapscore: 0.5726 train_c: -1.0026 train_max_dist: 34.1368 train_imax: 16.8494 train_imin: -4.7422 time: 1.2240s
INFO:root:Epoch: 0120 lr: 0.01 train_loss: 16105.5098 train_distortion: 0.3767 train_mapscore: 0.5910 train_c: -1.0027 train_max_dist: 35.0682 train_imax: 18.3955 train_imin: -11.1189 time: 1.1942s
INFO:root:Epoch: 0125 lr: 0.01 train_loss: 14581.0742 train_distortion: 0.3806 train_mapscore: 0.6478 train_c: -1.0027 train_max_dist: 35.9105 train_imax: 20.3126 train_imin: -21.6777 time: 1.1866s
INFO:root:Epoch: 0130 lr: 0.01 train_loss: 13260.6875 train_distortion: 0.3877 train_mapscore: 0.6986 train_c: -1.0027 train_max_dist: 37.0120 train_imax: 23.5975 train_imin: -21.8552 time: 1.1919s
INFO:root:Epoch: 0135 lr: 0.01 train_loss: 13623.4062 train_distortion: 0.3999 train_mapscore: 0.6784 train_c: -1.0028 train_max_dist: 38.4409 train_imax: 25.8074 train_imin: -23.1765 time: 1.1947s
INFO:root:Epoch: 0140 lr: 0.01 train_loss: 15844.8730 train_distortion: 0.4087 train_mapscore: 0.5956 train_c: -1.0030 train_max_dist: 39.4158 train_imax: 26.5193 train_imin: -20.5461 time: 1.1931s
INFO:root:Epoch: 0145 lr: 0.01 train_loss: 16554.6582 train_distortion: 0.4119 train_mapscore: 0.5639 train_c: -1.0030 train_max_dist: 39.6131 train_imax: 26.5022 train_imin: -21.2642 time: 1.1867s
INFO:root:Epoch: 0150 lr: 0.01 train_loss: 16009.6250 train_distortion: 0.4125 train_mapscore: 0.5936 train_c: -1.0029 train_max_dist: 39.5388 train_imax: 29.0901 train_imin: -17.1637 time: 1.1930s
INFO:root:Epoch: 0155 lr: 0.01 train_loss: 15147.5518 train_distortion: 0.4140 train_mapscore: 0.6230 train_c: -1.0027 train_max_dist: 39.7864 train_imax: 31.8187 train_imin: -33.9169 time: 1.1925s
INFO:root:Epoch: 0160 lr: 0.01 train_loss: 13786.3223 train_distortion: 0.4181 train_mapscore: 0.6804 train_c: -1.0024 train_max_dist: 40.0770 train_imax: 33.8128 train_imin: -38.5428 time: 1.2208s
INFO:root:Epoch: 0165 lr: 0.01 train_loss: 13395.0059 train_distortion: 0.4269 train_mapscore: 0.6868 train_c: -1.0022 train_max_dist: 40.3442 train_imax: 36.2219 train_imin: -42.0041 time: 1.2047s
INFO:root:Epoch: 0170 lr: 0.01 train_loss: 17698.1602 train_distortion: 0.4421 train_mapscore: 0.5509 train_c: -1.0020 train_max_dist: 41.1301 train_imax: 41.4195 train_imin: -44.8391 time: 1.2267s
INFO:root:Epoch: 0175 lr: 0.01 train_loss: 22118.9688 train_distortion: 0.4361 train_mapscore: 0.4224 train_c: -1.0023 train_max_dist: 40.8953 train_imax: 41.9760 train_imin: -42.3075 time: 1.2003s
INFO:root:Epoch: 0180 lr: 0.01 train_loss: 21241.3359 train_distortion: 0.4144 train_mapscore: 0.4391 train_c: -1.0025 train_max_dist: 39.0870 train_imax: 37.0718 train_imin: -36.2448 time: 1.1926s
INFO:root:Epoch: 0185 lr: 0.01 train_loss: 20018.0117 train_distortion: 0.4007 train_mapscore: 0.4769 train_c: -1.0025 train_max_dist: 37.8428 train_imax: 32.9405 train_imin: -32.0930 time: 1.2165s
INFO:root:Epoch: 0190 lr: 0.01 train_loss: 22396.0898 train_distortion: 0.3949 train_mapscore: 0.3900 train_c: -1.0025 train_max_dist: 48.0000 train_imax: 29.2786 train_imin: -28.3337 time: 1.2119s
INFO:root:Epoch: 0195 lr: 0.01 train_loss: 21728.8828 train_distortion: 0.3903 train_mapscore: 0.4098 train_c: -1.0024 train_max_dist: 36.1541 train_imax: 26.5058 train_imin: -25.3362 time: 1.1955s
INFO:root:Epoch: 0200 lr: 0.01 train_loss: 21622.5039 train_distortion: 0.3888 train_mapscore: 0.4074 train_c: -1.0024 train_max_dist: 34.8826 train_imax: 24.0051 train_imin: -23.4318 time: 1.2068s
INFO:root:Epoch: 0205 lr: 0.01 train_loss: 20860.2422 train_distortion: 0.3887 train_mapscore: 0.4446 train_c: -1.0024 train_max_dist: 34.3011 train_imax: 22.5700 train_imin: -22.7608 time: 1.2022s
INFO:root:Epoch: 0210 lr: 0.01 train_loss: 19744.9336 train_distortion: 0.3877 train_mapscore: 0.4907 train_c: -1.0023 train_max_dist: 34.2897 train_imax: 22.2841 train_imin: -22.4018 time: 1.1936s
INFO:root:Epoch: 0215 lr: 0.01 train_loss: 18993.4883 train_distortion: 0.3872 train_mapscore: 0.5202 train_c: -1.0023 train_max_dist: 34.7615 train_imax: 23.2503 train_imin: -22.5298 time: 1.2006s
INFO:root:Epoch: 0220 lr: 0.01 train_loss: 17985.7773 train_distortion: 0.3875 train_mapscore: 0.5702 train_c: -1.0023 train_max_dist: 35.6247 train_imax: 24.9925 train_imin: -23.2841 time: 1.2033s
INFO:root:Epoch: 0225 lr: 0.01 train_loss: 17075.9648 train_distortion: 0.3906 train_mapscore: 0.6088 train_c: -1.0024 train_max_dist: 50.0000 train_imax: 26.9137 train_imin: -25.3140 time: 1.2291s
INFO:root:Epoch: 0230 lr: 0.01 train_loss: 19470.5137 train_distortion: 0.3989 train_mapscore: 0.4758 train_c: -1.0025 train_max_dist: 37.9922 train_imax: 29.8323 train_imin: -27.8147 time: 1.2072s
INFO:root:Epoch: 0235 lr: 0.01 train_loss: 19398.1836 train_distortion: 0.4054 train_mapscore: 0.4852 train_c: -1.0026 train_max_dist: 38.5813 train_imax: 31.6935 train_imin: -29.2166 time: 1.2070s
INFO:root:Epoch: 0240 lr: 0.01 train_loss: 18137.9141 train_distortion: 0.4094 train_mapscore: 0.5336 train_c: -1.0026 train_max_dist: 38.8722 train_imax: 33.1232 train_imin: -29.3870 time: 1.1955s
INFO:root:Epoch: 0245 lr: 0.01 train_loss: 16770.1504 train_distortion: 0.4152 train_mapscore: 0.5898 train_c: -1.0025 train_max_dist: 39.3506 train_imax: 34.4679 train_imin: -30.1511 time: 1.2032s
INFO:root:Epoch: 0250 lr: 0.01 train_loss: 15560.5820 train_distortion: 0.4247 train_mapscore: 0.6465 train_c: -1.0024 train_max_dist: 40.1453 train_imax: 37.1243 train_imin: -31.3194 time: 1.1964s
INFO:root:Epoch: 0255 lr: 0.01 train_loss: 14605.1895 train_distortion: 0.4401 train_mapscore: 0.6865 train_c: -1.0024 train_max_dist: 41.3504 train_imax: 40.3609 train_imin: -34.0663 time: 1.1827s
INFO:root:Epoch: 0260 lr: 0.01 train_loss: 15552.9814 train_distortion: 0.4588 train_mapscore: 0.6300 train_c: -1.0024 train_max_dist: 42.3837 train_imax: 45.5114 train_imin: -38.1966 time: 1.1902s
INFO:root:Epoch: 0265 lr: 0.01 train_loss: 15242.3164 train_distortion: 0.4763 train_mapscore: 0.6479 train_c: -1.0026 train_max_dist: 43.1184 train_imax: 49.4328 train_imin: -41.1663 time: 1.1869s
INFO:root:Epoch: 0270 lr: 0.01 train_loss: 14799.5156 train_distortion: 0.4922 train_mapscore: 0.6667 train_c: -1.0027 train_max_dist: 43.9525 train_imax: 52.5867 train_imin: -42.4778 time: 1.1870s
INFO:root:Epoch: 0275 lr: 0.01 train_loss: 13556.1592 train_distortion: 0.5105 train_mapscore: 0.7228 train_c: -1.0027 train_max_dist: 44.8528 train_imax: 53.6927 train_imin: -44.3811 time: 1.1869s
INFO:root:Epoch: 0280 lr: 0.01 train_loss: 12760.7227 train_distortion: 0.5340 train_mapscore: 0.7516 train_c: -1.0026 train_max_dist: 45.7590 train_imax: 59.5534 train_imin: -47.0832 time: 1.2170s
INFO:root:Epoch: 0285 lr: 0.01 train_loss: 11870.5850 train_distortion: 0.5641 train_mapscore: 0.7880 train_c: -1.0025 train_max_dist: 46.8604 train_imax: 62.9663 train_imin: -50.0054 time: 1.1801s
INFO:root:Epoch: 0290 lr: 0.01 train_loss: 13562.0215 train_distortion: 0.6025 train_mapscore: 0.7089 train_c: -1.0026 train_max_dist: 47.9582 train_imax: 70.4724 train_imin: -54.9612 time: 1.1868s
INFO:root:Epoch: 0295 lr: 0.01 train_loss: 13901.4883 train_distortion: 0.6280 train_mapscore: 0.7003 train_c: -1.0027 train_max_dist: 48.7904 train_imax: 75.6876 train_imin: -58.7303 time: 1.1872s
INFO:root:Epoch: 0300 lr: 0.01 train_loss: 13277.3438 train_distortion: 0.6383 train_mapscore: 0.7269 train_c: -1.0027 train_max_dist: 49.1302 train_imax: 78.9996 train_imin: -64.5422 time: 1.1800s
INFO:root:Epoch: 0305 lr: 0.01 train_loss: 13782.8809 train_distortion: 0.6447 train_mapscore: 0.7063 train_c: -1.0026 train_max_dist: 49.4270 train_imax: 77.9828 train_imin: -72.6900 time: 1.1980s
INFO:root:Epoch: 0310 lr: 0.01 train_loss: 14571.0010 train_distortion: 0.6383 train_mapscore: 0.6778 train_c: -1.0027 train_max_dist: 50.0000 train_imax: 74.7337 train_imin: -67.1036 time: 1.1872s
INFO:root:Epoch: 0315 lr: 0.01 train_loss: 13825.8047 train_distortion: 0.6274 train_mapscore: 0.7032 train_c: -1.0026 train_max_dist: 49.3917 train_imax: 70.9028 train_imin: -61.2548 time: 1.1859s
INFO:root:Epoch: 0320 lr: 0.01 train_loss: 12951.6631 train_distortion: 0.6208 train_mapscore: 0.7384 train_c: -1.0025 train_max_dist: 49.2978 train_imax: 69.3538 train_imin: -55.9770 time: 1.1945s
INFO:root:Epoch: 0325 lr: 0.01 train_loss: 12298.8926 train_distortion: 0.6256 train_mapscore: 0.7614 train_c: -1.0024 train_max_dist: 49.3875 train_imax: 69.0381 train_imin: -56.4692 time: 1.1869s
INFO:root:Epoch: 0330 lr: 0.01 train_loss: 11868.2510 train_distortion: 0.6402 train_mapscore: 0.7727 train_c: -1.0023 train_max_dist: 49.8796 train_imax: 69.5247 train_imin: -57.9368 time: 1.1873s
INFO:root:Epoch: 0335 lr: 0.01 train_loss: 13515.3037 train_distortion: 0.6696 train_mapscore: 0.7104 train_c: -1.0021 train_max_dist: 50.0000 train_imax: 72.9153 train_imin: -57.7433 time: 1.1974s
INFO:root:Epoch: 0340 lr: 0.01 train_loss: 13338.9648 train_distortion: 0.6838 train_mapscore: 0.7138 train_c: -1.0020 train_max_dist: 50.0000 train_imax: 74.7067 train_imin: -57.3005 time: 1.1807s
INFO:root:Epoch: 0345 lr: 0.01 train_loss: 12753.0439 train_distortion: 0.6909 train_mapscore: 0.7551 train_c: -1.0020 train_max_dist: 50.0000 train_imax: 74.5977 train_imin: -57.6531 time: 1.1769s
INFO:root:Epoch: 0350 lr: 0.01 train_loss: 12300.0039 train_distortion: 0.6987 train_mapscore: 0.7670 train_c: -1.0019 train_max_dist: 50.0000 train_imax: 74.8795 train_imin: -59.0067 time: 1.1892s
INFO:root:Epoch: 0355 lr: 0.01 train_loss: 13013.0312 train_distortion: 0.7029 train_mapscore: 0.7456 train_c: -1.0019 train_max_dist: 50.0000 train_imax: 73.4689 train_imin: -58.5070 time: 1.1917s
INFO:root:Epoch: 0360 lr: 0.01 train_loss: 12912.2676 train_distortion: 0.7040 train_mapscore: 0.7496 train_c: -1.0018 train_max_dist: 50.0000 train_imax: 72.4214 train_imin: -55.8342 time: 1.1823s
INFO:root:Epoch: 0365 lr: 0.01 train_loss: 13228.9658 train_distortion: 0.7021 train_mapscore: 0.7419 train_c: -1.0018 train_max_dist: 50.0000 train_imax: 70.9211 train_imin: -54.5333 time: 1.1902s
INFO:root:Epoch: 0370 lr: 0.01 train_loss: 14676.2334 train_distortion: 0.6945 train_mapscore: 0.6920 train_c: -1.0019 train_max_dist: 50.0000 train_imax: 67.2449 train_imin: -66.8355 time: 1.1956s
INFO:root:Epoch: 0375 lr: 0.01 train_loss: 14077.5898 train_distortion: 0.6761 train_mapscore: 0.7175 train_c: -1.0019 train_max_dist: 50.0000 train_imax: 63.7725 train_imin: -79.7231 time: 1.1871s
INFO:root:Epoch: 0380 lr: 0.01 train_loss: 13473.2725 train_distortion: 0.6609 train_mapscore: 0.7397 train_c: -1.0018 train_max_dist: 49.9492 train_imax: 61.7744 train_imin: -81.8248 time: 1.1929s
INFO:root:Epoch: 0385 lr: 0.01 train_loss: 18842.4648 train_distortion: 0.6445 train_mapscore: 0.5546 train_c: -1.0019 train_max_dist: 49.3985 train_imax: 59.8745 train_imin: -92.2640 time: 1.1981s
INFO:root:Epoch: 0390 lr: 0.01 train_loss: 18847.4043 train_distortion: 0.5941 train_mapscore: 0.5465 train_c: -1.0021 train_max_dist: 47.7034 train_imax: 53.6308 train_imin: -72.4281 time: 1.2334s
INFO:root:Epoch: 0395 lr: 0.01 train_loss: 19097.6250 train_distortion: 0.5445 train_mapscore: 0.5293 train_c: -1.0020 train_max_dist: 46.1291 train_imax: 48.2803 train_imin: -68.6681 time: 1.2029s
INFO:root:Epoch: 0400 lr: 0.01 train_loss: 17944.6055 train_distortion: 0.5067 train_mapscore: 0.5619 train_c: -1.0020 train_max_dist: 50.0000 train_imax: 48.6777 train_imin: -66.1290 time: 1.1919s
INFO:root:Epoch: 0405 lr: 0.01 train_loss: 17025.0977 train_distortion: 0.4862 train_mapscore: 0.6052 train_c: -1.0019 train_max_dist: 43.7441 train_imax: 51.4371 train_imin: -67.4137 time: 1.2118s
INFO:root:Epoch: 0410 lr: 0.01 train_loss: 16262.8145 train_distortion: 0.4782 train_mapscore: 0.6440 train_c: -1.0017 train_max_dist: 43.3650 train_imax: 48.3928 train_imin: -67.4462 time: 1.2027s
INFO:root:Epoch: 0415 lr: 0.01 train_loss: 15657.4434 train_distortion: 0.4795 train_mapscore: 0.6722 train_c: -1.0016 train_max_dist: 43.4683 train_imax: 47.8189 train_imin: -68.2298 time: 1.1922s
INFO:root:Epoch: 0420 lr: 0.01 train_loss: 14479.2705 train_distortion: 0.4936 train_mapscore: 0.7278 train_c: -1.0014 train_max_dist: 44.1126 train_imax: 49.9327 train_imin: -71.3779 time: 1.2067s
INFO:root:Epoch: 0425 lr: 0.01 train_loss: 14505.5752 train_distortion: 0.5204 train_mapscore: 0.7144 train_c: -1.0013 train_max_dist: 45.2414 train_imax: 55.5913 train_imin: -77.7069 time: 1.2039s
INFO:root:Epoch: 0430 lr: 0.01 train_loss: 13467.5869 train_distortion: 0.5551 train_mapscore: 0.7598 train_c: -1.0012 train_max_dist: 46.7881 train_imax: 62.4276 train_imin: -85.1859 time: 1.1902s
INFO:root:Epoch: 0435 lr: 0.01 train_loss: 13286.1172 train_distortion: 0.5986 train_mapscore: 0.7616 train_c: -1.0011 train_max_dist: 48.3191 train_imax: 69.4682 train_imin: -94.5220 time: 1.1960s
INFO:root:Epoch: 0440 lr: 0.01 train_loss: 12925.4238 train_distortion: 0.6473 train_mapscore: 0.7796 train_c: -1.0010 train_max_dist: 49.7643 train_imax: 76.2089 train_imin: -104.4678 time: 1.1992s
INFO:root:Epoch: 0445 lr: 0.01 train_loss: 13030.4951 train_distortion: 0.6950 train_mapscore: 0.7734 train_c: -1.0009 train_max_dist: 50.0000 train_imax: 83.7829 train_imin: -114.0605 time: 1.2372s
INFO:root:Epoch: 0450 lr: 0.01 train_loss: 13171.0879 train_distortion: 0.7335 train_mapscore: 0.7674 train_c: -1.0008 train_max_dist: 50.0000 train_imax: 90.6714 train_imin: -119.6085 time: 1.1892s
INFO:root:Epoch: 0455 lr: 0.01 train_loss: 12767.4883 train_distortion: 0.7589 train_mapscore: 0.7806 train_c: -1.0007 train_max_dist: 50.0000 train_imax: 94.9419 train_imin: -123.4000 time: 1.1910s
INFO:root:Epoch: 0460 lr: 0.01 train_loss: 15687.6934 train_distortion: 0.7641 train_mapscore: 0.6849 train_c: -1.0007 train_max_dist: 50.0000 train_imax: 94.3746 train_imin: -124.7418 time: 1.1947s
INFO:root:Epoch: 0465 lr: 0.01 train_loss: 19489.8750 train_distortion: 0.7316 train_mapscore: 0.5597 train_c: -1.0004 train_max_dist: 50.0000 train_imax: 87.4638 train_imin: -119.6554 time: 1.1958s
INFO:root:Epoch: 0470 lr: 0.01 train_loss: 29015.7031 train_distortion: 0.6574 train_mapscore: 0.3373 train_c: -1.0000 train_max_dist: 50.0000 train_imax: 235.1268 train_imin: -98.6060 time: 1.2058s
INFO:root:Epoch: 0475 lr: 0.01 train_loss: 33559.0469 train_distortion: 0.5400 train_mapscore: 0.2479 train_c: -0.9995 train_max_dist: 46.6291 train_imax: 139.1252 train_imin: -68.1645 time: 1.2224s
INFO:root:Epoch: 0480 lr: 0.01 train_loss: 32173.2188 train_distortion: 0.4540 train_mapscore: 0.2422 train_c: -0.9991 train_max_dist: 42.3082 train_imax: 80.8576 train_imin: -44.6637 time: 1.2365s
INFO:root:Epoch: 0485 lr: 0.01 train_loss: 30417.6875 train_distortion: 0.4166 train_mapscore: 0.2413 train_c: -0.9988 train_max_dist: 50.0000 train_imax: 53.8076 train_imin: -29.9669 time: 1.2513s
INFO:root:Epoch: 0490 lr: 0.01 train_loss: 28977.1445 train_distortion: 0.4109 train_mapscore: 0.2652 train_c: -0.9986 train_max_dist: 35.1677 train_imax: 39.5709 train_imin: -22.1627 time: 1.2337s
INFO:root:Epoch: 0495 lr: 0.01 train_loss: 28197.4102 train_distortion: 0.4169 train_mapscore: 0.2783 train_c: -0.9984 train_max_dist: 33.0336 train_imax: 32.4618 train_imin: -17.9986 time: 1.2151s
INFO:root:Epoch: 0500 lr: 0.01 train_loss: 27927.7051 train_distortion: 0.4198 train_mapscore: 0.2740 train_c: -0.9982 train_max_dist: 32.3809 train_imax: 30.9946 train_imin: -16.8342 time: 1.2408s
INFO:root:Epoch: 0505 lr: 0.01 train_loss: 27318.7773 train_distortion: 0.4205 train_mapscore: 0.3073 train_c: -0.9981 train_max_dist: 32.0721 train_imax: 29.8731 train_imin: -16.3142 time: 1.2284s
INFO:root:Epoch: 0510 lr: 0.01 train_loss: 26546.4922 train_distortion: 0.4192 train_mapscore: 0.3426 train_c: -0.9979 train_max_dist: 32.0046 train_imax: 29.4949 train_imin: -16.1447 time: 1.2392s
INFO:root:Epoch: 0515 lr: 0.01 train_loss: 25853.9785 train_distortion: 0.4164 train_mapscore: 0.3709 train_c: -0.9979 train_max_dist: 32.2476 train_imax: 30.0596 train_imin: -16.4561 time: 1.2167s
INFO:root:Epoch: 0520 lr: 0.01 train_loss: 25173.5508 train_distortion: 0.4124 train_mapscore: 0.3990 train_c: -0.9978 train_max_dist: 32.8627 train_imax: 31.5999 train_imin: -17.2007 time: 1.2232s
INFO:root:Epoch: 0525 lr: 0.01 train_loss: 24413.3359 train_distortion: 0.4082 train_mapscore: 0.4493 train_c: -0.9977 train_max_dist: 33.7454 train_imax: 33.9602 train_imin: -18.3810 time: 1.2165s
INFO:root:Epoch: 0530 lr: 0.01 train_loss: 23812.2090 train_distortion: 0.4048 train_mapscore: 0.4527 train_c: -0.9976 train_max_dist: 35.1632 train_imax: 38.3235 train_imin: -20.7218 time: 1.2242s
INFO:root:Epoch: 0535 lr: 0.01 train_loss: 23144.0117 train_distortion: 0.4052 train_mapscore: 0.4862 train_c: -0.9975 train_max_dist: 36.5000 train_imax: 42.8365 train_imin: -23.0831 time: 1.2153s
INFO:root:Epoch: 0540 lr: 0.01 train_loss: 22464.1270 train_distortion: 0.4084 train_mapscore: 0.5326 train_c: -0.9975 train_max_dist: 37.6669 train_imax: 47.1013 train_imin: -25.2687 time: 1.2245s
INFO:root:Epoch: 0545 lr: 0.01 train_loss: 21641.6055 train_distortion: 0.4142 train_mapscore: 0.5877 train_c: -0.9974 train_max_dist: 38.8465 train_imax: 51.7474 train_imin: -27.6697 time: 1.2141s
INFO:root:Epoch: 0550 lr: 0.01 train_loss: 20921.8906 train_distortion: 0.4223 train_mapscore: 0.6176 train_c: -0.9974 train_max_dist: 39.9734 train_imax: 56.6690 train_imin: -30.1942 time: 1.2156s
INFO:root:Epoch: 0555 lr: 0.01 train_loss: 20138.5078 train_distortion: 0.4334 train_mapscore: 0.6585 train_c: -0.9974 train_max_dist: 41.1531 train_imax: 62.1755 train_imin: -32.8180 time: 1.2536s
INFO:root:Epoch: 0560 lr: 0.01 train_loss: 23832.2305 train_distortion: 0.4484 train_mapscore: 0.3917 train_c: -0.9974 train_max_dist: 42.1707 train_imax: 68.6552 train_imin: -37.0899 time: 1.2206s
INFO:root:Epoch: 0565 lr: 0.01 train_loss: 27530.1914 train_distortion: 0.4510 train_mapscore: 0.3054 train_c: -0.9974 train_max_dist: 41.6629 train_imax: 70.5671 train_imin: -36.7483 time: 1.2216s
INFO:root:Epoch: 0570 lr: 0.01 train_loss: 26825.1211 train_distortion: 0.4353 train_mapscore: 0.3126 train_c: -0.9974 train_max_dist: 40.0193 train_imax: 65.4660 train_imin: -31.7787 time: 1.2020s
INFO:root:Epoch: 0575 lr: 0.01 train_loss: 25672.8730 train_distortion: 0.4216 train_mapscore: 0.3374 train_c: -0.9974 train_max_dist: 38.3591 train_imax: 59.4309 train_imin: -27.0594 time: 1.2226s
INFO:root:Epoch: 0580 lr: 0.01 train_loss: 24565.4590 train_distortion: 0.4140 train_mapscore: 0.3815 train_c: -0.9973 train_max_dist: 37.3444 train_imax: 54.9464 train_imin: -23.8822 time: 1.2070s
INFO:root:Epoch: 0585 lr: 0.01 train_loss: 23801.9160 train_distortion: 0.4106 train_mapscore: 0.4154 train_c: -0.9972 train_max_dist: 36.7534 train_imax: 52.2731 train_imin: -22.6354 time: 1.2098s
INFO:root:Epoch: 0590 lr: 0.01 train_loss: 22992.8711 train_distortion: 0.4099 train_mapscore: 0.4610 train_c: -0.9971 train_max_dist: 36.6478 train_imax: 52.0488 train_imin: -22.6588 time: 1.2145s
INFO:root:Epoch: 0595 lr: 0.01 train_loss: 22288.4785 train_distortion: 0.4106 train_mapscore: 0.5011 train_c: -0.9971 train_max_dist: 37.0247 train_imax: 53.3041 train_imin: -23.2565 time: 1.2148s
INFO:root:Epoch: 0600 lr: 0.01 train_loss: 21493.8711 train_distortion: 0.4136 train_mapscore: 0.5488 train_c: -0.9970 train_max_dist: 37.7024 train_imax: 56.1322 train_imin: -24.3617 time: 1.2031s
INFO:root:Epoch: 0605 lr: 0.01 train_loss: 20723.4922 train_distortion: 0.4195 train_mapscore: 0.5962 train_c: -0.9970 train_max_dist: 38.5988 train_imax: 60.4617 train_imin: -26.0796 time: 1.2177s
INFO:root:Epoch: 0610 lr: 0.01 train_loss: 21761.7285 train_distortion: 0.4291 train_mapscore: 0.4727 train_c: -0.9970 train_max_dist: 39.6017 train_imax: 65.3076 train_imin: -28.2777 time: 1.2356s
INFO:root:Epoch: 0615 lr: 0.01 train_loss: 22945.8555 train_distortion: 0.4384 train_mapscore: 0.4232 train_c: -0.9970 train_max_dist: 40.3087 train_imax: 68.8228 train_imin: -29.9970 time: 1.2109s
INFO:root:Epoch: 0620 lr: 0.01 train_loss: 22126.9727 train_distortion: 0.4431 train_mapscore: 0.4671 train_c: -0.9970 train_max_dist: 40.7560 train_imax: 71.0099 train_imin: -30.8102 time: 1.2138s
INFO:root:Epoch: 0625 lr: 0.01 train_loss: 21199.8066 train_distortion: 0.4475 train_mapscore: 0.5115 train_c: -0.9970 train_max_dist: 41.1622 train_imax: 72.7660 train_imin: -31.6310 time: 1.2219s
INFO:root:Epoch: 0630 lr: 0.01 train_loss: 20307.7148 train_distortion: 0.4534 train_mapscore: 0.5584 train_c: -0.9969 train_max_dist: 41.5899 train_imax: 75.2328 train_imin: -32.4982 time: 1.2033s
INFO:root:Epoch: 0635 lr: 0.01 train_loss: 19763.0039 train_distortion: 0.4625 train_mapscore: 0.5883 train_c: -0.9969 train_max_dist: 50.0000 train_imax: 78.8973 train_imin: -34.3690 time: 1.2076s
INFO:root:Epoch: 0640 lr: 0.01 train_loss: 18825.4922 train_distortion: 0.4768 train_mapscore: 0.6408 train_c: -0.9969 train_max_dist: 43.1524 train_imax: 84.2576 train_imin: -36.8841 time: 1.1910s
INFO:root:Epoch: 0645 lr: 0.01 train_loss: 17837.7969 train_distortion: 0.4984 train_mapscore: 0.6975 train_c: -0.9969 train_max_dist: 44.4062 train_imax: 91.8335 train_imin: -40.2267 time: 1.1947s
INFO:root:Epoch: 0650 lr: 0.01 train_loss: 18003.3711 train_distortion: 0.5264 train_mapscore: 0.6605 train_c: -0.9969 train_max_dist: 45.6445 train_imax: 100.3951 train_imin: -44.3724 time: 1.1917s
INFO:root:Epoch: 0655 lr: 0.01 train_loss: 17318.6973 train_distortion: 0.5572 train_mapscore: 0.6946 train_c: -0.9968 train_max_dist: 46.8905 train_imax: 110.3523 train_imin: -47.9591 time: 1.1934s
INFO:root:Epoch: 0660 lr: 0.01 train_loss: 16555.4277 train_distortion: 0.5922 train_mapscore: 0.7233 train_c: -0.9968 train_max_dist: 48.2362 train_imax: 121.3321 train_imin: -51.8205 time: 1.2026s
INFO:root:Epoch: 0665 lr: 0.01 train_loss: 15917.8096 train_distortion: 0.6325 train_mapscore: 0.7498 train_c: -0.9968 train_max_dist: 50.0000 train_imax: 134.1247 train_imin: -57.0494 time: 1.2056s
INFO:root:Epoch: 0670 lr: 0.01 train_loss: 15257.2285 train_distortion: 0.6784 train_mapscore: 0.7735 train_c: -0.9968 train_max_dist: 50.0000 train_imax: 148.1902 train_imin: -62.9205 time: 1.2022s
INFO:root:Epoch: 0675 lr: 0.01 train_loss: 15016.2402 train_distortion: 0.7293 train_mapscore: 0.7723 train_c: -0.9967 train_max_dist: 50.0000 train_imax: 163.3882 train_imin: -69.3105 time: 1.1965s
INFO:root:Epoch: 0680 lr: 0.01 train_loss: 15569.2500 train_distortion: 0.7754 train_mapscore: 0.7450 train_c: -0.9967 train_max_dist: 50.0000 train_imax: 177.3723 train_imin: -74.5123 time: 1.2121s
INFO:root:Epoch: 0685 lr: 0.01 train_loss: 15920.8633 train_distortion: 0.8121 train_mapscore: 0.7328 train_c: -0.9967 train_max_dist: 50.0000 train_imax: 188.9783 train_imin: -78.7057 time: 1.1895s
INFO:root:Epoch: 0690 lr: 0.01 train_loss: 16424.8398 train_distortion: 0.8363 train_mapscore: 0.7142 train_c: -0.9966 train_max_dist: 50.0000 train_imax: 196.7410 train_imin: -82.0949 time: 1.2023s
INFO:root:Epoch: 0695 lr: 0.01 train_loss: 17785.9375 train_distortion: 0.8426 train_mapscore: 0.6535 train_c: -0.9966 train_max_dist: 50.0000 train_imax: 199.1877 train_imin: -82.3782 time: 1.1955s
INFO:root:Epoch: 0700 lr: 0.01 train_loss: 17460.6172 train_distortion: 0.8293 train_mapscore: 0.6709 train_c: -0.9966 train_max_dist: 50.0000 train_imax: 195.8203 train_imin: -79.9878 time: 1.2070s
INFO:root:Epoch: 0705 lr: 0.01 train_loss: 23580.9434 train_distortion: 0.8000 train_mapscore: 0.4586 train_c: -0.9967 train_max_dist: 50.0000 train_imax: 185.0538 train_imin: -78.1986 time: 1.1953s
INFO:root:Epoch: 0710 lr: 0.01 train_loss: 26541.3340 train_distortion: 0.7076 train_mapscore: 0.3781 train_c: -0.9968 train_max_dist: 50.0000 train_imax: 157.6257 train_imin: -85.7656 time: 1.2216s
INFO:root:Epoch: 0715 lr: 0.01 train_loss: 24892.4902 train_distortion: 0.5992 train_mapscore: 0.3954 train_c: -0.9969 train_max_dist: 48.3906 train_imax: 126.3887 train_imin: -77.5125 time: 1.1968s
INFO:root:Epoch: 0720 lr: 0.01 train_loss: 25831.6680 train_distortion: 0.5175 train_mapscore: 0.3403 train_c: -0.9969 train_max_dist: 45.5488 train_imax: 101.3979 train_imin: -64.6452 time: 1.2390s
INFO:root:Epoch: 0725 lr: 0.01 train_loss: 25746.0723 train_distortion: 0.4646 train_mapscore: 0.3311 train_c: -0.9969 train_max_dist: 50.0000 train_imax: 82.8358 train_imin: -52.4417 time: 1.2006s
INFO:root:Epoch: 0730 lr: 0.01 train_loss: 24490.5312 train_distortion: 0.4360 train_mapscore: 0.3606 train_c: -0.9969 train_max_dist: 40.8750 train_imax: 70.7557 train_imin: -43.7771 time: 1.2176s
INFO:root:Epoch: 0735 lr: 0.01 train_loss: 23462.8828 train_distortion: 0.4237 train_mapscore: 0.4060 train_c: -0.9968 train_max_dist: 39.5682 train_imax: 63.9872 train_imin: -39.1548 time: 1.2143s
INFO:root:Epoch: 0740 lr: 0.01 train_loss: 22512.3027 train_distortion: 0.4196 train_mapscore: 0.4674 train_c: -0.9967 train_max_dist: 39.0915 train_imax: 61.6358 train_imin: -37.3206 time: 1.2007s
INFO:root:Epoch: 0745 lr: 0.01 train_loss: 21555.4727 train_distortion: 0.4206 train_mapscore: 0.5316 train_c: -0.9966 train_max_dist: 39.2964 train_imax: 64.4141 train_imin: -37.7081 time: 1.1987s
INFO:root:Epoch: 0750 lr: 0.01 train_loss: 20774.3633 train_distortion: 0.4262 train_mapscore: 0.5750 train_c: -0.9965 train_max_dist: 40.0101 train_imax: 69.3878 train_imin: -39.8645 time: 1.2082s
INFO:root:Epoch: 0755 lr: 0.01 train_loss: 19941.9922 train_distortion: 0.4375 train_mapscore: 0.6256 train_c: -0.9964 train_max_dist: 41.1458 train_imax: 76.6845 train_imin: -43.5852 time: 1.2094s
INFO:root:Epoch: 0760 lr: 0.01 train_loss: 19031.4160 train_distortion: 0.4559 train_mapscore: 0.6719 train_c: -0.9964 train_max_dist: 42.5578 train_imax: 86.2869 train_imin: -48.7459 time: 1.2024s
INFO:root:Epoch: 0765 lr: 0.01 train_loss: 18124.5859 train_distortion: 0.4817 train_mapscore: 0.7105 train_c: -0.9963 train_max_dist: 50.0000 train_imax: 97.7505 train_imin: -55.1387 time: 1.2012s
INFO:root:Epoch: 0770 lr: 0.01 train_loss: 17186.4805 train_distortion: 0.5165 train_mapscore: 0.7484 train_c: -0.9963 train_max_dist: 45.8506 train_imax: 111.5509 train_imin: -62.9081 time: 1.2074s
INFO:root:Epoch: 0775 lr: 0.01 train_loss: 16578.5586 train_distortion: 0.5605 train_mapscore: 0.7522 train_c: -0.9962 train_max_dist: 47.6708 train_imax: 127.5370 train_imin: -72.1763 time: 1.2340s
INFO:root:Epoch: 0780 lr: 0.01 train_loss: 16967.7637 train_distortion: 0.6095 train_mapscore: 0.7193 train_c: -0.9962 train_max_dist: 49.4247 train_imax: 143.0907 train_imin: -81.8440 time: 1.2024s
INFO:root:Epoch: 0785 lr: 0.01 train_loss: 16292.3027 train_distortion: 0.6590 train_mapscore: 0.7501 train_c: -0.9962 train_max_dist: 50.0000 train_imax: 158.1863 train_imin: -91.0933 time: 1.2036s
INFO:root:Epoch: 0790 lr: 0.01 train_loss: 25033.3867 train_distortion: 0.7061 train_mapscore: 0.4057 train_c: -0.9962 train_max_dist: 50.0000 train_imax: 170.7510 train_imin: -99.4345 time: 1.2009s
INFO:root:Epoch: 0795 lr: 0.01 train_loss: 29673.6914 train_distortion: 0.6577 train_mapscore: 0.3040 train_c: -0.9964 train_max_dist: 50.0000 train_imax: 153.7686 train_imin: -90.7835 time: 1.2528s
INFO:root:Epoch: 0800 lr: 0.01 train_loss: 29235.7559 train_distortion: 0.5399 train_mapscore: 0.2811 train_c: -0.9966 train_max_dist: 47.0835 train_imax: 118.9762 train_imin: -67.2821 time: 1.2211s
INFO:root:Epoch: 0805 lr: 0.01 train_loss: 27590.1445 train_distortion: 0.4658 train_mapscore: 0.3006 train_c: -0.9967 train_max_dist: 43.3405 train_imax: 91.9904 train_imin: -50.0672 time: 1.2249s
INFO:root:Epoch: 0810 lr: 0.01 train_loss: 26255.6035 train_distortion: 0.4303 train_mapscore: 0.3314 train_c: -0.9967 train_max_dist: 40.3385 train_imax: 74.0468 train_imin: -39.2809 time: 1.2244s
INFO:root:Epoch: 0815 lr: 0.01 train_loss: 25393.2578 train_distortion: 0.4172 train_mapscore: 0.3718 train_c: -0.9966 train_max_dist: 38.3912 train_imax: 63.4735 train_imin: -33.4259 time: 1.2151s
INFO:root:Epoch: 0820 lr: 0.01 train_loss: 24792.3652 train_distortion: 0.4131 train_mapscore: 0.4060 train_c: -0.9965 train_max_dist: 37.3012 train_imax: 58.2824 train_imin: -30.4899 time: 1.2141s
INFO:root:Epoch: 0825 lr: 0.01 train_loss: 24075.7891 train_distortion: 0.4118 train_mapscore: 0.4436 train_c: -0.9965 train_max_dist: 36.9329 train_imax: 56.5636 train_imin: -29.5283 time: 1.2197s
INFO:root:Epoch: 0830 lr: 0.01 train_loss: 23419.6152 train_distortion: 0.4118 train_mapscore: 0.4832 train_c: -0.9964 train_max_dist: 37.1886 train_imax: 57.5496 train_imin: -30.0463 time: 1.2389s
INFO:root:Epoch: 0835 lr: 0.01 train_loss: 22699.9219 train_distortion: 0.4135 train_mapscore: 0.5283 train_c: -0.9963 train_max_dist: 50.0000 train_imax: 60.6892 train_imin: -31.7852 time: 1.2025s
INFO:root:Epoch: 0840 lr: 0.01 train_loss: 21981.2227 train_distortion: 0.4180 train_mapscore: 0.5690 train_c: -0.9962 train_max_dist: 38.7802 train_imax: 65.8242 train_imin: -34.4634 time: 1.2101s
INFO:root:Epoch: 0845 lr: 0.01 train_loss: 25343.1211 train_distortion: 0.4249 train_mapscore: 0.3191 train_c: -0.9962 train_max_dist: 39.6932 train_imax: 70.2688 train_imin: -37.2311 time: 1.1987s
INFO:root:Epoch: 0850 lr: 0.01 train_loss: 27168.7500 train_distortion: 0.4289 train_mapscore: 0.2664 train_c: -0.9962 train_max_dist: 40.0291 train_imax: 71.7191 train_imin: -38.1389 time: 1.2136s
INFO:root:Epoch: 0855 lr: 0.01 train_loss: 27380.5859 train_distortion: 0.4256 train_mapscore: 0.2559 train_c: -0.9962 train_max_dist: 39.5653 train_imax: 68.8198 train_imin: -36.7119 time: 1.2113s
INFO:root:Epoch: 0860 lr: 0.01 train_loss: 26490.3086 train_distortion: 0.4195 train_mapscore: 0.2793 train_c: -0.9962 train_max_dist: 38.6297 train_imax: 63.5626 train_imin: -34.1398 time: 1.2112s
INFO:root:Epoch: 0865 lr: 0.01 train_loss: 25527.6328 train_distortion: 0.4151 train_mapscore: 0.3107 train_c: -0.9961 train_max_dist: 37.6336 train_imax: 59.2760 train_imin: -31.7729 time: 1.2092s
INFO:root:Epoch: 0870 lr: 0.01 train_loss: 24504.2070 train_distortion: 0.4133 train_mapscore: 0.3620 train_c: -0.9961 train_max_dist: 50.0000 train_imax: 57.2196 train_imin: -30.6953 time: 1.2179s
INFO:root:Epoch: 0875 lr: 0.01 train_loss: 23727.5879 train_distortion: 0.4131 train_mapscore: 0.4060 train_c: -0.9960 train_max_dist: 37.1177 train_imax: 57.3359 train_imin: -30.7248 time: 1.2064s
INFO:root:Epoch: 0880 lr: 0.01 train_loss: 23179.4141 train_distortion: 0.4139 train_mapscore: 0.4404 train_c: -0.9960 train_max_dist: 37.4556 train_imax: 58.5761 train_imin: -31.3794 time: 1.2149s
INFO:root:Epoch: 0885 lr: 0.01 train_loss: 22485.4648 train_distortion: 0.4166 train_mapscore: 0.4838 train_c: -0.9959 train_max_dist: 38.1293 train_imax: 61.8092 train_imin: -33.0060 time: 1.2439s
INFO:root:Epoch: 0890 lr: 0.01 train_loss: 21647.7305 train_distortion: 0.4219 train_mapscore: 0.5383 train_c: -0.9959 train_max_dist: 39.0355 train_imax: 66.6927 train_imin: -35.4923 time: 1.2159s
INFO:root:Epoch: 0895 lr: 0.01 train_loss: 20822.2422 train_distortion: 0.4311 train_mapscore: 0.5830 train_c: -0.9958 train_max_dist: 40.1526 train_imax: 73.2867 train_imin: -38.8824 time: 1.2105s
INFO:root:Epoch: 0900 lr: 0.01 train_loss: 19989.1953 train_distortion: 0.4456 train_mapscore: 0.6241 train_c: -0.9958 train_max_dist: 41.5022 train_imax: 81.6961 train_imin: -43.1577 time: 1.2082s
INFO:root:Epoch: 0905 lr: 0.01 train_loss: 19162.4688 train_distortion: 0.4663 train_mapscore: 0.6597 train_c: -0.9957 train_max_dist: 48.0000 train_imax: 91.9691 train_imin: -48.3783 time: 1.2075s
INFO:root:Epoch: 0910 lr: 0.01 train_loss: 18710.3906 train_distortion: 0.4933 train_mapscore: 0.6613 train_c: -0.9957 train_max_dist: 50.0000 train_imax: 104.0866 train_imin: -54.3818 time: 1.2004s
INFO:root:Epoch: 0915 lr: 0.01 train_loss: 18496.7383 train_distortion: 0.5237 train_mapscore: 0.6487 train_c: -0.9958 train_max_dist: 48.0000 train_imax: 116.3899 train_imin: -60.4830 time: 1.1985s
INFO:root:Epoch: 0920 lr: 0.01 train_loss: 17693.4023 train_distortion: 0.5578 train_mapscore: 0.6930 train_c: -0.9958 train_max_dist: 50.0000 train_imax: 129.4806 train_imin: -66.8769 time: 1.2074s
INFO:root:Epoch: 0925 lr: 0.01 train_loss: 17019.0977 train_distortion: 0.5969 train_mapscore: 0.7165 train_c: -0.9957 train_max_dist: 48.9513 train_imax: 144.2568 train_imin: -74.1089 time: 1.2056s
INFO:root:Epoch: 0930 lr: 0.01 train_loss: 17290.8281 train_distortion: 0.6401 train_mapscore: 0.6900 train_c: -0.9957 train_max_dist: 50.0000 train_imax: 159.5082 train_imin: -82.1099 time: 1.1912s
INFO:root:Epoch: 0935 lr: 0.01 train_loss: 16535.9531 train_distortion: 0.6815 train_mapscore: 0.7327 train_c: -0.9957 train_max_dist: 50.0000 train_imax: 174.9283 train_imin: -89.5498 time: 1.2018s
INFO:root:Epoch: 0940 lr: 0.01 train_loss: 15972.9375 train_distortion: 0.7225 train_mapscore: 0.7423 train_c: -0.9956 train_max_dist: 50.0000 train_imax: 189.1674 train_imin: -96.8419 time: 1.2340s
INFO:root:Epoch: 0945 lr: 0.01 train_loss: 17043.3750 train_distortion: 0.7609 train_mapscore: 0.6858 train_c: -0.9956 train_max_dist: 50.0000 train_imax: 201.7326 train_imin: -103.4634 time: 1.1998s
INFO:root:Epoch: 0950 lr: 0.01 train_loss: 16952.3086 train_distortion: 0.7873 train_mapscore: 0.6850 train_c: -0.9956 train_max_dist: 50.0000 train_imax: 211.0839 train_imin: -107.5379 time: 1.1912s
INFO:root:Epoch: 0955 lr: 0.01 train_loss: 20084.6836 train_distortion: 0.8005 train_mapscore: 0.5498 train_c: -0.9955 train_max_dist: 50.0000 train_imax: 215.0077 train_imin: -109.4364 time: 1.2047s
INFO:root:Epoch: 0960 lr: 0.01 train_loss: 19639.5957 train_distortion: 0.7850 train_mapscore: 0.5692 train_c: -0.9955 train_max_dist: 50.0000 train_imax: 209.2925 train_imin: -106.4084 time: 1.1943s
INFO:root:Epoch: 0965 lr: 0.01 train_loss: 19184.3262 train_distortion: 0.7577 train_mapscore: 0.5837 train_c: -0.9953 train_max_dist: 50.0000 train_imax: 200.5361 train_imin: -101.0336 time: 1.1972s
INFO:root:Epoch: 0970 lr: 0.01 train_loss: 17924.9180 train_distortion: 0.7350 train_mapscore: 0.6395 train_c: -0.9952 train_max_dist: 50.0000 train_imax: 193.3872 train_imin: -96.8051 time: 1.1955s
INFO:root:Epoch: 0975 lr: 0.01 train_loss: 17268.2812 train_distortion: 0.7242 train_mapscore: 0.6700 train_c: -0.9951 train_max_dist: 50.0000 train_imax: 189.9189 train_imin: -94.7370 time: 1.2072s
INFO:root:Epoch: 0980 lr: 0.01 train_loss: 16599.7480 train_distortion: 0.7284 train_mapscore: 0.6997 train_c: -0.9950 train_max_dist: 50.0000 train_imax: 191.0868 train_imin: -95.6320 time: 1.1984s
INFO:root:Epoch: 0985 lr: 0.01 train_loss: 21437.0664 train_distortion: 0.7411 train_mapscore: 0.4931 train_c: -0.9950 train_max_dist: 50.0000 train_imax: 194.1877 train_imin: -97.6627 time: 1.2000s
INFO:root:Epoch: 0990 lr: 0.01 train_loss: 21472.9688 train_distortion: 0.7192 train_mapscore: 0.4838 train_c: -0.9950 train_max_dist: 50.0000 train_imax: 185.3101 train_imin: -94.2030 time: 1.2137s
INFO:root:Epoch: 0995 lr: 0.01 train_loss: 20123.5352 train_distortion: 0.6829 train_mapscore: 0.5423 train_c: -0.9949 train_max_dist: 50.0000 train_imax: 173.0628 train_imin: -87.6153 time: 1.2354s
INFO:root:Epoch: 1000 lr: 0.01 train_loss: 18620.8789 train_distortion: 0.6593 train_mapscore: 0.6035 train_c: -0.9948 train_max_dist: 50.0000 train_imax: 164.9922 train_imin: -83.1873 time: 1.2046s
INFO:root:Epoch: 1005 lr: 0.01 train_loss: 18099.2891 train_distortion: 0.6506 train_mapscore: 0.6232 train_c: -0.9947 train_max_dist: 50.0000 train_imax: 161.6914 train_imin: -81.4943 time: 1.1994s
INFO:root:Epoch: 1010 lr: 0.01 train_loss: 17257.6172 train_distortion: 0.6554 train_mapscore: 0.6648 train_c: -0.9947 train_max_dist: 50.0000 train_imax: 163.1561 train_imin: -82.9320 time: 1.2506s
INFO:root:Epoch: 1015 lr: 0.01 train_loss: 16580.7363 train_distortion: 0.6734 train_mapscore: 0.7041 train_c: -0.9946 train_max_dist: 50.0000 train_imax: 169.8057 train_imin: -86.0955 time: 1.2190s
INFO:root:Epoch: 1020 lr: 0.01 train_loss: 16638.4160 train_distortion: 0.6862 train_mapscore: 0.6946 train_c: -0.9947 train_max_dist: 50.0000 train_imax: 174.7286 train_imin: -87.9957 time: 1.2215s
INFO:root:Epoch: 1025 lr: 0.01 train_loss: 16583.3359 train_distortion: 0.7099 train_mapscore: 0.7054 train_c: -0.9947 train_max_dist: 50.0000 train_imax: 182.7234 train_imin: -92.0203 time: 1.2298s
INFO:root:Epoch: 1030 lr: 0.01 train_loss: 15940.6045 train_distortion: 0.7386 train_mapscore: 0.7328 train_c: -0.9947 train_max_dist: 50.0000 train_imax: 192.6751 train_imin: -96.7074 time: 1.2447s
INFO:root:Epoch: 1035 lr: 0.01 train_loss: 15445.2812 train_distortion: 0.7749 train_mapscore: 0.7486 train_c: -0.9946 train_max_dist: 50.0000 train_imax: 204.4976 train_imin: -102.7738 time: 1.2306s
INFO:root:Epoch: 1040 lr: 0.01 train_loss: 15417.1172 train_distortion: 0.8129 train_mapscore: 0.7480 train_c: -0.9946 train_max_dist: 50.0000 train_imax: 217.3206 train_imin: -109.2770 time: 1.2440s
INFO:root:Epoch: 1045 lr: 0.01 train_loss: 15752.7871 train_distortion: 0.8501 train_mapscore: 0.7272 train_c: -0.9946 train_max_dist: 50.0000 train_imax: 228.6226 train_imin: -115.9916 time: 1.2207s
INFO:root:Epoch: 1050 lr: 0.01 train_loss: 15714.9912 train_distortion: 0.8813 train_mapscore: 0.7352 train_c: -0.9946 train_max_dist: 50.0000 train_imax: 239.7316 train_imin: -121.3707 time: 1.2749s
INFO:root:Epoch: 1055 lr: 0.01 train_loss: 16256.2432 train_distortion: 0.9080 train_mapscore: 0.7077 train_c: -0.9945 train_max_dist: 50.0000 train_imax: 249.0233 train_imin: -126.0513 time: 1.2309s
INFO:root:Epoch: 1060 lr: 0.01 train_loss: 17656.9883 train_distortion: 0.9166 train_mapscore: 0.6614 train_c: -0.9945 train_max_dist: 50.0000 train_imax: 251.4758 train_imin: -126.8636 time: 1.2211s
INFO:root:Epoch: 1065 lr: 0.01 train_loss: 17661.0195 train_distortion: 0.9045 train_mapscore: 0.6637 train_c: -0.9945 train_max_dist: 50.0000 train_imax: 247.8361 train_imin: -126.7338 time: 1.2422s
INFO:root:Epoch: 1070 lr: 0.01 train_loss: 16999.4375 train_distortion: 0.8844 train_mapscore: 0.6853 train_c: -0.9944 train_max_dist: 50.0000 train_imax: 243.0986 train_imin: -124.1941 time: 1.2140s
INFO:root:Epoch: 1075 lr: 0.01 train_loss: 16153.7412 train_distortion: 0.8695 train_mapscore: 0.7114 train_c: -0.9943 train_max_dist: 50.0000 train_imax: 239.4159 train_imin: -119.5603 time: 1.2289s
INFO:root:Epoch: 1080 lr: 0.01 train_loss: 37395.0391 train_distortion: 0.7555 train_mapscore: 0.2032 train_c: -0.9948 train_max_dist: 50.0000 train_imax: 207.7604 train_imin: -108.6045 time: 1.2483s
INFO:root:Epoch: 1085 lr: 0.01 train_loss: 44476.8047 train_distortion: 0.5549 train_mapscore: 0.1163 train_c: -0.9958 train_max_dist: 48.2679 train_imax: 130.8654 train_imin: -68.5889 time: 1.2850s
INFO:root:Epoch: 1090 lr: 0.01 train_loss: 43077.5859 train_distortion: 0.4592 train_mapscore: 0.0928 train_c: -0.9965 train_max_dist: 42.5873 train_imax: 80.6450 train_imin: -41.0658 time: 1.3025s
INFO:root:Epoch: 1095 lr: 0.01 train_loss: 40486.8164 train_distortion: 0.4434 train_mapscore: 0.0870 train_c: -0.9969 train_max_dist: 50.0000 train_imax: 53.1027 train_imin: -25.6589 time: 1.3202s
INFO:root:Epoch: 1100 lr: 0.01 train_loss: 38858.5781 train_distortion: 0.4662 train_mapscore: 0.0862 train_c: -0.9971 train_max_dist: 33.8412 train_imax: 37.5760 train_imin: -17.5756 time: 1.3465s
INFO:root:Epoch: 1105 lr: 0.01 train_loss: 37820.9062 train_distortion: 0.5000 train_mapscore: 0.0852 train_c: -0.9972 train_max_dist: 30.8799 train_imax: 28.6239 train_imin: -13.0306 time: 1.3773s
INFO:root:Epoch: 1110 lr: 0.01 train_loss: 37338.7188 train_distortion: 0.5318 train_mapscore: 0.0871 train_c: -0.9973 train_max_dist: 28.7057 train_imax: 23.2440 train_imin: -10.4004 time: 1.3220s
INFO:root:Epoch: 1115 lr: 0.01 train_loss: 36980.1250 train_distortion: 0.5560 train_mapscore: 0.0926 train_c: -0.9973 train_max_dist: 27.1676 train_imax: 19.8911 train_imin: -8.8979 time: 1.3200s
INFO:root:Epoch: 1120 lr: 0.01 train_loss: 36760.7812 train_distortion: 0.5723 train_mapscore: 0.0963 train_c: -0.9973 train_max_dist: 32.0000 train_imax: 17.8515 train_imin: -8.0437 time: 1.2898s
INFO:root:Epoch: 1125 lr: 0.01 train_loss: 36564.7500 train_distortion: 0.5817 train_mapscore: 0.1033 train_c: -0.9973 train_max_dist: 25.5868 train_imax: 16.6364 train_imin: -7.5858 time: 1.2896s
INFO:root:Epoch: 1130 lr: 0.01 train_loss: 36307.9297 train_distortion: 0.5853 train_mapscore: 0.1102 train_c: -0.9972 train_max_dist: 25.3029 train_imax: 15.9765 train_imin: -7.3871 time: 1.2787s
INFO:root:Epoch: 1135 lr: 0.01 train_loss: 36052.9180 train_distortion: 0.5844 train_mapscore: 0.1168 train_c: -0.9972 train_max_dist: 25.2746 train_imax: 15.7269 train_imin: -7.3858 time: 1.2665s
INFO:root:Epoch: 1140 lr: 0.01 train_loss: 35790.8047 train_distortion: 0.5802 train_mapscore: 0.1209 train_c: -0.9971 train_max_dist: 32.0000 train_imax: 15.7894 train_imin: -7.5134 time: 1.2652s
INFO:root:Epoch: 1145 lr: 0.01 train_loss: 35536.6953 train_distortion: 0.5741 train_mapscore: 0.1288 train_c: -0.9971 train_max_dist: 25.6764 train_imax: 16.0860 train_imin: -7.7155 time: 1.2631s
INFO:root:Epoch: 1150 lr: 0.01 train_loss: 35263.2500 train_distortion: 0.5677 train_mapscore: 0.1389 train_c: -0.9970 train_max_dist: 25.9665 train_imax: 16.4758 train_imin: -7.9311 time: 1.2705s
INFO:root:Epoch: 1155 lr: 0.01 train_loss: 35010.6562 train_distortion: 0.5614 train_mapscore: 0.1499 train_c: -0.9969 train_max_dist: 26.2718 train_imax: 16.9501 train_imin: -8.1556 time: 1.2519s
INFO:root:Epoch: 1160 lr: 0.01 train_loss: 34747.3477 train_distortion: 0.5544 train_mapscore: 0.1618 train_c: -0.9969 train_max_dist: 26.6142 train_imax: 17.5226 train_imin: -8.4178 time: 1.2820s
INFO:root:Epoch: 1165 lr: 0.01 train_loss: 34495.1328 train_distortion: 0.5480 train_mapscore: 0.1726 train_c: -0.9968 train_max_dist: 26.9369 train_imax: 18.1304 train_imin: -8.6606 time: 1.2687s
INFO:root:Epoch: 1170 lr: 0.01 train_loss: 34247.2969 train_distortion: 0.5415 train_mapscore: 0.1846 train_c: -0.9967 train_max_dist: 27.2692 train_imax: 18.7849 train_imin: -8.9245 time: 1.2632s
INFO:root:Epoch: 1175 lr: 0.01 train_loss: 33999.3320 train_distortion: 0.5344 train_mapscore: 0.2000 train_c: -0.9967 train_max_dist: 27.6452 train_imax: 19.5147 train_imin: -9.2376 time: 1.2547s
INFO:root:Epoch: 1180 lr: 0.01 train_loss: 33768.3008 train_distortion: 0.5284 train_mapscore: 0.2066 train_c: -0.9966 train_max_dist: 27.9698 train_imax: 20.1770 train_imin: -9.5272 time: 1.2560s
INFO:root:Epoch: 1185 lr: 0.01 train_loss: 33535.6953 train_distortion: 0.5230 train_mapscore: 0.2165 train_c: -0.9966 train_max_dist: 40.0000 train_imax: 20.8128 train_imin: -9.8151 time: 1.2635s
INFO:root:Epoch: 1190 lr: 0.01 train_loss: 33329.5625 train_distortion: 0.5191 train_mapscore: 0.2137 train_c: -0.9965 train_max_dist: 28.4530 train_imax: 21.2683 train_imin: -10.0139 time: 1.2512s
INFO:root:Epoch: 1195 lr: 0.01 train_loss: 33139.4297 train_distortion: 0.5156 train_mapscore: 0.2105 train_c: -0.9965 train_max_dist: 28.5902 train_imax: 21.7096 train_imin: -10.2019 time: 1.2536s
INFO:root:Epoch: 1200 lr: 0.01 train_loss: 32907.3164 train_distortion: 0.5112 train_mapscore: 0.2223 train_c: -0.9964 train_max_dist: 28.8127 train_imax: 22.2562 train_imin: -10.4310 time: 1.2594s
INFO:root:Epoch: 1205 lr: 0.01 train_loss: 32669.2852 train_distortion: 0.5055 train_mapscore: 0.2325 train_c: -0.9964 train_max_dist: 29.1388 train_imax: 22.9229 train_imin: -10.7599 time: 1.2615s
INFO:root:Epoch: 1210 lr: 0.01 train_loss: 32419.2578 train_distortion: 0.4997 train_mapscore: 0.2519 train_c: -0.9963 train_max_dist: 32.0000 train_imax: 23.6828 train_imin: -11.0971 time: 1.2451s
INFO:root:Epoch: 1215 lr: 0.01 train_loss: 32158.6836 train_distortion: 0.4944 train_mapscore: 0.2685 train_c: -0.9963 train_max_dist: 29.8203 train_imax: 24.4800 train_imin: -11.4180 time: 1.2701s
INFO:root:Epoch: 1220 lr: 0.01 train_loss: 31896.3145 train_distortion: 0.4896 train_mapscore: 0.2839 train_c: -0.9962 train_max_dist: 30.1000 train_imax: 25.2583 train_imin: -11.6919 time: 1.2387s
INFO:root:Epoch: 1225 lr: 0.01 train_loss: 31631.3848 train_distortion: 0.4852 train_mapscore: 0.2997 train_c: -0.9962 train_max_dist: 30.3619 train_imax: 25.9822 train_imin: -11.9614 time: 1.2421s
INFO:root:Epoch: 1230 lr: 0.01 train_loss: 31378.0742 train_distortion: 0.4809 train_mapscore: 0.3188 train_c: -0.9961 train_max_dist: 30.6245 train_imax: 26.6977 train_imin: -12.2416 time: 1.2414s
INFO:root:Epoch: 1235 lr: 0.01 train_loss: 31094.6172 train_distortion: 0.4765 train_mapscore: 0.3412 train_c: -0.9961 train_max_dist: 30.9143 train_imax: 27.4750 train_imin: -12.5552 time: 1.2407s
INFO:root:Epoch: 1240 lr: 0.01 train_loss: 30830.3086 train_distortion: 0.4721 train_mapscore: 0.3521 train_c: -0.9961 train_max_dist: 31.2174 train_imax: 28.2959 train_imin: -12.8813 time: 1.2509s
INFO:root:Epoch: 1245 lr: 0.01 train_loss: 30648.6602 train_distortion: 0.4693 train_mapscore: 0.3162 train_c: -0.9960 train_max_dist: 32.0000 train_imax: 28.7745 train_imin: -13.0833 time: 1.2412s
INFO:root:Epoch: 1250 lr: 0.01 train_loss: 30405.8594 train_distortion: 0.4655 train_mapscore: 0.3378 train_c: -0.9960 train_max_dist: 31.6431 train_imax: 29.5496 train_imin: -13.3665 time: 1.2357s
INFO:root:Epoch: 1255 lr: 0.01 train_loss: 30131.2461 train_distortion: 0.4613 train_mapscore: 0.3630 train_c: -0.9960 train_max_dist: 31.9790 train_imax: 30.5484 train_imin: -13.7288 time: 1.2408s
INFO:root:Epoch: 1260 lr: 0.01 train_loss: 29848.1680 train_distortion: 0.4569 train_mapscore: 0.3812 train_c: -0.9959 train_max_dist: 32.3442 train_imax: 31.6846 train_imin: -14.1400 time: 1.2354s
INFO:root:Epoch: 1265 lr: 0.01 train_loss: 29555.6992 train_distortion: 0.4526 train_mapscore: 0.4035 train_c: -0.9959 train_max_dist: 32.7240 train_imax: 32.9064 train_imin: -14.5932 time: 1.2333s
INFO:root:Epoch: 1270 lr: 0.01 train_loss: 29338.2363 train_distortion: 0.4493 train_mapscore: 0.3916 train_c: -0.9959 train_max_dist: 33.0062 train_imax: 33.8854 train_imin: -14.9538 time: 1.2677s
INFO:root:Epoch: 1275 lr: 0.01 train_loss: 29071.4961 train_distortion: 0.4459 train_mapscore: 0.4143 train_c: -0.9958 train_max_dist: 48.0000 train_imax: 35.0698 train_imin: -15.3840 time: 1.2334s
INFO:root:Epoch: 1280 lr: 0.01 train_loss: 28779.8867 train_distortion: 0.4424 train_mapscore: 0.4356 train_c: -0.9958 train_max_dist: 33.7053 train_imax: 36.4203 train_imin: -15.8755 time: 1.2292s
INFO:root:Epoch: 1285 lr: 0.01 train_loss: 28483.7832 train_distortion: 0.4387 train_mapscore: 0.4548 train_c: -0.9958 train_max_dist: 34.1252 train_imax: 37.9284 train_imin: -16.2780 time: 1.2268s
INFO:root:Epoch: 1290 lr: 0.01 train_loss: 28183.2109 train_distortion: 0.4354 train_mapscore: 0.4738 train_c: -0.9957 train_max_dist: 34.5548 train_imax: 39.4837 train_imin: -16.7687 time: 1.2196s
INFO:root:Epoch: 1295 lr: 0.01 train_loss: 27879.6016 train_distortion: 0.4324 train_mapscore: 0.4905 train_c: -0.9957 train_max_dist: 35.0030 train_imax: 41.1485 train_imin: -17.3262 time: 1.2265s
INFO:root:Epoch: 1300 lr: 0.01 train_loss: 27652.6797 train_distortion: 0.4299 train_mapscore: 0.4727 train_c: -0.9957 train_max_dist: 35.4346 train_imax: 42.7681 train_imin: -17.9254 time: 1.2331s
INFO:root:Epoch: 1305 lr: 0.01 train_loss: 27455.9824 train_distortion: 0.4279 train_mapscore: 0.4762 train_c: -0.9957 train_max_dist: 35.8233 train_imax: 44.2263 train_imin: -18.5111 time: 1.2321s
INFO:root:Epoch: 1310 lr: 0.01 train_loss: 27199.7852 train_distortion: 0.4261 train_mapscore: 0.4928 train_c: -0.9957 train_max_dist: 36.2315 train_imax: 45.8284 train_imin: -19.1207 time: 1.2294s
INFO:root:Epoch: 1315 lr: 0.01 train_loss: 26907.8691 train_distortion: 0.4246 train_mapscore: 0.5116 train_c: -0.9957 train_max_dist: 36.6738 train_imax: 47.6258 train_imin: -19.7505 time: 1.2231s
INFO:root:Epoch: 1320 lr: 0.01 train_loss: 26663.8711 train_distortion: 0.4232 train_mapscore: 0.4964 train_c: -0.9956 train_max_dist: 37.1367 train_imax: 49.5740 train_imin: -20.4405 time: 1.2185s
INFO:root:Epoch: 1325 lr: 0.01 train_loss: 26327.0840 train_distortion: 0.4223 train_mapscore: 0.5209 train_c: -0.9956 train_max_dist: 37.6620 train_imax: 51.8618 train_imin: -21.2467 time: 1.2419s
INFO:root:Epoch: 1330 lr: 0.01 train_loss: 25961.4414 train_distortion: 0.4218 train_mapscore: 0.5475 train_c: -0.9956 train_max_dist: 38.2303 train_imax: 54.3599 train_imin: -22.1619 time: 1.2224s
INFO:root:Epoch: 1335 lr: 0.01 train_loss: 25650.0234 train_distortion: 0.4219 train_mapscore: 0.5655 train_c: -0.9956 train_max_dist: 38.7596 train_imax: 56.9210 train_imin: -23.0840 time: 1.2178s
INFO:root:Epoch: 1340 lr: 0.01 train_loss: 25351.5000 train_distortion: 0.4225 train_mapscore: 0.5650 train_c: -0.9955 train_max_dist: 39.2537 train_imax: 59.3947 train_imin: -23.9861 time: 1.2251s
INFO:root:Epoch: 1345 lr: 0.01 train_loss: 24997.0332 train_distortion: 0.4237 train_mapscore: 0.5941 train_c: -0.9955 train_max_dist: 39.7830 train_imax: 62.1787 train_imin: -25.0370 time: 1.2236s
INFO:root:Epoch: 1350 lr: 0.01 train_loss: 24676.7871 train_distortion: 0.4255 train_mapscore: 0.5961 train_c: -0.9955 train_max_dist: 40.3240 train_imax: 65.1665 train_imin: -26.1523 time: 1.2210s
INFO:root:Epoch: 1355 lr: 0.01 train_loss: 24309.0566 train_distortion: 0.4282 train_mapscore: 0.6189 train_c: -0.9955 train_max_dist: 40.9138 train_imax: 68.5250 train_imin: -27.3957 time: 1.2192s
INFO:root:Epoch: 1360 lr: 0.01 train_loss: 23953.5059 train_distortion: 0.4317 train_mapscore: 0.6326 train_c: -0.9955 train_max_dist: 50.0000 train_imax: 72.1467 train_imin: -28.7267 time: 1.2238s
INFO:root:Epoch: 1365 lr: 0.01 train_loss: 23604.3066 train_distortion: 0.4364 train_mapscore: 0.6413 train_c: -0.9955 train_max_dist: 42.2409 train_imax: 76.2664 train_imin: -30.2687 time: 1.2101s
INFO:root:Epoch: 1370 lr: 0.01 train_loss: 23289.4062 train_distortion: 0.4425 train_mapscore: 0.6553 train_c: -0.9954 train_max_dist: 42.9743 train_imax: 80.8317 train_imin: -32.0396 time: 1.2129s
INFO:root:Epoch: 1375 lr: 0.01 train_loss: 23079.0469 train_distortion: 0.4495 train_mapscore: 0.6414 train_c: -0.9954 train_max_dist: 43.7203 train_imax: 85.3737 train_imin: -33.9206 time: 1.2110s
INFO:root:Epoch: 1380 lr: 0.01 train_loss: 22962.1367 train_distortion: 0.4562 train_mapscore: 0.6356 train_c: -0.9954 train_max_dist: 50.0000 train_imax: 89.5783 train_imin: -35.4779 time: 1.2435s
INFO:root:Epoch: 1385 lr: 0.01 train_loss: 22581.1230 train_distortion: 0.4641 train_mapscore: 0.6545 train_c: -0.9954 train_max_dist: 44.9429 train_imax: 94.2546 train_imin: -37.2769 time: 1.2118s
INFO:root:Epoch: 1390 lr: 0.01 train_loss: 22198.9492 train_distortion: 0.4732 train_mapscore: 0.6731 train_c: -0.9954 train_max_dist: 45.5914 train_imax: 99.3446 train_imin: -39.0886 time: 1.2198s
INFO:root:Epoch: 1395 lr: 0.01 train_loss: 22240.1367 train_distortion: 0.4831 train_mapscore: 0.6300 train_c: -0.9954 train_max_dist: 46.3296 train_imax: 104.5626 train_imin: -41.0264 time: 1.2011s
INFO:root:Epoch: 1400 lr: 0.01 train_loss: 22029.9648 train_distortion: 0.4935 train_mapscore: 0.6445 train_c: -0.9954 train_max_dist: 48.0000 train_imax: 109.5562 train_imin: -42.9563 time: 1.2071s
INFO:root:Epoch: 1405 lr: 0.01 train_loss: 21882.3164 train_distortion: 0.5045 train_mapscore: 0.6277 train_c: -0.9954 train_max_dist: 47.5523 train_imax: 114.5339 train_imin: -49.6858 time: 1.2125s
INFO:root:Epoch: 1410 lr: 0.01 train_loss: 21636.8320 train_distortion: 0.5167 train_mapscore: 0.6408 train_c: -0.9954 train_max_dist: 48.1167 train_imax: 119.8458 train_imin: -54.1105 time: 1.2065s
INFO:root:Epoch: 1415 lr: 0.01 train_loss: 21083.7734 train_distortion: 0.5298 train_mapscore: 0.6720 train_c: -0.9953 train_max_dist: 50.0000 train_imax: 125.7272 train_imin: -57.7363 time: 1.2051s
INFO:root:Epoch: 1420 lr: 0.01 train_loss: 20589.3438 train_distortion: 0.5450 train_mapscore: 0.6983 train_c: -0.9953 train_max_dist: 50.0000 train_imax: 132.1559 train_imin: -60.7284 time: 1.2164s
INFO:root:Epoch: 1425 lr: 0.01 train_loss: 20454.9121 train_distortion: 0.5612 train_mapscore: 0.6895 train_c: -0.9953 train_max_dist: 50.0000 train_imax: 139.2664 train_imin: -63.9915 time: 1.2109s
INFO:root:Epoch: 1430 lr: 0.01 train_loss: 20523.6973 train_distortion: 0.5788 train_mapscore: 0.6771 train_c: -0.9952 train_max_dist: 50.0000 train_imax: 146.1373 train_imin: -67.6855 time: 1.2082s
INFO:root:Epoch: 1435 lr: 0.01 train_loss: 20145.9707 train_distortion: 0.5965 train_mapscore: 0.7006 train_c: -0.9952 train_max_dist: 50.0000 train_imax: 152.8906 train_imin: -70.9490 time: 1.2400s
INFO:root:Epoch: 1440 lr: 0.01 train_loss: 19756.2500 train_distortion: 0.6147 train_mapscore: 0.7130 train_c: -0.9952 train_max_dist: 50.0000 train_imax: 160.3289 train_imin: -73.7271 time: 1.2143s
INFO:root:Epoch: 1445 lr: 0.01 train_loss: 19602.2363 train_distortion: 0.6364 train_mapscore: 0.7208 train_c: -0.9951 train_max_dist: 50.0000 train_imax: 169.1487 train_imin: -77.3582 time: 1.2037s
INFO:root:Epoch: 1450 lr: 0.01 train_loss: 19572.1445 train_distortion: 0.6590 train_mapscore: 0.7181 train_c: -0.9951 train_max_dist: 50.0000 train_imax: 177.6957 train_imin: -80.9845 time: 1.2072s
INFO:root:Epoch: 1455 lr: 0.01 train_loss: 19732.5898 train_distortion: 0.6820 train_mapscore: 0.7028 train_c: -0.9950 train_max_dist: 50.0000 train_imax: 185.9657 train_imin: -85.0475 time: 1.2028s
INFO:root:Epoch: 1460 lr: 0.01 train_loss: 19123.0645 train_distortion: 0.7029 train_mapscore: 0.7318 train_c: -0.9950 train_max_dist: 50.0000 train_imax: 193.4816 train_imin: -89.2891 time: 1.1981s
INFO:root:Epoch: 1465 lr: 0.01 train_loss: 19464.1680 train_distortion: 0.7224 train_mapscore: 0.7032 train_c: -0.9949 train_max_dist: 50.0000 train_imax: 201.2894 train_imin: -92.8643 time: 1.2108s
INFO:root:Epoch: 1470 lr: 0.01 train_loss: 19009.5547 train_distortion: 0.7392 train_mapscore: 0.7355 train_c: -0.9949 train_max_dist: 50.0000 train_imax: 208.7223 train_imin: -95.0538 time: 1.2081s
INFO:root:Epoch: 1475 lr: 0.01 train_loss: 19110.7930 train_distortion: 0.7569 train_mapscore: 0.7188 train_c: -0.9949 train_max_dist: 50.0000 train_imax: 215.3839 train_imin: -97.6830 time: 1.2136s
INFO:root:Epoch: 1480 lr: 0.01 train_loss: 20465.5801 train_distortion: 0.7700 train_mapscore: 0.6462 train_c: -0.9949 train_max_dist: 50.0000 train_imax: 218.6576 train_imin: -99.5803 time: 1.2024s
INFO:root:Epoch: 1485 lr: 0.01 train_loss: 20409.6172 train_distortion: 0.7714 train_mapscore: 0.6508 train_c: -0.9949 train_max_dist: 50.0000 train_imax: 218.5363 train_imin: -98.6846 time: 1.2202s
INFO:root:Epoch: 1490 lr: 0.01 train_loss: 20146.7363 train_distortion: 0.7708 train_mapscore: 0.6692 train_c: -0.9948 train_max_dist: 50.0000 train_imax: 218.0980 train_imin: -99.0431 time: 1.2396s
INFO:root:Epoch: 1495 lr: 0.01 train_loss: 25857.6406 train_distortion: 0.7688 train_mapscore: 0.4055 train_c: -0.9950 train_max_dist: 50.0000 train_imax: 212.7021 train_imin: -100.1072 time: 1.2149s
INFO:root:Epoch: 1500 lr: 0.01 train_loss: 26940.1387 train_distortion: 0.7283 train_mapscore: 0.3748 train_c: -0.9952 train_max_dist: 50.0000 train_imax: 197.5955 train_imin: -93.5059 time: 1.2219s
INFO:root:Epoch: 1505 lr: 0.01 train_loss: 25328.4102 train_distortion: 0.6739 train_mapscore: 0.4095 train_c: -0.9953 train_max_dist: 50.0000 train_imax: 179.0288 train_imin: -83.6287 time: 1.2087s
INFO:root:Epoch: 1510 lr: 0.01 train_loss: 23756.6445 train_distortion: 0.6312 train_mapscore: 0.4671 train_c: -0.9953 train_max_dist: 50.0000 train_imax: 162.8353 train_imin: -75.8749 time: 1.2016s
INFO:root:Epoch: 1515 lr: 0.01 train_loss: 22998.1230 train_distortion: 0.6023 train_mapscore: 0.4991 train_c: -0.9953 train_max_dist: 50.0000 train_imax: 151.5329 train_imin: -70.6178 time: 1.2065s
INFO:root:Epoch: 1520 lr: 0.01 train_loss: 28232.8047 train_distortion: 0.5857 train_mapscore: 0.2897 train_c: -0.9952 train_max_dist: 50.0000 train_imax: 145.5140 train_imin: -67.8007 time: 1.2216s
INFO:root:Epoch: 1525 lr: 0.01 train_loss: 41107.1250 train_distortion: 0.4881 train_mapscore: 0.1113 train_c: -0.9964 train_max_dist: 50.0000 train_imax: 100.2265 train_imin: -49.2269 time: 1.2583s
INFO:root:Epoch: 1530 lr: 0.01 train_loss: 45663.1328 train_distortion: 0.4562 train_mapscore: 0.0699 train_c: -0.9975 train_max_dist: 42.1689 train_imax: 70.8540 train_imin: -35.2402 time: 1.3087s
INFO:root:Epoch: 1535 lr: 0.01 train_loss: 45609.9141 train_distortion: 0.4571 train_mapscore: 0.0547 train_c: -0.9982 train_max_dist: 48.0000 train_imax: 52.3981 train_imin: -24.7565 time: 1.3331s
INFO:root:Epoch: 1540 lr: 0.01 train_loss: 44000.1641 train_distortion: 0.4860 train_mapscore: 0.0493 train_c: -0.9986 train_max_dist: 33.5320 train_imax: 36.2373 train_imin: -16.0716 time: 1.3491s
INFO:root:Epoch: 1545 lr: 0.01 train_loss: 42718.6406 train_distortion: 0.5279 train_mapscore: 0.0484 train_c: -0.9989 train_max_dist: 30.1836 train_imax: 26.0640 train_imin: -11.2593 time: 1.3899s
INFO:root:Epoch: 1550 lr: 0.01 train_loss: 42059.2734 train_distortion: 0.5688 train_mapscore: 0.0471 train_c: -0.9991 train_max_dist: 27.6738 train_imax: 20.1093 train_imin: -8.5171 time: 1.3772s
INFO:root:Epoch: 1555 lr: 0.01 train_loss: 41607.3359 train_distortion: 0.6017 train_mapscore: 0.0452 train_c: -0.9992 train_max_dist: 25.8495 train_imax: 16.5612 train_imin: -6.9393 time: 1.3701s
INFO:root:Epoch: 1560 lr: 0.01 train_loss: 41214.6641 train_distortion: 0.6278 train_mapscore: 0.0451 train_c: -0.9993 train_max_dist: 24.4688 train_imax: 14.2026 train_imin: -5.9231 time: 1.3610s
INFO:root:Epoch: 1565 lr: 0.01 train_loss: 41069.5547 train_distortion: 0.6454 train_mapscore: 0.0457 train_c: -0.9993 train_max_dist: 23.5375 train_imax: 12.7765 train_imin: -5.3484 time: 1.3454s
INFO:root:Epoch: 1570 lr: 0.01 train_loss: 41008.9922 train_distortion: 0.6556 train_mapscore: 0.0487 train_c: -0.9994 train_max_dist: 22.9470 train_imax: 11.9376 train_imin: -5.0527 time: 1.3451s
INFO:root:Epoch: 1575 lr: 0.01 train_loss: 40886.1367 train_distortion: 0.6616 train_mapscore: 0.0512 train_c: -0.9994 train_max_dist: 22.5486 train_imax: 11.4005 train_imin: -4.8967 time: 1.3414s
INFO:root:Epoch: 1580 lr: 0.01 train_loss: 40764.3047 train_distortion: 0.6649 train_mapscore: 0.0530 train_c: -0.9994 train_max_dist: 24.0000 train_imax: 11.0597 train_imin: -4.8252 time: 1.3395s
INFO:root:Epoch: 1585 lr: 0.01 train_loss: 40622.6719 train_distortion: 0.6660 train_mapscore: 0.0530 train_c: -0.9994 train_max_dist: 22.1293 train_imax: 10.8616 train_imin: -4.8211 time: 1.3346s
INFO:root:Epoch: 1590 lr: 0.01 train_loss: 40469.9688 train_distortion: 0.6657 train_mapscore: 0.0560 train_c: -0.9994 train_max_dist: 24.0000 train_imax: 10.7435 train_imin: -4.8531 time: 1.3262s
INFO:root:Epoch: 1595 lr: 0.01 train_loss: 40338.9453 train_distortion: 0.6643 train_mapscore: 0.0599 train_c: -0.9994 train_max_dist: 21.9918 train_imax: 10.7020 train_imin: -4.9162 time: 1.3739s
INFO:root:Epoch: 1600 lr: 0.01 train_loss: 40189.8672 train_distortion: 0.6616 train_mapscore: 0.0601 train_c: -0.9994 train_max_dist: 22.0112 train_imax: 10.7416 train_imin: -5.0151 time: 1.4031s
INFO:root:Epoch: 1605 lr: 0.01 train_loss: 40030.5781 train_distortion: 0.6582 train_mapscore: 0.0628 train_c: -0.9994 train_max_dist: 22.0657 train_imax: 10.8345 train_imin: -5.1356 time: 1.3574s
INFO:root:Epoch: 1610 lr: 0.01 train_loss: 39889.8984 train_distortion: 0.6547 train_mapscore: 0.0655 train_c: -0.9994 train_max_dist: 22.1289 train_imax: 10.9389 train_imin: -5.2563 time: 1.3279s
INFO:root:Epoch: 1615 lr: 0.01 train_loss: 39770.0312 train_distortion: 0.6516 train_mapscore: 0.0654 train_c: -0.9994 train_max_dist: 22.1887 train_imax: 11.0348 train_imin: -5.3647 time: 1.3262s
INFO:root:Epoch: 1620 lr: 0.01 train_loss: 39649.2812 train_distortion: 0.6487 train_mapscore: 0.0669 train_c: -0.9994 train_max_dist: 22.2494 train_imax: 11.1294 train_imin: -5.4585 time: 1.3319s
INFO:root:Epoch: 1625 lr: 0.01 train_loss: 39541.1953 train_distortion: 0.6461 train_mapscore: 0.0700 train_c: -0.9994 train_max_dist: 22.3112 train_imax: 11.2190 train_imin: -5.5406 time: 1.3258s
INFO:root:Epoch: 1630 lr: 0.01 train_loss: 39423.1562 train_distortion: 0.6438 train_mapscore: 0.0716 train_c: -0.9993 train_max_dist: 22.3668 train_imax: 11.3003 train_imin: -5.6095 time: 1.3341s
INFO:root:Epoch: 1635 lr: 0.01 train_loss: 39306.9844 train_distortion: 0.6420 train_mapscore: 0.0732 train_c: -0.9993 train_max_dist: 22.4008 train_imax: 11.3554 train_imin: -5.6542 time: 1.3083s
INFO:root:Epoch: 1640 lr: 0.01 train_loss: 39193.1406 train_distortion: 0.6400 train_mapscore: 0.0783 train_c: -0.9993 train_max_dist: 22.4519 train_imax: 11.4349 train_imin: -5.7075 time: 1.3022s
INFO:root:Epoch: 1645 lr: 0.01 train_loss: 39082.9688 train_distortion: 0.6379 train_mapscore: 0.0808 train_c: -0.9993 train_max_dist: 22.5166 train_imax: 11.5254 train_imin: -5.7606 time: 1.3163s
INFO:root:Epoch: 1650 lr: 0.01 train_loss: 38975.9531 train_distortion: 0.6356 train_mapscore: 0.0833 train_c: -0.9993 train_max_dist: 22.5971 train_imax: 11.6358 train_imin: -5.8143 time: 1.3123s
INFO:root:Epoch: 1655 lr: 0.01 train_loss: 38870.9531 train_distortion: 0.6337 train_mapscore: 0.0870 train_c: -0.9992 train_max_dist: 22.6657 train_imax: 11.7271 train_imin: -5.8561 time: 1.3344s
INFO:root:Epoch: 1660 lr: 0.01 train_loss: 38766.8203 train_distortion: 0.6320 train_mapscore: 0.0888 train_c: -0.9992 train_max_dist: 24.0000 train_imax: 11.8024 train_imin: -5.8872 time: 1.2996s
INFO:root:Epoch: 1665 lr: 0.01 train_loss: 38673.0156 train_distortion: 0.6310 train_mapscore: 0.0940 train_c: -0.9992 train_max_dist: 22.7094 train_imax: 11.8331 train_imin: -5.8994 time: 1.3053s
INFO:root:Epoch: 1670 lr: 0.01 train_loss: 38563.7812 train_distortion: 0.6295 train_mapscore: 0.0990 train_c: -0.9992 train_max_dist: 22.7506 train_imax: 11.8937 train_imin: -5.9265 time: 1.3055s
INFO:root:Epoch: 1675 lr: 0.01 train_loss: 38457.2227 train_distortion: 0.6276 train_mapscore: 0.1013 train_c: -0.9991 train_max_dist: 22.7967 train_imax: 11.9851 train_imin: -5.9661 time: 1.2931s
INFO:root:Epoch: 1680 lr: 0.01 train_loss: 38386.3984 train_distortion: 0.6257 train_mapscore: 0.1033 train_c: -0.9991 train_max_dist: 24.0000 train_imax: 12.0886 train_imin: -6.0129 time: 1.2963s
INFO:root:Epoch: 1685 lr: 0.01 train_loss: 38286.3398 train_distortion: 0.6237 train_mapscore: 0.1089 train_c: -0.9991 train_max_dist: 22.9075 train_imax: 12.1843 train_imin: -6.0569 time: 1.2968s
INFO:root:Epoch: 1690 lr: 0.01 train_loss: 38176.8477 train_distortion: 0.6216 train_mapscore: 0.1149 train_c: -0.9991 train_max_dist: 22.9749 train_imax: 12.2903 train_imin: -6.1093 time: 1.2933s
INFO:root:Epoch: 1695 lr: 0.01 train_loss: 38080.2383 train_distortion: 0.6194 train_mapscore: 0.1184 train_c: -0.9991 train_max_dist: 23.0525 train_imax: 12.4146 train_imin: -6.1651 time: 1.2803s
INFO:root:Epoch: 1700 lr: 0.01 train_loss: 37973.0312 train_distortion: 0.6173 train_mapscore: 0.1229 train_c: -0.9990 train_max_dist: 23.1274 train_imax: 12.5384 train_imin: -6.2159 time: 1.2972s
INFO:root:Epoch: 1705 lr: 0.01 train_loss: 37867.7344 train_distortion: 0.6156 train_mapscore: 0.1255 train_c: -0.9990 train_max_dist: 23.1864 train_imax: 12.6347 train_imin: -6.2517 time: 1.2920s
INFO:root:Epoch: 1710 lr: 0.01 train_loss: 37764.4531 train_distortion: 0.6139 train_mapscore: 0.1290 train_c: -0.9990 train_max_dist: 23.2504 train_imax: 12.7330 train_imin: -6.2913 time: 1.3276s
INFO:root:Epoch: 1715 lr: 0.01 train_loss: 37663.1641 train_distortion: 0.6119 train_mapscore: 0.1347 train_c: -0.9990 train_max_dist: 23.3268 train_imax: 12.8536 train_imin: -6.3430 time: 1.2897s
INFO:root:Epoch: 1720 lr: 0.01 train_loss: 37564.4688 train_distortion: 0.6110 train_mapscore: 0.1355 train_c: -0.9990 train_max_dist: 24.0000 train_imax: 12.8944 train_imin: -6.3526 time: 1.2825s
INFO:root:Epoch: 1725 lr: 0.01 train_loss: 37471.2266 train_distortion: 0.6094 train_mapscore: 0.1413 train_c: -0.9990 train_max_dist: 23.3956 train_imax: 12.9817 train_imin: -6.3937 time: 1.2900s
INFO:root:Epoch: 1730 lr: 0.01 train_loss: 37370.2109 train_distortion: 0.6073 train_mapscore: 0.1465 train_c: -0.9989 train_max_dist: 24.0000 train_imax: 13.1010 train_imin: -6.4436 time: 1.2813s
INFO:root:Epoch: 1735 lr: 0.01 train_loss: 37270.4414 train_distortion: 0.6049 train_mapscore: 0.1523 train_c: -0.9989 train_max_dist: 23.5579 train_imax: 13.2532 train_imin: -6.5063 time: 1.2807s
INFO:root:Epoch: 1740 lr: 0.01 train_loss: 37171.5859 train_distortion: 0.6030 train_mapscore: 0.1566 train_c: -0.9989 train_max_dist: 23.6353 train_imax: 13.3820 train_imin: -6.5546 time: 1.2846s
INFO:root:Epoch: 1745 lr: 0.01 train_loss: 37073.1641 train_distortion: 0.6012 train_mapscore: 0.1603 train_c: -0.9989 train_max_dist: 23.7059 train_imax: 13.4989 train_imin: -6.5986 time: 1.2811s
INFO:root:Epoch: 1750 lr: 0.01 train_loss: 36974.6797 train_distortion: 0.5989 train_mapscore: 0.1644 train_c: -0.9989 train_max_dist: 23.7951 train_imax: 13.6512 train_imin: -6.6601 time: 1.2744s
INFO:root:Epoch: 1755 lr: 0.01 train_loss: 36875.0117 train_distortion: 0.5966 train_mapscore: 0.1718 train_c: -0.9988 train_max_dist: 24.0000 train_imax: 13.8028 train_imin: -6.7198 time: 1.2843s
INFO:root:Epoch: 1760 lr: 0.01 train_loss: 36784.8672 train_distortion: 0.5942 train_mapscore: 0.1770 train_c: -0.9988 train_max_dist: 24.0379 train_imax: 13.9771 train_imin: -6.7873 time: 1.2761s
INFO:root:Epoch: 1765 lr: 0.01 train_loss: 36683.5547 train_distortion: 0.5913 train_mapscore: 0.1736 train_c: -0.9988 train_max_dist: 24.1956 train_imax: 14.1961 train_imin: -6.8703 time: 1.3065s
INFO:root:Epoch: 1770 lr: 0.01 train_loss: 36589.5938 train_distortion: 0.5883 train_mapscore: 0.1725 train_c: -0.9988 train_max_dist: 24.3665 train_imax: 14.4242 train_imin: -6.9777 time: 1.3158s
INFO:root:Epoch: 1775 lr: 0.01 train_loss: 36489.7578 train_distortion: 0.5855 train_mapscore: 0.1769 train_c: -0.9988 train_max_dist: 24.5220 train_imax: 14.6320 train_imin: -7.0697 time: 1.3256s
INFO:root:Epoch: 1780 lr: 0.01 train_loss: 36387.2891 train_distortion: 0.5829 train_mapscore: 0.1850 train_c: -0.9987 train_max_dist: 24.6623 train_imax: 14.8223 train_imin: -7.1496 time: 1.2965s
INFO:root:Epoch: 1785 lr: 0.01 train_loss: 36284.6328 train_distortion: 0.5804 train_mapscore: 0.1916 train_c: -0.9987 train_max_dist: 24.7942 train_imax: 15.0132 train_imin: -7.2233 time: 1.3126s
INFO:root:Epoch: 1790 lr: 0.01 train_loss: 36179.7773 train_distortion: 0.5780 train_mapscore: 0.1983 train_c: -0.9987 train_max_dist: 24.9196 train_imax: 15.1951 train_imin: -7.2886 time: 1.2969s
INFO:root:Epoch: 1795 lr: 0.01 train_loss: 36074.6953 train_distortion: 0.5757 train_mapscore: 0.2062 train_c: -0.9987 train_max_dist: 32.0000 train_imax: 15.3765 train_imin: -7.3553 time: 1.3097s
INFO:root:Epoch: 1800 lr: 0.01 train_loss: 35982.0742 train_distortion: 0.5733 train_mapscore: 0.1924 train_c: -0.9987 train_max_dist: 25.1728 train_imax: 15.5690 train_imin: -7.4080 time: 1.2977s
INFO:root:Epoch: 1805 lr: 0.01 train_loss: 35870.8125 train_distortion: 0.5713 train_mapscore: 0.1974 train_c: -0.9986 train_max_dist: 25.2786 train_imax: 15.7333 train_imin: -7.4548 time: 1.3104s
INFO:root:Epoch: 1810 lr: 0.01 train_loss: 35767.9766 train_distortion: 0.5700 train_mapscore: 0.1953 train_c: -0.9986 train_max_dist: 25.3511 train_imax: 15.7863 train_imin: -7.4758 time: 1.3048s
INFO:root:Epoch: 1815 lr: 0.01 train_loss: 35660.9805 train_distortion: 0.5682 train_mapscore: 0.2043 train_c: -0.9986 train_max_dist: 25.4535 train_imax: 15.9099 train_imin: -7.5183 time: 1.3028s
INFO:root:Epoch: 1820 lr: 0.01 train_loss: 35554.2852 train_distortion: 0.5663 train_mapscore: 0.2084 train_c: -0.9986 train_max_dist: 25.5518 train_imax: 16.0506 train_imin: -7.5577 time: 1.3483s
INFO:root:Epoch: 1825 lr: 0.01 train_loss: 35455.5781 train_distortion: 0.5646 train_mapscore: 0.2119 train_c: -0.9986 train_max_dist: 25.6389 train_imax: 16.1897 train_imin: -7.5858 time: 1.3047s
INFO:root:Epoch: 1830 lr: 0.01 train_loss: 35341.6719 train_distortion: 0.5626 train_mapscore: 0.2231 train_c: -0.9986 train_max_dist: 25.7421 train_imax: 16.3578 train_imin: -7.6449 time: 1.2964s
INFO:root:Epoch: 1835 lr: 0.01 train_loss: 35231.4453 train_distortion: 0.5604 train_mapscore: 0.2257 train_c: -0.9986 train_max_dist: 25.8559 train_imax: 16.5488 train_imin: -7.7029 time: 1.2971s
INFO:root:Epoch: 1840 lr: 0.01 train_loss: 35121.6992 train_distortion: 0.5583 train_mapscore: 0.2367 train_c: -0.9985 train_max_dist: 25.9591 train_imax: 16.7312 train_imin: -7.7617 time: 1.2871s
INFO:root:Epoch: 1845 lr: 0.01 train_loss: 35011.4844 train_distortion: 0.5559 train_mapscore: 0.2400 train_c: -0.9985 train_max_dist: 40.0000 train_imax: 16.9434 train_imin: -7.8263 time: 1.2852s
INFO:root:Epoch: 1850 lr: 0.01 train_loss: 34906.3789 train_distortion: 0.5540 train_mapscore: 0.2366 train_c: -0.9985 train_max_dist: 26.1813 train_imax: 17.1250 train_imin: -7.8701 time: 1.3073s
INFO:root:Epoch: 1855 lr: 0.01 train_loss: 34814.3242 train_distortion: 0.5515 train_mapscore: 0.2392 train_c: -0.9985 train_max_dist: 26.3044 train_imax: 17.3495 train_imin: -7.9398 time: 1.3026s
INFO:root:Epoch: 1860 lr: 0.01 train_loss: 34698.5469 train_distortion: 0.5496 train_mapscore: 0.2416 train_c: -0.9985 train_max_dist: 26.4039 train_imax: 17.5308 train_imin: -7.9768 time: 1.2851s
INFO:root:Epoch: 1865 lr: 0.01 train_loss: 34586.8359 train_distortion: 0.5473 train_mapscore: 0.2494 train_c: -0.9985 train_max_dist: 26.5242 train_imax: 17.7377 train_imin: -8.0551 time: 1.2995s
INFO:root:Epoch: 1870 lr: 0.01 train_loss: 34509.4492 train_distortion: 0.5451 train_mapscore: 0.2201 train_c: -0.9985 train_max_dist: 26.6475 train_imax: 17.9308 train_imin: -8.1070 time: 1.2921s
INFO:root:Epoch: 1875 lr: 0.01 train_loss: 34411.6953 train_distortion: 0.5424 train_mapscore: 0.2234 train_c: -0.9985 train_max_dist: 26.7984 train_imax: 18.1766 train_imin: -8.1992 time: 1.3349s
INFO:root:Epoch: 1880 lr: 0.01 train_loss: 34298.6719 train_distortion: 0.5397 train_mapscore: 0.2366 train_c: -0.9984 train_max_dist: 26.9526 train_imax: 18.4440 train_imin: -8.2893 time: 1.2886s
INFO:root:Epoch: 1885 lr: 0.01 train_loss: 34181.1250 train_distortion: 0.5371 train_mapscore: 0.2507 train_c: -0.9984 train_max_dist: 40.0000 train_imax: 18.7174 train_imin: -8.3782 time: 1.2908s
INFO:root:Epoch: 1890 lr: 0.01 train_loss: 34060.0625 train_distortion: 0.5346 train_mapscore: 0.2596 train_c: -0.9984 train_max_dist: 27.2460 train_imax: 18.9773 train_imin: -8.4580 time: 1.2865s
INFO:root:Epoch: 1895 lr: 0.01 train_loss: 33945.7227 train_distortion: 0.5321 train_mapscore: 0.2723 train_c: -0.9984 train_max_dist: 27.3770 train_imax: 19.2350 train_imin: -8.5363 time: 1.3046s
INFO:root:Epoch: 1900 lr: 0.01 train_loss: 33823.9297 train_distortion: 0.5298 train_mapscore: 0.2825 train_c: -0.9984 train_max_dist: 32.0000 train_imax: 19.4826 train_imin: -8.6161 time: 1.2914s
INFO:root:Epoch: 1905 lr: 0.01 train_loss: 33703.3828 train_distortion: 0.5274 train_mapscore: 0.2928 train_c: -0.9984 train_max_dist: 27.6361 train_imax: 19.7502 train_imin: -8.7014 time: 1.2956s
INFO:root:Epoch: 1910 lr: 0.01 train_loss: 33585.1719 train_distortion: 0.5250 train_mapscore: 0.2959 train_c: -0.9984 train_max_dist: 32.0000 train_imax: 20.0238 train_imin: -8.7882 time: 1.2751s
INFO:root:Epoch: 1915 lr: 0.01 train_loss: 33467.5586 train_distortion: 0.5226 train_mapscore: 0.3040 train_c: -0.9984 train_max_dist: 32.0000 train_imax: 20.3038 train_imin: -8.8768 time: 1.2979s
INFO:root:Epoch: 1920 lr: 0.01 train_loss: 33347.5586 train_distortion: 0.5201 train_mapscore: 0.3119 train_c: -0.9984 train_max_dist: 28.0589 train_imax: 20.6057 train_imin: -8.9734 time: 1.2790s
INFO:root:Epoch: 1925 lr: 0.01 train_loss: 33225.3164 train_distortion: 0.5174 train_mapscore: 0.3177 train_c: -0.9983 train_max_dist: 32.0000 train_imax: 20.9392 train_imin: -9.0853 time: 1.2950s
INFO:root:Epoch: 1930 lr: 0.01 train_loss: 33102.7578 train_distortion: 0.5146 train_mapscore: 0.3267 train_c: -0.9983 train_max_dist: 32.0000 train_imax: 21.2806 train_imin: -9.2016 time: 1.3644s
INFO:root:Epoch: 1935 lr: 0.01 train_loss: 32981.3672 train_distortion: 0.5123 train_mapscore: 0.3298 train_c: -0.9983 train_max_dist: 28.5223 train_imax: 21.5683 train_imin: -9.2974 time: 1.2818s
INFO:root:Epoch: 1940 lr: 0.01 train_loss: 32858.1250 train_distortion: 0.5099 train_mapscore: 0.3371 train_c: -0.9983 train_max_dist: 28.6648 train_imax: 21.8770 train_imin: -9.4004 time: 1.2753s
INFO:root:Epoch: 1945 lr: 0.01 train_loss: 32734.4785 train_distortion: 0.5074 train_mapscore: 0.3444 train_c: -0.9983 train_max_dist: 28.8128 train_imax: 22.2070 train_imin: -9.5125 time: 1.2771s
INFO:root:Epoch: 1950 lr: 0.01 train_loss: 32654.9805 train_distortion: 0.5050 train_mapscore: 0.3193 train_c: -0.9983 train_max_dist: 28.9338 train_imax: 22.5489 train_imin: -9.6166 time: 1.2843s
INFO:root:Epoch: 1955 lr: 0.01 train_loss: 32537.2559 train_distortion: 0.5028 train_mapscore: 0.3206 train_c: -0.9983 train_max_dist: 29.0578 train_imax: 22.8889 train_imin: -9.7217 time: 1.2758s
INFO:root:Epoch: 1960 lr: 0.01 train_loss: 32410.8633 train_distortion: 0.5005 train_mapscore: 0.3315 train_c: -0.9983 train_max_dist: 29.1877 train_imax: 23.2141 train_imin: -9.8243 time: 1.2696s
INFO:root:Epoch: 1965 lr: 0.01 train_loss: 32282.4629 train_distortion: 0.4980 train_mapscore: 0.3436 train_c: -0.9983 train_max_dist: 29.3354 train_imax: 23.5834 train_imin: -9.9382 time: 1.2654s
INFO:root:Epoch: 1970 lr: 0.01 train_loss: 32152.2148 train_distortion: 0.4955 train_mapscore: 0.3580 train_c: -0.9983 train_max_dist: 29.4992 train_imax: 23.9666 train_imin: -10.0573 time: 1.2377s
INFO:root:Epoch: 1975 lr: 0.01 train_loss: 32019.9492 train_distortion: 0.4930 train_mapscore: 0.3649 train_c: -0.9983 train_max_dist: 29.6628 train_imax: 24.3436 train_imin: -10.1654 time: 1.2435s
INFO:root:Epoch: 1980 lr: 0.01 train_loss: 31890.3008 train_distortion: 0.4909 train_mapscore: 0.3731 train_c: -0.9982 train_max_dist: 48.0000 train_imax: 24.6907 train_imin: -10.2639 time: 1.2412s
INFO:root:Epoch: 1985 lr: 0.01 train_loss: 31757.6367 train_distortion: 0.4886 train_mapscore: 0.3757 train_c: -0.9982 train_max_dist: 29.9670 train_imax: 25.0743 train_imin: -10.3744 time: 1.2798s
INFO:root:Epoch: 1990 lr: 0.01 train_loss: 31621.5781 train_distortion: 0.4861 train_mapscore: 0.3919 train_c: -0.9982 train_max_dist: 32.0000 train_imax: 25.5031 train_imin: -10.5098 time: 1.2461s
INFO:root:Epoch: 1995 lr: 0.01 train_loss: 31488.5293 train_distortion: 0.4837 train_mapscore: 0.3947 train_c: -0.9982 train_max_dist: 30.3151 train_imax: 25.9216 train_imin: -10.6375 time: 1.2296s
INFO:root:Epoch: 2000 lr: 0.0025 train_loss: 31372.9844 train_distortion: 0.4818 train_mapscore: 0.3937 train_c: -0.9982 train_max_dist: 32.0000 train_imax: 26.2407 train_imin: -10.7447 time: 1.2329s
INFO:root:Optimization Finished!
INFO:root:Total time elapsed: 2474.0072s
INFO:root:Val set results: val_distortion: 1.0000 val_mapscore: -1.0000 val_c: -1.0000 val_max_dist: 0.0000
INFO:root:Test set results: test_loss: 31347.3477 test_distortion: 0.4814 test_mapscore: 0.3936 test_c: -0.9982 test_max_dist: 30.4865 test_imax: 26.3135 test_imin: -10.7641
INFO:root:Saved model in /workspace/xiongbo/hgcn/logs/md/2021_5_27/5
