INFO:root:Using: cuda:0
INFO:root:Using seed 1234.
INFO:root:MDModel(
  (encoder): HGCN(
    (layers): Sequential(
      (0): HyperbolicGraphConvolution(
        (linear): HypLinear(
          in_features=2275, out_features=10, c=Parameter containing:
          tensor([-1.], requires_grad=True)
        )
        (agg): HypAgg(
          c=Parameter containing:
          tensor([-1.], requires_grad=True)
        )
        (hyp_act): HypAct(
          c_in=Parameter containing:
          tensor([-1.], requires_grad=True), c_out=Parameter containing:
          tensor([-1.], requires_grad=True)
        )
      )
    )
  )
  (decoder): MDDecoder()
)
INFO:root:Total number of parameters: 22762
/workspace/anaconda3/envs/geo/lib/python3.7/site-packages/torch/optim/lr_scheduler.py:370: UserWarning: To get the last learning rate computed by the scheduler, please use `get_last_lr()`.
  "please use `get_last_lr()`.", UserWarning)
INFO:root:Epoch: 0005 lr: 0.01 train_loss: 1179374.1250 train_distortion: 0.8164 train_mapscore: 0.0822 train_c: -1.0001 train_max_dist: 2.0582 train_imax: -0.0000 train_imin: -1.3423 time: 2.1025s
INFO:root:Epoch: 0010 lr: 0.01 train_loss: 1132409.5000 train_distortion: 0.6591 train_mapscore: 0.2616 train_c: -1.0006 train_max_dist: 2.5800 train_imax: -0.0000 train_imin: -1.3226 time: 1.8441s
INFO:root:Epoch: 0015 lr: 0.01 train_loss: 1089154.6250 train_distortion: 0.5372 train_mapscore: 0.4169 train_c: -1.0011 train_max_dist: 3.8419 train_imax: -0.0000 train_imin: -1.3645 time: 1.7036s
INFO:root:Epoch: 0020 lr: 0.01 train_loss: 1053933.3750 train_distortion: 0.4608 train_mapscore: 0.4897 train_c: -1.0016 train_max_dist: 5.9456 train_imax: 0.1919 train_imin: -1.2268 time: 1.6966s
INFO:root:Epoch: 0025 lr: 0.01 train_loss: 1014103.6250 train_distortion: 0.3927 train_mapscore: 0.5060 train_c: -1.0022 train_max_dist: 9.8438 train_imax: 0.4923 train_imin: -1.1545 time: 1.6920s
INFO:root:Epoch: 0030 lr: 0.01 train_loss: 966453.8750 train_distortion: 0.3459 train_mapscore: 0.5135 train_c: -1.0028 train_max_dist: 10.1250 train_imax: 1.0275 train_imin: -1.2059 time: 1.6638s
INFO:root:Epoch: 0035 lr: 0.01 train_loss: 917065.0000 train_distortion: 0.3657 train_mapscore: 0.5250 train_c: -1.0032 train_max_dist: 10.5000 train_imax: 1.6664 train_imin: -1.2420 time: 1.6716s
INFO:root:Epoch: 0040 lr: 0.01 train_loss: 872997.8750 train_distortion: 0.4618 train_mapscore: 0.5602 train_c: -1.0036 train_max_dist: 11.0000 train_imax: 2.4466 train_imin: -1.2415 time: 1.6375s
INFO:root:Epoch: 0045 lr: 0.01 train_loss: 829778.9375 train_distortion: 0.4969 train_mapscore: 0.6108 train_c: -1.0037 train_max_dist: 11.0000 train_imax: 2.6146 train_imin: -1.3316 time: 1.6489s
INFO:root:Epoch: 0050 lr: 0.01 train_loss: 778877.5625 train_distortion: 0.5365 train_mapscore: 0.6326 train_c: -1.0037 train_max_dist: 11.5000 train_imax: 3.7038 train_imin: -1.7984 time: 1.7160s
INFO:root:Epoch: 0055 lr: 0.01 train_loss: 706427.9375 train_distortion: 0.7424 train_mapscore: 0.6591 train_c: -1.0034 train_max_dist: 12.0000 train_imax: 5.2529 train_imin: -1.9615 time: 1.6832s
INFO:root:Epoch: 0060 lr: 0.01 train_loss: 647978.9375 train_distortion: 1.1432 train_mapscore: 0.6608 train_c: -1.0032 train_max_dist: 13.1989 train_imax: 7.0306 train_imin: -2.9661 time: 1.7225s
INFO:root:Epoch: 0065 lr: 0.01 train_loss: 576029.0625 train_distortion: 1.7679 train_mapscore: 0.6810 train_c: -1.0028 train_max_dist: 14.7121 train_imax: 8.9722 train_imin: -2.8416 time: 1.6959s
INFO:root:Epoch: 0070 lr: 0.01 train_loss: 501646.6875 train_distortion: 2.6348 train_mapscore: 0.7139 train_c: -1.0024 train_max_dist: 16.4358 train_imax: 11.7097 train_imin: -3.6341 time: 1.6450s
INFO:root:Epoch: 0075 lr: 0.01 train_loss: 440876.1250 train_distortion: 3.7907 train_mapscore: 0.7347 train_c: -1.0020 train_max_dist: 18.0973 train_imax: 14.4316 train_imin: -5.2189 time: 1.6365s
INFO:root:Epoch: 0080 lr: 0.01 train_loss: 386388.5000 train_distortion: 5.1379 train_mapscore: 0.7517 train_c: -1.0016 train_max_dist: 19.5511 train_imax: 17.1924 train_imin: -6.1696 time: 1.6647s
INFO:root:Epoch: 0085 lr: 0.01 train_loss: 353078.8438 train_distortion: 6.5200 train_mapscore: 0.7622 train_c: -1.0014 train_max_dist: 21.4971 train_imax: 20.8126 train_imin: -8.3426 time: 1.6383s
INFO:root:Epoch: 0090 lr: 0.01 train_loss: 373299.5000 train_distortion: 7.2448 train_mapscore: 0.7511 train_c: -1.0014 train_max_dist: 22.8577 train_imax: 24.3055 train_imin: -9.6785 time: 1.6691s
INFO:root:Epoch: 0095 lr: 0.01 train_loss: 445185.0625 train_distortion: 6.9907 train_mapscore: 0.7049 train_c: -1.0015 train_max_dist: 22.8774 train_imax: 25.5186 train_imin: -9.5652 time: 1.6769s
INFO:root:Epoch: 0100 lr: 0.01 train_loss: 449556.6562 train_distortion: 6.9460 train_mapscore: 0.6934 train_c: -1.0013 train_max_dist: 24.0000 train_imax: 24.6457 train_imin: -9.0632 time: 1.6842s
INFO:root:Epoch: 0105 lr: 0.01 train_loss: 495305.5625 train_distortion: 6.2439 train_mapscore: 0.6662 train_c: -1.0012 train_max_dist: 21.8924 train_imax: 23.0065 train_imin: -8.5274 time: 1.6970s
INFO:root:Epoch: 0110 lr: 0.01 train_loss: 537546.8125 train_distortion: 5.3627 train_mapscore: 0.6378 train_c: -1.0011 train_max_dist: 20.3181 train_imax: 20.6381 train_imin: -7.8950 time: 1.7241s
INFO:root:Epoch: 0115 lr: 0.01 train_loss: 562259.6250 train_distortion: 5.5240 train_mapscore: 0.6155 train_c: -1.0009 train_max_dist: 20.4648 train_imax: 19.9676 train_imin: -7.9609 time: 1.7523s
INFO:root:Epoch: 0120 lr: 0.01 train_loss: 603908.7500 train_distortion: 5.7500 train_mapscore: 0.5850 train_c: -1.0006 train_max_dist: 20.7163 train_imax: 20.3692 train_imin: -8.3809 time: 1.7436s
INFO:root:Epoch: 0125 lr: 0.01 train_loss: 651391.5625 train_distortion: 4.2277 train_mapscore: 0.5503 train_c: -1.0008 train_max_dist: 19.1320 train_imax: 16.7226 train_imin: -6.9053 time: 1.7677s
INFO:root:Epoch: 0130 lr: 0.01 train_loss: 709418.5625 train_distortion: 3.1003 train_mapscore: 0.5037 train_c: -1.0010 train_max_dist: 18.1016 train_imax: 14.2344 train_imin: -6.1860 time: 1.8115s
INFO:root:Epoch: 0135 lr: 0.01 train_loss: 735546.2500 train_distortion: 2.5038 train_mapscore: 0.4823 train_c: -1.0011 train_max_dist: 17.4418 train_imax: 12.8600 train_imin: -5.6793 time: 1.8421s
INFO:root:Epoch: 0140 lr: 0.01 train_loss: 742953.1250 train_distortion: 2.1824 train_mapscore: 0.4754 train_c: -1.0010 train_max_dist: 17.1181 train_imax: 12.0802 train_imin: -5.3421 time: 1.8611s
INFO:root:Epoch: 0145 lr: 0.01 train_loss: 740907.0000 train_distortion: 2.0298 train_mapscore: 0.4775 train_c: -1.0009 train_max_dist: 16.9001 train_imax: 11.7221 train_imin: -5.1267 time: 1.8496s
INFO:root:Epoch: 0150 lr: 0.01 train_loss: 734179.1250 train_distortion: 1.9668 train_mapscore: 0.4840 train_c: -1.0009 train_max_dist: 16.7637 train_imax: 11.6195 train_imin: -4.9874 time: 1.8788s
INFO:root:Epoch: 0155 lr: 0.01 train_loss: 725237.6250 train_distortion: 1.9647 train_mapscore: 0.4903 train_c: -1.0008 train_max_dist: 16.8156 train_imax: 11.7404 train_imin: -4.9096 time: 1.8640s
INFO:root:Epoch: 0160 lr: 0.01 train_loss: 715006.5000 train_distortion: 1.9982 train_mapscore: 0.4969 train_c: -1.0007 train_max_dist: 20.0000 train_imax: 11.9817 train_imin: -5.0385 time: 1.8744s
INFO:root:Epoch: 0165 lr: 0.01 train_loss: 703447.8750 train_distortion: 2.0820 train_mapscore: 0.5042 train_c: -1.0006 train_max_dist: 17.1214 train_imax: 12.3377 train_imin: -5.1721 time: 1.8602s
INFO:root:Epoch: 0170 lr: 0.01 train_loss: 691806.4375 train_distortion: 2.2147 train_mapscore: 0.5110 train_c: -1.0005 train_max_dist: 17.3623 train_imax: 12.8024 train_imin: -5.2415 time: 1.8766s
INFO:root:Epoch: 0175 lr: 0.01 train_loss: 680132.0000 train_distortion: 2.3639 train_mapscore: 0.5176 train_c: -1.0003 train_max_dist: 17.6033 train_imax: 13.2894 train_imin: -5.2750 time: 1.8393s
INFO:root:Epoch: 0180 lr: 0.01 train_loss: 668840.3750 train_distortion: 2.5207 train_mapscore: 0.5236 train_c: -1.0002 train_max_dist: 20.0000 train_imax: 13.7791 train_imin: -5.2853 time: 1.8350s
INFO:root:Epoch: 0185 lr: 0.01 train_loss: 657410.5625 train_distortion: 2.6827 train_mapscore: 0.5294 train_c: -1.0000 train_max_dist: 18.0980 train_imax: 14.2462 train_imin: -5.2808 time: 1.8187s
INFO:root:Epoch: 0190 lr: 0.01 train_loss: 647259.7500 train_distortion: 2.8187 train_mapscore: 0.5355 train_c: -0.9999 train_max_dist: 18.3119 train_imax: 14.5836 train_imin: -5.2520 time: 1.7691s
INFO:root:Epoch: 0195 lr: 0.01 train_loss: 638161.0625 train_distortion: 2.9508 train_mapscore: 0.5411 train_c: -0.9998 train_max_dist: 18.5191 train_imax: 14.8786 train_imin: -5.2998 time: 1.7891s
INFO:root:Epoch: 0200 lr: 0.01 train_loss: 628547.1250 train_distortion: 3.0952 train_mapscore: 0.5470 train_c: -0.9996 train_max_dist: 18.7373 train_imax: 15.2324 train_imin: -5.3731 time: 1.7742s
INFO:root:Epoch: 0205 lr: 0.01 train_loss: 619081.1250 train_distortion: 3.2486 train_mapscore: 0.5528 train_c: -0.9995 train_max_dist: 20.0000 train_imax: 15.6458 train_imin: -5.4905 time: 1.7773s
INFO:root:Epoch: 0210 lr: 0.01 train_loss: 609775.6250 train_distortion: 3.3751 train_mapscore: 0.5577 train_c: -0.9993 train_max_dist: 19.1544 train_imax: 15.9473 train_imin: -5.5601 time: 1.8239s
INFO:root:Epoch: 0215 lr: 0.01 train_loss: 600681.4375 train_distortion: 3.5157 train_mapscore: 0.5631 train_c: -0.9992 train_max_dist: 19.3599 train_imax: 16.2712 train_imin: -5.6522 time: 1.8256s
INFO:root:Epoch: 0220 lr: 0.01 train_loss: 593344.6250 train_distortion: 3.4858 train_mapscore: 0.5686 train_c: -0.9991 train_max_dist: 19.3948 train_imax: 15.9448 train_imin: -5.7432 time: 1.8113s
INFO:root:Epoch: 0225 lr: 0.01 train_loss: 590777.6875 train_distortion: 3.3828 train_mapscore: 0.5715 train_c: -0.9991 train_max_dist: 19.2946 train_imax: 15.7472 train_imin: -5.9276 time: 1.7856s
INFO:root:Epoch: 0230 lr: 0.01 train_loss: 601842.6875 train_distortion: 3.2132 train_mapscore: 0.5664 train_c: -0.9992 train_max_dist: 19.0485 train_imax: 15.6258 train_imin: -5.9650 time: 1.7942s
INFO:root:Epoch: 0235 lr: 0.01 train_loss: 607758.3750 train_distortion: 3.1662 train_mapscore: 0.5614 train_c: -0.9992 train_max_dist: 18.9550 train_imax: 15.6669 train_imin: -5.9277 time: 1.7943s
INFO:root:Epoch: 0240 lr: 0.01 train_loss: 606453.8125 train_distortion: 3.2118 train_mapscore: 0.5614 train_c: -0.9992 train_max_dist: 19.0070 train_imax: 15.8718 train_imin: -5.9004 time: 1.7945s
INFO:root:Epoch: 0245 lr: 0.01 train_loss: 603193.5000 train_distortion: 3.2595 train_mapscore: 0.5639 train_c: -0.9991 train_max_dist: 19.1068 train_imax: 16.1187 train_imin: -5.8239 time: 1.7884s
INFO:root:Epoch: 0250 lr: 0.01 train_loss: 597150.0625 train_distortion: 3.3650 train_mapscore: 0.5659 train_c: -0.9990 train_max_dist: 19.2574 train_imax: 16.5300 train_imin: -5.7342 time: 1.7395s
INFO:root:Epoch: 0255 lr: 0.01 train_loss: 590587.6250 train_distortion: 3.5105 train_mapscore: 0.5687 train_c: -0.9989 train_max_dist: 19.4403 train_imax: 17.0338 train_imin: -5.6716 time: 1.7548s
INFO:root:Epoch: 0260 lr: 0.01 train_loss: 581595.6875 train_distortion: 3.6830 train_mapscore: 0.5727 train_c: -0.9988 train_max_dist: 19.6531 train_imax: 17.5023 train_imin: -5.8211 time: 1.7381s
INFO:root:Epoch: 0265 lr: 0.01 train_loss: 573161.8750 train_distortion: 3.8391 train_mapscore: 0.5776 train_c: -0.9986 train_max_dist: 19.8561 train_imax: 17.7659 train_imin: -6.0665 time: 1.7405s
INFO:root:Epoch: 0270 lr: 0.01 train_loss: 568368.3125 train_distortion: 3.8333 train_mapscore: 0.5797 train_c: -0.9986 train_max_dist: 19.8808 train_imax: 17.7254 train_imin: -5.7932 time: 1.7314s
INFO:root:Epoch: 0275 lr: 0.01 train_loss: 571245.5625 train_distortion: 3.7156 train_mapscore: 0.5791 train_c: -0.9986 train_max_dist: 19.7476 train_imax: 17.4358 train_imin: -5.4505 time: 1.7690s
INFO:root:Epoch: 0280 lr: 0.01 train_loss: 570800.0625 train_distortion: 3.7581 train_mapscore: 0.5801 train_c: -0.9985 train_max_dist: 19.7847 train_imax: 17.5171 train_imin: -5.4714 time: 1.7777s
INFO:root:Epoch: 0285 lr: 0.01 train_loss: 566555.0000 train_distortion: 3.8676 train_mapscore: 0.5818 train_c: -0.9985 train_max_dist: 19.9039 train_imax: 17.7295 train_imin: -5.5522 time: 1.7757s
INFO:root:Epoch: 0290 lr: 0.01 train_loss: 559341.8125 train_distortion: 4.0391 train_mapscore: 0.5843 train_c: -0.9983 train_max_dist: 20.0898 train_imax: 18.0860 train_imin: -5.6794 time: 1.7688s
INFO:root:Epoch: 0295 lr: 0.01 train_loss: 550855.0625 train_distortion: 4.2425 train_mapscore: 0.5889 train_c: -0.9982 train_max_dist: 20.3082 train_imax: 18.4871 train_imin: -5.8324 time: 1.7677s
INFO:root:Epoch: 0300 lr: 0.01 train_loss: 542012.1250 train_distortion: 4.4104 train_mapscore: 0.5942 train_c: -0.9981 train_max_dist: 24.0000 train_imax: 18.8997 train_imin: -5.9799 time: 1.7645s
INFO:root:Epoch: 0305 lr: 0.01 train_loss: 534266.4375 train_distortion: 4.5636 train_mapscore: 0.6004 train_c: -0.9980 train_max_dist: 20.6195 train_imax: 19.2849 train_imin: -6.1149 time: 1.7521s
INFO:root:Epoch: 0310 lr: 0.01 train_loss: 526639.5000 train_distortion: 4.7232 train_mapscore: 0.6049 train_c: -0.9979 train_max_dist: 20.7688 train_imax: 19.6130 train_imin: -6.2284 time: 1.7502s
INFO:root:Epoch: 0315 lr: 0.01 train_loss: 528902.0000 train_distortion: 4.5734 train_mapscore: 0.6068 train_c: -0.9979 train_max_dist: 20.8333 train_imax: 18.0531 train_imin: -6.1289 time: 1.7291s
INFO:root:Epoch: 0320 lr: 0.01 train_loss: 541977.8125 train_distortion: 4.6977 train_mapscore: 0.5992 train_c: -0.9978 train_max_dist: 21.0647 train_imax: 18.4126 train_imin: -6.1695 time: 1.7172s
INFO:root:Epoch: 0325 lr: 0.01 train_loss: 581392.5000 train_distortion: 4.9616 train_mapscore: 0.5755 train_c: -0.9975 train_max_dist: 21.3598 train_imax: 19.4384 train_imin: -6.3682 time: 1.7387s
INFO:root:Epoch: 0330 lr: 0.01 train_loss: 605675.5000 train_distortion: 5.0032 train_mapscore: 0.5600 train_c: -0.9973 train_max_dist: 21.4164 train_imax: 19.7782 train_imin: -6.7199 time: 1.7403s
INFO:root:Epoch: 0335 lr: 0.01 train_loss: 611249.3125 train_distortion: 4.8999 train_mapscore: 0.5552 train_c: -0.9971 train_max_dist: 21.3201 train_imax: 19.6285 train_imin: -6.6168 time: 1.7413s
INFO:root:Epoch: 0340 lr: 0.01 train_loss: 604641.4375 train_distortion: 4.7259 train_mapscore: 0.5576 train_c: -0.9969 train_max_dist: 21.1565 train_imax: 19.2321 train_imin: -6.2672 time: 1.7461s
INFO:root:Epoch: 0345 lr: 0.01 train_loss: 594031.0625 train_distortion: 4.5341 train_mapscore: 0.5645 train_c: -0.9968 train_max_dist: 20.9673 train_imax: 18.7402 train_imin: -6.1154 time: 1.7902s
INFO:root:Epoch: 0350 lr: 0.01 train_loss: 582728.3125 train_distortion: 4.4087 train_mapscore: 0.5720 train_c: -0.9966 train_max_dist: 20.8406 train_imax: 18.3767 train_imin: -5.9862 time: 1.7931s
INFO:root:Epoch: 0355 lr: 0.01 train_loss: 571732.7500 train_distortion: 4.3958 train_mapscore: 0.5790 train_c: -0.9965 train_max_dist: 20.8096 train_imax: 18.2939 train_imin: -5.9784 time: 1.7596s
INFO:root:Epoch: 0360 lr: 0.01 train_loss: 561962.0000 train_distortion: 4.6487 train_mapscore: 0.5825 train_c: -0.9963 train_max_dist: 21.0149 train_imax: 19.0249 train_imin: -6.2207 time: 1.7929s
INFO:root:Epoch: 0365 lr: 0.01 train_loss: 553669.7500 train_distortion: 4.9218 train_mapscore: 0.5859 train_c: -0.9961 train_max_dist: 21.2390 train_imax: 19.7333 train_imin: -6.4408 time: 1.7807s
INFO:root:Epoch: 0370 lr: 0.01 train_loss: 546017.0000 train_distortion: 5.0930 train_mapscore: 0.5899 train_c: -0.9959 train_max_dist: 21.3769 train_imax: 20.0730 train_imin: -6.5758 time: 1.7584s
INFO:root:Epoch: 0375 lr: 0.01 train_loss: 537636.4375 train_distortion: 5.1222 train_mapscore: 0.5950 train_c: -0.9958 train_max_dist: 21.4054 train_imax: 19.9950 train_imin: -6.6006 time: 1.7462s
INFO:root:Epoch: 0380 lr: 0.01 train_loss: 530418.3125 train_distortion: 5.1048 train_mapscore: 0.6004 train_c: -0.9956 train_max_dist: 21.3962 train_imax: 19.7952 train_imin: -6.5904 time: 1.7450s
INFO:root:Epoch: 0385 lr: 0.01 train_loss: 523188.4688 train_distortion: 5.1172 train_mapscore: 0.6056 train_c: -0.9955 train_max_dist: 21.4062 train_imax: 19.6955 train_imin: -6.5959 time: 1.7141s
INFO:root:Epoch: 0390 lr: 0.01 train_loss: 516634.9375 train_distortion: 5.1311 train_mapscore: 0.6104 train_c: -0.9953 train_max_dist: 21.3961 train_imax: 19.6308 train_imin: -6.5982 time: 1.7008s
INFO:root:Epoch: 0395 lr: 0.01 train_loss: 511712.1875 train_distortion: 5.2672 train_mapscore: 0.6129 train_c: -0.9952 train_max_dist: 21.4862 train_imax: 19.9982 train_imin: -6.6906 time: 1.7059s
INFO:root:Epoch: 0400 lr: 0.01 train_loss: 507012.4375 train_distortion: 5.4038 train_mapscore: 0.6154 train_c: -0.9950 train_max_dist: 21.5729 train_imax: 20.3308 train_imin: -6.7821 time: 1.7016s
INFO:root:Epoch: 0405 lr: 0.01 train_loss: 501852.0312 train_distortion: 5.5033 train_mapscore: 0.6185 train_c: -0.9949 train_max_dist: 21.6334 train_imax: 20.5362 train_imin: -6.8497 time: 1.7424s
INFO:root:Epoch: 0410 lr: 0.01 train_loss: 496469.0625 train_distortion: 5.5901 train_mapscore: 0.6219 train_c: -0.9947 train_max_dist: 21.6901 train_imax: 20.7278 train_imin: -6.9193 time: 1.7310s
INFO:root:Epoch: 0415 lr: 0.01 train_loss: 492089.3438 train_distortion: 5.7181 train_mapscore: 0.6250 train_c: -0.9946 train_max_dist: 21.7745 train_imax: 21.0154 train_imin: -7.0350 time: 1.7574s
INFO:root:Epoch: 0420 lr: 0.01 train_loss: 489301.1875 train_distortion: 5.8874 train_mapscore: 0.6270 train_c: -0.9944 train_max_dist: 21.9184 train_imax: 21.2544 train_imin: -7.1766 time: 1.7326s
INFO:root:Epoch: 0425 lr: 0.01 train_loss: 492984.9375 train_distortion: 5.7516 train_mapscore: 0.6263 train_c: -0.9943 train_max_dist: 21.7730 train_imax: 20.7844 train_imin: -7.0576 time: 1.7204s
INFO:root:Epoch: 0430 lr: 0.01 train_loss: 507393.3750 train_distortion: 5.6806 train_mapscore: 0.6212 train_c: -0.9943 train_max_dist: 21.7848 train_imax: 20.8313 train_imin: -8.1441 time: 1.7302s
INFO:root:Epoch: 0435 lr: 0.01 train_loss: 512802.8750 train_distortion: 5.5363 train_mapscore: 0.6191 train_c: -0.9942 train_max_dist: 21.7002 train_imax: 20.4975 train_imin: -7.8727 time: 1.7364s
INFO:root:Epoch: 0440 lr: 0.01 train_loss: 511287.2188 train_distortion: 5.3847 train_mapscore: 0.6200 train_c: -0.9941 train_max_dist: 21.5913 train_imax: 19.9779 train_imin: -7.5837 time: 1.7275s
INFO:root:Epoch: 0445 lr: 0.01 train_loss: 506639.7500 train_distortion: 5.2996 train_mapscore: 0.6229 train_c: -0.9940 train_max_dist: 21.5385 train_imax: 19.7029 train_imin: -7.4352 time: 1.6828s
INFO:root:Epoch: 0450 lr: 0.01 train_loss: 501910.3125 train_distortion: 5.1476 train_mapscore: 0.6267 train_c: -0.9940 train_max_dist: 21.4331 train_imax: 19.1254 train_imin: -7.2824 time: 1.6978s
INFO:root:Epoch: 0455 lr: 0.01 train_loss: 502737.4375 train_distortion: 4.8951 train_mapscore: 0.6290 train_c: -0.9940 train_max_dist: 21.2547 train_imax: 18.1642 train_imin: -7.2996 time: 1.7068s
INFO:root:Epoch: 0460 lr: 0.01 train_loss: 500661.0000 train_distortion: 4.8786 train_mapscore: 0.6315 train_c: -0.9939 train_max_dist: 21.2618 train_imax: 18.0301 train_imin: -7.3798 time: 1.6873s
INFO:root:Epoch: 0465 lr: 0.01 train_loss: 495681.5625 train_distortion: 5.0353 train_mapscore: 0.6335 train_c: -0.9938 train_max_dist: 21.4124 train_imax: 18.5145 train_imin: -7.5139 time: 1.6908s
INFO:root:Epoch: 0470 lr: 0.01 train_loss: 490756.9375 train_distortion: 5.1481 train_mapscore: 0.6363 train_c: -0.9938 train_max_dist: 21.4710 train_imax: 18.8412 train_imin: -7.5389 time: 1.7158s
INFO:root:Epoch: 0475 lr: 0.01 train_loss: 486344.0000 train_distortion: 5.2970 train_mapscore: 0.6375 train_c: -0.9938 train_max_dist: 21.5479 train_imax: 19.1985 train_imin: -7.5697 time: 1.7135s
INFO:root:Epoch: 0480 lr: 0.01 train_loss: 481749.6250 train_distortion: 5.4928 train_mapscore: 0.6387 train_c: -0.9937 train_max_dist: 21.6746 train_imax: 19.7446 train_imin: -7.7007 time: 1.7215s
INFO:root:Epoch: 0485 lr: 0.01 train_loss: 476638.6875 train_distortion: 5.6868 train_mapscore: 0.6412 train_c: -0.9936 train_max_dist: 21.8081 train_imax: 20.3028 train_imin: -7.9058 time: 1.7149s
INFO:root:Epoch: 0490 lr: 0.01 train_loss: 471053.5938 train_distortion: 5.8537 train_mapscore: 0.6439 train_c: -0.9935 train_max_dist: 21.9229 train_imax: 20.8073 train_imin: -8.0770 time: 1.7321s
INFO:root:Epoch: 0495 lr: 0.01 train_loss: 465673.7812 train_distortion: 5.9648 train_mapscore: 0.6471 train_c: -0.9933 train_max_dist: 21.9968 train_imax: 21.1730 train_imin: -8.1989 time: 1.7190s
INFO:root:Epoch: 0500 lr: 0.01 train_loss: 460610.5625 train_distortion: 6.0761 train_mapscore: 0.6505 train_c: -0.9932 train_max_dist: 22.0717 train_imax: 21.5426 train_imin: -8.3206 time: 1.7298s
INFO:root:Epoch: 0505 lr: 0.01 train_loss: 455866.1875 train_distortion: 6.1825 train_mapscore: 0.6536 train_c: -0.9931 train_max_dist: 22.1417 train_imax: 21.8970 train_imin: -8.4403 time: 1.7052s
INFO:root:Epoch: 0510 lr: 0.01 train_loss: 451309.1875 train_distortion: 6.2866 train_mapscore: 0.6566 train_c: -0.9930 train_max_dist: 22.2095 train_imax: 22.2413 train_imin: -8.5586 time: 1.6711s
INFO:root:Epoch: 0515 lr: 0.01 train_loss: 447317.5000 train_distortion: 6.3678 train_mapscore: 0.6589 train_c: -0.9928 train_max_dist: 22.2462 train_imax: 22.5333 train_imin: -8.6518 time: 1.6600s
INFO:root:Epoch: 0520 lr: 0.01 train_loss: 443941.4688 train_distortion: 6.4433 train_mapscore: 0.6619 train_c: -0.9927 train_max_dist: 22.3251 train_imax: 22.8014 train_imin: -8.7454 time: 1.6759s
INFO:root:Epoch: 0525 lr: 0.01 train_loss: 442211.9375 train_distortion: 6.5627 train_mapscore: 0.6645 train_c: -0.9926 train_max_dist: 22.4564 train_imax: 23.2091 train_imin: -8.9032 time: 1.6561s
INFO:root:Epoch: 0530 lr: 0.01 train_loss: 440233.8750 train_distortion: 6.7167 train_mapscore: 0.6658 train_c: -0.9924 train_max_dist: 22.6048 train_imax: 23.6798 train_imin: -9.0820 time: 1.6691s
INFO:root:Epoch: 0535 lr: 0.01 train_loss: 436862.9688 train_distortion: 6.7999 train_mapscore: 0.6684 train_c: -0.9923 train_max_dist: 22.6747 train_imax: 23.9622 train_imin: -9.1661 time: 1.6718s
INFO:root:Epoch: 0540 lr: 0.01 train_loss: 433503.5312 train_distortion: 6.8052 train_mapscore: 0.6713 train_c: -0.9922 train_max_dist: 22.6709 train_imax: 24.0386 train_imin: -9.1564 time: 1.7081s
INFO:root:Epoch: 0545 lr: 0.01 train_loss: 433530.7188 train_distortion: 6.9591 train_mapscore: 0.6717 train_c: -0.9920 train_max_dist: 22.7499 train_imax: 24.5309 train_imin: -9.3535 time: 1.7024s
INFO:root:Epoch: 0550 lr: 0.01 train_loss: 432695.5000 train_distortion: 6.9526 train_mapscore: 0.6728 train_c: -0.9919 train_max_dist: 22.6970 train_imax: 24.5914 train_imin: -9.3658 time: 1.6997s
INFO:root:Epoch: 0555 lr: 0.01 train_loss: 440667.8750 train_distortion: 6.2881 train_mapscore: 0.6706 train_c: -0.9920 train_max_dist: 22.4504 train_imax: 23.1161 train_imin: -8.7156 time: 1.7090s
INFO:root:Epoch: 0560 lr: 0.01 train_loss: 474955.3438 train_distortion: 5.3640 train_mapscore: 0.6575 train_c: -0.9921 train_max_dist: 21.6702 train_imax: 21.0247 train_imin: -7.8784 time: 1.6973s
INFO:root:Epoch: 0565 lr: 0.01 train_loss: 493460.6250 train_distortion: 5.0286 train_mapscore: 0.6476 train_c: -0.9921 train_max_dist: 24.0000 train_imax: 20.2601 train_imin: -7.6032 time: 1.7214s
INFO:root:Epoch: 0570 lr: 0.01 train_loss: 498710.8125 train_distortion: 5.1738 train_mapscore: 0.6436 train_c: -0.9920 train_max_dist: 21.2926 train_imax: 20.7488 train_imin: -7.7646 time: 1.7019s
INFO:root:Epoch: 0575 lr: 0.01 train_loss: 496564.2500 train_distortion: 5.4357 train_mapscore: 0.6417 train_c: -0.9919 train_max_dist: 21.5256 train_imax: 21.4458 train_imin: -7.9680 time: 1.7253s
INFO:root:Epoch: 0580 lr: 0.01 train_loss: 492381.1562 train_distortion: 5.6757 train_mapscore: 0.6414 train_c: -0.9917 train_max_dist: 21.7591 train_imax: 21.8435 train_imin: -8.1311 time: 1.7157s
INFO:root:Epoch: 0585 lr: 0.01 train_loss: 487154.7500 train_distortion: 5.8004 train_mapscore: 0.6430 train_c: -0.9916 train_max_dist: 21.8834 train_imax: 22.0372 train_imin: -8.3042 time: 1.6885s
INFO:root:Epoch: 0590 lr: 0.01 train_loss: 481207.0938 train_distortion: 6.1728 train_mapscore: 0.6441 train_c: -0.9913 train_max_dist: 22.2180 train_imax: 22.9556 train_imin: -8.7070 time: 1.6644s
INFO:root:Epoch: 0595 lr: 0.01 train_loss: 476532.1250 train_distortion: 6.5222 train_mapscore: 0.6459 train_c: -0.9910 train_max_dist: 22.5075 train_imax: 23.8966 train_imin: -9.0474 time: 1.6696s
INFO:root:Epoch: 0600 lr: 0.01 train_loss: 470427.1562 train_distortion: 6.6765 train_mapscore: 0.6491 train_c: -0.9908 train_max_dist: 22.6082 train_imax: 24.4370 train_imin: -9.1813 time: 1.7176s
INFO:root:Epoch: 0605 lr: 0.01 train_loss: 463044.3750 train_distortion: 6.6675 train_mapscore: 0.6531 train_c: -0.9906 train_max_dist: 22.5665 train_imax: 24.5095 train_imin: -9.1886 time: 1.7141s
INFO:root:Epoch: 0610 lr: 0.01 train_loss: 458446.0625 train_distortion: 6.4511 train_mapscore: 0.6549 train_c: -0.9905 train_max_dist: 22.3029 train_imax: 24.0206 train_imin: -8.9505 time: 1.7158s
INFO:root:Epoch: 0615 lr: 0.01 train_loss: 454125.2500 train_distortion: 6.3266 train_mapscore: 0.6578 train_c: -0.9904 train_max_dist: 22.1345 train_imax: 23.7390 train_imin: -8.8403 time: 1.6975s
INFO:root:Epoch: 0620 lr: 0.01 train_loss: 449202.6562 train_distortion: 6.3014 train_mapscore: 0.6607 train_c: -0.9902 train_max_dist: 22.1202 train_imax: 23.6820 train_imin: -8.8366 time: 1.7127s
INFO:root:Epoch: 0625 lr: 0.01 train_loss: 444361.1562 train_distortion: 6.2127 train_mapscore: 0.6642 train_c: -0.9901 train_max_dist: 22.0749 train_imax: 23.3880 train_imin: -8.7836 time: 1.6925s
INFO:root:Epoch: 0630 lr: 0.01 train_loss: 440821.7812 train_distortion: 6.1888 train_mapscore: 0.6662 train_c: -0.9901 train_max_dist: 22.0664 train_imax: 23.1807 train_imin: -8.7801 time: 1.7012s
INFO:root:Epoch: 0635 lr: 0.01 train_loss: 437137.1250 train_distortion: 6.2545 train_mapscore: 0.6684 train_c: -0.9900 train_max_dist: 22.1025 train_imax: 23.2755 train_imin: -8.8236 time: 1.6970s
INFO:root:Epoch: 0640 lr: 0.01 train_loss: 433096.3750 train_distortion: 6.4028 train_mapscore: 0.6703 train_c: -0.9899 train_max_dist: 22.1907 train_imax: 23.6248 train_imin: -8.9461 time: 1.6669s
INFO:root:Epoch: 0645 lr: 0.01 train_loss: 433714.7500 train_distortion: 6.3578 train_mapscore: 0.6708 train_c: -0.9898 train_max_dist: 22.1729 train_imax: 23.8017 train_imin: -8.8706 time: 1.6607s
INFO:root:Epoch: 0650 lr: 0.01 train_loss: 434182.5938 train_distortion: 6.4072 train_mapscore: 0.6723 train_c: -0.9897 train_max_dist: 22.2215 train_imax: 24.0410 train_imin: -8.8948 time: 1.6886s
INFO:root:Epoch: 0655 lr: 0.01 train_loss: 431832.6562 train_distortion: 6.5956 train_mapscore: 0.6743 train_c: -0.9896 train_max_dist: 22.4063 train_imax: 24.4262 train_imin: -9.0757 time: 1.6742s
INFO:root:Epoch: 0660 lr: 0.01 train_loss: 428442.7188 train_distortion: 6.9115 train_mapscore: 0.6764 train_c: -0.9894 train_max_dist: 22.6867 train_imax: 24.9495 train_imin: -9.4134 time: 1.6690s
INFO:root:Epoch: 0665 lr: 0.01 train_loss: 423995.1875 train_distortion: 7.1214 train_mapscore: 0.6793 train_c: -0.9893 train_max_dist: 22.8729 train_imax: 25.2277 train_imin: -9.6195 time: 1.7149s
INFO:root:Epoch: 0670 lr: 0.01 train_loss: 419038.4375 train_distortion: 7.2256 train_mapscore: 0.6826 train_c: -0.9891 train_max_dist: 22.9727 train_imax: 25.4275 train_imin: -9.7220 time: 1.7039s
INFO:root:Epoch: 0675 lr: 0.01 train_loss: 414252.3438 train_distortion: 7.2472 train_mapscore: 0.6858 train_c: -0.9890 train_max_dist: 23.0054 train_imax: 25.5520 train_imin: -9.7711 time: 1.7017s
INFO:root:Epoch: 0680 lr: 0.01 train_loss: 409919.6562 train_distortion: 7.2752 train_mapscore: 0.6890 train_c: -0.9888 train_max_dist: 23.0420 train_imax: 25.6984 train_imin: -9.8591 time: 1.7147s
INFO:root:Epoch: 0685 lr: 0.01 train_loss: 405841.9375 train_distortion: 7.3398 train_mapscore: 0.6925 train_c: -0.9886 train_max_dist: 23.1006 train_imax: 25.9389 train_imin: -9.9503 time: 1.6985s
INFO:root:Epoch: 0690 lr: 0.01 train_loss: 401906.4375 train_distortion: 7.4139 train_mapscore: 0.6958 train_c: -0.9885 train_max_dist: 23.1731 train_imax: 26.1921 train_imin: -10.0185 time: 1.7084s
INFO:root:Epoch: 0695 lr: 0.01 train_loss: 399264.2500 train_distortion: 7.5373 train_mapscore: 0.6983 train_c: -0.9883 train_max_dist: 23.2604 train_imax: 26.5963 train_imin: -10.1101 time: 1.6937s
INFO:root:Epoch: 0700 lr: 0.01 train_loss: 396454.9688 train_distortion: 7.6585 train_mapscore: 0.7008 train_c: -0.9882 train_max_dist: 23.3454 train_imax: 26.9803 train_imin: -10.2116 time: 1.6967s
INFO:root:Epoch: 0705 lr: 0.01 train_loss: 405424.6562 train_distortion: 7.5594 train_mapscore: 0.6972 train_c: -0.9882 train_max_dist: 23.1297 train_imax: 26.7687 train_imin: -10.1348 time: 1.6620s
INFO:root:Epoch: 0710 lr: 0.01 train_loss: 414825.1875 train_distortion: 7.4824 train_mapscore: 0.6910 train_c: -0.9881 train_max_dist: 23.0899 train_imax: 26.5602 train_imin: -10.0590 time: 1.6539s
INFO:root:Epoch: 0715 lr: 0.01 train_loss: 415825.1562 train_distortion: 7.4533 train_mapscore: 0.6898 train_c: -0.9880 train_max_dist: 23.0827 train_imax: 26.4581 train_imin: -9.9827 time: 1.6482s
INFO:root:Epoch: 0720 lr: 0.01 train_loss: 414123.1562 train_distortion: 7.5382 train_mapscore: 0.6909 train_c: -0.9878 train_max_dist: 23.1395 train_imax: 26.6364 train_imin: -9.9853 time: 1.6631s
INFO:root:Epoch: 0725 lr: 0.01 train_loss: 412182.6562 train_distortion: 7.6139 train_mapscore: 0.6923 train_c: -0.9877 train_max_dist: 23.1904 train_imax: 26.8091 train_imin: -9.9788 time: 1.6556s
INFO:root:Epoch: 0730 lr: 0.01 train_loss: 412078.4688 train_distortion: 7.6802 train_mapscore: 0.6929 train_c: -0.9876 train_max_dist: 23.1940 train_imax: 26.9980 train_imin: -10.1411 time: 1.6739s
INFO:root:Epoch: 0735 lr: 0.01 train_loss: 412378.6562 train_distortion: 7.9520 train_mapscore: 0.6929 train_c: -0.9874 train_max_dist: 23.4385 train_imax: 27.8086 train_imin: -10.4928 time: 1.6943s
INFO:root:Epoch: 0740 lr: 0.01 train_loss: 411262.8438 train_distortion: 7.9543 train_mapscore: 0.6934 train_c: -0.9873 train_max_dist: 24.0000 train_imax: 27.7654 train_imin: -10.4613 time: 1.7053s
INFO:root:Epoch: 0745 lr: 0.01 train_loss: 408295.5625 train_distortion: 7.9004 train_mapscore: 0.6956 train_c: -0.9871 train_max_dist: 23.3757 train_imax: 27.5692 train_imin: -10.3143 time: 1.6959s
INFO:root:Epoch: 0750 lr: 0.01 train_loss: 403950.0938 train_distortion: 7.8305 train_mapscore: 0.6983 train_c: -0.9870 train_max_dist: 24.0000 train_imax: 27.3165 train_imin: -10.1368 time: 1.6884s
INFO:root:Epoch: 0755 lr: 0.01 train_loss: 399871.0000 train_distortion: 8.0889 train_mapscore: 0.7002 train_c: -0.9868 train_max_dist: 23.9608 train_imax: 28.0363 train_imin: -10.4288 time: 1.6781s
INFO:root:Epoch: 0760 lr: 0.01 train_loss: 396652.8125 train_distortion: 8.3250 train_mapscore: 0.7024 train_c: -0.9866 train_max_dist: 24.7005 train_imax: 28.7163 train_imin: -10.6872 time: 1.6924s
INFO:root:Epoch: 0765 lr: 0.01 train_loss: 393305.7188 train_distortion: 8.3874 train_mapscore: 0.7046 train_c: -0.9864 train_max_dist: 24.9773 train_imax: 28.9006 train_imin: -10.7065 time: 1.6793s
INFO:root:Epoch: 0770 lr: 0.01 train_loss: 388898.5000 train_distortion: 8.3498 train_mapscore: 0.7080 train_c: -0.9862 train_max_dist: 25.0708 train_imax: 28.8233 train_imin: -10.6082 time: 1.6863s
INFO:root:Epoch: 0775 lr: 0.01 train_loss: 384612.0625 train_distortion: 8.3318 train_mapscore: 0.7114 train_c: -0.9860 train_max_dist: 25.1204 train_imax: 28.7735 train_imin: -10.5513 time: 1.6420s
INFO:root:Epoch: 0780 lr: 0.01 train_loss: 381542.2812 train_distortion: 8.4548 train_mapscore: 0.7137 train_c: -0.9858 train_max_dist: 25.2213 train_imax: 29.0770 train_imin: -10.6533 time: 1.6369s
INFO:root:Epoch: 0785 lr: 0.01 train_loss: 378366.6875 train_distortion: 8.5382 train_mapscore: 0.7158 train_c: -0.9857 train_max_dist: 25.2860 train_imax: 29.3561 train_imin: -10.7080 time: 1.6466s
INFO:root:Epoch: 0790 lr: 0.01 train_loss: 375300.3438 train_distortion: 8.4858 train_mapscore: 0.7185 train_c: -0.9855 train_max_dist: 25.2481 train_imax: 29.3023 train_imin: -10.6172 time: 1.6435s
INFO:root:Epoch: 0795 lr: 0.01 train_loss: 407597.9688 train_distortion: 6.3882 train_mapscore: 0.7108 train_c: -0.9855 train_max_dist: 23.6898 train_imax: 24.1147 train_imin: -8.5996 time: 1.6689s
INFO:root:Epoch: 0800 lr: 0.01 train_loss: 434927.3750 train_distortion: 5.6169 train_mapscore: 0.6997 train_c: -0.9855 train_max_dist: 22.9913 train_imax: 22.1747 train_imin: -7.9276 time: 1.6922s
INFO:root:Epoch: 0805 lr: 0.01 train_loss: 443021.9062 train_distortion: 5.4791 train_mapscore: 0.6945 train_c: -0.9855 train_max_dist: 22.8263 train_imax: 21.8309 train_imin: -8.0238 time: 1.6907s
INFO:root:Epoch: 0810 lr: 0.01 train_loss: 439552.7500 train_distortion: 5.7868 train_mapscore: 0.6924 train_c: -0.9854 train_max_dist: 23.0298 train_imax: 22.7189 train_imin: -8.4551 time: 1.6843s
INFO:root:Epoch: 0815 lr: 0.01 train_loss: 432303.9688 train_distortion: 6.2892 train_mapscore: 0.6925 train_c: -0.9853 train_max_dist: 23.3768 train_imax: 24.1215 train_imin: -8.9803 time: 1.6825s
INFO:root:Epoch: 0820 lr: 0.01 train_loss: 425052.7812 train_distortion: 6.6876 train_mapscore: 0.6950 train_c: -0.9851 train_max_dist: 23.6323 train_imax: 25.3456 train_imin: -9.3195 time: 1.6898s
INFO:root:Epoch: 0825 lr: 0.01 train_loss: 418792.3750 train_distortion: 7.0578 train_mapscore: 0.6972 train_c: -0.9850 train_max_dist: 24.0000 train_imax: 26.3915 train_imin: -9.5708 time: 1.6937s
INFO:root:Epoch: 0830 lr: 0.01 train_loss: 437828.1250 train_distortion: 8.1407 train_mapscore: 0.6881 train_c: -0.9846 train_max_dist: 24.5864 train_imax: 28.6224 train_imin: -10.6094 time: 1.6862s
INFO:root:Epoch: 0835 lr: 0.01 train_loss: 484570.5625 train_distortion: 8.8301 train_mapscore: 0.6638 train_c: -0.9843 train_max_dist: 24.9425 train_imax: 29.7569 train_imin: -11.6922 time: 1.6525s
INFO:root:Epoch: 0840 lr: 0.01 train_loss: 513547.5938 train_distortion: 8.4564 train_mapscore: 0.6447 train_c: -0.9841 train_max_dist: 24.4922 train_imax: 28.4583 train_imin: -11.5684 time: 1.6713s
INFO:root:Epoch: 0845 lr: 0.01 train_loss: 529701.1250 train_distortion: 8.1811 train_mapscore: 0.6318 train_c: -0.9837 train_max_dist: 24.3366 train_imax: 27.5232 train_imin: -11.6036 time: 1.6654s
INFO:root:Epoch: 0850 lr: 0.01 train_loss: 544401.3125 train_distortion: 7.8843 train_mapscore: 0.6202 train_c: -0.9833 train_max_dist: 40.0000 train_imax: 26.6160 train_imin: -11.4846 time: 1.6765s
INFO:root:Epoch: 0855 lr: 0.01 train_loss: 628647.8750 train_distortion: 5.1308 train_mapscore: 0.5754 train_c: -0.9831 train_max_dist: 22.0930 train_imax: 18.6034 train_imin: -7.6547 time: 1.7423s
INFO:root:Epoch: 0860 lr: 0.01 train_loss: 711033.1875 train_distortion: 3.8926 train_mapscore: 0.5207 train_c: -0.9829 train_max_dist: 24.0000 train_imax: 17.5943 train_imin: -6.1827 time: 1.8487s
INFO:root:Epoch: 0865 lr: 0.01 train_loss: 749916.0625 train_distortion: 3.2888 train_mapscore: 0.4914 train_c: -0.9827 train_max_dist: 20.2501 train_imax: 16.4722 train_imin: -5.6248 time: 1.8692s
INFO:root:Epoch: 0870 lr: 0.01 train_loss: 760887.6250 train_distortion: 2.9828 train_mapscore: 0.4815 train_c: -0.9824 train_max_dist: 20.0000 train_imax: 15.6609 train_imin: -5.3799 time: 1.8992s
INFO:root:Epoch: 0875 lr: 0.01 train_loss: 756287.1250 train_distortion: 2.9549 train_mapscore: 0.4823 train_c: -0.9821 train_max_dist: 19.7059 train_imax: 15.1837 train_imin: -5.4524 time: 1.9305s
INFO:root:Epoch: 0880 lr: 0.01 train_loss: 745003.5625 train_distortion: 3.1096 train_mapscore: 0.4883 train_c: -0.9818 train_max_dist: 19.8119 train_imax: 14.7883 train_imin: -5.6917 time: 1.9174s
INFO:root:Epoch: 0885 lr: 0.01 train_loss: 732043.1250 train_distortion: 3.2303 train_mapscore: 0.4947 train_c: -0.9814 train_max_dist: 19.8337 train_imax: 14.4252 train_imin: -5.9073 time: 1.8984s
INFO:root:Epoch: 0890 lr: 0.01 train_loss: 718422.3750 train_distortion: 3.2503 train_mapscore: 0.5025 train_c: -0.9811 train_max_dist: 20.0000 train_imax: 14.5637 train_imin: -5.9390 time: 1.8805s
INFO:root:Epoch: 0895 lr: 0.01 train_loss: 704275.6875 train_distortion: 3.2354 train_mapscore: 0.5112 train_c: -0.9808 train_max_dist: 19.7395 train_imax: 14.4792 train_imin: -5.9221 time: 1.8732s
INFO:root:Epoch: 0900 lr: 0.01 train_loss: 692268.7500 train_distortion: 3.1212 train_mapscore: 0.5192 train_c: -0.9806 train_max_dist: 20.0000 train_imax: 14.0334 train_imin: -5.7757 time: 1.8461s
INFO:root:Epoch: 0905 lr: 0.01 train_loss: 680128.6250 train_distortion: 3.1083 train_mapscore: 0.5268 train_c: -0.9804 train_max_dist: 20.0000 train_imax: 13.8701 train_imin: -5.7270 time: 1.8175s
INFO:root:Epoch: 0910 lr: 0.01 train_loss: 667942.8750 train_distortion: 3.1844 train_mapscore: 0.5334 train_c: -0.9801 train_max_dist: 20.0000 train_imax: 13.9250 train_imin: -5.7742 time: 1.8162s
INFO:root:Epoch: 0915 lr: 0.01 train_loss: 655477.0625 train_distortion: 3.3340 train_mapscore: 0.5402 train_c: -0.9798 train_max_dist: 19.4652 train_imax: 14.1515 train_imin: -5.8934 time: 1.7989s
INFO:root:Epoch: 0920 lr: 0.01 train_loss: 643391.3750 train_distortion: 3.4983 train_mapscore: 0.5467 train_c: -0.9796 train_max_dist: 19.5721 train_imax: 14.3818 train_imin: -6.0333 time: 1.7931s
INFO:root:Epoch: 0925 lr: 0.01 train_loss: 632013.7500 train_distortion: 3.6953 train_mapscore: 0.5526 train_c: -0.9793 train_max_dist: 19.7640 train_imax: 15.3349 train_imin: -6.1990 time: 1.7821s
INFO:root:Epoch: 0930 lr: 0.01 train_loss: 621288.3125 train_distortion: 3.8512 train_mapscore: 0.5583 train_c: -0.9791 train_max_dist: 19.9646 train_imax: 16.1300 train_imin: -6.3056 time: 1.8070s
INFO:root:Epoch: 0935 lr: 0.01 train_loss: 611599.8750 train_distortion: 3.9871 train_mapscore: 0.5639 train_c: -0.9788 train_max_dist: 20.1283 train_imax: 16.5898 train_imin: -6.3865 time: 1.7987s
INFO:root:Epoch: 0940 lr: 0.01 train_loss: 602403.3125 train_distortion: 4.1339 train_mapscore: 0.5687 train_c: -0.9785 train_max_dist: 20.3212 train_imax: 16.9965 train_imin: -6.5392 time: 1.7950s
INFO:root:Epoch: 0945 lr: 0.01 train_loss: 593754.8750 train_distortion: 4.2126 train_mapscore: 0.5745 train_c: -0.9783 train_max_dist: 20.4585 train_imax: 17.1023 train_imin: -6.6476 time: 1.7951s
INFO:root:Epoch: 0950 lr: 0.01 train_loss: 586253.6250 train_distortion: 4.3184 train_mapscore: 0.5789 train_c: -0.9781 train_max_dist: 20.6241 train_imax: 17.2828 train_imin: -6.7709 time: 1.7946s
INFO:root:Epoch: 0955 lr: 0.01 train_loss: 578808.6250 train_distortion: 4.4504 train_mapscore: 0.5833 train_c: -0.9778 train_max_dist: 20.8210 train_imax: 17.5215 train_imin: -6.9047 time: 1.7943s
INFO:root:Epoch: 0960 lr: 0.01 train_loss: 580541.6250 train_distortion: 4.0024 train_mapscore: 0.5853 train_c: -0.9779 train_max_dist: 20.4042 train_imax: 16.3894 train_imin: -6.4922 time: 1.7879s
INFO:root:Epoch: 0965 lr: 0.01 train_loss: 586951.8750 train_distortion: 3.6800 train_mapscore: 0.5858 train_c: -0.9779 train_max_dist: 20.0599 train_imax: 15.5619 train_imin: -6.1774 time: 1.7807s
INFO:root:Epoch: 0970 lr: 0.01 train_loss: 587715.8125 train_distortion: 3.6331 train_mapscore: 0.5856 train_c: -0.9778 train_max_dist: 20.0273 train_imax: 15.4010 train_imin: -6.1124 time: 1.7636s
INFO:root:Epoch: 0975 lr: 0.01 train_loss: 593055.2500 train_distortion: 3.4414 train_mapscore: 0.5844 train_c: -0.9778 train_max_dist: 19.6557 train_imax: 15.0773 train_imin: -5.8940 time: 1.7613s
INFO:root:Epoch: 0980 lr: 0.01 train_loss: 602017.8125 train_distortion: 3.2793 train_mapscore: 0.5803 train_c: -0.9779 train_max_dist: 19.2855 train_imax: 14.3320 train_imin: -5.6870 time: 1.7610s
INFO:root:Epoch: 0985 lr: 0.01 train_loss: 606665.0000 train_distortion: 3.2705 train_mapscore: 0.5768 train_c: -0.9779 train_max_dist: 19.1498 train_imax: 14.2732 train_imin: -5.6515 time: 1.7694s
INFO:root:Epoch: 0990 lr: 0.01 train_loss: 606393.5000 train_distortion: 3.3406 train_mapscore: 0.5752 train_c: -0.9778 train_max_dist: 19.1288 train_imax: 14.3709 train_imin: -5.6955 time: 1.7904s
INFO:root:Epoch: 0995 lr: 0.01 train_loss: 602657.9375 train_distortion: 3.4581 train_mapscore: 0.5757 train_c: -0.9777 train_max_dist: 19.2031 train_imax: 14.6930 train_imin: -5.7824 time: 1.7926s
INFO:root:Epoch: 1000 lr: 0.01 train_loss: 595515.3750 train_distortion: 3.6327 train_mapscore: 0.5782 train_c: -0.9775 train_max_dist: 19.4286 train_imax: 15.1817 train_imin: -5.9205 time: 1.7969s
INFO:root:Epoch: 1005 lr: 0.01 train_loss: 587014.5625 train_distortion: 3.8538 train_mapscore: 0.5820 train_c: -0.9774 train_max_dist: 19.7281 train_imax: 15.8071 train_imin: -6.1111 time: 1.7995s
INFO:root:Epoch: 1010 lr: 0.01 train_loss: 577591.8125 train_distortion: 4.1188 train_mapscore: 0.5862 train_c: -0.9772 train_max_dist: 20.0996 train_imax: 16.5377 train_imin: -6.3411 time: 1.7989s
INFO:root:Epoch: 1015 lr: 0.01 train_loss: 567744.9375 train_distortion: 4.4882 train_mapscore: 0.5900 train_c: -0.9769 train_max_dist: 20.6477 train_imax: 17.6321 train_imin: -6.6596 time: 1.7808s
INFO:root:Epoch: 1020 lr: 0.01 train_loss: 561231.6250 train_distortion: 5.0177 train_mapscore: 0.5926 train_c: -0.9766 train_max_dist: 21.4239 train_imax: 19.2197 train_imin: -7.1070 time: 1.7749s
INFO:root:Epoch: 1025 lr: 0.01 train_loss: 555608.4375 train_distortion: 5.3127 train_mapscore: 0.5955 train_c: -0.9764 train_max_dist: 21.8570 train_imax: 20.1156 train_imin: -7.3403 time: 1.7631s
INFO:root:Epoch: 1030 lr: 0.01 train_loss: 549271.7500 train_distortion: 5.4701 train_mapscore: 0.5999 train_c: -0.9761 train_max_dist: 22.0961 train_imax: 20.5859 train_imin: -7.4430 time: 1.7342s
INFO:root:Epoch: 1035 lr: 0.01 train_loss: 542097.0625 train_distortion: 5.4594 train_mapscore: 0.6037 train_c: -0.9759 train_max_dist: 22.1235 train_imax: 20.5866 train_imin: -7.3794 time: 1.7257s
INFO:root:Epoch: 1040 lr: 0.01 train_loss: 536656.0625 train_distortion: 5.3250 train_mapscore: 0.6073 train_c: -0.9757 train_max_dist: 21.9649 train_imax: 20.2798 train_imin: -7.2443 time: 1.7225s
INFO:root:Epoch: 1045 lr: 0.01 train_loss: 533009.8750 train_distortion: 5.1931 train_mapscore: 0.6094 train_c: -0.9755 train_max_dist: 21.7890 train_imax: 19.9203 train_imin: -7.1847 time: 1.7177s
INFO:root:Epoch: 1050 lr: 0.01 train_loss: 528961.0000 train_distortion: 5.0719 train_mapscore: 0.6122 train_c: -0.9754 train_max_dist: 21.6207 train_imax: 19.5877 train_imin: -7.1131 time: 1.7267s
INFO:root:Epoch: 1055 lr: 0.01 train_loss: 524805.6875 train_distortion: 4.9953 train_mapscore: 0.6156 train_c: -0.9752 train_max_dist: 21.5458 train_imax: 19.3936 train_imin: -7.0442 time: 1.7565s
INFO:root:Epoch: 1060 lr: 0.01 train_loss: 520539.1250 train_distortion: 5.0861 train_mapscore: 0.6181 train_c: -0.9750 train_max_dist: 21.6601 train_imax: 19.6137 train_imin: -7.0945 time: 1.7464s
INFO:root:Epoch: 1065 lr: 0.01 train_loss: 515646.4062 train_distortion: 5.2714 train_mapscore: 0.6209 train_c: -0.9748 train_max_dist: 21.8708 train_imax: 20.0501 train_imin: -7.2184 time: 1.7481s
INFO:root:Epoch: 1070 lr: 0.01 train_loss: 510511.0312 train_distortion: 5.4665 train_mapscore: 0.6234 train_c: -0.9745 train_max_dist: 22.0834 train_imax: 20.4983 train_imin: -7.3528 time: 1.7401s
INFO:root:Epoch: 1075 lr: 0.01 train_loss: 505498.9375 train_distortion: 5.6649 train_mapscore: 0.6263 train_c: -0.9743 train_max_dist: 22.2834 train_imax: 20.9521 train_imin: -7.4815 time: 1.7527s
INFO:root:Epoch: 1080 lr: 0.01 train_loss: 514932.1250 train_distortion: 5.2777 train_mapscore: 0.6239 train_c: -0.9743 train_max_dist: 21.9666 train_imax: 20.1189 train_imin: -7.2849 time: 1.7359s
INFO:root:Epoch: 1085 lr: 0.01 train_loss: 536504.8750 train_distortion: 4.8388 train_mapscore: 0.6139 train_c: -0.9743 train_max_dist: 21.6274 train_imax: 19.1085 train_imin: -7.0284 time: 1.7534s
INFO:root:Epoch: 1090 lr: 0.01 train_loss: 550819.7500 train_distortion: 4.5768 train_mapscore: 0.6063 train_c: -0.9742 train_max_dist: 21.3974 train_imax: 18.4447 train_imin: -6.8829 time: 1.7723s
INFO:root:Epoch: 1095 lr: 0.01 train_loss: 556487.3750 train_distortion: 4.4948 train_mapscore: 0.6022 train_c: -0.9742 train_max_dist: 21.3408 train_imax: 18.4746 train_imin: -6.8511 time: 1.7242s
INFO:root:Epoch: 1100 lr: 0.01 train_loss: 554617.0000 train_distortion: 4.5573 train_mapscore: 0.6021 train_c: -0.9740 train_max_dist: 21.4184 train_imax: 18.7480 train_imin: -6.9039 time: 1.7280s
INFO:root:Epoch: 1105 lr: 0.01 train_loss: 549364.0000 train_distortion: 4.6651 train_mapscore: 0.6038 train_c: -0.9739 train_max_dist: 21.5359 train_imax: 19.0443 train_imin: -6.9972 time: 1.7173s
INFO:root:Epoch: 1110 lr: 0.01 train_loss: 542752.6875 train_distortion: 4.7743 train_mapscore: 0.6072 train_c: -0.9737 train_max_dist: 21.6285 train_imax: 18.9159 train_imin: -7.1221 time: 1.7180s
INFO:root:Epoch: 1115 lr: 0.01 train_loss: 536291.3125 train_distortion: 4.8917 train_mapscore: 0.6102 train_c: -0.9736 train_max_dist: 21.7172 train_imax: 18.8334 train_imin: -7.1413 time: 1.7238s
INFO:root:Epoch: 1120 lr: 0.01 train_loss: 529672.1250 train_distortion: 5.0694 train_mapscore: 0.6138 train_c: -0.9734 train_max_dist: 21.8621 train_imax: 19.1712 train_imin: -7.2580 time: 1.7291s
INFO:root:Epoch: 1125 lr: 0.01 train_loss: 523642.6875 train_distortion: 5.1954 train_mapscore: 0.6167 train_c: -0.9732 train_max_dist: 21.9699 train_imax: 19.5286 train_imin: -7.3365 time: 1.7793s
INFO:root:Epoch: 1130 lr: 0.01 train_loss: 517975.6875 train_distortion: 5.3449 train_mapscore: 0.6202 train_c: -0.9730 train_max_dist: 22.1021 train_imax: 19.9872 train_imin: -7.4296 time: 1.7498s
INFO:root:Epoch: 1135 lr: 0.01 train_loss: 512187.0625 train_distortion: 5.4837 train_mapscore: 0.6237 train_c: -0.9728 train_max_dist: 22.2276 train_imax: 20.3923 train_imin: -7.5135 time: 1.7514s
INFO:root:Epoch: 1140 lr: 0.01 train_loss: 506495.0000 train_distortion: 5.5812 train_mapscore: 0.6267 train_c: -0.9726 train_max_dist: 22.3192 train_imax: 20.6434 train_imin: -7.5647 time: 1.7550s
INFO:root:Epoch: 1145 lr: 0.01 train_loss: 502359.9062 train_distortion: 5.5963 train_mapscore: 0.6291 train_c: -0.9725 train_max_dist: 22.3243 train_imax: 20.5426 train_imin: -7.2913 time: 1.7397s
INFO:root:Epoch: 1150 lr: 0.01 train_loss: 511591.6875 train_distortion: 4.7740 train_mapscore: 0.6303 train_c: -0.9726 train_max_dist: 21.5601 train_imax: 19.2726 train_imin: -6.6423 time: 1.7569s
INFO:root:Epoch: 1155 lr: 0.01 train_loss: 521746.2500 train_distortion: 4.3219 train_mapscore: 0.6295 train_c: -0.9727 train_max_dist: 21.0738 train_imax: 18.5623 train_imin: -6.3951 time: 1.7607s
INFO:root:Epoch: 1160 lr: 0.01 train_loss: 525849.4375 train_distortion: 4.1626 train_mapscore: 0.6286 train_c: -0.9728 train_max_dist: 20.8596 train_imax: 18.4287 train_imin: -6.4281 time: 1.7432s
INFO:root:Epoch: 1165 lr: 0.01 train_loss: 524034.0625 train_distortion: 4.2787 train_mapscore: 0.6289 train_c: -0.9727 train_max_dist: 20.9395 train_imax: 18.8772 train_imin: -6.5503 time: 1.7383s
INFO:root:Epoch: 1170 lr: 0.01 train_loss: 517795.0938 train_distortion: 4.5859 train_mapscore: 0.6295 train_c: -0.9726 train_max_dist: 21.2291 train_imax: 19.7080 train_imin: -6.7479 time: 1.7341s
INFO:root:Epoch: 1175 lr: 0.01 train_loss: 510742.7500 train_distortion: 4.8902 train_mapscore: 0.6313 train_c: -0.9725 train_max_dist: 21.5077 train_imax: 20.5087 train_imin: -6.9376 time: 1.7313s
INFO:root:Epoch: 1180 lr: 0.01 train_loss: 504628.9062 train_distortion: 5.1500 train_mapscore: 0.6331 train_c: -0.9724 train_max_dist: 21.7561 train_imax: 21.1195 train_imin: -7.1456 time: 1.7082s
INFO:root:Epoch: 1185 lr: 0.01 train_loss: 500583.6875 train_distortion: 5.3230 train_mapscore: 0.6340 train_c: -0.9722 train_max_dist: 21.9092 train_imax: 21.4229 train_imin: -7.3820 time: 1.7589s
INFO:root:Epoch: 1190 lr: 0.01 train_loss: 497768.8125 train_distortion: 5.5770 train_mapscore: 0.6350 train_c: -0.9721 train_max_dist: 22.1204 train_imax: 21.9654 train_imin: -8.0626 time: 1.7421s
INFO:root:Epoch: 1195 lr: 0.01 train_loss: 498724.4375 train_distortion: 5.3726 train_mapscore: 0.6364 train_c: -0.9720 train_max_dist: 22.0386 train_imax: 21.2167 train_imin: -7.9357 time: 1.7498s
INFO:root:Epoch: 1200 lr: 0.01 train_loss: 497414.0938 train_distortion: 5.3242 train_mapscore: 0.6382 train_c: -0.9719 train_max_dist: 22.0488 train_imax: 20.9498 train_imin: -7.8264 time: 1.7436s
INFO:root:Epoch: 1205 lr: 0.01 train_loss: 495501.0625 train_distortion: 5.3546 train_mapscore: 0.6397 train_c: -0.9718 train_max_dist: 22.0821 train_imax: 20.9674 train_imin: -7.7891 time: 1.7436s
INFO:root:Epoch: 1210 lr: 0.01 train_loss: 491735.3750 train_distortion: 5.5010 train_mapscore: 0.6413 train_c: -0.9716 train_max_dist: 22.2131 train_imax: 21.3326 train_imin: -7.8613 time: 1.7348s
INFO:root:Epoch: 1215 lr: 0.01 train_loss: 487059.4062 train_distortion: 5.6745 train_mapscore: 0.6436 train_c: -0.9715 train_max_dist: 22.3676 train_imax: 21.9505 train_imin: -7.9659 time: 1.7337s
INFO:root:Epoch: 1220 lr: 0.01 train_loss: 486559.6250 train_distortion: 5.5575 train_mapscore: 0.6442 train_c: -0.9714 train_max_dist: 22.2454 train_imax: 21.6074 train_imin: -7.8088 time: 1.7428s
INFO:root:Epoch: 1225 lr: 0.01 train_loss: 487287.7188 train_distortion: 5.4572 train_mapscore: 0.6442 train_c: -0.9714 train_max_dist: 22.1482 train_imax: 21.2589 train_imin: -7.6757 time: 1.6815s
INFO:root:Epoch: 1230 lr: 0.01 train_loss: 486075.3438 train_distortion: 5.4968 train_mapscore: 0.6449 train_c: -0.9713 train_max_dist: 22.1916 train_imax: 21.3994 train_imin: -7.6705 time: 1.6956s
INFO:root:Epoch: 1235 lr: 0.01 train_loss: 482944.6250 train_distortion: 5.6258 train_mapscore: 0.6466 train_c: -0.9712 train_max_dist: 22.3280 train_imax: 21.7838 train_imin: -7.7479 time: 1.6925s
INFO:root:Epoch: 1240 lr: 0.01 train_loss: 478779.3125 train_distortion: 5.7968 train_mapscore: 0.6485 train_c: -0.9710 train_max_dist: 22.5041 train_imax: 22.3853 train_imin: -7.8640 time: 1.6864s
INFO:root:Epoch: 1245 lr: 0.01 train_loss: 474163.8438 train_distortion: 5.9642 train_mapscore: 0.6503 train_c: -0.9708 train_max_dist: 22.6788 train_imax: 23.0919 train_imin: -7.9790 time: 1.6859s
INFO:root:Epoch: 1250 lr: 0.01 train_loss: 469641.6875 train_distortion: 6.0831 train_mapscore: 0.6532 train_c: -0.9706 train_max_dist: 22.8108 train_imax: 23.4530 train_imin: -8.0374 time: 1.7164s
INFO:root:Epoch: 1255 lr: 0.01 train_loss: 467092.0938 train_distortion: 6.0798 train_mapscore: 0.6550 train_c: -0.9705 train_max_dist: 22.8517 train_imax: 23.1058 train_imin: -7.9742 time: 1.7241s
INFO:root:Epoch: 1260 lr: 0.01 train_loss: 464711.8125 train_distortion: 6.1715 train_mapscore: 0.6568 train_c: -0.9704 train_max_dist: 22.9569 train_imax: 23.3564 train_imin: -8.0299 time: 1.7210s
INFO:root:Epoch: 1265 lr: 0.01 train_loss: 461589.2188 train_distortion: 6.3806 train_mapscore: 0.6587 train_c: -0.9702 train_max_dist: 23.1449 train_imax: 23.9279 train_imin: -8.2875 time: 1.7182s
INFO:root:Epoch: 1270 lr: 0.01 train_loss: 458060.9375 train_distortion: 6.5157 train_mapscore: 0.6613 train_c: -0.9700 train_max_dist: 23.2644 train_imax: 24.3164 train_imin: -8.4434 time: 1.7172s
INFO:root:Epoch: 1275 lr: 0.01 train_loss: 454165.1562 train_distortion: 6.5857 train_mapscore: 0.6636 train_c: -0.9698 train_max_dist: 23.3242 train_imax: 25.0703 train_imin: -8.4910 time: 1.7253s
INFO:root:Epoch: 1280 lr: 0.01 train_loss: 450340.2500 train_distortion: 6.6122 train_mapscore: 0.6660 train_c: -0.9697 train_max_dist: 23.3463 train_imax: 25.5395 train_imin: -8.4825 time: 1.7059s
INFO:root:Epoch: 1285 lr: 0.01 train_loss: 446703.3125 train_distortion: 6.6386 train_mapscore: 0.6688 train_c: -0.9695 train_max_dist: 24.0000 train_imax: 25.7321 train_imin: -8.5268 time: 1.6961s
INFO:root:Epoch: 1290 lr: 0.01 train_loss: 443379.5000 train_distortion: 6.6878 train_mapscore: 0.6710 train_c: -0.9693 train_max_dist: 23.3857 train_imax: 25.8151 train_imin: -8.5989 time: 1.6639s
INFO:root:Epoch: 1295 lr: 0.01 train_loss: 440026.1250 train_distortion: 6.7817 train_mapscore: 0.6732 train_c: -0.9691 train_max_dist: 23.4498 train_imax: 25.9854 train_imin: -8.6632 time: 1.6631s
INFO:root:Epoch: 1300 lr: 0.01 train_loss: 436929.6875 train_distortion: 6.8447 train_mapscore: 0.6755 train_c: -0.9689 train_max_dist: 23.4921 train_imax: 26.1375 train_imin: -8.6895 time: 1.6656s
INFO:root:Epoch: 1305 lr: 0.01 train_loss: 434051.2812 train_distortion: 6.8568 train_mapscore: 0.6779 train_c: -0.9688 train_max_dist: 23.5082 train_imax: 26.1307 train_imin: -8.6718 time: 1.6485s
INFO:root:Epoch: 1310 lr: 0.01 train_loss: 431400.8438 train_distortion: 6.9238 train_mapscore: 0.6792 train_c: -0.9686 train_max_dist: 23.5623 train_imax: 26.3528 train_imin: -8.7073 time: 1.6622s
INFO:root:Epoch: 1315 lr: 0.01 train_loss: 428779.5625 train_distortion: 7.0047 train_mapscore: 0.6811 train_c: -0.9685 train_max_dist: 23.6219 train_imax: 26.6584 train_imin: -8.7555 time: 1.6531s
INFO:root:Epoch: 1320 lr: 0.01 train_loss: 426173.0938 train_distortion: 7.1381 train_mapscore: 0.6827 train_c: -0.9683 train_max_dist: 23.7225 train_imax: 27.1065 train_imin: -8.8318 time: 1.6988s
INFO:root:Epoch: 1325 lr: 0.01 train_loss: 440774.5000 train_distortion: 6.4462 train_mapscore: 0.6766 train_c: -0.9684 train_max_dist: 23.1266 train_imax: 24.4099 train_imin: -8.2710 time: 1.6863s
INFO:root:Epoch: 1330 lr: 0.01 train_loss: 455554.5000 train_distortion: 6.0593 train_mapscore: 0.6704 train_c: -0.9685 train_max_dist: 22.7243 train_imax: 23.2736 train_imin: -7.9227 time: 1.6961s
INFO:root:Epoch: 1335 lr: 0.01 train_loss: 461667.2812 train_distortion: 5.9205 train_mapscore: 0.6681 train_c: -0.9684 train_max_dist: 22.5300 train_imax: 24.6490 train_imin: -7.9004 time: 1.7082s
INFO:root:Epoch: 1340 lr: 0.01 train_loss: 461240.7500 train_distortion: 5.9593 train_mapscore: 0.6680 train_c: -0.9683 train_max_dist: 22.4997 train_imax: 25.5486 train_imin: -7.8768 time: 1.7007s
INFO:root:Epoch: 1345 lr: 0.01 train_loss: 457310.5625 train_distortion: 6.1504 train_mapscore: 0.6690 train_c: -0.9682 train_max_dist: 22.6524 train_imax: 26.4557 train_imin: -7.8128 time: 1.7151s
INFO:root:Epoch: 1350 lr: 0.01 train_loss: 452530.2188 train_distortion: 6.3120 train_mapscore: 0.6714 train_c: -0.9680 train_max_dist: 22.7872 train_imax: 27.0945 train_imin: -7.7328 time: 1.7104s
INFO:root:Epoch: 1355 lr: 0.01 train_loss: 447128.9375 train_distortion: 6.4822 train_mapscore: 0.6741 train_c: -0.9678 train_max_dist: 22.9128 train_imax: 27.5880 train_imin: -7.8515 time: 1.6975s
INFO:root:Epoch: 1360 lr: 0.01 train_loss: 442015.5312 train_distortion: 6.6942 train_mapscore: 0.6763 train_c: -0.9676 train_max_dist: 23.0673 train_imax: 28.1420 train_imin: -8.0114 time: 1.6827s
INFO:root:Epoch: 1365 lr: 0.01 train_loss: 436967.1875 train_distortion: 6.9907 train_mapscore: 0.6783 train_c: -0.9673 train_max_dist: 32.0000 train_imax: 28.8212 train_imin: -8.2604 time: 1.6746s
INFO:root:Epoch: 1370 lr: 0.01 train_loss: 432391.0312 train_distortion: 7.1500 train_mapscore: 0.6809 train_c: -0.9671 train_max_dist: 23.3877 train_imax: 29.1154 train_imin: -8.4348 time: 1.6604s
INFO:root:Epoch: 1375 lr: 0.01 train_loss: 427950.0312 train_distortion: 7.2284 train_mapscore: 0.6839 train_c: -0.9669 train_max_dist: 23.4415 train_imax: 29.1834 train_imin: -8.6812 time: 1.6599s
INFO:root:Epoch: 1380 lr: 0.01 train_loss: 423800.6875 train_distortion: 7.2506 train_mapscore: 0.6867 train_c: -0.9668 train_max_dist: 23.4573 train_imax: 29.1008 train_imin: -8.7082 time: 1.6958s
INFO:root:Epoch: 1385 lr: 0.01 train_loss: 420437.6562 train_distortion: 7.1894 train_mapscore: 0.6889 train_c: -0.9666 train_max_dist: 23.4161 train_imax: 28.9048 train_imin: -8.6216 time: 1.6940s
INFO:root:Epoch: 1390 lr: 0.01 train_loss: 418006.9062 train_distortion: 7.1815 train_mapscore: 0.6906 train_c: -0.9665 train_max_dist: 23.4025 train_imax: 28.7635 train_imin: -8.5669 time: 1.6940s
INFO:root:Epoch: 1395 lr: 0.01 train_loss: 415394.4375 train_distortion: 7.2472 train_mapscore: 0.6925 train_c: -0.9663 train_max_dist: 23.4486 train_imax: 28.7887 train_imin: -8.5198 time: 1.7000s
INFO:root:Epoch: 1400 lr: 0.01 train_loss: 412517.3125 train_distortion: 7.3254 train_mapscore: 0.6949 train_c: -0.9662 train_max_dist: 23.5074 train_imax: 28.8242 train_imin: -8.5089 time: 1.6969s
INFO:root:Epoch: 1405 lr: 0.01 train_loss: 409414.3125 train_distortion: 7.4065 train_mapscore: 0.6973 train_c: -0.9660 train_max_dist: 23.5697 train_imax: 28.8582 train_imin: -8.5390 time: 1.6822s
INFO:root:Epoch: 1410 lr: 0.01 train_loss: 406595.9375 train_distortion: 7.4891 train_mapscore: 0.6994 train_c: -0.9658 train_max_dist: 23.6317 train_imax: 28.8961 train_imin: -8.6057 time: 1.6893s
INFO:root:Epoch: 1415 lr: 0.01 train_loss: 404073.1250 train_distortion: 7.5205 train_mapscore: 0.7013 train_c: -0.9657 train_max_dist: 23.6442 train_imax: 28.8032 train_imin: -8.6280 time: 1.6978s
INFO:root:Epoch: 1420 lr: 0.01 train_loss: 405254.1562 train_distortion: 7.7535 train_mapscore: 0.6991 train_c: -0.9655 train_max_dist: 23.7904 train_imax: 29.2614 train_imin: -8.8472 time: 1.6658s
INFO:root:Epoch: 1425 lr: 0.01 train_loss: 407330.6562 train_distortion: 8.0087 train_mapscore: 0.6982 train_c: -0.9653 train_max_dist: 23.9614 train_imax: 29.8260 train_imin: -9.0673 time: 1.6788s
INFO:root:Epoch: 1430 lr: 0.01 train_loss: 406539.0000 train_distortion: 8.0809 train_mapscore: 0.6985 train_c: -0.9651 train_max_dist: 24.0233 train_imax: 29.9462 train_imin: -9.1543 time: 1.6536s
INFO:root:Epoch: 1435 lr: 0.01 train_loss: 403471.6875 train_distortion: 8.0481 train_mapscore: 0.7007 train_c: -0.9649 train_max_dist: 24.0233 train_imax: 29.8152 train_imin: -9.1459 time: 1.6640s
INFO:root:Epoch: 1440 lr: 0.01 train_loss: 400203.5312 train_distortion: 7.9970 train_mapscore: 0.7032 train_c: -0.9648 train_max_dist: 24.0114 train_imax: 29.6201 train_imin: -9.1042 time: 1.6656s
INFO:root:Epoch: 1445 lr: 0.01 train_loss: 397291.3438 train_distortion: 7.9072 train_mapscore: 0.7054 train_c: -0.9646 train_max_dist: 23.9757 train_imax: 29.3654 train_imin: -9.0184 time: 1.7000s
INFO:root:Epoch: 1450 lr: 0.01 train_loss: 396460.8438 train_distortion: 7.7480 train_mapscore: 0.7071 train_c: -0.9645 train_max_dist: 23.8935 train_imax: 28.9563 train_imin: -8.8710 time: 1.6866s
INFO:root:Epoch: 1455 lr: 0.01 train_loss: 394958.3125 train_distortion: 7.7146 train_mapscore: 0.7088 train_c: -0.9644 train_max_dist: 23.8729 train_imax: 28.7792 train_imin: -8.8485 time: 1.7031s
INFO:root:Epoch: 1460 lr: 0.01 train_loss: 393764.1562 train_distortion: 7.9492 train_mapscore: 0.7094 train_c: -0.9642 train_max_dist: 24.0386 train_imax: 29.3931 train_imin: -9.0928 time: 1.6864s
INFO:root:Epoch: 1465 lr: 0.01 train_loss: 395833.3750 train_distortion: 8.4752 train_mapscore: 0.7064 train_c: -0.9640 train_max_dist: 24.3819 train_imax: 30.5872 train_imin: -9.5815 time: 1.6906s
INFO:root:Epoch: 1470 lr: 0.01 train_loss: 423873.9688 train_distortion: 9.6528 train_mapscore: 0.6938 train_c: -0.9639 train_max_dist: 25.0711 train_imax: 32.9618 train_imin: -10.7790 time: 1.6893s
INFO:root:Epoch: 1475 lr: 0.01 train_loss: 439089.5000 train_distortion: 9.9853 train_mapscore: 0.6865 train_c: -0.9637 train_max_dist: 25.3484 train_imax: 33.4017 train_imin: -11.1385 time: 1.6857s
INFO:root:Epoch: 1480 lr: 0.01 train_loss: 436437.9062 train_distortion: 9.5331 train_mapscore: 0.6849 train_c: -0.9635 train_max_dist: 25.0666 train_imax: 31.9966 train_imin: -10.6463 time: 1.7078s
INFO:root:Epoch: 1485 lr: 0.01 train_loss: 429585.6875 train_distortion: 8.8981 train_mapscore: 0.6871 train_c: -0.9634 train_max_dist: 24.6612 train_imax: 30.2629 train_imin: -10.3482 time: 1.6630s
INFO:root:Epoch: 1490 lr: 0.01 train_loss: 423329.6875 train_distortion: 8.3073 train_mapscore: 0.6901 train_c: -0.9632 train_max_dist: 24.3137 train_imax: 29.1591 train_imin: -10.0851 time: 1.6799s
INFO:root:Epoch: 1495 lr: 0.01 train_loss: 418309.7188 train_distortion: 7.8687 train_mapscore: 0.6934 train_c: -0.9630 train_max_dist: 24.0425 train_imax: 28.2795 train_imin: -9.8313 time: 1.6720s
INFO:root:Epoch: 1500 lr: 0.01 train_loss: 413828.1250 train_distortion: 7.6040 train_mapscore: 0.6965 train_c: -0.9628 train_max_dist: 23.8529 train_imax: 27.7440 train_imin: -9.5607 time: 1.6601s
INFO:root:Epoch: 1505 lr: 0.01 train_loss: 409899.0625 train_distortion: 7.6476 train_mapscore: 0.6989 train_c: -0.9626 train_max_dist: 23.8618 train_imax: 27.8544 train_imin: -9.6323 time: 1.6662s
INFO:root:Epoch: 1510 lr: 0.01 train_loss: 407347.0312 train_distortion: 7.8993 train_mapscore: 0.7002 train_c: -0.9624 train_max_dist: 24.0116 train_imax: 28.3717 train_imin: -9.8646 time: 1.6607s
INFO:root:Epoch: 1515 lr: 0.01 train_loss: 404976.3438 train_distortion: 7.9970 train_mapscore: 0.7019 train_c: -0.9622 train_max_dist: 24.0683 train_imax: 28.4848 train_imin: -9.9600 time: 1.7095s
INFO:root:Epoch: 1520 lr: 0.01 train_loss: 403770.0000 train_distortion: 8.0376 train_mapscore: 0.7033 train_c: -0.9621 train_max_dist: 24.0889 train_imax: 28.4746 train_imin: -9.9706 time: 1.7145s
INFO:root:Epoch: 1525 lr: 0.01 train_loss: 403145.1250 train_distortion: 8.0648 train_mapscore: 0.7042 train_c: -0.9619 train_max_dist: 24.0976 train_imax: 28.4324 train_imin: -9.9398 time: 1.7313s
INFO:root:Epoch: 1530 lr: 0.01 train_loss: 401431.0938 train_distortion: 8.0903 train_mapscore: 0.7053 train_c: -0.9618 train_max_dist: 24.1049 train_imax: 28.4918 train_imin: -9.9191 time: 1.6933s
INFO:root:Epoch: 1535 lr: 0.01 train_loss: 398495.7500 train_distortion: 8.1317 train_mapscore: 0.7077 train_c: -0.9616 train_max_dist: 24.1322 train_imax: 28.6519 train_imin: -9.8061 time: 1.7183s
INFO:root:Epoch: 1540 lr: 0.01 train_loss: 395510.9062 train_distortion: 8.1305 train_mapscore: 0.7102 train_c: -0.9614 train_max_dist: 24.1384 train_imax: 28.7561 train_imin: -9.6867 time: 1.6953s
INFO:root:Epoch: 1545 lr: 0.01 train_loss: 396496.7500 train_distortion: 7.9406 train_mapscore: 0.7114 train_c: -0.9612 train_max_dist: 23.9749 train_imax: 28.1408 train_imin: -9.5473 time: 1.7021s
INFO:root:Epoch: 1550 lr: 0.01 train_loss: 398246.2812 train_distortion: 7.8504 train_mapscore: 0.7113 train_c: -0.9610 train_max_dist: 23.8695 train_imax: 27.8336 train_imin: -9.5001 time: 1.6945s
INFO:root:Epoch: 1555 lr: 0.01 train_loss: 396152.0000 train_distortion: 7.8887 train_mapscore: 0.7127 train_c: -0.9608 train_max_dist: 23.8553 train_imax: 27.9155 train_imin: -9.5637 time: 1.6673s
INFO:root:Epoch: 1560 lr: 0.01 train_loss: 393106.1250 train_distortion: 8.0051 train_mapscore: 0.7141 train_c: -0.9606 train_max_dist: 23.9053 train_imax: 28.2262 train_imin: -9.6912 time: 1.6610s
INFO:root:Epoch: 1565 lr: 0.01 train_loss: 389851.9688 train_distortion: 8.1484 train_mapscore: 0.7160 train_c: -0.9604 train_max_dist: 23.9813 train_imax: 28.6267 train_imin: -9.8307 time: 1.6640s
INFO:root:Epoch: 1570 lr: 0.01 train_loss: 387184.9375 train_distortion: 8.2786 train_mapscore: 0.7174 train_c: -0.9603 train_max_dist: 24.0556 train_imax: 29.0088 train_imin: -9.9399 time: 1.6632s
INFO:root:Epoch: 1575 lr: 0.01 train_loss: 385025.5000 train_distortion: 8.2012 train_mapscore: 0.7191 train_c: -0.9601 train_max_dist: 24.0401 train_imax: 29.0736 train_imin: -9.8177 time: 1.7050s
INFO:root:Epoch: 1580 lr: 0.01 train_loss: 385263.6250 train_distortion: 8.0172 train_mapscore: 0.7195 train_c: -0.9600 train_max_dist: 23.9806 train_imax: 28.9969 train_imin: -9.6015 time: 1.6968s
INFO:root:Epoch: 1585 lr: 0.01 train_loss: 384654.6250 train_distortion: 7.9845 train_mapscore: 0.7199 train_c: -0.9599 train_max_dist: 23.9954 train_imax: 29.1460 train_imin: -9.5374 time: 1.7119s
INFO:root:Epoch: 1590 lr: 0.01 train_loss: 382459.5938 train_distortion: 8.0848 train_mapscore: 0.7210 train_c: -0.9597 train_max_dist: 24.0736 train_imax: 29.4864 train_imin: -9.6007 time: 1.7020s
INFO:root:Epoch: 1595 lr: 0.01 train_loss: 379658.4062 train_distortion: 8.2478 train_mapscore: 0.7223 train_c: -0.9596 train_max_dist: 24.1812 train_imax: 29.9183 train_imin: -9.7231 time: 1.6929s
INFO:root:Epoch: 1600 lr: 0.01 train_loss: 377013.0938 train_distortion: 8.4592 train_mapscore: 0.7235 train_c: -0.9594 train_max_dist: 24.3147 train_imax: 30.4851 train_imin: -9.8845 time: 1.6940s
INFO:root:Epoch: 1605 lr: 0.01 train_loss: 374627.6875 train_distortion: 8.6522 train_mapscore: 0.7252 train_c: -0.9592 train_max_dist: 24.4299 train_imax: 30.9810 train_imin: -10.0631 time: 1.6825s
INFO:root:Epoch: 1610 lr: 0.01 train_loss: 372349.1250 train_distortion: 8.7836 train_mapscore: 0.7268 train_c: -0.9590 train_max_dist: 24.5015 train_imax: 31.3161 train_imin: -10.2038 time: 1.6821s
INFO:root:Epoch: 1615 lr: 0.01 train_loss: 370120.9375 train_distortion: 8.8595 train_mapscore: 0.7288 train_c: -0.9588 train_max_dist: 24.5411 train_imax: 31.5033 train_imin: -10.2850 time: 1.6686s
INFO:root:Epoch: 1620 lr: 0.01 train_loss: 367741.2188 train_distortion: 8.9017 train_mapscore: 0.7306 train_c: -0.9587 train_max_dist: 24.5665 train_imax: 31.6129 train_imin: -10.3305 time: 1.6483s
INFO:root:Epoch: 1625 lr: 0.01 train_loss: 365476.1562 train_distortion: 8.9185 train_mapscore: 0.7326 train_c: -0.9585 train_max_dist: 24.5793 train_imax: 31.6955 train_imin: -10.3654 time: 1.6498s
INFO:root:Epoch: 1630 lr: 0.01 train_loss: 363291.6875 train_distortion: 8.9447 train_mapscore: 0.7344 train_c: -0.9583 train_max_dist: 24.5991 train_imax: 31.7866 train_imin: -10.4108 time: 1.6471s
INFO:root:Epoch: 1635 lr: 0.01 train_loss: 361246.5625 train_distortion: 8.9858 train_mapscore: 0.7362 train_c: -0.9582 train_max_dist: 24.6258 train_imax: 31.9068 train_imin: -10.4691 time: 1.6469s
INFO:root:Epoch: 1640 lr: 0.01 train_loss: 362207.5312 train_distortion: 9.1935 train_mapscore: 0.7353 train_c: -0.9580 train_max_dist: 24.7399 train_imax: 32.4322 train_imin: -10.6724 time: 1.6802s
INFO:root:Epoch: 1645 lr: 0.01 train_loss: 362872.6875 train_distortion: 9.3053 train_mapscore: 0.7345 train_c: -0.9578 train_max_dist: 24.8449 train_imax: 32.7442 train_imin: -10.7786 time: 1.7052s
INFO:root:Epoch: 1650 lr: 0.01 train_loss: 363002.6875 train_distortion: 9.2569 train_mapscore: 0.7353 train_c: -0.9576 train_max_dist: 24.8232 train_imax: 32.6542 train_imin: -10.7326 time: 1.6923s
INFO:root:Epoch: 1655 lr: 0.01 train_loss: 361695.7812 train_distortion: 9.1914 train_mapscore: 0.7361 train_c: -0.9575 train_max_dist: 24.7655 train_imax: 32.4737 train_imin: -10.6726 time: 1.7007s
INFO:root:Epoch: 1660 lr: 0.01 train_loss: 359754.5625 train_distortion: 9.1611 train_mapscore: 0.7376 train_c: -0.9573 train_max_dist: 24.7452 train_imax: 32.3552 train_imin: -10.6473 time: 1.7047s
INFO:root:Epoch: 1665 lr: 0.01 train_loss: 357745.7812 train_distortion: 9.1702 train_mapscore: 0.7390 train_c: -0.9571 train_max_dist: 24.7510 train_imax: 32.3264 train_imin: -10.6548 time: 1.6909s
INFO:root:Epoch: 1670 lr: 0.01 train_loss: 355735.4688 train_distortion: 9.1957 train_mapscore: 0.7408 train_c: -0.9569 train_max_dist: 24.7673 train_imax: 32.3684 train_imin: -10.6680 time: 1.6742s
INFO:root:Epoch: 1675 lr: 0.01 train_loss: 353724.2500 train_distortion: 9.2361 train_mapscore: 0.7428 train_c: -0.9568 train_max_dist: 24.7976 train_imax: 32.4572 train_imin: -10.7100 time: 1.6779s
INFO:root:Epoch: 1680 lr: 0.01 train_loss: 352611.8750 train_distortion: 9.2162 train_mapscore: 0.7440 train_c: -0.9566 train_max_dist: 24.7990 train_imax: 32.2881 train_imin: -10.7260 time: 1.6522s
INFO:root:Epoch: 1685 lr: 0.01 train_loss: 362067.3125 train_distortion: 8.5953 train_mapscore: 0.7402 train_c: -0.9564 train_max_dist: 32.0000 train_imax: 31.0843 train_imin: -10.2742 time: 1.6447s
INFO:root:Epoch: 1690 lr: 0.01 train_loss: 367495.3750 train_distortion: 8.4312 train_mapscore: 0.7376 train_c: -0.9562 train_max_dist: 24.2004 train_imax: 30.7217 train_imin: -10.2670 time: 1.6606s
INFO:root:Epoch: 1695 lr: 0.01 train_loss: 370535.5000 train_distortion: 8.2908 train_mapscore: 0.7353 train_c: -0.9561 train_max_dist: 24.1344 train_imax: 30.5157 train_imin: -10.2166 time: 1.6417s
INFO:root:Epoch: 1700 lr: 0.01 train_loss: 373951.8438 train_distortion: 8.3465 train_mapscore: 0.7333 train_c: -0.9560 train_max_dist: 24.2335 train_imax: 30.7914 train_imin: -10.2260 time: 1.6586s
INFO:root:Epoch: 1705 lr: 0.01 train_loss: 375690.4375 train_distortion: 8.4649 train_mapscore: 0.7327 train_c: -0.9558 train_max_dist: 24.4186 train_imax: 31.0966 train_imin: -10.4434 time: 1.6468s
INFO:root:Epoch: 1710 lr: 0.01 train_loss: 371619.2500 train_distortion: 8.6115 train_mapscore: 0.7332 train_c: -0.9557 train_max_dist: 24.5634 train_imax: 31.3849 train_imin: -10.6120 time: 1.7019s
INFO:root:Epoch: 1715 lr: 0.01 train_loss: 366952.2188 train_distortion: 8.7428 train_mapscore: 0.7346 train_c: -0.9555 train_max_dist: 24.6580 train_imax: 31.6542 train_imin: -10.7219 time: 1.6802s
INFO:root:Epoch: 1720 lr: 0.01 train_loss: 363121.7500 train_distortion: 8.8860 train_mapscore: 0.7365 train_c: -0.9553 train_max_dist: 24.7298 train_imax: 32.0022 train_imin: -10.8127 time: 1.6803s
INFO:root:Epoch: 1725 lr: 0.01 train_loss: 359527.0625 train_distortion: 8.9558 train_mapscore: 0.7386 train_c: -0.9552 train_max_dist: 24.7376 train_imax: 32.2304 train_imin: -10.8189 time: 1.6888s
INFO:root:Epoch: 1730 lr: 0.01 train_loss: 356317.3125 train_distortion: 9.0326 train_mapscore: 0.7408 train_c: -0.9550 train_max_dist: 24.7562 train_imax: 32.4531 train_imin: -10.8391 time: 1.6863s
INFO:root:Epoch: 1735 lr: 0.01 train_loss: 353359.4375 train_distortion: 9.1133 train_mapscore: 0.7425 train_c: -0.9548 train_max_dist: 24.7818 train_imax: 32.6871 train_imin: -10.8770 time: 1.6811s
INFO:root:Epoch: 1740 lr: 0.01 train_loss: 350576.5625 train_distortion: 9.1996 train_mapscore: 0.7447 train_c: -0.9547 train_max_dist: 24.8345 train_imax: 32.9280 train_imin: -10.9352 time: 1.6834s
INFO:root:Epoch: 1745 lr: 0.01 train_loss: 348160.6875 train_distortion: 9.3036 train_mapscore: 0.7464 train_c: -0.9545 train_max_dist: 24.9177 train_imax: 33.2188 train_imin: -11.0007 time: 1.6738s
INFO:root:Epoch: 1750 lr: 0.01 train_loss: 349308.3750 train_distortion: 9.5904 train_mapscore: 0.7466 train_c: -0.9543 train_max_dist: 25.1496 train_imax: 33.6803 train_imin: -11.2765 time: 1.6478s
INFO:root:Epoch: 1755 lr: 0.01 train_loss: 350599.6562 train_distortion: 9.7724 train_mapscore: 0.7456 train_c: -0.9541 train_max_dist: 25.3120 train_imax: 33.9954 train_imin: -11.4583 time: 1.6451s
INFO:root:Epoch: 1760 lr: 0.01 train_loss: 349473.6250 train_distortion: 9.8209 train_mapscore: 0.7460 train_c: -0.9539 train_max_dist: 25.3637 train_imax: 34.1145 train_imin: -11.5042 time: 1.6405s
INFO:root:Epoch: 1765 lr: 0.01 train_loss: 348521.1250 train_distortion: 9.6836 train_mapscore: 0.7470 train_c: -0.9537 train_max_dist: 25.3186 train_imax: 33.8665 train_imin: -11.3483 time: 1.6306s
INFO:root:Epoch: 1770 lr: 0.01 train_loss: 346578.1562 train_distortion: 9.5872 train_mapscore: 0.7490 train_c: -0.9536 train_max_dist: 25.2988 train_imax: 33.6822 train_imin: -11.2401 time: 1.6727s
INFO:root:Epoch: 1775 lr: 0.01 train_loss: 344630.4375 train_distortion: 9.5446 train_mapscore: 0.7511 train_c: -0.9534 train_max_dist: 25.2873 train_imax: 33.6112 train_imin: -11.1675 time: 1.6645s
INFO:root:Epoch: 1780 lr: 0.01 train_loss: 344405.5000 train_distortion: 9.3896 train_mapscore: 0.7502 train_c: -0.9533 train_max_dist: 25.1956 train_imax: 33.3606 train_imin: -10.9695 time: 1.6666s
INFO:root:Epoch: 1785 lr: 0.01 train_loss: 344225.5000 train_distortion: 9.3660 train_mapscore: 0.7505 train_c: -0.9532 train_max_dist: 25.1712 train_imax: 33.3962 train_imin: -10.9097 time: 1.6625s
INFO:root:Epoch: 1790 lr: 0.01 train_loss: 345274.9688 train_distortion: 9.6736 train_mapscore: 0.7489 train_c: -0.9531 train_max_dist: 25.3865 train_imax: 34.0987 train_imin: -11.1616 time: 1.6893s
INFO:root:Epoch: 1795 lr: 0.01 train_loss: 346768.1562 train_distortion: 10.0613 train_mapscore: 0.7476 train_c: -0.9529 train_max_dist: 25.6229 train_imax: 35.0341 train_imin: -11.5228 time: 1.6613s
INFO:root:Epoch: 1800 lr: 0.01 train_loss: 345406.4062 train_distortion: 10.1509 train_mapscore: 0.7485 train_c: -0.9527 train_max_dist: 32.0000 train_imax: 35.3820 train_imin: -11.6225 time: 1.6720s
INFO:root:Epoch: 1805 lr: 0.01 train_loss: 345598.3125 train_distortion: 10.1530 train_mapscore: 0.7481 train_c: -0.9525 train_max_dist: 25.6049 train_imax: 35.5897 train_imin: -11.5962 time: 1.6731s
INFO:root:Epoch: 1810 lr: 0.01 train_loss: 347083.8125 train_distortion: 9.8644 train_mapscore: 0.7483 train_c: -0.9524 train_max_dist: 25.3627 train_imax: 35.1615 train_imin: -11.3032 time: 1.6391s
INFO:root:Epoch: 1815 lr: 0.01 train_loss: 354135.4375 train_distortion: 9.1009 train_mapscore: 0.7454 train_c: -0.9523 train_max_dist: 24.9093 train_imax: 33.6670 train_imin: -10.7700 time: 1.6310s
INFO:root:Epoch: 1820 lr: 0.01 train_loss: 363016.0312 train_distortion: 8.7011 train_mapscore: 0.7422 train_c: -0.9522 train_max_dist: 24.6828 train_imax: 33.0359 train_imin: -10.6406 time: 1.6391s
INFO:root:Epoch: 1825 lr: 0.01 train_loss: 367438.8750 train_distortion: 8.5970 train_mapscore: 0.7394 train_c: -0.9521 train_max_dist: 24.6150 train_imax: 33.0082 train_imin: -10.5796 time: 1.6333s
INFO:root:Epoch: 1830 lr: 0.01 train_loss: 367282.8750 train_distortion: 8.6663 train_mapscore: 0.7387 train_c: -0.9520 train_max_dist: 24.6575 train_imax: 33.2325 train_imin: -10.5646 time: 1.6339s
INFO:root:Epoch: 1835 lr: 0.01 train_loss: 364412.9062 train_distortion: 8.8357 train_mapscore: 0.7401 train_c: -0.9518 train_max_dist: 24.7649 train_imax: 34.1861 train_imin: -10.5795 time: 1.6767s
INFO:root:Epoch: 1840 lr: 0.01 train_loss: 359796.5000 train_distortion: 9.0244 train_mapscore: 0.7421 train_c: -0.9516 train_max_dist: 24.8828 train_imax: 34.3700 train_imin: -10.6091 time: 1.6842s
INFO:root:Epoch: 1845 lr: 0.01 train_loss: 355322.2188 train_distortion: 9.1290 train_mapscore: 0.7446 train_c: -0.9515 train_max_dist: 24.9370 train_imax: 34.0148 train_imin: -10.6077 time: 1.6802s
INFO:root:Epoch: 1850 lr: 0.01 train_loss: 356443.4375 train_distortion: 9.2145 train_mapscore: 0.7440 train_c: -0.9512 train_max_dist: 24.9293 train_imax: 34.4692 train_imin: -10.5404 time: 1.6808s
INFO:root:Epoch: 1855 lr: 0.01 train_loss: 357636.0625 train_distortion: 9.3199 train_mapscore: 0.7438 train_c: -0.9509 train_max_dist: 25.0204 train_imax: 34.8857 train_imin: -10.5976 time: 1.6737s
INFO:root:Epoch: 1860 lr: 0.01 train_loss: 355357.8750 train_distortion: 9.4090 train_mapscore: 0.7452 train_c: -0.9507 train_max_dist: 25.0797 train_imax: 35.1618 train_imin: -10.6992 time: 1.6862s
INFO:root:Epoch: 1865 lr: 0.01 train_loss: 351603.0938 train_distortion: 9.4909 train_mapscore: 0.7473 train_c: -0.9505 train_max_dist: 25.1220 train_imax: 35.3364 train_imin: -10.8404 time: 1.6728s
INFO:root:Epoch: 1870 lr: 0.01 train_loss: 347868.4688 train_distortion: 9.5837 train_mapscore: 0.7497 train_c: -0.9503 train_max_dist: 25.1855 train_imax: 35.4740 train_imin: -10.9592 time: 1.6697s
INFO:root:Epoch: 1875 lr: 0.01 train_loss: 344500.9375 train_distortion: 9.6265 train_mapscore: 0.7520 train_c: -0.9502 train_max_dist: 25.2471 train_imax: 35.4047 train_imin: -10.9847 time: 1.6356s
INFO:root:Epoch: 1880 lr: 0.01 train_loss: 342087.9375 train_distortion: 9.6281 train_mapscore: 0.7538 train_c: -0.9500 train_max_dist: 25.2869 train_imax: 35.2577 train_imin: -10.7365 time: 1.6538s
INFO:root:Epoch: 1885 lr: 0.01 train_loss: 339431.1250 train_distortion: 9.7010 train_mapscore: 0.7562 train_c: -0.9498 train_max_dist: 25.3523 train_imax: 35.4342 train_imin: -10.7136 time: 1.6445s
INFO:root:Epoch: 1890 lr: 0.01 train_loss: 413684.4062 train_distortion: 8.9553 train_mapscore: 0.7266 train_c: -0.9502 train_max_dist: 24.8917 train_imax: 32.6127 train_imin: -10.4996 time: 1.6375s
INFO:root:Epoch: 1895 lr: 0.01 train_loss: 485384.1875 train_distortion: 8.0711 train_mapscore: 0.6865 train_c: -0.9504 train_max_dist: 24.3378 train_imax: 29.8504 train_imin: -10.0735 time: 1.6507s
INFO:root:Epoch: 1900 lr: 0.01 train_loss: 512672.9375 train_distortion: 7.3302 train_mapscore: 0.6647 train_c: -0.9504 train_max_dist: 23.8022 train_imax: 27.8809 train_imin: -9.4223 time: 1.6549s
INFO:root:Epoch: 1905 lr: 0.01 train_loss: 515554.2812 train_distortion: 6.7681 train_mapscore: 0.6600 train_c: -0.9503 train_max_dist: 23.4156 train_imax: 26.5830 train_imin: -8.7676 time: 1.7005s
INFO:root:Epoch: 1910 lr: 0.01 train_loss: 508923.6875 train_distortion: 6.4305 train_mapscore: 0.6609 train_c: -0.9501 train_max_dist: 23.1353 train_imax: 25.9404 train_imin: -8.3103 time: 1.6990s
INFO:root:Epoch: 1915 lr: 0.01 train_loss: 499918.7188 train_distortion: 6.2965 train_mapscore: 0.6656 train_c: -0.9499 train_max_dist: 23.0194 train_imax: 25.8169 train_imin: -8.1251 time: 1.7197s
INFO:root:Epoch: 1920 lr: 0.01 train_loss: 489508.4688 train_distortion: 6.4282 train_mapscore: 0.6700 train_c: -0.9496 train_max_dist: 23.0905 train_imax: 26.3097 train_imin: -8.2372 time: 1.6915s
INFO:root:Epoch: 1925 lr: 0.01 train_loss: 479506.9375 train_distortion: 6.7452 train_mapscore: 0.6735 train_c: -0.9493 train_max_dist: 23.2982 train_imax: 27.2664 train_imin: -8.5402 time: 1.7051s
INFO:root:Epoch: 1930 lr: 0.01 train_loss: 469874.9375 train_distortion: 6.9873 train_mapscore: 0.6777 train_c: -0.9490 train_max_dist: 23.4622 train_imax: 27.9501 train_imin: -8.8419 time: 1.6926s
INFO:root:Epoch: 1935 lr: 0.01 train_loss: 460246.6875 train_distortion: 7.1537 train_mapscore: 0.6823 train_c: -0.9488 train_max_dist: 23.5838 train_imax: 28.3888 train_imin: -9.1165 time: 1.6946s
INFO:root:Epoch: 1940 lr: 0.01 train_loss: 450908.5000 train_distortion: 7.2851 train_mapscore: 0.6869 train_c: -0.9485 train_max_dist: 23.6843 train_imax: 28.7265 train_imin: -9.3198 time: 1.6912s
INFO:root:Epoch: 1945 lr: 0.01 train_loss: 441844.5000 train_distortion: 7.3731 train_mapscore: 0.6914 train_c: -0.9483 train_max_dist: 23.7488 train_imax: 28.9598 train_imin: -9.4328 time: 1.6746s
INFO:root:Epoch: 1950 lr: 0.01 train_loss: 433973.4688 train_distortion: 7.4585 train_mapscore: 0.6955 train_c: -0.9481 train_max_dist: 24.0000 train_imax: 29.1943 train_imin: -9.5187 time: 1.6621s
INFO:root:Epoch: 1955 lr: 0.01 train_loss: 427108.4375 train_distortion: 7.5043 train_mapscore: 0.6992 train_c: -0.9479 train_max_dist: 23.8412 train_imax: 29.3530 train_imin: -9.5270 time: 1.6476s
INFO:root:Epoch: 1960 lr: 0.01 train_loss: 421322.9375 train_distortion: 7.5384 train_mapscore: 0.7019 train_c: -0.9478 train_max_dist: 23.8559 train_imax: 29.4334 train_imin: -9.5433 time: 1.6453s
INFO:root:Epoch: 1965 lr: 0.01 train_loss: 416964.8750 train_distortion: 7.6062 train_mapscore: 0.7042 train_c: -0.9476 train_max_dist: 23.9296 train_imax: 29.5985 train_imin: -9.6177 time: 1.6987s
INFO:root:Epoch: 1970 lr: 0.01 train_loss: 417057.2188 train_distortion: 7.1712 train_mapscore: 0.7062 train_c: -0.9476 train_max_dist: 23.5953 train_imax: 28.6293 train_imin: -9.3922 time: 1.6829s
INFO:root:Epoch: 1975 lr: 0.01 train_loss: 420878.9062 train_distortion: 6.7955 train_mapscore: 0.7074 train_c: -0.9476 train_max_dist: 23.2922 train_imax: 27.7433 train_imin: -9.1926 time: 1.6811s
INFO:root:Epoch: 1980 lr: 0.01 train_loss: 418467.6875 train_distortion: 6.8312 train_mapscore: 0.7091 train_c: -0.9475 train_max_dist: 23.3441 train_imax: 27.7842 train_imin: -9.3198 time: 1.6802s
INFO:root:Epoch: 1985 lr: 0.01 train_loss: 414523.5312 train_distortion: 7.0670 train_mapscore: 0.7099 train_c: -0.9474 train_max_dist: 23.5442 train_imax: 28.3062 train_imin: -9.5816 time: 1.6918s
INFO:root:Epoch: 1990 lr: 0.01 train_loss: 409688.5938 train_distortion: 7.4233 train_mapscore: 0.7117 train_c: -0.9473 train_max_dist: 23.8482 train_imax: 29.1186 train_imin: -9.8835 time: 1.6893s
INFO:root:Epoch: 1995 lr: 0.01 train_loss: 404030.1250 train_distortion: 7.7775 train_mapscore: 0.7141 train_c: -0.9471 train_max_dist: 24.1461 train_imax: 29.9088 train_imin: -10.1437 time: 1.6724s
INFO:root:Epoch: 2000 lr: 0.0025 train_loss: 398844.5625 train_distortion: 8.0429 train_mapscore: 0.7172 train_c: -0.9470 train_max_dist: 24.3655 train_imax: 30.5152 train_imin: -10.3370 time: 1.6908s
INFO:root:Optimization Finished!
INFO:root:Total time elapsed: 3433.0706s
INFO:root:Val set results: val_distortion: 1.0000 val_mapscore: -1.0000 val_c: -1.0000 val_max_dist: 0.0000
INFO:root:Test set results: test_loss: 397863.1250 test_distortion: 8.0779 test_mapscore: 0.7181 test_c: -0.9470 test_max_dist: 24.3954 test_imax: 30.6018 test_imin: -10.3659
INFO:root:Saved model in /workspace/xiongbo/hgcn/logs/md/2021_5_23/7
