INFO:root:Using: cuda:0
INFO:root:Using seed 1234.
INFO:root:MDModel(
  (encoder): HGCN(
    (layers): Sequential(
      (0): HyperbolicGraphConvolution(
        (linear): HypLinear(
          in_features=2275, out_features=10, c=Parameter containing:
          tensor([-1.], requires_grad=True)
        )
        (agg): HypAgg(
          c=Parameter containing:
          tensor([-1.], requires_grad=True)
        )
        (hyp_act): HypAct(
          c_in=Parameter containing:
          tensor([-1.], requires_grad=True), c_out=Parameter containing:
          tensor([-1.], requires_grad=True)
        )
      )
    )
  )
  (decoder): MDDecoder()
)
INFO:root:Total number of parameters: 22762
/workspace/anaconda3/envs/geo/lib/python3.7/site-packages/torch/optim/lr_scheduler.py:370: UserWarning: To get the last learning rate computed by the scheduler, please use `get_last_lr()`.
  "please use `get_last_lr()`.", UserWarning)
INFO:root:Epoch: 0005 lr: 0.01 train_loss: 1145948.6250 train_distortion: 0.6563 train_mapscore: 0.2703 train_c: -1.0001 train_max_dist: 2.0091 train_imax: -0.0000 train_imin: -1.1945 time: 1.9110s
INFO:root:Epoch: 0010 lr: 0.01 train_loss: 1090177.1250 train_distortion: 0.5430 train_mapscore: 0.5509 train_c: -1.0005 train_max_dist: 2.7887 train_imax: -0.0000 train_imin: -1.1104 time: 1.6130s
INFO:root:Epoch: 0015 lr: 0.01 train_loss: 1067403.8750 train_distortion: 0.5062 train_mapscore: 0.6230 train_c: -1.0011 train_max_dist: 3.2789 train_imax: -0.0000 train_imin: -1.0997 time: 1.5215s
INFO:root:Epoch: 0020 lr: 0.01 train_loss: 1054472.3750 train_distortion: 0.4850 train_mapscore: 0.6536 train_c: -1.0016 train_max_dist: 3.4978 train_imax: -0.0000 train_imin: -1.0785 time: 1.5075s
INFO:root:Epoch: 0025 lr: 0.01 train_loss: 1044833.0625 train_distortion: 0.4679 train_mapscore: 0.6681 train_c: -1.0022 train_max_dist: 3.5584 train_imax: -0.0000 train_imin: -1.0728 time: 1.4856s
INFO:root:Epoch: 0030 lr: 0.01 train_loss: 1037352.2500 train_distortion: 0.4534 train_mapscore: 0.6750 train_c: -1.0027 train_max_dist: 3.6012 train_imax: 0.0252 train_imin: -1.0739 time: 1.4915s
INFO:root:Epoch: 0035 lr: 0.01 train_loss: 1030822.3750 train_distortion: 0.4393 train_mapscore: 0.6804 train_c: -1.0033 train_max_dist: 3.5982 train_imax: 0.0435 train_imin: -1.0774 time: 1.4621s
INFO:root:Epoch: 0040 lr: 0.01 train_loss: 1024522.4375 train_distortion: 0.4249 train_mapscore: 0.6834 train_c: -1.0039 train_max_dist: 3.6802 train_imax: 0.0441 train_imin: -1.0776 time: 1.4798s
INFO:root:Epoch: 0045 lr: 0.01 train_loss: 1018032.6250 train_distortion: 0.4101 train_mapscore: 0.6860 train_c: -1.0045 train_max_dist: 3.7366 train_imax: 0.0325 train_imin: -1.0930 time: 1.4599s
INFO:root:Epoch: 0050 lr: 0.01 train_loss: 1011090.1250 train_distortion: 0.3948 train_mapscore: 0.6885 train_c: -1.0050 train_max_dist: 3.7965 train_imax: 0.0340 train_imin: -1.1101 time: 1.4791s
INFO:root:Epoch: 0055 lr: 0.01 train_loss: 1003373.6250 train_distortion: 0.3784 train_mapscore: 0.6926 train_c: -1.0056 train_max_dist: 3.9050 train_imax: 0.0495 train_imin: -1.1312 time: 1.4502s
INFO:root:Epoch: 0060 lr: 0.01 train_loss: 994622.0625 train_distortion: 0.3605 train_mapscore: 0.6980 train_c: -1.0062 train_max_dist: 4.0938 train_imax: 0.0696 train_imin: -1.1431 time: 1.4562s
INFO:root:Epoch: 0065 lr: 0.01 train_loss: 984610.4375 train_distortion: 0.3409 train_mapscore: 0.7018 train_c: -1.0067 train_max_dist: 4.4340 train_imax: 0.0977 train_imin: -1.1839 time: 1.4469s
INFO:root:Epoch: 0070 lr: 0.01 train_loss: 972823.3125 train_distortion: 0.3198 train_mapscore: 0.7027 train_c: -1.0073 train_max_dist: 5.3762 train_imax: 0.1487 train_imin: -1.2252 time: 1.4558s
INFO:root:Epoch: 0075 lr: 0.01 train_loss: 958682.6250 train_distortion: 0.2978 train_mapscore: 0.7015 train_c: -1.0078 train_max_dist: 6.3304 train_imax: 0.2013 train_imin: -1.2447 time: 1.4504s
INFO:root:Epoch: 0080 lr: 0.01 train_loss: 941320.0000 train_distortion: 0.2760 train_mapscore: 0.6963 train_c: -1.0083 train_max_dist: 8.5202 train_imax: 0.3175 train_imin: -1.2536 time: 1.4857s
INFO:root:Epoch: 0085 lr: 0.01 train_loss: 919727.1250 train_distortion: 0.2585 train_mapscore: 0.6859 train_c: -1.0088 train_max_dist: 9.8125 train_imax: 0.4329 train_imin: -1.2357 time: 1.4794s
INFO:root:Epoch: 0090 lr: 0.01 train_loss: 892778.3125 train_distortion: 0.2505 train_mapscore: 0.6756 train_c: -1.0092 train_max_dist: 10.7500 train_imax: 0.5308 train_imin: -1.2276 time: 1.4923s
INFO:root:Epoch: 0095 lr: 0.01 train_loss: 861094.4375 train_distortion: 0.2523 train_mapscore: 0.6707 train_c: -1.0095 train_max_dist: 10.1875 train_imax: 0.6670 train_imin: -1.2605 time: 1.4943s
INFO:root:Epoch: 0100 lr: 0.01 train_loss: 823744.8125 train_distortion: 0.3121 train_mapscore: 0.6730 train_c: -1.0096 train_max_dist: 10.2500 train_imax: 0.8603 train_imin: -1.3171 time: 1.5656s
INFO:root:Epoch: 0105 lr: 0.01 train_loss: 785158.6875 train_distortion: 0.4354 train_mapscore: 0.6851 train_c: -1.0095 train_max_dist: 10.7500 train_imax: 1.0578 train_imin: -1.3793 time: 1.5841s
INFO:root:Epoch: 0110 lr: 0.01 train_loss: 756411.5000 train_distortion: 0.5047 train_mapscore: 0.7053 train_c: -1.0092 train_max_dist: 12.0000 train_imax: 1.4582 train_imin: -1.3732 time: 1.5894s
INFO:root:Epoch: 0115 lr: 0.01 train_loss: 727688.6875 train_distortion: 0.4886 train_mapscore: 0.7286 train_c: -1.0086 train_max_dist: 12.0000 train_imax: 2.0729 train_imin: -1.3977 time: 1.6174s
INFO:root:Epoch: 0120 lr: 0.01 train_loss: 689525.8125 train_distortion: 0.5277 train_mapscore: 0.7366 train_c: -1.0079 train_max_dist: 12.0000 train_imax: 3.3259 train_imin: -1.4361 time: 1.6436s
INFO:root:Epoch: 0125 lr: 0.01 train_loss: 639300.3750 train_distortion: 0.6791 train_mapscore: 0.7555 train_c: -1.0071 train_max_dist: 12.0000 train_imax: 4.1800 train_imin: -1.4890 time: 1.6640s
INFO:root:Epoch: 0130 lr: 0.01 train_loss: 609399.1250 train_distortion: 0.8896 train_mapscore: 0.7526 train_c: -1.0063 train_max_dist: 14.0000 train_imax: 5.0211 train_imin: -1.4542 time: 1.6946s
INFO:root:Epoch: 0135 lr: 0.01 train_loss: 578002.8125 train_distortion: 1.2036 train_mapscore: 0.7455 train_c: -1.0055 train_max_dist: 13.1456 train_imax: 6.0458 train_imin: -1.5156 time: 1.6983s
INFO:root:Epoch: 0140 lr: 0.01 train_loss: 566443.8750 train_distortion: 1.5696 train_mapscore: 0.7268 train_c: -1.0048 train_max_dist: 18.0000 train_imax: 7.3272 train_imin: -1.4936 time: 1.7054s
INFO:root:Epoch: 0145 lr: 0.01 train_loss: 569940.0625 train_distortion: 1.9118 train_mapscore: 0.7103 train_c: -1.0042 train_max_dist: 14.9417 train_imax: 8.6005 train_imin: -1.5644 time: 1.7320s
INFO:root:Epoch: 0150 lr: 0.01 train_loss: 557012.1875 train_distortion: 2.1894 train_mapscore: 0.7086 train_c: -1.0038 train_max_dist: 15.2885 train_imax: 9.5964 train_imin: -1.2377 time: 1.7146s
INFO:root:Epoch: 0155 lr: 0.01 train_loss: 526018.8125 train_distortion: 2.5046 train_mapscore: 0.7243 train_c: -1.0034 train_max_dist: 15.6474 train_imax: 10.5639 train_imin: -1.3270 time: 1.6616s
INFO:root:Epoch: 0160 lr: 0.01 train_loss: 494073.4375 train_distortion: 2.8601 train_mapscore: 0.7431 train_c: -1.0030 train_max_dist: 16.0588 train_imax: 11.3481 train_imin: -1.3337 time: 1.6508s
INFO:root:Epoch: 0165 lr: 0.01 train_loss: 466982.0625 train_distortion: 3.2302 train_mapscore: 0.7638 train_c: -1.0027 train_max_dist: 16.6002 train_imax: 12.2180 train_imin: -1.4181 time: 1.6469s
INFO:root:Epoch: 0170 lr: 0.01 train_loss: 443952.5312 train_distortion: 3.5932 train_mapscore: 0.7827 train_c: -1.0025 train_max_dist: 16.5559 train_imax: 12.9772 train_imin: -1.4130 time: 1.6393s
INFO:root:Epoch: 0175 lr: 0.01 train_loss: 421664.4375 train_distortion: 3.9403 train_mapscore: 0.7995 train_c: -1.0023 train_max_dist: 16.3995 train_imax: 13.7721 train_imin: -1.2485 time: 1.6047s
INFO:root:Epoch: 0180 lr: 0.01 train_loss: 405265.0625 train_distortion: 4.2762 train_mapscore: 0.8124 train_c: -1.0021 train_max_dist: 16.4184 train_imax: 14.6144 train_imin: -1.3366 time: 1.6193s
INFO:root:Epoch: 0185 lr: 0.01 train_loss: 390276.0312 train_distortion: 4.5888 train_mapscore: 0.8239 train_c: -1.0020 train_max_dist: 16.3713 train_imax: 15.2974 train_imin: -1.1816 time: 1.6231s
INFO:root:Epoch: 0190 lr: 0.01 train_loss: 376249.6562 train_distortion: 4.9165 train_mapscore: 0.8365 train_c: -1.0019 train_max_dist: 16.6473 train_imax: 15.8328 train_imin: -1.1701 time: 1.6057s
INFO:root:Epoch: 0195 lr: 0.01 train_loss: 373120.7500 train_distortion: 5.2058 train_mapscore: 0.8413 train_c: -1.0018 train_max_dist: 16.9327 train_imax: 15.7098 train_imin: -1.1320 time: 1.5992s
INFO:root:Epoch: 0200 lr: 0.01 train_loss: 379372.1562 train_distortion: 5.3465 train_mapscore: 0.8413 train_c: -1.0018 train_max_dist: 17.4118 train_imax: 15.5964 train_imin: -1.1439 time: 1.5988s
INFO:root:Epoch: 0205 lr: 0.01 train_loss: 379508.7188 train_distortion: 5.4542 train_mapscore: 0.8437 train_c: -1.0018 train_max_dist: 17.7380 train_imax: 15.6478 train_imin: -1.1932 time: 1.5809s
INFO:root:Epoch: 0210 lr: 0.01 train_loss: 395518.8125 train_distortion: 5.3223 train_mapscore: 0.8372 train_c: -1.0020 train_max_dist: 20.0000 train_imax: 15.9141 train_imin: -1.2323 time: 1.5789s
INFO:root:Epoch: 0215 lr: 0.01 train_loss: 463082.7812 train_distortion: 4.8540 train_mapscore: 0.7937 train_c: -1.0022 train_max_dist: 17.5545 train_imax: 16.0982 train_imin: -1.3350 time: 1.6258s
INFO:root:Epoch: 0220 lr: 0.01 train_loss: 479625.1875 train_distortion: 4.5134 train_mapscore: 0.7770 train_c: -1.0024 train_max_dist: 17.3410 train_imax: 15.3682 train_imin: -1.2878 time: 1.6477s
INFO:root:Epoch: 0225 lr: 0.01 train_loss: 472487.5625 train_distortion: 4.3622 train_mapscore: 0.7799 train_c: -1.0025 train_max_dist: 17.2444 train_imax: 14.4898 train_imin: -1.2518 time: 1.6194s
INFO:root:Epoch: 0230 lr: 0.01 train_loss: 462191.6250 train_distortion: 4.4590 train_mapscore: 0.7846 train_c: -1.0024 train_max_dist: 17.2709 train_imax: 14.0587 train_imin: -1.1960 time: 1.6469s
INFO:root:Epoch: 0235 lr: 0.01 train_loss: 453641.0938 train_distortion: 4.6282 train_mapscore: 0.7880 train_c: -1.0023 train_max_dist: 18.0000 train_imax: 14.1778 train_imin: -1.2667 time: 1.6552s
INFO:root:Epoch: 0240 lr: 0.01 train_loss: 456382.4062 train_distortion: 4.4083 train_mapscore: 0.7880 train_c: -1.0025 train_max_dist: 17.1435 train_imax: 13.8910 train_imin: -1.2019 time: 1.6553s
INFO:root:Epoch: 0245 lr: 0.01 train_loss: 458723.8750 train_distortion: 4.5770 train_mapscore: 0.7827 train_c: -1.0024 train_max_dist: 17.3320 train_imax: 14.1541 train_imin: -1.2107 time: 1.6819s
INFO:root:Epoch: 0250 lr: 0.01 train_loss: 448318.0938 train_distortion: 4.7296 train_mapscore: 0.7872 train_c: -1.0024 train_max_dist: 17.4959 train_imax: 14.3681 train_imin: -1.1814 time: 1.6556s
INFO:root:Epoch: 0255 lr: 0.01 train_loss: 431850.0312 train_distortion: 4.8812 train_mapscore: 0.7962 train_c: -1.0023 train_max_dist: 17.6319 train_imax: 14.5558 train_imin: -1.1684 time: 1.6419s
INFO:root:Epoch: 0260 lr: 0.01 train_loss: 415519.0000 train_distortion: 5.0608 train_mapscore: 0.8062 train_c: -1.0023 train_max_dist: 17.7602 train_imax: 14.7642 train_imin: -1.1497 time: 1.6321s
INFO:root:Epoch: 0265 lr: 0.01 train_loss: 401118.7812 train_distortion: 5.2799 train_mapscore: 0.8145 train_c: -1.0022 train_max_dist: 17.9833 train_imax: 15.0632 train_imin: -1.2035 time: 1.6189s
INFO:root:Epoch: 0270 lr: 0.01 train_loss: 390485.5938 train_distortion: 5.4692 train_mapscore: 0.8219 train_c: -1.0022 train_max_dist: 18.1278 train_imax: 15.4403 train_imin: -1.2335 time: 1.6196s
INFO:root:Epoch: 0275 lr: 0.01 train_loss: 383866.8750 train_distortion: 5.6119 train_mapscore: 0.8270 train_c: -1.0022 train_max_dist: 18.2601 train_imax: 15.8410 train_imin: -1.2195 time: 1.5876s
INFO:root:Epoch: 0280 lr: 0.01 train_loss: 385764.8438 train_distortion: 5.5960 train_mapscore: 0.8273 train_c: -1.0022 train_max_dist: 18.2561 train_imax: 16.1933 train_imin: -1.1775 time: 1.5881s
INFO:root:Epoch: 0285 lr: 0.01 train_loss: 392872.2500 train_distortion: 5.4250 train_mapscore: 0.8250 train_c: -1.0024 train_max_dist: 18.1492 train_imax: 16.3726 train_imin: -1.2941 time: 1.5817s
INFO:root:Epoch: 0290 lr: 0.01 train_loss: 391360.0000 train_distortion: 5.4671 train_mapscore: 0.8267 train_c: -1.0025 train_max_dist: 18.2044 train_imax: 16.6451 train_imin: -1.1865 time: 1.5817s
INFO:root:Epoch: 0295 lr: 0.01 train_loss: 383727.3438 train_distortion: 5.6025 train_mapscore: 0.8304 train_c: -1.0026 train_max_dist: 18.3714 train_imax: 16.8360 train_imin: -1.1853 time: 1.6105s
INFO:root:Epoch: 0300 lr: 0.01 train_loss: 376430.3125 train_distortion: 5.7920 train_mapscore: 0.8321 train_c: -1.0026 train_max_dist: 18.5808 train_imax: 17.1097 train_imin: -1.1784 time: 1.6307s
INFO:root:Epoch: 0305 lr: 0.01 train_loss: 369406.9375 train_distortion: 6.0048 train_mapscore: 0.8342 train_c: -1.0027 train_max_dist: 18.7962 train_imax: 17.3842 train_imin: -1.1765 time: 1.6197s
INFO:root:Epoch: 0310 lr: 0.01 train_loss: 362229.9375 train_distortion: 6.1860 train_mapscore: 0.8389 train_c: -1.0027 train_max_dist: 18.9884 train_imax: 17.5485 train_imin: -1.1703 time: 1.6056s
INFO:root:Epoch: 0315 lr: 0.01 train_loss: 359813.1562 train_distortion: 6.3836 train_mapscore: 0.8406 train_c: -1.0026 train_max_dist: 19.2012 train_imax: 17.6557 train_imin: -1.1599 time: 1.6042s
INFO:root:Epoch: 0320 lr: 0.01 train_loss: 355860.8750 train_distortion: 6.5281 train_mapscore: 0.8436 train_c: -1.0026 train_max_dist: 19.3316 train_imax: 17.8225 train_imin: -1.1260 time: 1.5990s
INFO:root:Epoch: 0325 lr: 0.01 train_loss: 352072.1562 train_distortion: 6.5486 train_mapscore: 0.8474 train_c: -1.0027 train_max_dist: 19.3053 train_imax: 18.0375 train_imin: -1.1346 time: 1.6130s
INFO:root:Epoch: 0330 lr: 0.01 train_loss: 349526.4062 train_distortion: 6.6011 train_mapscore: 0.8496 train_c: -1.0028 train_max_dist: 19.3189 train_imax: 18.2764 train_imin: -1.1356 time: 1.6066s
INFO:root:Epoch: 0335 lr: 0.01 train_loss: 347610.1875 train_distortion: 6.6791 train_mapscore: 0.8518 train_c: -1.0029 train_max_dist: 19.3842 train_imax: 18.2823 train_imin: -1.1461 time: 1.5711s
INFO:root:Epoch: 0340 lr: 0.01 train_loss: 347183.0625 train_distortion: 6.7394 train_mapscore: 0.8532 train_c: -1.0030 train_max_dist: 19.4198 train_imax: 17.9432 train_imin: -1.1487 time: 1.5702s
INFO:root:Epoch: 0345 lr: 0.01 train_loss: 343759.7812 train_distortion: 6.8407 train_mapscore: 0.8550 train_c: -1.0031 train_max_dist: 20.0000 train_imax: 17.7852 train_imin: -1.1520 time: 1.5838s
INFO:root:Epoch: 0350 lr: 0.01 train_loss: 365810.2812 train_distortion: 6.3349 train_mapscore: 0.8507 train_c: -1.0034 train_max_dist: 19.7963 train_imax: 16.8688 train_imin: -1.2160 time: 1.5709s
INFO:root:Epoch: 0355 lr: 0.01 train_loss: 383660.0938 train_distortion: 6.1763 train_mapscore: 0.8419 train_c: -1.0036 train_max_dist: 19.8475 train_imax: 16.6518 train_imin: -1.1783 time: 1.5779s
INFO:root:Epoch: 0360 lr: 0.01 train_loss: 382914.4375 train_distortion: 6.2593 train_mapscore: 0.8397 train_c: -1.0037 train_max_dist: 19.9273 train_imax: 16.8059 train_imin: -1.1644 time: 1.6208s
INFO:root:Epoch: 0365 lr: 0.01 train_loss: 391641.1250 train_distortion: 5.9418 train_mapscore: 0.8360 train_c: -1.0040 train_max_dist: 19.6435 train_imax: 16.6629 train_imin: -1.4464 time: 1.6423s
INFO:root:Epoch: 0370 lr: 0.01 train_loss: 429556.3750 train_distortion: 5.2075 train_mapscore: 0.8208 train_c: -1.0044 train_max_dist: 19.0983 train_imax: 15.9611 train_imin: -1.4406 time: 1.6436s
INFO:root:Epoch: 0375 lr: 0.01 train_loss: 453416.6562 train_distortion: 4.7302 train_mapscore: 0.8073 train_c: -1.0047 train_max_dist: 18.4154 train_imax: 14.8826 train_imin: -1.4022 time: 1.6625s
INFO:root:Epoch: 0380 lr: 0.01 train_loss: 470382.7500 train_distortion: 4.1883 train_mapscore: 0.7995 train_c: -1.0052 train_max_dist: 17.7664 train_imax: 13.3526 train_imin: -1.4167 time: 1.6898s
INFO:root:Epoch: 0385 lr: 0.01 train_loss: 534925.0000 train_distortion: 3.5550 train_mapscore: 0.7605 train_c: -1.0056 train_max_dist: 16.9057 train_imax: 11.4901 train_imin: -1.4560 time: 1.7215s
INFO:root:Epoch: 0390 lr: 0.01 train_loss: 571299.8750 train_distortion: 3.4149 train_mapscore: 0.7294 train_c: -1.0058 train_max_dist: 16.7301 train_imax: 11.1410 train_imin: -1.3732 time: 1.7716s
INFO:root:Epoch: 0395 lr: 0.01 train_loss: 578323.8750 train_distortion: 3.4888 train_mapscore: 0.7169 train_c: -1.0059 train_max_dist: 20.0000 train_imax: 11.4158 train_imin: -1.3551 time: 1.7777s
INFO:root:Epoch: 0400 lr: 0.01 train_loss: 576647.0000 train_distortion: 3.2197 train_mapscore: 0.7178 train_c: -1.0062 train_max_dist: 24.0000 train_imax: 10.6610 train_imin: -1.4273 time: 1.7201s
INFO:root:Epoch: 0405 lr: 0.01 train_loss: 577024.3125 train_distortion: 2.9663 train_mapscore: 0.7188 train_c: -1.0064 train_max_dist: 16.5183 train_imax: 9.8736 train_imin: -1.4207 time: 1.7602s
INFO:root:Epoch: 0410 lr: 0.01 train_loss: 569614.6250 train_distortion: 2.9573 train_mapscore: 0.7222 train_c: -1.0065 train_max_dist: 16.4854 train_imax: 9.7779 train_imin: -1.3962 time: 1.7276s
INFO:root:Epoch: 0415 lr: 0.01 train_loss: 556794.1250 train_distortion: 3.1519 train_mapscore: 0.7257 train_c: -1.0065 train_max_dist: 16.6761 train_imax: 9.9787 train_imin: -1.3578 time: 1.7198s
INFO:root:Epoch: 0420 lr: 0.01 train_loss: 540381.4375 train_distortion: 3.4352 train_mapscore: 0.7312 train_c: -1.0063 train_max_dist: 16.9742 train_imax: 10.3191 train_imin: -1.2885 time: 1.6987s
INFO:root:Epoch: 0425 lr: 0.01 train_loss: 524248.8438 train_distortion: 3.7124 train_mapscore: 0.7377 train_c: -1.0062 train_max_dist: 17.2568 train_imax: 10.6597 train_imin: -1.2265 time: 1.6945s
INFO:root:Epoch: 0430 lr: 0.01 train_loss: 508405.0000 train_distortion: 3.9467 train_mapscore: 0.7458 train_c: -1.0061 train_max_dist: 17.4880 train_imax: 10.9410 train_imin: -1.1905 time: 1.7238s
INFO:root:Epoch: 0435 lr: 0.01 train_loss: 493767.1250 train_distortion: 4.1477 train_mapscore: 0.7538 train_c: -1.0060 train_max_dist: 17.6892 train_imax: 11.3752 train_imin: -1.1814 time: 1.7041s
INFO:root:Epoch: 0440 lr: 0.01 train_loss: 481262.2500 train_distortion: 4.2211 train_mapscore: 0.7620 train_c: -1.0059 train_max_dist: 17.7549 train_imax: 11.6366 train_imin: -1.1913 time: 1.6833s
INFO:root:Epoch: 0445 lr: 0.01 train_loss: 472118.8125 train_distortion: 4.2308 train_mapscore: 0.7688 train_c: -1.0060 train_max_dist: 17.7247 train_imax: 11.7682 train_imin: -1.1977 time: 1.6801s
INFO:root:Epoch: 0450 lr: 0.01 train_loss: 463562.3125 train_distortion: 4.3379 train_mapscore: 0.7735 train_c: -1.0059 train_max_dist: 17.7879 train_imax: 12.0704 train_imin: -1.1928 time: 1.6847s
INFO:root:Epoch: 0455 lr: 0.01 train_loss: 454567.4375 train_distortion: 4.5019 train_mapscore: 0.7775 train_c: -1.0059 train_max_dist: 17.9081 train_imax: 12.4862 train_imin: -1.1976 time: 1.6741s
INFO:root:Epoch: 0460 lr: 0.01 train_loss: 448321.1875 train_distortion: 4.9338 train_mapscore: 0.7776 train_c: -1.0058 train_max_dist: 18.3099 train_imax: 13.2363 train_imin: -1.2404 time: 1.6704s
INFO:root:Epoch: 0465 lr: 0.01 train_loss: 441203.0625 train_distortion: 5.1413 train_mapscore: 0.7813 train_c: -1.0058 train_max_dist: 18.4673 train_imax: 13.6370 train_imin: -1.3091 time: 1.6719s
INFO:root:Epoch: 0470 lr: 0.01 train_loss: 432782.5625 train_distortion: 5.1054 train_mapscore: 0.7878 train_c: -1.0058 train_max_dist: 18.4332 train_imax: 13.6126 train_imin: -1.3405 time: 1.6273s
INFO:root:Epoch: 0475 lr: 0.01 train_loss: 428943.9688 train_distortion: 4.9040 train_mapscore: 0.7938 train_c: -1.0059 train_max_dist: 18.2843 train_imax: 13.2947 train_imin: -1.3569 time: 1.6016s
INFO:root:Epoch: 0480 lr: 0.01 train_loss: 425035.9375 train_distortion: 4.8976 train_mapscore: 0.7971 train_c: -1.0060 train_max_dist: 18.2670 train_imax: 13.3642 train_imin: -1.3086 time: 1.6229s
INFO:root:Epoch: 0485 lr: 0.01 train_loss: 421294.6562 train_distortion: 5.0039 train_mapscore: 0.7986 train_c: -1.0060 train_max_dist: 18.2808 train_imax: 13.6094 train_imin: -1.2839 time: 1.6082s
INFO:root:Epoch: 0490 lr: 0.01 train_loss: 424532.4375 train_distortion: 4.9704 train_mapscore: 0.7969 train_c: -1.0061 train_max_dist: 18.2327 train_imax: 13.5909 train_imin: -1.3196 time: 1.6509s
INFO:root:Epoch: 0495 lr: 0.01 train_loss: 426676.2500 train_distortion: 5.0484 train_mapscore: 0.7947 train_c: -1.0061 train_max_dist: 18.3585 train_imax: 13.8375 train_imin: -1.3396 time: 1.6509s
INFO:root:Epoch: 0500 lr: 0.01 train_loss: 424398.0625 train_distortion: 5.1600 train_mapscore: 0.7944 train_c: -1.0061 train_max_dist: 18.5202 train_imax: 14.1663 train_imin: -1.3487 time: 1.6479s
INFO:root:Epoch: 0505 lr: 0.01 train_loss: 421025.2188 train_distortion: 5.1554 train_mapscore: 0.7966 train_c: -1.0062 train_max_dist: 18.5984 train_imax: 14.1340 train_imin: -1.3519 time: 1.6390s
INFO:root:Epoch: 0510 lr: 0.01 train_loss: 420084.9062 train_distortion: 5.1263 train_mapscore: 0.7972 train_c: -1.0063 train_max_dist: 18.6353 train_imax: 13.9731 train_imin: -1.3493 time: 1.6363s
INFO:root:Epoch: 0515 lr: 0.01 train_loss: 416756.1875 train_distortion: 5.2016 train_mapscore: 0.7985 train_c: -1.0064 train_max_dist: 18.7415 train_imax: 14.0925 train_imin: -1.3238 time: 1.6416s
INFO:root:Epoch: 0520 lr: 0.01 train_loss: 412115.5625 train_distortion: 5.2976 train_mapscore: 0.8007 train_c: -1.0064 train_max_dist: 18.8576 train_imax: 14.2761 train_imin: -1.2949 time: 1.6353s
INFO:root:Epoch: 0525 lr: 0.01 train_loss: 409603.6875 train_distortion: 5.2576 train_mapscore: 0.8035 train_c: -1.0065 train_max_dist: 18.5885 train_imax: 14.1484 train_imin: -1.2800 time: 1.6420s
INFO:root:Epoch: 0530 lr: 0.01 train_loss: 408903.1250 train_distortion: 5.2918 train_mapscore: 0.8048 train_c: -1.0065 train_max_dist: 18.5616 train_imax: 14.1975 train_imin: -1.2948 time: 1.5974s
INFO:root:Epoch: 0535 lr: 0.01 train_loss: 407138.2500 train_distortion: 5.3510 train_mapscore: 0.8065 train_c: -1.0065 train_max_dist: 18.6475 train_imax: 13.2915 train_imin: -1.3096 time: 1.6142s
INFO:root:Epoch: 0540 lr: 0.01 train_loss: 403832.3750 train_distortion: 5.4501 train_mapscore: 0.8088 train_c: -1.0065 train_max_dist: 18.7665 train_imax: 13.3251 train_imin: -1.3218 time: 1.5966s
INFO:root:Epoch: 0545 lr: 0.01 train_loss: 398956.8438 train_distortion: 5.5241 train_mapscore: 0.8112 train_c: -1.0066 train_max_dist: 18.8566 train_imax: 13.3323 train_imin: -1.3330 time: 1.5883s
INFO:root:Epoch: 0550 lr: 0.01 train_loss: 393729.2500 train_distortion: 5.6132 train_mapscore: 0.8133 train_c: -1.0066 train_max_dist: 18.9604 train_imax: 13.5102 train_imin: -1.3442 time: 1.5842s
INFO:root:Epoch: 0555 lr: 0.01 train_loss: 388871.7188 train_distortion: 5.7434 train_mapscore: 0.8150 train_c: -1.0066 train_max_dist: 19.1014 train_imax: 13.7234 train_imin: -1.3547 time: 1.6397s
INFO:root:Epoch: 0560 lr: 0.01 train_loss: 384907.8438 train_distortion: 5.9874 train_mapscore: 0.8168 train_c: -1.0066 train_max_dist: 19.3093 train_imax: 14.0247 train_imin: -1.3699 time: 1.6386s
INFO:root:Epoch: 0565 lr: 0.01 train_loss: 388383.8750 train_distortion: 5.6814 train_mapscore: 0.8182 train_c: -1.0068 train_max_dist: 18.9370 train_imax: 13.3176 train_imin: -1.3379 time: 1.6158s
INFO:root:Epoch: 0570 lr: 0.01 train_loss: 403442.8125 train_distortion: 5.3203 train_mapscore: 0.8134 train_c: -1.0070 train_max_dist: 18.5898 train_imax: 12.7070 train_imin: -1.3284 time: 1.6559s
INFO:root:Epoch: 0575 lr: 0.01 train_loss: 410786.7500 train_distortion: 5.2371 train_mapscore: 0.8102 train_c: -1.0072 train_max_dist: 18.4947 train_imax: 12.7328 train_imin: -1.3744 time: 1.6328s
INFO:root:Epoch: 0580 lr: 0.01 train_loss: 415039.5938 train_distortion: 5.0500 train_mapscore: 0.8106 train_c: -1.0073 train_max_dist: 18.2275 train_imax: 12.5410 train_imin: -1.3997 time: 1.6696s
INFO:root:Epoch: 0585 lr: 0.01 train_loss: 423530.3750 train_distortion: 4.8354 train_mapscore: 0.8078 train_c: -1.0076 train_max_dist: 17.9979 train_imax: 11.8351 train_imin: -1.3992 time: 1.6649s
INFO:root:Epoch: 0590 lr: 0.01 train_loss: 432032.0938 train_distortion: 4.8670 train_mapscore: 0.8022 train_c: -1.0077 train_max_dist: 17.9647 train_imax: 11.7669 train_imin: -1.3449 time: 1.6519s
INFO:root:Epoch: 0595 lr: 0.01 train_loss: 433080.5000 train_distortion: 4.9809 train_mapscore: 0.7986 train_c: -1.0077 train_max_dist: 18.1268 train_imax: 12.1328 train_imin: -1.3459 time: 1.6171s
INFO:root:Epoch: 0600 lr: 0.01 train_loss: 428580.4688 train_distortion: 5.1815 train_mapscore: 0.7977 train_c: -1.0077 train_max_dist: 18.3774 train_imax: 12.5663 train_imin: -1.3434 time: 1.6205s
INFO:root:Epoch: 0605 lr: 0.01 train_loss: 421581.2812 train_distortion: 5.3650 train_mapscore: 0.7999 train_c: -1.0077 train_max_dist: 18.6066 train_imax: 12.9335 train_imin: -1.3391 time: 1.6265s
INFO:root:Epoch: 0610 lr: 0.01 train_loss: 418384.1562 train_distortion: 5.4864 train_mapscore: 0.8014 train_c: -1.0076 train_max_dist: 18.8318 train_imax: 12.5016 train_imin: -1.3091 time: 1.6163s
INFO:root:Epoch: 0615 lr: 0.01 train_loss: 416523.8750 train_distortion: 5.5605 train_mapscore: 0.8025 train_c: -1.0076 train_max_dist: 18.9563 train_imax: 12.6916 train_imin: -1.3405 time: 1.6024s
INFO:root:Epoch: 0620 lr: 0.01 train_loss: 417294.0625 train_distortion: 5.9355 train_mapscore: 0.8000 train_c: -1.0075 train_max_dist: 19.3565 train_imax: 13.6325 train_imin: -1.2529 time: 1.6028s
INFO:root:Epoch: 0625 lr: 0.01 train_loss: 417794.7188 train_distortion: 6.0718 train_mapscore: 0.7994 train_c: -1.0075 train_max_dist: 28.0000 train_imax: 14.2434 train_imin: -1.2343 time: 1.6552s
INFO:root:Epoch: 0630 lr: 0.01 train_loss: 412924.0625 train_distortion: 6.0196 train_mapscore: 0.8027 train_c: -1.0075 train_max_dist: 19.4565 train_imax: 14.4734 train_imin: -1.2373 time: 1.6422s
INFO:root:Epoch: 0635 lr: 0.01 train_loss: 405604.7188 train_distortion: 5.9158 train_mapscore: 0.8082 train_c: -1.0075 train_max_dist: 19.3878 train_imax: 14.5097 train_imin: -1.2864 time: 1.6353s
INFO:root:Epoch: 0640 lr: 0.01 train_loss: 398596.5312 train_distortion: 5.8462 train_mapscore: 0.8138 train_c: -1.0075 train_max_dist: 19.3250 train_imax: 14.4560 train_imin: -1.3350 time: 1.6167s
INFO:root:Epoch: 0645 lr: 0.01 train_loss: 392373.6562 train_distortion: 5.8519 train_mapscore: 0.8179 train_c: -1.0075 train_max_dist: 19.3168 train_imax: 14.4350 train_imin: -1.3530 time: 1.6284s
INFO:root:Epoch: 0650 lr: 0.01 train_loss: 386806.0625 train_distortion: 5.9383 train_mapscore: 0.8209 train_c: -1.0075 train_max_dist: 19.3703 train_imax: 14.5408 train_imin: -1.3423 time: 1.6208s
INFO:root:Epoch: 0655 lr: 0.01 train_loss: 382258.8125 train_distortion: 6.0624 train_mapscore: 0.8231 train_c: -1.0075 train_max_dist: 19.4568 train_imax: 14.7097 train_imin: -1.3123 time: 1.6191s
INFO:root:Epoch: 0660 lr: 0.01 train_loss: 381377.5625 train_distortion: 5.9723 train_mapscore: 0.8236 train_c: -1.0076 train_max_dist: 19.4040 train_imax: 14.9672 train_imin: -1.2565 time: 1.6323s
INFO:root:Epoch: 0665 lr: 0.01 train_loss: 382297.9062 train_distortion: 6.0459 train_mapscore: 0.8226 train_c: -1.0076 train_max_dist: 19.4688 train_imax: 15.1855 train_imin: -1.2020 time: 1.5958s
INFO:root:Epoch: 0670 lr: 0.01 train_loss: 381408.7500 train_distortion: 6.1486 train_mapscore: 0.8228 train_c: -1.0076 train_max_dist: 19.5336 train_imax: 15.4188 train_imin: -1.2149 time: 1.5825s
INFO:root:Epoch: 0675 lr: 0.01 train_loss: 379428.4688 train_distortion: 6.2325 train_mapscore: 0.8235 train_c: -1.0076 train_max_dist: 19.5685 train_imax: 15.5447 train_imin: -1.2636 time: 1.5996s
INFO:root:Epoch: 0680 lr: 0.01 train_loss: 376291.5000 train_distortion: 6.3039 train_mapscore: 0.8251 train_c: -1.0076 train_max_dist: 19.6054 train_imax: 15.7550 train_imin: -1.2700 time: 1.5913s
INFO:root:Epoch: 0685 lr: 0.01 train_loss: 372816.5625 train_distortion: 6.3852 train_mapscore: 0.8266 train_c: -1.0076 train_max_dist: 19.6578 train_imax: 16.0295 train_imin: -1.2674 time: 1.6358s
INFO:root:Epoch: 0690 lr: 0.01 train_loss: 369725.3750 train_distortion: 6.4190 train_mapscore: 0.8285 train_c: -1.0077 train_max_dist: 19.6862 train_imax: 16.2845 train_imin: -1.2777 time: 1.6149s
INFO:root:Epoch: 0695 lr: 0.01 train_loss: 367078.1875 train_distortion: 6.4702 train_mapscore: 0.8300 train_c: -1.0077 train_max_dist: 19.7236 train_imax: 16.4522 train_imin: -1.2842 time: 1.6120s
INFO:root:Epoch: 0700 lr: 0.01 train_loss: 364170.0938 train_distortion: 6.5275 train_mapscore: 0.8319 train_c: -1.0077 train_max_dist: 19.7554 train_imax: 16.6164 train_imin: -1.2883 time: 1.6108s
INFO:root:Epoch: 0705 lr: 0.01 train_loss: 361374.3750 train_distortion: 6.5995 train_mapscore: 0.8336 train_c: -1.0077 train_max_dist: 19.8015 train_imax: 16.8092 train_imin: -1.2906 time: 1.6319s
INFO:root:Epoch: 0710 lr: 0.01 train_loss: 358776.5000 train_distortion: 6.6973 train_mapscore: 0.8349 train_c: -1.0077 train_max_dist: 19.8720 train_imax: 17.0215 train_imin: -1.2937 time: 1.6032s
INFO:root:Epoch: 0715 lr: 0.01 train_loss: 356404.3125 train_distortion: 6.7388 train_mapscore: 0.8370 train_c: -1.0078 train_max_dist: 19.8880 train_imax: 17.1260 train_imin: -1.2799 time: 1.6000s
INFO:root:Epoch: 0720 lr: 0.01 train_loss: 358841.0625 train_distortion: 6.9873 train_mapscore: 0.8361 train_c: -1.0077 train_max_dist: 20.1752 train_imax: 16.7547 train_imin: -1.2611 time: 1.6182s
INFO:root:Epoch: 0725 lr: 0.01 train_loss: 366138.7500 train_distortion: 7.2248 train_mapscore: 0.8338 train_c: -1.0077 train_max_dist: 20.4604 train_imax: 17.3416 train_imin: -1.2602 time: 1.5783s
INFO:root:Epoch: 0730 lr: 0.01 train_loss: 368978.8438 train_distortion: 7.2624 train_mapscore: 0.8327 train_c: -1.0076 train_max_dist: 20.5328 train_imax: 17.4936 train_imin: -1.2604 time: 1.5862s
INFO:root:Epoch: 0735 lr: 0.01 train_loss: 377774.1250 train_distortion: 6.4560 train_mapscore: 0.8357 train_c: -1.0080 train_max_dist: 20.0276 train_imax: 15.8706 train_imin: -1.2798 time: 1.5831s
INFO:root:Epoch: 0740 lr: 0.01 train_loss: 392635.6250 train_distortion: 5.9859 train_mapscore: 0.8322 train_c: -1.0082 train_max_dist: 19.6335 train_imax: 15.0904 train_imin: -1.3065 time: 1.5841s
INFO:root:Epoch: 0745 lr: 0.01 train_loss: 398216.6875 train_distortion: 5.9090 train_mapscore: 0.8298 train_c: -1.0083 train_max_dist: 19.5179 train_imax: 15.0141 train_imin: -1.3054 time: 1.5939s
INFO:root:Epoch: 0750 lr: 0.01 train_loss: 395983.5312 train_distortion: 5.9547 train_mapscore: 0.8290 train_c: -1.0083 train_max_dist: 19.5072 train_imax: 15.1531 train_imin: -1.2957 time: 1.6188s
INFO:root:Epoch: 0755 lr: 0.01 train_loss: 398136.9062 train_distortion: 5.7512 train_mapscore: 0.8291 train_c: -1.0085 train_max_dist: 19.2937 train_imax: 14.9874 train_imin: -1.3136 time: 1.6217s
INFO:root:Epoch: 0760 lr: 0.01 train_loss: 425371.8750 train_distortion: 5.3044 train_mapscore: 0.8175 train_c: -1.0088 train_max_dist: 18.6540 train_imax: 14.2893 train_imin: -1.4308 time: 1.6552s
INFO:root:Epoch: 0765 lr: 0.01 train_loss: 441697.2500 train_distortion: 5.1106 train_mapscore: 0.8076 train_c: -1.0090 train_max_dist: 18.5132 train_imax: 13.8995 train_imin: -1.4556 time: 1.6519s
INFO:root:Epoch: 0770 lr: 0.01 train_loss: 457490.7188 train_distortion: 5.5897 train_mapscore: 0.7913 train_c: -1.0089 train_max_dist: 19.0335 train_imax: 14.4304 train_imin: -1.4998 time: 1.6609s
INFO:root:Epoch: 0775 lr: 0.01 train_loss: 469225.2812 train_distortion: 5.5276 train_mapscore: 0.7828 train_c: -1.0089 train_max_dist: 19.0808 train_imax: 13.9871 train_imin: -1.5199 time: 1.6603s
INFO:root:Epoch: 0780 lr: 0.01 train_loss: 471983.9375 train_distortion: 5.1276 train_mapscore: 0.7822 train_c: -1.0090 train_max_dist: 18.7479 train_imax: 13.0147 train_imin: -1.5368 time: 1.6805s
INFO:root:Epoch: 0785 lr: 0.01 train_loss: 468262.7500 train_distortion: 4.8548 train_mapscore: 0.7860 train_c: -1.0091 train_max_dist: 18.5164 train_imax: 12.3646 train_imin: -1.5206 time: 1.6514s
INFO:root:Epoch: 0790 lr: 0.01 train_loss: 463859.9375 train_distortion: 4.6266 train_mapscore: 0.7893 train_c: -1.0093 train_max_dist: 18.3168 train_imax: 11.8321 train_imin: -1.4966 time: 1.6173s
INFO:root:Epoch: 0795 lr: 0.01 train_loss: 465033.6875 train_distortion: 4.3107 train_mapscore: 0.7913 train_c: -1.0094 train_max_dist: 20.0000 train_imax: 11.3547 train_imin: -1.4903 time: 1.6163s
INFO:root:Epoch: 0800 lr: 0.01 train_loss: 485541.8750 train_distortion: 3.8472 train_mapscore: 0.7836 train_c: -1.0097 train_max_dist: 17.5817 train_imax: 10.8330 train_imin: -1.4756 time: 1.6442s
INFO:root:Epoch: 0805 lr: 0.01 train_loss: 496063.8438 train_distortion: 3.7920 train_mapscore: 0.7754 train_c: -1.0097 train_max_dist: 17.3872 train_imax: 10.7759 train_imin: -1.4630 time: 1.6567s
INFO:root:Epoch: 0810 lr: 0.01 train_loss: 495237.6250 train_distortion: 3.9650 train_mapscore: 0.7707 train_c: -1.0097 train_max_dist: 17.5602 train_imax: 11.0064 train_imin: -1.4570 time: 1.6607s
INFO:root:Epoch: 0815 lr: 0.01 train_loss: 492771.9375 train_distortion: 3.9667 train_mapscore: 0.7705 train_c: -1.0098 train_max_dist: 18.0000 train_imax: 10.8362 train_imin: -1.4586 time: 1.6728s
INFO:root:Epoch: 0820 lr: 0.01 train_loss: 489355.0000 train_distortion: 4.0014 train_mapscore: 0.7711 train_c: -1.0098 train_max_dist: 17.5307 train_imax: 10.7748 train_imin: -1.4770 time: 1.6947s
INFO:root:Epoch: 0825 lr: 0.01 train_loss: 482476.0312 train_distortion: 4.1448 train_mapscore: 0.7728 train_c: -1.0098 train_max_dist: 17.6468 train_imax: 10.9547 train_imin: -1.4416 time: 1.6909s
INFO:root:Epoch: 0830 lr: 0.01 train_loss: 476822.4062 train_distortion: 4.0002 train_mapscore: 0.7777 train_c: -1.0099 train_max_dist: 17.4637 train_imax: 10.7539 train_imin: -1.4661 time: 1.6871s
INFO:root:Epoch: 0835 lr: 0.01 train_loss: 471974.7500 train_distortion: 3.9966 train_mapscore: 0.7804 train_c: -1.0100 train_max_dist: 17.4700 train_imax: 10.7906 train_imin: -1.6592 time: 1.6853s
INFO:root:Epoch: 0840 lr: 0.01 train_loss: 465479.9375 train_distortion: 4.1931 train_mapscore: 0.7824 train_c: -1.0099 train_max_dist: 17.7042 train_imax: 11.1231 train_imin: -1.4290 time: 1.6732s
INFO:root:Epoch: 0845 lr: 0.01 train_loss: 458090.2500 train_distortion: 4.4499 train_mapscore: 0.7842 train_c: -1.0099 train_max_dist: 17.9824 train_imax: 11.5309 train_imin: -1.3850 time: 1.6660s
INFO:root:Epoch: 0850 lr: 0.01 train_loss: 450460.8750 train_distortion: 4.6065 train_mapscore: 0.7875 train_c: -1.0099 train_max_dist: 18.1254 train_imax: 11.8498 train_imin: -1.4533 time: 1.6546s
INFO:root:Epoch: 0855 lr: 0.01 train_loss: 444158.5938 train_distortion: 4.8185 train_mapscore: 0.7890 train_c: -1.0098 train_max_dist: 18.2936 train_imax: 12.1021 train_imin: -1.5146 time: 1.6498s
INFO:root:Epoch: 0860 lr: 0.01 train_loss: 438261.3125 train_distortion: 5.0159 train_mapscore: 0.7903 train_c: -1.0097 train_max_dist: 18.4691 train_imax: 12.5322 train_imin: -1.4550 time: 1.6145s
INFO:root:Epoch: 0865 lr: 0.01 train_loss: 432108.1562 train_distortion: 5.1575 train_mapscore: 0.7931 train_c: -1.0097 train_max_dist: 18.5947 train_imax: 12.8573 train_imin: -1.4000 time: 1.6164s
INFO:root:Epoch: 0870 lr: 0.01 train_loss: 427679.0000 train_distortion: 5.2111 train_mapscore: 0.7957 train_c: -1.0097 train_max_dist: 18.6479 train_imax: 13.1022 train_imin: -1.3761 time: 1.6191s
INFO:root:Epoch: 0875 lr: 0.01 train_loss: 424546.8750 train_distortion: 5.2550 train_mapscore: 0.7979 train_c: -1.0098 train_max_dist: 18.7328 train_imax: 13.2981 train_imin: -1.3947 time: 1.6040s
INFO:root:Epoch: 0880 lr: 0.01 train_loss: 421223.2500 train_distortion: 5.3147 train_mapscore: 0.8001 train_c: -1.0098 train_max_dist: 18.8177 train_imax: 13.4982 train_imin: -1.3925 time: 1.6450s
INFO:root:Epoch: 0885 lr: 0.01 train_loss: 417240.3438 train_distortion: 5.3936 train_mapscore: 0.8026 train_c: -1.0098 train_max_dist: 24.0000 train_imax: 13.7418 train_imin: -1.3788 time: 1.6362s
INFO:root:Epoch: 0890 lr: 0.01 train_loss: 413424.3438 train_distortion: 5.5545 train_mapscore: 0.8040 train_c: -1.0097 train_max_dist: 19.0998 train_imax: 14.1007 train_imin: -1.3706 time: 1.6373s
INFO:root:Epoch: 0895 lr: 0.01 train_loss: 410258.0625 train_distortion: 5.5921 train_mapscore: 0.8067 train_c: -1.0097 train_max_dist: 19.1326 train_imax: 14.2465 train_imin: -1.3737 time: 1.6510s
INFO:root:Epoch: 0900 lr: 0.01 train_loss: 406968.5000 train_distortion: 5.6096 train_mapscore: 0.8093 train_c: -1.0097 train_max_dist: 19.1436 train_imax: 14.3392 train_imin: -1.3650 time: 1.6424s
INFO:root:Epoch: 0905 lr: 0.01 train_loss: 403302.7500 train_distortion: 5.6571 train_mapscore: 0.8116 train_c: -1.0097 train_max_dist: 19.1866 train_imax: 14.4634 train_imin: -1.3483 time: 1.6252s
INFO:root:Epoch: 0910 lr: 0.01 train_loss: 399456.5625 train_distortion: 5.7306 train_mapscore: 0.8137 train_c: -1.0097 train_max_dist: 19.2526 train_imax: 14.6303 train_imin: -1.3506 time: 1.6278s
INFO:root:Epoch: 0915 lr: 0.01 train_loss: 396670.6250 train_distortion: 5.6563 train_mapscore: 0.8173 train_c: -1.0097 train_max_dist: 19.1132 train_imax: 14.7726 train_imin: -1.3367 time: 1.6272s
INFO:root:Epoch: 0920 lr: 0.01 train_loss: 398621.5312 train_distortion: 5.6039 train_mapscore: 0.8193 train_c: -1.0098 train_max_dist: 19.0950 train_imax: 14.9250 train_imin: -1.3029 time: 1.5963s
INFO:root:Epoch: 0925 lr: 0.01 train_loss: 397744.1562 train_distortion: 5.6849 train_mapscore: 0.8202 train_c: -1.0099 train_max_dist: 19.1772 train_imax: 15.1664 train_imin: -1.2953 time: 1.5888s
INFO:root:Epoch: 0930 lr: 0.01 train_loss: 395328.8125 train_distortion: 5.8198 train_mapscore: 0.8209 train_c: -1.0098 train_max_dist: 19.2756 train_imax: 15.4196 train_imin: -1.2901 time: 1.6005s
INFO:root:Epoch: 0935 lr: 0.01 train_loss: 392291.3438 train_distortion: 5.9518 train_mapscore: 0.8219 train_c: -1.0098 train_max_dist: 19.3582 train_imax: 15.6339 train_imin: -1.2814 time: 1.5845s
INFO:root:Epoch: 0940 lr: 0.01 train_loss: 388463.0000 train_distortion: 6.0258 train_mapscore: 0.8240 train_c: -1.0098 train_max_dist: 19.3937 train_imax: 15.7157 train_imin: -1.2933 time: 1.5869s
INFO:root:Epoch: 0945 lr: 0.01 train_loss: 384521.1250 train_distortion: 6.0755 train_mapscore: 0.8260 train_c: -1.0098 train_max_dist: 19.4104 train_imax: 15.7421 train_imin: -1.3054 time: 1.6333s
INFO:root:Epoch: 0950 lr: 0.01 train_loss: 380535.3750 train_distortion: 6.1289 train_mapscore: 0.8281 train_c: -1.0098 train_max_dist: 19.4328 train_imax: 15.7859 train_imin: -1.3047 time: 1.6243s
INFO:root:Epoch: 0955 lr: 0.01 train_loss: 376952.4375 train_distortion: 6.1991 train_mapscore: 0.8298 train_c: -1.0098 train_max_dist: 19.4728 train_imax: 15.8794 train_imin: -1.2908 time: 1.6204s
INFO:root:Epoch: 0960 lr: 0.01 train_loss: 373752.6250 train_distortion: 6.2600 train_mapscore: 0.8315 train_c: -1.0098 train_max_dist: 19.5093 train_imax: 15.9880 train_imin: -1.2770 time: 1.6235s
INFO:root:Epoch: 0965 lr: 0.01 train_loss: 370936.2188 train_distortion: 6.3325 train_mapscore: 0.8329 train_c: -1.0098 train_max_dist: 19.5745 train_imax: 16.1321 train_imin: -1.2688 time: 1.6106s
INFO:root:Epoch: 0970 lr: 0.01 train_loss: 368404.4688 train_distortion: 6.4209 train_mapscore: 0.8342 train_c: -1.0098 train_max_dist: 19.6637 train_imax: 16.3124 train_imin: -1.2670 time: 1.6140s
INFO:root:Epoch: 0975 lr: 0.01 train_loss: 366048.0625 train_distortion: 6.5046 train_mapscore: 0.8354 train_c: -1.0099 train_max_dist: 19.7468 train_imax: 16.4872 train_imin: -1.2654 time: 1.6103s
INFO:root:Epoch: 0980 lr: 0.01 train_loss: 363712.1562 train_distortion: 6.4881 train_mapscore: 0.8374 train_c: -1.0099 train_max_dist: 19.7526 train_imax: 16.4663 train_imin: -1.2671 time: 1.6207s
INFO:root:Epoch: 0985 lr: 0.01 train_loss: 361768.1250 train_distortion: 6.4693 train_mapscore: 0.8392 train_c: -1.0099 train_max_dist: 19.7558 train_imax: 16.4329 train_imin: -1.2755 time: 1.5780s
INFO:root:Epoch: 0990 lr: 0.01 train_loss: 359831.8750 train_distortion: 6.5222 train_mapscore: 0.8404 train_c: -1.0099 train_max_dist: 19.8083 train_imax: 16.5228 train_imin: -1.2732 time: 1.5730s
INFO:root:Epoch: 0995 lr: 0.01 train_loss: 358019.3750 train_distortion: 6.6178 train_mapscore: 0.8409 train_c: -1.0100 train_max_dist: 19.8895 train_imax: 16.6845 train_imin: -1.2671 time: 1.5664s
INFO:root:Epoch: 1000 lr: 0.01 train_loss: 356302.3125 train_distortion: 6.7158 train_mapscore: 0.8415 train_c: -1.0100 train_max_dist: 19.9691 train_imax: 16.8573 train_imin: -1.2698 time: 1.5792s
INFO:root:Epoch: 1005 lr: 0.01 train_loss: 354642.5625 train_distortion: 6.7262 train_mapscore: 0.8432 train_c: -1.0100 train_max_dist: 19.9467 train_imax: 16.8643 train_imin: -1.2832 time: 1.5690s
INFO:root:Epoch: 1010 lr: 0.01 train_loss: 353294.3125 train_distortion: 6.7521 train_mapscore: 0.8446 train_c: -1.0101 train_max_dist: 19.9483 train_imax: 16.9258 train_imin: -1.2792 time: 1.5679s
INFO:root:Epoch: 1015 lr: 0.01 train_loss: 351939.1875 train_distortion: 6.8139 train_mapscore: 0.8455 train_c: -1.0101 train_max_dist: 19.9852 train_imax: 17.0613 train_imin: -1.2717 time: 1.6208s
INFO:root:Epoch: 1020 lr: 0.01 train_loss: 351965.6250 train_distortion: 6.7280 train_mapscore: 0.8470 train_c: -1.0102 train_max_dist: 19.9297 train_imax: 17.0588 train_imin: -1.3227 time: 1.6186s
INFO:root:Epoch: 1025 lr: 0.01 train_loss: 352773.5000 train_distortion: 6.7350 train_mapscore: 0.8476 train_c: -1.0103 train_max_dist: 19.9681 train_imax: 17.1693 train_imin: -1.3186 time: 1.6156s
INFO:root:Epoch: 1030 lr: 0.01 train_loss: 352318.4062 train_distortion: 6.7240 train_mapscore: 0.8484 train_c: -1.0103 train_max_dist: 19.9546 train_imax: 17.1830 train_imin: -1.2752 time: 1.6093s
INFO:root:Epoch: 1035 lr: 0.01 train_loss: 351375.8438 train_distortion: 6.7940 train_mapscore: 0.8484 train_c: -1.0103 train_max_dist: 19.9970 train_imax: 17.3256 train_imin: -1.2393 time: 1.6097s
INFO:root:Epoch: 1040 lr: 0.01 train_loss: 351171.9062 train_distortion: 7.0291 train_mapscore: 0.8469 train_c: -1.0103 train_max_dist: 20.3026 train_imax: 17.8731 train_imin: -1.2328 time: 1.6171s
INFO:root:Epoch: 1045 lr: 0.01 train_loss: 352167.7500 train_distortion: 7.2166 train_mapscore: 0.8455 train_c: -1.0103 train_max_dist: 20.5496 train_imax: 18.3635 train_imin: -1.2339 time: 1.6025s
INFO:root:Epoch: 1050 lr: 0.01 train_loss: 351716.5625 train_distortion: 7.1877 train_mapscore: 0.8466 train_c: -1.0103 train_max_dist: 20.5574 train_imax: 18.4593 train_imin: -1.2519 time: 1.5993s
INFO:root:Epoch: 1055 lr: 0.01 train_loss: 350269.5625 train_distortion: 6.9898 train_mapscore: 0.8497 train_c: -1.0104 train_max_dist: 20.4227 train_imax: 18.1335 train_imin: -1.2938 time: 1.5743s
INFO:root:Epoch: 1060 lr: 0.01 train_loss: 349200.3750 train_distortion: 6.8467 train_mapscore: 0.8518 train_c: -1.0104 train_max_dist: 20.2229 train_imax: 17.8141 train_imin: -1.3042 time: 1.5687s
INFO:root:Epoch: 1065 lr: 0.01 train_loss: 349053.9375 train_distortion: 6.7776 train_mapscore: 0.8528 train_c: -1.0105 train_max_dist: 20.1314 train_imax: 17.5818 train_imin: -1.2863 time: 1.5856s
INFO:root:Epoch: 1070 lr: 0.01 train_loss: 349410.8438 train_distortion: 6.7946 train_mapscore: 0.8522 train_c: -1.0106 train_max_dist: 20.1307 train_imax: 17.4074 train_imin: -1.2599 time: 1.5699s
INFO:root:Epoch: 1075 lr: 0.01 train_loss: 350026.2500 train_distortion: 6.7969 train_mapscore: 0.8516 train_c: -1.0107 train_max_dist: 20.0955 train_imax: 17.1956 train_imin: -1.2529 time: 1.6088s
INFO:root:Epoch: 1080 lr: 0.01 train_loss: 349703.4375 train_distortion: 6.8644 train_mapscore: 0.8510 train_c: -1.0107 train_max_dist: 20.1471 train_imax: 17.2166 train_imin: -1.2425 time: 1.6132s
INFO:root:Epoch: 1085 lr: 0.01 train_loss: 348279.1250 train_distortion: 6.9657 train_mapscore: 0.8508 train_c: -1.0107 train_max_dist: 20.2268 train_imax: 17.3870 train_imin: -1.2499 time: 1.6167s
INFO:root:Epoch: 1090 lr: 0.01 train_loss: 346546.5625 train_distortion: 7.1232 train_mapscore: 0.8507 train_c: -1.0107 train_max_dist: 20.3579 train_imax: 17.6756 train_imin: -1.2564 time: 1.6202s
INFO:root:Epoch: 1095 lr: 0.01 train_loss: 344584.1562 train_distortion: 7.2368 train_mapscore: 0.8514 train_c: -1.0108 train_max_dist: 20.4517 train_imax: 17.9188 train_imin: -1.2730 time: 1.6006s
INFO:root:Epoch: 1100 lr: 0.01 train_loss: 343342.4062 train_distortion: 7.1630 train_mapscore: 0.8531 train_c: -1.0108 train_max_dist: 20.4048 train_imax: 17.7008 train_imin: -1.2990 time: 1.6035s
INFO:root:Epoch: 1105 lr: 0.01 train_loss: 344432.2500 train_distortion: 7.0525 train_mapscore: 0.8551 train_c: -1.0109 train_max_dist: 20.2991 train_imax: 17.3369 train_imin: -1.3129 time: 1.6009s
INFO:root:Epoch: 1110 lr: 0.01 train_loss: 344810.3125 train_distortion: 7.0732 train_mapscore: 0.8555 train_c: -1.0110 train_max_dist: 20.2982 train_imax: 17.2648 train_imin: -1.2701 time: 1.6004s
INFO:root:Epoch: 1115 lr: 0.01 train_loss: 343475.0312 train_distortion: 7.0804 train_mapscore: 0.8565 train_c: -1.0110 train_max_dist: 20.3134 train_imax: 17.2641 train_imin: -1.2330 time: 1.5696s
INFO:root:Epoch: 1120 lr: 0.01 train_loss: 342053.9375 train_distortion: 7.1670 train_mapscore: 0.8566 train_c: -1.0111 train_max_dist: 20.3954 train_imax: 17.4301 train_imin: -1.2235 time: 1.5576s
INFO:root:Epoch: 1125 lr: 0.01 train_loss: 340350.5312 train_distortion: 7.3018 train_mapscore: 0.8563 train_c: -1.0111 train_max_dist: 20.5134 train_imax: 17.6853 train_imin: -1.2358 time: 1.5617s
INFO:root:Epoch: 1130 lr: 0.01 train_loss: 338580.9375 train_distortion: 7.4363 train_mapscore: 0.8562 train_c: -1.0111 train_max_dist: 20.6313 train_imax: 17.9384 train_imin: -1.2601 time: 1.5695s
INFO:root:Epoch: 1135 lr: 0.01 train_loss: 336642.4375 train_distortion: 7.5016 train_mapscore: 0.8569 train_c: -1.0112 train_max_dist: 20.6822 train_imax: 18.0663 train_imin: -1.2978 time: 1.5601s
INFO:root:Epoch: 1140 lr: 0.01 train_loss: 334858.2500 train_distortion: 7.5445 train_mapscore: 0.8581 train_c: -1.0112 train_max_dist: 20.7179 train_imax: 18.1529 train_imin: -1.3120 time: 1.6103s
INFO:root:Epoch: 1145 lr: 0.01 train_loss: 333087.9062 train_distortion: 7.5929 train_mapscore: 0.8594 train_c: -1.0112 train_max_dist: 20.7585 train_imax: 18.2612 train_imin: -1.2896 time: 1.6079s
INFO:root:Epoch: 1150 lr: 0.01 train_loss: 331392.1250 train_distortion: 7.6306 train_mapscore: 0.8606 train_c: -1.0113 train_max_dist: 20.7870 train_imax: 18.3518 train_imin: -1.2657 time: 1.5960s
INFO:root:Epoch: 1155 lr: 0.01 train_loss: 329933.1250 train_distortion: 7.6430 train_mapscore: 0.8620 train_c: -1.0113 train_max_dist: 20.7966 train_imax: 18.3766 train_imin: -1.2404 time: 1.5976s
INFO:root:Epoch: 1160 lr: 0.01 train_loss: 328579.5625 train_distortion: 7.6894 train_mapscore: 0.8631 train_c: -1.0114 train_max_dist: 20.8309 train_imax: 18.4751 train_imin: -1.2385 time: 1.6161s
INFO:root:Epoch: 1165 lr: 0.01 train_loss: 327175.2500 train_distortion: 7.6897 train_mapscore: 0.8645 train_c: -1.0114 train_max_dist: 20.8328 train_imax: 18.5068 train_imin: -1.2448 time: 1.6003s
INFO:root:Epoch: 1170 lr: 0.01 train_loss: 327903.4375 train_distortion: 7.5619 train_mapscore: 0.8661 train_c: -1.0115 train_max_dist: 20.7416 train_imax: 18.3403 train_imin: -1.2419 time: 1.6089s
INFO:root:Epoch: 1175 lr: 0.01 train_loss: 328248.8125 train_distortion: 7.6052 train_mapscore: 0.8661 train_c: -1.0116 train_max_dist: 20.7744 train_imax: 18.4534 train_imin: -1.2395 time: 1.6048s
INFO:root:Epoch: 1180 lr: 0.01 train_loss: 327656.2188 train_distortion: 7.7338 train_mapscore: 0.8657 train_c: -1.0116 train_max_dist: 20.8738 train_imax: 18.7025 train_imin: -1.2145 time: 1.5647s
INFO:root:Epoch: 1185 lr: 0.01 train_loss: 326686.1562 train_distortion: 7.8643 train_mapscore: 0.8655 train_c: -1.0116 train_max_dist: 20.9844 train_imax: 18.9471 train_imin: -1.2138 time: 1.5745s
INFO:root:Epoch: 1190 lr: 0.01 train_loss: 330745.4688 train_distortion: 7.7577 train_mapscore: 0.8645 train_c: -1.0117 train_max_dist: 21.0951 train_imax: 18.7040 train_imin: -1.4453 time: 1.5592s
INFO:root:Epoch: 1195 lr: 0.01 train_loss: 333669.3750 train_distortion: 7.7134 train_mapscore: 0.8638 train_c: -1.0118 train_max_dist: 21.1422 train_imax: 18.6582 train_imin: -1.5835 time: 1.5716s
INFO:root:Epoch: 1200 lr: 0.01 train_loss: 334823.3750 train_distortion: 7.7277 train_mapscore: 0.8638 train_c: -1.0118 train_max_dist: 21.1868 train_imax: 18.7572 train_imin: -1.6135 time: 1.5757s
INFO:root:Epoch: 1205 lr: 0.01 train_loss: 334388.0312 train_distortion: 7.7650 train_mapscore: 0.8642 train_c: -1.0119 train_max_dist: 21.2327 train_imax: 18.9135 train_imin: -1.6061 time: 1.5680s
INFO:root:Epoch: 1210 lr: 0.01 train_loss: 332909.0938 train_distortion: 7.8123 train_mapscore: 0.8650 train_c: -1.0119 train_max_dist: 21.2862 train_imax: 19.0764 train_imin: -1.5882 time: 1.6168s
INFO:root:Epoch: 1215 lr: 0.01 train_loss: 331054.9375 train_distortion: 7.8615 train_mapscore: 0.8659 train_c: -1.0119 train_max_dist: 21.3355 train_imax: 19.2308 train_imin: -1.5671 time: 1.5929s
INFO:root:Epoch: 1220 lr: 0.01 train_loss: 328867.6562 train_distortion: 7.9099 train_mapscore: 0.8671 train_c: -1.0120 train_max_dist: 21.3840 train_imax: 19.3669 train_imin: -1.5462 time: 1.6108s
INFO:root:Epoch: 1225 lr: 0.01 train_loss: 326861.7500 train_distortion: 7.9589 train_mapscore: 0.8683 train_c: -1.0120 train_max_dist: 21.4325 train_imax: 19.4962 train_imin: -1.5249 time: 1.5996s
INFO:root:Epoch: 1230 lr: 0.01 train_loss: 326323.8438 train_distortion: 8.0199 train_mapscore: 0.8688 train_c: -1.0120 train_max_dist: 21.4711 train_imax: 19.6088 train_imin: -1.5095 time: 1.6106s
INFO:root:Epoch: 1235 lr: 0.01 train_loss: 326461.5625 train_distortion: 8.0670 train_mapscore: 0.8691 train_c: -1.0121 train_max_dist: 21.4998 train_imax: 19.6973 train_imin: -1.4928 time: 1.5984s
INFO:root:Epoch: 1240 lr: 0.01 train_loss: 325743.5000 train_distortion: 8.0914 train_mapscore: 0.8698 train_c: -1.0121 train_max_dist: 21.5126 train_imax: 19.7524 train_imin: -1.4781 time: 1.5903s
INFO:root:Epoch: 1245 lr: 0.01 train_loss: 324507.0000 train_distortion: 8.1100 train_mapscore: 0.8705 train_c: -1.0121 train_max_dist: 21.5180 train_imax: 19.8087 train_imin: -1.4772 time: 1.6022s
INFO:root:Epoch: 1250 lr: 0.01 train_loss: 322964.5000 train_distortion: 8.1223 train_mapscore: 0.8716 train_c: -1.0122 train_max_dist: 21.5161 train_imax: 19.8620 train_imin: -1.4749 time: 1.5543s
INFO:root:Epoch: 1255 lr: 0.01 train_loss: 321550.5938 train_distortion: 8.1478 train_mapscore: 0.8726 train_c: -1.0122 train_max_dist: 21.5224 train_imax: 19.9411 train_imin: -1.4710 time: 1.5490s
INFO:root:Epoch: 1260 lr: 0.01 train_loss: 320054.2188 train_distortion: 8.1840 train_mapscore: 0.8734 train_c: -1.0123 train_max_dist: 21.5376 train_imax: 20.0239 train_imin: -1.4657 time: 1.5481s
INFO:root:Epoch: 1265 lr: 0.01 train_loss: 319107.1875 train_distortion: 8.1763 train_mapscore: 0.8732 train_c: -1.0123 train_max_dist: 21.4340 train_imax: 20.1008 train_imin: -1.4621 time: 1.5646s
INFO:root:Epoch: 1270 lr: 0.01 train_loss: 318287.2500 train_distortion: 8.1908 train_mapscore: 0.8746 train_c: -1.0124 train_max_dist: 21.3858 train_imax: 20.1625 train_imin: -1.4551 time: 1.6013s
INFO:root:Epoch: 1275 lr: 0.01 train_loss: 317366.0000 train_distortion: 8.1766 train_mapscore: 0.8754 train_c: -1.0125 train_max_dist: 21.3557 train_imax: 20.1603 train_imin: -1.4418 time: 1.5821s
INFO:root:Epoch: 1280 lr: 0.01 train_loss: 316799.7188 train_distortion: 8.2137 train_mapscore: 0.8752 train_c: -1.0125 train_max_dist: 21.3809 train_imax: 20.2326 train_imin: -1.4305 time: 1.5927s
INFO:root:Epoch: 1285 lr: 0.01 train_loss: 316031.3125 train_distortion: 8.2963 train_mapscore: 0.8752 train_c: -1.0126 train_max_dist: 24.0000 train_imax: 20.4055 train_imin: -1.4206 time: 1.5860s
INFO:root:Epoch: 1290 lr: 0.01 train_loss: 315196.2812 train_distortion: 8.3427 train_mapscore: 0.8756 train_c: -1.0126 train_max_dist: 21.4570 train_imax: 20.5312 train_imin: -1.4085 time: 1.5823s
INFO:root:Epoch: 1295 lr: 0.01 train_loss: 314866.1562 train_distortion: 8.2878 train_mapscore: 0.8763 train_c: -1.0127 train_max_dist: 24.0000 train_imax: 20.4969 train_imin: -1.3562 time: 1.5871s
INFO:root:Epoch: 1300 lr: 0.01 train_loss: 343229.4688 train_distortion: 6.5920 train_mapscore: 0.8786 train_c: -1.0133 train_max_dist: 20.2974 train_imax: 16.7273 train_imin: -1.4344 time: 1.5876s
INFO:root:Epoch: 1305 lr: 0.01 train_loss: 405538.4062 train_distortion: 5.2466 train_mapscore: 0.8581 train_c: -1.0139 train_max_dist: 19.3672 train_imax: 13.6941 train_imin: -1.5014 time: 1.6130s
INFO:root:Epoch: 1310 lr: 0.01 train_loss: 437202.4375 train_distortion: 4.9689 train_mapscore: 0.8399 train_c: -1.0141 train_max_dist: 19.2155 train_imax: 13.4828 train_imin: -1.4769 time: 1.6296s
INFO:root:Epoch: 1315 lr: 0.01 train_loss: 445996.3750 train_distortion: 5.1852 train_mapscore: 0.8285 train_c: -1.0142 train_max_dist: 19.4299 train_imax: 14.2409 train_imin: -1.4577 time: 1.6175s
INFO:root:Epoch: 1320 lr: 0.01 train_loss: 444851.3125 train_distortion: 5.6095 train_mapscore: 0.8215 train_c: -1.0142 train_max_dist: 19.8101 train_imax: 15.2423 train_imin: -1.4985 time: 1.6346s
INFO:root:Epoch: 1325 lr: 0.01 train_loss: 439319.2500 train_distortion: 5.7895 train_mapscore: 0.8207 train_c: -1.0142 train_max_dist: 19.9592 train_imax: 15.6349 train_imin: -1.5289 time: 1.6224s
INFO:root:Epoch: 1330 lr: 0.01 train_loss: 430657.1250 train_distortion: 5.9057 train_mapscore: 0.8226 train_c: -1.0142 train_max_dist: 20.0688 train_imax: 15.8881 train_imin: -1.5404 time: 1.6020s
INFO:root:Epoch: 1335 lr: 0.01 train_loss: 424326.7812 train_distortion: 5.7805 train_mapscore: 0.8258 train_c: -1.0142 train_max_dist: 19.9155 train_imax: 15.6276 train_imin: -1.5394 time: 1.6364s
INFO:root:Epoch: 1340 lr: 0.01 train_loss: 419555.4375 train_distortion: 5.7442 train_mapscore: 0.8279 train_c: -1.0143 train_max_dist: 19.8232 train_imax: 15.5226 train_imin: -1.5259 time: 1.6371s
INFO:root:Epoch: 1345 lr: 0.01 train_loss: 413437.0000 train_distortion: 5.8027 train_mapscore: 0.8296 train_c: -1.0142 train_max_dist: 19.8454 train_imax: 15.6026 train_imin: -1.5041 time: 1.6330s
INFO:root:Epoch: 1350 lr: 0.01 train_loss: 408184.5625 train_distortion: 5.8262 train_mapscore: 0.8317 train_c: -1.0142 train_max_dist: 19.8635 train_imax: 15.4925 train_imin: -1.4793 time: 1.6235s
INFO:root:Epoch: 1355 lr: 0.01 train_loss: 408370.7812 train_distortion: 6.1449 train_mapscore: 0.8292 train_c: -1.0141 train_max_dist: 20.1758 train_imax: 15.7781 train_imin: -1.4441 time: 1.6320s
INFO:root:Epoch: 1360 lr: 0.01 train_loss: 406780.4062 train_distortion: 6.2043 train_mapscore: 0.8304 train_c: -1.0141 train_max_dist: 20.2443 train_imax: 15.6913 train_imin: -1.4000 time: 1.6212s
INFO:root:Epoch: 1365 lr: 0.01 train_loss: 403668.3438 train_distortion: 6.2168 train_mapscore: 0.8316 train_c: -1.0141 train_max_dist: 20.2508 train_imax: 15.7239 train_imin: -1.3823 time: 1.6373s
INFO:root:Epoch: 1370 lr: 0.01 train_loss: 398535.5938 train_distortion: 6.1973 train_mapscore: 0.8347 train_c: -1.0141 train_max_dist: 20.2292 train_imax: 15.8457 train_imin: -1.3844 time: 1.6314s
INFO:root:Epoch: 1375 lr: 0.01 train_loss: 392856.0938 train_distortion: 6.2060 train_mapscore: 0.8378 train_c: -1.0141 train_max_dist: 20.2449 train_imax: 15.8945 train_imin: -1.3853 time: 1.5842s
INFO:root:Epoch: 1380 lr: 0.01 train_loss: 388600.6562 train_distortion: 6.1986 train_mapscore: 0.8403 train_c: -1.0142 train_max_dist: 20.2568 train_imax: 15.7491 train_imin: -1.3927 time: 1.6085s
INFO:root:Epoch: 1385 lr: 0.01 train_loss: 384451.4375 train_distortion: 6.2799 train_mapscore: 0.8416 train_c: -1.0142 train_max_dist: 20.3197 train_imax: 15.8396 train_imin: -1.3909 time: 1.5912s
INFO:root:Epoch: 1390 lr: 0.01 train_loss: 386196.0625 train_distortion: 6.1132 train_mapscore: 0.8417 train_c: -1.0143 train_max_dist: 20.1454 train_imax: 15.7643 train_imin: -1.5211 time: 1.5873s
INFO:root:Epoch: 1395 lr: 0.01 train_loss: 395223.0938 train_distortion: 6.1275 train_mapscore: 0.8387 train_c: -1.0144 train_max_dist: 20.1502 train_imax: 16.3282 train_imin: -1.6850 time: 1.5901s
INFO:root:Epoch: 1400 lr: 0.01 train_loss: 400061.4375 train_distortion: 6.2395 train_mapscore: 0.8353 train_c: -1.0144 train_max_dist: 20.2831 train_imax: 16.8705 train_imin: -1.5698 time: 1.5856s
INFO:root:Epoch: 1405 lr: 0.01 train_loss: 400295.0312 train_distortion: 6.3611 train_mapscore: 0.8338 train_c: -1.0144 train_max_dist: 20.3908 train_imax: 17.1603 train_imin: -1.4174 time: 1.6332s
INFO:root:Epoch: 1410 lr: 0.01 train_loss: 418539.4375 train_distortion: 5.7248 train_mapscore: 0.8282 train_c: -1.0148 train_max_dist: 19.6907 train_imax: 15.7563 train_imin: -1.4187 time: 1.6289s
INFO:root:Epoch: 1415 lr: 0.01 train_loss: 438715.5625 train_distortion: 5.3264 train_mapscore: 0.8184 train_c: -1.0152 train_max_dist: 19.3408 train_imax: 14.6215 train_imin: -1.4667 time: 1.6345s
INFO:root:Epoch: 1420 lr: 0.01 train_loss: 450473.9688 train_distortion: 5.1263 train_mapscore: 0.8121 train_c: -1.0154 train_max_dist: 19.0992 train_imax: 14.0010 train_imin: -1.5254 time: 1.6699s
INFO:root:Epoch: 1425 lr: 0.01 train_loss: 450675.6875 train_distortion: 5.0911 train_mapscore: 0.8106 train_c: -1.0155 train_max_dist: 19.0452 train_imax: 13.7623 train_imin: -1.5455 time: 1.6524s
INFO:root:Epoch: 1430 lr: 0.01 train_loss: 444464.9062 train_distortion: 5.1984 train_mapscore: 0.8116 train_c: -1.0154 train_max_dist: 19.1283 train_imax: 13.9026 train_imin: -1.5421 time: 1.6630s
INFO:root:Epoch: 1435 lr: 0.01 train_loss: 439591.7188 train_distortion: 5.0613 train_mapscore: 0.8153 train_c: -1.0156 train_max_dist: 18.9289 train_imax: 13.4933 train_imin: -1.5647 time: 1.6496s
INFO:root:Epoch: 1440 lr: 0.01 train_loss: 440985.7188 train_distortion: 4.8767 train_mapscore: 0.8167 train_c: -1.0158 train_max_dist: 18.8206 train_imax: 12.9326 train_imin: -1.5614 time: 1.6467s
INFO:root:Epoch: 1445 lr: 0.01 train_loss: 440069.0938 train_distortion: 4.8883 train_mapscore: 0.8167 train_c: -1.0158 train_max_dist: 18.8713 train_imax: 12.8455 train_imin: -1.5230 time: 1.6312s
INFO:root:Epoch: 1450 lr: 0.01 train_loss: 435519.4375 train_distortion: 5.0633 train_mapscore: 0.8164 train_c: -1.0158 train_max_dist: 19.0549 train_imax: 13.1497 train_imin: -1.4629 time: 1.6299s
INFO:root:Epoch: 1455 lr: 0.01 train_loss: 429439.8125 train_distortion: 5.2800 train_mapscore: 0.8167 train_c: -1.0158 train_max_dist: 19.2566 train_imax: 13.5832 train_imin: -1.3937 time: 1.6108s
INFO:root:Epoch: 1460 lr: 0.01 train_loss: 422889.2188 train_distortion: 5.4330 train_mapscore: 0.8182 train_c: -1.0157 train_max_dist: 19.3771 train_imax: 13.9250 train_imin: -1.3307 time: 1.6102s
INFO:root:Epoch: 1465 lr: 0.01 train_loss: 416082.0000 train_distortion: 5.5842 train_mapscore: 0.8206 train_c: -1.0157 train_max_dist: 19.4997 train_imax: 14.2421 train_imin: -1.2869 time: 1.6368s
INFO:root:Epoch: 1470 lr: 0.01 train_loss: 409632.3750 train_distortion: 5.7237 train_mapscore: 0.8224 train_c: -1.0157 train_max_dist: 19.6145 train_imax: 14.5171 train_imin: -1.2867 time: 1.6356s
INFO:root:Epoch: 1475 lr: 0.01 train_loss: 403535.5625 train_distortion: 5.8378 train_mapscore: 0.8253 train_c: -1.0156 train_max_dist: 24.0000 train_imax: 14.7187 train_imin: -1.2801 time: 1.6294s
INFO:root:Epoch: 1480 lr: 0.01 train_loss: 397906.0938 train_distortion: 5.9314 train_mapscore: 0.8278 train_c: -1.0156 train_max_dist: 19.7893 train_imax: 14.8679 train_imin: -1.2673 time: 1.6416s
INFO:root:Epoch: 1485 lr: 0.01 train_loss: 392789.7812 train_distortion: 6.0313 train_mapscore: 0.8302 train_c: -1.0156 train_max_dist: 19.8735 train_imax: 14.9994 train_imin: -1.2627 time: 1.6307s
INFO:root:Epoch: 1490 lr: 0.01 train_loss: 388515.4375 train_distortion: 6.1334 train_mapscore: 0.8318 train_c: -1.0156 train_max_dist: 19.9496 train_imax: 15.1040 train_imin: -1.2582 time: 1.6269s
INFO:root:Epoch: 1495 lr: 0.01 train_loss: 384835.8438 train_distortion: 6.1968 train_mapscore: 0.8333 train_c: -1.0156 train_max_dist: 20.0157 train_imax: 15.1933 train_imin: -1.2614 time: 1.6361s
INFO:root:Epoch: 1500 lr: 0.01 train_loss: 381438.3125 train_distortion: 6.2580 train_mapscore: 0.8350 train_c: -1.0156 train_max_dist: 20.0822 train_imax: 15.2599 train_imin: -1.2611 time: 1.6200s
INFO:root:Epoch: 1505 lr: 0.01 train_loss: 378216.5000 train_distortion: 6.3327 train_mapscore: 0.8365 train_c: -1.0156 train_max_dist: 20.1601 train_imax: 15.3561 train_imin: -1.2572 time: 1.5773s
INFO:root:Epoch: 1510 lr: 0.01 train_loss: 375074.0000 train_distortion: 6.4140 train_mapscore: 0.8382 train_c: -1.0156 train_max_dist: 20.2402 train_imax: 15.4630 train_imin: -1.2510 time: 1.5981s
INFO:root:Epoch: 1515 lr: 0.01 train_loss: 371858.4062 train_distortion: 6.4845 train_mapscore: 0.8401 train_c: -1.0156 train_max_dist: 20.3117 train_imax: 15.5446 train_imin: -1.2476 time: 1.5898s
INFO:root:Epoch: 1520 lr: 0.01 train_loss: 368854.2812 train_distortion: 6.5202 train_mapscore: 0.8421 train_c: -1.0156 train_max_dist: 20.3560 train_imax: 15.5475 train_imin: -1.2447 time: 1.5757s
INFO:root:Epoch: 1525 lr: 0.01 train_loss: 366962.5625 train_distortion: 6.5095 train_mapscore: 0.8437 train_c: -1.0156 train_max_dist: 20.3699 train_imax: 15.4535 train_imin: -1.2510 time: 1.5722s
INFO:root:Epoch: 1530 lr: 0.01 train_loss: 364945.7188 train_distortion: 6.5550 train_mapscore: 0.8445 train_c: -1.0157 train_max_dist: 20.4195 train_imax: 15.4808 train_imin: -1.2520 time: 1.6128s
INFO:root:Epoch: 1535 lr: 0.01 train_loss: 362838.7188 train_distortion: 6.6514 train_mapscore: 0.8453 train_c: -1.0157 train_max_dist: 20.5000 train_imax: 15.6271 train_imin: -1.2508 time: 1.6251s
INFO:root:Epoch: 1540 lr: 0.01 train_loss: 360867.1250 train_distortion: 6.7046 train_mapscore: 0.8463 train_c: -1.0157 train_max_dist: 20.5572 train_imax: 15.7457 train_imin: -1.2495 time: 1.6236s
INFO:root:Epoch: 1545 lr: 0.01 train_loss: 358937.5312 train_distortion: 6.7918 train_mapscore: 0.8469 train_c: -1.0157 train_max_dist: 20.6422 train_imax: 15.8924 train_imin: -1.2483 time: 1.6041s
INFO:root:Epoch: 1550 lr: 0.01 train_loss: 357577.1875 train_distortion: 6.7537 train_mapscore: 0.8494 train_c: -1.0158 train_max_dist: 20.6627 train_imax: 15.9100 train_imin: -1.2630 time: 1.6017s
INFO:root:Epoch: 1555 lr: 0.01 train_loss: 358970.4688 train_distortion: 6.6570 train_mapscore: 0.8502 train_c: -1.0159 train_max_dist: 20.6308 train_imax: 15.9064 train_imin: -1.2912 time: 1.5968s
INFO:root:Epoch: 1560 lr: 0.01 train_loss: 359869.5625 train_distortion: 6.6726 train_mapscore: 0.8503 train_c: -1.0159 train_max_dist: 20.6618 train_imax: 16.0261 train_imin: -1.3024 time: 1.6295s
INFO:root:Epoch: 1565 lr: 0.01 train_loss: 360847.7812 train_distortion: 6.5824 train_mapscore: 0.8509 train_c: -1.0160 train_max_dist: 20.5750 train_imax: 16.1424 train_imin: -1.3403 time: 1.6208s
INFO:root:Epoch: 1570 lr: 0.01 train_loss: 365093.1562 train_distortion: 6.4146 train_mapscore: 0.8512 train_c: -1.0161 train_max_dist: 20.3994 train_imax: 16.2407 train_imin: -1.3706 time: 1.5635s
INFO:root:Epoch: 1575 lr: 0.01 train_loss: 367031.2188 train_distortion: 6.3927 train_mapscore: 0.8505 train_c: -1.0162 train_max_dist: 20.3432 train_imax: 16.4278 train_imin: -1.3676 time: 1.5828s
INFO:root:Epoch: 1580 lr: 0.01 train_loss: 367164.0625 train_distortion: 6.5584 train_mapscore: 0.8485 train_c: -1.0162 train_max_dist: 20.4587 train_imax: 16.8400 train_imin: -1.3877 time: 1.5752s
INFO:root:Epoch: 1585 lr: 0.01 train_loss: 366259.4062 train_distortion: 6.6874 train_mapscore: 0.8473 train_c: -1.0162 train_max_dist: 20.5426 train_imax: 17.0860 train_imin: -1.3978 time: 1.5712s
INFO:root:Epoch: 1590 lr: 0.01 train_loss: 364278.8438 train_distortion: 6.7891 train_mapscore: 0.8471 train_c: -1.0162 train_max_dist: 20.6048 train_imax: 17.2345 train_imin: -1.4026 time: 1.5701s
INFO:root:Epoch: 1595 lr: 0.01 train_loss: 361753.5625 train_distortion: 6.8477 train_mapscore: 0.8478 train_c: -1.0162 train_max_dist: 20.6377 train_imax: 17.2721 train_imin: -1.4031 time: 1.5920s
INFO:root:Epoch: 1600 lr: 0.01 train_loss: 358860.8125 train_distortion: 6.8659 train_mapscore: 0.8497 train_c: -1.0163 train_max_dist: 20.6480 train_imax: 17.1933 train_imin: -1.4082 time: 1.6180s
INFO:root:Epoch: 1605 lr: 0.01 train_loss: 355943.5000 train_distortion: 6.8948 train_mapscore: 0.8514 train_c: -1.0163 train_max_dist: 20.6691 train_imax: 17.1644 train_imin: -1.4060 time: 1.5981s
INFO:root:Epoch: 1610 lr: 0.01 train_loss: 353269.2812 train_distortion: 6.9581 train_mapscore: 0.8526 train_c: -1.0163 train_max_dist: 20.7236 train_imax: 17.2333 train_imin: -1.3976 time: 1.6074s
INFO:root:Epoch: 1615 lr: 0.01 train_loss: 350939.0625 train_distortion: 7.0525 train_mapscore: 0.8535 train_c: -1.0163 train_max_dist: 20.8065 train_imax: 17.3631 train_imin: -1.3849 time: 1.6120s
INFO:root:Epoch: 1620 lr: 0.01 train_loss: 348652.7500 train_distortion: 7.1425 train_mapscore: 0.8543 train_c: -1.0163 train_max_dist: 20.8870 train_imax: 17.4907 train_imin: -1.3707 time: 1.5976s
INFO:root:Epoch: 1625 lr: 0.01 train_loss: 346518.9688 train_distortion: 7.1911 train_mapscore: 0.8556 train_c: -1.0163 train_max_dist: 20.9322 train_imax: 17.5092 train_imin: -1.3598 time: 1.6002s
INFO:root:Epoch: 1630 lr: 0.01 train_loss: 345785.1875 train_distortion: 7.1188 train_mapscore: 0.8572 train_c: -1.0164 train_max_dist: 20.8705 train_imax: 17.2061 train_imin: -1.3637 time: 1.5901s
INFO:root:Epoch: 1635 lr: 0.01 train_loss: 345077.1562 train_distortion: 7.1237 train_mapscore: 0.8581 train_c: -1.0165 train_max_dist: 20.8758 train_imax: 17.1174 train_imin: -1.3765 time: 1.6011s
INFO:root:Epoch: 1640 lr: 0.01 train_loss: 349849.0938 train_distortion: 6.7069 train_mapscore: 0.8609 train_c: -1.0166 train_max_dist: 20.5418 train_imax: 16.2033 train_imin: -1.4147 time: 1.5806s
INFO:root:Epoch: 1645 lr: 0.01 train_loss: 427606.4688 train_distortion: 5.2204 train_mapscore: 0.8355 train_c: -1.0172 train_max_dist: 19.4141 train_imax: 13.1457 train_imin: -1.4815 time: 1.6153s
INFO:root:Epoch: 1650 lr: 0.01 train_loss: 489412.0625 train_distortion: 4.6299 train_mapscore: 0.8023 train_c: -1.0175 train_max_dist: 18.9914 train_imax: 11.9956 train_imin: -1.5000 time: 1.6698s
INFO:root:Epoch: 1655 lr: 0.01 train_loss: 518815.8125 train_distortion: 4.4558 train_mapscore: 0.7809 train_c: -1.0177 train_max_dist: 18.9603 train_imax: 11.8838 train_imin: -1.4843 time: 1.6959s
INFO:root:Epoch: 1660 lr: 0.01 train_loss: 527149.2500 train_distortion: 4.4932 train_mapscore: 0.7706 train_c: -1.0178 train_max_dist: 19.0633 train_imax: 11.9727 train_imin: -1.4764 time: 1.7240s
INFO:root:Epoch: 1665 lr: 0.01 train_loss: 524075.3750 train_distortion: 4.5781 train_mapscore: 0.7680 train_c: -1.0178 train_max_dist: 19.1985 train_imax: 12.1655 train_imin: -1.4696 time: 1.7458s
INFO:root:Epoch: 1670 lr: 0.01 train_loss: 515950.7812 train_distortion: 4.6514 train_mapscore: 0.7694 train_c: -1.0178 train_max_dist: 19.3105 train_imax: 12.3852 train_imin: -1.4611 time: 1.7362s
INFO:root:Epoch: 1675 lr: 0.01 train_loss: 505124.6875 train_distortion: 4.8046 train_mapscore: 0.7726 train_c: -1.0177 train_max_dist: 19.4633 train_imax: 12.7678 train_imin: -1.4569 time: 1.7058s
INFO:root:Epoch: 1680 lr: 0.01 train_loss: 494112.2188 train_distortion: 4.9038 train_mapscore: 0.7766 train_c: -1.0177 train_max_dist: 19.5246 train_imax: 13.0696 train_imin: -1.4651 time: 1.7131s
INFO:root:Epoch: 1685 lr: 0.01 train_loss: 485167.8125 train_distortion: 4.9274 train_mapscore: 0.7813 train_c: -1.0177 train_max_dist: 19.5364 train_imax: 13.2215 train_imin: -1.4685 time: 1.7142s
INFO:root:Epoch: 1690 lr: 0.01 train_loss: 477295.8125 train_distortion: 4.9717 train_mapscore: 0.7852 train_c: -1.0176 train_max_dist: 19.5520 train_imax: 13.3944 train_imin: -1.4690 time: 1.6831s
INFO:root:Epoch: 1695 lr: 0.01 train_loss: 469431.8750 train_distortion: 5.0452 train_mapscore: 0.7889 train_c: -1.0176 train_max_dist: 19.5828 train_imax: 13.5666 train_imin: -1.4645 time: 1.6785s
INFO:root:Epoch: 1700 lr: 0.01 train_loss: 461597.1562 train_distortion: 5.1220 train_mapscore: 0.7930 train_c: -1.0175 train_max_dist: 19.6152 train_imax: 13.7328 train_imin: -1.4546 time: 1.6449s
INFO:root:Epoch: 1705 lr: 0.01 train_loss: 454297.3750 train_distortion: 5.1727 train_mapscore: 0.7971 train_c: -1.0175 train_max_dist: 19.5985 train_imax: 13.8215 train_imin: -1.4417 time: 1.6411s
INFO:root:Epoch: 1710 lr: 0.01 train_loss: 447761.1250 train_distortion: 5.2508 train_mapscore: 0.8001 train_c: -1.0174 train_max_dist: 20.0000 train_imax: 13.9561 train_imin: -1.4382 time: 1.6532s
INFO:root:Epoch: 1715 lr: 0.01 train_loss: 442133.6250 train_distortion: 5.2773 train_mapscore: 0.8032 train_c: -1.0175 train_max_dist: 19.5200 train_imax: 14.0443 train_imin: -1.4352 time: 1.6384s
INFO:root:Epoch: 1720 lr: 0.01 train_loss: 439113.1875 train_distortion: 5.3326 train_mapscore: 0.8033 train_c: -1.0175 train_max_dist: 19.6004 train_imax: 14.1596 train_imin: -1.4204 time: 1.6355s
INFO:root:Epoch: 1725 lr: 0.01 train_loss: 435342.8438 train_distortion: 5.4413 train_mapscore: 0.8045 train_c: -1.0175 train_max_dist: 19.7197 train_imax: 14.3766 train_imin: -1.3950 time: 1.6666s
INFO:root:Epoch: 1730 lr: 0.01 train_loss: 432273.1875 train_distortion: 5.3864 train_mapscore: 0.8070 train_c: -1.0175 train_max_dist: 19.6785 train_imax: 14.2408 train_imin: -1.3832 time: 1.6708s
INFO:root:Epoch: 1735 lr: 0.01 train_loss: 430950.4062 train_distortion: 5.3637 train_mapscore: 0.8080 train_c: -1.0175 train_max_dist: 19.6332 train_imax: 14.3765 train_imin: -1.3750 time: 1.6579s
INFO:root:Epoch: 1740 lr: 0.01 train_loss: 431015.0625 train_distortion: 5.2381 train_mapscore: 0.8103 train_c: -1.0176 train_max_dist: 19.4524 train_imax: 14.3489 train_imin: -1.3779 time: 1.6545s
INFO:root:Epoch: 1745 lr: 0.01 train_loss: 444676.9375 train_distortion: 4.6392 train_mapscore: 0.8111 train_c: -1.0180 train_max_dist: 18.8096 train_imax: 13.4056 train_imin: -1.3710 time: 1.6632s
INFO:root:Epoch: 1750 lr: 0.01 train_loss: 491166.1875 train_distortion: 3.8110 train_mapscore: 0.7937 train_c: -1.0187 train_max_dist: 18.0265 train_imax: 11.8145 train_imin: -1.3854 time: 1.6908s
INFO:root:Epoch: 1755 lr: 0.01 train_loss: 522140.6875 train_distortion: 3.5936 train_mapscore: 0.7734 train_c: -1.0189 train_max_dist: 17.7146 train_imax: 11.2618 train_imin: -1.4216 time: 1.7245s
INFO:root:Epoch: 1760 lr: 0.01 train_loss: 538006.0625 train_distortion: 3.5716 train_mapscore: 0.7602 train_c: -1.0190 train_max_dist: 17.7147 train_imax: 11.0848 train_imin: -1.4174 time: 1.7283s
INFO:root:Epoch: 1765 lr: 0.01 train_loss: 543323.5000 train_distortion: 3.6115 train_mapscore: 0.7540 train_c: -1.0191 train_max_dist: 17.7291 train_imax: 11.0883 train_imin: -1.4039 time: 1.6961s
INFO:root:Epoch: 1770 lr: 0.01 train_loss: 542467.2500 train_distortion: 3.7098 train_mapscore: 0.7519 train_c: -1.0190 train_max_dist: 17.8309 train_imax: 11.2148 train_imin: -1.3855 time: 1.7098s
INFO:root:Epoch: 1775 lr: 0.01 train_loss: 537413.3125 train_distortion: 3.8242 train_mapscore: 0.7525 train_c: -1.0190 train_max_dist: 20.0000 train_imax: 11.4228 train_imin: -1.3737 time: 1.6910s
INFO:root:Epoch: 1780 lr: 0.01 train_loss: 530513.6250 train_distortion: 3.9535 train_mapscore: 0.7547 train_c: -1.0189 train_max_dist: 18.1422 train_imax: 11.7142 train_imin: -1.3551 time: 1.6913s
INFO:root:Epoch: 1785 lr: 0.01 train_loss: 524004.9375 train_distortion: 4.1545 train_mapscore: 0.7557 train_c: -1.0188 train_max_dist: 18.3542 train_imax: 12.0368 train_imin: -1.3318 time: 1.7034s
INFO:root:Epoch: 1790 lr: 0.01 train_loss: 516985.6250 train_distortion: 4.2891 train_mapscore: 0.7586 train_c: -1.0187 train_max_dist: 18.4950 train_imax: 12.3794 train_imin: -1.3357 time: 1.6809s
INFO:root:Epoch: 1795 lr: 0.01 train_loss: 509929.3125 train_distortion: 4.4300 train_mapscore: 0.7613 train_c: -1.0186 train_max_dist: 18.6868 train_imax: 12.7688 train_imin: -1.3355 time: 1.7114s
INFO:root:Epoch: 1800 lr: 0.01 train_loss: 502844.8438 train_distortion: 4.5213 train_mapscore: 0.7647 train_c: -1.0185 train_max_dist: 18.8077 train_imax: 13.0428 train_imin: -1.3381 time: 1.7073s
INFO:root:Epoch: 1805 lr: 0.01 train_loss: 495901.9375 train_distortion: 4.5857 train_mapscore: 0.7684 train_c: -1.0185 train_max_dist: 18.8939 train_imax: 13.2914 train_imin: -1.3490 time: 1.7203s
INFO:root:Epoch: 1810 lr: 0.01 train_loss: 489606.9062 train_distortion: 4.5992 train_mapscore: 0.7724 train_c: -1.0184 train_max_dist: 18.9258 train_imax: 13.3898 train_imin: -1.3561 time: 1.6995s
INFO:root:Epoch: 1815 lr: 0.01 train_loss: 483961.4375 train_distortion: 4.8004 train_mapscore: 0.7729 train_c: -1.0183 train_max_dist: 19.1792 train_imax: 13.7650 train_imin: -1.3243 time: 1.7031s
INFO:root:Epoch: 1820 lr: 0.01 train_loss: 479546.9375 train_distortion: 4.8952 train_mapscore: 0.7744 train_c: -1.0182 train_max_dist: 19.2890 train_imax: 13.8751 train_imin: -1.2999 time: 1.6871s
INFO:root:Epoch: 1825 lr: 0.01 train_loss: 474815.9375 train_distortion: 4.9223 train_mapscore: 0.7772 train_c: -1.0181 train_max_dist: 19.3254 train_imax: 13.8690 train_imin: -1.2946 time: 1.6851s
INFO:root:Epoch: 1830 lr: 0.01 train_loss: 470164.9375 train_distortion: 4.7192 train_mapscore: 0.7833 train_c: -1.0182 train_max_dist: 19.1075 train_imax: 13.4156 train_imin: -1.3078 time: 1.6900s
INFO:root:Epoch: 1835 lr: 0.01 train_loss: 466391.5625 train_distortion: 4.6193 train_mapscore: 0.7874 train_c: -1.0182 train_max_dist: 19.0007 train_imax: 13.1544 train_imin: -1.3166 time: 1.6590s
INFO:root:Epoch: 1840 lr: 0.01 train_loss: 462523.2500 train_distortion: 4.5851 train_mapscore: 0.7906 train_c: -1.0182 train_max_dist: 18.9542 train_imax: 12.9691 train_imin: -1.3176 time: 1.6651s
INFO:root:Epoch: 1845 lr: 0.01 train_loss: 458537.2812 train_distortion: 4.5954 train_mapscore: 0.7931 train_c: -1.0182 train_max_dist: 18.9408 train_imax: 12.8376 train_imin: -1.3101 time: 1.6411s
INFO:root:Epoch: 1850 lr: 0.01 train_loss: 454668.2812 train_distortion: 4.6837 train_mapscore: 0.7943 train_c: -1.0181 train_max_dist: 19.0233 train_imax: 12.8554 train_imin: -1.3016 time: 1.6370s
INFO:root:Epoch: 1855 lr: 0.01 train_loss: 473169.6875 train_distortion: 3.5657 train_mapscore: 0.8078 train_c: -1.0186 train_max_dist: 17.6680 train_imax: 11.3556 train_imin: -1.3949 time: 1.6950s
INFO:root:Epoch: 1860 lr: 0.01 train_loss: 497530.7812 train_distortion: 2.9843 train_mapscore: 0.8083 train_c: -1.0190 train_max_dist: 16.8010 train_imax: 10.4776 train_imin: -1.4508 time: 1.6907s
INFO:root:Epoch: 1865 lr: 0.01 train_loss: 505670.8125 train_distortion: 2.9360 train_mapscore: 0.8046 train_c: -1.0191 train_max_dist: 16.6624 train_imax: 10.4787 train_imin: -1.4830 time: 1.6881s
INFO:root:Epoch: 1870 lr: 0.01 train_loss: 502907.4688 train_distortion: 3.2258 train_mapscore: 0.7981 train_c: -1.0190 train_max_dist: 17.0317 train_imax: 11.1061 train_imin: -1.4769 time: 1.7119s
INFO:root:Epoch: 1875 lr: 0.01 train_loss: 496638.3750 train_distortion: 3.6465 train_mapscore: 0.7915 train_c: -1.0190 train_max_dist: 17.5181 train_imax: 11.9444 train_imin: -1.4491 time: 1.7215s
INFO:root:Epoch: 1880 lr: 0.01 train_loss: 489520.4062 train_distortion: 4.2064 train_mapscore: 0.7846 train_c: -1.0188 train_max_dist: 18.2514 train_imax: 12.9324 train_imin: -1.4196 time: 1.6965s
INFO:root:Epoch: 1885 lr: 0.01 train_loss: 484273.5000 train_distortion: 4.6543 train_mapscore: 0.7806 train_c: -1.0186 train_max_dist: 18.8095 train_imax: 13.7111 train_imin: -1.3869 time: 1.6932s
INFO:root:Epoch: 1890 lr: 0.01 train_loss: 479694.1562 train_distortion: 4.9430 train_mapscore: 0.7794 train_c: -1.0186 train_max_dist: 19.1613 train_imax: 14.2108 train_imin: -1.3677 time: 1.6847s
INFO:root:Epoch: 1895 lr: 0.01 train_loss: 474783.0000 train_distortion: 5.0969 train_mapscore: 0.7800 train_c: -1.0185 train_max_dist: 19.3544 train_imax: 14.4812 train_imin: -1.3636 time: 1.6386s
INFO:root:Epoch: 1900 lr: 0.01 train_loss: 469477.4062 train_distortion: 5.1457 train_mapscore: 0.7823 train_c: -1.0185 train_max_dist: 19.4287 train_imax: 14.5602 train_imin: -1.3709 time: 1.6554s
INFO:root:Epoch: 1905 lr: 0.01 train_loss: 463768.1250 train_distortion: 5.1250 train_mapscore: 0.7861 train_c: -1.0185 train_max_dist: 19.4256 train_imax: 14.5108 train_imin: -1.3756 time: 1.6426s
INFO:root:Epoch: 1910 lr: 0.01 train_loss: 458400.5000 train_distortion: 5.0679 train_mapscore: 0.7908 train_c: -1.0185 train_max_dist: 19.3768 train_imax: 14.3709 train_imin: -1.3758 time: 1.6310s
INFO:root:Epoch: 1915 lr: 0.01 train_loss: 453679.9688 train_distortion: 5.0364 train_mapscore: 0.7947 train_c: -1.0185 train_max_dist: 19.3516 train_imax: 14.2839 train_imin: -1.3738 time: 1.6219s
INFO:root:Epoch: 1920 lr: 0.01 train_loss: 449554.1250 train_distortion: 5.0545 train_mapscore: 0.7970 train_c: -1.0185 train_max_dist: 19.3792 train_imax: 14.2919 train_imin: -1.3703 time: 1.6618s
INFO:root:Epoch: 1925 lr: 0.01 train_loss: 445601.3750 train_distortion: 5.1120 train_mapscore: 0.7989 train_c: -1.0185 train_max_dist: 19.4462 train_imax: 14.3903 train_imin: -1.3675 time: 1.6671s
INFO:root:Epoch: 1930 lr: 0.01 train_loss: 442131.9375 train_distortion: 5.1897 train_mapscore: 0.8002 train_c: -1.0184 train_max_dist: 19.5295 train_imax: 14.5232 train_imin: -1.3708 time: 1.6622s
INFO:root:Epoch: 1935 lr: 0.01 train_loss: 438624.8438 train_distortion: 5.2274 train_mapscore: 0.8023 train_c: -1.0184 train_max_dist: 19.5855 train_imax: 14.5967 train_imin: -1.4063 time: 1.6621s
INFO:root:Epoch: 1940 lr: 0.01 train_loss: 435494.3750 train_distortion: 5.2788 train_mapscore: 0.8038 train_c: -1.0184 train_max_dist: 19.6511 train_imax: 14.6873 train_imin: -1.4196 time: 1.6529s
INFO:root:Epoch: 1945 lr: 0.01 train_loss: 432387.6875 train_distortion: 5.3418 train_mapscore: 0.8050 train_c: -1.0184 train_max_dist: 19.7317 train_imax: 14.7878 train_imin: -1.4181 time: 1.6536s
INFO:root:Epoch: 1950 lr: 0.01 train_loss: 432540.4688 train_distortion: 5.2599 train_mapscore: 0.8063 train_c: -1.0184 train_max_dist: 19.7090 train_imax: 14.4779 train_imin: -1.3920 time: 1.6591s
INFO:root:Epoch: 1955 lr: 0.01 train_loss: 434204.0312 train_distortion: 5.1886 train_mapscore: 0.8066 train_c: -1.0185 train_max_dist: 19.6841 train_imax: 14.1649 train_imin: -1.3697 time: 1.6498s
INFO:root:Epoch: 1960 lr: 0.01 train_loss: 434665.0000 train_distortion: 5.2004 train_mapscore: 0.8064 train_c: -1.0185 train_max_dist: 19.7217 train_imax: 14.0667 train_imin: -1.3519 time: 1.6197s
INFO:root:Epoch: 1965 lr: 0.01 train_loss: 433635.2188 train_distortion: 5.2542 train_mapscore: 0.8065 train_c: -1.0185 train_max_dist: 19.7669 train_imax: 14.0863 train_imin: -1.3493 time: 1.6197s
INFO:root:Epoch: 1970 lr: 0.01 train_loss: 432369.6875 train_distortion: 5.4022 train_mapscore: 0.8060 train_c: -1.0184 train_max_dist: 19.9150 train_imax: 14.3343 train_imin: -1.3400 time: 1.6188s
INFO:root:Epoch: 1975 lr: 0.01 train_loss: 430693.4688 train_distortion: 5.4991 train_mapscore: 0.8060 train_c: -1.0184 train_max_dist: 20.0034 train_imax: 14.5054 train_imin: -1.3359 time: 1.6123s
INFO:root:Epoch: 1980 lr: 0.01 train_loss: 428346.0000 train_distortion: 5.5213 train_mapscore: 0.8071 train_c: -1.0184 train_max_dist: 20.0163 train_imax: 14.5594 train_imin: -1.3327 time: 1.6081s
INFO:root:Epoch: 1985 lr: 0.01 train_loss: 425440.8438 train_distortion: 5.4709 train_mapscore: 0.8096 train_c: -1.0184 train_max_dist: 19.9642 train_imax: 14.5007 train_imin: -1.3239 time: 1.6067s
INFO:root:Epoch: 1990 lr: 0.01 train_loss: 422952.2500 train_distortion: 5.4975 train_mapscore: 0.8106 train_c: -1.0184 train_max_dist: 19.9852 train_imax: 14.5713 train_imin: -1.3156 time: 1.6590s
INFO:root:Epoch: 1995 lr: 0.01 train_loss: 420495.5625 train_distortion: 5.5510 train_mapscore: 0.8115 train_c: -1.0183 train_max_dist: 20.0307 train_imax: 14.6730 train_imin: -1.3082 time: 1.6592s
INFO:root:Epoch: 2000 lr: 0.0025 train_loss: 418563.3125 train_distortion: 5.6657 train_mapscore: 0.8111 train_c: -1.0183 train_max_dist: 20.1610 train_imax: 14.8604 train_imin: -1.3000 time: 1.6388s
INFO:root:Optimization Finished!
INFO:root:Total time elapsed: 3252.3111s
INFO:root:Val set results: val_distortion: 1.0000 val_mapscore: -1.0000 val_c: -1.0000 val_max_dist: 0.0000
INFO:root:Test set results: test_loss: 418182.8750 test_distortion: 5.6800 test_mapscore: 0.8111 test_c: -1.0183 test_max_dist: 24.0000 test_imax: 14.8727 test_imin: -1.2987
INFO:root:Saved model in /workspace/xiongbo/hgcn/logs/md/2021_5_23/10
