INFO:root:Using: cuda:0
INFO:root:Using seed 1234.
INFO:root:MDModel(
  (encoder): HGCN(
    (layers): Sequential(
      (0): HyperbolicGraphConvolution(
        (linear): HypLinear(
          in_features=2275, out_features=10, c=Parameter containing:
          tensor([-1.], requires_grad=True)
        )
        (agg): HypAgg(
          c=Parameter containing:
          tensor([-1.], requires_grad=True)
        )
        (hyp_act): HypAct(
          c_in=Parameter containing:
          tensor([-1.], requires_grad=True), c_out=Parameter containing:
          tensor([-1.], requires_grad=True)
        )
      )
    )
  )
  (decoder): MDDecoder()
)
INFO:root:Total number of parameters: 22762
/workspace/anaconda3/envs/geo/lib/python3.7/site-packages/torch/optim/lr_scheduler.py:370: UserWarning: To get the last learning rate computed by the scheduler, please use `get_last_lr()`.
  "please use `get_last_lr()`.", UserWarning)
INFO:root:Epoch: 0005 lr: 0.001 train_loss: 1200887.5000 train_distortion: 0.8959 train_mapscore: 0.0393 train_c: -0.9997 train_max_dist: 1.3004 train_imax: -0.0000 train_imin: -1.3766 time: 2.3471s
INFO:root:Epoch: 0010 lr: 0.001 train_loss: 1197516.0000 train_distortion: 0.8880 train_mapscore: 0.0447 train_c: -1.0001 train_max_dist: 1.4557 train_imax: -0.0000 train_imin: -1.3982 time: 2.3299s
INFO:root:Epoch: 0015 lr: 0.001 train_loss: 1193669.5000 train_distortion: 0.8767 train_mapscore: 0.0520 train_c: -1.0005 train_max_dist: 1.6850 train_imax: -0.0000 train_imin: -1.4533 time: 2.2936s
INFO:root:Epoch: 0020 lr: 0.001 train_loss: 1189187.0000 train_distortion: 0.8628 train_mapscore: 0.0603 train_c: -1.0011 train_max_dist: 1.8349 train_imax: -0.0000 train_imin: -1.5051 time: 2.2257s
INFO:root:Epoch: 0025 lr: 0.001 train_loss: 1183883.2500 train_distortion: 0.8459 train_mapscore: 0.0715 train_c: -1.0017 train_max_dist: 1.9156 train_imax: -0.0000 train_imin: -1.5772 time: 2.1721s
INFO:root:Epoch: 0030 lr: 0.001 train_loss: 1177487.6250 train_distortion: 0.8256 train_mapscore: 0.0851 train_c: -1.0023 train_max_dist: 1.9502 train_imax: -0.0000 train_imin: -1.6538 time: 2.1257s
INFO:root:Epoch: 0035 lr: 0.001 train_loss: 1169786.6250 train_distortion: 0.8012 train_mapscore: 0.1035 train_c: -1.0029 train_max_dist: 1.9883 train_imax: -0.0000 train_imin: -1.7236 time: 2.0699s
INFO:root:Epoch: 0040 lr: 0.001 train_loss: 1160711.0000 train_distortion: 0.7726 train_mapscore: 0.1261 train_c: -1.0036 train_max_dist: 2.0408 train_imax: -0.0000 train_imin: -1.7936 time: 2.0078s
INFO:root:Epoch: 0045 lr: 0.001 train_loss: 1150398.6250 train_distortion: 0.7404 train_mapscore: 0.1564 train_c: -1.0044 train_max_dist: 2.0376 train_imax: -0.0000 train_imin: -1.8660 time: 1.9087s
INFO:root:Epoch: 0050 lr: 0.001 train_loss: 1139210.6250 train_distortion: 0.7062 train_mapscore: 0.1935 train_c: -1.0051 train_max_dist: 2.0990 train_imax: -0.0000 train_imin: -1.9308 time: 1.8415s
INFO:root:Epoch: 0055 lr: 0.001 train_loss: 1127542.6250 train_distortion: 0.6712 train_mapscore: 0.2340 train_c: -1.0059 train_max_dist: 2.1987 train_imax: -0.0000 train_imin: -1.9759 time: 1.8068s
INFO:root:Epoch: 0060 lr: 0.001 train_loss: 1115865.0000 train_distortion: 0.6372 train_mapscore: 0.2730 train_c: -1.0067 train_max_dist: 2.3193 train_imax: -0.0000 train_imin: -2.0045 time: 1.7494s
INFO:root:Epoch: 0065 lr: 0.001 train_loss: 1104575.7500 train_distortion: 0.6054 train_mapscore: 0.3095 train_c: -1.0075 train_max_dist: 2.4310 train_imax: -0.0000 train_imin: -2.0565 time: 1.7044s
INFO:root:Epoch: 0070 lr: 0.001 train_loss: 1093952.5000 train_distortion: 0.5765 train_mapscore: 0.3390 train_c: -1.0083 train_max_dist: 2.5177 train_imax: -0.0000 train_imin: -2.1584 time: 1.7014s
INFO:root:Epoch: 0075 lr: 0.001 train_loss: 1084105.1250 train_distortion: 0.5510 train_mapscore: 0.3661 train_c: -1.0092 train_max_dist: 2.6411 train_imax: -0.0000 train_imin: -2.2332 time: 1.6702s
INFO:root:Epoch: 0080 lr: 0.001 train_loss: 1075083.2500 train_distortion: 0.5286 train_mapscore: 0.3902 train_c: -1.0100 train_max_dist: 2.7365 train_imax: -0.0000 train_imin: -2.2795 time: 1.6910s
INFO:root:Epoch: 0085 lr: 0.001 train_loss: 1066841.0000 train_distortion: 0.5087 train_mapscore: 0.4114 train_c: -1.0108 train_max_dist: 2.8395 train_imax: -0.0000 train_imin: -2.3023 time: 1.6541s
INFO:root:Epoch: 0090 lr: 0.001 train_loss: 1059293.1250 train_distortion: 0.4911 train_mapscore: 0.4323 train_c: -1.0117 train_max_dist: 2.9177 train_imax: -0.0000 train_imin: -2.3202 time: 1.6754s
INFO:root:Epoch: 0095 lr: 0.001 train_loss: 1052285.5000 train_distortion: 0.4750 train_mapscore: 0.4534 train_c: -1.0125 train_max_dist: 2.9772 train_imax: -0.0000 train_imin: -2.3342 time: 1.6438s
INFO:root:Epoch: 0100 lr: 0.001 train_loss: 1045890.6250 train_distortion: 0.4605 train_mapscore: 0.4725 train_c: -1.0134 train_max_dist: 3.0185 train_imax: -0.0000 train_imin: -2.3490 time: 1.6319s
INFO:root:Epoch: 0105 lr: 0.001 train_loss: 1039938.1250 train_distortion: 0.4470 train_mapscore: 0.4889 train_c: -1.0142 train_max_dist: 3.0934 train_imax: -0.0000 train_imin: -2.3679 time: 1.6184s
INFO:root:Epoch: 0110 lr: 0.001 train_loss: 1034275.0625 train_distortion: 0.4342 train_mapscore: 0.5049 train_c: -1.0150 train_max_dist: 3.1879 train_imax: -0.0000 train_imin: -2.4024 time: 1.6416s
INFO:root:Epoch: 0115 lr: 0.001 train_loss: 1028902.6875 train_distortion: 0.4222 train_mapscore: 0.5224 train_c: -1.0158 train_max_dist: 3.2562 train_imax: -0.0000 train_imin: -2.4644 time: 1.6174s
INFO:root:Epoch: 0120 lr: 0.001 train_loss: 1023735.6875 train_distortion: 0.4106 train_mapscore: 0.5369 train_c: -1.0166 train_max_dist: 3.3069 train_imax: -0.0000 train_imin: -2.5104 time: 1.5815s
INFO:root:Epoch: 0125 lr: 0.001 train_loss: 1018803.3750 train_distortion: 0.3998 train_mapscore: 0.5515 train_c: -1.0174 train_max_dist: 3.3810 train_imax: -0.0000 train_imin: -2.5435 time: 1.5701s
INFO:root:Epoch: 0130 lr: 0.001 train_loss: 1014028.4375 train_distortion: 0.3896 train_mapscore: 0.5656 train_c: -1.0182 train_max_dist: 3.4625 train_imax: -0.0000 train_imin: -2.6064 time: 1.5706s
INFO:root:Epoch: 0135 lr: 0.001 train_loss: 1009386.4375 train_distortion: 0.3797 train_mapscore: 0.5803 train_c: -1.0190 train_max_dist: 3.5294 train_imax: -0.0000 train_imin: -2.6362 time: 1.5522s
INFO:root:Epoch: 0140 lr: 0.001 train_loss: 1004813.9375 train_distortion: 0.3701 train_mapscore: 0.5938 train_c: -1.0198 train_max_dist: 3.6033 train_imax: -0.0000 train_imin: -2.6806 time: 1.6025s
INFO:root:Epoch: 0145 lr: 0.001 train_loss: 1000337.4375 train_distortion: 0.3609 train_mapscore: 0.6049 train_c: -1.0205 train_max_dist: 3.6692 train_imax: -0.0000 train_imin: -2.7288 time: 1.5941s
INFO:root:Epoch: 0150 lr: 0.001 train_loss: 995913.4375 train_distortion: 0.3519 train_mapscore: 0.6151 train_c: -1.0213 train_max_dist: 3.7218 train_imax: -0.0000 train_imin: -2.7914 time: 1.5813s
INFO:root:Epoch: 0155 lr: 0.001 train_loss: 991476.5625 train_distortion: 0.3432 train_mapscore: 0.6221 train_c: -1.0221 train_max_dist: 3.7664 train_imax: -0.0000 train_imin: -2.8536 time: 1.5767s
INFO:root:Epoch: 0160 lr: 0.001 train_loss: 987061.5000 train_distortion: 0.3349 train_mapscore: 0.6284 train_c: -1.0229 train_max_dist: 3.8836 train_imax: -0.0000 train_imin: -2.9158 time: 1.5940s
INFO:root:Epoch: 0165 lr: 0.001 train_loss: 982665.0625 train_distortion: 0.3270 train_mapscore: 0.6359 train_c: -1.0236 train_max_dist: 4.0094 train_imax: -0.0000 train_imin: -2.9758 time: 1.5851s
INFO:root:Epoch: 0170 lr: 0.001 train_loss: 978207.3750 train_distortion: 0.3192 train_mapscore: 0.6411 train_c: -1.0244 train_max_dist: 4.0508 train_imax: -0.0000 train_imin: -3.0365 time: 1.5697s
INFO:root:Epoch: 0175 lr: 0.001 train_loss: 973706.0000 train_distortion: 0.3115 train_mapscore: 0.6432 train_c: -1.0251 train_max_dist: 4.1457 train_imax: -0.0000 train_imin: -3.0949 time: 1.5901s
INFO:root:Epoch: 0180 lr: 0.001 train_loss: 969102.6250 train_distortion: 0.3038 train_mapscore: 0.6490 train_c: -1.0259 train_max_dist: 4.2159 train_imax: -0.0000 train_imin: -3.1531 time: 1.5580s
INFO:root:Epoch: 0185 lr: 0.001 train_loss: 964404.6250 train_distortion: 0.2962 train_mapscore: 0.6536 train_c: -1.0266 train_max_dist: 4.2854 train_imax: -0.0000 train_imin: -3.2076 time: 1.5352s
INFO:root:Epoch: 0190 lr: 0.001 train_loss: 959706.9375 train_distortion: 0.2887 train_mapscore: 0.6581 train_c: -1.0274 train_max_dist: 4.4187 train_imax: -0.0000 train_imin: -3.2693 time: 1.5346s
INFO:root:Epoch: 0195 lr: 0.001 train_loss: 954918.3750 train_distortion: 0.2814 train_mapscore: 0.6619 train_c: -1.0281 train_max_dist: 4.5500 train_imax: -0.0000 train_imin: -3.3319 time: 1.5310s
INFO:root:Epoch: 0200 lr: 0.001 train_loss: 950095.5000 train_distortion: 0.2744 train_mapscore: 0.6665 train_c: -1.0289 train_max_dist: 4.6712 train_imax: -0.0000 train_imin: -3.3852 time: 1.5269s
INFO:root:Epoch: 0205 lr: 0.001 train_loss: 945227.7500 train_distortion: 0.2675 train_mapscore: 0.6697 train_c: -1.0296 train_max_dist: 4.7494 train_imax: -0.0000 train_imin: -3.4340 time: 1.5581s
INFO:root:Epoch: 0210 lr: 0.001 train_loss: 940358.5000 train_distortion: 0.2609 train_mapscore: 0.6692 train_c: -1.0304 train_max_dist: 4.8400 train_imax: -0.0000 train_imin: -3.4736 time: 1.5578s
INFO:root:Epoch: 0215 lr: 0.001 train_loss: 935455.4375 train_distortion: 0.2546 train_mapscore: 0.6685 train_c: -1.0311 train_max_dist: 4.9162 train_imax: -0.0000 train_imin: -3.5347 time: 1.5856s
INFO:root:Epoch: 0220 lr: 0.001 train_loss: 930591.3125 train_distortion: 0.2487 train_mapscore: 0.6722 train_c: -1.0319 train_max_dist: 5.0263 train_imax: -0.0000 train_imin: -3.6121 time: 1.5587s
INFO:root:Epoch: 0225 lr: 0.001 train_loss: 925647.0625 train_distortion: 0.2432 train_mapscore: 0.6742 train_c: -1.0326 train_max_dist: 5.1483 train_imax: -0.0000 train_imin: -3.6836 time: 1.5928s
INFO:root:Epoch: 0230 lr: 0.001 train_loss: 920713.7500 train_distortion: 0.2381 train_mapscore: 0.6765 train_c: -1.0334 train_max_dist: 5.2508 train_imax: -0.0000 train_imin: -3.7557 time: 1.5746s
INFO:root:Epoch: 0235 lr: 0.001 train_loss: 915727.7500 train_distortion: 0.2332 train_mapscore: 0.6818 train_c: -1.0341 train_max_dist: 5.4189 train_imax: -0.0000 train_imin: -3.8150 time: 1.5853s
INFO:root:Epoch: 0240 lr: 0.001 train_loss: 910625.5000 train_distortion: 0.2287 train_mapscore: 0.6879 train_c: -1.0349 train_max_dist: 5.5212 train_imax: -0.0000 train_imin: -3.8782 time: 1.6020s
INFO:root:Epoch: 0245 lr: 0.001 train_loss: 905465.8750 train_distortion: 0.2246 train_mapscore: 0.6941 train_c: -1.0356 train_max_dist: 5.6432 train_imax: -0.0000 train_imin: -3.9336 time: 1.5365s
INFO:root:Epoch: 0250 lr: 0.001 train_loss: 900238.3750 train_distortion: 0.2208 train_mapscore: 0.7004 train_c: -1.0364 train_max_dist: 5.7610 train_imax: -0.0000 train_imin: -3.9915 time: 1.5479s
INFO:root:Epoch: 0255 lr: 0.001 train_loss: 894856.6250 train_distortion: 0.2175 train_mapscore: 0.7068 train_c: -1.0371 train_max_dist: 5.8657 train_imax: -0.0000 train_imin: -4.0466 time: 1.5187s
INFO:root:Epoch: 0260 lr: 0.001 train_loss: 889440.7500 train_distortion: 0.2145 train_mapscore: 0.7090 train_c: -1.0379 train_max_dist: 5.9695 train_imax: -0.0000 train_imin: -4.0949 time: 1.5217s
INFO:root:Epoch: 0265 lr: 0.001 train_loss: 883884.6250 train_distortion: 0.2122 train_mapscore: 0.7136 train_c: -1.0387 train_max_dist: 6.0746 train_imax: -0.0000 train_imin: -4.1369 time: 1.5333s
INFO:root:Epoch: 0270 lr: 0.001 train_loss: 878517.7500 train_distortion: 0.2102 train_mapscore: 0.7162 train_c: -1.0394 train_max_dist: 6.2166 train_imax: -0.0000 train_imin: -4.1855 time: 1.5181s
INFO:root:Epoch: 0275 lr: 0.001 train_loss: 872956.6250 train_distortion: 0.2088 train_mapscore: 0.7298 train_c: -1.0402 train_max_dist: 6.8029 train_imax: -0.0000 train_imin: -4.2307 time: 1.5665s
INFO:root:Epoch: 0280 lr: 0.001 train_loss: 867297.9375 train_distortion: 0.2081 train_mapscore: 0.7449 train_c: -1.0409 train_max_dist: 7.3586 train_imax: -0.0000 train_imin: -4.2759 time: 1.5447s
INFO:root:Epoch: 0285 lr: 0.001 train_loss: 861360.2500 train_distortion: 0.2079 train_mapscore: 0.7543 train_c: -1.0417 train_max_dist: 8.3367 train_imax: -0.0000 train_imin: -4.3190 time: 1.5550s
INFO:root:Epoch: 0290 lr: 0.001 train_loss: 855203.0000 train_distortion: 0.2084 train_mapscore: 0.7619 train_c: -1.0425 train_max_dist: 9.3677 train_imax: -0.0000 train_imin: -4.3576 time: 1.5822s
INFO:root:Epoch: 0295 lr: 0.001 train_loss: 848551.1250 train_distortion: 0.2093 train_mapscore: 0.7678 train_c: -1.0432 train_max_dist: 7.4244 train_imax: -0.0000 train_imin: -4.4071 time: 1.6035s
INFO:root:Epoch: 0300 lr: 0.001 train_loss: 841347.9375 train_distortion: 0.2112 train_mapscore: 0.7744 train_c: -1.0440 train_max_dist: 8.5096 train_imax: -0.0000 train_imin: -4.4979 time: 1.5524s
INFO:root:Epoch: 0305 lr: 0.001 train_loss: 833241.6250 train_distortion: 0.2138 train_mapscore: 0.7791 train_c: -1.0448 train_max_dist: 9.6143 train_imax: -0.0000 train_imin: -4.6010 time: 1.5513s
INFO:root:Epoch: 0310 lr: 0.001 train_loss: 824071.6250 train_distortion: 0.2179 train_mapscore: 0.7837 train_c: -1.0455 train_max_dist: 9.9453 train_imax: -0.0000 train_imin: -4.7120 time: 1.5444s
INFO:root:Epoch: 0315 lr: 0.001 train_loss: 814074.8750 train_distortion: 0.2240 train_mapscore: 0.7876 train_c: -1.0463 train_max_dist: 9.2324 train_imax: -0.0000 train_imin: -4.8838 time: 1.5123s
INFO:root:Epoch: 0320 lr: 0.001 train_loss: 803391.8750 train_distortion: 0.2329 train_mapscore: 0.7882 train_c: -1.0471 train_max_dist: 9.8965 train_imax: -0.0000 train_imin: -5.0390 time: 1.4985s
INFO:root:Epoch: 0325 lr: 0.001 train_loss: 792250.0625 train_distortion: 0.2446 train_mapscore: 0.7907 train_c: -1.0479 train_max_dist: 10.0625 train_imax: 0.0307 train_imin: -5.2265 time: 1.5062s
INFO:root:Epoch: 0330 lr: 0.001 train_loss: 780598.2500 train_distortion: 0.2600 train_mapscore: 0.7924 train_c: -1.0487 train_max_dist: 10.2031 train_imax: 0.0885 train_imin: -5.4239 time: 1.5039s
INFO:root:Epoch: 0335 lr: 0.001 train_loss: 768731.2500 train_distortion: 0.2781 train_mapscore: 0.7969 train_c: -1.0494 train_max_dist: 10.6250 train_imax: 0.1212 train_imin: -5.6289 time: 1.5455s
INFO:root:Epoch: 0340 lr: 0.001 train_loss: 756754.8750 train_distortion: 0.2997 train_mapscore: 0.7986 train_c: -1.0502 train_max_dist: 10.1406 train_imax: 0.2087 train_imin: -5.8545 time: 1.5565s
INFO:root:Epoch: 0345 lr: 0.001 train_loss: 744461.5000 train_distortion: 0.3245 train_mapscore: 0.8017 train_c: -1.0510 train_max_dist: 10.2500 train_imax: 0.3277 train_imin: -6.0881 time: 1.5466s
INFO:root:Epoch: 0350 lr: 0.001 train_loss: 732048.4375 train_distortion: 0.3522 train_mapscore: 0.8044 train_c: -1.0518 train_max_dist: 10.2812 train_imax: 0.3535 train_imin: -6.3117 time: 1.5718s
INFO:root:Epoch: 0355 lr: 0.001 train_loss: 719490.3125 train_distortion: 0.3839 train_mapscore: 0.8074 train_c: -1.0526 train_max_dist: 10.6250 train_imax: 0.4043 train_imin: -6.5322 time: 1.5516s
INFO:root:Epoch: 0360 lr: 0.001 train_loss: 706771.8125 train_distortion: 0.4177 train_mapscore: 0.8088 train_c: -1.0534 train_max_dist: 10.3750 train_imax: 0.5255 train_imin: -6.7886 time: 1.5751s
INFO:root:Epoch: 0365 lr: 0.001 train_loss: 693865.8125 train_distortion: 0.4557 train_mapscore: 0.8110 train_c: -1.0542 train_max_dist: 10.5000 train_imax: 0.6614 train_imin: -7.0629 time: 1.5601s
INFO:root:Epoch: 0370 lr: 0.001 train_loss: 680947.0000 train_distortion: 0.4967 train_mapscore: 0.8139 train_c: -1.0550 train_max_dist: 10.6250 train_imax: 0.7620 train_imin: -7.3358 time: 1.5461s
INFO:root:Epoch: 0375 lr: 0.001 train_loss: 667644.5000 train_distortion: 0.5421 train_mapscore: 0.8144 train_c: -1.0558 train_max_dist: 10.5000 train_imax: 0.8516 train_imin: -7.6320 time: 1.5287s
INFO:root:Epoch: 0380 lr: 0.001 train_loss: 654207.0000 train_distortion: 0.5927 train_mapscore: 0.8157 train_c: -1.0566 train_max_dist: 10.3438 train_imax: 0.9465 train_imin: -7.9322 time: 1.5433s
INFO:root:Epoch: 0385 lr: 0.001 train_loss: 640843.3750 train_distortion: 0.6484 train_mapscore: 0.8172 train_c: -1.0574 train_max_dist: 10.6875 train_imax: 0.9567 train_imin: -8.2413 time: 1.5193s
INFO:root:Epoch: 0390 lr: 0.001 train_loss: 627002.5000 train_distortion: 0.7089 train_mapscore: 0.8171 train_c: -1.0582 train_max_dist: 10.8750 train_imax: 1.0318 train_imin: -8.5842 time: 1.5437s
INFO:root:Epoch: 0395 lr: 0.001 train_loss: 613056.4375 train_distortion: 0.7754 train_mapscore: 0.8188 train_c: -1.0591 train_max_dist: 10.6328 train_imax: 1.0430 train_imin: -8.9241 time: 1.5624s
INFO:root:Epoch: 0400 lr: 0.001 train_loss: 599104.5625 train_distortion: 0.8481 train_mapscore: 0.8201 train_c: -1.0599 train_max_dist: 10.8743 train_imax: 0.9913 train_imin: -9.2588 time: 1.5743s
INFO:root:Epoch: 0405 lr: 0.001 train_loss: 584752.8125 train_distortion: 0.9258 train_mapscore: 0.8212 train_c: -1.0608 train_max_dist: 11.1161 train_imax: 1.2059 train_imin: -9.6045 time: 1.5791s
INFO:root:Epoch: 0410 lr: 0.001 train_loss: 570438.8125 train_distortion: 1.0108 train_mapscore: 0.8208 train_c: -1.0616 train_max_dist: 11.3325 train_imax: 1.5127 train_imin: -9.9633 time: 1.5787s
INFO:root:Epoch: 0415 lr: 0.001 train_loss: 555810.1875 train_distortion: 1.0990 train_mapscore: 0.8226 train_c: -1.0625 train_max_dist: 11.5663 train_imax: 1.7530 train_imin: -10.3576 time: 1.5728s
INFO:root:Epoch: 0420 lr: 0.001 train_loss: 541274.1250 train_distortion: 1.1948 train_mapscore: 0.8237 train_c: -1.0633 train_max_dist: 11.8221 train_imax: 1.8568 train_imin: -10.7159 time: 1.6007s
INFO:root:Epoch: 0425 lr: 0.001 train_loss: 526489.7500 train_distortion: 1.2989 train_mapscore: 0.8261 train_c: -1.0642 train_max_dist: 12.0813 train_imax: 2.0133 train_imin: -11.1419 time: 1.5652s
INFO:root:Epoch: 0430 lr: 0.001 train_loss: 511354.9375 train_distortion: 1.4094 train_mapscore: 0.8278 train_c: -1.0650 train_max_dist: 12.3365 train_imax: 2.1151 train_imin: -11.5655 time: 1.5632s
INFO:root:Epoch: 0435 lr: 0.001 train_loss: 496432.5312 train_distortion: 1.5305 train_mapscore: 0.8292 train_c: -1.0659 train_max_dist: 12.5987 train_imax: 2.2656 train_imin: -11.9883 time: 1.5729s
INFO:root:Epoch: 0440 lr: 0.001 train_loss: 481458.1875 train_distortion: 1.6563 train_mapscore: 0.8297 train_c: -1.0667 train_max_dist: 12.8513 train_imax: 2.4399 train_imin: -12.4269 time: 1.5431s
INFO:root:Epoch: 0445 lr: 0.001 train_loss: 466692.6875 train_distortion: 1.7923 train_mapscore: 0.8296 train_c: -1.0676 train_max_dist: 13.0909 train_imax: 2.7501 train_imin: -12.8538 time: 1.5783s
INFO:root:Epoch: 0450 lr: 0.001 train_loss: 451875.5000 train_distortion: 1.9340 train_mapscore: 0.8314 train_c: -1.0684 train_max_dist: 13.3372 train_imax: 3.1068 train_imin: -13.3188 time: 1.5441s
INFO:root:Epoch: 0455 lr: 0.001 train_loss: 438238.7500 train_distortion: 2.0831 train_mapscore: 0.8336 train_c: -1.0693 train_max_dist: 13.6229 train_imax: 3.2548 train_imin: -13.7702 time: 1.5496s
INFO:root:Epoch: 0460 lr: 0.001 train_loss: 423792.9062 train_distortion: 2.2392 train_mapscore: 0.8350 train_c: -1.0701 train_max_dist: 13.9021 train_imax: 3.3518 train_imin: -14.2610 time: 1.5581s
INFO:root:Epoch: 0465 lr: 0.001 train_loss: 409799.1562 train_distortion: 2.4055 train_mapscore: 0.8367 train_c: -1.0709 train_max_dist: 14.2099 train_imax: 3.6844 train_imin: -14.7262 time: 1.5362s
INFO:root:Epoch: 0470 lr: 0.001 train_loss: 396012.2812 train_distortion: 2.5775 train_mapscore: 0.8386 train_c: -1.0717 train_max_dist: 14.5393 train_imax: 3.9373 train_imin: -15.2314 time: 1.5843s
INFO:root:Epoch: 0475 lr: 0.001 train_loss: 382785.0938 train_distortion: 2.7531 train_mapscore: 0.8413 train_c: -1.0725 train_max_dist: 14.8609 train_imax: 4.0662 train_imin: -15.6758 time: 1.5862s
INFO:root:Epoch: 0480 lr: 0.001 train_loss: 369924.4688 train_distortion: 2.9403 train_mapscore: 0.8442 train_c: -1.0733 train_max_dist: 15.1505 train_imax: 4.3218 train_imin: -16.1656 time: 1.5634s
INFO:root:Epoch: 0485 lr: 0.001 train_loss: 357472.6250 train_distortion: 3.1292 train_mapscore: 0.8445 train_c: -1.0741 train_max_dist: 15.4355 train_imax: 4.5266 train_imin: -16.7264 time: 1.5762s
INFO:root:Epoch: 0490 lr: 0.001 train_loss: 345341.4375 train_distortion: 3.3238 train_mapscore: 0.8469 train_c: -1.0749 train_max_dist: 15.7350 train_imax: 4.8160 train_imin: -17.2841 time: 1.5673s
INFO:root:Epoch: 0495 lr: 0.001 train_loss: 333205.4375 train_distortion: 3.5266 train_mapscore: 0.8475 train_c: -1.0756 train_max_dist: 16.0554 train_imax: 5.0307 train_imin: -17.8648 time: 1.5729s
INFO:root:Epoch: 0500 lr: 0.001 train_loss: 322219.1250 train_distortion: 3.7331 train_mapscore: 0.8492 train_c: -1.0763 train_max_dist: 16.3634 train_imax: 5.1391 train_imin: -18.4460 time: 1.5591s
INFO:root:Epoch: 0505 lr: 0.001 train_loss: 311668.5625 train_distortion: 3.9415 train_mapscore: 0.8522 train_c: -1.0770 train_max_dist: 16.6604 train_imax: 5.3579 train_imin: -19.0044 time: 1.5651s
INFO:root:Epoch: 0510 lr: 0.001 train_loss: 301676.7812 train_distortion: 4.1571 train_mapscore: 0.8525 train_c: -1.0777 train_max_dist: 16.9485 train_imax: 5.5304 train_imin: -19.6210 time: 1.5432s
INFO:root:Epoch: 0515 lr: 0.001 train_loss: 292028.0000 train_distortion: 4.3722 train_mapscore: 0.8550 train_c: -1.0784 train_max_dist: 17.2258 train_imax: 5.7525 train_imin: -20.2144 time: 1.5350s
INFO:root:Epoch: 0520 lr: 0.001 train_loss: 282677.7812 train_distortion: 4.5886 train_mapscore: 0.8562 train_c: -1.0791 train_max_dist: 17.4860 train_imax: 5.9210 train_imin: -20.8212 time: 1.5126s
INFO:root:Epoch: 0525 lr: 0.001 train_loss: 274379.2812 train_distortion: 4.8065 train_mapscore: 0.8571 train_c: -1.0797 train_max_dist: 17.7601 train_imax: 6.2054 train_imin: -21.4426 time: 1.5267s
INFO:root:Epoch: 0530 lr: 0.001 train_loss: 266116.0625 train_distortion: 5.0284 train_mapscore: 0.8582 train_c: -1.0803 train_max_dist: 18.0214 train_imax: 6.3806 train_imin: -22.0239 time: 1.5666s
INFO:root:Epoch: 0535 lr: 0.001 train_loss: 258821.6094 train_distortion: 5.2500 train_mapscore: 0.8598 train_c: -1.0809 train_max_dist: 18.2742 train_imax: 6.5252 train_imin: -22.6459 time: 1.5713s
INFO:root:Epoch: 0540 lr: 0.001 train_loss: 251870.8125 train_distortion: 5.4703 train_mapscore: 0.8609 train_c: -1.0815 train_max_dist: 18.5263 train_imax: 6.6871 train_imin: -23.2541 time: 1.5389s
INFO:root:Epoch: 0545 lr: 0.001 train_loss: 245071.8125 train_distortion: 5.6928 train_mapscore: 0.8618 train_c: -1.0821 train_max_dist: 18.7651 train_imax: 6.8769 train_imin: -23.8693 time: 1.5610s
INFO:root:Epoch: 0550 lr: 0.001 train_loss: 238862.4688 train_distortion: 5.9128 train_mapscore: 0.8632 train_c: -1.0826 train_max_dist: 18.9893 train_imax: 7.0985 train_imin: -24.4804 time: 1.5539s
INFO:root:Epoch: 0555 lr: 0.001 train_loss: 274993.0312 train_distortion: 5.9601 train_mapscore: 0.8395 train_c: -1.0831 train_max_dist: 19.0735 train_imax: 7.6941 train_imin: -24.7893 time: 1.5322s
INFO:root:Epoch: 0560 lr: 0.001 train_loss: 276243.8750 train_distortion: 6.0443 train_mapscore: 0.8234 train_c: -1.0837 train_max_dist: 19.1698 train_imax: 7.5667 train_imin: -24.9516 time: 1.5304s
INFO:root:Epoch: 0565 lr: 0.001 train_loss: 263072.4688 train_distortion: 6.2395 train_mapscore: 0.8244 train_c: -1.0842 train_max_dist: 19.3403 train_imax: 7.5490 train_imin: -25.3797 time: 1.5295s
INFO:root:Epoch: 0570 lr: 0.001 train_loss: 249038.9062 train_distortion: 6.4720 train_mapscore: 0.8288 train_c: -1.0846 train_max_dist: 19.5519 train_imax: 7.9698 train_imin: -25.9120 time: 1.4912s
INFO:root:Epoch: 0575 lr: 0.001 train_loss: 237298.0781 train_distortion: 6.7065 train_mapscore: 0.8343 train_c: -1.0851 train_max_dist: 19.8103 train_imax: 8.2290 train_imin: -26.3440 time: 1.5131s
INFO:root:Epoch: 0580 lr: 0.001 train_loss: 227827.8750 train_distortion: 6.9448 train_mapscore: 0.8394 train_c: -1.0855 train_max_dist: 20.0429 train_imax: 8.6004 train_imin: -26.9061 time: 1.4954s
INFO:root:Epoch: 0585 lr: 0.001 train_loss: 220066.1719 train_distortion: 7.1722 train_mapscore: 0.8442 train_c: -1.0860 train_max_dist: 20.2306 train_imax: 8.8441 train_imin: -27.4457 time: 1.4797s
INFO:root:Epoch: 0590 lr: 0.001 train_loss: 213787.2188 train_distortion: 7.3962 train_mapscore: 0.8483 train_c: -1.0864 train_max_dist: 20.4131 train_imax: 9.0123 train_imin: -28.0343 time: 1.4937s
INFO:root:Epoch: 0595 lr: 0.001 train_loss: 208412.3281 train_distortion: 7.6130 train_mapscore: 0.8517 train_c: -1.0868 train_max_dist: 20.6062 train_imax: 9.0406 train_imin: -28.4468 time: 1.5334s
INFO:root:Epoch: 0600 lr: 0.001 train_loss: 203441.9062 train_distortion: 7.8286 train_mapscore: 0.8542 train_c: -1.0872 train_max_dist: 20.7977 train_imax: 9.0464 train_imin: -28.9547 time: 1.5289s
INFO:root:Epoch: 0605 lr: 0.001 train_loss: 199328.4375 train_distortion: 8.0377 train_mapscore: 0.8567 train_c: -1.0876 train_max_dist: 20.9840 train_imax: 8.9981 train_imin: -29.4324 time: 1.5311s
INFO:root:Epoch: 0610 lr: 0.001 train_loss: 195296.3125 train_distortion: 8.2382 train_mapscore: 0.8597 train_c: -1.0880 train_max_dist: 21.1647 train_imax: 9.0256 train_imin: -29.9133 time: 1.5214s
INFO:root:Epoch: 0615 lr: 0.001 train_loss: 192634.9062 train_distortion: 8.4357 train_mapscore: 0.8619 train_c: -1.0883 train_max_dist: 21.3391 train_imax: 9.0313 train_imin: -30.4663 time: 1.5277s
INFO:root:Epoch: 0620 lr: 0.001 train_loss: 188298.0469 train_distortion: 8.6280 train_mapscore: 0.8640 train_c: -1.0887 train_max_dist: 21.5043 train_imax: 9.0562 train_imin: -31.0252 time: 1.5319s
INFO:root:Epoch: 0625 lr: 0.001 train_loss: 185919.7188 train_distortion: 8.8156 train_mapscore: 0.8650 train_c: -1.0890 train_max_dist: 21.6652 train_imax: 9.1149 train_imin: -31.5663 time: 1.5313s
INFO:root:Epoch: 0630 lr: 0.001 train_loss: 182499.6719 train_distortion: 9.0030 train_mapscore: 0.8664 train_c: -1.0893 train_max_dist: 21.8143 train_imax: 9.1848 train_imin: -32.0826 time: 1.5345s
INFO:root:Epoch: 0635 lr: 0.001 train_loss: 179886.9062 train_distortion: 9.1902 train_mapscore: 0.8681 train_c: -1.0896 train_max_dist: 21.9681 train_imax: 9.2723 train_imin: -32.6072 time: 1.4968s
INFO:root:Epoch: 0640 lr: 0.001 train_loss: 177743.5938 train_distortion: 9.3701 train_mapscore: 0.8695 train_c: -1.0899 train_max_dist: 22.1143 train_imax: 9.3716 train_imin: -33.1324 time: 1.4961s
INFO:root:Epoch: 0645 lr: 0.001 train_loss: 175662.2188 train_distortion: 9.5471 train_mapscore: 0.8705 train_c: -1.0902 train_max_dist: 22.2556 train_imax: 9.4656 train_imin: -33.6047 time: 1.5041s
INFO:root:Epoch: 0650 lr: 0.001 train_loss: 172989.9844 train_distortion: 9.7186 train_mapscore: 0.8719 train_c: -1.0905 train_max_dist: 22.3932 train_imax: 9.5590 train_imin: -34.0959 time: 1.4898s
INFO:root:Epoch: 0655 lr: 0.001 train_loss: 171644.4688 train_distortion: 9.8941 train_mapscore: 0.8729 train_c: -1.0908 train_max_dist: 22.5298 train_imax: 9.7103 train_imin: -34.5874 time: 1.4924s
INFO:root:Epoch: 0660 lr: 0.001 train_loss: 169418.8594 train_distortion: 10.0609 train_mapscore: 0.8738 train_c: -1.0910 train_max_dist: 22.6565 train_imax: 9.8645 train_imin: -35.0985 time: 1.4980s
INFO:root:Epoch: 0665 lr: 0.001 train_loss: 167639.1875 train_distortion: 10.2276 train_mapscore: 0.8754 train_c: -1.0913 train_max_dist: 22.7847 train_imax: 10.0140 train_imin: -35.5620 time: 1.5384s
INFO:root:Epoch: 0670 lr: 0.001 train_loss: 165512.5000 train_distortion: 10.3873 train_mapscore: 0.8766 train_c: -1.0915 train_max_dist: 22.9036 train_imax: 10.1454 train_imin: -36.0120 time: 1.5288s
INFO:root:Epoch: 0675 lr: 0.001 train_loss: 163808.5625 train_distortion: 10.5508 train_mapscore: 0.8785 train_c: -1.0918 train_max_dist: 23.0266 train_imax: 10.3278 train_imin: -36.4787 time: 1.5167s
INFO:root:Epoch: 0680 lr: 0.001 train_loss: 162022.6875 train_distortion: 10.7095 train_mapscore: 0.8792 train_c: -1.0920 train_max_dist: 23.1479 train_imax: 10.4431 train_imin: -36.9065 time: 1.5370s
INFO:root:Epoch: 0685 lr: 0.001 train_loss: 160392.0469 train_distortion: 10.8691 train_mapscore: 0.8805 train_c: -1.0923 train_max_dist: 23.2642 train_imax: 10.5135 train_imin: -37.3456 time: 1.5186s
INFO:root:Epoch: 0690 lr: 0.001 train_loss: 158563.5469 train_distortion: 11.0170 train_mapscore: 0.8817 train_c: -1.0925 train_max_dist: 23.3716 train_imax: 10.6850 train_imin: -37.7754 time: 1.5102s
INFO:root:Epoch: 0695 lr: 0.001 train_loss: 156656.9375 train_distortion: 11.1711 train_mapscore: 0.8826 train_c: -1.0927 train_max_dist: 23.4819 train_imax: 10.8343 train_imin: -38.2144 time: 1.5223s
INFO:root:Epoch: 0700 lr: 0.001 train_loss: 155602.8906 train_distortion: 11.3213 train_mapscore: 0.8843 train_c: -1.0929 train_max_dist: 23.5923 train_imax: 10.9966 train_imin: -38.6369 time: 1.5045s
INFO:root:Epoch: 0705 lr: 0.001 train_loss: 154004.2344 train_distortion: 11.4659 train_mapscore: 0.8852 train_c: -1.0931 train_max_dist: 23.6971 train_imax: 11.1652 train_imin: -39.0668 time: 1.4680s
INFO:root:Epoch: 0710 lr: 0.001 train_loss: 152792.4688 train_distortion: 11.6095 train_mapscore: 0.8862 train_c: -1.0933 train_max_dist: 23.7949 train_imax: 11.2609 train_imin: -39.4743 time: 1.4759s
INFO:root:Epoch: 0715 lr: 0.001 train_loss: 151352.4062 train_distortion: 11.7503 train_mapscore: 0.8867 train_c: -1.0935 train_max_dist: 23.8953 train_imax: 11.4390 train_imin: -39.8863 time: 1.4876s
INFO:root:Epoch: 0720 lr: 0.001 train_loss: 150498.6719 train_distortion: 11.8903 train_mapscore: 0.8874 train_c: -1.0937 train_max_dist: 23.9937 train_imax: 11.6191 train_imin: -40.2835 time: 1.4926s
INFO:root:Epoch: 0725 lr: 0.001 train_loss: 149112.7969 train_distortion: 12.0258 train_mapscore: 0.8882 train_c: -1.0939 train_max_dist: 24.0841 train_imax: 11.7744 train_imin: -40.7218 time: 1.5070s
INFO:root:Epoch: 0730 lr: 0.001 train_loss: 147786.8125 train_distortion: 12.1617 train_mapscore: 0.8891 train_c: -1.0941 train_max_dist: 24.1738 train_imax: 11.8613 train_imin: -41.1197 time: 1.5096s
INFO:root:Epoch: 0735 lr: 0.001 train_loss: 147035.0312 train_distortion: 12.3011 train_mapscore: 0.8894 train_c: -1.0943 train_max_dist: 24.2598 train_imax: 12.0268 train_imin: -41.5071 time: 1.5152s
INFO:root:Epoch: 0740 lr: 0.001 train_loss: 145753.2031 train_distortion: 12.4283 train_mapscore: 0.8897 train_c: -1.0945 train_max_dist: 24.3440 train_imax: 12.1381 train_imin: -41.8838 time: 1.5200s
INFO:root:Epoch: 0745 lr: 0.001 train_loss: 144869.8906 train_distortion: 12.5621 train_mapscore: 0.8910 train_c: -1.0946 train_max_dist: 24.4297 train_imax: 12.2397 train_imin: -42.2767 time: 1.5386s
INFO:root:Epoch: 0750 lr: 0.001 train_loss: 144269.6562 train_distortion: 12.6960 train_mapscore: 0.8911 train_c: -1.0948 train_max_dist: 24.5132 train_imax: 12.3660 train_imin: -42.6335 time: 1.5106s
INFO:root:Epoch: 0755 lr: 0.001 train_loss: 143211.0000 train_distortion: 12.8202 train_mapscore: 0.8915 train_c: -1.0950 train_max_dist: 24.5916 train_imax: 12.4979 train_imin: -42.9883 time: 1.4960s
INFO:root:Epoch: 0760 lr: 0.001 train_loss: 142011.8750 train_distortion: 12.9466 train_mapscore: 0.8925 train_c: -1.0951 train_max_dist: 24.6665 train_imax: 12.5524 train_imin: -43.3633 time: 1.5050s
INFO:root:Epoch: 0765 lr: 0.001 train_loss: 141220.3281 train_distortion: 13.0705 train_mapscore: 0.8929 train_c: -1.0953 train_max_dist: 24.7400 train_imax: 12.6221 train_imin: -43.6934 time: 1.4788s
INFO:root:Epoch: 0770 lr: 0.001 train_loss: 140577.5000 train_distortion: 13.1995 train_mapscore: 0.8935 train_c: -1.0955 train_max_dist: 24.8169 train_imax: 12.7717 train_imin: -44.0536 time: 1.4674s
INFO:root:Epoch: 0775 lr: 0.001 train_loss: 140220.2812 train_distortion: 13.3148 train_mapscore: 0.8944 train_c: -1.0956 train_max_dist: 24.8862 train_imax: 12.8313 train_imin: -44.4074 time: 1.4636s
INFO:root:Epoch: 0780 lr: 0.001 train_loss: 139805.6875 train_distortion: 13.4419 train_mapscore: 0.8947 train_c: -1.0958 train_max_dist: 24.9531 train_imax: 12.8782 train_imin: -44.7378 time: 1.4682s
INFO:root:Epoch: 0785 lr: 0.001 train_loss: 138773.0781 train_distortion: 13.5480 train_mapscore: 0.8948 train_c: -1.0959 train_max_dist: 25.0187 train_imax: 12.9394 train_imin: -45.0532 time: 1.4640s
INFO:root:Epoch: 0790 lr: 0.001 train_loss: 138173.2031 train_distortion: 13.6774 train_mapscore: 0.8956 train_c: -1.0961 train_max_dist: 25.0876 train_imax: 12.9338 train_imin: -45.4150 time: 1.5075s
INFO:root:Epoch: 0795 lr: 0.001 train_loss: 136730.5000 train_distortion: 13.7816 train_mapscore: 0.8958 train_c: -1.0962 train_max_dist: 25.1583 train_imax: 12.9830 train_imin: -45.7036 time: 1.4976s
INFO:root:Epoch: 0800 lr: 0.001 train_loss: 136367.1094 train_distortion: 13.9055 train_mapscore: 0.8959 train_c: -1.0963 train_max_dist: 25.2349 train_imax: 13.0359 train_imin: -46.0395 time: 1.5231s
INFO:root:Epoch: 0805 lr: 0.001 train_loss: 135190.2188 train_distortion: 14.0043 train_mapscore: 0.8965 train_c: -1.0965 train_max_dist: 25.3077 train_imax: 13.1189 train_imin: -46.3592 time: 1.4999s
INFO:root:Epoch: 0810 lr: 0.001 train_loss: 134684.2031 train_distortion: 14.1241 train_mapscore: 0.8975 train_c: -1.0966 train_max_dist: 25.3754 train_imax: 13.1455 train_imin: -46.6473 time: 1.5005s
INFO:root:Epoch: 0815 lr: 0.001 train_loss: 133885.1562 train_distortion: 14.2236 train_mapscore: 0.8982 train_c: -1.0967 train_max_dist: 25.4478 train_imax: 13.2274 train_imin: -46.9374 time: 1.5030s
INFO:root:Epoch: 0820 lr: 0.001 train_loss: 133051.0625 train_distortion: 14.3408 train_mapscore: 0.8987 train_c: -1.0969 train_max_dist: 25.5234 train_imax: 13.3031 train_imin: -47.2539 time: 1.4832s
INFO:root:Epoch: 0825 lr: 0.001 train_loss: 132553.8125 train_distortion: 14.4348 train_mapscore: 0.8992 train_c: -1.0970 train_max_dist: 25.5913 train_imax: 13.3651 train_imin: -47.5779 time: 1.4954s
INFO:root:Epoch: 0830 lr: 0.001 train_loss: 132519.7500 train_distortion: 14.5519 train_mapscore: 0.9004 train_c: -1.0971 train_max_dist: 25.6614 train_imax: 13.4246 train_imin: -47.8427 time: 1.4550s
INFO:root:Epoch: 0835 lr: 0.001 train_loss: 131033.4844 train_distortion: 14.6444 train_mapscore: 0.8999 train_c: -1.0972 train_max_dist: 25.7295 train_imax: 13.5062 train_imin: -48.1336 time: 1.4563s
INFO:root:Epoch: 0840 lr: 0.001 train_loss: 130682.1250 train_distortion: 14.7560 train_mapscore: 0.9003 train_c: -1.0973 train_max_dist: 25.7981 train_imax: 13.5669 train_imin: -48.4593 time: 1.4622s
INFO:root:Epoch: 0845 lr: 0.001 train_loss: 129664.8906 train_distortion: 14.8496 train_mapscore: 0.9008 train_c: -1.0975 train_max_dist: 25.8621 train_imax: 13.6000 train_imin: -48.7566 time: 1.4548s
INFO:root:Epoch: 0850 lr: 0.001 train_loss: 129242.3438 train_distortion: 14.9614 train_mapscore: 0.9012 train_c: -1.0976 train_max_dist: 25.9313 train_imax: 13.6846 train_imin: -49.0583 time: 1.4631s
INFO:root:Epoch: 0855 lr: 0.001 train_loss: 128383.9297 train_distortion: 15.0572 train_mapscore: 0.9018 train_c: -1.0977 train_max_dist: 25.9924 train_imax: 13.6839 train_imin: -49.3452 time: 1.4682s
INFO:root:Epoch: 0860 lr: 0.001 train_loss: 128527.1797 train_distortion: 15.1515 train_mapscore: 0.9025 train_c: -1.0978 train_max_dist: 26.0529 train_imax: 13.7463 train_imin: -49.6300 time: 1.4993s
INFO:root:Epoch: 0865 lr: 0.001 train_loss: 128339.2969 train_distortion: 15.2568 train_mapscore: 0.9027 train_c: -1.0979 train_max_dist: 26.1168 train_imax: 13.8247 train_imin: -49.9105 time: 1.4924s
INFO:root:Epoch: 0870 lr: 0.001 train_loss: 127681.3672 train_distortion: 15.3455 train_mapscore: 0.9033 train_c: -1.0980 train_max_dist: 26.1736 train_imax: 13.8494 train_imin: -50.1592 time: 1.4805s
INFO:root:Epoch: 0875 lr: 0.001 train_loss: 127567.0000 train_distortion: 15.4497 train_mapscore: 0.9037 train_c: -1.0981 train_max_dist: 26.2385 train_imax: 13.9175 train_imin: -50.4743 time: 1.4946s
INFO:root:Epoch: 0880 lr: 0.001 train_loss: 126641.8281 train_distortion: 15.5342 train_mapscore: 0.9045 train_c: -1.0982 train_max_dist: 26.2976 train_imax: 13.9395 train_imin: -50.7368 time: 1.4919s
INFO:root:Epoch: 0885 lr: 0.001 train_loss: 125696.2188 train_distortion: 15.6353 train_mapscore: 0.9048 train_c: -1.0983 train_max_dist: 26.3538 train_imax: 13.9935 train_imin: -51.0083 time: 1.4819s
INFO:root:Epoch: 0890 lr: 0.001 train_loss: 124843.4062 train_distortion: 15.7217 train_mapscore: 0.9053 train_c: -1.0984 train_max_dist: 26.4146 train_imax: 14.0688 train_imin: -51.2817 time: 1.4917s
INFO:root:Epoch: 0895 lr: 0.001 train_loss: 124513.2109 train_distortion: 15.8194 train_mapscore: 0.9056 train_c: -1.0985 train_max_dist: 26.4695 train_imax: 14.0617 train_imin: -51.5494 time: 1.5035s
INFO:root:Epoch: 0900 lr: 0.001 train_loss: 124276.4062 train_distortion: 15.9050 train_mapscore: 0.9056 train_c: -1.0986 train_max_dist: 26.5300 train_imax: 14.0723 train_imin: -51.8176 time: 1.4460s
INFO:root:Epoch: 0905 lr: 0.001 train_loss: 123871.3672 train_distortion: 15.9932 train_mapscore: 0.9063 train_c: -1.0987 train_max_dist: 26.5798 train_imax: 14.0874 train_imin: -52.0740 time: 1.4461s
INFO:root:Epoch: 0910 lr: 0.001 train_loss: 123288.1406 train_distortion: 16.0816 train_mapscore: 0.9072 train_c: -1.0988 train_max_dist: 26.6387 train_imax: 14.1077 train_imin: -52.3311 time: 1.4387s
INFO:root:Epoch: 0915 lr: 0.001 train_loss: 123107.5781 train_distortion: 16.1696 train_mapscore: 0.9073 train_c: -1.0989 train_max_dist: 26.6943 train_imax: 14.0997 train_imin: -52.6063 time: 1.4682s
INFO:root:Epoch: 0920 lr: 0.001 train_loss: 122571.7344 train_distortion: 16.2609 train_mapscore: 0.9075 train_c: -1.0990 train_max_dist: 26.7456 train_imax: 14.2687 train_imin: -52.8824 time: 1.5046s
INFO:root:Epoch: 0925 lr: 0.001 train_loss: 122055.8359 train_distortion: 16.3479 train_mapscore: 0.9079 train_c: -1.0991 train_max_dist: 26.8026 train_imax: 14.3692 train_imin: -53.1063 time: 1.4909s
INFO:root:Epoch: 0930 lr: 0.001 train_loss: 121589.7812 train_distortion: 16.4259 train_mapscore: 0.9081 train_c: -1.0992 train_max_dist: 26.8563 train_imax: 14.3614 train_imin: -53.3850 time: 1.4867s
INFO:root:Epoch: 0935 lr: 0.001 train_loss: 121659.6250 train_distortion: 16.5199 train_mapscore: 0.9084 train_c: -1.0992 train_max_dist: 26.9042 train_imax: 14.4651 train_imin: -53.6313 time: 1.4933s
INFO:root:Epoch: 0940 lr: 0.001 train_loss: 120912.1406 train_distortion: 16.5968 train_mapscore: 0.9090 train_c: -1.0993 train_max_dist: 26.9590 train_imax: 14.6029 train_imin: -53.8947 time: 1.4752s
INFO:root:Epoch: 0945 lr: 0.001 train_loss: 120781.4141 train_distortion: 16.6821 train_mapscore: 0.9099 train_c: -1.0994 train_max_dist: 27.0098 train_imax: 14.6706 train_imin: -54.1346 time: 1.4800s
INFO:root:Epoch: 0950 lr: 0.001 train_loss: 119753.5000 train_distortion: 16.7601 train_mapscore: 0.9095 train_c: -1.0995 train_max_dist: 27.0581 train_imax: 14.7699 train_imin: -54.3904 time: 1.4744s
INFO:root:Epoch: 0955 lr: 0.001 train_loss: 119590.7891 train_distortion: 16.8460 train_mapscore: 0.9107 train_c: -1.0996 train_max_dist: 27.1040 train_imax: 14.8714 train_imin: -54.6588 time: 1.4772s
INFO:root:Epoch: 0960 lr: 0.001 train_loss: 119111.5312 train_distortion: 16.9298 train_mapscore: 0.9112 train_c: -1.0996 train_max_dist: 27.1611 train_imax: 14.9363 train_imin: -54.8811 time: 1.4434s
INFO:root:Epoch: 0965 lr: 0.001 train_loss: 118763.6719 train_distortion: 17.0085 train_mapscore: 0.9106 train_c: -1.0997 train_max_dist: 27.2070 train_imax: 15.0640 train_imin: -55.1232 time: 1.4588s
INFO:root:Epoch: 0970 lr: 0.001 train_loss: 118413.9688 train_distortion: 17.0889 train_mapscore: 0.9118 train_c: -1.0998 train_max_dist: 27.2549 train_imax: 15.0593 train_imin: -55.3681 time: 1.4304s
INFO:root:Epoch: 0975 lr: 0.001 train_loss: 118428.0391 train_distortion: 17.1693 train_mapscore: 0.9106 train_c: -1.0999 train_max_dist: 27.2993 train_imax: 15.2049 train_imin: -55.5933 time: 1.4720s
INFO:root:Epoch: 0980 lr: 0.001 train_loss: 117589.2969 train_distortion: 17.2422 train_mapscore: 0.9116 train_c: -1.0999 train_max_dist: 27.3511 train_imax: 15.2803 train_imin: -55.8633 time: 1.4586s
INFO:root:Epoch: 0985 lr: 0.001 train_loss: 117513.2266 train_distortion: 17.3191 train_mapscore: 0.9123 train_c: -1.1000 train_max_dist: 27.4014 train_imax: 15.4634 train_imin: -56.0660 time: 1.4970s
INFO:root:Epoch: 0990 lr: 0.001 train_loss: 117517.1094 train_distortion: 17.4014 train_mapscore: 0.9122 train_c: -1.1001 train_max_dist: 27.4556 train_imax: 15.5669 train_imin: -56.2725 time: 1.4848s
INFO:root:Epoch: 0995 lr: 0.001 train_loss: 117416.1875 train_distortion: 17.4633 train_mapscore: 0.9129 train_c: -1.1002 train_max_dist: 27.4990 train_imax: 15.6637 train_imin: -56.5102 time: 1.4716s
INFO:root:Epoch: 1000 lr: 0.001 train_loss: 117304.8672 train_distortion: 17.5482 train_mapscore: 0.9132 train_c: -1.1002 train_max_dist: 27.5488 train_imax: 15.7346 train_imin: -56.7060 time: 1.4712s
INFO:root:Epoch: 1005 lr: 0.001 train_loss: 117010.9453 train_distortion: 17.6100 train_mapscore: 0.9133 train_c: -1.1003 train_max_dist: 27.5952 train_imax: 15.7270 train_imin: -56.9652 time: 1.4808s
INFO:root:Epoch: 1010 lr: 0.001 train_loss: 116844.9844 train_distortion: 17.6944 train_mapscore: 0.9133 train_c: -1.1004 train_max_dist: 27.6493 train_imax: 15.8197 train_imin: -57.1810 time: 1.4732s
INFO:root:Epoch: 1015 lr: 0.001 train_loss: 116094.1953 train_distortion: 17.7589 train_mapscore: 0.9143 train_c: -1.1004 train_max_dist: 27.6934 train_imax: 16.0300 train_imin: -57.3768 time: 1.4711s
INFO:root:Epoch: 1020 lr: 0.001 train_loss: 115573.5391 train_distortion: 17.8322 train_mapscore: 0.9143 train_c: -1.1005 train_max_dist: 27.7428 train_imax: 16.0655 train_imin: -57.5796 time: 1.4683s
INFO:root:Epoch: 1025 lr: 0.001 train_loss: 115578.7031 train_distortion: 17.8918 train_mapscore: 0.9145 train_c: -1.1006 train_max_dist: 27.7861 train_imax: 16.0442 train_imin: -57.7882 time: 1.4585s
INFO:root:Epoch: 1030 lr: 0.001 train_loss: 115497.9688 train_distortion: 17.9721 train_mapscore: 0.9153 train_c: -1.1006 train_max_dist: 27.8315 train_imax: 16.2142 train_imin: -57.9687 time: 1.4341s
INFO:root:Epoch: 1035 lr: 0.001 train_loss: 115858.3047 train_distortion: 18.0219 train_mapscore: 0.9152 train_c: -1.1007 train_max_dist: 27.8765 train_imax: 16.3290 train_imin: -58.1678 time: 1.4441s
INFO:root:Epoch: 1040 lr: 0.001 train_loss: 114828.4844 train_distortion: 18.1053 train_mapscore: 0.9156 train_c: -1.1007 train_max_dist: 27.9136 train_imax: 16.3659 train_imin: -58.3532 time: 1.4440s
INFO:root:Epoch: 1045 lr: 0.001 train_loss: 114543.6094 train_distortion: 18.1616 train_mapscore: 0.9154 train_c: -1.1008 train_max_dist: 27.9624 train_imax: 16.5130 train_imin: -58.5761 time: 1.4489s
INFO:root:Epoch: 1050 lr: 0.001 train_loss: 113256.8828 train_distortion: 18.2333 train_mapscore: 0.9164 train_c: -1.1008 train_max_dist: 28.0090 train_imax: 16.5290 train_imin: -58.8094 time: 1.4395s
INFO:root:Epoch: 1055 lr: 0.001 train_loss: 113208.8594 train_distortion: 18.2931 train_mapscore: 0.9165 train_c: -1.1009 train_max_dist: 28.0522 train_imax: 16.5612 train_imin: -58.9652 time: 1.5085s
INFO:root:Epoch: 1060 lr: 0.001 train_loss: 113069.5078 train_distortion: 18.3703 train_mapscore: 0.9170 train_c: -1.1010 train_max_dist: 28.0918 train_imax: 16.7594 train_imin: -59.1836 time: 1.4644s
INFO:root:Epoch: 1065 lr: 0.001 train_loss: 113954.8750 train_distortion: 18.4268 train_mapscore: 0.9170 train_c: -1.1010 train_max_dist: 28.1313 train_imax: 16.7347 train_imin: -59.4131 time: 1.4944s
INFO:root:Epoch: 1070 lr: 0.001 train_loss: 113706.1562 train_distortion: 18.4977 train_mapscore: 0.9177 train_c: -1.1011 train_max_dist: 28.1792 train_imax: 16.9239 train_imin: -59.6139 time: 1.4872s
INFO:root:Epoch: 1075 lr: 0.001 train_loss: 114170.0391 train_distortion: 18.5460 train_mapscore: 0.9173 train_c: -1.1011 train_max_dist: 28.2241 train_imax: 16.7869 train_imin: -59.8345 time: 1.4844s
INFO:root:Epoch: 1080 lr: 0.001 train_loss: 112345.8984 train_distortion: 18.6232 train_mapscore: 0.9172 train_c: -1.1012 train_max_dist: 28.2617 train_imax: 16.9034 train_imin: -60.0436 time: 1.4825s
INFO:root:Epoch: 1085 lr: 0.001 train_loss: 114340.9844 train_distortion: 18.6791 train_mapscore: 0.9182 train_c: -1.1012 train_max_dist: 28.2959 train_imax: 16.8855 train_imin: -60.2168 time: 1.4683s
INFO:root:Epoch: 1090 lr: 0.001 train_loss: 112974.3203 train_distortion: 18.7384 train_mapscore: 0.9183 train_c: -1.1013 train_max_dist: 28.3374 train_imax: 17.3015 train_imin: -60.3999 time: 1.4837s
INFO:root:Epoch: 1095 lr: 0.001 train_loss: 113187.3750 train_distortion: 18.7822 train_mapscore: 0.9185 train_c: -1.1013 train_max_dist: 28.3750 train_imax: 17.2449 train_imin: -60.5775 time: 1.4302s
INFO:root:Epoch: 1100 lr: 0.001 train_loss: 112232.5547 train_distortion: 18.8515 train_mapscore: 0.9187 train_c: -1.1014 train_max_dist: 28.4062 train_imax: 17.4375 train_imin: -60.7630 time: 1.4539s
INFO:root:Epoch: 1105 lr: 0.001 train_loss: 113047.6719 train_distortion: 18.9080 train_mapscore: 0.9191 train_c: -1.1014 train_max_dist: 28.4492 train_imax: 17.4222 train_imin: -60.9494 time: 1.4448s
INFO:root:Epoch: 1110 lr: 0.001 train_loss: 112680.9531 train_distortion: 18.9620 train_mapscore: 0.9193 train_c: -1.1015 train_max_dist: 28.4814 train_imax: 17.3579 train_imin: -61.1355 time: 1.4349s
INFO:root:Epoch: 1115 lr: 0.001 train_loss: 112741.9688 train_distortion: 19.0024 train_mapscore: 0.9193 train_c: -1.1015 train_max_dist: 28.5215 train_imax: 17.7257 train_imin: -61.2926 time: 1.4763s
INFO:root:Epoch: 1120 lr: 0.001 train_loss: 110845.7812 train_distortion: 19.0635 train_mapscore: 0.9192 train_c: -1.1016 train_max_dist: 28.5527 train_imax: 17.6283 train_imin: -61.4862 time: 1.4706s
INFO:root:Epoch: 1125 lr: 0.001 train_loss: 111475.9453 train_distortion: 19.1242 train_mapscore: 0.9197 train_c: -1.1016 train_max_dist: 28.5859 train_imax: 17.7243 train_imin: -61.6532 time: 1.4711s
INFO:root:Epoch: 1130 lr: 0.001 train_loss: 112097.2734 train_distortion: 19.1556 train_mapscore: 0.9200 train_c: -1.1016 train_max_dist: 28.6233 train_imax: 17.7712 train_imin: -61.8124 time: 1.4703s
INFO:root:Epoch: 1135 lr: 0.001 train_loss: 110488.4375 train_distortion: 19.2247 train_mapscore: 0.9201 train_c: -1.1017 train_max_dist: 28.6575 train_imax: 17.8095 train_imin: -62.0160 time: 1.4911s
INFO:root:Epoch: 1140 lr: 0.001 train_loss: 110830.0625 train_distortion: 19.2767 train_mapscore: 0.9204 train_c: -1.1017 train_max_dist: 28.6938 train_imax: 17.8755 train_imin: -62.1952 time: 1.4912s
INFO:root:Epoch: 1145 lr: 0.001 train_loss: 110837.1406 train_distortion: 19.3206 train_mapscore: 0.9198 train_c: -1.1018 train_max_dist: 28.7231 train_imax: 17.9235 train_imin: -62.3502 time: 1.4696s
INFO:root:Epoch: 1150 lr: 0.001 train_loss: 109902.5234 train_distortion: 19.3793 train_mapscore: 0.9201 train_c: -1.1018 train_max_dist: 28.7573 train_imax: 18.0153 train_imin: -62.5663 time: 1.4712s
INFO:root:Epoch: 1155 lr: 0.001 train_loss: 110657.8906 train_distortion: 19.4280 train_mapscore: 0.9210 train_c: -1.1018 train_max_dist: 28.7920 train_imax: 18.0816 train_imin: -62.6652 time: 1.4337s
INFO:root:Epoch: 1160 lr: 0.001 train_loss: 110401.1406 train_distortion: 19.4766 train_mapscore: 0.9208 train_c: -1.1019 train_max_dist: 28.8245 train_imax: 18.0176 train_imin: -62.8887 time: 1.4322s
INFO:root:Epoch: 1165 lr: 0.001 train_loss: 109215.8516 train_distortion: 19.5332 train_mapscore: 0.9212 train_c: -1.1019 train_max_dist: 28.8555 train_imax: 18.1236 train_imin: -63.0121 time: 1.4274s
INFO:root:Epoch: 1170 lr: 0.001 train_loss: 108942.1641 train_distortion: 19.5845 train_mapscore: 0.9209 train_c: -1.1020 train_max_dist: 28.8865 train_imax: 18.2132 train_imin: -63.2033 time: 1.4443s
INFO:root:Epoch: 1175 lr: 0.001 train_loss: 109151.1875 train_distortion: 19.6336 train_mapscore: 0.9212 train_c: -1.1020 train_max_dist: 28.9097 train_imax: 18.3023 train_imin: -63.3668 time: 1.4614s
INFO:root:Epoch: 1180 lr: 0.001 train_loss: 108244.0469 train_distortion: 19.6737 train_mapscore: 0.9218 train_c: -1.1020 train_max_dist: 28.9434 train_imax: 18.3355 train_imin: -63.5512 time: 1.4687s
INFO:root:Epoch: 1185 lr: 0.001 train_loss: 109396.2500 train_distortion: 19.7413 train_mapscore: 0.9218 train_c: -1.1021 train_max_dist: 28.9802 train_imax: 18.3677 train_imin: -63.7329 time: 1.4625s
INFO:root:Epoch: 1190 lr: 0.001 train_loss: 108701.5547 train_distortion: 19.7667 train_mapscore: 0.9222 train_c: -1.1021 train_max_dist: 29.0095 train_imax: 18.4082 train_imin: -63.9082 time: 1.4759s
INFO:root:Epoch: 1195 lr: 0.001 train_loss: 108667.3047 train_distortion: 19.8381 train_mapscore: 0.9219 train_c: -1.1022 train_max_dist: 29.0461 train_imax: 18.5343 train_imin: -64.0369 time: 1.4647s
INFO:root:Epoch: 1200 lr: 0.001 train_loss: 109027.5703 train_distortion: 19.8642 train_mapscore: 0.9224 train_c: -1.1022 train_max_dist: 29.0693 train_imax: 18.5615 train_imin: -64.2568 time: 1.4734s
INFO:root:Epoch: 1205 lr: 0.001 train_loss: 109852.1406 train_distortion: 19.9341 train_mapscore: 0.9224 train_c: -1.1022 train_max_dist: 29.1045 train_imax: 18.5660 train_imin: -64.3528 time: 1.4768s
INFO:root:Epoch: 1210 lr: 0.001 train_loss: 108840.2500 train_distortion: 19.9580 train_mapscore: 0.9228 train_c: -1.1023 train_max_dist: 29.1316 train_imax: 18.8010 train_imin: -64.5671 time: 1.4701s
INFO:root:Epoch: 1215 lr: 0.001 train_loss: 108479.4297 train_distortion: 20.0237 train_mapscore: 0.9226 train_c: -1.1023 train_max_dist: 29.1562 train_imax: 18.8231 train_imin: -64.6618 time: 1.4780s
INFO:root:Epoch: 1220 lr: 0.001 train_loss: 107342.9453 train_distortion: 20.0576 train_mapscore: 0.9225 train_c: -1.1023 train_max_dist: 29.1841 train_imax: 18.7751 train_imin: -64.8436 time: 1.4365s
INFO:root:Epoch: 1225 lr: 0.001 train_loss: 107335.9219 train_distortion: 20.1166 train_mapscore: 0.9231 train_c: -1.1024 train_max_dist: 29.2163 train_imax: 18.9690 train_imin: -64.9961 time: 1.4384s
INFO:root:Epoch: 1230 lr: 0.001 train_loss: 107129.5156 train_distortion: 20.1484 train_mapscore: 0.9233 train_c: -1.1024 train_max_dist: 29.2539 train_imax: 19.0335 train_imin: -65.1340 time: 1.4446s
INFO:root:Epoch: 1235 lr: 0.001 train_loss: 106543.4531 train_distortion: 20.2052 train_mapscore: 0.9232 train_c: -1.1024 train_max_dist: 29.2756 train_imax: 19.1158 train_imin: -65.3232 time: 1.4387s
INFO:root:Epoch: 1240 lr: 0.001 train_loss: 106725.5234 train_distortion: 20.2477 train_mapscore: 0.9238 train_c: -1.1025 train_max_dist: 29.3110 train_imax: 19.1555 train_imin: -65.4480 time: 1.4234s
INFO:root:Epoch: 1245 lr: 0.001 train_loss: 106770.4062 train_distortion: 20.2976 train_mapscore: 0.9235 train_c: -1.1025 train_max_dist: 29.3418 train_imax: 19.3136 train_imin: -65.6581 time: 1.4380s
INFO:root:Epoch: 1250 lr: 0.001 train_loss: 106675.2031 train_distortion: 20.3416 train_mapscore: 0.9236 train_c: -1.1025 train_max_dist: 29.3677 train_imax: 19.2254 train_imin: -65.7987 time: 1.4832s
INFO:root:Epoch: 1255 lr: 0.001 train_loss: 106299.1328 train_distortion: 20.3865 train_mapscore: 0.9239 train_c: -1.1026 train_max_dist: 29.4136 train_imax: 19.4511 train_imin: -65.9625 time: 1.4668s
INFO:root:Epoch: 1260 lr: 0.001 train_loss: 106298.2812 train_distortion: 20.4359 train_mapscore: 0.9243 train_c: -1.1026 train_max_dist: 29.4470 train_imax: 19.4232 train_imin: -66.0973 time: 1.4652s
INFO:root:Epoch: 1265 lr: 0.001 train_loss: 105155.5781 train_distortion: 20.4796 train_mapscore: 0.9237 train_c: -1.1026 train_max_dist: 29.4724 train_imax: 19.5964 train_imin: -66.3000 time: 1.4598s
INFO:root:Epoch: 1270 lr: 0.001 train_loss: 105749.6406 train_distortion: 20.5299 train_mapscore: 0.9241 train_c: -1.1026 train_max_dist: 29.5283 train_imax: 19.7006 train_imin: -66.4503 time: 1.4616s
INFO:root:Epoch: 1275 lr: 0.001 train_loss: 104894.8906 train_distortion: 20.5712 train_mapscore: 0.9242 train_c: -1.1027 train_max_dist: 29.5522 train_imax: 19.7293 train_imin: -66.5678 time: 1.4668s
INFO:root:Epoch: 1280 lr: 0.001 train_loss: 105552.8828 train_distortion: 20.6246 train_mapscore: 0.9247 train_c: -1.1027 train_max_dist: 29.6016 train_imax: 19.6884 train_imin: -66.7253 time: 1.4555s
INFO:root:Epoch: 1285 lr: 0.001 train_loss: 105641.0625 train_distortion: 20.6593 train_mapscore: 0.9242 train_c: -1.1027 train_max_dist: 29.6426 train_imax: 19.9033 train_imin: -66.8864 time: 1.4620s
INFO:root:Epoch: 1290 lr: 0.001 train_loss: 105384.6719 train_distortion: 20.7133 train_mapscore: 0.9247 train_c: -1.1028 train_max_dist: 29.6877 train_imax: 19.9488 train_imin: -67.0002 time: 1.4282s
INFO:root:Epoch: 1295 lr: 0.001 train_loss: 105075.5000 train_distortion: 20.7438 train_mapscore: 0.9248 train_c: -1.1028 train_max_dist: 29.7031 train_imax: 19.9786 train_imin: -67.1755 time: 1.4418s
INFO:root:Epoch: 1300 lr: 0.001 train_loss: 104942.5625 train_distortion: 20.8062 train_mapscore: 0.9248 train_c: -1.1028 train_max_dist: 29.7681 train_imax: 20.0625 train_imin: -67.2948 time: 1.4249s
INFO:root:Epoch: 1305 lr: 0.001 train_loss: 105011.7812 train_distortion: 20.8380 train_mapscore: 0.9253 train_c: -1.1028 train_max_dist: 29.8032 train_imax: 20.0539 train_imin: -67.4633 time: 1.4278s
INFO:root:Epoch: 1310 lr: 0.001 train_loss: 104374.5000 train_distortion: 20.8940 train_mapscore: 0.9249 train_c: -1.1029 train_max_dist: 29.8281 train_imax: 20.1604 train_imin: -67.6230 time: 1.4812s
INFO:root:Epoch: 1315 lr: 0.001 train_loss: 105020.8906 train_distortion: 20.9311 train_mapscore: 0.9255 train_c: -1.1029 train_max_dist: 29.8643 train_imax: 20.3316 train_imin: -67.7987 time: 1.4776s
INFO:root:Epoch: 1320 lr: 0.001 train_loss: 103985.2812 train_distortion: 20.9783 train_mapscore: 0.9256 train_c: -1.1029 train_max_dist: 29.8994 train_imax: 20.3830 train_imin: -67.8781 time: 1.4744s
INFO:root:Epoch: 1325 lr: 0.001 train_loss: 104053.4844 train_distortion: 21.0231 train_mapscore: 0.9256 train_c: -1.1029 train_max_dist: 29.9346 train_imax: 20.3778 train_imin: -68.0899 time: 1.4737s
INFO:root:Epoch: 1330 lr: 0.001 train_loss: 103110.7578 train_distortion: 21.0656 train_mapscore: 0.9258 train_c: -1.1030 train_max_dist: 29.9800 train_imax: 20.5819 train_imin: -68.1864 time: 1.4723s
INFO:root:Epoch: 1335 lr: 0.001 train_loss: 103644.7266 train_distortion: 21.1091 train_mapscore: 0.9257 train_c: -1.1030 train_max_dist: 30.0132 train_imax: 20.4953 train_imin: -68.2969 time: 1.4757s
INFO:root:Epoch: 1340 lr: 0.001 train_loss: 102524.4766 train_distortion: 21.1532 train_mapscore: 0.9260 train_c: -1.1030 train_max_dist: 30.0483 train_imax: 20.5435 train_imin: -68.4759 time: 1.4581s
INFO:root:Epoch: 1345 lr: 0.001 train_loss: 103652.8281 train_distortion: 21.1983 train_mapscore: 0.9269 train_c: -1.1030 train_max_dist: 30.0938 train_imax: 20.7375 train_imin: -68.6525 time: 1.4625s
INFO:root:Epoch: 1350 lr: 0.001 train_loss: 102687.7344 train_distortion: 21.2327 train_mapscore: 0.9264 train_c: -1.1031 train_max_dist: 30.1252 train_imax: 20.8063 train_imin: -68.7557 time: 1.4248s
INFO:root:Epoch: 1355 lr: 0.001 train_loss: 102868.0469 train_distortion: 21.2821 train_mapscore: 0.9265 train_c: -1.1031 train_max_dist: 30.1597 train_imax: 20.8340 train_imin: -68.8648 time: 1.4279s
INFO:root:Epoch: 1360 lr: 0.001 train_loss: 102784.6016 train_distortion: 21.3231 train_mapscore: 0.9272 train_c: -1.1031 train_max_dist: 30.2007 train_imax: 20.8032 train_imin: -68.9978 time: 1.4364s
INFO:root:Epoch: 1365 lr: 0.001 train_loss: 103604.3672 train_distortion: 21.3690 train_mapscore: 0.9267 train_c: -1.1031 train_max_dist: 30.2292 train_imax: 21.0574 train_imin: -69.1269 time: 1.4398s
INFO:root:Epoch: 1370 lr: 0.001 train_loss: 102753.7344 train_distortion: 21.4099 train_mapscore: 0.9272 train_c: -1.1032 train_max_dist: 30.2676 train_imax: 21.0542 train_imin: -69.2854 time: 1.4436s
INFO:root:Epoch: 1375 lr: 0.001 train_loss: 103074.4297 train_distortion: 21.4545 train_mapscore: 0.9275 train_c: -1.1032 train_max_dist: 30.2891 train_imax: 21.1437 train_imin: -69.4375 time: 1.4644s
INFO:root:Epoch: 1380 lr: 0.001 train_loss: 102162.6406 train_distortion: 21.5012 train_mapscore: 0.9268 train_c: -1.1032 train_max_dist: 30.3267 train_imax: 21.1639 train_imin: -69.5592 time: 1.4926s
INFO:root:Epoch: 1385 lr: 0.001 train_loss: 102079.4062 train_distortion: 21.5429 train_mapscore: 0.9275 train_c: -1.1032 train_max_dist: 30.3613 train_imax: 21.2900 train_imin: -69.6784 time: 1.4679s
INFO:root:Epoch: 1390 lr: 0.001 train_loss: 103148.0078 train_distortion: 21.5879 train_mapscore: 0.9275 train_c: -1.1032 train_max_dist: 30.4126 train_imax: 21.4004 train_imin: -69.8199 time: 1.4707s
INFO:root:Epoch: 1395 lr: 0.001 train_loss: 102341.3359 train_distortion: 21.6202 train_mapscore: 0.9278 train_c: -1.1033 train_max_dist: 30.4351 train_imax: 21.4055 train_imin: -69.9352 time: 1.4666s
INFO:root:Epoch: 1400 lr: 0.001 train_loss: 102074.3203 train_distortion: 21.6481 train_mapscore: 0.9274 train_c: -1.1033 train_max_dist: 30.4531 train_imax: 21.3960 train_imin: -70.0669 time: 1.4754s
INFO:root:Epoch: 1405 lr: 0.001 train_loss: 103110.2812 train_distortion: 21.7059 train_mapscore: 0.9278 train_c: -1.1033 train_max_dist: 30.4893 train_imax: 21.6951 train_imin: -70.1474 time: 1.4680s
INFO:root:Epoch: 1410 lr: 0.001 train_loss: 102010.7344 train_distortion: 21.7196 train_mapscore: 0.9280 train_c: -1.1033 train_max_dist: 30.5234 train_imax: 21.5658 train_imin: -70.3088 time: 1.4622s
INFO:root:Epoch: 1415 lr: 0.001 train_loss: 101441.3281 train_distortion: 21.7764 train_mapscore: 0.9283 train_c: -1.1033 train_max_dist: 30.5576 train_imax: 21.6646 train_imin: -70.4120 time: 1.4264s
INFO:root:Epoch: 1420 lr: 0.001 train_loss: 101049.2344 train_distortion: 21.7987 train_mapscore: 0.9282 train_c: -1.1033 train_max_dist: 30.5889 train_imax: 21.6566 train_imin: -70.5584 time: 1.4196s
INFO:root:Epoch: 1425 lr: 0.001 train_loss: 101843.1875 train_distortion: 21.8561 train_mapscore: 0.9280 train_c: -1.1034 train_max_dist: 30.6123 train_imax: 21.8120 train_imin: -70.6444 time: 1.4329s
INFO:root:Epoch: 1430 lr: 0.001 train_loss: 101335.6641 train_distortion: 21.8727 train_mapscore: 0.9286 train_c: -1.1034 train_max_dist: 30.6348 train_imax: 21.8403 train_imin: -70.7333 time: 1.4494s
INFO:root:Epoch: 1435 lr: 0.001 train_loss: 101818.4219 train_distortion: 21.9333 train_mapscore: 0.9282 train_c: -1.1034 train_max_dist: 30.6729 train_imax: 21.7760 train_imin: -70.8983 time: 1.4418s
INFO:root:Epoch: 1440 lr: 0.001 train_loss: 101323.8281 train_distortion: 21.9484 train_mapscore: 0.9284 train_c: -1.1034 train_max_dist: 30.7119 train_imax: 22.1020 train_imin: -71.0081 time: 1.4217s
INFO:root:Epoch: 1445 lr: 0.001 train_loss: 101436.8906 train_distortion: 22.0139 train_mapscore: 0.9286 train_c: -1.1034 train_max_dist: 30.7393 train_imax: 22.0323 train_imin: -71.1392 time: 1.4920s
INFO:root:Epoch: 1450 lr: 0.001 train_loss: 100849.0312 train_distortion: 22.0238 train_mapscore: 0.9293 train_c: -1.1034 train_max_dist: 30.7793 train_imax: 22.0298 train_imin: -71.2573 time: 1.4618s
INFO:root:Epoch: 1455 lr: 0.001 train_loss: 101646.9766 train_distortion: 22.0892 train_mapscore: 0.9291 train_c: -1.1034 train_max_dist: 30.7837 train_imax: 22.1074 train_imin: -71.3913 time: 1.4743s
INFO:root:Epoch: 1460 lr: 0.001 train_loss: 100931.1094 train_distortion: 22.1014 train_mapscore: 0.9292 train_c: -1.1035 train_max_dist: 30.8330 train_imax: 22.1466 train_imin: -71.5186 time: 1.4644s
INFO:root:Epoch: 1465 lr: 0.001 train_loss: 101488.2109 train_distortion: 22.1600 train_mapscore: 0.9291 train_c: -1.1035 train_max_dist: 30.8618 train_imax: 22.1817 train_imin: -71.6298 time: 1.5056s
INFO:root:Epoch: 1470 lr: 0.001 train_loss: 100264.8516 train_distortion: 22.1822 train_mapscore: 0.9290 train_c: -1.1035 train_max_dist: 30.8843 train_imax: 22.3317 train_imin: -71.6869 time: 1.4676s
INFO:root:Epoch: 1475 lr: 0.001 train_loss: 100967.3281 train_distortion: 22.2185 train_mapscore: 0.9295 train_c: -1.1035 train_max_dist: 30.9160 train_imax: 22.3963 train_imin: -71.8885 time: 1.4588s
INFO:root:Epoch: 1480 lr: 0.001 train_loss: 101045.1016 train_distortion: 22.2564 train_mapscore: 0.9296 train_c: -1.1035 train_max_dist: 30.9326 train_imax: 22.5045 train_imin: -71.9574 time: 1.4632s
INFO:root:Epoch: 1485 lr: 0.001 train_loss: 100667.6016 train_distortion: 22.2901 train_mapscore: 0.9298 train_c: -1.1035 train_max_dist: 30.9814 train_imax: 22.3688 train_imin: -72.0972 time: 1.4318s
INFO:root:Epoch: 1490 lr: 0.001 train_loss: 99937.8750 train_distortion: 22.3205 train_mapscore: 0.9300 train_c: -1.1035 train_max_dist: 30.9902 train_imax: 22.6027 train_imin: -72.2318 time: 1.4275s
INFO:root:Epoch: 1495 lr: 0.001 train_loss: 100656.1562 train_distortion: 22.3617 train_mapscore: 0.9304 train_c: -1.1035 train_max_dist: 31.0186 train_imax: 22.6868 train_imin: -72.2909 time: 1.4158s
INFO:root:Epoch: 1500 lr: 0.001 train_loss: 99731.1094 train_distortion: 22.3959 train_mapscore: 0.9300 train_c: -1.1035 train_max_dist: 31.0513 train_imax: 22.7038 train_imin: -72.4425 time: 1.4290s
INFO:root:Epoch: 1505 lr: 0.001 train_loss: 99306.6250 train_distortion: 22.4279 train_mapscore: 0.9300 train_c: -1.1036 train_max_dist: 31.0815 train_imax: 22.7450 train_imin: -72.5175 time: 1.4673s
INFO:root:Epoch: 1510 lr: 0.001 train_loss: 100730.4062 train_distortion: 22.4694 train_mapscore: 0.9304 train_c: -1.1036 train_max_dist: 31.1006 train_imax: 22.8107 train_imin: -72.6815 time: 1.4561s
INFO:root:Epoch: 1515 lr: 0.001 train_loss: 99975.2422 train_distortion: 22.4990 train_mapscore: 0.9301 train_c: -1.1036 train_max_dist: 31.1436 train_imax: 22.8118 train_imin: -72.7844 time: 1.4727s
INFO:root:Epoch: 1520 lr: 0.001 train_loss: 100206.2031 train_distortion: 22.5452 train_mapscore: 0.9303 train_c: -1.1036 train_max_dist: 31.1475 train_imax: 22.9546 train_imin: -72.8461 time: 1.4686s
INFO:root:Epoch: 1525 lr: 0.001 train_loss: 100288.6953 train_distortion: 22.5754 train_mapscore: 0.9299 train_c: -1.1036 train_max_dist: 31.1816 train_imax: 22.9673 train_imin: -73.0224 time: 1.4821s
INFO:root:Epoch: 1530 lr: 0.001 train_loss: 99491.6328 train_distortion: 22.6032 train_mapscore: 0.9302 train_c: -1.1036 train_max_dist: 31.2280 train_imax: 23.0218 train_imin: -73.1309 time: 1.4749s
INFO:root:Epoch: 1535 lr: 0.001 train_loss: 99976.5469 train_distortion: 22.6539 train_mapscore: 0.9307 train_c: -1.1036 train_max_dist: 31.2290 train_imax: 22.9637 train_imin: -73.2126 time: 1.4541s
INFO:root:Epoch: 1540 lr: 0.001 train_loss: 99207.9141 train_distortion: 22.6754 train_mapscore: 0.9307 train_c: -1.1036 train_max_dist: 31.2710 train_imax: 23.0037 train_imin: -73.3542 time: 1.4587s
INFO:root:Epoch: 1545 lr: 0.001 train_loss: 99118.5234 train_distortion: 22.7021 train_mapscore: 0.9306 train_c: -1.1036 train_max_dist: 31.3086 train_imax: 23.2003 train_imin: -73.4202 time: 1.4271s
INFO:root:Epoch: 1550 lr: 0.001 train_loss: 99613.2188 train_distortion: 22.7525 train_mapscore: 0.9313 train_c: -1.1036 train_max_dist: 31.3179 train_imax: 23.3190 train_imin: -73.5718 time: 1.4321s
INFO:root:Epoch: 1555 lr: 0.001 train_loss: 100095.7188 train_distortion: 22.7709 train_mapscore: 0.9309 train_c: -1.1036 train_max_dist: 31.3403 train_imax: 23.1258 train_imin: -73.7127 time: 1.4323s
INFO:root:Epoch: 1560 lr: 0.001 train_loss: 99883.0625 train_distortion: 22.8097 train_mapscore: 0.9311 train_c: -1.1036 train_max_dist: 31.3857 train_imax: 23.1464 train_imin: -73.7502 time: 1.4165s
INFO:root:Epoch: 1565 lr: 0.001 train_loss: 99378.0781 train_distortion: 22.8257 train_mapscore: 0.9312 train_c: -1.1037 train_max_dist: 31.3955 train_imax: 23.2516 train_imin: -73.8438 time: 1.4386s
INFO:root:Epoch: 1570 lr: 0.001 train_loss: 99920.5703 train_distortion: 22.8744 train_mapscore: 0.9316 train_c: -1.1037 train_max_dist: 31.4189 train_imax: 23.3232 train_imin: -73.9807 time: 1.4572s
INFO:root:Epoch: 1575 lr: 0.001 train_loss: 99078.8906 train_distortion: 22.8990 train_mapscore: 0.9315 train_c: -1.1037 train_max_dist: 31.4272 train_imax: 23.4421 train_imin: -74.0543 time: 1.4742s
INFO:root:Epoch: 1580 lr: 0.001 train_loss: 99468.7578 train_distortion: 22.9279 train_mapscore: 0.9315 train_c: -1.1037 train_max_dist: 31.4775 train_imax: 23.4018 train_imin: -74.1315 time: 1.4645s
INFO:root:Epoch: 1585 lr: 0.001 train_loss: 98776.5781 train_distortion: 22.9479 train_mapscore: 0.9317 train_c: -1.1037 train_max_dist: 31.5034 train_imax: 23.4546 train_imin: -74.3122 time: 1.4656s
INFO:root:Epoch: 1590 lr: 0.001 train_loss: 98555.0625 train_distortion: 22.9780 train_mapscore: 0.9320 train_c: -1.1037 train_max_dist: 31.5029 train_imax: 23.4681 train_imin: -74.4342 time: 1.4533s
INFO:root:Epoch: 1595 lr: 0.001 train_loss: 98368.7266 train_distortion: 23.0150 train_mapscore: 0.9318 train_c: -1.1037 train_max_dist: 31.5186 train_imax: 23.4890 train_imin: -74.4823 time: 1.4556s
INFO:root:Epoch: 1600 lr: 0.001 train_loss: 99085.3281 train_distortion: 23.0245 train_mapscore: 0.9318 train_c: -1.1037 train_max_dist: 31.5640 train_imax: 23.6349 train_imin: -74.5621 time: 1.4654s
INFO:root:Epoch: 1605 lr: 0.001 train_loss: 99447.7500 train_distortion: 23.0846 train_mapscore: 0.9321 train_c: -1.1037 train_max_dist: 31.5811 train_imax: 23.7090 train_imin: -74.5949 time: 1.4633s
INFO:root:Epoch: 1610 lr: 0.001 train_loss: 99136.4375 train_distortion: 23.0830 train_mapscore: 0.9324 train_c: -1.1037 train_max_dist: 31.5835 train_imax: 23.7037 train_imin: -74.7929 time: 1.4224s
INFO:root:Epoch: 1615 lr: 0.001 train_loss: 100280.6016 train_distortion: 23.1318 train_mapscore: 0.9323 train_c: -1.1037 train_max_dist: 31.6196 train_imax: 23.7765 train_imin: -74.8337 time: 1.4088s
INFO:root:Epoch: 1620 lr: 0.001 train_loss: 98907.2344 train_distortion: 23.1272 train_mapscore: 0.9321 train_c: -1.1037 train_max_dist: 31.6294 train_imax: 23.7922 train_imin: -74.8820 time: 1.4318s
INFO:root:Epoch: 1625 lr: 0.001 train_loss: 98338.8125 train_distortion: 23.1727 train_mapscore: 0.9321 train_c: -1.1037 train_max_dist: 31.6533 train_imax: 23.7073 train_imin: -74.9871 time: 1.4230s
INFO:root:Epoch: 1630 lr: 0.001 train_loss: 99339.4375 train_distortion: 23.2074 train_mapscore: 0.9317 train_c: -1.1037 train_max_dist: 31.6714 train_imax: 24.0029 train_imin: -75.0887 time: 1.4373s
INFO:root:Epoch: 1635 lr: 0.001 train_loss: 98337.5625 train_distortion: 23.2128 train_mapscore: 0.9323 train_c: -1.1037 train_max_dist: 31.6968 train_imax: 23.8764 train_imin: -75.1753 time: 1.4463s
INFO:root:Epoch: 1640 lr: 0.001 train_loss: 98466.5391 train_distortion: 23.2525 train_mapscore: 0.9322 train_c: -1.1037 train_max_dist: 31.7183 train_imax: 23.9921 train_imin: -75.1775 time: 1.4627s
INFO:root:Epoch: 1645 lr: 0.001 train_loss: 98101.3281 train_distortion: 23.2729 train_mapscore: 0.9322 train_c: -1.1037 train_max_dist: 31.7300 train_imax: 24.0061 train_imin: -75.3322 time: 1.4631s
INFO:root:Epoch: 1650 lr: 0.001 train_loss: 98710.8828 train_distortion: 23.3056 train_mapscore: 0.9326 train_c: -1.1037 train_max_dist: 31.7646 train_imax: 24.1267 train_imin: -75.4416 time: 1.4506s
INFO:root:Epoch: 1655 lr: 0.001 train_loss: 98380.8281 train_distortion: 23.3247 train_mapscore: 0.9323 train_c: -1.1037 train_max_dist: 31.7593 train_imax: 24.1690 train_imin: -75.4933 time: 1.4516s
INFO:root:Epoch: 1660 lr: 0.001 train_loss: 97982.8906 train_distortion: 23.3561 train_mapscore: 0.9328 train_c: -1.1037 train_max_dist: 31.7983 train_imax: 24.1280 train_imin: -75.5268 time: 1.4724s
INFO:root:Epoch: 1665 lr: 0.001 train_loss: 97965.8281 train_distortion: 23.3629 train_mapscore: 0.9328 train_c: -1.1037 train_max_dist: 31.8228 train_imax: 24.1377 train_imin: -75.6292 time: 1.4969s
INFO:root:Epoch: 1670 lr: 0.001 train_loss: 98592.3516 train_distortion: 23.3980 train_mapscore: 0.9329 train_c: -1.1037 train_max_dist: 31.8442 train_imax: 24.1633 train_imin: -75.7473 time: 1.4616s
INFO:root:Epoch: 1675 lr: 0.001 train_loss: 99287.9922 train_distortion: 23.4317 train_mapscore: 0.9325 train_c: -1.1037 train_max_dist: 31.8569 train_imax: 24.3346 train_imin: -75.7686 time: 1.4714s
INFO:root:Epoch: 1680 lr: 0.001 train_loss: 99040.7656 train_distortion: 23.4294 train_mapscore: 0.9330 train_c: -1.1037 train_max_dist: 31.8799 train_imax: 24.3485 train_imin: -75.8280 time: 1.4318s
INFO:root:Epoch: 1685 lr: 0.001 train_loss: 98576.2109 train_distortion: 23.4648 train_mapscore: 0.9325 train_c: -1.1037 train_max_dist: 31.8975 train_imax: 24.4365 train_imin: -75.9098 time: 1.4268s
INFO:root:Epoch: 1690 lr: 0.001 train_loss: 98841.6406 train_distortion: 23.4872 train_mapscore: 0.9333 train_c: -1.1037 train_max_dist: 31.9316 train_imax: 24.3210 train_imin: -76.0305 time: 1.4343s
INFO:root:Epoch: 1695 lr: 0.001 train_loss: 98852.1016 train_distortion: 23.4919 train_mapscore: 0.9326 train_c: -1.1036 train_max_dist: 31.9219 train_imax: 24.3927 train_imin: -76.0755 time: 1.4365s
INFO:root:Epoch: 1700 lr: 0.001 train_loss: 97705.5625 train_distortion: 23.5096 train_mapscore: 0.9331 train_c: -1.1036 train_max_dist: 31.9551 train_imax: 24.4530 train_imin: -76.1362 time: 1.4714s
INFO:root:Epoch: 1705 lr: 0.001 train_loss: 98749.5156 train_distortion: 23.5270 train_mapscore: 0.9334 train_c: -1.1036 train_max_dist: 31.9678 train_imax: 24.4177 train_imin: -76.2358 time: 1.4512s
INFO:root:Epoch: 1710 lr: 0.001 train_loss: 97469.1562 train_distortion: 23.5558 train_mapscore: 0.9334 train_c: -1.1036 train_max_dist: 31.9854 train_imax: 24.5480 train_imin: -76.3157 time: 1.4626s
INFO:root:Epoch: 1715 lr: 0.001 train_loss: 98963.8203 train_distortion: 23.5680 train_mapscore: 0.9333 train_c: -1.1036 train_max_dist: 32.0029 train_imax: 24.3984 train_imin: -76.3243 time: 1.4679s
INFO:root:Epoch: 1720 lr: 0.001 train_loss: 97607.4141 train_distortion: 23.5718 train_mapscore: 0.9328 train_c: -1.1036 train_max_dist: 32.0239 train_imax: 24.5993 train_imin: -76.3472 time: 1.4629s
INFO:root:Epoch: 1725 lr: 0.001 train_loss: 97562.0156 train_distortion: 23.6004 train_mapscore: 0.9334 train_c: -1.1036 train_max_dist: 32.0259 train_imax: 24.6544 train_imin: -76.4668 time: 1.4540s
INFO:root:Epoch: 1730 lr: 0.001 train_loss: 96960.6797 train_distortion: 23.6228 train_mapscore: 0.9337 train_c: -1.1036 train_max_dist: 32.0674 train_imax: 24.5339 train_imin: -76.5387 time: 1.4529s
INFO:root:Epoch: 1735 lr: 0.001 train_loss: 97959.2344 train_distortion: 23.6370 train_mapscore: 0.9333 train_c: -1.1036 train_max_dist: 32.0547 train_imax: 24.6507 train_imin: -76.5875 time: 1.4653s
INFO:root:Epoch: 1740 lr: 0.001 train_loss: 98162.8828 train_distortion: 23.6740 train_mapscore: 0.9338 train_c: -1.1036 train_max_dist: 32.0884 train_imax: 24.7753 train_imin: -76.6545 time: 1.4189s
INFO:root:Epoch: 1745 lr: 0.001 train_loss: 97523.8125 train_distortion: 23.6665 train_mapscore: 0.9342 train_c: -1.1036 train_max_dist: 32.1025 train_imax: 24.6120 train_imin: -76.7547 time: 1.4295s
INFO:root:Epoch: 1750 lr: 0.001 train_loss: 97317.1562 train_distortion: 23.7110 train_mapscore: 0.9340 train_c: -1.1036 train_max_dist: 32.1226 train_imax: 24.7182 train_imin: -76.8288 time: 1.4145s
INFO:root:Epoch: 1755 lr: 0.001 train_loss: 97939.3359 train_distortion: 23.7393 train_mapscore: 0.9335 train_c: -1.1036 train_max_dist: 32.1357 train_imax: 24.9848 train_imin: -76.9312 time: 1.4264s
INFO:root:Epoch: 1760 lr: 0.001 train_loss: 97315.3828 train_distortion: 23.7325 train_mapscore: 0.9343 train_c: -1.1036 train_max_dist: 32.1553 train_imax: 24.7895 train_imin: -76.8967 time: 1.4376s
INFO:root:Epoch: 1765 lr: 0.001 train_loss: 97548.8047 train_distortion: 23.7739 train_mapscore: 0.9337 train_c: -1.1036 train_max_dist: 32.1714 train_imax: 24.9060 train_imin: -77.0401 time: 1.4583s
INFO:root:Epoch: 1770 lr: 0.001 train_loss: 96461.8359 train_distortion: 23.7905 train_mapscore: 0.9342 train_c: -1.1036 train_max_dist: 32.1963 train_imax: 24.9024 train_imin: -77.1589 time: 1.4655s
INFO:root:Epoch: 1775 lr: 0.001 train_loss: 96446.4375 train_distortion: 23.8099 train_mapscore: 0.9341 train_c: -1.1036 train_max_dist: 32.2109 train_imax: 25.0234 train_imin: -77.1469 time: 1.4791s
INFO:root:Epoch: 1780 lr: 0.001 train_loss: 95783.8047 train_distortion: 23.8422 train_mapscore: 0.9341 train_c: -1.1035 train_max_dist: 32.2236 train_imax: 24.9443 train_imin: -77.2491 time: 1.4621s
INFO:root:Epoch: 1785 lr: 0.001 train_loss: 96340.6719 train_distortion: 23.8474 train_mapscore: 0.9340 train_c: -1.1035 train_max_dist: 32.2676 train_imax: 25.0307 train_imin: -77.4079 time: 1.4538s
INFO:root:Epoch: 1790 lr: 0.001 train_loss: 96821.3750 train_distortion: 23.8882 train_mapscore: 0.9339 train_c: -1.1035 train_max_dist: 32.2773 train_imax: 25.0690 train_imin: -77.3620 time: 1.4743s
INFO:root:Epoch: 1795 lr: 0.001 train_loss: 96482.4844 train_distortion: 23.9184 train_mapscore: 0.9346 train_c: -1.1035 train_max_dist: 32.3013 train_imax: 25.2191 train_imin: -77.4752 time: 1.4670s
INFO:root:Epoch: 1800 lr: 0.001 train_loss: 95249.6016 train_distortion: 23.9307 train_mapscore: 0.9344 train_c: -1.1035 train_max_dist: 32.3042 train_imax: 25.1958 train_imin: -77.6079 time: 1.4702s
INFO:root:Epoch: 1805 lr: 0.001 train_loss: 96297.0000 train_distortion: 23.9633 train_mapscore: 0.9340 train_c: -1.1035 train_max_dist: 32.3335 train_imax: 25.2209 train_imin: -77.6429 time: 1.4224s
INFO:root:Epoch: 1810 lr: 0.001 train_loss: 96878.5000 train_distortion: 23.9730 train_mapscore: 0.9341 train_c: -1.1035 train_max_dist: 32.3447 train_imax: 25.3231 train_imin: -77.7159 time: 1.4411s
INFO:root:Epoch: 1815 lr: 0.001 train_loss: 95344.0938 train_distortion: 24.0080 train_mapscore: 0.9345 train_c: -1.1035 train_max_dist: 32.3682 train_imax: 25.3789 train_imin: -77.8100 time: 1.4270s
INFO:root:Epoch: 1820 lr: 0.001 train_loss: 97199.8672 train_distortion: 24.0259 train_mapscore: 0.9340 train_c: -1.1035 train_max_dist: 32.3804 train_imax: 25.3449 train_imin: -77.9500 time: 1.4395s
INFO:root:Epoch: 1825 lr: 0.001 train_loss: 95966.7812 train_distortion: 24.0410 train_mapscore: 0.9344 train_c: -1.1035 train_max_dist: 32.4180 train_imax: 25.3427 train_imin: -78.0135 time: 1.4282s
INFO:root:Epoch: 1830 lr: 0.001 train_loss: 97087.7969 train_distortion: 24.0700 train_mapscore: 0.9346 train_c: -1.1035 train_max_dist: 32.4077 train_imax: 25.4878 train_imin: -78.0503 time: 1.4266s
INFO:root:Epoch: 1835 lr: 0.001 train_loss: 95702.4844 train_distortion: 24.0846 train_mapscore: 0.9349 train_c: -1.1035 train_max_dist: 32.4316 train_imax: 25.3814 train_imin: -78.0618 time: 1.4631s
INFO:root:Epoch: 1840 lr: 0.001 train_loss: 96507.3203 train_distortion: 24.1107 train_mapscore: 0.9347 train_c: -1.1034 train_max_dist: 32.4443 train_imax: 25.4584 train_imin: -78.2118 time: 1.4791s
INFO:root:Epoch: 1845 lr: 0.001 train_loss: 95440.8750 train_distortion: 24.1244 train_mapscore: 0.9344 train_c: -1.1034 train_max_dist: 32.4668 train_imax: 25.5734 train_imin: -78.3138 time: 1.4598s
INFO:root:Epoch: 1850 lr: 0.001 train_loss: 96095.7422 train_distortion: 24.1551 train_mapscore: 0.9347 train_c: -1.1034 train_max_dist: 32.4941 train_imax: 25.5634 train_imin: -78.2968 time: 1.4642s
INFO:root:Epoch: 1855 lr: 0.001 train_loss: 95504.8125 train_distortion: 24.1677 train_mapscore: 0.9352 train_c: -1.1034 train_max_dist: 32.4956 train_imax: 25.5749 train_imin: -78.3527 time: 1.4609s
INFO:root:Epoch: 1860 lr: 0.001 train_loss: 95906.2031 train_distortion: 24.1895 train_mapscore: 0.9342 train_c: -1.1034 train_max_dist: 32.5156 train_imax: 25.5386 train_imin: -78.5240 time: 1.4658s
INFO:root:Epoch: 1865 lr: 0.001 train_loss: 94766.4453 train_distortion: 24.2183 train_mapscore: 0.9353 train_c: -1.1034 train_max_dist: 32.5415 train_imax: 25.7269 train_imin: -78.6418 time: 1.4564s
INFO:root:Epoch: 1870 lr: 0.001 train_loss: 96065.5156 train_distortion: 24.2266 train_mapscore: 0.9343 train_c: -1.1034 train_max_dist: 32.5483 train_imax: 25.6885 train_imin: -78.6498 time: 1.4729s
INFO:root:Epoch: 1875 lr: 0.001 train_loss: 95123.6172 train_distortion: 24.2610 train_mapscore: 0.9352 train_c: -1.1034 train_max_dist: 32.5747 train_imax: 25.7471 train_imin: -78.7479 time: 1.4127s
INFO:root:Epoch: 1880 lr: 0.001 train_loss: 95135.5469 train_distortion: 24.2762 train_mapscore: 0.9353 train_c: -1.1034 train_max_dist: 32.5859 train_imax: 25.7023 train_imin: -78.8682 time: 1.4199s
INFO:root:Epoch: 1885 lr: 0.001 train_loss: 95025.4297 train_distortion: 24.3095 train_mapscore: 0.9353 train_c: -1.1034 train_max_dist: 32.6138 train_imax: 25.7423 train_imin: -78.9109 time: 1.4080s
INFO:root:Epoch: 1890 lr: 0.001 train_loss: 95177.1719 train_distortion: 24.3305 train_mapscore: 0.9356 train_c: -1.1033 train_max_dist: 32.6143 train_imax: 25.8293 train_imin: -79.0094 time: 1.4060s
INFO:root:Epoch: 1895 lr: 0.001 train_loss: 94746.0312 train_distortion: 24.3418 train_mapscore: 0.9351 train_c: -1.1033 train_max_dist: 32.6523 train_imax: 25.7457 train_imin: -79.0655 time: 1.4577s
INFO:root:Epoch: 1900 lr: 0.001 train_loss: 94746.7812 train_distortion: 24.3857 train_mapscore: 0.9352 train_c: -1.1033 train_max_dist: 32.6689 train_imax: 25.8848 train_imin: -79.2044 time: 1.5107s
INFO:root:Epoch: 1905 lr: 0.001 train_loss: 95898.2109 train_distortion: 24.4013 train_mapscore: 0.9355 train_c: -1.1033 train_max_dist: 32.6631 train_imax: 25.9197 train_imin: -79.2761 time: 1.4413s
INFO:root:Epoch: 1910 lr: 0.001 train_loss: 95425.4062 train_distortion: 24.4238 train_mapscore: 0.9358 train_c: -1.1033 train_max_dist: 32.6860 train_imax: 25.9233 train_imin: -79.3076 time: 1.4413s
INFO:root:Epoch: 1915 lr: 0.001 train_loss: 94519.3438 train_distortion: 24.4164 train_mapscore: 0.9356 train_c: -1.1033 train_max_dist: 32.7002 train_imax: 25.8534 train_imin: -79.4338 time: 1.4488s
INFO:root:Epoch: 1920 lr: 0.001 train_loss: 94639.4922 train_distortion: 24.4680 train_mapscore: 0.9353 train_c: -1.1033 train_max_dist: 32.7344 train_imax: 26.0899 train_imin: -79.5117 time: 1.4720s
INFO:root:Epoch: 1925 lr: 0.001 train_loss: 95753.6250 train_distortion: 24.4776 train_mapscore: 0.9361 train_c: -1.1033 train_max_dist: 32.7383 train_imax: 26.0235 train_imin: -79.6020 time: 1.4431s
INFO:root:Epoch: 1930 lr: 0.001 train_loss: 94984.3594 train_distortion: 24.4972 train_mapscore: 0.9355 train_c: -1.1032 train_max_dist: 32.7422 train_imax: 26.0210 train_imin: -79.6669 time: 1.4470s
INFO:root:Epoch: 1935 lr: 0.001 train_loss: 94578.8984 train_distortion: 24.5147 train_mapscore: 0.9358 train_c: -1.1032 train_max_dist: 32.7715 train_imax: 26.1285 train_imin: -79.7271 time: 1.4134s
INFO:root:Epoch: 1940 lr: 0.001 train_loss: 94544.8281 train_distortion: 24.5284 train_mapscore: 0.9360 train_c: -1.1032 train_max_dist: 32.7734 train_imax: 25.9633 train_imin: -79.8714 time: 1.4105s
INFO:root:Epoch: 1945 lr: 0.001 train_loss: 96490.1250 train_distortion: 24.5750 train_mapscore: 0.9360 train_c: -1.1032 train_max_dist: 32.7891 train_imax: 26.2545 train_imin: -79.9099 time: 1.4291s
INFO:root:Epoch: 1950 lr: 0.001 train_loss: 94269.8047 train_distortion: 24.5667 train_mapscore: 0.9356 train_c: -1.1032 train_max_dist: 32.8125 train_imax: 26.1170 train_imin: -79.8962 time: 1.4113s
INFO:root:Epoch: 1955 lr: 0.001 train_loss: 94520.7969 train_distortion: 24.5757 train_mapscore: 0.9361 train_c: -1.1032 train_max_dist: 32.8296 train_imax: 26.3363 train_imin: -80.0262 time: 1.4237s
INFO:root:Epoch: 1960 lr: 0.001 train_loss: 95994.2344 train_distortion: 24.6238 train_mapscore: 0.9360 train_c: -1.1032 train_max_dist: 32.8657 train_imax: 26.2386 train_imin: -80.1177 time: 1.4491s
INFO:root:Epoch: 1965 lr: 0.001 train_loss: 95856.8125 train_distortion: 24.6375 train_mapscore: 0.9364 train_c: -1.1031 train_max_dist: 32.8594 train_imax: 26.1986 train_imin: -80.1714 time: 1.4451s
INFO:root:Epoch: 1970 lr: 0.001 train_loss: 95684.9141 train_distortion: 24.6148 train_mapscore: 0.9361 train_c: -1.1031 train_max_dist: 32.8857 train_imax: 26.3177 train_imin: -80.2240 time: 1.4543s
INFO:root:Epoch: 1975 lr: 0.001 train_loss: 94413.6562 train_distortion: 24.6325 train_mapscore: 0.9358 train_c: -1.1031 train_max_dist: 32.9033 train_imax: 26.3924 train_imin: -80.2724 time: 1.4467s
INFO:root:Epoch: 1980 lr: 0.001 train_loss: 94663.7188 train_distortion: 24.6697 train_mapscore: 0.9357 train_c: -1.1031 train_max_dist: 32.9116 train_imax: 26.3869 train_imin: -80.3870 time: 1.4712s
INFO:root:Epoch: 1985 lr: 0.001 train_loss: 95456.0234 train_distortion: 24.6745 train_mapscore: 0.9365 train_c: -1.1031 train_max_dist: 32.9102 train_imax: 26.3418 train_imin: -80.4250 time: 1.4502s
INFO:root:Epoch: 1990 lr: 0.001 train_loss: 93743.2812 train_distortion: 24.6738 train_mapscore: 0.9365 train_c: -1.1031 train_max_dist: 32.9219 train_imax: 26.3319 train_imin: -80.4711 time: 1.4339s
INFO:root:Epoch: 1995 lr: 0.001 train_loss: 95830.0703 train_distortion: 24.7050 train_mapscore: 0.9366 train_c: -1.1030 train_max_dist: 32.9341 train_imax: 26.4084 train_imin: -80.5493 time: 1.4356s
INFO:root:Epoch: 2000 lr: 0.00025 train_loss: 94797.7344 train_distortion: 24.7200 train_mapscore: 0.9369 train_c: -1.1030 train_max_dist: 32.9531 train_imax: 26.3503 train_imin: -80.6502 time: 1.3981s
INFO:root:Optimization Finished!
INFO:root:Total time elapsed: 3018.8425s
INFO:root:Val set results: val_distortion: 1.0000 val_mapscore: -1.0000 val_c: -1.0000 val_max_dist: 0.0000
INFO:root:Test set results: test_loss: 94944.8984 test_distortion: 24.7099 test_mapscore: 0.9362 test_c: -1.1030 test_max_dist: 32.9507 test_imax: 26.3407 test_imin: -80.6544
INFO:root:Saved model in /workspace/xiongbo/hgcn/logs/md/2021_5_23/6
