INFO:root:Using: cuda:0
INFO:root:Using seed 1234.
INFO:root:MDModel(
  (encoder): HGCN(
    (layers): Sequential(
      (0): HyperbolicGraphConvolution(
        (linear): HypLinear(
          in_features=2275, out_features=10, c=Parameter containing:
          tensor([-1.], requires_grad=True)
        )
        (agg): HypAgg(
          c=Parameter containing:
          tensor([-1.], requires_grad=True)
        )
        (hyp_act): HypAct(
          c_in=Parameter containing:
          tensor([-1.], requires_grad=True), c_out=Parameter containing:
          tensor([-1.], requires_grad=True)
        )
      )
    )
  )
  (decoder): MDDecoder()
)
INFO:root:Total number of parameters: 22762
/workspace/anaconda3/envs/geo/lib/python3.7/site-packages/torch/optim/lr_scheduler.py:370: UserWarning: To get the last learning rate computed by the scheduler, please use `get_last_lr()`.
  "please use `get_last_lr()`.", UserWarning)
INFO:root:Epoch: 0005 lr: 0.001 train_loss: 1199530.7500 train_distortion: 0.7839 train_mapscore: 0.0407 train_c: -1.0004 train_max_dist: 1.3801 train_imax: -0.0000 train_imin: -1.4614 time: 2.3381s
INFO:root:Epoch: 0010 lr: 0.001 train_loss: 1193203.3750 train_distortion: 0.7713 train_mapscore: 0.0533 train_c: -1.0009 train_max_dist: 1.5086 train_imax: -0.0000 train_imin: -1.4768 time: 2.3021s
INFO:root:Epoch: 0015 lr: 0.001 train_loss: 1185117.7500 train_distortion: 0.7518 train_mapscore: 0.0751 train_c: -1.0014 train_max_dist: 1.5796 train_imax: -0.0000 train_imin: -1.5078 time: 2.2039s
INFO:root:Epoch: 0020 lr: 0.001 train_loss: 1175155.3750 train_distortion: 0.7259 train_mapscore: 0.1121 train_c: -1.0020 train_max_dist: 1.6063 train_imax: -0.0000 train_imin: -1.5744 time: 2.1541s
INFO:root:Epoch: 0025 lr: 0.001 train_loss: 1163562.6250 train_distortion: 0.6958 train_mapscore: 0.1674 train_c: -1.0026 train_max_dist: 1.7161 train_imax: -0.0000 train_imin: -1.6470 time: 2.0290s
INFO:root:Epoch: 0030 lr: 0.001 train_loss: 1150847.5000 train_distortion: 0.6641 train_mapscore: 0.2349 train_c: -1.0032 train_max_dist: 1.7763 train_imax: -0.0000 train_imin: -1.7277 time: 1.9488s
INFO:root:Epoch: 0035 lr: 0.001 train_loss: 1137538.6250 train_distortion: 0.6326 train_mapscore: 0.3055 train_c: -1.0039 train_max_dist: 1.8031 train_imax: -0.0000 train_imin: -1.7983 time: 1.8511s
INFO:root:Epoch: 0040 lr: 0.001 train_loss: 1124020.5000 train_distortion: 0.6021 train_mapscore: 0.3718 train_c: -1.0046 train_max_dist: 1.8983 train_imax: -0.0000 train_imin: -1.8591 time: 1.8031s
INFO:root:Epoch: 0045 lr: 0.001 train_loss: 1110615.6250 train_distortion: 0.5732 train_mapscore: 0.4296 train_c: -1.0053 train_max_dist: 2.0621 train_imax: -0.0000 train_imin: -1.9233 time: 1.7233s
INFO:root:Epoch: 0050 lr: 0.001 train_loss: 1097563.2500 train_distortion: 0.5460 train_mapscore: 0.4775 train_c: -1.0060 train_max_dist: 2.2396 train_imax: -0.0000 train_imin: -1.9758 time: 1.6672s
INFO:root:Epoch: 0055 lr: 0.001 train_loss: 1085055.5000 train_distortion: 0.5206 train_mapscore: 0.5174 train_c: -1.0068 train_max_dist: 2.4631 train_imax: -0.0000 train_imin: -2.0212 time: 1.6491s
INFO:root:Epoch: 0060 lr: 0.001 train_loss: 1073249.3750 train_distortion: 0.4971 train_mapscore: 0.5488 train_c: -1.0075 train_max_dist: 2.6495 train_imax: -0.0000 train_imin: -2.0617 time: 1.5764s
INFO:root:Epoch: 0065 lr: 0.001 train_loss: 1062217.7500 train_distortion: 0.4752 train_mapscore: 0.5743 train_c: -1.0083 train_max_dist: 2.8073 train_imax: -0.0000 train_imin: -2.1000 time: 1.6189s
INFO:root:Epoch: 0070 lr: 0.001 train_loss: 1051936.7500 train_distortion: 0.4548 train_mapscore: 0.5952 train_c: -1.0091 train_max_dist: 2.9236 train_imax: -0.0000 train_imin: -2.1308 time: 1.6010s
INFO:root:Epoch: 0075 lr: 0.001 train_loss: 1042348.8750 train_distortion: 0.4357 train_mapscore: 0.6136 train_c: -1.0099 train_max_dist: 3.0090 train_imax: -0.0000 train_imin: -2.1849 time: 1.5795s
INFO:root:Epoch: 0080 lr: 0.001 train_loss: 1033387.3750 train_distortion: 0.4176 train_mapscore: 0.6306 train_c: -1.0106 train_max_dist: 3.1125 train_imax: -0.0000 train_imin: -2.2408 time: 1.5321s
INFO:root:Epoch: 0085 lr: 0.001 train_loss: 1024987.2500 train_distortion: 0.4007 train_mapscore: 0.6449 train_c: -1.0114 train_max_dist: 3.2232 train_imax: -0.0000 train_imin: -2.2948 time: 1.5288s
INFO:root:Epoch: 0090 lr: 0.001 train_loss: 1017051.6875 train_distortion: 0.3847 train_mapscore: 0.6575 train_c: -1.0122 train_max_dist: 3.3596 train_imax: -0.0000 train_imin: -2.3518 time: 1.5476s
INFO:root:Epoch: 0095 lr: 0.001 train_loss: 1009538.6875 train_distortion: 0.3696 train_mapscore: 0.6700 train_c: -1.0130 train_max_dist: 3.4843 train_imax: -0.0000 train_imin: -2.4113 time: 1.5453s
INFO:root:Epoch: 0100 lr: 0.001 train_loss: 1002412.1875 train_distortion: 0.3555 train_mapscore: 0.6822 train_c: -1.0137 train_max_dist: 3.6234 train_imax: -0.0000 train_imin: -2.4603 time: 1.5492s
INFO:root:Epoch: 0105 lr: 0.001 train_loss: 995617.5000 train_distortion: 0.3423 train_mapscore: 0.6931 train_c: -1.0145 train_max_dist: 3.7484 train_imax: -0.0000 train_imin: -2.5007 time: 1.5374s
INFO:root:Epoch: 0110 lr: 0.001 train_loss: 989075.8750 train_distortion: 0.3298 train_mapscore: 0.7031 train_c: -1.0153 train_max_dist: 3.8561 train_imax: -0.0000 train_imin: -2.5342 time: 1.5310s
INFO:root:Epoch: 0115 lr: 0.001 train_loss: 982730.1250 train_distortion: 0.3180 train_mapscore: 0.7138 train_c: -1.0160 train_max_dist: 3.9548 train_imax: -0.0000 train_imin: -2.5786 time: 1.5216s
INFO:root:Epoch: 0120 lr: 0.001 train_loss: 976535.5000 train_distortion: 0.3068 train_mapscore: 0.7237 train_c: -1.0168 train_max_dist: 4.0233 train_imax: -0.0000 train_imin: -2.6335 time: 1.5162s
INFO:root:Epoch: 0125 lr: 0.001 train_loss: 970410.7500 train_distortion: 0.2961 train_mapscore: 0.7320 train_c: -1.0176 train_max_dist: 4.1061 train_imax: -0.0000 train_imin: -2.6904 time: 1.5119s
INFO:root:Epoch: 0130 lr: 0.001 train_loss: 964345.7500 train_distortion: 0.2857 train_mapscore: 0.7394 train_c: -1.0183 train_max_dist: 4.1815 train_imax: -0.0000 train_imin: -2.7438 time: 1.5155s
INFO:root:Epoch: 0135 lr: 0.001 train_loss: 958304.8750 train_distortion: 0.2755 train_mapscore: 0.7463 train_c: -1.0191 train_max_dist: 4.2337 train_imax: 0.0158 train_imin: -2.8005 time: 1.4994s
INFO:root:Epoch: 0140 lr: 0.001 train_loss: 952250.0625 train_distortion: 0.2657 train_mapscore: 0.7530 train_c: -1.0198 train_max_dist: 4.3049 train_imax: 0.0525 train_imin: -2.8524 time: 1.5026s
INFO:root:Epoch: 0145 lr: 0.001 train_loss: 946166.5625 train_distortion: 0.2562 train_mapscore: 0.7602 train_c: -1.0206 train_max_dist: 4.3574 train_imax: 0.0813 train_imin: -2.9018 time: 1.5254s
INFO:root:Epoch: 0150 lr: 0.001 train_loss: 940052.5625 train_distortion: 0.2469 train_mapscore: 0.7660 train_c: -1.0213 train_max_dist: 4.4122 train_imax: 0.0977 train_imin: -2.9780 time: 1.5109s
INFO:root:Epoch: 0155 lr: 0.001 train_loss: 933829.6250 train_distortion: 0.2379 train_mapscore: 0.7712 train_c: -1.0221 train_max_dist: 4.4806 train_imax: 0.1173 train_imin: -3.0703 time: 1.5186s
INFO:root:Epoch: 0160 lr: 0.001 train_loss: 927532.8125 train_distortion: 0.2291 train_mapscore: 0.7772 train_c: -1.0228 train_max_dist: 4.5528 train_imax: 0.1309 train_imin: -3.1598 time: 1.5182s
INFO:root:Epoch: 0165 lr: 0.001 train_loss: 921097.1250 train_distortion: 0.2204 train_mapscore: 0.7820 train_c: -1.0236 train_max_dist: 4.6216 train_imax: 0.1421 train_imin: -3.2378 time: 1.5043s
INFO:root:Epoch: 0170 lr: 0.001 train_loss: 914512.1875 train_distortion: 0.2119 train_mapscore: 0.7866 train_c: -1.0243 train_max_dist: 4.6632 train_imax: 0.1907 train_imin: -3.3106 time: 1.5094s
INFO:root:Epoch: 0175 lr: 0.001 train_loss: 907748.3750 train_distortion: 0.2037 train_mapscore: 0.7921 train_c: -1.0251 train_max_dist: 4.7604 train_imax: 0.2057 train_imin: -3.3712 time: 1.5112s
INFO:root:Epoch: 0180 lr: 0.001 train_loss: 900810.8125 train_distortion: 0.1956 train_mapscore: 0.7971 train_c: -1.0258 train_max_dist: 4.8364 train_imax: 0.2354 train_imin: -3.4401 time: 1.4794s
INFO:root:Epoch: 0185 lr: 0.001 train_loss: 893685.1250 train_distortion: 0.1880 train_mapscore: 0.8022 train_c: -1.0266 train_max_dist: 4.9585 train_imax: 0.2886 train_imin: -3.5067 time: 1.4642s
INFO:root:Epoch: 0190 lr: 0.001 train_loss: 886351.2500 train_distortion: 0.1807 train_mapscore: 0.8070 train_c: -1.0274 train_max_dist: 5.0803 train_imax: 0.3301 train_imin: -3.5832 time: 1.4602s
INFO:root:Epoch: 0195 lr: 0.001 train_loss: 878799.7500 train_distortion: 0.1738 train_mapscore: 0.8115 train_c: -1.0281 train_max_dist: 5.2054 train_imax: 0.3854 train_imin: -3.6728 time: 1.4613s
INFO:root:Epoch: 0200 lr: 0.001 train_loss: 871087.3750 train_distortion: 0.1674 train_mapscore: 0.8149 train_c: -1.0289 train_max_dist: 5.3322 train_imax: 0.4328 train_imin: -3.7560 time: 1.4638s
INFO:root:Epoch: 0205 lr: 0.001 train_loss: 863152.5000 train_distortion: 0.1617 train_mapscore: 0.8191 train_c: -1.0296 train_max_dist: 5.4616 train_imax: 0.4705 train_imin: -3.8439 time: 1.4814s
INFO:root:Epoch: 0210 lr: 0.001 train_loss: 855062.1250 train_distortion: 0.1568 train_mapscore: 0.8221 train_c: -1.0304 train_max_dist: 5.5873 train_imax: 0.5265 train_imin: -3.9336 time: 1.5061s
INFO:root:Epoch: 0215 lr: 0.001 train_loss: 846771.3750 train_distortion: 0.1527 train_mapscore: 0.8261 train_c: -1.0312 train_max_dist: 5.7225 train_imax: 0.6084 train_imin: -4.0144 time: 1.4956s
INFO:root:Epoch: 0220 lr: 0.001 train_loss: 838435.5625 train_distortion: 0.1498 train_mapscore: 0.8297 train_c: -1.0320 train_max_dist: 5.8568 train_imax: 0.6516 train_imin: -4.1150 time: 1.4985s
INFO:root:Epoch: 0225 lr: 0.001 train_loss: 829782.6250 train_distortion: 0.1478 train_mapscore: 0.8335 train_c: -1.0327 train_max_dist: 6.0012 train_imax: 0.6885 train_imin: -4.2209 time: 1.5069s
INFO:root:Epoch: 0230 lr: 0.001 train_loss: 820717.3125 train_distortion: 0.1470 train_mapscore: 0.8369 train_c: -1.0335 train_max_dist: 6.1277 train_imax: 0.7691 train_imin: -4.3422 time: 1.5061s
INFO:root:Epoch: 0235 lr: 0.001 train_loss: 810884.8125 train_distortion: 0.1473 train_mapscore: 0.8411 train_c: -1.0343 train_max_dist: 6.3445 train_imax: 0.8140 train_imin: -4.4862 time: 1.5012s
INFO:root:Epoch: 0240 lr: 0.001 train_loss: 800014.6250 train_distortion: 0.1490 train_mapscore: 0.8430 train_c: -1.0351 train_max_dist: 6.6408 train_imax: 0.8492 train_imin: -4.6313 time: 1.4933s
INFO:root:Epoch: 0245 lr: 0.001 train_loss: 787806.3125 train_distortion: 0.1531 train_mapscore: 0.8443 train_c: -1.0359 train_max_dist: 7.1519 train_imax: 0.9020 train_imin: -4.8136 time: 1.4880s
INFO:root:Epoch: 0250 lr: 0.001 train_loss: 774441.5000 train_distortion: 0.1599 train_mapscore: 0.8451 train_c: -1.0367 train_max_dist: 7.9458 train_imax: 0.9654 train_imin: -4.9950 time: 1.4668s
INFO:root:Epoch: 0255 lr: 0.001 train_loss: 760128.7500 train_distortion: 0.1703 train_mapscore: 0.8464 train_c: -1.0374 train_max_dist: 8.1787 train_imax: 0.9802 train_imin: -5.1864 time: 1.4409s
INFO:root:Epoch: 0260 lr: 0.001 train_loss: 745182.0000 train_distortion: 0.1847 train_mapscore: 0.8482 train_c: -1.0382 train_max_dist: 8.2195 train_imax: 0.9829 train_imin: -5.3765 time: 1.4381s
INFO:root:Epoch: 0265 lr: 0.001 train_loss: 729646.6875 train_distortion: 0.2033 train_mapscore: 0.8507 train_c: -1.0390 train_max_dist: 8.2100 train_imax: 1.0473 train_imin: -5.5308 time: 1.4721s
INFO:root:Epoch: 0270 lr: 0.001 train_loss: 713445.9375 train_distortion: 0.2263 train_mapscore: 0.8533 train_c: -1.0398 train_max_dist: 9.3467 train_imax: 1.1211 train_imin: -5.6377 time: 1.5268s
INFO:root:Epoch: 0275 lr: 0.001 train_loss: 696911.0625 train_distortion: 0.2546 train_mapscore: 0.8548 train_c: -1.0407 train_max_dist: 7.6947 train_imax: 1.4512 train_imin: -5.7571 time: 1.5263s
INFO:root:Epoch: 0280 lr: 0.001 train_loss: 679923.7500 train_distortion: 0.2886 train_mapscore: 0.8565 train_c: -1.0415 train_max_dist: 7.8731 train_imax: 1.5903 train_imin: -5.9679 time: 1.5215s
INFO:root:Epoch: 0285 lr: 0.001 train_loss: 662708.6875 train_distortion: 0.3285 train_mapscore: 0.8586 train_c: -1.0423 train_max_dist: 8.0654 train_imax: 1.6500 train_imin: -6.2059 time: 1.5044s
INFO:root:Epoch: 0290 lr: 0.001 train_loss: 645096.6250 train_distortion: 0.3739 train_mapscore: 0.8599 train_c: -1.0431 train_max_dist: 8.3202 train_imax: 1.7921 train_imin: -6.4245 time: 1.5161s
INFO:root:Epoch: 0295 lr: 0.001 train_loss: 627199.6250 train_distortion: 0.4252 train_mapscore: 0.8621 train_c: -1.0440 train_max_dist: 8.5812 train_imax: 1.9628 train_imin: -6.6573 time: 1.5223s
INFO:root:Epoch: 0300 lr: 0.001 train_loss: 609050.7500 train_distortion: 0.4832 train_mapscore: 0.8636 train_c: -1.0448 train_max_dist: 8.8379 train_imax: 2.1522 train_imin: -6.9600 time: 1.5320s
INFO:root:Epoch: 0305 lr: 0.001 train_loss: 590511.3750 train_distortion: 0.5480 train_mapscore: 0.8659 train_c: -1.0457 train_max_dist: 9.0963 train_imax: 2.2093 train_imin: -7.2788 time: 1.5250s
INFO:root:Epoch: 0310 lr: 0.001 train_loss: 571655.1875 train_distortion: 0.6198 train_mapscore: 0.8670 train_c: -1.0465 train_max_dist: 9.3414 train_imax: 2.3154 train_imin: -7.4949 time: 1.4933s
INFO:root:Epoch: 0315 lr: 0.001 train_loss: 552535.7500 train_distortion: 0.7006 train_mapscore: 0.8684 train_c: -1.0474 train_max_dist: 9.6047 train_imax: 2.4903 train_imin: -7.7180 time: 1.5026s
INFO:root:Epoch: 0320 lr: 0.001 train_loss: 533341.2500 train_distortion: 0.7883 train_mapscore: 0.8709 train_c: -1.0483 train_max_dist: 9.8923 train_imax: 2.7220 train_imin: -8.0316 time: 1.5116s
INFO:root:Epoch: 0325 lr: 0.001 train_loss: 513819.4062 train_distortion: 0.8852 train_mapscore: 0.8732 train_c: -1.0491 train_max_dist: 10.1777 train_imax: 2.8654 train_imin: -8.4272 time: 1.4856s
INFO:root:Epoch: 0330 lr: 0.001 train_loss: 494311.3750 train_distortion: 0.9917 train_mapscore: 0.8741 train_c: -1.0500 train_max_dist: 10.4996 train_imax: 2.9537 train_imin: -8.7696 time: 1.4920s
INFO:root:Epoch: 0335 lr: 0.001 train_loss: 474859.0000 train_distortion: 1.1079 train_mapscore: 0.8754 train_c: -1.0509 train_max_dist: 10.8005 train_imax: 3.2872 train_imin: -9.1150 time: 1.5272s
INFO:root:Epoch: 0340 lr: 0.001 train_loss: 455503.1250 train_distortion: 1.2338 train_mapscore: 0.8766 train_c: -1.0518 train_max_dist: 11.1186 train_imax: 3.4937 train_imin: -9.4819 time: 1.5319s
INFO:root:Epoch: 0345 lr: 0.001 train_loss: 436289.9062 train_distortion: 1.3686 train_mapscore: 0.8788 train_c: -1.0526 train_max_dist: 11.4353 train_imax: 3.7660 train_imin: -9.8335 time: 1.5224s
INFO:root:Epoch: 0350 lr: 0.001 train_loss: 417457.3438 train_distortion: 1.5120 train_mapscore: 0.8796 train_c: -1.0535 train_max_dist: 11.7719 train_imax: 4.0082 train_imin: -10.2536 time: 1.5299s
INFO:root:Epoch: 0355 lr: 0.001 train_loss: 399220.3125 train_distortion: 1.6667 train_mapscore: 0.8807 train_c: -1.0543 train_max_dist: 12.1167 train_imax: 4.1283 train_imin: -10.6701 time: 1.5419s
INFO:root:Epoch: 0360 lr: 0.001 train_loss: 381594.8125 train_distortion: 1.8293 train_mapscore: 0.8816 train_c: -1.0551 train_max_dist: 12.4360 train_imax: 4.3233 train_imin: -10.9945 time: 1.5283s
INFO:root:Epoch: 0365 lr: 0.001 train_loss: 364630.1875 train_distortion: 1.9997 train_mapscore: 0.8825 train_c: -1.0560 train_max_dist: 12.7808 train_imax: 4.4820 train_imin: -11.3595 time: 1.5343s
INFO:root:Epoch: 0370 lr: 0.001 train_loss: 348598.0938 train_distortion: 2.1778 train_mapscore: 0.8844 train_c: -1.0568 train_max_dist: 13.1046 train_imax: 4.8616 train_imin: -11.7322 time: 1.5241s
INFO:root:Epoch: 0375 lr: 0.001 train_loss: 333606.2500 train_distortion: 2.3578 train_mapscore: 0.8858 train_c: -1.0575 train_max_dist: 13.4146 train_imax: 5.1120 train_imin: -12.1373 time: 1.4817s
INFO:root:Epoch: 0380 lr: 0.001 train_loss: 319240.7188 train_distortion: 2.5444 train_mapscore: 0.8865 train_c: -1.0583 train_max_dist: 13.7387 train_imax: 5.3207 train_imin: -12.4889 time: 1.4836s
INFO:root:Epoch: 0385 lr: 0.001 train_loss: 306263.8125 train_distortion: 2.7326 train_mapscore: 0.8874 train_c: -1.0590 train_max_dist: 14.0484 train_imax: 5.7397 train_imin: -12.8678 time: 1.4816s
INFO:root:Epoch: 0390 lr: 0.001 train_loss: 294185.9375 train_distortion: 2.9213 train_mapscore: 0.8888 train_c: -1.0597 train_max_dist: 14.3387 train_imax: 5.8577 train_imin: -13.2673 time: 1.4833s
INFO:root:Epoch: 0395 lr: 0.001 train_loss: 282960.0625 train_distortion: 3.1086 train_mapscore: 0.8900 train_c: -1.0604 train_max_dist: 14.6355 train_imax: 5.9037 train_imin: -13.6569 time: 1.4987s
INFO:root:Epoch: 0400 lr: 0.001 train_loss: 272754.6875 train_distortion: 3.2968 train_mapscore: 0.8914 train_c: -1.0611 train_max_dist: 14.9081 train_imax: 5.9798 train_imin: -14.0998 time: 1.4706s
INFO:root:Epoch: 0405 lr: 0.001 train_loss: 263360.3438 train_distortion: 3.4815 train_mapscore: 0.8928 train_c: -1.0617 train_max_dist: 15.1703 train_imax: 6.1230 train_imin: -14.4728 time: 1.5157s
INFO:root:Epoch: 0410 lr: 0.001 train_loss: 254894.7656 train_distortion: 3.6637 train_mapscore: 0.8938 train_c: -1.0623 train_max_dist: 15.4051 train_imax: 6.3461 train_imin: -14.9459 time: 1.5137s
INFO:root:Epoch: 0415 lr: 0.001 train_loss: 247427.5000 train_distortion: 3.8470 train_mapscore: 0.8950 train_c: -1.0628 train_max_dist: 15.6433 train_imax: 6.6009 train_imin: -15.3297 time: 1.5198s
INFO:root:Epoch: 0420 lr: 0.001 train_loss: 240646.1719 train_distortion: 4.0229 train_mapscore: 0.8965 train_c: -1.0634 train_max_dist: 15.8787 train_imax: 6.9289 train_imin: -15.7757 time: 1.5082s
INFO:root:Epoch: 0425 lr: 0.001 train_loss: 234564.1875 train_distortion: 4.1947 train_mapscore: 0.8972 train_c: -1.0639 train_max_dist: 16.0875 train_imax: 6.8764 train_imin: -16.1238 time: 1.4995s
INFO:root:Epoch: 0430 lr: 0.001 train_loss: 228848.0938 train_distortion: 4.3594 train_mapscore: 0.8986 train_c: -1.0644 train_max_dist: 16.2848 train_imax: 7.0620 train_imin: -16.5567 time: 1.4971s
INFO:root:Epoch: 0435 lr: 0.001 train_loss: 224179.2500 train_distortion: 4.5217 train_mapscore: 0.8998 train_c: -1.0648 train_max_dist: 16.4851 train_imax: 7.2362 train_imin: -16.8880 time: 1.4955s
INFO:root:Epoch: 0440 lr: 0.001 train_loss: 219821.8906 train_distortion: 4.6771 train_mapscore: 0.9007 train_c: -1.0653 train_max_dist: 16.6636 train_imax: 7.4261 train_imin: -17.2068 time: 1.4994s
INFO:root:Epoch: 0445 lr: 0.001 train_loss: 215480.8281 train_distortion: 4.8281 train_mapscore: 0.9016 train_c: -1.0657 train_max_dist: 16.8380 train_imax: 7.3639 train_imin: -17.5587 time: 1.4626s
INFO:root:Epoch: 0450 lr: 0.001 train_loss: 211802.6406 train_distortion: 4.9695 train_mapscore: 0.9025 train_c: -1.0661 train_max_dist: 16.9814 train_imax: 7.5010 train_imin: -17.8954 time: 1.4665s
INFO:root:Epoch: 0455 lr: 0.001 train_loss: 208384.3594 train_distortion: 5.1036 train_mapscore: 0.9034 train_c: -1.0665 train_max_dist: 17.1503 train_imax: 7.7590 train_imin: -18.2295 time: 1.4565s
INFO:root:Epoch: 0460 lr: 0.001 train_loss: 205065.2500 train_distortion: 5.2336 train_mapscore: 0.9045 train_c: -1.0668 train_max_dist: 17.2864 train_imax: 7.6744 train_imin: -18.5224 time: 1.4663s
INFO:root:Epoch: 0465 lr: 0.001 train_loss: 203513.5938 train_distortion: 5.3586 train_mapscore: 0.9056 train_c: -1.0672 train_max_dist: 17.4279 train_imax: 7.8355 train_imin: -18.8377 time: 1.4924s
INFO:root:Epoch: 0470 lr: 0.001 train_loss: 201025.2344 train_distortion: 5.4778 train_mapscore: 0.9065 train_c: -1.0675 train_max_dist: 17.5457 train_imax: 7.7297 train_imin: -19.1677 time: 1.4905s
INFO:root:Epoch: 0475 lr: 0.001 train_loss: 198018.8594 train_distortion: 5.5914 train_mapscore: 0.9065 train_c: -1.0678 train_max_dist: 17.6710 train_imax: 7.7425 train_imin: -19.3464 time: 1.4939s
INFO:root:Epoch: 0480 lr: 0.001 train_loss: 195426.5938 train_distortion: 5.6989 train_mapscore: 0.9074 train_c: -1.0681 train_max_dist: 17.8029 train_imax: 7.8828 train_imin: -19.5959 time: 1.4859s
INFO:root:Epoch: 0485 lr: 0.001 train_loss: 193316.6094 train_distortion: 5.8000 train_mapscore: 0.9077 train_c: -1.0684 train_max_dist: 17.8984 train_imax: 7.6986 train_imin: -19.8827 time: 1.4974s
INFO:root:Epoch: 0490 lr: 0.001 train_loss: 191147.8125 train_distortion: 5.9018 train_mapscore: 0.9090 train_c: -1.0687 train_max_dist: 18.0147 train_imax: 7.8160 train_imin: -20.0638 time: 1.4857s
INFO:root:Epoch: 0495 lr: 0.001 train_loss: 189298.7031 train_distortion: 5.9981 train_mapscore: 0.9095 train_c: -1.0690 train_max_dist: 18.1043 train_imax: 8.0131 train_imin: -20.2530 time: 1.4904s
INFO:root:Epoch: 0500 lr: 0.001 train_loss: 187402.9688 train_distortion: 6.0966 train_mapscore: 0.9094 train_c: -1.0692 train_max_dist: 18.1901 train_imax: 7.8760 train_imin: -20.4703 time: 1.5063s
INFO:root:Epoch: 0505 lr: 0.001 train_loss: 185534.8906 train_distortion: 6.1920 train_mapscore: 0.9101 train_c: -1.0695 train_max_dist: 18.2795 train_imax: 7.9056 train_imin: -20.6646 time: 1.4518s
INFO:root:Epoch: 0510 lr: 0.001 train_loss: 184324.5312 train_distortion: 6.2848 train_mapscore: 0.9103 train_c: -1.0697 train_max_dist: 18.3841 train_imax: 7.9713 train_imin: -20.8473 time: 1.4539s
INFO:root:Epoch: 0515 lr: 0.001 train_loss: 188199.1094 train_distortion: 6.3639 train_mapscore: 0.9107 train_c: -1.0700 train_max_dist: 18.4636 train_imax: 7.7177 train_imin: -21.2070 time: 1.4111s
INFO:root:Epoch: 0520 lr: 0.001 train_loss: 186374.8438 train_distortion: 6.4391 train_mapscore: 0.9111 train_c: -1.0702 train_max_dist: 18.5455 train_imax: 7.7172 train_imin: -21.2743 time: 1.4099s
INFO:root:Epoch: 0525 lr: 0.001 train_loss: 184420.8594 train_distortion: 6.5219 train_mapscore: 0.9118 train_c: -1.0704 train_max_dist: 18.6122 train_imax: 7.8780 train_imin: -21.3833 time: 1.4089s
INFO:root:Epoch: 0530 lr: 0.001 train_loss: 182198.5312 train_distortion: 6.6028 train_mapscore: 0.9119 train_c: -1.0707 train_max_dist: 18.6674 train_imax: 7.7978 train_imin: -21.6324 time: 1.4480s
INFO:root:Epoch: 0535 lr: 0.001 train_loss: 180639.8594 train_distortion: 6.6816 train_mapscore: 0.9127 train_c: -1.0709 train_max_dist: 18.7139 train_imax: 7.8334 train_imin: -21.8320 time: 1.4678s
INFO:root:Epoch: 0540 lr: 0.001 train_loss: 179269.8438 train_distortion: 6.7554 train_mapscore: 0.9131 train_c: -1.0711 train_max_dist: 18.7526 train_imax: 8.0484 train_imin: -22.0695 time: 1.4507s
INFO:root:Epoch: 0545 lr: 0.001 train_loss: 177950.1406 train_distortion: 6.8281 train_mapscore: 0.9135 train_c: -1.0713 train_max_dist: 18.8103 train_imax: 7.9975 train_imin: -22.3032 time: 1.4492s
INFO:root:Epoch: 0550 lr: 0.001 train_loss: 176754.7500 train_distortion: 6.9001 train_mapscore: 0.9137 train_c: -1.0715 train_max_dist: 18.8645 train_imax: 7.8311 train_imin: -22.5188 time: 1.4552s
INFO:root:Epoch: 0555 lr: 0.001 train_loss: 175577.2656 train_distortion: 6.9644 train_mapscore: 0.9145 train_c: -1.0717 train_max_dist: 18.8994 train_imax: 7.7494 train_imin: -22.7536 time: 1.4456s
INFO:root:Epoch: 0560 lr: 0.001 train_loss: 174659.2188 train_distortion: 7.0264 train_mapscore: 0.9146 train_c: -1.0719 train_max_dist: 18.9695 train_imax: 7.9409 train_imin: -22.9889 time: 1.4527s
INFO:root:Epoch: 0565 lr: 0.001 train_loss: 173684.5469 train_distortion: 7.0899 train_mapscore: 0.9148 train_c: -1.0721 train_max_dist: 19.0299 train_imax: 8.0080 train_imin: -23.2014 time: 1.4537s
INFO:root:Epoch: 0570 lr: 0.001 train_loss: 173423.6250 train_distortion: 7.1518 train_mapscore: 0.9157 train_c: -1.0723 train_max_dist: 19.0972 train_imax: 7.8581 train_imin: -23.4267 time: 1.4401s
INFO:root:Epoch: 0575 lr: 0.001 train_loss: 172241.2188 train_distortion: 7.2103 train_mapscore: 0.9156 train_c: -1.0724 train_max_dist: 19.1587 train_imax: 7.9344 train_imin: -23.6099 time: 1.4175s
INFO:root:Epoch: 0580 lr: 0.001 train_loss: 171337.5781 train_distortion: 7.2705 train_mapscore: 0.9161 train_c: -1.0726 train_max_dist: 19.2142 train_imax: 8.0524 train_imin: -23.8071 time: 1.4154s
INFO:root:Epoch: 0585 lr: 0.001 train_loss: 171055.2500 train_distortion: 7.3210 train_mapscore: 0.9167 train_c: -1.0728 train_max_dist: 19.2575 train_imax: 7.9465 train_imin: -24.0000 time: 1.4129s
INFO:root:Epoch: 0590 lr: 0.001 train_loss: 169797.7188 train_distortion: 7.3700 train_mapscore: 0.9171 train_c: -1.0730 train_max_dist: 19.3159 train_imax: 7.9126 train_imin: -24.1642 time: 1.4166s
INFO:root:Epoch: 0595 lr: 0.001 train_loss: 168982.6250 train_distortion: 7.4277 train_mapscore: 0.9174 train_c: -1.0731 train_max_dist: 19.3562 train_imax: 7.9718 train_imin: -24.3592 time: 1.4154s
INFO:root:Epoch: 0600 lr: 0.001 train_loss: 168295.5000 train_distortion: 7.4887 train_mapscore: 0.9178 train_c: -1.0733 train_max_dist: 19.4171 train_imax: 8.0544 train_imin: -24.5525 time: 1.4688s
INFO:root:Epoch: 0605 lr: 0.001 train_loss: 167590.0312 train_distortion: 7.5462 train_mapscore: 0.9179 train_c: -1.0735 train_max_dist: 19.4478 train_imax: 8.1181 train_imin: -24.7245 time: 1.4519s
INFO:root:Epoch: 0610 lr: 0.001 train_loss: 167201.5938 train_distortion: 7.6056 train_mapscore: 0.9185 train_c: -1.0736 train_max_dist: 19.4874 train_imax: 7.9081 train_imin: -24.9273 time: 1.4594s
INFO:root:Epoch: 0615 lr: 0.001 train_loss: 166578.0156 train_distortion: 7.6598 train_mapscore: 0.9186 train_c: -1.0738 train_max_dist: 19.5392 train_imax: 8.0730 train_imin: -25.1113 time: 1.4579s
INFO:root:Epoch: 0620 lr: 0.001 train_loss: 165752.8438 train_distortion: 7.7147 train_mapscore: 0.9190 train_c: -1.0739 train_max_dist: 19.6136 train_imax: 7.9180 train_imin: -25.2829 time: 1.4469s
INFO:root:Epoch: 0625 lr: 0.001 train_loss: 165231.0469 train_distortion: 7.7663 train_mapscore: 0.9195 train_c: -1.0741 train_max_dist: 19.6714 train_imax: 7.8042 train_imin: -25.4484 time: 1.4494s
INFO:root:Epoch: 0630 lr: 0.001 train_loss: 164931.3281 train_distortion: 7.8178 train_mapscore: 0.9201 train_c: -1.0742 train_max_dist: 19.7316 train_imax: 7.6696 train_imin: -25.6484 time: 1.4490s
INFO:root:Epoch: 0635 lr: 0.001 train_loss: 164393.2500 train_distortion: 7.8661 train_mapscore: 0.9203 train_c: -1.0744 train_max_dist: 19.7919 train_imax: 7.9281 train_imin: -25.8123 time: 1.4545s
INFO:root:Epoch: 0640 lr: 0.001 train_loss: 163405.7969 train_distortion: 7.9112 train_mapscore: 0.9209 train_c: -1.0745 train_max_dist: 19.8521 train_imax: 7.6746 train_imin: -26.0021 time: 1.4089s
INFO:root:Epoch: 0645 lr: 0.001 train_loss: 163719.3125 train_distortion: 7.9644 train_mapscore: 0.9214 train_c: -1.0747 train_max_dist: 19.9180 train_imax: 6.4497 train_imin: -26.1568 time: 1.4084s
INFO:root:Epoch: 0650 lr: 0.001 train_loss: 163949.9219 train_distortion: 8.0126 train_mapscore: 0.9217 train_c: -1.0748 train_max_dist: 19.9666 train_imax: 5.5419 train_imin: -26.3178 time: 1.4037s
INFO:root:Epoch: 0655 lr: 0.001 train_loss: 163317.5625 train_distortion: 8.0543 train_mapscore: 0.9222 train_c: -1.0749 train_max_dist: 20.0179 train_imax: 6.5368 train_imin: -26.4855 time: 1.3989s
INFO:root:Epoch: 0660 lr: 0.001 train_loss: 162052.3125 train_distortion: 8.0931 train_mapscore: 0.9219 train_c: -1.0751 train_max_dist: 20.0776 train_imax: 7.8081 train_imin: -26.6415 time: 1.4504s
INFO:root:Epoch: 0665 lr: 0.001 train_loss: 161602.7344 train_distortion: 8.1406 train_mapscore: 0.9225 train_c: -1.0752 train_max_dist: 20.1343 train_imax: 7.3459 train_imin: -26.8162 time: 1.4393s
INFO:root:Epoch: 0670 lr: 0.001 train_loss: 161683.1719 train_distortion: 8.1885 train_mapscore: 0.9226 train_c: -1.0754 train_max_dist: 20.1897 train_imax: 7.6671 train_imin: -26.9249 time: 1.4463s
INFO:root:Epoch: 0675 lr: 0.001 train_loss: 160691.8125 train_distortion: 8.2340 train_mapscore: 0.9230 train_c: -1.0755 train_max_dist: 20.2466 train_imax: 7.5807 train_imin: -27.0965 time: 1.4368s
INFO:root:Epoch: 0680 lr: 0.001 train_loss: 160236.1562 train_distortion: 8.2736 train_mapscore: 0.9235 train_c: -1.0756 train_max_dist: 20.2969 train_imax: 7.7171 train_imin: -27.2842 time: 1.4386s
INFO:root:Epoch: 0685 lr: 0.001 train_loss: 159729.5781 train_distortion: 8.3174 train_mapscore: 0.9237 train_c: -1.0757 train_max_dist: 20.3521 train_imax: 7.7595 train_imin: -27.4933 time: 1.4396s
INFO:root:Epoch: 0690 lr: 0.001 train_loss: 159566.5625 train_distortion: 8.3595 train_mapscore: 0.9235 train_c: -1.0759 train_max_dist: 20.4105 train_imax: 7.7553 train_imin: -27.6455 time: 1.4583s
INFO:root:Epoch: 0695 lr: 0.001 train_loss: 159367.9688 train_distortion: 8.4008 train_mapscore: 0.9239 train_c: -1.0760 train_max_dist: 20.4639 train_imax: 7.7966 train_imin: -27.8255 time: 1.4427s
INFO:root:Epoch: 0700 lr: 0.001 train_loss: 158744.1406 train_distortion: 8.4416 train_mapscore: 0.9238 train_c: -1.0761 train_max_dist: 20.5219 train_imax: 7.7366 train_imin: -27.9693 time: 1.4161s
INFO:root:Epoch: 0705 lr: 0.001 train_loss: 158512.6719 train_distortion: 8.4791 train_mapscore: 0.9245 train_c: -1.0763 train_max_dist: 20.5656 train_imax: 7.7415 train_imin: -28.1131 time: 1.4063s
INFO:root:Epoch: 0710 lr: 0.001 train_loss: 158103.2188 train_distortion: 8.5189 train_mapscore: 0.9244 train_c: -1.0764 train_max_dist: 20.6222 train_imax: 7.7116 train_imin: -28.2732 time: 1.4087s
INFO:root:Epoch: 0715 lr: 0.001 train_loss: 157790.9688 train_distortion: 8.5546 train_mapscore: 0.9246 train_c: -1.0765 train_max_dist: 20.6810 train_imax: 7.9513 train_imin: -28.4336 time: 1.4124s
INFO:root:Epoch: 0720 lr: 0.001 train_loss: 157235.8906 train_distortion: 8.5932 train_mapscore: 0.9251 train_c: -1.0766 train_max_dist: 20.7279 train_imax: 7.6679 train_imin: -28.5990 time: 1.4091s
INFO:root:Epoch: 0725 lr: 0.001 train_loss: 156811.2969 train_distortion: 8.6257 train_mapscore: 0.9252 train_c: -1.0767 train_max_dist: 20.7788 train_imax: 7.7180 train_imin: -28.7498 time: 1.4441s
INFO:root:Epoch: 0730 lr: 0.001 train_loss: 156329.1250 train_distortion: 8.6621 train_mapscore: 0.9252 train_c: -1.0769 train_max_dist: 20.8356 train_imax: 7.6891 train_imin: -28.8796 time: 1.4542s
INFO:root:Epoch: 0735 lr: 0.001 train_loss: 156133.9062 train_distortion: 8.7018 train_mapscore: 0.9258 train_c: -1.0770 train_max_dist: 20.8762 train_imax: 7.8441 train_imin: -29.0434 time: 1.4671s
INFO:root:Epoch: 0740 lr: 0.001 train_loss: 155685.2656 train_distortion: 8.7393 train_mapscore: 0.9267 train_c: -1.0771 train_max_dist: 20.9099 train_imax: 7.7314 train_imin: -29.2221 time: 1.4310s
INFO:root:Epoch: 0745 lr: 0.001 train_loss: 155281.6875 train_distortion: 8.7710 train_mapscore: 0.9265 train_c: -1.0772 train_max_dist: 20.9564 train_imax: 7.7435 train_imin: -29.3711 time: 1.4373s
INFO:root:Epoch: 0750 lr: 0.001 train_loss: 155369.8438 train_distortion: 8.8117 train_mapscore: 0.9265 train_c: -1.0773 train_max_dist: 20.9836 train_imax: 7.7431 train_imin: -29.5318 time: 1.4407s
INFO:root:Epoch: 0755 lr: 0.001 train_loss: 154882.5000 train_distortion: 8.8479 train_mapscore: 0.9267 train_c: -1.0774 train_max_dist: 21.0258 train_imax: 7.8009 train_imin: -29.6675 time: 1.4414s
INFO:root:Epoch: 0760 lr: 0.001 train_loss: 154672.9062 train_distortion: 8.8816 train_mapscore: 0.9271 train_c: -1.0775 train_max_dist: 21.0609 train_imax: 7.7737 train_imin: -29.8425 time: 1.4399s
INFO:root:Epoch: 0765 lr: 0.001 train_loss: 154229.3594 train_distortion: 8.9169 train_mapscore: 0.9272 train_c: -1.0777 train_max_dist: 21.1134 train_imax: 7.7426 train_imin: -30.0028 time: 1.3961s
INFO:root:Epoch: 0770 lr: 0.001 train_loss: 153595.0625 train_distortion: 8.9522 train_mapscore: 0.9271 train_c: -1.0778 train_max_dist: 21.1584 train_imax: 7.9380 train_imin: -30.1618 time: 1.4269s
INFO:root:Epoch: 0775 lr: 0.001 train_loss: 153594.8750 train_distortion: 8.9873 train_mapscore: 0.9273 train_c: -1.0779 train_max_dist: 21.2163 train_imax: 7.6520 train_imin: -30.2913 time: 1.4021s
INFO:root:Epoch: 0780 lr: 0.001 train_loss: 153490.1250 train_distortion: 9.0202 train_mapscore: 0.9273 train_c: -1.0780 train_max_dist: 21.2673 train_imax: 7.7806 train_imin: -30.4385 time: 1.4036s
INFO:root:Epoch: 0785 lr: 0.001 train_loss: 153092.5312 train_distortion: 9.0537 train_mapscore: 0.9285 train_c: -1.0781 train_max_dist: 21.2981 train_imax: 7.7526 train_imin: -30.5872 time: 1.3939s
INFO:root:Epoch: 0790 lr: 0.001 train_loss: 152918.4219 train_distortion: 9.0848 train_mapscore: 0.9281 train_c: -1.0782 train_max_dist: 21.3246 train_imax: 7.7042 train_imin: -30.7284 time: 1.4023s
INFO:root:Epoch: 0795 lr: 0.001 train_loss: 152618.3750 train_distortion: 9.1184 train_mapscore: 0.9285 train_c: -1.0783 train_max_dist: 21.3837 train_imax: 7.9112 train_imin: -30.8745 time: 1.4601s
INFO:root:Epoch: 0800 lr: 0.001 train_loss: 152534.5781 train_distortion: 9.1477 train_mapscore: 0.9278 train_c: -1.0784 train_max_dist: 21.4247 train_imax: 7.7934 train_imin: -31.0199 time: 1.4484s
INFO:root:Epoch: 0805 lr: 0.001 train_loss: 152479.7031 train_distortion: 9.1820 train_mapscore: 0.9284 train_c: -1.0785 train_max_dist: 21.4683 train_imax: 7.6532 train_imin: -31.1590 time: 1.4452s
INFO:root:Epoch: 0810 lr: 0.001 train_loss: 152017.4062 train_distortion: 9.2128 train_mapscore: 0.9285 train_c: -1.0786 train_max_dist: 21.5033 train_imax: 7.7676 train_imin: -31.3074 time: 1.4424s
INFO:root:Epoch: 0815 lr: 0.001 train_loss: 151782.6719 train_distortion: 9.2454 train_mapscore: 0.9287 train_c: -1.0787 train_max_dist: 21.5446 train_imax: 7.7221 train_imin: -31.4449 time: 1.4489s
INFO:root:Epoch: 0820 lr: 0.001 train_loss: 151599.1094 train_distortion: 9.2738 train_mapscore: 0.9293 train_c: -1.0788 train_max_dist: 21.5983 train_imax: 7.8508 train_imin: -31.5667 time: 1.4394s
INFO:root:Epoch: 0825 lr: 0.001 train_loss: 151700.0312 train_distortion: 9.3072 train_mapscore: 0.9285 train_c: -1.0789 train_max_dist: 21.6321 train_imax: 7.6525 train_imin: -31.6877 time: 1.4505s
INFO:root:Epoch: 0830 lr: 0.001 train_loss: 150966.5312 train_distortion: 9.3363 train_mapscore: 0.9290 train_c: -1.0790 train_max_dist: 21.6691 train_imax: 7.7843 train_imin: -31.8394 time: 1.4480s
INFO:root:Epoch: 0835 lr: 0.001 train_loss: 151193.8750 train_distortion: 9.3676 train_mapscore: 0.9294 train_c: -1.0791 train_max_dist: 21.7135 train_imax: 7.6684 train_imin: -31.9797 time: 1.4009s
INFO:root:Epoch: 0840 lr: 0.001 train_loss: 150777.0938 train_distortion: 9.3959 train_mapscore: 0.9294 train_c: -1.0792 train_max_dist: 21.7454 train_imax: 7.7830 train_imin: -32.1118 time: 1.4134s
INFO:root:Epoch: 0845 lr: 0.001 train_loss: 150936.4375 train_distortion: 9.4277 train_mapscore: 0.9298 train_c: -1.0793 train_max_dist: 21.7859 train_imax: 7.6767 train_imin: -32.2565 time: 1.4074s
INFO:root:Epoch: 0850 lr: 0.001 train_loss: 150682.2812 train_distortion: 9.4555 train_mapscore: 0.9298 train_c: -1.0794 train_max_dist: 21.8325 train_imax: 7.9124 train_imin: -32.3650 time: 1.4046s
INFO:root:Epoch: 0855 lr: 0.001 train_loss: 150621.9688 train_distortion: 9.4850 train_mapscore: 0.9303 train_c: -1.0795 train_max_dist: 21.8740 train_imax: 7.5627 train_imin: -32.5128 time: 1.4436s
INFO:root:Epoch: 0860 lr: 0.001 train_loss: 150239.6875 train_distortion: 9.5126 train_mapscore: 0.9303 train_c: -1.0796 train_max_dist: 21.8993 train_imax: 7.8058 train_imin: -32.6125 time: 1.4459s
INFO:root:Epoch: 0865 lr: 0.001 train_loss: 150141.4375 train_distortion: 9.5449 train_mapscore: 0.9308 train_c: -1.0797 train_max_dist: 21.9493 train_imax: 7.7109 train_imin: -32.7483 time: 1.4410s
INFO:root:Epoch: 0870 lr: 0.001 train_loss: 149640.8906 train_distortion: 9.5695 train_mapscore: 0.9309 train_c: -1.0798 train_max_dist: 21.9930 train_imax: 7.8151 train_imin: -32.8753 time: 1.4457s
INFO:root:Epoch: 0875 lr: 0.001 train_loss: 149613.3750 train_distortion: 9.5985 train_mapscore: 0.9309 train_c: -1.0799 train_max_dist: 22.0200 train_imax: 7.7992 train_imin: -33.0321 time: 1.4484s
INFO:root:Epoch: 0880 lr: 0.001 train_loss: 149407.6094 train_distortion: 9.6249 train_mapscore: 0.9308 train_c: -1.0800 train_max_dist: 22.0698 train_imax: 7.8304 train_imin: -33.1146 time: 1.4539s
INFO:root:Epoch: 0885 lr: 0.001 train_loss: 149487.5000 train_distortion: 9.6543 train_mapscore: 0.9311 train_c: -1.0801 train_max_dist: 22.1055 train_imax: 7.7510 train_imin: -33.2471 time: 1.4427s
INFO:root:Epoch: 0890 lr: 0.001 train_loss: 149385.6875 train_distortion: 9.6818 train_mapscore: 0.9313 train_c: -1.0802 train_max_dist: 22.1320 train_imax: 7.9328 train_imin: -33.3861 time: 1.4468s
INFO:root:Epoch: 0895 lr: 0.001 train_loss: 149113.2031 train_distortion: 9.7078 train_mapscore: 0.9314 train_c: -1.0803 train_max_dist: 22.1580 train_imax: 7.7553 train_imin: -33.4964 time: 1.4344s
INFO:root:Epoch: 0900 lr: 0.001 train_loss: 148865.7656 train_distortion: 9.7353 train_mapscore: 0.9316 train_c: -1.0804 train_max_dist: 22.2030 train_imax: 7.7770 train_imin: -33.6010 time: 1.4135s
INFO:root:Epoch: 0905 lr: 0.001 train_loss: 148660.2812 train_distortion: 9.7624 train_mapscore: 0.9316 train_c: -1.0805 train_max_dist: 22.2534 train_imax: 7.7206 train_imin: -33.7454 time: 1.4078s
INFO:root:Epoch: 0910 lr: 0.001 train_loss: 148321.1250 train_distortion: 9.7908 train_mapscore: 0.9321 train_c: -1.0806 train_max_dist: 22.2853 train_imax: 7.8048 train_imin: -33.8520 time: 1.4039s
INFO:root:Epoch: 0915 lr: 0.001 train_loss: 147887.2969 train_distortion: 9.8185 train_mapscore: 0.9319 train_c: -1.0807 train_max_dist: 22.3104 train_imax: 7.6708 train_imin: -33.9812 time: 1.4368s
INFO:root:Epoch: 0920 lr: 0.001 train_loss: 148053.0000 train_distortion: 9.8432 train_mapscore: 0.9324 train_c: -1.0808 train_max_dist: 22.3424 train_imax: 7.6996 train_imin: -34.1157 time: 1.4486s
INFO:root:Epoch: 0925 lr: 0.001 train_loss: 147984.8125 train_distortion: 9.8706 train_mapscore: 0.9325 train_c: -1.0809 train_max_dist: 22.3928 train_imax: 7.7256 train_imin: -34.2234 time: 1.4451s
INFO:root:Epoch: 0930 lr: 0.001 train_loss: 147601.0938 train_distortion: 9.8991 train_mapscore: 0.9317 train_c: -1.0810 train_max_dist: 22.4252 train_imax: 7.6332 train_imin: -34.3543 time: 1.4518s
INFO:root:Epoch: 0935 lr: 0.001 train_loss: 147551.9062 train_distortion: 9.9228 train_mapscore: 0.9324 train_c: -1.0811 train_max_dist: 22.4598 train_imax: 7.6232 train_imin: -34.4415 time: 1.4540s
INFO:root:Epoch: 0940 lr: 0.001 train_loss: 147552.3125 train_distortion: 9.9487 train_mapscore: 0.9322 train_c: -1.0812 train_max_dist: 22.4857 train_imax: 7.9678 train_imin: -34.5608 time: 1.4541s
INFO:root:Epoch: 0945 lr: 0.001 train_loss: 147339.2031 train_distortion: 9.9784 train_mapscore: 0.9332 train_c: -1.0812 train_max_dist: 22.5308 train_imax: 7.8306 train_imin: -34.7035 time: 1.4389s
INFO:root:Epoch: 0950 lr: 0.001 train_loss: 147140.0469 train_distortion: 10.0030 train_mapscore: 0.9330 train_c: -1.0813 train_max_dist: 22.5682 train_imax: 7.7662 train_imin: -34.7817 time: 1.4414s
INFO:root:Epoch: 0955 lr: 0.001 train_loss: 146981.1562 train_distortion: 10.0269 train_mapscore: 0.9332 train_c: -1.0814 train_max_dist: 22.5983 train_imax: 7.6926 train_imin: -34.9140 time: 1.4339s
INFO:root:Epoch: 0960 lr: 0.001 train_loss: 146838.6875 train_distortion: 10.0540 train_mapscore: 0.9336 train_c: -1.0815 train_max_dist: 22.6284 train_imax: 7.6277 train_imin: -35.0288 time: 1.3967s
INFO:root:Epoch: 0965 lr: 0.001 train_loss: 146518.5000 train_distortion: 10.0805 train_mapscore: 0.9334 train_c: -1.0816 train_max_dist: 22.6654 train_imax: 7.6361 train_imin: -35.1238 time: 1.4002s
INFO:root:Epoch: 0970 lr: 0.001 train_loss: 146639.8594 train_distortion: 10.1056 train_mapscore: 0.9337 train_c: -1.0817 train_max_dist: 22.6987 train_imax: 7.6276 train_imin: -35.2234 time: 1.3932s
INFO:root:Epoch: 0975 lr: 0.001 train_loss: 146403.0469 train_distortion: 10.1285 train_mapscore: 0.9340 train_c: -1.0818 train_max_dist: 22.7235 train_imax: 7.8178 train_imin: -35.3272 time: 1.3955s
INFO:root:Epoch: 0980 lr: 0.001 train_loss: 146366.2812 train_distortion: 10.1518 train_mapscore: 0.9330 train_c: -1.0819 train_max_dist: 22.7507 train_imax: 7.5667 train_imin: -35.4408 time: 1.4119s
INFO:root:Epoch: 0985 lr: 0.001 train_loss: 146230.7188 train_distortion: 10.1791 train_mapscore: 0.9337 train_c: -1.0820 train_max_dist: 22.7759 train_imax: 7.6468 train_imin: -35.5748 time: 1.4139s
INFO:root:Epoch: 0990 lr: 0.001 train_loss: 145983.4375 train_distortion: 10.2025 train_mapscore: 0.9333 train_c: -1.0821 train_max_dist: 22.8149 train_imax: 7.4935 train_imin: -35.6708 time: 1.4511s
INFO:root:Epoch: 0995 lr: 0.001 train_loss: 145941.7969 train_distortion: 10.2282 train_mapscore: 0.9334 train_c: -1.0821 train_max_dist: 22.8451 train_imax: 7.6706 train_imin: -35.7717 time: 1.4588s
INFO:root:Epoch: 1000 lr: 0.001 train_loss: 145655.0312 train_distortion: 10.2500 train_mapscore: 0.9341 train_c: -1.0822 train_max_dist: 22.8857 train_imax: 7.5498 train_imin: -35.8740 time: 1.4406s
INFO:root:Epoch: 1005 lr: 0.001 train_loss: 145812.3750 train_distortion: 10.2762 train_mapscore: 0.9341 train_c: -1.0823 train_max_dist: 22.9086 train_imax: 7.6051 train_imin: -36.0061 time: 1.4471s
INFO:root:Epoch: 1010 lr: 0.001 train_loss: 145364.0312 train_distortion: 10.3003 train_mapscore: 0.9336 train_c: -1.0824 train_max_dist: 22.9425 train_imax: 7.6226 train_imin: -36.0833 time: 1.4553s
INFO:root:Epoch: 1015 lr: 0.001 train_loss: 145514.7656 train_distortion: 10.3208 train_mapscore: 0.9342 train_c: -1.0825 train_max_dist: 22.9729 train_imax: 7.6256 train_imin: -36.1909 time: 1.4563s
INFO:root:Epoch: 1020 lr: 0.001 train_loss: 145379.0781 train_distortion: 10.3476 train_mapscore: 0.9348 train_c: -1.0826 train_max_dist: 23.0115 train_imax: 7.6240 train_imin: -36.2726 time: 1.4418s
INFO:root:Epoch: 1025 lr: 0.001 train_loss: 145323.2031 train_distortion: 10.3676 train_mapscore: 0.9348 train_c: -1.0827 train_max_dist: 23.0364 train_imax: 7.6660 train_imin: -36.4263 time: 1.4445s
INFO:root:Epoch: 1030 lr: 0.001 train_loss: 144962.2344 train_distortion: 10.3937 train_mapscore: 0.9344 train_c: -1.0828 train_max_dist: 23.0698 train_imax: 7.6168 train_imin: -36.4956 time: 1.4146s
INFO:root:Epoch: 1035 lr: 0.001 train_loss: 144884.3594 train_distortion: 10.4160 train_mapscore: 0.9347 train_c: -1.0828 train_max_dist: 23.0992 train_imax: 7.6768 train_imin: -36.5915 time: 1.4130s
INFO:root:Epoch: 1040 lr: 0.001 train_loss: 144542.8594 train_distortion: 10.4378 train_mapscore: 0.9354 train_c: -1.0829 train_max_dist: 23.1259 train_imax: 7.5539 train_imin: -36.6703 time: 1.4024s
INFO:root:Epoch: 1045 lr: 0.001 train_loss: 144705.4219 train_distortion: 10.4593 train_mapscore: 0.9354 train_c: -1.0830 train_max_dist: 23.1600 train_imax: 7.7109 train_imin: -36.7869 time: 1.4075s
INFO:root:Epoch: 1050 lr: 0.001 train_loss: 144814.1562 train_distortion: 10.4830 train_mapscore: 0.9351 train_c: -1.0831 train_max_dist: 23.1930 train_imax: 7.5860 train_imin: -36.8891 time: 1.4473s
INFO:root:Epoch: 1055 lr: 0.001 train_loss: 144823.9688 train_distortion: 10.5050 train_mapscore: 0.9355 train_c: -1.0832 train_max_dist: 23.2242 train_imax: 7.7449 train_imin: -36.9829 time: 1.4398s
INFO:root:Epoch: 1060 lr: 0.001 train_loss: 144521.8750 train_distortion: 10.5242 train_mapscore: 0.9354 train_c: -1.0833 train_max_dist: 23.2479 train_imax: 7.5096 train_imin: -37.1017 time: 1.4468s
INFO:root:Epoch: 1065 lr: 0.001 train_loss: 144171.5781 train_distortion: 10.5465 train_mapscore: 0.9356 train_c: -1.0834 train_max_dist: 23.2661 train_imax: 7.6408 train_imin: -37.2114 time: 1.4483s
INFO:root:Epoch: 1070 lr: 0.001 train_loss: 144329.7344 train_distortion: 10.5698 train_mapscore: 0.9352 train_c: -1.0834 train_max_dist: 23.2963 train_imax: 7.7234 train_imin: -37.2913 time: 1.4593s
INFO:root:Epoch: 1075 lr: 0.001 train_loss: 144172.2969 train_distortion: 10.5913 train_mapscore: 0.9359 train_c: -1.0835 train_max_dist: 23.3195 train_imax: 7.7434 train_imin: -37.4024 time: 1.4455s
INFO:root:Epoch: 1080 lr: 0.001 train_loss: 144018.7188 train_distortion: 10.6111 train_mapscore: 0.9359 train_c: -1.0836 train_max_dist: 23.3483 train_imax: 7.5194 train_imin: -37.4809 time: 1.4473s
INFO:root:Epoch: 1085 lr: 0.001 train_loss: 144270.8438 train_distortion: 10.6343 train_mapscore: 0.9363 train_c: -1.0837 train_max_dist: 23.3842 train_imax: 7.6889 train_imin: -37.5840 time: 1.4436s
INFO:root:Epoch: 1090 lr: 0.001 train_loss: 143960.9062 train_distortion: 10.6555 train_mapscore: 0.9360 train_c: -1.0838 train_max_dist: 23.4066 train_imax: 7.6748 train_imin: -37.6828 time: 1.4083s
INFO:root:Epoch: 1095 lr: 0.001 train_loss: 143799.9688 train_distortion: 10.6769 train_mapscore: 0.9358 train_c: -1.0839 train_max_dist: 23.4377 train_imax: 7.5160 train_imin: -37.7539 time: 1.4051s
INFO:root:Epoch: 1100 lr: 0.001 train_loss: 143684.7500 train_distortion: 10.6944 train_mapscore: 0.9366 train_c: -1.0839 train_max_dist: 23.4551 train_imax: 7.6392 train_imin: -37.8588 time: 1.4266s
INFO:root:Epoch: 1105 lr: 0.001 train_loss: 143619.6406 train_distortion: 10.7159 train_mapscore: 0.9367 train_c: -1.0840 train_max_dist: 23.4808 train_imax: 7.5882 train_imin: -37.9657 time: 1.4006s
INFO:root:Epoch: 1110 lr: 0.001 train_loss: 143240.1562 train_distortion: 10.7384 train_mapscore: 0.9366 train_c: -1.0841 train_max_dist: 23.5149 train_imax: 7.6283 train_imin: -38.0283 time: 1.4066s
INFO:root:Epoch: 1115 lr: 0.001 train_loss: 143366.7031 train_distortion: 10.7593 train_mapscore: 0.9371 train_c: -1.0842 train_max_dist: 23.5370 train_imax: 7.6852 train_imin: -38.1443 time: 1.4352s
INFO:root:Epoch: 1120 lr: 0.001 train_loss: 143161.8438 train_distortion: 10.7805 train_mapscore: 0.9369 train_c: -1.0843 train_max_dist: 23.5587 train_imax: 7.5881 train_imin: -38.2117 time: 1.4337s
INFO:root:Epoch: 1125 lr: 0.001 train_loss: 143373.6719 train_distortion: 10.8011 train_mapscore: 0.9366 train_c: -1.0844 train_max_dist: 23.5996 train_imax: 7.7116 train_imin: -38.3238 time: 1.4409s
INFO:root:Epoch: 1130 lr: 0.001 train_loss: 143311.7188 train_distortion: 10.8190 train_mapscore: 0.9367 train_c: -1.0844 train_max_dist: 23.6158 train_imax: 7.6200 train_imin: -38.3945 time: 1.4456s
INFO:root:Epoch: 1135 lr: 0.001 train_loss: 143112.3281 train_distortion: 10.8399 train_mapscore: 0.9366 train_c: -1.0845 train_max_dist: 23.6437 train_imax: 7.6012 train_imin: -38.4993 time: 1.4444s
INFO:root:Epoch: 1140 lr: 0.001 train_loss: 142972.1094 train_distortion: 10.8644 train_mapscore: 0.9369 train_c: -1.0846 train_max_dist: 23.6670 train_imax: 7.6234 train_imin: -38.5827 time: 1.4550s
INFO:root:Epoch: 1145 lr: 0.001 train_loss: 143084.6875 train_distortion: 10.8850 train_mapscore: 0.9371 train_c: -1.0847 train_max_dist: 23.6903 train_imax: 7.5768 train_imin: -38.6781 time: 1.4537s
INFO:root:Epoch: 1150 lr: 0.001 train_loss: 142988.5000 train_distortion: 10.9017 train_mapscore: 0.9372 train_c: -1.0848 train_max_dist: 23.7123 train_imax: 7.7302 train_imin: -38.7426 time: 1.4435s
INFO:root:Epoch: 1155 lr: 0.001 train_loss: 142793.4375 train_distortion: 10.9206 train_mapscore: 0.9370 train_c: -1.0848 train_max_dist: 23.7419 train_imax: 7.5752 train_imin: -38.8794 time: 1.4148s
INFO:root:Epoch: 1160 lr: 0.001 train_loss: 142610.9688 train_distortion: 10.9413 train_mapscore: 0.9374 train_c: -1.0849 train_max_dist: 23.7645 train_imax: 7.5626 train_imin: -38.9540 time: 1.4300s
INFO:root:Epoch: 1165 lr: 0.001 train_loss: 142263.3906 train_distortion: 10.9602 train_mapscore: 0.9376 train_c: -1.0850 train_max_dist: 23.7839 train_imax: 7.6160 train_imin: -39.0293 time: 1.4036s
INFO:root:Epoch: 1170 lr: 0.001 train_loss: 142055.2188 train_distortion: 10.9801 train_mapscore: 0.9373 train_c: -1.0851 train_max_dist: 23.8097 train_imax: 7.6340 train_imin: -39.0971 time: 1.4112s
INFO:root:Epoch: 1175 lr: 0.001 train_loss: 142186.0156 train_distortion: 11.0060 train_mapscore: 0.9375 train_c: -1.0852 train_max_dist: 23.8346 train_imax: 7.6057 train_imin: -39.1798 time: 1.4111s
INFO:root:Epoch: 1180 lr: 0.001 train_loss: 142521.3750 train_distortion: 11.0245 train_mapscore: 0.9380 train_c: -1.0853 train_max_dist: 23.8615 train_imax: 7.6975 train_imin: -39.2829 time: 1.3985s
INFO:root:Epoch: 1185 lr: 0.001 train_loss: 142460.7188 train_distortion: 11.0400 train_mapscore: 0.9378 train_c: -1.0853 train_max_dist: 23.8807 train_imax: 7.6383 train_imin: -39.3382 time: 1.4463s
INFO:root:Epoch: 1190 lr: 0.001 train_loss: 142486.6094 train_distortion: 11.0554 train_mapscore: 0.9375 train_c: -1.0854 train_max_dist: 23.9001 train_imax: 7.6698 train_imin: -39.4515 time: 1.4484s
INFO:root:Epoch: 1195 lr: 0.001 train_loss: 142193.7500 train_distortion: 11.0768 train_mapscore: 0.9379 train_c: -1.0855 train_max_dist: 23.9274 train_imax: 7.5457 train_imin: -39.5400 time: 1.4437s
INFO:root:Epoch: 1200 lr: 0.001 train_loss: 142278.6562 train_distortion: 11.0935 train_mapscore: 0.9377 train_c: -1.0856 train_max_dist: 23.9409 train_imax: 7.6110 train_imin: -39.5759 time: 1.4515s
INFO:root:Epoch: 1205 lr: 0.001 train_loss: 141831.8125 train_distortion: 11.1084 train_mapscore: 0.9378 train_c: -1.0857 train_max_dist: 23.9705 train_imax: 7.6638 train_imin: -39.6755 time: 1.4516s
INFO:root:Epoch: 1210 lr: 0.001 train_loss: 141839.0469 train_distortion: 11.1311 train_mapscore: 0.9376 train_c: -1.0857 train_max_dist: 23.9880 train_imax: 7.6301 train_imin: -39.7808 time: 1.4572s
INFO:root:Epoch: 1215 lr: 0.001 train_loss: 141964.2188 train_distortion: 11.1436 train_mapscore: 0.9379 train_c: -1.0858 train_max_dist: 24.0154 train_imax: 7.5852 train_imin: -39.8650 time: 1.4427s
INFO:root:Epoch: 1220 lr: 0.001 train_loss: 141695.4531 train_distortion: 11.1667 train_mapscore: 0.9376 train_c: -1.0859 train_max_dist: 24.0361 train_imax: 7.6222 train_imin: -39.9327 time: 1.4557s
INFO:root:Epoch: 1225 lr: 0.001 train_loss: 141727.2500 train_distortion: 11.1866 train_mapscore: 0.9386 train_c: -1.0860 train_max_dist: 24.0564 train_imax: 7.6561 train_imin: -39.9965 time: 1.4049s
INFO:root:Epoch: 1230 lr: 0.001 train_loss: 141708.3594 train_distortion: 11.2015 train_mapscore: 0.9386 train_c: -1.0861 train_max_dist: 24.0829 train_imax: 7.6367 train_imin: -40.0889 time: 1.4039s
INFO:root:Epoch: 1235 lr: 0.001 train_loss: 141937.7812 train_distortion: 11.2188 train_mapscore: 0.9385 train_c: -1.0861 train_max_dist: 24.1155 train_imax: 7.7547 train_imin: -40.1761 time: 1.4066s
INFO:root:Epoch: 1240 lr: 0.001 train_loss: 141539.9531 train_distortion: 11.2402 train_mapscore: 0.9384 train_c: -1.0862 train_max_dist: 24.1355 train_imax: 7.6014 train_imin: -40.2605 time: 1.4136s
INFO:root:Epoch: 1245 lr: 0.001 train_loss: 141217.5000 train_distortion: 11.2577 train_mapscore: 0.9382 train_c: -1.0863 train_max_dist: 24.1475 train_imax: 7.6159 train_imin: -40.3404 time: 1.4487s
INFO:root:Epoch: 1250 lr: 0.001 train_loss: 141161.4531 train_distortion: 11.2745 train_mapscore: 0.9383 train_c: -1.0864 train_max_dist: 24.1647 train_imax: 7.6657 train_imin: -40.4088 time: 1.4510s
INFO:root:Epoch: 1255 lr: 0.001 train_loss: 141105.5781 train_distortion: 11.2921 train_mapscore: 0.9372 train_c: -1.0864 train_max_dist: 24.1886 train_imax: 7.6203 train_imin: -40.5280 time: 1.4648s
INFO:root:Epoch: 1260 lr: 0.001 train_loss: 141347.7812 train_distortion: 11.3094 train_mapscore: 0.9382 train_c: -1.0865 train_max_dist: 24.2036 train_imax: 7.6165 train_imin: -40.5730 time: 1.4482s
INFO:root:Epoch: 1265 lr: 0.001 train_loss: 141211.9531 train_distortion: 11.3302 train_mapscore: 0.9388 train_c: -1.0866 train_max_dist: 24.2222 train_imax: 7.7449 train_imin: -40.6455 time: 1.4351s
INFO:root:Epoch: 1270 lr: 0.001 train_loss: 141112.9531 train_distortion: 11.3473 train_mapscore: 0.9385 train_c: -1.0867 train_max_dist: 24.2490 train_imax: 7.7482 train_imin: -40.7259 time: 1.4487s
INFO:root:Epoch: 1275 lr: 0.001 train_loss: 140877.0000 train_distortion: 11.3654 train_mapscore: 0.9388 train_c: -1.0868 train_max_dist: 24.2705 train_imax: 7.6276 train_imin: -40.7845 time: 1.4336s
INFO:root:Epoch: 1280 lr: 0.001 train_loss: 140637.7969 train_distortion: 11.3829 train_mapscore: 0.9390 train_c: -1.0868 train_max_dist: 24.2837 train_imax: 7.6723 train_imin: -40.8615 time: 1.4434s
INFO:root:Epoch: 1285 lr: 0.001 train_loss: 140549.0781 train_distortion: 11.3997 train_mapscore: 0.9390 train_c: -1.0869 train_max_dist: 24.3088 train_imax: 7.5509 train_imin: -40.9553 time: 1.3978s
INFO:root:Epoch: 1290 lr: 0.001 train_loss: 140531.6250 train_distortion: 11.4164 train_mapscore: 0.9389 train_c: -1.0870 train_max_dist: 24.3264 train_imax: 7.7797 train_imin: -41.0462 time: 1.3987s
INFO:root:Epoch: 1295 lr: 0.001 train_loss: 140425.9062 train_distortion: 11.4360 train_mapscore: 0.9385 train_c: -1.0871 train_max_dist: 24.3462 train_imax: 7.6878 train_imin: -41.0993 time: 1.4189s
INFO:root:Epoch: 1300 lr: 0.001 train_loss: 140598.1562 train_distortion: 11.4553 train_mapscore: 0.9390 train_c: -1.0872 train_max_dist: 24.3728 train_imax: 7.7046 train_imin: -41.1671 time: 1.4111s
INFO:root:Epoch: 1305 lr: 0.001 train_loss: 140506.8438 train_distortion: 11.4724 train_mapscore: 0.9396 train_c: -1.0872 train_max_dist: 24.3826 train_imax: 7.6794 train_imin: -41.2491 time: 1.4029s
INFO:root:Epoch: 1310 lr: 0.001 train_loss: 140410.4375 train_distortion: 11.4901 train_mapscore: 0.9395 train_c: -1.0873 train_max_dist: 24.4128 train_imax: 7.7221 train_imin: -41.3198 time: 1.4429s
INFO:root:Epoch: 1315 lr: 0.001 train_loss: 140250.1562 train_distortion: 11.5071 train_mapscore: 0.9392 train_c: -1.0874 train_max_dist: 24.4238 train_imax: 7.6451 train_imin: -41.4059 time: 1.4681s
INFO:root:Epoch: 1320 lr: 0.001 train_loss: 140355.0312 train_distortion: 11.5238 train_mapscore: 0.9393 train_c: -1.0875 train_max_dist: 24.4448 train_imax: 7.6725 train_imin: -41.4484 time: 1.4421s
INFO:root:Epoch: 1325 lr: 0.001 train_loss: 140085.7188 train_distortion: 11.5418 train_mapscore: 0.9387 train_c: -1.0875 train_max_dist: 24.4600 train_imax: 7.6366 train_imin: -41.5651 time: 1.4542s
INFO:root:Epoch: 1330 lr: 0.001 train_loss: 140321.1406 train_distortion: 11.5551 train_mapscore: 0.9397 train_c: -1.0876 train_max_dist: 24.4944 train_imax: 7.7078 train_imin: -41.6116 time: 1.4437s
INFO:root:Epoch: 1335 lr: 0.001 train_loss: 139978.3750 train_distortion: 11.5741 train_mapscore: 0.9394 train_c: -1.0877 train_max_dist: 24.5017 train_imax: 7.6827 train_imin: -41.6609 time: 1.4669s
INFO:root:Epoch: 1340 lr: 0.001 train_loss: 139953.5156 train_distortion: 11.5898 train_mapscore: 0.9394 train_c: -1.0878 train_max_dist: 24.5244 train_imax: 7.6229 train_imin: -41.7424 time: 1.4448s
INFO:root:Epoch: 1345 lr: 0.001 train_loss: 139983.2969 train_distortion: 11.6073 train_mapscore: 0.9393 train_c: -1.0879 train_max_dist: 24.5435 train_imax: 7.7364 train_imin: -41.8090 time: 1.4456s
INFO:root:Epoch: 1350 lr: 0.001 train_loss: 139541.6250 train_distortion: 11.6256 train_mapscore: 0.9398 train_c: -1.0879 train_max_dist: 24.5583 train_imax: 7.6377 train_imin: -41.8690 time: 1.4032s
INFO:root:Epoch: 1355 lr: 0.001 train_loss: 139917.9062 train_distortion: 11.6385 train_mapscore: 0.9394 train_c: -1.0880 train_max_dist: 24.5833 train_imax: 7.6435 train_imin: -41.9451 time: 1.4138s
INFO:root:Epoch: 1360 lr: 0.001 train_loss: 139826.4062 train_distortion: 11.6569 train_mapscore: 0.9395 train_c: -1.0881 train_max_dist: 24.6040 train_imax: 7.8971 train_imin: -42.0279 time: 1.4109s
INFO:root:Epoch: 1365 lr: 0.001 train_loss: 139634.0625 train_distortion: 11.6787 train_mapscore: 0.9398 train_c: -1.0882 train_max_dist: 24.6145 train_imax: 7.7226 train_imin: -42.0763 time: 1.4058s
INFO:root:Epoch: 1370 lr: 0.001 train_loss: 139724.7344 train_distortion: 11.6922 train_mapscore: 0.9396 train_c: -1.0882 train_max_dist: 24.6323 train_imax: 7.6940 train_imin: -42.1732 time: 1.4117s
INFO:root:Epoch: 1375 lr: 0.001 train_loss: 139676.8594 train_distortion: 11.7064 train_mapscore: 0.9400 train_c: -1.0883 train_max_dist: 24.6628 train_imax: 7.7758 train_imin: -42.2530 time: 1.4021s
INFO:root:Epoch: 1380 lr: 0.001 train_loss: 139772.4531 train_distortion: 11.7223 train_mapscore: 0.9397 train_c: -1.0884 train_max_dist: 24.6760 train_imax: 7.7708 train_imin: -42.3108 time: 1.4633s
INFO:root:Epoch: 1385 lr: 0.001 train_loss: 139459.6406 train_distortion: 11.7381 train_mapscore: 0.9400 train_c: -1.0885 train_max_dist: 24.6958 train_imax: 7.7494 train_imin: -42.3812 time: 1.4430s
INFO:root:Epoch: 1390 lr: 0.001 train_loss: 139727.7812 train_distortion: 11.7549 train_mapscore: 0.9398 train_c: -1.0885 train_max_dist: 24.7070 train_imax: 7.6548 train_imin: -42.4897 time: 1.4522s
INFO:root:Epoch: 1395 lr: 0.001 train_loss: 139433.5469 train_distortion: 11.7694 train_mapscore: 0.9401 train_c: -1.0886 train_max_dist: 24.7288 train_imax: 7.9046 train_imin: -42.4958 time: 1.4437s
INFO:root:Epoch: 1400 lr: 0.001 train_loss: 139343.3750 train_distortion: 11.7862 train_mapscore: 0.9402 train_c: -1.0887 train_max_dist: 24.7402 train_imax: 7.5283 train_imin: -42.5611 time: 1.4610s
INFO:root:Epoch: 1405 lr: 0.001 train_loss: 139402.4062 train_distortion: 11.8023 train_mapscore: 0.9406 train_c: -1.0888 train_max_dist: 24.7646 train_imax: 7.5594 train_imin: -42.6560 time: 1.4406s
INFO:root:Epoch: 1410 lr: 0.001 train_loss: 139446.8281 train_distortion: 11.8155 train_mapscore: 0.9404 train_c: -1.0889 train_max_dist: 24.7803 train_imax: 7.6107 train_imin: -42.7199 time: 1.4413s
INFO:root:Epoch: 1415 lr: 0.001 train_loss: 139362.9844 train_distortion: 11.8355 train_mapscore: 0.9404 train_c: -1.0889 train_max_dist: 24.7986 train_imax: 7.6393 train_imin: -42.7550 time: 1.4415s
INFO:root:Epoch: 1420 lr: 0.001 train_loss: 139408.8125 train_distortion: 11.8478 train_mapscore: 0.9407 train_c: -1.0890 train_max_dist: 24.8206 train_imax: 7.6235 train_imin: -42.8205 time: 1.4018s
INFO:root:Epoch: 1425 lr: 0.001 train_loss: 139248.0625 train_distortion: 11.8627 train_mapscore: 0.9400 train_c: -1.0891 train_max_dist: 24.8318 train_imax: 7.5135 train_imin: -42.9060 time: 1.4135s
INFO:root:Epoch: 1430 lr: 0.001 train_loss: 138817.7031 train_distortion: 11.8777 train_mapscore: 0.9406 train_c: -1.0892 train_max_dist: 24.8494 train_imax: 7.5964 train_imin: -42.9300 time: 1.3993s
INFO:root:Epoch: 1435 lr: 0.001 train_loss: 139009.4688 train_distortion: 11.8938 train_mapscore: 0.9403 train_c: -1.0892 train_max_dist: 24.8645 train_imax: 7.7578 train_imin: -42.9984 time: 1.4056s
INFO:root:Epoch: 1440 lr: 0.001 train_loss: 139009.2812 train_distortion: 11.9105 train_mapscore: 0.9403 train_c: -1.0893 train_max_dist: 24.8906 train_imax: 7.6246 train_imin: -43.0959 time: 1.4416s
INFO:root:Epoch: 1445 lr: 0.001 train_loss: 139217.0781 train_distortion: 11.9251 train_mapscore: 0.9407 train_c: -1.0894 train_max_dist: 24.8992 train_imax: 7.5454 train_imin: -43.1032 time: 1.4417s
INFO:root:Epoch: 1450 lr: 0.001 train_loss: 139140.1562 train_distortion: 11.9367 train_mapscore: 0.9406 train_c: -1.0895 train_max_dist: 24.9102 train_imax: 7.6468 train_imin: -43.1716 time: 1.4401s
INFO:root:Epoch: 1455 lr: 0.001 train_loss: 138836.8594 train_distortion: 11.9504 train_mapscore: 0.9413 train_c: -1.0895 train_max_dist: 24.9253 train_imax: 7.5645 train_imin: -43.2503 time: 1.4380s
INFO:root:Epoch: 1460 lr: 0.001 train_loss: 138816.9375 train_distortion: 11.9663 train_mapscore: 0.9412 train_c: -1.0896 train_max_dist: 24.9487 train_imax: 7.6121 train_imin: -43.3143 time: 1.4310s
INFO:root:Epoch: 1465 lr: 0.001 train_loss: 138824.7188 train_distortion: 11.9829 train_mapscore: 0.9408 train_c: -1.0897 train_max_dist: 24.9624 train_imax: 7.5087 train_imin: -43.3905 time: 1.4402s
INFO:root:Epoch: 1470 lr: 0.001 train_loss: 138955.3594 train_distortion: 11.9975 train_mapscore: 0.9407 train_c: -1.0898 train_max_dist: 24.9822 train_imax: 7.5496 train_imin: -43.4329 time: 1.4531s
INFO:root:Epoch: 1475 lr: 0.001 train_loss: 138626.6875 train_distortion: 12.0079 train_mapscore: 0.9413 train_c: -1.0898 train_max_dist: 24.9949 train_imax: 7.6545 train_imin: -43.5208 time: 1.4460s
INFO:root:Epoch: 1480 lr: 0.001 train_loss: 138640.0156 train_distortion: 12.0240 train_mapscore: 0.9409 train_c: -1.0899 train_max_dist: 25.0078 train_imax: 7.6675 train_imin: -43.5521 time: 1.4159s
INFO:root:Epoch: 1485 lr: 0.001 train_loss: 138491.8125 train_distortion: 12.0414 train_mapscore: 0.9418 train_c: -1.0900 train_max_dist: 25.0168 train_imax: 7.6628 train_imin: -43.6161 time: 1.4028s
INFO:root:Epoch: 1490 lr: 0.001 train_loss: 138399.4062 train_distortion: 12.0548 train_mapscore: 0.9416 train_c: -1.0901 train_max_dist: 25.0303 train_imax: 7.6025 train_imin: -43.6632 time: 1.4093s
INFO:root:Epoch: 1495 lr: 0.001 train_loss: 138365.5000 train_distortion: 12.0709 train_mapscore: 0.9418 train_c: -1.0901 train_max_dist: 25.0586 train_imax: 7.5789 train_imin: -43.7090 time: 1.4048s
INFO:root:Epoch: 1500 lr: 0.001 train_loss: 138410.7500 train_distortion: 12.0836 train_mapscore: 0.9414 train_c: -1.0902 train_max_dist: 25.0674 train_imax: 7.6430 train_imin: -43.7794 time: 1.4116s
INFO:root:Epoch: 1505 lr: 0.001 train_loss: 138180.0938 train_distortion: 12.0980 train_mapscore: 0.9417 train_c: -1.0903 train_max_dist: 25.0823 train_imax: 7.6290 train_imin: -43.8843 time: 1.4530s
INFO:root:Epoch: 1510 lr: 0.001 train_loss: 138165.7969 train_distortion: 12.1152 train_mapscore: 0.9410 train_c: -1.0904 train_max_dist: 25.1028 train_imax: 7.6385 train_imin: -43.9016 time: 1.4762s
INFO:root:Epoch: 1515 lr: 0.001 train_loss: 138427.4688 train_distortion: 12.1326 train_mapscore: 0.9421 train_c: -1.0904 train_max_dist: 25.1094 train_imax: 7.6092 train_imin: -43.9600 time: 1.4796s
INFO:root:Epoch: 1520 lr: 0.001 train_loss: 138212.1562 train_distortion: 12.1476 train_mapscore: 0.9422 train_c: -1.0905 train_max_dist: 25.1350 train_imax: 7.5840 train_imin: -44.0269 time: 1.4358s
INFO:root:Epoch: 1525 lr: 0.001 train_loss: 138378.8125 train_distortion: 12.1592 train_mapscore: 0.9420 train_c: -1.0906 train_max_dist: 25.1453 train_imax: 7.5911 train_imin: -44.1086 time: 1.4315s
INFO:root:Epoch: 1530 lr: 0.001 train_loss: 138251.5625 train_distortion: 12.1725 train_mapscore: 0.9428 train_c: -1.0907 train_max_dist: 25.1660 train_imax: 7.5595 train_imin: -44.1275 time: 1.4222s
INFO:root:Epoch: 1535 lr: 0.001 train_loss: 138027.4688 train_distortion: 12.1852 train_mapscore: 0.9420 train_c: -1.0908 train_max_dist: 25.1812 train_imax: 7.6266 train_imin: -44.1952 time: 1.4365s
INFO:root:Epoch: 1540 lr: 0.001 train_loss: 137965.5156 train_distortion: 12.2000 train_mapscore: 0.9429 train_c: -1.0908 train_max_dist: 25.1956 train_imax: 7.5684 train_imin: -44.2406 time: 1.4269s
INFO:root:Epoch: 1545 lr: 0.001 train_loss: 137734.8281 train_distortion: 12.2161 train_mapscore: 0.9417 train_c: -1.0909 train_max_dist: 25.2039 train_imax: 7.5056 train_imin: -44.3172 time: 1.4051s
INFO:root:Epoch: 1550 lr: 0.001 train_loss: 137883.7188 train_distortion: 12.2304 train_mapscore: 0.9420 train_c: -1.0910 train_max_dist: 25.2119 train_imax: 7.7709 train_imin: -44.3563 time: 1.4009s
INFO:root:Epoch: 1555 lr: 0.001 train_loss: 137743.9531 train_distortion: 12.2460 train_mapscore: 0.9419 train_c: -1.0911 train_max_dist: 25.2346 train_imax: 7.5606 train_imin: -44.3899 time: 1.4030s
INFO:root:Epoch: 1560 lr: 0.001 train_loss: 138077.4375 train_distortion: 12.2548 train_mapscore: 0.9426 train_c: -1.0911 train_max_dist: 25.2559 train_imax: 7.6318 train_imin: -44.4572 time: 1.3983s
INFO:root:Epoch: 1565 lr: 0.001 train_loss: 138131.4062 train_distortion: 12.2722 train_mapscore: 0.9429 train_c: -1.0912 train_max_dist: 25.2727 train_imax: 7.7810 train_imin: -44.5034 time: 1.3903s
INFO:root:Epoch: 1570 lr: 0.001 train_loss: 137702.0469 train_distortion: 12.2889 train_mapscore: 0.9427 train_c: -1.0913 train_max_dist: 25.2771 train_imax: 7.4155 train_imin: -44.5714 time: 1.3910s
INFO:root:Epoch: 1575 lr: 0.001 train_loss: 137564.8594 train_distortion: 12.2995 train_mapscore: 0.9427 train_c: -1.0914 train_max_dist: 25.2927 train_imax: 7.6649 train_imin: -44.6112 time: 1.4312s
INFO:root:Epoch: 1580 lr: 0.001 train_loss: 137816.9062 train_distortion: 12.3104 train_mapscore: 0.9429 train_c: -1.0914 train_max_dist: 25.3030 train_imax: 7.5411 train_imin: -44.6386 time: 1.4272s
INFO:root:Epoch: 1585 lr: 0.001 train_loss: 137668.0938 train_distortion: 12.3232 train_mapscore: 0.9428 train_c: -1.0915 train_max_dist: 25.3240 train_imax: 7.5241 train_imin: -44.7052 time: 1.4289s
INFO:root:Epoch: 1590 lr: 0.001 train_loss: 137398.1875 train_distortion: 12.3382 train_mapscore: 0.9422 train_c: -1.0916 train_max_dist: 25.3315 train_imax: 7.6946 train_imin: -44.7934 time: 1.4381s
INFO:root:Epoch: 1595 lr: 0.001 train_loss: 137545.8281 train_distortion: 12.3503 train_mapscore: 0.9427 train_c: -1.0917 train_max_dist: 25.3486 train_imax: 7.7002 train_imin: -44.8336 time: 1.4318s
INFO:root:Epoch: 1600 lr: 0.001 train_loss: 137512.9688 train_distortion: 12.3663 train_mapscore: 0.9429 train_c: -1.0917 train_max_dist: 25.3616 train_imax: 7.6496 train_imin: -44.8676 time: 1.4459s
INFO:root:Epoch: 1605 lr: 0.001 train_loss: 137338.5781 train_distortion: 12.3740 train_mapscore: 0.9432 train_c: -1.0918 train_max_dist: 25.3804 train_imax: 7.6698 train_imin: -44.9508 time: 1.4312s
INFO:root:Epoch: 1610 lr: 0.001 train_loss: 137169.0625 train_distortion: 12.3916 train_mapscore: 0.9428 train_c: -1.0919 train_max_dist: 25.3804 train_imax: 7.7082 train_imin: -44.9845 time: 1.4361s
INFO:root:Epoch: 1615 lr: 0.001 train_loss: 136964.7969 train_distortion: 12.4071 train_mapscore: 0.9423 train_c: -1.0920 train_max_dist: 25.4011 train_imax: 7.5838 train_imin: -45.0354 time: 1.4039s
INFO:root:Epoch: 1620 lr: 0.001 train_loss: 137414.3750 train_distortion: 12.4205 train_mapscore: 0.9431 train_c: -1.0920 train_max_dist: 25.4182 train_imax: 7.5793 train_imin: -45.0771 time: 1.3923s
INFO:root:Epoch: 1625 lr: 0.001 train_loss: 137465.5312 train_distortion: 12.4337 train_mapscore: 0.9429 train_c: -1.0921 train_max_dist: 25.4351 train_imax: 7.6289 train_imin: -45.1485 time: 1.3947s
INFO:root:Epoch: 1630 lr: 0.001 train_loss: 137397.3750 train_distortion: 12.4457 train_mapscore: 0.9436 train_c: -1.0922 train_max_dist: 25.4502 train_imax: 7.7094 train_imin: -45.2055 time: 1.3848s
INFO:root:Epoch: 1635 lr: 0.001 train_loss: 137334.1562 train_distortion: 12.4590 train_mapscore: 0.9434 train_c: -1.0923 train_max_dist: 25.4607 train_imax: 7.7526 train_imin: -45.2385 time: 1.4195s
INFO:root:Epoch: 1640 lr: 0.001 train_loss: 137221.3438 train_distortion: 12.4705 train_mapscore: 0.9431 train_c: -1.0923 train_max_dist: 25.4712 train_imax: 7.6377 train_imin: -45.2969 time: 1.4263s
INFO:root:Epoch: 1645 lr: 0.001 train_loss: 137154.0156 train_distortion: 12.4850 train_mapscore: 0.9431 train_c: -1.0924 train_max_dist: 25.4878 train_imax: 7.4826 train_imin: -45.3542 time: 1.4274s
INFO:root:Epoch: 1650 lr: 0.001 train_loss: 137365.6250 train_distortion: 12.4951 train_mapscore: 0.9428 train_c: -1.0925 train_max_dist: 25.4963 train_imax: 7.6710 train_imin: -45.3996 time: 1.4338s
INFO:root:Epoch: 1655 lr: 0.001 train_loss: 136907.0625 train_distortion: 12.5089 train_mapscore: 0.9426 train_c: -1.0926 train_max_dist: 25.5078 train_imax: 7.6236 train_imin: -45.4561 time: 1.4318s
INFO:root:Epoch: 1660 lr: 0.001 train_loss: 136843.8281 train_distortion: 12.5184 train_mapscore: 0.9430 train_c: -1.0926 train_max_dist: 25.5188 train_imax: 7.6972 train_imin: -45.5062 time: 1.4233s
INFO:root:Epoch: 1665 lr: 0.001 train_loss: 137035.6094 train_distortion: 12.5386 train_mapscore: 0.9428 train_c: -1.0927 train_max_dist: 25.5403 train_imax: 7.6439 train_imin: -45.5513 time: 1.4387s
INFO:root:Epoch: 1670 lr: 0.001 train_loss: 136883.5469 train_distortion: 12.5494 train_mapscore: 0.9428 train_c: -1.0928 train_max_dist: 25.5457 train_imax: 7.6441 train_imin: -45.6016 time: 1.4339s
INFO:root:Epoch: 1675 lr: 0.001 train_loss: 136927.2656 train_distortion: 12.5628 train_mapscore: 0.9434 train_c: -1.0929 train_max_dist: 25.5564 train_imax: 7.6551 train_imin: -45.6598 time: 1.3939s
INFO:root:Epoch: 1680 lr: 0.001 train_loss: 136939.4531 train_distortion: 12.5747 train_mapscore: 0.9436 train_c: -1.0929 train_max_dist: 25.5701 train_imax: 7.6203 train_imin: -45.7081 time: 1.3937s
INFO:root:Epoch: 1685 lr: 0.001 train_loss: 136900.2812 train_distortion: 12.5878 train_mapscore: 0.9436 train_c: -1.0930 train_max_dist: 25.5923 train_imax: 7.7731 train_imin: -45.7416 time: 1.3941s
INFO:root:Epoch: 1690 lr: 0.001 train_loss: 136777.1094 train_distortion: 12.6006 train_mapscore: 0.9437 train_c: -1.0931 train_max_dist: 25.5967 train_imax: 7.7556 train_imin: -45.7997 time: 1.3930s
INFO:root:Epoch: 1695 lr: 0.001 train_loss: 136727.1875 train_distortion: 12.6124 train_mapscore: 0.9437 train_c: -1.0932 train_max_dist: 25.6130 train_imax: 7.7943 train_imin: -45.8624 time: 1.3951s
INFO:root:Epoch: 1700 lr: 0.001 train_loss: 136663.1094 train_distortion: 12.6251 train_mapscore: 0.9437 train_c: -1.0932 train_max_dist: 25.6255 train_imax: 7.6415 train_imin: -45.9031 time: 1.4291s
INFO:root:Epoch: 1705 lr: 0.001 train_loss: 136641.0000 train_distortion: 12.6412 train_mapscore: 0.9433 train_c: -1.0933 train_max_dist: 25.6357 train_imax: 7.5608 train_imin: -45.9200 time: 1.4413s
INFO:root:Epoch: 1710 lr: 0.001 train_loss: 136626.2188 train_distortion: 12.6484 train_mapscore: 0.9434 train_c: -1.0934 train_max_dist: 25.6501 train_imax: 7.6914 train_imin: -46.0336 time: 1.4313s
INFO:root:Epoch: 1715 lr: 0.001 train_loss: 136464.7500 train_distortion: 12.6635 train_mapscore: 0.9435 train_c: -1.0935 train_max_dist: 25.6643 train_imax: 7.6889 train_imin: -46.0262 time: 1.4320s
INFO:root:Epoch: 1720 lr: 0.001 train_loss: 136433.1250 train_distortion: 12.6766 train_mapscore: 0.9433 train_c: -1.0936 train_max_dist: 25.6819 train_imax: 7.6355 train_imin: -46.0908 time: 1.4343s
INFO:root:Epoch: 1725 lr: 0.001 train_loss: 136201.0469 train_distortion: 12.6915 train_mapscore: 0.9437 train_c: -1.0936 train_max_dist: 25.6851 train_imax: 7.7598 train_imin: -46.1534 time: 1.4373s
INFO:root:Epoch: 1730 lr: 0.001 train_loss: 136480.0625 train_distortion: 12.7065 train_mapscore: 0.9436 train_c: -1.0937 train_max_dist: 25.6956 train_imax: 7.6108 train_imin: -46.2204 time: 1.4316s
INFO:root:Epoch: 1735 lr: 0.001 train_loss: 136262.0312 train_distortion: 12.7181 train_mapscore: 0.9434 train_c: -1.0938 train_max_dist: 25.7173 train_imax: 7.7590 train_imin: -46.2483 time: 1.4334s
INFO:root:Epoch: 1740 lr: 0.001 train_loss: 136331.7031 train_distortion: 12.7324 train_mapscore: 0.9438 train_c: -1.0939 train_max_dist: 25.7300 train_imax: 7.7940 train_imin: -46.3218 time: 1.3914s
INFO:root:Epoch: 1745 lr: 0.001 train_loss: 136352.0312 train_distortion: 12.7410 train_mapscore: 0.9442 train_c: -1.0939 train_max_dist: 25.7383 train_imax: 7.6881 train_imin: -46.3121 time: 1.3840s
INFO:root:Epoch: 1750 lr: 0.001 train_loss: 136452.3906 train_distortion: 12.7551 train_mapscore: 0.9432 train_c: -1.0940 train_max_dist: 25.7554 train_imax: 7.6561 train_imin: -46.4018 time: 1.3981s
INFO:root:Epoch: 1755 lr: 0.001 train_loss: 136130.5938 train_distortion: 12.7634 train_mapscore: 0.9438 train_c: -1.0941 train_max_dist: 25.7617 train_imax: 7.7302 train_imin: -46.4710 time: 1.3942s
INFO:root:Epoch: 1760 lr: 0.001 train_loss: 136352.5781 train_distortion: 12.7766 train_mapscore: 0.9438 train_c: -1.0942 train_max_dist: 25.7771 train_imax: 7.5419 train_imin: -46.4727 time: 1.3920s
INFO:root:Epoch: 1765 lr: 0.001 train_loss: 136554.6406 train_distortion: 12.7852 train_mapscore: 0.9434 train_c: -1.0942 train_max_dist: 25.7893 train_imax: 7.8314 train_imin: -46.5173 time: 1.3944s
INFO:root:Epoch: 1770 lr: 0.001 train_loss: 136435.2812 train_distortion: 12.8005 train_mapscore: 0.9446 train_c: -1.0943 train_max_dist: 25.7959 train_imax: 7.5773 train_imin: -46.5578 time: 1.4241s
INFO:root:Epoch: 1775 lr: 0.001 train_loss: 136241.4688 train_distortion: 12.8107 train_mapscore: 0.9442 train_c: -1.0944 train_max_dist: 25.8091 train_imax: 7.8470 train_imin: -46.5920 time: 1.4271s
INFO:root:Epoch: 1780 lr: 0.001 train_loss: 136335.5469 train_distortion: 12.8231 train_mapscore: 0.9441 train_c: -1.0945 train_max_dist: 25.8135 train_imax: 7.7006 train_imin: -46.6409 time: 1.4304s
INFO:root:Epoch: 1785 lr: 0.001 train_loss: 135989.0469 train_distortion: 12.8327 train_mapscore: 0.9438 train_c: -1.0945 train_max_dist: 25.8345 train_imax: 7.8092 train_imin: -46.6511 time: 1.4366s
INFO:root:Epoch: 1790 lr: 0.001 train_loss: 136195.2656 train_distortion: 12.8415 train_mapscore: 0.9445 train_c: -1.0946 train_max_dist: 25.8391 train_imax: 7.6236 train_imin: -46.7339 time: 1.4248s
INFO:root:Epoch: 1795 lr: 0.001 train_loss: 136055.9219 train_distortion: 12.8566 train_mapscore: 0.9444 train_c: -1.0947 train_max_dist: 25.8511 train_imax: 7.6034 train_imin: -46.7835 time: 1.4243s
INFO:root:Epoch: 1800 lr: 0.001 train_loss: 135971.0469 train_distortion: 12.8693 train_mapscore: 0.9438 train_c: -1.0948 train_max_dist: 25.8655 train_imax: 7.8196 train_imin: -46.7729 time: 1.4502s
INFO:root:Epoch: 1805 lr: 0.001 train_loss: 136190.2656 train_distortion: 12.8770 train_mapscore: 0.9442 train_c: -1.0948 train_max_dist: 25.8823 train_imax: 7.7209 train_imin: -46.8477 time: 1.4253s
INFO:root:Epoch: 1810 lr: 0.001 train_loss: 135966.8438 train_distortion: 12.8910 train_mapscore: 0.9436 train_c: -1.0949 train_max_dist: 25.8872 train_imax: 7.8385 train_imin: -46.9055 time: 1.3958s
INFO:root:Epoch: 1815 lr: 0.001 train_loss: 136128.5938 train_distortion: 12.9002 train_mapscore: 0.9444 train_c: -1.0950 train_max_dist: 25.9058 train_imax: 7.7889 train_imin: -46.9141 time: 1.3902s
INFO:root:Epoch: 1820 lr: 0.001 train_loss: 136071.3906 train_distortion: 12.9097 train_mapscore: 0.9444 train_c: -1.0951 train_max_dist: 25.9080 train_imax: 7.7729 train_imin: -46.9623 time: 1.3889s
INFO:root:Epoch: 1825 lr: 0.001 train_loss: 135642.4375 train_distortion: 12.9181 train_mapscore: 0.9445 train_c: -1.0952 train_max_dist: 25.9221 train_imax: 7.7683 train_imin: -46.9860 time: 1.3840s
INFO:root:Epoch: 1830 lr: 0.001 train_loss: 135863.0156 train_distortion: 12.9352 train_mapscore: 0.9435 train_c: -1.0952 train_max_dist: 25.9333 train_imax: 7.7456 train_imin: -47.0178 time: 1.4381s
INFO:root:Epoch: 1835 lr: 0.001 train_loss: 135525.1094 train_distortion: 12.9426 train_mapscore: 0.9440 train_c: -1.0953 train_max_dist: 25.9465 train_imax: 7.7416 train_imin: -47.0671 time: 1.4342s
INFO:root:Epoch: 1840 lr: 0.001 train_loss: 135606.0312 train_distortion: 12.9538 train_mapscore: 0.9446 train_c: -1.0954 train_max_dist: 25.9585 train_imax: 7.7440 train_imin: -47.0930 time: 1.4340s
INFO:root:Epoch: 1845 lr: 0.001 train_loss: 135673.9062 train_distortion: 12.9624 train_mapscore: 0.9442 train_c: -1.0955 train_max_dist: 25.9714 train_imax: 7.8194 train_imin: -47.1433 time: 1.4324s
INFO:root:Epoch: 1850 lr: 0.001 train_loss: 135642.0312 train_distortion: 12.9793 train_mapscore: 0.9447 train_c: -1.0955 train_max_dist: 25.9780 train_imax: 7.8078 train_imin: -47.1742 time: 1.4245s
INFO:root:Epoch: 1855 lr: 0.001 train_loss: 135779.2344 train_distortion: 12.9867 train_mapscore: 0.9444 train_c: -1.0956 train_max_dist: 25.9866 train_imax: 7.7083 train_imin: -47.2050 time: 1.4277s
INFO:root:Epoch: 1860 lr: 0.001 train_loss: 135623.2969 train_distortion: 12.9985 train_mapscore: 0.9445 train_c: -1.0957 train_max_dist: 26.0000 train_imax: 7.5913 train_imin: -47.2444 time: 1.4223s
INFO:root:Epoch: 1865 lr: 0.001 train_loss: 135558.8438 train_distortion: 13.0094 train_mapscore: 0.9443 train_c: -1.0958 train_max_dist: 26.0105 train_imax: 7.6946 train_imin: -47.3022 time: 1.4288s
INFO:root:Epoch: 1870 lr: 0.001 train_loss: 135441.5625 train_distortion: 13.0196 train_mapscore: 0.9446 train_c: -1.0958 train_max_dist: 26.0217 train_imax: 7.8163 train_imin: -47.3807 time: 1.3932s
INFO:root:Epoch: 1875 lr: 0.001 train_loss: 135356.5625 train_distortion: 13.0322 train_mapscore: 0.9449 train_c: -1.0959 train_max_dist: 26.0364 train_imax: 7.7203 train_imin: -47.3739 time: 1.3888s
INFO:root:Epoch: 1880 lr: 0.001 train_loss: 135307.7500 train_distortion: 13.0402 train_mapscore: 0.9446 train_c: -1.0960 train_max_dist: 26.0435 train_imax: 7.7761 train_imin: -47.4157 time: 1.3931s
INFO:root:Epoch: 1885 lr: 0.001 train_loss: 135328.7969 train_distortion: 13.0567 train_mapscore: 0.9435 train_c: -1.0961 train_max_dist: 26.0562 train_imax: 7.6822 train_imin: -47.4670 time: 1.4013s
INFO:root:Epoch: 1890 lr: 0.001 train_loss: 135237.5938 train_distortion: 13.0639 train_mapscore: 0.9449 train_c: -1.0962 train_max_dist: 26.0657 train_imax: 7.8768 train_imin: -47.5050 time: 1.3878s
INFO:root:Epoch: 1895 lr: 0.001 train_loss: 135074.1875 train_distortion: 13.0777 train_mapscore: 0.9444 train_c: -1.0962 train_max_dist: 26.0813 train_imax: 7.7381 train_imin: -47.5531 time: 1.4326s
INFO:root:Epoch: 1900 lr: 0.001 train_loss: 135026.8438 train_distortion: 13.0888 train_mapscore: 0.9442 train_c: -1.0963 train_max_dist: 26.0916 train_imax: 7.7261 train_imin: -47.6077 time: 1.4414s
INFO:root:Epoch: 1905 lr: 0.001 train_loss: 135407.0938 train_distortion: 13.0971 train_mapscore: 0.9443 train_c: -1.0964 train_max_dist: 26.1021 train_imax: 7.8766 train_imin: -47.6438 time: 1.4315s
INFO:root:Epoch: 1910 lr: 0.001 train_loss: 135587.9531 train_distortion: 13.1105 train_mapscore: 0.9444 train_c: -1.0965 train_max_dist: 26.1101 train_imax: 7.8036 train_imin: -47.7047 time: 1.4290s
INFO:root:Epoch: 1915 lr: 0.001 train_loss: 135625.9688 train_distortion: 13.1223 train_mapscore: 0.9446 train_c: -1.0965 train_max_dist: 26.1208 train_imax: 7.8335 train_imin: -47.7192 time: 1.4280s
INFO:root:Epoch: 1920 lr: 0.001 train_loss: 135115.7500 train_distortion: 13.1291 train_mapscore: 0.9448 train_c: -1.0966 train_max_dist: 26.1357 train_imax: 7.8656 train_imin: -47.7730 time: 1.4301s
INFO:root:Epoch: 1925 lr: 0.001 train_loss: 135518.5781 train_distortion: 13.1395 train_mapscore: 0.9447 train_c: -1.0967 train_max_dist: 26.1421 train_imax: 7.8692 train_imin: -47.8087 time: 1.4312s
INFO:root:Epoch: 1930 lr: 0.001 train_loss: 135485.8281 train_distortion: 13.1477 train_mapscore: 0.9446 train_c: -1.0968 train_max_dist: 26.1497 train_imax: 7.8143 train_imin: -47.8277 time: 1.4276s
INFO:root:Epoch: 1935 lr: 0.001 train_loss: 135565.0469 train_distortion: 13.1580 train_mapscore: 0.9446 train_c: -1.0969 train_max_dist: 26.1667 train_imax: 7.7168 train_imin: -47.8793 time: 1.4041s
INFO:root:Epoch: 1940 lr: 0.001 train_loss: 135277.0625 train_distortion: 13.1693 train_mapscore: 0.9450 train_c: -1.0969 train_max_dist: 26.1741 train_imax: 7.6731 train_imin: -47.8928 time: 1.4006s
INFO:root:Epoch: 1945 lr: 0.001 train_loss: 135130.5000 train_distortion: 13.1753 train_mapscore: 0.9451 train_c: -1.0970 train_max_dist: 26.1897 train_imax: 7.7867 train_imin: -47.9305 time: 1.3866s
INFO:root:Epoch: 1950 lr: 0.001 train_loss: 135118.6406 train_distortion: 13.1864 train_mapscore: 0.9447 train_c: -1.0971 train_max_dist: 26.1938 train_imax: 7.8865 train_imin: -47.9731 time: 1.4068s
INFO:root:Epoch: 1955 lr: 0.001 train_loss: 135198.8438 train_distortion: 13.1937 train_mapscore: 0.9449 train_c: -1.0972 train_max_dist: 26.1997 train_imax: 7.7617 train_imin: -48.0122 time: 1.3927s
INFO:root:Epoch: 1960 lr: 0.001 train_loss: 134987.9375 train_distortion: 13.2062 train_mapscore: 0.9451 train_c: -1.0972 train_max_dist: 26.2126 train_imax: 7.6614 train_imin: -48.0587 time: 1.3806s
INFO:root:Epoch: 1965 lr: 0.001 train_loss: 135277.6875 train_distortion: 13.2144 train_mapscore: 0.9452 train_c: -1.0973 train_max_dist: 26.2295 train_imax: 7.9413 train_imin: -48.0883 time: 1.4246s
INFO:root:Epoch: 1970 lr: 0.001 train_loss: 135432.0000 train_distortion: 13.2256 train_mapscore: 0.9450 train_c: -1.0974 train_max_dist: 26.2410 train_imax: 7.8274 train_imin: -48.1244 time: 1.4341s
INFO:root:Epoch: 1975 lr: 0.001 train_loss: 135273.6562 train_distortion: 13.2363 train_mapscore: 0.9453 train_c: -1.0975 train_max_dist: 26.2468 train_imax: 7.8239 train_imin: -48.1696 time: 1.4254s
INFO:root:Epoch: 1980 lr: 0.001 train_loss: 135292.5938 train_distortion: 13.2455 train_mapscore: 0.9453 train_c: -1.0976 train_max_dist: 26.2563 train_imax: 7.8850 train_imin: -48.1788 time: 1.4167s
INFO:root:Epoch: 1985 lr: 0.001 train_loss: 135026.4375 train_distortion: 13.2558 train_mapscore: 0.9453 train_c: -1.0976 train_max_dist: 26.2656 train_imax: 7.8072 train_imin: -48.2261 time: 1.4319s
INFO:root:Epoch: 1990 lr: 0.001 train_loss: 135095.3750 train_distortion: 13.2596 train_mapscore: 0.9451 train_c: -1.0977 train_max_dist: 26.2734 train_imax: 7.9235 train_imin: -48.3006 time: 1.4261s
INFO:root:Epoch: 1995 lr: 0.001 train_loss: 135167.2969 train_distortion: 13.2724 train_mapscore: 0.9452 train_c: -1.0978 train_max_dist: 26.2822 train_imax: 7.5775 train_imin: -48.3247 time: 1.4422s
INFO:root:Epoch: 2000 lr: 0.00025 train_loss: 135372.6562 train_distortion: 13.2789 train_mapscore: 0.9452 train_c: -1.0979 train_max_dist: 26.3020 train_imax: 7.8795 train_imin: -48.3441 time: 1.4232s
INFO:root:Optimization Finished!
INFO:root:Total time elapsed: 2919.9583s
INFO:root:Val set results: val_distortion: 1.0000 val_mapscore: -1.0000 val_c: -1.0000 val_max_dist: 0.0000
INFO:root:Test set results: test_loss: 135110.9375 test_distortion: 13.2876 test_mapscore: 0.9452 test_c: -1.0979 test_max_dist: 26.2993 test_imax: 7.7591 test_imin: -48.3379
INFO:root:Saved model in /workspace/xiongbo/hgcn/logs/md/2021_5_23/3
