INFO:root:Using: cuda:0
INFO:root:Using seed 1234.
INFO:root:MDModel(
  (encoder): HGCN(
    (layers): Sequential(
      (0): HyperbolicGraphConvolution(
        (linear): HypLinear(
          in_features=2275, out_features=10, c=Parameter containing:
          tensor([-1.], requires_grad=True)
        )
        (agg): HypAgg(
          c=Parameter containing:
          tensor([-1.], requires_grad=True)
        )
        (hyp_act): HypAct(
          c_in=Parameter containing:
          tensor([-1.], requires_grad=True), c_out=Parameter containing:
          tensor([-1.], requires_grad=True)
        )
      )
    )
  )
  (decoder): MDDecoder()
)
INFO:root:Total number of parameters: 22762
/workspace/anaconda3/envs/geo/lib/python3.7/site-packages/torch/optim/lr_scheduler.py:370: UserWarning: To get the last learning rate computed by the scheduler, please use `get_last_lr()`.
  "please use `get_last_lr()`.", UserWarning)
INFO:root:Epoch: 0005 lr: 0.01 train_loss: 1140884.7500 train_distortion: 0.6183 train_mapscore: 0.3416 train_c: -1.0001 train_max_dist: 2.1081 train_imax: -0.0000 train_imin: -0.9972 time: 1.6623s
INFO:root:Epoch: 0010 lr: 0.01 train_loss: 1085030.2500 train_distortion: 0.5284 train_mapscore: 0.6076 train_c: -1.0005 train_max_dist: 2.8578 train_imax: -0.0000 train_imin: -0.9996 time: 1.4515s
INFO:root:Epoch: 0015 lr: 0.01 train_loss: 1064001.3750 train_distortion: 0.4984 train_mapscore: 0.6648 train_c: -1.0010 train_max_dist: 3.2234 train_imax: -0.0000 train_imin: -1.0008 time: 1.3644s
INFO:root:Epoch: 0020 lr: 0.01 train_loss: 1052588.2500 train_distortion: 0.4803 train_mapscore: 0.6815 train_c: -1.0016 train_max_dist: 3.3301 train_imax: -0.0000 train_imin: -1.0015 time: 1.3720s
INFO:root:Epoch: 0025 lr: 0.01 train_loss: 1044935.4375 train_distortion: 0.4675 train_mapscore: 0.6899 train_c: -1.0021 train_max_dist: 3.3758 train_imax: -0.0000 train_imin: -1.0020 time: 1.3794s
INFO:root:Epoch: 0030 lr: 0.01 train_loss: 1039658.0000 train_distortion: 0.4582 train_mapscore: 0.6941 train_c: -1.0027 train_max_dist: 3.2851 train_imax: -0.0000 train_imin: -1.0026 time: 1.3617s
INFO:root:Epoch: 0035 lr: 0.01 train_loss: 1035659.1250 train_distortion: 0.4502 train_mapscore: 0.6950 train_c: -1.0033 train_max_dist: 3.1884 train_imax: -0.0000 train_imin: -1.0032 time: 1.3861s
INFO:root:Epoch: 0040 lr: 0.01 train_loss: 1032381.6250 train_distortion: 0.4429 train_mapscore: 0.6946 train_c: -1.0039 train_max_dist: 3.1734 train_imax: -0.0000 train_imin: -1.0038 time: 1.3622s
INFO:root:Epoch: 0045 lr: 0.01 train_loss: 1029528.7500 train_distortion: 0.4364 train_mapscore: 0.6924 train_c: -1.0044 train_max_dist: 3.0859 train_imax: -0.0000 train_imin: -1.0044 time: 1.3534s
INFO:root:Epoch: 0050 lr: 0.01 train_loss: 1027018.2500 train_distortion: 0.4309 train_mapscore: 0.6892 train_c: -1.0050 train_max_dist: 3.0090 train_imax: -0.0000 train_imin: -1.0050 time: 1.3509s
INFO:root:Epoch: 0055 lr: 0.01 train_loss: 1024763.2500 train_distortion: 0.4261 train_mapscore: 0.6869 train_c: -1.0056 train_max_dist: 2.9803 train_imax: -0.0000 train_imin: -1.0055 time: 1.3312s
INFO:root:Epoch: 0060 lr: 0.01 train_loss: 1022734.7500 train_distortion: 0.4219 train_mapscore: 0.6849 train_c: -1.0061 train_max_dist: 2.9679 train_imax: -0.0000 train_imin: -1.0061 time: 1.3513s
INFO:root:Epoch: 0065 lr: 0.01 train_loss: 1020931.9375 train_distortion: 0.4181 train_mapscore: 0.6835 train_c: -1.0067 train_max_dist: 2.9614 train_imax: -0.0000 train_imin: -1.0067 time: 1.3522s
INFO:root:Epoch: 0070 lr: 0.01 train_loss: 1019333.0625 train_distortion: 0.4151 train_mapscore: 0.6753 train_c: -1.0073 train_max_dist: 2.9422 train_imax: -0.0000 train_imin: -1.0073 time: 1.3461s
INFO:root:Epoch: 0075 lr: 0.01 train_loss: 1017899.0000 train_distortion: 0.4124 train_mapscore: 0.6686 train_c: -1.0078 train_max_dist: 2.9095 train_imax: -0.0000 train_imin: -1.0078 time: 1.2929s
INFO:root:Epoch: 0080 lr: 0.01 train_loss: 1016572.6250 train_distortion: 0.4099 train_mapscore: 0.6634 train_c: -1.0084 train_max_dist: 2.8651 train_imax: -0.0000 train_imin: -1.0084 time: 1.3070s
INFO:root:Epoch: 0085 lr: 0.01 train_loss: 1015370.8750 train_distortion: 0.4076 train_mapscore: 0.6604 train_c: -1.0090 train_max_dist: 2.8242 train_imax: -0.0000 train_imin: -1.0090 time: 1.3057s
INFO:root:Epoch: 0090 lr: 0.01 train_loss: 1014296.2500 train_distortion: 0.4055 train_mapscore: 0.6585 train_c: -1.0095 train_max_dist: 2.7960 train_imax: -0.0000 train_imin: -1.0095 time: 1.3164s
INFO:root:Epoch: 0095 lr: 0.01 train_loss: 1013296.1250 train_distortion: 0.4037 train_mapscore: 0.6561 train_c: -1.0101 train_max_dist: 2.7661 train_imax: -0.0000 train_imin: -1.0101 time: 1.2906s
INFO:root:Epoch: 0100 lr: 0.01 train_loss: 1012360.2500 train_distortion: 0.4020 train_mapscore: 0.6530 train_c: -1.0106 train_max_dist: 2.7276 train_imax: -0.0000 train_imin: -1.0106 time: 1.2956s
INFO:root:Epoch: 0105 lr: 0.01 train_loss: 1011480.6875 train_distortion: 0.4004 train_mapscore: 0.6494 train_c: -1.0112 train_max_dist: 2.6877 train_imax: -0.0000 train_imin: -1.0112 time: 1.3220s
INFO:root:Epoch: 0110 lr: 0.01 train_loss: 1010641.3125 train_distortion: 0.3989 train_mapscore: 0.6456 train_c: -1.0118 train_max_dist: 2.6475 train_imax: -0.0000 train_imin: -1.0118 time: 1.3280s
INFO:root:Epoch: 0115 lr: 0.01 train_loss: 1009894.4375 train_distortion: 0.3976 train_mapscore: 0.6436 train_c: -1.0123 train_max_dist: 2.6103 train_imax: -0.0000 train_imin: -1.0123 time: 1.3512s
INFO:root:Epoch: 0120 lr: 0.01 train_loss: 1009231.0000 train_distortion: 0.3963 train_mapscore: 0.6430 train_c: -1.0129 train_max_dist: 2.6059 train_imax: -0.0000 train_imin: -1.0129 time: 1.3412s
INFO:root:Epoch: 0125 lr: 0.01 train_loss: 1008627.8750 train_distortion: 0.3952 train_mapscore: 0.6428 train_c: -1.0134 train_max_dist: 2.6298 train_imax: -0.0000 train_imin: -1.0134 time: 1.3378s
INFO:root:Epoch: 0130 lr: 0.01 train_loss: 1008106.8750 train_distortion: 0.3943 train_mapscore: 0.6441 train_c: -1.0140 train_max_dist: 2.6576 train_imax: -0.0000 train_imin: -1.0140 time: 1.3528s
INFO:root:Epoch: 0135 lr: 0.01 train_loss: 1007619.2500 train_distortion: 0.3935 train_mapscore: 0.6437 train_c: -1.0145 train_max_dist: 2.6791 train_imax: -0.0000 train_imin: -1.0145 time: 1.3174s
INFO:root:Epoch: 0140 lr: 0.01 train_loss: 1007165.4375 train_distortion: 0.3927 train_mapscore: 0.6418 train_c: -1.0151 train_max_dist: 2.6945 train_imax: -0.0000 train_imin: -1.0151 time: 1.2996s
INFO:root:Epoch: 0145 lr: 0.01 train_loss: 1006739.1250 train_distortion: 0.3919 train_mapscore: 0.6388 train_c: -1.0156 train_max_dist: 2.7031 train_imax: -0.0000 train_imin: -1.0156 time: 1.2878s
INFO:root:Epoch: 0150 lr: 0.01 train_loss: 1006341.1875 train_distortion: 0.3912 train_mapscore: 0.6345 train_c: -1.0162 train_max_dist: 2.7096 train_imax: -0.0000 train_imin: -1.0162 time: 1.3019s
INFO:root:Epoch: 0155 lr: 0.01 train_loss: 1005965.0000 train_distortion: 0.3904 train_mapscore: 0.6324 train_c: -1.0167 train_max_dist: 2.7169 train_imax: -0.0000 train_imin: -1.0167 time: 1.3075s
INFO:root:Epoch: 0160 lr: 0.01 train_loss: 1005614.5000 train_distortion: 0.3897 train_mapscore: 0.6304 train_c: -1.0173 train_max_dist: 2.7107 train_imax: -0.0000 train_imin: -1.0172 time: 1.3119s
INFO:root:Epoch: 0165 lr: 0.01 train_loss: 1005293.6875 train_distortion: 0.3891 train_mapscore: 0.6297 train_c: -1.0178 train_max_dist: 2.7153 train_imax: -0.0000 train_imin: -1.0178 time: 1.3341s
INFO:root:Epoch: 0170 lr: 0.01 train_loss: 1005003.1875 train_distortion: 0.3885 train_mapscore: 0.6285 train_c: -1.0183 train_max_dist: 2.7080 train_imax: -0.0000 train_imin: -1.0183 time: 1.3755s
INFO:root:Epoch: 0175 lr: 0.01 train_loss: 1004726.5625 train_distortion: 0.3879 train_mapscore: 0.6281 train_c: -1.0189 train_max_dist: 2.7152 train_imax: -0.0000 train_imin: -1.0189 time: 1.3925s
INFO:root:Epoch: 0180 lr: 0.01 train_loss: 1004469.6250 train_distortion: 0.3874 train_mapscore: 0.6276 train_c: -1.0194 train_max_dist: 2.7156 train_imax: -0.0000 train_imin: -1.0194 time: 1.3890s
INFO:root:Epoch: 0185 lr: 0.01 train_loss: 1004230.8750 train_distortion: 0.3868 train_mapscore: 0.6274 train_c: -1.0199 train_max_dist: 2.7146 train_imax: -0.0000 train_imin: -1.0199 time: 1.4007s
INFO:root:Epoch: 0190 lr: 0.01 train_loss: 1004001.3125 train_distortion: 0.3863 train_mapscore: 0.6272 train_c: -1.0205 train_max_dist: 2.7178 train_imax: -0.0000 train_imin: -1.0205 time: 1.4363s
INFO:root:Epoch: 0195 lr: 0.01 train_loss: 1003786.6250 train_distortion: 0.3858 train_mapscore: 0.6271 train_c: -1.0210 train_max_dist: 2.7186 train_imax: -0.0000 train_imin: -1.0210 time: 1.4346s
INFO:root:Epoch: 0200 lr: 0.01 train_loss: 1003589.8125 train_distortion: 0.3853 train_mapscore: 0.6272 train_c: -1.0216 train_max_dist: 2.7102 train_imax: -0.0000 train_imin: -1.0216 time: 1.4499s
INFO:root:Epoch: 0205 lr: 0.01 train_loss: 1003400.2500 train_distortion: 0.3849 train_mapscore: 0.6267 train_c: -1.0221 train_max_dist: 2.7113 train_imax: -0.0000 train_imin: -1.0221 time: 1.4449s
INFO:root:Epoch: 0210 lr: 0.01 train_loss: 1003224.1250 train_distortion: 0.3845 train_mapscore: 0.6265 train_c: -1.0226 train_max_dist: 2.7078 train_imax: -0.0000 train_imin: -1.0226 time: 1.4888s
INFO:root:Epoch: 0215 lr: 0.01 train_loss: 1003052.1875 train_distortion: 0.3842 train_mapscore: 0.6262 train_c: -1.0232 train_max_dist: 2.7087 train_imax: -0.0000 train_imin: -1.0232 time: 1.4955s
INFO:root:Epoch: 0220 lr: 0.01 train_loss: 1002887.5625 train_distortion: 0.3838 train_mapscore: 0.6272 train_c: -1.0237 train_max_dist: 2.7054 train_imax: -0.0000 train_imin: -1.0237 time: 1.4682s
INFO:root:Epoch: 0225 lr: 0.01 train_loss: 1002734.8750 train_distortion: 0.3834 train_mapscore: 0.6284 train_c: -1.0242 train_max_dist: 2.6973 train_imax: -0.0000 train_imin: -1.0242 time: 1.4572s
INFO:root:Epoch: 0230 lr: 0.01 train_loss: 1002584.7500 train_distortion: 0.3831 train_mapscore: 0.6288 train_c: -1.0247 train_max_dist: 2.7030 train_imax: -0.0000 train_imin: -1.0247 time: 1.4807s
INFO:root:Epoch: 0235 lr: 0.01 train_loss: 1002434.6875 train_distortion: 0.3827 train_mapscore: 0.6296 train_c: -1.0253 train_max_dist: 2.6987 train_imax: -0.0000 train_imin: -1.0253 time: 1.4962s
INFO:root:Epoch: 0240 lr: 0.01 train_loss: 1002293.0000 train_distortion: 0.3824 train_mapscore: 0.6286 train_c: -1.0258 train_max_dist: 2.6938 train_imax: -0.0000 train_imin: -1.0258 time: 1.5226s
INFO:root:Epoch: 0245 lr: 0.01 train_loss: 1002151.7500 train_distortion: 0.3821 train_mapscore: 0.6289 train_c: -1.0263 train_max_dist: 2.6949 train_imax: -0.0000 train_imin: -1.0263 time: 1.5229s
INFO:root:Epoch: 0250 lr: 0.01 train_loss: 1002014.6875 train_distortion: 0.3817 train_mapscore: 0.6284 train_c: -1.0269 train_max_dist: 2.6903 train_imax: -0.0000 train_imin: -1.0269 time: 1.5689s
INFO:root:Epoch: 0255 lr: 0.01 train_loss: 1001877.3750 train_distortion: 0.3814 train_mapscore: 0.6275 train_c: -1.0274 train_max_dist: 2.6868 train_imax: -0.0000 train_imin: -1.0274 time: 1.5883s
INFO:root:Epoch: 0260 lr: 0.01 train_loss: 1001739.1250 train_distortion: 0.3810 train_mapscore: 0.6279 train_c: -1.0279 train_max_dist: 2.6881 train_imax: -0.0000 train_imin: -1.0279 time: 1.5803s
INFO:root:Epoch: 0265 lr: 0.01 train_loss: 1001604.5000 train_distortion: 0.3807 train_mapscore: 0.6286 train_c: -1.0284 train_max_dist: 2.6860 train_imax: -0.0000 train_imin: -1.0284 time: 1.5834s
INFO:root:Epoch: 0270 lr: 0.01 train_loss: 1001470.1250 train_distortion: 0.3803 train_mapscore: 0.6280 train_c: -1.0290 train_max_dist: 2.6814 train_imax: -0.0000 train_imin: -1.0290 time: 1.5740s
INFO:root:Epoch: 0275 lr: 0.01 train_loss: 1001340.6250 train_distortion: 0.3800 train_mapscore: 0.6266 train_c: -1.0295 train_max_dist: 2.6839 train_imax: -0.0000 train_imin: -1.0295 time: 1.5964s
INFO:root:Epoch: 0280 lr: 0.01 train_loss: 1001215.3125 train_distortion: 0.3797 train_mapscore: 0.6270 train_c: -1.0300 train_max_dist: 2.6842 train_imax: -0.0000 train_imin: -1.0300 time: 1.5873s
INFO:root:Epoch: 0285 lr: 0.01 train_loss: 1001097.3125 train_distortion: 0.3794 train_mapscore: 0.6258 train_c: -1.0305 train_max_dist: 2.6878 train_imax: -0.0000 train_imin: -1.0305 time: 1.5706s
INFO:root:Epoch: 0290 lr: 0.01 train_loss: 1000978.0625 train_distortion: 0.3791 train_mapscore: 0.6251 train_c: -1.0311 train_max_dist: 2.6794 train_imax: -0.0000 train_imin: -1.0311 time: 1.5748s
INFO:root:Epoch: 0295 lr: 0.01 train_loss: 1000861.7500 train_distortion: 0.3788 train_mapscore: 0.6238 train_c: -1.0316 train_max_dist: 2.6784 train_imax: -0.0000 train_imin: -1.0316 time: 1.5929s
INFO:root:Epoch: 0300 lr: 0.01 train_loss: 1000746.9375 train_distortion: 0.3786 train_mapscore: 0.6243 train_c: -1.0321 train_max_dist: 2.6786 train_imax: -0.0000 train_imin: -1.0321 time: 1.5853s
INFO:root:Epoch: 0305 lr: 0.01 train_loss: 1000636.6250 train_distortion: 0.3783 train_mapscore: 0.6245 train_c: -1.0326 train_max_dist: 2.6786 train_imax: -0.0000 train_imin: -1.0326 time: 1.5998s
INFO:root:Epoch: 0310 lr: 0.01 train_loss: 1000521.4375 train_distortion: 0.3780 train_mapscore: 0.6234 train_c: -1.0331 train_max_dist: 2.6827 train_imax: -0.0000 train_imin: -1.0331 time: 1.5993s
INFO:root:Epoch: 0315 lr: 0.01 train_loss: 1000408.4375 train_distortion: 0.3778 train_mapscore: 0.6226 train_c: -1.0337 train_max_dist: 2.6838 train_imax: -0.0000 train_imin: -1.0337 time: 1.6601s
INFO:root:Epoch: 0320 lr: 0.01 train_loss: 1000301.9375 train_distortion: 0.3775 train_mapscore: 0.6211 train_c: -1.0342 train_max_dist: 2.6814 train_imax: -0.0000 train_imin: -1.0342 time: 1.6942s
INFO:root:Epoch: 0325 lr: 0.01 train_loss: 1000196.0000 train_distortion: 0.3773 train_mapscore: 0.6213 train_c: -1.0347 train_max_dist: 2.6800 train_imax: -0.0000 train_imin: -1.0347 time: 1.7080s
INFO:root:Epoch: 0330 lr: 0.01 train_loss: 1000090.7500 train_distortion: 0.3770 train_mapscore: 0.6207 train_c: -1.0352 train_max_dist: 2.6828 train_imax: -0.0000 train_imin: -1.0352 time: 1.7274s
INFO:root:Epoch: 0335 lr: 0.01 train_loss: 999985.2500 train_distortion: 0.3768 train_mapscore: 0.6203 train_c: -1.0357 train_max_dist: 2.6845 train_imax: -0.0000 train_imin: -1.0357 time: 1.7239s
INFO:root:Epoch: 0340 lr: 0.01 train_loss: 999881.4375 train_distortion: 0.3766 train_mapscore: 0.6206 train_c: -1.0363 train_max_dist: 2.6816 train_imax: -0.0000 train_imin: -1.0363 time: 1.7412s
INFO:root:Epoch: 0345 lr: 0.01 train_loss: 999778.1250 train_distortion: 0.3763 train_mapscore: 0.6192 train_c: -1.0368 train_max_dist: 2.6975 train_imax: -0.0000 train_imin: -1.0368 time: 1.7431s
INFO:root:Epoch: 0350 lr: 0.01 train_loss: 999675.5000 train_distortion: 0.3761 train_mapscore: 0.6197 train_c: -1.0373 train_max_dist: 2.6942 train_imax: -0.0000 train_imin: -1.0373 time: 1.7544s
INFO:root:Epoch: 0355 lr: 0.01 train_loss: 999571.8125 train_distortion: 0.3759 train_mapscore: 0.6182 train_c: -1.0378 train_max_dist: 2.6849 train_imax: -0.0000 train_imin: -1.0378 time: 1.7531s
INFO:root:Epoch: 0360 lr: 0.01 train_loss: 999466.0000 train_distortion: 0.3757 train_mapscore: 0.6174 train_c: -1.0383 train_max_dist: 2.6794 train_imax: -0.0000 train_imin: -1.0383 time: 1.7969s
INFO:root:Epoch: 0365 lr: 0.01 train_loss: 999364.0000 train_distortion: 0.3755 train_mapscore: 0.6182 train_c: -1.0389 train_max_dist: 2.6852 train_imax: -0.0000 train_imin: -1.0389 time: 1.7202s
INFO:root:Epoch: 0370 lr: 0.01 train_loss: 999260.0000 train_distortion: 0.3753 train_mapscore: 0.6178 train_c: -1.0394 train_max_dist: 2.6932 train_imax: -0.0000 train_imin: -1.0394 time: 1.7509s
INFO:root:Epoch: 0375 lr: 0.01 train_loss: 999154.0000 train_distortion: 0.3751 train_mapscore: 0.6175 train_c: -1.0399 train_max_dist: 2.6974 train_imax: -0.0000 train_imin: -1.0399 time: 1.7236s
INFO:root:Epoch: 0380 lr: 0.01 train_loss: 999047.2500 train_distortion: 0.3749 train_mapscore: 0.6178 train_c: -1.0404 train_max_dist: 2.6953 train_imax: -0.0000 train_imin: -1.0404 time: 1.7203s
INFO:root:Epoch: 0385 lr: 0.01 train_loss: 998938.9375 train_distortion: 0.3746 train_mapscore: 0.6183 train_c: -1.0409 train_max_dist: 2.6913 train_imax: -0.0000 train_imin: -1.0409 time: 1.7042s
INFO:root:Epoch: 0390 lr: 0.01 train_loss: 998826.8125 train_distortion: 0.3744 train_mapscore: 0.6174 train_c: -1.0414 train_max_dist: 2.6974 train_imax: -0.0000 train_imin: -1.0414 time: 1.7046s
INFO:root:Epoch: 0395 lr: 0.01 train_loss: 998716.3125 train_distortion: 0.3741 train_mapscore: 0.6151 train_c: -1.0420 train_max_dist: 2.7010 train_imax: -0.0000 train_imin: -1.0420 time: 1.7675s
INFO:root:Epoch: 0400 lr: 0.01 train_loss: 998612.2500 train_distortion: 0.3739 train_mapscore: 0.6145 train_c: -1.0425 train_max_dist: 2.7026 train_imax: -0.0000 train_imin: -1.0425 time: 1.7602s
INFO:root:Epoch: 0405 lr: 0.01 train_loss: 998509.3750 train_distortion: 0.3737 train_mapscore: 0.6142 train_c: -1.0430 train_max_dist: 2.6995 train_imax: -0.0000 train_imin: -1.0430 time: 1.7995s
INFO:root:Epoch: 0410 lr: 0.01 train_loss: 998409.0625 train_distortion: 0.3734 train_mapscore: 0.6134 train_c: -1.0435 train_max_dist: 2.7006 train_imax: -0.0000 train_imin: -1.0435 time: 1.8086s
INFO:root:Epoch: 0415 lr: 0.01 train_loss: 998304.6250 train_distortion: 0.3732 train_mapscore: 0.6124 train_c: -1.0440 train_max_dist: 2.7045 train_imax: -0.0000 train_imin: -1.0440 time: 1.8262s
INFO:root:Epoch: 0420 lr: 0.01 train_loss: 998203.1250 train_distortion: 0.3729 train_mapscore: 0.6122 train_c: -1.0445 train_max_dist: 2.7051 train_imax: -0.0000 train_imin: -1.0445 time: 1.8075s
INFO:root:Epoch: 0425 lr: 0.01 train_loss: 998102.9375 train_distortion: 0.3727 train_mapscore: 0.6106 train_c: -1.0451 train_max_dist: 2.7011 train_imax: -0.0000 train_imin: -1.0451 time: 1.8554s
INFO:root:Epoch: 0430 lr: 0.01 train_loss: 998001.8125 train_distortion: 0.3725 train_mapscore: 0.6106 train_c: -1.0456 train_max_dist: 2.7016 train_imax: -0.0000 train_imin: -1.0456 time: 1.7958s
INFO:root:Epoch: 0435 lr: 0.01 train_loss: 997902.1250 train_distortion: 0.3723 train_mapscore: 0.6102 train_c: -1.0461 train_max_dist: 2.7082 train_imax: -0.0000 train_imin: -1.0461 time: 1.8059s
INFO:root:Epoch: 0440 lr: 0.01 train_loss: 997801.5000 train_distortion: 0.3720 train_mapscore: 0.6085 train_c: -1.0466 train_max_dist: 2.7040 train_imax: -0.0000 train_imin: -1.0466 time: 1.8015s
INFO:root:Epoch: 0445 lr: 0.01 train_loss: 997701.9375 train_distortion: 0.3718 train_mapscore: 0.6077 train_c: -1.0471 train_max_dist: 2.7078 train_imax: -0.0000 train_imin: -1.0471 time: 1.8270s
INFO:root:Epoch: 0450 lr: 0.01 train_loss: 997598.8125 train_distortion: 0.3716 train_mapscore: 0.6088 train_c: -1.0476 train_max_dist: 2.7121 train_imax: -0.0000 train_imin: -1.0476 time: 1.8062s
INFO:root:Epoch: 0455 lr: 0.01 train_loss: 997497.0000 train_distortion: 0.3713 train_mapscore: 0.6093 train_c: -1.0481 train_max_dist: 2.7120 train_imax: -0.0000 train_imin: -1.0481 time: 1.8150s
INFO:root:Epoch: 0460 lr: 0.01 train_loss: 997398.0000 train_distortion: 0.3711 train_mapscore: 0.6097 train_c: -1.0487 train_max_dist: 2.7141 train_imax: -0.0000 train_imin: -1.0487 time: 1.8514s
INFO:root:Epoch: 0465 lr: 0.01 train_loss: 997294.7500 train_distortion: 0.3709 train_mapscore: 0.6093 train_c: -1.0492 train_max_dist: 2.7198 train_imax: -0.0000 train_imin: -1.0492 time: 1.8321s
INFO:root:Epoch: 0470 lr: 0.01 train_loss: 997197.7500 train_distortion: 0.3707 train_mapscore: 0.6095 train_c: -1.0497 train_max_dist: 2.7165 train_imax: -0.0000 train_imin: -1.0497 time: 1.8185s
INFO:root:Epoch: 0475 lr: 0.01 train_loss: 997096.0000 train_distortion: 0.3705 train_mapscore: 0.6103 train_c: -1.0502 train_max_dist: 2.7142 train_imax: -0.0000 train_imin: -1.0502 time: 1.8248s
INFO:root:Epoch: 0480 lr: 0.01 train_loss: 996992.5000 train_distortion: 0.3702 train_mapscore: 0.6096 train_c: -1.0507 train_max_dist: 2.7107 train_imax: -0.0000 train_imin: -1.0507 time: 1.8416s
INFO:root:Epoch: 0485 lr: 0.01 train_loss: 996890.4375 train_distortion: 0.3700 train_mapscore: 0.6090 train_c: -1.0512 train_max_dist: 2.7131 train_imax: -0.0000 train_imin: -1.0512 time: 1.8201s
INFO:root:Epoch: 0490 lr: 0.01 train_loss: 996787.0000 train_distortion: 0.3697 train_mapscore: 0.6101 train_c: -1.0517 train_max_dist: 2.7214 train_imax: -0.0000 train_imin: -1.0517 time: 1.8368s
INFO:root:Epoch: 0495 lr: 0.01 train_loss: 996682.5000 train_distortion: 0.3695 train_mapscore: 0.6097 train_c: -1.0522 train_max_dist: 2.7272 train_imax: -0.0000 train_imin: -1.0522 time: 1.8291s
INFO:root:Epoch: 0500 lr: 0.01 train_loss: 996579.3750 train_distortion: 0.3693 train_mapscore: 0.6105 train_c: -1.0528 train_max_dist: 2.7247 train_imax: -0.0000 train_imin: -1.0528 time: 1.8370s
INFO:root:Epoch: 0505 lr: 0.01 train_loss: 996475.8750 train_distortion: 0.3690 train_mapscore: 0.6107 train_c: -1.0533 train_max_dist: 2.7307 train_imax: -0.0000 train_imin: -1.0533 time: 1.8227s
INFO:root:Epoch: 0510 lr: 0.01 train_loss: 996371.9375 train_distortion: 0.3688 train_mapscore: 0.6117 train_c: -1.0538 train_max_dist: 2.7344 train_imax: -0.0000 train_imin: -1.0538 time: 1.7797s
INFO:root:Epoch: 0515 lr: 0.01 train_loss: 996268.0000 train_distortion: 0.3686 train_mapscore: 0.6111 train_c: -1.0543 train_max_dist: 2.7328 train_imax: -0.0000 train_imin: -1.0543 time: 1.7585s
INFO:root:Epoch: 0520 lr: 0.01 train_loss: 996164.1250 train_distortion: 0.3683 train_mapscore: 0.6124 train_c: -1.0548 train_max_dist: 2.7299 train_imax: -0.0000 train_imin: -1.0548 time: 1.7603s
INFO:root:Epoch: 0525 lr: 0.01 train_loss: 996055.6250 train_distortion: 0.3681 train_mapscore: 0.6130 train_c: -1.0553 train_max_dist: 2.7266 train_imax: -0.0000 train_imin: -1.0553 time: 1.7646s
INFO:root:Epoch: 0530 lr: 0.01 train_loss: 995947.8750 train_distortion: 0.3678 train_mapscore: 0.6121 train_c: -1.0558 train_max_dist: 2.7325 train_imax: -0.0000 train_imin: -1.0558 time: 1.7744s
INFO:root:Epoch: 0535 lr: 0.01 train_loss: 995844.5000 train_distortion: 0.3676 train_mapscore: 0.6133 train_c: -1.0563 train_max_dist: 2.7369 train_imax: -0.0000 train_imin: -1.0563 time: 1.7707s
INFO:root:Epoch: 0540 lr: 0.01 train_loss: 995735.0625 train_distortion: 0.3673 train_mapscore: 0.6132 train_c: -1.0569 train_max_dist: 2.7340 train_imax: -0.0000 train_imin: -1.0569 time: 1.8044s
INFO:root:Epoch: 0545 lr: 0.01 train_loss: 995631.5000 train_distortion: 0.3671 train_mapscore: 0.6118 train_c: -1.0574 train_max_dist: 2.7317 train_imax: -0.0000 train_imin: -1.0574 time: 1.8141s
INFO:root:Epoch: 0550 lr: 0.01 train_loss: 995523.6250 train_distortion: 0.3668 train_mapscore: 0.6106 train_c: -1.0579 train_max_dist: 2.7374 train_imax: -0.0000 train_imin: -1.0579 time: 1.7984s
INFO:root:Epoch: 0555 lr: 0.01 train_loss: 995425.1250 train_distortion: 0.3666 train_mapscore: 0.6105 train_c: -1.0584 train_max_dist: 2.7435 train_imax: -0.0000 train_imin: -1.0584 time: 1.8231s
INFO:root:Epoch: 0560 lr: 0.01 train_loss: 995321.9375 train_distortion: 0.3664 train_mapscore: 0.6100 train_c: -1.0589 train_max_dist: 2.7380 train_imax: -0.0000 train_imin: -1.0589 time: 1.8207s
INFO:root:Epoch: 0565 lr: 0.01 train_loss: 995219.8750 train_distortion: 0.3661 train_mapscore: 0.6075 train_c: -1.0594 train_max_dist: 2.7318 train_imax: -0.0000 train_imin: -1.0594 time: 1.8233s
INFO:root:Epoch: 0570 lr: 0.01 train_loss: 995112.5000 train_distortion: 0.3659 train_mapscore: 0.6078 train_c: -1.0599 train_max_dist: 2.7311 train_imax: -0.0000 train_imin: -1.0599 time: 1.8299s
INFO:root:Epoch: 0575 lr: 0.01 train_loss: 995014.0000 train_distortion: 0.3657 train_mapscore: 0.6063 train_c: -1.0604 train_max_dist: 2.7352 train_imax: -0.0000 train_imin: -1.0604 time: 1.8047s
INFO:root:Epoch: 0580 lr: 0.01 train_loss: 994910.8750 train_distortion: 0.3654 train_mapscore: 0.6065 train_c: -1.0609 train_max_dist: 2.7436 train_imax: -0.0000 train_imin: -1.0609 time: 1.7911s
INFO:root:Epoch: 0585 lr: 0.01 train_loss: 994807.4375 train_distortion: 0.3652 train_mapscore: 0.6058 train_c: -1.0615 train_max_dist: 2.7434 train_imax: -0.0000 train_imin: -1.0615 time: 1.8140s
INFO:root:Epoch: 0590 lr: 0.01 train_loss: 994705.9375 train_distortion: 0.3650 train_mapscore: 0.6050 train_c: -1.0620 train_max_dist: 2.7417 train_imax: -0.0000 train_imin: -1.0620 time: 1.8240s
INFO:root:Epoch: 0595 lr: 0.01 train_loss: 994603.0000 train_distortion: 0.3648 train_mapscore: 0.6054 train_c: -1.0625 train_max_dist: 2.7412 train_imax: -0.0000 train_imin: -1.0625 time: 1.8188s
INFO:root:Epoch: 0600 lr: 0.01 train_loss: 994499.0625 train_distortion: 0.3645 train_mapscore: 0.6043 train_c: -1.0630 train_max_dist: 2.7371 train_imax: -0.0000 train_imin: -1.0630 time: 1.8145s
INFO:root:Epoch: 0605 lr: 0.01 train_loss: 994396.6875 train_distortion: 0.3643 train_mapscore: 0.6051 train_c: -1.0635 train_max_dist: 2.7437 train_imax: -0.0000 train_imin: -1.0635 time: 1.8692s
INFO:root:Epoch: 0610 lr: 0.01 train_loss: 994295.6250 train_distortion: 0.3641 train_mapscore: 0.6042 train_c: -1.0640 train_max_dist: 2.7434 train_imax: -0.0000 train_imin: -1.0640 time: 1.8740s
INFO:root:Epoch: 0615 lr: 0.01 train_loss: 994193.6250 train_distortion: 0.3638 train_mapscore: 0.6038 train_c: -1.0645 train_max_dist: 2.7411 train_imax: -0.0000 train_imin: -1.0645 time: 1.8742s
INFO:root:Epoch: 0620 lr: 0.01 train_loss: 994092.1250 train_distortion: 0.3636 train_mapscore: 0.6043 train_c: -1.0650 train_max_dist: 2.7406 train_imax: -0.0000 train_imin: -1.0650 time: 1.8491s
INFO:root:Epoch: 0625 lr: 0.01 train_loss: 993987.0000 train_distortion: 0.3634 train_mapscore: 0.6037 train_c: -1.0655 train_max_dist: 2.7462 train_imax: -0.0000 train_imin: -1.0655 time: 1.8637s
INFO:root:Epoch: 0630 lr: 0.01 train_loss: 993884.6250 train_distortion: 0.3632 train_mapscore: 0.6045 train_c: -1.0661 train_max_dist: 2.7609 train_imax: -0.0000 train_imin: -1.0661 time: 1.8787s
INFO:root:Epoch: 0635 lr: 0.01 train_loss: 993781.3750 train_distortion: 0.3629 train_mapscore: 0.6044 train_c: -1.0666 train_max_dist: 2.7564 train_imax: -0.0000 train_imin: -1.0666 time: 1.8607s
INFO:root:Epoch: 0640 lr: 0.01 train_loss: 993678.6875 train_distortion: 0.3627 train_mapscore: 0.6032 train_c: -1.0671 train_max_dist: 2.7523 train_imax: -0.0000 train_imin: -1.0671 time: 1.8661s
INFO:root:Epoch: 0645 lr: 0.01 train_loss: 993577.2500 train_distortion: 0.3625 train_mapscore: 0.6033 train_c: -1.0676 train_max_dist: 2.7522 train_imax: -0.0000 train_imin: -1.0676 time: 1.8605s
INFO:root:Epoch: 0650 lr: 0.01 train_loss: 993472.2500 train_distortion: 0.3622 train_mapscore: 0.6028 train_c: -1.0681 train_max_dist: 2.7501 train_imax: -0.0000 train_imin: -1.0681 time: 1.8766s
INFO:root:Epoch: 0655 lr: 0.01 train_loss: 993370.2500 train_distortion: 0.3620 train_mapscore: 0.6031 train_c: -1.0686 train_max_dist: 2.7507 train_imax: -0.0000 train_imin: -1.0686 time: 1.8198s
INFO:root:Epoch: 0660 lr: 0.01 train_loss: 993266.8750 train_distortion: 0.3618 train_mapscore: 0.6034 train_c: -1.0691 train_max_dist: 2.7581 train_imax: -0.0000 train_imin: -1.0691 time: 1.8455s
INFO:root:Epoch: 0665 lr: 0.01 train_loss: 993162.2500 train_distortion: 0.3616 train_mapscore: 0.6024 train_c: -1.0696 train_max_dist: 2.7601 train_imax: -0.0000 train_imin: -1.0696 time: 1.8400s
INFO:root:Epoch: 0670 lr: 0.01 train_loss: 993061.0625 train_distortion: 0.3614 train_mapscore: 0.6029 train_c: -1.0701 train_max_dist: 2.7555 train_imax: -0.0000 train_imin: -1.0701 time: 1.8623s
INFO:root:Epoch: 0675 lr: 0.01 train_loss: 992958.7500 train_distortion: 0.3611 train_mapscore: 0.6029 train_c: -1.0706 train_max_dist: 2.7652 train_imax: -0.0000 train_imin: -1.0706 time: 1.8439s
INFO:root:Epoch: 0680 lr: 0.01 train_loss: 992853.9375 train_distortion: 0.3609 train_mapscore: 0.6034 train_c: -1.0712 train_max_dist: 2.7642 train_imax: -0.0000 train_imin: -1.0712 time: 1.8287s
INFO:root:Epoch: 0685 lr: 0.01 train_loss: 992750.1250 train_distortion: 0.3607 train_mapscore: 0.6033 train_c: -1.0717 train_max_dist: 2.7605 train_imax: -0.0000 train_imin: -1.0717 time: 1.8766s
INFO:root:Epoch: 0690 lr: 0.01 train_loss: 992647.1250 train_distortion: 0.3604 train_mapscore: 0.6033 train_c: -1.0722 train_max_dist: 2.7644 train_imax: -0.0000 train_imin: -1.0722 time: 1.8628s
INFO:root:Epoch: 0695 lr: 0.01 train_loss: 992543.6250 train_distortion: 0.3602 train_mapscore: 0.6030 train_c: -1.0727 train_max_dist: 2.7665 train_imax: -0.0000 train_imin: -1.0727 time: 1.9027s
INFO:root:Epoch: 0700 lr: 0.01 train_loss: 992441.0625 train_distortion: 0.3600 train_mapscore: 0.6030 train_c: -1.0732 train_max_dist: 2.7734 train_imax: -0.0000 train_imin: -1.0732 time: 1.8801s
INFO:root:Epoch: 0705 lr: 0.01 train_loss: 992335.6250 train_distortion: 0.3598 train_mapscore: 0.6027 train_c: -1.0737 train_max_dist: 2.7684 train_imax: -0.0000 train_imin: -1.0737 time: 1.8921s
INFO:root:Epoch: 0710 lr: 0.01 train_loss: 992231.3125 train_distortion: 0.3595 train_mapscore: 0.6046 train_c: -1.0742 train_max_dist: 2.7645 train_imax: -0.0000 train_imin: -1.0742 time: 1.8863s
INFO:root:Epoch: 0715 lr: 0.01 train_loss: 992129.7500 train_distortion: 0.3593 train_mapscore: 0.6040 train_c: -1.0747 train_max_dist: 2.7658 train_imax: -0.0000 train_imin: -1.0747 time: 1.8754s
INFO:root:Epoch: 0720 lr: 0.01 train_loss: 992025.9375 train_distortion: 0.3591 train_mapscore: 0.6037 train_c: -1.0752 train_max_dist: 2.7665 train_imax: -0.0000 train_imin: -1.0752 time: 1.8406s
INFO:root:Epoch: 0725 lr: 0.01 train_loss: 991920.7500 train_distortion: 0.3589 train_mapscore: 0.6042 train_c: -1.0757 train_max_dist: 2.7679 train_imax: -0.0000 train_imin: -1.0757 time: 1.8388s
INFO:root:Epoch: 0730 lr: 0.01 train_loss: 991818.5625 train_distortion: 0.3586 train_mapscore: 0.6047 train_c: -1.0762 train_max_dist: 2.7747 train_imax: -0.0000 train_imin: -1.0762 time: 1.8433s
INFO:root:Epoch: 0735 lr: 0.01 train_loss: 991712.5000 train_distortion: 0.3584 train_mapscore: 0.6043 train_c: -1.0768 train_max_dist: 2.7681 train_imax: -0.0000 train_imin: -1.0768 time: 1.8527s
INFO:root:Epoch: 0740 lr: 0.01 train_loss: 991605.7500 train_distortion: 0.3582 train_mapscore: 0.6043 train_c: -1.0773 train_max_dist: 2.7745 train_imax: -0.0000 train_imin: -1.0773 time: 1.8455s
INFO:root:Epoch: 0745 lr: 0.01 train_loss: 991505.5000 train_distortion: 0.3579 train_mapscore: 0.6043 train_c: -1.0778 train_max_dist: 2.7856 train_imax: -0.0000 train_imin: -1.0778 time: 1.8660s
INFO:root:Epoch: 0750 lr: 0.01 train_loss: 991399.3750 train_distortion: 0.3577 train_mapscore: 0.6042 train_c: -1.0783 train_max_dist: 2.7801 train_imax: -0.0000 train_imin: -1.0783 time: 1.8871s
INFO:root:Epoch: 0755 lr: 0.01 train_loss: 991292.5000 train_distortion: 0.3575 train_mapscore: 0.6033 train_c: -1.0788 train_max_dist: 2.7781 train_imax: -0.0000 train_imin: -1.0788 time: 1.8951s
INFO:root:Epoch: 0760 lr: 0.01 train_loss: 991191.6250 train_distortion: 0.3573 train_mapscore: 0.6039 train_c: -1.0793 train_max_dist: 2.7823 train_imax: -0.0000 train_imin: -1.0793 time: 1.8685s
INFO:root:Epoch: 0765 lr: 0.01 train_loss: 991087.5000 train_distortion: 0.3570 train_mapscore: 0.6034 train_c: -1.0798 train_max_dist: 2.7788 train_imax: -0.0000 train_imin: -1.0798 time: 1.8779s
INFO:root:Epoch: 0770 lr: 0.01 train_loss: 990979.3125 train_distortion: 0.3568 train_mapscore: 0.6037 train_c: -1.0803 train_max_dist: 2.7771 train_imax: -0.0000 train_imin: -1.0803 time: 1.8957s
INFO:root:Epoch: 0775 lr: 0.01 train_loss: 990874.6250 train_distortion: 0.3566 train_mapscore: 0.6043 train_c: -1.0808 train_max_dist: 2.7883 train_imax: -0.0000 train_imin: -1.0808 time: 1.8760s
INFO:root:Epoch: 0780 lr: 0.01 train_loss: 990769.5000 train_distortion: 0.3564 train_mapscore: 0.6041 train_c: -1.0813 train_max_dist: 2.7923 train_imax: -0.0000 train_imin: -1.0813 time: 1.8899s
INFO:root:Epoch: 0785 lr: 0.01 train_loss: 990668.1250 train_distortion: 0.3561 train_mapscore: 0.6040 train_c: -1.0818 train_max_dist: 2.7889 train_imax: -0.0000 train_imin: -1.0818 time: 1.8812s
INFO:root:Epoch: 0790 lr: 0.01 train_loss: 990561.0000 train_distortion: 0.3559 train_mapscore: 0.6048 train_c: -1.0824 train_max_dist: 2.7915 train_imax: -0.0000 train_imin: -1.0824 time: 1.8737s
INFO:root:Epoch: 0795 lr: 0.01 train_loss: 990456.7500 train_distortion: 0.3557 train_mapscore: 0.6042 train_c: -1.0829 train_max_dist: 2.7891 train_imax: -0.0000 train_imin: -1.0829 time: 1.8846s
INFO:root:Epoch: 0800 lr: 0.01 train_loss: 990349.8750 train_distortion: 0.3555 train_mapscore: 0.6052 train_c: -1.0834 train_max_dist: 2.7871 train_imax: -0.0000 train_imin: -1.0834 time: 1.8621s
INFO:root:Epoch: 0805 lr: 0.01 train_loss: 990245.6250 train_distortion: 0.3552 train_mapscore: 0.6055 train_c: -1.0839 train_max_dist: 2.7891 train_imax: -0.0000 train_imin: -1.0839 time: 1.8554s
INFO:root:Epoch: 0810 lr: 0.01 train_loss: 990140.6250 train_distortion: 0.3550 train_mapscore: 0.6043 train_c: -1.0844 train_max_dist: 2.7941 train_imax: -0.0000 train_imin: -1.0844 time: 1.8549s
INFO:root:Epoch: 0815 lr: 0.01 train_loss: 990034.1250 train_distortion: 0.3548 train_mapscore: 0.6063 train_c: -1.0849 train_max_dist: 2.7950 train_imax: -0.0000 train_imin: -1.0849 time: 1.8289s
INFO:root:Epoch: 0820 lr: 0.01 train_loss: 989927.6875 train_distortion: 0.3545 train_mapscore: 0.6042 train_c: -1.0854 train_max_dist: 2.7970 train_imax: -0.0000 train_imin: -1.0854 time: 1.8314s
INFO:root:Epoch: 0825 lr: 0.01 train_loss: 989823.2500 train_distortion: 0.3543 train_mapscore: 0.6051 train_c: -1.0859 train_max_dist: 2.8021 train_imax: -0.0000 train_imin: -1.0859 time: 1.8524s
INFO:root:Epoch: 0830 lr: 0.01 train_loss: 989716.8750 train_distortion: 0.3541 train_mapscore: 0.6050 train_c: -1.0864 train_max_dist: 2.7953 train_imax: -0.0000 train_imin: -1.0864 time: 1.8768s
INFO:root:Epoch: 0835 lr: 0.01 train_loss: 989610.2500 train_distortion: 0.3539 train_mapscore: 0.6048 train_c: -1.0869 train_max_dist: 2.7990 train_imax: -0.0000 train_imin: -1.0869 time: 1.8738s
INFO:root:Epoch: 0840 lr: 0.01 train_loss: 989505.0000 train_distortion: 0.3536 train_mapscore: 0.6051 train_c: -1.0874 train_max_dist: 2.8016 train_imax: -0.0000 train_imin: -1.0874 time: 1.8613s
INFO:root:Epoch: 0845 lr: 0.01 train_loss: 989400.3125 train_distortion: 0.3534 train_mapscore: 0.6046 train_c: -1.0879 train_max_dist: 2.8052 train_imax: -0.0000 train_imin: -1.0879 time: 1.8912s
INFO:root:Epoch: 0850 lr: 0.01 train_loss: 989293.5000 train_distortion: 0.3531 train_mapscore: 0.6055 train_c: -1.0885 train_max_dist: 2.8168 train_imax: -0.0000 train_imin: -1.0885 time: 1.8734s
INFO:root:Epoch: 0855 lr: 0.01 train_loss: 989186.6250 train_distortion: 0.3530 train_mapscore: 0.6039 train_c: -1.0890 train_max_dist: 2.8054 train_imax: -0.0000 train_imin: -1.0890 time: 1.8858s
INFO:root:Epoch: 0860 lr: 0.01 train_loss: 989081.0000 train_distortion: 0.3527 train_mapscore: 0.6045 train_c: -1.0895 train_max_dist: 2.8041 train_imax: -0.0000 train_imin: -1.0895 time: 1.8936s
INFO:root:Epoch: 0865 lr: 0.01 train_loss: 988974.8750 train_distortion: 0.3525 train_mapscore: 0.6062 train_c: -1.0900 train_max_dist: 2.8117 train_imax: -0.0000 train_imin: -1.0900 time: 1.8302s
INFO:root:Epoch: 0870 lr: 0.01 train_loss: 988868.0000 train_distortion: 0.3523 train_mapscore: 0.6064 train_c: -1.0905 train_max_dist: 2.8124 train_imax: -0.0000 train_imin: -1.0905 time: 1.8526s
INFO:root:Epoch: 0875 lr: 0.01 train_loss: 988761.1250 train_distortion: 0.3520 train_mapscore: 0.6051 train_c: -1.0910 train_max_dist: 2.8117 train_imax: -0.0000 train_imin: -1.0910 time: 1.8502s
INFO:root:Epoch: 0880 lr: 0.01 train_loss: 988653.3750 train_distortion: 0.3518 train_mapscore: 0.6058 train_c: -1.0915 train_max_dist: 2.8173 train_imax: -0.0000 train_imin: -1.0915 time: 1.8522s
INFO:root:Epoch: 0885 lr: 0.01 train_loss: 988549.7500 train_distortion: 0.3516 train_mapscore: 0.6060 train_c: -1.0920 train_max_dist: 2.8170 train_imax: -0.0000 train_imin: -1.0920 time: 1.8373s
INFO:root:Epoch: 0890 lr: 0.01 train_loss: 988440.8750 train_distortion: 0.3513 train_mapscore: 0.6061 train_c: -1.0925 train_max_dist: 2.8106 train_imax: -0.0000 train_imin: -1.0925 time: 1.8534s
INFO:root:Epoch: 0895 lr: 0.01 train_loss: 988334.0000 train_distortion: 0.3511 train_mapscore: 0.6055 train_c: -1.0930 train_max_dist: 2.8101 train_imax: -0.0000 train_imin: -1.0930 time: 1.8782s
INFO:root:Epoch: 0900 lr: 0.01 train_loss: 988229.6250 train_distortion: 0.3509 train_mapscore: 0.6051 train_c: -1.0935 train_max_dist: 2.8161 train_imax: -0.0000 train_imin: -1.0935 time: 1.8906s
INFO:root:Epoch: 0905 lr: 0.01 train_loss: 988121.0000 train_distortion: 0.3506 train_mapscore: 0.6055 train_c: -1.0940 train_max_dist: 2.8287 train_imax: -0.0000 train_imin: -1.0940 time: 1.9076s
INFO:root:Epoch: 0910 lr: 0.01 train_loss: 988013.3125 train_distortion: 0.3504 train_mapscore: 0.6066 train_c: -1.0946 train_max_dist: 2.8224 train_imax: -0.0000 train_imin: -1.0946 time: 1.8881s
INFO:root:Epoch: 0915 lr: 0.01 train_loss: 987908.2500 train_distortion: 0.3502 train_mapscore: 0.6060 train_c: -1.0951 train_max_dist: 2.8184 train_imax: -0.0000 train_imin: -1.0951 time: 1.8800s
INFO:root:Epoch: 0920 lr: 0.01 train_loss: 987800.4375 train_distortion: 0.3500 train_mapscore: 0.6057 train_c: -1.0956 train_max_dist: 2.8207 train_imax: -0.0000 train_imin: -1.0956 time: 1.8981s
INFO:root:Epoch: 0925 lr: 0.01 train_loss: 987694.8750 train_distortion: 0.3497 train_mapscore: 0.6051 train_c: -1.0961 train_max_dist: 2.8297 train_imax: -0.0000 train_imin: -1.0961 time: 1.8796s
INFO:root:Epoch: 0930 lr: 0.01 train_loss: 987585.5000 train_distortion: 0.3495 train_mapscore: 0.6057 train_c: -1.0966 train_max_dist: 2.8368 train_imax: -0.0000 train_imin: -1.0966 time: 1.8696s
INFO:root:Epoch: 0935 lr: 0.01 train_loss: 987479.0000 train_distortion: 0.3492 train_mapscore: 0.6053 train_c: -1.0971 train_max_dist: 2.8407 train_imax: -0.0000 train_imin: -1.0971 time: 1.8939s
INFO:root:Epoch: 0940 lr: 0.01 train_loss: 987370.1250 train_distortion: 0.3490 train_mapscore: 0.6060 train_c: -1.0976 train_max_dist: 2.8406 train_imax: -0.0000 train_imin: -1.0976 time: 1.8799s
INFO:root:Epoch: 0945 lr: 0.01 train_loss: 987262.6875 train_distortion: 0.3488 train_mapscore: 0.6053 train_c: -1.0981 train_max_dist: 2.8340 train_imax: -0.0000 train_imin: -1.0981 time: 1.8425s
INFO:root:Epoch: 0950 lr: 0.01 train_loss: 987155.1875 train_distortion: 0.3486 train_mapscore: 0.6069 train_c: -1.0986 train_max_dist: 2.8243 train_imax: -0.0000 train_imin: -1.0986 time: 1.8619s
INFO:root:Epoch: 0955 lr: 0.01 train_loss: 987049.6250 train_distortion: 0.3484 train_mapscore: 0.6062 train_c: -1.0991 train_max_dist: 2.8301 train_imax: -0.0000 train_imin: -1.0991 time: 1.8285s
INFO:root:Epoch: 0960 lr: 0.01 train_loss: 986941.2500 train_distortion: 0.3481 train_mapscore: 0.6073 train_c: -1.0996 train_max_dist: 2.8470 train_imax: -0.0000 train_imin: -1.0996 time: 1.8164s
INFO:root:Epoch: 0965 lr: 0.01 train_loss: 986831.8125 train_distortion: 0.3479 train_mapscore: 0.6062 train_c: -1.1001 train_max_dist: 2.8488 train_imax: -0.0000 train_imin: -1.1001 time: 1.8275s
INFO:root:Epoch: 0970 lr: 0.01 train_loss: 986723.8750 train_distortion: 0.3477 train_mapscore: 0.6073 train_c: -1.1006 train_max_dist: 2.8416 train_imax: -0.0000 train_imin: -1.1006 time: 1.8520s
INFO:root:Epoch: 0975 lr: 0.01 train_loss: 986616.8125 train_distortion: 0.3475 train_mapscore: 0.6070 train_c: -1.1012 train_max_dist: 2.8377 train_imax: -0.0000 train_imin: -1.1012 time: 1.8567s
INFO:root:Epoch: 0980 lr: 0.01 train_loss: 986506.5000 train_distortion: 0.3473 train_mapscore: 0.6064 train_c: -1.1017 train_max_dist: 2.8367 train_imax: -0.0000 train_imin: -1.1017 time: 1.8804s
INFO:root:Epoch: 0985 lr: 0.01 train_loss: 986396.5000 train_distortion: 0.3470 train_mapscore: 0.6071 train_c: -1.1022 train_max_dist: 2.8446 train_imax: -0.0000 train_imin: -1.1022 time: 1.8787s
INFO:root:Epoch: 0990 lr: 0.01 train_loss: 986286.7500 train_distortion: 0.3468 train_mapscore: 0.6069 train_c: -1.1027 train_max_dist: 2.8523 train_imax: -0.0000 train_imin: -1.1027 time: 1.8758s
INFO:root:Epoch: 0995 lr: 0.01 train_loss: 986178.6250 train_distortion: 0.3466 train_mapscore: 0.6075 train_c: -1.1032 train_max_dist: 2.8535 train_imax: -0.0000 train_imin: -1.1032 time: 1.8746s
INFO:root:Epoch: 1000 lr: 0.01 train_loss: 986072.6250 train_distortion: 0.3463 train_mapscore: 0.6075 train_c: -1.1037 train_max_dist: 2.8465 train_imax: -0.0000 train_imin: -1.1037 time: 1.8728s
INFO:root:Epoch: 1005 lr: 0.01 train_loss: 985965.3125 train_distortion: 0.3462 train_mapscore: 0.6079 train_c: -1.1042 train_max_dist: 2.8423 train_imax: -0.0000 train_imin: -1.1042 time: 1.8585s
INFO:root:Epoch: 1010 lr: 0.01 train_loss: 985851.7500 train_distortion: 0.3459 train_mapscore: 0.6080 train_c: -1.1047 train_max_dist: 2.8418 train_imax: -0.0000 train_imin: -1.1047 time: 1.8427s
INFO:root:Epoch: 1015 lr: 0.01 train_loss: 985744.5000 train_distortion: 0.3457 train_mapscore: 0.6072 train_c: -1.1052 train_max_dist: 2.8439 train_imax: -0.0000 train_imin: -1.1052 time: 1.8433s
INFO:root:Epoch: 1020 lr: 0.01 train_loss: 985637.2500 train_distortion: 0.3455 train_mapscore: 0.6080 train_c: -1.1057 train_max_dist: 2.8555 train_imax: -0.0000 train_imin: -1.1057 time: 1.8455s
INFO:root:Epoch: 1025 lr: 0.01 train_loss: 985529.0625 train_distortion: 0.3452 train_mapscore: 0.6079 train_c: -1.1062 train_max_dist: 2.8554 train_imax: -0.0000 train_imin: -1.1062 time: 1.8562s
INFO:root:Epoch: 1030 lr: 0.01 train_loss: 985415.8750 train_distortion: 0.3450 train_mapscore: 0.6076 train_c: -1.1067 train_max_dist: 2.8561 train_imax: -0.0000 train_imin: -1.1067 time: 1.8254s
INFO:root:Epoch: 1035 lr: 0.01 train_loss: 985306.7500 train_distortion: 0.3448 train_mapscore: 0.6085 train_c: -1.1073 train_max_dist: 2.8589 train_imax: -0.0000 train_imin: -1.1073 time: 1.8460s
INFO:root:Epoch: 1040 lr: 0.01 train_loss: 985197.5000 train_distortion: 0.3446 train_mapscore: 0.6080 train_c: -1.1078 train_max_dist: 2.8549 train_imax: -0.0000 train_imin: -1.1078 time: 1.8870s
INFO:root:Epoch: 1045 lr: 0.01 train_loss: 985089.8750 train_distortion: 0.3444 train_mapscore: 0.6075 train_c: -1.1083 train_max_dist: 2.8542 train_imax: -0.0000 train_imin: -1.1083 time: 1.8886s
INFO:root:Epoch: 1050 lr: 0.01 train_loss: 984978.7500 train_distortion: 0.3441 train_mapscore: 0.6082 train_c: -1.1088 train_max_dist: 2.8554 train_imax: -0.0000 train_imin: -1.1088 time: 1.8891s
INFO:root:Epoch: 1055 lr: 0.01 train_loss: 984870.1875 train_distortion: 0.3439 train_mapscore: 0.6083 train_c: -1.1093 train_max_dist: 2.8623 train_imax: -0.0000 train_imin: -1.1093 time: 1.8748s
INFO:root:Epoch: 1060 lr: 0.01 train_loss: 984760.0000 train_distortion: 0.3437 train_mapscore: 0.6088 train_c: -1.1098 train_max_dist: 2.8618 train_imax: -0.0000 train_imin: -1.1098 time: 1.8933s
INFO:root:Epoch: 1065 lr: 0.01 train_loss: 984649.6875 train_distortion: 0.3435 train_mapscore: 0.6080 train_c: -1.1103 train_max_dist: 2.8593 train_imax: -0.0000 train_imin: -1.1103 time: 1.8513s
INFO:root:Epoch: 1070 lr: 0.01 train_loss: 984535.6250 train_distortion: 0.3433 train_mapscore: 0.6094 train_c: -1.1108 train_max_dist: 2.8631 train_imax: -0.0000 train_imin: -1.1108 time: 1.8634s
INFO:root:Epoch: 1075 lr: 0.01 train_loss: 984427.6875 train_distortion: 0.3431 train_mapscore: 0.6094 train_c: -1.1113 train_max_dist: 2.8670 train_imax: -0.0000 train_imin: -1.1113 time: 1.8546s
INFO:root:Epoch: 1080 lr: 0.01 train_loss: 984311.4375 train_distortion: 0.3428 train_mapscore: 0.6076 train_c: -1.1118 train_max_dist: 2.8718 train_imax: -0.0000 train_imin: -1.1118 time: 1.9155s
INFO:root:Epoch: 1085 lr: 0.01 train_loss: 984201.2500 train_distortion: 0.3426 train_mapscore: 0.6096 train_c: -1.1123 train_max_dist: 2.8775 train_imax: -0.0000 train_imin: -1.1123 time: 1.8803s
INFO:root:Epoch: 1090 lr: 0.01 train_loss: 984090.3125 train_distortion: 0.3425 train_mapscore: 0.6121 train_c: -1.1128 train_max_dist: 2.8708 train_imax: -0.0000 train_imin: -1.1128 time: 1.8156s
INFO:root:Epoch: 1095 lr: 0.01 train_loss: 983975.1250 train_distortion: 0.3423 train_mapscore: 0.6131 train_c: -1.1133 train_max_dist: 2.8724 train_imax: -0.0000 train_imin: -1.1133 time: 1.7741s
INFO:root:Epoch: 1100 lr: 0.01 train_loss: 983861.8750 train_distortion: 0.3420 train_mapscore: 0.6126 train_c: -1.1139 train_max_dist: 2.8729 train_imax: -0.0000 train_imin: -1.1139 time: 1.8051s
INFO:root:Epoch: 1105 lr: 0.01 train_loss: 983749.1875 train_distortion: 0.3418 train_mapscore: 0.6141 train_c: -1.1144 train_max_dist: 2.8740 train_imax: -0.0000 train_imin: -1.1144 time: 1.7837s
INFO:root:Epoch: 1110 lr: 0.01 train_loss: 983628.8750 train_distortion: 0.3416 train_mapscore: 0.6148 train_c: -1.1149 train_max_dist: 2.8827 train_imax: -0.0000 train_imin: -1.1149 time: 1.7793s
INFO:root:Epoch: 1115 lr: 0.01 train_loss: 983508.8750 train_distortion: 0.3414 train_mapscore: 0.6147 train_c: -1.1154 train_max_dist: 2.8891 train_imax: -0.0000 train_imin: -1.1154 time: 1.7858s
INFO:root:Epoch: 1120 lr: 0.01 train_loss: 983384.7500 train_distortion: 0.3412 train_mapscore: 0.6163 train_c: -1.1159 train_max_dist: 2.8863 train_imax: -0.0000 train_imin: -1.1159 time: 1.7900s
INFO:root:Epoch: 1125 lr: 0.01 train_loss: 983256.6875 train_distortion: 0.3409 train_mapscore: 0.6176 train_c: -1.1164 train_max_dist: 2.8823 train_imax: -0.0000 train_imin: -1.1164 time: 1.7714s
INFO:root:Epoch: 1130 lr: 0.01 train_loss: 983138.0625 train_distortion: 0.3406 train_mapscore: 0.6192 train_c: -1.1169 train_max_dist: 2.8925 train_imax: -0.0000 train_imin: -1.1169 time: 1.7684s
INFO:root:Epoch: 1135 lr: 0.01 train_loss: 983021.5000 train_distortion: 0.3403 train_mapscore: 0.6167 train_c: -1.1174 train_max_dist: 2.8992 train_imax: -0.0000 train_imin: -1.1174 time: 1.8004s
INFO:root:Epoch: 1140 lr: 0.01 train_loss: 982907.5000 train_distortion: 0.3401 train_mapscore: 0.6162 train_c: -1.1179 train_max_dist: 2.9007 train_imax: -0.0000 train_imin: -1.1179 time: 1.8414s
INFO:root:Epoch: 1145 lr: 0.01 train_loss: 982796.5625 train_distortion: 0.3399 train_mapscore: 0.6147 train_c: -1.1184 train_max_dist: 2.8970 train_imax: -0.0000 train_imin: -1.1184 time: 1.8556s
INFO:root:Epoch: 1150 lr: 0.01 train_loss: 982685.0000 train_distortion: 0.3396 train_mapscore: 0.6140 train_c: -1.1189 train_max_dist: 2.9040 train_imax: -0.0000 train_imin: -1.1189 time: 1.8529s
INFO:root:Epoch: 1155 lr: 0.01 train_loss: 982572.0625 train_distortion: 0.3394 train_mapscore: 0.6108 train_c: -1.1194 train_max_dist: 2.9074 train_imax: -0.0000 train_imin: -1.1194 time: 1.8350s
INFO:root:Epoch: 1160 lr: 0.01 train_loss: 982460.1250 train_distortion: 0.3392 train_mapscore: 0.6114 train_c: -1.1199 train_max_dist: 2.9105 train_imax: -0.0000 train_imin: -1.1199 time: 1.8248s
INFO:root:Epoch: 1165 lr: 0.01 train_loss: 982348.0000 train_distortion: 0.3389 train_mapscore: 0.6126 train_c: -1.1205 train_max_dist: 2.9060 train_imax: -0.0000 train_imin: -1.1205 time: 1.8538s
INFO:root:Epoch: 1170 lr: 0.01 train_loss: 982234.8750 train_distortion: 0.3387 train_mapscore: 0.6112 train_c: -1.1210 train_max_dist: 2.9099 train_imax: -0.0000 train_imin: -1.1210 time: 1.8302s
INFO:root:Epoch: 1175 lr: 0.01 train_loss: 982125.0625 train_distortion: 0.3385 train_mapscore: 0.6110 train_c: -1.1215 train_max_dist: 2.9064 train_imax: -0.0000 train_imin: -1.1215 time: 1.8628s
INFO:root:Epoch: 1180 lr: 0.01 train_loss: 982010.4375 train_distortion: 0.3382 train_mapscore: 0.6104 train_c: -1.1220 train_max_dist: 2.9111 train_imax: -0.0000 train_imin: -1.1220 time: 1.8494s
INFO:root:Epoch: 1185 lr: 0.01 train_loss: 981897.8750 train_distortion: 0.3380 train_mapscore: 0.6104 train_c: -1.1225 train_max_dist: 2.9122 train_imax: -0.0000 train_imin: -1.1225 time: 1.8877s
INFO:root:Epoch: 1190 lr: 0.01 train_loss: 981786.7500 train_distortion: 0.3378 train_mapscore: 0.6093 train_c: -1.1230 train_max_dist: 2.9141 train_imax: -0.0000 train_imin: -1.1230 time: 1.8725s
INFO:root:Epoch: 1195 lr: 0.01 train_loss: 981675.1250 train_distortion: 0.3376 train_mapscore: 0.6102 train_c: -1.1235 train_max_dist: 2.9108 train_imax: -0.0000 train_imin: -1.1235 time: 1.8860s
INFO:root:Epoch: 1200 lr: 0.01 train_loss: 981563.6875 train_distortion: 0.3374 train_mapscore: 0.6108 train_c: -1.1240 train_max_dist: 2.9110 train_imax: -0.0000 train_imin: -1.1240 time: 1.8524s
INFO:root:Epoch: 1205 lr: 0.01 train_loss: 981449.5625 train_distortion: 0.3371 train_mapscore: 0.6100 train_c: -1.1245 train_max_dist: 2.9116 train_imax: -0.0000 train_imin: -1.1245 time: 1.8950s
INFO:root:Epoch: 1210 lr: 0.01 train_loss: 981335.0000 train_distortion: 0.3369 train_mapscore: 0.6110 train_c: -1.1250 train_max_dist: 2.9178 train_imax: -0.0000 train_imin: -1.1250 time: 1.8735s
INFO:root:Epoch: 1215 lr: 0.01 train_loss: 981221.3125 train_distortion: 0.3367 train_mapscore: 0.6111 train_c: -1.1255 train_max_dist: 2.9115 train_imax: -0.0000 train_imin: -1.1255 time: 1.8745s
INFO:root:Epoch: 1220 lr: 0.01 train_loss: 981110.1250 train_distortion: 0.3364 train_mapscore: 0.6111 train_c: -1.1261 train_max_dist: 2.9184 train_imax: -0.0000 train_imin: -1.1261 time: 1.8812s
INFO:root:Epoch: 1225 lr: 0.01 train_loss: 980996.3125 train_distortion: 0.3362 train_mapscore: 0.6109 train_c: -1.1266 train_max_dist: 2.9199 train_imax: -0.0000 train_imin: -1.1266 time: 1.8511s
INFO:root:Epoch: 1230 lr: 0.01 train_loss: 980881.2500 train_distortion: 0.3360 train_mapscore: 0.6113 train_c: -1.1271 train_max_dist: 2.9164 train_imax: -0.0000 train_imin: -1.1271 time: 1.8592s
INFO:root:Epoch: 1235 lr: 0.01 train_loss: 980768.7500 train_distortion: 0.3358 train_mapscore: 0.6114 train_c: -1.1276 train_max_dist: 2.9240 train_imax: -0.0000 train_imin: -1.1276 time: 1.8406s
INFO:root:Epoch: 1240 lr: 0.01 train_loss: 980657.9375 train_distortion: 0.3356 train_mapscore: 0.6128 train_c: -1.1281 train_max_dist: 2.9204 train_imax: -0.0000 train_imin: -1.1281 time: 1.8139s
INFO:root:Epoch: 1245 lr: 0.01 train_loss: 980542.3125 train_distortion: 0.3353 train_mapscore: 0.6122 train_c: -1.1286 train_max_dist: 2.9200 train_imax: -0.0000 train_imin: -1.1286 time: 1.8270s
INFO:root:Epoch: 1250 lr: 0.01 train_loss: 980428.1875 train_distortion: 0.3351 train_mapscore: 0.6117 train_c: -1.1291 train_max_dist: 2.9227 train_imax: -0.0000 train_imin: -1.1291 time: 1.8277s
INFO:root:Epoch: 1255 lr: 0.01 train_loss: 980312.1250 train_distortion: 0.3349 train_mapscore: 0.6127 train_c: -1.1296 train_max_dist: 2.9336 train_imax: -0.0000 train_imin: -1.1296 time: 1.8155s
INFO:root:Epoch: 1260 lr: 0.01 train_loss: 980200.0000 train_distortion: 0.3346 train_mapscore: 0.6140 train_c: -1.1301 train_max_dist: 2.9322 train_imax: -0.0000 train_imin: -1.1301 time: 1.8108s
INFO:root:Epoch: 1265 lr: 0.01 train_loss: 980088.6250 train_distortion: 0.3344 train_mapscore: 0.6133 train_c: -1.1306 train_max_dist: 2.9368 train_imax: -0.0000 train_imin: -1.1306 time: 1.8617s
INFO:root:Epoch: 1270 lr: 0.01 train_loss: 979973.7500 train_distortion: 0.3342 train_mapscore: 0.6140 train_c: -1.1311 train_max_dist: 2.9378 train_imax: -0.0000 train_imin: -1.1311 time: 1.8324s
INFO:root:Epoch: 1275 lr: 0.01 train_loss: 979853.6250 train_distortion: 0.3340 train_mapscore: 0.6134 train_c: -1.1316 train_max_dist: 2.9352 train_imax: -0.0000 train_imin: -1.1316 time: 1.8671s
INFO:root:Epoch: 1280 lr: 0.01 train_loss: 979739.7500 train_distortion: 0.3338 train_mapscore: 0.6127 train_c: -1.1322 train_max_dist: 2.9407 train_imax: -0.0000 train_imin: -1.1322 time: 1.8616s
INFO:root:Epoch: 1285 lr: 0.01 train_loss: 979627.3750 train_distortion: 0.3335 train_mapscore: 0.6136 train_c: -1.1327 train_max_dist: 2.9445 train_imax: -0.0000 train_imin: -1.1327 time: 1.8699s
INFO:root:Epoch: 1290 lr: 0.01 train_loss: 979510.2500 train_distortion: 0.3333 train_mapscore: 0.6176 train_c: -1.1332 train_max_dist: 2.9438 train_imax: -0.0000 train_imin: -1.1332 time: 1.8290s
INFO:root:Epoch: 1295 lr: 0.01 train_loss: 979390.3750 train_distortion: 0.3331 train_mapscore: 0.6160 train_c: -1.1337 train_max_dist: 2.9522 train_imax: -0.0000 train_imin: -1.1337 time: 1.8280s
INFO:root:Epoch: 1300 lr: 0.01 train_loss: 979271.6250 train_distortion: 0.3329 train_mapscore: 0.6193 train_c: -1.1342 train_max_dist: 2.9616 train_imax: -0.0000 train_imin: -1.1342 time: 1.7637s
INFO:root:Epoch: 1305 lr: 0.01 train_loss: 979150.6250 train_distortion: 0.3326 train_mapscore: 0.6185 train_c: -1.1347 train_max_dist: 2.9623 train_imax: -0.0000 train_imin: -1.1347 time: 1.7542s
INFO:root:Epoch: 1310 lr: 0.01 train_loss: 979033.0000 train_distortion: 0.3323 train_mapscore: 0.6194 train_c: -1.1352 train_max_dist: 2.9671 train_imax: -0.0000 train_imin: -1.1352 time: 1.7571s
INFO:root:Epoch: 1315 lr: 0.01 train_loss: 978913.2500 train_distortion: 0.3321 train_mapscore: 0.6200 train_c: -1.1357 train_max_dist: 2.9751 train_imax: -0.0000 train_imin: -1.1357 time: 1.7829s
INFO:root:Epoch: 1320 lr: 0.01 train_loss: 978795.9375 train_distortion: 0.3319 train_mapscore: 0.6206 train_c: -1.1362 train_max_dist: 2.9703 train_imax: -0.0000 train_imin: -1.1362 time: 1.7948s
INFO:root:Epoch: 1325 lr: 0.01 train_loss: 978681.8125 train_distortion: 0.3317 train_mapscore: 0.6193 train_c: -1.1367 train_max_dist: 2.9702 train_imax: -0.0000 train_imin: -1.1367 time: 1.7829s
INFO:root:Epoch: 1330 lr: 0.01 train_loss: 978562.6250 train_distortion: 0.3314 train_mapscore: 0.6185 train_c: -1.1372 train_max_dist: 2.9780 train_imax: -0.0000 train_imin: -1.1372 time: 1.8139s
INFO:root:Epoch: 1335 lr: 0.01 train_loss: 978444.3750 train_distortion: 0.3311 train_mapscore: 0.6161 train_c: -1.1377 train_max_dist: 2.9812 train_imax: -0.0000 train_imin: -1.1377 time: 1.8449s
INFO:root:Epoch: 1340 lr: 0.01 train_loss: 978325.7500 train_distortion: 0.3309 train_mapscore: 0.6155 train_c: -1.1383 train_max_dist: 2.9804 train_imax: -0.0000 train_imin: -1.1383 time: 1.8444s
INFO:root:Epoch: 1345 lr: 0.01 train_loss: 978209.1250 train_distortion: 0.3307 train_mapscore: 0.6151 train_c: -1.1388 train_max_dist: 2.9820 train_imax: -0.0000 train_imin: -1.1388 time: 1.8464s
INFO:root:Epoch: 1350 lr: 0.01 train_loss: 978091.9375 train_distortion: 0.3304 train_mapscore: 0.6150 train_c: -1.1393 train_max_dist: 2.9823 train_imax: -0.0000 train_imin: -1.1393 time: 1.8416s
INFO:root:Epoch: 1355 lr: 0.01 train_loss: 977975.6250 train_distortion: 0.3301 train_mapscore: 0.6143 train_c: -1.1398 train_max_dist: 2.9886 train_imax: -0.0000 train_imin: -1.1398 time: 1.8593s
INFO:root:Epoch: 1360 lr: 0.01 train_loss: 977855.8125 train_distortion: 0.3299 train_mapscore: 0.6157 train_c: -1.1403 train_max_dist: 2.9907 train_imax: -0.0000 train_imin: -1.1403 time: 1.8271s
INFO:root:Epoch: 1365 lr: 0.01 train_loss: 977739.2500 train_distortion: 0.3297 train_mapscore: 0.6155 train_c: -1.1408 train_max_dist: 2.9841 train_imax: -0.0000 train_imin: -1.1408 time: 1.8480s
INFO:root:Epoch: 1370 lr: 0.01 train_loss: 977621.8750 train_distortion: 0.3295 train_mapscore: 0.6145 train_c: -1.1413 train_max_dist: 2.9845 train_imax: -0.0000 train_imin: -1.1413 time: 1.8712s
INFO:root:Epoch: 1375 lr: 0.01 train_loss: 977502.7500 train_distortion: 0.3292 train_mapscore: 0.6145 train_c: -1.1418 train_max_dist: 2.9822 train_imax: -0.0000 train_imin: -1.1418 time: 1.8527s
INFO:root:Epoch: 1380 lr: 0.01 train_loss: 977385.2500 train_distortion: 0.3290 train_mapscore: 0.6145 train_c: -1.1423 train_max_dist: 2.9860 train_imax: -0.0000 train_imin: -1.1423 time: 1.8508s
INFO:root:Epoch: 1385 lr: 0.01 train_loss: 977270.4375 train_distortion: 0.3289 train_mapscore: 0.6157 train_c: -1.1428 train_max_dist: 2.9847 train_imax: -0.0000 train_imin: -1.1428 time: 1.8092s
INFO:root:Epoch: 1390 lr: 0.01 train_loss: 977154.5625 train_distortion: 0.3286 train_mapscore: 0.6166 train_c: -1.1433 train_max_dist: 2.9889 train_imax: -0.0000 train_imin: -1.1433 time: 1.8341s
INFO:root:Epoch: 1395 lr: 0.01 train_loss: 977033.0000 train_distortion: 0.3284 train_mapscore: 0.6185 train_c: -1.1439 train_max_dist: 2.9948 train_imax: -0.0000 train_imin: -1.1439 time: 1.7974s
INFO:root:Epoch: 1400 lr: 0.01 train_loss: 976916.1875 train_distortion: 0.3282 train_mapscore: 0.6198 train_c: -1.1444 train_max_dist: 2.9930 train_imax: -0.0000 train_imin: -1.1444 time: 1.7993s
INFO:root:Epoch: 1405 lr: 0.01 train_loss: 976796.7500 train_distortion: 0.3281 train_mapscore: 0.6211 train_c: -1.1449 train_max_dist: 2.9976 train_imax: -0.0000 train_imin: -1.1449 time: 1.7975s
INFO:root:Epoch: 1410 lr: 0.01 train_loss: 976670.0000 train_distortion: 0.3280 train_mapscore: 0.6218 train_c: -1.1454 train_max_dist: 2.9962 train_imax: -0.0000 train_imin: -1.1454 time: 1.8118s
INFO:root:Epoch: 1415 lr: 0.01 train_loss: 976543.7500 train_distortion: 0.3279 train_mapscore: 0.6267 train_c: -1.1459 train_max_dist: 2.9996 train_imax: -0.0000 train_imin: -1.1459 time: 1.7794s
INFO:root:Epoch: 1420 lr: 0.01 train_loss: 976411.2500 train_distortion: 0.3278 train_mapscore: 0.6283 train_c: -1.1464 train_max_dist: 3.0019 train_imax: -0.0000 train_imin: -1.1464 time: 1.7447s
INFO:root:Epoch: 1425 lr: 0.01 train_loss: 976271.5000 train_distortion: 0.3277 train_mapscore: 0.6322 train_c: -1.1469 train_max_dist: 3.0052 train_imax: -0.0000 train_imin: -1.1469 time: 1.7220s
INFO:root:Epoch: 1430 lr: 0.01 train_loss: 976131.2500 train_distortion: 0.3276 train_mapscore: 0.6342 train_c: -1.1474 train_max_dist: 3.0013 train_imax: -0.0000 train_imin: -1.1474 time: 1.6970s
INFO:root:Epoch: 1435 lr: 0.01 train_loss: 975983.5000 train_distortion: 0.3273 train_mapscore: 0.6350 train_c: -1.1479 train_max_dist: 3.0054 train_imax: -0.0000 train_imin: -1.1479 time: 1.6815s
INFO:root:Epoch: 1440 lr: 0.01 train_loss: 975840.4375 train_distortion: 0.3270 train_mapscore: 0.6372 train_c: -1.1484 train_max_dist: 3.0132 train_imax: -0.0000 train_imin: -1.1484 time: 1.6707s
INFO:root:Epoch: 1445 lr: 0.01 train_loss: 975702.2500 train_distortion: 0.3266 train_mapscore: 0.6395 train_c: -1.1490 train_max_dist: 3.0186 train_imax: -0.0000 train_imin: -1.1490 time: 1.5960s
INFO:root:Epoch: 1450 lr: 0.01 train_loss: 975553.0625 train_distortion: 0.3264 train_mapscore: 0.6417 train_c: -1.1495 train_max_dist: 3.0222 train_imax: -0.0000 train_imin: -1.1495 time: 1.5859s
INFO:root:Epoch: 1455 lr: 0.01 train_loss: 975391.9375 train_distortion: 0.3261 train_mapscore: 0.6416 train_c: -1.1500 train_max_dist: 3.0169 train_imax: -0.0000 train_imin: -1.1500 time: 1.6048s
INFO:root:Epoch: 1460 lr: 0.01 train_loss: 975224.1250 train_distortion: 0.3257 train_mapscore: 0.6439 train_c: -1.1505 train_max_dist: 3.0017 train_imax: -0.0000 train_imin: -1.1505 time: 1.5774s
INFO:root:Epoch: 1465 lr: 0.01 train_loss: 975041.5625 train_distortion: 0.3252 train_mapscore: 0.6455 train_c: -1.1510 train_max_dist: 2.9921 train_imax: -0.0000 train_imin: -1.1510 time: 1.5596s
INFO:root:Epoch: 1470 lr: 0.01 train_loss: 974859.3125 train_distortion: 0.3248 train_mapscore: 0.6448 train_c: -1.1515 train_max_dist: 2.9912 train_imax: -0.0000 train_imin: -1.1515 time: 1.5877s
INFO:root:Epoch: 1475 lr: 0.01 train_loss: 974685.0000 train_distortion: 0.3244 train_mapscore: 0.6438 train_c: -1.1520 train_max_dist: 2.9819 train_imax: -0.0000 train_imin: -1.1520 time: 1.6360s
INFO:root:Epoch: 1480 lr: 0.01 train_loss: 974527.9375 train_distortion: 0.3240 train_mapscore: 0.6450 train_c: -1.1525 train_max_dist: 2.9690 train_imax: -0.0000 train_imin: -1.1525 time: 1.6460s
INFO:root:Epoch: 1485 lr: 0.01 train_loss: 974384.1250 train_distortion: 0.3236 train_mapscore: 0.6443 train_c: -1.1530 train_max_dist: 2.9673 train_imax: -0.0000 train_imin: -1.1530 time: 1.6856s
INFO:root:Epoch: 1490 lr: 0.01 train_loss: 974246.8750 train_distortion: 0.3233 train_mapscore: 0.6420 train_c: -1.1536 train_max_dist: 2.9658 train_imax: -0.0000 train_imin: -1.1536 time: 1.7077s
INFO:root:Epoch: 1495 lr: 0.01 train_loss: 974114.3125 train_distortion: 0.3230 train_mapscore: 0.6391 train_c: -1.1541 train_max_dist: 2.9628 train_imax: -0.0000 train_imin: -1.1541 time: 1.7481s
INFO:root:Epoch: 1500 lr: 0.01 train_loss: 973991.1250 train_distortion: 0.3228 train_mapscore: 0.6374 train_c: -1.1546 train_max_dist: 2.9671 train_imax: -0.0000 train_imin: -1.1546 time: 1.7932s
INFO:root:Epoch: 1505 lr: 0.01 train_loss: 973865.0625 train_distortion: 0.3225 train_mapscore: 0.6374 train_c: -1.1551 train_max_dist: 2.9635 train_imax: -0.0000 train_imin: -1.1551 time: 1.7787s
INFO:root:Epoch: 1510 lr: 0.01 train_loss: 973739.0625 train_distortion: 0.3222 train_mapscore: 0.6339 train_c: -1.1556 train_max_dist: 2.9752 train_imax: -0.0000 train_imin: -1.1556 time: 1.8093s
INFO:root:Epoch: 1515 lr: 0.01 train_loss: 973616.2500 train_distortion: 0.3220 train_mapscore: 0.6317 train_c: -1.1561 train_max_dist: 2.9766 train_imax: -0.0000 train_imin: -1.1561 time: 1.8100s
INFO:root:Epoch: 1520 lr: 0.01 train_loss: 973494.7500 train_distortion: 0.3217 train_mapscore: 0.6299 train_c: -1.1566 train_max_dist: 2.9748 train_imax: -0.0000 train_imin: -1.1566 time: 1.7911s
INFO:root:Epoch: 1525 lr: 0.01 train_loss: 973369.2500 train_distortion: 0.3215 train_mapscore: 0.6310 train_c: -1.1572 train_max_dist: 2.9749 train_imax: -0.0000 train_imin: -1.1572 time: 1.7659s
INFO:root:Epoch: 1530 lr: 0.01 train_loss: 973245.6875 train_distortion: 0.3212 train_mapscore: 0.6282 train_c: -1.1577 train_max_dist: 2.9771 train_imax: -0.0000 train_imin: -1.1577 time: 1.8279s
INFO:root:Epoch: 1535 lr: 0.01 train_loss: 973124.0000 train_distortion: 0.3209 train_mapscore: 0.6264 train_c: -1.1582 train_max_dist: 2.9806 train_imax: -0.0000 train_imin: -1.1582 time: 1.8065s
INFO:root:Epoch: 1540 lr: 0.01 train_loss: 973004.2500 train_distortion: 0.3207 train_mapscore: 0.6252 train_c: -1.1587 train_max_dist: 2.9861 train_imax: -0.0000 train_imin: -1.1587 time: 1.7904s
INFO:root:Epoch: 1545 lr: 0.01 train_loss: 972877.8125 train_distortion: 0.3205 train_mapscore: 0.6257 train_c: -1.1592 train_max_dist: 2.9885 train_imax: -0.0000 train_imin: -1.1592 time: 1.7874s
INFO:root:Epoch: 1550 lr: 0.01 train_loss: 972755.0625 train_distortion: 0.3203 train_mapscore: 0.6242 train_c: -1.1597 train_max_dist: 2.9906 train_imax: -0.0000 train_imin: -1.1597 time: 1.7934s
INFO:root:Epoch: 1555 lr: 0.01 train_loss: 972633.0625 train_distortion: 0.3200 train_mapscore: 0.6236 train_c: -1.1602 train_max_dist: 2.9859 train_imax: -0.0000 train_imin: -1.1602 time: 1.8623s
INFO:root:Epoch: 1560 lr: 0.01 train_loss: 972512.0000 train_distortion: 0.3197 train_mapscore: 0.6232 train_c: -1.1607 train_max_dist: 2.9898 train_imax: -0.0000 train_imin: -1.1607 time: 1.8197s
INFO:root:Epoch: 1565 lr: 0.01 train_loss: 972386.0000 train_distortion: 0.3195 train_mapscore: 0.6228 train_c: -1.1613 train_max_dist: 2.9913 train_imax: -0.0000 train_imin: -1.1613 time: 1.8277s
INFO:root:Epoch: 1570 lr: 0.01 train_loss: 972263.8750 train_distortion: 0.3193 train_mapscore: 0.6230 train_c: -1.1618 train_max_dist: 2.9914 train_imax: -0.0000 train_imin: -1.1618 time: 1.8536s
INFO:root:Epoch: 1575 lr: 0.01 train_loss: 972140.0000 train_distortion: 0.3190 train_mapscore: 0.6222 train_c: -1.1623 train_max_dist: 2.9920 train_imax: -0.0000 train_imin: -1.1623 time: 1.8624s
INFO:root:Epoch: 1580 lr: 0.01 train_loss: 972016.6250 train_distortion: 0.3188 train_mapscore: 0.6210 train_c: -1.1628 train_max_dist: 2.9957 train_imax: -0.0000 train_imin: -1.1628 time: 1.8377s
INFO:root:Epoch: 1585 lr: 0.01 train_loss: 971894.0000 train_distortion: 0.3186 train_mapscore: 0.6225 train_c: -1.1633 train_max_dist: 3.0020 train_imax: -0.0000 train_imin: -1.1633 time: 1.8394s
INFO:root:Epoch: 1590 lr: 0.01 train_loss: 971771.2500 train_distortion: 0.3184 train_mapscore: 0.6226 train_c: -1.1638 train_max_dist: 3.0003 train_imax: -0.0000 train_imin: -1.1638 time: 1.7899s
INFO:root:Epoch: 1595 lr: 0.01 train_loss: 971648.8125 train_distortion: 0.3181 train_mapscore: 0.6231 train_c: -1.1643 train_max_dist: 2.9976 train_imax: -0.0000 train_imin: -1.1643 time: 1.8166s
INFO:root:Epoch: 1600 lr: 0.01 train_loss: 971524.4375 train_distortion: 0.3178 train_mapscore: 0.6228 train_c: -1.1649 train_max_dist: 3.0034 train_imax: -0.0000 train_imin: -1.1649 time: 1.7994s
INFO:root:Epoch: 1605 lr: 0.01 train_loss: 971400.0000 train_distortion: 0.3177 train_mapscore: 0.6221 train_c: -1.1654 train_max_dist: 3.0073 train_imax: -0.0000 train_imin: -1.1654 time: 1.8038s
INFO:root:Epoch: 1610 lr: 0.01 train_loss: 971276.6250 train_distortion: 0.3174 train_mapscore: 0.6230 train_c: -1.1659 train_max_dist: 3.0025 train_imax: -0.0000 train_imin: -1.1659 time: 1.7923s
INFO:root:Epoch: 1615 lr: 0.01 train_loss: 971151.7500 train_distortion: 0.3171 train_mapscore: 0.6224 train_c: -1.1664 train_max_dist: 3.0083 train_imax: -0.0000 train_imin: -1.1664 time: 1.7999s
INFO:root:Epoch: 1620 lr: 0.01 train_loss: 971028.6875 train_distortion: 0.3169 train_mapscore: 0.6225 train_c: -1.1669 train_max_dist: 3.0043 train_imax: -0.0000 train_imin: -1.1669 time: 1.8141s
INFO:root:Epoch: 1625 lr: 0.01 train_loss: 970902.5000 train_distortion: 0.3167 train_mapscore: 0.6236 train_c: -1.1674 train_max_dist: 3.0083 train_imax: -0.0000 train_imin: -1.1674 time: 1.8092s
INFO:root:Epoch: 1630 lr: 0.01 train_loss: 970777.7500 train_distortion: 0.3164 train_mapscore: 0.6232 train_c: -1.1679 train_max_dist: 3.0038 train_imax: -0.0000 train_imin: -1.1679 time: 1.8312s
INFO:root:Epoch: 1635 lr: 0.01 train_loss: 970653.6250 train_distortion: 0.3162 train_mapscore: 0.6229 train_c: -1.1684 train_max_dist: 3.0141 train_imax: -0.0000 train_imin: -1.1684 time: 1.8476s
INFO:root:Epoch: 1640 lr: 0.01 train_loss: 970528.5000 train_distortion: 0.3159 train_mapscore: 0.6242 train_c: -1.1690 train_max_dist: 3.0157 train_imax: -0.0000 train_imin: -1.1690 time: 1.8398s
INFO:root:Epoch: 1645 lr: 0.01 train_loss: 970402.3750 train_distortion: 0.3157 train_mapscore: 0.6231 train_c: -1.1695 train_max_dist: 3.0153 train_imax: -0.0000 train_imin: -1.1695 time: 1.8505s
INFO:root:Epoch: 1650 lr: 0.01 train_loss: 970278.5000 train_distortion: 0.3155 train_mapscore: 0.6227 train_c: -1.1700 train_max_dist: 3.0182 train_imax: -0.0000 train_imin: -1.1700 time: 1.8563s
INFO:root:Epoch: 1655 lr: 0.01 train_loss: 970153.0625 train_distortion: 0.3152 train_mapscore: 0.6227 train_c: -1.1705 train_max_dist: 3.0156 train_imax: -0.0000 train_imin: -1.1705 time: 1.8828s
INFO:root:Epoch: 1660 lr: 0.01 train_loss: 970029.1250 train_distortion: 0.3150 train_mapscore: 0.6230 train_c: -1.1710 train_max_dist: 3.0184 train_imax: -0.0000 train_imin: -1.1710 time: 1.8603s
INFO:root:Epoch: 1665 lr: 0.01 train_loss: 969903.3125 train_distortion: 0.3147 train_mapscore: 0.6229 train_c: -1.1715 train_max_dist: 3.0269 train_imax: -0.0000 train_imin: -1.1715 time: 1.8554s
INFO:root:Epoch: 1670 lr: 0.01 train_loss: 969779.3125 train_distortion: 0.3145 train_mapscore: 0.6233 train_c: -1.1720 train_max_dist: 3.0297 train_imax: -0.0000 train_imin: -1.1720 time: 1.7937s
INFO:root:Epoch: 1675 lr: 0.01 train_loss: 969652.2500 train_distortion: 0.3143 train_mapscore: 0.6240 train_c: -1.1725 train_max_dist: 3.0330 train_imax: -0.0000 train_imin: -1.1725 time: 1.7972s
INFO:root:Epoch: 1680 lr: 0.01 train_loss: 969529.0625 train_distortion: 0.3140 train_mapscore: 0.6250 train_c: -1.1731 train_max_dist: 3.0330 train_imax: -0.0000 train_imin: -1.1731 time: 1.7949s
INFO:root:Epoch: 1685 lr: 0.01 train_loss: 969404.2500 train_distortion: 0.3138 train_mapscore: 0.6254 train_c: -1.1736 train_max_dist: 3.0351 train_imax: -0.0000 train_imin: -1.1736 time: 1.8039s
INFO:root:Epoch: 1690 lr: 0.01 train_loss: 969281.0625 train_distortion: 0.3136 train_mapscore: 0.6251 train_c: -1.1741 train_max_dist: 3.0326 train_imax: -0.0000 train_imin: -1.1741 time: 1.8015s
INFO:root:Epoch: 1695 lr: 0.01 train_loss: 969152.8750 train_distortion: 0.3133 train_mapscore: 0.6256 train_c: -1.1746 train_max_dist: 3.0308 train_imax: -0.0000 train_imin: -1.1746 time: 1.7886s
INFO:root:Epoch: 1700 lr: 0.01 train_loss: 969026.9375 train_distortion: 0.3131 train_mapscore: 0.6249 train_c: -1.1751 train_max_dist: 3.0365 train_imax: -0.0000 train_imin: -1.1751 time: 1.8322s
INFO:root:Epoch: 1705 lr: 0.01 train_loss: 968899.5625 train_distortion: 0.3129 train_mapscore: 0.6253 train_c: -1.1756 train_max_dist: 3.0369 train_imax: -0.0000 train_imin: -1.1756 time: 1.8445s
INFO:root:Epoch: 1710 lr: 0.01 train_loss: 968772.5000 train_distortion: 0.3126 train_mapscore: 0.6254 train_c: -1.1761 train_max_dist: 3.0404 train_imax: -0.0000 train_imin: -1.1761 time: 1.8584s
INFO:root:Epoch: 1715 lr: 0.01 train_loss: 968646.8750 train_distortion: 0.3124 train_mapscore: 0.6257 train_c: -1.1767 train_max_dist: 3.0438 train_imax: -0.0000 train_imin: -1.1767 time: 1.8184s
INFO:root:Epoch: 1720 lr: 0.01 train_loss: 968520.7500 train_distortion: 0.3121 train_mapscore: 0.6255 train_c: -1.1772 train_max_dist: 3.0445 train_imax: -0.0000 train_imin: -1.1772 time: 1.8432s
INFO:root:Epoch: 1725 lr: 0.01 train_loss: 968390.7500 train_distortion: 0.3119 train_mapscore: 0.6277 train_c: -1.1777 train_max_dist: 3.0470 train_imax: -0.0000 train_imin: -1.1777 time: 1.8361s
INFO:root:Epoch: 1730 lr: 0.01 train_loss: 968264.9375 train_distortion: 0.3117 train_mapscore: 0.6264 train_c: -1.1782 train_max_dist: 3.0385 train_imax: -0.0000 train_imin: -1.1782 time: 1.8551s
INFO:root:Epoch: 1735 lr: 0.01 train_loss: 968138.9375 train_distortion: 0.3114 train_mapscore: 0.6256 train_c: -1.1787 train_max_dist: 3.0476 train_imax: -0.0000 train_imin: -1.1787 time: 1.7967s
INFO:root:Epoch: 1740 lr: 0.01 train_loss: 968012.5625 train_distortion: 0.3112 train_mapscore: 0.6260 train_c: -1.1792 train_max_dist: 3.0433 train_imax: -0.0000 train_imin: -1.1792 time: 1.8013s
INFO:root:Epoch: 1745 lr: 0.01 train_loss: 967885.2500 train_distortion: 0.3110 train_mapscore: 0.6266 train_c: -1.1797 train_max_dist: 3.0495 train_imax: -0.0000 train_imin: -1.1797 time: 1.8154s
INFO:root:Epoch: 1750 lr: 0.01 train_loss: 967757.6250 train_distortion: 0.3107 train_mapscore: 0.6257 train_c: -1.1802 train_max_dist: 3.0512 train_imax: -0.0000 train_imin: -1.1802 time: 1.8045s
INFO:root:Epoch: 1755 lr: 0.01 train_loss: 967628.6250 train_distortion: 0.3105 train_mapscore: 0.6260 train_c: -1.1808 train_max_dist: 3.0553 train_imax: -0.0000 train_imin: -1.1808 time: 1.8237s
INFO:root:Epoch: 1760 lr: 0.01 train_loss: 967502.3750 train_distortion: 0.3103 train_mapscore: 0.6263 train_c: -1.1813 train_max_dist: 3.0541 train_imax: -0.0000 train_imin: -1.1813 time: 1.8069s
INFO:root:Epoch: 1765 lr: 0.01 train_loss: 967375.5000 train_distortion: 0.3101 train_mapscore: 0.6257 train_c: -1.1818 train_max_dist: 3.0548 train_imax: -0.0000 train_imin: -1.1818 time: 1.8444s
INFO:root:Epoch: 1770 lr: 0.01 train_loss: 967247.3750 train_distortion: 0.3098 train_mapscore: 0.6254 train_c: -1.1823 train_max_dist: 3.0588 train_imax: -0.0000 train_imin: -1.1823 time: 1.8939s
INFO:root:Epoch: 1775 lr: 0.01 train_loss: 967117.2500 train_distortion: 0.3096 train_mapscore: 0.6261 train_c: -1.1828 train_max_dist: 3.0564 train_imax: -0.0000 train_imin: -1.1828 time: 1.8472s
INFO:root:Epoch: 1780 lr: 0.01 train_loss: 966989.2500 train_distortion: 0.3093 train_mapscore: 0.6264 train_c: -1.1833 train_max_dist: 3.0619 train_imax: -0.0000 train_imin: -1.1833 time: 1.8490s
INFO:root:Epoch: 1785 lr: 0.01 train_loss: 966860.2500 train_distortion: 0.3091 train_mapscore: 0.6279 train_c: -1.1838 train_max_dist: 3.0645 train_imax: -0.0000 train_imin: -1.1838 time: 1.8677s
INFO:root:Epoch: 1790 lr: 0.01 train_loss: 966732.1875 train_distortion: 0.3088 train_mapscore: 0.6273 train_c: -1.1844 train_max_dist: 3.0634 train_imax: -0.0000 train_imin: -1.1844 time: 1.8701s
INFO:root:Epoch: 1795 lr: 0.01 train_loss: 966604.8750 train_distortion: 0.3086 train_mapscore: 0.6279 train_c: -1.1849 train_max_dist: 3.0693 train_imax: -0.0000 train_imin: -1.1849 time: 1.8697s
INFO:root:Epoch: 1800 lr: 0.01 train_loss: 966475.7500 train_distortion: 0.3084 train_mapscore: 0.6272 train_c: -1.1854 train_max_dist: 3.0653 train_imax: -0.0000 train_imin: -1.1854 time: 1.8370s
INFO:root:Epoch: 1805 lr: 0.01 train_loss: 966345.4375 train_distortion: 0.3082 train_mapscore: 0.6283 train_c: -1.1859 train_max_dist: 3.0672 train_imax: -0.0000 train_imin: -1.1859 time: 1.8322s
INFO:root:Epoch: 1810 lr: 0.01 train_loss: 966215.1875 train_distortion: 0.3079 train_mapscore: 0.6284 train_c: -1.1864 train_max_dist: 3.0794 train_imax: -0.0000 train_imin: -1.1864 time: 1.8437s
INFO:root:Epoch: 1815 lr: 0.01 train_loss: 966085.1250 train_distortion: 0.3078 train_mapscore: 0.6294 train_c: -1.1869 train_max_dist: 3.0733 train_imax: -0.0000 train_imin: -1.1869 time: 1.7924s
INFO:root:Epoch: 1820 lr: 0.01 train_loss: 965954.3750 train_distortion: 0.3075 train_mapscore: 0.6283 train_c: -1.1874 train_max_dist: 3.0782 train_imax: -0.0000 train_imin: -1.1874 time: 1.8311s
INFO:root:Epoch: 1825 lr: 0.01 train_loss: 965822.0625 train_distortion: 0.3074 train_mapscore: 0.6300 train_c: -1.1880 train_max_dist: 3.0801 train_imax: -0.0000 train_imin: -1.1880 time: 1.8051s
INFO:root:Epoch: 1830 lr: 0.01 train_loss: 965689.7500 train_distortion: 0.3072 train_mapscore: 0.6323 train_c: -1.1885 train_max_dist: 3.0863 train_imax: -0.0000 train_imin: -1.1885 time: 1.7720s
INFO:root:Epoch: 1835 lr: 0.01 train_loss: 965548.5000 train_distortion: 0.3070 train_mapscore: 0.6354 train_c: -1.1890 train_max_dist: 3.0929 train_imax: -0.0000 train_imin: -1.1890 time: 1.7323s
INFO:root:Epoch: 1840 lr: 0.01 train_loss: 965398.6250 train_distortion: 0.3067 train_mapscore: 0.6376 train_c: -1.1895 train_max_dist: 3.0923 train_imax: -0.0000 train_imin: -1.1895 time: 1.7061s
INFO:root:Epoch: 1845 lr: 0.01 train_loss: 965237.9375 train_distortion: 0.3063 train_mapscore: 0.6372 train_c: -1.1900 train_max_dist: 3.1028 train_imax: -0.0000 train_imin: -1.1900 time: 1.7326s
INFO:root:Epoch: 1850 lr: 0.01 train_loss: 965097.3125 train_distortion: 0.3060 train_mapscore: 0.6360 train_c: -1.1905 train_max_dist: 3.1017 train_imax: -0.0000 train_imin: -1.1905 time: 1.7377s
INFO:root:Epoch: 1855 lr: 0.01 train_loss: 964962.2500 train_distortion: 0.3057 train_mapscore: 0.6338 train_c: -1.1910 train_max_dist: 3.1009 train_imax: -0.0000 train_imin: -1.1910 time: 1.7691s
INFO:root:Epoch: 1860 lr: 0.01 train_loss: 964828.8750 train_distortion: 0.3055 train_mapscore: 0.6306 train_c: -1.1916 train_max_dist: 3.0992 train_imax: -0.0000 train_imin: -1.1916 time: 1.7858s
INFO:root:Epoch: 1865 lr: 0.01 train_loss: 964698.2500 train_distortion: 0.3052 train_mapscore: 0.6310 train_c: -1.1921 train_max_dist: 3.1090 train_imax: -0.0000 train_imin: -1.1921 time: 1.7690s
INFO:root:Epoch: 1870 lr: 0.01 train_loss: 964566.8125 train_distortion: 0.3050 train_mapscore: 0.6295 train_c: -1.1926 train_max_dist: 3.1135 train_imax: -0.0000 train_imin: -1.1926 time: 1.8067s
INFO:root:Epoch: 1875 lr: 0.01 train_loss: 964433.9375 train_distortion: 0.3047 train_mapscore: 0.6274 train_c: -1.1931 train_max_dist: 3.1126 train_imax: -0.0000 train_imin: -1.1931 time: 1.8361s
INFO:root:Epoch: 1880 lr: 0.01 train_loss: 964305.8750 train_distortion: 0.3045 train_mapscore: 0.6288 train_c: -1.1936 train_max_dist: 3.1110 train_imax: -0.0000 train_imin: -1.1936 time: 1.7818s
INFO:root:Epoch: 1885 lr: 0.01 train_loss: 964173.7500 train_distortion: 0.3042 train_mapscore: 0.6271 train_c: -1.1941 train_max_dist: 3.1150 train_imax: -0.0000 train_imin: -1.1941 time: 1.8036s
INFO:root:Epoch: 1890 lr: 0.01 train_loss: 964041.5000 train_distortion: 0.3040 train_mapscore: 0.6256 train_c: -1.1946 train_max_dist: 3.1191 train_imax: -0.0000 train_imin: -1.1946 time: 1.8328s
INFO:root:Epoch: 1895 lr: 0.01 train_loss: 963908.5625 train_distortion: 0.3038 train_mapscore: 0.6245 train_c: -1.1951 train_max_dist: 3.1103 train_imax: -0.0000 train_imin: -1.1951 time: 1.8251s
INFO:root:Epoch: 1900 lr: 0.01 train_loss: 963777.5000 train_distortion: 0.3036 train_mapscore: 0.6248 train_c: -1.1957 train_max_dist: 3.1157 train_imax: -0.0000 train_imin: -1.1957 time: 1.8279s
INFO:root:Epoch: 1905 lr: 0.01 train_loss: 963644.6250 train_distortion: 0.3033 train_mapscore: 0.6244 train_c: -1.1962 train_max_dist: 3.1275 train_imax: -0.0000 train_imin: -1.1962 time: 1.8373s
INFO:root:Epoch: 1910 lr: 0.01 train_loss: 963515.6250 train_distortion: 0.3030 train_mapscore: 0.6248 train_c: -1.1967 train_max_dist: 3.1277 train_imax: -0.0000 train_imin: -1.1967 time: 1.8890s
INFO:root:Epoch: 1915 lr: 0.01 train_loss: 963384.2500 train_distortion: 0.3028 train_mapscore: 0.6248 train_c: -1.1972 train_max_dist: 3.1257 train_imax: -0.0000 train_imin: -1.1972 time: 1.8461s
INFO:root:Epoch: 1920 lr: 0.01 train_loss: 963254.1250 train_distortion: 0.3026 train_mapscore: 0.6246 train_c: -1.1977 train_max_dist: 3.1254 train_imax: -0.0000 train_imin: -1.1977 time: 1.8469s
INFO:root:Epoch: 1925 lr: 0.01 train_loss: 963118.0625 train_distortion: 0.3023 train_mapscore: 0.6249 train_c: -1.1982 train_max_dist: 3.1340 train_imax: -0.0000 train_imin: -1.1982 time: 1.8809s
INFO:root:Epoch: 1930 lr: 0.01 train_loss: 962985.5000 train_distortion: 0.3020 train_mapscore: 0.6246 train_c: -1.1987 train_max_dist: 3.1320 train_imax: -0.0000 train_imin: -1.1988 time: 1.8752s
INFO:root:Epoch: 1935 lr: 0.01 train_loss: 962854.1250 train_distortion: 0.3018 train_mapscore: 0.6246 train_c: -1.1993 train_max_dist: 3.1325 train_imax: -0.0000 train_imin: -1.1993 time: 1.8886s
INFO:root:Epoch: 1940 lr: 0.01 train_loss: 962722.3750 train_distortion: 0.3015 train_mapscore: 0.6244 train_c: -1.1998 train_max_dist: 3.1350 train_imax: -0.0000 train_imin: -1.1998 time: 1.8864s
INFO:root:Epoch: 1945 lr: 0.01 train_loss: 962588.0625 train_distortion: 0.3013 train_mapscore: 0.6244 train_c: -1.2003 train_max_dist: 3.1424 train_imax: -0.0000 train_imin: -1.2003 time: 1.8886s
INFO:root:Epoch: 1950 lr: 0.01 train_loss: 962457.8750 train_distortion: 0.3011 train_mapscore: 0.6256 train_c: -1.2008 train_max_dist: 3.1389 train_imax: -0.0000 train_imin: -1.2008 time: 1.8366s
INFO:root:Epoch: 1955 lr: 0.01 train_loss: 962324.0625 train_distortion: 0.3008 train_mapscore: 0.6264 train_c: -1.2013 train_max_dist: 3.1399 train_imax: -0.0000 train_imin: -1.2013 time: 1.8577s
INFO:root:Epoch: 1960 lr: 0.01 train_loss: 962191.1250 train_distortion: 0.3006 train_mapscore: 0.6261 train_c: -1.2018 train_max_dist: 3.1368 train_imax: -0.0000 train_imin: -1.2018 time: 1.8042s
INFO:root:Epoch: 1965 lr: 0.01 train_loss: 962058.0625 train_distortion: 0.3003 train_mapscore: 0.6258 train_c: -1.2024 train_max_dist: 3.1460 train_imax: -0.0000 train_imin: -1.2024 time: 1.8107s
INFO:root:Epoch: 1970 lr: 0.01 train_loss: 961923.9375 train_distortion: 0.3001 train_mapscore: 0.6247 train_c: -1.2029 train_max_dist: 3.1445 train_imax: -0.0000 train_imin: -1.2029 time: 1.8508s
INFO:root:Epoch: 1975 lr: 0.01 train_loss: 961789.0000 train_distortion: 0.2999 train_mapscore: 0.6255 train_c: -1.2034 train_max_dist: 3.1421 train_imax: -0.0000 train_imin: -1.2034 time: 1.8162s
INFO:root:Epoch: 1980 lr: 0.01 train_loss: 961656.1875 train_distortion: 0.2996 train_mapscore: 0.6264 train_c: -1.2039 train_max_dist: 3.1492 train_imax: -0.0000 train_imin: -1.2039 time: 1.8170s
INFO:root:Epoch: 1985 lr: 0.01 train_loss: 961521.2500 train_distortion: 0.2993 train_mapscore: 0.6262 train_c: -1.2044 train_max_dist: 3.1507 train_imax: -0.0000 train_imin: -1.2044 time: 1.8556s
INFO:root:Epoch: 1990 lr: 0.01 train_loss: 961390.4375 train_distortion: 0.2991 train_mapscore: 0.6262 train_c: -1.2049 train_max_dist: 3.1505 train_imax: -0.0000 train_imin: -1.2049 time: 1.8793s
INFO:root:Epoch: 1995 lr: 0.01 train_loss: 961253.0000 train_distortion: 0.2989 train_mapscore: 0.6264 train_c: -1.2054 train_max_dist: 3.1551 train_imax: -0.0000 train_imin: -1.2054 time: 1.8627s
INFO:root:Epoch: 2000 lr: 0.0025 train_loss: 961120.1875 train_distortion: 0.2986 train_mapscore: 0.6261 train_c: -1.2060 train_max_dist: 3.1563 train_imax: -0.0000 train_imin: -1.2060 time: 1.9019s
INFO:root:Optimization Finished!
INFO:root:Total time elapsed: 3521.3473s
INFO:root:Val set results: val_distortion: 1.0000 val_mapscore: -1.0000 val_c: -1.0000 val_max_dist: 0.0000
INFO:root:Test set results: test_loss: 961091.0000 test_distortion: 0.2986 test_mapscore: 0.6250 test_c: -1.2061 test_max_dist: 3.1571 test_imax: -0.0000 test_imin: -1.2061
INFO:root:Saved model in /workspace/xiongbo/hgcn/logs/md/2021_5_23/14
