INFO:root:Using: cuda:0
INFO:root:Using seed 1234.
INFO:root:MDModel(
  (encoder): HGCN(
    (layers): Sequential(
      (0): HyperbolicGraphConvolution(
        (linear): HypLinear(
          in_features=2275, out_features=10, c=Parameter containing:
          tensor([-1.], requires_grad=True)
        )
        (agg): HypAgg(
          c=Parameter containing:
          tensor([-1.], requires_grad=True)
        )
        (hyp_act): HypAct(
          c_in=Parameter containing:
          tensor([-1.], requires_grad=True), c_out=Parameter containing:
          tensor([-1.], requires_grad=True)
        )
      )
    )
  )
  (decoder): MDDecoder()
)
INFO:root:Total number of parameters: 22762
/workspace/anaconda3/envs/geo/lib/python3.7/site-packages/torch/optim/lr_scheduler.py:370: UserWarning: To get the last learning rate computed by the scheduler, please use `get_last_lr()`.
  "please use `get_last_lr()`.", UserWarning)
INFO:root:Epoch: 0005 lr: 0.001 train_loss: 1199171.1250 train_distortion: 0.7252 train_mapscore: 0.0421 train_c: -1.0004 train_max_dist: 1.3953 train_imax: -0.0000 train_imin: -1.5055 time: 2.1023s
INFO:root:Epoch: 0010 lr: 0.001 train_loss: 1192552.1250 train_distortion: 0.7120 train_mapscore: 0.0577 train_c: -1.0009 train_max_dist: 1.5304 train_imax: -0.0000 train_imin: -1.5546 time: 2.0716s
INFO:root:Epoch: 0015 lr: 0.001 train_loss: 1183683.3750 train_distortion: 0.6941 train_mapscore: 0.0881 train_c: -1.0014 train_max_dist: 1.5909 train_imax: -0.0000 train_imin: -1.6227 time: 1.9711s
INFO:root:Epoch: 0020 lr: 0.001 train_loss: 1172851.2500 train_distortion: 0.6722 train_mapscore: 0.1384 train_c: -1.0020 train_max_dist: 1.6499 train_imax: -0.0000 train_imin: -1.6856 time: 1.8968s
INFO:root:Epoch: 0025 lr: 0.001 train_loss: 1160460.5000 train_distortion: 0.6472 train_mapscore: 0.2067 train_c: -1.0026 train_max_dist: 1.6905 train_imax: -0.0000 train_imin: -1.7605 time: 1.8325s
INFO:root:Epoch: 0030 lr: 0.001 train_loss: 1146987.7500 train_distortion: 0.6204 train_mapscore: 0.2843 train_c: -1.0032 train_max_dist: 1.7519 train_imax: -0.0000 train_imin: -1.8405 time: 1.7530s
INFO:root:Epoch: 0035 lr: 0.001 train_loss: 1132951.3750 train_distortion: 0.5931 train_mapscore: 0.3586 train_c: -1.0039 train_max_dist: 1.8861 train_imax: -0.0000 train_imin: -1.9216 time: 1.6617s
INFO:root:Epoch: 0040 lr: 0.001 train_loss: 1118783.7500 train_distortion: 0.5662 train_mapscore: 0.4240 train_c: -1.0045 train_max_dist: 2.0306 train_imax: -0.0000 train_imin: -2.0024 time: 1.6424s
INFO:root:Epoch: 0045 lr: 0.001 train_loss: 1104795.0000 train_distortion: 0.5401 train_mapscore: 0.4787 train_c: -1.0052 train_max_dist: 2.1679 train_imax: -0.0000 train_imin: -2.0790 time: 1.5585s
INFO:root:Epoch: 0050 lr: 0.001 train_loss: 1091241.7500 train_distortion: 0.5152 train_mapscore: 0.5230 train_c: -1.0060 train_max_dist: 2.3594 train_imax: -0.0000 train_imin: -2.1467 time: 1.5424s
INFO:root:Epoch: 0055 lr: 0.001 train_loss: 1078328.5000 train_distortion: 0.4917 train_mapscore: 0.5583 train_c: -1.0067 train_max_dist: 2.5560 train_imax: -0.0000 train_imin: -2.2119 time: 1.5184s
INFO:root:Epoch: 0060 lr: 0.001 train_loss: 1066102.2500 train_distortion: 0.4695 train_mapscore: 0.5854 train_c: -1.0075 train_max_dist: 2.7258 train_imax: -0.0000 train_imin: -2.2704 time: 1.4864s
INFO:root:Epoch: 0065 lr: 0.001 train_loss: 1054567.0000 train_distortion: 0.4484 train_mapscore: 0.6064 train_c: -1.0082 train_max_dist: 2.8660 train_imax: -0.0000 train_imin: -2.3148 time: 1.4869s
INFO:root:Epoch: 0070 lr: 0.001 train_loss: 1043696.1250 train_distortion: 0.4283 train_mapscore: 0.6240 train_c: -1.0090 train_max_dist: 2.9893 train_imax: -0.0000 train_imin: -2.3290 time: 1.4481s
INFO:root:Epoch: 0075 lr: 0.001 train_loss: 1033437.2500 train_distortion: 0.4090 train_mapscore: 0.6394 train_c: -1.0098 train_max_dist: 3.1255 train_imax: -0.0000 train_imin: -2.3297 time: 1.3948s
INFO:root:Epoch: 0080 lr: 0.001 train_loss: 1023720.2500 train_distortion: 0.3907 train_mapscore: 0.6521 train_c: -1.0105 train_max_dist: 3.2715 train_imax: -0.0000 train_imin: -2.3296 time: 1.3932s
INFO:root:Epoch: 0085 lr: 0.001 train_loss: 1014480.3125 train_distortion: 0.3733 train_mapscore: 0.6638 train_c: -1.0113 train_max_dist: 3.4176 train_imax: -0.0000 train_imin: -2.3241 time: 1.3803s
INFO:root:Epoch: 0090 lr: 0.001 train_loss: 1005697.0000 train_distortion: 0.3569 train_mapscore: 0.6743 train_c: -1.0121 train_max_dist: 3.5598 train_imax: -0.0000 train_imin: -2.3357 time: 1.3835s
INFO:root:Epoch: 0095 lr: 0.001 train_loss: 997346.1250 train_distortion: 0.3416 train_mapscore: 0.6844 train_c: -1.0129 train_max_dist: 3.7040 train_imax: -0.0000 train_imin: -2.3800 time: 1.3705s
INFO:root:Epoch: 0100 lr: 0.001 train_loss: 989373.6875 train_distortion: 0.3272 train_mapscore: 0.6937 train_c: -1.0136 train_max_dist: 3.8354 train_imax: -0.0000 train_imin: -2.4448 time: 1.3666s
INFO:root:Epoch: 0105 lr: 0.001 train_loss: 981737.5000 train_distortion: 0.3138 train_mapscore: 0.7028 train_c: -1.0144 train_max_dist: 3.9653 train_imax: -0.0000 train_imin: -2.5187 time: 1.3833s
INFO:root:Epoch: 0110 lr: 0.001 train_loss: 974326.7500 train_distortion: 0.3011 train_mapscore: 0.7108 train_c: -1.0152 train_max_dist: 4.0817 train_imax: -0.0000 train_imin: -2.5947 time: 1.3894s
INFO:root:Epoch: 0115 lr: 0.001 train_loss: 967138.1875 train_distortion: 0.2890 train_mapscore: 0.7193 train_c: -1.0159 train_max_dist: 4.1872 train_imax: -0.0000 train_imin: -2.6655 time: 1.3822s
INFO:root:Epoch: 0120 lr: 0.001 train_loss: 960126.1250 train_distortion: 0.2776 train_mapscore: 0.7269 train_c: -1.0167 train_max_dist: 4.2980 train_imax: -0.0000 train_imin: -2.7152 time: 1.3794s
INFO:root:Epoch: 0125 lr: 0.001 train_loss: 953203.1250 train_distortion: 0.2665 train_mapscore: 0.7342 train_c: -1.0175 train_max_dist: 4.3882 train_imax: -0.0000 train_imin: -2.7510 time: 1.3805s
INFO:root:Epoch: 0130 lr: 0.001 train_loss: 946292.1250 train_distortion: 0.2559 train_mapscore: 0.7419 train_c: -1.0182 train_max_dist: 4.4759 train_imax: -0.0000 train_imin: -2.7887 time: 1.3772s
INFO:root:Epoch: 0135 lr: 0.001 train_loss: 939372.8750 train_distortion: 0.2455 train_mapscore: 0.7491 train_c: -1.0190 train_max_dist: 4.5686 train_imax: -0.0000 train_imin: -2.8478 time: 1.3778s
INFO:root:Epoch: 0140 lr: 0.001 train_loss: 932369.2500 train_distortion: 0.2355 train_mapscore: 0.7564 train_c: -1.0197 train_max_dist: 4.6627 train_imax: -0.0000 train_imin: -2.9639 time: 1.3344s
INFO:root:Epoch: 0145 lr: 0.001 train_loss: 925264.3750 train_distortion: 0.2258 train_mapscore: 0.7635 train_c: -1.0205 train_max_dist: 4.7494 train_imax: -0.0000 train_imin: -3.0303 time: 1.3352s
INFO:root:Epoch: 0150 lr: 0.001 train_loss: 918000.9375 train_distortion: 0.2165 train_mapscore: 0.7702 train_c: -1.0212 train_max_dist: 4.8435 train_imax: -0.0000 train_imin: -3.1060 time: 1.3356s
INFO:root:Epoch: 0155 lr: 0.001 train_loss: 910538.9375 train_distortion: 0.2075 train_mapscore: 0.7764 train_c: -1.0220 train_max_dist: 4.9224 train_imax: -0.0000 train_imin: -3.2014 time: 1.3320s
INFO:root:Epoch: 0160 lr: 0.001 train_loss: 902847.4375 train_distortion: 0.1990 train_mapscore: 0.7821 train_c: -1.0227 train_max_dist: 5.0285 train_imax: -0.0000 train_imin: -3.3174 time: 1.3327s
INFO:root:Epoch: 0165 lr: 0.001 train_loss: 894898.1875 train_distortion: 0.1909 train_mapscore: 0.7877 train_c: -1.0235 train_max_dist: 5.1247 train_imax: -0.0000 train_imin: -3.4326 time: 1.3381s
INFO:root:Epoch: 0170 lr: 0.001 train_loss: 886701.8125 train_distortion: 0.1834 train_mapscore: 0.7930 train_c: -1.0242 train_max_dist: 5.2260 train_imax: -0.0000 train_imin: -3.5441 time: 1.3581s
INFO:root:Epoch: 0175 lr: 0.001 train_loss: 878256.5625 train_distortion: 0.1767 train_mapscore: 0.7979 train_c: -1.0250 train_max_dist: 5.3637 train_imax: -0.0000 train_imin: -3.6598 time: 1.3601s
INFO:root:Epoch: 0180 lr: 0.001 train_loss: 869501.0000 train_distortion: 0.1706 train_mapscore: 0.8030 train_c: -1.0257 train_max_dist: 5.4734 train_imax: -0.0000 train_imin: -3.7808 time: 1.3711s
INFO:root:Epoch: 0185 lr: 0.001 train_loss: 860434.5000 train_distortion: 0.1654 train_mapscore: 0.8081 train_c: -1.0265 train_max_dist: 5.5848 train_imax: -0.0000 train_imin: -3.8947 time: 1.3702s
INFO:root:Epoch: 0190 lr: 0.001 train_loss: 851038.6250 train_distortion: 0.1612 train_mapscore: 0.8125 train_c: -1.0273 train_max_dist: 5.7403 train_imax: -0.0000 train_imin: -3.9978 time: 1.3577s
INFO:root:Epoch: 0195 lr: 0.001 train_loss: 841284.0000 train_distortion: 0.1582 train_mapscore: 0.8157 train_c: -1.0280 train_max_dist: 5.8700 train_imax: -0.0000 train_imin: -4.0977 time: 1.3582s
INFO:root:Epoch: 0200 lr: 0.001 train_loss: 831149.6250 train_distortion: 0.1564 train_mapscore: 0.8191 train_c: -1.0288 train_max_dist: 6.0213 train_imax: -0.0000 train_imin: -4.2014 time: 1.3612s
INFO:root:Epoch: 0205 lr: 0.001 train_loss: 820637.5000 train_distortion: 0.1562 train_mapscore: 0.8223 train_c: -1.0296 train_max_dist: 6.1511 train_imax: -0.0000 train_imin: -4.3807 time: 1.3441s
INFO:root:Epoch: 0210 lr: 0.001 train_loss: 809764.3125 train_distortion: 0.1578 train_mapscore: 0.8248 train_c: -1.0303 train_max_dist: 6.2635 train_imax: -0.0000 train_imin: -4.5527 time: 1.3468s
INFO:root:Epoch: 0215 lr: 0.001 train_loss: 798493.8125 train_distortion: 0.1614 train_mapscore: 0.8271 train_c: -1.0311 train_max_dist: 6.4277 train_imax: -0.0000 train_imin: -4.7285 time: 1.3424s
INFO:root:Epoch: 0220 lr: 0.001 train_loss: 786828.7500 train_distortion: 0.1674 train_mapscore: 0.8294 train_c: -1.0319 train_max_dist: 6.5877 train_imax: -0.0000 train_imin: -4.9247 time: 1.3177s
INFO:root:Epoch: 0225 lr: 0.001 train_loss: 774795.7500 train_distortion: 0.1757 train_mapscore: 0.8316 train_c: -1.0327 train_max_dist: 6.7711 train_imax: -0.0000 train_imin: -5.1111 time: 1.3085s
INFO:root:Epoch: 0230 lr: 0.001 train_loss: 762422.0000 train_distortion: 0.1873 train_mapscore: 0.8339 train_c: -1.0335 train_max_dist: 6.9249 train_imax: -0.0000 train_imin: -5.3165 time: 1.3122s
INFO:root:Epoch: 0235 lr: 0.001 train_loss: 749631.5000 train_distortion: 0.2021 train_mapscore: 0.8362 train_c: -1.0343 train_max_dist: 7.0800 train_imax: -0.0000 train_imin: -5.5325 time: 1.2945s
INFO:root:Epoch: 0240 lr: 0.001 train_loss: 736466.5000 train_distortion: 0.2205 train_mapscore: 0.8379 train_c: -1.0351 train_max_dist: 7.2636 train_imax: -0.0000 train_imin: -5.7443 time: 1.2995s
INFO:root:Epoch: 0245 lr: 0.001 train_loss: 722928.0625 train_distortion: 0.2426 train_mapscore: 0.8399 train_c: -1.0359 train_max_dist: 7.4695 train_imax: -0.0000 train_imin: -5.9670 time: 1.2883s
INFO:root:Epoch: 0250 lr: 0.001 train_loss: 709025.6250 train_distortion: 0.2691 train_mapscore: 0.8419 train_c: -1.0367 train_max_dist: 7.6486 train_imax: -0.0000 train_imin: -6.2066 time: 1.3345s
INFO:root:Epoch: 0255 lr: 0.001 train_loss: 694697.4375 train_distortion: 0.3001 train_mapscore: 0.8439 train_c: -1.0375 train_max_dist: 7.8302 train_imax: -0.0000 train_imin: -6.4394 time: 1.3310s
INFO:root:Epoch: 0260 lr: 0.001 train_loss: 680029.6250 train_distortion: 0.3361 train_mapscore: 0.8460 train_c: -1.0383 train_max_dist: 8.0449 train_imax: -0.0000 train_imin: -6.6723 time: 1.3305s
INFO:root:Epoch: 0265 lr: 0.001 train_loss: 664920.2500 train_distortion: 0.3774 train_mapscore: 0.8475 train_c: -1.0392 train_max_dist: 8.2815 train_imax: -0.0000 train_imin: -6.9119 time: 1.3307s
INFO:root:Epoch: 0270 lr: 0.001 train_loss: 649482.2500 train_distortion: 0.4248 train_mapscore: 0.8489 train_c: -1.0400 train_max_dist: 8.5256 train_imax: -0.0000 train_imin: -7.1600 time: 1.3289s
INFO:root:Epoch: 0275 lr: 0.001 train_loss: 633667.8750 train_distortion: 0.4786 train_mapscore: 0.8501 train_c: -1.0408 train_max_dist: 8.7748 train_imax: -0.0000 train_imin: -7.4244 time: 1.3378s
INFO:root:Epoch: 0280 lr: 0.001 train_loss: 617547.6250 train_distortion: 0.5390 train_mapscore: 0.8517 train_c: -1.0416 train_max_dist: 9.0337 train_imax: -0.0000 train_imin: -7.6581 time: 1.3259s
INFO:root:Epoch: 0285 lr: 0.001 train_loss: 601178.3750 train_distortion: 0.6068 train_mapscore: 0.8532 train_c: -1.0425 train_max_dist: 9.2972 train_imax: -0.0000 train_imin: -7.9192 time: 1.2864s
INFO:root:Epoch: 0290 lr: 0.001 train_loss: 584572.2500 train_distortion: 0.6823 train_mapscore: 0.8544 train_c: -1.0433 train_max_dist: 9.5701 train_imax: -0.0000 train_imin: -8.1812 time: 1.2897s
INFO:root:Epoch: 0295 lr: 0.001 train_loss: 567863.8750 train_distortion: 0.7662 train_mapscore: 0.8553 train_c: -1.0442 train_max_dist: 9.8477 train_imax: -0.0000 train_imin: -8.4232 time: 1.2901s
INFO:root:Epoch: 0300 lr: 0.001 train_loss: 551071.0000 train_distortion: 0.8582 train_mapscore: 0.8559 train_c: -1.0450 train_max_dist: 10.1278 train_imax: -0.0000 train_imin: -8.6836 time: 1.2808s
INFO:root:Epoch: 0305 lr: 0.001 train_loss: 534316.0625 train_distortion: 0.9589 train_mapscore: 0.8567 train_c: -1.0458 train_max_dist: 10.3814 train_imax: -0.0000 train_imin: -8.9456 time: 1.2990s
INFO:root:Epoch: 0310 lr: 0.001 train_loss: 517737.0625 train_distortion: 1.0686 train_mapscore: 0.8579 train_c: -1.0467 train_max_dist: 10.6601 train_imax: -0.0000 train_imin: -9.2172 time: 1.2881s
INFO:root:Epoch: 0315 lr: 0.001 train_loss: 501417.0625 train_distortion: 1.1869 train_mapscore: 0.8596 train_c: -1.0475 train_max_dist: 10.9353 train_imax: -0.0000 train_imin: -9.5264 time: 1.3226s
INFO:root:Epoch: 0320 lr: 0.001 train_loss: 485489.0000 train_distortion: 1.3135 train_mapscore: 0.8612 train_c: -1.0483 train_max_dist: 11.2159 train_imax: -0.0000 train_imin: -9.8535 time: 1.3262s
INFO:root:Epoch: 0325 lr: 0.001 train_loss: 470091.6875 train_distortion: 1.4477 train_mapscore: 0.8625 train_c: -1.0491 train_max_dist: 11.4857 train_imax: -0.0000 train_imin: -10.1868 time: 1.3182s
INFO:root:Epoch: 0330 lr: 0.001 train_loss: 455367.5000 train_distortion: 1.5901 train_mapscore: 0.8635 train_c: -1.0499 train_max_dist: 11.7866 train_imax: -0.0000 train_imin: -10.5388 time: 1.3106s
INFO:root:Epoch: 0335 lr: 0.001 train_loss: 441422.6250 train_distortion: 1.7380 train_mapscore: 0.8644 train_c: -1.0507 train_max_dist: 12.0669 train_imax: -0.0000 train_imin: -10.8771 time: 1.3083s
INFO:root:Epoch: 0340 lr: 0.001 train_loss: 428344.3750 train_distortion: 1.8912 train_mapscore: 0.8659 train_c: -1.0514 train_max_dist: 12.3567 train_imax: -0.0000 train_imin: -11.1972 time: 1.3249s
INFO:root:Epoch: 0345 lr: 0.001 train_loss: 416170.3750 train_distortion: 2.0461 train_mapscore: 0.8671 train_c: -1.0522 train_max_dist: 12.6306 train_imax: -0.0000 train_imin: -11.5420 time: 1.3111s
INFO:root:Epoch: 0350 lr: 0.001 train_loss: 404987.1875 train_distortion: 2.2031 train_mapscore: 0.8683 train_c: -1.0529 train_max_dist: 12.8995 train_imax: -0.0000 train_imin: -12.0036 time: 1.3049s
INFO:root:Epoch: 0355 lr: 0.001 train_loss: 394804.2812 train_distortion: 2.3587 train_mapscore: 0.8694 train_c: -1.0535 train_max_dist: 13.1685 train_imax: -0.0000 train_imin: -12.4647 time: 1.3106s
INFO:root:Epoch: 0360 lr: 0.001 train_loss: 385552.4375 train_distortion: 2.5124 train_mapscore: 0.8707 train_c: -1.0542 train_max_dist: 13.4240 train_imax: -0.0000 train_imin: -12.8943 time: 1.3080s
INFO:root:Epoch: 0365 lr: 0.001 train_loss: 377192.2188 train_distortion: 2.6629 train_mapscore: 0.8719 train_c: -1.0548 train_max_dist: 13.6724 train_imax: -0.0000 train_imin: -13.3017 time: 1.2676s
INFO:root:Epoch: 0370 lr: 0.001 train_loss: 369689.3750 train_distortion: 2.8075 train_mapscore: 0.8736 train_c: -1.0554 train_max_dist: 13.8947 train_imax: -0.0000 train_imin: -13.6993 time: 1.2659s
INFO:root:Epoch: 0375 lr: 0.001 train_loss: 362962.2500 train_distortion: 2.9466 train_mapscore: 0.8750 train_c: -1.0560 train_max_dist: 14.1056 train_imax: -0.0000 train_imin: -14.1177 time: 1.2682s
INFO:root:Epoch: 0380 lr: 0.001 train_loss: 356915.5312 train_distortion: 3.0786 train_mapscore: 0.8765 train_c: -1.0565 train_max_dist: 14.2969 train_imax: -0.0000 train_imin: -14.4849 time: 1.2664s
INFO:root:Epoch: 0385 lr: 0.001 train_loss: 351491.5938 train_distortion: 3.2046 train_mapscore: 0.8774 train_c: -1.0570 train_max_dist: 14.4802 train_imax: -0.0000 train_imin: -14.8377 time: 1.2660s
INFO:root:Epoch: 0390 lr: 0.001 train_loss: 346613.6250 train_distortion: 3.3246 train_mapscore: 0.8789 train_c: -1.0575 train_max_dist: 14.6456 train_imax: -0.0000 train_imin: -15.2137 time: 1.2562s
INFO:root:Epoch: 0395 lr: 0.001 train_loss: 342213.0000 train_distortion: 3.4396 train_mapscore: 0.8800 train_c: -1.0580 train_max_dist: 14.8024 train_imax: -0.0000 train_imin: -15.5591 time: 1.3041s
INFO:root:Epoch: 0400 lr: 0.001 train_loss: 338223.2812 train_distortion: 3.5496 train_mapscore: 0.8811 train_c: -1.0584 train_max_dist: 14.9427 train_imax: -0.0000 train_imin: -15.9175 time: 1.3003s
INFO:root:Epoch: 0405 lr: 0.001 train_loss: 334615.7500 train_distortion: 3.6502 train_mapscore: 0.8823 train_c: -1.0589 train_max_dist: 15.0880 train_imax: -0.0000 train_imin: -16.2420 time: 1.2882s
INFO:root:Epoch: 0410 lr: 0.001 train_loss: 331372.3438 train_distortion: 3.7519 train_mapscore: 0.8838 train_c: -1.0593 train_max_dist: 15.2283 train_imax: -0.0000 train_imin: -16.5585 time: 1.2894s
INFO:root:Epoch: 0415 lr: 0.001 train_loss: 328434.3125 train_distortion: 3.8463 train_mapscore: 0.8851 train_c: -1.0597 train_max_dist: 15.3821 train_imax: -0.0000 train_imin: -16.8473 time: 1.3080s
INFO:root:Epoch: 0420 lr: 0.001 train_loss: 325772.5938 train_distortion: 3.9367 train_mapscore: 0.8864 train_c: -1.0600 train_max_dist: 15.5309 train_imax: -0.0000 train_imin: -17.1281 time: 1.2845s
INFO:root:Epoch: 0425 lr: 0.001 train_loss: 323338.1250 train_distortion: 4.0232 train_mapscore: 0.8875 train_c: -1.0604 train_max_dist: 15.6630 train_imax: -0.0000 train_imin: -17.3995 time: 1.2965s
INFO:root:Epoch: 0430 lr: 0.001 train_loss: 321101.5625 train_distortion: 4.1042 train_mapscore: 0.8889 train_c: -1.0607 train_max_dist: 15.7913 train_imax: -0.0000 train_imin: -17.6443 time: 1.2635s
INFO:root:Epoch: 0435 lr: 0.001 train_loss: 319026.2188 train_distortion: 4.1776 train_mapscore: 0.8901 train_c: -1.0611 train_max_dist: 15.9130 train_imax: -0.0000 train_imin: -17.9016 time: 1.2414s
INFO:root:Epoch: 0440 lr: 0.001 train_loss: 317111.4375 train_distortion: 4.2463 train_mapscore: 0.8912 train_c: -1.0614 train_max_dist: 16.0223 train_imax: -0.0000 train_imin: -18.1219 time: 1.2523s
INFO:root:Epoch: 0445 lr: 0.001 train_loss: 315342.5625 train_distortion: 4.3138 train_mapscore: 0.8925 train_c: -1.0617 train_max_dist: 16.1293 train_imax: -0.0000 train_imin: -18.3615 time: 1.2438s
INFO:root:Epoch: 0450 lr: 0.001 train_loss: 313703.3125 train_distortion: 4.3805 train_mapscore: 0.8936 train_c: -1.0620 train_max_dist: 16.2340 train_imax: -0.0000 train_imin: -18.5932 time: 1.2389s
INFO:root:Epoch: 0455 lr: 0.001 train_loss: 312162.4062 train_distortion: 4.4432 train_mapscore: 0.8942 train_c: -1.0623 train_max_dist: 16.3287 train_imax: -0.0000 train_imin: -18.8183 time: 1.2603s
INFO:root:Epoch: 0460 lr: 0.001 train_loss: 310710.1250 train_distortion: 4.4994 train_mapscore: 0.8954 train_c: -1.0626 train_max_dist: 16.4298 train_imax: -0.0000 train_imin: -19.0281 time: 1.2853s
INFO:root:Epoch: 0465 lr: 0.001 train_loss: 309324.1562 train_distortion: 4.5526 train_mapscore: 0.8965 train_c: -1.0629 train_max_dist: 16.5440 train_imax: -0.0000 train_imin: -19.2470 time: 1.2711s
INFO:root:Epoch: 0470 lr: 0.001 train_loss: 308011.8125 train_distortion: 4.6039 train_mapscore: 0.8973 train_c: -1.0631 train_max_dist: 16.6442 train_imax: -0.0000 train_imin: -19.4724 time: 1.2717s
INFO:root:Epoch: 0475 lr: 0.001 train_loss: 306763.4375 train_distortion: 4.6527 train_mapscore: 0.8983 train_c: -1.0634 train_max_dist: 16.7524 train_imax: -0.0000 train_imin: -19.6563 time: 1.2679s
INFO:root:Epoch: 0480 lr: 0.001 train_loss: 305584.6562 train_distortion: 4.6994 train_mapscore: 0.8991 train_c: -1.0637 train_max_dist: 16.8408 train_imax: -0.0000 train_imin: -19.8553 time: 1.2879s
INFO:root:Epoch: 0485 lr: 0.001 train_loss: 304472.1875 train_distortion: 4.7465 train_mapscore: 0.9000 train_c: -1.0639 train_max_dist: 16.9482 train_imax: -0.0000 train_imin: -20.0811 time: 1.2943s
INFO:root:Epoch: 0490 lr: 0.001 train_loss: 303423.6250 train_distortion: 4.7928 train_mapscore: 0.9010 train_c: -1.0642 train_max_dist: 17.0248 train_imax: -0.0000 train_imin: -20.2887 time: 1.2769s
INFO:root:Epoch: 0495 lr: 0.001 train_loss: 302435.0000 train_distortion: 4.8378 train_mapscore: 0.9017 train_c: -1.0644 train_max_dist: 17.1125 train_imax: -0.0000 train_imin: -20.4797 time: 1.3034s
INFO:root:Epoch: 0500 lr: 0.001 train_loss: 301506.4062 train_distortion: 4.8826 train_mapscore: 0.9025 train_c: -1.0647 train_max_dist: 17.1802 train_imax: -0.0000 train_imin: -20.6668 time: 1.2915s
INFO:root:Epoch: 0505 lr: 0.001 train_loss: 300632.8438 train_distortion: 4.9275 train_mapscore: 0.9035 train_c: -1.0649 train_max_dist: 17.2447 train_imax: -0.0000 train_imin: -20.8647 time: 1.2425s
INFO:root:Epoch: 0510 lr: 0.001 train_loss: 299810.0625 train_distortion: 4.9721 train_mapscore: 0.9041 train_c: -1.0651 train_max_dist: 17.3193 train_imax: -0.0000 train_imin: -21.0538 time: 1.2594s
INFO:root:Epoch: 0515 lr: 0.001 train_loss: 299031.5625 train_distortion: 5.0155 train_mapscore: 0.9049 train_c: -1.0654 train_max_dist: 17.4091 train_imax: -0.0000 train_imin: -21.2228 time: 1.2599s
INFO:root:Epoch: 0520 lr: 0.001 train_loss: 298297.4375 train_distortion: 5.0577 train_mapscore: 0.9056 train_c: -1.0656 train_max_dist: 17.4853 train_imax: -0.0000 train_imin: -21.3849 time: 1.2660s
INFO:root:Epoch: 0525 lr: 0.001 train_loss: 297599.2500 train_distortion: 5.0991 train_mapscore: 0.9064 train_c: -1.0658 train_max_dist: 17.5661 train_imax: -0.0000 train_imin: -21.5426 time: 1.2933s
INFO:root:Epoch: 0530 lr: 0.001 train_loss: 296937.3750 train_distortion: 5.1390 train_mapscore: 0.9069 train_c: -1.0660 train_max_dist: 17.6484 train_imax: -0.0000 train_imin: -21.7071 time: 1.2954s
INFO:root:Epoch: 0535 lr: 0.001 train_loss: 296307.8125 train_distortion: 5.1782 train_mapscore: 0.9077 train_c: -1.0662 train_max_dist: 17.7166 train_imax: -0.0000 train_imin: -21.8638 time: 1.2988s
INFO:root:Epoch: 0540 lr: 0.001 train_loss: 295708.1562 train_distortion: 5.2159 train_mapscore: 0.9085 train_c: -1.0664 train_max_dist: 17.7895 train_imax: -0.0000 train_imin: -22.0158 time: 1.3021s
INFO:root:Epoch: 0545 lr: 0.001 train_loss: 295135.5000 train_distortion: 5.2522 train_mapscore: 0.9090 train_c: -1.0666 train_max_dist: 17.8652 train_imax: -0.0000 train_imin: -22.1645 time: 1.3090s
INFO:root:Epoch: 0550 lr: 0.001 train_loss: 294586.4688 train_distortion: 5.2875 train_mapscore: 0.9094 train_c: -1.0669 train_max_dist: 17.9312 train_imax: -0.0000 train_imin: -22.3189 time: 1.3000s
INFO:root:Epoch: 0555 lr: 0.001 train_loss: 294062.1875 train_distortion: 5.3219 train_mapscore: 0.9101 train_c: -1.0671 train_max_dist: 17.9937 train_imax: -0.0000 train_imin: -22.4692 time: 1.3126s
INFO:root:Epoch: 0560 lr: 0.001 train_loss: 293559.3438 train_distortion: 5.3560 train_mapscore: 0.9105 train_c: -1.0673 train_max_dist: 18.0529 train_imax: -0.0000 train_imin: -22.6228 time: 1.3232s
INFO:root:Epoch: 0565 lr: 0.001 train_loss: 293080.3750 train_distortion: 5.3889 train_mapscore: 0.9116 train_c: -1.0675 train_max_dist: 18.1013 train_imax: -0.0000 train_imin: -22.7508 time: 1.2886s
INFO:root:Epoch: 0570 lr: 0.001 train_loss: 292624.0938 train_distortion: 5.4222 train_mapscore: 0.9118 train_c: -1.0677 train_max_dist: 18.1423 train_imax: -0.0000 train_imin: -22.9014 time: 1.2836s
INFO:root:Epoch: 0575 lr: 0.001 train_loss: 292183.7500 train_distortion: 5.4554 train_mapscore: 0.9124 train_c: -1.0678 train_max_dist: 18.1708 train_imax: -0.0000 train_imin: -23.0196 time: 1.2829s
INFO:root:Epoch: 0580 lr: 0.001 train_loss: 291760.6250 train_distortion: 5.4880 train_mapscore: 0.9126 train_c: -1.0680 train_max_dist: 18.1810 train_imax: -0.0000 train_imin: -23.1731 time: 1.3198s
INFO:root:Epoch: 0585 lr: 0.001 train_loss: 291358.0625 train_distortion: 5.5189 train_mapscore: 0.9131 train_c: -1.0682 train_max_dist: 18.1776 train_imax: -0.0000 train_imin: -23.2826 time: 1.3374s
INFO:root:Epoch: 0590 lr: 0.001 train_loss: 290972.4688 train_distortion: 5.5497 train_mapscore: 0.9135 train_c: -1.0684 train_max_dist: 18.1470 train_imax: -0.0000 train_imin: -23.4385 time: 1.3241s
INFO:root:Epoch: 0595 lr: 0.001 train_loss: 290600.0625 train_distortion: 5.5802 train_mapscore: 0.9137 train_c: -1.0686 train_max_dist: 18.1409 train_imax: -0.0000 train_imin: -23.5556 time: 1.3189s
INFO:root:Epoch: 0600 lr: 0.001 train_loss: 290245.0000 train_distortion: 5.6105 train_mapscore: 0.9138 train_c: -1.0688 train_max_dist: 18.1886 train_imax: -0.0000 train_imin: -23.6920 time: 1.3522s
INFO:root:Epoch: 0605 lr: 0.001 train_loss: 289901.0625 train_distortion: 5.6402 train_mapscore: 0.9143 train_c: -1.0690 train_max_dist: 18.2321 train_imax: -0.0000 train_imin: -23.8026 time: 1.3616s
INFO:root:Epoch: 0610 lr: 0.001 train_loss: 289572.7500 train_distortion: 5.6686 train_mapscore: 0.9147 train_c: -1.0691 train_max_dist: 18.2728 train_imax: -0.0000 train_imin: -23.9242 time: 1.3439s
INFO:root:Epoch: 0615 lr: 0.001 train_loss: 289256.5000 train_distortion: 5.6974 train_mapscore: 0.9148 train_c: -1.0693 train_max_dist: 18.3063 train_imax: -0.0000 train_imin: -24.0468 time: 1.3469s
INFO:root:Epoch: 0620 lr: 0.001 train_loss: 288946.4375 train_distortion: 5.7251 train_mapscore: 0.9150 train_c: -1.0695 train_max_dist: 18.3334 train_imax: -0.0000 train_imin: -24.1564 time: 1.3101s
INFO:root:Epoch: 0625 lr: 0.001 train_loss: 288650.3125 train_distortion: 5.7523 train_mapscore: 0.9150 train_c: -1.0697 train_max_dist: 18.3454 train_imax: -0.0000 train_imin: -24.2797 time: 1.3364s
INFO:root:Epoch: 0630 lr: 0.001 train_loss: 288363.8125 train_distortion: 5.7785 train_mapscore: 0.9154 train_c: -1.0698 train_max_dist: 18.3491 train_imax: -0.0000 train_imin: -24.3885 time: 1.3214s
INFO:root:Epoch: 0635 lr: 0.001 train_loss: 288084.5625 train_distortion: 5.8047 train_mapscore: 0.9158 train_c: -1.0700 train_max_dist: 18.3552 train_imax: -0.0000 train_imin: -24.4901 time: 1.3165s
INFO:root:Epoch: 0640 lr: 0.001 train_loss: 287819.8125 train_distortion: 5.8303 train_mapscore: 0.9161 train_c: -1.0702 train_max_dist: 18.3574 train_imax: -0.0000 train_imin: -24.5976 time: 1.3546s
INFO:root:Epoch: 0645 lr: 0.001 train_loss: 287556.8125 train_distortion: 5.8554 train_mapscore: 0.9164 train_c: -1.0703 train_max_dist: 18.3847 train_imax: -0.0000 train_imin: -24.7009 time: 1.3662s
INFO:root:Epoch: 0650 lr: 0.001 train_loss: 287306.1250 train_distortion: 5.8799 train_mapscore: 0.9165 train_c: -1.0705 train_max_dist: 18.4247 train_imax: -0.0000 train_imin: -24.8212 time: 1.3708s
INFO:root:Epoch: 0655 lr: 0.001 train_loss: 287062.1875 train_distortion: 5.9046 train_mapscore: 0.9169 train_c: -1.0707 train_max_dist: 18.4617 train_imax: -0.0000 train_imin: -24.9224 time: 1.3727s
INFO:root:Epoch: 0660 lr: 0.001 train_loss: 286824.3750 train_distortion: 5.9286 train_mapscore: 0.9173 train_c: -1.0708 train_max_dist: 18.4969 train_imax: -0.0000 train_imin: -25.0007 time: 1.3563s
INFO:root:Epoch: 0665 lr: 0.001 train_loss: 286597.5000 train_distortion: 5.9529 train_mapscore: 0.9176 train_c: -1.0710 train_max_dist: 18.5297 train_imax: -0.0000 train_imin: -25.0972 time: 1.3342s
INFO:root:Epoch: 0670 lr: 0.001 train_loss: 286376.3125 train_distortion: 5.9766 train_mapscore: 0.9179 train_c: -1.0712 train_max_dist: 18.5553 train_imax: -0.0000 train_imin: -25.1980 time: 1.3401s
INFO:root:Epoch: 0675 lr: 0.001 train_loss: 286162.5625 train_distortion: 6.0001 train_mapscore: 0.9183 train_c: -1.0713 train_max_dist: 18.5887 train_imax: -0.0000 train_imin: -25.2768 time: 1.3409s
INFO:root:Epoch: 0680 lr: 0.001 train_loss: 285959.9062 train_distortion: 6.0236 train_mapscore: 0.9186 train_c: -1.0715 train_max_dist: 18.6373 train_imax: -0.0000 train_imin: -25.3461 time: 1.3510s
INFO:root:Epoch: 0685 lr: 0.001 train_loss: 285761.9375 train_distortion: 6.0475 train_mapscore: 0.9190 train_c: -1.0717 train_max_dist: 18.6833 train_imax: -0.0000 train_imin: -25.4045 time: 1.3690s
INFO:root:Epoch: 0690 lr: 0.001 train_loss: 285563.9375 train_distortion: 6.0699 train_mapscore: 0.9193 train_c: -1.0718 train_max_dist: 18.7280 train_imax: -0.0000 train_imin: -25.4259 time: 1.3903s
INFO:root:Epoch: 0695 lr: 0.001 train_loss: 285375.6875 train_distortion: 6.0929 train_mapscore: 0.9192 train_c: -1.0720 train_max_dist: 18.7742 train_imax: -0.0000 train_imin: -25.4596 time: 1.3958s
INFO:root:Epoch: 0700 lr: 0.001 train_loss: 285194.0312 train_distortion: 6.1154 train_mapscore: 0.9187 train_c: -1.0721 train_max_dist: 18.8151 train_imax: -0.0000 train_imin: -25.4550 time: 1.3838s
INFO:root:Epoch: 0705 lr: 0.001 train_loss: 285016.6875 train_distortion: 6.1373 train_mapscore: 0.9192 train_c: -1.0723 train_max_dist: 18.8546 train_imax: -0.0000 train_imin: -25.4366 time: 1.3879s
INFO:root:Epoch: 0710 lr: 0.001 train_loss: 284846.2500 train_distortion: 6.1591 train_mapscore: 0.9193 train_c: -1.0724 train_max_dist: 18.8912 train_imax: -0.0000 train_imin: -25.4027 time: 1.4039s
INFO:root:Epoch: 0715 lr: 0.001 train_loss: 284680.5312 train_distortion: 6.1806 train_mapscore: 0.9200 train_c: -1.0726 train_max_dist: 18.9263 train_imax: -0.0000 train_imin: -25.3807 time: 1.3509s
INFO:root:Epoch: 0720 lr: 0.001 train_loss: 284520.1562 train_distortion: 6.2013 train_mapscore: 0.9202 train_c: -1.0727 train_max_dist: 18.9589 train_imax: -0.0000 train_imin: -25.3718 time: 1.3560s
INFO:root:Epoch: 0725 lr: 0.001 train_loss: 284363.9062 train_distortion: 6.2219 train_mapscore: 0.9202 train_c: -1.0729 train_max_dist: 18.9858 train_imax: -0.0000 train_imin: -25.3807 time: 1.3558s
INFO:root:Epoch: 0730 lr: 0.001 train_loss: 284214.0312 train_distortion: 6.2428 train_mapscore: 0.9209 train_c: -1.0730 train_max_dist: 19.0135 train_imax: -0.0000 train_imin: -25.3771 time: 1.3552s
INFO:root:Epoch: 0735 lr: 0.001 train_loss: 284060.6250 train_distortion: 6.2629 train_mapscore: 0.9199 train_c: -1.0732 train_max_dist: 19.0504 train_imax: -0.0000 train_imin: -25.3570 time: 1.3998s
INFO:root:Epoch: 0740 lr: 0.001 train_loss: 283915.3438 train_distortion: 6.2826 train_mapscore: 0.9201 train_c: -1.0734 train_max_dist: 19.0841 train_imax: -0.0000 train_imin: -25.3553 time: 1.4165s
INFO:root:Epoch: 0745 lr: 0.001 train_loss: 283775.4375 train_distortion: 6.3019 train_mapscore: 0.9202 train_c: -1.0735 train_max_dist: 19.1176 train_imax: -0.0000 train_imin: -25.3327 time: 1.4055s
INFO:root:Epoch: 0750 lr: 0.001 train_loss: 283637.5625 train_distortion: 6.3212 train_mapscore: 0.9204 train_c: -1.0736 train_max_dist: 19.1496 train_imax: -0.0000 train_imin: -25.3197 time: 1.4089s
INFO:root:Epoch: 0755 lr: 0.001 train_loss: 283504.7812 train_distortion: 6.3393 train_mapscore: 0.9208 train_c: -1.0738 train_max_dist: 19.1821 train_imax: -0.0000 train_imin: -25.2743 time: 1.4008s
INFO:root:Epoch: 0760 lr: 0.001 train_loss: 283373.5000 train_distortion: 6.3578 train_mapscore: 0.9207 train_c: -1.0739 train_max_dist: 19.2112 train_imax: -0.0000 train_imin: -25.2596 time: 1.4073s
INFO:root:Epoch: 0765 lr: 0.001 train_loss: 283245.4062 train_distortion: 6.3764 train_mapscore: 0.9205 train_c: -1.0741 train_max_dist: 19.2398 train_imax: -0.0000 train_imin: -25.2515 time: 1.3831s
INFO:root:Epoch: 0770 lr: 0.001 train_loss: 283118.0000 train_distortion: 6.3943 train_mapscore: 0.9215 train_c: -1.0742 train_max_dist: 19.2682 train_imax: -0.0000 train_imin: -25.2190 time: 1.3591s
INFO:root:Epoch: 0775 lr: 0.001 train_loss: 283004.2812 train_distortion: 6.4110 train_mapscore: 0.9220 train_c: -1.0744 train_max_dist: 19.2963 train_imax: -0.0000 train_imin: -25.1888 time: 1.3559s
INFO:root:Epoch: 0780 lr: 0.001 train_loss: 282878.8750 train_distortion: 6.4288 train_mapscore: 0.9222 train_c: -1.0745 train_max_dist: 19.3207 train_imax: -0.0000 train_imin: -25.1918 time: 1.3978s
INFO:root:Epoch: 0785 lr: 0.001 train_loss: 282762.8438 train_distortion: 6.4453 train_mapscore: 0.9226 train_c: -1.0747 train_max_dist: 19.3480 train_imax: -0.0000 train_imin: -25.1705 time: 1.3889s
INFO:root:Epoch: 0790 lr: 0.001 train_loss: 282649.1875 train_distortion: 6.4623 train_mapscore: 0.9215 train_c: -1.0748 train_max_dist: 19.3735 train_imax: -0.0000 train_imin: -25.1852 time: 1.4073s
INFO:root:Epoch: 0795 lr: 0.001 train_loss: 282540.2500 train_distortion: 6.4789 train_mapscore: 0.9223 train_c: -1.0750 train_max_dist: 19.3997 train_imax: -0.0000 train_imin: -25.1493 time: 1.4074s
INFO:root:Epoch: 0800 lr: 0.001 train_loss: 282429.0938 train_distortion: 6.4954 train_mapscore: 0.9221 train_c: -1.0751 train_max_dist: 19.4238 train_imax: -0.0000 train_imin: -25.1464 time: 1.4026s
INFO:root:Epoch: 0805 lr: 0.001 train_loss: 282322.2812 train_distortion: 6.5111 train_mapscore: 0.9217 train_c: -1.0752 train_max_dist: 19.4470 train_imax: -0.0000 train_imin: -25.1123 time: 1.4094s
INFO:root:Epoch: 0810 lr: 0.001 train_loss: 282217.3438 train_distortion: 6.5272 train_mapscore: 0.9219 train_c: -1.0754 train_max_dist: 19.4689 train_imax: -0.0000 train_imin: -25.0889 time: 1.3728s
INFO:root:Epoch: 0815 lr: 0.001 train_loss: 282114.7188 train_distortion: 6.5430 train_mapscore: 0.9224 train_c: -1.0755 train_max_dist: 19.4940 train_imax: -0.0000 train_imin: -25.0573 time: 1.3788s
INFO:root:Epoch: 0820 lr: 0.001 train_loss: 282017.4062 train_distortion: 6.5583 train_mapscore: 0.9222 train_c: -1.0757 train_max_dist: 19.5143 train_imax: -0.0000 train_imin: -25.0446 time: 1.3653s
INFO:root:Epoch: 0825 lr: 0.001 train_loss: 281917.0938 train_distortion: 6.5736 train_mapscore: 0.9220 train_c: -1.0758 train_max_dist: 19.5380 train_imax: -0.0000 train_imin: -25.0237 time: 1.3763s
INFO:root:Epoch: 0830 lr: 0.001 train_loss: 281821.0625 train_distortion: 6.5882 train_mapscore: 0.9219 train_c: -1.0760 train_max_dist: 19.5597 train_imax: -0.0000 train_imin: -25.0009 time: 1.4336s
INFO:root:Epoch: 0835 lr: 0.001 train_loss: 281725.7188 train_distortion: 6.6031 train_mapscore: 0.9224 train_c: -1.0761 train_max_dist: 19.5807 train_imax: -0.0000 train_imin: -24.9479 time: 1.4333s
INFO:root:Epoch: 0840 lr: 0.001 train_loss: 281635.1562 train_distortion: 6.6173 train_mapscore: 0.9218 train_c: -1.0762 train_max_dist: 19.6015 train_imax: -0.0000 train_imin: -24.9164 time: 1.4324s
INFO:root:Epoch: 0845 lr: 0.001 train_loss: 281545.0000 train_distortion: 6.6323 train_mapscore: 0.9225 train_c: -1.0764 train_max_dist: 19.6224 train_imax: -0.0000 train_imin: -24.8926 time: 1.4296s
INFO:root:Epoch: 0850 lr: 0.001 train_loss: 281455.3750 train_distortion: 6.6468 train_mapscore: 0.9221 train_c: -1.0765 train_max_dist: 19.6394 train_imax: -0.0000 train_imin: -24.8501 time: 1.4376s
INFO:root:Epoch: 0855 lr: 0.001 train_loss: 281372.7500 train_distortion: 6.6602 train_mapscore: 0.9232 train_c: -1.0767 train_max_dist: 19.6588 train_imax: -0.0000 train_imin: -24.8171 time: 1.3844s
INFO:root:Epoch: 0860 lr: 0.001 train_loss: 281287.0000 train_distortion: 6.6749 train_mapscore: 0.9227 train_c: -1.0768 train_max_dist: 19.6766 train_imax: -0.0000 train_imin: -24.7808 time: 1.3832s
INFO:root:Epoch: 0865 lr: 0.001 train_loss: 281201.3125 train_distortion: 6.6893 train_mapscore: 0.9226 train_c: -1.0769 train_max_dist: 19.7146 train_imax: -0.0000 train_imin: -24.7457 time: 1.3847s
INFO:root:Epoch: 0870 lr: 0.001 train_loss: 281118.8750 train_distortion: 6.7036 train_mapscore: 0.9226 train_c: -1.0771 train_max_dist: 19.7655 train_imax: -0.0000 train_imin: -24.7030 time: 1.3941s
INFO:root:Epoch: 0875 lr: 0.001 train_loss: 281040.7500 train_distortion: 6.7171 train_mapscore: 0.9231 train_c: -1.0772 train_max_dist: 19.8154 train_imax: -0.0000 train_imin: -24.6644 time: 1.3790s
INFO:root:Epoch: 0880 lr: 0.001 train_loss: 280962.7500 train_distortion: 6.7312 train_mapscore: 0.9233 train_c: -1.0774 train_max_dist: 19.8633 train_imax: -0.0000 train_imin: -24.6084 time: 1.4300s
INFO:root:Epoch: 0885 lr: 0.001 train_loss: 280887.2500 train_distortion: 6.7452 train_mapscore: 0.9236 train_c: -1.0775 train_max_dist: 19.9113 train_imax: -0.0000 train_imin: -24.5519 time: 1.3975s
INFO:root:Epoch: 0890 lr: 0.001 train_loss: 280809.9375 train_distortion: 6.7580 train_mapscore: 0.9230 train_c: -1.0776 train_max_dist: 19.9579 train_imax: -0.0000 train_imin: -24.5176 time: 1.4280s
INFO:root:Epoch: 0895 lr: 0.001 train_loss: 280737.7812 train_distortion: 6.7720 train_mapscore: 0.9239 train_c: -1.0778 train_max_dist: 20.0017 train_imax: -0.0000 train_imin: -24.4610 time: 1.4101s
INFO:root:Epoch: 0900 lr: 0.001 train_loss: 280665.3750 train_distortion: 6.7848 train_mapscore: 0.9241 train_c: -1.0779 train_max_dist: 20.0437 train_imax: -0.0000 train_imin: -24.3987 time: 1.4100s
INFO:root:Epoch: 0905 lr: 0.001 train_loss: 280592.4062 train_distortion: 6.7983 train_mapscore: 0.9239 train_c: -1.0780 train_max_dist: 20.0835 train_imax: -0.0000 train_imin: -24.3442 time: 1.3699s
INFO:root:Epoch: 0910 lr: 0.001 train_loss: 280520.9688 train_distortion: 6.8116 train_mapscore: 0.9238 train_c: -1.0782 train_max_dist: 20.1240 train_imax: -0.0000 train_imin: -24.3881 time: 1.3745s
INFO:root:Epoch: 0915 lr: 0.001 train_loss: 280451.3750 train_distortion: 6.8245 train_mapscore: 0.9234 train_c: -1.0783 train_max_dist: 20.1641 train_imax: -0.0000 train_imin: -24.4405 time: 1.3872s
INFO:root:Epoch: 0920 lr: 0.001 train_loss: 280381.8438 train_distortion: 6.8376 train_mapscore: 0.9237 train_c: -1.0785 train_max_dist: 20.1962 train_imax: -0.0000 train_imin: -24.5041 time: 1.3919s
INFO:root:Epoch: 0925 lr: 0.001 train_loss: 280313.3750 train_distortion: 6.8509 train_mapscore: 0.9239 train_c: -1.0786 train_max_dist: 20.2260 train_imax: -0.0000 train_imin: -24.5530 time: 1.4457s
INFO:root:Epoch: 0930 lr: 0.001 train_loss: 280247.8750 train_distortion: 6.8630 train_mapscore: 0.9247 train_c: -1.0787 train_max_dist: 20.2561 train_imax: -0.0000 train_imin: -24.6095 time: 1.4180s
INFO:root:Epoch: 0935 lr: 0.001 train_loss: 280182.3125 train_distortion: 6.8754 train_mapscore: 0.9240 train_c: -1.0789 train_max_dist: 20.2812 train_imax: -0.0000 train_imin: -24.6702 time: 1.4488s
INFO:root:Epoch: 0940 lr: 0.001 train_loss: 280122.9062 train_distortion: 6.8878 train_mapscore: 0.9249 train_c: -1.0790 train_max_dist: 20.3044 train_imax: -0.0000 train_imin: -24.7214 time: 1.4155s
INFO:root:Epoch: 0945 lr: 0.001 train_loss: 280053.9688 train_distortion: 6.8999 train_mapscore: 0.9249 train_c: -1.0791 train_max_dist: 20.3276 train_imax: -0.0000 train_imin: -24.7750 time: 1.4164s
INFO:root:Epoch: 0950 lr: 0.001 train_loss: 279991.7500 train_distortion: 6.9119 train_mapscore: 0.9242 train_c: -1.0793 train_max_dist: 20.3464 train_imax: -0.0000 train_imin: -24.8299 time: 1.3933s
INFO:root:Epoch: 0955 lr: 0.001 train_loss: 279928.9688 train_distortion: 6.9240 train_mapscore: 0.9248 train_c: -1.0794 train_max_dist: 20.3772 train_imax: -0.0000 train_imin: -24.8865 time: 1.3846s
INFO:root:Epoch: 0960 lr: 0.001 train_loss: 279871.4375 train_distortion: 6.9353 train_mapscore: 0.9257 train_c: -1.0795 train_max_dist: 20.4219 train_imax: -0.0000 train_imin: -24.9434 time: 1.3791s
INFO:root:Epoch: 0965 lr: 0.001 train_loss: 279809.8750 train_distortion: 6.9479 train_mapscore: 0.9259 train_c: -1.0797 train_max_dist: 20.4564 train_imax: -0.0000 train_imin: -24.9881 time: 1.3744s
INFO:root:Epoch: 0970 lr: 0.001 train_loss: 279747.5938 train_distortion: 6.9592 train_mapscore: 0.9255 train_c: -1.0798 train_max_dist: 20.4987 train_imax: -0.0000 train_imin: -25.0479 time: 1.4320s
INFO:root:Epoch: 0975 lr: 0.001 train_loss: 279689.3750 train_distortion: 6.9711 train_mapscore: 0.9251 train_c: -1.0799 train_max_dist: 20.5343 train_imax: -0.0000 train_imin: -25.1050 time: 1.4453s
INFO:root:Epoch: 0980 lr: 0.001 train_loss: 279630.3438 train_distortion: 6.9828 train_mapscore: 0.9251 train_c: -1.0801 train_max_dist: 20.5779 train_imax: -0.0000 train_imin: -25.1564 time: 1.4299s
INFO:root:Epoch: 0985 lr: 0.001 train_loss: 279572.8438 train_distortion: 6.9943 train_mapscore: 0.9247 train_c: -1.0802 train_max_dist: 20.6104 train_imax: -0.0000 train_imin: -25.2146 time: 1.4386s
INFO:root:Epoch: 0990 lr: 0.001 train_loss: 279520.5000 train_distortion: 7.0055 train_mapscore: 0.9260 train_c: -1.0804 train_max_dist: 20.6510 train_imax: -0.0000 train_imin: -25.2633 time: 1.4144s
INFO:root:Epoch: 0995 lr: 0.001 train_loss: 279460.9062 train_distortion: 7.0165 train_mapscore: 0.9255 train_c: -1.0805 train_max_dist: 20.6816 train_imax: -0.0000 train_imin: -25.3189 time: 1.4253s
INFO:root:Epoch: 1000 lr: 0.001 train_loss: 279406.5000 train_distortion: 7.0275 train_mapscore: 0.9256 train_c: -1.0806 train_max_dist: 20.7201 train_imax: -0.0000 train_imin: -25.3666 time: 1.3951s
INFO:root:Epoch: 1005 lr: 0.001 train_loss: 279352.9062 train_distortion: 7.0387 train_mapscore: 0.9253 train_c: -1.0808 train_max_dist: 20.7515 train_imax: -0.0000 train_imin: -25.4186 time: 1.3980s
INFO:root:Epoch: 1010 lr: 0.001 train_loss: 279299.8438 train_distortion: 7.0495 train_mapscore: 0.9256 train_c: -1.0809 train_max_dist: 20.7971 train_imax: -0.0000 train_imin: -25.4644 time: 1.3938s
INFO:root:Epoch: 1015 lr: 0.001 train_loss: 279247.4375 train_distortion: 7.0605 train_mapscore: 0.9263 train_c: -1.0810 train_max_dist: 20.8324 train_imax: -0.0000 train_imin: -25.5155 time: 1.3822s
INFO:root:Epoch: 1020 lr: 0.001 train_loss: 279198.0625 train_distortion: 7.0718 train_mapscore: 0.9263 train_c: -1.0812 train_max_dist: 20.8617 train_imax: -0.0000 train_imin: -25.5662 time: 1.4206s
INFO:root:Epoch: 1025 lr: 0.001 train_loss: 279143.1250 train_distortion: 7.0820 train_mapscore: 0.9257 train_c: -1.0813 train_max_dist: 20.8862 train_imax: -0.0000 train_imin: -25.6078 time: 1.4381s
INFO:root:Epoch: 1030 lr: 0.001 train_loss: 279094.7500 train_distortion: 7.0926 train_mapscore: 0.9264 train_c: -1.0814 train_max_dist: 20.9253 train_imax: -0.0000 train_imin: -25.6667 time: 1.4192s
INFO:root:Epoch: 1035 lr: 0.001 train_loss: 279046.4688 train_distortion: 7.1035 train_mapscore: 0.9268 train_c: -1.0816 train_max_dist: 20.9497 train_imax: -0.0000 train_imin: -25.6999 time: 1.4146s
INFO:root:Epoch: 1040 lr: 0.001 train_loss: 279006.1250 train_distortion: 7.1132 train_mapscore: 0.9285 train_c: -1.0817 train_max_dist: 20.9922 train_imax: -0.0000 train_imin: -25.7547 time: 1.3886s
INFO:root:Epoch: 1045 lr: 0.001 train_loss: 278958.6250 train_distortion: 7.1248 train_mapscore: 0.9293 train_c: -1.0818 train_max_dist: 21.0291 train_imax: -0.0000 train_imin: -25.7940 time: 1.3777s
INFO:root:Epoch: 1050 lr: 0.001 train_loss: 278903.1250 train_distortion: 7.1353 train_mapscore: 0.9281 train_c: -1.0820 train_max_dist: 21.0508 train_imax: -0.0000 train_imin: -25.8386 time: 1.3635s
INFO:root:Epoch: 1055 lr: 0.001 train_loss: 278854.2500 train_distortion: 7.1456 train_mapscore: 0.9272 train_c: -1.0821 train_max_dist: 21.0890 train_imax: -0.0000 train_imin: -25.8882 time: 1.3892s
INFO:root:Epoch: 1060 lr: 0.001 train_loss: 278806.6562 train_distortion: 7.1558 train_mapscore: 0.9261 train_c: -1.0822 train_max_dist: 21.1102 train_imax: -0.0000 train_imin: -25.9331 time: 1.4089s
INFO:root:Epoch: 1065 lr: 0.001 train_loss: 278762.6250 train_distortion: 7.1654 train_mapscore: 0.9268 train_c: -1.0824 train_max_dist: 21.1541 train_imax: -0.0000 train_imin: -25.9836 time: 1.4300s
INFO:root:Epoch: 1070 lr: 0.001 train_loss: 278717.6875 train_distortion: 7.1757 train_mapscore: 0.9265 train_c: -1.0825 train_max_dist: 21.1785 train_imax: -0.0000 train_imin: -26.0288 time: 1.4375s
INFO:root:Epoch: 1075 lr: 0.001 train_loss: 278677.9375 train_distortion: 7.1858 train_mapscore: 0.9275 train_c: -1.0827 train_max_dist: 21.2029 train_imax: -0.0000 train_imin: -26.0768 time: 1.4225s
INFO:root:Epoch: 1080 lr: 0.001 train_loss: 278631.0312 train_distortion: 7.1955 train_mapscore: 0.9267 train_c: -1.0828 train_max_dist: 21.2371 train_imax: -0.0000 train_imin: -26.1165 time: 1.4327s
INFO:root:Epoch: 1085 lr: 0.001 train_loss: 278588.4062 train_distortion: 7.2061 train_mapscore: 0.9262 train_c: -1.0829 train_max_dist: 21.2565 train_imax: -0.0000 train_imin: -26.1617 time: 1.4412s
INFO:root:Epoch: 1090 lr: 0.001 train_loss: 278549.0625 train_distortion: 7.2162 train_mapscore: 0.9269 train_c: -1.0831 train_max_dist: 21.2932 train_imax: -0.0000 train_imin: -26.2099 time: 1.4251s
INFO:root:Epoch: 1095 lr: 0.001 train_loss: 278505.9688 train_distortion: 7.2258 train_mapscore: 0.9265 train_c: -1.0832 train_max_dist: 21.3231 train_imax: -0.0000 train_imin: -26.2600 time: 1.3926s
INFO:root:Epoch: 1100 lr: 0.001 train_loss: 278464.5000 train_distortion: 7.2361 train_mapscore: 0.9267 train_c: -1.0833 train_max_dist: 21.3453 train_imax: -0.0000 train_imin: -26.3119 time: 1.3984s
INFO:root:Epoch: 1105 lr: 0.001 train_loss: 278425.8750 train_distortion: 7.2460 train_mapscore: 0.9264 train_c: -1.0835 train_max_dist: 21.3734 train_imax: -0.0000 train_imin: -26.3484 time: 1.4091s
INFO:root:Epoch: 1110 lr: 0.001 train_loss: 278388.3750 train_distortion: 7.2555 train_mapscore: 0.9264 train_c: -1.0836 train_max_dist: 21.4056 train_imax: -0.0000 train_imin: -26.4002 time: 1.3968s
INFO:root:Epoch: 1115 lr: 0.001 train_loss: 278350.3125 train_distortion: 7.2656 train_mapscore: 0.9276 train_c: -1.0837 train_max_dist: 21.4386 train_imax: -0.0000 train_imin: -26.4606 time: 1.4077s
INFO:root:Epoch: 1120 lr: 0.001 train_loss: 278311.6250 train_distortion: 7.2754 train_mapscore: 0.9270 train_c: -1.0839 train_max_dist: 21.4626 train_imax: -0.0000 train_imin: -26.4911 time: 1.4252s
INFO:root:Epoch: 1125 lr: 0.001 train_loss: 278272.7188 train_distortion: 7.2846 train_mapscore: 0.9272 train_c: -1.0840 train_max_dist: 21.4872 train_imax: -0.0000 train_imin: -26.5455 time: 1.4233s
INFO:root:Epoch: 1130 lr: 0.001 train_loss: 278237.8125 train_distortion: 7.2948 train_mapscore: 0.9269 train_c: -1.0841 train_max_dist: 21.5146 train_imax: -0.0000 train_imin: -26.5970 time: 1.4334s
INFO:root:Epoch: 1135 lr: 0.001 train_loss: 278201.3438 train_distortion: 7.3038 train_mapscore: 0.9270 train_c: -1.0843 train_max_dist: 21.5383 train_imax: -0.0000 train_imin: -26.6467 time: 1.4410s
INFO:root:Epoch: 1140 lr: 0.001 train_loss: 278161.7188 train_distortion: 7.3134 train_mapscore: 0.9264 train_c: -1.0844 train_max_dist: 21.5612 train_imax: -0.0000 train_imin: -26.7010 time: 1.4141s
INFO:root:Epoch: 1145 lr: 0.001 train_loss: 278124.6562 train_distortion: 7.3231 train_mapscore: 0.9260 train_c: -1.0845 train_max_dist: 21.5878 train_imax: -0.0000 train_imin: -26.7487 time: 1.4009s
INFO:root:Epoch: 1150 lr: 0.001 train_loss: 278091.0312 train_distortion: 7.3319 train_mapscore: 0.9256 train_c: -1.0847 train_max_dist: 21.6199 train_imax: -0.0000 train_imin: -26.8064 time: 1.4434s
INFO:root:Epoch: 1155 lr: 0.001 train_loss: 278056.8125 train_distortion: 7.3414 train_mapscore: 0.9257 train_c: -1.0848 train_max_dist: 21.6393 train_imax: -0.0000 train_imin: -26.8473 time: 1.4191s
INFO:root:Epoch: 1160 lr: 0.001 train_loss: 278023.5938 train_distortion: 7.3500 train_mapscore: 0.9264 train_c: -1.0850 train_max_dist: 21.6719 train_imax: -0.0000 train_imin: -26.9055 time: 1.4214s
INFO:root:Epoch: 1165 lr: 0.001 train_loss: 277994.6875 train_distortion: 7.3594 train_mapscore: 0.9273 train_c: -1.0851 train_max_dist: 21.7003 train_imax: -0.0000 train_imin: -26.9456 time: 1.4340s
INFO:root:Epoch: 1170 lr: 0.001 train_loss: 277974.2812 train_distortion: 7.3681 train_mapscore: 0.9295 train_c: -1.0852 train_max_dist: 21.7312 train_imax: -0.0000 train_imin: -27.0049 time: 1.4018s
INFO:root:Epoch: 1175 lr: 0.001 train_loss: 277930.3125 train_distortion: 7.3784 train_mapscore: 0.9272 train_c: -1.0854 train_max_dist: 21.7683 train_imax: -0.0000 train_imin: -27.0476 time: 1.4369s
INFO:root:Epoch: 1180 lr: 0.001 train_loss: 277897.5312 train_distortion: 7.3873 train_mapscore: 0.9273 train_c: -1.0855 train_max_dist: 21.8015 train_imax: -0.0000 train_imin: -27.1035 time: 1.4430s
INFO:root:Epoch: 1185 lr: 0.001 train_loss: 277862.4062 train_distortion: 7.3964 train_mapscore: 0.9271 train_c: -1.0856 train_max_dist: 21.8264 train_imax: -0.0000 train_imin: -27.1542 time: 1.4628s
INFO:root:Epoch: 1190 lr: 0.001 train_loss: 277831.4375 train_distortion: 7.4051 train_mapscore: 0.9277 train_c: -1.0858 train_max_dist: 21.8582 train_imax: -0.0000 train_imin: -27.2110 time: 1.4066s
INFO:root:Epoch: 1195 lr: 0.001 train_loss: 277802.5938 train_distortion: 7.4138 train_mapscore: 0.9273 train_c: -1.0859 train_max_dist: 21.8899 train_imax: -0.0000 train_imin: -27.2595 time: 1.4017s
INFO:root:Epoch: 1200 lr: 0.001 train_loss: 277770.2188 train_distortion: 7.4229 train_mapscore: 0.9271 train_c: -1.0860 train_max_dist: 21.9158 train_imax: -0.0000 train_imin: -27.3056 time: 1.4167s
INFO:root:Epoch: 1205 lr: 0.001 train_loss: 277742.8750 train_distortion: 7.4311 train_mapscore: 0.9269 train_c: -1.0862 train_max_dist: 21.9435 train_imax: -0.0000 train_imin: -27.3588 time: 1.4223s
INFO:root:Epoch: 1210 lr: 0.001 train_loss: 277710.1250 train_distortion: 7.4399 train_mapscore: 0.9274 train_c: -1.0863 train_max_dist: 21.9771 train_imax: -0.0000 train_imin: -27.4060 time: 1.4452s
INFO:root:Epoch: 1215 lr: 0.001 train_loss: 277680.5625 train_distortion: 7.4486 train_mapscore: 0.9268 train_c: -1.0864 train_max_dist: 22.0029 train_imax: -0.0000 train_imin: -27.4611 time: 1.4572s
INFO:root:Epoch: 1220 lr: 0.001 train_loss: 277653.2812 train_distortion: 7.4566 train_mapscore: 0.9277 train_c: -1.0866 train_max_dist: 22.0315 train_imax: -0.0000 train_imin: -27.5216 time: 1.4531s
INFO:root:Epoch: 1225 lr: 0.001 train_loss: 277625.7500 train_distortion: 7.4652 train_mapscore: 0.9271 train_c: -1.0867 train_max_dist: 22.0576 train_imax: -0.0000 train_imin: -27.5683 time: 1.4547s
INFO:root:Epoch: 1230 lr: 0.001 train_loss: 277598.8438 train_distortion: 7.4734 train_mapscore: 0.9275 train_c: -1.0869 train_max_dist: 22.0852 train_imax: -0.0000 train_imin: -27.6204 time: 1.4521s
INFO:root:Epoch: 1235 lr: 0.001 train_loss: 277572.3125 train_distortion: 7.4831 train_mapscore: 0.9268 train_c: -1.0870 train_max_dist: 22.1156 train_imax: -0.0000 train_imin: -27.6696 time: 1.4192s
INFO:root:Epoch: 1240 lr: 0.001 train_loss: 277543.4062 train_distortion: 7.4907 train_mapscore: 0.9271 train_c: -1.0871 train_max_dist: 22.1421 train_imax: -0.0000 train_imin: -27.7292 time: 1.4138s
INFO:root:Epoch: 1245 lr: 0.001 train_loss: 277515.6875 train_distortion: 7.4991 train_mapscore: 0.9268 train_c: -1.0873 train_max_dist: 22.1718 train_imax: -0.0000 train_imin: -27.7850 time: 1.4520s
INFO:root:Epoch: 1250 lr: 0.001 train_loss: 277489.6875 train_distortion: 7.5073 train_mapscore: 0.9276 train_c: -1.0874 train_max_dist: 22.1980 train_imax: -0.0000 train_imin: -27.8351 time: 1.4415s
INFO:root:Epoch: 1255 lr: 0.001 train_loss: 277463.9688 train_distortion: 7.5158 train_mapscore: 0.9285 train_c: -1.0875 train_max_dist: 22.2246 train_imax: -0.0000 train_imin: -27.8891 time: 1.4444s
INFO:root:Epoch: 1260 lr: 0.001 train_loss: 277443.0625 train_distortion: 7.5235 train_mapscore: 0.9286 train_c: -1.0877 train_max_dist: 22.2643 train_imax: -0.0000 train_imin: -27.9364 time: 1.4392s
INFO:root:Epoch: 1265 lr: 0.001 train_loss: 277421.0938 train_distortion: 7.5318 train_mapscore: 0.9311 train_c: -1.0878 train_max_dist: 22.2742 train_imax: -0.0000 train_imin: -27.9841 time: 1.3957s
INFO:root:Epoch: 1270 lr: 0.001 train_loss: 277389.9375 train_distortion: 7.5404 train_mapscore: 0.9291 train_c: -1.0880 train_max_dist: 22.3011 train_imax: -0.0000 train_imin: -28.0512 time: 1.4328s
INFO:root:Epoch: 1275 lr: 0.001 train_loss: 277363.7500 train_distortion: 7.5484 train_mapscore: 0.9285 train_c: -1.0881 train_max_dist: 22.3259 train_imax: -0.0000 train_imin: -28.0956 time: 1.4434s
INFO:root:Epoch: 1280 lr: 0.001 train_loss: 277339.9375 train_distortion: 7.5566 train_mapscore: 0.9289 train_c: -1.0882 train_max_dist: 22.3517 train_imax: -0.0000 train_imin: -28.1558 time: 1.4371s
INFO:root:Epoch: 1285 lr: 0.001 train_loss: 277313.5938 train_distortion: 7.5651 train_mapscore: 0.9281 train_c: -1.0884 train_max_dist: 22.3750 train_imax: -0.0000 train_imin: -28.2129 time: 1.4184s
INFO:root:Epoch: 1290 lr: 0.001 train_loss: 277287.5000 train_distortion: 7.5731 train_mapscore: 0.9271 train_c: -1.0885 train_max_dist: 22.3986 train_imax: -0.0000 train_imin: -28.2624 time: 1.4325s
INFO:root:Epoch: 1295 lr: 0.001 train_loss: 277264.1250 train_distortion: 7.5809 train_mapscore: 0.9281 train_c: -1.0886 train_max_dist: 22.4236 train_imax: -0.0000 train_imin: -28.3159 time: 1.4293s
INFO:root:Epoch: 1300 lr: 0.001 train_loss: 277240.6250 train_distortion: 7.5890 train_mapscore: 0.9280 train_c: -1.0888 train_max_dist: 22.4575 train_imax: -0.0000 train_imin: -28.3785 time: 1.4273s
INFO:root:Epoch: 1305 lr: 0.001 train_loss: 277219.2500 train_distortion: 7.5963 train_mapscore: 0.9273 train_c: -1.0889 train_max_dist: 22.4706 train_imax: -0.0000 train_imin: -28.4259 time: 1.4680s
INFO:root:Epoch: 1310 lr: 0.001 train_loss: 277197.1875 train_distortion: 7.6054 train_mapscore: 0.9286 train_c: -1.0891 train_max_dist: 22.4960 train_imax: -0.0000 train_imin: -28.4778 time: 1.4665s
INFO:root:Epoch: 1315 lr: 0.001 train_loss: 277183.0000 train_distortion: 7.6125 train_mapscore: 0.9306 train_c: -1.0892 train_max_dist: 22.5177 train_imax: -0.0000 train_imin: -28.5389 time: 1.4167s
INFO:root:Epoch: 1320 lr: 0.001 train_loss: 277159.0938 train_distortion: 7.6210 train_mapscore: 0.9294 train_c: -1.0893 train_max_dist: 22.5391 train_imax: -0.0000 train_imin: -28.5823 time: 1.4431s
INFO:root:Epoch: 1325 lr: 0.001 train_loss: 277131.5312 train_distortion: 7.6285 train_mapscore: 0.9287 train_c: -1.0895 train_max_dist: 22.5597 train_imax: -0.0000 train_imin: -28.6428 time: 1.4761s
INFO:root:Epoch: 1330 lr: 0.001 train_loss: 277106.9688 train_distortion: 7.6363 train_mapscore: 0.9285 train_c: -1.0896 train_max_dist: 22.5784 train_imax: -0.0000 train_imin: -28.6883 time: 1.4629s
INFO:root:Epoch: 1335 lr: 0.001 train_loss: 277086.7500 train_distortion: 7.6436 train_mapscore: 0.9278 train_c: -1.0897 train_max_dist: 22.5975 train_imax: -0.0000 train_imin: -28.7499 time: 1.4245s
INFO:root:Epoch: 1340 lr: 0.001 train_loss: 277068.0938 train_distortion: 7.6517 train_mapscore: 0.9282 train_c: -1.0899 train_max_dist: 22.6173 train_imax: -0.0000 train_imin: -28.8045 time: 1.4285s
INFO:root:Epoch: 1345 lr: 0.001 train_loss: 277044.9688 train_distortion: 7.6588 train_mapscore: 0.9281 train_c: -1.0900 train_max_dist: 22.6349 train_imax: -0.0000 train_imin: -28.8604 time: 1.4243s
INFO:root:Epoch: 1350 lr: 0.001 train_loss: 277023.4375 train_distortion: 7.6667 train_mapscore: 0.9281 train_c: -1.0902 train_max_dist: 22.6523 train_imax: -0.0000 train_imin: -28.9068 time: 1.4742s
INFO:root:Epoch: 1355 lr: 0.001 train_loss: 277003.5312 train_distortion: 7.6748 train_mapscore: 0.9283 train_c: -1.0903 train_max_dist: 22.6703 train_imax: -0.0000 train_imin: -28.9653 time: 1.4645s
INFO:root:Epoch: 1360 lr: 0.001 train_loss: 276981.5000 train_distortion: 7.6820 train_mapscore: 0.9282 train_c: -1.0904 train_max_dist: 22.6854 train_imax: -0.0000 train_imin: -29.0231 time: 1.4668s
INFO:root:Epoch: 1365 lr: 0.001 train_loss: 276962.3750 train_distortion: 7.6899 train_mapscore: 0.9268 train_c: -1.0906 train_max_dist: 22.7003 train_imax: -0.0000 train_imin: -29.0743 time: 1.4763s
INFO:root:Epoch: 1370 lr: 0.001 train_loss: 276943.7188 train_distortion: 7.6977 train_mapscore: 0.9275 train_c: -1.0907 train_max_dist: 22.7155 train_imax: -0.0000 train_imin: -29.1243 time: 1.4813s
INFO:root:Epoch: 1375 lr: 0.001 train_loss: 276924.9688 train_distortion: 7.7045 train_mapscore: 0.9281 train_c: -1.0909 train_max_dist: 22.7313 train_imax: -0.0000 train_imin: -29.1774 time: 1.4648s
INFO:root:Epoch: 1380 lr: 0.001 train_loss: 276905.9375 train_distortion: 7.7121 train_mapscore: 0.9273 train_c: -1.0910 train_max_dist: 22.7407 train_imax: -0.0000 train_imin: -29.2439 time: 1.4377s
INFO:root:Epoch: 1385 lr: 0.001 train_loss: 276886.0625 train_distortion: 7.7203 train_mapscore: 0.9278 train_c: -1.0911 train_max_dist: 22.7522 train_imax: -0.0000 train_imin: -29.2914 time: 1.4299s
INFO:root:Epoch: 1390 lr: 0.001 train_loss: 276868.0625 train_distortion: 7.7281 train_mapscore: 0.9280 train_c: -1.0913 train_max_dist: 22.7650 train_imax: -0.0000 train_imin: -29.3442 time: 1.4505s
INFO:root:Epoch: 1395 lr: 0.001 train_loss: 276851.8438 train_distortion: 7.7348 train_mapscore: 0.9285 train_c: -1.0914 train_max_dist: 22.7814 train_imax: -0.0000 train_imin: -29.3988 time: 1.4456s
INFO:root:Epoch: 1400 lr: 0.001 train_loss: 276833.0625 train_distortion: 7.7420 train_mapscore: 0.9289 train_c: -1.0916 train_max_dist: 22.7870 train_imax: -0.0000 train_imin: -29.4615 time: 1.4521s
INFO:root:Epoch: 1405 lr: 0.001 train_loss: 276816.2500 train_distortion: 7.7499 train_mapscore: 0.9284 train_c: -1.0917 train_max_dist: 22.8168 train_imax: -0.0000 train_imin: -29.5085 time: 1.4623s
INFO:root:Epoch: 1410 lr: 0.001 train_loss: 276794.2500 train_distortion: 7.7570 train_mapscore: 0.9279 train_c: -1.0918 train_max_dist: 22.8055 train_imax: -0.0000 train_imin: -29.5641 time: 1.4741s
INFO:root:Epoch: 1415 lr: 0.001 train_loss: 276776.2812 train_distortion: 7.7638 train_mapscore: 0.9269 train_c: -1.0920 train_max_dist: 22.8135 train_imax: -0.0000 train_imin: -29.6183 time: 1.4811s
INFO:root:Epoch: 1420 lr: 0.001 train_loss: 276758.7500 train_distortion: 7.7715 train_mapscore: 0.9272 train_c: -1.0921 train_max_dist: 22.8293 train_imax: -0.0000 train_imin: -29.6706 time: 1.4846s
INFO:root:Epoch: 1425 lr: 0.001 train_loss: 276742.2500 train_distortion: 7.7782 train_mapscore: 0.9279 train_c: -1.0923 train_max_dist: 22.8491 train_imax: -0.0000 train_imin: -29.7157 time: 1.4430s
INFO:root:Epoch: 1430 lr: 0.001 train_loss: 276732.5625 train_distortion: 7.7868 train_mapscore: 0.9300 train_c: -1.0924 train_max_dist: 22.8678 train_imax: -0.0000 train_imin: -29.7665 time: 1.4089s
INFO:root:Epoch: 1435 lr: 0.001 train_loss: 276717.7188 train_distortion: 7.7926 train_mapscore: 0.9305 train_c: -1.0926 train_max_dist: 22.8867 train_imax: -0.0000 train_imin: -29.8400 time: 1.3966s
INFO:root:Epoch: 1440 lr: 0.001 train_loss: 276695.4688 train_distortion: 7.8011 train_mapscore: 0.9297 train_c: -1.0927 train_max_dist: 22.9047 train_imax: -0.0000 train_imin: -29.8807 time: 1.4152s
INFO:root:Epoch: 1445 lr: 0.001 train_loss: 276676.1875 train_distortion: 7.8077 train_mapscore: 0.9285 train_c: -1.0928 train_max_dist: 22.9253 train_imax: -0.0000 train_imin: -29.9327 time: 1.4307s
INFO:root:Epoch: 1450 lr: 0.001 train_loss: 276656.4062 train_distortion: 7.8137 train_mapscore: 0.9279 train_c: -1.0930 train_max_dist: 22.9512 train_imax: -0.0000 train_imin: -29.9854 time: 1.4737s
INFO:root:Epoch: 1455 lr: 0.001 train_loss: 276640.2500 train_distortion: 7.8211 train_mapscore: 0.9279 train_c: -1.0931 train_max_dist: 22.9812 train_imax: -0.0000 train_imin: -30.0333 time: 1.4891s
INFO:root:Epoch: 1460 lr: 0.001 train_loss: 276623.1875 train_distortion: 7.8289 train_mapscore: 0.9276 train_c: -1.0933 train_max_dist: 23.0083 train_imax: -0.0000 train_imin: -30.0847 time: 1.4853s
INFO:root:Epoch: 1465 lr: 0.001 train_loss: 276607.5938 train_distortion: 7.8354 train_mapscore: 0.9273 train_c: -1.0934 train_max_dist: 23.0342 train_imax: -0.0000 train_imin: -30.1310 time: 1.4925s
INFO:root:Epoch: 1470 lr: 0.001 train_loss: 276594.7188 train_distortion: 7.8414 train_mapscore: 0.9277 train_c: -1.0935 train_max_dist: 23.0640 train_imax: -0.0000 train_imin: -30.1821 time: 1.4872s
INFO:root:Epoch: 1475 lr: 0.001 train_loss: 276579.0000 train_distortion: 7.8485 train_mapscore: 0.9282 train_c: -1.0937 train_max_dist: 23.0891 train_imax: -0.0000 train_imin: -30.2150 time: 1.4311s
INFO:root:Epoch: 1480 lr: 0.001 train_loss: 276563.2500 train_distortion: 7.8557 train_mapscore: 0.9288 train_c: -1.0938 train_max_dist: 23.1210 train_imax: -0.0000 train_imin: -30.2690 time: 1.4285s
INFO:root:Epoch: 1485 lr: 0.001 train_loss: 276546.7188 train_distortion: 7.8628 train_mapscore: 0.9271 train_c: -1.0940 train_max_dist: 23.1450 train_imax: -0.0000 train_imin: -30.3161 time: 1.4517s
INFO:root:Epoch: 1490 lr: 0.001 train_loss: 276531.3750 train_distortion: 7.8692 train_mapscore: 0.9279 train_c: -1.0941 train_max_dist: 23.1727 train_imax: -0.0000 train_imin: -30.3521 time: 1.4683s
INFO:root:Epoch: 1495 lr: 0.001 train_loss: 276518.3750 train_distortion: 7.8771 train_mapscore: 0.9278 train_c: -1.0943 train_max_dist: 23.1993 train_imax: -0.0000 train_imin: -30.3960 time: 1.4757s
INFO:root:Epoch: 1500 lr: 0.001 train_loss: 276500.9375 train_distortion: 7.8828 train_mapscore: 0.9271 train_c: -1.0944 train_max_dist: 23.2227 train_imax: -0.0000 train_imin: -30.4626 time: 1.4877s
INFO:root:Epoch: 1505 lr: 0.001 train_loss: 276483.9375 train_distortion: 7.8898 train_mapscore: 0.9256 train_c: -1.0946 train_max_dist: 23.2487 train_imax: -0.0000 train_imin: -30.4836 time: 1.5093s
INFO:root:Epoch: 1510 lr: 0.001 train_loss: 276470.5000 train_distortion: 7.8966 train_mapscore: 0.9275 train_c: -1.0947 train_max_dist: 23.2770 train_imax: -0.0000 train_imin: -30.5377 time: 1.4891s
INFO:root:Epoch: 1515 lr: 0.001 train_loss: 276457.3125 train_distortion: 7.9026 train_mapscore: 0.9276 train_c: -1.0948 train_max_dist: 23.3002 train_imax: -0.0000 train_imin: -30.5855 time: 1.4792s
INFO:root:Epoch: 1520 lr: 0.001 train_loss: 276443.2812 train_distortion: 7.9087 train_mapscore: 0.9270 train_c: -1.0950 train_max_dist: 23.3260 train_imax: -0.0000 train_imin: -30.6327 time: 1.4539s
INFO:root:Epoch: 1525 lr: 0.001 train_loss: 276429.2188 train_distortion: 7.9155 train_mapscore: 0.9271 train_c: -1.0951 train_max_dist: 23.3488 train_imax: -0.0000 train_imin: -30.6585 time: 1.4553s
INFO:root:Epoch: 1530 lr: 0.001 train_loss: 276418.3125 train_distortion: 7.9219 train_mapscore: 0.9280 train_c: -1.0953 train_max_dist: 23.3727 train_imax: -0.0000 train_imin: -30.7212 time: 1.4408s
INFO:root:Epoch: 1535 lr: 0.001 train_loss: 276405.8438 train_distortion: 7.9292 train_mapscore: 0.9291 train_c: -1.0954 train_max_dist: 23.4000 train_imax: -0.0000 train_imin: -30.7590 time: 1.4152s
INFO:root:Epoch: 1540 lr: 0.001 train_loss: 276386.1562 train_distortion: 7.9339 train_mapscore: 0.9279 train_c: -1.0956 train_max_dist: 23.4224 train_imax: -0.0000 train_imin: -30.8112 time: 1.4860s
INFO:root:Epoch: 1545 lr: 0.001 train_loss: 276371.5000 train_distortion: 7.9398 train_mapscore: 0.9286 train_c: -1.0957 train_max_dist: 23.4430 train_imax: -0.0000 train_imin: -30.8554 time: 1.4804s
INFO:root:Epoch: 1550 lr: 0.001 train_loss: 276360.3750 train_distortion: 7.9468 train_mapscore: 0.9284 train_c: -1.0959 train_max_dist: 23.4756 train_imax: -0.0000 train_imin: -30.9048 time: 1.4767s
INFO:root:Epoch: 1555 lr: 0.001 train_loss: 276342.5625 train_distortion: 7.9529 train_mapscore: 0.9269 train_c: -1.0960 train_max_dist: 23.4943 train_imax: -0.0000 train_imin: -30.9564 time: 1.5008s
INFO:root:Epoch: 1560 lr: 0.001 train_loss: 276329.8125 train_distortion: 7.9594 train_mapscore: 0.9263 train_c: -1.0961 train_max_dist: 23.5140 train_imax: -0.0000 train_imin: -30.9841 time: 1.5064s
INFO:root:Epoch: 1565 lr: 0.001 train_loss: 276317.1875 train_distortion: 7.9656 train_mapscore: 0.9264 train_c: -1.0963 train_max_dist: 23.5372 train_imax: -0.0000 train_imin: -31.0427 time: 1.5054s
INFO:root:Epoch: 1570 lr: 0.001 train_loss: 276310.5625 train_distortion: 7.9708 train_mapscore: 0.9285 train_c: -1.0964 train_max_dist: 23.5557 train_imax: -0.0000 train_imin: -31.0844 time: 1.4417s
INFO:root:Epoch: 1575 lr: 0.001 train_loss: 276316.4062 train_distortion: 7.9790 train_mapscore: 0.9319 train_c: -1.0966 train_max_dist: 23.5801 train_imax: -0.0000 train_imin: -31.1234 time: 1.3746s
INFO:root:Epoch: 1580 lr: 0.001 train_loss: 276281.9688 train_distortion: 7.9834 train_mapscore: 0.9295 train_c: -1.0967 train_max_dist: 23.6051 train_imax: -0.0000 train_imin: -31.1868 time: 1.4203s
INFO:root:Epoch: 1585 lr: 0.001 train_loss: 276267.3750 train_distortion: 7.9901 train_mapscore: 0.9276 train_c: -1.0969 train_max_dist: 23.6227 train_imax: -0.0000 train_imin: -31.2420 time: 1.4410s
INFO:root:Epoch: 1590 lr: 0.001 train_loss: 276253.9062 train_distortion: 7.9955 train_mapscore: 0.9277 train_c: -1.0970 train_max_dist: 23.6453 train_imax: -0.0000 train_imin: -31.2787 time: 1.4770s
INFO:root:Epoch: 1595 lr: 0.001 train_loss: 276239.0938 train_distortion: 8.0024 train_mapscore: 0.9270 train_c: -1.0972 train_max_dist: 23.6714 train_imax: -0.0000 train_imin: -31.3138 time: 1.4949s
INFO:root:Epoch: 1600 lr: 0.001 train_loss: 276226.0938 train_distortion: 8.0077 train_mapscore: 0.9279 train_c: -1.0973 train_max_dist: 23.6897 train_imax: -0.0000 train_imin: -31.3666 time: 1.4849s
INFO:root:Epoch: 1605 lr: 0.001 train_loss: 276213.2188 train_distortion: 8.0139 train_mapscore: 0.9273 train_c: -1.0975 train_max_dist: 23.7098 train_imax: -0.0000 train_imin: -31.3954 time: 1.4857s
INFO:root:Epoch: 1610 lr: 0.001 train_loss: 276200.2812 train_distortion: 8.0199 train_mapscore: 0.9267 train_c: -1.0976 train_max_dist: 23.7327 train_imax: -0.0000 train_imin: -31.4564 time: 1.5021s
INFO:root:Epoch: 1615 lr: 0.001 train_loss: 276187.8438 train_distortion: 8.0252 train_mapscore: 0.9264 train_c: -1.0978 train_max_dist: 23.7557 train_imax: -0.0000 train_imin: -31.4873 time: 1.5018s
INFO:root:Epoch: 1620 lr: 0.001 train_loss: 276175.8125 train_distortion: 8.0313 train_mapscore: 0.9276 train_c: -1.0979 train_max_dist: 23.7762 train_imax: -0.0000 train_imin: -31.5425 time: 1.4480s
INFO:root:Epoch: 1625 lr: 0.001 train_loss: 276162.5312 train_distortion: 8.0375 train_mapscore: 0.9265 train_c: -1.0981 train_max_dist: 23.7935 train_imax: -0.0000 train_imin: -31.5947 time: 1.4861s
INFO:root:Epoch: 1630 lr: 0.001 train_loss: 276151.8125 train_distortion: 8.0430 train_mapscore: 0.9268 train_c: -1.0982 train_max_dist: 23.8099 train_imax: -0.0000 train_imin: -31.6329 time: 1.4812s
INFO:root:Epoch: 1635 lr: 0.001 train_loss: 276139.8438 train_distortion: 8.0489 train_mapscore: 0.9264 train_c: -1.0984 train_max_dist: 23.8290 train_imax: -0.0000 train_imin: -31.6829 time: 1.5097s
INFO:root:Epoch: 1640 lr: 0.001 train_loss: 276128.7188 train_distortion: 8.0536 train_mapscore: 0.9264 train_c: -1.0985 train_max_dist: 23.8553 train_imax: -0.0000 train_imin: -31.7264 time: 1.5066s
INFO:root:Epoch: 1645 lr: 0.001 train_loss: 276116.3125 train_distortion: 8.0608 train_mapscore: 0.9259 train_c: -1.0987 train_max_dist: 23.8679 train_imax: -0.0000 train_imin: -31.7676 time: 1.5146s
INFO:root:Epoch: 1650 lr: 0.001 train_loss: 276104.1250 train_distortion: 8.0657 train_mapscore: 0.9259 train_c: -1.0988 train_max_dist: 23.8862 train_imax: -0.0000 train_imin: -31.8149 time: 1.5178s
INFO:root:Epoch: 1655 lr: 0.001 train_loss: 276093.6562 train_distortion: 8.0715 train_mapscore: 0.9261 train_c: -1.0990 train_max_dist: 23.9030 train_imax: -0.0000 train_imin: -31.8645 time: 1.5106s
INFO:root:Epoch: 1660 lr: 0.001 train_loss: 276081.3125 train_distortion: 8.0776 train_mapscore: 0.9261 train_c: -1.0991 train_max_dist: 23.9218 train_imax: -0.0000 train_imin: -31.9086 time: 1.5059s
INFO:root:Epoch: 1665 lr: 0.001 train_loss: 276071.3125 train_distortion: 8.0826 train_mapscore: 0.9277 train_c: -1.0993 train_max_dist: 23.9341 train_imax: -0.0000 train_imin: -31.9571 time: 1.4516s
INFO:root:Epoch: 1670 lr: 0.001 train_loss: 276060.1875 train_distortion: 8.0889 train_mapscore: 0.9277 train_c: -1.0994 train_max_dist: 23.9607 train_imax: -0.0000 train_imin: -31.9747 time: 1.4624s
INFO:root:Epoch: 1675 lr: 0.001 train_loss: 276052.8438 train_distortion: 8.0931 train_mapscore: 0.9284 train_c: -1.0996 train_max_dist: 23.9745 train_imax: -0.0000 train_imin: -32.0376 time: 1.4436s
INFO:root:Epoch: 1680 lr: 0.001 train_loss: 276057.8125 train_distortion: 8.1005 train_mapscore: 0.9319 train_c: -1.0997 train_max_dist: 23.9918 train_imax: -0.0000 train_imin: -32.0949 time: 1.3867s
INFO:root:Epoch: 1685 lr: 0.001 train_loss: 276045.0000 train_distortion: 8.1040 train_mapscore: 0.9331 train_c: -1.0999 train_max_dist: 23.9976 train_imax: -0.0000 train_imin: -32.1210 time: 1.4060s
INFO:root:Epoch: 1690 lr: 0.001 train_loss: 276021.8750 train_distortion: 8.1111 train_mapscore: 0.9305 train_c: -1.1000 train_max_dist: 24.0092 train_imax: -0.0000 train_imin: -32.1728 time: 1.4466s
INFO:root:Epoch: 1695 lr: 0.001 train_loss: 276004.5625 train_distortion: 8.1165 train_mapscore: 0.9276 train_c: -1.1002 train_max_dist: 24.0232 train_imax: -0.0000 train_imin: -32.1915 time: 1.4895s
INFO:root:Epoch: 1700 lr: 0.001 train_loss: 275992.7812 train_distortion: 8.1213 train_mapscore: 0.9276 train_c: -1.1003 train_max_dist: 24.0326 train_imax: -0.0000 train_imin: -32.2341 time: 1.4991s
INFO:root:Epoch: 1705 lr: 0.001 train_loss: 275981.6250 train_distortion: 8.1268 train_mapscore: 0.9270 train_c: -1.1005 train_max_dist: 24.0349 train_imax: -0.0000 train_imin: -32.2717 time: 1.5031s
INFO:root:Epoch: 1710 lr: 0.001 train_loss: 275970.6875 train_distortion: 8.1322 train_mapscore: 0.9271 train_c: -1.1006 train_max_dist: 24.0400 train_imax: -0.0000 train_imin: -32.2991 time: 1.4658s
INFO:root:Epoch: 1715 lr: 0.001 train_loss: 275959.5312 train_distortion: 8.1379 train_mapscore: 0.9271 train_c: -1.1008 train_max_dist: 24.0507 train_imax: -0.0000 train_imin: -32.3541 time: 1.4639s
INFO:root:Epoch: 1720 lr: 0.001 train_loss: 275950.3125 train_distortion: 8.1426 train_mapscore: 0.9266 train_c: -1.1009 train_max_dist: 24.0559 train_imax: -0.0000 train_imin: -32.3618 time: 1.4722s
INFO:root:Epoch: 1725 lr: 0.001 train_loss: 275942.3125 train_distortion: 8.1467 train_mapscore: 0.9284 train_c: -1.1011 train_max_dist: 24.0592 train_imax: -0.0000 train_imin: -32.4233 time: 1.4462s
INFO:root:Epoch: 1730 lr: 0.001 train_loss: 275933.4375 train_distortion: 8.1531 train_mapscore: 0.9272 train_c: -1.1012 train_max_dist: 24.0667 train_imax: -0.0000 train_imin: -32.4357 time: 1.4635s
INFO:root:Epoch: 1735 lr: 0.001 train_loss: 275916.9375 train_distortion: 8.1574 train_mapscore: 0.9274 train_c: -1.1014 train_max_dist: 24.0662 train_imax: -0.0000 train_imin: -32.4728 time: 1.5000s
INFO:root:Epoch: 1740 lr: 0.001 train_loss: 275907.7188 train_distortion: 8.1626 train_mapscore: 0.9261 train_c: -1.1016 train_max_dist: 24.0723 train_imax: -0.0000 train_imin: -32.5121 time: 1.5090s
INFO:root:Epoch: 1745 lr: 0.001 train_loss: 275897.8125 train_distortion: 8.1683 train_mapscore: 0.9258 train_c: -1.1017 train_max_dist: 24.0762 train_imax: -0.0000 train_imin: -32.5492 time: 1.5188s
INFO:root:Epoch: 1750 lr: 0.001 train_loss: 275886.3438 train_distortion: 8.1734 train_mapscore: 0.9271 train_c: -1.1019 train_max_dist: 24.0837 train_imax: -0.0000 train_imin: -32.5711 time: 1.5199s
INFO:root:Epoch: 1755 lr: 0.001 train_loss: 275875.2500 train_distortion: 8.1780 train_mapscore: 0.9275 train_c: -1.1020 train_max_dist: 24.0958 train_imax: -0.0000 train_imin: -32.6057 time: 1.5139s
INFO:root:Epoch: 1760 lr: 0.001 train_loss: 275864.7188 train_distortion: 8.1834 train_mapscore: 0.9265 train_c: -1.1022 train_max_dist: 24.0785 train_imax: -0.0000 train_imin: -32.6439 time: 1.4844s
INFO:root:Epoch: 1765 lr: 0.001 train_loss: 275855.0625 train_distortion: 8.1873 train_mapscore: 0.9281 train_c: -1.1023 train_max_dist: 24.0834 train_imax: -0.0000 train_imin: -32.6739 time: 1.4639s
INFO:root:Epoch: 1770 lr: 0.001 train_loss: 275845.7188 train_distortion: 8.1923 train_mapscore: 0.9271 train_c: -1.1025 train_max_dist: 24.0817 train_imax: -0.0000 train_imin: -32.6973 time: 1.4710s
INFO:root:Epoch: 1775 lr: 0.001 train_loss: 275839.0938 train_distortion: 8.1987 train_mapscore: 0.9286 train_c: -1.1026 train_max_dist: 24.0858 train_imax: -0.0000 train_imin: -32.7231 time: 1.4512s
INFO:root:Epoch: 1780 lr: 0.001 train_loss: 275828.5625 train_distortion: 8.2010 train_mapscore: 0.9274 train_c: -1.1028 train_max_dist: 24.0856 train_imax: -0.0000 train_imin: -32.7669 time: 1.5145s
INFO:root:Epoch: 1785 lr: 0.001 train_loss: 275817.0938 train_distortion: 8.2076 train_mapscore: 0.9282 train_c: -1.1029 train_max_dist: 24.0989 train_imax: -0.0000 train_imin: -32.7918 time: 1.5107s
INFO:root:Epoch: 1790 lr: 0.001 train_loss: 275807.7812 train_distortion: 8.2118 train_mapscore: 0.9274 train_c: -1.1031 train_max_dist: 24.0897 train_imax: -0.0000 train_imin: -32.8253 time: 1.5056s
INFO:root:Epoch: 1795 lr: 0.001 train_loss: 275798.8750 train_distortion: 8.2164 train_mapscore: 0.9268 train_c: -1.1033 train_max_dist: 24.0844 train_imax: -0.0000 train_imin: -32.8362 time: 1.5135s
INFO:root:Epoch: 1800 lr: 0.001 train_loss: 275787.8750 train_distortion: 8.2217 train_mapscore: 0.9266 train_c: -1.1034 train_max_dist: 24.0789 train_imax: -0.0000 train_imin: -32.8818 time: 1.5186s
INFO:root:Epoch: 1805 lr: 0.001 train_loss: 275775.5625 train_distortion: 8.2261 train_mapscore: 0.9263 train_c: -1.1036 train_max_dist: 24.0812 train_imax: -0.0000 train_imin: -32.9032 time: 1.4891s
INFO:root:Epoch: 1810 lr: 0.001 train_loss: 275767.6562 train_distortion: 8.2310 train_mapscore: 0.9276 train_c: -1.1037 train_max_dist: 24.0795 train_imax: -0.0000 train_imin: -32.9338 time: 1.4723s
INFO:root:Epoch: 1815 lr: 0.001 train_loss: 275758.7500 train_distortion: 8.2350 train_mapscore: 0.9274 train_c: -1.1039 train_max_dist: 24.0798 train_imax: -0.0000 train_imin: -32.9725 time: 1.4771s
INFO:root:Epoch: 1820 lr: 0.001 train_loss: 275750.2812 train_distortion: 8.2393 train_mapscore: 0.9278 train_c: -1.1040 train_max_dist: 24.0782 train_imax: -0.0000 train_imin: -32.9910 time: 1.4505s
INFO:root:Epoch: 1825 lr: 0.001 train_loss: 275740.3438 train_distortion: 8.2445 train_mapscore: 0.9282 train_c: -1.1042 train_max_dist: 24.0742 train_imax: -0.0000 train_imin: -33.0340 time: 1.4878s
INFO:root:Epoch: 1830 lr: 0.001 train_loss: 275734.6250 train_distortion: 8.2482 train_mapscore: 0.9287 train_c: -1.1044 train_max_dist: 24.0752 train_imax: -0.0000 train_imin: -33.0514 time: 1.4823s
INFO:root:Epoch: 1835 lr: 0.001 train_loss: 275747.6250 train_distortion: 8.2551 train_mapscore: 0.9324 train_c: -1.1045 train_max_dist: 24.0792 train_imax: -0.0000 train_imin: -33.0690 time: 1.4152s
INFO:root:Epoch: 1840 lr: 0.001 train_loss: 275719.5938 train_distortion: 8.2565 train_mapscore: 0.9304 train_c: -1.1047 train_max_dist: 24.0730 train_imax: -0.0000 train_imin: -33.1187 time: 1.4596s
INFO:root:Epoch: 1845 lr: 0.001 train_loss: 275711.3750 train_distortion: 8.2612 train_mapscore: 0.9292 train_c: -1.1048 train_max_dist: 24.0695 train_imax: -0.0000 train_imin: -33.1398 time: 1.4638s
INFO:root:Epoch: 1850 lr: 0.001 train_loss: 275693.6875 train_distortion: 8.2667 train_mapscore: 0.9284 train_c: -1.1050 train_max_dist: 24.0818 train_imax: -0.0000 train_imin: -33.1701 time: 1.4987s
INFO:root:Epoch: 1855 lr: 0.001 train_loss: 275681.2500 train_distortion: 8.2716 train_mapscore: 0.9268 train_c: -1.1052 train_max_dist: 24.0742 train_imax: -0.0000 train_imin: -33.1904 time: 1.4784s
INFO:root:Epoch: 1860 lr: 0.001 train_loss: 275673.0000 train_distortion: 8.2767 train_mapscore: 0.9271 train_c: -1.1053 train_max_dist: 24.0640 train_imax: -0.0000 train_imin: -33.1955 time: 1.4841s
INFO:root:Epoch: 1865 lr: 0.001 train_loss: 275664.0625 train_distortion: 8.2806 train_mapscore: 0.9273 train_c: -1.1055 train_max_dist: 24.0608 train_imax: -0.0000 train_imin: -33.2169 time: 1.4704s
INFO:root:Epoch: 1870 lr: 0.001 train_loss: 275654.1562 train_distortion: 8.2841 train_mapscore: 0.9266 train_c: -1.1056 train_max_dist: 24.0575 train_imax: -0.0000 train_imin: -33.2605 time: 1.4746s
INFO:root:Epoch: 1875 lr: 0.001 train_loss: 275644.5000 train_distortion: 8.2884 train_mapscore: 0.9271 train_c: -1.1058 train_max_dist: 24.0546 train_imax: -0.0000 train_imin: -33.2865 time: 1.5148s
INFO:root:Epoch: 1880 lr: 0.001 train_loss: 275635.8125 train_distortion: 8.2934 train_mapscore: 0.9263 train_c: -1.1060 train_max_dist: 24.0532 train_imax: -0.0000 train_imin: -33.3063 time: 1.5192s
INFO:root:Epoch: 1885 lr: 0.001 train_loss: 275626.7188 train_distortion: 8.2968 train_mapscore: 0.9260 train_c: -1.1061 train_max_dist: 24.0537 train_imax: -0.0000 train_imin: -33.3253 time: 1.5296s
INFO:root:Epoch: 1890 lr: 0.001 train_loss: 275617.8750 train_distortion: 8.3014 train_mapscore: 0.9268 train_c: -1.1063 train_max_dist: 24.0488 train_imax: -0.0000 train_imin: -33.3648 time: 1.5216s
INFO:root:Epoch: 1895 lr: 0.001 train_loss: 275609.0312 train_distortion: 8.3066 train_mapscore: 0.9269 train_c: -1.1064 train_max_dist: 24.0457 train_imax: -0.0000 train_imin: -33.3707 time: 1.5149s
INFO:root:Epoch: 1900 lr: 0.001 train_loss: 275599.7500 train_distortion: 8.3103 train_mapscore: 0.9258 train_c: -1.1066 train_max_dist: 24.0449 train_imax: -0.0000 train_imin: -33.3888 time: 1.5189s
INFO:root:Epoch: 1905 lr: 0.001 train_loss: 275592.8750 train_distortion: 8.3153 train_mapscore: 0.9282 train_c: -1.1068 train_max_dist: 24.0432 train_imax: -0.0000 train_imin: -33.4252 time: 1.4534s
INFO:root:Epoch: 1910 lr: 0.001 train_loss: 275582.9688 train_distortion: 8.3182 train_mapscore: 0.9271 train_c: -1.1069 train_max_dist: 24.0367 train_imax: -0.0000 train_imin: -33.4484 time: 1.4701s
INFO:root:Epoch: 1915 lr: 0.001 train_loss: 275574.1250 train_distortion: 8.3241 train_mapscore: 0.9254 train_c: -1.1071 train_max_dist: 24.0427 train_imax: -0.0000 train_imin: -33.4687 time: 1.4858s
INFO:root:Epoch: 1920 lr: 0.001 train_loss: 275564.8438 train_distortion: 8.3275 train_mapscore: 0.9270 train_c: -1.1073 train_max_dist: 24.0283 train_imax: -0.0000 train_imin: -33.5095 time: 1.5129s
INFO:root:Epoch: 1925 lr: 0.001 train_loss: 275559.0625 train_distortion: 8.3322 train_mapscore: 0.9279 train_c: -1.1074 train_max_dist: 24.0359 train_imax: -0.0000 train_imin: -33.5128 time: 1.4861s
INFO:root:Epoch: 1930 lr: 0.001 train_loss: 275551.4375 train_distortion: 8.3359 train_mapscore: 0.9274 train_c: -1.1076 train_max_dist: 24.0564 train_imax: -0.0000 train_imin: -33.5332 time: 1.5046s
INFO:root:Epoch: 1935 lr: 0.001 train_loss: 275550.8750 train_distortion: 8.3400 train_mapscore: 0.9310 train_c: -1.1077 train_max_dist: 24.0776 train_imax: -0.0000 train_imin: -33.5616 time: 1.4462s
INFO:root:Epoch: 1940 lr: 0.001 train_loss: 275535.1875 train_distortion: 8.3441 train_mapscore: 0.9283 train_c: -1.1079 train_max_dist: 24.0967 train_imax: -0.0000 train_imin: -33.5810 time: 1.4812s
INFO:root:Epoch: 1945 lr: 0.001 train_loss: 275521.4375 train_distortion: 8.3482 train_mapscore: 0.9268 train_c: -1.1081 train_max_dist: 24.1187 train_imax: -0.0000 train_imin: -33.5973 time: 1.5091s
INFO:root:Epoch: 1950 lr: 0.001 train_loss: 275513.0938 train_distortion: 8.3526 train_mapscore: 0.9267 train_c: -1.1082 train_max_dist: 24.1429 train_imax: -0.0000 train_imin: -33.6253 time: 1.4848s
INFO:root:Epoch: 1955 lr: 0.001 train_loss: 275502.4375 train_distortion: 8.3558 train_mapscore: 0.9267 train_c: -1.1084 train_max_dist: 24.1641 train_imax: -0.0000 train_imin: -33.6409 time: 1.4812s
INFO:root:Epoch: 1960 lr: 0.001 train_loss: 275494.0938 train_distortion: 8.3608 train_mapscore: 0.9262 train_c: -1.1086 train_max_dist: 24.1863 train_imax: -0.0000 train_imin: -33.6632 time: 1.4887s
INFO:root:Epoch: 1965 lr: 0.001 train_loss: 275486.2500 train_distortion: 8.3646 train_mapscore: 0.9259 train_c: -1.1087 train_max_dist: 24.2026 train_imax: -0.0000 train_imin: -33.6868 time: 1.4908s
INFO:root:Epoch: 1970 lr: 0.001 train_loss: 275477.1875 train_distortion: 8.3687 train_mapscore: 0.9257 train_c: -1.1089 train_max_dist: 24.2251 train_imax: -0.0000 train_imin: -33.6964 time: 1.5214s
INFO:root:Epoch: 1975 lr: 0.001 train_loss: 275469.7500 train_distortion: 8.3726 train_mapscore: 0.9261 train_c: -1.1091 train_max_dist: 24.2454 train_imax: -0.0000 train_imin: -33.7202 time: 1.5209s
INFO:root:Epoch: 1980 lr: 0.001 train_loss: 275462.7500 train_distortion: 8.3781 train_mapscore: 0.9262 train_c: -1.1092 train_max_dist: 24.2686 train_imax: -0.0000 train_imin: -33.7176 time: 1.5049s
INFO:root:Epoch: 1985 lr: 0.001 train_loss: 275457.4375 train_distortion: 8.3806 train_mapscore: 0.9278 train_c: -1.1094 train_max_dist: 24.2861 train_imax: -0.0000 train_imin: -33.7516 time: 1.4804s
INFO:root:Epoch: 1990 lr: 0.001 train_loss: 275453.8125 train_distortion: 8.3864 train_mapscore: 0.9301 train_c: -1.1096 train_max_dist: 24.3069 train_imax: -0.0000 train_imin: -33.7454 time: 1.4529s
INFO:root:Epoch: 1995 lr: 0.001 train_loss: 275444.7500 train_distortion: 8.3883 train_mapscore: 0.9293 train_c: -1.1097 train_max_dist: 24.3267 train_imax: -0.0000 train_imin: -33.7823 time: 1.4208s
INFO:root:Epoch: 2000 lr: 0.00025 train_loss: 275431.9375 train_distortion: 8.3944 train_mapscore: 0.9280 train_c: -1.1099 train_max_dist: 24.3495 train_imax: -0.0000 train_imin: -33.7985 time: 1.4390s
INFO:root:Optimization Finished!
INFO:root:Total time elapsed: 2829.4040s
INFO:root:Val set results: val_distortion: 1.0000 val_mapscore: -1.0000 val_c: -1.0000 val_max_dist: 0.0000
INFO:root:Test set results: test_loss: 275428.8750 test_distortion: 8.3944 test_mapscore: 0.9279 test_c: -1.1099 test_max_dist: 24.3490 test_imax: -0.0000 test_imin: -33.8063
INFO:root:Saved model in /workspace/xiongbo/hgcn/logs/md/2021_5_23/2
