INFO:root:Using: cuda:0
INFO:root:Using seed 1234.
INFO:root:MDModel(
  (encoder): HGCN(
    (layers): Sequential(
      (0): HyperbolicGraphConvolution(
        (linear): HypLinear(
          in_features=2275, out_features=10, c=Parameter containing:
          tensor([-1.], requires_grad=True)
        )
        (agg): HypAgg(
          c=Parameter containing:
          tensor([-1.], requires_grad=True)
        )
        (hyp_act): HypAct(
          c_in=Parameter containing:
          tensor([-1.], requires_grad=True), c_out=Parameter containing:
          tensor([-1.], requires_grad=True)
        )
      )
    )
  )
  (decoder): MDDecoder()
)
INFO:root:Total number of parameters: 22762
/workspace/anaconda3/envs/geo/lib/python3.7/site-packages/torch/optim/lr_scheduler.py:370: UserWarning: To get the last learning rate computed by the scheduler, please use `get_last_lr()`.
  "please use `get_last_lr()`.", UserWarning)
INFO:root:Epoch: 0005 lr: 0.001 train_loss: 1200497.6250 train_distortion: 0.8747 train_mapscore: 0.0392 train_c: -1.0003 train_max_dist: 1.2758 train_imax: -0.0000 train_imin: -1.4309 time: 2.3798s
INFO:root:Epoch: 0010 lr: 0.001 train_loss: 1196180.8750 train_distortion: 0.8623 train_mapscore: 0.0460 train_c: -1.0003 train_max_dist: 1.4460 train_imax: -0.0000 train_imin: -1.4403 time: 2.3271s
INFO:root:Epoch: 0015 lr: 0.001 train_loss: 1190665.5000 train_distortion: 0.8423 train_mapscore: 0.0569 train_c: -1.0004 train_max_dist: 1.6595 train_imax: -0.0000 train_imin: -1.5021 time: 2.2656s
INFO:root:Epoch: 0020 lr: 0.001 train_loss: 1183611.7500 train_distortion: 0.8160 train_mapscore: 0.0705 train_c: -1.0009 train_max_dist: 1.8455 train_imax: -0.0000 train_imin: -1.5585 time: 2.1840s
INFO:root:Epoch: 0025 lr: 0.001 train_loss: 1174761.5000 train_distortion: 0.7841 train_mapscore: 0.0921 train_c: -1.0015 train_max_dist: 1.9305 train_imax: -0.0000 train_imin: -1.6081 time: 2.0864s
INFO:root:Epoch: 0030 lr: 0.001 train_loss: 1164169.8750 train_distortion: 0.7480 train_mapscore: 0.1239 train_c: -1.0021 train_max_dist: 1.9580 train_imax: -0.0000 train_imin: -1.6962 time: 2.0325s
INFO:root:Epoch: 0035 lr: 0.001 train_loss: 1152239.2500 train_distortion: 0.7096 train_mapscore: 0.1643 train_c: -1.0027 train_max_dist: 1.9372 train_imax: -0.0000 train_imin: -1.7742 time: 1.9273s
INFO:root:Epoch: 0040 lr: 0.001 train_loss: 1139538.8750 train_distortion: 0.6711 train_mapscore: 0.2105 train_c: -1.0034 train_max_dist: 2.0180 train_imax: -0.0000 train_imin: -1.8404 time: 1.8727s
INFO:root:Epoch: 0045 lr: 0.001 train_loss: 1126681.1250 train_distortion: 0.6345 train_mapscore: 0.2586 train_c: -1.0042 train_max_dist: 2.1744 train_imax: -0.0000 train_imin: -1.8940 time: 1.7910s
INFO:root:Epoch: 0050 lr: 0.001 train_loss: 1114156.7500 train_distortion: 0.6010 train_mapscore: 0.3051 train_c: -1.0049 train_max_dist: 2.3254 train_imax: -0.0000 train_imin: -1.9381 time: 1.7676s
INFO:root:Epoch: 0055 lr: 0.001 train_loss: 1102291.2500 train_distortion: 0.5712 train_mapscore: 0.3458 train_c: -1.0057 train_max_dist: 2.4628 train_imax: -0.0000 train_imin: -1.9735 time: 1.7174s
INFO:root:Epoch: 0060 lr: 0.001 train_loss: 1091160.5000 train_distortion: 0.5446 train_mapscore: 0.3837 train_c: -1.0065 train_max_dist: 2.6088 train_imax: -0.0000 train_imin: -2.0084 time: 1.6658s
INFO:root:Epoch: 0065 lr: 0.001 train_loss: 1080755.6250 train_distortion: 0.5208 train_mapscore: 0.4175 train_c: -1.0073 train_max_dist: 2.7514 train_imax: -0.0000 train_imin: -2.0569 time: 1.6497s
INFO:root:Epoch: 0070 lr: 0.001 train_loss: 1071069.7500 train_distortion: 0.4995 train_mapscore: 0.4463 train_c: -1.0081 train_max_dist: 2.9377 train_imax: -0.0000 train_imin: -2.1031 time: 1.6271s
INFO:root:Epoch: 0075 lr: 0.001 train_loss: 1062028.6250 train_distortion: 0.4802 train_mapscore: 0.4698 train_c: -1.0089 train_max_dist: 3.0829 train_imax: -0.0000 train_imin: -2.1448 time: 1.6082s
INFO:root:Epoch: 0080 lr: 0.001 train_loss: 1053515.7500 train_distortion: 0.4623 train_mapscore: 0.4976 train_c: -1.0097 train_max_dist: 3.1953 train_imax: -0.0000 train_imin: -2.1818 time: 1.6270s
INFO:root:Epoch: 0085 lr: 0.001 train_loss: 1045522.7500 train_distortion: 0.4458 train_mapscore: 0.5223 train_c: -1.0105 train_max_dist: 3.2906 train_imax: -0.0000 train_imin: -2.2166 time: 1.6190s
INFO:root:Epoch: 0090 lr: 0.001 train_loss: 1038018.8750 train_distortion: 0.4305 train_mapscore: 0.5436 train_c: -1.0113 train_max_dist: 3.3550 train_imax: -0.0000 train_imin: -2.2564 time: 1.6081s
INFO:root:Epoch: 0095 lr: 0.001 train_loss: 1031021.0000 train_distortion: 0.4164 train_mapscore: 0.5609 train_c: -1.0120 train_max_dist: 3.3982 train_imax: -0.0000 train_imin: -2.2914 time: 1.5787s
INFO:root:Epoch: 0100 lr: 0.001 train_loss: 1024506.5000 train_distortion: 0.4035 train_mapscore: 0.5761 train_c: -1.0128 train_max_dist: 3.4445 train_imax: -0.0000 train_imin: -2.3245 time: 1.5918s
INFO:root:Epoch: 0105 lr: 0.001 train_loss: 1018416.8750 train_distortion: 0.3915 train_mapscore: 0.5900 train_c: -1.0136 train_max_dist: 3.4920 train_imax: -0.0000 train_imin: -2.3498 time: 1.5770s
INFO:root:Epoch: 0110 lr: 0.001 train_loss: 1012674.6250 train_distortion: 0.3801 train_mapscore: 0.6036 train_c: -1.0144 train_max_dist: 3.5777 train_imax: -0.0000 train_imin: -2.3874 time: 1.5709s
INFO:root:Epoch: 0115 lr: 0.001 train_loss: 1007171.0625 train_distortion: 0.3693 train_mapscore: 0.6173 train_c: -1.0152 train_max_dist: 3.7051 train_imax: -0.0000 train_imin: -2.4211 time: 1.5564s
INFO:root:Epoch: 0120 lr: 0.001 train_loss: 1001877.6875 train_distortion: 0.3591 train_mapscore: 0.6304 train_c: -1.0160 train_max_dist: 3.7292 train_imax: -0.0000 train_imin: -2.4428 time: 1.5296s
INFO:root:Epoch: 0125 lr: 0.001 train_loss: 996771.3750 train_distortion: 0.3494 train_mapscore: 0.6414 train_c: -1.0167 train_max_dist: 3.8068 train_imax: -0.0000 train_imin: -2.4902 time: 1.5198s
INFO:root:Epoch: 0130 lr: 0.001 train_loss: 991891.0000 train_distortion: 0.3400 train_mapscore: 0.6525 train_c: -1.0175 train_max_dist: 3.8538 train_imax: -0.0000 train_imin: -2.5413 time: 1.5206s
INFO:root:Epoch: 0135 lr: 0.001 train_loss: 987027.3750 train_distortion: 0.3309 train_mapscore: 0.6614 train_c: -1.0183 train_max_dist: 3.9230 train_imax: -0.0000 train_imin: -2.5856 time: 1.5276s
INFO:root:Epoch: 0140 lr: 0.001 train_loss: 982293.1250 train_distortion: 0.3222 train_mapscore: 0.6689 train_c: -1.0190 train_max_dist: 4.0013 train_imax: -0.0000 train_imin: -2.6347 time: 1.5408s
INFO:root:Epoch: 0145 lr: 0.001 train_loss: 977623.3125 train_distortion: 0.3138 train_mapscore: 0.6776 train_c: -1.0198 train_max_dist: 4.0755 train_imax: -0.0000 train_imin: -2.6925 time: 1.5122s
INFO:root:Epoch: 0150 lr: 0.001 train_loss: 973008.3750 train_distortion: 0.3056 train_mapscore: 0.6854 train_c: -1.0205 train_max_dist: 4.1399 train_imax: -0.0000 train_imin: -2.7572 time: 1.5472s
INFO:root:Epoch: 0155 lr: 0.001 train_loss: 968429.5000 train_distortion: 0.2975 train_mapscore: 0.6914 train_c: -1.0213 train_max_dist: 4.2201 train_imax: -0.0000 train_imin: -2.8267 time: 1.5486s
INFO:root:Epoch: 0160 lr: 0.001 train_loss: 963841.4375 train_distortion: 0.2897 train_mapscore: 0.6982 train_c: -1.0220 train_max_dist: 4.2920 train_imax: -0.0000 train_imin: -2.8965 time: 1.5453s
INFO:root:Epoch: 0165 lr: 0.001 train_loss: 959228.2500 train_distortion: 0.2821 train_mapscore: 0.7045 train_c: -1.0228 train_max_dist: 4.3506 train_imax: -0.0000 train_imin: -2.9656 time: 1.5593s
INFO:root:Epoch: 0170 lr: 0.001 train_loss: 954581.9375 train_distortion: 0.2746 train_mapscore: 0.7115 train_c: -1.0235 train_max_dist: 4.3868 train_imax: -0.0000 train_imin: -3.0349 time: 1.5645s
INFO:root:Epoch: 0175 lr: 0.001 train_loss: 949897.2500 train_distortion: 0.2672 train_mapscore: 0.7169 train_c: -1.0242 train_max_dist: 4.4848 train_imax: -0.0000 train_imin: -3.1053 time: 1.5457s
INFO:root:Epoch: 0180 lr: 0.001 train_loss: 945158.3125 train_distortion: 0.2600 train_mapscore: 0.7227 train_c: -1.0250 train_max_dist: 4.5735 train_imax: -0.0000 train_imin: -3.1791 time: 1.5710s
INFO:root:Epoch: 0185 lr: 0.001 train_loss: 940322.0625 train_distortion: 0.2529 train_mapscore: 0.7296 train_c: -1.0257 train_max_dist: 4.6723 train_imax: -0.0000 train_imin: -3.2488 time: 1.5542s
INFO:root:Epoch: 0190 lr: 0.001 train_loss: 935396.6250 train_distortion: 0.2460 train_mapscore: 0.7330 train_c: -1.0265 train_max_dist: 4.7664 train_imax: -0.0000 train_imin: -3.3176 time: 1.5402s
INFO:root:Epoch: 0195 lr: 0.001 train_loss: 930412.7500 train_distortion: 0.2393 train_mapscore: 0.7361 train_c: -1.0272 train_max_dist: 4.8714 train_imax: -0.0000 train_imin: -3.3884 time: 1.5245s
INFO:root:Epoch: 0200 lr: 0.001 train_loss: 925383.3750 train_distortion: 0.2327 train_mapscore: 0.7403 train_c: -1.0280 train_max_dist: 4.9606 train_imax: -0.0000 train_imin: -3.4606 time: 1.5393s
INFO:root:Epoch: 0205 lr: 0.001 train_loss: 920202.3750 train_distortion: 0.2264 train_mapscore: 0.7422 train_c: -1.0287 train_max_dist: 5.0628 train_imax: -0.0000 train_imin: -3.5336 time: 1.5402s
INFO:root:Epoch: 0210 lr: 0.001 train_loss: 914944.3750 train_distortion: 0.2204 train_mapscore: 0.7426 train_c: -1.0294 train_max_dist: 5.1627 train_imax: -0.0000 train_imin: -3.6019 time: 1.5783s
INFO:root:Epoch: 0215 lr: 0.001 train_loss: 909574.1250 train_distortion: 0.2145 train_mapscore: 0.7452 train_c: -1.0302 train_max_dist: 5.2677 train_imax: -0.0000 train_imin: -3.6762 time: 1.5550s
INFO:root:Epoch: 0220 lr: 0.001 train_loss: 904068.8125 train_distortion: 0.2090 train_mapscore: 0.7438 train_c: -1.0309 train_max_dist: 5.3617 train_imax: -0.0000 train_imin: -3.7680 time: 1.5780s
INFO:root:Epoch: 0225 lr: 0.001 train_loss: 898467.1875 train_distortion: 0.2040 train_mapscore: 0.7461 train_c: -1.0317 train_max_dist: 5.4611 train_imax: -0.0000 train_imin: -3.8282 time: 1.5683s
INFO:root:Epoch: 0230 lr: 0.001 train_loss: 892758.1875 train_distortion: 0.1993 train_mapscore: 0.7494 train_c: -1.0324 train_max_dist: 5.5616 train_imax: -0.0000 train_imin: -3.9201 time: 1.5663s
INFO:root:Epoch: 0235 lr: 0.001 train_loss: 886969.9375 train_distortion: 0.1952 train_mapscore: 0.7530 train_c: -1.0332 train_max_dist: 5.6714 train_imax: -0.0000 train_imin: -3.9850 time: 1.5410s
INFO:root:Epoch: 0240 lr: 0.001 train_loss: 881080.2500 train_distortion: 0.1915 train_mapscore: 0.7562 train_c: -1.0339 train_max_dist: 5.7780 train_imax: -0.0000 train_imin: -4.0539 time: 1.5749s
INFO:root:Epoch: 0245 lr: 0.001 train_loss: 875044.2500 train_distortion: 0.1884 train_mapscore: 0.7623 train_c: -1.0347 train_max_dist: 5.8927 train_imax: -0.0000 train_imin: -4.1444 time: 1.5452s
INFO:root:Epoch: 0250 lr: 0.001 train_loss: 868868.8750 train_distortion: 0.1858 train_mapscore: 0.7738 train_c: -1.0355 train_max_dist: 6.0013 train_imax: -0.0000 train_imin: -4.2233 time: 1.5274s
INFO:root:Epoch: 0255 lr: 0.001 train_loss: 862550.3750 train_distortion: 0.1842 train_mapscore: 0.7854 train_c: -1.0362 train_max_dist: 6.1156 train_imax: -0.0000 train_imin: -4.3057 time: 1.5162s
INFO:root:Epoch: 0260 lr: 0.001 train_loss: 855936.0625 train_distortion: 0.1833 train_mapscore: 0.8035 train_c: -1.0370 train_max_dist: 6.2367 train_imax: -0.0000 train_imin: -4.3996 time: 1.4987s
INFO:root:Epoch: 0265 lr: 0.001 train_loss: 848670.3125 train_distortion: 0.1830 train_mapscore: 0.8097 train_c: -1.0377 train_max_dist: 6.3668 train_imax: -0.0000 train_imin: -4.5023 time: 1.5027s
INFO:root:Epoch: 0270 lr: 0.001 train_loss: 840483.1250 train_distortion: 0.1834 train_mapscore: 0.8160 train_c: -1.0385 train_max_dist: 6.9209 train_imax: -0.0000 train_imin: -4.6136 time: 1.4907s
INFO:root:Epoch: 0275 lr: 0.001 train_loss: 831418.7500 train_distortion: 0.1855 train_mapscore: 0.8204 train_c: -1.0393 train_max_dist: 7.8461 train_imax: -0.0000 train_imin: -4.7500 time: 1.5170s
INFO:root:Epoch: 0280 lr: 0.001 train_loss: 821683.1250 train_distortion: 0.1887 train_mapscore: 0.8246 train_c: -1.0400 train_max_dist: 8.5432 train_imax: -0.0000 train_imin: -4.8515 time: 1.5410s
INFO:root:Epoch: 0285 lr: 0.001 train_loss: 811090.1875 train_distortion: 0.1936 train_mapscore: 0.8280 train_c: -1.0408 train_max_dist: 9.9375 train_imax: -0.0000 train_imin: -4.9800 time: 1.5408s
INFO:root:Epoch: 0290 lr: 0.001 train_loss: 799741.3750 train_distortion: 0.2000 train_mapscore: 0.8302 train_c: -1.0416 train_max_dist: 8.5725 train_imax: -0.0000 train_imin: -5.1163 time: 1.5249s
INFO:root:Epoch: 0295 lr: 0.001 train_loss: 787754.7500 train_distortion: 0.2086 train_mapscore: 0.8309 train_c: -1.0424 train_max_dist: 9.7266 train_imax: -0.0000 train_imin: -5.2751 time: 1.5323s
INFO:root:Epoch: 0300 lr: 0.001 train_loss: 775385.8750 train_distortion: 0.2202 train_mapscore: 0.8322 train_c: -1.0432 train_max_dist: 9.8516 train_imax: -0.0000 train_imin: -5.4165 time: 1.5326s
INFO:root:Epoch: 0305 lr: 0.001 train_loss: 762729.0625 train_distortion: 0.2346 train_mapscore: 0.8323 train_c: -1.0439 train_max_dist: 8.9146 train_imax: 0.0286 train_imin: -5.5545 time: 1.5421s
INFO:root:Epoch: 0310 lr: 0.001 train_loss: 749792.1250 train_distortion: 0.2528 train_mapscore: 0.8341 train_c: -1.0447 train_max_dist: 9.1055 train_imax: 0.0965 train_imin: -5.7571 time: 1.5183s
INFO:root:Epoch: 0315 lr: 0.001 train_loss: 736573.5000 train_distortion: 0.2744 train_mapscore: 0.8354 train_c: -1.0455 train_max_dist: 9.3398 train_imax: 0.2015 train_imin: -6.1326 time: 1.4938s
INFO:root:Epoch: 0320 lr: 0.001 train_loss: 723124.0000 train_distortion: 0.2996 train_mapscore: 0.8365 train_c: -1.0463 train_max_dist: 9.8711 train_imax: 0.2803 train_imin: -6.5025 time: 1.5215s
INFO:root:Epoch: 0325 lr: 0.001 train_loss: 709181.8125 train_distortion: 0.3290 train_mapscore: 0.8374 train_c: -1.0471 train_max_dist: 10.1094 train_imax: 0.4297 train_imin: -6.8652 time: 1.5038s
INFO:root:Epoch: 0330 lr: 0.001 train_loss: 694891.6875 train_distortion: 0.3622 train_mapscore: 0.8396 train_c: -1.0479 train_max_dist: 9.4932 train_imax: 0.5264 train_imin: -7.1947 time: 1.5022s
INFO:root:Epoch: 0335 lr: 0.001 train_loss: 680137.1875 train_distortion: 0.4000 train_mapscore: 0.8416 train_c: -1.0487 train_max_dist: 10.2500 train_imax: 0.6476 train_imin: -7.4496 time: 1.4918s
INFO:root:Epoch: 0340 lr: 0.001 train_loss: 665034.4375 train_distortion: 0.4426 train_mapscore: 0.8437 train_c: -1.0496 train_max_dist: 10.1250 train_imax: 0.7952 train_imin: -7.6823 time: 1.5172s
INFO:root:Epoch: 0345 lr: 0.001 train_loss: 649651.6250 train_distortion: 0.4903 train_mapscore: 0.8455 train_c: -1.0504 train_max_dist: 10.5000 train_imax: 0.8815 train_imin: -7.9574 time: 1.5589s
INFO:root:Epoch: 0350 lr: 0.001 train_loss: 634096.2500 train_distortion: 0.5433 train_mapscore: 0.8460 train_c: -1.0512 train_max_dist: 10.3125 train_imax: 0.9319 train_imin: -8.2788 time: 1.5533s
INFO:root:Epoch: 0355 lr: 0.001 train_loss: 617863.3750 train_distortion: 0.6021 train_mapscore: 0.8472 train_c: -1.0521 train_max_dist: 10.5000 train_imax: 0.9635 train_imin: -8.6281 time: 1.5469s
INFO:root:Epoch: 0360 lr: 0.001 train_loss: 601634.6875 train_distortion: 0.6671 train_mapscore: 0.8482 train_c: -1.0529 train_max_dist: 10.1406 train_imax: 1.0106 train_imin: -8.9600 time: 1.5489s
INFO:root:Epoch: 0365 lr: 0.001 train_loss: 585101.2500 train_distortion: 0.7382 train_mapscore: 0.8478 train_c: -1.0538 train_max_dist: 10.4375 train_imax: 1.0154 train_imin: -9.3064 time: 1.5658s
INFO:root:Epoch: 0370 lr: 0.001 train_loss: 568265.8750 train_distortion: 0.8160 train_mapscore: 0.8490 train_c: -1.0546 train_max_dist: 10.6045 train_imax: 0.9872 train_imin: -9.6740 time: 1.5512s
INFO:root:Epoch: 0375 lr: 0.001 train_loss: 551337.8750 train_distortion: 0.9007 train_mapscore: 0.8498 train_c: -1.0555 train_max_dist: 10.9021 train_imax: 1.0083 train_imin: -10.0644 time: 1.5568s
INFO:root:Epoch: 0380 lr: 0.001 train_loss: 534287.5000 train_distortion: 0.9923 train_mapscore: 0.8516 train_c: -1.0563 train_max_dist: 11.1865 train_imax: 2.9089 train_imin: -10.4974 time: 1.5518s
INFO:root:Epoch: 0385 lr: 0.001 train_loss: 517075.0938 train_distortion: 1.0939 train_mapscore: 0.8523 train_c: -1.0572 train_max_dist: 11.4723 train_imax: 2.9456 train_imin: -10.9185 time: 1.5125s
INFO:root:Epoch: 0390 lr: 0.001 train_loss: 499525.7500 train_distortion: 1.2026 train_mapscore: 0.8528 train_c: -1.0581 train_max_dist: 11.7364 train_imax: 2.8765 train_imin: -11.3773 time: 1.5107s
INFO:root:Epoch: 0395 lr: 0.001 train_loss: 482048.7812 train_distortion: 1.3183 train_mapscore: 0.8550 train_c: -1.0590 train_max_dist: 12.0112 train_imax: 2.9666 train_imin: -11.8080 time: 1.5111s
INFO:root:Epoch: 0400 lr: 0.001 train_loss: 464991.5625 train_distortion: 1.4429 train_mapscore: 0.8558 train_c: -1.0598 train_max_dist: 12.2820 train_imax: 3.0295 train_imin: -12.2586 time: 1.5358s
INFO:root:Epoch: 0405 lr: 0.001 train_loss: 447578.1875 train_distortion: 1.5787 train_mapscore: 0.8565 train_c: -1.0607 train_max_dist: 12.5474 train_imax: 3.1256 train_imin: -12.6742 time: 1.5615s
INFO:root:Epoch: 0410 lr: 0.001 train_loss: 430796.8438 train_distortion: 1.7201 train_mapscore: 0.8582 train_c: -1.0616 train_max_dist: 12.8306 train_imax: 3.2227 train_imin: -13.1433 time: 1.5579s
INFO:root:Epoch: 0415 lr: 0.001 train_loss: 414019.6875 train_distortion: 1.8719 train_mapscore: 0.8601 train_c: -1.0624 train_max_dist: 13.1165 train_imax: 3.3111 train_imin: -13.6211 time: 1.5471s
INFO:root:Epoch: 0420 lr: 0.001 train_loss: 397549.5938 train_distortion: 2.0298 train_mapscore: 0.8604 train_c: -1.0633 train_max_dist: 13.3530 train_imax: 3.4640 train_imin: -14.0819 time: 1.5461s
INFO:root:Epoch: 0425 lr: 0.001 train_loss: 381393.6250 train_distortion: 2.1945 train_mapscore: 0.8608 train_c: -1.0641 train_max_dist: 13.6103 train_imax: 3.6669 train_imin: -14.6129 time: 1.5514s
INFO:root:Epoch: 0430 lr: 0.001 train_loss: 365587.8750 train_distortion: 2.3659 train_mapscore: 0.8621 train_c: -1.0649 train_max_dist: 13.9072 train_imax: 3.8464 train_imin: -15.1104 time: 1.5672s
INFO:root:Epoch: 0435 lr: 0.001 train_loss: 350219.6250 train_distortion: 2.5463 train_mapscore: 0.8638 train_c: -1.0658 train_max_dist: 14.2144 train_imax: 4.0555 train_imin: -15.6166 time: 1.5521s
INFO:root:Epoch: 0440 lr: 0.001 train_loss: 336146.3125 train_distortion: 2.7322 train_mapscore: 0.8645 train_c: -1.0666 train_max_dist: 14.5286 train_imax: 4.2656 train_imin: -16.0249 time: 1.5537s
INFO:root:Epoch: 0445 lr: 0.001 train_loss: 322223.5938 train_distortion: 2.9212 train_mapscore: 0.8662 train_c: -1.0673 train_max_dist: 14.8311 train_imax: 4.5076 train_imin: -16.5101 time: 1.5077s
INFO:root:Epoch: 0450 lr: 0.001 train_loss: 308617.4375 train_distortion: 3.1175 train_mapscore: 0.8680 train_c: -1.0681 train_max_dist: 15.1067 train_imax: 4.7204 train_imin: -16.9938 time: 1.5352s
INFO:root:Epoch: 0455 lr: 0.001 train_loss: 296044.0625 train_distortion: 3.3193 train_mapscore: 0.8706 train_c: -1.0688 train_max_dist: 15.3946 train_imax: 4.9275 train_imin: -17.4930 time: 1.4890s
INFO:root:Epoch: 0460 lr: 0.001 train_loss: 283840.9375 train_distortion: 3.5204 train_mapscore: 0.8713 train_c: -1.0696 train_max_dist: 15.6665 train_imax: 5.1291 train_imin: -17.9656 time: 1.5057s
INFO:root:Epoch: 0465 lr: 0.001 train_loss: 272965.0625 train_distortion: 3.7291 train_mapscore: 0.8738 train_c: -1.0703 train_max_dist: 15.9258 train_imax: 5.3301 train_imin: -18.4137 time: 1.5067s
INFO:root:Epoch: 0470 lr: 0.001 train_loss: 262307.1875 train_distortion: 3.9378 train_mapscore: 0.8752 train_c: -1.0710 train_max_dist: 16.1836 train_imax: 5.5173 train_imin: -18.8457 time: 1.5442s
INFO:root:Epoch: 0475 lr: 0.001 train_loss: 252292.0625 train_distortion: 4.1505 train_mapscore: 0.8776 train_c: -1.0716 train_max_dist: 16.4091 train_imax: 5.7366 train_imin: -19.2537 time: 1.5260s
INFO:root:Epoch: 0480 lr: 0.001 train_loss: 242796.7500 train_distortion: 4.3615 train_mapscore: 0.8792 train_c: -1.0722 train_max_dist: 16.6044 train_imax: 5.9204 train_imin: -19.6849 time: 1.5221s
INFO:root:Epoch: 0485 lr: 0.001 train_loss: 234023.0000 train_distortion: 4.5725 train_mapscore: 0.8808 train_c: -1.0728 train_max_dist: 16.7941 train_imax: 6.1112 train_imin: -20.2803 time: 1.5212s
INFO:root:Epoch: 0490 lr: 0.001 train_loss: 225861.9375 train_distortion: 4.7827 train_mapscore: 0.8822 train_c: -1.0734 train_max_dist: 17.0189 train_imax: 6.2889 train_imin: -20.7723 time: 1.5339s
INFO:root:Epoch: 0495 lr: 0.001 train_loss: 218413.1406 train_distortion: 4.9904 train_mapscore: 0.8829 train_c: -1.0740 train_max_dist: 17.1693 train_imax: 6.4649 train_imin: -21.2591 time: 1.5397s
INFO:root:Epoch: 0500 lr: 0.001 train_loss: 211442.2031 train_distortion: 5.1935 train_mapscore: 0.8846 train_c: -1.0745 train_max_dist: 17.3834 train_imax: 6.6524 train_imin: -21.7052 time: 1.5421s
INFO:root:Epoch: 0505 lr: 0.001 train_loss: 205006.6250 train_distortion: 5.4011 train_mapscore: 0.8862 train_c: -1.0751 train_max_dist: 17.6188 train_imax: 6.8442 train_imin: -22.1800 time: 1.5264s
INFO:root:Epoch: 0510 lr: 0.001 train_loss: 199218.5938 train_distortion: 5.6018 train_mapscore: 0.8871 train_c: -1.0756 train_max_dist: 17.8263 train_imax: 7.0154 train_imin: -22.4502 time: 1.4933s
INFO:root:Epoch: 0515 lr: 0.001 train_loss: 193578.1562 train_distortion: 5.8039 train_mapscore: 0.8889 train_c: -1.0761 train_max_dist: 18.0881 train_imax: 7.1660 train_imin: -22.9829 time: 1.4850s
INFO:root:Epoch: 0520 lr: 0.001 train_loss: 188199.3750 train_distortion: 5.9980 train_mapscore: 0.8893 train_c: -1.0765 train_max_dist: 18.2216 train_imax: 7.3509 train_imin: -23.3829 time: 1.4939s
INFO:root:Epoch: 0525 lr: 0.001 train_loss: 183370.5156 train_distortion: 6.1934 train_mapscore: 0.8908 train_c: -1.0770 train_max_dist: 18.3999 train_imax: 7.5550 train_imin: -23.9460 time: 1.4981s
INFO:root:Epoch: 0530 lr: 0.001 train_loss: 178822.5938 train_distortion: 6.3819 train_mapscore: 0.8923 train_c: -1.0774 train_max_dist: 18.5430 train_imax: 7.6713 train_imin: -24.2834 time: 1.4788s
INFO:root:Epoch: 0535 lr: 0.001 train_loss: 175056.5625 train_distortion: 6.5701 train_mapscore: 0.8934 train_c: -1.0778 train_max_dist: 18.7137 train_imax: 7.8339 train_imin: -24.6925 time: 1.4727s
INFO:root:Epoch: 0540 lr: 0.001 train_loss: 171338.5625 train_distortion: 6.7493 train_mapscore: 0.8947 train_c: -1.0782 train_max_dist: 18.8832 train_imax: 7.9563 train_imin: -25.1442 time: 1.5147s
INFO:root:Epoch: 0545 lr: 0.001 train_loss: 167584.8750 train_distortion: 6.9279 train_mapscore: 0.8954 train_c: -1.0786 train_max_dist: 19.0766 train_imax: 8.0911 train_imin: -25.3987 time: 1.5127s
INFO:root:Epoch: 0550 lr: 0.001 train_loss: 164504.1406 train_distortion: 7.1030 train_mapscore: 0.8969 train_c: -1.0790 train_max_dist: 19.2449 train_imax: 8.1908 train_imin: -25.7657 time: 1.5148s
INFO:root:Epoch: 0555 lr: 0.001 train_loss: 161257.0781 train_distortion: 7.2693 train_mapscore: 0.8977 train_c: -1.0793 train_max_dist: 19.3863 train_imax: 8.3203 train_imin: -26.0848 time: 1.5422s
INFO:root:Epoch: 0560 lr: 0.001 train_loss: 158785.1875 train_distortion: 7.4334 train_mapscore: 0.8993 train_c: -1.0796 train_max_dist: 19.5275 train_imax: 8.4253 train_imin: -26.5681 time: 1.5056s
INFO:root:Epoch: 0565 lr: 0.001 train_loss: 156158.1562 train_distortion: 7.5939 train_mapscore: 0.9007 train_c: -1.0800 train_max_dist: 19.7092 train_imax: 8.5712 train_imin: -26.9383 time: 1.4999s
INFO:root:Epoch: 0570 lr: 0.001 train_loss: 153155.4375 train_distortion: 7.7527 train_mapscore: 0.9016 train_c: -1.0803 train_max_dist: 19.8246 train_imax: 8.6953 train_imin: -27.1592 time: 1.5036s
INFO:root:Epoch: 0575 lr: 0.001 train_loss: 150506.5312 train_distortion: 7.9071 train_mapscore: 0.9020 train_c: -1.0806 train_max_dist: 20.0179 train_imax: 8.8168 train_imin: -27.5781 time: 1.5103s
INFO:root:Epoch: 0580 lr: 0.001 train_loss: 148266.7188 train_distortion: 8.0590 train_mapscore: 0.9034 train_c: -1.0809 train_max_dist: 20.1196 train_imax: 8.9153 train_imin: -27.9023 time: 1.4695s
INFO:root:Epoch: 0585 lr: 0.001 train_loss: 147271.2500 train_distortion: 8.2030 train_mapscore: 0.9043 train_c: -1.0812 train_max_dist: 20.2914 train_imax: 9.0249 train_imin: -28.3268 time: 1.4638s
INFO:root:Epoch: 0590 lr: 0.001 train_loss: 145122.3125 train_distortion: 8.3430 train_mapscore: 0.9055 train_c: -1.0815 train_max_dist: 20.4125 train_imax: 9.1464 train_imin: -28.6265 time: 1.4599s
INFO:root:Epoch: 0595 lr: 0.001 train_loss: 143279.2344 train_distortion: 8.4867 train_mapscore: 0.9060 train_c: -1.0817 train_max_dist: 20.4904 train_imax: 9.3153 train_imin: -28.9893 time: 1.4583s
INFO:root:Epoch: 0600 lr: 0.001 train_loss: 141544.5469 train_distortion: 8.6253 train_mapscore: 0.9073 train_c: -1.0820 train_max_dist: 20.6471 train_imax: 9.4311 train_imin: -29.2057 time: 1.4986s
INFO:root:Epoch: 0605 lr: 0.001 train_loss: 139747.5938 train_distortion: 8.7571 train_mapscore: 0.9078 train_c: -1.0822 train_max_dist: 20.7780 train_imax: 9.5148 train_imin: -29.4447 time: 1.5031s
INFO:root:Epoch: 0610 lr: 0.001 train_loss: 138164.4375 train_distortion: 8.8925 train_mapscore: 0.9086 train_c: -1.0825 train_max_dist: 20.8911 train_imax: 9.6299 train_imin: -29.8483 time: 1.4930s
INFO:root:Epoch: 0615 lr: 0.001 train_loss: 136725.6562 train_distortion: 9.0179 train_mapscore: 0.9095 train_c: -1.0827 train_max_dist: 21.0046 train_imax: 9.7876 train_imin: -30.2146 time: 1.5134s
INFO:root:Epoch: 0620 lr: 0.001 train_loss: 135022.2031 train_distortion: 9.1534 train_mapscore: 0.9099 train_c: -1.0830 train_max_dist: 21.0966 train_imax: 9.8856 train_imin: -30.3535 time: 1.4954s
INFO:root:Epoch: 0625 lr: 0.001 train_loss: 133832.7812 train_distortion: 9.2791 train_mapscore: 0.9105 train_c: -1.0832 train_max_dist: 21.2007 train_imax: 9.9863 train_imin: -30.6548 time: 1.4919s
INFO:root:Epoch: 0630 lr: 0.001 train_loss: 132598.8281 train_distortion: 9.4018 train_mapscore: 0.9105 train_c: -1.0834 train_max_dist: 21.2952 train_imax: 10.0969 train_imin: -30.9954 time: 1.4942s
INFO:root:Epoch: 0635 lr: 0.001 train_loss: 131022.3594 train_distortion: 9.5218 train_mapscore: 0.9108 train_c: -1.0836 train_max_dist: 21.3883 train_imax: 10.2163 train_imin: -31.2858 time: 1.4936s
INFO:root:Epoch: 0640 lr: 0.001 train_loss: 129007.0938 train_distortion: 9.6412 train_mapscore: 0.9117 train_c: -1.0838 train_max_dist: 21.4780 train_imax: 10.3072 train_imin: -31.4755 time: 1.4497s
INFO:root:Epoch: 0645 lr: 0.001 train_loss: 128209.6719 train_distortion: 9.7558 train_mapscore: 0.9127 train_c: -1.0840 train_max_dist: 21.5684 train_imax: 10.3938 train_imin: -31.7713 time: 1.4556s
INFO:root:Epoch: 0650 lr: 0.001 train_loss: 126783.1875 train_distortion: 9.8701 train_mapscore: 0.9132 train_c: -1.0842 train_max_dist: 21.6963 train_imax: 10.4640 train_imin: -32.1169 time: 1.4512s
INFO:root:Epoch: 0655 lr: 0.001 train_loss: 126172.6797 train_distortion: 9.9869 train_mapscore: 0.9133 train_c: -1.0844 train_max_dist: 24.0000 train_imax: 10.5890 train_imin: -32.2625 time: 1.4504s
INFO:root:Epoch: 0660 lr: 0.001 train_loss: 125505.2969 train_distortion: 10.0962 train_mapscore: 0.9138 train_c: -1.0846 train_max_dist: 21.7894 train_imax: 10.6430 train_imin: -32.5173 time: 1.4439s
INFO:root:Epoch: 0665 lr: 0.001 train_loss: 124132.5781 train_distortion: 10.2060 train_mapscore: 0.9137 train_c: -1.0848 train_max_dist: 21.8740 train_imax: 10.6915 train_imin: -32.7646 time: 1.4986s
INFO:root:Epoch: 0670 lr: 0.001 train_loss: 122927.8047 train_distortion: 10.3150 train_mapscore: 0.9145 train_c: -1.0850 train_max_dist: 21.9916 train_imax: 10.7608 train_imin: -33.0021 time: 1.4969s
INFO:root:Epoch: 0675 lr: 0.001 train_loss: 122001.4531 train_distortion: 10.4206 train_mapscore: 0.9157 train_c: -1.0851 train_max_dist: 22.0605 train_imax: 10.8355 train_imin: -33.1621 time: 1.4803s
INFO:root:Epoch: 0680 lr: 0.001 train_loss: 121102.6562 train_distortion: 10.5235 train_mapscore: 0.9159 train_c: -1.0853 train_max_dist: 22.0946 train_imax: 10.9041 train_imin: -33.2737 time: 1.4860s
INFO:root:Epoch: 0685 lr: 0.001 train_loss: 120251.8594 train_distortion: 10.6208 train_mapscore: 0.9161 train_c: -1.0855 train_max_dist: 22.1791 train_imax: 10.8826 train_imin: -33.5881 time: 1.5034s
INFO:root:Epoch: 0690 lr: 0.001 train_loss: 119331.8281 train_distortion: 10.7254 train_mapscore: 0.9165 train_c: -1.0857 train_max_dist: 22.2401 train_imax: 10.9538 train_imin: -33.7288 time: 1.4880s
INFO:root:Epoch: 0695 lr: 0.001 train_loss: 118763.0547 train_distortion: 10.8213 train_mapscore: 0.9169 train_c: -1.0858 train_max_dist: 22.2906 train_imax: 10.9913 train_imin: -33.9124 time: 1.4837s
INFO:root:Epoch: 0700 lr: 0.001 train_loss: 118120.7812 train_distortion: 10.9172 train_mapscore: 0.9178 train_c: -1.0860 train_max_dist: 22.3794 train_imax: 11.0680 train_imin: -34.1296 time: 1.4735s
INFO:root:Epoch: 0705 lr: 0.001 train_loss: 116840.0234 train_distortion: 11.0153 train_mapscore: 0.9178 train_c: -1.0861 train_max_dist: 22.4231 train_imax: 11.1371 train_imin: -34.2548 time: 1.4491s
INFO:root:Epoch: 0710 lr: 0.001 train_loss: 116155.4609 train_distortion: 11.1090 train_mapscore: 0.9182 train_c: -1.0863 train_max_dist: 22.4904 train_imax: 11.1954 train_imin: -34.6052 time: 1.4446s
INFO:root:Epoch: 0715 lr: 0.001 train_loss: 114989.9531 train_distortion: 11.1982 train_mapscore: 0.9184 train_c: -1.0864 train_max_dist: 22.5172 train_imax: 11.2621 train_imin: -34.8653 time: 1.4414s
INFO:root:Epoch: 0720 lr: 0.001 train_loss: 114716.5547 train_distortion: 11.2869 train_mapscore: 0.9191 train_c: -1.0866 train_max_dist: 22.6077 train_imax: 11.2651 train_imin: -35.0297 time: 1.4563s
INFO:root:Epoch: 0725 lr: 0.001 train_loss: 114298.9219 train_distortion: 11.3799 train_mapscore: 0.9199 train_c: -1.0867 train_max_dist: 22.7023 train_imax: 11.2830 train_imin: -35.0859 time: 1.4474s
INFO:root:Epoch: 0730 lr: 0.001 train_loss: 113447.8125 train_distortion: 11.4682 train_mapscore: 0.9196 train_c: -1.0869 train_max_dist: 22.7404 train_imax: 11.3427 train_imin: -35.2817 time: 1.4382s
INFO:root:Epoch: 0735 lr: 0.001 train_loss: 112707.2266 train_distortion: 11.5625 train_mapscore: 0.9203 train_c: -1.0870 train_max_dist: 22.7837 train_imax: 11.3402 train_imin: -35.6804 time: 1.5049s
INFO:root:Epoch: 0740 lr: 0.001 train_loss: 112075.6094 train_distortion: 11.6425 train_mapscore: 0.9200 train_c: -1.0871 train_max_dist: 22.8611 train_imax: 11.3625 train_imin: -35.8746 time: 1.4864s
INFO:root:Epoch: 0745 lr: 0.001 train_loss: 111668.8828 train_distortion: 11.7315 train_mapscore: 0.9211 train_c: -1.0873 train_max_dist: 22.9231 train_imax: 11.4272 train_imin: -35.8721 time: 1.4726s
INFO:root:Epoch: 0750 lr: 0.001 train_loss: 110680.4844 train_distortion: 11.8135 train_mapscore: 0.9214 train_c: -1.0874 train_max_dist: 22.9808 train_imax: 11.4578 train_imin: -36.0779 time: 1.4818s
INFO:root:Epoch: 0755 lr: 0.001 train_loss: 110492.6406 train_distortion: 11.8908 train_mapscore: 0.9217 train_c: -1.0875 train_max_dist: 23.0411 train_imax: 11.4383 train_imin: -36.3508 time: 1.4800s
INFO:root:Epoch: 0760 lr: 0.001 train_loss: 109674.1719 train_distortion: 11.9744 train_mapscore: 0.9217 train_c: -1.0877 train_max_dist: 23.1099 train_imax: 11.4565 train_imin: -36.5798 time: 1.4911s
INFO:root:Epoch: 0765 lr: 0.001 train_loss: 109337.1641 train_distortion: 12.0548 train_mapscore: 0.9218 train_c: -1.0878 train_max_dist: 23.1779 train_imax: 11.4518 train_imin: -36.7466 time: 1.4667s
INFO:root:Epoch: 0770 lr: 0.001 train_loss: 108731.0625 train_distortion: 12.1379 train_mapscore: 0.9227 train_c: -1.0879 train_max_dist: 23.2373 train_imax: 11.5183 train_imin: -36.8157 time: 1.4755s
INFO:root:Epoch: 0775 lr: 0.001 train_loss: 107870.3672 train_distortion: 12.2166 train_mapscore: 0.9227 train_c: -1.0880 train_max_dist: 23.2960 train_imax: 11.5044 train_imin: -37.0720 time: 1.4360s
INFO:root:Epoch: 0780 lr: 0.001 train_loss: 107821.8203 train_distortion: 12.2911 train_mapscore: 0.9231 train_c: -1.0882 train_max_dist: 23.3589 train_imax: 11.4859 train_imin: -37.0982 time: 1.4355s
INFO:root:Epoch: 0785 lr: 0.001 train_loss: 107174.8203 train_distortion: 12.3726 train_mapscore: 0.9233 train_c: -1.0883 train_max_dist: 23.4187 train_imax: 11.5196 train_imin: -37.2609 time: 1.4345s
INFO:root:Epoch: 0790 lr: 0.001 train_loss: 106672.5312 train_distortion: 12.4454 train_mapscore: 0.9232 train_c: -1.0884 train_max_dist: 23.4745 train_imax: 11.5094 train_imin: -37.3406 time: 1.4392s
INFO:root:Epoch: 0795 lr: 0.001 train_loss: 106623.0703 train_distortion: 12.5232 train_mapscore: 0.9238 train_c: -1.0885 train_max_dist: 23.5321 train_imax: 11.4922 train_imin: -37.4720 time: 1.4962s
INFO:root:Epoch: 0800 lr: 0.001 train_loss: 105756.5391 train_distortion: 12.5924 train_mapscore: 0.9240 train_c: -1.0886 train_max_dist: 23.5867 train_imax: 11.4747 train_imin: -37.6560 time: 1.4675s
INFO:root:Epoch: 0805 lr: 0.001 train_loss: 104847.4141 train_distortion: 12.6635 train_mapscore: 0.9242 train_c: -1.0887 train_max_dist: 23.6370 train_imax: 11.5509 train_imin: -37.7178 time: 1.4642s
INFO:root:Epoch: 0810 lr: 0.001 train_loss: 104562.4531 train_distortion: 12.7374 train_mapscore: 0.9246 train_c: -1.0888 train_max_dist: 23.6899 train_imax: 11.5476 train_imin: -37.8499 time: 1.4671s
INFO:root:Epoch: 0815 lr: 0.001 train_loss: 104597.0078 train_distortion: 12.8060 train_mapscore: 0.9244 train_c: -1.0889 train_max_dist: 23.7493 train_imax: 11.5664 train_imin: -37.9727 time: 1.4881s
INFO:root:Epoch: 0820 lr: 0.001 train_loss: 104037.5859 train_distortion: 12.8771 train_mapscore: 0.9250 train_c: -1.0890 train_max_dist: 23.7944 train_imax: 11.6028 train_imin: -38.0295 time: 1.4673s
INFO:root:Epoch: 0825 lr: 0.001 train_loss: 103724.8438 train_distortion: 12.9507 train_mapscore: 0.9259 train_c: -1.0892 train_max_dist: 23.8457 train_imax: 11.6004 train_imin: -38.1324 time: 1.4582s
INFO:root:Epoch: 0830 lr: 0.001 train_loss: 103315.4453 train_distortion: 13.0217 train_mapscore: 0.9258 train_c: -1.0893 train_max_dist: 23.8928 train_imax: 11.6373 train_imin: -38.2220 time: 1.4671s
INFO:root:Epoch: 0835 lr: 0.001 train_loss: 103908.3359 train_distortion: 13.0855 train_mapscore: 0.9259 train_c: -1.0894 train_max_dist: 23.9368 train_imax: 11.5921 train_imin: -38.3626 time: 1.4336s
INFO:root:Epoch: 0840 lr: 0.001 train_loss: 103546.2578 train_distortion: 13.1487 train_mapscore: 0.9263 train_c: -1.0895 train_max_dist: 23.9952 train_imax: 11.6274 train_imin: -38.3191 time: 1.4594s
INFO:root:Epoch: 0845 lr: 0.001 train_loss: 102414.8594 train_distortion: 13.2186 train_mapscore: 0.9264 train_c: -1.0896 train_max_dist: 24.0320 train_imax: 11.6720 train_imin: -38.5078 time: 1.4330s
INFO:root:Epoch: 0850 lr: 0.001 train_loss: 102642.6797 train_distortion: 13.2819 train_mapscore: 0.9271 train_c: -1.0897 train_max_dist: 24.0836 train_imax: 11.6317 train_imin: -38.5942 time: 1.4265s
INFO:root:Epoch: 0855 lr: 0.001 train_loss: 102042.2734 train_distortion: 13.3467 train_mapscore: 0.9275 train_c: -1.0897 train_max_dist: 24.1390 train_imax: 11.6641 train_imin: -38.5193 time: 1.4557s
INFO:root:Epoch: 0860 lr: 0.001 train_loss: 101805.5781 train_distortion: 13.4055 train_mapscore: 0.9280 train_c: -1.0898 train_max_dist: 24.1885 train_imax: 11.6376 train_imin: -38.6878 time: 1.4730s
INFO:root:Epoch: 0865 lr: 0.001 train_loss: 101422.3750 train_distortion: 13.4677 train_mapscore: 0.9277 train_c: -1.0899 train_max_dist: 24.2290 train_imax: 11.6830 train_imin: -38.7289 time: 1.4800s
INFO:root:Epoch: 0870 lr: 0.001 train_loss: 101390.6719 train_distortion: 13.5267 train_mapscore: 0.9281 train_c: -1.0900 train_max_dist: 24.2833 train_imax: 11.6462 train_imin: -38.7324 time: 1.4832s
INFO:root:Epoch: 0875 lr: 0.001 train_loss: 100931.0234 train_distortion: 13.5899 train_mapscore: 0.9289 train_c: -1.0901 train_max_dist: 24.3353 train_imax: 11.6394 train_imin: -38.8622 time: 1.4563s
INFO:root:Epoch: 0880 lr: 0.001 train_loss: 100328.1406 train_distortion: 13.6490 train_mapscore: 0.9287 train_c: -1.0902 train_max_dist: 24.3801 train_imax: 11.6882 train_imin: -38.8994 time: 1.4623s
INFO:root:Epoch: 0885 lr: 0.001 train_loss: 99830.2656 train_distortion: 13.7070 train_mapscore: 0.9293 train_c: -1.0903 train_max_dist: 24.4207 train_imax: 11.6949 train_imin: -38.9004 time: 1.4598s
INFO:root:Epoch: 0890 lr: 0.001 train_loss: 99360.5156 train_distortion: 13.7645 train_mapscore: 0.9295 train_c: -1.0904 train_max_dist: 24.4712 train_imax: 11.6666 train_imin: -39.0010 time: 1.4642s
INFO:root:Epoch: 0895 lr: 0.001 train_loss: 99205.9219 train_distortion: 13.8218 train_mapscore: 0.9293 train_c: -1.0905 train_max_dist: 24.5203 train_imax: 11.7004 train_imin: -39.1216 time: 1.4575s
INFO:root:Epoch: 0900 lr: 0.001 train_loss: 98967.4844 train_distortion: 13.8818 train_mapscore: 0.9292 train_c: -1.0906 train_max_dist: 24.5635 train_imax: 11.7670 train_imin: -39.1351 time: 1.4331s
INFO:root:Epoch: 0905 lr: 0.001 train_loss: 98549.4766 train_distortion: 13.9376 train_mapscore: 0.9300 train_c: -1.0906 train_max_dist: 24.6147 train_imax: 11.7810 train_imin: -39.1945 time: 1.4258s
INFO:root:Epoch: 0910 lr: 0.001 train_loss: 98636.4688 train_distortion: 13.9950 train_mapscore: 0.9302 train_c: -1.0907 train_max_dist: 24.6536 train_imax: 11.7551 train_imin: -39.3182 time: 1.4465s
INFO:root:Epoch: 0915 lr: 0.001 train_loss: 97896.0234 train_distortion: 14.0476 train_mapscore: 0.9300 train_c: -1.0908 train_max_dist: 24.7012 train_imax: 11.7728 train_imin: -39.2299 time: 1.4292s
INFO:root:Epoch: 0920 lr: 0.001 train_loss: 97589.7969 train_distortion: 14.1093 train_mapscore: 0.9301 train_c: -1.0909 train_max_dist: 24.7437 train_imax: 11.7815 train_imin: -39.3226 time: 1.4562s
INFO:root:Epoch: 0925 lr: 0.001 train_loss: 97788.8594 train_distortion: 14.1592 train_mapscore: 0.9304 train_c: -1.0910 train_max_dist: 24.7908 train_imax: 11.7859 train_imin: -39.4706 time: 1.4631s
INFO:root:Epoch: 0930 lr: 0.001 train_loss: 97313.2344 train_distortion: 14.2129 train_mapscore: 0.9311 train_c: -1.0911 train_max_dist: 24.8335 train_imax: 11.8268 train_imin: -39.4537 time: 1.4622s
INFO:root:Epoch: 0935 lr: 0.001 train_loss: 97124.2266 train_distortion: 14.2695 train_mapscore: 0.9315 train_c: -1.0911 train_max_dist: 24.8826 train_imax: 11.8455 train_imin: -39.4680 time: 1.4638s
INFO:root:Epoch: 0940 lr: 0.001 train_loss: 97174.9375 train_distortion: 14.3146 train_mapscore: 0.9315 train_c: -1.0912 train_max_dist: 24.9045 train_imax: 11.8715 train_imin: -39.6562 time: 1.4900s
INFO:root:Epoch: 0945 lr: 0.001 train_loss: 96499.9062 train_distortion: 14.3671 train_mapscore: 0.9318 train_c: -1.0913 train_max_dist: 24.9531 train_imax: 11.7973 train_imin: -39.7930 time: 1.4983s
INFO:root:Epoch: 0950 lr: 0.001 train_loss: 97465.7500 train_distortion: 14.4151 train_mapscore: 0.9316 train_c: -1.0914 train_max_dist: 24.9885 train_imax: 11.7931 train_imin: -39.7442 time: 1.4699s
INFO:root:Epoch: 0955 lr: 0.001 train_loss: 96945.5625 train_distortion: 14.4657 train_mapscore: 0.9324 train_c: -1.0914 train_max_dist: 25.0159 train_imax: 11.7784 train_imin: -39.6629 time: 1.4604s
INFO:root:Epoch: 0960 lr: 0.001 train_loss: 96669.6953 train_distortion: 14.5137 train_mapscore: 0.9326 train_c: -1.0915 train_max_dist: 25.0742 train_imax: 11.8251 train_imin: -39.8131 time: 1.4578s
INFO:root:Epoch: 0965 lr: 0.001 train_loss: 95889.2500 train_distortion: 14.5642 train_mapscore: 0.9326 train_c: -1.0916 train_max_dist: 25.1006 train_imax: 11.7762 train_imin: -40.2653 time: 1.4564s
INFO:root:Epoch: 0970 lr: 0.001 train_loss: 95891.5547 train_distortion: 14.6113 train_mapscore: 0.9331 train_c: -1.0917 train_max_dist: 25.1401 train_imax: 11.8120 train_imin: -40.2832 time: 1.4271s
INFO:root:Epoch: 0975 lr: 0.001 train_loss: 95747.3047 train_distortion: 14.6586 train_mapscore: 0.9327 train_c: -1.0917 train_max_dist: 25.1848 train_imax: 11.7687 train_imin: -40.1359 time: 1.4301s
INFO:root:Epoch: 0980 lr: 0.001 train_loss: 95801.8047 train_distortion: 14.7098 train_mapscore: 0.9335 train_c: -1.0918 train_max_dist: 25.2163 train_imax: 11.7724 train_imin: -40.3424 time: 1.4244s
INFO:root:Epoch: 0985 lr: 0.001 train_loss: 95251.7891 train_distortion: 14.7488 train_mapscore: 0.9333 train_c: -1.0919 train_max_dist: 25.2578 train_imax: 11.8224 train_imin: -40.6451 time: 1.4234s
INFO:root:Epoch: 0990 lr: 0.001 train_loss: 95166.0312 train_distortion: 14.7959 train_mapscore: 0.9335 train_c: -1.0920 train_max_dist: 25.2878 train_imax: 11.8376 train_imin: -40.7467 time: 1.4750s
INFO:root:Epoch: 0995 lr: 0.001 train_loss: 94937.5312 train_distortion: 14.8434 train_mapscore: 0.9334 train_c: -1.0920 train_max_dist: 25.3230 train_imax: 11.7917 train_imin: -40.9484 time: 1.4602s
INFO:root:Epoch: 1000 lr: 0.001 train_loss: 94456.7969 train_distortion: 14.8920 train_mapscore: 0.9342 train_c: -1.0921 train_max_dist: 25.3625 train_imax: 11.8633 train_imin: -41.0342 time: 1.4453s
INFO:root:Epoch: 1005 lr: 0.001 train_loss: 94480.4062 train_distortion: 14.9325 train_mapscore: 0.9339 train_c: -1.0922 train_max_dist: 25.4031 train_imax: 11.8224 train_imin: -41.3331 time: 1.4567s
INFO:root:Epoch: 1010 lr: 0.001 train_loss: 94134.3516 train_distortion: 14.9834 train_mapscore: 0.9347 train_c: -1.0922 train_max_dist: 25.4553 train_imax: 11.8115 train_imin: -41.5826 time: 1.4603s
INFO:root:Epoch: 1015 lr: 0.001 train_loss: 93996.2500 train_distortion: 15.0270 train_mapscore: 0.9335 train_c: -1.0923 train_max_dist: 25.4922 train_imax: 11.7552 train_imin: -41.4341 time: 1.4828s
INFO:root:Epoch: 1020 lr: 0.001 train_loss: 94107.7031 train_distortion: 15.0757 train_mapscore: 0.9344 train_c: -1.0924 train_max_dist: 25.5122 train_imax: 11.8923 train_imin: -41.6142 time: 1.4562s
INFO:root:Epoch: 1025 lr: 0.001 train_loss: 94142.0312 train_distortion: 15.1212 train_mapscore: 0.9344 train_c: -1.0924 train_max_dist: 25.5576 train_imax: 11.8340 train_imin: -41.8597 time: 1.4697s
INFO:root:Epoch: 1030 lr: 0.001 train_loss: 94112.3359 train_distortion: 15.1663 train_mapscore: 0.9342 train_c: -1.0925 train_max_dist: 25.5815 train_imax: 11.8264 train_imin: -41.8989 time: 1.4301s
INFO:root:Epoch: 1035 lr: 0.001 train_loss: 93300.0469 train_distortion: 15.2020 train_mapscore: 0.9352 train_c: -1.0926 train_max_dist: 25.6150 train_imax: 11.8526 train_imin: -42.0201 time: 1.4147s
INFO:root:Epoch: 1040 lr: 0.001 train_loss: 92924.1406 train_distortion: 15.2450 train_mapscore: 0.9353 train_c: -1.0926 train_max_dist: 25.6516 train_imax: 11.8053 train_imin: -42.0897 time: 1.4233s
INFO:root:Epoch: 1045 lr: 0.001 train_loss: 93210.3828 train_distortion: 15.2884 train_mapscore: 0.9354 train_c: -1.0927 train_max_dist: 25.6858 train_imax: 11.8858 train_imin: -42.3107 time: 1.4285s
INFO:root:Epoch: 1050 lr: 0.001 train_loss: 92989.2578 train_distortion: 15.3305 train_mapscore: 0.9354 train_c: -1.0928 train_max_dist: 25.7219 train_imax: 11.8534 train_imin: -42.3960 time: 1.4256s
INFO:root:Epoch: 1055 lr: 0.001 train_loss: 92862.8516 train_distortion: 15.3776 train_mapscore: 0.9357 train_c: -1.0928 train_max_dist: 25.7480 train_imax: 11.8403 train_imin: -42.4732 time: 1.4656s
INFO:root:Epoch: 1060 lr: 0.001 train_loss: 93357.7109 train_distortion: 15.4028 train_mapscore: 0.9357 train_c: -1.0929 train_max_dist: 25.7717 train_imax: 11.7869 train_imin: -42.7969 time: 1.4618s
INFO:root:Epoch: 1065 lr: 0.001 train_loss: 93517.2188 train_distortion: 15.4584 train_mapscore: 0.9362 train_c: -1.0929 train_max_dist: 25.8203 train_imax: 11.7884 train_imin: -42.9075 time: 1.4519s
INFO:root:Epoch: 1070 lr: 0.001 train_loss: 92725.1016 train_distortion: 15.4839 train_mapscore: 0.9363 train_c: -1.0930 train_max_dist: 25.8296 train_imax: 11.8611 train_imin: -42.7295 time: 1.4431s
INFO:root:Epoch: 1075 lr: 0.001 train_loss: 91717.1875 train_distortion: 15.5299 train_mapscore: 0.9357 train_c: -1.0931 train_max_dist: 25.8682 train_imax: 11.9194 train_imin: -42.9389 time: 1.4697s
INFO:root:Epoch: 1080 lr: 0.001 train_loss: 91941.2266 train_distortion: 15.5626 train_mapscore: 0.9370 train_c: -1.0931 train_max_dist: 25.9060 train_imax: 11.8799 train_imin: -43.3611 time: 1.4666s
INFO:root:Epoch: 1085 lr: 0.001 train_loss: 91547.5547 train_distortion: 15.6113 train_mapscore: 0.9361 train_c: -1.0932 train_max_dist: 25.9473 train_imax: 11.8605 train_imin: -43.4392 time: 1.4552s
INFO:root:Epoch: 1090 lr: 0.001 train_loss: 91528.6797 train_distortion: 15.6443 train_mapscore: 0.9370 train_c: -1.0933 train_max_dist: 25.9673 train_imax: 11.9478 train_imin: -43.2700 time: 1.4556s
INFO:root:Epoch: 1095 lr: 0.001 train_loss: 91074.3125 train_distortion: 15.6903 train_mapscore: 0.9374 train_c: -1.0933 train_max_dist: 26.0020 train_imax: 11.8983 train_imin: -43.5866 time: 1.4268s
INFO:root:Epoch: 1100 lr: 0.001 train_loss: 91334.0469 train_distortion: 15.7226 train_mapscore: 0.9374 train_c: -1.0934 train_max_dist: 26.0308 train_imax: 11.9448 train_imin: -43.7119 time: 1.4149s
INFO:root:Epoch: 1105 lr: 0.001 train_loss: 90665.7266 train_distortion: 15.7692 train_mapscore: 0.9372 train_c: -1.0934 train_max_dist: 26.0625 train_imax: 11.9401 train_imin: -43.9137 time: 1.4445s
INFO:root:Epoch: 1110 lr: 0.001 train_loss: 90413.9062 train_distortion: 15.8043 train_mapscore: 0.9375 train_c: -1.0935 train_max_dist: 26.0859 train_imax: 11.8972 train_imin: -43.7049 time: 1.4188s
INFO:root:Epoch: 1115 lr: 0.001 train_loss: 91538.9531 train_distortion: 15.8450 train_mapscore: 0.9378 train_c: -1.0935 train_max_dist: 26.1233 train_imax: 11.8701 train_imin: -43.9397 time: 1.4262s
INFO:root:Epoch: 1120 lr: 0.001 train_loss: 91021.2344 train_distortion: 15.8888 train_mapscore: 0.9375 train_c: -1.0936 train_max_dist: 26.1506 train_imax: 11.8981 train_imin: -44.2628 time: 1.4203s
INFO:root:Epoch: 1125 lr: 0.001 train_loss: 91516.7500 train_distortion: 15.9179 train_mapscore: 0.9383 train_c: -1.0937 train_max_dist: 26.1731 train_imax: 11.9486 train_imin: -44.4512 time: 1.4466s
INFO:root:Epoch: 1130 lr: 0.001 train_loss: 91801.5312 train_distortion: 15.9727 train_mapscore: 0.9383 train_c: -1.0937 train_max_dist: 26.2158 train_imax: 11.9048 train_imin: -44.3959 time: 1.4495s
INFO:root:Epoch: 1135 lr: 0.001 train_loss: 90636.8750 train_distortion: 15.9928 train_mapscore: 0.9376 train_c: -1.0938 train_max_dist: 26.2410 train_imax: 11.8836 train_imin: -44.7343 time: 1.4623s
INFO:root:Epoch: 1140 lr: 0.001 train_loss: 91156.9141 train_distortion: 16.0539 train_mapscore: 0.9384 train_c: -1.0938 train_max_dist: 26.2698 train_imax: 11.9478 train_imin: -44.5630 time: 1.4666s
INFO:root:Epoch: 1145 lr: 0.001 train_loss: 90694.1094 train_distortion: 16.0689 train_mapscore: 0.9383 train_c: -1.0939 train_max_dist: 26.3005 train_imax: 11.8749 train_imin: -44.7845 time: 1.4532s
INFO:root:Epoch: 1150 lr: 0.001 train_loss: 90711.8516 train_distortion: 16.1135 train_mapscore: 0.9385 train_c: -1.0939 train_max_dist: 26.3223 train_imax: 11.8645 train_imin: -44.7844 time: 1.4588s
INFO:root:Epoch: 1155 lr: 0.001 train_loss: 89730.6016 train_distortion: 16.1502 train_mapscore: 0.9393 train_c: -1.0940 train_max_dist: 26.3477 train_imax: 11.8672 train_imin: -45.0454 time: 1.4452s
INFO:root:Epoch: 1160 lr: 0.001 train_loss: 90084.8047 train_distortion: 16.1911 train_mapscore: 0.9380 train_c: -1.0941 train_max_dist: 26.3784 train_imax: 11.8592 train_imin: -45.0740 time: 1.4665s
INFO:root:Epoch: 1165 lr: 0.001 train_loss: 88940.7812 train_distortion: 16.2212 train_mapscore: 0.9392 train_c: -1.0941 train_max_dist: 26.3977 train_imax: 11.9227 train_imin: -45.2459 time: 1.4209s
INFO:root:Epoch: 1170 lr: 0.001 train_loss: 89699.5234 train_distortion: 16.2590 train_mapscore: 0.9395 train_c: -1.0942 train_max_dist: 26.4407 train_imax: 11.9258 train_imin: -45.3122 time: 1.4118s
INFO:root:Epoch: 1175 lr: 0.001 train_loss: 89466.1641 train_distortion: 16.2905 train_mapscore: 0.9393 train_c: -1.0942 train_max_dist: 26.4456 train_imax: 11.9721 train_imin: -45.3403 time: 1.4468s
INFO:root:Epoch: 1180 lr: 0.001 train_loss: 89082.7812 train_distortion: 16.3393 train_mapscore: 0.9394 train_c: -1.0943 train_max_dist: 26.5002 train_imax: 11.9604 train_imin: -45.4429 time: 1.4180s
INFO:root:Epoch: 1185 lr: 0.001 train_loss: 89220.5156 train_distortion: 16.3585 train_mapscore: 0.9390 train_c: -1.0943 train_max_dist: 26.5093 train_imax: 11.9003 train_imin: -45.4130 time: 1.4648s
INFO:root:Epoch: 1190 lr: 0.001 train_loss: 88872.0312 train_distortion: 16.4098 train_mapscore: 0.9399 train_c: -1.0944 train_max_dist: 26.5630 train_imax: 11.9917 train_imin: -45.6370 time: 1.4530s
INFO:root:Epoch: 1195 lr: 0.001 train_loss: 88615.4375 train_distortion: 16.4334 train_mapscore: 0.9397 train_c: -1.0944 train_max_dist: 26.5811 train_imax: 11.9679 train_imin: -45.8761 time: 1.4885s
INFO:root:Epoch: 1200 lr: 0.001 train_loss: 88784.5469 train_distortion: 16.4855 train_mapscore: 0.9400 train_c: -1.0945 train_max_dist: 26.6187 train_imax: 12.0864 train_imin: -46.0773 time: 1.4590s
INFO:root:Epoch: 1205 lr: 0.001 train_loss: 88566.2344 train_distortion: 16.5102 train_mapscore: 0.9405 train_c: -1.0946 train_max_dist: 26.6387 train_imax: 12.0175 train_imin: -46.1783 time: 1.4573s
INFO:root:Epoch: 1210 lr: 0.001 train_loss: 88843.2812 train_distortion: 16.5548 train_mapscore: 0.9402 train_c: -1.0946 train_max_dist: 26.6729 train_imax: 12.1026 train_imin: -46.0770 time: 1.4702s
INFO:root:Epoch: 1215 lr: 0.001 train_loss: 88719.3750 train_distortion: 16.5784 train_mapscore: 0.9404 train_c: -1.0947 train_max_dist: 26.6863 train_imax: 12.0205 train_imin: -46.2633 time: 1.4625s
INFO:root:Epoch: 1220 lr: 0.001 train_loss: 88290.9297 train_distortion: 16.6318 train_mapscore: 0.9403 train_c: -1.0947 train_max_dist: 26.7268 train_imax: 12.0852 train_imin: -46.5778 time: 1.4730s
INFO:root:Epoch: 1225 lr: 0.001 train_loss: 88311.7969 train_distortion: 16.6554 train_mapscore: 0.9408 train_c: -1.0948 train_max_dist: 26.7410 train_imax: 12.1524 train_imin: -46.7719 time: 1.4158s
INFO:root:Epoch: 1230 lr: 0.001 train_loss: 88486.7969 train_distortion: 16.7033 train_mapscore: 0.9406 train_c: -1.0948 train_max_dist: 26.7786 train_imax: 12.1574 train_imin: -46.5447 time: 1.4173s
INFO:root:Epoch: 1235 lr: 0.001 train_loss: 87910.8984 train_distortion: 16.7249 train_mapscore: 0.9409 train_c: -1.0949 train_max_dist: 26.8008 train_imax: 12.1529 train_imin: -46.6325 time: 1.4129s
INFO:root:Epoch: 1240 lr: 0.001 train_loss: 87623.1250 train_distortion: 16.7656 train_mapscore: 0.9405 train_c: -1.0949 train_max_dist: 26.8296 train_imax: 12.2466 train_imin: -47.0413 time: 1.4154s
INFO:root:Epoch: 1245 lr: 0.001 train_loss: 87270.3594 train_distortion: 16.7901 train_mapscore: 0.9410 train_c: -1.0950 train_max_dist: 26.8503 train_imax: 12.2155 train_imin: -47.1070 time: 1.4114s
INFO:root:Epoch: 1250 lr: 0.001 train_loss: 86901.4844 train_distortion: 16.8288 train_mapscore: 0.9414 train_c: -1.0950 train_max_dist: 26.8843 train_imax: 12.2069 train_imin: -46.9651 time: 1.4444s
INFO:root:Epoch: 1255 lr: 0.001 train_loss: 87204.9219 train_distortion: 16.8621 train_mapscore: 0.9410 train_c: -1.0951 train_max_dist: 26.9277 train_imax: 12.2430 train_imin: -47.2841 time: 1.4766s
INFO:root:Epoch: 1260 lr: 0.001 train_loss: 86641.6797 train_distortion: 16.8885 train_mapscore: 0.9409 train_c: -1.0951 train_max_dist: 26.9426 train_imax: 12.3496 train_imin: -47.5312 time: 1.4645s
INFO:root:Epoch: 1265 lr: 0.001 train_loss: 87095.5938 train_distortion: 16.9341 train_mapscore: 0.9419 train_c: -1.0952 train_max_dist: 26.9751 train_imax: 12.2701 train_imin: -47.3420 time: 1.4543s
INFO:root:Epoch: 1270 lr: 0.001 train_loss: 86397.7344 train_distortion: 16.9521 train_mapscore: 0.9421 train_c: -1.0952 train_max_dist: 26.9885 train_imax: 12.2098 train_imin: -47.5251 time: 1.4639s
INFO:root:Epoch: 1275 lr: 0.001 train_loss: 86665.6328 train_distortion: 17.0004 train_mapscore: 0.9417 train_c: -1.0953 train_max_dist: 27.0220 train_imax: 12.3007 train_imin: -47.7008 time: 1.4536s
INFO:root:Epoch: 1280 lr: 0.001 train_loss: 86208.5156 train_distortion: 17.0246 train_mapscore: 0.9420 train_c: -1.0953 train_max_dist: 27.0518 train_imax: 12.2140 train_imin: -47.9641 time: 1.4536s
INFO:root:Epoch: 1285 lr: 0.001 train_loss: 85895.2656 train_distortion: 17.0582 train_mapscore: 0.9423 train_c: -1.0954 train_max_dist: 27.0708 train_imax: 12.2555 train_imin: -48.1567 time: 1.4403s
INFO:root:Epoch: 1290 lr: 0.001 train_loss: 85720.2578 train_distortion: 17.0878 train_mapscore: 0.9423 train_c: -1.0954 train_max_dist: 27.1047 train_imax: 12.1991 train_imin: -47.8317 time: 1.4228s
INFO:root:Epoch: 1295 lr: 0.001 train_loss: 85746.0938 train_distortion: 17.1281 train_mapscore: 0.9414 train_c: -1.0955 train_max_dist: 27.1316 train_imax: 12.2807 train_imin: -47.9531 time: 1.4353s
INFO:root:Epoch: 1300 lr: 0.001 train_loss: 85619.7031 train_distortion: 17.1531 train_mapscore: 0.9423 train_c: -1.0955 train_max_dist: 27.1565 train_imax: 12.2431 train_imin: -48.3185 time: 1.4147s
INFO:root:Epoch: 1305 lr: 0.001 train_loss: 85685.2812 train_distortion: 17.1971 train_mapscore: 0.9424 train_c: -1.0956 train_max_dist: 27.1799 train_imax: 12.2167 train_imin: -48.3891 time: 1.4155s
INFO:root:Epoch: 1310 lr: 0.001 train_loss: 85833.1875 train_distortion: 17.2185 train_mapscore: 0.9426 train_c: -1.0956 train_max_dist: 27.1917 train_imax: 12.1455 train_imin: -48.3946 time: 1.4105s
INFO:root:Epoch: 1315 lr: 0.001 train_loss: 86025.2734 train_distortion: 17.2654 train_mapscore: 0.9428 train_c: -1.0957 train_max_dist: 27.2349 train_imax: 12.1740 train_imin: -48.6774 time: 1.4156s
INFO:root:Epoch: 1320 lr: 0.001 train_loss: 85211.8281 train_distortion: 17.2847 train_mapscore: 0.9427 train_c: -1.0957 train_max_dist: 27.2485 train_imax: 12.2120 train_imin: -48.7560 time: 1.4587s
INFO:root:Epoch: 1325 lr: 0.001 train_loss: 85306.3984 train_distortion: 17.3239 train_mapscore: 0.9429 train_c: -1.0958 train_max_dist: 27.2751 train_imax: 12.1965 train_imin: -48.7788 time: 1.4433s
INFO:root:Epoch: 1330 lr: 0.001 train_loss: 85184.7656 train_distortion: 17.3450 train_mapscore: 0.9433 train_c: -1.0958 train_max_dist: 27.2888 train_imax: 12.1498 train_imin: -48.9059 time: 1.4338s
INFO:root:Epoch: 1335 lr: 0.001 train_loss: 85535.2109 train_distortion: 17.3733 train_mapscore: 0.9428 train_c: -1.0958 train_max_dist: 27.3096 train_imax: 12.1054 train_imin: -49.2064 time: 1.4499s
INFO:root:Epoch: 1340 lr: 0.001 train_loss: 85059.8359 train_distortion: 17.4114 train_mapscore: 0.9433 train_c: -1.0959 train_max_dist: 27.3435 train_imax: 12.1637 train_imin: -49.3529 time: 1.4614s
INFO:root:Epoch: 1345 lr: 0.001 train_loss: 85674.8594 train_distortion: 17.4313 train_mapscore: 0.9433 train_c: -1.0959 train_max_dist: 27.3650 train_imax: 12.0801 train_imin: -48.9947 time: 1.4455s
INFO:root:Epoch: 1350 lr: 0.001 train_loss: 84891.5469 train_distortion: 17.4699 train_mapscore: 0.9436 train_c: -1.0960 train_max_dist: 27.4026 train_imax: 12.0705 train_imin: -49.3905 time: 1.4365s
INFO:root:Epoch: 1355 lr: 0.001 train_loss: 84874.1250 train_distortion: 17.4901 train_mapscore: 0.9434 train_c: -1.0960 train_max_dist: 27.4194 train_imax: 12.1129 train_imin: -49.5412 time: 1.4449s
INFO:root:Epoch: 1360 lr: 0.001 train_loss: 84892.0312 train_distortion: 17.5324 train_mapscore: 0.9437 train_c: -1.0961 train_max_dist: 27.4512 train_imax: 12.1583 train_imin: -49.6420 time: 1.4148s
INFO:root:Epoch: 1365 lr: 0.001 train_loss: 85258.8594 train_distortion: 17.5465 train_mapscore: 0.9436 train_c: -1.0961 train_max_dist: 27.4729 train_imax: 12.0604 train_imin: -49.5801 time: 1.4049s
INFO:root:Epoch: 1370 lr: 0.001 train_loss: 84237.5703 train_distortion: 17.5746 train_mapscore: 0.9430 train_c: -1.0962 train_max_dist: 27.4880 train_imax: 12.1474 train_imin: -49.9061 time: 1.4261s
INFO:root:Epoch: 1375 lr: 0.001 train_loss: 84575.5312 train_distortion: 17.6035 train_mapscore: 0.9438 train_c: -1.0962 train_max_dist: 27.5095 train_imax: 12.1883 train_imin: -49.9942 time: 1.4078s
INFO:root:Epoch: 1380 lr: 0.001 train_loss: 83698.9766 train_distortion: 17.6287 train_mapscore: 0.9437 train_c: -1.0962 train_max_dist: 27.5239 train_imax: 12.2275 train_imin: -50.0801 time: 1.4484s
INFO:root:Epoch: 1385 lr: 0.001 train_loss: 84592.9375 train_distortion: 17.6652 train_mapscore: 0.9442 train_c: -1.0963 train_max_dist: 27.5530 train_imax: 12.2163 train_imin: -50.0688 time: 1.4447s
INFO:root:Epoch: 1390 lr: 0.001 train_loss: 84108.6094 train_distortion: 17.6808 train_mapscore: 0.9442 train_c: -1.0963 train_max_dist: 27.5635 train_imax: 12.1769 train_imin: -50.3441 time: 1.4675s
INFO:root:Epoch: 1395 lr: 0.001 train_loss: 84117.6719 train_distortion: 17.7203 train_mapscore: 0.9440 train_c: -1.0964 train_max_dist: 27.5969 train_imax: 12.1788 train_imin: -50.2315 time: 1.4604s
INFO:root:Epoch: 1400 lr: 0.001 train_loss: 84002.2266 train_distortion: 17.7275 train_mapscore: 0.9437 train_c: -1.0964 train_max_dist: 27.5945 train_imax: 12.1276 train_imin: -50.4688 time: 1.4571s
INFO:root:Epoch: 1405 lr: 0.001 train_loss: 85031.3438 train_distortion: 17.7794 train_mapscore: 0.9444 train_c: -1.0964 train_max_dist: 27.6318 train_imax: 12.1844 train_imin: -50.3560 time: 1.4407s
INFO:root:Epoch: 1410 lr: 0.001 train_loss: 84901.6562 train_distortion: 17.7781 train_mapscore: 0.9446 train_c: -1.0965 train_max_dist: 27.6357 train_imax: 12.1838 train_imin: -50.6963 time: 1.4337s
INFO:root:Epoch: 1415 lr: 0.001 train_loss: 84568.8125 train_distortion: 17.8223 train_mapscore: 0.9445 train_c: -1.0965 train_max_dist: 27.6770 train_imax: 12.2115 train_imin: -50.7483 time: 1.4546s
INFO:root:Epoch: 1420 lr: 0.001 train_loss: 83780.5000 train_distortion: 17.8349 train_mapscore: 0.9450 train_c: -1.0966 train_max_dist: 27.6780 train_imax: 12.2513 train_imin: -50.8833 time: 1.4038s
INFO:root:Epoch: 1425 lr: 0.001 train_loss: 83518.2344 train_distortion: 17.8683 train_mapscore: 0.9445 train_c: -1.0966 train_max_dist: 27.7126 train_imax: 12.3113 train_imin: -50.9622 time: 1.4058s
INFO:root:Epoch: 1430 lr: 0.001 train_loss: 83672.6875 train_distortion: 17.8829 train_mapscore: 0.9446 train_c: -1.0967 train_max_dist: 27.7219 train_imax: 12.2780 train_imin: -51.0793 time: 1.4210s
INFO:root:Epoch: 1435 lr: 0.001 train_loss: 83485.7812 train_distortion: 17.9089 train_mapscore: 0.9445 train_c: -1.0967 train_max_dist: 27.7417 train_imax: 12.2267 train_imin: -51.1454 time: 1.4186s
INFO:root:Epoch: 1440 lr: 0.001 train_loss: 84112.3203 train_distortion: 17.9473 train_mapscore: 0.9452 train_c: -1.0967 train_max_dist: 27.7659 train_imax: 12.1444 train_imin: -51.1478 time: 1.3974s
INFO:root:Epoch: 1445 lr: 0.001 train_loss: 83740.4219 train_distortion: 17.9469 train_mapscore: 0.9451 train_c: -1.0968 train_max_dist: 27.7808 train_imax: 12.2670 train_imin: -51.4530 time: 1.4524s
INFO:root:Epoch: 1450 lr: 0.001 train_loss: 83913.6406 train_distortion: 17.9874 train_mapscore: 0.9450 train_c: -1.0968 train_max_dist: 27.8145 train_imax: 12.2896 train_imin: -51.3868 time: 1.4475s
INFO:root:Epoch: 1455 lr: 0.001 train_loss: 83743.7422 train_distortion: 17.9880 train_mapscore: 0.9450 train_c: -1.0969 train_max_dist: 27.8164 train_imax: 12.3029 train_imin: -51.2505 time: 1.4647s
INFO:root:Epoch: 1460 lr: 0.001 train_loss: 83317.8672 train_distortion: 18.0365 train_mapscore: 0.9457 train_c: -1.0969 train_max_dist: 27.8494 train_imax: 12.3402 train_imin: -51.4661 time: 1.4451s
INFO:root:Epoch: 1465 lr: 0.001 train_loss: 82715.0000 train_distortion: 18.0443 train_mapscore: 0.9453 train_c: -1.0969 train_max_dist: 27.8574 train_imax: 12.3408 train_imin: -51.6671 time: 1.4476s
INFO:root:Epoch: 1470 lr: 0.001 train_loss: 82717.3125 train_distortion: 18.0801 train_mapscore: 0.9457 train_c: -1.0970 train_max_dist: 27.8752 train_imax: 12.3828 train_imin: -51.7403 time: 1.4477s
INFO:root:Epoch: 1475 lr: 0.001 train_loss: 82804.8047 train_distortion: 18.0906 train_mapscore: 0.9448 train_c: -1.0970 train_max_dist: 27.8962 train_imax: 12.2979 train_imin: -51.8386 time: 1.4509s
INFO:root:Epoch: 1480 lr: 0.001 train_loss: 82456.7188 train_distortion: 18.1269 train_mapscore: 0.9460 train_c: -1.0970 train_max_dist: 27.9199 train_imax: 12.3084 train_imin: -51.8695 time: 1.4414s
INFO:root:Epoch: 1485 lr: 0.001 train_loss: 82664.9609 train_distortion: 18.1408 train_mapscore: 0.9456 train_c: -1.0971 train_max_dist: 27.9290 train_imax: 12.2968 train_imin: -52.0124 time: 1.3962s
INFO:root:Epoch: 1490 lr: 0.001 train_loss: 83205.0078 train_distortion: 18.1799 train_mapscore: 0.9451 train_c: -1.0971 train_max_dist: 27.9475 train_imax: 12.3369 train_imin: -52.2687 time: 1.4149s
INFO:root:Epoch: 1495 lr: 0.001 train_loss: 83314.9453 train_distortion: 18.1900 train_mapscore: 0.9455 train_c: -1.0972 train_max_dist: 27.9551 train_imax: 12.3968 train_imin: -52.2715 time: 1.4066s
INFO:root:Epoch: 1500 lr: 0.001 train_loss: 83925.2109 train_distortion: 18.2316 train_mapscore: 0.9464 train_c: -1.0972 train_max_dist: 27.9875 train_imax: 12.4089 train_imin: -52.3474 time: 1.3940s
INFO:root:Epoch: 1505 lr: 0.001 train_loss: 83211.0625 train_distortion: 18.2302 train_mapscore: 0.9457 train_c: -1.0972 train_max_dist: 27.9944 train_imax: 12.2826 train_imin: -52.4689 time: 1.4070s
INFO:root:Epoch: 1510 lr: 0.001 train_loss: 83033.0234 train_distortion: 18.2661 train_mapscore: 0.9457 train_c: -1.0973 train_max_dist: 28.0229 train_imax: 12.4773 train_imin: -52.4671 time: 1.4125s
INFO:root:Epoch: 1515 lr: 0.001 train_loss: 83206.9609 train_distortion: 18.2677 train_mapscore: 0.9465 train_c: -1.0973 train_max_dist: 28.0198 train_imax: 12.5858 train_imin: -52.3578 time: 1.4413s
INFO:root:Epoch: 1520 lr: 0.001 train_loss: 82970.0234 train_distortion: 18.3101 train_mapscore: 0.9462 train_c: -1.0974 train_max_dist: 28.0588 train_imax: 12.5182 train_imin: -52.6160 time: 1.4649s
INFO:root:Epoch: 1525 lr: 0.001 train_loss: 82203.9531 train_distortion: 18.3154 train_mapscore: 0.9462 train_c: -1.0974 train_max_dist: 28.0728 train_imax: 12.4865 train_imin: -52.5786 time: 1.4557s
INFO:root:Epoch: 1530 lr: 0.001 train_loss: 82112.1250 train_distortion: 18.3497 train_mapscore: 0.9471 train_c: -1.0974 train_max_dist: 28.0923 train_imax: 12.5615 train_imin: -52.6950 time: 1.4310s
INFO:root:Epoch: 1535 lr: 0.001 train_loss: 82449.9375 train_distortion: 18.3628 train_mapscore: 0.9463 train_c: -1.0975 train_max_dist: 28.1028 train_imax: 12.5280 train_imin: -52.8279 time: 1.4520s
INFO:root:Epoch: 1540 lr: 0.001 train_loss: 82633.7656 train_distortion: 18.3931 train_mapscore: 0.9468 train_c: -1.0975 train_max_dist: 28.1003 train_imax: 12.5169 train_imin: -53.0042 time: 1.4429s
INFO:root:Epoch: 1545 lr: 0.001 train_loss: 82113.4375 train_distortion: 18.4144 train_mapscore: 0.9469 train_c: -1.0975 train_max_dist: 28.1375 train_imax: 12.6610 train_imin: -53.0892 time: 1.4507s
INFO:root:Epoch: 1550 lr: 0.001 train_loss: 81625.9688 train_distortion: 18.4339 train_mapscore: 0.9467 train_c: -1.0976 train_max_dist: 28.1416 train_imax: 12.5814 train_imin: -53.0798 time: 1.4489s
INFO:root:Epoch: 1555 lr: 0.001 train_loss: 81392.6094 train_distortion: 18.4601 train_mapscore: 0.9470 train_c: -1.0976 train_max_dist: 28.1648 train_imax: 12.6373 train_imin: -53.1395 time: 1.4166s
INFO:root:Epoch: 1560 lr: 0.001 train_loss: 81877.1875 train_distortion: 18.4705 train_mapscore: 0.9467 train_c: -1.0976 train_max_dist: 28.1797 train_imax: 12.5300 train_imin: -53.1594 time: 1.4097s
INFO:root:Epoch: 1565 lr: 0.001 train_loss: 83055.9688 train_distortion: 18.5059 train_mapscore: 0.9473 train_c: -1.0977 train_max_dist: 28.1963 train_imax: 12.5274 train_imin: -53.1402 time: 1.4073s
INFO:root:Epoch: 1570 lr: 0.001 train_loss: 82407.1172 train_distortion: 18.5192 train_mapscore: 0.9472 train_c: -1.0977 train_max_dist: 28.2200 train_imax: 12.6020 train_imin: -53.3858 time: 1.3974s
INFO:root:Epoch: 1575 lr: 0.001 train_loss: 84504.6875 train_distortion: 18.5308 train_mapscore: 0.9468 train_c: -1.0978 train_max_dist: 28.2361 train_imax: 12.6166 train_imin: -53.5004 time: 1.4364s
INFO:root:Epoch: 1580 lr: 0.001 train_loss: 83778.7109 train_distortion: 18.5658 train_mapscore: 0.9474 train_c: -1.0978 train_max_dist: 28.2422 train_imax: 12.6468 train_imin: -53.7422 time: 1.4614s
INFO:root:Epoch: 1585 lr: 0.001 train_loss: 84024.8281 train_distortion: 18.5482 train_mapscore: 0.9475 train_c: -1.0978 train_max_dist: 28.2468 train_imax: 12.7614 train_imin: -53.4736 time: 1.4307s
INFO:root:Epoch: 1590 lr: 0.001 train_loss: 82991.9531 train_distortion: 18.5693 train_mapscore: 0.9476 train_c: -1.0978 train_max_dist: 28.2556 train_imax: 12.6477 train_imin: -53.3456 time: 1.4328s
INFO:root:Epoch: 1595 lr: 0.001 train_loss: 82118.0781 train_distortion: 18.5665 train_mapscore: 0.9479 train_c: -1.0979 train_max_dist: 28.2673 train_imax: 12.5640 train_imin: -53.4610 time: 1.4343s
INFO:root:Epoch: 1600 lr: 0.001 train_loss: 80767.8203 train_distortion: 18.5833 train_mapscore: 0.9481 train_c: -1.0979 train_max_dist: 28.2783 train_imax: 12.5185 train_imin: -53.5069 time: 1.4328s
INFO:root:Epoch: 1605 lr: 0.001 train_loss: 80559.7344 train_distortion: 18.6018 train_mapscore: 0.9480 train_c: -1.0979 train_max_dist: 28.2896 train_imax: 12.5710 train_imin: -53.5713 time: 1.4290s
INFO:root:Epoch: 1610 lr: 0.001 train_loss: 80063.4688 train_distortion: 18.6269 train_mapscore: 0.9481 train_c: -1.0980 train_max_dist: 28.3086 train_imax: 12.5376 train_imin: -53.5578 time: 1.4328s
INFO:root:Epoch: 1615 lr: 0.001 train_loss: 80381.8281 train_distortion: 18.6533 train_mapscore: 0.9477 train_c: -1.0980 train_max_dist: 28.3284 train_imax: 12.5920 train_imin: -53.8071 time: 1.4078s
INFO:root:Epoch: 1620 lr: 0.001 train_loss: 80230.7109 train_distortion: 18.6874 train_mapscore: 0.9476 train_c: -1.0981 train_max_dist: 28.3491 train_imax: 12.7014 train_imin: -53.8490 time: 1.4109s
INFO:root:Epoch: 1625 lr: 0.001 train_loss: 80874.2109 train_distortion: 18.7026 train_mapscore: 0.9478 train_c: -1.0981 train_max_dist: 28.3577 train_imax: 12.7258 train_imin: -53.9105 time: 1.4006s
INFO:root:Epoch: 1630 lr: 0.001 train_loss: 80491.3750 train_distortion: 18.7377 train_mapscore: 0.9480 train_c: -1.0981 train_max_dist: 28.3828 train_imax: 12.7282 train_imin: -53.9438 time: 1.4086s
INFO:root:Epoch: 1635 lr: 0.001 train_loss: 80424.9531 train_distortion: 18.7603 train_mapscore: 0.9480 train_c: -1.0982 train_max_dist: 28.3936 train_imax: 12.7564 train_imin: -54.0765 time: 1.4065s
INFO:root:Epoch: 1640 lr: 0.001 train_loss: 80703.4375 train_distortion: 18.7883 train_mapscore: 0.9479 train_c: -1.0982 train_max_dist: 28.4226 train_imax: 12.7670 train_imin: -54.2902 time: 1.4409s
INFO:root:Epoch: 1645 lr: 0.001 train_loss: 79855.2266 train_distortion: 18.8159 train_mapscore: 0.9485 train_c: -1.0982 train_max_dist: 28.4331 train_imax: 12.7909 train_imin: -54.1595 time: 1.4493s
INFO:root:Epoch: 1650 lr: 0.001 train_loss: 80268.0391 train_distortion: 18.8377 train_mapscore: 0.9484 train_c: -1.0983 train_max_dist: 28.4524 train_imax: 12.7626 train_imin: -54.1393 time: 1.4504s
INFO:root:Epoch: 1655 lr: 0.001 train_loss: 79596.8203 train_distortion: 18.8663 train_mapscore: 0.9486 train_c: -1.0983 train_max_dist: 28.4744 train_imax: 12.7910 train_imin: -54.3264 time: 1.4394s
INFO:root:Epoch: 1660 lr: 0.001 train_loss: 79671.1250 train_distortion: 18.8857 train_mapscore: 0.9486 train_c: -1.0983 train_max_dist: 28.4885 train_imax: 12.8237 train_imin: -54.4455 time: 1.4584s
INFO:root:Epoch: 1665 lr: 0.001 train_loss: 79649.1328 train_distortion: 18.9176 train_mapscore: 0.9483 train_c: -1.0984 train_max_dist: 28.5093 train_imax: 12.9001 train_imin: -54.3681 time: 1.4514s
INFO:root:Epoch: 1670 lr: 0.001 train_loss: 79732.2344 train_distortion: 18.9349 train_mapscore: 0.9485 train_c: -1.0984 train_max_dist: 28.5249 train_imax: 12.8557 train_imin: -54.5721 time: 1.4403s
INFO:root:Epoch: 1675 lr: 0.001 train_loss: 79230.3750 train_distortion: 18.9602 train_mapscore: 0.9480 train_c: -1.0985 train_max_dist: 28.5503 train_imax: 12.8768 train_imin: -54.7146 time: 1.4581s
INFO:root:Epoch: 1680 lr: 0.001 train_loss: 79931.6328 train_distortion: 18.9899 train_mapscore: 0.9488 train_c: -1.0985 train_max_dist: 28.5688 train_imax: 12.9454 train_imin: -54.7095 time: 1.4016s
INFO:root:Epoch: 1685 lr: 0.001 train_loss: 79450.8125 train_distortion: 18.9980 train_mapscore: 0.9495 train_c: -1.0985 train_max_dist: 28.5869 train_imax: 12.8450 train_imin: -54.5699 time: 1.4079s
INFO:root:Epoch: 1690 lr: 0.001 train_loss: 80468.7422 train_distortion: 19.0362 train_mapscore: 0.9492 train_c: -1.0986 train_max_dist: 28.5991 train_imax: 12.8780 train_imin: -54.7289 time: 1.4138s
INFO:root:Epoch: 1695 lr: 0.001 train_loss: 80831.9219 train_distortion: 19.0377 train_mapscore: 0.9486 train_c: -1.0986 train_max_dist: 28.6040 train_imax: 12.9397 train_imin: -54.9320 time: 1.4103s
INFO:root:Epoch: 1700 lr: 0.001 train_loss: 79610.4531 train_distortion: 19.0737 train_mapscore: 0.9495 train_c: -1.0986 train_max_dist: 28.6318 train_imax: 12.9351 train_imin: -54.8833 time: 1.4001s
INFO:root:Epoch: 1705 lr: 0.001 train_loss: 79931.9375 train_distortion: 19.0763 train_mapscore: 0.9491 train_c: -1.0987 train_max_dist: 28.6299 train_imax: 13.0986 train_imin: -54.4935 time: 1.4125s
INFO:root:Epoch: 1710 lr: 0.001 train_loss: 80002.6562 train_distortion: 19.1047 train_mapscore: 0.9495 train_c: -1.0987 train_max_dist: 28.6523 train_imax: 12.9617 train_imin: -54.6965 time: 1.4451s
INFO:root:Epoch: 1715 lr: 0.001 train_loss: 80208.2500 train_distortion: 19.1147 train_mapscore: 0.9493 train_c: -1.0987 train_max_dist: 28.6628 train_imax: 13.0858 train_imin: -55.0028 time: 1.4406s
INFO:root:Epoch: 1720 lr: 0.001 train_loss: 79745.5547 train_distortion: 19.1278 train_mapscore: 0.9498 train_c: -1.0987 train_max_dist: 28.6855 train_imax: 12.9632 train_imin: -55.1816 time: 1.4309s
INFO:root:Epoch: 1725 lr: 0.001 train_loss: 79494.2500 train_distortion: 19.1545 train_mapscore: 0.9498 train_c: -1.0988 train_max_dist: 28.6992 train_imax: 12.9740 train_imin: -54.9322 time: 1.4402s
INFO:root:Epoch: 1730 lr: 0.001 train_loss: 79553.8984 train_distortion: 19.1548 train_mapscore: 0.9492 train_c: -1.0988 train_max_dist: 28.6914 train_imax: 12.9818 train_imin: -55.1594 time: 1.4759s
INFO:root:Epoch: 1735 lr: 0.001 train_loss: 79916.9062 train_distortion: 19.1898 train_mapscore: 0.9495 train_c: -1.0988 train_max_dist: 28.7144 train_imax: 13.0189 train_imin: -55.2037 time: 1.4625s
INFO:root:Epoch: 1740 lr: 0.001 train_loss: 79532.0625 train_distortion: 19.1864 train_mapscore: 0.9487 train_c: -1.0989 train_max_dist: 28.7266 train_imax: 13.0981 train_imin: -55.2046 time: 1.4558s
INFO:root:Epoch: 1745 lr: 0.001 train_loss: 79614.2188 train_distortion: 19.2272 train_mapscore: 0.9496 train_c: -1.0989 train_max_dist: 28.7407 train_imax: 13.1368 train_imin: -54.9924 time: 1.4508s
INFO:root:Epoch: 1750 lr: 0.001 train_loss: 79489.2344 train_distortion: 19.2200 train_mapscore: 0.9494 train_c: -1.0989 train_max_dist: 28.7471 train_imax: 12.9832 train_imin: -55.3556 time: 1.4224s
INFO:root:Epoch: 1755 lr: 0.001 train_loss: 80293.0625 train_distortion: 19.2623 train_mapscore: 0.9499 train_c: -1.0990 train_max_dist: 28.7717 train_imax: 13.0182 train_imin: -55.1478 time: 1.4082s
INFO:root:Epoch: 1760 lr: 0.001 train_loss: 79308.3125 train_distortion: 19.2562 train_mapscore: 0.9498 train_c: -1.0990 train_max_dist: 28.7717 train_imax: 13.0273 train_imin: -55.1578 time: 1.4468s
INFO:root:Epoch: 1765 lr: 0.001 train_loss: 79596.1484 train_distortion: 19.2863 train_mapscore: 0.9497 train_c: -1.0990 train_max_dist: 28.7888 train_imax: 13.0328 train_imin: -55.3623 time: 1.4099s
INFO:root:Epoch: 1770 lr: 0.001 train_loss: 79134.0312 train_distortion: 19.2879 train_mapscore: 0.9499 train_c: -1.0991 train_max_dist: 28.8005 train_imax: 13.0596 train_imin: -55.5439 time: 1.4475s
INFO:root:Epoch: 1775 lr: 0.001 train_loss: 78297.0938 train_distortion: 19.3137 train_mapscore: 0.9501 train_c: -1.0991 train_max_dist: 28.8203 train_imax: 13.0070 train_imin: -55.3752 time: 1.4433s
INFO:root:Epoch: 1780 lr: 0.001 train_loss: 79471.6875 train_distortion: 19.3344 train_mapscore: 0.9504 train_c: -1.0991 train_max_dist: 28.8281 train_imax: 13.0017 train_imin: -55.3467 time: 1.4350s
INFO:root:Epoch: 1785 lr: 0.001 train_loss: 78921.2812 train_distortion: 19.3303 train_mapscore: 0.9498 train_c: -1.0992 train_max_dist: 28.8291 train_imax: 13.1505 train_imin: -55.4644 time: 1.4739s
INFO:root:Epoch: 1790 lr: 0.001 train_loss: 79767.2734 train_distortion: 19.3605 train_mapscore: 0.9504 train_c: -1.0992 train_max_dist: 28.8447 train_imax: 13.1834 train_imin: -55.3273 time: 1.4434s
INFO:root:Epoch: 1795 lr: 0.001 train_loss: 78252.6406 train_distortion: 19.3624 train_mapscore: 0.9503 train_c: -1.0992 train_max_dist: 28.8525 train_imax: 13.1606 train_imin: -55.6802 time: 1.4559s
INFO:root:Epoch: 1800 lr: 0.001 train_loss: 77702.1016 train_distortion: 19.3868 train_mapscore: 0.9499 train_c: -1.0992 train_max_dist: 28.8755 train_imax: 13.1235 train_imin: -55.7328 time: 1.4446s
INFO:root:Epoch: 1805 lr: 0.001 train_loss: 78651.8125 train_distortion: 19.3958 train_mapscore: 0.9502 train_c: -1.0993 train_max_dist: 28.8801 train_imax: 13.1530 train_imin: -55.6093 time: 1.4529s
INFO:root:Epoch: 1810 lr: 0.001 train_loss: 78807.8984 train_distortion: 19.4197 train_mapscore: 0.9501 train_c: -1.0993 train_max_dist: 28.9082 train_imax: 13.0544 train_imin: -55.4738 time: 1.4410s
INFO:root:Epoch: 1815 lr: 0.001 train_loss: 78289.4219 train_distortion: 19.4261 train_mapscore: 0.9507 train_c: -1.0993 train_max_dist: 28.9121 train_imax: 13.0572 train_imin: -55.5920 time: 1.4066s
INFO:root:Epoch: 1820 lr: 0.001 train_loss: 78157.0469 train_distortion: 19.4584 train_mapscore: 0.9507 train_c: -1.0994 train_max_dist: 28.9331 train_imax: 13.1176 train_imin: -55.5372 time: 1.4168s
INFO:root:Epoch: 1825 lr: 0.001 train_loss: 77793.1406 train_distortion: 19.4646 train_mapscore: 0.9501 train_c: -1.0994 train_max_dist: 28.9446 train_imax: 13.1184 train_imin: -55.5910 time: 1.4080s
INFO:root:Epoch: 1830 lr: 0.001 train_loss: 78374.7969 train_distortion: 19.4878 train_mapscore: 0.9505 train_c: -1.0994 train_max_dist: 28.9370 train_imax: 13.0417 train_imin: -55.8148 time: 1.4156s
INFO:root:Epoch: 1835 lr: 0.001 train_loss: 78399.4766 train_distortion: 19.5050 train_mapscore: 0.9508 train_c: -1.0995 train_max_dist: 28.9644 train_imax: 13.1574 train_imin: -55.7145 time: 1.4471s
INFO:root:Epoch: 1840 lr: 0.001 train_loss: 78137.5781 train_distortion: 19.5170 train_mapscore: 0.9507 train_c: -1.0995 train_max_dist: 28.9758 train_imax: 13.1486 train_imin: -55.7826 time: 1.4505s
INFO:root:Epoch: 1845 lr: 0.001 train_loss: 77615.0078 train_distortion: 19.5294 train_mapscore: 0.9505 train_c: -1.0995 train_max_dist: 28.9790 train_imax: 13.0972 train_imin: -55.8202 time: 1.4531s
INFO:root:Epoch: 1850 lr: 0.001 train_loss: 78535.8281 train_distortion: 19.5605 train_mapscore: 0.9508 train_c: -1.0995 train_max_dist: 28.9995 train_imax: 13.1801 train_imin: -55.8456 time: 1.4445s
INFO:root:Epoch: 1855 lr: 0.001 train_loss: 79006.3516 train_distortion: 19.5512 train_mapscore: 0.9508 train_c: -1.0996 train_max_dist: 28.9941 train_imax: 13.1070 train_imin: -55.9004 time: 1.4515s
INFO:root:Epoch: 1860 lr: 0.001 train_loss: 78710.9375 train_distortion: 19.5895 train_mapscore: 0.9504 train_c: -1.0996 train_max_dist: 29.0142 train_imax: 13.0489 train_imin: -55.9330 time: 1.4579s
INFO:root:Epoch: 1865 lr: 0.001 train_loss: 79019.0703 train_distortion: 19.5915 train_mapscore: 0.9509 train_c: -1.0996 train_max_dist: 29.0337 train_imax: 13.1242 train_imin: -55.9870 time: 1.4486s
INFO:root:Epoch: 1870 lr: 0.001 train_loss: 78814.3359 train_distortion: 19.5914 train_mapscore: 0.9509 train_c: -1.0997 train_max_dist: 29.0193 train_imax: 13.1486 train_imin: -56.0414 time: 1.4457s
INFO:root:Epoch: 1875 lr: 0.001 train_loss: 78852.7266 train_distortion: 19.6133 train_mapscore: 0.9511 train_c: -1.0997 train_max_dist: 29.0459 train_imax: 13.1136 train_imin: -56.1018 time: 1.4203s
INFO:root:Epoch: 1880 lr: 0.001 train_loss: 78209.7344 train_distortion: 19.6146 train_mapscore: 0.9513 train_c: -1.0997 train_max_dist: 29.0449 train_imax: 13.1924 train_imin: -56.1218 time: 1.4067s
INFO:root:Epoch: 1885 lr: 0.001 train_loss: 77808.4062 train_distortion: 19.6372 train_mapscore: 0.9515 train_c: -1.0997 train_max_dist: 29.0615 train_imax: 13.0965 train_imin: -56.1718 time: 1.4157s
INFO:root:Epoch: 1890 lr: 0.001 train_loss: 77452.1094 train_distortion: 19.6404 train_mapscore: 0.9517 train_c: -1.0998 train_max_dist: 29.0649 train_imax: 13.1069 train_imin: -56.2093 time: 1.4114s
INFO:root:Epoch: 1895 lr: 0.001 train_loss: 77235.1797 train_distortion: 19.6560 train_mapscore: 0.9514 train_c: -1.0998 train_max_dist: 29.0713 train_imax: 13.0373 train_imin: -56.2307 time: 1.4131s
INFO:root:Epoch: 1900 lr: 0.001 train_loss: 77906.8125 train_distortion: 19.6798 train_mapscore: 0.9517 train_c: -1.0998 train_max_dist: 29.0813 train_imax: 13.1302 train_imin: -56.2856 time: 1.3989s
INFO:root:Epoch: 1905 lr: 0.001 train_loss: 76922.8203 train_distortion: 19.6885 train_mapscore: 0.9511 train_c: -1.0999 train_max_dist: 29.1013 train_imax: 13.1830 train_imin: -56.3193 time: 1.4529s
INFO:root:Epoch: 1910 lr: 0.001 train_loss: 76901.1797 train_distortion: 19.7117 train_mapscore: 0.9517 train_c: -1.0999 train_max_dist: 29.1143 train_imax: 13.0790 train_imin: -56.3826 time: 1.4406s
INFO:root:Epoch: 1915 lr: 0.001 train_loss: 76428.6406 train_distortion: 19.7252 train_mapscore: 0.9511 train_c: -1.0999 train_max_dist: 29.1304 train_imax: 13.0946 train_imin: -56.4456 time: 1.4451s
INFO:root:Epoch: 1920 lr: 0.001 train_loss: 77148.2578 train_distortion: 19.7470 train_mapscore: 0.9512 train_c: -1.0999 train_max_dist: 29.1475 train_imax: 13.1470 train_imin: -56.5053 time: 1.4415s
INFO:root:Epoch: 1925 lr: 0.001 train_loss: 76877.3906 train_distortion: 19.7553 train_mapscore: 0.9517 train_c: -1.1000 train_max_dist: 29.1455 train_imax: 13.0729 train_imin: -56.5338 time: 1.4447s
INFO:root:Epoch: 1930 lr: 0.001 train_loss: 77510.1562 train_distortion: 19.7765 train_mapscore: 0.9517 train_c: -1.1000 train_max_dist: 29.1621 train_imax: 13.0553 train_imin: -56.5916 time: 1.4401s
INFO:root:Epoch: 1935 lr: 0.001 train_loss: 77616.0625 train_distortion: 19.7827 train_mapscore: 0.9515 train_c: -1.1000 train_max_dist: 29.1631 train_imax: 13.0558 train_imin: -56.6300 time: 1.4445s
INFO:root:Epoch: 1940 lr: 0.001 train_loss: 78007.1094 train_distortion: 19.8095 train_mapscore: 0.9516 train_c: -1.1001 train_max_dist: 29.1892 train_imax: 13.0628 train_imin: -56.6695 time: 1.4463s
INFO:root:Epoch: 1945 lr: 0.001 train_loss: 78171.8828 train_distortion: 19.8110 train_mapscore: 0.9511 train_c: -1.1001 train_max_dist: 29.1875 train_imax: 13.1668 train_imin: -56.7414 time: 1.4456s
INFO:root:Epoch: 1950 lr: 0.001 train_loss: 83314.9766 train_distortion: 19.8257 train_mapscore: 0.9510 train_c: -1.1001 train_max_dist: 29.2012 train_imax: 13.1270 train_imin: -56.7418 time: 1.3935s
INFO:root:Epoch: 1955 lr: 0.001 train_loss: 80939.9062 train_distortion: 19.8128 train_mapscore: 0.9519 train_c: -1.1001 train_max_dist: 29.1880 train_imax: 12.8321 train_imin: -56.7764 time: 1.4223s
INFO:root:Epoch: 1960 lr: 0.001 train_loss: 80020.5547 train_distortion: 19.8239 train_mapscore: 0.9521 train_c: -1.1001 train_max_dist: 29.2065 train_imax: 12.6993 train_imin: -56.7821 time: 1.4171s
INFO:root:Epoch: 1965 lr: 0.001 train_loss: 79532.5156 train_distortion: 19.8145 train_mapscore: 0.9519 train_c: -1.1002 train_max_dist: 29.2109 train_imax: 12.6483 train_imin: -56.8162 time: 1.4370s
INFO:root:Epoch: 1970 lr: 0.001 train_loss: 79140.9766 train_distortion: 19.8240 train_mapscore: 0.9519 train_c: -1.1002 train_max_dist: 29.2151 train_imax: 12.6123 train_imin: -56.7885 time: 1.4315s
INFO:root:Epoch: 1975 lr: 0.001 train_loss: 78697.2969 train_distortion: 19.8183 train_mapscore: 0.9514 train_c: -1.1002 train_max_dist: 29.2024 train_imax: 12.7474 train_imin: -56.8116 time: 1.4430s
INFO:root:Epoch: 1980 lr: 0.001 train_loss: 78281.2422 train_distortion: 19.8464 train_mapscore: 0.9524 train_c: -1.1002 train_max_dist: 29.2219 train_imax: 12.7673 train_imin: -56.7915 time: 1.4463s
INFO:root:Epoch: 1985 lr: 0.001 train_loss: 77667.4766 train_distortion: 19.8526 train_mapscore: 0.9519 train_c: -1.1003 train_max_dist: 29.2197 train_imax: 12.7865 train_imin: -56.8435 time: 1.4428s
INFO:root:Epoch: 1990 lr: 0.001 train_loss: 78502.7266 train_distortion: 19.8759 train_mapscore: 0.9520 train_c: -1.1003 train_max_dist: 29.2324 train_imax: 12.7774 train_imin: -56.9167 time: 1.4492s
INFO:root:Epoch: 1995 lr: 0.001 train_loss: 77949.4062 train_distortion: 19.8841 train_mapscore: 0.9524 train_c: -1.1003 train_max_dist: 29.2466 train_imax: 12.7260 train_imin: -57.0087 time: 1.4288s
INFO:root:Epoch: 2000 lr: 0.00025 train_loss: 77879.4297 train_distortion: 19.9026 train_mapscore: 0.9524 train_c: -1.1004 train_max_dist: 29.2629 train_imax: 12.7695 train_imin: -57.1053 time: 1.4354s
INFO:root:Optimization Finished!
INFO:root:Total time elapsed: 2972.1290s
INFO:root:Val set results: val_distortion: 1.0000 val_mapscore: -1.0000 val_c: -1.0000 val_max_dist: 0.0000
INFO:root:Test set results: test_loss: 77746.2656 test_distortion: 19.9024 test_mapscore: 0.9521 test_c: -1.1004 test_max_dist: 29.2578 test_imax: 12.7813 test_imin: -57.1076
INFO:root:Saved model in /workspace/xiongbo/hgcn/logs/md/2021_5_23/5
