INFO:root:Using: cuda:0
INFO:root:Using seed 1234.
INFO:root:MDModel(
  (encoder): HGCN(
    (layers): Sequential(
      (0): HyperbolicGraphConvolution(
        (linear): HypLinear(
          in_features=2275, out_features=10, c=Parameter containing:
          tensor([-1.], requires_grad=True)
        )
        (agg): HypAgg(
          c=Parameter containing:
          tensor([-1.], requires_grad=True)
        )
        (hyp_act): HypAct(
          c_in=Parameter containing:
          tensor([-1.], requires_grad=True), c_out=Parameter containing:
          tensor([-1.], requires_grad=True)
        )
      )
    )
  )
  (decoder): MDDecoder()
)
INFO:root:Total number of parameters: 22762
/workspace/anaconda3/envs/geo/lib/python3.7/site-packages/torch/optim/lr_scheduler.py:370: UserWarning: To get the last learning rate computed by the scheduler, please use `get_last_lr()`.
  "please use `get_last_lr()`.", UserWarning)
INFO:root:Epoch: 0005 lr: 0.01 train_loss: 1165214.0000 train_distortion: 0.7365 train_mapscore: 0.1380 train_c: -1.0001 train_max_dist: 2.1474 train_imax: -0.0000 train_imin: -1.2735 time: 2.0319s
INFO:root:Epoch: 0010 lr: 0.01 train_loss: 1107529.3750 train_distortion: 0.5780 train_mapscore: 0.4323 train_c: -1.0006 train_max_dist: 2.5266 train_imax: -0.0000 train_imin: -1.2049 time: 1.7298s
INFO:root:Epoch: 0015 lr: 0.01 train_loss: 1076520.5000 train_distortion: 0.5192 train_mapscore: 0.5406 train_c: -1.0011 train_max_dist: 3.0544 train_imax: -0.0000 train_imin: -1.1119 time: 1.6430s
INFO:root:Epoch: 0020 lr: 0.01 train_loss: 1059725.7500 train_distortion: 0.4901 train_mapscore: 0.5770 train_c: -1.0016 train_max_dist: 3.2515 train_imax: -0.0000 train_imin: -1.0888 time: 1.5826s
INFO:root:Epoch: 0025 lr: 0.01 train_loss: 1046180.0625 train_distortion: 0.4639 train_mapscore: 0.5957 train_c: -1.0022 train_max_dist: 3.3579 train_imax: -0.0000 train_imin: -1.0930 time: 1.5471s
INFO:root:Epoch: 0030 lr: 0.01 train_loss: 1033466.2500 train_distortion: 0.4376 train_mapscore: 0.6047 train_c: -1.0028 train_max_dist: 3.5597 train_imax: -0.0000 train_imin: -1.0999 time: 1.5402s
INFO:root:Epoch: 0035 lr: 0.01 train_loss: 1020695.9375 train_distortion: 0.4110 train_mapscore: 0.6090 train_c: -1.0034 train_max_dist: 3.9260 train_imax: -0.0000 train_imin: -1.1146 time: 1.5369s
INFO:root:Epoch: 0040 lr: 0.01 train_loss: 1006592.5000 train_distortion: 0.3827 train_mapscore: 0.6129 train_c: -1.0040 train_max_dist: 4.5357 train_imax: 0.0505 train_imin: -1.1230 time: 1.5196s
INFO:root:Epoch: 0045 lr: 0.01 train_loss: 989930.0000 train_distortion: 0.3513 train_mapscore: 0.6230 train_c: -1.0046 train_max_dist: 5.3058 train_imax: 0.1499 train_imin: -1.0989 time: 1.4895s
INFO:root:Epoch: 0050 lr: 0.01 train_loss: 969334.3125 train_distortion: 0.3175 train_mapscore: 0.6350 train_c: -1.0051 train_max_dist: 6.7041 train_imax: 0.2725 train_imin: -1.1242 time: 1.5182s
INFO:root:Epoch: 0055 lr: 0.01 train_loss: 942834.5625 train_distortion: 0.2880 train_mapscore: 0.6458 train_c: -1.0056 train_max_dist: 9.8438 train_imax: 0.4812 train_imin: -1.1578 time: 1.5760s
INFO:root:Epoch: 0060 lr: 0.01 train_loss: 908744.9375 train_distortion: 0.2767 train_mapscore: 0.6431 train_c: -1.0061 train_max_dist: 10.0000 train_imax: 0.7730 train_imin: -1.2049 time: 1.5938s
INFO:root:Epoch: 0065 lr: 0.01 train_loss: 866853.3125 train_distortion: 0.3299 train_mapscore: 0.6351 train_c: -1.0064 train_max_dist: 10.1250 train_imax: 0.9173 train_imin: -1.3450 time: 1.5776s
INFO:root:Epoch: 0070 lr: 0.01 train_loss: 822788.8750 train_distortion: 0.4622 train_mapscore: 0.6383 train_c: -1.0065 train_max_dist: 11.0000 train_imax: 1.1871 train_imin: -1.6314 time: 1.5571s
INFO:root:Epoch: 0075 lr: 0.01 train_loss: 790148.8750 train_distortion: 0.5080 train_mapscore: 0.6273 train_c: -1.0063 train_max_dist: 13.0000 train_imax: 1.6643 train_imin: -1.8223 time: 1.5931s
INFO:root:Epoch: 0080 lr: 0.01 train_loss: 780626.0625 train_distortion: 0.5131 train_mapscore: 0.5833 train_c: -1.0059 train_max_dist: 11.0000 train_imax: 2.3521 train_imin: -2.0331 time: 1.6232s
INFO:root:Epoch: 0085 lr: 0.01 train_loss: 749735.6250 train_distortion: 0.6501 train_mapscore: 0.5778 train_c: -1.0053 train_max_dist: 11.3485 train_imax: 3.3273 train_imin: -2.3984 time: 1.7093s
INFO:root:Epoch: 0090 lr: 0.01 train_loss: 704943.3125 train_distortion: 0.9951 train_mapscore: 0.5880 train_c: -1.0047 train_max_dist: 13.0923 train_imax: 4.7376 train_imin: -3.5751 time: 1.7082s
INFO:root:Epoch: 0095 lr: 0.01 train_loss: 652621.9375 train_distortion: 1.5493 train_mapscore: 0.6038 train_c: -1.0041 train_max_dist: 14.8556 train_imax: 6.6595 train_imin: -4.3348 time: 1.7004s
INFO:root:Epoch: 0100 lr: 0.01 train_loss: 602266.4375 train_distortion: 2.2832 train_mapscore: 0.6165 train_c: -1.0036 train_max_dist: 16.5244 train_imax: 8.9643 train_imin: -5.2706 time: 1.6764s
INFO:root:Epoch: 0105 lr: 0.01 train_loss: 567699.2500 train_distortion: 3.0192 train_mapscore: 0.6236 train_c: -1.0032 train_max_dist: 18.1499 train_imax: 11.6407 train_imin: -6.0269 time: 1.6633s
INFO:root:Epoch: 0110 lr: 0.01 train_loss: 526220.5625 train_distortion: 3.8453 train_mapscore: 0.6426 train_c: -1.0029 train_max_dist: 19.5995 train_imax: 13.2744 train_imin: -6.6504 time: 1.6823s
INFO:root:Epoch: 0115 lr: 0.01 train_loss: 481341.0000 train_distortion: 4.7485 train_mapscore: 0.6691 train_c: -1.0025 train_max_dist: 20.4092 train_imax: 14.2506 train_imin: -7.8313 time: 1.6511s
INFO:root:Epoch: 0120 lr: 0.01 train_loss: 435085.5312 train_distortion: 5.6450 train_mapscore: 0.7001 train_c: -1.0022 train_max_dist: 21.0304 train_imax: 16.6625 train_imin: -9.7956 time: 1.6443s
INFO:root:Epoch: 0125 lr: 0.01 train_loss: 401836.9062 train_distortion: 6.5592 train_mapscore: 0.7214 train_c: -1.0019 train_max_dist: 21.8229 train_imax: 19.1398 train_imin: -13.3804 time: 1.6145s
INFO:root:Epoch: 0130 lr: 0.01 train_loss: 403403.9688 train_distortion: 7.2440 train_mapscore: 0.7263 train_c: -1.0017 train_max_dist: 22.4684 train_imax: 21.1901 train_imin: -13.7636 time: 1.6309s
INFO:root:Epoch: 0135 lr: 0.01 train_loss: 394703.7812 train_distortion: 7.5385 train_mapscore: 0.7323 train_c: -1.0015 train_max_dist: 22.9817 train_imax: 22.5152 train_imin: -14.6615 time: 1.6188s
INFO:root:Epoch: 0140 lr: 0.01 train_loss: 418463.6875 train_distortion: 7.8274 train_mapscore: 0.7212 train_c: -1.0013 train_max_dist: 23.3418 train_imax: 23.2600 train_imin: -14.7458 time: 1.6345s
INFO:root:Epoch: 0145 lr: 0.01 train_loss: 447775.4688 train_distortion: 7.4883 train_mapscore: 0.6996 train_c: -1.0011 train_max_dist: 23.3487 train_imax: 22.5723 train_imin: -14.2940 time: 1.6466s
INFO:root:Epoch: 0150 lr: 0.01 train_loss: 445059.6250 train_distortion: 6.9619 train_mapscore: 0.6989 train_c: -1.0010 train_max_dist: 23.3237 train_imax: 22.2217 train_imin: -21.4024 time: 1.5964s
INFO:root:Epoch: 0155 lr: 0.01 train_loss: 424464.0625 train_distortion: 6.8127 train_mapscore: 0.7093 train_c: -1.0008 train_max_dist: 23.3718 train_imax: 22.3552 train_imin: -27.1743 time: 1.6128s
INFO:root:Epoch: 0160 lr: 0.01 train_loss: 403138.5000 train_distortion: 7.2542 train_mapscore: 0.7216 train_c: -1.0006 train_max_dist: 23.8561 train_imax: 23.6912 train_imin: -27.6950 time: 1.6023s
INFO:root:Epoch: 0165 lr: 0.01 train_loss: 424149.5625 train_distortion: 8.3270 train_mapscore: 0.7074 train_c: -1.0001 train_max_dist: 24.7582 train_imax: 26.9578 train_imin: -29.0733 time: 1.6045s
INFO:root:Epoch: 0170 lr: 0.01 train_loss: 412012.4375 train_distortion: 8.6974 train_mapscore: 0.7125 train_c: -0.9997 train_max_dist: 25.2536 train_imax: 28.5836 train_imin: -28.1513 time: 1.6449s
INFO:root:Epoch: 0175 lr: 0.01 train_loss: 394200.7500 train_distortion: 8.4576 train_mapscore: 0.7254 train_c: -0.9995 train_max_dist: 25.2396 train_imax: 28.4338 train_imin: -26.0767 time: 1.6348s
INFO:root:Epoch: 0180 lr: 0.01 train_loss: 398254.9688 train_distortion: 8.2165 train_mapscore: 0.7215 train_c: -0.9994 train_max_dist: 25.1443 train_imax: 28.2464 train_imin: -24.4057 time: 1.6417s
INFO:root:Epoch: 0185 lr: 0.01 train_loss: 380377.9688 train_distortion: 8.0712 train_mapscore: 0.7312 train_c: -0.9992 train_max_dist: 25.1140 train_imax: 28.1592 train_imin: -24.4959 time: 1.6397s
INFO:root:Epoch: 0190 lr: 0.01 train_loss: 370773.9375 train_distortion: 8.0202 train_mapscore: 0.7372 train_c: -0.9992 train_max_dist: 25.1241 train_imax: 28.0635 train_imin: -22.2848 time: 1.6255s
INFO:root:Epoch: 0195 lr: 0.01 train_loss: 369147.5625 train_distortion: 8.4135 train_mapscore: 0.7381 train_c: -0.9991 train_max_dist: 25.4847 train_imax: 28.7486 train_imin: -21.5948 time: 1.6152s
INFO:root:Epoch: 0200 lr: 0.01 train_loss: 353540.0000 train_distortion: 8.8508 train_mapscore: 0.7463 train_c: -0.9989 train_max_dist: 25.8225 train_imax: 29.8950 train_imin: -21.9523 time: 1.6241s
INFO:root:Epoch: 0205 lr: 0.01 train_loss: 334566.6250 train_distortion: 9.2129 train_mapscore: 0.7591 train_c: -0.9988 train_max_dist: 26.1585 train_imax: 30.9001 train_imin: -22.4356 time: 1.6194s
INFO:root:Epoch: 0210 lr: 0.01 train_loss: 318058.5312 train_distortion: 9.5912 train_mapscore: 0.7702 train_c: -0.9986 train_max_dist: 26.3876 train_imax: 31.9637 train_imin: -22.7961 time: 1.5842s
INFO:root:Epoch: 0215 lr: 0.01 train_loss: 304141.2812 train_distortion: 9.9985 train_mapscore: 0.7793 train_c: -0.9985 train_max_dist: 26.6077 train_imax: 33.1446 train_imin: -22.8610 time: 1.5706s
INFO:root:Epoch: 0220 lr: 0.01 train_loss: 316175.2812 train_distortion: 10.8381 train_mapscore: 0.7771 train_c: -0.9983 train_max_dist: 27.1367 train_imax: 36.1772 train_imin: -22.3920 time: 1.5813s
INFO:root:Epoch: 0225 lr: 0.01 train_loss: 331173.2812 train_distortion: 11.2701 train_mapscore: 0.7695 train_c: -0.9980 train_max_dist: 27.5046 train_imax: 37.8238 train_imin: -23.2491 time: 1.5864s
INFO:root:Epoch: 0230 lr: 0.01 train_loss: 390244.3125 train_distortion: 10.7568 train_mapscore: 0.7450 train_c: -0.9977 train_max_dist: 27.2825 train_imax: 34.5854 train_imin: -23.1277 time: 1.6055s
INFO:root:Epoch: 0235 lr: 0.01 train_loss: 388911.7812 train_distortion: 9.5633 train_mapscore: 0.7382 train_c: -0.9975 train_max_dist: 26.6210 train_imax: 32.5262 train_imin: -21.3395 time: 1.6391s
INFO:root:Epoch: 0240 lr: 0.01 train_loss: 369690.0938 train_distortion: 8.8040 train_mapscore: 0.7477 train_c: -0.9972 train_max_dist: 26.0614 train_imax: 32.1223 train_imin: -19.4415 time: 1.6432s
INFO:root:Epoch: 0245 lr: 0.01 train_loss: 374763.4062 train_distortion: 8.6153 train_mapscore: 0.7482 train_c: -0.9972 train_max_dist: 25.9320 train_imax: 33.4868 train_imin: -18.4981 time: 1.6515s
INFO:root:Epoch: 0250 lr: 0.01 train_loss: 522114.7812 train_distortion: 7.6657 train_mapscore: 0.6515 train_c: -0.9975 train_max_dist: 25.4653 train_imax: 30.9189 train_imin: -16.1704 time: 1.6752s
INFO:root:Epoch: 0255 lr: 0.01 train_loss: 564947.7500 train_distortion: 6.5399 train_mapscore: 0.6094 train_c: -0.9977 train_max_dist: 24.7602 train_imax: 27.1660 train_imin: -14.2180 time: 1.7028s
INFO:root:Epoch: 0260 lr: 0.01 train_loss: 556177.6250 train_distortion: 5.9395 train_mapscore: 0.6089 train_c: -0.9978 train_max_dist: 24.2977 train_imax: 25.1680 train_imin: -13.6810 time: 1.7082s
INFO:root:Epoch: 0265 lr: 0.01 train_loss: 546201.0000 train_distortion: 6.1315 train_mapscore: 0.6115 train_c: -0.9977 train_max_dist: 24.1847 train_imax: 24.8606 train_imin: -13.3151 time: 1.6893s
INFO:root:Epoch: 0270 lr: 0.01 train_loss: 524790.3125 train_distortion: 6.3868 train_mapscore: 0.6233 train_c: -0.9975 train_max_dist: 24.2590 train_imax: 25.0844 train_imin: -13.6856 time: 1.6905s
INFO:root:Epoch: 0275 lr: 0.01 train_loss: 523815.3750 train_distortion: 6.0744 train_mapscore: 0.6260 train_c: -0.9974 train_max_dist: 23.8379 train_imax: 24.4507 train_imin: -11.9036 time: 1.6722s
INFO:root:Epoch: 0280 lr: 0.01 train_loss: 543372.0000 train_distortion: 6.0928 train_mapscore: 0.6120 train_c: -0.9973 train_max_dist: 23.7971 train_imax: 24.7794 train_imin: -10.6781 time: 1.6608s
INFO:root:Epoch: 0285 lr: 0.01 train_loss: 551968.8125 train_distortion: 6.2433 train_mapscore: 0.6019 train_c: -0.9972 train_max_dist: 24.0084 train_imax: 25.4491 train_imin: -17.3004 time: 1.6911s
INFO:root:Epoch: 0290 lr: 0.01 train_loss: 545574.2500 train_distortion: 6.0917 train_mapscore: 0.6027 train_c: -0.9972 train_max_dist: 23.8901 train_imax: 25.1133 train_imin: -19.3681 time: 1.6661s
INFO:root:Epoch: 0295 lr: 0.01 train_loss: 585566.5000 train_distortion: 5.5803 train_mapscore: 0.5747 train_c: -0.9972 train_max_dist: 23.4789 train_imax: 23.6931 train_imin: -19.3482 time: 1.6774s
INFO:root:Epoch: 0300 lr: 0.01 train_loss: 599831.1250 train_distortion: 5.4941 train_mapscore: 0.5613 train_c: -0.9970 train_max_dist: 23.5594 train_imax: 22.9284 train_imin: -20.1742 time: 1.6999s
INFO:root:Epoch: 0305 lr: 0.01 train_loss: 595684.1250 train_distortion: 5.9298 train_mapscore: 0.5600 train_c: -0.9967 train_max_dist: 24.0338 train_imax: 23.3038 train_imin: -21.1040 time: 1.7468s
INFO:root:Epoch: 0310 lr: 0.01 train_loss: 576102.8750 train_distortion: 5.9692 train_mapscore: 0.5714 train_c: -0.9965 train_max_dist: 24.0746 train_imax: 22.9564 train_imin: -20.0114 time: 1.7184s
INFO:root:Epoch: 0315 lr: 0.01 train_loss: 550469.0625 train_distortion: 5.8965 train_mapscore: 0.5879 train_c: -0.9963 train_max_dist: 24.0154 train_imax: 22.6241 train_imin: -18.1153 time: 1.7183s
INFO:root:Epoch: 0320 lr: 0.01 train_loss: 524560.3750 train_distortion: 5.9364 train_mapscore: 0.6073 train_c: -0.9961 train_max_dist: 24.0236 train_imax: 22.7327 train_imin: -16.2069 time: 1.7007s
INFO:root:Epoch: 0325 lr: 0.01 train_loss: 499952.9062 train_distortion: 6.1354 train_mapscore: 0.6236 train_c: -0.9959 train_max_dist: 24.1218 train_imax: 23.2741 train_imin: -15.2415 time: 1.7141s
INFO:root:Epoch: 0330 lr: 0.01 train_loss: 479016.7812 train_distortion: 6.5638 train_mapscore: 0.6368 train_c: -0.9957 train_max_dist: 24.3883 train_imax: 24.3713 train_imin: -15.3423 time: 1.6867s
INFO:root:Epoch: 0335 lr: 0.01 train_loss: 465334.2500 train_distortion: 6.9701 train_mapscore: 0.6476 train_c: -0.9955 train_max_dist: 24.7488 train_imax: 25.4528 train_imin: -15.2597 time: 1.6806s
INFO:root:Epoch: 0340 lr: 0.01 train_loss: 451440.5938 train_distortion: 7.2657 train_mapscore: 0.6582 train_c: -0.9954 train_max_dist: 25.0448 train_imax: 26.1726 train_imin: -15.1478 time: 1.6688s
INFO:root:Epoch: 0345 lr: 0.01 train_loss: 447301.4062 train_distortion: 7.2495 train_mapscore: 0.6622 train_c: -0.9953 train_max_dist: 25.0332 train_imax: 25.8661 train_imin: -14.7654 time: 1.6362s
INFO:root:Epoch: 0350 lr: 0.01 train_loss: 449599.1875 train_distortion: 7.1566 train_mapscore: 0.6609 train_c: -0.9953 train_max_dist: 24.9491 train_imax: 25.3863 train_imin: -15.2826 time: 1.6316s
INFO:root:Epoch: 0355 lr: 0.01 train_loss: 441572.2812 train_distortion: 7.1424 train_mapscore: 0.6665 train_c: -0.9952 train_max_dist: 24.9495 train_imax: 25.3147 train_imin: -15.2233 time: 1.6248s
INFO:root:Epoch: 0360 lr: 0.01 train_loss: 429175.0312 train_distortion: 7.3317 train_mapscore: 0.6752 train_c: -0.9951 train_max_dist: 25.1089 train_imax: 25.7805 train_imin: -14.9836 time: 1.6274s
INFO:root:Epoch: 0365 lr: 0.01 train_loss: 416491.4375 train_distortion: 7.6585 train_mapscore: 0.6833 train_c: -0.9950 train_max_dist: 25.3616 train_imax: 26.4905 train_imin: -14.9983 time: 1.6579s
INFO:root:Epoch: 0370 lr: 0.01 train_loss: 404590.4688 train_distortion: 7.8974 train_mapscore: 0.6929 train_c: -0.9949 train_max_dist: 25.5669 train_imax: 27.0103 train_imin: -15.0049 time: 1.6494s
INFO:root:Epoch: 0375 lr: 0.01 train_loss: 447602.2500 train_distortion: 9.2825 train_mapscore: 0.6756 train_c: -0.9946 train_max_dist: 26.6371 train_imax: 27.2689 train_imin: -17.4814 time: 1.6673s
INFO:root:Epoch: 0380 lr: 0.01 train_loss: 499242.1875 train_distortion: 8.6123 train_mapscore: 0.6480 train_c: -0.9946 train_max_dist: 26.4424 train_imax: 25.4394 train_imin: -16.6510 time: 1.6765s
INFO:root:Epoch: 0385 lr: 0.01 train_loss: 562528.3750 train_distortion: 8.2281 train_mapscore: 0.6069 train_c: -0.9944 train_max_dist: 26.3267 train_imax: 24.5292 train_imin: -15.8403 time: 1.7045s
INFO:root:Epoch: 0390 lr: 0.01 train_loss: 589202.6250 train_distortion: 7.2899 train_mapscore: 0.5820 train_c: -0.9942 train_max_dist: 25.5972 train_imax: 23.1406 train_imin: -16.0304 time: 1.7152s
INFO:root:Epoch: 0395 lr: 0.01 train_loss: 583111.7500 train_distortion: 6.2977 train_mapscore: 0.5811 train_c: -0.9940 train_max_dist: 24.8085 train_imax: 22.2622 train_imin: -14.8516 time: 1.7152s
INFO:root:Epoch: 0400 lr: 0.01 train_loss: 566651.9375 train_distortion: 5.6640 train_mapscore: 0.5917 train_c: -0.9938 train_max_dist: 24.2693 train_imax: 21.5081 train_imin: -13.1299 time: 1.7359s
INFO:root:Epoch: 0405 lr: 0.01 train_loss: 545623.2500 train_distortion: 5.5421 train_mapscore: 0.6047 train_c: -0.9936 train_max_dist: 24.1405 train_imax: 21.4854 train_imin: -11.6460 time: 1.6924s
INFO:root:Epoch: 0410 lr: 0.01 train_loss: 521753.3438 train_distortion: 5.8948 train_mapscore: 0.6198 train_c: -0.9934 train_max_dist: 24.4142 train_imax: 22.3397 train_imin: -11.5923 time: 1.6750s
INFO:root:Epoch: 0415 lr: 0.01 train_loss: 500107.2500 train_distortion: 6.3662 train_mapscore: 0.6297 train_c: -0.9932 train_max_dist: 24.7605 train_imax: 23.3728 train_imin: -11.7967 time: 1.6746s
INFO:root:Epoch: 0420 lr: 0.01 train_loss: 481747.1250 train_distortion: 6.7432 train_mapscore: 0.6393 train_c: -0.9930 train_max_dist: 25.0222 train_imax: 24.0210 train_imin: -12.2881 time: 1.6666s
INFO:root:Epoch: 0425 lr: 0.01 train_loss: 467822.7500 train_distortion: 6.7482 train_mapscore: 0.6490 train_c: -0.9929 train_max_dist: 24.9888 train_imax: 23.9862 train_imin: -12.4846 time: 1.6638s
INFO:root:Epoch: 0430 lr: 0.01 train_loss: 454924.8125 train_distortion: 6.9026 train_mapscore: 0.6566 train_c: -0.9928 train_max_dist: 25.0700 train_imax: 24.3417 train_imin: -12.5737 time: 1.6820s
INFO:root:Epoch: 0435 lr: 0.01 train_loss: 442066.1875 train_distortion: 7.2338 train_mapscore: 0.6638 train_c: -0.9926 train_max_dist: 25.2754 train_imax: 25.0681 train_imin: -12.8246 time: 1.6895s
INFO:root:Epoch: 0440 lr: 0.01 train_loss: 430171.9375 train_distortion: 7.5411 train_mapscore: 0.6712 train_c: -0.9925 train_max_dist: 25.4726 train_imax: 25.7628 train_imin: -12.9862 time: 1.6840s
INFO:root:Epoch: 0445 lr: 0.01 train_loss: 419392.5312 train_distortion: 7.7658 train_mapscore: 0.6785 train_c: -0.9924 train_max_dist: 25.6032 train_imax: 26.2774 train_imin: -12.9309 time: 1.6758s
INFO:root:Epoch: 0450 lr: 0.01 train_loss: 409570.3438 train_distortion: 7.9270 train_mapscore: 0.6854 train_c: -0.9923 train_max_dist: 25.6580 train_imax: 26.6517 train_imin: -12.8309 time: 1.6717s
INFO:root:Epoch: 0455 lr: 0.01 train_loss: 400782.1250 train_distortion: 8.1146 train_mapscore: 0.6910 train_c: -0.9922 train_max_dist: 25.7198 train_imax: 27.0842 train_imin: -12.7311 time: 1.6681s
INFO:root:Epoch: 0460 lr: 0.01 train_loss: 393306.5625 train_distortion: 8.2657 train_mapscore: 0.6966 train_c: -0.9921 train_max_dist: 25.7837 train_imax: 27.4392 train_imin: -12.5446 time: 1.6688s
INFO:root:Epoch: 0465 lr: 0.01 train_loss: 386101.7188 train_distortion: 8.3949 train_mapscore: 0.7020 train_c: -0.9920 train_max_dist: 25.8831 train_imax: 27.7139 train_imin: -12.4872 time: 1.6746s
INFO:root:Epoch: 0470 lr: 0.01 train_loss: 379624.2812 train_distortion: 8.5450 train_mapscore: 0.7069 train_c: -0.9919 train_max_dist: 26.0056 train_imax: 27.9717 train_imin: -12.6872 time: 1.6365s
INFO:root:Epoch: 0475 lr: 0.01 train_loss: 400320.0625 train_distortion: 6.9559 train_mapscore: 0.7065 train_c: -0.9922 train_max_dist: 24.7964 train_imax: 24.2666 train_imin: -11.1364 time: 1.6179s
INFO:root:Epoch: 0480 lr: 0.01 train_loss: 412395.5625 train_distortion: 6.4779 train_mapscore: 0.7045 train_c: -0.9923 train_max_dist: 24.3304 train_imax: 22.9035 train_imin: -10.7680 time: 1.6404s
INFO:root:Epoch: 0485 lr: 0.01 train_loss: 410655.5625 train_distortion: 6.7486 train_mapscore: 0.7046 train_c: -0.9923 train_max_dist: 24.4748 train_imax: 23.2012 train_imin: -11.0236 time: 1.6259s
INFO:root:Epoch: 0490 lr: 0.01 train_loss: 420827.5938 train_distortion: 8.2324 train_mapscore: 0.6953 train_c: -0.9922 train_max_dist: 25.7441 train_imax: 25.7512 train_imin: -16.9218 time: 1.6355s
INFO:root:Epoch: 0495 lr: 0.01 train_loss: 427009.1562 train_distortion: 9.1528 train_mapscore: 0.6908 train_c: -0.9921 train_max_dist: 26.4906 train_imax: 27.2733 train_imin: -23.0601 time: 1.6268s
INFO:root:Epoch: 0500 lr: 0.01 train_loss: 418590.1250 train_distortion: 9.1903 train_mapscore: 0.6926 train_c: -0.9920 train_max_dist: 26.5404 train_imax: 27.3469 train_imin: -23.9907 time: 1.6703s
INFO:root:Epoch: 0505 lr: 0.01 train_loss: 406159.4062 train_distortion: 8.7584 train_mapscore: 0.6996 train_c: -0.9919 train_max_dist: 26.1844 train_imax: 26.3951 train_imin: -23.2644 time: 1.6709s
INFO:root:Epoch: 0510 lr: 0.01 train_loss: 395320.5000 train_distortion: 8.4059 train_mapscore: 0.7070 train_c: -0.9918 train_max_dist: 25.8375 train_imax: 25.5801 train_imin: -22.4419 time: 1.6627s
INFO:root:Epoch: 0515 lr: 0.01 train_loss: 388957.3438 train_distortion: 8.2187 train_mapscore: 0.7132 train_c: -0.9918 train_max_dist: 25.6340 train_imax: 24.9770 train_imin: -21.9263 time: 1.6647s
INFO:root:Epoch: 0520 lr: 0.01 train_loss: 382102.3438 train_distortion: 8.2439 train_mapscore: 0.7180 train_c: -0.9917 train_max_dist: 25.6170 train_imax: 24.9444 train_imin: -21.6812 time: 1.6547s
INFO:root:Epoch: 0525 lr: 0.01 train_loss: 374698.5000 train_distortion: 8.4494 train_mapscore: 0.7229 train_c: -0.9916 train_max_dist: 25.7275 train_imax: 25.3885 train_imin: -21.7992 time: 1.6607s
INFO:root:Epoch: 0530 lr: 0.01 train_loss: 426468.4375 train_distortion: 7.4941 train_mapscore: 0.7089 train_c: -0.9917 train_max_dist: 25.1500 train_imax: 23.6787 train_imin: -20.0470 time: 1.6563s
INFO:root:Epoch: 0535 lr: 0.01 train_loss: 467957.0938 train_distortion: 6.9392 train_mapscore: 0.6887 train_c: -0.9918 train_max_dist: 24.8274 train_imax: 22.6327 train_imin: -19.0261 time: 1.6721s
INFO:root:Epoch: 0540 lr: 0.01 train_loss: 475104.3438 train_distortion: 6.8253 train_mapscore: 0.6830 train_c: -0.9918 train_max_dist: 24.8279 train_imax: 22.5094 train_imin: -18.8824 time: 1.6305s
INFO:root:Epoch: 0545 lr: 0.01 train_loss: 466918.1250 train_distortion: 6.9651 train_mapscore: 0.6850 train_c: -0.9917 train_max_dist: 24.9801 train_imax: 22.7573 train_imin: -19.3015 time: 1.6329s
INFO:root:Epoch: 0550 lr: 0.01 train_loss: 451038.9062 train_distortion: 7.2815 train_mapscore: 0.6909 train_c: -0.9916 train_max_dist: 25.2153 train_imax: 23.4613 train_imin: -19.8782 time: 1.6389s
INFO:root:Epoch: 0555 lr: 0.01 train_loss: 431843.3438 train_distortion: 7.6389 train_mapscore: 0.6981 train_c: -0.9914 train_max_dist: 25.4294 train_imax: 24.2754 train_imin: -20.4393 time: 1.6302s
INFO:root:Epoch: 0560 lr: 0.01 train_loss: 415681.3125 train_distortion: 7.9558 train_mapscore: 0.7059 train_c: -0.9913 train_max_dist: 25.5860 train_imax: 25.0834 train_imin: -20.8492 time: 1.6510s
INFO:root:Epoch: 0565 lr: 0.01 train_loss: 403750.0625 train_distortion: 8.4364 train_mapscore: 0.7118 train_c: -0.9912 train_max_dist: 25.8577 train_imax: 26.1887 train_imin: -21.4965 time: 1.6543s
INFO:root:Epoch: 0570 lr: 0.01 train_loss: 409082.2500 train_distortion: 8.2283 train_mapscore: 0.7119 train_c: -0.9911 train_max_dist: 25.6694 train_imax: 25.8472 train_imin: -21.4019 time: 1.6726s
INFO:root:Epoch: 0575 lr: 0.01 train_loss: 432843.2188 train_distortion: 7.6114 train_mapscore: 0.7024 train_c: -0.9912 train_max_dist: 25.1847 train_imax: 25.0957 train_imin: -20.7641 time: 1.6664s
INFO:root:Epoch: 0580 lr: 0.01 train_loss: 434548.1250 train_distortion: 7.3631 train_mapscore: 0.7002 train_c: -0.9911 train_max_dist: 24.9770 train_imax: 24.6020 train_imin: -20.3660 time: 1.6747s
INFO:root:Epoch: 0585 lr: 0.01 train_loss: 427567.2812 train_distortion: 7.2619 train_mapscore: 0.7042 train_c: -0.9911 train_max_dist: 24.8824 train_imax: 24.2015 train_imin: -19.8798 time: 1.6752s
INFO:root:Epoch: 0590 lr: 0.01 train_loss: 418791.0000 train_distortion: 7.3938 train_mapscore: 0.7075 train_c: -0.9910 train_max_dist: 24.9609 train_imax: 24.1620 train_imin: -19.6900 time: 1.6792s
INFO:root:Epoch: 0595 lr: 0.01 train_loss: 416139.0938 train_distortion: 7.7173 train_mapscore: 0.7095 train_c: -0.9908 train_max_dist: 25.1818 train_imax: 24.2685 train_imin: -19.4691 time: 1.6588s
INFO:root:Epoch: 0600 lr: 0.01 train_loss: 472074.8750 train_distortion: 7.0799 train_mapscore: 0.6825 train_c: -0.9907 train_max_dist: 24.7133 train_imax: 22.3586 train_imin: -18.4086 time: 1.6638s
INFO:root:Epoch: 0605 lr: 0.01 train_loss: 512324.0312 train_distortion: 6.0121 train_mapscore: 0.6606 train_c: -0.9908 train_max_dist: 23.9003 train_imax: 19.7508 train_imin: -16.2360 time: 1.6722s
INFO:root:Epoch: 0610 lr: 0.01 train_loss: 550752.3750 train_distortion: 4.7824 train_mapscore: 0.6413 train_c: -0.9911 train_max_dist: 22.5277 train_imax: 17.3177 train_imin: -14.5499 time: 1.6777s
INFO:root:Epoch: 0615 lr: 0.01 train_loss: 562279.4375 train_distortion: 4.5471 train_mapscore: 0.6312 train_c: -0.9912 train_max_dist: 22.2979 train_imax: 17.1376 train_imin: -14.9887 time: 1.6868s
INFO:root:Epoch: 0620 lr: 0.01 train_loss: 551670.3750 train_distortion: 4.9559 train_mapscore: 0.6312 train_c: -0.9912 train_max_dist: 22.8281 train_imax: 18.2939 train_imin: -16.6730 time: 1.6933s
INFO:root:Epoch: 0625 lr: 0.01 train_loss: 531951.7500 train_distortion: 5.6354 train_mapscore: 0.6369 train_c: -0.9911 train_max_dist: 23.5012 train_imax: 19.9918 train_imin: -18.1070 time: 1.7189s
INFO:root:Epoch: 0630 lr: 0.01 train_loss: 527869.2500 train_distortion: 5.1107 train_mapscore: 0.6427 train_c: -0.9911 train_max_dist: 22.9686 train_imax: 19.4253 train_imin: -16.1834 time: 1.7297s
INFO:root:Epoch: 0635 lr: 0.01 train_loss: 541993.5000 train_distortion: 4.6327 train_mapscore: 0.6361 train_c: -0.9912 train_max_dist: 22.4753 train_imax: 18.6313 train_imin: -15.0546 time: 1.7239s
INFO:root:Epoch: 0640 lr: 0.01 train_loss: 542884.5625 train_distortion: 4.7575 train_mapscore: 0.6322 train_c: -0.9911 train_max_dist: 22.6109 train_imax: 19.0408 train_imin: -15.1869 time: 1.7205s
INFO:root:Epoch: 0645 lr: 0.01 train_loss: 533005.9375 train_distortion: 5.2562 train_mapscore: 0.6327 train_c: -0.9910 train_max_dist: 23.0928 train_imax: 20.2425 train_imin: -15.8997 time: 1.7348s
INFO:root:Epoch: 0650 lr: 0.01 train_loss: 518302.3438 train_distortion: 6.0213 train_mapscore: 0.6357 train_c: -0.9908 train_max_dist: 23.7512 train_imax: 22.0490 train_imin: -16.9474 time: 1.7169s
INFO:root:Epoch: 0655 lr: 0.01 train_loss: 503193.4688 train_distortion: 6.4288 train_mapscore: 0.6426 train_c: -0.9907 train_max_dist: 24.1001 train_imax: 22.9740 train_imin: -17.2984 time: 1.7059s
INFO:root:Epoch: 0660 lr: 0.01 train_loss: 489199.5000 train_distortion: 6.5506 train_mapscore: 0.6507 train_c: -0.9906 train_max_dist: 24.2295 train_imax: 23.2189 train_imin: -17.1821 time: 1.7030s
INFO:root:Epoch: 0665 lr: 0.01 train_loss: 476411.4375 train_distortion: 6.9098 train_mapscore: 0.6577 train_c: -0.9904 train_max_dist: 24.5381 train_imax: 24.3210 train_imin: -17.5859 time: 1.6653s
INFO:root:Epoch: 0670 lr: 0.01 train_loss: 464516.8125 train_distortion: 7.0396 train_mapscore: 0.6645 train_c: -0.9903 train_max_dist: 24.6528 train_imax: 24.7312 train_imin: -17.5821 time: 1.6598s
INFO:root:Epoch: 0675 lr: 0.01 train_loss: 452980.0625 train_distortion: 7.0884 train_mapscore: 0.6723 train_c: -0.9901 train_max_dist: 24.6731 train_imax: 24.8617 train_imin: -17.4096 time: 1.6468s
INFO:root:Epoch: 0680 lr: 0.01 train_loss: 442679.6562 train_distortion: 7.1282 train_mapscore: 0.6795 train_c: -0.9900 train_max_dist: 24.6895 train_imax: 24.9361 train_imin: -17.2653 time: 1.6564s
INFO:root:Epoch: 0685 lr: 0.01 train_loss: 433396.1875 train_distortion: 7.2367 train_mapscore: 0.6859 train_c: -0.9900 train_max_dist: 24.7945 train_imax: 25.1184 train_imin: -17.2614 time: 1.6417s
INFO:root:Epoch: 0690 lr: 0.01 train_loss: 424749.6250 train_distortion: 7.4021 train_mapscore: 0.6912 train_c: -0.9899 train_max_dist: 24.9628 train_imax: 25.3947 train_imin: -17.4130 time: 1.6373s
INFO:root:Epoch: 0695 lr: 0.01 train_loss: 417028.5938 train_distortion: 7.5928 train_mapscore: 0.6966 train_c: -0.9898 train_max_dist: 25.1496 train_imax: 25.7085 train_imin: -17.6425 time: 1.6800s
INFO:root:Epoch: 0700 lr: 0.01 train_loss: 410015.0312 train_distortion: 7.7637 train_mapscore: 0.7012 train_c: -0.9897 train_max_dist: 25.3067 train_imax: 25.9695 train_imin: -17.8723 time: 1.6868s
INFO:root:Epoch: 0705 lr: 0.01 train_loss: 404375.2500 train_distortion: 7.8294 train_mapscore: 0.7048 train_c: -0.9896 train_max_dist: 25.4253 train_imax: 26.0404 train_imin: -17.9431 time: 1.6639s
INFO:root:Epoch: 0710 lr: 0.01 train_loss: 399795.0625 train_distortion: 7.9448 train_mapscore: 0.7084 train_c: -0.9896 train_max_dist: 25.5188 train_imax: 26.2103 train_imin: -18.1096 time: 1.6715s
INFO:root:Epoch: 0715 lr: 0.01 train_loss: 394534.8125 train_distortion: 8.0997 train_mapscore: 0.7120 train_c: -0.9895 train_max_dist: 25.6094 train_imax: 26.4584 train_imin: -18.2979 time: 1.6681s
INFO:root:Epoch: 0720 lr: 0.01 train_loss: 389169.1250 train_distortion: 8.2396 train_mapscore: 0.7165 train_c: -0.9894 train_max_dist: 25.6849 train_imax: 26.6543 train_imin: -18.5231 time: 1.6594s
INFO:root:Epoch: 0725 lr: 0.01 train_loss: 384345.7188 train_distortion: 8.3474 train_mapscore: 0.7202 train_c: -0.9894 train_max_dist: 25.7699 train_imax: 26.7648 train_imin: -18.7516 time: 1.6598s
INFO:root:Epoch: 0730 lr: 0.01 train_loss: 380780.8125 train_distortion: 8.4350 train_mapscore: 0.7234 train_c: -0.9893 train_max_dist: 25.8738 train_imax: 26.8484 train_imin: -18.9490 time: 1.6562s
INFO:root:Epoch: 0735 lr: 0.01 train_loss: 376918.2188 train_distortion: 8.5652 train_mapscore: 0.7263 train_c: -0.9893 train_max_dist: 25.9531 train_imax: 27.0798 train_imin: -19.3002 time: 1.6272s
INFO:root:Epoch: 0740 lr: 0.01 train_loss: 372584.8125 train_distortion: 8.6745 train_mapscore: 0.7298 train_c: -0.9892 train_max_dist: 26.0210 train_imax: 27.2585 train_imin: -19.9466 time: 1.6251s
INFO:root:Epoch: 0745 lr: 0.01 train_loss: 369200.8125 train_distortion: 8.6827 train_mapscore: 0.7325 train_c: -0.9892 train_max_dist: 26.0399 train_imax: 27.1670 train_imin: -20.9710 time: 1.6347s
INFO:root:Epoch: 0750 lr: 0.01 train_loss: 366036.6250 train_distortion: 8.7160 train_mapscore: 0.7347 train_c: -0.9892 train_max_dist: 26.0363 train_imax: 27.1691 train_imin: -20.9607 time: 1.6095s
INFO:root:Epoch: 0755 lr: 0.01 train_loss: 362769.8438 train_distortion: 8.8483 train_mapscore: 0.7370 train_c: -0.9891 train_max_dist: 26.1213 train_imax: 27.4068 train_imin: -20.5327 time: 1.6618s
INFO:root:Epoch: 0760 lr: 0.01 train_loss: 359769.1875 train_distortion: 8.9769 train_mapscore: 0.7390 train_c: -0.9891 train_max_dist: 26.2167 train_imax: 27.6853 train_imin: -20.3258 time: 1.6533s
INFO:root:Epoch: 0765 lr: 0.01 train_loss: 357185.9375 train_distortion: 9.0814 train_mapscore: 0.7408 train_c: -0.9890 train_max_dist: 26.2891 train_imax: 27.9593 train_imin: -20.3297 time: 1.6503s
INFO:root:Epoch: 0770 lr: 0.01 train_loss: 355598.3750 train_distortion: 9.0607 train_mapscore: 0.7422 train_c: -0.9890 train_max_dist: 26.2662 train_imax: 27.9589 train_imin: -20.4105 time: 1.6551s
INFO:root:Epoch: 0775 lr: 0.01 train_loss: 357755.9688 train_distortion: 8.9640 train_mapscore: 0.7406 train_c: -0.9891 train_max_dist: 26.1376 train_imax: 27.9223 train_imin: -20.5369 time: 1.6510s
INFO:root:Epoch: 0780 lr: 0.01 train_loss: 356518.1875 train_distortion: 9.0240 train_mapscore: 0.7411 train_c: -0.9891 train_max_dist: 26.1383 train_imax: 28.1914 train_imin: -20.8430 time: 1.6506s
INFO:root:Epoch: 0785 lr: 0.01 train_loss: 353361.4375 train_distortion: 9.1238 train_mapscore: 0.7428 train_c: -0.9890 train_max_dist: 26.2596 train_imax: 28.4882 train_imin: -20.9456 time: 1.6517s
INFO:root:Epoch: 0790 lr: 0.01 train_loss: 352065.9688 train_distortion: 9.0818 train_mapscore: 0.7447 train_c: -0.9891 train_max_dist: 26.3001 train_imax: 28.1817 train_imin: -20.8654 time: 1.6519s
INFO:root:Epoch: 0795 lr: 0.01 train_loss: 351622.9062 train_distortion: 9.1330 train_mapscore: 0.7457 train_c: -0.9890 train_max_dist: 26.3353 train_imax: 28.1046 train_imin: -21.0145 time: 1.6244s
INFO:root:Epoch: 0800 lr: 0.01 train_loss: 348703.0000 train_distortion: 9.2660 train_mapscore: 0.7478 train_c: -0.9890 train_max_dist: 26.4249 train_imax: 28.3141 train_imin: -21.2154 time: 1.6232s
INFO:root:Epoch: 0805 lr: 0.01 train_loss: 345537.4375 train_distortion: 9.4605 train_mapscore: 0.7495 train_c: -0.9890 train_max_dist: 26.5600 train_imax: 28.7282 train_imin: -21.6524 time: 1.6167s
INFO:root:Epoch: 0810 lr: 0.01 train_loss: 343428.3750 train_distortion: 9.5921 train_mapscore: 0.7508 train_c: -0.9889 train_max_dist: 26.6314 train_imax: 29.0849 train_imin: -21.9434 time: 1.6116s
INFO:root:Epoch: 0815 lr: 0.01 train_loss: 341053.2500 train_distortion: 9.7206 train_mapscore: 0.7526 train_c: -0.9889 train_max_dist: 26.7239 train_imax: 29.4115 train_imin: -22.2043 time: 1.6079s
INFO:root:Epoch: 0820 lr: 0.01 train_loss: 337908.1875 train_distortion: 9.8388 train_mapscore: 0.7550 train_c: -0.9888 train_max_dist: 26.8262 train_imax: 29.7093 train_imin: -22.3637 time: 1.6599s
INFO:root:Epoch: 0825 lr: 0.01 train_loss: 335170.5312 train_distortion: 9.9209 train_mapscore: 0.7577 train_c: -0.9888 train_max_dist: 26.9024 train_imax: 29.9125 train_imin: -22.5309 time: 1.6481s
INFO:root:Epoch: 0830 lr: 0.01 train_loss: 342676.5000 train_distortion: 9.7535 train_mapscore: 0.7559 train_c: -0.9888 train_max_dist: 26.8000 train_imax: 29.7103 train_imin: -22.3071 time: 1.6370s
INFO:root:Epoch: 0835 lr: 0.01 train_loss: 349224.5312 train_distortion: 9.6053 train_mapscore: 0.7528 train_c: -0.9888 train_max_dist: 26.6982 train_imax: 29.5711 train_imin: -21.9680 time: 1.6509s
INFO:root:Epoch: 0840 lr: 0.01 train_loss: 347356.0312 train_distortion: 9.5992 train_mapscore: 0.7537 train_c: -0.9888 train_max_dist: 26.6943 train_imax: 29.6538 train_imin: -21.7955 time: 1.6408s
INFO:root:Epoch: 0845 lr: 0.01 train_loss: 342301.0312 train_distortion: 9.6446 train_mapscore: 0.7568 train_c: -0.9888 train_max_dist: 26.7443 train_imax: 29.8518 train_imin: -21.9685 time: 1.6792s
INFO:root:Epoch: 0850 lr: 0.01 train_loss: 341378.2500 train_distortion: 9.6509 train_mapscore: 0.7581 train_c: -0.9888 train_max_dist: 26.7433 train_imax: 30.0440 train_imin: -22.1420 time: 1.6526s
INFO:root:Epoch: 0855 lr: 0.01 train_loss: 338522.4375 train_distortion: 9.7157 train_mapscore: 0.7596 train_c: -0.9887 train_max_dist: 26.7352 train_imax: 30.2357 train_imin: -22.0830 time: 1.6478s
INFO:root:Epoch: 0860 lr: 0.01 train_loss: 334950.5938 train_distortion: 9.8182 train_mapscore: 0.7615 train_c: -0.9887 train_max_dist: 26.7437 train_imax: 30.4461 train_imin: -22.0654 time: 1.6025s
INFO:root:Epoch: 0865 lr: 0.01 train_loss: 332360.2188 train_distortion: 9.9146 train_mapscore: 0.7631 train_c: -0.9887 train_max_dist: 26.6484 train_imax: 30.5818 train_imin: -22.2215 time: 1.6224s
INFO:root:Epoch: 0870 lr: 0.01 train_loss: 329379.1250 train_distortion: 10.0395 train_mapscore: 0.7657 train_c: -0.9886 train_max_dist: 26.6957 train_imax: 30.7431 train_imin: -22.4605 time: 1.6150s
INFO:root:Epoch: 0875 lr: 0.01 train_loss: 325649.9375 train_distortion: 10.2220 train_mapscore: 0.7688 train_c: -0.9886 train_max_dist: 26.7857 train_imax: 31.0684 train_imin: -22.6876 time: 1.6001s
INFO:root:Epoch: 0880 lr: 0.01 train_loss: 323195.3750 train_distortion: 10.3492 train_mapscore: 0.7706 train_c: -0.9886 train_max_dist: 26.8457 train_imax: 31.3050 train_imin: -22.7634 time: 1.5992s
INFO:root:Epoch: 0885 lr: 0.01 train_loss: 321063.2188 train_distortion: 10.4450 train_mapscore: 0.7724 train_c: -0.9885 train_max_dist: 26.9140 train_imax: 31.5013 train_imin: -22.8854 time: 1.6025s
INFO:root:Epoch: 0890 lr: 0.01 train_loss: 320631.1250 train_distortion: 10.5817 train_mapscore: 0.7724 train_c: -0.9885 train_max_dist: 27.0093 train_imax: 31.7698 train_imin: -23.1648 time: 1.6469s
INFO:root:Epoch: 0895 lr: 0.01 train_loss: 323498.2812 train_distortion: 10.7275 train_mapscore: 0.7705 train_c: -0.9885 train_max_dist: 27.0831 train_imax: 31.9104 train_imin: -23.4815 time: 1.6400s
INFO:root:Epoch: 0900 lr: 0.01 train_loss: 341755.6562 train_distortion: 10.8630 train_mapscore: 0.7619 train_c: -0.9885 train_max_dist: 27.2766 train_imax: 32.2809 train_imin: -24.0018 time: 1.6567s
INFO:root:Epoch: 0905 lr: 0.01 train_loss: 346813.2812 train_distortion: 10.6206 train_mapscore: 0.7580 train_c: -0.9885 train_max_dist: 27.0713 train_imax: 31.8438 train_imin: -23.2168 time: 1.6409s
INFO:root:Epoch: 0910 lr: 0.01 train_loss: 347725.3438 train_distortion: 10.4965 train_mapscore: 0.7576 train_c: -0.9885 train_max_dist: 27.0173 train_imax: 31.5102 train_imin: -24.6017 time: 1.6470s
INFO:root:Epoch: 0915 lr: 0.01 train_loss: 346363.9688 train_distortion: 10.3276 train_mapscore: 0.7584 train_c: -0.9885 train_max_dist: 26.8785 train_imax: 31.2017 train_imin: -25.0437 time: 1.6635s
INFO:root:Epoch: 0920 lr: 0.01 train_loss: 351424.8438 train_distortion: 9.9150 train_mapscore: 0.7563 train_c: -0.9885 train_max_dist: 26.5195 train_imax: 30.2176 train_imin: -24.8020 time: 1.6556s
INFO:root:Epoch: 0925 lr: 0.01 train_loss: 348286.5312 train_distortion: 9.7230 train_mapscore: 0.7583 train_c: -0.9885 train_max_dist: 26.3823 train_imax: 29.5739 train_imin: -24.5646 time: 1.6466s
INFO:root:Epoch: 0930 lr: 0.01 train_loss: 343361.6875 train_distortion: 9.7356 train_mapscore: 0.7610 train_c: -0.9884 train_max_dist: 26.3281 train_imax: 29.5141 train_imin: -24.3927 time: 1.6018s
INFO:root:Epoch: 0935 lr: 0.01 train_loss: 338167.9375 train_distortion: 9.8895 train_mapscore: 0.7634 train_c: -0.9884 train_max_dist: 26.3675 train_imax: 29.7030 train_imin: -24.3635 time: 1.6179s
INFO:root:Epoch: 0940 lr: 0.01 train_loss: 334401.1875 train_distortion: 10.0702 train_mapscore: 0.7651 train_c: -0.9883 train_max_dist: 26.5164 train_imax: 29.9800 train_imin: -24.4477 time: 1.6145s
INFO:root:Epoch: 0945 lr: 0.01 train_loss: 332787.5000 train_distortion: 10.2075 train_mapscore: 0.7668 train_c: -0.9883 train_max_dist: 26.6442 train_imax: 30.2348 train_imin: -24.4211 time: 1.6169s
INFO:root:Epoch: 0950 lr: 0.01 train_loss: 329481.5000 train_distortion: 10.3694 train_mapscore: 0.7683 train_c: -0.9882 train_max_dist: 26.7873 train_imax: 30.5430 train_imin: -24.4179 time: 1.6510s
INFO:root:Epoch: 0955 lr: 0.01 train_loss: 347074.7812 train_distortion: 10.1316 train_mapscore: 0.7641 train_c: -0.9882 train_max_dist: 26.7134 train_imax: 30.3905 train_imin: -30.9800 time: 1.6462s
INFO:root:Epoch: 0960 lr: 0.01 train_loss: 419110.7500 train_distortion: 9.3907 train_mapscore: 0.7258 train_c: -0.9883 train_max_dist: 26.4522 train_imax: 29.7587 train_imin: -34.6948 time: 1.6579s
INFO:root:Epoch: 0965 lr: 0.01 train_loss: 450076.2500 train_distortion: 8.6981 train_mapscore: 0.7049 train_c: -0.9883 train_max_dist: 26.4391 train_imax: 28.5415 train_imin: -31.8494 time: 1.6672s
INFO:root:Epoch: 0970 lr: 0.01 train_loss: 495604.3750 train_distortion: 7.2077 train_mapscore: 0.6760 train_c: -0.9884 train_max_dist: 25.0532 train_imax: 25.3249 train_imin: -29.6711 time: 1.6955s
INFO:root:Epoch: 0975 lr: 0.01 train_loss: 533211.2500 train_distortion: 6.2975 train_mapscore: 0.6447 train_c: -0.9883 train_max_dist: 24.2168 train_imax: 23.6034 train_imin: -25.9194 time: 1.6901s
INFO:root:Epoch: 0980 lr: 0.01 train_loss: 539411.8750 train_distortion: 5.9130 train_mapscore: 0.6350 train_c: -0.9881 train_max_dist: 23.8820 train_imax: 23.0395 train_imin: -22.8785 time: 1.7136s
INFO:root:Epoch: 0985 lr: 0.01 train_loss: 567919.5000 train_distortion: 5.8313 train_mapscore: 0.6189 train_c: -0.9879 train_max_dist: 23.8031 train_imax: 22.8514 train_imin: -22.0379 time: 1.7004s
INFO:root:Epoch: 0990 lr: 0.01 train_loss: 595663.7500 train_distortion: 5.8233 train_mapscore: 0.6030 train_c: -0.9877 train_max_dist: 23.5066 train_imax: 23.4001 train_imin: -21.5451 time: 1.6911s
INFO:root:Epoch: 0995 lr: 0.01 train_loss: 600870.6250 train_distortion: 5.7560 train_mapscore: 0.5996 train_c: -0.9875 train_max_dist: 23.5533 train_imax: 23.3693 train_imin: -20.9901 time: 1.6925s
INFO:root:Epoch: 1000 lr: 0.01 train_loss: 591703.8125 train_distortion: 5.6783 train_mapscore: 0.6043 train_c: -0.9873 train_max_dist: 23.5168 train_imax: 23.2050 train_imin: -20.5317 time: 1.6938s
INFO:root:Epoch: 1005 lr: 0.01 train_loss: 576349.6250 train_distortion: 5.5395 train_mapscore: 0.6129 train_c: -0.9871 train_max_dist: 23.3966 train_imax: 22.7525 train_imin: -19.9971 time: 1.6789s
INFO:root:Epoch: 1010 lr: 0.01 train_loss: 560611.0000 train_distortion: 5.3684 train_mapscore: 0.6226 train_c: -0.9870 train_max_dist: 23.2560 train_imax: 22.0983 train_imin: -19.4974 time: 1.6970s
INFO:root:Epoch: 1015 lr: 0.01 train_loss: 544081.6875 train_distortion: 5.4332 train_mapscore: 0.6329 train_c: -0.9868 train_max_dist: 23.3241 train_imax: 22.0024 train_imin: -19.5907 time: 1.7230s
INFO:root:Epoch: 1020 lr: 0.01 train_loss: 529623.9375 train_distortion: 5.6693 train_mapscore: 0.6406 train_c: -0.9866 train_max_dist: 23.5254 train_imax: 22.3880 train_imin: -20.1378 time: 1.7034s
INFO:root:Epoch: 1025 lr: 0.01 train_loss: 519683.8125 train_distortion: 5.4551 train_mapscore: 0.6487 train_c: -0.9865 train_max_dist: 23.2374 train_imax: 21.9791 train_imin: -19.6937 time: 1.7058s
INFO:root:Epoch: 1030 lr: 0.01 train_loss: 515411.2500 train_distortion: 5.1969 train_mapscore: 0.6536 train_c: -0.9865 train_max_dist: 22.8847 train_imax: 21.2954 train_imin: -19.2008 time: 1.7054s
INFO:root:Epoch: 1035 lr: 0.01 train_loss: 505434.3125 train_distortion: 5.4337 train_mapscore: 0.6582 train_c: -0.9864 train_max_dist: 23.0488 train_imax: 21.8741 train_imin: -19.8511 time: 1.6966s
INFO:root:Epoch: 1040 lr: 0.01 train_loss: 492837.5625 train_distortion: 6.1285 train_mapscore: 0.6620 train_c: -0.9862 train_max_dist: 23.6415 train_imax: 24.0384 train_imin: -21.6027 time: 1.6865s
INFO:root:Epoch: 1045 lr: 0.01 train_loss: 481857.1250 train_distortion: 6.6076 train_mapscore: 0.6667 train_c: -0.9860 train_max_dist: 24.0386 train_imax: 25.6129 train_imin: -22.7667 time: 1.6999s
INFO:root:Epoch: 1050 lr: 0.01 train_loss: 471201.0000 train_distortion: 6.8835 train_mapscore: 0.6727 train_c: -0.9859 train_max_dist: 24.2654 train_imax: 26.4811 train_imin: -23.3753 time: 1.6794s
INFO:root:Epoch: 1055 lr: 0.01 train_loss: 461527.5000 train_distortion: 6.9685 train_mapscore: 0.6787 train_c: -0.9857 train_max_dist: 24.3352 train_imax: 26.7030 train_imin: -23.4847 time: 1.6498s
INFO:root:Epoch: 1060 lr: 0.01 train_loss: 460811.6875 train_distortion: 6.6638 train_mapscore: 0.6816 train_c: -0.9857 train_max_dist: 24.0596 train_imax: 25.9352 train_imin: -22.3753 time: 1.6601s
INFO:root:Epoch: 1065 lr: 0.01 train_loss: 510586.8125 train_distortion: 5.7356 train_mapscore: 0.6575 train_c: -0.9859 train_max_dist: 23.1493 train_imax: 23.3455 train_imin: -19.4018 time: 1.6646s
INFO:root:Epoch: 1070 lr: 0.01 train_loss: 541969.0000 train_distortion: 5.4369 train_mapscore: 0.6350 train_c: -0.9859 train_max_dist: 24.0000 train_imax: 22.1434 train_imin: -18.2809 time: 1.6787s
INFO:root:Epoch: 1075 lr: 0.01 train_loss: 614052.3125 train_distortion: 3.2298 train_mapscore: 0.6018 train_c: -0.9863 train_max_dist: 20.2222 train_imax: 15.8325 train_imin: -13.3961 time: 1.6953s
INFO:root:Epoch: 1080 lr: 0.01 train_loss: 657105.1250 train_distortion: 2.5769 train_mapscore: 0.5690 train_c: -0.9864 train_max_dist: 19.2372 train_imax: 13.8698 train_imin: -11.9848 time: 1.7299s
INFO:root:Epoch: 1085 lr: 0.01 train_loss: 668818.6250 train_distortion: 2.6155 train_mapscore: 0.5510 train_c: -0.9863 train_max_dist: 19.2432 train_imax: 13.9360 train_imin: -12.1782 time: 1.7635s
INFO:root:Epoch: 1090 lr: 0.01 train_loss: 663961.2500 train_distortion: 3.0161 train_mapscore: 0.5442 train_c: -0.9861 train_max_dist: 19.9917 train_imax: 15.0374 train_imin: -13.2428 time: 1.7772s
INFO:root:Epoch: 1095 lr: 0.01 train_loss: 651927.3750 train_distortion: 3.5564 train_mapscore: 0.5455 train_c: -0.9859 train_max_dist: 20.4077 train_imax: 16.5148 train_imin: -14.6237 time: 1.7572s
INFO:root:Epoch: 1100 lr: 0.01 train_loss: 637136.5625 train_distortion: 4.0558 train_mapscore: 0.5513 train_c: -0.9856 train_max_dist: 20.9364 train_imax: 17.8759 train_imin: -15.6213 time: 1.7660s
INFO:root:Epoch: 1105 lr: 0.01 train_loss: 620579.4375 train_distortion: 4.4220 train_mapscore: 0.5602 train_c: -0.9854 train_max_dist: 21.3033 train_imax: 18.9286 train_imin: -16.3158 time: 1.7370s
INFO:root:Epoch: 1110 lr: 0.01 train_loss: 603812.6250 train_distortion: 4.6354 train_mapscore: 0.5717 train_c: -0.9851 train_max_dist: 21.5086 train_imax: 19.5885 train_imin: -16.7359 time: 1.7361s
INFO:root:Epoch: 1115 lr: 0.01 train_loss: 587548.9375 train_distortion: 4.7439 train_mapscore: 0.5831 train_c: -0.9849 train_max_dist: 21.6232 train_imax: 19.9591 train_imin: -16.9186 time: 1.7305s
INFO:root:Epoch: 1120 lr: 0.01 train_loss: 573191.6250 train_distortion: 4.8698 train_mapscore: 0.5927 train_c: -0.9847 train_max_dist: 32.0000 train_imax: 20.3172 train_imin: -17.1014 time: 1.7363s
INFO:root:Epoch: 1125 lr: 0.01 train_loss: 560182.3750 train_distortion: 5.0948 train_mapscore: 0.6009 train_c: -0.9845 train_max_dist: 24.0000 train_imax: 20.8766 train_imin: -17.8079 time: 1.6729s
INFO:root:Epoch: 1130 lr: 0.01 train_loss: 548666.2500 train_distortion: 5.2720 train_mapscore: 0.6078 train_c: -0.9843 train_max_dist: 22.2876 train_imax: 21.2958 train_imin: -18.5482 time: 1.6856s
INFO:root:Epoch: 1135 lr: 0.01 train_loss: 538504.0625 train_distortion: 5.3729 train_mapscore: 0.6149 train_c: -0.9842 train_max_dist: 22.3694 train_imax: 21.5689 train_imin: -18.5015 time: 1.6718s
INFO:root:Epoch: 1140 lr: 0.01 train_loss: 528342.7500 train_distortion: 5.5000 train_mapscore: 0.6223 train_c: -0.9840 train_max_dist: 22.4659 train_imax: 21.8774 train_imin: -18.8040 time: 1.6654s
INFO:root:Epoch: 1145 lr: 0.01 train_loss: 519471.0625 train_distortion: 5.6076 train_mapscore: 0.6296 train_c: -0.9839 train_max_dist: 22.5295 train_imax: 22.0794 train_imin: -19.0036 time: 1.7124s
INFO:root:Epoch: 1150 lr: 0.01 train_loss: 512388.5938 train_distortion: 5.6808 train_mapscore: 0.6361 train_c: -0.9838 train_max_dist: 22.5707 train_imax: 22.2458 train_imin: -19.4885 time: 1.6904s
INFO:root:Epoch: 1155 lr: 0.01 train_loss: 507946.0938 train_distortion: 5.6220 train_mapscore: 0.6401 train_c: -0.9838 train_max_dist: 22.4979 train_imax: 22.2340 train_imin: -19.2899 time: 1.6930s
INFO:root:Epoch: 1160 lr: 0.01 train_loss: 502102.5938 train_distortion: 5.7173 train_mapscore: 0.6449 train_c: -0.9837 train_max_dist: 22.5610 train_imax: 22.4675 train_imin: -19.1844 time: 1.6931s
INFO:root:Epoch: 1165 lr: 0.01 train_loss: 494621.8438 train_distortion: 6.0066 train_mapscore: 0.6484 train_c: -0.9836 train_max_dist: 22.7846 train_imax: 23.0748 train_imin: -20.0400 time: 1.6906s
INFO:root:Epoch: 1170 lr: 0.01 train_loss: 487575.4688 train_distortion: 6.2625 train_mapscore: 0.6529 train_c: -0.9835 train_max_dist: 22.9822 train_imax: 23.6518 train_imin: -19.9205 time: 1.6722s
INFO:root:Epoch: 1175 lr: 0.01 train_loss: 482147.6250 train_distortion: 6.1878 train_mapscore: 0.6574 train_c: -0.9834 train_max_dist: 22.9426 train_imax: 23.4481 train_imin: -19.6159 time: 1.6785s
INFO:root:Epoch: 1180 lr: 0.01 train_loss: 480507.8750 train_distortion: 6.0356 train_mapscore: 0.6602 train_c: -0.9834 train_max_dist: 22.8438 train_imax: 23.0249 train_imin: -19.5118 time: 1.6785s
INFO:root:Epoch: 1185 lr: 0.01 train_loss: 476120.8125 train_distortion: 6.1405 train_mapscore: 0.6637 train_c: -0.9834 train_max_dist: 22.9735 train_imax: 23.2894 train_imin: -19.5876 time: 1.6445s
INFO:root:Epoch: 1190 lr: 0.01 train_loss: 471945.1250 train_distortion: 5.9702 train_mapscore: 0.6670 train_c: -0.9834 train_max_dist: 23.1412 train_imax: 22.9445 train_imin: -19.6654 time: 1.6565s
INFO:root:Epoch: 1195 lr: 0.01 train_loss: 466865.8125 train_distortion: 6.0530 train_mapscore: 0.6710 train_c: -0.9833 train_max_dist: 23.1016 train_imax: 23.2509 train_imin: -20.3350 time: 1.6437s
INFO:root:Epoch: 1200 lr: 0.01 train_loss: 460794.2500 train_distortion: 6.3603 train_mapscore: 0.6738 train_c: -0.9832 train_max_dist: 23.1528 train_imax: 24.0968 train_imin: -20.2087 time: 1.6512s
INFO:root:Epoch: 1205 lr: 0.01 train_loss: 458545.6562 train_distortion: 6.4963 train_mapscore: 0.6753 train_c: -0.9832 train_max_dist: 23.1272 train_imax: 24.3127 train_imin: -20.9901 time: 1.6391s
INFO:root:Epoch: 1210 lr: 0.01 train_loss: 456799.3125 train_distortion: 6.6660 train_mapscore: 0.6771 train_c: -0.9832 train_max_dist: 23.2547 train_imax: 24.6982 train_imin: -21.5045 time: 1.6884s
INFO:root:Epoch: 1215 lr: 0.01 train_loss: 452289.1562 train_distortion: 6.8057 train_mapscore: 0.6802 train_c: -0.9831 train_max_dist: 23.5220 train_imax: 25.1062 train_imin: -21.5955 time: 1.6625s
INFO:root:Epoch: 1220 lr: 0.01 train_loss: 447020.3750 train_distortion: 6.8945 train_mapscore: 0.6837 train_c: -0.9831 train_max_dist: 23.4796 train_imax: 25.4171 train_imin: -21.7547 time: 1.6722s
INFO:root:Epoch: 1225 lr: 0.01 train_loss: 441546.4688 train_distortion: 6.9955 train_mapscore: 0.6867 train_c: -0.9830 train_max_dist: 23.5244 train_imax: 25.8473 train_imin: -22.0229 time: 1.6726s
INFO:root:Epoch: 1230 lr: 0.01 train_loss: 436902.8750 train_distortion: 7.1321 train_mapscore: 0.6893 train_c: -0.9829 train_max_dist: 23.6405 train_imax: 26.3171 train_imin: -22.3634 time: 1.6857s
INFO:root:Epoch: 1235 lr: 0.01 train_loss: 432544.1875 train_distortion: 7.2664 train_mapscore: 0.6931 train_c: -0.9828 train_max_dist: 23.7850 train_imax: 26.7247 train_imin: -22.6793 time: 1.6931s
INFO:root:Epoch: 1240 lr: 0.01 train_loss: 428423.4375 train_distortion: 7.3967 train_mapscore: 0.6965 train_c: -0.9828 train_max_dist: 23.8905 train_imax: 27.0913 train_imin: -22.9704 time: 1.6663s
INFO:root:Epoch: 1245 lr: 0.01 train_loss: 424371.3750 train_distortion: 7.3212 train_mapscore: 0.6999 train_c: -0.9827 train_max_dist: 23.8280 train_imax: 26.9035 train_imin: -22.8242 time: 1.6669s
INFO:root:Epoch: 1250 lr: 0.01 train_loss: 425188.1875 train_distortion: 6.8840 train_mapscore: 0.7014 train_c: -0.9828 train_max_dist: 23.5224 train_imax: 25.7426 train_imin: -21.9671 time: 1.6251s
INFO:root:Epoch: 1255 lr: 0.01 train_loss: 422921.9062 train_distortion: 6.9232 train_mapscore: 0.7032 train_c: -0.9828 train_max_dist: 23.5710 train_imax: 25.7561 train_imin: -22.2460 time: 1.6179s
INFO:root:Epoch: 1260 lr: 0.01 train_loss: 418921.8125 train_distortion: 7.2333 train_mapscore: 0.7046 train_c: -0.9827 train_max_dist: 23.8214 train_imax: 26.4627 train_imin: -22.7695 time: 1.6327s
INFO:root:Epoch: 1265 lr: 0.01 train_loss: 414743.5625 train_distortion: 7.5524 train_mapscore: 0.7062 train_c: -0.9827 train_max_dist: 24.0764 train_imax: 27.1425 train_imin: -23.5281 time: 1.6308s
INFO:root:Epoch: 1270 lr: 0.01 train_loss: 411513.3750 train_distortion: 7.7989 train_mapscore: 0.7078 train_c: -0.9826 train_max_dist: 24.2747 train_imax: 27.5856 train_imin: -24.1177 time: 1.6363s
INFO:root:Epoch: 1275 lr: 0.01 train_loss: 407827.0625 train_distortion: 7.9549 train_mapscore: 0.7103 train_c: -0.9825 train_max_dist: 24.4087 train_imax: 27.8570 train_imin: -24.4732 time: 1.6245s
INFO:root:Epoch: 1280 lr: 0.01 train_loss: 420734.5625 train_distortion: 7.2597 train_mapscore: 0.7077 train_c: -0.9827 train_max_dist: 23.8307 train_imax: 26.2127 train_imin: -23.2351 time: 1.6747s
INFO:root:Epoch: 1285 lr: 0.01 train_loss: 439101.3750 train_distortion: 6.6786 train_mapscore: 0.7018 train_c: -0.9829 train_max_dist: 23.4136 train_imax: 24.8256 train_imin: -21.9567 time: 1.6619s
INFO:root:Epoch: 1290 lr: 0.01 train_loss: 441650.0625 train_distortion: 6.6636 train_mapscore: 0.6994 train_c: -0.9829 train_max_dist: 23.4349 train_imax: 24.8339 train_imin: -22.4154 time: 1.6709s
INFO:root:Epoch: 1295 lr: 0.01 train_loss: 439473.0625 train_distortion: 6.8329 train_mapscore: 0.6988 train_c: -0.9829 train_max_dist: 23.6133 train_imax: 25.2976 train_imin: -22.8946 time: 1.6739s
INFO:root:Epoch: 1300 lr: 0.01 train_loss: 434899.7188 train_distortion: 7.6295 train_mapscore: 0.6979 train_c: -0.9827 train_max_dist: 24.2417 train_imax: 27.1808 train_imin: -24.5127 time: 1.6646s
INFO:root:Epoch: 1305 lr: 0.01 train_loss: 432458.1562 train_distortion: 8.6509 train_mapscore: 0.6979 train_c: -0.9826 train_max_dist: 24.9854 train_imax: 29.5414 train_imin: -26.4330 time: 1.6683s
INFO:root:Epoch: 1310 lr: 0.01 train_loss: 427516.6875 train_distortion: 8.3627 train_mapscore: 0.7015 train_c: -0.9825 train_max_dist: 24.7915 train_imax: 28.9623 train_imin: -25.5027 time: 1.6604s
INFO:root:Epoch: 1315 lr: 0.01 train_loss: 426667.3125 train_distortion: 7.7690 train_mapscore: 0.7035 train_c: -0.9825 train_max_dist: 24.3443 train_imax: 27.6604 train_imin: -24.1429 time: 1.6541s
INFO:root:Epoch: 1320 lr: 0.01 train_loss: 424077.5625 train_distortion: 7.4469 train_mapscore: 0.7061 train_c: -0.9825 train_max_dist: 24.0705 train_imax: 26.9303 train_imin: -23.4334 time: 1.6307s
INFO:root:Epoch: 1325 lr: 0.01 train_loss: 420750.5312 train_distortion: 7.4893 train_mapscore: 0.7064 train_c: -0.9824 train_max_dist: 24.0662 train_imax: 27.0046 train_imin: -23.5990 time: 1.6308s
INFO:root:Epoch: 1330 lr: 0.01 train_loss: 417339.3125 train_distortion: 7.6061 train_mapscore: 0.7068 train_c: -0.9823 train_max_dist: 24.1530 train_imax: 27.3135 train_imin: -23.9523 time: 1.6268s
INFO:root:Epoch: 1335 lr: 0.01 train_loss: 415416.2500 train_distortion: 7.7924 train_mapscore: 0.7076 train_c: -0.9823 train_max_dist: 24.2936 train_imax: 27.8373 train_imin: -24.4415 time: 1.6296s
INFO:root:Epoch: 1340 lr: 0.01 train_loss: 411631.8438 train_distortion: 7.7956 train_mapscore: 0.7102 train_c: -0.9822 train_max_dist: 24.3229 train_imax: 27.8557 train_imin: -24.4706 time: 1.6576s
INFO:root:Epoch: 1345 lr: 0.01 train_loss: 408027.5000 train_distortion: 7.8448 train_mapscore: 0.7132 train_c: -0.9822 train_max_dist: 24.3989 train_imax: 27.9888 train_imin: -24.5758 time: 1.6631s
INFO:root:Epoch: 1350 lr: 0.01 train_loss: 409101.6875 train_distortion: 7.6132 train_mapscore: 0.7128 train_c: -0.9822 train_max_dist: 24.3008 train_imax: 27.3703 train_imin: -23.9972 time: 1.6714s
INFO:root:Epoch: 1355 lr: 0.01 train_loss: 409529.5000 train_distortion: 7.5786 train_mapscore: 0.7137 train_c: -0.9822 train_max_dist: 24.3160 train_imax: 27.3044 train_imin: -23.9072 time: 1.6581s
INFO:root:Epoch: 1360 lr: 0.01 train_loss: 406352.8125 train_distortion: 7.7450 train_mapscore: 0.7151 train_c: -0.9822 train_max_dist: 24.4618 train_imax: 27.7515 train_imin: -24.2856 time: 1.6637s
INFO:root:Epoch: 1365 lr: 0.01 train_loss: 402575.4375 train_distortion: 7.9928 train_mapscore: 0.7170 train_c: -0.9821 train_max_dist: 24.6586 train_imax: 28.3639 train_imin: -24.8464 time: 1.6792s
INFO:root:Epoch: 1370 lr: 0.01 train_loss: 398183.0625 train_distortion: 8.1954 train_mapscore: 0.7197 train_c: -0.9821 train_max_dist: 24.8240 train_imax: 28.9013 train_imin: -25.3438 time: 1.6566s
INFO:root:Epoch: 1375 lr: 0.01 train_loss: 397022.6875 train_distortion: 8.2759 train_mapscore: 0.7203 train_c: -0.9821 train_max_dist: 24.8943 train_imax: 29.1325 train_imin: -25.6120 time: 1.6514s
INFO:root:Epoch: 1380 lr: 0.01 train_loss: 395653.5625 train_distortion: 8.3114 train_mapscore: 0.7213 train_c: -0.9821 train_max_dist: 24.9336 train_imax: 29.2398 train_imin: -25.7142 time: 1.6201s
INFO:root:Epoch: 1385 lr: 0.01 train_loss: 393681.5000 train_distortion: 8.2926 train_mapscore: 0.7230 train_c: -0.9820 train_max_dist: 24.9347 train_imax: 29.2604 train_imin: -25.6798 time: 1.6261s
INFO:root:Epoch: 1390 lr: 0.01 train_loss: 394557.2812 train_distortion: 8.2508 train_mapscore: 0.7239 train_c: -0.9820 train_max_dist: 24.9299 train_imax: 29.3647 train_imin: -25.6761 time: 1.6132s
INFO:root:Epoch: 1395 lr: 0.01 train_loss: 391621.9688 train_distortion: 8.2969 train_mapscore: 0.7267 train_c: -0.9820 train_max_dist: 24.9757 train_imax: 29.5286 train_imin: -25.8467 time: 1.6184s
INFO:root:Epoch: 1400 lr: 0.01 train_loss: 387168.0000 train_distortion: 8.4045 train_mapscore: 0.7287 train_c: -0.9819 train_max_dist: 25.0533 train_imax: 29.8602 train_imin: -26.1264 time: 1.6294s
INFO:root:Epoch: 1405 lr: 0.01 train_loss: 383141.8125 train_distortion: 8.5697 train_mapscore: 0.7312 train_c: -0.9818 train_max_dist: 25.1657 train_imax: 30.2722 train_imin: -26.5063 time: 1.6652s
INFO:root:Epoch: 1410 lr: 0.01 train_loss: 378935.6250 train_distortion: 8.7303 train_mapscore: 0.7342 train_c: -0.9818 train_max_dist: 25.2759 train_imax: 30.6405 train_imin: -26.8604 time: 1.6551s
INFO:root:Epoch: 1415 lr: 0.01 train_loss: 375145.3125 train_distortion: 8.8605 train_mapscore: 0.7374 train_c: -0.9817 train_max_dist: 25.3619 train_imax: 30.9276 train_imin: -27.1474 time: 1.6559s
INFO:root:Epoch: 1420 lr: 0.01 train_loss: 371852.3750 train_distortion: 8.9698 train_mapscore: 0.7398 train_c: -0.9816 train_max_dist: 25.4365 train_imax: 31.1781 train_imin: -27.4205 time: 1.6518s
INFO:root:Epoch: 1425 lr: 0.01 train_loss: 368845.3125 train_distortion: 9.0491 train_mapscore: 0.7423 train_c: -0.9816 train_max_dist: 25.4968 train_imax: 31.3524 train_imin: -27.6463 time: 1.6606s
INFO:root:Epoch: 1430 lr: 0.01 train_loss: 371737.0312 train_distortion: 8.9043 train_mapscore: 0.7398 train_c: -0.9816 train_max_dist: 25.4351 train_imax: 30.9869 train_imin: -27.3840 time: 1.6398s
INFO:root:Epoch: 1435 lr: 0.01 train_loss: 372412.9062 train_distortion: 8.9096 train_mapscore: 0.7396 train_c: -0.9816 train_max_dist: 25.4533 train_imax: 31.0087 train_imin: -27.4642 time: 1.6649s
INFO:root:Epoch: 1440 lr: 0.01 train_loss: 369856.7812 train_distortion: 8.9946 train_mapscore: 0.7412 train_c: -0.9815 train_max_dist: 25.5132 train_imax: 31.1923 train_imin: -27.6994 time: 1.6679s
INFO:root:Epoch: 1445 lr: 0.01 train_loss: 366573.8125 train_distortion: 9.1141 train_mapscore: 0.7439 train_c: -0.9815 train_max_dist: 25.5910 train_imax: 31.4571 train_imin: -27.9986 time: 1.6169s
INFO:root:Epoch: 1450 lr: 0.01 train_loss: 363400.4688 train_distortion: 9.2366 train_mapscore: 0.7466 train_c: -0.9814 train_max_dist: 25.6694 train_imax: 31.7335 train_imin: -28.2935 time: 1.6163s
INFO:root:Epoch: 1455 lr: 0.01 train_loss: 360577.4062 train_distortion: 9.3659 train_mapscore: 0.7481 train_c: -0.9814 train_max_dist: 25.7550 train_imax: 32.0325 train_imin: -28.6026 time: 1.6149s
INFO:root:Epoch: 1460 lr: 0.01 train_loss: 358029.2188 train_distortion: 9.4657 train_mapscore: 0.7498 train_c: -0.9813 train_max_dist: 25.8195 train_imax: 32.2709 train_imin: -28.8600 time: 1.6233s
INFO:root:Epoch: 1465 lr: 0.01 train_loss: 355572.0000 train_distortion: 9.5238 train_mapscore: 0.7520 train_c: -0.9813 train_max_dist: 25.8564 train_imax: 32.4173 train_imin: -29.0315 time: 1.6240s
INFO:root:Epoch: 1470 lr: 0.01 train_loss: 353425.5312 train_distortion: 9.6033 train_mapscore: 0.7535 train_c: -0.9812 train_max_dist: 25.9049 train_imax: 32.6203 train_imin: -29.2444 time: 1.6192s
INFO:root:Epoch: 1475 lr: 0.01 train_loss: 351896.5625 train_distortion: 9.6364 train_mapscore: 0.7545 train_c: -0.9812 train_max_dist: 25.8993 train_imax: 32.6604 train_imin: -29.3475 time: 1.6491s
INFO:root:Epoch: 1480 lr: 0.01 train_loss: 350158.1875 train_distortion: 9.6645 train_mapscore: 0.7564 train_c: -0.9812 train_max_dist: 25.9013 train_imax: 32.6964 train_imin: -29.4324 time: 1.6409s
INFO:root:Epoch: 1485 lr: 0.01 train_loss: 349255.6250 train_distortion: 9.6454 train_mapscore: 0.7569 train_c: -0.9811 train_max_dist: 25.8824 train_imax: 32.6762 train_imin: -29.4352 time: 1.6451s
INFO:root:Epoch: 1490 lr: 0.01 train_loss: 347688.9062 train_distortion: 9.7020 train_mapscore: 0.7574 train_c: -0.9811 train_max_dist: 25.9123 train_imax: 32.8847 train_imin: -29.6297 time: 1.6463s
INFO:root:Epoch: 1495 lr: 0.01 train_loss: 364038.1875 train_distortion: 10.8064 train_mapscore: 0.7501 train_c: -0.9809 train_max_dist: 26.6195 train_imax: 36.3930 train_imin: -32.3484 time: 1.6507s
INFO:root:Epoch: 1500 lr: 0.01 train_loss: 500346.6562 train_distortion: 13.9808 train_mapscore: 0.6942 train_c: -0.9802 train_max_dist: 28.8378 train_imax: 45.5237 train_imin: -40.7993 time: 1.6547s
INFO:root:Epoch: 1505 lr: 0.01 train_loss: 561145.8125 train_distortion: 14.0080 train_mapscore: 0.6567 train_c: -0.9797 train_max_dist: 29.1209 train_imax: 45.2610 train_imin: -41.4404 time: 1.6697s
INFO:root:Epoch: 1510 lr: 0.01 train_loss: 567906.8750 train_distortion: 12.1221 train_mapscore: 0.6405 train_c: -0.9795 train_max_dist: 28.0990 train_imax: 39.9639 train_imin: -40.0927 time: 1.6893s
INFO:root:Epoch: 1515 lr: 0.01 train_loss: 558832.2500 train_distortion: 9.8514 train_mapscore: 0.6322 train_c: -0.9794 train_max_dist: 26.5235 train_imax: 33.7061 train_imin: -32.5323 time: 1.6464s
INFO:root:Epoch: 1520 lr: 0.01 train_loss: 544047.8125 train_distortion: 7.9247 train_mapscore: 0.6352 train_c: -0.9793 train_max_dist: 25.0958 train_imax: 29.1854 train_imin: -26.4238 time: 1.6555s
INFO:root:Epoch: 1525 lr: 0.01 train_loss: 532058.0000 train_distortion: 6.6686 train_mapscore: 0.6413 train_c: -0.9792 train_max_dist: 24.1319 train_imax: 26.3708 train_imin: -23.2384 time: 1.6692s
INFO:root:Epoch: 1530 lr: 0.01 train_loss: 559222.8750 train_distortion: 4.9458 train_mapscore: 0.6336 train_c: -0.9793 train_max_dist: 22.7840 train_imax: 21.1810 train_imin: -19.0260 time: 1.6824s
INFO:root:Epoch: 1535 lr: 0.01 train_loss: 589864.8750 train_distortion: 4.2193 train_mapscore: 0.6156 train_c: -0.9794 train_max_dist: 22.1095 train_imax: 18.9608 train_imin: -17.2298 time: 1.7183s
INFO:root:Epoch: 1540 lr: 0.01 train_loss: 595830.9375 train_distortion: 4.2280 train_mapscore: 0.6080 train_c: -0.9794 train_max_dist: 22.1405 train_imax: 18.8676 train_imin: -17.2568 time: 1.7140s
INFO:root:Epoch: 1545 lr: 0.01 train_loss: 589375.1250 train_distortion: 4.6288 train_mapscore: 0.6063 train_c: -0.9793 train_max_dist: 22.5553 train_imax: 19.7917 train_imin: -18.2385 time: 1.7248s
INFO:root:Epoch: 1550 lr: 0.01 train_loss: 583387.3125 train_distortion: 5.3535 train_mapscore: 0.6048 train_c: -0.9790 train_max_dist: 23.3116 train_imax: 21.4090 train_imin: -19.9215 time: 1.7280s
INFO:root:Epoch: 1555 lr: 0.01 train_loss: 590179.7500 train_distortion: 6.1213 train_mapscore: 0.5975 train_c: -0.9786 train_max_dist: 24.0565 train_imax: 24.3830 train_imin: -21.6509 time: 1.7030s
INFO:root:Epoch: 1560 lr: 0.01 train_loss: 590799.5625 train_distortion: 6.1010 train_mapscore: 0.5963 train_c: -0.9783 train_max_dist: 24.0238 train_imax: 25.1268 train_imin: -21.4716 time: 1.7137s
INFO:root:Epoch: 1565 lr: 0.01 train_loss: 584929.8750 train_distortion: 5.6055 train_mapscore: 0.5997 train_c: -0.9782 train_max_dist: 23.5192 train_imax: 24.3325 train_imin: -20.1552 time: 1.7131s
INFO:root:Epoch: 1570 lr: 0.01 train_loss: 575256.5000 train_distortion: 5.4082 train_mapscore: 0.6059 train_c: -0.9781 train_max_dist: 23.2966 train_imax: 23.9195 train_imin: -19.5730 time: 1.7176s
INFO:root:Epoch: 1575 lr: 0.01 train_loss: 563368.9375 train_distortion: 5.4834 train_mapscore: 0.6131 train_c: -0.9779 train_max_dist: 23.3281 train_imax: 23.9639 train_imin: -19.6669 time: 1.6655s
INFO:root:Epoch: 1580 lr: 0.01 train_loss: 550954.6875 train_distortion: 5.5524 train_mapscore: 0.6202 train_c: -0.9777 train_max_dist: 23.3396 train_imax: 23.9104 train_imin: -19.7439 time: 1.6694s
INFO:root:Epoch: 1585 lr: 0.01 train_loss: 540450.1250 train_distortion: 5.5179 train_mapscore: 0.6280 train_c: -0.9776 train_max_dist: 23.2508 train_imax: 23.6245 train_imin: -19.5767 time: 1.6755s
INFO:root:Epoch: 1590 lr: 0.01 train_loss: 529821.7500 train_distortion: 5.6795 train_mapscore: 0.6345 train_c: -0.9775 train_max_dist: 23.3595 train_imax: 23.7379 train_imin: -19.8787 time: 1.6636s
INFO:root:Epoch: 1595 lr: 0.01 train_loss: 518702.0312 train_distortion: 5.9321 train_mapscore: 0.6412 train_c: -0.9773 train_max_dist: 23.5782 train_imax: 24.0412 train_imin: -20.3908 time: 1.6575s
INFO:root:Epoch: 1600 lr: 0.01 train_loss: 510639.8125 train_distortion: 5.8271 train_mapscore: 0.6480 train_c: -0.9772 train_max_dist: 23.4654 train_imax: 23.7007 train_imin: -20.1665 time: 1.6943s
INFO:root:Epoch: 1605 lr: 0.01 train_loss: 509251.1875 train_distortion: 5.6303 train_mapscore: 0.6513 train_c: -0.9771 train_max_dist: 23.3206 train_imax: 23.2738 train_imin: -19.7954 time: 1.6960s
INFO:root:Epoch: 1610 lr: 0.01 train_loss: 506491.3750 train_distortion: 5.7988 train_mapscore: 0.6528 train_c: -0.9770 train_max_dist: 23.4861 train_imax: 23.5679 train_imin: -20.2320 time: 1.6980s
INFO:root:Epoch: 1615 lr: 0.01 train_loss: 500010.1250 train_distortion: 6.1125 train_mapscore: 0.6564 train_c: -0.9769 train_max_dist: 23.7357 train_imax: 24.0924 train_imin: -21.0043 time: 1.6828s
INFO:root:Epoch: 1620 lr: 0.01 train_loss: 493130.0625 train_distortion: 6.3881 train_mapscore: 0.6605 train_c: -0.9768 train_max_dist: 23.9278 train_imax: 24.4996 train_imin: -21.7022 time: 1.6772s
INFO:root:Epoch: 1625 lr: 0.01 train_loss: 486084.2500 train_distortion: 6.5892 train_mapscore: 0.6645 train_c: -0.9767 train_max_dist: 24.0338 train_imax: 24.7179 train_imin: -22.1921 time: 1.6795s
INFO:root:Epoch: 1630 lr: 0.01 train_loss: 479972.1250 train_distortion: 6.7096 train_mapscore: 0.6687 train_c: -0.9766 train_max_dist: 24.1620 train_imax: 24.8228 train_imin: -22.5123 time: 1.6725s
INFO:root:Epoch: 1635 lr: 0.01 train_loss: 473447.0625 train_distortion: 6.8170 train_mapscore: 0.6728 train_c: -0.9765 train_max_dist: 24.2795 train_imax: 24.9620 train_imin: -22.7930 time: 1.6754s
INFO:root:Epoch: 1640 lr: 0.01 train_loss: 466169.4375 train_distortion: 6.9150 train_mapscore: 0.6779 train_c: -0.9764 train_max_dist: 24.3888 train_imax: 25.1212 train_imin: -23.0535 time: 1.6624s
INFO:root:Epoch: 1645 lr: 0.01 train_loss: 458981.9375 train_distortion: 7.0502 train_mapscore: 0.6821 train_c: -0.9764 train_max_dist: 24.5535 train_imax: 25.3867 train_imin: -23.4092 time: 1.6447s
INFO:root:Epoch: 1650 lr: 0.01 train_loss: 453263.3750 train_distortion: 7.1025 train_mapscore: 0.6857 train_c: -0.9763 train_max_dist: 24.6483 train_imax: 25.5546 train_imin: -23.5565 time: 1.6424s
INFO:root:Epoch: 1655 lr: 0.01 train_loss: 447994.8125 train_distortion: 7.1845 train_mapscore: 0.6891 train_c: -0.9762 train_max_dist: 24.7143 train_imax: 25.7910 train_imin: -23.7697 time: 1.6319s
INFO:root:Epoch: 1660 lr: 0.01 train_loss: 443072.1562 train_distortion: 7.2654 train_mapscore: 0.6927 train_c: -0.9762 train_max_dist: 24.7758 train_imax: 25.9798 train_imin: -24.0059 time: 1.6479s
INFO:root:Epoch: 1665 lr: 0.01 train_loss: 438731.2812 train_distortion: 7.3925 train_mapscore: 0.6954 train_c: -0.9761 train_max_dist: 24.8841 train_imax: 26.2935 train_imin: -24.3301 time: 1.6333s
INFO:root:Epoch: 1670 lr: 0.01 train_loss: 435111.4375 train_distortion: 7.5919 train_mapscore: 0.6975 train_c: -0.9760 train_max_dist: 25.0601 train_imax: 26.7788 train_imin: -24.8045 time: 1.6668s
INFO:root:Epoch: 1675 lr: 0.01 train_loss: 432027.1250 train_distortion: 7.7326 train_mapscore: 0.6997 train_c: -0.9759 train_max_dist: 25.1617 train_imax: 27.1093 train_imin: -25.1634 time: 1.6763s
INFO:root:Epoch: 1680 lr: 0.01 train_loss: 428532.7812 train_distortion: 7.7852 train_mapscore: 0.7020 train_c: -0.9759 train_max_dist: 25.2775 train_imax: 27.2565 train_imin: -25.3227 time: 1.6651s
INFO:root:Epoch: 1685 lr: 0.01 train_loss: 424741.7188 train_distortion: 7.8205 train_mapscore: 0.7047 train_c: -0.9758 train_max_dist: 25.3372 train_imax: 27.3634 train_imin: -25.4399 time: 1.6584s
INFO:root:Epoch: 1690 lr: 0.01 train_loss: 421186.5000 train_distortion: 7.8730 train_mapscore: 0.7077 train_c: -0.9757 train_max_dist: 25.3872 train_imax: 27.5004 train_imin: -25.6142 time: 1.6802s
INFO:root:Epoch: 1695 lr: 0.01 train_loss: 417875.2812 train_distortion: 7.9233 train_mapscore: 0.7104 train_c: -0.9757 train_max_dist: 25.4340 train_imax: 27.6369 train_imin: -25.7624 time: 1.6728s
INFO:root:Epoch: 1700 lr: 0.01 train_loss: 414694.5625 train_distortion: 8.0035 train_mapscore: 0.7129 train_c: -0.9756 train_max_dist: 25.5056 train_imax: 27.8443 train_imin: -25.9786 time: 1.6551s
INFO:root:Epoch: 1705 lr: 0.01 train_loss: 411549.5625 train_distortion: 8.0830 train_mapscore: 0.7156 train_c: -0.9756 train_max_dist: 25.5761 train_imax: 28.0600 train_imin: -26.1896 time: 1.6559s
INFO:root:Epoch: 1710 lr: 0.01 train_loss: 408521.0000 train_distortion: 8.1884 train_mapscore: 0.7178 train_c: -0.9755 train_max_dist: 25.6605 train_imax: 28.3383 train_imin: -26.4655 time: 1.6290s
INFO:root:Epoch: 1715 lr: 0.01 train_loss: 406046.6875 train_distortion: 8.3006 train_mapscore: 0.7203 train_c: -0.9754 train_max_dist: 25.7550 train_imax: 28.6534 train_imin: -26.7584 time: 1.6262s
INFO:root:Epoch: 1720 lr: 0.01 train_loss: 422837.8125 train_distortion: 9.1488 train_mapscore: 0.7112 train_c: -0.9752 train_max_dist: 26.4963 train_imax: 30.7703 train_imin: -29.4369 time: 1.6253s
INFO:root:Epoch: 1725 lr: 0.01 train_loss: 580263.0000 train_distortion: 11.3434 train_mapscore: 0.6359 train_c: -0.9744 train_max_dist: 28.6223 train_imax: 36.2303 train_imin: -38.1874 time: 1.6342s
INFO:root:Epoch: 1730 lr: 0.01 train_loss: 681215.5000 train_distortion: 11.5698 train_mapscore: 0.5731 train_c: -0.9738 train_max_dist: 29.0395 train_imax: 37.7776 train_imin: -41.1514 time: 1.6807s
INFO:root:Epoch: 1735 lr: 0.01 train_loss: 706614.1250 train_distortion: 9.8711 train_mapscore: 0.5381 train_c: -0.9734 train_max_dist: 28.0666 train_imax: 34.3210 train_imin: -37.4781 time: 1.6943s
INFO:root:Epoch: 1740 lr: 0.01 train_loss: 688108.2500 train_distortion: 7.5547 train_mapscore: 0.5312 train_c: -0.9732 train_max_dist: 26.3465 train_imax: 28.7702 train_imin: -31.0859 time: 1.7225s
INFO:root:Epoch: 1745 lr: 0.01 train_loss: 665115.1250 train_distortion: 5.5274 train_mapscore: 0.5359 train_c: -0.9730 train_max_dist: 24.5399 train_imax: 23.7022 train_imin: -25.0860 time: 1.7262s
INFO:root:Epoch: 1750 lr: 0.01 train_loss: 654877.2500 train_distortion: 4.1976 train_mapscore: 0.5442 train_c: -0.9729 train_max_dist: 23.1338 train_imax: 20.1911 train_imin: -20.9657 time: 1.7344s
INFO:root:Epoch: 1755 lr: 0.01 train_loss: 647917.7500 train_distortion: 3.6362 train_mapscore: 0.5530 train_c: -0.9727 train_max_dist: 22.4384 train_imax: 18.6396 train_imin: -19.1413 time: 1.7420s
INFO:root:Epoch: 1760 lr: 0.01 train_loss: 637498.8125 train_distortion: 3.6259 train_mapscore: 0.5603 train_c: -0.9726 train_max_dist: 22.3929 train_imax: 18.6149 train_imin: -19.0599 time: 1.7345s
INFO:root:Epoch: 1765 lr: 0.01 train_loss: 623767.1875 train_distortion: 3.9552 train_mapscore: 0.5677 train_c: -0.9725 train_max_dist: 24.0000 train_imax: 19.5147 train_imin: -20.0483 time: 1.7244s
INFO:root:Epoch: 1770 lr: 0.01 train_loss: 621007.0000 train_distortion: 3.5167 train_mapscore: 0.5730 train_c: -0.9724 train_max_dist: 22.2373 train_imax: 18.1088 train_imin: -18.5070 time: 1.6893s
INFO:root:Epoch: 1775 lr: 0.01 train_loss: 612613.0000 train_distortion: 3.6588 train_mapscore: 0.5763 train_c: -0.9724 train_max_dist: 22.2856 train_imax: 18.3597 train_imin: -18.8698 time: 1.6977s
INFO:root:Epoch: 1780 lr: 0.01 train_loss: 600037.5000 train_distortion: 4.1249 train_mapscore: 0.5811 train_c: -0.9723 train_max_dist: 22.7374 train_imax: 19.5329 train_imin: -20.2459 time: 1.6858s
INFO:root:Epoch: 1785 lr: 0.01 train_loss: 588184.7500 train_distortion: 4.7012 train_mapscore: 0.5850 train_c: -0.9721 train_max_dist: 23.3229 train_imax: 20.9826 train_imin: -21.9145 time: 1.6861s
INFO:root:Epoch: 1790 lr: 0.01 train_loss: 578141.9375 train_distortion: 5.2062 train_mapscore: 0.5900 train_c: -0.9720 train_max_dist: 23.8463 train_imax: 22.2475 train_imin: -23.3276 time: 1.6790s
INFO:root:Epoch: 1795 lr: 0.01 train_loss: 571617.9375 train_distortion: 5.3784 train_mapscore: 0.5948 train_c: -0.9719 train_max_dist: 24.0441 train_imax: 22.7024 train_imin: -23.7610 time: 1.7062s
INFO:root:Epoch: 1800 lr: 0.01 train_loss: 565064.6250 train_distortion: 5.4062 train_mapscore: 0.6002 train_c: -0.9719 train_max_dist: 24.0915 train_imax: 22.7729 train_imin: -23.7671 time: 1.7132s
INFO:root:Epoch: 1805 lr: 0.01 train_loss: 557981.6875 train_distortion: 5.3507 train_mapscore: 0.6059 train_c: -0.9718 train_max_dist: 24.0345 train_imax: 22.7532 train_imin: -23.5273 time: 1.7026s
INFO:root:Epoch: 1810 lr: 0.01 train_loss: 551041.8125 train_distortion: 5.3151 train_mapscore: 0.6108 train_c: -0.9717 train_max_dist: 23.9729 train_imax: 22.7735 train_imin: -23.3491 time: 1.6986s
INFO:root:Epoch: 1815 lr: 0.01 train_loss: 544445.1250 train_distortion: 5.2988 train_mapscore: 0.6164 train_c: -0.9717 train_max_dist: 23.9113 train_imax: 22.8002 train_imin: -23.2166 time: 1.6989s
INFO:root:Epoch: 1820 lr: 0.01 train_loss: 538581.1875 train_distortion: 5.3133 train_mapscore: 0.6202 train_c: -0.9716 train_max_dist: 23.8848 train_imax: 22.8938 train_imin: -23.2084 time: 1.6834s
INFO:root:Epoch: 1825 lr: 0.01 train_loss: 532513.8750 train_distortion: 5.4478 train_mapscore: 0.6248 train_c: -0.9716 train_max_dist: 23.9789 train_imax: 23.2378 train_imin: -23.5386 time: 1.6861s
INFO:root:Epoch: 1830 lr: 0.01 train_loss: 526571.6875 train_distortion: 5.6322 train_mapscore: 0.6288 train_c: -0.9715 train_max_dist: 24.1301 train_imax: 23.6721 train_imin: -24.0018 time: 1.6938s
INFO:root:Epoch: 1835 lr: 0.01 train_loss: 520906.8750 train_distortion: 5.7083 train_mapscore: 0.6332 train_c: -0.9714 train_max_dist: 24.1967 train_imax: 23.9019 train_imin: -24.1868 time: 1.6584s
INFO:root:Epoch: 1840 lr: 0.01 train_loss: 517480.1250 train_distortion: 5.7043 train_mapscore: 0.6363 train_c: -0.9714 train_max_dist: 24.1868 train_imax: 23.9739 train_imin: -24.1600 time: 1.6498s
INFO:root:Epoch: 1845 lr: 0.01 train_loss: 513100.0000 train_distortion: 5.7314 train_mapscore: 0.6393 train_c: -0.9713 train_max_dist: 24.2000 train_imax: 24.1227 train_imin: -24.2091 time: 1.6509s
INFO:root:Epoch: 1850 lr: 0.01 train_loss: 515658.3438 train_distortion: 5.0679 train_mapscore: 0.6427 train_c: -0.9714 train_max_dist: 23.5424 train_imax: 22.7323 train_imin: -22.2820 time: 1.6505s
INFO:root:Epoch: 1855 lr: 0.01 train_loss: 531830.7500 train_distortion: 4.2116 train_mapscore: 0.6396 train_c: -0.9716 train_max_dist: 22.6128 train_imax: 20.8234 train_imin: -19.8051 time: 1.6709s
INFO:root:Epoch: 1860 lr: 0.01 train_loss: 533247.0000 train_distortion: 4.2476 train_mapscore: 0.6376 train_c: -0.9717 train_max_dist: 22.6226 train_imax: 20.9192 train_imin: -19.9127 time: 1.6512s
INFO:root:Epoch: 1865 lr: 0.01 train_loss: 524972.6875 train_distortion: 4.8089 train_mapscore: 0.6370 train_c: -0.9716 train_max_dist: 23.1840 train_imax: 22.2133 train_imin: -21.5217 time: 1.6959s
INFO:root:Epoch: 1870 lr: 0.01 train_loss: 516012.1250 train_distortion: 5.6212 train_mapscore: 0.6375 train_c: -0.9715 train_max_dist: 23.9266 train_imax: 24.3989 train_imin: -23.7947 time: 1.6901s
INFO:root:Epoch: 1875 lr: 0.01 train_loss: 509860.5625 train_distortion: 6.1995 train_mapscore: 0.6394 train_c: -0.9714 train_max_dist: 24.4301 train_imax: 25.9535 train_imin: -25.3626 time: 1.6823s
INFO:root:Epoch: 1880 lr: 0.01 train_loss: 503354.2812 train_distortion: 6.4253 train_mapscore: 0.6436 train_c: -0.9714 train_max_dist: 24.6224 train_imax: 26.5337 train_imin: -25.9282 time: 1.6813s
INFO:root:Epoch: 1885 lr: 0.01 train_loss: 497731.9375 train_distortion: 6.8016 train_mapscore: 0.6466 train_c: -0.9713 train_max_dist: 24.9314 train_imax: 27.5703 train_imin: -26.8986 time: 1.6681s
INFO:root:Epoch: 1890 lr: 0.01 train_loss: 500523.9062 train_distortion: 7.2177 train_mapscore: 0.6463 train_c: -0.9711 train_max_dist: 25.2544 train_imax: 28.8006 train_imin: -28.0263 time: 1.6765s
INFO:root:Epoch: 1895 lr: 0.01 train_loss: 575066.7500 train_distortion: 7.0150 train_mapscore: 0.6126 train_c: -0.9711 train_max_dist: 24.9362 train_imax: 28.2244 train_imin: -27.6341 time: 1.7076s
INFO:root:Epoch: 1900 lr: 0.01 train_loss: 636371.2500 train_distortion: 7.1062 train_mapscore: 0.5772 train_c: -0.9710 train_max_dist: 24.8705 train_imax: 28.6619 train_imin: -27.9853 time: 1.7326s
INFO:root:Epoch: 1905 lr: 0.01 train_loss: 665964.8750 train_distortion: 6.4290 train_mapscore: 0.5564 train_c: -0.9709 train_max_dist: 24.2005 train_imax: 27.1510 train_imin: -26.0867 time: 1.7121s
INFO:root:Epoch: 1910 lr: 0.01 train_loss: 674305.6250 train_distortion: 5.3344 train_mapscore: 0.5486 train_c: -0.9708 train_max_dist: 23.1156 train_imax: 24.5135 train_imin: -22.9032 time: 1.7602s
INFO:root:Epoch: 1915 lr: 0.01 train_loss: 675729.1250 train_distortion: 4.4524 train_mapscore: 0.5485 train_c: -0.9708 train_max_dist: 22.1499 train_imax: 22.2087 train_imin: -20.2986 time: 1.7585s
INFO:root:Epoch: 1920 lr: 0.01 train_loss: 671443.6875 train_distortion: 3.9958 train_mapscore: 0.5524 train_c: -0.9707 train_max_dist: 21.5604 train_imax: 20.8916 train_imin: -18.9325 time: 1.7791s
INFO:root:Epoch: 1925 lr: 0.01 train_loss: 661487.0000 train_distortion: 4.0200 train_mapscore: 0.5583 train_c: -0.9706 train_max_dist: 21.5084 train_imax: 20.6994 train_imin: -18.9994 time: 1.8077s
INFO:root:Epoch: 1930 lr: 0.01 train_loss: 646881.3125 train_distortion: 4.5352 train_mapscore: 0.5640 train_c: -0.9705 train_max_dist: 21.9867 train_imax: 21.6167 train_imin: -20.5298 time: 1.7725s
INFO:root:Epoch: 1935 lr: 0.01 train_loss: 633887.9375 train_distortion: 4.9030 train_mapscore: 0.5699 train_c: -0.9703 train_max_dist: 22.2935 train_imax: 22.1792 train_imin: -21.6169 time: 1.7659s
INFO:root:Epoch: 1940 lr: 0.01 train_loss: 622184.4375 train_distortion: 5.0163 train_mapscore: 0.5768 train_c: -0.9702 train_max_dist: 22.3469 train_imax: 22.1906 train_imin: -21.9421 time: 1.7550s
INFO:root:Epoch: 1945 lr: 0.01 train_loss: 611348.8125 train_distortion: 4.9888 train_mapscore: 0.5837 train_c: -0.9701 train_max_dist: 22.2825 train_imax: 21.9883 train_imin: -21.8594 time: 1.7669s
INFO:root:Epoch: 1950 lr: 0.01 train_loss: 601322.7500 train_distortion: 4.9513 train_mapscore: 0.5909 train_c: -0.9700 train_max_dist: 22.2180 train_imax: 21.8602 train_imin: -21.7351 time: 1.7596s
INFO:root:Epoch: 1955 lr: 0.01 train_loss: 591886.7500 train_distortion: 4.9223 train_mapscore: 0.5967 train_c: -0.9700 train_max_dist: 22.1628 train_imax: 21.7345 train_imin: -21.6180 time: 1.7375s
INFO:root:Epoch: 1960 lr: 0.01 train_loss: 583062.0000 train_distortion: 4.9222 train_mapscore: 0.6027 train_c: -0.9699 train_max_dist: 22.1450 train_imax: 21.6889 train_imin: -21.5818 time: 1.7439s
INFO:root:Epoch: 1965 lr: 0.01 train_loss: 575127.6875 train_distortion: 4.9639 train_mapscore: 0.6071 train_c: -0.9698 train_max_dist: 22.1779 train_imax: 21.7507 train_imin: -21.6706 time: 1.6976s
INFO:root:Epoch: 1970 lr: 0.01 train_loss: 568200.8125 train_distortion: 4.9308 train_mapscore: 0.6123 train_c: -0.9697 train_max_dist: 22.1399 train_imax: 21.6130 train_imin: -21.5430 time: 1.6908s
INFO:root:Epoch: 1975 lr: 0.01 train_loss: 562209.8750 train_distortion: 4.9382 train_mapscore: 0.6161 train_c: -0.9696 train_max_dist: 22.1354 train_imax: 21.5816 train_imin: -21.5655 time: 1.6901s
INFO:root:Epoch: 1980 lr: 0.01 train_loss: 556318.1250 train_distortion: 5.0321 train_mapscore: 0.6194 train_c: -0.9695 train_max_dist: 22.2182 train_imax: 21.7917 train_imin: -21.8419 time: 1.6904s
INFO:root:Epoch: 1985 lr: 0.01 train_loss: 550081.8750 train_distortion: 5.1548 train_mapscore: 0.6230 train_c: -0.9694 train_max_dist: 22.3376 train_imax: 22.0859 train_imin: -22.2091 time: 1.6843s
INFO:root:Epoch: 1990 lr: 0.01 train_loss: 543928.8125 train_distortion: 5.3045 train_mapscore: 0.6260 train_c: -0.9694 train_max_dist: 22.4804 train_imax: 22.4611 train_imin: -22.6443 time: 1.7163s
INFO:root:Epoch: 1995 lr: 0.01 train_loss: 538424.5000 train_distortion: 5.3866 train_mapscore: 0.6294 train_c: -0.9693 train_max_dist: 22.5539 train_imax: 22.6748 train_imin: -22.8698 time: 1.7232s
INFO:root:Epoch: 2000 lr: 0.0025 train_loss: 533424.1250 train_distortion: 5.4696 train_mapscore: 0.6327 train_c: -0.9692 train_max_dist: 22.6300 train_imax: 22.8936 train_imin: -23.0930 time: 1.7141s
INFO:root:Optimization Finished!
INFO:root:Total time elapsed: 3335.8592s
INFO:root:Val set results: val_distortion: 1.0000 val_mapscore: -1.0000 val_c: -1.0000 val_max_dist: 0.0000
INFO:root:Test set results: test_loss: 532430.6250 test_distortion: 5.5009 test_mapscore: 0.6333 test_c: -0.9691 test_max_dist: 22.6574 test_imax: 22.9787 test_imin: -23.1789
INFO:root:Saved model in /workspace/xiongbo/hgcn/logs/md/2021_5_23/8
